
Gurobi 10.0.1 (mac64[arm]) logging started Sun Apr  7 22:40:19 2024

Set parameter LogFile to value "/Users/deniserings/Documents/zib/s-bahn-data/scripts/DeniseMA/processed/BBKS_BWT/Branching/BBKS_BWT_random0_subMBP202404072240.log"
Gurobi Optimizer version 10.0.1 build v10.0.1rc0 (mac64[arm])

CPU model: Apple M2
Thread count: 8 physical cores, 8 logical processors, using up to 8 threads

Optimize a model with 10189 rows, 4381 columns and 42483 nonzeros
Model fingerprint: 0xd5a16208
Variable types: 1762 continuous, 2619 integer (444 binary)
Coefficient statistics:
  Matrix range     [1e+00, 2e+02]
  Objective range  [1e+00, 4e+02]
  Bounds range     [1e+00, 2e+02]
  RHS range        [1e+00, 5e+02]

Loaded user MIP start with objective 10495

Presolve removed 4298 rows and 1574 columns
Presolve time: 0.09s
Presolved: 5891 rows, 2807 columns, 26626 nonzeros
Found heuristic solution: objective 10494.999849
Variable types: 964 continuous, 1843 integer (1843 binary)

Root relaxation: objective 9.438031e+03, 1379 iterations, 0.01 seconds (0.02 work units)

    Nodes    |    Current Node    |     Objective Bounds      |     Work
 Expl Unexpl |  Obj  Depth IntInf | Incumbent    BestBd   Gap | It/Node Time

     0     0 9438.03100    0   64 10494.9998 9438.03100  10.1%     -    0s
     0     0 9477.01681    0  151 10494.9998 9477.01681  9.70%     -    0s
     0     0 9485.54311    0  153 10494.9998 9485.54311  9.62%     -    0s
     0     0 9486.53540    0  139 10494.9998 9486.53540  9.61%     -    0s
     0     0 9486.58620    0  139 10494.9998 9486.58620  9.61%     -    0s
     0     0 9486.68275    0  139 10494.9998 9486.68275  9.61%     -    0s
     0     0 9535.91036    0  141 10494.9998 9535.91036  9.14%     -    0s
     0     0 9536.42902    0  122 10494.9998 9536.42902  9.13%     -    0s
     0     0 9536.42902    0  132 10494.9998 9536.42902  9.13%     -    0s
     0     0 9595.79617    0  166 10494.9998 9595.79617  8.57%     -    0s
     0     0 9596.54610    0  143 10494.9998 9596.54610  8.56%     -    0s
     0     0 9596.98220    0  155 10494.9998 9596.98220  8.56%     -    0s
     0     0 9598.23779    0  146 10494.9998 9598.23779  8.54%     -    0s
     0     0 9599.17520    0  158 10494.9998 9599.17520  8.54%     -    0s
     0     0 9599.17520    0  159 10494.9998 9599.17520  8.54%     -    0s
     0     0 9602.79907    0  153 10494.9998 9602.79907  8.50%     -    0s
     0     0 9607.90092    0  118 10494.9998 9607.90092  8.45%     -    0s
     0     0 9611.28090    0  123 10494.9998 9611.28090  8.42%     -    0s
     0     0 9613.01153    0  107 10494.9998 9613.01153  8.40%     -    0s
     0     0 9613.01153    0  102 10494.9998 9613.01153  8.40%     -    0s
     0     0 9614.75495    0  120 10494.9998 9614.75495  8.39%     -    0s
     0     0 9614.75495    0  104 10494.9998 9614.75495  8.39%     -    0s
     0     0 9616.42161    0  111 10494.9998 9616.42161  8.37%     -    0s
     0     0 9616.42161    0  109 10494.9998 9616.42161  8.37%     -    0s
     0     0 9616.42161    0  103 10494.9998 9616.42161  8.37%     -    0s
H    0     0                    10492.999849 9616.42161  8.35%     -    0s
     0     0 9616.42161    0   87 10492.9998 9616.42161  8.35%     -    0s
     0     0 9616.42161    0   39 10492.9998 9616.42161  8.35%     -    0s
     0     0 9616.42161    0   43 10492.9998 9616.42161  8.35%     -    0s
     0     0 9616.42161    0   50 10492.9998 9616.42161  8.35%     -    1s
     0     0 9616.42161    0   75 10492.9998 9616.42161  8.35%     -    1s
     0     0 9616.42161    0   60 10492.9998 9616.42161  8.35%     -    1s
     0     0 9616.42161    0   59 10492.9998 9616.42161  8.35%     -    1s
     0     2 9634.55576    0   52 10492.9998 9634.55576  8.18%     -    1s
H   32    30                    10462.999849 9704.07827  7.25%   106    1s
H  366   263                    10207.999846 9713.28623  4.85%  33.7    1s
H  378   269                    10207.999817 9714.50618  4.83%  33.2    1s
* 1277   691              48    10199.999849 9911.99984  2.82%  23.8    1s
H 1287   696                    10199.998851 9911.99984  2.82%  23.7    2s
H 1533   837                    10192.999849 9927.99985  2.60%  22.8    2s
  2204  1098 10060.9998   22   27 10192.9998 10033.0496  1.57%  31.3    5s
H 2221  1060                    10192.999817 10033.0496  1.57%  31.6    5s
H 3212  1407                    10192.999784 10033.0496  1.57%  32.8    5s
 11986  6261 10174.7705   41   40 10192.9998 10085.9998  1.05%  39.1   10s
 21761 11099 10158.9998   32   39 10192.9998 10090.9998  1.00%  42.0   15s
 29466 13530 10158.9998   28   59 10192.9998 10090.9998  1.00%  42.7   22s
 29479 13539 10164.9998   60   82 10192.9998 10090.9998  1.00%  42.7   25s
 29495 13549 10162.3217   35   52 10192.9998 10090.9998  1.00%  42.6   30s
 29510 13559 10150.9998   39   95 10192.9998 10090.9998  1.00%  42.6   35s
 29526 13570 10177.9998   30   92 10192.9998 10090.9998  1.00%  42.6   40s
H29530 12893                    10192.999753 10090.9998  1.00%  42.6   41s
 29541 12900 10158.9998   27   58 10192.9998 10090.9998  1.00%  42.6   45s
 29585 12929 10159.9998   47   56 10192.9998 10090.9998  1.00%  42.5   50s
H30585 12578                    10192.999603 10090.9998  1.00%  44.1   53s
 32495 12974 10144.9998   43   32 10192.9996 10090.9998  1.00%  44.2   55s
 40975 14524 10130.9998   44   41 10192.9996 10090.9998  1.00%  43.8   60s
 50642 14727 10130.9998   45   38 10192.9996 10092.9998  0.98%  43.3   65s
 62145 15431 10118.9998   38   34 10192.9996 10110.9998  0.80%  42.9   70s
 72315 17120 10177.9704   47   18 10192.9996 10119.9998  0.72%  42.8   75s
 82318 19740 10177.9998   54   24 10192.9996 10134.9998  0.57%  43.0   80s
 93003 23447 10161.1275   56   27 10192.9996 10134.9998  0.57%  42.5   85s
 103096 26160 10170.7409   58   30 10192.9996 10134.9998  0.57%  42.1   90s
 112680 29286 10172.9998   46   46 10192.9996 10134.9998  0.57%  41.8   95s
 122714 31972 10184.1205   58   32 10192.9996 10135.0997  0.57%  41.8  100s
 133423 33977 10138.1026   52   29 10192.9996 10136.9998  0.55%  41.5  105s
 142325 34883 10187.9998   63   29 10192.9996 10138.3811  0.54%  41.5  110s
 150329 34996 10183.9998   58   30 10192.9996 10143.9998  0.48%  41.9  115s
 159891 37971 infeasible   54      10192.9996 10143.9998  0.48%  41.7  120s
 169245 37647 infeasible   54      10192.9996 10148.9998  0.43%  41.7  125s
 178705 37899 10188.9998   57   40 10192.9996 10154.9998  0.37%  41.8  130s
 187933 37841 10177.7671   69   18 10192.9996 10156.2966  0.36%  41.6  135s
 194495 38038     cutoff   37      10192.9996 10158.9998  0.33%  41.7  140s
 201302 38205     cutoff   52      10192.9996 10158.9998  0.33%  41.9  145s
 210210 38458 10158.9998   41   22 10192.9996 10158.9998  0.33%  42.2  150s
 216638 38435     cutoff   45      10192.9996 10158.9998  0.33%  42.3  156s
 223553 38690     cutoff   46      10192.9996 10158.9998  0.33%  42.4  160s
 230865 38818 10175.9998   47   26 10192.9996 10158.9998  0.33%  42.6  165s
 238588 38414 infeasible   49      10192.9996 10158.9998  0.33%  42.7  170s
 244507 37905 10177.9998   53   18 10192.9996 10159.9998  0.32%  42.6  175s
 253274 36054 10162.2077   57   37 10192.9996 10160.4765  0.32%  42.6  180s

Cutting planes:
  Learned: 1
  Gomory: 62
  Cover: 770
  Implied bound: 37
  Projected implied bound: 3
  Clique: 5
  MIR: 267
  StrongCG: 10
  Flow cover: 1123
  GUB cover: 49
  Inf proof: 23
  Zero half: 116
  Network: 1
  RLT: 62
  Relax-and-lift: 38

Explored 254319 nodes (10813679 simplex iterations) in 180.12 seconds (256.38 work units)
Thread count was 8 (of 8 available processors)

Solution count 10: 10193 10193 10193 ... 10463

Solve interrupted
Best objective 1.019299960348e+04, best bound 1.016079877661e+04, gap 0.3159%

User-callback calls 556548, time in user-callback 0.83 sec

Statistics for modelBBKS_BWT:
  Linear constraint matrix    : 10189 Constrs, 4381 Vars, 42483 NZs
  Variable types              : 1762 Continuous,
2619 Integer (444 Binary)
  Matrix coefficient range    : [ 1, 200 ]
  Objective coefficient range : [ 1, 382 ]
  Variable bound range        : [ 1, 199 ]
  RHS coefficient range       : [ 1, 549 ]

Gurobi 10.0.1 (mac64[arm]) logging started Sun Apr  7 22:43:20 2024

Set parameter LogFile to value "/Users/deniserings/Documents/zib/s-bahn-data/scripts/DeniseMA/processed/BBKS_BWT/Branching/BBKS_BWT_random0_subMBP202404072240.log"
Gurobi Optimizer version 10.0.1 build v10.0.1rc0 (mac64[arm])

CPU model: Apple M2
Thread count: 8 physical cores, 8 logical processors, using up to 8 threads

Optimize a model with 10179 rows, 4381 columns and 42473 nonzeros
Model fingerprint: 0xcd64a931
Variable types: 1762 continuous, 2619 integer (444 binary)
Coefficient statistics:
  Matrix range     [1e+00, 2e+02]
  Objective range  [1e+00, 4e+02]
  Bounds range     [1e+00, 2e+02]
  RHS range        [1e+00, 5e+02]

Loaded user MIP start with objective 10495

Presolve removed 3944 rows and 1320 columns
Presolve time: 0.10s
Presolved: 6235 rows, 3061 columns, 30126 nonzeros
Found heuristic solution: objective 10494.999436
Variable types: 1028 continuous, 2033 integer (2033 binary)

Root relaxation: objective 9.116214e+03, 1745 iterations, 0.02 seconds (0.03 work units)

    Nodes    |    Current Node    |     Objective Bounds      |     Work
 Expl Unexpl |  Obj  Depth IntInf | Incumbent    BestBd   Gap | It/Node Time

     0     0 9116.21356    0   77 10494.9994 9116.21356  13.1%     -    0s
     0     0 9118.90717    0  119 10494.9994 9118.90717  13.1%     -    0s
     0     0 9119.72130    0  123 10494.9994 9119.72130  13.1%     -    0s
     0     0 9119.72130    0  126 10494.9994 9119.72130  13.1%     -    0s
     0     0 9159.99941    0  196 10494.9994 9159.99941  12.7%     -    0s
     0     0 9159.99941    0  180 10494.9994 9159.99941  12.7%     -    0s
     0     0 9159.99941    0  188 10494.9994 9159.99941  12.7%     -    0s
     0     0 9159.99941    0  162 10494.9994 9159.99941  12.7%     -    0s
H    0     0                    10494.999355 9166.17223  12.7%     -    0s
H    0     0                    10494.999352 9166.17223  12.7%     -    0s
H    0     0                    10494.999329 9166.17223  12.7%     -    0s
     0     0 9166.17223    0   86 10494.9993 9166.17223  12.7%     -    0s
     0     0 9166.17223    0  119 10494.9993 9166.17223  12.7%     -    0s
H    0     0                    10494.999327 9166.17223  12.7%     -    0s
H    0     0                    10494.999324 9166.17223  12.7%     -    0s
     0     0 9166.17223    0  166 10494.9993 9166.17223  12.7%     -    0s
     0     0 9166.17223    0  149 10494.9993 9166.17223  12.7%     -    1s
     0     0 9166.17223    0  176 10494.9993 9166.17223  12.7%     -    1s
     0     0 9166.17223    0  139 10494.9993 9166.17223  12.7%     -    1s
     0     0 9167.20596    0  151 10494.9993 9167.20596  12.7%     -    1s
     0     0 9167.20596    0  150 10494.9993 9167.20596  12.7%     -    1s
     0     0 9167.91617    0  160 10494.9993 9167.91617  12.6%     -    1s
     0     0 9167.96465    0  184 10494.9993 9167.96465  12.6%     -    1s
     0     0 9167.96465    0  189 10494.9993 9167.96465  12.6%     -    1s
     0     0 9168.08474    0  178 10494.9993 9168.08474  12.6%     -    1s
     0     0 9168.65522    0  192 10494.9993 9168.65522  12.6%     -    1s
     0     0 9168.66957    0  196 10494.9993 9168.66957  12.6%     -    1s
     0     0 9168.66957    0  198 10494.9993 9168.66957  12.6%     -    1s
     0     0 9168.82021    0  208 10494.9993 9168.82021  12.6%     -    1s
     0     0 9168.82021    0  213 10494.9993 9168.82021  12.6%     -    1s
     0     0 9168.82021    0  212 10494.9993 9168.82021  12.6%     -    1s
     0     0 9168.82021    0  211 10494.9993 9168.82021  12.6%     -    1s
     0     0 9168.82021    0  102 10494.9993 9168.82021  12.6%     -    1s
     0     0 9168.82021    0  119 10494.9993 9168.82021  12.6%     -    1s
H    0     0                    10494.998143 9168.82021  12.6%     -    1s
     0     0 9168.82021    0  134 10494.9981 9168.82021  12.6%     -    1s
     0     0 9168.82021    0  124 10494.9981 9168.82021  12.6%     -    1s
     0     2 9168.82021    0  124 10494.9981 9168.82021  12.6%     -    1s
H  172   154                    10494.998110 9174.14731  12.6%  66.5    2s
H  209   181                    10494.998078 9174.14731  12.6%  62.3    2s
H 1378  1129                    10494.997874 9174.14731  12.6%  32.0    3s
  1524  1229 10047.9994   36   83 10494.9979 9180.26610  12.5%  30.3    5s
  1584  1270 9489.99933   18  105 10494.9979 9222.32769  12.1%  50.0   10s
H 1624  1231                    10470.999352 9236.46754  11.8%  48.7   13s
H 1660  1198                    10467.999427 9310.13667  11.1%  67.2   13s
H 1740  1189                    10467.999352 9310.13667  11.1%  66.8   13s
  2502  1540 9647.08616   32   91 10467.9994 9311.08880  11.1%  60.6   15s
H 2777  1548                    10467.999319 9311.08880  11.1%  58.0   15s
H 3900  1792                    10467.999316 9313.84703  11.0%  55.0   16s
  8395  4539 9957.99940   50   72 10467.9993 9333.46836  10.8%  52.3   20s
H11721  6273                    10467.999298 9338.20751  10.8%  54.0   23s
 13926  7873 10295.9994   76   51 10467.9993 9340.49658  10.8%  54.1   25s
H14420  7861                    10463.999428 9342.02123  10.7%  54.4   25s
H14986  8281                    10461.999428 9345.61187  10.7%  54.5   25s
H15086  8254                    10458.999428 9345.61187  10.6%  54.1   25s
*15091  8249             151    10456.999428 9345.61187  10.6%  54.1   25s
H16240  9145                    10456.999349 9351.33918  10.6%  54.3   26s
H16302  9145                    10456.999347 9352.42961  10.6%  54.4   26s
H16350  8703                    10425.999352 9352.47262  10.3%  54.4   26s
H16462  8703                    10425.999349 9352.48000  10.3%  54.5   26s
H17208  6595                    10240.999428 9353.01077  8.67%  54.6   27s
H18259  6920                    10240.999352 9358.32127  8.62%  54.2   28s
H18435  6758                    10226.999349 9358.32128  8.49%  54.2   28s
H19630  7137                    10206.999352 9364.71829  8.25%  53.9   29s
 21032  7873 9533.22201   39  142 10206.9994 9381.86119  8.08%  53.9   30s
H21214  7873                    10206.999322 9382.20944  8.08%  54.0   30s
H21767  7988                    10195.999434 9403.37903  7.77%  54.2   31s
H22019  7988                    10195.999429 9407.88005  7.73%  54.3   31s
H22152  7984                    10195.999352 9408.01077  7.73%  54.3   31s
H24609  9166                    10195.999205 9428.07584  7.53%  55.0   33s
H24704  9133                    10192.999319 9428.66057  7.50%  55.0   33s
H24971  9133                    10192.999309 9428.71413  7.50%  55.0   33s
 26272  9721 10079.0005   47   88 10192.9993 9437.99932  7.41%  55.3   35s
H28980 10456                    10192.999207 9450.66057  7.28%  55.4   44s
 28984 10459 9930.72418   41  114 10192.9992 9450.66057  7.28%  55.4   45s
H29005  9948                    10192.999204 9450.66057  7.28%  55.3   48s
 29013  9953 9838.60142   41  135 10192.9992 9450.66057  7.28%  55.3   50s
H29013  9455                    10192.999181 9450.66057  7.28%  55.3   50s
H29017  8985                    10192.999178 9450.66057  7.28%  55.3   52s
 29024  8990 9853.79292   41  149 10192.9992 9450.66057  7.28%  55.3   55s
 30070  9311 10077.9994   62   55 10192.9992 9450.66057  7.28%  56.9   60s
H33968  9249                    10192.999156 9454.47092  7.25%  58.6   64s
 34342  9303 10026.3084   56   94 10192.9992 9470.15814  7.09%  58.7   65s
 39992 10052     cutoff   58      10192.9992 9550.10595  6.31%  58.7   70s
 46046  9946 9827.65488   51   90 10192.9992 9648.07630  5.35%  58.7   75s
 52719  9583     cutoff   65      10192.9992 9774.50066  4.11%  57.8   80s
 60909 11457     cutoff   68      10192.9992 9831.99943  3.54%  55.6   85s
 68950 14232 10073.0933   66   66 10192.9992 9859.32304  3.27%  53.6   90s
 77395 16939 10090.9994   66   36 10192.9992 9879.99943  3.07%  52.1   95s
 85615 19500 infeasible   65      10192.9992 9892.31605  2.95%  50.8  100s
 93816 22606 10082.1143   57   80 10192.9992 9904.08529  2.83%  50.0  105s
 102945 26951 9927.99943   61   64 10192.9992 9905.99943  2.82%  49.5  110s
 110416 30102 infeasible   59      10192.9992 9906.68043  2.81%  49.1  115s
 119794 34057 9940.06382   61   58 10192.9992 9909.44506  2.78%  48.5  120s
 127835 37430 9965.99942   63   59 10192.9992 9913.99942  2.74%  48.2  125s
 137216 40998 10160.9994   74   52 10192.9992 9918.99943  2.69%  47.8  130s
 145270 43889 10180.9994   66   44 10192.9992 9926.08530  2.62%  47.5  135s
 152901 47047 10150.1325   80   52 10192.9992 9927.99943  2.60%  47.2  140s
 161928 51000 9935.99943   59   57 10192.9992 9927.99943  2.60%  47.0  145s
 171031 54358     cutoff   71      10192.9992 9927.99943  2.60%  46.9  150s
 180373 57876 10140.0195   76   65 10192.9992 9930.09329  2.58%  46.7  155s
 188818 61124 10007.9994   60   42 10192.9992 9935.08529  2.53%  46.5  160s
H189143 61124                    10192.999125 9935.08933  2.53%  46.4  160s
 195680 64334 9935.99943   54   66 10192.9991 9935.99943  2.52%  46.4  165s
 204211 68051 10005.9994   65   40 10192.9991 9935.99943  2.52%  46.6  170s
 212006 71653 infeasible   70      10192.9991 9935.99943  2.52%  46.7  175s
 220164 74726 10179.3461   92   49 10192.9991 9935.99943  2.52%  46.8  180s

Cutting planes:
  Learned: 11
  Gomory: 97
  Cover: 689
  Implied bound: 90
  Projected implied bound: 3
  Clique: 5
  MIR: 260
  StrongCG: 25
  Flow cover: 1073
  GUB cover: 22
  Inf proof: 12
  Zero half: 13
  Network: 11
  RLT: 59
  Relax-and-lift: 43

Explored 221280 nodes (10357258 simplex iterations) in 180.23 seconds (259.04 work units)
Thread count was 8 (of 8 available processors)

Solution count 10: 10193 10193 10193 ... 10196

Solve interrupted
Best objective 1.019299912501e+04, best bound 9.935999427910e+03, gap 2.5213%

User-callback calls 495697, time in user-callback 0.83 sec

Statistics for modelBBKS_BWT:
  Linear constraint matrix    : 10179 Constrs, 4381 Vars, 42473 NZs
  Variable types              : 1762 Continuous,
2619 Integer (444 Binary)
  Matrix coefficient range    : [ 1, 200 ]
  Objective coefficient range : [ 1, 382 ]
  Variable bound range        : [ 1, 199 ]
  RHS coefficient range       : [ 1, 549 ]

Gurobi 10.0.1 (mac64[arm]) logging started Sun Apr  7 22:46:20 2024

Set parameter LogFile to value "/Users/deniserings/Documents/zib/s-bahn-data/scripts/DeniseMA/processed/BBKS_BWT/Branching/BBKS_BWT_random0_subMBP202404072240.log"
Gurobi Optimizer version 10.0.1 build v10.0.1rc0 (mac64[arm])

CPU model: Apple M2
Thread count: 8 physical cores, 8 logical processors, using up to 8 threads

Optimize a model with 10174 rows, 4381 columns and 42468 nonzeros
Model fingerprint: 0xbe5eb680
Variable types: 1762 continuous, 2619 integer (444 binary)
Coefficient statistics:
  Matrix range     [1e+00, 2e+02]
  Objective range  [1e+00, 4e+02]
  Bounds range     [1e+00, 2e+02]
  RHS range        [1e+00, 5e+02]

Loaded user MIP start with objective 10495

Presolve removed 3799 rows and 1235 columns
Presolve time: 0.11s
Presolved: 6375 rows, 3146 columns, 30975 nonzeros
Found heuristic solution: objective 10494.999085
Variable types: 1060 continuous, 2086 integer (2086 binary)

Root relaxation: objective 9.116213e+03, 1866 iterations, 0.02 seconds (0.03 work units)

    Nodes    |    Current Node    |     Objective Bounds      |     Work
 Expl Unexpl |  Obj  Depth IntInf | Incumbent    BestBd   Gap | It/Node Time

     0     0 9116.21321    0   71 10494.9991 9116.21321  13.1%     -    0s
H    0     0                    10494.999045 9118.90682  13.1%     -    0s
     0     0 9118.90682    0  148 10494.9990 9118.90682  13.1%     -    0s
     0     0 9119.72095    0  144 10494.9990 9119.72095  13.1%     -    0s
     0     0 9119.72095    0  136 10494.9990 9119.72095  13.1%     -    0s
     0     0 9159.99907    0  205 10494.9990 9159.99907  12.7%     -    0s
     0     0 9159.99907    0  200 10494.9990 9159.99907  12.7%     -    0s
H    0     0                    10494.998975 9159.99907  12.7%     -    0s
     0     0 9159.99907    0  170 10494.9990 9159.99907  12.7%     -    0s
     0     0 9159.99907    0  162 10494.9990 9159.99907  12.7%     -    0s
H    0     0                    10494.998949 9159.99907  12.7%     -    0s
     0     0 9159.99907    0  144 10494.9989 9159.99907  12.7%     -    0s
     0     0 9159.99908    0  158 10494.9989 9159.99908  12.7%     -    0s
     0     0 9160.01773    0  118 10494.9989 9160.01773  12.7%     -    0s
H    0     0                    10494.998945 9160.01773  12.7%     -    1s
     0     0 9160.01773    0  145 10494.9989 9160.01773  12.7%     -    1s
     0     0 9160.37445    0  182 10494.9989 9160.37445  12.7%     -    1s
     0     0 9161.50143    0  153 10494.9989 9161.50143  12.7%     -    1s
     0     0 9161.50143    0  151 10494.9989 9161.50143  12.7%     -    1s
     0     0 9161.50957    0  149 10494.9989 9161.50957  12.7%     -    1s
H    0     0                    10494.998856 9161.50957  12.7%     -    1s
     0     0 9161.50957    0  153 10494.9989 9161.50957  12.7%     -    1s
     0     0 9161.50957    0  174 10494.9989 9161.50957  12.7%     -    1s
     0     0 9161.50957    0  164 10494.9989 9161.50957  12.7%     -    1s
     0     0 9161.50957    0  174 10494.9989 9161.50957  12.7%     -    1s
     0     0 9161.50957    0  142 10494.9989 9161.50957  12.7%     -    1s
     0     0 9161.50957    0   95 10494.9989 9161.50957  12.7%     -    1s
     0     0 9161.50957    0   99 10494.9989 9161.50957  12.7%     -    1s
     0     0 9161.50957    0   88 10494.9989 9161.50957  12.7%     -    1s
     0     0 9161.50957    0   66 10494.9989 9161.50957  12.7%     -    1s
     0     2 9161.50957    0   66 10494.9989 9161.50957  12.7%     -    1s
  1616  1296 10407.9991   81  153 10494.9989 9194.45069  12.4%  35.0    5s
  4543  2714 10031.9991   37   57 10494.9989 9194.45069  12.4%  49.1   10s
  9843  6386 10063.0697   35   72 10494.9989 9199.46595  12.3%  52.0   15s
 14387  9974 10469.9991   58   49 10494.9989 9201.48403  12.3%  51.9   20s
 19985 13824 9880.26309   27   99 10494.9989 9205.86521  12.3%  53.0   25s
 26005 18519 9665.76138   23   94 10494.9989 9211.81194  12.2%  52.8   30s
H28030 19499                    10494.998760 9217.04217  12.2%  52.9   31s
 29418 20270 10064.5199   29   66 10494.9988 9219.06861  12.2%  52.4   39s
 29425 20275 10398.9991   64  175 10494.9988 9239.68771  12.0%  52.4   40s
 29436 20282 10135.9989   46  176 10494.9988 9253.85339  11.8%  52.4   45s
 29444 20287 10409.9991   72  182 10494.9988 9254.40431  11.8%  52.3   50s
 29452 20293 9808.17265   36  182 10494.9988 9254.70547  11.8%  52.3   55s
 29460 20298 10462.9991   70  178 10494.9988 9255.14002  11.8%  52.3   60s
H29462 19283                    10473.999078 9255.14002  11.6%  52.3   61s
H29464 18320                    10467.999082 9255.14002  11.6%  52.3   63s
H29465 17403                    10467.999012 9255.14002  11.6%  52.3   64s
 29468 17405 10366.9991   48  181 10467.9990 9255.14002  11.6%  52.3   65s
H29468 16534                    10467.998982 9255.14002  11.6%  52.3   66s
H29470 15708                    10467.998874 9255.14002  11.6%  52.3   66s
H29508 14950                    10467.998812 9255.60027  11.6%  53.9   67s
H29578 14248                    10467.998810 9255.60027  11.6%  54.2   67s
H29697 13604                    10467.998749 9255.60027  11.6%  54.3   68s
 29955 13695 10022.0557   54   81 10467.9987 9255.60027  11.6%  54.1   70s
H30942 13290                    10192.999012 9255.63117  9.20%  54.1   73s
H32024 12897                    10192.998992 9275.70022  9.00%  54.4   74s
H32036 12284                    10192.998946 9275.70022  9.00%  54.4   74s
H32138 11672                    10192.998933 9275.70022  9.00%  54.4   74s
 32797 11918 9524.21717   32  147 10192.9989 9302.20207  8.74%  54.5   75s
 38549 13514     cutoff   58      10192.9989 9394.26120  7.84%  54.1   80s
 45405 14330 10020.6045   40  109 10192.9989 9449.43655  7.29%  53.8   85s
 50382 15787 10014.5831   33  138 10192.9989 9497.62260  6.82%  53.7   90s
 56634 16880 9574.16656   34  131 10192.9989 9513.88379  6.66%  53.4   95s
 63088 18319 infeasible   45      10192.9989 9526.31619  6.54%  53.2  100s
 69422 21706 9818.67450   41  112 10192.9989 9535.31232  6.45%  52.7  105s
 76504 25458 10025.9991   48   74 10192.9989 9547.62663  6.33%  52.2  110s
 83149 28915 9935.99908   53   70 10192.9989 9554.14519  6.27%  51.8  115s
 90016 32265 infeasible   36      10192.9989 9566.10207  6.15%  51.6  120s
 96855 35533     cutoff   54      10192.9989 9574.82370  6.06%  51.3  125s
 103808 38903 10098.0349   53   64 10192.9989 9590.90680  5.91%  51.0  130s
 110777 42039 infeasible   44      10192.9989 9604.34305  5.78%  50.7  135s
 118266 45673 infeasible   36      10192.9989 9618.38742  5.64%  50.5  140s
 124256 48618 10160.9991   69   40 10192.9989 9632.30879  5.50%  50.5  145s
 131180 51772 9949.99908   49   43 10192.9989 9645.89728  5.37%  50.4  150s
 137274 54347 10180.9991   82   47 10192.9989 9655.64681  5.27%  50.2  155s
 144651 57919 10067.9990   43   64 10192.9989 9665.09070  5.18%  49.9  160s
H146624 58635                    10192.998897 9668.72271  5.14%  49.8  161s
 151016 60603 9927.99908   48   75 10192.9989 9677.80720  5.05%  49.5  165s
 157500 63522 infeasible   79      10192.9989 9685.79158  4.98%  49.2  170s
 164933 66436 9775.73480   38   94 10192.9989 9697.99908  4.86%  48.7  175s
 171836 69181 10094.2973   41   85 10192.9989 9706.47847  4.77%  48.4  180s

Cutting planes:
  Learned: 9
  Gomory: 148
  Cover: 1115
  Implied bound: 122
  Projected implied bound: 4
  Clique: 20
  MIR: 376
  StrongCG: 27
  Flow cover: 1447
  GUB cover: 20
  Inf proof: 23
  Zero half: 42
  Network: 18
  RLT: 80
  Relax-and-lift: 72

Explored 172636 nodes (8354840 simplex iterations) in 180.43 seconds (257.98 work units)
Thread count was 8 (of 8 available processors)

Solution count 10: 10193 10193 10193 ... 10468

Solve interrupted
Best objective 1.019299889734e+04, best bound 9.707488834197e+03, gap 4.7632%

User-callback calls 407184, time in user-callback 0.75 sec

Statistics for modelBBKS_BWT:
  Linear constraint matrix    : 10174 Constrs, 4381 Vars, 42468 NZs
  Variable types              : 1762 Continuous,
2619 Integer (444 Binary)
  Matrix coefficient range    : [ 1, 200 ]
  Objective coefficient range : [ 1, 382 ]
  Variable bound range        : [ 1, 199 ]
  RHS coefficient range       : [ 1, 549 ]

Gurobi 10.0.1 (mac64[arm]) logging started Sun Apr  7 22:49:21 2024

Set parameter LogFile to value "/Users/deniserings/Documents/zib/s-bahn-data/scripts/DeniseMA/processed/BBKS_BWT/Branching/BBKS_BWT_random0_subMBP202404072240.log"
Gurobi Optimizer version 10.0.1 build v10.0.1rc0 (mac64[arm])

CPU model: Apple M2
Thread count: 8 physical cores, 8 logical processors, using up to 8 threads

Optimize a model with 10171 rows, 4381 columns and 42465 nonzeros
Model fingerprint: 0xf3845b03
Variable types: 1762 continuous, 2619 integer (444 binary)
Coefficient statistics:
  Matrix range     [1e+00, 2e+02]
  Objective range  [1e+00, 4e+02]
  Bounds range     [1e+00, 2e+02]
  RHS range        [1e+00, 5e+02]

Loaded user MIP start with objective 10495

Presolve removed 3686 rows and 1174 columns
Presolve time: 0.10s
Presolved: 6485 rows, 3207 columns, 30512 nonzeros
Found heuristic solution: objective 10494.999226
Variable types: 1078 continuous, 2129 integer (2129 binary)

Root relaxation: objective 9.095999e+03, 1982 iterations, 0.02 seconds (0.04 work units)

    Nodes    |    Current Node    |     Objective Bounds      |     Work
 Expl Unexpl |  Obj  Depth IntInf | Incumbent    BestBd   Gap | It/Node Time

     0     0 9095.99923    0   77 10494.9992 9095.99923  13.3%     -    0s
     0     0 9097.82685    0  121 10494.9992 9097.82685  13.3%     -    0s
     0     0 9097.82685    0  111 10494.9992 9097.82685  13.3%     -    0s
     0     0 9129.83560    0  183 10494.9992 9129.83560  13.0%     -    0s
     0     0 9139.99922    0  162 10494.9992 9139.99922  12.9%     -    0s
     0     0 9139.99922    0  160 10494.9992 9139.99922  12.9%     -    0s
     0     0 9139.99922    0  193 10494.9992 9139.99922  12.9%     -    0s
     0     0 9139.99922    0  172 10494.9992 9139.99922  12.9%     -    0s
     0     0 9139.99922    0  217 10494.9992 9139.99922  12.9%     -    0s
     0     0 9139.99922    0  196 10494.9992 9139.99922  12.9%     -    0s
     0     0 9139.99922    0  104 10494.9992 9139.99922  12.9%     -    0s
     0     0 9139.99922    0  134 10494.9992 9139.99922  12.9%     -    0s
     0     0 9139.99922    0  103 10494.9992 9139.99922  12.9%     -    0s
H    0     0                    10494.999060 9139.99922  12.9%     -    0s
     0     0 9139.99922    0  116 10494.9991 9139.99922  12.9%     -    1s
H    0     0                    10494.999056 9139.99922  12.9%     -    1s
     0     0 9139.99922    0  100 10494.9991 9139.99922  12.9%     -    1s
H    0     0                    10494.999031 9139.99922  12.9%     -    1s
     0     0 9139.99922    0   86 10494.9990 9139.99922  12.9%     -    1s
     0     2 9139.99922    0   80 10494.9990 9139.99922  12.9%     -    1s
H   76    88                    10494.998981 9147.99916  12.8%   108    1s
H  136   152                    10494.998978 9147.99916  12.8%  76.1    1s
H  153   193                    10494.998976 9147.99916  12.8%  71.4    1s
H  180   193                    10494.998973 9147.99916  12.8%  64.2    1s
H  284   302                    10494.998931 9147.99916  12.8%  47.2    1s
H 1348  1153                    10494.998880 9147.99916  12.8%  30.3    2s
  1721  1426 9518.99922   87  141 10494.9989 9147.99916  12.8%  29.0    5s
  2546  1761 9160.34003   20  167 10494.9989 9147.99916  12.8%  48.0   10s
H 4375  2410                    10494.997721 9147.99916  12.8%  51.1   12s
H 5616  2841                    10494.997693 9147.99916  12.8%  52.8   14s
H 5617  2841                    10494.997653 9147.99916  12.8%  52.8   14s
  5648  2973 10112.9992   71   82 10494.9977 9147.99916  12.8%  52.8   15s
H 8691  4929                    10467.999092 9147.99916  12.6%  57.6   19s
  9041  5430 9693.99921   38  111 10467.9991 9147.99916  12.6%  58.1   20s
H10006  5852                    10467.999021 9147.99916  12.6%  57.4   21s
H10090  5852                    10467.999019 9148.50056  12.6%  57.6   21s
H10794  6394                    10467.999017 9150.62727  12.6%  57.3   23s
H11985  7083                    10467.998985 9154.66316  12.5%  58.0   24s
 12020  7431 9873.99922   32  112 10467.9990 9154.66316  12.5%  58.1   25s
H13364  8250                    10467.998968 9159.99922  12.5%  58.3   26s
 16346 10710 9200.45065   32  190 10467.9990 9159.99922  12.5%  58.9   30s
 21276 14376 infeasible   45      10467.9990 9160.07812  12.5%  59.4   35s
 26030 17852 9179.99922   30   95 10467.9990 9160.17559  12.5%  60.2   40s
 30073 19635 10049.9992   51   86 10467.9990 9160.17559  12.5%  59.9   51s
H30083 18659                    10467.998799 9160.17559  12.5%  59.9   55s
 30092 18665 9422.96968   30  205 10467.9988 9160.17559  12.5%  59.9   60s
 30098 18669 10372.9992   68  196 10467.9988 9160.17559  12.5%  59.9   65s
H30101 17737                    10467.998441 9160.17559  12.5%  59.9   67s
 30106 17740 9737.43561   50  106 10467.9984 9160.17559  12.5%  59.9   70s
 30112 17744 9160.48764   25  169 10467.9984 9160.17559  12.5%  59.8   75s
 30125 17753 9637.74233   44  173 10467.9984 9160.17559  12.5%  59.8   80s
 30132 17757 9845.99922   39  164 10467.9984 9160.17559  12.5%  59.8   85s
 30140 17763 9191.57189   32  227 10467.9984 9160.17559  12.5%  59.8   90s
 30146 17767 9335.99922   26  251 10467.9984 9160.17559  12.5%  59.8   95s
 30156 17773 9671.99922   56  232 10467.9984 9160.17559  12.5%  59.8  100s
 30652 18048 infeasible   58      10467.9984 9160.17559  12.5%  62.4  105s
 31762 18589 9247.44318   56  172 10467.9984 9160.17559  12.5%  62.4  110s
 35573 20172 9419.02131   57  103 10467.9984 9160.20966  12.5%  62.1  115s
 39592 21428 9642.87562   48   94 10467.9984 9160.21319  12.5%  62.2  120s
 43560 22635 9772.47415   51   78 10467.9984 9160.26308  12.5%  62.4  125s
 47392 23983 9695.06009   50  136 10467.9984 9160.33810  12.5%  62.1  130s
 51926 25208 9428.77340   46  125 10467.9984 9160.56683  12.5%  61.8  135s
 56096 26253 9180.42339   43  197 10467.9984 9160.73579  12.5%  62.1  140s
 59649 27075 9859.81980   54   59 10467.9984 9160.88900  12.5%  62.1  145s
 63631 28150 9238.33810   45  154 10467.9984 9161.36713  12.5%  61.9  150s
*65747 27401             137    10458.999222 9161.88027  12.4%  62.0  152s
H67012 27352                    10458.999021 9162.32896  12.4%  62.1  154s
H67114 26515                    10458.999020 9162.33389  12.4%  62.2  154s
 68056 26762 9813.91851   59  110 10458.9990 9162.58607  12.4%  62.1  156s
H69230 25898                    10438.998953 9162.90137  12.2%  62.2  157s
H69486 24487                    10417.999021 9162.97568  12.0%  62.2  157s
H71150 24698                    10417.999020 9164.03931  12.0%  62.3  159s
H71377 24685                    10416.999021 9164.09527  12.0%  62.4  159s
 71761 25423 9943.99922   49   52 10416.9990 9165.00617  12.0%  62.4  160s
H72231 25410                    10415.999220 9165.12939  12.0%  62.3  160s
H74109 26731                    10415.999021 9166.02242  12.0%  62.1  162s
 76905 28532 9202.15334   48  173 10415.9990 9167.60834  12.0%  62.3  165s
 81728 31476 9920.07832   56   83 10415.9990 9168.45203  12.0%  62.1  170s
 86345 34282 9971.51004   70   53 10415.9990 9169.76550  12.0%  62.0  175s
*89177 36157             127    10411.999220 9170.45001  11.9%  62.0  178s
H90850 30871                    10221.999021 9170.68772  10.3%  62.1  180s
H91284 30726                    10216.999021 9170.85641  10.2%  62.1  180s

Cutting planes:
  Learned: 9
  Gomory: 113
  Cover: 582
  Implied bound: 32
  Projected implied bound: 3
  Clique: 11
  MIR: 291
  StrongCG: 31
  Flow cover: 1468
  GUB cover: 15
  Inf proof: 3
  Zero half: 39
  Network: 9
  RLT: 50
  Relax-and-lift: 25

Explored 91630 nodes (5703686 simplex iterations) in 180.36 seconds (236.85 work units)
Thread count was 8 (of 8 available processors)

Solution count 10: 10217 10222 10412 ... 10459

Solve interrupted
Best objective 1.021699902145e+04, best bound 9.170949393142e+03, gap 10.2383%

User-callback calls 258907, time in user-callback 0.53 sec

Statistics for modelBBKS_BWT:
  Linear constraint matrix    : 10171 Constrs, 4381 Vars, 42465 NZs
  Variable types              : 1762 Continuous,
2619 Integer (444 Binary)
  Matrix coefficient range    : [ 1, 200 ]
  Objective coefficient range : [ 1, 382 ]
  Variable bound range        : [ 1, 199 ]
  RHS coefficient range       : [ 1, 549 ]

Gurobi 10.0.1 (mac64[arm]) logging started Sun Apr  7 22:52:22 2024

Set parameter LogFile to value "/Users/deniserings/Documents/zib/s-bahn-data/scripts/DeniseMA/processed/BBKS_BWT/Branching/BBKS_BWT_random0_subMBP202404072240.log"
Gurobi Optimizer version 10.0.1 build v10.0.1rc0 (mac64[arm])

CPU model: Apple M2
Thread count: 8 physical cores, 8 logical processors, using up to 8 threads

Optimize a model with 10170 rows, 4381 columns and 42464 nonzeros
Model fingerprint: 0x462ca55c
Variable types: 1762 continuous, 2619 integer (444 binary)
Coefficient statistics:
  Matrix range     [1e+00, 2e+02]
  Objective range  [1e+00, 4e+02]
  Bounds range     [1e+00, 2e+02]
  RHS range        [1e+00, 5e+02]

Loaded user MIP start with objective 10495

Presolve removed 3674 rows and 1168 columns
Presolve time: 0.10s
Presolved: 6496 rows, 3213 columns, 30675 nonzeros
Found heuristic solution: objective 10494.999220
Variable types: 1084 continuous, 2129 integer (2129 binary)

Root relaxation: objective 9.095999e+03, 2111 iterations, 0.03 seconds (0.04 work units)

    Nodes    |    Current Node    |     Objective Bounds      |     Work
 Expl Unexpl |  Obj  Depth IntInf | Incumbent    BestBd   Gap | It/Node Time

     0     0 9095.99922    0   71 10494.9992 9095.99922  13.3%     -    0s
     0     0 9096.55409    0  170 10494.9992 9096.55409  13.3%     -    0s
     0     0 9096.55409    0  173 10494.9992 9096.55409  13.3%     -    0s
     0     0 9120.57178    0  183 10494.9992 9120.57178  13.1%     -    0s
     0     0 9120.84567    0  187 10494.9992 9120.84567  13.1%     -    0s
     0     0 9120.84567    0  180 10494.9992 9120.84567  13.1%     -    0s
     0     0 9121.36036    0  181 10494.9992 9121.36036  13.1%     -    0s
     0     0 9121.38458    0  223 10494.9992 9121.38458  13.1%     -    0s
     0     0 9121.38458    0  212 10494.9992 9121.38458  13.1%     -    0s
     0     0 9133.99916    0  233 10494.9992 9133.99916  13.0%     -    0s
H    0     0                    10494.998979 9133.99916  13.0%     -    0s
     0     0 9133.99916    0  210 10494.9990 9133.99916  13.0%     -    0s
     0     0 9133.99916    0  239 10494.9990 9133.99916  13.0%     -    0s
H    0     0                    10494.998976 9133.99916  13.0%     -    0s
     0     0 9133.99916    0  201 10494.9990 9133.99916  13.0%     -    0s
H    0     0                    10494.998968 9133.99916  13.0%     -    0s
H    0     0                    10494.998961 9134.01719  13.0%     -    0s
     0     0 9134.01719    0  115 10494.9990 9134.01719  13.0%     -    0s
     0     0 9134.01784    0  140 10494.9990 9134.01784  13.0%     -    0s
     0     0 9134.07285    0  147 10494.9990 9134.07285  13.0%     -    0s
     0     0 9134.07285    0  133 10494.9990 9134.07285  13.0%     -    1s
     0     0 9135.54930    0  151 10494.9990 9135.54930  13.0%     -    1s
     0     0 9135.54930    0  144 10494.9990 9135.54930  13.0%     -    1s
     0     0 9135.71034    0  137 10494.9990 9135.71034  13.0%     -    1s
     0     0 9135.71844    0  161 10494.9990 9135.71844  13.0%     -    1s
     0     0 9135.72445    0  167 10494.9990 9135.72445  13.0%     -    1s
     0     0 9135.99910    0  144 10494.9990 9135.99910  12.9%     -    1s
     0     0 9135.99910    0  134 10494.9990 9135.99910  12.9%     -    1s
     0     0 9135.99910    0  128 10494.9990 9135.99910  12.9%     -    1s
     0     0 9135.99910    0  149 10494.9990 9135.99910  12.9%     -    1s
     0     0 9136.01139    0  118 10494.9990 9136.01139  12.9%     -    1s
     0     0 9136.03560    0  131 10494.9990 9136.03560  12.9%     -    1s
     0     0 9136.03575    0  129 10494.9990 9136.03575  12.9%     -    1s
H    0     0                    10494.998930 9136.03575  12.9%     -    1s
     0     0 9136.04574    0  155 10494.9989 9136.04574  12.9%     -    1s
     0     0 9136.04574    0  109 10494.9989 9136.04574  12.9%     -    1s
     0     2 9136.04574    0  108 10494.9989 9136.04574  12.9%     -    1s
H  183   184                    10494.998924 9139.99921  12.9%  78.8    2s
H 1232  1032                    10494.998851 9139.99921  12.9%  37.5    3s
  1563  1329 9464.99921   46  226 10494.9989 9139.99921  12.9%  34.4    5s
  1594  1350 9494.99922   72  160 10494.9989 9139.99921  12.9%  33.7   10s
  3819  2440 10348.9434  141   82 10494.9989 9154.03219  12.8%  57.6   15s
  8175  4988 9514.63432   46   73 10494.9989 9160.10975  12.7%  64.7   20s
H 9718  6031                    10494.998703 9160.13478  12.7%  66.7   22s
 12297  8180 10107.9991   58   60 10494.9987 9160.17793  12.7%  64.0   25s
H15241  9719                    10473.998987 9160.18781  12.5%  65.3   29s
H15590 10305                    10472.999011 9160.18781  12.5%  65.7   30s
H17461 11373                    10472.999010 9160.20642  12.5%  65.6   32s
H19137 12004                    10472.998978 9160.23676  12.5%  66.5   34s
H19175 12002                    10471.999011 9160.23676  12.5%  66.8   34s
H19242 11993                    10468.998899 9160.23676  12.5%  66.9   34s
 19418 12799 infeasible   37      10468.9989 9160.23676  12.5%  67.1   35s
H20596 12990                    10468.998871 9160.26216  12.5%  67.4   36s
H20640 12984                    10467.999010 9160.26216  12.5%  67.4   36s
H20679 12984                    10467.999009 9160.26216  12.5%  67.4   36s
H22525 14417                    10467.999007 9160.26603  12.5%  68.1   39s
 23115 15232 9161.77718   33  173 10467.9990 9160.26603  12.5%  68.1   40s
H25116 15887                    10467.999006 9160.26603  12.5%  68.5   42s
H26534 17316                    10467.999005 9160.27475  12.5%  68.6   45s
H27175 17316                    10467.998944 9160.27475  12.5%  68.8   45s
H29489 18606                    10467.998604 9160.27544  12.5%  68.3   47s
 29930 18607 10369.9992  116  109 10467.9986 9160.27544  12.5%  68.2   58s
 29943 18616 9925.86734   46  103 10467.9986 9160.27544  12.5%  68.2   60s
 29954 18623 9855.99922   47  212 10467.9986 9160.27544  12.5%  68.2   65s
 29962 18628 10295.9992   61  183 10467.9986 9160.27544  12.5%  68.1   70s
 29978 18639 9318.11515   50  205 10467.9986 9160.27544  12.5%  68.1   75s
 29990 18647 9454.45003   39  195 10467.9986 9160.27544  12.5%  68.1   80s
H29995 17716                    10452.999212 9160.27544  12.4%  68.1   83s
H29995 16829                    10451.999212 9160.27544  12.4%  68.1   83s
H29997 15988                    10405.999011 9160.27544  12.0%  68.1   84s
H29997 15188                    10405.999009 9160.27544  12.0%  68.1   84s
H29997 14427                    10229.999216 9160.27544  10.5%  68.1   84s
 29999 14428 9964.36813   49  225 10229.9992 9160.27544  10.5%  68.0   85s
H30004 13710                    10229.999140 9160.27544  10.5%  70.1   88s
H30035 13052                    10229.999087 9160.27544  10.5%  70.3   88s
H30037 12398                    10213.999216 9160.27544  10.3%  70.3   88s
H30070 11799                    10213.999087 9160.27544  10.3%  70.3   88s
H30071 11210                    10213.999011 9160.27544  10.3%  70.3   88s
H30107 10676                    10203.999011 9160.27544  10.2%  70.4   88s
H30147 10162                    10203.998981 9160.27544  10.2%  70.4   89s
H30155  9654                    10199.999215 9160.27544  10.2%  70.4   89s
H30188  9197                    10199.999010 9160.27544  10.2%  70.4   89s
H30191  8740                    10199.998981 9160.27544  10.2%  70.4   89s
H30195  8318                    10199.998980 9160.27544  10.2%  70.4   89s
H30286  7951                    10199.998975 9160.27544  10.2%  70.3   89s
H30288  7561                    10199.998966 9160.27544  10.2%  70.3   89s
 30336  7584 9199.99922   47   86 10199.9990 9160.27544  10.2%  70.2   90s
H30388  7239                    10199.998938 9160.27544  10.2%  70.2   90s
H30389  6886                    10199.998909 9160.27544  10.2%  70.2   90s
H30443  6559                    10198.999010 9160.27544  10.2%  70.2   90s
H31528  6588                    10198.998982 9160.27544  10.2%  70.1   94s
H31759  6396                    10198.998981 9160.27544  10.2%  70.0   94s
H31792  6098                    10198.998733 9160.27544  10.2%  70.0   94s
 31940  6264 9560.99921   58   72 10198.9987 9160.27544  10.2%  69.9   95s
H33124  6329                    10193.999001 9160.27544  10.1%  69.2   96s
H34390  6488                    10192.999010 9160.33734  10.1%  69.1   98s
H34627  6334                    10192.999009 9160.33811  10.1%  69.2   98s
H34832  6032                    10192.998981 9160.33811  10.1%  69.1   98s
H35485  6005                    10192.998956 9160.33811  10.1%  69.2   99s
 36039  6345 9388.14375   36  167 10192.9990 9160.33811  10.1%  69.0  100s
 39837  7118 9408.21367   42  129 10192.9990 9160.38075  10.1%  69.5  105s
H40034  6841                    10192.998713 9160.38075  10.1%  69.6  105s
 43735  8560 10100.9992   70   70 10192.9987 9160.52060  10.1%  70.0  110s
 48229 10850 9813.99921   49   86 10192.9987 9161.27359  10.1%  70.6  115s
H48796 10850                    10192.998684 9161.29548  10.1%  70.7  116s
 51574 12704 9684.44045   52   46 10192.9987 9162.24253  10.1%  70.8  120s
 55832 14863 9570.24077   48  126 10192.9987 9163.52492  10.1%  71.2  126s
 59543 16813 9180.17900   39  139 10192.9987 9167.14987  10.1%  70.7  130s
 62175 18426 9908.99921   65   80 10192.9987 9167.99916  10.1%  70.6  135s
 66773 20976 9180.76907   37  113 10192.9987 9169.25979  10.0%  70.6  140s
 70288 22634 9247.11883   38  131 10192.9987 9169.25979  10.0%  70.6  145s
 74398 24979 9412.93834   42  117 10192.9987 9171.16486  10.0%  70.8  150s
 77941 27012 9929.99922   80   40 10192.9987 9174.25661  10.0%  71.0  155s
 82033 29026 9181.98624   42  165 10192.9987 9176.13230  10.0%  71.1  160s
 85597 31020 9409.13621   48  126 10192.9987 9178.57607  10.0%  71.0  165s
 89539 33250 9337.99916   50  125 10192.9987 9180.16129  9.94%  71.3  171s
 91995 34837 infeasible   46      10192.9987 9180.16129  9.94%  71.7  175s
 96061 36867 9409.52592   49  143 10192.9987 9180.16977  9.94%  71.9  180s

Cutting planes:
  Learned: 11
  Gomory: 132
  Cover: 748
  Implied bound: 50
  Projected implied bound: 1
  Clique: 7
  MIR: 331
  StrongCG: 52
  Flow cover: 1543
  GUB cover: 5
  Inf proof: 9
  Zero half: 32
  Network: 6
  RLT: 46
  Relax-and-lift: 21

Explored 97132 nodes (7012128 simplex iterations) in 180.51 seconds (245.85 work units)
Thread count was 8 (of 8 available processors)

Solution count 10: 10193 10193 10193 ... 10199

Solve interrupted
Best objective 1.019299868387e+04, best bound 9.180169774687e+03, gap 9.9365%

User-callback calls 260661, time in user-callback 0.56 sec

Statistics for modelBBKS_BWT:
  Linear constraint matrix    : 10170 Constrs, 4381 Vars, 42464 NZs
  Variable types              : 1762 Continuous,
2619 Integer (444 Binary)
  Matrix coefficient range    : [ 1, 200 ]
  Objective coefficient range : [ 1, 382 ]
  Variable bound range        : [ 1, 199 ]
  RHS coefficient range       : [ 1, 549 ]
