
Gurobi 10.0.1 (mac64[arm]) logging started Sat Mar 30 00:47:59 2024

Set parameter LogFile to value "/Users/deniserings/Documents/zib/s-bahn-data/scripts/DeniseMA/processed/BBUP_W/RINS/BBUP_W_202403292026_slack_0.6.log"
Gurobi Optimizer version 10.0.1 build v10.0.1rc0 (mac64[arm])

CPU model: Apple M2
Thread count: 8 physical cores, 8 logical processors, using up to 8 threads

Optimize a model with 12178 rows, 5181 columns and 45960 nonzeros
Model fingerprint: 0x0c96759f
Variable types: 1726 continuous, 3455 integer (649 binary)
Coefficient statistics:
  Matrix range     [1e+00, 4e+02]
  Objective range  [1e+00, 4e+02]
  Bounds range     [1e+00, 2e+02]
  RHS range        [1e+00, 1e+04]

User MIP start did not produce a new incumbent solution
User MIP start violates constraint objective_cutoff by 150.830000000

Presolve removed 5679 rows and 1797 columns
Presolve time: 0.09s
Presolved: 6499 rows, 3384 columns, 25278 nonzeros
Variable types: 929 continuous, 2455 integer (2455 binary)

Root relaxation: objective 1.268804e+04, 2317 iterations, 0.02 seconds (0.02 work units)
Another try with MIP start

    Nodes    |    Current Node    |     Objective Bounds      |     Work
 Expl Unexpl |  Obj  Depth IntInf | Incumbent    BestBd   Gap | It/Node Time

     0     0 12688.0447    0   99          - 12688.0447      -     -    0s
     0     0 12705.1530    0  217          - 12705.1530      -     -    0s
     0     0 12726.0000    0  218          - 12726.0000      -     -    0s
     0     0 12788.0712    0  347          - 12788.0712      -     -    0s
     0     0 12788.0712    0  354          - 12788.0712      -     -    0s
     0     0 12788.0913    0  342          - 12788.0913      -     -    0s
     0     0 12788.0913    0  353          - 12788.0913      -     -    0s
     0     0 12790.1055    0  378          - 12790.1055      -     -    0s
     0     0 12790.1055    0  348          - 12790.1055      -     -    0s
     0     0 12790.1055    0  457          - 12790.1055      -     -    0s
     0     0 12790.1055    0  431          - 12790.1055      -     -    0s
     0     0 12790.1055    0  184          - 12790.1055      -     -    0s
     0     0 12790.1055    0  446          - 12790.1055      -     -    0s
     0     0 12790.1055    0  190          - 12790.1055      -     -    1s
     0     0 12796.0000    0  145          - 12796.0000      -     -    1s
     0     0 12796.0000    0  193          - 12796.0000      -     -    1s
     0     0 12796.0000    0  228          - 12796.0000      -     -    1s
     0     0 12796.0000    0  223          - 12796.0000      -     -    1s
     0     0 12796.0000    0  238          - 12796.0000      -     -    1s
     0     0 12797.2192    0  294          - 12797.2192      -     -    1s
     0     0 12797.2707    0  272          - 12797.2707      -     -    1s
     0     0 12797.2707    0  292          - 12797.2707      -     -    1s
     0     0 12800.3174    0  285          - 12800.3174      -     -    1s
     0     0 12800.3174    0  305          - 12800.3174      -     -    1s
     0     0 12800.3249    0  283          - 12800.3249      -     -    1s
     0     0 12800.3249    0  265          - 12800.3249      -     -    2s
     0     0 12800.3249    0  300          - 12800.3249      -     -    2s
     0     0 12800.3249    0  142          - 12800.3249      -     -    2s
     0     2 12800.3249    0  109          - 12800.3249      -     -    2s
  1871  1410 12869.0000   21  419          - 12869.0000      -  29.6    5s
  2419  2200 13183.0717   58  119          - 12869.0000      -  49.6   10s
 13354  8894 13120.0000   86  182          - 12869.0000      -  31.4   15s
 25080 17118 13267.0000   80  231          - 12869.0000      -  29.8   20s
 30014 20458 infeasible   85               - 12879.0000      -  29.4   27s
 36398 25457 12889.0000   39  198          - 12889.0000      -  29.3   30s
 44911 34981 14515.0000   78  145          - 12889.0000      -  30.9   37s
 52530 35215 13029.2099   56  348          - 12889.0000      -  32.0   40s
 57941 39453 13116.0800   70  277          - 12889.0000      -  33.7   45s
 64812 42792 infeasible  100               - 12889.0000      -  35.5   50s
 72351 48337 12938.6848   78  251          - 12889.0000      -  37.1   55s
 82116 53077 infeasible   88               - 12889.0000      -  38.1   60s
 84853 54793 13804.3016   84  226          - 12889.0000      -  38.9   65s
 88685 57840 13294.0000   58  264          - 12889.0000      -  40.0   70s
 96115 61715 infeasible   80               - 12889.0000      -  41.0   75s
 101033 64631 infeasible   71               - 12889.0000      -  42.3   80s
 104218 69998 13267.3428   52  301          - 12889.0000      -  43.5   86s
 112841 71763 infeasible   60               - 12889.0000      -  44.5   91s
 115665 73634 14346.0000   93  126          - 12889.0000      -  44.9   95s
 119849 79639 14022.2308   72  191          - 12889.0000      -  45.6  101s
 127002 81592 14519.1146   67  205          - 12889.0000      -  46.7  105s
 132935 85000 13439.8604   62  273          - 12889.0000      -  47.4  110s
 139663 88706 13287.0000   70  272          - 12889.0000      -  48.3  115s
 144460 92188 14137.1367   92  160          - 12889.0000      -  48.8  120s
 150678 97237 13976.1148   65  207          - 12889.0000      -  49.6  126s
 154544 97454 13444.0096   71  259          - 12889.0000      -  50.0  130s
 158491 101138 13461.1411   68  275          - 12889.0000      -  50.3  135s
 165608 104709 13853.0070   71  175          - 12889.0000      -  50.6  140s
 171831 108744 13317.5128   62  276          - 12889.0000      -  51.0  145s
 176526 111739 13737.2351   63  283          - 12889.0000      -  51.5  150s
 181387 115139 13267.1200   52  384          - 12889.0000      -  51.9  155s
 187785 118916 infeasible   97               - 12889.0000      -  52.4  160s
 192139 122524 14086.0000   83  101          - 12889.0000      -  52.9  165s
 198131 126150 13570.0488   66  228          - 12889.0000      -  53.3  170s
 202942 128282 13885.2518   63  236          - 12889.0000      -  53.6  175s
 205394 130908 14109.4000   97  157          - 12889.0000      -  53.9  180s
 210492 136197 13267.0000   40  321          - 12889.0000      -  54.3  186s
 217480 137798 13269.2857   45  396          - 12889.0000      -  54.6  190s
 223371 142023 13323.1259   71  269          - 12889.0000      -  54.9  195s
 224947 146494 13289.0000   74  287          - 12889.0000      -  55.0  200s
 233422 147845 13299.3521   53  304          - 12889.0000      -  55.5  205s
 239267 151551 13678.9940   40  252          - 12889.0000      -  55.8  210s
 241321 153118 14068.1177   64  195          - 12889.0000      -  55.9  215s
 246755 156145 infeasible   72               - 12889.1534      -  56.3  221s
 252761 159565 infeasible   68               - 12889.4103      -  56.4  225s
 257168 162608 14573.5982   54  229          - 12890.3107      -  56.8  231s
 263212 165637 infeasible   69               - 12891.1324      -  56.9  235s
 270273 169899 infeasible   75               - 12892.9089      -  56.9  240s
 276672 173643 13304.5655   66  288          - 12893.1100      -  57.0  245s
 281791 176681 13911.9477   69  204          - 12895.1676      -  57.1  250s
 289499 181285 13311.4444   58  258          - 12897.0000      -  57.2  257s
 290649 183112 14516.2227  108   73          - 12897.0000      -  57.4  260s
 296703 186339 infeasible   88               - 12897.0000      -  57.4  265s
 300421 191477 13468.0420   75  243          - 12898.0000      -  57.5  270s
 308137 194217 13555.4691   66  282          - 12899.0000      -  57.7  275s
 314246 197660 14040.3358   68  192          - 12901.0000      -  57.8  280s
 321546 201444 infeasible   73               - 12903.0000      -  57.8  285s
 327154 205409 14430.0319  115  112          - 12905.0343      -  57.9  290s
 330092 206565 13866.0528   75  215          - 12906.0000      -  58.1  295s
 331725 209863 12961.2500   66  214          - 12906.0323      -  58.3  300s
 340488 213216 infeasible  102               - 12909.0000      -  58.3  305s
 344954 219453 13747.9919   75  213          - 12909.0000      -  58.5  312s
 351962 220883 13948.3085   61  225          - 12909.0000      -  58.5  315s
 358041 224543 14266.7091   76  215          - 12909.0597      -  58.5  320s
 364731 228614 13294.1049   69  285          - 12911.0000      -  58.5  325s
 371027 231546 infeasible   49               - 12913.0000      -  58.6  330s
 377732 235527 14625.0000  110   83          - 12915.2124      -  58.6  335s
 384041 239186 13436.6267   45  322          - 12916.0000      -  58.5  340s
 390182 242654 infeasible   96               - 12917.0000      -  58.5  345s
 392657 244098 14104.4739   82  162          - 12917.0000      -  58.6  350s
 397452 247060 infeasible   84               - 12917.0000      -  58.9  355s
 402562 250901 13691.0000   64  189          - 12917.0000      -  59.1  360s
 409109 254792 14644.0000   86  126          - 12919.0000      -  59.0  365s
 415626 258840 13704.0000   74  194          - 12921.0000      -  59.0  370s
 419395 263620 14085.3352   67  164          - 12921.0000      -  59.0  375s
 425678 264220 14731.8961   59  133          - 12923.0000      -  59.0  380s
 430508 267026 13267.0000   39  301          - 12925.0000      -  59.0  385s
 434985 271745 13516.9120   62  292          - 12927.0000      -  59.1  391s
 441107 274042 13312.0454   73  340          - 12929.0000      -  59.2  395s
 447460 277961 13333.0968   70  253          - 12931.0000      -  59.2  400s
 454934 282491 14212.0000   91   89          - 12931.0000      -  59.1  405s
 460832 286018 14066.5977   87  152          - 12932.0000      -  59.1  410s
 467422 289534 13614.0469   63  281          - 12933.0000      -  59.0  415s
 472574 292210 13431.7739   63  330          - 12934.0000      -  59.2  420s
 479236 296277 13351.8792   60  318          - 12937.0000      -  59.1  425s
 481177 297600 13665.0000   58  275          - 12937.0000      -  59.1  430s
 487381 301736 13718.0000   80  224          - 12938.0000      -  59.2  435s
 494752 305267 infeasible   73               - 12940.0000      -  59.2  440s
 501097 308803 13401.0000   44  404          - 12941.0000      -  59.2  445s
 507482 313192 13775.9800   70  211          - 12943.0000      -  59.2  450s
 514137 316455 13539.8510   52  238          - 12946.0000      -  59.1  455s
 517493 318664 14793.9000   79  163          - 12947.0000      -  59.1  460s
 522858 322749 13331.9606   59  392          - 12949.0000      -  59.2  465s
 530320 326681 infeasible   71               - 12951.0000      -  59.1  470s
 536464 330309 infeasible   71               - 12952.0000      -  59.1  475s
 541458 336530 13569.0000   71  188          - 12953.0000      -  59.1  482s
 549351 338100 infeasible   66               - 12954.0000      -  59.0  485s
 551801 339596 infeasible   74               - 12955.0000      -  59.1  490s
 557217 342708 13268.4225   53  326          - 12957.0000      -  59.2  495s
 562891 347063 13360.4690   76  281          - 12959.0000      -  59.2  500s
 570202 350884 14114.7165   84  110          - 12960.0000      -  59.1  505s
 576801 354727 infeasible   86               - 12961.0000      -  59.1  511s
 580714 358067 13343.9883   68  336          - 12961.2173      -  59.1  515s
 588100 361946 13586.1924   76  246          - 12963.0000      -  59.0  520s
 594856 366639 13359.5626   41  336          - 12964.1676      -  58.9  525s
 600116 370015 13685.8221   63  273          - 12966.0000      -  58.9  530s
 606586 373254 infeasible  111               - 12967.7351      -  58.9  536s
 609618 375349 14624.0527   99  100          - 12969.0000      -  58.9  540s
 616207 379471 14127.4350   95  173          - 12969.0000      -  58.9  545s
 621668 383520 13225.0000   65  196          - 12970.0000      -  58.9  550s
 627804 387380 13783.8721   73  143          - 12973.0000      -  58.9  555s
 636656 392360 infeasible  110               - 12973.0000      -  58.8  560s
 641956 396793 14859.2727  102   99          - 12973.0000      -  58.8  565s
 649988 401206 infeasible   80               - 12973.1650      -  58.8  570s
 655484 404560 13489.0000   72  281          - 12975.0000      -  58.8  575s
 659455 407210 13267.0000   84  289          - 12975.0000      -  58.8  580s
 666398 412100 14495.0000   72  153          - 12978.0000      -  58.7  585s
 673124 415983 13402.0000   55  313          - 12980.0000      -  58.7  590s
 677554 420682 13557.4953   56  226          - 12981.0000      -  58.7  595s
 682781 421612 14890.0000  122   16          - 12981.1026      -  58.7  600s

Cutting planes:
  Learned: 62
  Gomory: 100
  Cover: 577
  Implied bound: 43
  Projected implied bound: 13
  Clique: 92
  MIR: 119
  StrongCG: 113
  Flow cover: 644
  GUB cover: 7
  Inf proof: 6
  Zero half: 10
  Network: 26
  RLT: 26
  Relax-and-lift: 41
  BQP: 1

Explored 683186 nodes (40127808 simplex iterations) in 600.19 seconds (817.77 work units)
Thread count was 8 (of 8 available processors)

Solution count 0

Solve interrupted
Best objective -, best bound 1.298110256410e+04, gap -

User-callback calls 1541655, time in user-callback 4.13 sec

Statistics for modelBBUP_W:
  Linear constraint matrix    : 12178 Constrs, 5181 Vars, 45960 NZs
  Variable types              : 1726 Continuous,
3455 Integer (649 Binary)
  Matrix coefficient range    : [ 1, 384 ]
  Objective coefficient range : [ 1, 384 ]
  Variable bound range        : [ 1, 199 ]
  RHS coefficient range       : [ 1, 14932.2 ]
