
Gurobi 10.0.1 (mac64[arm]) logging started Sat Mar 30 00:01:39 2024

Set parameter LogFile to value "/Users/deniserings/Documents/zib/s-bahn-data/scripts/DeniseMA/processed/BBUP_W/RINS/BBUP_W_202403292026_other alternatives_0.9.log"
Gurobi Optimizer version 10.0.1 build v10.0.1rc0 (mac64[arm])

CPU model: Apple M2
Thread count: 8 physical cores, 8 logical processors, using up to 8 threads

Optimize a model with 12187 rows, 5181 columns and 45969 nonzeros
Model fingerprint: 0xdc7dad88
Variable types: 1726 continuous, 3455 integer (649 binary)
Coefficient statistics:
  Matrix range     [1e+00, 4e+02]
  Objective range  [1e+00, 4e+02]
  Bounds range     [1e+00, 2e+02]
  RHS range        [1e+00, 1e+04]

User MIP start did not produce a new incumbent solution
User MIP start violates constraint objective_cutoff by 150.830000000

Presolve removed 5661 rows and 1779 columns
Presolve time: 0.09s
Presolved: 6526 rows, 3402 columns, 25261 nonzeros
Variable types: 933 continuous, 2469 integer (2469 binary)

Root relaxation: objective 1.268804e+04, 2364 iterations, 0.02 seconds (0.02 work units)
Another try with MIP start

    Nodes    |    Current Node    |     Objective Bounds      |     Work
 Expl Unexpl |  Obj  Depth IntInf | Incumbent    BestBd   Gap | It/Node Time

     0     0 12688.0447    0  103          - 12688.0447      -     -    0s
     0     0 12706.3550    0  451          - 12706.3550      -     -    0s
     0     0 12706.3550    0  480          - 12706.3550      -     -    0s
     0     0 12795.2712    0  506          - 12795.2712      -     -    0s
     0     0 12795.2712    0  427          - 12795.2712      -     -    0s
     0     0 12795.2913    0  497          - 12795.2913      -     -    0s
     0     0 12795.3620    0  426          - 12795.3620      -     -    0s
     0     0 12795.3821    0  441          - 12795.3821      -     -    0s
     0     0 12795.3821    0  555          - 12795.3821      -     -    0s
     0     0 12795.3821    0  206          - 12795.3821      -     -    0s
     0     2 12795.3821    0  185          - 12795.3821      -     -    1s
  1952  1468 12911.0497   56  106          - 12869.0000      -  42.7    5s
  3377  2560 13178.0741  100  178          - 12869.0000      -  28.0   10s
  9711  6247 13271.0270   97  266          - 12869.0000      -  35.9   15s
 16744 11871 13710.5882   91  179          - 12869.0000      -  36.8   20s
 26369 16569 13023.3736   73  110          - 12869.0000      -  37.2   25s
 30295 19908 13435.0000   80  209          - 12869.0000      -  37.3   33s
 31989 20182 12957.0000   57  187          - 12869.0000      -  37.7   35s
 39978 26580 14328.2000  121   57          - 12869.0000      -  38.9   40s
 48006 31449 13547.0000   63  169          - 12869.0000      -  39.1   45s
 56037 36643 13218.0000   58  214          - 12869.0000      -  39.5   50s
*57716 31871             122    14077.999995 12869.0000  8.59%  39.3   50s
H58189 31692                    14058.000000 12869.0000  8.46%  39.2   50s
H58223 31615                    14048.000000 12869.0000  8.39%  39.2   50s
 61216 35588     cutoff   50      14048.0000 12869.0000  8.39%  40.0   57s
H61743 35588                    14047.999995 12869.0000  8.39%  40.2   57s
H62825 35199                    13998.000000 12869.0000  8.07%  40.7   57s
H65762 35234                    13994.000000 12869.0000  8.04%  41.8   59s
 65900 35408 infeasible   70      13994.0000 12869.0000  8.04%  42.1   60s
H66181 35403                    13993.000000 12869.0000  8.03%  42.4   60s
H66431 35669                    13992.999996 12869.0000  8.03%  42.7   62s
 67204 36114 13225.0000   56  239 13993.0000 12869.0000  8.03%  43.7   65s
 68465 36691 infeasible   80      13993.0000 12869.0000  8.03%  45.0   72s
 69102 37263 13217.1498   53  267 13993.0000 12869.0000  8.03%  45.9   77s
 70460 37852 13316.7596   54  215 13993.0000 12869.0000  8.03%  47.1   81s
 71553 38635 13162.4488   72  297 13993.0000 12869.0000  8.03%  48.5   86s
 73325 39054 13169.0000   54  195 13993.0000 12869.9208  8.03%  50.1   90s
 74550 40173 12926.4519   46  279 13993.0000 12871.0000  8.02%  51.6   95s
 76184 40906 infeasible   41      13993.0000 12871.0000  8.02%  52.5  102s
 77749 41596 12872.4759   44  409 13993.0000 12872.4519  8.01%  54.3  107s
 78973 42387 13267.0000   37  275 13993.0000 12872.4519  8.01%  55.3  113s
 80503 42468 12953.7407   45  375 13993.0000 12872.4519  8.01%  56.6  119s
 80652 43082 13545.0000   48  260 13993.0000 12872.4519  8.01%  56.8  124s
 81843 43810 12930.6234   47  457 13993.0000 12872.4519  8.01%  57.9  130s
 83120 44432 12872.6629   42  441 13993.0000 12872.4519  8.01%  59.0  135s
 84237 45192     cutoff   66      13993.0000 12872.4519  8.01%  60.1  141s
 85503 45959 13133.0000   43  308 13993.0000 12872.4519  8.01%  61.2  150s
 86969 47208 13618.2081   46  198 13993.0000 12872.4519  8.01%  62.4  157s
 89352 47795 13082.6305   43  309 13993.0000 12872.4519  8.01%  63.3  165s
 90451 48426 infeasible   48      13993.0000 12872.4519  8.01%  64.5  170s
 92003 49254     cutoff   76      13993.0000 12872.4519  8.01%  65.7  178s
 93021 50581 13012.4516   51  365 13993.0000 12872.4519  8.01%  66.6  184s
 95172 51156 12872.4519   32  395 13993.0000 12872.4519  8.01%  67.8  188s
 96454 51767 13423.0202   39  326 13993.0000 12872.4519  8.01%  68.5  192s
 97576 52287 13039.2550   58  321 13993.0000 12872.4519  8.01%  69.3  197s
 98410 52944 13244.3511   38  214 13993.0000 12872.4519  8.01%  69.9  201s
 99608 54501 12929.0600   51  334 13993.0000 12872.4519  8.01%  70.8  206s
 103532 55712 13100.1396   40  264 13993.0000 12872.4519  8.01%  72.1  213s
 104512 56271 13168.3877   46  379 13993.0000 12872.4519  8.01%  72.8  216s
H104649 56271                    13992.999970 12872.4519  8.01%  72.9  216s
 105407 56861 13173.0000   72  205 13993.0000 12872.4519  8.01%  73.3  220s
 106888 57766 12872.4720   49  495 13993.0000 12872.4519  8.01%  74.3  227s
 107946 58494 12902.4519   45  355 13993.0000 12872.4519  8.01%  74.9  233s
 109211 59427 infeasible   46      13993.0000 12872.4519  8.01%  76.1  238s
 110882 60794 13600.0049   73  119 13993.0000 12872.4519  8.01%  77.0  243s
H112291 60794                    13992.999887 12872.4519  8.01%  77.2  243s
H113489 61252                    13992.999874 12872.4519  8.01%  77.6  247s
 114316 61677 13195.7946   47  428 13992.9999 12872.4519  8.01%  78.3  252s
 115111 62378 13168.6118   46  457 13992.9999 12872.4519  8.01%  78.9  256s
 116301 63184 13605.7032   59  242 13992.9999 12872.4519  8.01%  79.5  261s
 117750 63757 12872.9571   52  532 13992.9999 12872.4519  8.01%  80.2  265s
 118840 64518 12979.2061   55  546 13992.9999 12872.4519  8.01%  80.8  270s
 121129 65454 13012.2917   44  278 13992.9999 12872.4519  8.01%  82.1  277s
 121737 66170 infeasible   54      13992.9999 12872.4519  8.01%  82.4  281s
 123014 67157 12872.4519   51  360 13992.9999 12872.4519  8.01%  83.1  286s
 124781 67830 12872.4519   42  428 13992.9999 12872.4519  8.01%  83.7  290s
 126080 68550 12874.1532   43  439 13992.9999 12872.4519  8.01%  84.1  295s
 128553 69822 12872.6401   49  298 13992.9999 12872.4519  8.01%  85.1  303s
 129692 70433 12927.0000   49  219 13992.9999 12872.4519  8.01%  85.6  308s
 130667 70916 13096.5270   45  290 13992.9999 12872.4519  8.01%  86.0  312s
 131511 71456 13863.5046   52  359 13992.9999 12872.4519  8.01%  86.4  317s
 132522 71991 12931.2461   48  379 13992.9999 12872.4519  8.01%  87.0  322s
 133468 72654 13017.4416   50  273 13992.9999 12872.4519  8.01%  87.6  326s
 134510 73162 12923.1289   45  432 13992.9999 12872.4519  8.01%  88.1  331s
 135345 73946 13548.7846   61  289 13992.9999 12872.4519  8.01%  88.5  337s
 137237 75022 13310.4741   58  320 13992.9999 12872.4977  8.01%  89.2  346s
 138964 75702 13141.5151   61  313 13992.9999 12872.6019  8.01%  89.8  352s
 140262 76348 12876.1082   45  484 13992.9999 12872.6629  8.01%  90.5  357s
 141397 76925 13811.0000   59  239 13992.9999 12872.6629  8.01%  90.9  362s
 142559 77604 13784.8965   62  246 13992.9999 12872.7454  8.01%  91.4  367s
 143765 78318 12894.3099   54  490 13992.9999 12872.9065  8.00%  91.8  372s
 145086 78743 infeasible   45      13992.9999 12873.0851  8.00%  92.3  376s
 145896 79360 12887.9138   49  345 13992.9999 12873.2573  8.00%  92.7  381s
 147000 80030 12907.6262   43  457 13992.9999 12873.5452  8.00%  93.0  385s
 149342 81067 13125.7657   60  183 13992.9999 12874.4345  7.99%  93.9  394s
 150252 81495 12895.6607   57  499 13992.9999 12874.4519  7.99%  94.3  398s
 151105 81849 13131.3716   57  403 13992.9999 12874.6456  7.99%  94.7  402s
 151835 82122 13342.2758   48  335 13992.9999 12874.8575  7.99%  95.1  405s
 152365 82887 13088.0546   50  373 13992.9999 12875.2871  7.99%  95.3  410s
 154871 83974 12878.6591   45  362 13992.9999 12875.8623  7.98%  96.1  419s
 155745 84424 13161.3134   47  209 13992.9999 12876.0734  7.98%  96.5  424s
 156673 84864     cutoff   49      13992.9999 12876.0734  7.98%  97.1  429s
 157548 85398 12876.0734   44  378 13992.9999 12876.0734  7.98%  97.6  434s
 158605 85955     cutoff   64      13992.9999 12876.0734  7.98%  97.9  439s
 159903 86475 13518.4767   58  245 13992.9999 12876.0734  7.98%  98.4  444s
 160951 87028 13288.9846   77  199 13992.9999 12876.1581  7.98%  98.7  448s
 162100 87432 12914.7932   41  419 13992.9999 12876.4345  7.98%  99.1  453s
 162909 87905 13147.9000   52  195 13992.9999 12876.6082  7.98%  99.5  458s
 164055 88121 13114.4640   54  358 13992.9999 12876.9638  7.98%   100  462s
 164567 88570 13915.1768   44  189 13992.9999 12877.1494  7.97%   100  467s
 165542 89025 12971.9037   46  342 13992.9999 12877.4519  7.97%   101  472s
 166985 89900 12942.2688   52  489 13992.9999 12877.9591  7.97%   101  480s
 168326 90315 13885.0000   69  177 13992.9999 12878.3998  7.97%   102  485s
 169256 90750 12961.6347   51  402 13992.9999 12878.9148  7.96%   102  490s
 170982 91742 13024.3896   50  390 13992.9999 12879.6764  7.96%   103  500s
 171994 92360 12892.5528   44  375 13992.9999 12879.8278  7.96%   103  505s
 174179 93456 12895.9570   58  369 13992.9999 12881.0000  7.95%   104  513s
 175424 94066 13176.0000   52  139 13992.9999 12881.4172  7.94%   105  518s
 176610 94681 13929.0000   60  159 13992.9999 12882.4393  7.94%   105  522s
 177874 95177 13645.6848   53  344 13992.9999 12882.8107  7.93%   105  526s
 178926 95818     cutoff   74      13992.9999 12883.3597  7.93%   106  530s
 181539 96763 13203.5379   45  312 13992.9999 12884.3839  7.92%   106  537s
 182174 97068 13318.0417   63  360 13992.9999 12884.4438  7.92%   106  540s
 184036 98102 13905.4049   53  242 13992.9999 12885.3801  7.92%   107  548s
 185005 98386 infeasible   92      13992.9999 12885.8623  7.91%   107  553s
 185876 98746 13148.4104   31  445 13992.9999 12886.0000  7.91%   108  557s
 186692 99295 13630.0000   54  177 13992.9999 12886.3304  7.91%   108  562s
 187719 99923 13328.2701   54  381 13992.9999 12886.4456  7.91%   108  566s
 189010 100420 13075.0328   59  341 13992.9999 12886.6600  7.91%   109  570s
 191048 101718 13360.7651   63  343 13992.9999 12887.7595  7.90%   109  579s
 192473 102244 12905.6738   43  316 13992.9999 12887.7595  7.90%   110  584s
 193669 102576 13602.4611   52  319 13992.9999 12889.0000  7.89%   110  588s
 194449 103117 infeasible   54      13992.9999 12889.0000  7.89%   111  594s
 195464 103463 13390.7580   57  207 13992.9999 12889.0000  7.89%   111  600s
 196909 104166 12970.3762   42  169 13992.9999 12889.0000  7.89%   112  610s
 198111 104622 12930.0848   45  388 13992.9999 12889.0000  7.89%   113  616s
 199213 105192 12937.0129   43  441 13992.9999 12889.0000  7.89%   113  623s
 200447 105842 12924.4104   41  403 13992.9999 12889.0000  7.89%   114  630s
 201835 106374 13190.6524   63  371 13992.9999 12889.0000  7.89%   115  638s
 203106 106946 13915.7476   65  260 13992.9999 12889.0000  7.89%   115  645s
 204281 107428     cutoff   56      13992.9999 12889.0000  7.89%   116  653s
 205470 107948 12920.9237   51  381 13992.9999 12889.0000  7.89%   117  661s

Cutting planes:
  Learned: 138
  Gomory: 237
  Cover: 2007
  Implied bound: 487
  Projected implied bound: 23
  Clique: 158
  MIR: 651
  StrongCG: 153
  Flow cover: 2740
  GUB cover: 3
  Inf proof: 26
  Zero half: 37
  Network: 27
  RLT: 100
  Relax-and-lift: 101

Explored 206618 nodes (24290700 simplex iterations) in 661.58 seconds (1042.77 work units)
Thread count was 8 (of 8 available processors)

Solution count 10: 13993 13993 13993 ... 14058

Solve interrupted
Best objective 1.399299987420e+04, best bound 1.288899999552e+04, gap 7.8897%

User-callback calls 639248, time in user-callback 1.71 sec

Statistics for modelBBUP_W:
  Linear constraint matrix    : 12187 Constrs, 5181 Vars, 45969 NZs
  Variable types              : 1726 Continuous,
3455 Integer (649 Binary)
  Matrix coefficient range    : [ 1, 384 ]
  Objective coefficient range : [ 1, 384 ]
  Variable bound range        : [ 1, 199 ]
  RHS coefficient range       : [ 1, 14932.2 ]
