
Gurobi 10.0.1 (mac64[arm]) logging started Thu Apr  4 16:28:55 2024

Set parameter LogFile to value "/Users/deniserings/Documents/zib/s-bahn-data/scripts/DeniseMA/processed/BBKS_BWT/original/BBKS_BWT_202404041628_start_sol.log"
Gurobi Optimizer version 10.0.1 build v10.0.1rc0 (mac64[arm])

CPU model: Apple M2
Thread count: 8 physical cores, 8 logical processors, using up to 8 threads

Optimize a model with 10168 rows, 4381 columns and 42462 nonzeros
Model fingerprint: 0xc22cc4e4
Variable types: 1295 continuous, 3086 integer (911 binary)
Coefficient statistics:
  Matrix range     [1e+00, 2e+02]
  Objective range  [1e+00, 4e+02]
  Bounds range     [1e+00, 2e+02]
  RHS range        [1e+00, 5e+02]

Loaded user MIP start with objective 10495

Presolve removed 3707 rows and 1157 columns
Presolve time: 0.48s
Presolved: 6461 rows, 3224 columns, 30338 nonzeros
Variable types: 759 continuous, 2465 integer (2465 binary)

Root relaxation: objective 9.096000e+03, 2064 iterations, 0.19 seconds (0.05 work units)

    Nodes    |    Current Node    |     Objective Bounds      |     Work
 Expl Unexpl |  Obj  Depth IntInf | Incumbent    BestBd   Gap | It/Node Time

     0     0 9096.00000    0  186 10495.0000 9096.00000  13.3%     -    1s
     0     0 9096.00000    0  318 10495.0000 9096.00000  13.3%     -    1s
     0     0 9096.00000    0  275 10495.0000 9096.00000  13.3%     -    1s
     0     0 9097.32110    0  164 10495.0000 9097.32110  13.3%     -    2s
     0     0 9097.32110    0  195 10495.0000 9097.32110  13.3%     -    2s
     0     0 9106.00000    0  268 10495.0000 9106.00000  13.2%     -    2s
     0     0 9106.00000    0  214 10495.0000 9106.00000  13.2%     -    2s
     0     0 9106.00000    0  287 10495.0000 9106.00000  13.2%     -    3s
     0     0 9106.00000    0  255 10495.0000 9106.00000  13.2%     -    3s
     0     0 9106.00000    0  168 10495.0000 9106.00000  13.2%     -    3s
     0     0 9106.00000    0  226 10495.0000 9106.00000  13.2%     -    4s
     0     0 9106.04883    0  180 10495.0000 9106.04883  13.2%     -    4s
     0     0 9106.05124    0  216 10495.0000 9106.05124  13.2%     -    4s
     0     0 9106.05124    0  226 10495.0000 9106.05124  13.2%     -    4s
     0     0 9106.14097    0  288 10495.0000 9106.14097  13.2%     -    4s
     0     0 9106.15253    0  259 10495.0000 9106.15253  13.2%     -    4s
     0     0 9106.15253    0  238 10495.0000 9106.15253  13.2%     -    5s
     0     0 9107.00000    0  221 10495.0000 9107.00000  13.2%     -    5s
     0     0 9107.15231    0  242 10495.0000 9107.15231  13.2%     -    5s
     0     0 9107.15231    0  255 10495.0000 9107.15231  13.2%     -    5s
     0     0 9107.32039    0  296 10495.0000 9107.32039  13.2%     -    5s
     0     0 9107.32039    0  274 10495.0000 9107.32039  13.2%     -    5s
     0     0 9107.32039    0  281 10495.0000 9107.32039  13.2%     -    5s
     0     0 9107.32039    0  262 10495.0000 9107.32039  13.2%     -    6s
     0     0 9107.32039    0  136 10495.0000 9107.32039  13.2%     -    6s
     0     0 9107.32039    0  189 10495.0000 9107.32039  13.2%     -    6s
     0     0 9107.32039    0  185 10495.0000 9107.32039  13.2%     -    7s
     0     0 9107.32039    0  185 10495.0000 9107.32039  13.2%     -    7s
     0     2 9107.32039    0  148 10495.0000 9107.32039  13.2%     -    7s
   275   274 9162.00000   16  233 10495.0000 9120.00000  13.1%  93.0   10s
H  285   274                    10494.999983 9120.00000  13.1%  90.7   10s
H 1372  1130                    10485.000000 9120.00000  13.0%  50.0   13s
  1628  1309 9415.35027   33  182 10485.0000 9120.00000  13.0%  47.5   15s
H 1642  1251                    10483.000000 9138.50069  12.8%  47.1   19s
  1644  1256 9138.50069   14  201 10483.0000 9138.50069  12.8%  58.2   20s
H 1769  1275                    10477.000000 9138.71208  12.8%  61.0   20s
H 1815  1243                    10468.000000 9138.71208  12.7%  60.6   21s
  2166  1466 9644.00000   46  114 10468.0000 9138.71208  12.7%  57.4   25s
  4058  2246 9388.00000   30  176 10468.0000 9138.86847  12.7%  46.4   30s
  5731  3344 9222.42271   23  250 10468.0000 9139.03661  12.7%  44.8   35s
  6774  3892 9528.10753   39  121 10468.0000 9139.35096  12.7%  45.6   40s
  8328  5243 9146.27479   26  276 10468.0000 9140.89895  12.7%  45.6   45s
 10268  6754 9804.00000   78   60 10468.0000 9141.09633  12.7%  45.4   50s
 11650  7643 9182.17311   23  273 10468.0000 9141.30643  12.7%  45.2   55s
H12237  7705                    10467.999808 9141.46856  12.7%  45.4   58s
 12772  8451 infeasible   37      10467.9998 9141.61546  12.7%  45.5   60s
 13332  8768 infeasible   41      10467.9998 9141.64090  12.7%  45.5   65s
 15120 10065 9487.86524   40  159 10467.9998 9141.94122  12.7%  46.0   71s
 16311 10889 infeasible   38      10467.9998 9142.54307  12.7%  46.3   75s
 17691 11955 9150.31464   27  307 10467.9998 9142.97603  12.7%  46.9   81s
 18550 12113 9362.07730   28  154 10467.9998 9143.27406  12.7%  46.8   85s
 20693 14046 infeasible   44      10467.9998 9143.85419  12.6%  47.1   92s
 21678 14439 9145.49917   27  230 10467.9998 9144.28261  12.6%  47.2   95s
 22869 15407 9790.03100   40  170 10467.9998 9145.32581  12.6%  47.5  101s
 24268 16367 9190.14891   31  221 10467.9998 9145.53634  12.6%  47.8  106s
 25307 16965 9589.72855   33  189 10467.9998 9145.59012  12.6%  48.1  111s
 26287 16975 9930.00000   54   99 10467.9998 9146.21432  12.6%  48.2  115s
 27396 17901 10227.0000   66   87 10467.9998 9147.10296  12.6%  48.3  122s
 27736 18457 9886.00216   67  101 10467.9998 9147.23586  12.6%  48.3  125s
 29102 18732 9498.00000   46  185 10467.9998 9147.84319  12.6%  48.4  148s
 29105 18734 9276.18242   34  202 10467.9998 9147.84319  12.6%  48.4  150s
 29110 18737 9255.21381   39  311 10467.9998 9147.84319  12.6%  48.4  156s
 29113 18739 9196.31024   35  380 10467.9998 9147.84319  12.6%  48.4  161s
 29116 18741 9178.01901   24  384 10467.9998 9147.84319  12.6%  48.4  166s
 29118 18743 9880.00000   54  378 10467.9998 9147.84319  12.6%  48.4  170s
 29120 18744 10298.0000   70  317 10467.9998 9147.84319  12.6%  48.4  175s
 29122 18745 10090.0000   52  354 10467.9998 9147.84319  12.6%  48.4  180s
 29124 18747 9572.14393   33  350 10467.9998 9147.84319  12.6%  48.4  185s
 29127 18749 10447.0000   77  281 10467.9998 9147.84319  12.6%  48.4  192s
 29129 18750 10109.0000   83  301 10467.9998 9147.84319  12.6%  48.4  197s
 29131 18751 9778.00000   66  180 10467.9998 9147.84319  12.6%  48.4  201s
 29133 18753 9556.00000   45  282 10467.9998 9147.84319  12.6%  48.4  205s
 29136 18755 10088.0000   66  344 10467.9998 9147.84319  12.6%  48.4  211s
 29138 18756 10438.0000  114  282 10467.9998 9147.84319  12.6%  48.4  216s
 29140 18757 9240.00000   39  262 10467.9998 9147.84319  12.6%  48.4  220s
 29142 18759 9242.20990   68  303 10467.9998 9147.84319  12.6%  48.4  226s
 29145 18761 10227.9179   71  217 10467.9998 9147.84319  12.6%  48.3  232s
 29148 18763 9166.75223   30  302 10467.9998 9147.84319  12.6%  48.3  236s
 29150 18764 9972.35842   37  246 10467.9998 9147.84319  12.6%  48.3  243s
 29151 18765 10211.0000   71  343 10467.9998 9147.84319  12.6%  48.3  245s
 29153 18766 9582.00000   42  356 10467.9998 9147.84319  12.6%  48.3  252s
 29154 18767 9648.00000   54  273 10467.9998 9147.84319  12.6%  48.3  255s
 29157 18769 10150.0000   64  382 10467.9998 9147.84319  12.6%  48.3  261s
 29159 18770 9176.59754   27  374 10467.9998 9147.84319  12.6%  48.3  266s
 29161 18771 10120.0310   36  416 10467.9998 9147.84319  12.6%  48.3  272s
 29162 18772 9672.52125   53  289 10467.9998 9147.84319  12.6%  48.3  275s
 29164 18773 9534.00000   43  325 10467.9998 9147.84319  12.6%  48.3  281s
 29172 18779 10297.0000   75  280 10467.9998 9147.84319  12.6%  48.3  285s
 29181 18785 9866.00000   40  356 10467.9998 9147.84319  12.6%  48.3  290s
 29188 18789 9682.02876   48  336 10467.9998 9147.84319  12.6%  48.3  295s
 29198 18796 10239.0000   73  306 10467.9998 9147.84319  12.6%  48.3  300s
 29206 18801 9200.76500   34  351 10467.9998 9147.84319  12.6%  48.2  305s
 29218 18809 9880.00000   54  284 10467.9998 9147.84319  12.6%  48.2  310s
 29225 18814 10431.7201   77  401 10467.9998 9147.84319  12.6%  48.2  315s
 29234 18820 9400.07815   38  306 10467.9998 9147.84319  12.6%  48.2  320s
 29243 18826 10128.7639   40  361 10467.9998 9147.84319  12.6%  48.2  325s
 29251 18831 10211.0000   71  330 10467.9998 9147.84319  12.6%  48.2  330s
 29260 18837 9584.00000   35  362 10467.9998 9147.84319  12.6%  48.2  335s
 29269 18843 9644.11152   77  312 10467.9998 9147.84319  12.6%  48.1  340s
 29279 18850 9155.51396   26  283 10467.9998 9147.84319  12.6%  48.1  345s
 29289 18857 10069.3880   87  339 10467.9998 9147.84319  12.6%  48.1  350s
 29298 18863 10239.0000   73  289 10467.9998 9147.84319  12.6%  48.1  355s
 29307 18869 9580.85090   38  375 10467.9998 9147.84319  12.6%  48.1  360s
 29314 18873 10398.0000   62  299 10467.9998 9147.84319  12.6%  48.1  365s
 29435 18957 infeasible   31      10467.9998 9149.16667  12.6%  56.5  370s
 29702 19044 9270.92473   46  220 10467.9998 9149.16667  12.6%  56.6  375s
 30035 19247 10352.0000   70  117 10467.9998 9149.16667  12.6%  56.7  380s
 30595 19414 9152.99262   28  331 10467.9998 9151.49672  12.6%  56.9  385s
 31130 19642 infeasible   49      10467.9998 9151.57584  12.6%  58.0  390s
 31980 19899 9892.00000   48  139 10467.9998 9151.59214  12.6%  58.9  395s
 32861 20275 infeasible   34      10467.9998 9158.71850  12.5%  60.3  400s
H33210 19013                    10193.000000 9161.11380  10.1%  60.4  401s
 34549 19324 9190.43794   34  262 10193.0000 9162.84252  10.1%  61.1  405s
 36094 19854 9181.12000   36  216 10193.0000 9163.06066  10.1%  62.0  410s
 37604 20386 9358.00000   45  171 10193.0000 9163.95266  10.1%  62.6  415s
H38018 18226                    9943.0000000 9164.16583  7.83%  62.9  415s
 39052 18405 infeasible   48      9943.00000 9164.78545  7.83%  63.6  420s
H39054 17332                    9909.0000000 9164.78545  7.51%  63.6  420s
H39893 16633                    9905.0000000 9165.50829  7.47%  64.5  423s
H39918 15716                    9883.0000000 9165.64671  7.26%  64.5  423s
H40078 14899                    9876.0000000 9165.81666  7.19%  64.6  423s
 40232 15113 9178.59236   32  262 9876.00000 9166.41182  7.18%  64.6  425s
H40922 14399                    9872.0000000 9166.87028  7.14%  65.1  428s
 41205 14659 9728.00000   43  174 9872.00000 9167.29263  7.14%  65.2  430s
 42442 14920 9211.51686   34  293 9872.00000 9168.54576  7.13%  65.9  435s
H42975 14081                    9871.0000000 9168.77019  7.11%  66.3  435s
H43483 13551                    9869.0000000 9169.29125  7.09%  66.5  437s
 43622 13874 infeasible  103      9869.00000 9170.12556  7.08%  66.6  440s
 44936 14017 9398.01611   39  217 9869.00000 9172.22453  7.06%  67.2  446s
 46372 14261 9292.05369   36  282 9869.00000 9173.81459  7.04%  67.9  452s
 47217 14317 9174.27963   30  286 9869.00000 9174.23483  7.04%  68.2  455s
 49181 14415 9656.03645   40  260 9869.00000 9174.27963  7.04%  68.1  461s
 50839 14368 infeasible   42      9869.00000 9177.52641  7.01%  68.6  467s
H51109 13674                    9868.0000000 9177.63306  7.00%  68.8  467s
 51419 13997 9179.00404   32  247 9868.00000 9178.00000  6.99%  69.0  471s
 53205 14340 9532.00000   52  129 9868.00000 9178.09664  6.99%  69.4  478s
 54087 14424 infeasible   36      9868.00000 9178.21542  6.99%  69.6  482s
 54765 14661 9347.96175   34  221 9868.00000 9178.28702  6.99%  69.9  486s
 56736 14992 9348.15254   34  256 9868.00000 9178.49525  6.99%  70.0  493s
 57811 14990 9199.46258   37  258 9868.00000 9178.52387  6.99%  70.0  497s
 58546 15426 infeasible   35      9868.00000 9178.86263  6.98%  70.4  501s
 59786 15256 9213.47689   38  242 9868.00000 9179.02055  6.98%  70.2  505s
 61452 15539     cutoff   48      9868.00000 9179.19450  6.98%  70.4  511s
 62330 15598 9195.25661   35  231 9868.00000 9179.39930  6.98%  70.6  515s
 63192 15683 9776.91773   47  171 9868.00000 9179.67219  6.98%  70.9  520s
 63941 16077 9792.81367   42  187 9868.00000 9180.00000  6.97%  71.2  525s
 64908 16165 9634.81959   44  206 9868.00000 9180.00000  6.97%  71.8  531s
 65112 16527 9636.00000   50  141 9868.00000 9180.00000  6.97%  72.0  536s
 66071 17004 infeasible   60      9868.00000 9180.00000  6.97%  72.5  542s
 67187 17522 9564.08231   48  129 9868.00000 9180.06146  6.97%  73.0  549s
 68409 18194 infeasible   50      9868.00000 9180.12626  6.97%  73.2  554s
 69931 18590 9310.84002   40  162 9868.00000 9180.19048  6.97%  73.4  559s
 71067 18863 9498.23390   37  198 9868.00000 9180.19646  6.97%  73.9  565s
 72125 19581 9235.63016   36  261 9868.00000 9180.25316  6.97%  74.3  571s
 73550 20098 9778.01845   52  123 9868.00000 9180.41657  6.97%  74.3  576s
 74521 20879 9658.00000   51  137 9868.00000 9180.48635  6.97%  74.4  583s
 76125 21338 infeasible   48      9868.00000 9180.52454  6.97%  74.5  588s
 77255 21712 9608.41505   40  269 9868.00000 9180.56605  6.97%  74.8  593s
 78436 22141 9714.28329   38  196 9868.00000 9180.63777  6.97%  75.0  599s
 79436 22517 infeasible   45      9868.00000 9180.67793  6.97%  75.4  604s
 80506 22766 9356.20101   42  192 9868.00000 9180.78442  6.96%  75.6  608s
 81312 23181 9746.57656   45  193 9868.00000 9180.92367  6.96%  75.9  613s
 82306 23741 9743.99174   47  143 9868.00000 9181.05763  6.96%  76.0  618s
 83527 24107 9328.32374   41  213 9868.00000 9181.18155  6.96%  76.0  623s
 84409 24399 9435.59920   45  230 9868.00000 9181.33881  6.96%  76.1  627s
 85244 24790 9393.15699   35  292 9868.00000 9181.56635  6.96%  76.4  632s
 86177 25278 9183.53274   35  318 9868.00000 9181.79508  6.95%  76.5  636s
 87206 25686 9818.00000   38  163 9868.00000 9181.95640  6.95%  76.7  641s
 88443 26053 9194.58193   35  250 9868.00000 9182.09157  6.95%  76.8  645s
 89315 26675 9608.07668   36  195 9868.00000 9182.20101  6.95%  77.0  650s
 90483 27308 9750.64000   48  109 9868.00000 9182.41779  6.95%  77.1  655s
 93043 28054 9670.00000   45  125 9868.00000 9182.66843  6.94%  76.8  663s
 93841 28454 9566.68547   43  188 9868.00000 9182.75509  6.94%  76.9  667s
 94706 28772 9406.15398   40  189 9868.00000 9182.86531  6.94%  77.1  671s
 95548 29134 9200.20101   36  208 9868.00000 9183.05888  6.94%  77.1  675s
 96527 29394 9802.00000   44  154 9868.00000 9183.29562  6.94%  77.3  680s
 98406 30233 infeasible   40      9868.00000 9183.78371  6.93%  77.5  690s
 100304 30927 9213.88868   36  296 9868.00000 9184.33474  6.93%  77.9  698s
 101115 31251     cutoff   42      9868.00000 9184.61719  6.93%  78.1  702s
 102048 31601 9524.71478   41  208 9868.00000 9185.16894  6.92%  78.2  706s
 103052 32053 9202.00204   33  208 9868.00000 9185.48160  6.92%  78.3  710s
 105113 32721 infeasible   40      9868.00000 9185.90001  6.91%  78.4  718s
 106133 33115 9351.54571   41  282 9868.00000 9186.11230  6.91%  78.4  721s
 107024 33529 9636.37410   40  205 9868.00000 9186.32061  6.91%  78.4  725s
 108790 34232 9355.85832   37  231 9868.00000 9186.72480  6.90%  78.6  732s
 109602 34608 9320.97268   45  232 9868.00000 9187.09432  6.90%  78.7  735s
 111472 35385 9438.00000   41  198 9868.00000 9187.96358  6.89%  78.8  743s
 112358 35892 9738.00000   60   92 9868.00000 9188.03606  6.89%  78.9  747s
 113397 36342 9311.17048   36  242 9868.00000 9188.07172  6.89%  79.0  751s
 114501 36738 infeasible   42      9868.00000 9188.18749  6.89%  79.0  756s
 116405 37655 9792.00166   50  148 9868.00000 9188.19553  6.89%  79.1  764s
 117326 38000 9499.73787   50  208 9868.00000 9188.60533  6.88%  79.2  767s
 118435 38427 9376.43590   37  223 9868.00000 9188.81840  6.88%  79.2  771s
 119462 38800 infeasible   43      9868.00000 9189.11125  6.88%  79.2  775s
 121461 39542 9732.35842   49  175 9868.00000 9189.61027  6.87%  79.3  783s
 122246 39845 9476.13593   46  224 9868.00000 9189.83370  6.87%  79.5  788s
 123118 40161 9288.27602   42  212 9868.00000 9190.05041  6.87%  79.6  791s
 124127 40675 9288.01999   37  217 9868.00000 9190.36590  6.87%  79.7  795s
 125255 41016 9286.15836   40  235 9868.00000 9190.64514  6.86%  79.6  800s
 127132 41712 9240.38113   38  219 9868.00000 9191.36238  6.86%  79.7  807s
 128048 42062     cutoff   45      9868.00000 9191.75989  6.85%  79.7  811s
 129017 42507 9279.08664   36  227 9868.00000 9192.08785  6.85%  79.7  815s
 130859 43258 9290.13348   37  245 9868.00000 9192.29500  6.85%  79.8  822s
 131868 43623 9752.13348   45  211 9868.00000 9192.75594  6.84%  79.8  826s
 132909 43895 9690.39741   48  197 9868.00000 9193.05101  6.84%  79.8  831s
 134617 44535 9622.02137   47  194 9868.00000 9193.53215  6.83%  80.0  838s
 135724 44904 9293.00920   40  239 9868.00000 9193.83487  6.83%  80.0  842s
 136600 45181 9605.17557   41  166 9868.00000 9194.26659  6.83%  80.1  846s
 137566 45507 infeasible   46      9868.00000 9194.56492  6.82%  80.1  850s
 139130 46135 9563.85535   35  255 9868.00000 9195.26673  6.82%  80.4  859s
 140082 46612 9476.29982   39  183 9868.00000 9195.72063  6.81%  80.4  863s
 141117 47264 infeasible   43      9868.00000 9196.10772  6.81%  80.4  868s
 142346 47643 infeasible   58      9868.00000 9196.28538  6.81%  80.4  872s
 143312 47884 9648.08099   50  139 9868.00000 9196.58051  6.80%  80.4  875s
 145031 48546 9267.95504   38  206 9868.00000 9197.51544  6.79%  80.6  883s
 145904 49060 infeasible   42      9868.00000 9197.99437  6.79%  80.7  888s
 147062 49491 9291.90656   35  283 9868.00000 9198.02137  6.79%  80.8  893s
 148090 49890 9377.33236   48  225 9868.00000 9198.23421  6.79%  80.8  896s
 149160 50296 infeasible   37      9868.00000 9198.42314  6.79%  80.8  900s
 151129 51120 9789.18675   43  269 9868.00000 9198.90516  6.78%  80.8  908s
 152080 51483 9516.12104   38  220 9868.00000 9199.18408  6.78%  80.9  913s
 153080 51824 9856.50419   43  217 9868.00000 9199.33846  6.78%  80.9  918s
 154202 52199 9534.42012   40  195 9868.00000 9199.76005  6.77%  81.0  923s
 155392 52618 9645.94662   43  207 9868.00000 9200.00000  6.77%  81.1  928s
 156498 52948 9258.66348   41  193 9868.00000 9200.00000  6.77%  81.2  934s
 157629 53378 9638.17200   37  228 9868.00000 9200.00000  6.77%  81.3  939s
 158833 53909 9630.19048   43  220 9868.00000 9200.05824  6.77%  81.4  945s
 161480 54685 9438.50445   46  204 9868.00000 9200.19048  6.77%  81.5  955s
 163621 55570 9408.81244   40  297 9868.00000 9200.25929  6.77%  81.7  965s
 166513 56386     cutoff   58      9868.00000 9200.39066  6.77%  81.6  973s
 167626 56745 infeasible   41      9868.00000 9200.50604  6.76%  81.7  977s
 168658 57239 9257.08233   38  297 9868.00000 9200.60255  6.76%  81.7  981s
 171053 57964 9785.97695   60  141 9868.00000 9200.80547  6.76%  81.7  988s
 172018 58468 9280.47591   45  202 9868.00000 9201.10752  6.76%  81.7  992s
 173183 58817 infeasible   59      9868.00000 9201.28389  6.76%  81.7  995s
 175127 59377 9770.25090   50  167 9868.00000 9201.62637  6.75%  81.8 1004s
 175897 59720 infeasible   40      9868.00000 9201.86512  6.75%  81.8 1008s
 176953 60057 9205.62276   40  230 9868.00000 9201.98675  6.75%  81.9 1012s
 178010 60264 9774.47520   46  229 9868.00000 9202.07734  6.75%  81.9 1016s
 178930 60681 9800.00000   37  144 9868.00000 9202.15100  6.75%  82.0 1021s
 180992 61356 9619.25988   40  208 9868.00000 9202.56410  6.74%  82.0 1029s
 182003 61752 9440.44916   39  228 9868.00000 9202.88204  6.74%  82.1 1032s
 183204 62038 9688.37632   48  180 9868.00000 9202.94154  6.74%  82.1 1036s
 183455 62038 9834.33448   46  181 9868.00000 9203.00740  6.74%  82.1 1042s
 184923 62568 9528.94977   42  180 9868.00000 9203.57646  6.73%  82.2 1046s
 187073 63330     cutoff   39      9868.00000 9204.16095  6.73%  82.2 1050s
 188973 64090 9790.67778   52  212 9868.00000 9204.89226  6.72%  82.2 1055s
 190657 64559 9413.84289   42  241 9868.00000 9205.62276  6.71%  82.3 1061s
 192515 65197 9281.75301   43  243 9868.00000 9206.17035  6.71%  82.4 1067s
 193368 65564 9340.36317   45  169 9868.00000 9206.38803  6.70%  82.4 1070s
 195499 66391 9355.30180   36  240 9868.00000 9206.93984  6.70%  82.5 1076s
 197730 67070 infeasible   51      9868.00000 9207.33716  6.70%  82.4 1081s
 199589 67804 9641.58716   50  169 9868.00000 9208.00000  6.69%  82.5 1087s
 200720 68196 infeasible   46      9868.00000 9208.06146  6.69%  82.5 1090s
 202946 68894 9401.65721   37  248 9868.00000 9208.26423  6.69%  82.6 1096s
 204970 69676 9313.20980   32  267 9868.00000 9208.64499  6.68%  82.6 1101s
 207224 70442 9286.15387   41  201 9868.00000 9209.00000  6.68%  82.5 1107s
 209022 71023 9712.01653   50  137 9868.00000 9209.36504  6.67%  82.6 1113s
 210155 71257 9670.62857   53  176 9868.00000 9209.68198  6.67%  82.7 1115s
 212165 71980     cutoff   40      9868.00000 9210.13400  6.67%  82.8 1122s
 213367 72317 9777.52819   42  251 9868.00000 9210.33673  6.66%  82.8 1125s
 215106 72973 9506.06660   41  208 9868.00000 9210.91292  6.66%  82.8 1131s
 217091 73791 9329.63459   38  240 9868.00000 9211.48469  6.65%  82.8 1136s
 219104 74379 9315.61753   38  196 9868.00000 9212.19097  6.65%  82.8 1143s
 219978 74652 9630.13288   46  201 9868.00000 9212.66842  6.64%  82.9 1146s
 220896 75008 infeasible   48      9868.00000 9212.92652  6.64%  82.9 1150s
 222714 75610 infeasible   51      9868.00000 9213.76667  6.63%  82.9 1157s
 223604 75862 9624.36559   43  133 9868.00000 9214.00000  6.63%  83.0 1161s
 224431 76126     cutoff   53      9868.00000 9214.20101  6.63%  83.1 1165s
 226158 76880 infeasible   42      9868.00000 9215.01732  6.62%  83.2 1173s
 227234 77124 infeasible   38      9868.00000 9215.45611  6.61%  83.2 1177s
 228046 77460 9584.21379   40  233 9868.00000 9215.97566  6.61%  83.3 1180s
 228933 77778 infeasible   38      9868.00000 9216.31644  6.60%  83.3 1185s
 230928 78304 9381.58113   43  237 9868.00000 9217.22358  6.59%  83.4 1191s
 233107 78954 9852.12854   47  238 9868.00000 9218.02006  6.59%  83.4 1198s
 234024 79295 9454.85311   39  192 9868.00000 9218.07734  6.59%  83.4 1200s
 236230 80082     cutoff   43      9868.00000 9218.74848  6.58%  83.4 1207s
 237113 80378 9592.81123   45  217 9868.00000 9219.10706  6.58%  83.3 1211s
 238011 80893 9400.20651   47  194 9868.00000 9219.50501  6.57%  83.3 1215s
 240063 81215     cutoff   58      9868.00000 9220.02137  6.57%  83.4 1223s
 241007 81483 9252.60827   39  203 9868.00000 9220.14026  6.57%  83.5 1227s
 241910 81931 9440.32930   37  227 9868.00000 9220.38113  6.56%  83.6 1232s
 243045 82415 9385.82618   44  204 9868.00000 9220.64993  6.56%  83.5 1235s
 245452 82977 9232.96741   38  259 9868.00000 9221.43396  6.55%  83.5 1243s
 246311 83272 9371.51517   42  231 9868.00000 9221.93575  6.55%  83.5 1247s
 247304 83469 9794.59167   42  215 9868.00000 9222.05674  6.55%  83.5 1250s
 249124 84142 9345.43709   37  215 9868.00000 9222.51817  6.54%  83.6 1257s
 250106 84532 9615.96583   39  243 9868.00000 9222.96317  6.54%  83.6 1261s
 251876 84950 9768.00000   64   95 9868.00000 9223.75000  6.53%  83.7 1268s
 252830 85231 9836.57073   45  225 9868.00000 9224.26844  6.52%  83.7 1272s
 253799 85431 9361.03421   39  272 9868.00000 9224.80150  6.52%  83.8 1276s
 254670 85680 9280.68140   45  204 9868.00000 9225.33417  6.51%  83.8 1280s
 255651 85984 9790.03113   57  139 9868.00000 9225.84071  6.51%  83.9 1285s
 257930 86705 9407.59122   38  245 9868.00000 9226.24681  6.50%  83.9 1293s
 258907 87023 infeasible   49      9868.00000 9226.38450  6.50%  83.9 1297s
 259848 87423 9673.06786   39  227 9868.00000 9226.93163  6.50%  83.9 1300s
 261967 88131 9241.24059   41  261 9868.00000 9228.00000  6.49%  84.0 1309s
 262922 88485 9620.27390   38  229 9868.00000 9228.08231  6.48%  84.0 1312s
 263969 88844 9832.65150   47  155 9868.00000 9228.20566  6.48%  84.0 1317s
 265004 89197 9566.22033   47  217 9868.00000 9228.45041  6.48%  84.0 1320s
 266926 89702 infeasible   51      9868.00000 9229.22944  6.47%  84.1 1328s
 268050 89884 9448.17177   45  266 9868.00000 9229.81127  6.47%  84.1 1331s
 268817 90108 9574.33560   41  223 9868.00000 9230.16000  6.46%  84.1 1335s
 270752 90728 9771.00000   66   86 9868.00000 9230.95998  6.46%  84.2 1342s
 271767 91037 infeasible   44      9868.00000 9231.24522  6.45%  84.2 1346s
 273604 91598 9392.21075   40  244 9868.00000 9232.01935  6.44%  84.2 1351s
 274523 91892 9756.90535   46  193 9868.00000 9232.27431  6.44%  84.3 1355s
 275517 92206     cutoff   44      9868.00000 9232.96741  6.44%  84.3 1360s
 277702 92744 9696.75197   51  154 9868.00000 9233.72021  6.43%  84.2 1366s
 278580 93095 9816.00000   53  117 9868.00000 9234.22178  6.42%  84.2 1370s
 280590 93836 9692.00000   43  105 9868.00000 9234.94578  6.42%  84.2 1376s
 282487 94440 9830.81943   70   84 9868.00000 9236.05344  6.40%  84.1 1383s
 283098 94699     cutoff   53      9868.00000 9236.31576  6.40%  84.1 1386s
 283877 95036 9651.00909   41  133 9868.00000 9237.05786  6.39%  84.1 1390s
 285849 95723 9618.23755   45  246 9868.00000 9238.02137  6.38%  84.1 1398s
 286899 95937 9341.24646   39  192 9868.00000 9238.31373  6.38%  84.1 1401s
 287777 96141 infeasible   47      9868.00000 9238.83685  6.38%  84.1 1405s
 289614 96679 9541.39992   39  247 9868.00000 9240.01653  6.36%  84.1 1412s
 290568 96937 9385.07232   43  247 9868.00000 9240.20541  6.36%  84.1 1415s
 292331 97537 infeasible   47      9868.00000 9241.34995  6.35%  84.2 1422s
 293209 97735 infeasible   48      9868.00000 9241.93579  6.34%  84.2 1426s
 294013 98145 9816.06061   49  149 9868.00000 9242.24945  6.34%  84.2 1430s
 295855 98750 9781.39698   44  260 9868.00000 9243.14484  6.33%  84.2 1437s
 296918 98939 9849.02560   42  168 9868.00000 9243.67373  6.33%  84.2 1441s
 297736 99198 9638.30463   43  265 9868.00000 9244.30596  6.32%  84.2 1445s
 299468 99711 9754.11678   51  179 9868.00000 9245.20344  6.31%  84.3 1451s
 301431 100204 9776.00000   54  115 9868.00000 9246.32603  6.30%  84.3 1458s
 302351 100436 9437.13247   38  202 9868.00000 9247.27643  6.29%  84.3 1461s
 303324 100702 9676.40819   57  165 9868.00000 9247.99727  6.28%  84.3 1465s
 305163 101073 9269.82058   47  221 9868.00000 9249.04307  6.27%  84.3 1472s
 305949 101328 9590.11103   40  260 9868.00000 9249.80868  6.26%  84.3 1476s
 306952 101651 9701.04150   44  179 9868.00000 9250.11580  6.26%  84.4 1480s
 308893 102201 9607.64838   43  195 9868.00000 9250.59872  6.26%  84.3 1487s
 309807 102511     cutoff   44      9868.00000 9251.14261  6.25%  84.3 1491s
 309893 102511 9734.09470   48  195 9868.00000 9251.15844  6.25%  84.3 1496s
 310714 102803 9462.09070   37  227 9868.00000 9251.75839  6.24%  84.3 1500s
 312442 103215 9253.01592   38  277 9868.00000 9252.76303  6.23%  84.3 1506s
 313397 103437 9680.22422   46  180 9868.00000 9253.38483  6.23%  84.4 1510s
 315095 104047 9440.36939   40  210 9868.00000 9254.50101  6.22%  84.4 1517s
 316106 104333 infeasible   48      9868.00000 9255.29917  6.21%  84.4 1520s
 317994 104861     cutoff   50      9868.00000 9256.26891  6.20%  84.3 1527s
 318951 105094 infeasible   38      9868.00000 9257.17887  6.19%  84.3 1530s
 320900 105740 9415.74916   35  289 9868.00000 9258.06146  6.18%  84.2 1537s
 321914 106019 9804.00000   52  137 9868.00000 9258.37337  6.18%  84.2 1540s
 323768 106681 9428.57839   44  218 9868.00000 9258.83804  6.17%  84.2 1547s
 324844 107041 9754.66698   38  163 9868.00000 9259.20818  6.17%  84.2 1552s
 325938 107231 infeasible   54      9868.00000 9259.44634  6.17%  84.2 1555s
 327757 107897 9782.06452   54   99 9868.00000 9259.93127  6.16%  84.2 1563s
 328803 108116 9261.50297   40  292 9868.00000 9260.17883  6.16%  84.2 1566s
 329671 108309 9428.68957   40  276 9868.00000 9260.58704  6.16%  84.2 1570s
 331358 108841 9650.21423   40  144 9868.00000 9261.43148  6.15%  84.2 1578s
 332267 109096 9512.89547   41  248 9868.00000 9261.81748  6.14%  84.2 1581s
 333214 109304 9636.71228   40  186 9868.00000 9262.07734  6.14%  84.3 1585s
 334989 109822 9296.23068   41  226 9868.00000 9262.88301  6.13%  84.3 1593s
 335864 110127 9688.54253   44  185 9868.00000 9263.25866  6.13%  84.3 1596s
 336804 110357 9810.26385   57  141 9868.00000 9263.86807  6.12%  84.3 1600s
 338684 110803 9822.18998   56  124 9868.00000 9265.28525  6.11%  84.3 1606s
 340356 111330 9690.05549   50  200 9868.00000 9266.46476  6.10%  84.3 1612s
 341145 111558 9632.16773   40  278 9868.00000 9266.97493  6.09%  84.3 1615s
 342923 111993 9650.33984   41  175 9868.00000 9268.22608  6.08%  84.3 1622s
 343854 112212 9468.01916   44  244 9868.00000 9268.87543  6.07%  84.3 1626s
 345669 112745 9529.08911   44  215 9868.00000 9270.03760  6.06%  84.3 1633s
 346511 113018 infeasible   42      9868.00000 9270.48055  6.06%  84.4 1637s
 347499 113209     cutoff   42      9868.00000 9270.92473  6.05%  84.3 1641s
 349277 113793     cutoff   50      9868.00000 9272.02139  6.04%  84.4 1648s
 350094 114085     cutoff   45      9868.00000 9272.48103  6.03%  84.4 1652s
 351142 114374 9414.25156   40  185 9868.00000 9273.05447  6.03%  84.3 1655s
 353053 114866 infeasible   54      9868.00000 9274.23771  6.02%  84.3 1663s
 353970 114978 9710.00000   50  148 9868.00000 9274.93127  6.01%  84.3 1666s
 354690 115214     cutoff   46      9868.00000 9275.86726  6.00%  84.3 1671s

Cutting planes:
  Learned: 191
  Gomory: 223
  Cover: 1351
  Implied bound: 72
  Projected implied bound: 5
  Clique: 14
  MIR: 1656
  StrongCG: 126
  Flow cover: 4529
  GUB cover: 3
  Inf proof: 19
  Zero half: 281
  Mod-K: 2
  Network: 7
  RLT: 139
  Relax-and-lift: 66

Explored 355753 nodes (30036700 simplex iterations) in 1672.79 seconds (1074.53 work units)
Thread count was 8 (of 8 available processors)

Solution count 10: 9868 9869 9871 ... 10193

Solve interrupted
Best objective 9.868000000000e+03, best bound 9.276099646203e+03, gap 5.9982%

User-callback calls 954514, time in user-callback 4.67 sec

Statistics for modelBBKS_BWT:
  Linear constraint matrix    : 10168 Constrs, 4381 Vars, 42462 NZs
  Variable types              : 1295 Continuous,
3086 Integer (911 Binary)
  Matrix coefficient range    : [ 1, 200 ]
  Objective coefficient range : [ 1, 382 ]
  Variable bound range        : [ 1, 199 ]
  RHS coefficient range       : [ 1, 549 ]
