
Gurobi 10.0.1 (mac64[arm]) logging started Mon Apr  8 02:29:07 2024

Set parameter LogFile to value "/Users/deniserings/Documents/zib/s-bahn-data/scripts/DeniseMA/processed/BBUP_O/Branching/BBUP_O_random3_subMBP202404072240.log"
Gurobi Optimizer version 10.0.1 build v10.0.1rc0 (mac64[arm])

CPU model: Apple M2
Thread count: 8 physical cores, 8 logical processors, using up to 8 threads

Optimize a model with 14337 rows, 5774 columns and 53193 nonzeros
Model fingerprint: 0xd71e4464
Variable types: 2447 continuous, 3327 integer (68 binary)
Coefficient statistics:
  Matrix range     [1e+00, 2e+02]
  Objective range  [1e+00, 4e+02]
  Bounds range     [1e+00, 2e+02]
  RHS range        [1e+00, 5e+02]

Loaded user MIP start with objective 15761

Presolve removed 6991 rows and 2173 columns
Presolve time: 0.10s
Presolved: 7346 rows, 3601 columns, 28455 nonzeros
Variable types: 1078 continuous, 2523 integer (2523 binary)

Root relaxation: objective 1.324604e+04, 2469 iterations, 0.02 seconds (0.02 work units)

    Nodes    |    Current Node    |     Objective Bounds      |     Work
 Expl Unexpl |  Obj  Depth IntInf | Incumbent    BestBd   Gap | It/Node Time

     0     0 13246.0447    0   91 15761.0000 13246.0447  16.0%     -    0s
     0     0 13290.1860    0  341 15761.0000 13290.1860  15.7%     -    0s
     0     0 13292.0000    0  360 15761.0000 13292.0000  15.7%     -    0s
     0     0 13306.6326    0  463 15761.0000 13306.6326  15.6%     -    0s
     0     0 13306.6326    0  472 15761.0000 13306.6326  15.6%     -    0s
     0     0 13306.6326    0  537 15761.0000 13306.6326  15.6%     -    0s
     0     0 13306.6326    0  455 15761.0000 13306.6326  15.6%     -    0s
     0     0 13310.9367    0  120 15761.0000 13310.9367  15.5%     -    0s
     0     0 13310.9367    0  299 15761.0000 13310.9367  15.5%     -    0s
H    0     0                    15760.999971 13310.9367  15.5%     -    0s
     0     0 13310.9367    0  194 15761.0000 13310.9367  15.5%     -    0s
     0     0 13310.9367    0  193 15761.0000 13310.9367  15.5%     -    1s
     0     2 13310.9367    0  176 15761.0000 13310.9367  15.5%     -    1s
H  343   412                    15756.000000 13318.0000  15.5%  88.8    2s
H  850   825                    15755.000000 13318.0000  15.5%  59.0    3s
H  930   825                    15753.999945 13318.0000  15.5%  55.9    3s
H  980   825                    15753.999937 13318.0000  15.5%  56.1    3s
H 1515  1298                    15751.000000 13318.0000  15.4%  46.5    3s
H 1715  1234                    15750.000000 13318.0000  15.4%  45.8    4s
  1722  1239 13636.0000   49  309 15750.0000 13318.2086  15.4%  45.6    5s
H 1736  1186                    15749.999935 13325.9487  15.4%  45.2    7s
H 1737  1127                    15744.000000 13325.9487  15.4%  45.2    8s
H 1738  1071                    15009.000000 13325.9487  11.2%  45.2    8s
H 1738  1017                    15000.999975 13325.9487  11.2%  45.2    8s
H 1740   967                    14992.000000 13325.9487  11.1%  45.1    8s
H 1741   921                    14972.000000 13325.9487  11.0%  64.9    8s
H 1924   987                    14967.000000 13328.0000  11.0%  63.2    9s
H 1925   942                    14960.000000 13328.0000  10.9%  63.2    9s
H 1927   900                    14959.000000 13328.0000  10.9%  63.2    9s
  1956   920 13348.0000   28  171 14959.0000 13328.0000  10.9%  63.1   10s
H 2088   941                    14935.000000 13328.0000  10.8%  61.1   10s
H 2186   950                    14933.000000 13328.0000  10.7%  59.3   10s
H 2292   938                    14932.999947 13328.0000  10.7%  58.5   11s
H 2294   903                    14932.999937 13328.0000  10.7%  58.5   11s
  6038  2908 14531.2917   57  116 14932.9999 13328.0000  10.7%  42.8   15s
H 8190  4230                    14932.995826 13328.0000  10.7%  42.6   17s
 10168  5524 13967.0000   62  207 14932.9958 13328.0000  10.7%  42.7   20s
 13673  8117 14823.0000   52   77 14932.9958 13328.0000  10.7%  44.3   25s
 19175 11079 13328.0000   32  295 14932.9958 13328.0000  10.7%  46.4   31s
 19974 11616 13336.1141   32  294 14932.9958 13328.0000  10.7%  48.3   35s
 22015 12516 13561.6583   38  165 14932.9958 13328.0000  10.7%  50.4   40s
 22957 13852 14216.0964   49  131 14932.9958 13328.0000  10.7%  53.0   46s
 25067 14783     cutoff   41      14932.9958 13328.0000  10.7%  55.3   50s
 27270 15985 13338.0000   30  285 14932.9958 13328.0000  10.7%  58.3   57s
 29162 16147 14278.0000   52  193 14932.9958 13328.0000  10.7%  60.3   73s
 29170 16152 14674.9574   37  408 14932.9958 13328.0000  10.7%  60.3   75s
 29174 16155 14464.0000   70  394 14932.9958 13328.0000  10.7%  60.3   80s
 29178 16158 14784.0000   63  386 14932.9958 13328.0000  10.7%  60.3   85s
 29419 16318 13328.0000   39  336 14932.9958 13328.0000  10.7%  61.9   90s
H29458 15515                    14932.995797 13328.0000  10.7%  61.9   90s
H29683 14848                    14713.000000 13328.0000  9.41%  62.2   92s
H29751 14120                    14708.000000 13328.0000  9.38%  62.3   92s
H29802 13439                    14698.000000 13328.0000  9.32%  62.4   92s
 30049 13635 13606.0000   28  336 14698.0000 13328.0000  9.32%  62.8   95s
H30414 12943                    14697.999987 13328.0000  9.32%  63.0   96s
 30980 13179 13328.0000   42  330 14698.0000 13328.0000  9.32%  63.3  100s
H32293 13032                    14697.999937 13328.0000  9.32%  64.3  103s
 32635 13622 13370.0758   46  278 14697.9999 13328.0000  9.32%  65.0  106s
 34253 13537 13328.0000   37  333 14697.9999 13328.0000  9.32%  67.1  110s
 35882 13714     cutoff   81      14697.9999 13328.0000  9.32%  68.9  115s
 36727 14116 14520.2310   51  213 14697.9999 13328.0000  9.32%  71.1  120s
 37819 14407 13328.0000   36  330 14697.9999 13328.0000  9.32%  73.1  126s
 39877 14766 13330.5758   39  496 14697.9999 13328.0000  9.32%  75.5  132s
 40483 14880 13582.0109   51  418 14697.9999 13328.0000  9.32%  76.6  136s
 42581 15351 13328.0000   41  315 14697.9999 13328.0000  9.32%  79.3  142s
H42635 14739                    14697.999887 13328.0000  9.32%  79.5  142s
 43138 14899 13465.6199   52  256 14697.9999 13328.0000  9.32%  80.8  147s
H43414 14242                    14697.999885 13328.0000  9.32%  81.4  147s
 43799 14955 13446.0980   49  459 14697.9999 13328.0000  9.32%  82.5  150s
 45636 14966 13972.0138   56  330 14697.9999 13328.0000  9.32%  84.3  158s
 46413 15291 13512.0000   46  364 14697.9999 13328.0000  9.32%  85.7  162s
 47551 15286 13438.2200   42  395 14697.9999 13328.0000  9.32%  87.2  167s
 48360 16304 13502.0000   44  372 14697.9999 13328.0000  9.32%  88.9  173s
 50647 15973 13443.3148   34  446 14697.9999 13328.0000  9.32%  90.1  179s
 51433 16320 infeasible   58      14697.9999 13328.0000  9.32%  91.6  184s
 52517 16825     cutoff   57      14697.9999 13328.0000  9.32%  93.0  189s
 53985 16802 14482.4845   48  316 14697.9999 13328.0000  9.32%  94.0  194s
 54652 16579 13368.5600   42  362 14697.9999 13328.0000  9.32%  95.0  195s
H54787 15960                    14664.000000 13328.0000  9.11%  95.1  195s
H54886 15870                    14657.000000 13328.0000  9.07%  95.2  200s
H56025 16182                    14656.000000 13328.0000  9.06%  96.6  205s
H58023 16335                    14655.000000 13328.0000  9.05%  97.5  211s
H58258 16324                    14653.000000 13328.0000  9.04%  97.6  211s
H58860 16750                    14648.000000 13328.0000  9.01%  98.5  216s
H59338 16744                    14647.000000 13328.0000  9.01%  98.9  216s
 59766 18204 13603.3917   48  383 14647.0000 13328.0000  9.01%  99.2  223s
 62364 18504 infeasible   49      14647.0000 13328.0000  9.01%   100  228s
H62520 18504                    14646.999972 13328.0000  9.01%   100  228s
H62835 18428                    14631.000000 13328.0000  8.91%   101  228s
H62905 18882                    14627.000000 13328.0000  8.88%   101  233s
H63026 18803                    14618.000000 13328.0000  8.82%   101  233s
H63540 18785                    14613.000000 13328.0000  8.79%   101  233s
H63765 18569                    14583.000000 13328.0000  8.61%   102  233s
H63848 18833                    14578.000000 13328.0000  8.57%   102  238s
H64615 19155                    14575.000000 13328.0000  8.56%   103  243s
H64703 19144                    14574.000000 13328.0000  8.55%   103  243s
H65408 19394                    14551.000000 13328.0000  8.40%   104  249s
H66442 20413                    14550.999971 13328.0000  8.40%   106  256s
H67147 20413                    14550.999950 13328.0000  8.40%   106  256s
H67816 20268                    14537.000000 13328.0000  8.32%   106  256s
H68282 20682                    14536.999971 13328.0000  8.32%   106  261s
H68640 20612                    14531.000000 13328.0000  8.28%   107  261s
 69141 21031 infeasible   42      14531.0000 13328.0000  8.28%   107  267s
H69290 21031                    14530.999926 13328.0000  8.28%   108  267s
H69873 21031                    14530.999910 13328.0000  8.28%   108  268s
 70125 21479 infeasible   68      14530.9999 13328.0000  8.28%   109  274s
H70493 21479                    14530.999860 13328.0000  8.28%   109  274s
 71102 21948 13532.8265   60  379 14530.9999 13328.0000  8.28%   110  280s
H72073 21948                    14530.999844 13328.0000  8.28%   111  280s
 72197 22573 13388.3126   43  451 14530.9998 13328.0000  8.28%   111  286s
 73461 22993 13878.3581   48  371 14530.9998 13328.0000  8.28%   112  292s
 74278 24216 infeasible   52      14530.9998 13328.0000  8.28%   113  299s
 76721 24644 13354.2830   41  589 14530.9998 13328.0000  8.28%   114  305s
 77586 25125 13328.0000   40  517 14530.9998 13328.0000  8.28%   114  311s
 78521 25584 14347.5400   61  206 14530.9998 13328.0000  8.28%   115  318s
 79492 26435 14352.0000   48  354 14530.9998 13328.0000  8.28%   116  323s
 81325 26876     cutoff   56      14530.9998 13328.0000  8.28%   117  329s
H81326 26876                    14530.999836 13328.0000  8.28%   117  329s
 82261 27294 13726.0000   55  236 14530.9998 13328.0000  8.28%   118  334s
 83185 27633 13765.0000   53  251 14530.9998 13328.0000  8.28%   119  340s
H83470 27633                    14530.999774 13328.0000  8.28%   119  340s
 84111 28074 13726.0000   37  481 14530.9998 13328.0000  8.28%   120  346s
 85141 28808 infeasible   64      14530.9998 13328.0000  8.28%   121  352s
H86672 28808                    14530.999724 13328.0000  8.28%   121  352s
 86912 29068 13902.0000   50  418 14530.9997 13328.0075  8.28%   121  357s
H87497 29068                    14530.999692 13328.0251  8.28%   122  357s
 87829 29417     cutoff   60      14530.9997 13328.0488  8.28%   123  363s
 88906 29680 13726.1170   44  476 14530.9997 13328.1131  8.28%   124  369s
H89465 29680                    14530.999664 13328.1170  8.28%   124  369s
 89733 30362 13726.5000   45  367 14530.9997 13328.1571  8.28%   124  377s
 91475 30725 13848.9514   43  372 14530.9997 13328.2909  8.28%   125  383s
H91953 30725                    14530.999645 13328.2909  8.28%   126  383s
H92484 31312                    14530.999643 13328.3721  8.28%   126  389s
 93946 31541 13727.8925   43  439 14530.9996 13328.5384  8.28%   127  394s
 94673 32305 13727.3812   49  547 14530.9996 13328.6523  8.27%   127  398s
 96359 32525 13849.5339   54  381 14530.9996 13328.9167  8.27%   128  403s
 97192 32850     cutoff   57      14530.9996 13329.2118  8.27%   128  408s
 98024 33162 13826.2909   45  385 14530.9996 13329.6372  8.27%   129  413s
 98843 33490 14045.9485   56  387 14530.9996 13329.8900  8.27%   129  418s
 99804 34030     cutoff   43      14530.9996 13330.2545  8.26%   130  423s
H100927 34030                    14530.999627 13330.3696  8.26%   130  423s
 101109 34302     cutoff   50      14530.9996 13330.5758  8.26%   130  428s
 101834 34556 13949.9181   39  566 14530.9996 13330.9336  8.26%   131  432s
 102568 35240 14418.7497   54  233 14530.9996 13330.9336  8.26%   131  436s
 104045 35675 13730.0000   32  455 14530.9996 13332.0000  8.25%   131  441s
 105022 36149 13912.0000   46  304 14530.9996 13332.0000  8.25%   131  445s
H105637 36149                    14530.999603 13332.0000  8.25%   131  445s
 107722 37060 13764.3872   40  444 14530.9996 13333.0563  8.24%   131  452s
H107782 37060                    14530.999552 13333.0955  8.24%   131  452s
 108163 37218 13973.2464   45  335 14530.9996 13333.2000  8.24%   131  455s
 109519 37707 14028.2178   63  280 14530.9996 13334.5758  8.23%   132  463s
H109585 37707                    14530.999535 13334.5758  8.23%   132  463s
 110202 38010 13811.8385   42  452 14530.9995 13334.9091  8.23%   132  467s
 111020 38699 13920.1785   44  402 14530.9995 13335.0000  8.23%   133  471s
 112575 38917 13739.6683   38  516 14530.9995 13335.0017  8.23%   133  476s
 113199 39116 13744.3603   42  547 14530.9995 13335.3542  8.23%   133  480s
 114417 39447     cutoff   54      14530.9995 13336.0000  8.22%   134  487s
 114987 39853 14509.1804   49  387 14530.9995 13336.4992  8.22%   134  491s
 116021 40113 14423.6814   47  348 14530.9995 13337.7276  8.21%   134  495s
 117576 41165 13842.2503   39  283 14530.9995 13338.0463  8.21%   135  503s
 119178 41363     cutoff   49      14530.9995 13339.0000  8.20%   135  507s
 119925 41565 13963.4392   54  359 14530.9995 13340.0000  8.20%   135  512s
 120748 41921 13836.5092   52  265 14530.9995 13341.0000  8.19%   136  517s
 121656 42211     cutoff   46      14530.9995 13342.0000  8.18%   136  521s
 122573 42486 13936.9336   40  307 14530.9995 13343.3807  8.17%   136  526s
 123408 42543     cutoff   45      14530.9995 13344.0000  8.17%   137  533s
 123543 42739 14286.6041   57  228 14530.9995 13344.0000  8.17%   137  539s
 124431 42919 14189.5363   55  354 14530.9995 13344.2462  8.17%   137  544s
 125133 43189 infeasible   57      14530.9995 13345.1410  8.16%   138  550s
 126193 43404     cutoff   48      14530.9995 13346.5818  8.15%   138  555s
 127065 43681 14187.8907   47  485 14530.9995 13348.0000  8.14%   138  560s
 127903 44072 13836.0000   48  258 14530.9995 13348.1866  8.14%   139  566s
 128956 44372 13762.0000   41  411 14530.9995 13350.0000  8.13%   139  571s
 129764 44690 13925.9446   55  438 14530.9995 13350.6647  8.12%   139  576s
 130847 45718 14011.3172   51  304 14530.9995 13351.3740  8.12%   140  581s
 133076 45950 13757.0000   62  332 14530.9995 13353.7576  8.10%   139  585s
 134387 46524 13922.7550   49  387 14530.9995 13355.0000  8.09%   140  595s
 135392 46889 13754.0000   40  368 14530.9995 13356.0000  8.09%   140  601s
 136672 47180 13756.0000   43  341 14530.9995 13357.5270  8.08%   140  606s
 137696 48067 13940.4800   41  503 14530.9995 13358.2820  8.07%   141  610s

Cutting planes:
  Learned: 22
  Gomory: 181
  Cover: 2082
  Implied bound: 337
  Projected implied bound: 59
  Clique: 273
  MIR: 293
  StrongCG: 135
  Flow cover: 1141
  GUB cover: 24
  Inf proof: 15
  Zero half: 27
  Network: 54
  RLT: 40
  Relax-and-lift: 135

Explored 139590 nodes (19581075 simplex iterations) in 610.27 seconds (998.25 work units)
Thread count was 8 (of 8 available processors)

Solution count 10: 14531 14531 14531 ... 14531

Solve interrupted
Best objective 1.453099953531e+04, best bound 1.336000782368e+04, gap 8.0586%

User-callback calls 496964, time in user-callback 1.20 sec

Statistics for modelBBUP_O:
  Linear constraint matrix    : 14337 Constrs, 5774 Vars, 53193 NZs
  Variable types              : 2447 Continuous,
3327 Integer (68 Binary)
  Matrix coefficient range    : [ 1, 200 ]
  Objective coefficient range : [ 1, 384 ]
  Variable bound range        : [ 1, 199 ]
  RHS coefficient range       : [ 1, 549 ]
