
Gurobi 10.0.1 (mac64[arm]) logging started Sun Mar  3 15:01:02 2024

Set parameter LogFile to value "/Users/deniserings/Documents/zib/s-bahn-data/scripts/DeniseMA/processed/BBOS_BWIN_BTG/original/BBOS_BWIN_BTG_202403031448_mipstart.log"
Gurobi Optimizer version 10.0.1 build v10.0.1rc0 (mac64[arm])

CPU model: Apple M2
Thread count: 8 physical cores, 8 logical processors, using up to 8 threads

Optimize a model with 3980 rows, 2210 columns and 14468 nonzeros
Model fingerprint: 0x3dfcc431
Variable types: 896 continuous, 1314 integer (417 binary)
Coefficient statistics:
  Matrix range     [1e+00, 2e+02]
  Objective range  [1e+00, 4e+02]
  Bounds range     [1e+00, 2e+02]
  RHS range        [1e+00, 5e+02]
Presolve removed 2467 rows and 1111 columns
Presolve time: 0.27s
Presolved: 1513 rows, 1099 columns, 6500 nonzeros
Variable types: 420 continuous, 679 integer (679 binary)
Found heuristic solution: objective 11324.000000

Root relaxation: objective 9.290000e+03, 556 iterations, 0.00 seconds (0.00 work units)

    Nodes    |    Current Node    |     Objective Bounds      |     Work
 Expl Unexpl |  Obj  Depth IntInf | Incumbent    BestBd   Gap | It/Node Time

     0     0 9290.00000    0   95 11324.0000 9290.00000  18.0%     -    0s
     0     0 9290.00000    0   96 11324.0000 9290.00000  18.0%     -    0s
     0     0 9756.77265    0  127 11324.0000 9756.77265  13.8%     -    0s
H    0     0                    10701.000000 9756.77265  8.82%     -    0s
H    0     0                    10553.000000 9756.77265  7.55%     -    0s
     0     0 9756.83368    0  129 10553.0000 9756.83368  7.54%     -    0s
     0     0 9763.03089    0  102 10553.0000 9763.03089  7.49%     -    0s
     0     0 9763.06467    0   91 10553.0000 9763.06467  7.49%     -    0s
     0     0 9768.97760    0  117 10553.0000 9768.97760  7.43%     -    0s
     0     0 9798.74256    0  108 10553.0000 9798.74256  7.15%     -    0s
     0     0 9798.74256    0  100 10553.0000 9798.74256  7.15%     -    0s
     0     0 9800.58056    0   97 10553.0000 9800.58056  7.13%     -    0s
     0     0 9800.64629    0   89 10553.0000 9800.64629  7.13%     -    0s
     0     0 9800.64689    0   91 10553.0000 9800.64689  7.13%     -    0s
     0     0 9800.64693    0  101 10553.0000 9800.64693  7.13%     -    0s
     0     0 9800.65523    0   96 10553.0000 9800.65523  7.13%     -    0s
     0     0 9800.65523    0   69 10553.0000 9800.65523  7.13%     -    0s
H    0     0                    10548.000000 9800.65523  7.09%     -    0s
H 1152   786                    10274.000000 9847.33333  4.15%   9.9    1s
H 2692  1529                    10242.000000 9849.83607  3.83%   8.9    1s
H 4813  2150                    10215.999863 9889.00000  3.20%   9.5    2s
H 7259  2731                    10210.000000 9889.00000  3.14%   9.6    2s
 33823 11375 9996.00000   41   10 10210.0000 9890.00000  3.13%  10.3    5s
 62535 19996 9893.00000   22   20 10210.0000 9893.00000  3.10%  10.9   11s
 97261 28211 10036.3392   50   37 10210.0000 9911.44990  2.92%  11.2   15s
 164359 41582 9952.00000   44   19 10210.0000 9922.83377  2.81%  11.3   20s
 223736 63657 9930.00000   52    5 10210.0000 9930.00000  2.74%  11.4   25s
 285489 83175 10026.0000   73    6 10210.0000 9930.00000  2.74%  11.5   30s
 348142 99164 10029.1627   72   38 10210.0000 9930.00000  2.74%  11.5   35s
 405336 120439 9983.95833   44    3 10210.0000 9933.95833  2.70%  11.6   40s
H440069 127119                    10209.999071 9933.95833  2.70%  11.5   41s
 469112 138897 10018.0000   65   22 10209.9991 9938.00000  2.66%  11.6   45s
 529019 153872 9958.08134   35   21 10209.9991 9940.41667  2.64%  11.5   50s
 581568 172750 9998.05479   60   27 10209.9991 9944.00000  2.61%  11.6   55s
 652781 187782 10049.0685   60   32 10209.9991 9948.58509  2.56%  11.6   60s
 688025 200904 10005.2961   81   24 10209.9991 9951.48194  2.53%  11.7   65s
 758072 215750 10015.8830   53   18 10209.9991 9954.40675  2.50%  11.7   70s
 804860 230037 9969.22559   35   10 10209.9991 9961.44781  2.43%  11.8   75s
 865120 242715     cutoff   47      10209.9991 9964.00000  2.41%  11.8   80s
 890383 247283     cutoff   55      10209.9991 9965.37594  2.40%  11.9   85s
H895594 247593                    10209.999039 9966.84916  2.38%  12.0   85s
 952474 256795     cutoff   67      10209.9990 9968.79083  2.36%  11.9   90s
 981361 264731 10006.0000   55   23 10209.9990 9970.00000  2.35%  12.1   95s
H996532 268571                    10209.999035 9970.00000  2.35%  12.1   97s
 1041328 274760     cutoff   45      10209.9990 9970.00000  2.35%  12.1  100s
 1073277 284590 infeasible   56      10209.9990 9970.00000  2.35%  12.2  105s
 1098591 288723     cutoff   37      10209.9990 9973.00000  2.32%  12.3  110s
 1157071 294193 9973.00000   44   24 10209.9990 9973.00000  2.32%  12.3  115s
 1178906 295438 10037.1676   62   49 10209.9990 9974.14733  2.31%  12.4  120s
H1200250 297157                    10209.999034 9976.06107  2.29%  12.5  124s
 1215700 298716 9976.06107   47    9 10209.9990 9976.06107  2.29%  12.5  125s
 1263676 301420 10033.8750   57   20 10209.9990 9978.07514  2.27%  12.6  130s
 1288264 308304 10023.0000   69   19 10209.9990 9979.00000  2.26%  12.7  135s
 1349245 315115 10121.8364   43   13 10209.9990 9979.00000  2.26%  12.7  140s
 1373452 320372     cutoff   45      10209.9990 9979.70237  2.26%  12.8  145s
 1398746 328059 10024.2161   72   32 10209.9990 9980.00000  2.25%  12.8  150s
 1462676 334354     cutoff   66      10209.9990 9980.00000  2.25%  12.8  155s
 1484552 339847     cutoff   59      10209.9990 9980.24194  2.25%  12.9  160s
 1515708 343962 9981.65510   33   14 10209.9990 9981.65510  2.24%  13.0  165s
 1567717 347327     cutoff   66      10209.9990 9982.83415  2.22%  13.0  170s
 1586493 349187 10029.0421   50   26 10209.9990 9984.00000  2.21%  13.1  175s
H1605202 351593                    10209.999017 9984.07014  2.21%  13.1  179s
 1620034 352695 9984.07014   34    6 10209.9990 9984.07014  2.21%  13.1  180s
 1670970 357952 10024.8130   55   23 10209.9990 9985.00000  2.20%  13.1  185s
 1692816 360021     cutoff   54      10209.9990 9986.09690  2.19%  13.2  190s
 1737020 363437 9987.77075   41   10 10209.9990 9987.77075  2.18%  13.2  195s
 1775523 368637 10003.0000   60   16 10209.9990 9989.00000  2.16%  13.3  200s
 1798326 372137 10014.0000   60   12 10209.9990 9990.00000  2.15%  13.3  205s
 1860523 380826 10012.3482   63   45 10209.9990 9990.00000  2.15%  13.3  210s
 1883782 386627     cutoff   57      10209.9990 9990.00000  2.15%  13.4  215s
 1906607 386519 10014.7816   52   26 10209.9990 9992.03093  2.13%  13.4  220s
 1967071 391163 infeasible   83      10209.9990 9993.00000  2.13%  13.4  225s
 1987838 393857 infeasible   70      10209.9990 9993.75000  2.12%  13.5  230s
 2010515 398999     cutoff   76      10209.9990 9994.00000  2.12%  13.5  235s
 2070262 402915 10014.0000   51   26 10209.9990 9994.00000  2.12%  13.5  240s
 2091579 404706     cutoff   66      10209.9990 9995.00000  2.11%  13.6  245s
 2107877 403905 infeasible   64      10209.9990 9996.00000  2.10%  13.6  250s
H2113949 402646                    10209.998994 9996.00000  2.10%  13.7  252s
 2156102 405169 infeasible   42      10209.9990 9996.00000  2.10%  13.6  255s
 2180961 404685     cutoff   49      10209.9990 9997.73668  2.08%  13.7  260s
 2202119 408431 10025.4321   67   18 10209.9990 9998.18115  2.07%  13.7  265s
 2253676 412983     cutoff   40      10209.9990 9999.00000  2.07%  13.7  270s
 2285497 419328 10023.6649   76   31 10209.9990 9999.00000  2.07%  13.7  275s
 2306477 421859 10004.2083   66   26 10209.9990 9999.47041  2.06%  13.8  280s
 2369292 429091 10014.0182   61   27 10209.9990 10000.0000  2.06%  13.7  285s
 2390465 430430     cutoff   52      10209.9990 10000.5000  2.05%  13.8  290s
 2412326 430031     cutoff   72      10209.9990 10002.4286  2.03%  13.9  295s
 2473237 436717 10004.6803   53   48 10209.9990 10003.0000  2.03%  13.8  300s
 2495917 440970 10039.3750   68   15 10209.9990 10003.0000  2.03%  13.9  305s
 2513473 443927 10023.0000   73    8 10209.9990 10003.0000  2.03%  13.9  310s
 2576013 447143 infeasible   73      10209.9990 10003.8955  2.02%  13.9  315s
 2596109 449381 10011.2801   61   21 10209.9990 10003.8955  2.02%  13.9  320s
 2619660 450919 10015.5314   49   28 10209.9990 10004.4168  2.01%  13.9  325s
 2682954 452267 10033.6667   59   10 10209.9990 10007.6667  1.98%  13.9  330s
 2704225 456802 10026.4667   64   36 10209.9990 10007.6667  1.98%  13.9  335s
 2746920 460565 10132.8889   41   11 10209.9990 10009.4545  1.96%  14.0  340s
 2790386 463091 10022.5797   53   20 10209.9990 10012.5797  1.93%  13.9  345s
 2812577 469304 10032.5797   72   17 10209.9990 10012.5797  1.93%  14.0  350s
 2871188 470394 10024.0000   37    3 10209.9990 10021.7654  1.84%  14.0  355s
 2893432 475247 infeasible   66      10209.9990 10021.9545  1.84%  14.0  360s
 2915009 478936     cutoff   60      10209.9990 10021.9545  1.84%  14.0  365s
 2974494 473586 10075.9204   43   15 10209.9990 10024.0000  1.82%  14.0  370s
 2992831 475660 10027.3954   45   28 10209.9990 10024.0000  1.82%  14.1  375s
 3012842 478111     cutoff   66      10209.9990 10024.1601  1.82%  14.1  380s
 3072484 467421 10122.1275   45   11 10209.9990 10024.9479  1.81%  14.1  385s
 3096573 469828     cutoff   64      10209.9990 10025.2671  1.81%  14.1  390s
 3117094 470813 10026.0000   51   30 10209.9990 10026.0000  1.80%  14.2  395s
 3180008 465459     cutoff   57      10209.9990 10026.0000  1.80%  14.2  400s
 3197025 465117 10046.9260   52   37 10209.9990 10027.0000  1.79%  14.2  405s
 3215845 468179     cutoff   61      10209.9990 10027.0000  1.79%  14.2  410s
H3227653 468798                    10209.998939 10027.0000  1.79%  14.2  413s
 3268837 466245 10054.5535   43   20 10209.9989 10027.0000  1.79%  14.2  415s
 3297296 465653 10060.0000   58    9 10209.9989 10028.0000  1.78%  14.2  420s
 3315374 468480 10029.5307   53   53 10209.9989 10028.0000  1.78%  14.3  425s
 3377510 466764 10028.3426   37    3 10209.9989 10028.3426  1.78%  14.2  430s
 3397618 468683 10032.6100   72   36 10209.9989 10029.0000  1.77%  14.3  435s
 3418244 474321 10029.0000   59   26 10209.9989 10029.0000  1.77%  14.3  440s
 3475028 476022 10128.1493   37   13 10209.9989 10029.0000  1.77%  14.3  445s
 3499499 481245 10031.2917   51   55 10209.9989 10029.0000  1.77%  14.3  450s
 3520347 484899     cutoff   50      10209.9989 10029.0000  1.77%  14.3  455s
 3584200 488139 10029.0000   64    7 10209.9989 10029.0000  1.77%  14.3  460s
 3601008 491392 10053.0000   65   23 10209.9989 10029.0000  1.77%  14.3  465s
 3622121 491624 10053.5000   57   23 10209.9989 10029.7679  1.77%  14.3  470s
 3685517 493940 10047.0000   63   11 10209.9989 10030.0000  1.76%  14.3  475s
 3705236 493405 10054.0000   65   29 10209.9989 10030.6682  1.76%  14.3  480s
 3724408 490185     cutoff   59      10209.9989 10031.6892  1.75%  14.4  485s
 3789292 491779 10032.0000   36   23 10209.9989 10032.0000  1.74%  14.3  490s
 3808577 490064 10053.0000   73   11 10209.9989 10033.0000  1.73%  14.3  495s
 3826391 491940 10043.0053   51   17 10209.9989 10033.0000  1.73%  14.4  500s
 3887547 494578 10039.4449   73   22 10209.9989 10033.0000  1.73%  14.3  505s
 3902249 496764     cutoff   66      10209.9989 10033.0000  1.73%  14.4  511s
 3921488 498231     cutoff   58      10209.9989 10033.0000  1.73%  14.4  515s
H3937068 499960                    10209.998930 10033.0000  1.73%  14.4  519s
 3954240 499904 10033.0000   34    7 10209.9989 10033.0000  1.73%  14.4  520s
 3997744 501558     cutoff   70      10209.9989 10033.0000  1.73%  14.4  525s
 4014868 503094 10033.0000   53   12 10209.9989 10033.0000  1.73%  14.4  530s
 4030468 504577     cutoff   65      10209.9989 10033.0000  1.73%  14.4  536s
 4086579 504118     cutoff   40      10209.9989 10033.0000  1.73%  14.4  540s
 4103429 504362     cutoff   60      10209.9989 10033.0000  1.73%  14.4  545s
 4119872 505311     cutoff   62      10209.9989 10033.0000  1.73%  14.4  550s
 4135225 506858 10047.0000   44   13 10209.9989 10033.0613  1.73%  14.5  555s
 4196747 505618     cutoff   80      10209.9989 10033.3348  1.73%  14.4  560s
 4210672 504425 10041.1698   65   20 10209.9989 10034.0000  1.72%  14.4  565s
 4233865 506129 10044.0000   51   22 10209.9989 10034.0000  1.72%  14.5  570s
 4296365 506146 10034.0000   71   11 10209.9989 10034.0000  1.72%  14.4  575s
 4314778 507485     cutoff   66      10209.9989 10034.0000  1.72%  14.4  580s
 4333045 509008 10044.0000   70    8 10209.9989 10034.0000  1.72%  14.5  585s
 4394933 509752     cutoff   60      10209.9989 10034.0000  1.72%  14.4  590s
 4412258 511316 10060.3835   60   29 10209.9989 10034.0000  1.72%  14.5  595s
 4428344 511928 10044.0000   63   19 10209.9989 10034.0000  1.72%  14.5  600s

Cutting planes:
  Learned: 7
  Gomory: 6
  Cover: 12
  Implied bound: 11
  Clique: 17
  MIR: 27
  StrongCG: 2
  Flow cover: 6
  GUB cover: 2
  RLT: 13
  Relax-and-lift: 1

Explored 4438764 nodes (64352380 simplex iterations) in 603.24 seconds (649.06 work units)
Thread count was 8 (of 8 available processors)

Solution count 10: 10210 10210 10210 ... 10210

Solve interrupted
Best objective 1.020999893010e+04, best bound 1.003400000000e+04, gap 1.7238%

User-callback calls 8875391, time in user-callback 11.32 sec

Statistics for modelBBOS_BWIN_BTG:
  Linear constraint matrix    : 3980 Constrs, 2210 Vars, 14468 NZs
  Variable types              : 896 Continuous,
1314 Integer (417 Binary)
  Matrix coefficient range    : [ 1, 200 ]
  Objective coefficient range : [ 1, 396 ]
  Variable bound range        : [ 1, 199 ]
  RHS coefficient range       : [ 1, 549 ]
