
Gurobi 10.0.1 (mac64[arm]) logging started Fri Apr  5 22:18:31 2024

Set parameter LogFile to value "/Users/deniserings/Documents/zib/s-bahn-data/scripts/DeniseMA/processed/BGB_BWES/RINS/BGB_BWES_202404051212_random4_0.6.log"
Gurobi Optimizer version 10.0.1 build v10.0.1rc0 (mac64[arm])

CPU model: Apple M2
Thread count: 8 physical cores, 8 logical processors, using up to 8 threads

Optimize a model with 23732 rows, 9987 columns and 90172 nonzeros
Model fingerprint: 0xb4cf3c92
Variable types: 3270 continuous, 6717 integer (1378 binary)
Coefficient statistics:
  Matrix range     [1e+00, 4e+02]
  Objective range  [1e+00, 4e+02]
  Bounds range     [1e+00, 2e+02]
  RHS range        [1e+00, 3e+04]

User MIP start did not produce a new incumbent solution
User MIP start violates constraint objective_cutoff by 278.410000000

Presolve removed 10148 rows and 2786 columns
Presolve time: 0.15s
Presolved: 13584 rows, 7201 columns, 54295 nonzeros
Variable types: 1872 continuous, 5329 integer (5329 binary)

Root relaxation: objective 2.329800e+04, 4474 iterations, 0.05 seconds (0.04 work units)
Another try with MIP start

    Nodes    |    Current Node    |     Objective Bounds      |     Work
 Expl Unexpl |  Obj  Depth IntInf | Incumbent    BestBd   Gap | It/Node Time

     0     0 23298.0000    0  422          - 23298.0000      -     -    0s
     0     0 23305.2028    0 1074          - 23305.2028      -     -    0s
     0     0 23305.2214    0 1000          - 23305.2214      -     -    0s
     0     0 23305.2214    0 1020          - 23305.2214      -     -    0s
     0     0 23332.7156    0  931          - 23332.7156      -     -    0s
     0     0 23380.5400    0  865          - 23380.5400      -     -    1s
     0     0 23385.8733    0  935          - 23385.8733      -     -    1s
     0     0 23388.5400    0  829          - 23388.5400      -     -    1s
     0     0 23388.5400    0  882          - 23388.5400      -     -    1s
     0     0 23388.5400    0  854          - 23388.5400      -     -    1s
     0     0 23388.5400    0  845          - 23388.5400      -     -    1s
     0     0 23393.3295    0 1059          - 23393.3295      -     -    1s
     0     0 23393.3295    0 1007          - 23393.3295      -     -    1s
     0     0 23398.4144    0 1067          - 23398.4144      -     -    1s
     0     0 23399.0916    0 1023          - 23399.0916      -     -    1s
     0     0 23399.0916    0  994          - 23399.0916      -     -    1s
     0     0 23400.2697    0  963          - 23400.2697      -     -    1s
     0     0 23400.2697    0  910          - 23400.2697      -     -    1s
     0     0 23400.2697    0  925          - 23400.2697      -     -    2s
     0     0 23400.2697    0  842          - 23400.2697      -     -    2s
     0     0 23400.2697    0  431          - 23400.2697      -     -    2s
     0     0 23400.2697    0  582          - 23400.2697      -     -    2s
     0     0 23400.2697    0  403          - 23400.2697      -     -    2s
     0     0 23400.2697    0  384          - 23400.2697      -     -    2s
     0     0 23400.2697    0  338          - 23400.2697      -     -    3s
     0     0 23506.0317    0  649          - 23506.0317      -     -    3s
     0     0 23506.0488    0  603          - 23506.0488      -     -    3s
     0     0 23506.0900    0  621          - 23506.0900      -     -    3s
     0     0 23506.0900    0  582          - 23506.0900      -     -    3s
     0     0 23513.4754    0  577          - 23513.4754      -     -    4s
     0     0 23513.5026    0  506          - 23513.5026      -     -    4s
     0     0 23521.0724    0  664          - 23521.0724      -     -    4s
     0     0 23521.0761    0  593          - 23521.0761      -     -    4s
     0     0 23521.8652    0  594          - 23521.8652      -     -    4s
     0     0 23521.8652    0  575          - 23521.8652      -     -    4s
     0     0 23522.0652    0  641          - 23522.0652      -     -    4s
     0     0 23522.0652    0  578          - 23522.0652      -     -    4s
     0     0 23522.0652    0  582          - 23522.0652      -     -    4s
     0     0 23522.0652    0  352          - 23522.0652      -     -    4s
     0     2 23522.0652    0  324          - 23522.0652      -     -    5s
  4327  3674 25747.0000  166  724          - 23565.0000      -  27.5   10s
  5109  4169 24101.0000   61  491          - 23569.4525      -  37.9   15s
  9298  6764 23843.0172   24  414          - 23572.7366      -  33.2   20s
 14630 10486 23988.6400   68  566          - 23579.1735      -  30.2   26s
 22571 15765 23997.0029   68  462          - 23621.0172      -  27.8   30s
 28986 21608 infeasible  155               - 23633.0172      -  26.8   39s
 31008 21664 23633.0172   29  474          - 23633.0172      -  26.6   40s
 37871 27230 infeasible  108               - 23633.0172      -  27.2   45s
 43396 32519 24347.5000  135  259          - 23633.0172      -  27.7   50s
 45314 38710 23778.6501   56  460          - 23633.0172      -  27.8   55s
 55333 40377 24261.0319   46  537          - 23633.0172      -  27.9   60s
 61964 45263 23863.0172   44  560          - 23633.0172      -  28.2   65s
 67527 50443 24072.0240   76  502          - 23633.0172      -  28.4   70s
 72369 52843 infeasible  149               - 23633.0172      -  28.6   75s
 76125 59773 25795.0000  148  278          - 23633.0172      -  28.7   83s
 82073 61701 25456.7500  122  250          - 23633.0172      -  29.2   85s
 89003 66590 23871.0172   56  570          - 23633.0172      -  29.3   90s
 96043 70391 24417.0000   71  507          - 23633.0172      -  29.6   95s
 101733 74736 23836.0000   55  566          - 23633.0172      -  30.0  100s
 105631 83143 23706.0101   59  578          - 23633.0172      -  30.4  109s
 113639 83305 24564.0000   98  391          - 23633.0172      -  30.6  110s
 117337 87365 24198.0000  129  284          - 23633.0172      -  31.0  115s
 122906 90634 23763.0172   63  627          - 23633.0172      -  31.2  120s
 128521 95076 24396.0114   80  452          - 23633.0172      -  31.2  125s
 135494 100177 24614.5172  102  420          - 23633.0172      -  31.4  130s
 142670 104062 infeasible   71               - 23633.0172      -  31.4  135s
 148827 108471 24183.0172   68  515          - 23633.0172      -  31.4  140s
 154057 112064 24493.0172   81  413          - 23633.0172      -  31.5  146s
 158497 116594 26284.0940  161  271          - 23633.0172      -  31.6  150s
 165089 120547 23633.0172   63  535          - 23633.0172      -  31.5  155s
 172329 125511 23793.0172   54  525          - 23633.0172      -  31.6  160s
 178557 130200 24459.6719  127  387          - 23633.0172      -  31.8  165s
 184480 135841 infeasible   82               - 23633.0172      -  32.0  170s
 191724 140271 23633.0172   30  591          - 23633.0172      -  32.2  175s
 195126 148587 24310.7069   62  599          - 23633.0172      -  32.3  189s
 202875 151195 25498.0000  171  157          - 23633.0172      -  33.1  191s
 209052 153585 24903.0172  102  433          - 23633.0172      -  33.1  197s
 210157 159628 24243.6000  101  316          - 23633.0172      -  33.1  202s
 218650 160196 23724.0972   50  552          - 23633.0172      -  33.2  205s
 225208 164964 23633.0172   33  608          - 23633.0172      -  33.2  210s
 232720 170178 infeasible  224               - 23633.0172      -  33.3  215s
 237223 174607 24963.0000   98  376          - 23633.0172      -  33.5  220s
 240754 181061 23698.3486   70  575          - 23633.0172      -  33.5  225s
 250783 184592 24265.0172   47  573          - 23633.0172      -  33.6  230s
 255948 192372 23973.5137   56  609          - 23633.0172      -  33.6  238s
 263541 193704 24418.0000  121  332          - 23633.0172      -  33.7  240s
 270124 197920 infeasible  219               - 23633.0172      -  33.8  245s
 276558 202463 23824.3337   67  508          - 23633.0172      -  33.8  250s
 279638 205027 24343.0000   95  322          - 23633.0172      -  33.9  256s
 283816 208988 23706.2556   50  540          - 23633.0172      -  34.0  260s
 285870 214747 24573.0172   61  605          - 23633.0172      -  34.1  265s
 297161 218548 infeasible   99               - 23633.0172      -  34.1  270s
 302484 222388 24169.4694   79  532          - 23633.0172      -  34.2  275s
 308195 226610 24001.0530   50  516          - 23633.0172      -  34.3  280s
 314801 231527 24634.3486   70  439          - 23633.0172      -  34.4  285s
 320056 235051 24684.6400   70  565          - 23633.0172      -  34.5  290s
 326520 239611 23873.0172   64  583          - 23633.0172      -  34.5  295s
 333202 243701 infeasible   73               - 23633.0172      -  34.7  300s
 338689 247906 24614.0000  106  392          - 23633.0172      -  34.7  308s
 341412 249609 25587.0000  136  254          - 23633.0172      -  34.8  310s
 345814 256150 24252.0835  116  433          - 23633.0172      -  35.0  317s
 350766 257716 23871.0172   68  494          - 23633.0172      -  35.0  320s
 357657 262618 24852.0000  114  328          - 23633.0172      -  35.1  325s
 360951 269519 23795.0172   35  716          - 23633.0172      -  35.1  332s
 369664 271339 24896.3291  174  240          - 23633.0172      -  35.3  335s
 374803 275357 25290.5734   96  407          - 23633.0172      -  35.4  340s
 379969 277932 infeasible  169               - 23633.0172      -  35.4  348s
H379971 277895                    27496.590000 23633.0172  14.1%  35.4  348s
H380054 278036                    27428.000000 23633.0172  13.8%  35.4  349s
H380074 277996                    27351.000000 23633.0172  13.6%  35.4  349s
H380097 277995                    27350.000000 23633.0172  13.6%  35.4  349s
H380161 277975                    27310.000000 23633.0172  13.5%  35.4  349s
H380180 277975                    27307.000000 23633.0172  13.5%  35.4  349s
 380230 278279 24460.0604   64  476 27307.0000 23633.0172  13.5%  35.4  350s
H381011 279691                    27284.000000 23633.0172  13.4%  35.4  352s
H381166 279689                    27283.000000 23633.0172  13.4%  35.5  352s
H382214 279676                    27266.000000 23633.0172  13.3%  35.5  352s
H382616 279819                    27243.000000 23633.0172  13.3%  35.5  353s
H382647 279814                    27222.000000 23633.0172  13.2%  35.5  353s
H382770 277842                    26532.000000 23633.0172  10.9%  35.5  353s
H382889 278216                    26509.000000 23633.0172  10.8%  35.5  355s
H383000 278036                    26477.000000 23633.0172  10.7%  35.5  355s
H383746 278169                    26474.000000 23633.0172  10.7%  35.5  356s
H383746 278162                    26473.000000 23633.0172  10.7%  35.5  356s
H383755 278147                    26471.000000 23633.0172  10.7%  35.5  356s
H383803 278112                    26464.000000 23633.0172  10.7%  35.5  356s
H383879 278457                    26460.000000 23633.0172  10.7%  35.5  358s
H383972 278442                    26458.000000 23633.0172  10.7%  35.5  358s
H384352 278324                    26433.000000 23633.0172  10.6%  35.5  358s
H384475 278495                    26417.000000 23633.0172  10.5%  35.5  359s
H384556 278445                    26414.000000 23633.0172  10.5%  35.5  359s
H384781 278659                    26408.000000 23633.0172  10.5%  35.6  361s
H384781 278612                    26403.000000 23633.0172  10.5%  35.6  361s
H385263 278600                    26390.000000 23633.0172  10.4%  35.6  363s
 385416 278735 25024.0000  100  314 26390.0000 23633.0172  10.4%  35.6  365s
H385429 278711                    26386.000000 23633.0172  10.4%  35.6  365s
H385586 278867                    26382.000000 23633.0172  10.4%  35.6  367s
H385813 279175                    26377.000000 23633.0172  10.4%  35.6  369s
H385893 279005                    26359.000000 23633.0172  10.3%  35.6  369s
H386149 278993                    26358.000000 23633.0172  10.3%  35.6  369s
H386267 279295                    26347.000000 23633.0172  10.3%  35.6  371s
H386360 279282                    26345.000000 23633.0172  10.3%  35.6  371s
H386734 279168                    26336.000000 23633.0172  10.3%  35.7  371s
H386901 279198                    26331.000000 23633.0172  10.2%  35.7  374s
H386924 279128                    26322.000000 23633.0172  10.2%  35.7  374s
 386950 279286 25745.2337  124  365 26322.0000 23633.0172  10.2%  35.7  376s
H386975 279257                    26319.000000 23633.0172  10.2%  35.7  376s
H387112 278825                    26265.000000 23633.0172  10.0%  35.7  376s
H387165 278768                    26236.000000 23633.0172  9.92%  35.7  379s
 387391 278935 24795.2880   85  437 26236.0000 23633.0172  9.92%  35.7  383s
H387392 278910                    26232.000000 23633.0172  9.91%  35.7  383s
H387416 278712                    26214.000000 23633.0172  9.85%  35.7  383s
H387442 278704                    26213.000000 23633.0172  9.84%  35.7  383s
H387496 278682                    26210.000000 23633.0172  9.83%  35.7  383s
H387533 278657                    26207.000000 23633.0172  9.82%  35.7  383s
H387611 278461                    26188.000000 23633.0172  9.76%  35.7  383s
 387612 278994 25169.0000  110  309 26188.0000 23633.0172  9.76%  35.7  385s
H387614 278986                    26186.000000 23633.0172  9.75%  35.7  385s
H388308 280459                    26182.000000 23633.0172  9.74%  35.8  387s
H388540 280447                    26181.000000 23633.0172  9.73%  35.8  387s
 390631 280524 infeasible  116      26181.0000 23633.0172  9.73%  35.8  390s
H390638 280511                    26179.000000 23633.0172  9.73%  35.8  390s
 392309 281795 infeasible   89      26179.0000 23633.0172  9.73%  36.0  395s
 394370 284550     cutoff  108      26179.0000 23633.0172  9.73%  36.1  402s
 396739 286049 24149.0172   59  559 26179.0000 23633.0172  9.73%  36.2  406s
 398920 287882 24154.8345   65  615 26179.0000 23633.0172  9.73%  36.3  411s
 401500 289446 24209.0172   62  523 26179.0000 23633.0172  9.73%  36.4  415s
 403499 289618 infeasible   73      26179.0000 23633.0172  9.73%  36.5  420s
 404102 290053 25779.0000   77  433 26179.0000 23633.0172  9.73%  36.6  429s
H404107 289864                    26169.000000 23633.0172  9.69%  36.6  429s
 404110 290343 infeasible   77      26169.0000 23633.0172  9.69%  36.6  431s
H405203 290717                    26167.000000 23633.0172  9.68%  36.6  434s
 405390 291451 24226.9451   62  604 26167.0000 23633.0172  9.68%  36.7  436s
H405789 291451                    26166.999997 23633.0172  9.68%  36.7  436s
H406199 291430                    26164.000000 23633.0172  9.67%  36.7  436s
 406651 295526 24840.0172   66  553 26164.0000 23633.0172  9.67%  36.8  443s
H412062 295587                    26159.000000 23633.0172  9.66%  37.0  445s
H412154 295529                    26154.000000 23633.0172  9.64%  37.0  445s
 413017 296489 25296.0319   71  476 26154.0000 23633.0172  9.64%  37.1  450s
 415928 299602 25018.0000  102  425 26154.0000 23633.0172  9.64%  37.2  456s
H417895 299496                    26130.000000 23633.0172  9.56%  37.3  458s
 418000 299906 24586.2585   99  353 26130.0000 23633.0172  9.56%  37.3  460s
 420219 301481 infeasible  101      26130.0000 23633.0172  9.56%  37.4  465s
H420300 301455                    26127.000000 23633.0172  9.55%  37.5  465s
H420465 301415                    26123.000000 23633.0172  9.53%  37.5  465s
H420727 301355                    26119.000000 23633.0172  9.52%  37.5  465s
H420763 302328                    26108.000000 23633.0172  9.48%  37.5  467s
H422343 302510                    26106.000000 23633.0172  9.47%  37.6  468s
 422568 304475 23958.0000   96  322 26106.0000 23633.0172  9.47%  37.6  473s
 425151 306001 25563.5167  118  373 26106.0000 23633.0172  9.47%  37.8  477s
H426428 305991                    26105.000000 23633.0172  9.47%  37.8  477s
H427388 306396                    26104.000000 23633.0172  9.47%  37.9  479s
 427889 308309 25187.4271   82  376 26104.0000 23633.0172  9.47%  37.9  482s
 431340 310645 23737.0172   44  624 26104.0000 23633.0172  9.47%  38.0  487s
 434033 311729 23895.0000   82  368 26104.0000 23633.0172  9.47%  38.1  491s
 436227 312962 infeasible   51      26104.0000 23633.0172  9.47%  38.3  496s
 438743 317990 25801.6306  109  423 26104.0000 23633.0172  9.47%  38.4  506s
 444322 318538 23749.0172   59  649 26104.0000 23633.0172  9.47%  38.6  510s
 447011 320675 23770.0172   47  650 26104.0000 23633.0172  9.47%  38.8  516s
 449219 323028 24683.0172   86  546 26104.0000 23633.0172  9.47%  38.8  521s
 451276 324680 23769.0236   59  560 26104.0000 23633.0172  9.47%  38.9  525s
 453373 326756 24319.0000   69  585 26104.0000 23633.0172  9.47%  39.0  532s
 455941 328464 24428.2126   75  488 26104.0000 23633.0172  9.47%  39.2  536s
 458992 330540 24916.2435   85  442 26104.0000 23633.0172  9.47%  39.4  541s
 462013 332343 24425.0585   50  577 26104.0000 23633.0172  9.47%  39.5  546s
 465519 333851 25708.4172   90  458 26104.0000 23633.0172  9.47%  39.6  551s
 468772 336214 23633.0172   42  662 26104.0000 23633.0172  9.47%  39.7  555s
 470220 338047 23666.4291   58  629 26104.0000 23633.0172  9.47%  39.8  560s
 475118 341051 24275.2014   67  557 26104.0000 23633.0172  9.47%  40.0  566s
 477243 342492 infeasible   68      26104.0000 23633.0172  9.47%  40.1  570s
 481258 345532 24436.0000  115  387 26104.0000 23633.0172  9.47%  40.2  576s
 483682 348225 26022.0000  129  243 26104.0000 23633.0172  9.47%  40.3  583s
 487896 350055 23749.0172   56  531 26104.0000 23633.0172  9.47%  40.4  587s
 490405 351286 24470.0172   58  506 26104.0000 23633.0172  9.47%  40.5  591s
 493271 352699 23893.1320   74  588 26104.0000 23633.0172  9.47%  40.6  595s
 494552 354657 24233.0172   59  501 26104.0000 23633.0172  9.47%  40.8  600s
 499061 356477 23686.1990   40  690 26104.0000 23633.0172  9.47%  40.9  606s
 499309 359685 25152.1217   68  458 26104.0000 23633.0172  9.47%  40.9  613s
 503863 359733 23633.0172   54  641 26104.0000 23633.0172  9.47%  41.1  617s
 504607 360594 24575.8889   73  474 26104.0000 23633.0172  9.47%  41.1  622s
 505186 361202 23633.0172   42  690 26104.0000 23633.0172  9.47%  41.2  625s
 508861 364353 23749.0172   57  626 26104.0000 23633.0172  9.47%  41.3  630s
 511072 365685 25172.5433   82  469 26104.0000 23633.0172  9.47%  41.4  635s
 513280 367673 23956.0172   51  581 26104.0000 23633.0172  9.47%  41.5  640s
 516674 369217 23653.0172   67  503 26104.0000 23633.0172  9.47%  41.6  645s
 519652 371126 infeasible   75      26104.0000 23633.0172  9.47%  41.7  650s
 522429 372808 infeasible  108      26104.0000 23633.0172  9.47%  41.7  655s
 525131 375727 24490.5058   51  554 26104.0000 23633.0172  9.47%  41.9  661s
 527493 377268 23666.8160   61  609 26104.0000 23633.0172  9.47%  42.0  665s
 531469 381132 24985.1784   73  489 26104.0000 23633.0172  9.47%  42.0  674s
 535082 381333 infeasible   55      26104.0000 23633.0172  9.47%  42.1  676s
 535932 382951 24000.0000   64  618 26104.0000 23633.0172  9.47%  42.2  681s
 538454 384880 24274.1572   61  462 26104.0000 23633.0172  9.47%  42.3  685s
 541105 386482 25538.3602  106  258 26104.0000 23633.0172  9.47%  42.4  690s
 544137 388561 25373.3845  107  363 26104.0000 23633.0172  9.47%  42.5  695s
 547142 390864 25465.0000  109  359 26104.0000 23633.0172  9.47%  42.6  701s
 549831 392496 25711.0000   75  313 26104.0000 23633.0172  9.47%  42.7  706s
 552296 393325 23668.0172   40  609 26104.0000 23633.0172  9.47%  42.8  711s
H552859 392990                    26089.000000 23633.0172  9.41%  42.8  711s
 553669 395226 25196.1016   79  374 26089.0000 23633.0172  9.41%  42.8  716s
 557548 396580 23731.0236   46  625 26089.0000 23633.0172  9.41%  42.9  721s
 559417 397878 infeasible  116      26089.0000 23633.0172  9.41%  43.0  726s
 561980 399479 23894.0172   56  572 26089.0000 23633.0172  9.41%  43.1  730s
 565786 401980 23725.0803   59  562 26089.0000 23633.0172  9.41%  43.3  737s
 566640 403840 25198.0000  110  254 26089.0000 23633.0172  9.41%  43.3  742s
 569384 405929 24083.1380   89  396 26089.0000 23633.0172  9.41%  43.4  747s
 571996 407003 23689.0358   42  681 26089.0000 23633.0172  9.41%  43.5  753s
 572915 407480 24136.0172   63  559 26089.0000 23633.0172  9.41%  43.5  756s
 575838 409297 23633.0172   47  739 26089.0000 23633.0172  9.41%  43.6  760s
 577652 410994 25777.6495   93  382 26089.0000 23633.0172  9.41%  43.7  767s
 581124 412995 23942.8670   63  516 26089.0000 23633.0172  9.41%  43.8  772s
 583797 414760 infeasible   72      26089.0000 23633.0172  9.41%  43.9  776s
 584882 416431 23721.1172   61  599 26089.0000 23633.0172  9.41%  44.0  781s
 587473 418172 25536.0000   58  527 26089.0000 23633.0172  9.41%  44.1  786s
 589948 419094 24199.0146   69  386 26089.0000 23633.0172  9.41%  44.1  791s
 592796 421494 23633.0172   61  607 26089.0000 23633.0172  9.41%  44.2  795s
 595988 422867 24436.4437   84  404 26089.0000 23633.0172  9.41%  44.3  801s
 597735 424256 23714.6801   46  819 26089.0000 23633.0172  9.41%  44.4  805s
 600285 425858 23836.2113   59  564 26089.0000 23633.0172  9.41%  44.5  811s
 602547 427206 infeasible   65      26089.0000 23633.0172  9.41%  44.6  816s
 604370 428737 24502.1017   74  386 26089.0000 23633.0172  9.41%  44.7  821s
 606233 430255 23634.2572   62  588 26089.0000 23633.0172  9.41%  44.7  826s
 608753 431494 24577.0172   80  439 26089.0000 23633.0172  9.41%  44.8  831s
 611329 433326 infeasible   79      26089.0000 23633.0172  9.41%  44.9  836s
 612536 434329 24471.3034   82  485 26089.0000 23633.0172  9.41%  45.0  841s
 615690 435956 23633.0172   47  669 26089.0000 23633.0172  9.41%  45.0  846s
 617743 437455 infeasible   35      26089.0000 23633.0172  9.41%  45.1  852s
 620314 439093 23769.0172   42  676 26089.0000 23633.0172  9.41%  45.2  857s
 621036 439878 24280.0972   66  588 26089.0000 23633.0172  9.41%  45.3  860s
 622379 441540 23785.0172   67  619 26089.0000 23633.0172  9.41%  45.3  871s
 624475 443535 23835.1446   69  540 26089.0000 23633.0172  9.41%  45.5  876s
 627444 444614 25617.5535  133  381 26089.0000 23633.0172  9.41%  45.6  880s
 629796 446973 23718.4473   54  504 26089.0000 23633.0172  9.41%  45.7  886s
 633310 448822 infeasible  106      26089.0000 23633.0172  9.41%  45.7  892s
 635327 449184 25459.9684  147  232 26089.0000 23633.0172  9.41%  45.8  895s
 637891 450867 23979.0172   39  795 26089.0000 23633.0172  9.41%  45.8  900s
 640460 452562 23778.1937   58  556 26089.0000 23633.0172  9.41%  46.0  908s
 640697 453267 25148.0172   77  410 26089.0000 23633.0172  9.41%  46.0  913s
 641719 455153 26051.3317   98  268 26089.0000 23633.0172  9.41%  46.1  917s
 644610 455727 24442.4948   82  468 26089.0000 23633.0172  9.41%  46.1  920s
 647211 457586 24473.7305   73  475 26089.0000 23633.0172  9.41%  46.2  927s
 648213 458642 23633.0172   39  823 26089.0000 23633.0172  9.41%  46.2  930s
 650203 461049 25134.8972   62  540 26089.0000 23633.0172  9.41%  46.3  936s
 653467 461947 24043.8592   61  577 26089.0000 23633.0172  9.41%  46.4  941s
 653998 464264     cutoff  117      26089.0000 23633.0172  9.41%  46.4  946s
 657998 465268 23858.0236   51  480 26089.0000 23633.0172  9.41%  46.5  951s
 658765 466452 25073.3172   68  518 26089.0000 23633.0172  9.41%  46.5  955s
 661339 468374 25635.8462  147  265 26089.0000 23633.0172  9.41%  46.6  960s
 663728 469046 25973.2057  101  319 26089.0000 23633.0172  9.41%  46.6  966s
 666004 470453 24157.7311   76  489 26089.0000 23633.0172  9.41%  46.7  972s
 666472 471895 24040.6295   59  538 26089.0000 23633.0172  9.41%  46.7  975s
 668994 473843 25697.8000   78  507 26089.0000 23633.0172  9.41%  46.8  981s
 672033 476376 23658.0172   39  641 26089.0000 23633.0172  9.41%  46.9  988s
 674823 476989 infeasible  113      26089.0000 23633.0172  9.41%  46.9  990s
 677444 478584 23790.2798   58  556 26089.0000 23633.0172  9.41%  47.0  996s
 679516 480153 23633.0172   72  642 26089.0000 23633.0172  9.41%  47.1 1001s
 681818 481650 infeasible   75      26089.0000 23633.0172  9.41%  47.2 1007s
 682459 483090 25325.0172   81  502 26089.0000 23633.0172  9.41%  47.2 1010s
 684913 488454 23633.0172   53  626 26089.0000 23633.0172  9.41%  47.2 1037s
 692417 488765 23633.0172   56  505 26089.0000 23633.0172  9.41%  47.6 1043s
 692915 490813 infeasible  128      26089.0000 23633.0172  9.41%  47.6 1048s
 695816 492437 23633.0172   47  702 26089.0000 23633.0172  9.41%  47.6 1051s
 698310 492964 infeasible   90      26089.0000 23633.0172  9.41%  47.6 1055s
 701497 494916 23807.0236   67  524 26089.0000 23633.0172  9.41%  47.7 1060s
 705480 497423 23640.6422   48  681 26089.0000 23633.0172  9.41%  47.8 1067s
H705493 497423                    26088.999959 23633.0172  9.41%  47.8 1067s
 706267 498753 23908.1830   59  544 26089.0000 23633.0172  9.41%  47.8 1071s
 708206 500357 23991.0172   66  515 26089.0000 23633.0172  9.41%  47.9 1076s
 710687 501474 23653.0172   54  618 26089.0000 23633.0172  9.41%  47.9 1081s
 712605 502544 23687.5544   67  567 26089.0000 23633.0172  9.41%  48.0 1086s
 714189 504337 24187.0172   63  541 26089.0000 23633.0172  9.41%  48.0 1092s
 717298 505390 infeasible   84      26089.0000 23633.0172  9.41%  48.1 1096s
 718315 507274 25919.0000   95  515 26089.0000 23633.0172  9.41%  48.1 1101s
 721297 509079 23934.2229   78  460 26089.0000 23633.0172  9.41%  48.2 1106s
 723641 510237 24595.4604   62  528 26089.0000 23633.0172  9.41%  48.2 1111s
 725617 512130 23878.0172   56  599 26089.0000 23633.0172  9.41%  48.3 1116s
 728120 513691 24531.0172   56  550 26089.0000 23633.0172  9.41%  48.3 1121s
 730306 514821 24071.4954   74  495 26089.0000 23633.0172  9.41%  48.4 1126s
 731933 517238 23633.0236   46  637 26089.0000 23633.0172  9.41%  48.5 1134s
 735253 517595 23665.2441   63  576 26089.0000 23633.0172  9.41%  48.6 1138s
 735780 517782 23707.0172   52  638 26089.0000 23633.0172  9.41%  48.6 1141s
 736863 520157 25493.0000   86  370 26089.0000 23633.0172  9.41%  48.6 1148s
 739566 520648 23633.0172   49  635 26089.0000 23633.0172  9.41%  48.7 1151s
 741908 522114 23719.2319   56  631 26089.0000 23633.0172  9.41%  48.8 1157s
 742354 522683 25119.0000   67  516 26089.0000 23633.0172  9.41%  48.8 1160s
 745694 525011 23633.2368   54  694 26089.0000 23633.0172  9.41%  48.8 1166s
 747644 526307 25244.5000  112  331 26089.0000 23633.0172  9.41%  48.9 1170s
 748895 528266 24954.3237   80  367 26089.0000 23633.0172  9.41%  48.9 1175s
 751862 529800 25022.4300   95  344 26089.0000 23633.0172  9.41%  49.0 1180s
 754011 530548 24892.0000  142  279 26089.0000 23633.0172  9.41%  49.1 1186s
 755229 531570 24572.0714   74  491 26089.0000 23633.0172  9.41%  49.1 1192s
 756205 532983 24018.5991   71  380 26089.0000 23633.0172  9.41%  49.1 1195s
 759112 534387 25982.0000   93  403 26089.0000 23633.0172  9.41%  49.2 1201s
 761271 535738 25074.2734   87  462 26089.0000 23633.0172  9.41%  49.3 1206s
 763563 536686 23937.0172   50  516 26089.0000 23633.0172  9.41%  49.3 1210s
 766079 538216 23653.0172   65  568 26089.0000 23633.0172  9.41%  49.3 1215s
 767431 540097 26040.0000  133  212 26089.0000 23633.0172  9.41%  49.4 1220s
 769752 541834 24356.0172   72  478 26089.0000 23633.0172  9.41%  49.5 1225s
 771976 542541 24782.0572   67  572 26089.0000 23633.0172  9.41%  49.5 1230s
 774502 544207 infeasible   72      26089.0000 23633.0172  9.41%  49.5 1235s
 776893 545685 infeasible   94      26089.0000 23633.0172  9.41%  49.6 1240s
 777385 546731 23858.7500   53  541 26089.0000 23633.0172  9.41%  49.6 1245s
 779997 548406 25055.0172   74  441 26089.0000 23633.0172  9.41%  49.7 1253s
 781490 550089 24570.2625   64  665 26089.0000 23633.0172  9.41%  49.7 1257s
 784133 550538 24033.0400   69  602 26089.0000 23633.0172  9.41%  49.8 1260s
 785557 552321 24497.6034   80  504 26089.0000 23633.0172  9.41%  49.8 1267s
 787743 553043 infeasible   60      26089.0000 23633.0172  9.41%  49.9 1270s
 791163 554894 infeasible  102      26089.0000 23633.0172  9.41%  49.9 1276s
 792660 556020 infeasible   75      26089.0000 23633.0172  9.41%  50.0 1280s
 795443 557903 infeasible   57      26089.0000 23633.0172  9.41%  50.0 1285s
 798188 559488 23852.3428   39  698 26089.0000 23633.0172  9.41%  50.0 1291s
 799006 560976 24811.0000   93  373 26089.0000 23633.0172  9.41%  50.1 1296s
 801420 562355 24055.8570   70  597 26089.0000 23633.0172  9.41%  50.1 1301s
 803631 563597 25818.0900   67  356 26089.0000 23633.0172  9.41%  50.2 1306s
 806079 564765 24317.3618   61  591 26089.0000 23633.0172  9.41%  50.2 1311s

Cutting planes:
  Learned: 363
  Gomory: 343
  Cover: 2108
  Implied bound: 427
  Projected implied bound: 11
  Clique: 310
  MIR: 943
  StrongCG: 169
  Flow cover: 4625
  GUB cover: 3
  Inf proof: 43
  Zero half: 82
  Network: 34
  RLT: 150
  Relax-and-lift: 154

Explored 806636 nodes (40563733 simplex iterations) in 1311.64 seconds (1775.13 work units)
Thread count was 8 (of 8 available processors)

Solution count 10: 26089 26089 26104 ... 26130

Solve interrupted
Best objective 2.608899995855e+04, best bound 2.363301721636e+04, gap 9.4139%

User-callback calls 1999821, time in user-callback 4.92 sec

Statistics for modelBGB_BWES:
  Linear constraint matrix    : 23732 Constrs, 9987 Vars, 90172 NZs
  Variable types              : 3270 Continuous,
6717 Integer (1378 Binary)
  Matrix coefficient range    : [ 1, 386 ]
  Objective coefficient range : [ 1, 386 ]
  Variable bound range        : [ 1, 199 ]
  RHS coefficient range       : [ 1, 27562.6 ]
