
Gurobi 10.0.1 (mac64[arm]) logging started Fri Mar 29 19:10:47 2024

Set parameter LogFile to value "/Users/deniserings/Documents/zib/s-bahn-data/scripts/DeniseMA/processed/BNB_BSNH_BSAL_BPHD/RINS/BNB_BSNH_BSAL_BPHD_202403291857_no relaxation_1.log"
Gurobi Optimizer version 10.0.1 build v10.0.1rc0 (mac64[arm])

CPU model: Apple M2
Thread count: 8 physical cores, 8 logical processors, using up to 8 threads

Optimize a model with 21254 rows, 8010 columns and 80723 nonzeros
Model fingerprint: 0x584572bc
Variable types: 2735 continuous, 5275 integer (1117 binary)
Coefficient statistics:
  Matrix range     [1e+00, 4e+02]
  Objective range  [1e+00, 4e+02]
  Bounds range     [1e+00, 2e+02]
  RHS range        [1e+00, 2e+04]

User MIP start did not produce a new incumbent solution
User MIP start violates constraint objective_cutoff by 246.750000000

Presolve removed 9581 rows and 2554 columns
Presolve time: 0.13s
Presolved: 11673 rows, 5456 columns, 48728 nonzeros
Variable types: 1525 continuous, 3931 integer (3931 binary)

Root relaxation: objective 2.028400e+04, 3196 iterations, 0.02 seconds (0.03 work units)
Another try with MIP start

    Nodes    |    Current Node    |     Objective Bounds      |     Work
 Expl Unexpl |  Obj  Depth IntInf | Incumbent    BestBd   Gap | It/Node Time

     0     0 20284.0000    0  215          - 20284.0000      -     -    0s
     0     0 20332.2812    0  550          - 20332.2812      -     -    0s
     0     0 20332.7821    0  591          - 20332.7821      -     -    0s
     0     0 20332.7821    0  581          - 20332.7821      -     -    0s
     0     0 20385.1168    0  548          - 20385.1168      -     -    0s
     0     0 20385.1931    0  530          - 20385.1931      -     -    0s
     0     0 20385.1931    0  550          - 20385.1931      -     -    0s
     0     0 20475.9699    0  528          - 20475.9699      -     -    0s
     0     0 20475.9699    0  511          - 20475.9699      -     -    0s
     0     0 20500.3595    0  627          - 20500.3595      -     -    0s
     0     0 20500.4364    0  590          - 20500.4364      -     -    1s
     0     0 20500.4364    0  584          - 20500.4364      -     -    1s
     0     0 20500.4364    0  747          - 20500.4364      -     -    1s
     0     0 20500.4364    0  776          - 20500.4364      -     -    1s
     0     0 20500.4364    0  829          - 20500.4364      -     -    1s
     0     0 20500.4364    0  296          - 20500.4364      -     -    1s
     0     2 20500.4364    0  250          - 20500.4364      -     -    1s
  2783  2457 20855.0000   44  286          - 20630.0000      -  23.9    5s
  3546  2976 infeasible   60               - 20816.8598      -  15.5   10s
 10081  6307 21173.1417   81  243          - 20883.2820      -  22.2   15s
 18786 13936 21372.9905   53  248          - 20979.0435      -  23.0   20s
 28341 20928 21522.6196   37  325          - 20999.6372      -  23.2   25s
 29811 22976 infeasible  117               - 20999.6372      -  23.1   30s
 36745 27981 21083.2459   29  433          - 20999.7702      -  24.1   35s
 44148 33527 21222.1240   56  369          - 21008.0547      -  25.0   40s
 52186 40224 22510.2642  141  129          - 21015.7893      -  25.6   45s
 56892 43414 22202.1884   91  213          - 21018.7409      -  25.8   50s
 65177 50414 21247.8956   63  324          - 21028.0602      -  25.9   55s
 75048 57494 21311.4138   53  330          - 21032.2934      -  26.0   60s
 83999 64521 21333.0336   62  347          - 21032.5361      -  26.1   65s
 90156 72274 21638.1467   89  277          - 21035.4250      -  26.2   70s
 101515 78369 22205.7554   96  258          - 21043.7628      -  26.5   75s
 108429 84328 21781.1554   70  329          - 21047.3970      -  26.6   80s
H116467 89552                    24409.250000 21049.2934  13.8%  26.7   84s
H116480 87501                    23675.000000 21049.2934  11.1%  26.7   85s
H116504 87260                    23606.000000 21049.2934  10.8%  26.7   85s
H117512 88470                    23601.000000 21050.9918  10.8%  26.8   87s
H118106 88345                    23559.000000 21050.9918  10.6%  26.9   87s
H118208 88490                    23541.000000 21050.9918  10.6%  26.9   88s
H118615 88774                    23536.000000 21050.9918  10.6%  27.0   88s
H118742 88764                    23532.000000 21050.9918  10.5%  27.0   88s
H118772 88612                    23496.000000 21050.9918  10.4%  27.0   88s
 118944 88614     cutoff  104      23496.0000 21053.5436  10.4%  27.0   90s
H118959 88578                    23490.000000 21053.5436  10.4%  27.0   90s
H118959 88562                    23486.000000 21053.5436  10.4%  27.0   90s
H118961 88516                    23474.000000 21053.5436  10.3%  27.0   90s
 118990 95072 21330.1323   32  455 23474.0000 21053.9059  10.3%  27.1  101s
H119005 94818                    23434.000000 21053.9059  10.2%  27.1  101s
*119341 94693             184    23410.000000 21053.9059  10.1%  27.1  101s
H122009 94600                    23404.000000 21055.2539  10.0%  27.4  101s
H126998 94679                    23401.000000 21059.5768  10.0%  27.9  102s
H127218 94610                    23396.000000 21059.6364  10.0%  28.0  103s
 129143 96851 21225.9259   35  579 23396.0000 21064.4524  10.0%  28.2  105s
H132870 98746                    23391.000000 21066.1485  9.94%  28.9  108s
 132953 99718 23203.5504   88  179 23391.0000 21066.1609  9.94%  28.9  110s
 134452 102069 21257.6427   40  440 23391.0000 21069.4025  9.93%  29.2  115s
 141384 105311 22995.5308  106  174 23391.0000 21074.4251  9.90%  30.5  120s
H141641 105250                    23382.000000 21074.4251  9.87%  30.6  120s
 144597 108045 21075.7462   31  479 23382.0000 21075.7462  9.86%  31.1  126s
H144673 107930                    23370.000000 21075.7462  9.82%  31.2  126s
H145380 107902                    23367.000000 21075.7462  9.81%  31.2  126s
 148933 110458     cutoff  101      23367.0000 21075.7462  9.81%  31.5  130s
 152577 113592 21434.7729   43  492 23367.0000 21075.7950  9.81%  31.8  135s
 156459 115792 21076.0456   40  422 23367.0000 21076.0456  9.80%  32.3  140s
H159117 117358                    23364.000000 21076.0456  9.79%  32.6  143s
 159165 118161 21201.7995   46  453 23364.0000 21076.0456  9.79%  32.6  145s
H160301 118510                    23361.000000 21076.0456  9.78%  32.7  146s
H162384 120231                    23353.000000 21076.0456  9.75%  32.8  148s
 163764 122932 22711.5757   64  272 23353.0000 21076.0456  9.75%  33.0  153s
 167698 123539 22597.0456   61  355 23353.0000 21076.0456  9.75%  33.4  155s
 172021 126712 infeasible   56      23353.0000 21076.0456  9.75%  33.6  160s
 176017 129822 21096.9256   46  497 23353.0000 21076.0456  9.75%  33.9  165s
 179062 133065 23350.4445   62  274 23353.0000 21076.0456  9.75%  34.2  170s
 184731 135685 21099.3854   45  515 23353.0000 21076.6184  9.75%  34.6  175s
 188951 137964 22691.4619   78  266 23353.0000 21077.2669  9.74%  34.9  180s
 193487 141109 23091.0000  104   97 23353.0000 21078.0456  9.74%  35.3  185s
 196740 144056 21260.0456   51  395 23353.0000 21078.1252  9.74%  35.6  190s
 201551 146973 21357.5022   53  326 23353.0000 21078.4151  9.74%  35.8  195s
 205701 150526 21078.5799   40  582 23353.0000 21078.4151  9.74%  35.9  200s
 209207 154129 22526.5909   52  405 23353.0000 21078.4151  9.74%  36.1  207s
 212965 155042 22864.4381   67  231 23353.0000 21078.7237  9.74%  36.3  210s
 216915 157681 infeasible   51      23353.0000 21078.7237  9.74%  36.7  215s
 219381 160307 22875.2386   86  163 23353.0000 21078.7237  9.74%  36.9  220s
 224165 163144 22565.7068   58  471 23353.0000 21078.7237  9.74%  37.2  225s
H224880 163429                    23352.999714 21078.7237  9.74%  37.2  227s
 225272 164252 22985.6482   74  171 23352.9997 21078.7237  9.74%  37.3  230s
 227517 166798 23226.6322   84  272 23352.9997 21078.7237  9.74%  37.5  235s
 233030 169772     cutoff   93      23352.9997 21078.7237  9.74%  37.9  241s
 236555 172791 21304.0939   49  478 23352.9997 21078.7237  9.74%  38.3  246s
 239889 175049 22679.5024   64  386 23352.9997 21078.7237  9.74%  38.6  251s
 243617 177260 23202.6953  120  109 23352.9997 21078.7237  9.74%  38.7  255s
H245492 178498                    23352.999617 21078.7237  9.74%  38.9  258s
 245915 179686 22522.2355   75  356 23352.9996 21078.7767  9.74%  39.0  260s
 249959 182028 22668.8186   73  268 23352.9996 21078.9699  9.74%  39.2  265s
 253704 184627 21081.3926   42  585 23352.9996 21079.2138  9.74%  39.5  270s
 257581 188382 21102.9347   34  710 23352.9996 21079.2182  9.74%  39.6  276s
 261195 191224 21216.1747   44  473 23352.9996 21079.2182  9.74%  39.8  281s
 265764 194151 21184.1999   46  574 23352.9996 21079.3163  9.74%  39.9  286s
 269503 196446 22450.0505   49  497 23352.9996 21079.5329  9.74%  40.1  291s
 271227 198524 22419.4762   58  395 23352.9996 21079.6819  9.73%  40.2  295s
 275731 201618 21131.4339   56  622 23352.9996 21079.9293  9.73%  40.5  301s
 280130 204342 23145.0915   86  249 23352.9996 21080.1239  9.73%  40.6  306s
 282694 205732 23312.0000  101  140 23352.9996 21080.2707  9.73%  40.8  310s
 286565 209358 21181.5157   40  488 23352.9996 21080.6058  9.73%  40.9  316s
 289187 211133 22424.6059   38  473 23352.9996 21080.6913  9.73%  41.0  320s
 293695 213582     cutoff  109      23352.9996 21080.9510  9.73%  41.1  325s
 296075 215476 22874.1296   96  183 23352.9996 21081.0140  9.73%  41.3  330s
 299406 217520 22622.4854   53  423 23352.9996 21081.1232  9.73%  41.6  335s
 301934 219806 22467.4490   60  283 23352.9996 21081.3416  9.73%  41.8  340s
 304178 221262 21122.7795   29  563 23352.9996 21081.3565  9.73%  42.1  345s
 307308 223030 infeasible   64      23352.9996 21081.3565  9.73%  42.6  352s
 307943 223903 21208.7386   34  480 23352.9996 21081.3565  9.73%  42.8  355s
 310276 225930 22848.7328   92  173 23352.9996 21081.3565  9.73%  43.2  360s
 312774 227539 22584.1496   52  370 23352.9996 21081.3565  9.73%  43.6  366s
H313818 227539                    23352.999476 21081.3565  9.73%  43.6  366s
 314904 228564 21122.7795   31  561 23352.9995 21081.3565  9.73%  43.8  370s
 316434 230664 21137.0791   34  570 23352.9995 21081.3565  9.73%  44.2  376s
 319421 232267 23064.0000   80  218 23352.9995 21081.3584  9.73%  44.6  382s
 320783 232981 21197.9701   40  630 23352.9995 21081.3584  9.73%  44.8  385s
 323720 235110 21265.9701   35  401 23352.9995 21081.3584  9.73%  45.2  391s
 326324 236827     cutoff  125      23352.9995 21081.3623  9.73%  45.6  396s
 328013 238177 21473.9671   32  630 23352.9995 21081.3926  9.73%  45.7  400s
 331188 240761 21114.0853   53  375 23352.9995 21081.3926  9.73%  45.9  405s
 334296 242924 22565.1223   51  422 23352.9995 21081.3926  9.73%  46.1  410s
 338066 245505 22725.0655   65  275 23352.9995 21081.3926  9.73%  46.2  416s
 340043 246770 22343.6402   45  528 23352.9995 21081.4311  9.73%  46.3  420s
 343588 248949 21153.4187   35  475 23352.9995 21081.4894  9.73%  46.5  425s
 345017 251540 22960.7330   60  312 23352.9995 21081.5021  9.73%  46.7  431s
 349194 252758 21284.8723   25  612 23352.9995 21081.6388  9.73%  46.9  436s
 351127 254400 21197.9701   33  528 23352.9995 21081.6511  9.73%  47.1  440s
 355317 256892 21126.0219   36  634 23352.9995 21081.8225  9.73%  47.4  447s
 357355 259095 infeasible   55      23352.9995 21081.8880  9.73%  47.6  451s
 359795 261055 22478.7611   47  538 23352.9995 21081.9662  9.72%  47.7  456s
 362821 262839 22641.9696   63  321 23352.9995 21081.9662  9.72%  47.8  460s
 367001 265049 22734.8791   59  259 23352.9995 21081.9662  9.72%  47.9  466s
 369187 267135 21345.7883   56  465 23352.9995 21081.9662  9.72%  48.1  470s
 373149 270093 infeasible  115      23352.9995 21081.9662  9.72%  48.2  476s
 374755 275806 22901.6755  101  219 23352.9995 21081.9662  9.72%  48.2  494s
 382622 276973 21730.8123   40  459 23352.9995 21081.9662  9.72%  48.7  497s
 386410 280165 infeasible  137      23352.9995 21082.2123  9.72%  48.8  502s
 389616 281644 21722.2123   50  457 23352.9995 21082.2227  9.72%  48.8  505s
 392689 283748 22500.7416   52  420 23352.9995 21082.2836  9.72%  48.9  510s
 396291 286419 23331.3039   90  242 23352.9995 21082.4292  9.72%  49.0  516s
 398424 288116 21118.5244   45  558 23352.9995 21082.4607  9.72%  49.1  520s
 400871 288880 21160.5244   48  528 23352.9995 21082.4607  9.72%  49.2  525s
 403562 291382 21244.9799   41  649 23352.9995 21082.5188  9.72%  49.3  531s
 405629 292734 23041.8719   91  137 23352.9995 21082.6340  9.72%  49.3  540s
 406545 293653 21451.4876   46  532 23352.9995 21082.6583  9.72%  49.4  551s
 407934 294546 21109.4513   59  605 23352.9995 21082.7465  9.72%  49.4  560s
 409274 295145 21264.0456   49  473 23352.9995 21082.7859  9.72%  49.5  579s
 410127 296254 21362.5016   49  621 23352.9995 21082.9021  9.72%  49.6  591s
 411888 297107 21442.3034   45  615 23352.9995 21083.0226  9.72%  49.6  602s
 412973 297774 22541.7261   74  321 23352.9995 21083.1065  9.72%  49.7  617s
 413877 298884 21197.9701   44  499 23352.9995 21083.1323  9.72%  49.7  623s
 415404 299560 21267.8723   30  539 23352.9995 21083.1963  9.72%  49.8  630s
 416228 300655 21154.3504   40  615 23352.9995 21083.2337  9.72%  49.8  636s
 417722 301270 23142.4656  132  156 23352.9995 21083.2459  9.72%  49.9  640s
 418688 301788 21326.5142   29  482 23352.9995 21083.2741  9.72%  50.0  646s
 419442 302479 22419.9763   46  427 23352.9995 21083.3364  9.72%  50.0  650s
 421184 304203 23210.0899  100  212 23352.9995 21083.4996  9.72%  50.2  660s
 423002 304681     cutoff  115      23352.9995 21083.6683  9.72%  50.2  669s
 423590 305879 23184.9737   78  192 23352.9995 21083.7091  9.72%  50.3  675s
 425316 306647 22608.6171   55  442 23352.9995 21083.7109  9.72%  50.3  685s
 426343 307800 22438.0456   61  395 23352.9995 21083.7995  9.72%  50.3  690s
 428908 309446 22337.0519   45  455 23352.9995 21084.0939  9.72%  50.4  698s
 430382 310002 21894.0456   59  499 23352.9995 21084.1875  9.72%  50.5  702s
 431183 311066 22481.5213   44  606 23352.9995 21084.2783  9.71%  50.5  705s
 434017 312260 infeasible   40      23352.9995 21084.5119  9.71%  50.6  711s
 434330 313486 21197.9701   51  565 23352.9995 21084.5119  9.71%  50.7  720s
 435996 315079 22925.9793  110   93 23352.9995 21084.5139  9.71%  50.9  728s
 438277 315635 22291.0927   41  522 23352.9995 21084.5139  9.71%  51.1  733s
 439034 317045 21514.0978   52  313 23352.9995 21084.5139  9.71%  51.3  739s
 441004 317492 21426.0546   52  374 23352.9995 21084.5177  9.71%  51.5  744s
 441744 318334 22648.0939   43  443 23352.9995 21084.5502  9.71%  51.6  750s

Cutting planes:
  Learned: 147
  Gomory: 258
  Cover: 1920
  Implied bound: 707
  Projected implied bound: 28
  Clique: 274
  MIR: 693
  StrongCG: 145
  Flow cover: 2675
  GUB cover: 4
  Inf proof: 25
  Zero half: 32
  Network: 32
  RLT: 88
  Relax-and-lift: 217

Explored 442961 nodes (22984967 simplex iterations) in 750.25 seconds (823.77 work units)
Thread count was 8 (of 8 available processors)

Solution count 10: 23353 23353 23353 ... 23391

Solve interrupted
Best objective 2.335299947631e+04, best bound 2.108464960407e+04, gap 9.7133%

User-callback calls 1020451, time in user-callback 3.32 sec

Statistics for modelBNB_BSNH_BSAL_BPHD:
  Linear constraint matrix    : 21254 Constrs, 8010 Vars, 80723 NZs
  Variable types              : 2735 Continuous,
5275 Integer (1117 Binary)
  Matrix coefficient range    : [ 1, 382 ]
  Objective coefficient range : [ 1, 382 ]
  Variable bound range        : [ 1, 199 ]
  RHS coefficient range       : [ 1, 24428.3 ]
