
Gurobi 10.0.1 (mac64[arm]) logging started Thu Mar 28 21:50:18 2024

Set parameter LogFile to value "/Users/deniserings/Documents/zib/s-bahn-data/scripts/DeniseMA/processed/BGB_BWES/RENS/BGB_BWES_subMBP_202403282027.log"
Gurobi Optimizer version 10.0.1 build v10.0.1rc0 (mac64[arm])

CPU model: Apple M2
Thread count: 8 physical cores, 8 logical processors, using up to 8 threads

Optimize a model with 23951 rows, 9987 columns and 88146 nonzeros
Model fingerprint: 0x4ca040a9
Variable types: 4407 continuous, 5580 integer (241 binary)
Coefficient statistics:
  Matrix range     [1e+00, 2e+02]
  Objective range  [1e+00, 4e+02]
  Bounds range     [1e+00, 2e+02]
  RHS range        [1e+00, 5e+02]
Presolve removed 11063 rows and 3034 columns
Presolve time: 0.12s
Presolved: 12888 rows, 6953 columns, 50201 nonzeros
Variable types: 2292 continuous, 4661 integer (4661 binary)

Root relaxation: objective 2.329800e+04, 4097 iterations, 0.03 seconds (0.04 work units)

    Nodes    |    Current Node    |     Objective Bounds      |     Work
 Expl Unexpl |  Obj  Depth IntInf | Incumbent    BestBd   Gap | It/Node Time

     0     0 23297.9985    0  246          - 23297.9985      -     -    0s
     0     0 23298.4915    0  809          - 23298.4915      -     -    0s
     0     0 23298.4915    0  827          - 23298.4915      -     -    0s
     0     0 23440.8795    0  818          - 23440.8795      -     -    0s
     0     0 23446.1595    0  793          - 23446.1595      -     -    0s
     0     0 23446.1595    0  775          - 23446.1595      -     -    0s
     0     0 23446.1595    0  762          - 23446.1595      -     -    0s
     0     0 23446.1595    0  830          - 23446.1595      -     -    0s
     0     0 23447.0441    0  806          - 23447.0441      -     -    1s
     0     0 23447.0441    0  749          - 23447.0441      -     -    1s
     0     0 23588.1595    0  815          - 23588.1595      -     -    1s
     0     0 23588.1595    0  796          - 23588.1595      -     -    1s
     0     0 23588.1595    0  712          - 23588.1595      -     -    1s
     0     0 23588.1595    0  753          - 23588.1595      -     -    1s
     0     0 23663.9985    0  206          - 23663.9985      -     -    1s
     0     0 23663.9985    0  536          - 23663.9985      -     -    1s
     0     0 23663.9985    0  581          - 23663.9985      -     -    1s
     0     0 23663.9985    0  566          - 23663.9985      -     -    1s
     0     0 23663.9985    0  291          - 23663.9985      -     -    2s
     0     0 23663.9985    0  451          - 23663.9985      -     -    2s
     0     0 23663.9985    0  661          - 23663.9985      -     -    2s
     0     0 23663.9985    0  774          - 23663.9985      -     -    2s
     0     0 23663.9985    0  675          - 23663.9985      -     -    2s
     0     0 23663.9985    0  617          - 23663.9985      -     -    2s
     0     0 23663.9985    0  659          - 23663.9985      -     -    2s
     0     0 23663.9985    0  249          - 23663.9985      -     -    2s
     0     0 23663.9985    0  156          - 23663.9985      -     -    3s
     0     0 23663.9985    0  523          - 23663.9985      -     -    3s
     0     0 23663.9985    0  526          - 23663.9985      -     -    3s
     0     0 23663.9985    0  583          - 23663.9985      -     -    3s
     0     0 23663.9985    0  612          - 23663.9985      -     -    3s
     0     0 23663.9985    0  549          - 23663.9985      -     -    3s
     0     0 23663.9985    0  518          - 23663.9985      -     -    3s
     0     0 23663.9985    0  605          - 23663.9985      -     -    3s
     0     0 23663.9985    0  558          - 23663.9985      -     -    4s
     0     0 23663.9985    0  512          - 23663.9985      -     -    4s
     0     0 23663.9985    0  481          - 23663.9985      -     -    4s
     0     0 23663.9985    0  468          - 23663.9985      -     -    4s
     0     0 23663.9985    0  517          - 23663.9985      -     -    4s
     0     0 23663.9985    0  520          - 23663.9985      -     -    4s
     0     0 23663.9985    0  218          - 23663.9985      -     -    4s
     0     0 23663.9985    0  278          - 23663.9985      -     -    4s
     0     0 23663.9985    0  206          - 23663.9985      -     -    4s
     0     0 23663.9985    0  320          - 23663.9985      -     -    4s
     0     0 23663.9985    0  347          - 23663.9985      -     -    4s
     0     0 23663.9985    0  309          - 23663.9985      -     -    4s
     0     0 23663.9985    0  420          - 23663.9985      -     -    5s
     0     0 23663.9985    0  409          - 23663.9985      -     -    5s
     0     0 23663.9985    0  416          - 23663.9985      -     -    5s
     0     0 23663.9985    0  192          - 23663.9985      -     -    5s
     0     2 23689.7072    0  172          - 23689.7072      -     -    5s
  3470  2967 24909.9985  130  526          - 24276.2460      -  21.6   10s
  3977  3329 24500.9985   44  344          - 24350.0931      -  39.1   15s
  7446  4918 infeasible   70               - 24450.9985      -  40.5   20s
 11862  6919 infeasible  138               - 24486.9985      -  37.6   25s
 16407 10322 infeasible   69               - 24486.9985      -  38.9   30s
 21962 14584 24486.9985   22  550          - 24486.9985      -  39.3   35s
 25949 17572 24617.7148   29  495          - 24486.9985      -  40.1   40s
 29956 20704 infeasible   64               - 24486.9985      -  40.6   52s
 33432 22906 infeasible  147               - 24487.0529      -  40.5   55s
 37461 25844 24553.5969   24  492          - 24487.4917      -  41.1   60s
 41692 28961 25257.2527   32  534          - 24488.7230      -  41.7   65s
 46022 31957 24566.2000   34  534          - 24493.0855      -  41.8   70s
 51310 35878 infeasible   93               - 24499.8583      -  41.6   75s
 55323 39234 24935.9985   51  392          - 24502.5946      -  42.1   80s
 58322 41698 24689.9985   34  451          - 24504.9985      -  42.8   85s
 63072 44603 infeasible   72               - 24507.0918      -  43.2   90s
 65274 47288 24750.3936   47  403          - 24509.5980      -  44.0   95s
 70297 50936 24800.9985   37  390          - 24522.9985      -  43.9  100s
 74558 54370 24784.9985   46  381          - 24526.9985      -  44.2  106s
 78335 56532 25398.9985   56  439          - 24531.0544      -  44.0  110s
 83711 59573 infeasible  105               - 24533.6189      -  43.6  115s
 88972 63584 27375.9985  124  248          - 24534.9985      -  43.6  121s
 90045 66605 24989.9985   68  418          - 24535.8900      -  43.7  125s
 97245 69114 24985.9985   40  459          - 24543.9655      -  43.7  130s
 101536 72715 25405.9985   52  357          - 24548.9985      -  43.7  135s
 105385 75055 infeasible   37               - 24549.9985      -  43.9  140s
 109827 79113 24625.9985   34  406          - 24549.9985      -  44.1  145s
 114285 81661 24726.5507   35  457          - 24549.9985      -  44.2  151s
 116442 83015 infeasible   37               - 24549.9985      -  44.6  155s
 119625 87335 24781.9985   36  440          - 24549.9985      -  45.0  160s
 125681 90482 24621.3087   37  517          - 24549.9985      -  45.1  165s
 128571 91564 infeasible   49               - 24549.9985      -  45.3  170s
 132344 95309 24941.9985   52  356          - 24549.9985      -  45.5  175s
 137962 98200 infeasible   42               - 24549.9985      -  45.3  180s
 142911 102203 24661.6945   32  504          - 24549.9985      -  45.4  185s
 144655 103055 24610.5507   34  467          - 24549.9985      -  45.4  190s
 148093 106497 24555.8142   30  438          - 24549.9985      -  45.6  195s
 153659 109364 infeasible   38               - 24550.0185      -  45.6  200s
 157881 112986 infeasible   51               - 24550.1096      -  45.8  205s
 162645 116485 24975.9985   55  475          - 24550.1731      -  46.1  210s
 167195 119466 24645.8899   32  427          - 24550.1798      -  46.2  215s
 171783 122785 24624.5650   34  534          - 24550.2652      -  46.4  221s
 176389 125955 25943.9985   91  384          - 24550.5531      -  46.5  225s
 178311 126659 25977.9985   51  395          - 24550.6908      -  46.6  230s
 182566 129340 24733.9985   23  524          - 24550.9985      -  46.7  235s
 186496 132133 24951.9985   35  406          - 24550.9985      -  46.8  240s
 189533 135125 24837.9985   57  368          - 24550.9985      -  47.1  245s
 193821 141088 24708.9985   52  443          - 24550.9985      -  47.2  254s
 200225 141241 25302.9985   30  491          - 24550.9985      -  47.2  255s
 202011 142452 24874.0754   37  386          - 24550.9985      -  47.4  260s
 205918 145271 infeasible  126               - 24550.9985      -  47.6  265s
 208553 150462 24620.5065   30  491          - 24550.9985      -  47.7  272s
 214263 152197 25307.9985   86  287          - 24550.9985      -  47.9  276s
 219461 154656 24556.8142   27  432          - 24550.9985      -  48.0  280s
 220391 156318 25033.9985   41  363          - 24550.9985      -  48.1  285s
 224389 160191 24761.9985   39  468          - 24550.9985      -  48.4  292s
 228315 161898 26051.9985   80  281          - 24550.9985      -  48.5  296s
 231885 164707 25360.6908   33  503          - 24551.1763      -  48.6  300s
 237724 168710 24961.9985   51  451          - 24551.3277      -  48.6  306s
 241344 170919 24760.9985   42  464          - 24551.3277      -  48.6  310s
 246662 174033 24626.4706   40  499          - 24551.3627      -  48.7  316s
 250958 176971 infeasible   60               - 24551.3765      -  48.7  320s
 253359 178591 24682.6908   42  479          - 24551.5054      -  48.8  327s
 253914 179189 24646.5395   28  544          - 24551.5054      -  48.8  330s
 257978 181755 24704.7639   33  416          - 24551.7494      -  48.9  335s
 261912 184399 24705.8142   33  404          - 24551.9985      -  48.9  340s
 265377 186838 infeasible  105               - 24552.0842      -  49.1  345s
 268147 189541 25743.9985   42  407          - 24552.2519      -  49.3  350s
 273074 192022 infeasible   66               - 24552.3674      -  49.3  355s
 276598 194441 infeasible  144               - 24552.8446      -  49.4  360s
*279516 196497             214    29341.998490 24552.9985  16.3%  49.5  363s
H279721 196932                    29341.998485 24552.9985  16.3%  49.5  365s
H279838 196871                    29283.998485 24552.9985  16.2%  49.5  365s
 281771 198373 25320.9985   62  348 29283.9985 24553.1508  16.2%  49.6  370s
H281922 198373                    29262.998471 24553.1508  16.1%  49.6  370s
H282926 198512                    29262.998352 24553.3575  16.1%  49.6  371s
H283133 198900                    29253.998485 24553.3575  16.1%  49.7  373s
H283426 198900                    29248.998485 24553.3575  16.1%  49.7  373s
H283664 198900                    29244.998485 24553.3575  16.0%  49.7  373s
H283778 198940                    29184.998485 24553.3575  15.9%  49.7  374s
 283882 199042 26554.9985   78  226 29184.9985 24553.3575  15.9%  49.8  376s
H283888 199042                    29174.998495 24553.3575  15.8%  49.8  376s
H284053 199241                    29171.998485 24553.3589  15.8%  49.8  379s
 284292 200494 24954.1709   47  445 29171.9985 24553.3589  15.8%  49.8  389s
H284315 200493                    29145.995898 24553.3589  15.8%  49.8  389s
H285447 200493                    29143.998185 24553.4317  15.8%  50.0  389s
H285449 200493                    29119.998490 24553.4317  15.7%  50.0  389s
H286225 201590                    29118.998485 24553.4488  15.7%  50.0  396s
H286225 201579                    29093.998490 24553.4488  15.6%  50.0  396s
H286299 201572                    29077.998490 24553.4491  15.6%  50.0  396s
 287909 202143 infeasible   67      29077.9985 24553.4947  15.6%  50.0  402s
H287912 202139                    29047.998490 24553.4947  15.5%  50.0  402s
H288116 202137                    29044.998490 24553.7740  15.5%  50.0  402s
 288723 202655 24949.5971   48  441 29044.9985 24553.9381  15.5%  50.1  408s
H288832 202655                    29044.998402 24553.9830  15.5%  50.1  408s
 289511 204893 25471.9985   82  258 29044.9984 24554.0535  15.5%  50.3  416s
 292825 204978 infeasible   61      29044.9984 24554.7229  15.5%  50.4  421s
H292829 204978                    29039.998490 24554.7229  15.4%  50.4  421s
 292982 205403 24740.3846   33  462 29039.9985 24554.7494  15.4%  50.4  426s
 293683 206022 infeasible   56      29039.9985 24554.8339  15.4%  50.6  432s
 294546 206728 24557.8142   42  518 29039.9985 24554.9578  15.4%  50.7  437s
H295010 206728                    29039.998436 24554.9985  15.4%  50.7  437s
 295420 208977 25467.9985   61  422 29039.9984 24554.9985  15.4%  50.8  443s
H295872 208977                    29039.998432 24554.9985  15.4%  50.8  443s
H297077 208977                    29039.998427 24554.9985  15.4%  50.8  443s
H298593 208980                    29039.997026 24554.9985  15.4%  50.9  451s
 298606 214878 24655.6189   28  518 29039.9970 24554.9985  15.4%  50.9  493s
 306614 216410 25911.7923   55  383 29039.9970 24555.0113  15.4%  52.0  500s
H307739 216409                    29024.998490 24555.1059  15.4%  52.0  500s
 308830 217707 24583.3045   36  560 29024.9985 24555.1271  15.4%  52.0  507s
 310751 219996 24665.7467   42  449 29024.9985 24555.2785  15.4%  52.1  513s
 313966 220073 24782.8735   38  483 29024.9985 24555.4249  15.4%  52.2  517s
 314084 225377 24805.6955   53  497 29024.9985 24555.4269  15.4%  52.2  530s
 322543 225616 25530.7430   74  480 29024.9985 24555.8142  15.4%  52.5  537s
 322566 225856 infeasible   77      29024.9985 24555.8900  15.4%  52.5  540s
 323309 226517 25792.0277   55  406 29024.9985 24555.9677  15.4%  52.6  545s
H324134 226847                    28703.998490 24556.0188  14.5%  52.7  548s
 324527 227862 27264.9085   84  206 28703.9985 24556.0627  14.5%  52.7  551s
 326799 229827 25610.8143   53  470 28703.9985 24556.0627  14.5%  52.9  557s
 329300 232605 24926.9985   45  430 28703.9985 24556.0627  14.5%  53.0  566s
 332880 233026 26333.1350   71  279 28703.9985 24556.0627  14.5%  53.1  570s
 335643 234933 25060.9985   67  400 28703.9985 24556.0627  14.5%  53.3  576s
 338351 236824 24568.5382   34  553 28703.9985 24556.1192  14.5%  53.4  582s
 338953 238166 24608.9985   41  480 28703.9985 24556.1271  14.5%  53.5  585s
 341513 240122 27176.9985   69  342 28703.9985 24556.1271  14.5%  53.6  591s
 343997 243167 24726.8142   29  466 28703.9985 24556.1271  14.5%  53.7  598s
 348007 243457 25889.0052   55  497 28703.9985 24556.3260  14.4%  53.9  600s
 349111 245042 27196.5985   70  324 28703.9985 24556.3636  14.4%  54.0  605s
 351418 245856 24658.1375   39  502 28703.9985 24556.3882  14.4%  54.2  610s
 354351 247757 24629.8142   26  442 28703.9985 24556.5065  14.4%  54.4  615s
 355447 249650 24998.6697   42  501 28703.9985 24556.5065  14.4%  54.6  620s
H358152 250141                    28617.998490 24556.5499  14.2%  54.7  625s
H358195 249756                    28311.998490 24556.5698  13.3%  54.7  625s
 358486 252836 24556.8775   30  564 28311.9985 24556.5962  13.3%  54.7  632s
H362695 253270                    28306.998490 24556.6012  13.2%  54.9  635s
 363947 254095 24716.9985   35  472 28306.9985 24556.6985  13.2%  55.0  640s
H364076 254089                    28301.998490 24556.6985  13.2%  55.0  640s
H364249 254070                    28287.998490 24556.7114  13.2%  55.1  640s
 366045 255565 24952.9985   32  383 28287.9985 24556.8142  13.2%  55.2  646s
H366257 255562                    28280.998490 24556.8142  13.2%  55.2  646s
 366775 256818 26231.2356   53  352 28280.9985 24556.8142  13.2%  55.3  650s
H368623 257356                    28275.998490 24556.8142  13.2%  55.4  653s
 369325 259038 24775.9985   40  417 28275.9985 24556.8142  13.2%  55.5  656s
H372076 259438                    28270.998490 24556.9837  13.1%  55.6  659s
 372380 260006 24676.1279   41  504 28270.9985 24556.9985  13.1%  55.6  662s
H373192 260590                    28270.998461 24556.9985  13.1%  55.8  664s
 374134 260968 infeasible   43      28270.9985 24557.0923  13.1%  55.8  666s
 374700 262438 24775.9985   35  539 28270.9985 24557.1271  13.1%  55.9  670s
H375830 262433                    28267.998490 24557.1271  13.1%  56.0  670s
 377523 263484 24755.9985   46  403 28267.9985 24557.2399  13.1%  56.1  676s
 380619 265449 25178.6021   31  456 28267.9985 24557.2399  13.1%  56.3  682s
 381175 267025 26133.2863   51  406 28267.9985 24557.2922  13.1%  56.4  685s
 384011 268975 25155.6314   40  443 28267.9985 24557.4195  13.1%  56.6  690s
 386775 270609 24676.0928   33  399 28267.9985 24557.5065  13.1%  56.7  695s
 388961 271671 24850.1887   33  500 28267.9985 24557.7866  13.1%  56.8  703s
 390214 274110 24854.6446   39  431 28267.9985 24557.8142  13.1%  57.1  710s
H393557 274022                    28228.998490 24557.8142  13.0%  57.2  710s
 394941 276138 24987.5194   24  638 28228.9985 24557.9985  13.0%  57.3  717s
H396837 276138                    28228.998446 24557.9985  13.0%  57.3  717s
 397539 277773 24810.3569   30  636 28228.9984 24557.9985  13.0%  57.4  723s
 399393 278215 infeasible   49      28228.9984 24557.9985  13.0%  57.5  726s
H400578 278537                    28171.998490 24558.0338  12.8%  57.7  729s
*400654 278491             197    28150.998490 24558.0338  12.8%  57.7  729s
 400836 279500 26414.2465   92  252 28150.9985 24558.0366  12.8%  57.7  732s
 402547 279923 infeasible   36      28150.9985 24558.1731  12.8%  57.8  735s
H402877 279904                    28141.998490 24558.2066  12.7%  57.9  735s
H404640 281177                    28134.998490 24558.2698  12.7%  57.9  740s
H404730 281147                    28127.998490 24558.2698  12.7%  57.9  740s
H404787 281006                    28082.998490 24558.2698  12.6%  57.9  740s
H406793 282371                    28075.998490 24558.4093  12.5%  58.0  744s
H406838 282367                    28074.998490 24558.4093  12.5%  58.0  744s
H406864 282237                    28018.998490 24558.4093  12.4%  58.0  744s
 407017 282572 24878.9985   44  370 28018.9985 24558.4317  12.4%  58.1  747s
 407515 283595 24877.1853   34  517 28018.9985 24558.4837  12.4%  58.1  750s
H409170 283995                    28013.998490 24558.5684  12.3%  58.2  753s
 409560 284828 24637.9985   33  457 28013.9985 24558.5684  12.3%  58.3  756s
H410967 285326                    28011.998490 24558.6153  12.3%  58.4  759s
 411462 286493 25131.2676   49  555 28011.9985 24558.6922  12.3%  58.4  762s
 413251 286893 25080.9985   60  413 28011.9985 24558.7940  12.3%  58.5  765s
H413431 286874                    28006.998490 24558.8142  12.3%  58.5  765s
 415514 288373 26358.9985   59  292 28006.9985 24558.9230  12.3%  58.7  772s
H415808 288373                    28006.998436 24558.9427  12.3%  58.7  772s
H415857 288343                    28001.998490 24558.9770  12.3%  58.7  772s
H415931 288332                    27998.998442 24558.9770  12.3%  58.8  772s
 416105 288725 infeasible   34      27998.9984 24559.0085  12.3%  58.8  775s
 418196 289866 24694.4603   35  537 27998.9984 24559.3058  12.3%  59.0  781s
H418329 289863                    27997.998490 24559.3058  12.3%  59.0  781s
 418554 291008 25786.6803   56  366 27997.9985 24559.4442  12.3%  59.1  788s
 420320 293046 24951.6803   33  435 27997.9985 24559.6583  12.3%  59.2  794s
H420693 293030                    27989.998490 24559.6583  12.3%  59.3  794s
H421075 293011                    27985.998490 24559.6583  12.2%  59.3  794s
 423549 293332 infeasible   81      27985.9985 24559.9230  12.2%  59.4  797s
 424076 294716 25321.9985   40  358 27985.9985 24559.9708  12.2%  59.5  801s
 426766 296867 25236.2356   63  384 27985.9985 24560.1624  12.2%  59.7  807s
 429098 297416 infeasible   30      27985.9985 24560.3572  12.2%  59.8  810s
 431471 298749 24738.6785   32  412 27985.9985 24560.7136  12.2%  59.9  817s
 432057 299348 25174.6446   57  473 27985.9985 24560.9286  12.2%  60.1  820s
 434054 300716 24561.2310   21  521 27985.9985 24560.9985  12.2%  60.2  825s
H434751 301441                    27977.998490 24560.9985  12.2%  60.2  829s
H434754 301437                    27972.998490 24560.9985  12.2%  60.2  829s
H434887 301420                    27968.998490 24560.9985  12.2%  60.2  829s
 435870 302031 24717.1413   48  464 27968.9985 24560.9985  12.2%  60.2  833s
 436806 303030 24704.0837   36  643 27968.9985 24561.0706  12.2%  60.3  837s
H436958 303024                    27965.998490 24561.0706  12.2%  60.3  837s
 438383 303625 25448.9985   55  332 27965.9985 24561.2553  12.2%  60.4  841s
 439180 305263 25088.9985   56  446 27965.9985 24561.3473  12.2%  60.5  845s
 442115 306024 infeasible   57      27965.9985 24561.5065  12.2%  60.6  853s
H442116 305982                    27957.998490 24561.5065  12.1%  60.6  853s
H442306 305901                    27941.998490 24561.5065  12.1%  60.6  853s
 442699 307419 24852.9985   50  406 27941.9985 24561.5065  12.1%  60.7  856s
 444895 307908 26947.3985  130  127 27941.9985 24561.5065  12.1%  60.7  860s
 446982 309479 24750.9985   35  418 27941.9985 24561.5245  12.1%  60.8  867s
 449227 310673 24616.5279   38  442 27941.9985 24561.6908  12.1%  60.9  871s
 450604 311720 infeasible  111      27941.9985 24561.7458  12.1%  61.0  876s
 451179 312256 infeasible   42      27941.9985 24561.7783  12.1%  61.0  880s
 453938 314007 infeasible   28      27941.9985 24561.7867  12.1%  61.2  886s
 455752 315167 25261.3373   34  513 27941.9985 24561.9796  12.1%  61.4  893s
H456118 315152                    27933.998490 24561.9796  12.1%  61.4  893s
 456403 316690 26897.9985   60  388 27933.9985 24561.9828  12.1%  61.4  897s
 458730 317167 25056.2982   39  595 27933.9985 24562.1666  12.1%  61.5  900s
H458834 317114                    27926.998490 24562.1666  12.0%  61.5  900s
 460028 318960 24637.9985   27  504 27926.9985 24562.2473  12.0%  61.6  907s
 462475 319252 infeasible   64      27926.9985 24562.4276  12.0%  61.6  910s
 462630 320559 27428.9985  111  193 27926.9985 24562.4276  12.0%  61.7  918s
 464411 322804 24753.8010   42  571 27926.9985 24562.6157  12.0%  61.8  926s
 467783 323155 infeasible   72      27926.9985 24562.8142  12.0%  61.9  930s
H467978 322987                    27899.998490 24562.8142  12.0%  61.9  930s
H468273 322922                    27886.998490 24562.8553  11.9%  62.0  930s
 469155 325017 25245.3134   37  595 27886.9985 24562.9655  11.9%  62.1  937s
 471504 325509 24892.5337   31  537 27886.9985 24562.9655  11.9%  62.2  941s
 473113 327717 26966.4265   88  218 27886.9985 24563.1077  11.9%  62.3  948s
 475342 328173 24767.5840   29  529 27886.9985 24563.2667  11.9%  62.4  951s
 476010 329221 25266.9985   54  349 27886.9985 24563.4794  11.9%  62.5  955s
H476270 329176                    27881.998490 24563.4794  11.9%  62.5  955s
 477983 330416 infeasible   52      27881.9985 24563.5829  11.9%  62.5  965s
 479530 332921 26291.9985   67  354 27881.9985 24563.5829  11.9%  62.7  971s
*481779 332751             233    27846.998490 24563.5851  11.8%  62.8  971s
H483332 333171                    27845.998490 24563.6395  11.8%  62.8  974s
H483424 333091                    27839.998490 24563.6523  11.8%  62.8  974s
 483779 333091 infeasible   63      27839.9985 24563.6578  11.8%  62.8  975s
 484802 334153 24751.9985   43  425 27839.9985 24563.7180  11.8%  62.9  982s
H484964 334153                    27839.998462 24563.7783  11.8%  62.9  982s
 485554 335472 25239.0208   37  485 27839.9985 24563.7783  11.8%  63.0  986s
 487596 335842 infeasible   48      27839.9985 24563.9655  11.8%  63.1  990s
 489069 337544 infeasible   36      27839.9985 24563.9985  11.8%  63.2  998s
 490737 338240 infeasible   53      27839.9985 24564.0232  11.8%  63.3 1002s
 491629 339652 24638.9985   25  586 27839.9985 24564.0627  11.8%  63.4 1005s
 494288 340639 25854.7460   45  391 27839.9985 24564.3434  11.8%  63.5 1013s
 495224 342135 26064.6736   67  380 27839.9985 24564.5065  11.8%  63.6 1019s
 497543 342668 infeasible   41      27839.9985 24564.9230  11.8%  63.7 1023s
 498432 343431 25413.6955   38  463 27839.9985 24564.9655  11.8%  63.8 1027s
 499473 345034 24820.1647   38  414 27839.9985 24564.9985  11.8%  63.9 1032s
 501887 345507 24700.1697   30  476 27839.9985 24565.2399  11.8%  63.9 1036s
 502549 346134 27247.9985   81  257 27839.9985 24565.3062  11.8%  64.0 1040s
 503405 347521 infeasible  110      27839.9985 24565.4603  11.8%  64.1 1045s
 506136 348505 27146.9985  102  184 27839.9985 24565.9985  11.8%  64.2 1053s
 507012 349864 25781.9985   72  343 27839.9985 24566.1145  11.8%  64.3 1057s
 509113 350028 24692.5626   30  484 27839.9985 24566.3318  11.8%  64.4 1060s
H509218 350028                    27839.998413 24566.3318  11.8%  64.4 1060s
 509355 351414 infeasible   41      27839.9984 24566.3735  11.8%  64.4 1070s
 511662 353410 24805.9985   42  393 27839.9984 24566.6189  11.8%  64.7 1077s
H513736 353404                    27838.998490 24566.6545  11.8%  64.8 1077s
 514515 354034 24770.4600   28  482 27838.9985 24566.9345  11.8%  64.8 1081s
H514682 353999                    27832.998490 24566.9374  11.7%  64.8 1081s
H515306 352408                    27624.998490 24567.0289  11.1%  64.8 1081s
 515374 353064 infeasible   48      27624.9985 24567.0892  11.1%  64.9 1085s
 516416 354469 26893.9985   66  289 27624.9985 24567.2399  11.1%  64.9 1090s
 519529 355435 25156.6963   58  426 27624.9985 24567.7891  11.1%  65.1 1098s
H519641 355413                    27621.998490 24567.7891  11.1%  65.1 1098s
H519809 355381                    27618.998490 24567.8505  11.0%  65.2 1098s
 520126 356082 24773.1853   26  583 27618.9985 24567.9584  11.0%  65.2 1102s
H521041 357351                    27603.998490 24568.0043  11.0%  65.3 1107s
H521560 357319                    27598.998490 24568.0232  11.0%  65.3 1107s
 522971 357670 infeasible   31      27598.9985 24568.1280  11.0%  65.3 1112s
 524273 359963 24580.8361   37  452 27598.9985 24568.4299  11.0%  65.4 1119s
 527050 360293 24718.1273   30  434 27598.9985 24568.6254  11.0%  65.4 1121s
 528178 360983 26243.9985   72  268 27598.9985 24568.7669  11.0%  65.6 1128s
H528231 356554                    27310.998490 24568.7669  10.0%  65.6 1128s
 528657 357194 25710.6830   49  406 27310.9985 24568.8779  10.0%  65.7 1132s
 529633 358385 infeasible   47      27310.9985 24568.8779  10.0%  65.7 1136s
 531564 358866 24811.9985   41  417 27310.9985 24569.2438  10.0%  65.8 1140s
 533038 359993 infeasible   56      27310.9985 24569.6189  10.0%  66.0 1147s
 534050 360606 25130.1985   36  518 27310.9985 24569.7022  10.0%  66.1 1152s
H534336 358161                    27192.998434 24569.7022  9.65%  66.1 1152s
 534894 359620 26577.8246  101  178 27192.9984 24569.7783  9.65%  66.1 1156s
 537242 360181 infeasible   38      27192.9984 24569.9985  9.65%  66.2 1160s
 539155 361229 26464.9985   62  190 27192.9984 24569.9985  9.65%  66.3 1166s
H539369 361229                    27192.998404 24569.9985  9.65%  66.3 1166s
 539857 361705 infeasible   34      27192.9984 24570.0471  9.65%  66.4 1170s
 540548 362992 infeasible   44      27192.9984 24570.0471  9.65%  66.4 1176s
 542364 363810 25453.9985   48  381 27192.9984 24570.5394  9.64%  66.5 1181s
 543530 365515 25077.9985   39  395 27192.9984 24570.6395  9.64%  66.6 1186s
 546326 365861 25376.0176   35  539 27192.9984 24570.9655  9.64%  66.6 1190s
H546505 365850                    27191.998490 24570.9655  9.64%  66.6 1190s
 547862 367843 24991.9823   35  591 27191.9985 24570.9985  9.64%  66.7 1198s
H548228 367840                    27191.998462 24570.9985  9.64%  66.7 1198s
 550077 368092 25320.9985   27  530 27191.9985 24571.2603  9.64%  66.7 1202s
H550369 368092                    27191.998459 24571.2603  9.64%  66.8 1202s
 550497 368581 infeasible   28      27191.9985 24571.4491  9.64%  66.8 1205s
 551228 369062 24778.8039   27  545 27191.9985 24571.6189  9.64%  66.9 1210s
H552389 369365                    27175.998490 24571.7022  9.58%  67.0 1214s
 553048 369909 24713.7148   46  506 27175.9985 24571.8348  9.58%  67.0 1218s
 553872 370478 25341.3742   34  421 27175.9985 24571.9985  9.58%  67.1 1222s
H554448 370422                    27172.998490 24571.9985  9.57%  67.1 1222s
 554811 370891 infeasible   80      27172.9985 24571.9985  9.57%  67.1 1226s
 555529 371648 25121.9985   48  384 27172.9985 24572.0041  9.57%  67.2 1230s
 557473 374155 26315.9985   65  426 27172.9985 24572.3932  9.57%  67.3 1239s
 560037 374790 24627.5284   26  596 27172.9985 24572.9985  9.57%  67.3 1243s
 560773 375992 24623.4985   19  506 27172.9985 24572.9985  9.57%  67.4 1247s
 562338 376456 25427.9195   49  445 27172.9985 24572.9985  9.57%  67.4 1251s
 562985 377194 26024.8143   60  384 27172.9985 24572.9985  9.57%  67.5 1255s
 564875 379187 24826.4695   36  507 27172.9985 24572.9985  9.57%  67.6 1263s
 566924 379262 infeasible   84      27172.9985 24573.0498  9.57%  67.7 1268s
H567064 379262                    27172.998440 24573.1929  9.57%  67.7 1269s
 567091 379294 25997.0774   62  472 27172.9984 24573.1929  9.57%  67.7 1273s
 567125 379805 26035.0774   68  524 27172.9984 24573.2101  9.57%  67.7 1277s
 567924 380354 27000.8941   51  350 27172.9984 24573.4087  9.57%  67.8 1281s
 569153 381374 infeasible   86      27172.9984 24573.6635  9.57%  67.9 1291s
 570472 382506 infeasible   52      27172.9984 24574.0084  9.56%  68.1 1299s
 572132 383912 24746.9985   31  480 27172.9984 24574.4765  9.56%  68.2 1307s
 574438 384695 infeasible   80      27172.9984 24574.7387  9.56%  68.3 1312s
 575619 385275 26526.9985   55  346 27172.9984 24574.8594  9.56%  68.3 1318s
 576575 386822 24810.6803   43  443 27172.9984 24574.9985  9.56%  68.4 1323s
 578947 387489 24750.0415   34  511 27172.9984 24575.5775  9.56%  68.6 1329s
 579948 388123 25819.9985   56  524 27172.9984 24575.7985  9.56%  68.6 1334s
 580836 389821 24713.9985   43  422 27172.9984 24575.8446  9.56%  68.6 1339s
 583438 390179 24711.9985   34  469 27172.9984 24575.9985  9.56%  68.7 1342s
 583975 390935     cutoff  120      27172.9984 24576.0167  9.56%  68.7 1348s
 585158 392660 25029.0415   56  495 27172.9984 24576.1574  9.56%  68.8 1354s
 587826 393187 24787.0415   38  462 27172.9984 24576.3936  9.56%  68.9 1359s
 588673 393866 24750.9985   31  432 27172.9984 24576.5813  9.56%  69.0 1363s
 589687 395355 25441.6446   40  407 27172.9984 24576.6446  9.55%  69.0 1368s
 591872 395797 24760.9985   25  619 27172.9984 24576.9985  9.55%  69.1 1371s
 592540 396108 25796.9985   53  382 27172.9984 24576.9985  9.55%  69.2 1376s
 592964 396571 infeasible   48      27172.9984 24576.9985  9.55%  69.2 1380s
 594459 398195 24764.7847   28  567 27172.9984 24576.9985  9.55%  69.4 1389s
 596184 398505 24634.8167   25  488 27172.9984 24577.1631  9.55%  69.5 1393s
 596691 399009 25579.9985   44  301 27172.9984 24577.2082  9.55%  69.5 1397s
 597469 399647 25250.9985   41  453 27172.9984 24577.3297  9.55%  69.6 1401s
 599743 400836 25625.8372   27  406 27172.9984 24577.6252  9.55%  69.7 1406s
 601027 401912 24948.0415   51  479 27172.9984 24577.9985  9.55%  69.7 1411s
 601622 402891 25474.6652   39  449 27172.9984 24578.1131  9.55%  69.8 1415s
 603681 403334 24684.9985   34  423 27172.9984 24578.5862  9.55%  69.9 1421s
 603869 403786 25899.0546   62  322 27172.9984 24578.6908  9.55%  69.9 1425s
 605293 405617 24782.4195   32  525 27172.9984 24579.0365  9.55%  70.0 1433s
 607283 406036 24679.9985   35  495 27172.9984 24579.5403  9.54%  70.0 1437s
 607946 406479 26482.9985   69  289 27172.9984 24579.5987  9.54%  70.1 1440s
 610385 408143 25062.9985   36  451 27172.9984 24579.9064  9.54%  70.2 1447s
 611035 408655 26573.8518   55  431 27172.9984 24579.9985  9.54%  70.3 1451s
 611776 409601 25453.2361   50  466 27172.9984 24580.1036  9.54%  70.4 1455s
 613732 410972 infeasible   31      27172.9984 24580.6747  9.54%  70.5 1467s
 615545 412570 25693.4094   49  419 27172.9984 24581.0410  9.54%  70.6 1473s
 618131 412694 24748.0185   25  608 27172.9984 24581.4795  9.54%  70.6 1477s
 618297 413179 24748.0185   26  545 27172.9984 24581.5677  9.54%  70.6 1481s
 619051 413580 26176.9985   76  313 27172.9984 24581.9415  9.54%  70.7 1485s
 621349 415040 25406.6314   36  530 27172.9984 24582.8698  9.53%  70.8 1493s
 622142 415553 25475.9985   63  463 27172.9984 24583.1288  9.53%  70.9 1497s
 622904 416755 25122.0185   35  525 27172.9984 24583.3959  9.53%  71.0 1501s
 624758 417314 24745.9985   32  430 27172.9984 24583.9230  9.53%  71.0 1505s
 625544 418691 25767.1514   72  430 27172.9984 24583.9985  9.53%  71.1 1510s
 628623 419759 24809.9985   34  483 27172.9984 24584.8758  9.52%  71.2 1517s
 629103 420480 26168.0402   55  356 27172.9984 24584.9985  9.52%  71.2 1523s
 630166 422199 25633.4031   93  197 27172.9984 24585.2120  9.52%  71.3 1530s
 633701 423271 25402.5763   36  549 27172.9984 24585.9985  9.52%  71.4 1538s
 634534 423650 24809.9985   35  320 27172.9984 24586.0065  9.52%  71.5 1542s
 635098 424426 25276.0185   25  555 27172.9984 24586.0183  9.52%  71.5 1546s
 636100 425670 26930.9492   59  377 27172.9984 24586.1523  9.52%  71.5 1550s
 638922 427157 27133.9985  101  219 27172.9984 24586.5800  9.52%  71.7 1558s
 640580 427451 24761.5876   39  497 27172.9984 24586.9230  9.52%  71.7 1562s
 641139 427918 infeasible   49      27172.9984 24586.9985  9.52%  71.8 1565s
 642801 429785 25263.9985   30  518 27172.9984 24587.5500  9.51%  72.0 1573s
 644778 430305 infeasible   52      27172.9984 24587.9861  9.51%  72.0 1576s
 645462 431035 24784.3500   30  396 27172.9984 24587.9985  9.51%  72.0 1580s
 648647 432751 24812.9985   29  415 27172.9984 24588.5911  9.51%  72.1 1585s
 649056 433324 25557.9985   28  482 27172.9984 24588.7142  9.51%  72.1 1592s
 649783 433705 26666.8078   86  291 27172.9984 24588.9497  9.51%  72.2 1595s
 651257 435343 25624.1185   53  414 27172.9984 24588.9985  9.51%  72.3 1602s
 652874 435907 25420.9985   38  467 27172.9984 24589.2956  9.51%  72.3 1606s
 654334 437478 25729.0402   47  487 27172.9984 24589.6512  9.51%  72.4 1613s
 656053 437899 25021.9195   36  464 27172.9984 24589.9985  9.51%  72.5 1616s
 656730 438282 25389.6803   31  523 27172.9984 24589.9985  9.51%  72.5 1620s
 658898 439811 infeasible   59      27172.9984 24589.9985  9.51%  72.6 1626s
 659956 441180 24841.9985   43  364 27172.9984 24590.2398  9.50%  72.7 1634s
 661523 441769 24754.2712   35  432 27172.9984 24590.6390  9.50%  72.8 1639s
 662348 442446 25368.8278   63  284 27172.9984 24590.9985  9.50%  72.8 1643s
 663190 444085 26023.9985   98  184 27172.9984 24590.9985  9.50%  72.8 1648s
 665528 444583 25100.8855   44  411 27172.9984 24591.5531  9.50%  72.9 1651s
 666279 445020 25302.3373   48  500 27172.9984 24591.8142  9.50%  72.9 1655s
 668400 446591 24689.9985   33  589 27172.9984 24592.8703  9.50%  73.0 1662s
 669264 447310 24697.3213   37  528 27172.9984 24592.9514  9.49%  73.1 1666s
 670271 448102 25870.9985   52  430 27172.9984 24593.4039  9.49%  73.1 1671s
 671582 448663 24750.6446   33  526 27172.9984 24593.6021  9.49%  73.2 1675s
 673257 449669 26659.7764   75  422 27172.9984 24593.9985  9.49%  73.3 1684s
 674010 450112 24971.6446   41  481 27172.9984 24594.0471  9.49%  73.4 1686s
 674640 450831 25182.9985   74  258 27172.9984 24594.1483  9.49%  73.4 1691s
 675778 452551 24804.9985   39  460 27172.9984 24594.4820  9.49%  73.5 1695s
 678995 453740 25310.9985   35  525 27172.9984 24594.9985  9.49%  73.5 1702s
 679930 454781 25113.9985   50  364 27172.9984 24594.9985  9.49%  73.6 1706s
 682200 455733 25682.9985   49  439 27172.9984 24595.4088  9.49%  73.7 1713s
 683047 456936 25333.9985   42  448 27172.9984 24595.7957  9.48%  73.7 1716s
 684989 457607 24717.6066   32  522 27172.9984 24596.0065  9.48%  73.7 1720s
H686269 458551                    27172.998387 24596.1652  9.48%  73.7 1724s
 687321 458920 26488.7619   73  405 27172.9984 24596.1688  9.48%  73.7 1727s
 687898 459545 25034.6803   41  413 27172.9984 24596.4571  9.48%  73.8 1731s
 689973 460568 24826.6446   42  446 27172.9984 24596.6189  9.48%  73.9 1736s
 690287 461076 24746.0794   41  622 27172.9984 24596.6189  9.48%  73.9 1740s
 692583 462597 25485.9985   49  412 27172.9984 24596.6189  9.48%  74.0 1747s
 693325 463037 25705.1185   74  268 27172.9984 24596.8785  9.48%  74.1 1751s
 694048 464177 26386.6803   58  300 27172.9984 24597.0271  9.48%  74.1 1755s
 696567 466056 27117.9985   78  275 27172.9984 24597.9985  9.48%  74.2 1763s
 698376 466305 27053.2356   52  319 27172.9984 24597.9985  9.48%  74.3 1768s
 698824 466867 25049.7128   38  461 27172.9984 24597.9985  9.48%  74.3 1771s
 699660 467328 25509.2356   51  411 27172.9984 24597.9985  9.48%  74.4 1775s
 701254 469601 26049.6901   59  399 27172.9984 24598.1271  9.48%  74.5 1784s
 703726 469973 infeasible   42      27172.9984 24598.2707  9.48%  74.4 1786s
 704224 471469 25811.9985   55  340 27172.9984 24598.2871  9.48%  74.5 1791s
 706957 471916 24969.2293   33  436 27172.9984 24598.9985  9.47%  74.5 1797s
H707184 471898                    27171.998490 24598.9985  9.47%  74.5 1797s
 707211 472355 24914.9985   36  430 27171.9985 24598.9985  9.47%  74.5 1800s
 708604 473483 26040.9985   55  408 27171.9985 24599.1101  9.47%  74.6 1807s
H709526 474587                    27171.998416 24599.2484  9.47%  74.7 1811s
H709748 474427                    27164.998490 24599.2596  9.45%  74.7 1811s
H711105 474959                    27160.998490 24599.8883  9.43%  74.7 1815s
H711366 474813                    27153.998490 24599.9985  9.41%  74.7 1815s
 712732 476100 25359.5849   37  478 27153.9985 24600.2030  9.40%  74.8 1823s
 714039 476537 24846.9985   40  427 27153.9985 24600.9305  9.40%  74.9 1827s
 714759 477069 26963.9985   83  185 27153.9985 24600.9985  9.40%  74.9 1831s
 715527 477913 26764.9985   65  347 27153.9985 24601.3068  9.40%  75.0 1835s
 716780 478229 24824.2600   40  440 27153.9985 24601.6906  9.40%  75.1 1840s
H717182 478208                    27152.998490 24601.7421  9.40%  75.1 1840s
 717988 479200 infeasible   53      27152.9985 24601.8142  9.40%  75.2 1848s
 718783 479591 25038.1043   54  406 27152.9985 24601.9753  9.39%  75.3 1852s
H718858 479589                    27152.998434 24601.9753  9.39%  75.3 1852s
 719387 480188 infeasible   45      27152.9984 24602.1013  9.39%  75.3 1857s
 720325 480838 24780.9985   29  447 27152.9984 24602.3146  9.39%  75.3 1862s
H720743 480683                    27147.998490 24602.3264  9.38%  75.4 1862s
H720978 480683                    27147.998307 24602.3382  9.38%  75.4 1862s
 721373 482407 24785.9985   26  508 27147.9983 24602.6189  9.38%  75.4 1868s
 724170 482914 25047.6446   33  480 27147.9983 24602.9985  9.37%  75.4 1872s
 724909 483598 25046.9985   46  414 27147.9983 24602.9985  9.37%  75.5 1877s
 725846 484832 26490.2712   53  395 27147.9983 24603.0364  9.37%  75.5 1881s
 728375 485796 infeasible   93      27147.9983 24603.4800  9.37%  75.5 1888s
 729232 487374 24908.2945   42  410 27147.9983 24603.9519  9.37%  75.6 1893s
 731600 488057 24685.5557   31  546 27147.9983 24604.5538  9.37%  75.6 1898s
*731981 487919             192    27142.998490 24604.6189  9.35%  75.6 1898s
H732524 488763                    27142.998460 24604.6189  9.35%  75.6 1903s
 733784 489191 24804.9985   40  476 27142.9985 24604.9985  9.35%  75.6 1906s
 734334 490144 infeasible   36      27142.9985 24604.9985  9.35%  75.6 1914s
 735726 492049 25001.9985   35  409 27142.9985 24605.1998  9.35%  75.7 1920s
 739309 493037 25416.9985   54  409 27142.9985 24605.9908  9.35%  75.8 1929s
 740014 493986 24752.2270   33  515 27142.9985 24605.9985  9.35%  75.8 1934s
 741448 494672 24629.9985   33  475 27142.9985 24605.9985  9.35%  75.9 1938s
 742412 496235 26574.4107  115  144 27142.9985 24605.9985  9.35%  75.9 1943s
 744733 496620 24830.6446   36  464 27142.9985 24606.0148  9.35%  75.9 1948s
 745377 497139 24853.6446   46  448 27142.9985 24606.1096  9.35%  76.0 1952s
H745491 497029                    27138.998490 24606.1096  9.33%  76.0 1952s
 746173 497355 25967.9985   86  232 27138.9985 24606.1096  9.33%  76.0 1957s
 746689 497667 25357.2600   53  315 27138.9985 24606.1951  9.33%  76.1 1963s
H746744 497666                    27138.998462 24606.1951  9.33%  76.1 1963s
H747015 497666                    27138.998443 24606.2030  9.33%  76.1 1963s
 747182 498222 infeasible   46      27138.9984 24606.3129  9.33%  76.1 1968s
 748099 498840 25693.0732   53  451 27138.9984 24606.5748  9.33%  76.2 1973s
 748982 499187 26002.2600   64  380 27138.9984 24606.6908  9.33%  76.2 1976s
 749531 500178 24679.9985   35  593 27138.9984 24606.9006  9.33%  76.3 1983s
 750958 502140 24959.9985   38  484 27138.9984 24606.9985  9.33%  76.4 1990s
 753804 502785 infeasible   28      27138.9984 24606.9985  9.33%  76.4 1995s
 755956 505058 24990.9985   40  431 27138.9984 24606.9985  9.33%  76.4 2004s
 758421 505541 24818.9985   29  336 27138.9984 24607.1144  9.33%  76.4 2008s
 759134 506084 25019.9985   35  504 27138.9984 24607.1684  9.33%  76.5 2013s
 759962 506799 25849.9985   66  262 27138.9984 24607.2310  9.33%  76.5 2017s
 760980 508025 25566.9985   28  388 27138.9984 24607.4575  9.33%  76.6 2021s
 762878 508517 infeasible   30      27138.9984 24607.6583  9.33%  76.6 2025s
 764305 510230 25725.9985   35  415 27138.9984 24607.8142  9.33%  76.7 2034s
 766263 510881 26017.9985   62  319 27138.9984 24607.9985  9.33%  76.8 2039s
 767219 511522 27037.5985   69  179 27138.9984 24607.9985  9.33%  76.8 2044s
 768241 513169 25510.9096   50  428 27138.9984 24608.0937  9.33%  76.8 2049s
 770817 513777 25061.9985   35  434 27138.9984 24608.6120  9.32%  76.8 2053s
 771679 514387 24757.3143   35  503 27138.9984 24608.9962  9.32%  76.9 2058s
 772555 515599 25070.9985   40  524 27138.9984 24608.9985  9.32%  76.9 2062s
 774533 516090 25081.9985   62  467 27138.9984 24608.9985  9.32%  76.9 2067s
 775309 516703 25752.9985   60  426 27138.9984 24608.9985  9.32%  77.0 2071s
 776165 517693 26580.0088   85  302 27138.9984 24608.9985  9.32%  77.0 2075s
 777648 517919 24784.2081   39  460 27138.9984 24609.0763  9.32%  77.0 2080s
H777816 517919                    27138.998400 24609.0953  9.32%  77.1 2080s
 778027 518595 infeasible   57      27138.9984 24609.1985  9.32%  77.1 2085s
 779692 519992 25566.9985   48  436 27138.9984 24609.4686  9.32%  77.1 2094s
 781097 520551 24929.4039   41  359 27138.9984 24609.7241  9.32%  77.2 2100s
 782070 521186 24751.9195   33  499 27138.9984 24609.8960  9.32%  77.3 2106s
 783097 522392 24768.4806   34  586 27138.9984 24609.9985  9.32%  77.4 2112s
 784985 523264 24822.9985   30  492 27138.9984 24610.4430  9.32%  77.5 2119s
 786209 523995 24852.9985   37  452 27138.9984 24610.6021  9.32%  77.5 2125s
 787292 525679 24729.1346   37  482 27138.9984 24610.6021  9.32%  77.6 2131s
 790005 526296 infeasible   61      27138.9984 24610.7435  9.32%  77.6 2137s
 791114 526963 26476.2209   58  375 27138.9984 24610.8751  9.32%  77.7 2142s
 792257 527677 infeasible   53      27138.9984 24610.9985  9.32%  77.7 2148s
 793330 529033     cutoff   67      27138.9984 24611.0406  9.31%  77.8 2153s
 795562 529312 infeasible   50      27138.9984 24611.3846  9.31%  77.8 2156s
 795983 530765 25124.9985   44  397 27138.9984 24611.3846  9.31%  77.8 2166s
 798177 532639 25484.9985   47  459 27138.9984 24611.6652  9.31%  77.9 2173s
 800917 532984 24738.2712   36  480 27138.9984 24611.9985  9.31%  77.9 2178s
 801480 533612 24725.9305   36  481 27138.9984 24612.0657  9.31%  78.0 2183s
 802377 534471 25359.4459   51  429 27138.9984 24612.2988  9.31%  78.0 2189s
 803598 536123 infeasible   36      27138.9984 24612.5081  9.31%  78.1 2194s
 806069 536614 24680.6446   38  430 27138.9984 24612.8498  9.31%  78.1 2198s
 806890 537248 24622.3985   27  465 27138.9984 24612.9985  9.31%  78.1 2203s
 807870 539134 24930.1803   44  431 27138.9984 24612.9985  9.31%  78.2 2208s
 810393 539534 24930.0150   46  517 27138.9984 24612.9985  9.31%  78.2 2211s
 811088 540451 24753.3318   43  561 27138.9984 24613.1029  9.31%  78.2 2217s
 812437 542202 25914.2712   61  318 27138.9984 24613.2573  9.31%  78.2 2222s
 815362 542596 infeasible   76      27138.9984 24613.3546  9.31%  78.2 2226s
 816050 543089 25236.2600   42  428 27138.9984 24613.6652  9.31%  78.3 2230s
 818100 544601 26760.5449   80  304 27138.9984 24613.9985  9.30%  78.3 2239s
 818910 545456 25968.9985   68  296 27138.9984 24613.9985  9.30%  78.4 2242s
 820081 545930 26368.9985   63  366 27138.9984 24613.9985  9.30%  78.4 2247s
 820790 546548 24823.9985   56  356 27138.9984 24613.9985  9.30%  78.5 2251s
 821697 547183 24873.9985   26  568 27138.9984 24613.9985  9.30%  78.6 2256s
 822772 548424 24646.1038   26  657 27138.9984 24613.9985  9.30%  78.6 2260s
 824581 549091 24688.0937   22  519 27138.9984 24613.9985  9.30%  78.6 2265s
 826122 551440 25374.9985   61  360 27138.9984 24613.9985  9.30%  78.7 2275s
 829355 552474 infeasible   35      27138.9984 24613.9985  9.30%  78.8 2283s
 830242 553221 25831.9985   75  246 27138.9984 24613.9985  9.30%  78.9 2287s
 831187 554736 25735.9985   70  249 27138.9984 24613.9985  9.30%  78.9 2292s
 833521 555326 24693.9985   29  515 27138.9984 24613.9985  9.30%  78.9 2296s
 834326 556224 25557.9985   43  445 27138.9984 24613.9985  9.30%  78.9 2300s
 835624 556790 infeasible   26      27138.9984 24613.9985  9.30%  79.0 2305s
 837099 557771 24717.9985   27  522 27138.9984 24613.9985  9.30%  79.1 2314s
 837945 559158 25463.2356   46  445 27138.9984 24613.9985  9.30%  79.1 2318s
 839870 559806 24869.9985   33  409 27138.9984 24613.9985  9.30%  79.2 2323s
 840777 560210 24959.9985   49  409 27138.9984 24613.9985  9.30%  79.2 2327s
 841356 561890 26231.9985   69  283 27138.9984 24613.9985  9.30%  79.2 2333s
 843850 562389 24817.0754   42  511 27138.9984 24613.9985  9.30%  79.3 2337s
 844516 563057 25385.9985   40  374 27138.9984 24613.9985  9.30%  79.3 2342s
 845501 563776 25380.2356   54  425 27138.9984 24613.9985  9.30%  79.4 2347s
 846560 565127 24673.4514   24  563 27138.9984 24613.9985  9.30%  79.4 2352s
 848661 565524 infeasible   43      27138.9984 24614.0355  9.30%  79.5 2357s
 849343 566084 25396.0805   44  479 27138.9984 24614.0710  9.30%  79.5 2362s
 850221 566665 25789.9985   54  423 27138.9984 24614.0854  9.30%  79.6 2367s
 851144 567765 25499.9985   52  298 27138.9984 24614.1318  9.30%  79.7 2374s
 852922 568445 25031.9985   37  454 27138.9984 24614.1803  9.30%  79.7 2379s
 853925 569268 25320.3446   52  447 27138.9984 24614.3277  9.30%  79.7 2384s
 855038 570525 24698.4117   28  402 27138.9984 24614.3277  9.30%  79.8 2389s
 856936 570821 24696.4341   32  655 27138.9984 24614.3277  9.30%  79.8 2392s
 857435 572283 24789.9985   34  436 27138.9984 24614.3342  9.30%  79.8 2401s
 859399 574147 24694.0801   32  536 27138.9984 24614.4451  9.30%  79.9 2406s
 862003 574615 24766.9985   28  559 27138.9984 24614.6189  9.30%  79.9 2410s
 862748 576043 26206.6803   52  485 27138.9984 24614.6499  9.30%  80.0 2415s
 865464 577071 25727.9985   38  422 27138.9984 24614.9708  9.30%  80.0 2423s
 866298 578620 24751.4251   23  546 27138.9984 24614.9708  9.30%  80.1 2428s
 868580 579250 24635.4196   34  538 27138.9984 24614.9985  9.30%  80.1 2432s
 869433 579894 24637.4993   28  492 27138.9984 24615.0169  9.30%  80.1 2436s
 870328 581084 24689.9985   30  383 27138.9984 24615.0754  9.30%  80.1 2440s
 872758 582477 25813.9985   36  422 27138.9984 24615.2519  9.30%  80.2 2450s
 874373 584322 25956.9985   62  239 27138.9984 24615.2519  9.30%  80.2 2455s
 877735 585083 25318.9985   36  503 27138.9984 24615.3565  9.30%  80.3 2463s
 878512 585653 24691.2785   29  418 27138.9984 24615.4035  9.30%  80.4 2467s
 879358 586801 25824.8726   44  459 27138.9984 24615.4751  9.30%  80.4 2471s
 881317 587518 infeasible   63      27138.9984 24615.7842  9.30%  80.5 2475s
 883715 589220 25916.2593   58  302 27138.9984 24615.9985  9.30%  80.5 2483s
 884699 590797 24773.9985   36  397 27138.9984 24615.9985  9.30%  80.6 2487s
 886988 591176 24914.9985   53  397 27138.9984 24615.9985  9.30%  80.6 2490s
 887552 592284 24874.9839   51  328 27138.9984 24615.9985  9.30%  80.6 2497s
 889111 594341 25237.0173   67  417 27138.9984 24615.9985  9.30%  80.7 2503s
 892062 594752 24924.0624   29  523 27138.9984 24616.0854  9.30%  80.7 2507s
 892690 595412 24874.9939   35  510 27138.9984 24616.1260  9.30%  80.7 2511s
 893668 596914 25059.3318   26  617 27138.9984 24616.1508  9.30%  80.8 2515s
 896815 598027 infeasible   81      27138.9984 24616.2398  9.30%  80.8 2523s
 897660 598667 24873.5540   39  536 27138.9984 24616.2496  9.30%  80.8 2527s
 898684 599942 25311.9985   28  540 27138.9984 24616.3231  9.30%  80.9 2530s
 901691 601068 25789.9985   46  490 27138.9984 24616.4488  9.29%  80.9 2538s
 902429 602608 26999.1235   45  358 27138.9984 24616.6029  9.29%  80.9 2543s
 904697 603129 24919.3290   45  370 27138.9984 24616.7078  9.29%  81.0 2547s
 905446 603880 24804.6446   41  399 27138.9984 24616.7956  9.29%  81.0 2551s
 906450 605366 26587.7046   86  287 27138.9984 24616.9109  9.29%  81.0 2555s
 909545 606399 24684.6446   33  472 27138.9984 24616.9985  9.29%  81.1 2563s
 910390 607586 25530.9985   40  383 27138.9984 24617.0911  9.29%  81.1 2567s
 912161 608149 25535.6485   98  219 27138.9984 24617.2111  9.29%  81.1 2572s
 912987 608616 25291.9985   40  510 27138.9984 24617.2508  9.29%  81.1 2576s
 913711 609209 26571.9985   42  422 27138.9984 24617.2736  9.29%  81.2 2581s
 914599 609775 24676.4585   34  576 27138.9984 24617.3001  9.29%  81.3 2585s
 915477 610836 26922.9985   77  179 27138.9984 24617.3411  9.29%  81.3 2590s
 917772 612160 26069.6258   57  463 27138.9984 24617.5749  9.29%  81.3 2601s
 919192 614100 24680.9985   44  424 27138.9984 24617.6399  9.29%  81.4 2607s
 922081 614587 infeasible   69      27138.9984 24617.9985  9.29%  81.4 2611s
 922820 615356 26155.9985   47  418 27138.9984 24617.9985  9.29%  81.5 2616s
 923903 616778 25372.9985   44  418 27138.9984 24617.9985  9.29%  81.5 2621s
 925966 617196 25376.6803   41  434 27138.9984 24618.0469  9.29%  81.5 2625s
 927392 618212 24717.2017   35  481 27138.9984 24618.1858  9.29%  81.6 2634s
 928228 618929 25889.9985   48  407 27138.9984 24618.2009  9.29%  81.6 2639s
 929254 620337 24792.0293   41  539 27138.9984 24618.2447  9.29%  81.7 2644s
 931249 620814 infeasible   76      27138.9984 24618.4491  9.29%  81.7 2648s
 932000 621225 25466.9985   41  410 27138.9984 24618.5642  9.29%  81.7 2651s
 932573 622081 25179.2221   39  562 27138.9984 24618.6652  9.29%  81.7 2658s
 933847 623176 24715.8280   34  581 27138.9984 24618.8365  9.29%  81.8 2665s
 935628 623978 24680.3925   27  527 27138.9984 24618.9985  9.29%  81.9 2671s
 936751 624613 24683.3985   23  471 27138.9984 24618.9985  9.29%  81.9 2678s
 937663 625392 24779.5708   28  568 27138.9984 24618.9985  9.29%  82.0 2685s
 938810 626385 24743.2599   32  486 27138.9984 24618.9985  9.29%  82.0 2692s
 940104 627197 25766.9985   84  204 27138.9984 24618.9985  9.29%  82.1 2699s
 941201 628122 27110.9986  150   53 27138.9984 24618.9985  9.29%  82.1 2707s
 942695 629162 25218.9985   23  563 27138.9984 24618.9985  9.29%  82.2 2714s
 944136 629968 24936.9195   33  498 27138.9984 24618.9985  9.29%  82.2 2722s
 945333 630964 24851.2084   49  463 27138.9984 24618.9985  9.29%  82.3 2730s
 947547 632031 24716.7892   33  711 27138.9984 24618.9985  9.29%  82.4 2739s
 948347 632970 25223.0238   48  390 27138.9984 24618.9985  9.29%  82.5 2748s
 949682 633680 infeasible   66      27138.9984 24618.9985  9.29%  82.5 2755s
 950761 634723 24741.7952   35  571 27138.9984 24618.9985  9.29%  82.6 2764s
 952219 635755 24800.2084   35  489 27138.9984 24618.9985  9.29%  82.7 2773s
 953737 636711 24710.9672   29  571 27138.9984 24618.9985  9.29%  82.8 2782s
 955116 637450 24699.2084   33  411 27138.9984 24619.0159  9.29%  82.9 2790s
 956312 638551 25879.9985   48  376 27138.9984 24619.1271  9.29%  83.0 2799s
 957853 640080 25723.0999   35  503 27138.9984 24619.1271  9.29%  83.1 2807s
 959980 640997 24765.9985   31  537 27138.9984 24619.1271  9.29%  83.1 2814s
 961290 641385 24707.1161   29  581 27138.9984 24619.1271  9.29%  83.2 2817s
 961845 642394 infeasible   30      27138.9984 24619.1271  9.29%  83.2 2824s
 963289 643146 24693.9985   28  509 27138.9984 24619.1271  9.29%  83.3 2831s
 964422 644001 24839.9985   35  433 27138.9984 24619.1478  9.28%  83.3 2838s
 965633 645295 25340.9985   33  561 27138.9984 24619.2120  9.28%  83.4 2845s
 967379 646495 24702.9985   33  479 27138.9984 24619.2430  9.28%  83.4 2852s
 969096 647344 25735.6498   53  438 27138.9984 24619.2896  9.28%  83.5 2859s
 970368 648166 25005.4482   44  494 27138.9984 24619.3753  9.28%  83.6 2865s
 971562 649572 26580.3381   56  409 27138.9984 24619.4269  9.28%  83.6 2872s
 973617 650290 25003.8180   35  606 27138.9984 24619.5291  9.28%  83.6 2878s
 974666 651268 infeasible   56      27138.9984 24619.6012  9.28%  83.7 2884s
 976066 652092 24782.0692   28  705 27138.9984 24619.6012  9.28%  83.7 2887s
 977454 652558 24714.6985   36  442 27138.9984 24619.6189  9.28%  83.7 2890s
 979074 654039 24659.9985   37  458 27138.9984 24619.7171  9.28%  83.8 2897s
 980373 654607 24743.9985   36  453 27138.9984 24619.8142  9.28%  83.8 2902s
 981180 655070 25284.9985   39  428 27138.9984 24619.8142  9.28%  83.9 2906s
 981918 655666 24995.9985   38  380 27138.9984 24619.8142  9.28%  83.9 2911s
 982856 656447 25474.9985   41  351 27138.9984 24619.8142  9.28%  84.0 2917s
 983947 657589 25517.9985   44  413 27138.9984 24619.8142  9.28%  84.0 2921s
 985778 658316 24689.9985   32  472 27138.9984 24619.8142  9.28%  84.0 2926s
 986821 659054 25438.9985   55  472 27138.9984 24619.8142  9.28%  84.1 2932s
 988108 659705 24969.9985   33  438 27138.9984 24619.8964  9.28%  84.1 2937s
 989187 660599 24799.9985   44  361 27138.9984 24619.9589  9.28%  84.2 2943s
 990519 661078 24700.6803   38  458 27138.9984 24619.9985  9.28%  84.2 2947s
 991162 662277 24919.4337   46  584 27138.9984 24619.9985  9.28%  84.3 2953s
 992928 662926 25133.0154   60  389 27138.9984 24619.9985  9.28%  84.3 2959s
 993934 663715 25419.5791   61  353 27138.9984 24619.9985  9.28%  84.3 2965s
 995132 664881 24748.9985   26  436 27138.9984 24620.0627  9.28%  84.4 2970s
 996688 665715 25526.4985   30  507 27138.9984 24620.0627  9.28%  84.4 2976s
 997813 666505 25881.9985   54  355 27138.9984 24620.0627  9.28%  84.5 2982s
 998875 667194 24744.4985   24  495 27138.9984 24620.0627  9.28%  84.5 2988s
 999877 667865 25853.9985   32  421 27138.9984 24620.1031  9.28%  84.6 2995s
 1000890 668495 24754.9985   42  369 27138.9984 24620.1609  9.28%  84.6 3001s
 1001834 669219 25878.9985   55  398 27138.9984 24620.2922  9.28%  84.7 3008s
 1002971 670632 24784.6446   37  499 27138.9984 24620.3283  9.28%  84.8 3014s
 1004895 671405 25631.9985   40  414 27138.9984 24620.5065  9.28%  84.8 3021s
 1006255 671780 24727.2790   39  477 27138.9984 24620.5065  9.28%  84.8 3025s
 1006878 673084 24717.0370   32  453 27138.9984 24620.5065  9.28%  84.9 3031s
 1008854 673743 24782.7612   40  581 27138.9984 24620.6556  9.28%  84.9 3037s
 1009935 674599 24767.5506   30  460 27138.9984 24620.7842  9.28%  84.9 3043s
 1011207 676040 25530.9985   92  245 27138.9984 24620.9985  9.28%  85.0 3049s
 1013481 676698 infeasible   37      27138.9984 24620.9985  9.28%  85.0 3054s
 1014422 677111 infeasible   30      27138.9984 24620.9985  9.28%  85.0 3059s
 1015085 677576 26748.9985   73  274 27138.9984 24620.9985  9.28%  85.1 3065s
 1015812 678299 infeasible   26      27138.9984 24621.0707  9.28%  85.1 3070s
 1016838 678988 25392.9985   39  449 27138.9984 24621.1483  9.28%  85.2 3077s
 1017968 679541 26994.0743   66  298 27138.9984 24621.2399  9.28%  85.2 3083s
 1018952 680136 24752.6803   38  507 27138.9984 24621.2667  9.28%  85.3 3089s
 1019970 680695 infeasible   54      27138.9984 24621.3831  9.28%  85.4 3096s
 1021544 681717 25522.9985   37  463 27138.9984 24621.4032  9.28%  85.4 3106s
 1022589 682494 25659.6196   38  522 27138.9984 24621.4211  9.28%  85.5 3114s
 1023817 683523 25180.3203   63  422 27138.9984 24621.5425  9.28%  85.6 3122s
 1025201 684739 24822.9985   32  496 27138.9984 24621.5543  9.28%  85.6 3129s
 1026970 685437 24769.9985   32  416 27138.9984 24621.6866  9.28%  85.7 3137s
 1028085 686544 26021.5197   48  390 27138.9984 24621.7933  9.28%  85.8 3145s
 1029726 687283 24695.5353   33  523 27138.9984 24621.8142  9.28%  85.8 3152s
 1031123 688469 24721.9985   35  503 27138.9984 24621.8142  9.28%  85.9 3159s

Cutting planes:
  Learned: 43
  Gomory: 334
  Cover: 3074
  Implied bound: 801
  Projected implied bound: 21
  Clique: 317
  MIR: 1627
  StrongCG: 159
  Flow cover: 6624
  GUB cover: 4
  Inf proof: 56
  Zero half: 27
  Network: 19
  RLT: 140
  Relax-and-lift: 243

Explored 1033022 nodes (88762982 simplex iterations) in 3159.62 seconds (4358.38 work units)
Thread count was 8 (of 8 available processors)

Solution count 10: 27139 27139 27139 ... 27153

Solve interrupted
Best objective 2.713899839984e+04, best bound 2.462199848991e+04, gap 9.2745%

User-callback calls 3034834, time in user-callback 9.43 sec

Statistics for modelBGB_BWES:
  Linear constraint matrix    : 23951 Constrs, 9987 Vars, 88146 NZs
  Variable types              : 4407 Continuous,
5580 Integer (241 Binary)
  Matrix coefficient range    : [ 1, 200 ]
  Objective coefficient range : [ 1, 386 ]
  Variable bound range        : [ 1, 199 ]
  RHS coefficient range       : [ 1, 549 ]
