
Gurobi 10.0.1 (mac64[arm]) logging started Thu Mar 28 21:29:52 2024

Set parameter LogFile to value "/Users/deniserings/Documents/zib/s-bahn-data/scripts/DeniseMA/processed/BWKS_medium_september/RENS/BWKS_medium_september_subMBP_202403282027.log"
Gurobi Optimizer version 10.0.1 build v10.0.1rc0 (mac64[arm])

CPU model: Apple M2
Thread count: 8 physical cores, 8 logical processors, using up to 8 threads

Optimize a model with 11399 rows, 4887 columns and 50277 nonzeros
Model fingerprint: 0x15d95829
Variable types: 1864 continuous, 3023 integer (825 binary)
Coefficient statistics:
  Matrix range     [1e+00, 2e+02]
  Objective range  [1e+00, 4e+02]
  Bounds range     [1e+00, 2e+02]
  RHS range        [1e+00, 5e+02]
Presolve removed 5394 rows and 1716 columns
Presolve time: 0.04s
Presolved: 6005 rows, 3171 columns, 26616 nonzeros
Variable types: 1252 continuous, 1919 integer (1919 binary)

Root relaxation: objective 8.158000e+03, 1137 iterations, 0.01 seconds (0.01 work units)

    Nodes    |    Current Node    |     Objective Bounds      |     Work
 Expl Unexpl |  Obj  Depth IntInf | Incumbent    BestBd   Gap | It/Node Time

     0     0 8158.00000    0   39          - 8158.00000      -     -    0s
H    0     0                    11318.999999 8158.00000  27.9%     -    0s
H    0     0                    10393.999999 8158.00000  21.5%     -    0s
     0     0 8160.97176    0  145 10394.0000 8160.97176  21.5%     -    0s
     0     0 8160.97176    0  144 10394.0000 8160.97176  21.5%     -    0s
     0     0 8198.53468    0  124 10394.0000 8198.53468  21.1%     -    0s
     0     0 8198.53468    0  132 10394.0000 8198.53468  21.1%     -    0s
H    0     0                    10238.999999 8204.15515  19.9%     -    0s
     0     0 8204.15515    0  136 10239.0000 8204.15515  19.9%     -    0s
     0     0 8204.15515    0  127 10239.0000 8204.15515  19.9%     -    0s
     0     0 8204.62150    0  110 10239.0000 8204.62150  19.9%     -    0s
     0     0 8204.82340    0  115 10239.0000 8204.82340  19.9%     -    0s
     0     0 8204.82340    0  101 10239.0000 8204.82340  19.9%     -    0s
     0     0 8204.82340    0  126 10239.0000 8204.82340  19.9%     -    0s
     0     0 8204.82340    0  137 10239.0000 8204.82340  19.9%     -    0s
     0     0 8204.82340    0  150 10239.0000 8204.82340  19.9%     -    0s
     0     0 8204.82340    0  147 10239.0000 8204.82340  19.9%     -    0s
H    0     0                    10091.999999 8204.82340  18.7%     -    0s
H    0     0                    10091.999998 8204.82340  18.7%     -    0s
     0     0 8204.82340    0   57 10092.0000 8204.82340  18.7%     -    0s
H    0     0                    10091.999939 8204.82340  18.7%     -    0s
     0     0 8204.82340    0   83 10091.9999 8204.82340  18.7%     -    0s
H    0     0                    9974.9999991 8204.82340  17.7%     -    0s
H    0     0                    9974.9999969 8204.82340  17.7%     -    0s
H    0     0                    9938.9999969 8204.82340  17.4%     -    0s
     0     0 8204.82340    0   44 9939.00000 8204.82340  17.4%     -    0s
H    0     0                    9936.9999969 8204.82340  17.4%     -    1s
     0     0 8204.82340    0   74 9937.00000 8204.82340  17.4%     -    1s
     0     0 8204.82340    0   51 9937.00000 8204.82340  17.4%     -    1s
H    0     0                    9936.9999391 8204.82340  17.4%     -    1s
     0     0 8204.82340    0   95 9936.99994 8204.82340  17.4%     -    1s
     0     0 8204.82340    0   42 9936.99994 8204.82340  17.4%     -    1s
     0     0 8204.82340    0   42 9936.99994 8204.82340  17.4%     -    1s
H    0     0                    9936.9998729 8204.82340  17.4%     -    1s
     0     2 8204.82340    0   42 9936.99987 8204.82340  17.4%     -    1s
H  646   621                    9904.9999394 8450.00000  14.7%  31.2    2s
* 1542  1381             118    9895.9999991 8450.00000  14.6%  22.5    2s
* 1562  1281             134    9685.9999991 8450.00000  12.8%  22.3    2s
H 1633  1239                    9685.9999415 8450.00000  12.8%  21.8    2s
H 2590  1339                    8905.9999997 8450.00000  5.12%  23.5    4s
* 3479  1298             146    8860.9999997 8450.00000  4.64%  22.4    4s
  4236  1621 8853.00000  113   45 8861.00000 8450.00000  4.64%  21.0    5s
H 4555  1457                    8854.0000000 8450.00000  4.56%  20.6    5s
H 5026  1571                    8848.9999997 8450.00000  4.51%  20.1    5s
H 6141  2176                    8844.9999997 8450.00000  4.47%  19.8    5s
* 6678  2376             157    8834.9999997 8450.00000  4.36%  19.4    6s
H 6942  2400                    8834.9999987 8450.00000  4.36%  19.2    6s
H 7023  2400                    8834.9999707 8450.00000  4.36%  19.2    6s
H 7954  2644                    8792.9999997 8450.00000  3.90%  19.1    6s
H 8020  2787                    8792.9999642 8450.00000  3.90%  19.1    7s
H14928  6371                    8785.9999994 8450.00000  3.82%  19.3    9s
 16206  7140 8770.00000   78   50 8786.00000 8450.00000  3.82%  19.3   10s
H16280  7012                    8775.9999998 8450.00000  3.71%  19.3   10s
H16332  7012                    8775.9999287 8451.05676  3.70%  19.2   10s
H18529  8090                    8775.9996084 8458.00000  3.62%  19.5   11s
 28954 14026     cutoff   69      8775.99961 8476.76778  3.41%  20.2   15s
 29865 14039 8714.00000   44  126 8775.99961 8497.81058  3.17%  20.2   20s
 29882 14050 8547.05676   32   39 8775.99961 8512.60981  3.00%  20.2   25s
 30019 14122 8556.03564   35   83 8775.99961 8530.70794  2.80%  21.0   30s
H32567 14120                    8775.9989760 8556.03564  2.51%  20.9   33s
 36673 15365     cutoff   57      8775.99898 8561.64705  2.44%  21.0   35s
 49729 18674 8667.76470   46   55 8775.99898 8563.76470  2.42%  21.4   40s
 65265 21173 infeasible   46      8775.99898 8564.00000  2.42%  21.4   45s
 80752 25707 8649.00000   65   45 8775.99898 8564.00000  2.42%  21.3   50s
 95178 30876 8650.00000   47   45 8775.99898 8564.00000  2.42%  21.2   55s
 109694 35096 8669.00000   62   42 8775.99898 8564.09014  2.41%  21.2   60s
 123458 39387     cutoff   66      8775.99898 8574.00000  2.30%  21.2   65s
 138643 43784 8672.01184   58   45 8775.99898 8580.00000  2.23%  21.1   70s
 151241 48713 8627.27906   40   44 8775.99898 8588.55792  2.14%  21.1   75s
 165418 55035 8771.09302   57   32 8775.99898 8591.43012  2.10%  21.2   80s
 179769 61322     cutoff   62      8775.99898 8595.27906  2.06%  21.3   85s
 193052 66854 infeasible   58      8775.99898 8596.00000  2.05%  21.3   90s
 208833 72381 8701.00000   58   45 8775.99898 8596.00000  2.05%  21.2   95s
 220273 75872     cutoff   61      8775.99898 8596.00000  2.05%  21.2  100s
 230590 78839 8596.00000   45   44 8775.99898 8596.00000  2.05%  21.2  105s
 235001 80139 infeasible   69      8775.99898 8596.00000  2.05%  21.2  110s
 239123 81413 8596.01184   60   53 8775.99898 8596.00000  2.05%  21.1  115s
 244837 83140 infeasible   64      8775.99898 8596.00000  2.05%  21.1  120s
 250132 84666 infeasible   65      8775.99898 8596.00000  2.05%  21.1  125s
 257996 87278 8721.00000   61   41 8775.99898 8596.00000  2.05%  21.1  130s
 265059 89310 8763.00000   71   31 8775.99898 8596.01184  2.05%  21.1  135s
 272749 91564 8705.05128   58   60 8775.99898 8597.13722  2.04%  21.1  140s
 279115 93618 8703.76470   61   37 8775.99898 8597.76470  2.03%  21.1  145s
 286579 95956 8687.76470   47   41 8775.99898 8597.76470  2.03%  21.2  150s
 292901 97617 8652.00000   46   46 8775.99898 8598.00000  2.03%  21.2  155s
 300783 99819 8598.00000   49   43 8775.99898 8598.00000  2.03%  21.3  160s
 310097 102452 8685.00000   58   46 8775.99898 8598.00000  2.03%  21.4  165s
 317264 104207 8766.00000   58   31 8775.99898 8598.00000  2.03%  21.4  170s
 326383 106420 infeasible   56      8775.99898 8598.00000  2.03%  21.4  175s
 335438 108504 8642.00000   54   54 8775.99898 8598.00000  2.03%  21.5  180s
 341874 110012 infeasible   65      8775.99898 8598.00000  2.03%  21.5  185s
 352706 112580 8688.00000   56   40 8775.99898 8598.00000  2.03%  21.5  190s
 362150 114911 8598.00000   60   49 8775.99898 8598.00000  2.03%  21.5  195s
 373004 117648 8728.05128   64   56 8775.99898 8598.05128  2.03%  21.5  200s
 383710 120112 8600.48837   44   78 8775.99898 8599.34827  2.01%  21.5  205s
 394968 122949 8627.86593   40   89 8775.99898 8600.48837  2.00%  21.5  210s
 406723 126122     cutoff   45      8775.99898 8601.58974  1.99%  21.5  215s
 415619 128680 8703.52940   49   45 8775.99898 8603.52941  1.97%  21.5  220s
 423611 130923 infeasible   56      8775.99898 8603.76470  1.96%  21.5  225s
 435108 134389 infeasible   56      8775.99898 8604.00000  1.96%  21.4  230s
 445464 136950 8753.00000   60   37 8775.99898 8604.00000  1.96%  21.4  235s
 457628 139903 8648.00000   51   47 8775.99898 8604.00000  1.96%  21.4  240s
 469801 143091     cutoff   51      8775.99898 8604.22601  1.96%  21.4  245s
 482294 147575 8608.80451   48   58 8775.99898 8605.27906  1.95%  21.3  250s
 493795 151047 8764.00000   53   27 8775.99898 8606.00000  1.94%  21.3  255s
 505056 154137 8678.00000   58   43 8775.99898 8606.00000  1.94%  21.3  260s
 518302 157521     cutoff   68      8775.99898 8606.33070  1.93%  21.3  265s
 530892 161601     cutoff   61      8775.99898 8607.76470  1.92%  21.3  270s
 542863 165147 infeasible   70      8775.99898 8607.76470  1.92%  21.3  275s
 553269 167842 8765.76470   64   44 8775.99898 8607.76470  1.92%  21.2  280s
 564608 170695 8671.00000   59   44 8775.99898 8608.00000  1.91%  21.2  285s
 576584 173849 8651.00000   57   44 8775.99898 8608.00000  1.91%  21.3  290s
 589706 177343 8608.00000   49   63 8775.99898 8608.00000  1.91%  21.2  295s
 600046 180243     cutoff   66      8775.99898 8608.00000  1.91%  21.2  300s
 610297 183123     cutoff   68      8775.99898 8608.00000  1.91%  21.2  305s
 622371 186642 infeasible   60      8775.99898 8608.00000  1.91%  21.2  310s
 632821 189692 8652.00000   61   31 8775.99898 8608.00000  1.91%  21.2  315s
 645860 192916 8716.00000   65   41 8775.99898 8608.00000  1.91%  21.2  320s
 657369 195909 infeasible   65      8775.99898 8608.00000  1.91%  21.1  325s
 668016 198885 8735.00000   70   24 8775.99898 8608.00000  1.91%  21.1  330s
 679991 201819 8662.00000   56   41 8775.99898 8608.00000  1.91%  21.1  335s
 690568 204250 8609.25447   57   55 8775.99898 8608.05128  1.91%  21.1  340s
 702987 206510     cutoff   60      8775.99898 8608.16184  1.91%  21.1  345s
 714469 209025     cutoff   75      8775.99898 8609.13722  1.90%  21.1  350s
 724076 212315 8755.52941   62   48 8775.99898 8609.83518  1.89%  21.1  355s
 736086 217334 infeasible   46      8775.99898 8609.99999  1.89%  21.1  360s
 748107 221477 8772.00000   55   36 8775.99898 8610.00000  1.89%  21.1  365s
 761192 225237 infeasible   67      8775.99898 8610.00000  1.89%  21.1  370s
 772979 227700 8689.00000   56   44 8775.99898 8610.18813  1.89%  21.1  376s
 780152 231092 8644.58221   48   58 8775.99898 8610.18813  1.89%  21.1  380s
 790911 235211 8611.27906   54   44 8775.99898 8611.00000  1.88%  21.1  385s
 803019 239161 8673.00000   53   46 8775.99898 8611.27906  1.88%  21.1  390s
 815563 243124 8727.61000   60   37 8775.99898 8612.18813  1.87%  21.1  395s
 827294 247057 8613.76470   61   68 8775.99898 8613.02116  1.86%  21.0  400s
 839193 250199 8735.76470   68   34 8775.99898 8613.76470  1.85%  21.0  405s
 849872 253112     cutoff   69      8775.99898 8614.00000  1.85%  21.0  410s
 863046 256248     cutoff   67      8775.99898 8614.00000  1.85%  21.0  415s
 875172 259200 8687.00000   55   51 8775.99898 8614.00000  1.85%  21.0  420s
 888359 261995 infeasible   61      8775.99898 8614.00000  1.85%  21.0  425s
 899875 264499     cutoff   64      8775.99898 8614.05128  1.85%  20.9  430s
 911044 266867 8685.90571   57   47 8775.99898 8614.90950  1.84%  20.9  435s
 922853 270039 8743.01512   58   43 8775.99898 8615.83518  1.83%  20.9  440s
 934492 273454 8687.00000   61   44 8775.99898 8616.00000  1.82%  20.9  445s
 944905 277262 8676.50667   54   53 8775.99898 8616.00000  1.82%  20.9  450s
 956801 280541     cutoff   59      8775.99898 8616.01184  1.82%  20.9  455s
 968485 283208 8740.00000   46   48 8775.99898 8616.25640  1.82%  20.9  460s
 979501 286751 8617.39559   47   57 8775.99898 8616.92499  1.81%  20.9  465s
 990235 290332 8710.00000   57   50 8775.99898 8617.27907  1.81%  20.9  470s
 1002060 294186 infeasible   70      8775.99898 8617.76470  1.80%  20.9  475s
 1014040 296895 infeasible   68      8775.99898 8618.00000  1.80%  20.9  480s
 1025416 299792 8728.00000   60   51 8775.99898 8618.00000  1.80%  20.9  485s
 1035709 302437 8774.00000   66   32 8775.99898 8618.00000  1.80%  20.9  490s
 1048484 305744 8746.00000   66   40 8775.99898 8618.00000  1.80%  20.9  495s
 1059323 308717     cutoff   57      8775.99898 8618.00000  1.80%  20.9  500s
 1072480 312792 8714.00000   68   40 8775.99898 8618.00000  1.80%  20.8  505s
 1083781 315660 8623.74883   41   83 8775.99898 8618.01184  1.80%  20.8  510s
 1095402 317880     cutoff   62      8775.99898 8618.18813  1.80%  20.8  515s
 1104737 320108     cutoff   68      8775.99898 8619.05128  1.79%  20.8  520s
 1114104 323343 8772.00000   63   37 8775.99898 8619.65892  1.78%  20.8  525s
 1124097 326242 8734.99999   65   28 8775.99898 8619.99999  1.78%  20.8  530s
 1134252 328281 8705.99999   59   51 8775.99898 8619.99999  1.78%  20.8  535s
 1144849 330635 8712.00000   50   34 8775.99898 8619.99999  1.78%  20.8  540s
 1156991 333643 8683.00000   56   47 8775.99898 8620.00000  1.78%  20.8  545s
 1166059 334824     cutoff   63      8775.99898 8620.09278  1.78%  20.8  550s
 1175760 337550 8761.27907   63   59 8775.99898 8620.55792  1.77%  20.9  555s
 1186653 341182 infeasible   44      8775.99898 8620.76723  1.77%  20.8  560s
 1198523 343849 8682.00000   46   44 8775.99898 8622.00000  1.75%  20.8  565s
 1209464 345988 8763.00000   65   31 8775.99898 8623.00000  1.74%  20.8  570s
 1217351 348034     cutoff   67      8775.99898 8623.27906  1.74%  20.8  575s
 1228704 350648 8624.09543   59   48 8775.99898 8624.00000  1.73%  20.8  580s
 1240504 352597 8716.48837   46   76 8775.99898 8624.51261  1.73%  20.8  585s
 1251868 355194 8712.64705   53   55 8775.99898 8625.50376  1.71%  20.8  590s
 1260683 356593 8625.99999   57   65 8775.99898 8625.99999  1.71%  20.8  595s
 1269051 358382 8746.00000   55   49 8775.99898 8626.00000  1.71%  20.8  600s
 1279048 360852 infeasible   57      8775.99898 8626.13542  1.71%  20.9  605s
 1290715 364610 8718.43526   47   77 8775.99898 8626.87053  1.70%  20.9  610s
 1301172 366982 8690.00000   73   35 8775.99898 8627.00000  1.70%  20.9  615s
 1311471 368215 8734.00000   63   32 8775.99898 8627.01184  1.70%  20.9  620s
 1321774 371367 8708.27906   53   37 8775.99898 8627.27906  1.69%  20.9  625s
 1333436 374350 8685.27906   56   42 8775.99898 8627.27906  1.69%  20.9  630s
 1345045 377411 8708.76470   50   39 8775.99898 8627.27906  1.69%  20.9  635s
 1355041 379679 8628.14507   46   64 8775.99898 8627.33035  1.69%  20.9  640s
 1366350 383268     cutoff   64      8775.99898 8627.92159  1.69%  20.9  645s
 1376400 386031 8720.00000   56   41 8775.99898 8628.00000  1.69%  20.9  650s
 1389372 389456 8688.00000   71   54 8775.99898 8628.00000  1.69%  20.8  655s
 1401419 392563 8741.00000   65   40 8775.99898 8628.00000  1.69%  20.8  660s
 1413284 395569 8754.00000   65   36 8775.99898 8628.00000  1.69%  20.8  665s
 1426603 399115 8675.00000   53   45 8775.99898 8628.00000  1.69%  20.8  670s
 1436305 401274 8712.27907   56   31 8775.99898 8628.33939  1.68%  20.8  675s
 1446523 403878 8703.53180   69   33 8775.99898 8629.00000  1.68%  20.8  680s
 1457387 405943 8707.27906   52   39 8775.99898 8629.27906  1.67%  20.8  685s
 1469483 410095 8683.76470   59   55 8775.99898 8629.76470  1.67%  20.8  690s
 1480732 413176     cutoff   62      8775.99898 8629.76470  1.67%  20.8  695s
 1492419 416089     cutoff   60      8775.99898 8629.76470  1.67%  20.7  700s
 1500712 418353 8709.99999   61   31 8775.99898 8629.99999  1.66%  20.7  705s
 1510455 421039 8738.99999   65   27 8775.99898 8629.99999  1.66%  20.7  710s
 1521967 423524 8694.99999   56   44 8775.99898 8629.99999  1.66%  20.8  715s
 1534136 426249 infeasible   64      8775.99898 8630.00000  1.66%  20.8  720s
 1547132 429432 8677.00000   61   38 8775.99898 8630.00000  1.66%  20.8  725s
 1556939 431554 8707.00000   51   30 8775.99898 8630.00000  1.66%  20.8  730s
 1569461 434613     cutoff   59      8775.99898 8630.00000  1.66%  20.8  735s
 1582526 437655     cutoff   60      8775.99898 8630.00000  1.66%  20.8  740s
 1594442 440235 8630.00000   50   36 8775.99898 8630.00000  1.66%  20.7  745s
 1607323 443300     cutoff   61      8775.99898 8630.00000  1.66%  20.7  750s
 1621926 446469     cutoff   62      8775.99898 8630.00000  1.66%  20.7  755s
 1634822 449405 8771.00000   59   23 8775.99898 8630.00000  1.66%  20.7  760s
 1648035 451868 8711.00000   65   28 8775.99898 8630.00000  1.66%  20.7  765s
 1662000 454827 8764.00000   57   21 8775.99898 8630.00000  1.66%  20.7  770s
 1674237 456395 8678.00000   54   39 8775.99898 8630.00000  1.66%  20.7  775s
 1686386 458603 8719.00000   48   78 8775.99898 8630.18605  1.66%  20.7  780s
 1701443 463591 8728.00000   60   40 8775.99898 8630.56191  1.66%  20.7  785s
 1710978 467912 infeasible   59      8775.99898 8630.70391  1.66%  20.7  793s
 1723461 470409     cutoff   62      8775.99898 8630.77176  1.65%  20.7  795s
 1734960 472877 8769.00000   66   35 8775.99898 8631.51756  1.65%  20.7  800s
 1749796 476262 8717.76470   60   28 8775.99898 8631.76470  1.64%  20.7  805s
 1764145 479071     cutoff   64      8775.99898 8632.00000  1.64%  20.7  810s
 1778822 481854     cutoff   65      8775.99898 8632.00000  1.64%  20.7  815s
 1790748 483947 8705.00000   59   43 8775.99898 8632.00000  1.64%  20.7  820s
 1803245 486632     cutoff   62      8775.99898 8632.00000  1.64%  20.7  825s
 1817097 488888 infeasible   64      8775.99898 8632.00000  1.64%  20.7  830s
 1829972 491922 8747.27907   67   36 8775.99898 8632.77138  1.63%  20.7  835s
 1842570 495049 8699.76470   61   53 8775.99898 8633.27906  1.63%  20.7  840s
 1855907 497750 8714.00000   52   42 8775.99898 8634.00000  1.62%  20.7  845s
 1869530 499815     cutoff   67      8775.99898 8634.00000  1.62%  20.7  850s
 1883631 501990 8724.00000   55   32 8775.99898 8634.00000  1.62%  20.7  855s
 1895993 504045 8714.00000   58   35 8775.99898 8634.00000  1.62%  20.7  860s
 1908997 506511     cutoff   55      8775.99898 8634.33070  1.61%  20.7  865s
 1918674 508574 8644.44545   51   36 8775.99898 8634.44545  1.61%  20.7  870s
 1932100 511967 8775.27907   64   37 8775.99898 8634.56191  1.61%  20.7  875s
 1945303 515403 8721.00000   57   42 8775.99898 8635.00000  1.61%  20.7  880s
 1957973 518121 infeasible   60      8775.99898 8635.35444  1.60%  20.7  885s
 1971951 522459 8638.00000   59   71 8775.99898 8636.00000  1.60%  20.7  890s
 1985777 525343     cutoff   58      8775.99898 8636.00000  1.60%  20.7  895s
 1998649 527772 8666.00000   58   49 8775.99898 8636.00000  1.60%  20.7  900s
 2012336 531022 8694.00000   57   34 8775.99898 8636.65228  1.59%  20.7  905s
 2025057 533928 8669.13722   61   37 8775.99898 8637.00000  1.58%  20.7  910s
 2038058 536611 8656.59906   54   43 8775.99898 8637.27906  1.58%  20.7  915s
 2052303 539596 8723.27906   53   62 8775.99898 8637.27906  1.58%  20.7  920s
 2064342 542430 8679.76470   55   60 8775.99898 8637.38388  1.58%  20.6  925s
 2077951 545223 8713.27906   54   33 8775.99898 8637.60977  1.58%  20.6  930s
 2090566 547804 8703.13941   56   62 8775.99898 8637.83854  1.57%  20.6  935s
 2104820 550083 infeasible   64      8775.99898 8638.00000  1.57%  20.6  940s
 2118548 552649 8638.00000   49   44 8775.99898 8638.00000  1.57%  20.6  945s
 2132559 555080 infeasible   65      8775.99898 8638.00000  1.57%  20.6  950s
 2145413 557761 8706.13261   61   47 8775.99898 8638.49737  1.57%  20.6  955s
 2154860 559995 8682.27906   57   38 8775.99898 8638.91569  1.56%  20.6  960s
 2168921 562802 8712.27906   52   47 8775.99898 8639.27906  1.56%  20.6  965s
 2179548 564677 8639.48053   49   65 8775.99898 8639.48053  1.56%  20.6  970s
 2193111 568189 8640.29135   52   67 8775.99898 8639.76470  1.55%  20.6  975s
 2207189 571943 8640.22470   47   51 8775.99898 8639.76470  1.55%  20.6  980s
 2219792 574495 8639.99999   58   42 8775.99898 8639.99999  1.55%  20.6  985s
 2233337 577212 8640.00000   48   32 8775.99898 8640.00000  1.55%  20.6  990s
 2247769 580517     cutoff   59      8775.99898 8640.00000  1.55%  20.6  995s
 2263157 584116 8732.00000   51   41 8775.99898 8640.00000  1.55%  20.6 1000s
 2277086 586944 8727.00000   63   33 8775.99898 8640.00000  1.55%  20.6 1005s
 2292529 590242 8676.00000   57   46 8775.99898 8640.00000  1.55%  20.6 1010s
 2305816 593640 8712.00000   61   32 8775.99898 8640.00000  1.55%  20.6 1015s
 2319792 596838 8640.00000   55   49 8775.99898 8640.00000  1.55%  20.6 1020s
 2335184 599898 8733.00000   63   41 8775.99898 8640.00000  1.55%  20.6 1025s
 2349348 602662 infeasible   58      8775.99898 8640.00000  1.55%  20.6 1030s
 2358440 604010 8640.00000   51   45 8775.99898 8640.00000  1.55%  20.6 1035s
 2370050 606019     cutoff   63      8775.99898 8640.00000  1.55%  20.6 1040s
 2383130 608087 8695.00000   64   21 8775.99898 8640.00000  1.55%  20.6 1045s
 2397570 610885     cutoff   55      8775.99898 8640.00000  1.55%  20.6 1050s
 2410683 613422 8739.00000   56   52 8775.99898 8640.00000  1.55%  20.6 1055s
 2423905 615709 infeasible   67      8775.99898 8640.00000  1.55%  20.6 1060s
 2437500 618008 8704.00000   58   37 8775.99898 8640.11133  1.55%  20.6 1065s
 2450248 619753 infeasible   62      8775.99898 8640.29135  1.55%  20.5 1070s
 2463332 620648 8640.29135   57   63 8775.99898 8640.29135  1.55%  20.5 1075s
 2476980 622703 8771.00000   69   26 8775.99898 8640.33070  1.55%  20.5 1080s
 2488549 624475 8769.00000   65   35 8775.99898 8640.52632  1.54%  20.5 1085s
 2501578 628122 8740.52714   55   65 8775.99898 8640.63697  1.54%  20.5 1090s
 2514445 631043 8693.00000   55   35 8775.99898 8641.00000  1.54%  20.5 1095s
 2527693 634632 8730.76470   63   49 8775.99898 8641.27906  1.54%  20.5 1100s
 2538353 637073 8680.00000   48   56 8775.99898 8641.35643  1.53%  20.5 1105s
 2548967 639884     cutoff   71      8775.99898 8641.52002  1.53%  20.5 1110s
 2562060 642963 8682.76470   61   39 8775.99898 8641.76470  1.53%  20.5 1115s
 2573658 645371 8682.76470   48   40 8775.99898 8641.76470  1.53%  20.5 1120s
 2586456 648658 8712.67366   61   62 8775.99898 8641.99999  1.53%  20.5 1125s
 2595411 650950 8775.01512   65   40 8775.99898 8641.99999  1.53%  20.5 1130s
 2601894 652447 8642.00000   61   46 8775.99898 8641.99999  1.53%  20.6 1135s
 2613977 654121 8710.00000   61   24 8775.99898 8642.00000  1.53%  20.6 1140s
 2627008 656586 8680.00000   54   56 8775.99898 8642.00000  1.53%  20.6 1145s
 2640019 659029 infeasible   58      8775.99898 8642.00000  1.53%  20.6 1150s
 2652854 661177     cutoff   60      8775.99898 8642.00000  1.53%  20.6 1155s
 2665844 663281 8683.00000   60   36 8775.99898 8642.00000  1.53%  20.6 1160s
 2678939 665594 8676.00000   56   39 8775.99898 8642.00000  1.53%  20.6 1165s
 2693296 668060     cutoff   59      8775.99898 8642.00000  1.53%  20.6 1170s
 2705498 670503 8683.00000   59   40 8775.99898 8642.00000  1.53%  20.6 1175s
 2719106 673178 8666.00000   59   42 8775.99898 8642.00000  1.53%  20.6 1180s
 2733400 675874     cutoff   59      8775.99898 8642.00000  1.53%  20.6 1185s
 2748148 678993 8666.00000   55   35 8775.99898 8642.00000  1.53%  20.6 1190s
 2762468 681692 8646.16189   44   63 8775.99898 8642.00000  1.53%  20.6 1195s
 2775199 685441 infeasible   49      8775.99898 8642.03788  1.53%  20.6 1200s
 2788548 688160     cutoff   65      8775.99898 8642.07157  1.53%  20.6 1205s
 2801521 692586 8724.56191   49   73 8775.99898 8642.08215  1.53%  20.6 1210s

Cutting planes:
  Learned: 2
  Gomory: 237
  Cover: 53
  Implied bound: 34
  Projected implied bound: 3
  MIR: 40
  StrongCG: 2
  Flow cover: 129
  GUB cover: 2
  Zero half: 4
  Network: 1
  RLT: 29
  Relax-and-lift: 16

Explored 2803860 nodes (57734267 simplex iterations) in 1210.71 seconds (1205.46 work units)
Thread count was 8 (of 8 available processors)

Solution count 10: 8776 8776 8776 ... 8835

Solve interrupted
Best objective 8.775998976280e+03, best bound 8.642082148246e+03, gap 1.5259%

User-callback calls 5884214, time in user-callback 10.55 sec

Statistics for modelBWKS_medium_september:
  Linear constraint matrix    : 11399 Constrs, 4887 Vars, 50277 NZs
  Variable types              : 1864 Continuous,
3023 Integer (825 Binary)
  Matrix coefficient range    : [ 1, 200 ]
  Objective coefficient range : [ 1, 396 ]
  Variable bound range        : [ 1, 199 ]
  RHS coefficient range       : [ 1, 549 ]
