
Gurobi 10.0.1 (mac64[arm]) logging started Mon Apr  1 03:54:06 2024

Set parameter LogFile to value "/Users/deniserings/Documents/zib/s-bahn-data/scripts/DeniseMA/processed/BWKS_medium_september/RENS/BWKS_medium_september_subMBP_random2_0.9_202403312233.log"
Gurobi Optimizer version 10.0.1 build v10.0.1rc0 (mac64[arm])

CPU model: Apple M2
Thread count: 8 physical cores, 8 logical processors, using up to 8 threads

Optimize a model with 11243 rows, 4887 columns and 50121 nonzeros
Model fingerprint: 0x4b4c9117
Variable types: 1358 continuous, 3529 integer (1331 binary)
Coefficient statistics:
  Matrix range     [1e+00, 2e+02]
  Objective range  [1e+00, 4e+02]
  Bounds range     [1e+00, 2e+02]
  RHS range        [1e+00, 5e+02]
Presolve removed 5074 rows and 1612 columns
Presolve time: 0.04s
Presolved: 6169 rows, 3275 columns, 28833 nonzeros
Variable types: 864 continuous, 2411 integer (2411 binary)

Root relaxation: objective 8.158000e+03, 1765 iterations, 0.03 seconds (0.05 work units)

    Nodes    |    Current Node    |     Objective Bounds      |     Work
 Expl Unexpl |  Obj  Depth IntInf | Incumbent    BestBd   Gap | It/Node Time

     0     0 8158.00000    0  159          - 8158.00000      -     -    0s
H    0     0                    10715.000000 8158.00000  23.9%     -    0s
H    0     0                    10681.000000 8161.12034  23.6%     -    0s
     0     0 8161.12034    0  287 10681.0000 8161.12034  23.6%     -    0s
     0     0 8161.12034    0  285 10681.0000 8161.12034  23.6%     -    0s
H    0     0                    10474.000000 8161.12034  22.1%     -    0s
     0     0 8180.00000    0  242 10474.0000 8180.00000  21.9%     -    0s
     0     0 8180.00000    0  233 10474.0000 8180.00000  21.9%     -    0s
     0     0 8200.96224    0  292 10474.0000 8200.96224  21.7%     -    0s
     0     0 8200.96224    0  281 10474.0000 8200.96224  21.7%     -    0s
     0     0 8205.11543    0  293 10474.0000 8205.11543  21.7%     -    0s
     0     0 8205.11543    0  299 10474.0000 8205.11543  21.7%     -    0s
     0     0 8209.08703    0  302 10474.0000 8209.08703  21.6%     -    0s
     0     0 8209.08703    0  297 10474.0000 8209.08703  21.6%     -    0s
H    0     0                    10437.000000 8211.39837  21.3%     -    0s
     0     0 8211.39837    0  293 10437.0000 8211.39837  21.3%     -    0s
     0     0 8211.39837    0  294 10437.0000 8211.39837  21.3%     -    0s
H    0     0                    10401.000000 8211.39837  21.1%     -    0s
     0     0 8211.51681    0  281 10401.0000 8211.51681  21.1%     -    0s
     0     0 8211.51681    0  285 10401.0000 8211.51681  21.1%     -    0s
H    0     0                    10387.000000 8211.51681  20.9%     -    1s
     0     0 8211.51681    0  310 10387.0000 8211.51681  20.9%     -    1s
H    0     0                    9590.0000000 8211.51681  14.4%     -    1s
     0     0 8211.51681    0  289 9590.00000 8211.51681  14.4%     -    1s
H    0     0                    9576.0000000 8211.51681  14.2%     -    1s
H    0     0                    8872.0000000 8211.51681  7.44%     -    1s
H    0     0                    8865.0000000 8211.51681  7.37%     -    1s
     0     0 8211.51681    0  155 8865.00000 8211.51681  7.37%     -    1s
     0     0 8211.51681    0  211 8865.00000 8211.51681  7.37%     -    1s
     0     0 8211.51681    0  201 8865.00000 8211.51681  7.37%     -    1s
     0     0 8211.51681    0  167 8865.00000 8211.51681  7.37%     -    1s
     0     2 8211.51681    0  138 8865.00000 8211.51681  7.37%     -    1s
H  439   410                    8856.0000000 8450.00000  4.58%  29.7    2s
H 1889  1309                    8840.0000000 8450.00000  4.41%  29.4    4s
H 1906  1258                    8835.0000000 8450.00000  4.36%  29.3    4s
  2722  1594 8518.00000   83   86 8835.00000 8450.00000  4.36%  27.3    5s
H 4715  2467                    8833.0000000 8450.00000  4.34%  26.5    6s
H 6106  3416                    8825.0000000 8450.00000  4.25%  25.7    6s
H 6255  3624                    8806.0000000 8450.00000  4.04%  25.5    6s
H 7655  4366                    8799.0000000 8450.00000  3.97%  25.2    7s
H 8501  4748                    8778.0000000 8450.00000  3.74%  25.3    7s
 13733  8164 8706.74511   60  132 8778.00000 8450.00000  3.74%  25.1   10s
 24522 14358 8552.00000   37  134 8778.00000 8450.00000  3.74%  24.7   15s
 30316 17149 8472.00000   30  167 8778.00000 8450.00000  3.74%  25.5   20s
 30337 17163 8478.00000   39  121 8778.00000 8457.72282  3.65%  25.5   25s
H30339 16305                    8776.0000000 8457.72282  3.63%  25.5   26s
 30349 16312 8478.00000   63  180 8776.00000 8458.00000  3.62%  25.5   30s
 30365 16323 8699.00000   51  103 8776.00000 8465.72282  3.54%  25.5   35s
H30777 15650                    8775.9999947 8466.31934  3.53%  26.2   37s
 34096 16887 8636.99999  100   74 8775.99999 8471.99999  3.46%  26.7   40s
 43434 18468 8581.53012   59  112 8775.99999 8472.68607  3.46%  27.4   45s
 50910 20035 infeasible   47      8775.99999 8475.81374  3.42%  27.9   50s
 60232 21502 8497.63636   50  130 8775.99999 8477.63636  3.40%  28.8   55s
 70044 23266 8748.00000   61   36 8775.99999 8478.00000  3.40%  29.3   60s
 80051 25584     cutoff   62      8775.99999 8478.69579  3.39%  29.8   65s
 89998 30676 8761.99999   63   54 8775.99999 8480.67669  3.37%  30.0   70s
 100483 35468 8557.99999   37   93 8775.99999 8483.44688  3.33%  30.1   75s
 110812 40609 8709.00000   60   33 8775.99999 8487.45636  3.29%  30.1   80s
 120394 45570 8488.38378   44   78 8775.99999 8487.99999  3.28%  30.3   85s
 130707 50702 8492.14721   47   85 8775.99999 8488.20378  3.28%  30.6   90s
 140671 55290 8549.85573   66  121 8775.99999 8489.84738  3.26%  30.7   95s
 149835 59750 8742.21193   60  120 8775.99999 8491.15608  3.25%  30.8  100s
 159210 63442 8698.00000   83   84 8775.99999 8493.68174  3.22%  30.9  105s
 168096 67928 8670.19749   46  113 8775.99999 8496.68511  3.18%  30.8  110s
 177862 71812 8759.99999  109   58 8775.99999 8497.88732  3.17%  30.9  115s
 187670 76372 8502.02300   53  122 8775.99999 8499.71999  3.15%  31.0  120s
 198609 81784 8649.99999   40   18 8775.99999 8501.83198  3.12%  30.9  125s
 207865 85903 8717.99999   51   47 8775.99999 8504.36855  3.10%  31.0  130s
 217562 90310 8565.78770   52   94 8775.99999 8506.26908  3.07%  31.0  135s
 227713 94478 8618.00000   55  107 8775.99999 8507.99999  3.05%  31.1  140s
 237344 97868 8701.44186   65  112 8775.99999 8509.66586  3.03%  31.1  145s
 245317 101425 infeasible   52      8775.99999 8511.13739  3.02%  31.1  150s
 255505 105715 8718.76083   46   83 8775.99999 8512.28169  3.00%  31.2  155s
 265144 109955 infeasible   61      8775.99999 8514.63442  2.98%  31.2  160s
 274778 114077 8700.79640   46   78 8775.99999 8516.06250  2.96%  31.2  165s
 283843 118292     cutoff   87      8775.99999 8517.75847  2.94%  31.2  170s
 294217 122498 8735.99999   75   59 8775.99999 8519.63636  2.92%  31.2  175s
 304012 127065 infeasible   59      8775.99999 8521.63636  2.90%  31.3  180s
 313181 130981 8523.99048   57  168 8775.99999 8523.06787  2.88%  31.3  185s
 322034 134945 infeasible   52      8775.99999 8525.14285  2.86%  31.4  190s
 332874 140134 infeasible   56      8775.99999 8527.17552  2.84%  31.3  195s
 342612 144362 infeasible   71      8775.99999 8528.93750  2.82%  31.3  201s
 350484 147525 8675.09944   58   93 8775.99999 8530.97413  2.79%  31.3  205s
 360532 152045 8553.58670   58  145 8775.99999 8532.89625  2.77%  31.3  210s
 368749 155333 8589.75174   55  111 8775.99999 8534.83720  2.75%  31.4  215s
 379352 159486 8719.99999   61   41 8775.99999 8537.63636  2.72%  31.4  220s
 388433 162846     cutoff   58      8775.99999 8539.28909  2.70%  31.4  225s
 397585 166184 8675.63636   53  113 8775.99999 8541.54242  2.67%  31.4  230s
 407744 170284 8659.00000   61   47 8775.99999 8543.61325  2.65%  31.4  235s
 417619 174199 8623.63636   52   79 8775.99999 8546.00000  2.62%  31.4  240s
 427245 178484     cutoff   83      8775.99999 8547.63636  2.60%  31.4  245s
 436608 182225     cutoff  101      8775.99999 8547.80897  2.60%  31.3  250s
H440277 183651                    8775.9997413 8547.99999  2.60%  31.3  252s
 443290 185374 infeasible   58      8775.99974 8547.99999  2.60%  31.3  255s
 453213 189266 8729.00000   95   88 8775.99974 8548.68287  2.59%  31.4  260s
 463111 193044 infeasible   66      8775.99974 8550.13165  2.57%  31.4  265s
 472989 196548 8555.68099   58  140 8775.99974 8552.00604  2.55%  31.4  270s
 482450 200255 8635.98537   62  149 8775.99974 8553.71985  2.53%  31.4  275s
 492164 203423 8665.65036   52  107 8775.99974 8555.99808  2.51%  31.4  280s
 500833 206967 8734.35799   95   85 8775.99974 8557.63636  2.49%  31.4  285s
 511056 211502 8559.03567   51   78 8775.99974 8557.99999  2.48%  31.4  290s
 521145 215682     cutoff   53      8775.99974 8557.99999  2.48%  31.4  295s
 531369 220770 8601.77990   51   95 8775.99974 8558.02300  2.48%  31.3  300s
 541751 225470 8643.99999   53   98 8775.99974 8558.60174  2.48%  31.2  305s
 553765 231636 8681.99999   70   88 8775.99974 8559.31209  2.47%  31.1  310s
 562910 235119 8559.84829   58  105 8775.99974 8559.84829  2.46%  31.1  315s
 571920 238365     cutoff   54      8775.99974 8561.15149  2.45%  31.1  320s
 582702 242703 8727.99999   75   51 8775.99974 8562.99999  2.43%  31.1  325s
 592288 246347 8563.63636   47   97 8775.99974 8563.63636  2.42%  31.1  330s
 600881 250855 8635.99999   56   36 8775.99974 8563.99999  2.42%  31.1  335s
 612234 256300 8757.99999   74   64 8775.99974 8563.99999  2.42%  31.0  340s
 621612 259912 infeasible   40      8775.99974 8564.00000  2.42%  31.0  345s
 630741 263438 8725.00000   48   65 8775.99974 8564.24522  2.41%  31.0  350s
 641291 268103 8699.00000   65   49 8775.99974 8565.05515  2.40%  31.0  355s
 652602 273329 8651.63636   55  103 8775.99974 8565.63636  2.40%  31.0  360s
 662104 276933 8664.99999   68   55 8775.99974 8566.50187  2.39%  31.0  365s
 671424 281181 8567.80897   56  139 8775.99974 8567.63636  2.37%  30.9  370s
 681699 286046 8680.00000   60   28 8775.99974 8568.02300  2.37%  30.9  375s
 691935 290877 8722.00000   69   70 8775.99974 8568.02300  2.37%  30.9  380s
 701261 294718     cutoff   95      8775.99974 8568.63636  2.36%  30.9  385s
 711922 299129 8711.99999   58   74 8775.99974 8568.99999  2.36%  30.8  390s
 722386 304405 8717.15515   77   77 8775.99974 8569.24747  2.36%  30.8  395s
 732082 308087 8700.00000   55   94 8775.99974 8569.74726  2.35%  30.7  400s
 742042 312279 8654.86021   46   75 8775.99974 8570.25143  2.34%  30.7  405s
 749854 315258 8729.02300   52   83 8775.99974 8570.90512  2.34%  30.7  410s
 760243 319160 infeasible   51      8775.99974 8571.69230  2.33%  30.6  415s
 768956 323053 8572.60698   59  111 8775.99974 8572.45695  2.32%  30.6  420s
 778368 326700 infeasible   81      8775.99974 8573.02300  2.31%  30.6  425s
 788436 331015 infeasible   60      8775.99974 8573.63636  2.31%  30.6  430s
 798643 336592 infeasible   47      8775.99974 8573.99999  2.30%  30.5  435s
 808924 341509 8684.99999   50   60 8775.99974 8573.99999  2.30%  30.5  440s
 819201 346217     cutoff   82      8775.99974 8573.99999  2.30%  30.5  445s
 829021 350454 8713.99999  103   54 8775.99974 8573.99999  2.30%  30.5  450s
 838775 353643 8745.99999   71   70 8775.99974 8573.99999  2.30%  30.5  455s
 847872 357247     cutoff   59      8775.99974 8573.99999  2.30%  30.5  460s
 857811 361343     cutoff   63      8775.99974 8574.23211  2.30%  30.5  465s
 867881 364597     cutoff   49      8775.99974 8574.86487  2.29%  30.5  470s
 876421 368941 8717.16923   87   80 8775.99974 8575.03274  2.29%  30.4  475s
 889422 375970 8729.99999   73   80 8775.99974 8575.28909  2.29%  30.4  480s
 899856 379989     cutoff   45      8775.99974 8575.84738  2.28%  30.4  485s
 909489 384064 8746.02300   67   82 8775.99974 8576.38292  2.27%  30.4  490s
 919973 387744 infeasible   61      8775.99974 8577.39775  2.26%  30.4  495s
 928942 391741 8764.25020   88  110 8775.99974 8577.89919  2.26%  30.4  500s
 940591 396686     cutoff   53      8775.99974 8578.02300  2.26%  30.3  505s
 950277 401808 8665.99999   58  109 8775.99974 8578.25742  2.25%  30.3  510s
 960348 405479 8714.00000   78   72 8775.99974 8578.63636  2.25%  30.3  515s
 968448 409526 infeasible   85      8775.99974 8578.89919  2.25%  30.3  520s
 979310 414502 infeasible   53      8775.99974 8578.99999  2.24%  30.3  525s
 988916 417880 8699.00000   68   96 8775.99974 8579.00000  2.24%  30.3  530s
 1000809 424072 8756.25775  102   96 8775.99974 8579.31209  2.24%  30.2  535s
 1010540 428277     cutoff  108      8775.99974 8579.92545  2.23%  30.2  540s
 1020132 432426 8732.00000   77   51 8775.99974 8580.07696  2.23%  30.2  545s
 1031242 436854 8691.33979   63  103 8775.99974 8580.34883  2.23%  30.1  550s
 1041419 440251     cutoff   63      8775.99974 8580.94958  2.22%  30.1  555s
 1051559 444711 8747.99999   71   56 8775.99974 8581.52776  2.22%  30.1  560s
 1063125 449818 8718.99999   47   51 8775.99974 8581.99999  2.21%  30.1  565s
 1069658 454193 8723.99999   59   74 8775.99974 8581.99999  2.21%  30.1  571s
 1082414 458052 8657.56384   49  101 8775.99974 8582.34904  2.21%  30.0  575s
 1092774 462833     cutoff   90      8775.99974 8582.76536  2.20%  30.0  580s
 1102679 467462 infeasible   61      8775.99974 8582.99999  2.20%  30.0  585s
 1113838 472281     cutoff   54      8775.99974 8583.21300  2.20%  30.0  590s
 1122374 475925 8583.63636   45  123 8775.99974 8583.63636  2.19%  30.0  595s
 1132741 479960 8739.16318   59   97 8775.99974 8583.74726  2.19%  30.0  600s
 1143742 485098 8707.24899   79   80 8775.99974 8583.99999  2.19%  29.9  605s
 1154708 490577 8640.67757   57  134 8775.99974 8583.99999  2.19%  29.9  610s
 1164887 495263 8669.99999   54   50 8775.99974 8583.99999  2.19%  29.9  615s
 1174834 499615 8681.69477   57   65 8775.99974 8584.00000  2.19%  29.9  620s
 1185288 504426     cutoff   84      8775.99974 8584.42623  2.18%  29.9  625s

Cutting planes:
  Learned: 123
  Gomory: 187
  Cover: 30
  Implied bound: 27
  Projected implied bound: 5
  Clique: 4
  MIR: 43
  StrongCG: 5
  Flow cover: 103
  GUB cover: 1
  Zero half: 16
  Network: 1
  RLT: 54
  Relax-and-lift: 5

Explored 1190262 nodes (35566407 simplex iterations) in 627.22 seconds (720.65 work units)
Thread count was 8 (of 8 available processors)

Solution count 10: 8776 8776 8776 ... 8840

Solve interrupted
Best objective 8.775999741278e+03, best bound 8.584674610639e+03, gap 2.1801%

User-callback calls 2551430, time in user-callback 4.64 sec

Statistics for modelBWKS_medium_september:
  Linear constraint matrix    : 11243 Constrs, 4887 Vars, 50121 NZs
  Variable types              : 1358 Continuous,
3529 Integer (1331 Binary)
  Matrix coefficient range    : [ 1, 200 ]
  Objective coefficient range : [ 1, 396 ]
  Variable bound range        : [ 1, 199 ]
  RHS coefficient range       : [ 1, 549 ]
