
Gurobi 10.0.1 (mac64[arm]) logging started Mon Apr  1 05:26:13 2024

Set parameter LogFile to value "/Users/deniserings/Documents/zib/s-bahn-data/scripts/DeniseMA/processed/BWKS_medium_september/RENS/BWKS_medium_september_subMBP_random4_0.6_202403312233.log"
Gurobi Optimizer version 10.0.1 build v10.0.1rc0 (mac64[arm])

CPU model: Apple M2
Thread count: 8 physical cores, 8 logical processors, using up to 8 threads

Optimize a model with 10775 rows, 4887 columns and 49653 nonzeros
Model fingerprint: 0x6c1ae3a9
Variable types: 1358 continuous, 3529 integer (1331 binary)
Coefficient statistics:
  Matrix range     [1e+00, 2e+02]
  Objective range  [1e+00, 4e+02]
  Bounds range     [1e+00, 2e+02]
  RHS range        [1e+00, 5e+02]
Presolve removed 4476 rows and 1358 columns
Presolve time: 0.06s
Presolved: 6299 rows, 3529 columns, 33029 nonzeros
Variable types: 871 continuous, 2658 integer (2658 binary)

Root relaxation: objective 8.158000e+03, 2162 iterations, 0.03 seconds (0.05 work units)

    Nodes    |    Current Node    |     Objective Bounds      |     Work
 Expl Unexpl |  Obj  Depth IntInf | Incumbent    BestBd   Gap | It/Node Time

     0     0 8158.00000    0  238          - 8158.00000      -     -    0s
     0     0 8161.12034    0  333          - 8161.12034      -     -    0s
     0     0 8161.12034    0  345          - 8161.12034      -     -    0s
     0     0 8180.00000    0  345          - 8180.00000      -     -    0s
     0     0 8180.00000    0  317          - 8180.00000      -     -    0s
H    0     0                    10555.000000 8180.00000  22.5%     -    0s
     0     0 8180.00000    0  330 10555.0000 8180.00000  22.5%     -    0s
H    0     0                    10533.000000 8180.00000  22.3%     -    0s
     0     0 8180.00000    0  290 10533.0000 8180.00000  22.3%     -    0s
H    0     0                    10437.000000 8180.00000  21.6%     -    1s
H    0     0                    10429.000000 8180.00000  21.6%     -    1s
     0     0 8180.00000    0  149 10429.0000 8180.00000  21.6%     -    1s
     0     0 8180.00000    0  179 10429.0000 8180.00000  21.6%     -    1s
H    0     0                    10377.000000 8180.00000  21.2%     -    1s
     0     0 8180.00000    0  196 10377.0000 8180.00000  21.2%     -    1s
     0     0 8180.00000    0  217 10377.0000 8180.00000  21.2%     -    1s
H    0     0                    10372.000000 8180.00000  21.1%     -    1s
     0     0 8180.00000    0  173 10372.0000 8180.00000  21.1%     -    1s
     0     0 8180.00000    0  190 10372.0000 8180.00000  21.1%     -    1s
H    0     0                    9959.0000000 8180.00000  17.9%     -    1s
     0     0 8180.00000    0  176 9959.00000 8180.00000  17.9%     -    1s
     0     0 8180.00000    0  176 9959.00000 8180.00000  17.9%     -    1s
     0     2 8180.00000    0  176 9959.00000 8180.00000  17.9%     -    2s
H  158   166                    9941.0000000 8180.00000  17.7%  59.9    2s
H  159   166                    9933.0000000 8180.00000  17.6%  60.1    2s
H  171   174                    9700.0000000 8180.00000  15.7%  57.3    2s
H  197   206                    9679.0000000 8180.00000  15.5%  52.9    2s
H  201   206                    9674.0000000 8180.00000  15.4%  52.7    2s
H  205   214                    8874.0000000 8180.00000  7.82%  52.9    2s
H  278   260                    8855.0000000 8180.00000  7.62%  49.0    3s
* 1255  1025             152    8836.0000000 8180.00000  7.42%  30.0    3s
H 1402  1102                    8833.0000000 8180.00000  7.39%  29.4    4s
H 1407  1090                    8821.0000000 8180.00000  7.27%  29.4    4s
  1585  1253 8450.00000   30  141 8821.00000 8180.00000  7.27%  28.0    5s
H 1599  1198                    8820.0000000 8231.82579  6.67%  27.8    8s
H 1600  1139                    8814.0000000 8251.19092  6.39%  27.8    8s
H 1609  1087                    8811.0000000 8268.90290  6.15%  27.6    9s
  1617  1092 8450.00000    8  179 8811.00000 8282.95065  5.99%  27.5   10s
H 1620  1039                    8781.0000000 8284.32186  5.66%  27.4   10s
  1659  1066 8478.00000   15  198 8781.00000 8297.82109  5.50%  60.7   15s
  1688  1086 8450.00000   28  269 8781.00000 8308.67373  5.38%  59.7   20s
H 1697  1036                    8778.0000000 8310.01584  5.33%  59.4   21s
  1726  1057 8450.00000   19  166 8778.00000 8310.17403  5.33%  83.2   25s
H 1728  1004                    8776.0000000 8310.46275  5.30%  83.2   25s
  1762  1028 8644.00000   48  177 8776.00000 8310.46275  5.30%   101   30s
  5192  2934 8525.82609   97   81 8776.00000 8384.12020  4.47%  61.4   35s
 14062  9873 8480.19048   82  139 8776.00000 8441.43298  3.81%  41.8   40s
 23572 17367     cutoff   76      8776.00000 8458.00000  3.62%  37.3   45s
 29630 21118 8564.00000   86  176 8776.00000 8458.11968  3.62%  35.3   53s
 29637 21123 8565.00000   87  190 8776.00000 8458.11968  3.62%  35.3   55s
 29644 21127 8709.00000  100  223 8776.00000 8458.11968  3.62%  35.3   60s
 29655 21135 8522.00000   93  261 8776.00000 8458.11968  3.62%  35.3   65s
 29665 21141 8472.00000   63  276 8776.00000 8458.11968  3.62%  35.3   70s
 29673 21147 8584.00000  102  212 8776.00000 8458.11968  3.62%  35.2   75s
 29679 21151 8510.00000   65  234 8776.00000 8458.11968  3.62%  35.2   80s
 29718 21177 8637.36499   86  135 8776.00000 8458.11968  3.62%  35.2   85s
 29759 21204 8585.57808  114  168 8776.00000 8458.11968  3.62%  35.1   90s
 29794 21227 8562.00000   83  231 8776.00000 8458.11968  3.62%  35.1   95s
 29824 21247 8655.00000   80  170 8776.00000 8458.11968  3.62%  35.1  100s
 29860 21271 8564.00000  119  255 8776.00000 8458.11968  3.62%  35.0  105s
 29925 21321 8458.11968   62  198 8776.00000 8458.11968  3.62%  41.2  110s
 32787 22695 8719.00000  130   85 8776.00000 8458.11968  3.62%  41.1  115s
 39492 25574 8661.45455  107  143 8776.00000 8458.11968  3.62%  40.5  120s
 46829 28581 8627.00000   92  120 8776.00000 8458.11968  3.62%  40.3  125s
 54175 31646 8657.00000  103   82 8776.00000 8458.11968  3.62%  40.4  130s
 59684 34064 8652.39483  146   73 8776.00000 8458.11968  3.62%  40.8  135s
*67223 34914             211    8771.0000000 8458.11968  3.57%  40.7  139s
 67942 34916 8759.00000  158   46 8771.00000 8458.11968  3.57%  40.6  140s
 73956 37439 8482.36821   84  159 8771.00000 8458.11968  3.57%  40.5  145s
 80626 39296 8596.00000  103  111 8771.00000 8458.11968  3.57%  40.4  150s
 87819 42061 8531.33614   84  125 8771.00000 8458.11968  3.57%  40.4  155s
 95158 45958 8706.09981   77  180 8771.00000 8458.11968  3.57%  40.2  160s
 100582 49273 8498.88028   77  124 8771.00000 8458.11968  3.57%  40.3  165s
 106968 53536 8558.00000   80  120 8771.00000 8458.11968  3.57%  40.6  170s
 111730 56535 8474.81081   82  148 8771.00000 8458.11968  3.57%  40.8  175s
 117774 60191 8558.33333   84  117 8771.00000 8458.11968  3.57%  41.0  180s
 123307 63923 8569.59259   95   73 8771.00000 8458.11968  3.57%  41.0  185s
 128959 67356 8564.00000   90   74 8771.00000 8458.11968  3.57%  41.1  190s
 134313 70850 8643.70960   82  105 8771.00000 8458.11968  3.57%  41.3  195s
 140128 74431 8699.00000  112   84 8771.00000 8458.11968  3.57%  41.3  200s
 145967 78136     cutoff  122      8771.00000 8458.11968  3.57%  41.3  205s
 151201 81270 8701.00000  125   43 8771.00000 8458.11968  3.57%  41.4  210s
 157128 85082     cutoff  101      8771.00000 8458.11968  3.57%  41.1  215s
 163636 89003 8634.00000  115   74 8771.00000 8458.11968  3.57%  40.9  220s
 169470 92788 8618.16374   93  100 8771.00000 8458.11968  3.57%  40.8  225s
 175904 96830 8669.00000  100  108 8771.00000 8458.11968  3.57%  40.7  230s
 181639 100260 8748.80000  151   72 8771.00000 8458.11968  3.57%  40.6  235s
 186631 103563 8740.61035  146   59 8771.00000 8458.11968  3.57%  40.4  240s
 192863 107574 8510.07502   87  118 8771.00000 8458.11968  3.57%  40.4  245s
 197785 110629 8590.43098  102  119 8771.00000 8458.11968  3.57%  40.6  250s
 204891 114931 8493.55878   79  137 8771.00000 8458.11968  3.57%  40.5  255s
 210103 118046 8548.28571   85  140 8771.00000 8458.11968  3.57%  40.5  260s
 214360 120810 8478.05807   87  107 8771.00000 8458.11968  3.57%  40.5  265s
 220406 124561 8464.33899   85  132 8771.00000 8458.11968  3.57%  40.5  270s
 226923 128481 8471.36470   80  205 8771.00000 8458.11968  3.57%  40.4  275s
 232136 131350 8626.42006   91  130 8771.00000 8458.11968  3.57%  40.4  280s
 238401 135038     cutoff   87      8771.00000 8458.11968  3.57%  40.3  285s
 244420 138657 8496.07136   94  152 8771.00000 8458.11968  3.57%  40.3  290s
 250834 142446     cutoff  132      8771.00000 8458.11968  3.57%  40.2  295s
 257213 146320 8599.00000   87   92 8771.00000 8458.11968  3.57%  40.1  300s
 263045 149866 8564.16120   80  140 8771.00000 8458.11968  3.57%  40.0  305s
 269266 153634 8623.09786   95  154 8771.00000 8458.11968  3.57%  40.0  310s
 274243 157371 8492.92000   85  109 8771.00000 8458.11968  3.57%  40.0  315s
 280015 160620 8492.00000   80  174 8771.00000 8458.11968  3.57%  40.0  320s
 285256 163390 8492.55480   91  160 8771.00000 8458.11968  3.57%  40.3  325s
 290917 166522 8745.00000  116   47 8771.00000 8458.11968  3.57%  40.2  330s
 296977 170151     cutoff   91      8771.00000 8458.11968  3.57%  40.2  335s
 304264 174742 8708.00000  147   61 8771.00000 8458.11968  3.57%  40.0  340s
 307892 177018 8719.40864  122   92 8771.00000 8458.11968  3.57%  40.0  345s
 313543 180476 8494.79426   78  138 8771.00000 8458.11968  3.57%  39.9  350s
 320390 184639 8533.36104  106  119 8771.00000 8458.11968  3.57%  39.9  355s
 325373 187458 8706.00000  113   72 8771.00000 8458.11968  3.57%  39.9  360s
 332241 191705 8610.02839  101  119 8771.00000 8458.11968  3.57%  39.9  365s
 337741 195361 8506.00000   81  138 8771.00000 8458.11968  3.57%  39.8  370s
 344530 199555 8558.00000   99  124 8771.00000 8458.11968  3.57%  39.7  375s
 350786 203259 8552.00000   79  117 8771.00000 8458.11968  3.57%  39.6  380s
 355167 206089 8735.06667  154   74 8771.00000 8458.11968  3.57%  39.7  385s
 360934 210058 8458.11968   69  192 8771.00000 8458.11968  3.57%  39.7  390s
 366281 213093 8623.72220   67  133 8771.00000 8458.11968  3.57%  39.7  395s
 371466 216473 8530.96271   78  162 8771.00000 8458.11968  3.57%  39.7  400s
 375125 218829 8658.43094  101   76 8771.00000 8458.11968  3.57%  39.7  405s
 381335 222453 8459.65218   88  161 8771.00000 8458.11968  3.57%  39.7  410s
 387529 226463 8472.11929   89  156 8771.00000 8458.11968  3.57%  39.7  415s
 393492 230216 8698.32990  108   64 8771.00000 8458.11968  3.57%  39.7  420s
 399416 233763 8478.23670   80   89 8771.00000 8458.11968  3.57%  39.6  425s
 404069 236587     cutoff   83      8771.00000 8458.11968  3.57%  39.7  430s
 408836 239726 8657.45679   68  206 8771.00000 8458.11968  3.57%  39.9  436s
 413577 242250     cutoff   86      8771.00000 8458.11968  3.57%  40.0  440s
 417847 244736 8482.67500   82  129 8771.00000 8458.12760  3.57%  40.0  445s
 423705 248150 8461.15534   80  205 8771.00000 8458.82640  3.56%  40.1  451s
 428302 251095 8459.21786   82  180 8771.00000 8459.21786  3.55%  40.2  456s
 432961 254010 8621.04575   81  177 8771.00000 8459.21786  3.55%  40.3  461s
 436367 256041 8493.21786   74  184 8771.00000 8459.21786  3.55%  40.4  465s
 441409 258866 infeasible   97      8771.00000 8459.21786  3.55%  40.4  470s
 446459 262254 8608.00000  108  115 8771.00000 8459.21786  3.55%  40.5  475s
 451775 265379 8617.76496   77  165 8771.00000 8459.21786  3.55%  40.5  481s
 455181 267424 8472.00000   93  111 8771.00000 8459.21786  3.55%  40.6  485s
 460337 270477 8713.27273  156   73 8771.00000 8459.21786  3.55%  40.6  490s
 465171 273557 8459.21786   82  196 8771.00000 8459.21786  3.55%  40.6  495s
 470367 276894 8526.84888  110  127 8771.00000 8459.21786  3.55%  40.7  500s
 474725 279626 8509.21786   84  145 8771.00000 8459.21786  3.55%  40.7  505s
 479596 282561 infeasible  101      8771.00000 8459.21786  3.55%  40.7  510s
 484428 285424 8546.02868   67  171 8771.00000 8459.21786  3.55%  40.7  516s
 489272 288669 8491.74892   88  159 8771.00000 8459.21786  3.55%  40.8  521s
 493123 290872     cutoff   96      8771.00000 8459.21786  3.55%  40.8  525s
 498360 294104     cutoff  116      8771.00000 8459.21786  3.55%  40.9  530s
 503267 297098 8566.00000  113   75 8771.00000 8459.21786  3.55%  40.9  535s
 508147 299615 8645.50194   85  135 8771.00000 8459.21786  3.55%  40.9  540s
 513138 302438 8459.21786   78  223 8771.00000 8459.21786  3.55%  41.0  546s
 517138 304507 8692.06667  165   63 8771.00000 8459.21786  3.55%  41.0  551s
 519845 306582 8466.06410   92  112 8771.00000 8459.21786  3.55%  41.0  555s
 525038 309616 8572.97107   88  145 8771.00000 8459.21786  3.55%  41.1  560s
 529855 312620 8558.44800   87  137 8771.00000 8459.21786  3.55%  41.1  565s
 534785 315322 infeasible   86      8771.00000 8459.21786  3.55%  41.2  571s
 539664 318306     cutoff   89      8771.00000 8459.21786  3.55%  41.2  575s
 544001 320759 8590.00000   96  128 8771.00000 8459.21786  3.55%  41.2  580s
 548643 323698     cutoff  121      8771.00000 8459.21786  3.55%  41.3  586s
 553620 326536 8551.21786   99  147 8771.00000 8459.21786  3.55%  41.3  591s
*556447 324955             206    8767.0000000 8459.21786  3.51%  41.3  593s
 557121 325425 8692.07500   86  118 8767.00000 8459.21786  3.51%  41.3  595s
 562147 328425 8506.40174   85  168 8767.00000 8459.21786  3.51%  41.4  600s
 567276 331152 8601.00000  104  122 8767.00000 8459.21786  3.51%  41.4  605s
 572098 334157 8518.07500   79  171 8767.00000 8459.21786  3.51%  41.4  610s
 577367 337506 8546.21786   78  143 8767.00000 8459.21786  3.51%  41.4  616s
 581918 340380     cutoff   89      8767.00000 8459.21786  3.51%  41.4  621s
 587335 343404 8618.00000   97  111 8767.00000 8459.21786  3.51%  41.4  626s
 590614 345376 8572.40506   86  141 8767.00000 8459.21786  3.51%  41.5  630s
 595128 348050 8705.65312  107  161 8767.00000 8459.21786  3.51%  41.5  635s
 600257 351063 8479.21786   79  195 8767.00000 8459.21786  3.51%  41.5  640s
 605141 354009 8654.00000  118   76 8767.00000 8459.21786  3.51%  41.5  646s
 610018 357064 infeasible  137      8767.00000 8459.21786  3.51%  41.6  651s
 613596 359276 8574.90141  104   98 8767.00000 8459.21786  3.51%  41.6  655s
 619067 362577 8460.33627   91  189 8767.00000 8459.21786  3.51%  41.6  660s
 623813 365027 8595.92313   76  168 8767.00000 8459.21786  3.51%  41.6  665s
 628824 367652 8669.09143   96  123 8767.00000 8459.22153  3.51%  41.6  670s
H630061 368170                    8766.9999630 8459.22153  3.51%  41.6  671s
 633479 370264 infeasible  132      8766.99996 8459.24994  3.51%  41.6  675s
 638462 373211 8550.77551  114  123 8766.99996 8459.24994  3.51%  41.7  681s
 643230 375919 8566.07500   95  118 8766.99996 8459.24994  3.51%  41.7  686s
 646877 377822 8558.60243   81  151 8766.99996 8459.24994  3.51%  41.7  690s
 652025 380442 8551.21786   73  155 8766.99996 8459.28196  3.51%  41.7  695s
 656782 383457 8721.50000  139   81 8766.99996 8459.32234  3.51%  41.8  700s
 661336 385925     cutoff  100      8766.99996 8459.32234  3.51%  41.8  705s
 666412 388550 8511.27054   74  203 8766.99996 8459.34395  3.51%  41.8  710s
H666605 387803                    8766.0000000 8459.34395  3.50%  41.8  710s
 670588 390576 8471.24553   85  170 8766.00000 8459.34395  3.50%  41.8  715s
 675140 393651 8472.55269   89  143 8766.00000 8459.35553  3.50%  41.8  720s
 680490 396928     cutoff  138      8766.00000 8459.39339  3.50%  41.8  725s
 685499 399699     cutoff   96      8766.00000 8459.40833  3.50%  41.8  730s
 690257 402794 8545.40833   90  151 8766.00000 8459.40833  3.50%  41.8  735s
 695098 405698 8608.00000  100  106 8766.00000 8459.40833  3.50%  41.9  741s
 698793 408023 8459.40833   71  204 8766.00000 8459.40833  3.50%  41.9  745s
 703622 410512 8545.44042   81  157 8766.00000 8459.40833  3.50%  41.9  750s
 708445 413535     cutoff  101      8766.00000 8459.40833  3.50%  41.9  755s
 713293 416591 8671.10017   94  146 8766.00000 8459.40833  3.50%  42.0  760s
 715953 420741 8622.50703   93  150 8766.00000 8459.40833  3.50%  42.0  769s
 721282 421195 8735.00000  102   45 8766.00000 8459.40833  3.50%  42.0  770s
 724749 423330 8541.33333   93  148 8766.00000 8459.40833  3.50%  42.1  775s
 727635 425015 8548.14667   77  162 8766.00000 8459.40833  3.50%  42.1  780s
 732650 427645 8632.07500  105   99 8766.00000 8459.40833  3.50%  42.1  786s
 736515 429907 8499.38564   82  140 8766.00000 8459.40833  3.50%  42.1  790s
 741063 432415 8612.72404   94  141 8766.00000 8459.40833  3.50%  42.2  795s
 746433 435303 8617.06061   88  125 8766.00000 8459.40833  3.50%  42.2  800s
 750117 437742 infeasible   78      8766.00000 8459.40833  3.50%  42.2  805s
 754989 440536 8460.70058   92  188 8766.00000 8459.44042  3.50%  42.2  810s
 759819 443129     cutoff  134      8766.00000 8459.44621  3.50%  42.3  816s
 764629 445740 8612.00000   91  115 8766.00000 8459.49059  3.50%  42.3  821s
 768106 447571     cutoff   94      8766.00000 8459.51939  3.50%  42.3  825s
 773400 450490 8472.05772   97  192 8766.00000 8459.56356  3.50%  42.3  830s
 778636 453438 8686.00000  114  139 8766.00000 8459.64312  3.49%  42.3  836s
 781964 455134 8744.00000  110   75 8766.00000 8459.67500  3.49%  42.3  840s
 787188 458132 8592.63965   95  128 8766.00000 8459.75377  3.49%  42.3  845s
 792602 461146 8617.00000  106   59 8766.00000 8459.83948  3.49%  42.3  850s
 797273 463824 8728.00000  123   82 8766.00000 8459.91701  3.49%  42.3  855s
 801595 467011     cutoff   93      8766.00000 8459.98189  3.49%  42.3  860s
 806879 470031 8475.17494   78  171 8766.00000 8460.03652  3.49%  42.3  865s
 810792 472271 8592.22404  145   59 8766.00000 8460.07500  3.49%  42.4  870s
 815715 475037 8713.20270  162  100 8766.00000 8460.07500  3.49%  42.4  876s
 819441 477125 8681.00000  156   52 8766.00000 8460.07500  3.49%  42.4  880s
 823056 478659 8483.15923  105  134 8766.00000 8460.07500  3.49%  42.5  885s
 826832 480555 8621.18617   91  159 8766.00000 8460.07500  3.49%  42.5  890s
 830450 482352 8553.50335   90  167 8766.00000 8460.07500  3.49%  42.6  895s
 836286 485416 8704.00000  148   43 8766.00000 8460.08167  3.49%  42.6  900s
 839645 487492 8499.19650   82  210 8766.00000 8460.10257  3.49%  42.6  905s
 844914 490052 infeasible   92      8766.00000 8460.14361  3.49%  42.7  910s
 849491 491733 8464.72066   78  169 8766.00000 8460.16154  3.49%  42.7  915s
 851209 495070 8483.45700   95  201 8766.00000 8460.17962  3.49%  42.7  923s
 855929 495863 8751.10652  166   70 8766.00000 8460.20396  3.49%  42.7  925s
 861264 499001 8556.37702  123  111 8766.00000 8460.23183  3.49%  42.7  930s
 866694 502339 8654.00000  101   81 8766.00000 8460.25227  3.49%  42.7  936s
 870573 504456 8616.00000  103   61 8766.00000 8460.29345  3.49%  42.7  940s
 875544 507478 8532.16896  100  148 8766.00000 8460.36090  3.49%  42.7  945s
 880418 510096 8625.60000   88  142 8766.00000 8460.42231  3.49%  42.7  951s
 885267 512793 8491.92090   81  177 8766.00000 8460.46604  3.49%  42.7  956s
 888921 514989 8524.07500   80  105 8766.00000 8460.51998  3.48%  42.7  960s
 893860 517664 8473.16154   92  156 8766.00000 8460.58260  3.48%  42.7  965s
 898939 520885 8473.90297  101  205 8766.00000 8460.66907  3.48%  42.7  970s
 903882 523858 8760.00000  103   61 8766.00000 8460.71976  3.48%  42.7  975s
 908418 526580     cutoff   85      8766.00000 8460.78884  3.48%  42.7  980s
 913341 528962 8729.00000  119   55 8766.00000 8460.83448  3.48%  42.7  985s
 918016 531795 8679.68000   85  171 8766.00000 8460.87500  3.48%  42.7  991s
 921614 534014 8619.34332  107   85 8766.00000 8460.90778  3.48%  42.8  995s
 926856 536788 8553.95077  109  106 8766.00000 8460.96542  3.48%  42.8 1001s
 930304 538688 8513.63148   98  121 8766.00000 8461.00739  3.48%  42.8 1005s
 935714 541690 8650.00000   98   98 8766.00000 8461.07704  3.48%  42.8 1010s
 939714 544086 8659.10160   82  175 8766.00000 8461.15659  3.48%  42.8 1016s
 943780 545821 8653.91124   99  171 8766.00000 8461.21786  3.48%  42.8 1020s
 948953 548466 8489.01553   87  168 8766.00000 8461.29887  3.48%  42.8 1026s
 952743 550769 8669.74813  112   98 8766.00000 8461.37110  3.48%  42.8 1030s
 957776 553645 8461.65096   85  173 8766.00000 8461.46049  3.47%  42.8 1035s
 962227 555718 8602.81365   99  172 8766.00000 8461.51222  3.47%  42.8 1040s
 966707 558497 8608.57618  113  109 8766.00000 8461.61363  3.47%  42.8 1045s
 971753 560984 8638.00000  118  101 8766.00000 8461.70017  3.47%  42.8 1050s
 976557 563587 8644.07500   84  116 8766.00000 8461.79392  3.47%  42.8 1056s
 981554 565879 8566.93331   91  211 8766.00000 8461.88889  3.47%  42.8 1061s
 985751 568548 8654.00000  108   85 8766.00000 8462.00000  3.47%  42.8 1066s
 989683 571230 8468.01206   71  203 8766.00000 8462.01099  3.47%  42.8 1070s
 994858 574543 8714.46875   72  130 8766.00000 8462.01206  3.47%  42.8 1075s
 998456 576944 8529.37432   88  138 8766.00000 8462.01206  3.47%  42.8 1080s
 1003272 579702 infeasible  113      8766.00000 8462.01206  3.47%  42.8 1085s
 1008112 582345 8631.56557   89  110 8766.00000 8462.03962  3.47%  42.9 1090s
 1011660 584409 8666.00000  146   28 8766.00000 8462.04409  3.47%  42.9 1095s
 1016236 586747 8500.81537   88  147 8766.00000 8462.06097  3.47%  42.9 1100s
 1020052 588774 8551.19430   83  183 8766.00000 8462.06113  3.47%  43.0 1105s
 1024262 591272 8562.00086  113   97 8766.00000 8462.07500  3.47%  43.0 1110s
 1027756 593166 8468.69116  100  155 8766.00000 8462.07500  3.47%  43.0 1115s
 1033106 596590 8607.08000   81  133 8766.00000 8462.09655  3.47%  43.0 1120s
 1037547 598918 8467.25245   79  210 8766.00000 8462.09860  3.47%  43.0 1126s
 1041342 600989     cutoff   79      8766.00000 8462.09860  3.47%  43.0 1130s
 1046055 603856 8640.00000   88   71 8766.00000 8462.09875  3.47%  43.1 1136s
 1050154 606600 8478.00000  100   85 8766.00000 8462.09875  3.47%  43.1 1140s
 1055643 609641 8705.15942  110   88 8766.00000 8462.10709  3.47%  43.1 1145s
 1059472 611505 8567.42898  105   71 8766.00000 8462.11319  3.47%  43.1 1150s
 1063630 613866 8564.00000   81  151 8766.00000 8462.12664  3.47%  43.1 1155s
 1068135 616559 8532.00000   97  126 8766.00000 8462.17112  3.47%  43.1 1161s
 1071910 618543 8462.26808   85  190 8766.00000 8462.23297  3.47%  43.1 1165s
 1077075 620995 8549.85067   83  153 8766.00000 8462.32035  3.46%  43.1 1171s
 1082346 623964 8714.00000  106   67 8766.00000 8462.42930  3.46%  43.0 1176s
 1085686 626026 infeasible   81      8766.00000 8462.51539  3.46%  43.0 1180s
 1090652 628905 8473.07797   76  183 8766.00000 8462.58406  3.46%  43.0 1185s
 1095760 631725 8714.00000  122   36 8766.00000 8462.65822  3.46%  43.0 1190s
 1100769 634178 8589.00000  110   76 8766.00000 8462.75328  3.46%  43.0 1195s
 1105235 636928 8533.95402   91  128 8766.00000 8462.88863  3.46%  43.0 1201s
 1109469 639235 8734.00000  144   64 8766.00000 8462.97928  3.46%  43.0 1205s
 1114644 642194 8559.00779  103  133 8766.00000 8463.04066  3.46%  43.0 1210s
 1119665 644974 8562.00000  107   59 8766.00000 8463.20159  3.45%  43.0 1216s
 1124156 647292 8518.42241   94  147 8766.00000 8463.33538  3.45%  43.0 1221s
 1127896 649343     cutoff  107      8766.00000 8463.42167  3.45%  43.0 1225s
 1133069 651619 8488.50717   82  144 8766.00000 8463.52476  3.45%  43.0 1230s
 1137937 654187 8490.14286   85  142 8766.00000 8463.64483  3.45%  43.0 1235s
 1142914 656965 8706.00000  136   60 8766.00000 8463.78390  3.45%  43.0 1241s
 1146741 659165 8676.07500  100  135 8766.00000 8463.86516  3.45%  43.0 1245s
 1151772 661541 8628.46838   85  124 8766.00000 8463.95918  3.45%  42.9 1250s
 1156048 664560 8471.33333   77  171 8766.00000 8464.00000  3.45%  43.0 1256s
 1159562 666765 8651.39525   75  145 8766.00000 8464.00000  3.45%  43.0 1260s
H1160933 666872                    8765.9999966 8464.00000  3.45%  43.0 1262s
 1161789 668186 8600.44327  101  130 8766.00000 8464.00000  3.45%  43.0 1265s
 1165041 670163 8465.63203   77  160 8766.00000 8464.00000  3.45%  43.1 1270s
 1170106 673470 8683.72220   75  184 8766.00000 8464.00000  3.45%  43.1 1276s
 1174130 675870 8704.55744   99   89 8766.00000 8464.00933  3.45%  43.1 1281s
 1177991 678286 8650.13033   78  139 8766.00000 8464.01099  3.45%  43.2 1285s
 1182922 680894 8484.02155   81  145 8766.00000 8464.02155  3.44%  43.2 1290s
 1187159 683380 8612.18769  101  107 8766.00000 8464.03209  3.44%  43.3 1296s
 1190963 685208 8564.00000   91   58 8766.00000 8464.05011  3.44%  43.3 1300s
 1195448 688226 8670.14502  103   75 8766.00000 8464.07500  3.44%  43.3 1306s
 1199429 690856 8630.88071   80  144 8766.00000 8464.07500  3.44%  43.3 1310s

Cutting planes:
  Learned: 211
  Gomory: 73
  Cover: 722
  Implied bound: 65
  Clique: 11
  MIR: 1021
  StrongCG: 43
  Flow cover: 3305
  GUB cover: 21
  Inf proof: 10
  Zero half: 285
  Network: 8
  RLT: 155
  Relax-and-lift: 52
  BQP: 1

Explored 1201838 nodes (52053996 simplex iterations) in 1311.43 seconds (1623.72 work units)
Thread count was 8 (of 8 available processors)

Solution count 10: 8766 8766 8767 ... 8814

Solve interrupted
Best objective 8.765999996625e+03, best bound 8.464075000000e+03, gap 3.4443%

User-callback calls 2728150, time in user-callback 5.78 sec

Statistics for modelBWKS_medium_september:
  Linear constraint matrix    : 10775 Constrs, 4887 Vars, 49653 NZs
  Variable types              : 1358 Continuous,
3529 Integer (1331 Binary)
  Matrix coefficient range    : [ 1, 200 ]
  Objective coefficient range : [ 1, 396 ]
  Variable bound range        : [ 1, 199 ]
  RHS coefficient range       : [ 1, 549 ]
