
Gurobi 10.0.1 (mac64[arm]) logging started Mon Apr  1 04:27:08 2024

Set parameter LogFile to value "/Users/deniserings/Documents/zib/s-bahn-data/scripts/DeniseMA/processed/BWKS_medium_september/RENS/BWKS_medium_september_subMBP_random0_0.6_202403312233.log"
Gurobi Optimizer version 10.0.1 build v10.0.1rc0 (mac64[arm])

CPU model: Apple M2
Thread count: 8 physical cores, 8 logical processors, using up to 8 threads

Optimize a model with 10775 rows, 4887 columns and 49653 nonzeros
Model fingerprint: 0x2b5c6eb6
Variable types: 1358 continuous, 3529 integer (1331 binary)
Coefficient statistics:
  Matrix range     [1e+00, 2e+02]
  Objective range  [1e+00, 4e+02]
  Bounds range     [1e+00, 2e+02]
  RHS range        [1e+00, 5e+02]
Presolve removed 4539 rows and 1371 columns
Presolve time: 0.06s
Presolved: 6236 rows, 3516 columns, 32799 nonzeros
Variable types: 866 continuous, 2650 integer (2650 binary)

Root relaxation: objective 8.158000e+03, 2279 iterations, 0.03 seconds (0.05 work units)

    Nodes    |    Current Node    |     Objective Bounds      |     Work
 Expl Unexpl |  Obj  Depth IntInf | Incumbent    BestBd   Gap | It/Node Time

     0     0 8158.00000    0  225          - 8158.00000      -     -    0s
     0     0 8159.71033    0  348          - 8159.71033      -     -    0s
     0     0 8159.71033    0  311          - 8159.71033      -     -    0s
     0     0 8170.41001    0  322          - 8170.41001      -     -    0s
H    0     0                    10443.000000 8170.41001  21.8%     -    0s
     0     0 8170.41001    0  315 10443.0000 8170.41001  21.8%     -    0s
     0     0 8172.66000    0  322 10443.0000 8172.66000  21.7%     -    0s
     0     0 8172.66000    0  320 10443.0000 8172.66000  21.7%     -    0s
     0     0 8179.67032    0  333 10443.0000 8179.67032  21.7%     -    0s
     0     0 8179.67032    0  333 10443.0000 8179.67032  21.7%     -    0s
     0     0 8179.67032    0  316 10443.0000 8179.67032  21.7%     -    0s
     0     0 8179.67032    0  305 10443.0000 8179.67032  21.7%     -    0s
     0     0 8179.67032    0  197 10443.0000 8179.67032  21.7%     -    1s
     0     0 8179.67032    0  189 10443.0000 8179.67032  21.7%     -    1s
H    0     0                    10414.000000 8179.67032  21.5%     -    1s
H    0     0                    10176.000000 8179.67032  19.6%     -    1s
     0     0 8179.67032    0  184 10176.0000 8179.67032  19.6%     -    1s
H    0     0                    10170.000000 8179.67032  19.6%     -    1s
     0     0 8179.67032    0  239 10170.0000 8179.67032  19.6%     -    1s
H    0     0                    10169.000000 8179.67032  19.6%     -    1s
H    0     0                    10167.000000 8179.67032  19.5%     -    1s
H    0     0                    10096.000000 8179.67032  19.0%     -    1s
H    0     0                    10079.000000 8179.67032  18.8%     -    1s
     0     0 8179.67032    0  205 10079.0000 8179.67032  18.8%     -    1s
     0     0 8179.67032    0  215 10079.0000 8179.67032  18.8%     -    1s
H    0     0                    10054.000000 8179.67032  18.6%     -    1s
H    0     0                    10023.000000 8179.67032  18.4%     -    1s
     0     0 8179.67032    0  173 10023.0000 8179.67032  18.4%     -    1s
     0     0 8179.67032    0  198 10023.0000 8179.67032  18.4%     -    1s
H    0     0                    10022.000000 8179.67032  18.4%     -    2s
H    0     0                    9915.0000000 8179.67032  17.5%     -    2s
     0     0 8179.67032    0  171 9915.00000 8179.67032  17.5%     -    2s
     0     0 8179.67032    0  171 9915.00000 8179.67032  17.5%     -    2s
     0     2 8179.67032    0  118 9915.00000 8179.67032  17.5%     -    2s
H   13    16                    9535.0000000 8179.67032  14.2%   169    2s
H   83    87                    9515.0000000 8179.67032  14.0%  61.6    2s
H  134   141                    9496.0000000 8179.67032  13.9%  45.7    2s
H  170   175                    9491.0000000 8179.67032  13.8%  40.9    2s
H  172   175                    9471.0000000 8179.67032  13.6%  41.0    2s
H  205   208                    9442.0000000 8179.67032  13.4%  37.3    3s
H  208   208                    9388.0000000 8179.67032  12.9%  37.0    3s
H  413   400                    9382.0000000 8179.67032  12.8%  28.1    3s
H  416   400                    9143.0000000 8179.67032  10.5%  27.9    3s
H 1186  1129                    9135.0000000 8179.67032  10.5%  20.8    3s
H 1229  1017                    8898.0000000 8179.67032  8.07%  20.8    3s
H 1505  1232                    8895.0000000 8179.67032  8.04%  20.4    4s
  1509  1235 8286.00000   18  208 8895.00000 8179.67032  8.04%  20.3    5s
H 1535  1188                    8891.0000000 8211.19864  7.65%  20.0    7s
  1551  1199 8562.10989   99  184 8891.00000 8231.84657  7.41%  19.8   10s
H 1559  1143                    8890.0000000 8233.36361  7.39%  19.7   10s
H 1560  1086                    8880.0000000 8234.53843  7.27%  19.6   11s
H 1562  1032                    8811.0000000 8234.56800  6.54%  19.6   11s
H 1592   998                    8803.0000000 8236.32704  6.44%  19.2   12s
  1611  1012 8738.01789   70  203 8803.00000 8236.35344  6.44%  48.9   15s
H 1646   982                    8799.0000000 8248.91739  6.25%  47.9   19s
  1658   991 8411.93182   19  168 8799.00000 8248.91739  6.25%  73.9   20s
  1701  1021 8531.01789   36  171 8799.00000 8253.18705  6.20%  93.6   25s
  1737  1046 8536.00000   10  194 8799.00000 8253.80920  6.20%   109   30s
  2565  1580 8478.00000  120   76 8799.00000 8360.93693  4.98%  94.3   35s
H 4386  2326                    8793.0000000 8361.04370  4.91%  68.0   36s
  9246  6104 8465.70421   86  157 8793.00000 8390.20603  4.58%  47.0   40s
 17667 11993 8745.00000  190   51 8793.00000 8450.06573  3.90%  40.2   45s
H17721 11983                    8792.0000000 8450.06573  3.89%  40.2   45s
*19831 14055             208    8778.0000000 8450.06573  3.74%  38.9   47s
 24147 16846 8466.00000   79  184 8778.00000 8450.06573  3.74%  38.3   50s
 29209 19899 8466.00000   98  171 8778.00000 8450.06573  3.74%  37.1   60s
 29224 19909 8568.84466  106  144 8778.00000 8450.06573  3.74%  37.1   65s
H29227 18915                    8776.0000000 8450.06573  3.71%  37.1   68s
 29230 18917 8560.00000  107  244 8776.00000 8450.06573  3.71%  37.1   70s
 29237 18922 8699.00000  107  182 8776.00000 8450.06573  3.71%  37.1   75s
 29243 18926 8578.58341  114  258 8776.00000 8450.06573  3.71%  37.1   80s
 29248 18929 8713.07619  154  185 8776.00000 8450.06573  3.71%  37.1   85s
 29254 18933 8742.00000   99  246 8776.00000 8450.06573  3.71%  37.1   90s
 29295 18960 8708.00000  124  265 8776.00000 8450.06573  3.71%  37.0   95s
 29342 18992 8656.86747   99  163 8776.00000 8450.06573  3.71%  36.9  100s
 29440 19063 8450.06573   87  176 8776.00000 8450.06573  3.71%  40.9  105s
 32031 20327 8565.09231  105  130 8776.00000 8450.06573  3.71%  41.2  110s
 38268 22648 8699.28554  127   62 8776.00000 8450.06573  3.71%  40.7  115s
 44083 24478 8558.00000  110  104 8776.00000 8450.06573  3.71%  40.5  120s
 51888 26992 8472.00000  111  114 8776.00000 8450.06573  3.71%  40.6  125s
 57919 28227 infeasible  104      8776.00000 8450.06573  3.71%  40.8  130s
 65737 30853 8521.35596  108  121 8776.00000 8450.06573  3.71%  40.8  135s
 73477 33376 8596.00000  109   86 8776.00000 8460.93023  3.59%  40.5  140s
 78629 34829 8473.73827  109  145 8776.00000 8461.04543  3.59%  40.4  145s
 85889 37047 8466.00000   93  182 8776.00000 8461.75270  3.58%  40.3  150s
 92378 40544 8596.00000  110  118 8776.00000 8461.75270  3.58%  40.3  155s
 98936 44451 8771.00000  133   53 8776.00000 8462.13065  3.58%  40.1  160s
 105148 48157 8760.00000  168    6 8776.00000 8462.24413  3.58%  40.0  165s
 110426 51395     cutoff  159      8776.00000 8462.24413  3.58%  39.9  170s
 116881 55691 8561.18658  116  150 8776.00000 8462.51548  3.57%  39.8  175s
 124185 59749 8754.00000  120   85 8776.00000 8463.14642  3.56%  39.5  180s
 127463 61451 8691.23000  104  146 8776.00000 8464.05825  3.55%  39.6  185s
 134166 65492 8568.00000  116  117 8776.00000 8464.68578  3.55%  39.5  190s
 139980 68991 8567.21429  114   73 8776.00000 8464.70260  3.55%  39.3  195s
 145545 72543 8494.84640  111  171 8776.00000 8464.70609  3.55%  39.4  200s
 151790 75939 8573.07509   98  165 8776.00000 8464.80130  3.55%  39.3  206s
 158150 79770 8544.84640  103  166 8776.00000 8464.80130  3.55%  39.3  210s
 162951 82739 8729.20408  131   87 8776.00000 8464.80130  3.55%  39.2  215s
H169509 85962                    8771.0000000 8464.80130  3.49%  39.1  220s
 175299 89443 8519.80130   99  127 8771.00000 8464.80130  3.49%  39.1  225s
 180396 92249     cutoff  125      8771.00000 8464.84640  3.49%  39.1  230s
 185766 95235 8757.00000  133   40 8771.00000 8464.84640  3.49%  39.2  235s
 191256 98493 8467.87364  114  139 8771.00000 8464.84640  3.49%  39.2  240s
 197744 102059 8484.84640  108  122 8771.00000 8464.84640  3.49%  39.2  245s
 203899 105421 8577.23621  109  112 8771.00000 8464.84640  3.49%  39.3  251s
 208650 108333 8741.00000  144   38 8771.00000 8464.84640  3.49%  39.4  255s
 215028 111935 8560.32589  106  139 8771.00000 8464.84640  3.49%  39.4  260s
 219563 114667 infeasible  103      8771.00000 8464.84640  3.49%  39.5  265s
 226005 118117 infeasible  121      8771.00000 8464.84640  3.49%  39.5  271s
 230853 120856 8671.00000  148   61 8771.00000 8464.88030  3.49%  39.5  275s
 237118 124395 8500.97461  108  143 8771.00000 8464.90114  3.49%  39.5  280s
 242200 127162     cutoff  133      8771.00000 8464.90114  3.49%  39.6  285s
 246889 129325 8769.00000  142   53 8771.00000 8464.91737  3.49%  39.5  290s
 252732 132181 8652.94625  120  155 8771.00000 8464.92726  3.49%  39.7  295s
 257895 135145 8639.18229  106  133 8771.00000 8464.93943  3.49%  39.8  300s
 263228 138054 8714.00000  136   47 8771.00000 8464.94625  3.49%  39.9  305s
 268999 141047 8590.94625  107  143 8771.00000 8464.94625  3.49%  39.9  311s
 273841 143613 8686.00088  133   69 8771.00000 8464.94625  3.49%  40.0  315s
 278882 146307 8467.30276  110  176 8771.00000 8464.94625  3.49%  40.1  320s
 283882 148797 8670.74312  126  100 8771.00000 8464.94625  3.49%  40.1  325s
 290148 152039 infeasible  112      8771.00000 8464.98050  3.49%  40.2  331s
 294742 154454 8466.89190  116  185 8771.00000 8465.02814  3.49%  40.2  336s
 299905 157061 8551.03928  112  128 8771.00000 8465.03928  3.49%  40.3  340s
 304793 159471 8562.16425  110  134 8771.00000 8465.09704  3.49%  40.4  345s
H306064 158921                    8767.0000000 8465.13063  3.44%  40.4  346s
 309737 160933     cutoff  125      8767.00000 8465.21571  3.44%  40.4  350s
 312829 162837 8512.00440  115  157 8767.00000 8465.31043  3.44%  40.4  355s
H313289 160909                    8762.0000000 8465.31043  3.39%  40.4  355s
 318141 163620 8744.84640  113  110 8762.00000 8465.48673  3.38%  40.5  360s
 324078 166593 8534.03256  113  136 8762.00000 8465.88244  3.38%  40.5  366s
 328594 169283 8472.79111  112  168 8762.00000 8466.00000  3.38%  40.6  371s
 334804 172048 8692.20000  113   88 8762.00000 8466.00000  3.38%  40.6  376s
 339826 175043 8760.00000  126   42 8762.00000 8466.00000  3.38%  40.6  380s
 342657 178572 8466.00000   94  145 8762.00000 8466.00000  3.38%  40.6  387s
 349910 181106 8492.30342  115  159 8762.00000 8466.00000  3.38%  40.7  390s
 355044 183864 8500.08643  100  159 8762.00000 8466.00000  3.38%  40.7  395s
 361818 187794 8547.66906  120  134 8762.00000 8466.00000  3.38%  40.7  400s
 366917 190715 8584.00000  120  105 8762.00000 8466.00000  3.38%  40.7  405s
 372770 193802 8703.37544  119  137 8762.00000 8466.00000  3.38%  40.8  410s
 377581 196252 8674.00000  117   51 8762.00000 8466.00000  3.38%  40.8  415s
 382967 199037 8587.00000  111  106 8762.00000 8466.00000  3.38%  40.8  420s
 387059 201458 8607.40275  112   96 8762.00000 8466.00000  3.38%  40.9  425s
 393222 205075 8599.00000  110   98 8762.00000 8466.00000  3.38%  40.9  430s
 399392 208594 8548.76454  122   89 8762.00000 8466.00000  3.38%  40.9  436s
 404297 211413 8571.28883  125  107 8762.00000 8466.00000  3.38%  40.9  440s
 410662 215274 8472.00000  111  103 8762.00000 8466.00000  3.38%  40.9  445s
 415479 217978 8747.42981  155   63 8762.00000 8466.00000  3.38%  40.9  450s
 421549 221407 8555.17526  132   61 8762.00000 8466.00000  3.38%  41.0  455s
 426470 224087 8466.00000   94  131 8762.00000 8466.00000  3.38%  41.0  460s
 432492 227634 8572.00000  112  127 8762.00000 8466.00000  3.38%  41.0  465s
 436601 229960 8466.00000  102  128 8762.00000 8466.00000  3.38%  41.0  471s
 442126 232581 8669.68951  116  115 8762.00000 8466.00000  3.38%  41.1  476s
 446851 235657 8490.66667  101  155 8762.00000 8466.00000  3.38%  41.1  481s
 451780 238396 8736.00000  122   60 8762.00000 8466.00000  3.38%  41.1  485s
 456933 241704 8600.72651  111  116 8762.00000 8466.00000  3.38%  41.1  490s
 462984 245405 8466.00000  104  155 8762.00000 8466.00000  3.38%  41.1  495s
 468100 248245 8640.00000  137   66 8762.00000 8466.00000  3.38%  41.1  500s
 473817 251489 8466.00000   98  105 8762.00000 8466.00000  3.38%  41.1  505s
 478354 254153 8644.72641  105  151 8762.00000 8466.00000  3.38%  41.1  511s
 483245 256619 8706.40249  110  129 8762.00000 8466.00000  3.38%  41.1  515s
 488875 260132 8657.00000  168   42 8762.00000 8466.00000  3.38%  41.1  520s
 493983 263000 8736.00000  130   55 8762.00000 8466.00000  3.38%  41.1  525s
 499950 266326 8651.42424  121   99 8762.00000 8466.00000  3.38%  41.1  531s
 505213 269339 infeasible  114      8762.00000 8466.00000  3.38%  41.1  535s
 508073 272095 infeasible  109      8762.00000 8466.00000  3.38%  41.1  542s
 514430 274522 8552.00000  116  128 8762.00000 8466.00000  3.38%  41.1  546s
 520110 277572 8696.00000  125   31 8762.00000 8466.00000  3.38%  41.1  550s
 523794 278976 infeasible  160      8762.00000 8466.00000  3.38%  41.1  555s
 528276 281994 8719.00000  149   67 8762.00000 8466.00000  3.38%  41.1  560s
 533234 284714     cutoff  125      8762.00000 8466.00000  3.38%  41.1  565s
 539639 287914 8466.00000  101  133 8762.00000 8466.00000  3.38%  41.1  570s
 544365 290751 8648.63636  103   89 8762.00000 8466.00000  3.38%  41.2  575s
 548856 293377 8534.00000  103  150 8762.00000 8466.00000  3.38%  41.2  580s
 555469 297197 8746.00000  159   58 8762.00000 8466.00000  3.38%  41.1  586s
 560166 299738 8473.25000  102  131 8762.00000 8466.00000  3.38%  41.2  590s
 565142 302612 8612.00000  104  161 8762.00000 8466.00000  3.38%  41.2  595s
 571068 306139 8499.61446  108  111 8762.00000 8466.00000  3.38%  41.2  600s
 576084 309223 8707.00000  122   45 8762.00000 8466.00000  3.38%  41.2  605s
H578595 310123                    8761.9999990 8466.00000  3.38%  41.1  607s
 581196 311901     cutoff  136      8762.00000 8466.00000  3.38%  41.2  611s
 586219 314609 8673.00000  129  117 8762.00000 8466.00000  3.38%  41.2  615s
 591447 317599 8751.00000  142   55 8762.00000 8466.00000  3.38%  41.1  620s
 597393 320910     cutoff  103      8762.00000 8466.00000  3.38%  41.1  625s
 603484 324487     cutoff  164      8762.00000 8466.00000  3.38%  41.1  631s
 608179 327092 8466.00000  101  116 8762.00000 8466.00000  3.38%  41.1  635s
 613214 329741 8563.00000  120   70 8762.00000 8466.00000  3.38%  41.1  640s
 617730 332193 infeasible  109      8762.00000 8466.00000  3.38%  41.1  645s
 623131 334874 8466.00000   95  162 8762.00000 8466.00000  3.38%  41.2  650s
 628507 337552 8560.13005  110  169 8762.00000 8466.00000  3.38%  41.2  655s
 634557 340980     cutoff  121      8762.00000 8466.00000  3.38%  41.2  660s
 639269 343044     cutoff  116      8762.00000 8466.00000  3.38%  41.2  665s
 643568 346174 8466.16607  104  182 8762.00000 8466.00000  3.38%  41.2  671s
 648272 348685 8488.00000   98  114 8762.00000 8466.00000  3.38%  41.2  676s
 654464 352084 8572.00000  102  133 8762.00000 8466.00000  3.38%  41.2  680s
 659812 354697 8707.00000  128   78 8762.00000 8466.02407  3.38%  41.2  685s
 664572 357198 8605.00000  113  113 8762.00000 8466.05093  3.38%  41.3  690s
 669875 359850     cutoff  143      8762.00000 8466.07097  3.38%  41.3  695s
 674501 362403 infeasible  139      8762.00000 8466.07117  3.38%  41.3  700s
 679276 364896 8728.00000  142   45 8762.00000 8466.07905  3.38%  41.3  705s
 684434 367468 8486.07905  105  167 8762.00000 8466.07905  3.38%  41.4  710s
 690562 370584 8714.00000  113   92 8762.00000 8466.07937  3.38%  41.4  716s
 695133 372877 8675.25647  112  115 8762.00000 8466.07937  3.38%  41.4  721s
 700310 375783 8724.00971  117   53 8762.00000 8466.08086  3.38%  41.4  725s
 703750 377459 8553.09984  110  143 8762.00000 8466.08086  3.38%  41.4  730s
 708676 380123 8663.00000  126   53 8762.00000 8466.08086  3.38%  41.4  735s
 713594 382993 8663.69620  113  136 8762.00000 8466.08086  3.38%  41.5  740s
 719654 385831 8560.09984  118  137 8762.00000 8466.08993  3.38%  41.5  746s
 723852 388171 8469.48518  109  162 8762.00000 8466.09984  3.38%  41.5  750s
 727982 389875 8478.09598  105  123 8762.00000 8466.09984  3.38%  41.5  755s
 732273 392812 8699.00000  153   32 8762.00000 8466.09984  3.38%  41.5  760s
 738375 396320 8554.09984  111  120 8762.00000 8466.09984  3.38%  41.5  766s
 743528 398989     cutoff  105      8762.00000 8466.09984  3.38%  41.5  770s
 748457 401736 8472.09984  110  146 8762.00000 8466.09984  3.38%  41.5  775s
 754890 405348 infeasible  171      8762.00000 8466.09984  3.38%  41.5  781s
 759052 407511 8500.76651  111  137 8762.00000 8466.09984  3.38%  41.5  785s
 763752 410076 8586.97403  118  141 8762.00000 8466.09984  3.38%  41.5  790s
 768682 412893 8693.00000  141   55 8762.00000 8466.09984  3.38%  41.5  795s
 775026 416500 8696.42424  148   66 8762.00000 8466.09984  3.38%  41.5  801s
 779872 419070 8562.97644  122  129 8762.00000 8466.09984  3.38%  41.5  805s
 784562 421594 8467.71736  107  151 8762.00000 8466.09984  3.38%  41.5  810s
 789450 424426 8554.20326  110  165 8762.00000 8466.09984  3.38%  41.5  815s
 794403 427384 8711.02136  161   97 8762.00000 8466.09984  3.38%  41.5  820s
 800620 430919 8661.00000  122   86 8762.00000 8466.09984  3.38%  41.5  825s
 806634 434521     cutoff  119      8762.00000 8466.09984  3.38%  41.4  830s
 812737 437609 8466.09984  114  146 8762.00000 8466.09984  3.38%  41.4  836s
 817250 440252 8478.00000  109  129 8762.00000 8466.09984  3.38%  41.4  840s
 821856 442359     cutoff  128      8762.00000 8466.09984  3.38%  41.5  845s
 826167 445011 8645.00000  118  142 8762.00000 8466.09984  3.38%  41.5  850s
 831345 447710 8672.72000  127   86 8762.00000 8466.10104  3.38%  41.5  855s
 837317 450562 8480.32755  111  210 8762.00000 8466.10104  3.38%  41.5  860s
 841766 453117 8567.27937  105  148 8762.00000 8466.10733  3.38%  41.5  866s
 845965 455129 8510.00000  108  108 8762.00000 8466.12824  3.38%  41.5  870s
 850744 457369 8656.00000  135   48 8762.00000 8466.15113  3.38%  41.5  875s
 856242 460320 8478.13174  111  172 8762.00000 8466.16397  3.38%  41.5  881s
 860653 462900 8518.32923  120  137 8762.00000 8466.17101  3.38%  41.5  885s
 866306 465558 8603.17921  107  151 8762.00000 8466.17101  3.38%  41.5  890s
 872074 468700 8706.02830  126   96 8762.00000 8466.17101  3.38%  41.5  895s
 876439 470882 8466.17921  108  147 8762.00000 8466.17890  3.38%  41.5  900s
 881488 473353 8490.37022  118  170 8762.00000 8466.18182  3.38%  41.5  905s
 886625 476185 8629.00000  123   99 8762.00000 8466.20088  3.38%  41.5  910s
 891693 478783 infeasible  108      8762.00000 8466.20088  3.38%  41.5  915s
 895428 480697 8514.55927  119  153 8762.00000 8466.20349  3.38%  41.5  920s
 900447 482890 8606.29872  113  171 8762.00000 8466.21030  3.38%  41.5  925s
 904646 485215 8667.00000  128   74 8762.00000 8466.24749  3.38%  41.5  930s
 909755 487854 8716.00000  122   38 8762.00000 8466.26766  3.38%  41.5  935s
 915789 490949 8722.00000  147   59 8762.00000 8466.30530  3.37%  41.5  941s
 920830 493789 8635.27273  141  102 8762.00000 8466.33106  3.37%  41.5  946s
 925885 496259     cutoff  125      8762.00000 8466.36783  3.37%  41.5  950s
 929893 498334 8559.35431  107  154 8762.00000 8466.38902  3.37%  41.5  955s

Cutting planes:
  Learned: 249
  Gomory: 79
  Cover: 546
  Implied bound: 64
  Projected implied bound: 1
  Clique: 12
  MIR: 812
  StrongCG: 50
  Flow cover: 2649
  GUB cover: 33
  Inf proof: 9
  Zero half: 257
  Network: 3
  RLT: 113
  Relax-and-lift: 25

Explored 931348 nodes (38664594 simplex iterations) in 956.02 seconds (1174.63 work units)
Thread count was 8 (of 8 available processors)

Solution count 10: 8762 8762 8767 ... 8803

Solve interrupted
Best objective 8.761999999232e+03, best bound 8.466400071175e+03, gap 3.3737%

User-callback calls 2118402, time in user-callback 4.37 sec

Statistics for modelBWKS_medium_september:
  Linear constraint matrix    : 10775 Constrs, 4887 Vars, 49653 NZs
  Variable types              : 1358 Continuous,
3529 Integer (1331 Binary)
  Matrix coefficient range    : [ 1, 200 ]
  Objective coefficient range : [ 1, 396 ]
  Variable bound range        : [ 1, 199 ]
  RHS coefficient range       : [ 1, 549 ]
