
Gurobi 10.0.1 (mac64[arm]) logging started Mon Apr  1 03:43:49 2024

Set parameter LogFile to value "/Users/deniserings/Documents/zib/s-bahn-data/scripts/DeniseMA/processed/BWKS_medium_september/RENS/BWKS_medium_september_subMBP_random1_0.9_202403312233.log"
Gurobi Optimizer version 10.0.1 build v10.0.1rc0 (mac64[arm])

CPU model: Apple M2
Thread count: 8 physical cores, 8 logical processors, using up to 8 threads

Optimize a model with 11243 rows, 4887 columns and 50121 nonzeros
Model fingerprint: 0x64e717cc
Variable types: 1358 continuous, 3529 integer (1331 binary)
Coefficient statistics:
  Matrix range     [1e+00, 2e+02]
  Objective range  [1e+00, 4e+02]
  Bounds range     [1e+00, 2e+02]
  RHS range        [1e+00, 5e+02]
Presolve removed 5090 rows and 1613 columns
Presolve time: 0.04s
Presolved: 6153 rows, 3274 columns, 28866 nonzeros
Variable types: 864 continuous, 2410 integer (2410 binary)

Root relaxation: objective 8.158000e+03, 1744 iterations, 0.02 seconds (0.03 work units)

    Nodes    |    Current Node    |     Objective Bounds      |     Work
 Expl Unexpl |  Obj  Depth IntInf | Incumbent    BestBd   Gap | It/Node Time

     0     0 8158.00000    0  185          - 8158.00000      -     -    0s
H    0     0                    11142.000000 8158.00000  26.8%     -    0s
H    0     0                    10892.000000 8161.10034  25.1%     -    0s
     0     0 8161.10034    0  330 10892.0000 8161.10034  25.1%     -    0s
     0     0 8161.12034    0  295 10892.0000 8161.12034  25.1%     -    0s
     0     0 8161.12034    0  299 10892.0000 8161.12034  25.1%     -    0s
     0     0 8180.00000    0  289 10892.0000 8180.00000  24.9%     -    0s
     0     0 8180.00000    0  278 10892.0000 8180.00000  24.9%     -    0s
     0     0 8211.89704    0  305 10892.0000 8211.89704  24.6%     -    0s
     0     0 8212.19868    0  275 10892.0000 8212.19868  24.6%     -    0s
     0     0 8212.19868    0  307 10892.0000 8212.19868  24.6%     -    0s
     0     0 8218.07730    0  307 10892.0000 8218.07730  24.5%     -    0s
     0     0 8224.38066    0  293 10892.0000 8224.38066  24.5%     -    0s
     0     0 8224.40629    0  310 10892.0000 8224.40629  24.5%     -    0s
     0     0 8224.40629    0  308 10892.0000 8224.40629  24.5%     -    0s
     0     0 8225.42249    0  296 10892.0000 8225.42249  24.5%     -    0s
     0     0 8225.42249    0  300 10892.0000 8225.42249  24.5%     -    0s
     0     0 8226.29542    0  310 10892.0000 8226.29542  24.5%     -    0s
     0     0 8226.29542    0  292 10892.0000 8226.29542  24.5%     -    0s
H    0     0                    10881.000000 8226.29542  24.4%     -    0s
H    0     0                    10426.000000 8226.29542  21.1%     -    0s
     0     0 8226.37661    0  286 10426.0000 8226.37661  21.1%     -    0s
     0     0 8226.37661    0  301 10426.0000 8226.37661  21.1%     -    0s
     0     0 8226.59682    0  296 10426.0000 8226.59682  21.1%     -    0s
     0     0 8226.60457    0  296 10426.0000 8226.60457  21.1%     -    0s
     0     0 8226.78850    0  294 10426.0000 8226.78850  21.1%     -    1s
     0     0 8226.78850    0  301 10426.0000 8226.78850  21.1%     -    1s
H    0     0                    10386.000000 8226.78850  20.8%     -    1s
H    0     0                    10352.000000 8226.78850  20.5%     -    1s
H    0     0                    10350.000000 8226.78850  20.5%     -    1s
     0     0 8226.83785    0  297 10350.0000 8226.83785  20.5%     -    1s
H    0     0                    10256.000000 8226.83785  19.8%     -    1s
     0     0 8226.83785    0  303 10256.0000 8226.83785  19.8%     -    1s
H    0     0                    10016.000000 8226.83785  17.9%     -    1s
     0     0 8226.83785    0  292 10016.0000 8226.83785  17.9%     -    1s
     0     0 8226.83785    0  155 10016.0000 8226.83785  17.9%     -    1s
     0     2 8226.83785    0  137 10016.0000 8226.83785  17.9%     -    1s
H    9    16                    9698.0000000 8343.91367  14.0%   208    1s
H   85   100                    9687.0000000 8450.00000  12.8%   113    1s
H  337   471                    9602.0000000 8450.00000  12.0%  48.5    2s
H  851   754                    9577.0000000 8450.00000  11.8%  31.4    2s
H 1878  1433                    9576.0000000 8450.00000  11.8%  29.9    3s
H 2515  1687                    9468.0000000 8450.00000  10.8%  28.3    4s
H 2515  1459                    9293.0000000 8450.00000  9.07%  28.3    4s
H 2521  1293                    9082.0000000 8450.00000  6.96%  28.3    4s
H 2524  1201                    8848.0000000 8450.00000  4.50%  28.3    4s
  3385  1367 8819.00000   83   86 8848.00000 8450.00000  4.50%  26.3    5s
H 3630  1418                    8846.0000000 8450.00000  4.48%  26.0    5s
H 5765  2588                    8845.0000000 8450.00000  4.47%  25.2    6s
H10383  5610                    8833.0000000 8458.00000  4.25%  24.6    8s
*13217  7653             159    8828.0000000 8464.00000  4.12%  24.8    9s
 14039  8371     cutoff   47      8828.00000 8464.00000  4.12%  24.7   10s
H26502 13907                    8772.0000000 8464.00000  3.51%  23.8   15s
 29575 16155 8666.00000   72  155 8772.00000 8464.00000  3.51%  23.7   20s
 29599 16171 8732.00000   72  173 8772.00000 8464.00000  3.51%  23.7   25s
 29613 16180 8565.00000   38  206 8772.00000 8464.00000  3.51%  23.7   30s
 29629 16191 8599.00000   47  154 8772.00000 8464.00000  3.51%  23.7   35s
 33646 17790 infeasible   49      8772.00000 8464.00000  3.51%  24.5   40s
 42377 20034 8671.07059   50  121 8772.00000 8464.03197  3.51%  24.9   45s
 51187 21118 8542.00000   48   90 8772.00000 8464.07804  3.51%  25.7   50s
 61494 23742 8600.49886   40  140 8772.00000 8470.00000  3.44%  25.7   55s
 72006 25956 8471.08616   41  114 8772.00000 8470.04607  3.44%  25.6   60s
 81530 28567 8769.00000   66   47 8772.00000 8470.17792  3.44%  25.9   65s
 91625 34523 8578.00000   49   87 8772.00000 8472.03197  3.42%  26.0   70s
 103617 40724 8723.47953   49  103 8772.00000 8476.00000  3.37%  26.1   75s
 114297 47158 8685.00000   49  112 8772.00000 8477.04000  3.36%  25.9   80s
 124837 53598 8589.28213   49   99 8772.00000 8478.00000  3.35%  25.9   85s
 136301 60526 8564.00000   42   66 8772.00000 8478.00000  3.35%  25.7   90s
 148811 67183 8733.18388   62   95 8772.00000 8478.00000  3.35%  25.8   95s
 159907 72608 infeasible   59      8772.00000 8479.28034  3.34%  25.9  100s
 171447 78699 8749.00000   81   86 8772.00000 8483.41573  3.29%  25.8  105s
 182705 84362 8671.00000   54   74 8772.00000 8488.00000  3.24%  25.9  110s
 194157 90602 8681.00000   62   82 8772.00000 8489.44444  3.22%  25.9  115s
 204778 95371 8688.00000   65   82 8772.00000 8494.00000  3.17%  25.9  120s
 213176 99815 8765.00000   85   45 8772.00000 8498.00000  3.12%  25.9  125s
 223999 105155 8709.00000   74   56 8772.00000 8499.00000  3.11%  26.0  130s
 235072 110016 8767.00000   49   94 8772.00000 8502.38597  3.07%  26.1  135s
 245550 114979 8673.00000   74   81 8772.00000 8505.03517  3.04%  26.1  140s
 254738 119724 8613.00000   60   71 8772.00000 8508.00000  3.01%  26.1  145s
 265389 125451 8752.00000   66   74 8772.00000 8508.21000  3.01%  26.1  150s
 277111 131195 8514.19862   70   97 8772.00000 8512.00000  2.96%  26.1  155s
 287463 135942 8629.19000   49  120 8772.00000 8514.00000  2.94%  26.1  160s
 297026 140553     cutoff   50      8772.00000 8516.04607  2.92%  26.1  165s
 306606 144558 infeasible   38      8772.00000 8518.03197  2.90%  26.2  170s
 317863 149736 infeasible   46      8772.00000 8521.61000  2.85%  26.2  175s
 326147 153271 8768.00000   64   90 8772.00000 8524.00000  2.83%  26.2  180s
 335715 156888 8541.80117   48  138 8772.00000 8524.03197  2.83%  26.3  185s
 345383 160052 8691.00000   53   90 8772.00000 8526.00000  2.80%  26.4  190s
 355629 164685 8719.98214   58  123 8772.00000 8528.03197  2.78%  26.5  195s
 366241 170949 8724.23917   90  125 8772.00000 8530.00000  2.76%  26.4  200s
 379563 178656 8653.78571   64  113 8772.00000 8530.00000  2.76%  26.3  205s
 390150 184222 8664.00000   62   92 8772.00000 8531.66000  2.74%  26.3  210s
 400221 188099 8740.72165  101   86 8772.00000 8532.06587  2.74%  26.3  215s
 411279 193142 8727.00000   72   66 8772.00000 8535.06157  2.70%  26.3  220s
 422152 198134 8681.00000   58   96 8772.00000 8539.21089  2.65%  26.3  225s
 433030 203535 8670.00000   53   91 8772.00000 8541.00000  2.63%  26.3  230s
 444418 208970 8653.00000   58   80 8772.00000 8542.69604  2.61%  26.2  235s
 454725 213599 infeasible   69      8772.00000 8546.07804  2.58%  26.2  240s
 464465 217238 infeasible   59      8772.00000 8550.03197  2.53%  26.3  245s
 474134 220785 infeasible   54      8772.00000 8550.07804  2.53%  26.2  250s
 483907 226146 8714.03197   44   99 8772.00000 8551.03197  2.52%  26.2  255s
 494781 230688 8728.94697   74   48 8772.00000 8552.75602  2.50%  26.2  260s
 505136 235172 8674.79221   47   95 8772.00000 8555.75465  2.47%  26.2  265s
 514876 239789 8652.25999   46  115 8772.00000 8556.04607  2.46%  26.1  270s
 526045 244674 8593.94286   49  124 8772.00000 8557.04607  2.45%  26.1  275s
 537557 250373 8635.03197   44   88 8772.00000 8558.03197  2.44%  26.0  280s
 546917 254567     cutoff   76      8772.00000 8558.15000  2.44%  26.0  285s
 557813 259872 8746.00000   64   53 8772.00000 8560.00000  2.42%  26.0  290s
 569531 266452 8758.00000   71   72 8772.00000 8560.00000  2.42%  25.9  295s
 580981 271780 infeasible   56      8772.00000 8560.04607  2.42%  25.9  300s
 592930 277799 8702.00000   59   77 8772.00000 8561.00000  2.41%  25.9  305s
 602795 283300 infeasible   94      8772.00000 8561.00000  2.41%  25.8  310s
 615388 289157 8561.00000   52   85 8772.00000 8561.00000  2.41%  25.7  315s
 626954 295020 8738.00000   61   54 8772.00000 8562.00000  2.39%  25.7  320s
 639164 301488 8696.00000   55   90 8772.00000 8562.00000  2.39%  25.6  325s
 652250 308676 8669.00000   54   77 8772.00000 8563.04172  2.38%  25.6  330s
 662990 314450 8598.00716   46   99 8772.00000 8564.00000  2.37%  25.5  335s
 675694 321843 8687.00000   71   46 8772.00000 8564.00000  2.37%  25.5  340s
 687784 329470 8755.00000   68   48 8772.00000 8564.00000  2.37%  25.4  345s
 700451 337650 8758.00000   98   74 8772.00000 8564.00000  2.37%  25.4  350s
 713076 345487 8750.00000   84   42 8772.00000 8564.00000  2.37%  25.3  355s
 724860 353032 8747.00000   81   46 8772.00000 8564.00000  2.37%  25.3  360s
 737559 361110 8688.00000   74   80 8772.00000 8564.00000  2.37%  25.3  365s
 748723 367733 8731.95890   83   94 8772.00000 8564.00000  2.37%  25.2  370s
 760406 374948 8770.00000   90   44 8772.00000 8564.00000  2.37%  25.2  375s
 774135 383270 8749.00000   81   72 8772.00000 8564.00000  2.37%  25.1  380s
 787206 390553 8682.00000   60   61 8772.00000 8564.00000  2.37%  25.1  385s
 797689 396891 infeasible   47      8772.00000 8564.00000  2.37%  25.1  390s
 807435 401776 infeasible   59      8772.00000 8564.11205  2.37%  25.0  395s
 820346 408963 8652.90541   45  105 8772.00000 8564.98135  2.36%  25.0  400s
 831413 415139 8762.00000   82   49 8772.00000 8565.20525  2.36%  25.0  405s
 844604 421665 8574.00000   49  109 8772.00000 8566.04607  2.35%  24.9  410s
 856131 427669 8715.17825   73   68 8772.00000 8567.02019  2.34%  24.9  415s
 868604 434128 8735.00000   66   67 8772.00000 8568.00000  2.33%  24.9  420s
 879885 439937 8742.78571   68  107 8772.00000 8568.73729  2.32%  24.9  425s
 892205 445763 8613.00000   58   85 8772.00000 8570.00000  2.30%  24.9  430s
 901540 448617     cutoff   52      8772.00000 8570.00000  2.30%  24.9  435s
 911710 452451 infeasible   50      8772.00000 8570.36801  2.30%  24.9  440s
 924054 458792 8747.00000   78   76 8772.00000 8571.00000  2.29%  24.9  445s
 936840 464836 8729.64286   65  104 8772.00000 8571.00000  2.29%  24.9  450s
 948978 471511 8728.36465   89   78 8772.00000 8571.51525  2.29%  24.8  455s
 959484 476380 infeasible   92      8772.00000 8573.00000  2.27%  24.8  460s
 970796 482360 8694.14286   60   85 8772.00000 8573.33333  2.26%  24.8  465s
 983101 488651 8719.00000   65   68 8772.00000 8574.00000  2.26%  24.8  470s
 994093 494865 8691.00000   58   74 8772.00000 8574.00000  2.26%  24.8  475s
 1005190 501032 8660.00000   61   78 8772.00000 8574.00000  2.26%  24.8  480s
 1016506 506922 8664.05357   79   91 8772.00000 8574.00000  2.26%  24.7  485s
 1028672 512967 8650.00000   57   88 8772.00000 8574.48214  2.25%  24.7  490s
 1040571 518369 8583.03197   47  111 8772.00000 8575.07804  2.24%  24.7  495s
 1051919 524053 8715.00000   50   77 8772.00000 8576.00000  2.23%  24.7  500s
 1062212 528705     cutoff   52      8772.00000 8576.70400  2.23%  24.7  505s
 1074320 534673 8730.65169   84   78 8772.00000 8577.85556  2.21%  24.7  510s
 1085718 540219 8578.00000   51   87 8772.00000 8578.00000  2.21%  24.7  515s
 1096935 545543 8668.10714   67  112 8772.00000 8578.00000  2.21%  24.7  520s
 1107596 549946     cutoff   53      8772.00000 8578.03197  2.21%  24.7  525s
 1118088 554935 8651.00000   50   74 8772.00000 8579.69444  2.19%  24.7  530s
 1126711 558223 infeasible   53      8772.00000 8580.00000  2.19%  24.7  535s
 1138048 562930 8745.00000   76   78 8772.00000 8581.00000  2.18%  24.7  540s
 1148895 567372 8669.79911   67  105 8772.00000 8581.79798  2.17%  24.7  545s
 1159156 572060 8668.05357   86  100 8772.00000 8583.00000  2.15%  24.7  550s
 1170282 576816 8679.01035   66   77 8772.00000 8584.00000  2.14%  24.6  555s
 1180954 582223 8726.10714   78  122 8772.00000 8584.00000  2.14%  24.6  560s
 1192278 587130 8669.00000   48  102 8772.00000 8584.00000  2.14%  24.7  565s
 1202182 591835 8707.28571   58   85 8772.00000 8584.34978  2.14%  24.7  570s
 1212542 596402 8694.60714   64  124 8772.00000 8585.60714  2.12%  24.6  575s
 1221840 599562 infeasible   50      8772.00000 8586.00000  2.12%  24.7  580s
 1230359 602181 8742.05745   79   91 8772.00000 8586.00763  2.12%  24.7  585s
 1241293 607061 8698.00000   60   77 8772.00000 8587.00000  2.11%  24.7  590s
 1252282 611694 8750.00000   68   70 8772.00000 8587.00000  2.11%  24.7  595s
 1263411 616401 8636.63682   44  126 8772.00000 8588.03197  2.10%  24.7  600s
 1273740 621707 8748.00000   98   47 8772.00000 8589.00000  2.09%  24.7  605s
 1285264 628351 8700.57143   80  104 8772.00000 8589.00000  2.09%  24.7  610s
 1295741 634540 8674.05357   54   72 8772.00000 8589.00000  2.09%  24.7  615s

Cutting planes:
  Learned: 127
  Gomory: 155
  Cover: 33
  Implied bound: 29
  Projected implied bound: 6
  Clique: 8
  MIR: 46
  StrongCG: 3
  Flow cover: 133
  GUB cover: 2
  Zero half: 18
  Network: 3
  RLT: 64
  Relax-and-lift: 9

Explored 1297033 nodes (31991386 simplex iterations) in 615.27 seconds (710.33 work units)
Thread count was 8 (of 8 available processors)

Solution count 10: 8772 8828 8833 ... 9576

Solve interrupted
Best objective 8.772000000000e+03, best bound 8.589000000000e+03, gap 2.0862%

User-callback calls 2770071, time in user-callback 5.01 sec

Statistics for modelBWKS_medium_september:
  Linear constraint matrix    : 11243 Constrs, 4887 Vars, 50121 NZs
  Variable types              : 1358 Continuous,
3529 Integer (1331 Binary)
  Matrix coefficient range    : [ 1, 200 ]
  Objective coefficient range : [ 1, 396 ]
  Variable bound range        : [ 1, 199 ]
  RHS coefficient range       : [ 1, 549 ]
