
Gurobi 10.0.1 (mac64[arm]) logging started Mon Apr  1 03:33:19 2024

Set parameter LogFile to value "/Users/deniserings/Documents/zib/s-bahn-data/scripts/DeniseMA/processed/BWKS_medium_september/RENS/BWKS_medium_september_subMBP_random0_0.9_202403312233.log"
Gurobi Optimizer version 10.0.1 build v10.0.1rc0 (mac64[arm])

CPU model: Apple M2
Thread count: 8 physical cores, 8 logical processors, using up to 8 threads

Optimize a model with 11243 rows, 4887 columns and 50121 nonzeros
Model fingerprint: 0x996d4db6
Variable types: 1358 continuous, 3529 integer (1331 binary)
Coefficient statistics:
  Matrix range     [1e+00, 2e+02]
  Objective range  [1e+00, 4e+02]
  Bounds range     [1e+00, 2e+02]
  RHS range        [1e+00, 5e+02]
Presolve removed 5083 rows and 1613 columns
Presolve time: 0.05s
Presolved: 6160 rows, 3274 columns, 28823 nonzeros
Variable types: 864 continuous, 2410 integer (2410 binary)

Root relaxation: objective 8.158000e+03, 1442 iterations, 0.02 seconds (0.02 work units)

    Nodes    |    Current Node    |     Objective Bounds      |     Work
 Expl Unexpl |  Obj  Depth IntInf | Incumbent    BestBd   Gap | It/Node Time

     0     0 8158.00000    0  163          - 8158.00000      -     -    0s
     0     0 8159.69409    0  246          - 8159.69409      -     -    0s
H    0     0                    11032.000000 8159.69409  26.0%     -    0s
     0     0 8159.71033    0  244 11032.0000 8159.71033  26.0%     -    0s
     0     0 8159.71033    0  222 11032.0000 8159.71033  26.0%     -    0s
     0     0 8170.41001    0  281 11032.0000 8170.41001  25.9%     -    0s
H    0     0                    10683.000000 8170.41001  23.5%     -    0s
     0     0 8170.41001    0  271 10683.0000 8170.41001  23.5%     -    0s
     0     0 8172.59632    0  291 10683.0000 8172.59632  23.5%     -    0s
     0     0 8173.12036    0  280 10683.0000 8173.12036  23.5%     -    0s
     0     0 8173.12783    0  250 10683.0000 8173.12783  23.5%     -    0s
     0     0 8173.12783    0  269 10683.0000 8173.12783  23.5%     -    0s
     0     0 8178.71809    0  296 10683.0000 8178.71809  23.4%     -    0s
     0     0 8178.71809    0  289 10683.0000 8178.71809  23.4%     -    0s
     0     0 8180.61405    0  277 10683.0000 8180.61405  23.4%     -    0s
     0     0 8180.61405    0  277 10683.0000 8180.61405  23.4%     -    0s
     0     0 8181.26394    0  288 10683.0000 8181.26394  23.4%     -    0s
     0     0 8181.26394    0  276 10683.0000 8181.26394  23.4%     -    0s
     0     0 8181.26394    0  281 10683.0000 8181.26394  23.4%     -    0s
     0     0 8181.26394    0  278 10683.0000 8181.26394  23.4%     -    0s
H    0     0                    10678.000000 8181.26394  23.4%     -    1s
H    0     0                    10676.000000 8181.26394  23.4%     -    1s
H    0     0                    10392.000000 8181.26394  21.3%     -    1s
     0     0 8181.26394    0  183 10392.0000 8181.26394  21.3%     -    1s
     0     0 8181.26394    0  195 10392.0000 8181.26394  21.3%     -    1s
H    0     0                    10095.000000 8181.26394  19.0%     -    1s
     0     0 8181.26394    0  216 10095.0000 8181.26394  19.0%     -    1s
     0     0 8181.26394    0  218 10095.0000 8181.26394  19.0%     -    1s
H    0     0                    10078.000000 8181.26394  18.8%     -    1s
     0     0 8183.51394    0  163 10078.0000 8183.51394  18.8%     -    1s
     0     0 8183.51394    0  182 10078.0000 8183.51394  18.8%     -    1s
     0     0 8183.51394    0  183 10078.0000 8183.51394  18.8%     -    1s
H    0     0                    9304.0000000 8183.51394  12.0%     -    1s
     0     0 8183.51394    0  194 9304.00000 8183.51394  12.0%     -    1s
     0     0 8183.51394    0  136 9304.00000 8183.51394  12.0%     -    1s
     0     0 8183.51394    0  161 9304.00000 8183.51394  12.0%     -    1s
     0     0 8194.18060    0  176 9304.00000 8194.18060  11.9%     -    1s
     0     0 8194.18060    0  231 9304.00000 8194.18060  11.9%     -    1s
     0     0 8194.18060    0  226 9304.00000 8194.18060  11.9%     -    1s
     0     0 8194.18060    0  214 9304.00000 8194.18060  11.9%     -    1s
     0     0 8194.18060    0  148 9304.00000 8194.18060  11.9%     -    2s
     0     0 8194.18060    0  225 9304.00000 8194.18060  11.9%     -    2s
     0     0 8194.18060    0  182 9304.00000 8194.18060  11.9%     -    2s
     0     0 8194.18060    0  175 9304.00000 8194.18060  11.9%     -    2s
     0     0 8194.18060    0  167 9304.00000 8194.18060  11.9%     -    2s
     0     0 8194.18060    0  113 9304.00000 8194.18060  11.9%     -    2s
     0     2 8194.18060    0  113 9304.00000 8194.18060  11.9%     -    2s
H   83    95                    9292.0000000 8311.01394  10.6%  53.5    2s
H  118   127                    9278.0000000 8311.01394  10.4%  43.8    2s
  1659  1300 8342.00000   22  151 9278.00000 8342.00000  10.1%  27.3    5s
H 2352  1518                    9152.0000000 8342.00000  8.85%  27.1    5s
H 2682  1524                    9123.0000000 8342.00000  8.56%  26.8    5s
H 3159  1483                    8861.0000000 8342.00000  5.86%  27.0    6s
H 3162  1428                    8850.0000000 8342.00000  5.74%  27.0    6s
H 4993  2048                    8793.0000000 8342.00000  5.13%  26.9    7s
  8963  4355     cutoff   34      8793.00000 8342.00000  5.13%  29.4   10s
 18971  9876 8361.77410   30  159 8793.00000 8342.00000  5.13%  28.1   15s
 29961 15312 8608.00000   55  113 8793.00000 8342.00000  5.13%  26.9   23s
 29974 15321 8771.90667   77  170 8793.00000 8343.60285  5.11%  26.9   25s
H29980 14558                    8776.0000000 8388.00095  4.42%  26.9   27s
 29986 14562 8736.00000   62  102 8776.00000 8388.00095  4.42%  26.9   30s
 35882 16882 8478.40310   42   86 8776.00000 8473.20472  3.45%  27.5   35s
 47524 22196 8697.00000   62   80 8776.00000 8477.46004  3.40%  27.1   40s
 59561 25830 8565.00000   51   53 8776.00000 8477.55000  3.40%  27.6   45s
 69501 28534 8734.10309   59   72 8776.00000 8478.00000  3.40%  27.8   50s
 82590 35468 8700.00000   47   62 8776.00000 8478.00000  3.40%  27.7   55s
 94399 42970 8696.00000   72   71 8776.00000 8478.00000  3.40%  27.7   60s
 106144 50657 8740.99780   67   72 8776.00000 8478.00000  3.40%  27.5   65s
 118480 58581 8589.00000   53   78 8776.00000 8478.54337  3.39%  27.4   70s
 130666 66774 8706.00000   64   54 8776.00000 8480.45778  3.37%  27.3   75s
 143884 75486 8740.00000   52   39 8776.00000 8484.37856  3.32%  27.2   80s
 156526 83531 8564.00000   49   74 8776.00000 8488.00000  3.28%  27.1   85s
 168958 91411 8677.46004   42   63 8776.00000 8493.20472  3.22%  27.0   90s
 181288 99123 8732.00000   56   45 8776.00000 8497.46004  3.17%  27.0   95s
 192833 106171 8696.00000   60   54 8776.00000 8497.46006  3.17%  27.1  100s
 202789 111805 8713.00000   52   67 8776.00000 8498.00000  3.17%  27.2  105s
 215885 119001 8706.74330   49   77 8776.00000 8498.00000  3.17%  27.2  110s
 226899 125261 8711.33715   78   86 8776.00000 8498.00000  3.17%  27.3  115s
 238521 131852 8616.74330   42   76 8776.00000 8498.00000  3.17%  27.3  120s
 250743 138792 8585.00000   50   84 8776.00000 8498.00000  3.17%  27.4  125s
 261345 145424 8598.00000   42   59 8776.00000 8498.30000  3.16%  27.4  130s
 274719 152963 8688.55556   54   75 8776.00000 8500.34332  3.14%  27.3  135s
 285952 159805 8752.00000   72   48 8776.00000 8504.62447  3.09%  27.3  140s
 296726 166584     cutoff   63      8776.00000 8507.84992  3.06%  27.2  145s
 308767 172813 8696.00000   57   87 8776.00000 8508.79630  3.04%  27.2  150s
 320272 179812 8705.60643   86  110 8776.00000 8511.44383  3.01%  27.2  155s
 332116 187076 infeasible   51      8776.00000 8515.91973  2.96%  27.2  160s
H333705 187551                    8775.9999991 8517.43719  2.95%  27.2  161s
 341633 192520 8736.00000   49   47 8776.00000 8518.00000  2.94%  27.2  165s
 353202 198842 8670.44631   42   87 8776.00000 8519.84885  2.92%  27.2  170s
 365742 206056 8711.00000   83   87 8776.00000 8524.00000  2.87%  27.2  175s
 378648 213863 8699.00000   55   40 8776.00000 8526.00000  2.85%  27.2  180s
 389453 220615 8630.45663   55   76 8776.00000 8528.00000  2.83%  27.2  185s
 402708 228857 8737.00000   46   49 8776.00000 8531.87814  2.78%  27.1  190s
 414487 235920 8752.00000   73   90 8776.00000 8536.46000  2.73%  27.1  195s
 425736 241980 8693.05714   96   59 8776.00000 8539.47979  2.70%  27.1  200s
 437429 248307 8742.00000   43   43 8776.00000 8543.46004  2.65%  27.1  205s
 449184 254932 8759.00000   59   49 8776.00000 8544.00000  2.64%  27.1  210s
 459788 260689     cutoff   78      8776.00000 8545.00000  2.63%  27.1  215s
 472201 268056     cutoff   93      8776.00000 8547.46006  2.60%  27.0  220s
 483701 274349 8742.00000   82   77 8776.00000 8549.07891  2.59%  27.0  225s
 495462 281782 8742.00000   75   55 8776.00000 8551.44365  2.56%  27.0  230s
 508015 288887 8759.85567   69   80 8776.00000 8554.00000  2.53%  27.0  235s
 520521 295740 8752.00000   52   52 8776.00000 8558.62796  2.48%  27.0  240s
 531799 301861 8772.00000   54   60 8776.00000 8561.00435  2.45%  27.0  245s
 544968 309456     cutoff   43      8776.00000 8563.46004  2.42%  27.0  250s
 554099 315515 8718.54217   78   79 8776.00000 8563.55000  2.42%  26.9  255s
 566967 323376 infeasible   74      8776.00000 8564.00000  2.42%  26.9  260s
 579460 331160 8766.00000   73   44 8776.00000 8564.00000  2.42%  26.8  265s
 593443 340210 8752.03614   82   94 8776.00000 8564.00000  2.42%  26.8  270s
 606710 348677 8773.00000   87   55 8776.00000 8564.00000  2.42%  26.7  275s
 618428 356416 8764.00000   60   75 8776.00000 8564.00000  2.42%  26.7  280s
 632542 365619 8741.00000   60   40 8776.00000 8564.00000  2.42%  26.6  285s
 644633 373651 8773.00000   61   64 8776.00000 8564.00000  2.42%  26.6  290s
 658963 382898 8650.00000   48   47 8776.00000 8564.00000  2.42%  26.5  295s
 673058 392207 8688.00000   63   55 8776.00000 8564.00000  2.42%  26.5  300s
 684606 399885 8650.00000   49   61 8776.00000 8564.00000  2.42%  26.4  305s
 698413 408826 8717.93222   66  104 8776.00000 8564.00000  2.42%  26.4  310s
 711104 416925 8682.00000   79   52 8776.00000 8564.00000  2.42%  26.4  315s
 720584 422774 8564.00000   47   68 8776.00000 8564.00000  2.42%  26.3  320s
 732939 430794 8679.00000   48   63 8776.00000 8564.00000  2.42%  26.3  325s
 745415 438400 8712.00000   67   49 8776.00000 8565.00000  2.40%  26.3  330s
 757379 445433 8685.00000   53   40 8776.00000 8565.47979  2.40%  26.3  335s
 770578 454312 8593.72928   43   74 8776.00000 8565.89279  2.39%  26.2  340s
 784261 463382 8690.00000   53   81 8776.00000 8566.70857  2.38%  26.2  345s
 797789 471734 infeasible   76      8776.00000 8567.89511  2.37%  26.1  350s
 809629 478964 8701.00000   57   42 8776.00000 8568.46004  2.36%  26.1  355s
 821024 485826 8568.95813   44  114 8776.00000 8568.46004  2.36%  26.1  360s
 833604 493713 infeasible   52      8776.00000 8569.00000  2.36%  26.1  365s
 844537 500363     cutoff   86      8776.00000 8569.00000  2.36%  26.1  370s
 857116 508080 8699.89286   75   87 8776.00000 8569.00000  2.36%  26.1  375s
 868426 514810 8589.00000   51   90 8776.00000 8569.00000  2.36%  26.1  380s
 880031 521492 8747.00000   53   68 8776.00000 8569.00000  2.36%  26.1  385s
 892786 529688 8699.00000   63   48 8776.00000 8569.88123  2.35%  26.1  390s
 904280 536273 infeasible   72      8776.00000 8570.37856  2.34%  26.1  395s
 915070 542781 8750.15385   99   86 8776.00000 8571.00000  2.34%  26.0  400s
 927652 551046 8714.00000   49   68 8776.00000 8571.42815  2.33%  26.0  405s
 941091 559387     cutoff   54      8776.00000 8572.03738  2.32%  26.0  410s
 952579 566717 8699.00000   56   34 8776.00000 8573.24376  2.31%  25.9  415s
 963983 571323 8687.46004   47   81 8776.00000 8573.46004  2.31%  26.0  420s
 975600 578669 8662.36406   70   71 8776.00000 8574.00000  2.30%  26.0  425s
 988842 586930 infeasible   82      8776.00000 8574.00000  2.30%  25.9  430s
 999930 594036 infeasible   60      8776.00000 8574.00000  2.30%  25.9  435s
 1014348 603402 8756.00000   48   53 8776.00000 8574.00000  2.30%  25.9  440s
 1027390 612008 8664.00000   53   96 8776.00000 8574.00000  2.30%  25.9  445s
 1039592 620361 8661.00000   61   46 8776.00000 8574.00000  2.30%  25.8  450s
 1050730 627239 8700.00000   55   62 8776.00000 8574.00000  2.30%  25.8  455s
 1063901 635434 infeasible   40      8776.00000 8574.00000  2.30%  25.8  460s
 1074894 642545 8660.00000   68   44 8776.00000 8574.00000  2.30%  25.8  465s
 1087790 650634     cutoff   81      8776.00000 8574.00000  2.30%  25.8  470s
 1101010 658993 8762.00000   82   49 8776.00000 8574.00000  2.30%  25.7  475s
 1113852 667492 infeasible   79      8776.00000 8574.00000  2.30%  25.7  480s
 1126202 675124 8729.00000  105   86 8776.00000 8574.00000  2.30%  25.7  485s
 1137973 683286 8678.69731   78  102 8776.00000 8574.77338  2.29%  25.7  490s
 1147455 689726 8664.86188   59   80 8776.00000 8574.79630  2.29%  25.6  495s
 1161233 699282 8729.00000   88   77 8776.00000 8574.90402  2.29%  25.6  500s
 1175659 709495 8734.00000   86   65 8776.00000 8575.22507  2.29%  25.6  505s
 1188043 717858 8661.00000   50   54 8776.00000 8575.76106  2.28%  25.5  510s
 1201968 727246     cutoff   72      8776.00000 8576.16578  2.28%  25.5  515s
 1216862 737351 8694.00000   58   35 8776.00000 8576.66508  2.27%  25.5  520s
 1229122 745186 8679.08333   65   83 8776.00000 8577.44383  2.26%  25.4  525s
 1241070 752964 8750.00000   68   54 8776.00000 8578.46004  2.25%  25.4  530s
 1253660 761644 8771.61852  103  111 8776.00000 8578.90066  2.25%  25.4  535s
 1264241 768378 8650.00000   46   56 8776.00000 8579.00000  2.24%  25.4  540s
 1277181 777042     cutoff   89      8776.00000 8579.24904  2.24%  25.4  545s
 1291283 786397 8691.97623   90   77 8776.00000 8579.44061  2.24%  25.3  550s
 1302963 794078 8593.00000   59   94 8776.00000 8579.44061  2.24%  25.3  555s
 1316263 802385 8767.00000   83   66 8776.00000 8579.90402  2.23%  25.3  560s
 1327945 810054 infeasible   52      8776.00000 8581.00436  2.22%  25.3  565s
 1339465 816230 infeasible   48      8776.00000 8582.00000  2.21%  25.3  570s
 1352257 824073 8646.00000   48   70 8776.00000 8582.25433  2.21%  25.3  575s
 1362835 830512 infeasible   46      8776.00000 8583.46000  2.19%  25.3  580s
 1375634 838646 8703.00000   54   61 8776.00000 8583.74997  2.19%  25.3  585s
 1388608 847411 8741.00000   80   63 8776.00000 8584.00000  2.19%  25.2  590s
 1402740 857019 8749.00000   84   70 8776.00000 8584.00000  2.19%  25.2  595s
 1416845 866586 8745.00000   80   65 8776.00000 8584.00000  2.19%  25.2  600s
 1428963 874586     cutoff   86      8776.00000 8584.00000  2.19%  25.2  605s
 1442941 883901 8722.15625   75   81 8776.00000 8584.00000  2.19%  25.1  610s
 1453972 890971 8708.00000   69   69 8776.00000 8584.00000  2.19%  25.1  615s
 1467860 900064 8719.00000   60   45 8776.00000 8584.00000  2.19%  25.1  620s
 1476749 905965 8671.00000   51   46 8776.00000 8584.00000  2.19%  25.1  625s

Cutting planes:
  Learned: 101
  Gomory: 118
  Cover: 24
  Implied bound: 21
  Projected implied bound: 2
  Clique: 2
  MIR: 41
  StrongCG: 3
  Flow cover: 78
  GUB cover: 3
  Zero half: 11
  RLT: 38
  Relax-and-lift: 2

Explored 1486298 nodes (37278723 simplex iterations) in 628.05 seconds (729.44 work units)
Thread count was 8 (of 8 available processors)

Solution count 10: 8776 8776 8793 ... 9304

Solve interrupted
Best objective 8.775999999515e+03, best bound 8.584000000000e+03, gap 2.1878%

User-callback calls 3175539, time in user-callback 5.77 sec

Statistics for modelBWKS_medium_september:
  Linear constraint matrix    : 11243 Constrs, 4887 Vars, 50121 NZs
  Variable types              : 1358 Continuous,
3529 Integer (1331 Binary)
  Matrix coefficient range    : [ 1, 200 ]
  Objective coefficient range : [ 1, 396 ]
  Variable bound range        : [ 1, 199 ]
  RHS coefficient range       : [ 1, 549 ]
