
Gurobi 10.0.1 (mac64[arm]) logging started Mon Apr  1 04:15:32 2024

Set parameter LogFile to value "/Users/deniserings/Documents/zib/s-bahn-data/scripts/DeniseMA/processed/BWKS_medium_september/RENS/BWKS_medium_september_subMBP_random4_0.9_202403312233.log"
Gurobi Optimizer version 10.0.1 build v10.0.1rc0 (mac64[arm])

CPU model: Apple M2
Thread count: 8 physical cores, 8 logical processors, using up to 8 threads

Optimize a model with 11243 rows, 4887 columns and 50121 nonzeros
Model fingerprint: 0x8f86d983
Variable types: 1358 continuous, 3529 integer (1331 binary)
Coefficient statistics:
  Matrix range     [1e+00, 2e+02]
  Objective range  [1e+00, 4e+02]
  Bounds range     [1e+00, 2e+02]
  RHS range        [1e+00, 5e+02]
Presolve removed 5086 rows and 1612 columns
Presolve time: 0.04s
Presolved: 6157 rows, 3275 columns, 28800 nonzeros
Variable types: 864 continuous, 2411 integer (2411 binary)

Root relaxation: objective 8.158000e+03, 1687 iterations, 0.02 seconds (0.03 work units)

    Nodes    |    Current Node    |     Objective Bounds      |     Work
 Expl Unexpl |  Obj  Depth IntInf | Incumbent    BestBd   Gap | It/Node Time

     0     0 8158.00000    0  203          - 8158.00000      -     -    0s
H    0     0                    11590.000000 8158.00000  29.6%     -    0s
H    0     0                    11102.000000 8158.00000  26.5%     -    0s
     0     0 8161.12034    0  314 11102.0000 8161.12034  26.5%     -    0s
H    0     0                    10760.000000 8161.12034  24.2%     -    0s
     0     0 8161.12034    0  288 10760.0000 8161.12034  24.2%     -    0s
     0     0 8180.00000    0  309 10760.0000 8180.00000  24.0%     -    0s
     0     0 8180.00000    0  298 10760.0000 8180.00000  24.0%     -    0s
     0     0 8200.96224    0  297 10760.0000 8200.96224  23.8%     -    0s
     0     0 8200.96224    0  317 10760.0000 8200.96224  23.8%     -    0s
H    0     0                    9944.0000000 8200.96224  17.5%     -    0s
     0     0 8205.49819    0  318 9944.00000 8205.49819  17.5%     -    0s
     0     0 8206.11605    0  322 9944.00000 8206.11605  17.5%     -    0s
H    0     0                    9882.0000000 8206.11605  17.0%     -    0s
     0     0 8206.11605    0  308 9882.00000 8206.11605  17.0%     -    0s
H    0     0                    9603.0000000 8208.46888  14.5%     -    0s
H    0     0                    9540.0000000 8208.46888  14.0%     -    0s
     0     0 8208.46888    0  321 9540.00000 8208.46888  14.0%     -    0s
     0     0 8209.73959    0  322 9540.00000 8209.73959  13.9%     -    0s
     0     0 8209.73959    0  320 9540.00000 8209.73959  13.9%     -    0s
     0     0 8211.94282    0  326 9540.00000 8211.94282  13.9%     -    0s
     0     0 8211.94282    0  324 9540.00000 8211.94282  13.9%     -    0s
     0     0 8211.94282    0  314 9540.00000 8211.94282  13.9%     -    1s
     0     0 8211.94282    0  303 9540.00000 8211.94282  13.9%     -    1s
H    0     0                    9216.0000000 8211.94282  10.9%     -    1s
H    0     0                    9183.0000000 8211.94282  10.6%     -    1s
H    0     0                    9176.0000000 8211.94282  10.5%     -    1s
     0     0 8211.94282    0  171 9176.00000 8211.94282  10.5%     -    1s
H    0     0                    9172.0000000 8211.94282  10.5%     -    1s
     0     0 8211.94282    0  223 9172.00000 8211.94282  10.5%     -    1s
H    0     0                    9163.0000000 8211.94282  10.4%     -    1s
H    0     0                    9099.0000000 8211.94282  9.75%     -    1s
H    0     0                    9094.0000000 8211.94282  9.70%     -    1s
     0     0 8211.94282    0  189 9094.00000 8211.94282  9.70%     -    1s
H    0     0                    9082.0000000 8211.94282  9.58%     -    1s
     0     0 8211.94282    0  182 9082.00000 8211.94282  9.58%     -    1s
H    0     0                    9079.0000000 8211.94282  9.55%     -    1s
     0     0 8217.27615    0  148 9079.00000 8217.27615  9.49%     -    1s
     0     0 8217.27615    0  208 9079.00000 8217.27615  9.49%     -    1s
     0     0 8221.76234    0  234 9079.00000 8221.76234  9.44%     -    1s
     0     0 8222.07118    0  216 9079.00000 8222.07118  9.44%     -    1s
     0     0 8222.07118    0  209 9079.00000 8222.07118  9.44%     -    1s
     0     0 8222.07118    0  239 9079.00000 8222.07118  9.44%     -    2s
     0     0 8222.07118    0  202 9079.00000 8222.07118  9.44%     -    2s
     0     0 8222.07118    0  261 9079.00000 8222.07118  9.44%     -    2s
     0     0 8222.07118    0  247 9079.00000 8222.07118  9.44%     -    2s
     0     0 8222.07118    0  160 9079.00000 8222.07118  9.44%     -    2s
     0     0 8222.07118    0  205 9079.00000 8222.07118  9.44%     -    2s
     0     0 8222.47779    0  234 9079.00000 8222.47779  9.43%     -    2s
     0     0 8222.60948    0  197 9079.00000 8222.60948  9.43%     -    2s
     0     0 8222.60948    0  224 9079.00000 8222.60948  9.43%     -    2s
     0     0 8222.60948    0  225 9079.00000 8222.60948  9.43%     -    2s
     0     0 8222.60948    0  233 9079.00000 8222.60948  9.43%     -    2s
     0     0 8222.60948    0  248 9079.00000 8222.60948  9.43%     -    2s
     0     0 8222.60948    0  221 9079.00000 8222.60948  9.43%     -    2s
     0     0 8222.60948    0  179 9079.00000 8222.60948  9.43%     -    2s
     0     0 8222.60948    0  235 9079.00000 8222.60948  9.43%     -    2s
     0     0 8222.60948    0  135 9079.00000 8222.60948  9.43%     -    3s
     0     0 8222.60948    0  164 9079.00000 8222.60948  9.43%     -    3s
     0     0 8222.60948    0  172 9079.00000 8222.60948  9.43%     -    3s
     0     0 8222.60948    0  170 9079.00000 8222.60948  9.43%     -    3s
     0     2 8222.60948    0  136 9079.00000 8222.60948  9.43%     -    3s
H  266   247                    8833.0000000 8450.00000  4.34%  31.9    4s
  1469  1166 8781.00000   37  180 8833.00000 8450.00000  4.34%  24.3    5s
H 1969  1328                    8810.0000000 8450.00000  4.09%  30.5    6s
* 3021  1817             187    8805.0000000 8450.00000  4.03%  28.6    7s
  7941  4347 8648.88494   26  162 8805.00000 8450.00000  4.03%  29.4   10s
*12638  7121             180    8799.0000000 8454.23324  3.92%  30.6   12s
 16505  9498     cutoff   25      8799.00000 8458.00000  3.88%  31.2   15s
H25861 15261                    8794.0000000 8458.56348  3.81%  30.4   19s
 25867 15746 8648.00000   48  172 8794.00000 8458.56348  3.81%  30.4   20s
 29000 17393 8666.00000   40  170 8794.00000 8464.00000  3.75%  30.3   25s
 29020 17406 8713.41860   65  147 8794.00000 8464.00000  3.75%  30.3   30s
 29030 17413 8660.08556   57  126 8794.00000 8464.00000  3.75%  30.3   35s
 34554 19334 8464.00000   32  180 8794.00000 8464.00000  3.75%  31.0   40s
 42318 20983 8671.00329   39  112 8794.00000 8464.00329  3.75%  30.8   45s
 51652 23060 8698.00000   57   77 8794.00000 8466.22545  3.73%  30.9   50s
H59348 23182                    8791.0000000 8470.00889  3.65%  30.9   54s
H59422 22820                    8789.0000000 8470.00889  3.63%  30.8   54s
 60302 23312 8737.00000   71   78 8789.00000 8470.00889  3.63%  30.8   55s
H66863 23086                    8775.0000000 8472.00000  3.45%  30.7   58s
H68555 22359                    8772.0000000 8472.24410  3.42%  30.7   59s
 69889 22567 8741.00000   48   92 8772.00000 8473.17526  3.41%  30.7   60s
 78575 26002 infeasible   47      8772.00000 8481.05766  3.32%  30.7   65s
 88042 30530     cutoff   40      8772.00000 8490.00000  3.21%  30.9   70s
 97098 34433 infeasible   52      8772.00000 8498.00000  3.12%  30.8   75s
 106031 38270 8507.04072   34  153 8772.00000 8505.65719  3.04%  30.9   80s
 115904 42445 8698.00000   53   90 8772.00000 8514.00000  2.94%  30.9   85s
H115924 41778                    8767.0000000 8514.00000  2.89%  30.9   85s
 123975 46429 8710.00000   82   63 8767.00000 8516.22545  2.86%  30.7   90s
H130675 49053                    8766.0000000 8516.24410  2.85%  30.7   93s
 132855 50423 8568.30820   48  143 8766.00000 8516.34726  2.85%  30.7   95s
 142033 54382 infeasible   59      8766.00000 8521.23434  2.79%  30.7  100s
 152527 59761 8729.00000   70   64 8766.00000 8522.00000  2.78%  30.5  105s
 162724 64897 8755.00000   72   83 8766.00000 8522.00000  2.78%  30.3  110s
 172689 69540 infeasible   56      8766.00000 8522.00000  2.78%  30.2  115s
 182588 74393 infeasible   73      8766.00000 8522.00000  2.78%  30.1  120s
 191581 78436 8732.00000   46  122 8766.00000 8522.65217  2.78%  30.0  125s
 201336 83152     cutoff   45      8766.00000 8524.00000  2.76%  29.9  130s
H209073 86307                    8765.9999958 8526.88275  2.73%  29.8  134s
 209913 87010 infeasible   63      8766.00000 8527.11905  2.73%  29.8  135s
 219235 92168 8765.00000   83   70 8766.00000 8528.00000  2.72%  29.7  140s
 229733 97730 8627.00000   50  104 8766.00000 8528.00000  2.72%  29.6  145s
 240153 102947     cutoff   40      8766.00000 8528.00000  2.72%  29.5  150s
 249874 107894 infeasible   75      8766.00000 8528.05291  2.71%  29.5  155s
 258336 111699 8591.80160   36  113 8766.00000 8529.57791  2.70%  29.4  160s
 268258 115783 8534.70566   52  119 8766.00000 8532.22545  2.67%  29.4  165s
 278507 121326 8763.00000   51   92 8766.00000 8534.81875  2.64%  29.3  170s
 287699 125524     cutoff   74      8766.00000 8538.00000  2.60%  29.2  175s
 297670 129899 8681.00000   75   55 8766.00000 8540.35052  2.57%  29.2  180s
 306468 134319 8706.00000   53   85 8766.00000 8542.00000  2.56%  29.1  185s
 316519 139184 8699.00000   53   83 8766.00000 8544.00000  2.53%  29.1  190s
 326173 143493     cutoff   86      8766.00000 8546.80080  2.50%  29.1  195s
 335687 148185 8733.33996   53  117 8766.00000 8548.28025  2.48%  29.0  200s
 345310 152563 8611.57895   35  118 8766.00000 8551.04420  2.45%  29.0  205s
 354125 156344 8736.00000   45  107 8766.00000 8552.24410  2.44%  29.0  210s
 362849 160960 8715.00000   75   69 8766.00000 8553.00638  2.43%  29.0  215s
 372343 165579 8734.00000   56   82 8766.00000 8554.24410  2.42%  28.9  220s
 381974 169960 8559.60487   41  136 8766.00000 8557.00250  2.38%  28.9  225s
 392322 175548 8747.79739   66   61 8766.00000 8558.00000  2.37%  28.8  230s
 401890 180014 8669.00000   48  131 8766.00000 8558.22222  2.37%  28.8  235s
 412808 186636 8752.00000   75   75 8766.00000 8559.00000  2.36%  28.8  240s
 425222 193033 8660.28000   56  128 8766.00000 8559.24410  2.36%  28.6  245s
 434995 198345 8683.00000   56   83 8766.00000 8560.73391  2.34%  28.5  250s
 445662 203792 8713.81333   69   80 8766.00000 8563.00000  2.32%  28.5  255s
 456523 208599 8595.00000   51  127 8766.00000 8564.00000  2.30%  28.5  260s
 463831 211655 8660.32200   48  152 8766.00000 8565.00000  2.29%  28.5  265s
 472427 216235 infeasible   87      8766.00000 8567.79461  2.26%  28.5  270s
 481806 219962 8716.00000   75   74 8766.00000 8568.22545  2.26%  28.5  275s
 491968 224964 8609.10912   46  116 8766.00000 8569.00000  2.25%  28.4  280s
 502204 230233 8656.91418   85   77 8766.00000 8569.66962  2.24%  28.4  285s
 513181 235320 8763.00000   72   53 8766.00000 8571.44050  2.22%  28.3  290s
 523079 240044 8614.67638   50  120 8766.00000 8573.22545  2.20%  28.3  295s
 533282 245313 8735.00000   51  110 8766.00000 8574.00889  2.19%  28.3  300s
 544040 250875 infeasible   50      8766.00000 8575.00000  2.18%  28.2  305s
 556785 257103 infeasible   50      8766.00000 8576.00000  2.17%  28.1  310s
 566057 262122 8681.00000   65   56 8766.00000 8576.97750  2.16%  28.1  315s
 577125 267382 8690.41711   48   97 8766.00000 8578.00000  2.14%  28.0  320s
 589993 274459 8713.00000   62   65 8766.00000 8578.00000  2.14%  27.9  325s
 599096 279015 8757.00000   54   56 8766.00000 8578.11046  2.14%  27.9  330s
 609466 283727 infeasible   65      8766.00000 8579.00000  2.13%  27.8  335s
 620603 288851 8579.86721   56  125 8766.00000 8579.00000  2.13%  27.8  340s
 628908 291596 8685.00000   61  100 8766.00000 8579.00000  2.13%  27.8  345s
 638568 294606 8699.00000   66  106 8766.00000 8579.00000  2.13%  27.8  350s
 648196 298999 8709.00000   53   69 8766.00000 8579.73038  2.12%  27.8  355s
 659263 305159 infeasible   60      8766.00000 8580.00000  2.12%  27.7  360s
 669436 309919 8675.00000   57   92 8766.00000 8581.00000  2.11%  27.7  365s
 680293 313907 infeasible   57      8766.00000 8581.00000  2.11%  27.6  370s
 687858 318012 8719.00000   70   44 8766.00000 8581.76955  2.10%  27.6  375s
 698875 323698 8716.00000   46   76 8766.00000 8582.27250  2.10%  27.6  380s
 710172 329776 8764.18301   59   63 8766.00000 8583.00000  2.09%  27.5  385s
 719779 334755 8583.10050   46  136 8766.00000 8583.00000  2.09%  27.5  390s
 729891 340067 8684.00000   53   89 8766.00000 8583.00000  2.09%  27.5  395s
 740998 344718 8765.00000   80   47 8766.00000 8583.79487  2.08%  27.5  400s
 751198 350738     cutoff   42      8766.00000 8584.00000  2.08%  27.5  405s
 761170 355915 8731.28000   72   77 8766.00000 8584.00734  2.08%  27.4  410s
 770406 360765 8748.00000   78   53 8766.00000 8585.00000  2.06%  27.4  415s
 780578 366172 8757.00000   83   59 8766.00000 8585.00000  2.06%  27.4  420s
 790739 370747     cutoff   52      8766.00000 8585.00000  2.06%  27.3  425s
 801125 375534 8745.00000   72   71 8766.00000 8586.00000  2.05%  27.3  430s
 810725 380091 8681.00000   64   84 8766.00000 8587.00000  2.04%  27.3  435s
 820216 383793 8627.00000   56   92 8766.00000 8587.00000  2.04%  27.2  440s
 831518 388773 8608.00000   46   94 8766.00000 8588.00000  2.03%  27.2  445s
 842501 394089 8661.00000   60   81 8766.00000 8588.23077  2.03%  27.2  450s
 852075 399064 8619.00000   56  124 8766.00000 8589.00000  2.02%  27.1  455s
 862156 403602 infeasible   58      8766.00000 8590.00000  2.01%  27.1  460s
 873809 409629 8672.00000   55   64 8766.00000 8590.81875  2.00%  27.1  465s
 884124 415412 8740.00000   74   78 8766.00000 8592.00000  1.98%  27.0  470s
 892397 420085 8741.04031   51  116 8766.00000 8592.22545  1.98%  27.0  475s
 903010 425486 infeasible   57      8766.00000 8593.00000  1.97%  27.0  480s
 914972 431491 infeasible   69      8766.00000 8594.00000  1.96%  26.9  485s
 925463 436764 8743.00000   83   59 8766.00000 8595.00000  1.95%  26.9  490s
 937939 443660 8696.00000   65   47 8766.00000 8595.57895  1.94%  26.9  495s
 947540 449065     cutoff   41      8766.00000 8595.81875  1.94%  26.8  500s
 960231 455237 8680.00000   54  109 8766.00000 8596.20520  1.94%  26.8  505s
 972076 461620 8748.00000   62   83 8766.00000 8597.00000  1.93%  26.7  510s
 983466 467491 8660.00000   44   94 8766.00000 8598.00000  1.92%  26.7  515s
 994737 473323 8702.00000   57   97 8766.00000 8598.00000  1.92%  26.7  520s
 1005668 479613 8722.64000   72   78 8766.00000 8598.11735  1.92%  26.6  525s
 1016842 484619 8649.00000   62  102 8766.00000 8599.00000  1.91%  26.6  530s
 1025916 489095 infeasible   55      8766.00000 8599.00000  1.91%  26.6  535s
 1036666 493852 infeasible   73      8766.00000 8599.81190  1.90%  26.6  540s
 1044757 497723 8602.45459   55  134 8766.00000 8600.20465  1.89%  26.6  545s
 1055589 502756 8725.00000   59   96 8766.00000 8601.00000  1.88%  26.5  550s
 1066167 508218 8741.00000   56   78 8766.00000 8601.57895  1.88%  26.5  555s
 1077261 513981 8754.00000   64   60 8766.00000 8602.00000  1.87%  26.5  560s
 1087617 519018 8605.00539   43  104 8766.00000 8602.00410  1.87%  26.5  565s
 1099530 525147 8681.84615   54   98 8766.00000 8602.64256  1.86%  26.5  570s
 1108898 529651 8643.00000   49  100 8766.00000 8603.00000  1.86%  26.5  575s
 1119185 534690 8755.00000   68   53 8766.00000 8603.00000  1.86%  26.4  580s
 1129071 539458 8641.00000   47  106 8766.00000 8603.41711  1.85%  26.4  585s
 1140465 546022     cutoff   55      8766.00000 8604.00000  1.85%  26.4  590s
 1148553 549607 8662.00000   60  105 8766.00000 8604.00532  1.85%  26.4  595s
 1159480 554680 8715.00000   47   87 8766.00000 8605.00000  1.84%  26.4  600s
 1170423 560156 8655.00000   57  103 8766.00000 8605.22857  1.83%  26.4  605s
 1181321 566146 8745.00000   71   62 8766.00000 8606.00000  1.83%  26.4  610s
 1191962 571062 8612.81875   47  109 8766.00000 8606.81377  1.82%  26.3  615s
 1201873 574378 8744.70000   90   88 8766.00000 8607.00000  1.81%  26.3  620s
 1210599 578772 infeasible   55      8766.00000 8607.76000  1.81%  26.3  625s
 1220072 583787 8617.03757   74   90 8766.00000 8608.00000  1.80%  26.3  630s
 1230997 589397 8608.00000   45   87 8766.00000 8608.00000  1.80%  26.3  635s
 1241225 594753 8750.55224   86   81 8766.00000 8608.00000  1.80%  26.3  640s
 1252650 600634 8745.00000   59   96 8766.00000 8608.00000  1.80%  26.2  645s
 1262756 605907 8751.00000   83   62 8766.00000 8608.00000  1.80%  26.2  650s
 1272911 610884     cutoff   57      8766.00000 8608.00000  1.80%  26.2  655s
 1283865 616382 8719.36364   79   65 8766.00000 8608.00000  1.80%  26.2  660s
 1293346 621070 8753.00000   72   78 8766.00000 8608.00000  1.80%  26.2  665s
 1303442 626011     cutoff   67      8766.00000 8608.00000  1.80%  26.2  670s
 1313663 630751 8608.00000   54  113 8766.00000 8608.00000  1.80%  26.2  675s
 1321874 634692 8608.00000   54   93 8766.00000 8608.00000  1.80%  26.2  680s
 1332089 639275     cutoff   61      8766.00000 8608.00000  1.80%  26.2  685s
 1342242 644659 8749.00000   81   46 8766.00000 8608.00000  1.80%  26.1  690s

Cutting planes:
  Learned: 131
  Gomory: 192
  Cover: 34
  Implied bound: 25
  Projected implied bound: 4
  Clique: 5
  MIR: 54
  StrongCG: 4
  Flow cover: 114
  Zero half: 13
  Network: 3
  RLT: 50
  Relax-and-lift: 7

Explored 1350544 nodes (35318519 simplex iterations) in 693.81 seconds (806.70 work units)
Thread count was 8 (of 8 available processors)

Solution count 10: 8766 8766 8767 ... 8805

Solve interrupted
Best objective 8.765999995800e+03, best bound 8.608000000000e+03, gap 1.8024%

User-callback calls 2914457, time in user-callback 5.35 sec

Statistics for modelBWKS_medium_september:
  Linear constraint matrix    : 11243 Constrs, 4887 Vars, 50121 NZs
  Variable types              : 1358 Continuous,
3529 Integer (1331 Binary)
  Matrix coefficient range    : [ 1, 200 ]
  Objective coefficient range : [ 1, 396 ]
  Variable bound range        : [ 1, 199 ]
  RHS coefficient range       : [ 1, 549 ]
