
Gurobi 10.0.1 (mac64[arm]) logging started Mon Apr  1 04:04:34 2024

Set parameter LogFile to value "/Users/deniserings/Documents/zib/s-bahn-data/scripts/DeniseMA/processed/BWKS_medium_september/RENS/BWKS_medium_september_subMBP_random3_0.9_202403312233.log"
Gurobi Optimizer version 10.0.1 build v10.0.1rc0 (mac64[arm])

CPU model: Apple M2
Thread count: 8 physical cores, 8 logical processors, using up to 8 threads

Optimize a model with 11243 rows, 4887 columns and 50121 nonzeros
Model fingerprint: 0x2f1a5e32
Variable types: 1358 continuous, 3529 integer (1331 binary)
Coefficient statistics:
  Matrix range     [1e+00, 2e+02]
  Objective range  [1e+00, 4e+02]
  Bounds range     [1e+00, 2e+02]
  RHS range        [1e+00, 5e+02]
Presolve removed 5053 rows and 1607 columns
Presolve time: 0.04s
Presolved: 6190 rows, 3280 columns, 28881 nonzeros
Variable types: 866 continuous, 2414 integer (2414 binary)
Found heuristic solution: objective 10440.000000

Root relaxation: objective 8.158000e+03, 1854 iterations, 0.02 seconds (0.03 work units)

    Nodes    |    Current Node    |     Objective Bounds      |     Work
 Expl Unexpl |  Obj  Depth IntInf | Incumbent    BestBd   Gap | It/Node Time

     0     0 8158.00000    0  220 10440.0000 8158.00000  21.9%     -    0s
     0     0 8159.71033    0  322 10440.0000 8159.71033  21.8%     -    0s
     0     0 8159.71033    0  304 10440.0000 8159.71033  21.8%     -    0s
     0     0 8170.93261    0  341 10440.0000 8170.93261  21.7%     -    0s
     0     0 8170.93261    0  337 10440.0000 8170.93261  21.7%     -    0s
     0     0 8189.09334    0  302 10440.0000 8189.09334  21.6%     -    0s
     0     0 8189.09334    0  292 10440.0000 8189.09334  21.6%     -    0s
     0     0 8193.21908    0  311 10440.0000 8193.21908  21.5%     -    0s
     0     0 8197.27276    0  287 10440.0000 8197.27276  21.5%     -    0s
     0     0 8197.27276    0  293 10440.0000 8197.27276  21.5%     -    0s
     0     0 8202.36932    0  288 10440.0000 8202.36932  21.4%     -    0s
     0     0 8204.07761    0  302 10440.0000 8204.07761  21.4%     -    0s
     0     0 8204.07761    0  292 10440.0000 8204.07761  21.4%     -    0s
H    0     0                    9733.0000000 8204.07761  15.7%     -    0s
H    0     0                    9727.0000000 8204.07761  15.7%     -    0s
     0     0 8204.76924    0  294 9727.00000 8204.76924  15.6%     -    0s
     0     0 8204.76924    0  293 9727.00000 8204.76924  15.6%     -    0s
     0     0 8204.76924    0  293 9727.00000 8204.76924  15.6%     -    0s
     0     0 8204.76924    0  293 9727.00000 8204.76924  15.6%     -    0s
     0     0 8204.76924    0  198 9727.00000 8204.76924  15.6%     -    1s
     0     0 8204.76924    0  227 9727.00000 8204.76924  15.6%     -    1s
     0     0 8204.76924    0  196 9727.00000 8204.76924  15.6%     -    1s
H    0     0                    9716.0000000 8204.76924  15.6%     -    1s
     0     0 8204.76924    0  227 9716.00000 8204.76924  15.6%     -    1s
     0     0 8204.76924    0  189 9716.00000 8204.76924  15.6%     -    1s
     0     0 8204.76924    0  189 9716.00000 8204.76924  15.6%     -    1s
     0     2 8204.76924    0  189 9716.00000 8204.76924  15.6%     -    1s
H 1300  1124                    9696.0000000 8308.74205  14.3%  26.6    2s
H 1482  1250                    9686.0000000 8308.74205  14.2%  26.8    3s
H 1612  1280                    9677.0000000 8308.74205  14.1%  32.7    4s
H 1828  1359                    9659.0000000 8308.74205  14.0%  32.3    4s
  2563  1811 8815.00000   82  112 9659.00000 8308.74205  14.0%  31.1    5s
H 3883  2410                    9658.0000000 8308.74205  14.0%  29.0    6s
H 3885  2355                    9654.0000000 8308.74205  13.9%  29.0    6s
H 3887  2253                    9637.0000000 8308.74205  13.8%  29.0    6s
 12193  9063 9602.00000   98  128 9637.00000 8308.74205  13.8%  26.1   10s
H16786 12232                    9619.0000000 8315.00000  13.6%  25.7   12s
H17367  8135                    9215.0000000 8315.00000  9.77%  25.7   13s
*18840  8128             237    9206.0000000 8315.00000  9.68%  25.5   13s
 21564 10077 8335.00000   42  158 9206.00000 8315.00000  9.68%  25.2   15s
H25343 10018                    9035.0000000 8315.00000  7.97%  25.8   16s
 29369 11279 8522.00000   43  189 9035.00000 8315.00000  7.97%  25.7   21s
H29392 10728                    8830.0000000 8315.00000  5.83%  25.7   25s
H29394 10193                    8810.0000000 8315.00000  5.62%  25.7   26s
H29395  9683                    8806.0000000 8315.00000  5.58%  25.7   26s
H29395  9199                    8805.0000000 8315.00000  5.57%  25.7   26s
H29395  8738                    8777.0000000 8315.00000  5.26%  25.7   26s
 29403  8744 8777.00000   43  182 8777.00000 8315.00000  5.26%  25.7   30s
 34576  9985 8716.14664   49  112 8777.00000 8462.92000  3.58%  27.4   35s
H40816 10523                    8774.0000000 8466.00000  3.51%  28.3   38s
 43386 10766     cutoff   39      8774.00000 8466.77110  3.50%  28.6   40s
 52032 10893 8517.20000   41   92 8774.00000 8468.00000  3.49%  29.4   45s
 60682 13659 8752.08571  110   69 8774.00000 8471.94000  3.44%  29.8   50s
H69695 18738                    8772.0000000 8472.00000  3.42%  29.8   54s
 71446 20068 8646.00000   88   67 8772.00000 8472.00000  3.42%  29.8   55s
H73258 21293                    8771.0000000 8472.00000  3.41%  29.8   56s
 80966 25975 8644.10827   52  118 8771.00000 8472.00000  3.41%  29.7   60s
 92756 33228 8768.00000  110   59 8771.00000 8472.00000  3.41%  29.7   65s
 102521 38322 8583.00000   53  116 8771.00000 8472.00000  3.41%  30.0   70s
 113198 44753 8717.00000   75   90 8771.00000 8472.00000  3.41%  30.1   75s
 123092 50102 8669.00000   55  118 8771.00000 8472.91000  3.40%  30.2   80s
 133294 55278 8657.00000   94   88 8771.00000 8474.28571  3.38%  30.4   85s
 143254 60142 8747.00000   91   63 8771.00000 8476.68665  3.36%  30.5   90s
 150538 63913 8709.22727   64   72 8771.00000 8478.00000  3.34%  30.5   95s
 161210 70400 infeasible   56      8771.00000 8478.00000  3.34%  30.4  100s
 172397 76547 8761.00000  107   64 8771.00000 8478.00000  3.34%  30.3  105s
 183050 82756 8688.00000   55   81 8771.00000 8478.00000  3.34%  30.3  110s
 193210 88807 8564.00000   43  100 8771.00000 8478.00000  3.34%  30.4  115s
 203973 95175 infeasible   91      8771.00000 8478.00000  3.34%  30.2  120s
 214537 101095 8482.71558   51  121 8771.00000 8479.14815  3.33%  30.3  125s
 223970 105971 8639.00000   48  106 8771.00000 8480.00000  3.32%  30.4  130s
 234732 110686 8502.43182   48  102 8771.00000 8480.63215  3.31%  30.5  135s
 244074 116155 infeasible   97      8771.00000 8482.00000  3.29%  30.6  140s
 253557 120910 8622.71061   66  135 8771.00000 8482.00000  3.29%  30.7  145s
 263268 125723 8485.00000   36  117 8771.00000 8483.17180  3.28%  30.8  150s
 272199 130300 8560.00000   59   86 8771.00000 8485.00000  3.26%  30.9  155s
 282141 135234 8676.03795   55   62 8771.00000 8486.00000  3.25%  30.9  160s
 292515 140013 8698.00000   68   80 8771.00000 8487.95376  3.23%  31.0  165s
 302462 144275 infeasible   96      8771.00000 8488.00000  3.23%  31.0  170s
 312797 150280 8574.00000   54  106 8771.00000 8488.00000  3.23%  31.0  175s
 323567 156198 8699.80403   85   85 8771.00000 8488.00000  3.23%  30.9  180s
 334659 162937     cutoff   60      8771.00000 8488.00000  3.23%  30.9  185s
 345681 169037 8662.00000   87   82 8771.00000 8489.17282  3.21%  30.9  190s
 355402 173698 infeasible  101      8771.00000 8490.35052  3.20%  30.9  195s
 366323 179045 8522.00000   45  115 8771.00000 8492.00000  3.18%  30.9  200s
 374570 182558 infeasible   56      8771.00000 8492.00000  3.18%  31.0  205s
 384710 186935 8654.00000   54   98 8771.00000 8493.54676  3.16%  31.0  210s
 394252 190867 8724.00000   56   62 8771.00000 8494.99340  3.15%  31.1  215s
 403081 194706     cutoff   64      8771.00000 8497.50820  3.12%  31.1  220s
 414272 200650 8659.81786   59  118 8771.00000 8498.00000  3.11%  31.2  225s
 424467 206133 8731.94872   64   85 8771.00000 8498.00000  3.11%  31.2  230s
 433872 210507 infeasible   56      8771.00000 8500.10000  3.09%  31.2  235s
 443004 214586 8502.00000   57  113 8771.00000 8501.20000  3.08%  31.2  240s
 452961 218422 8532.86867   54  123 8771.00000 8502.00000  3.07%  31.2  245s
 462489 221546     cutoff   61      8771.00000 8503.66282  3.05%  31.3  250s
 470935 225038 8559.00000   47   93 8771.00000 8504.88082  3.03%  31.3  255s
 480466 228493 8725.00000   62   88 8771.00000 8506.00000  3.02%  31.4  260s
 490664 233656 infeasible   53      8771.00000 8506.00000  3.02%  31.5  265s
 500459 238464 8765.00000   88   82 8771.00000 8506.00000  3.02%  31.5  270s
 508648 241524 8738.00000  103   72 8771.00000 8506.79070  3.01%  31.6  275s
 518332 246239 8560.00000   49   82 8771.00000 8508.00000  3.00%  31.6  280s
 528118 250673 8692.00000   60   97 8771.00000 8508.00000  3.00%  31.6  285s
 536982 253895 8749.00000   49  116 8771.00000 8508.78157  2.99%  31.7  290s
 547219 259094 8764.00000   69   75 8771.00000 8510.00000  2.98%  31.7  295s
 557790 264682 8649.00000   65   78 8771.00000 8510.00000  2.98%  31.7  300s
 568638 269339 8537.20000   45  107 8771.00000 8511.20000  2.96%  31.7  305s
 577200 273070     cutoff   53      8771.00000 8512.00000  2.95%  31.7  310s
 587651 278132 8674.00000   64   84 8771.00000 8512.00000  2.95%  31.8  315s
 597881 283707 8594.00000   60   99 8771.00000 8512.00000  2.95%  31.8  320s
 608907 289355     cutoff   95      8771.00000 8512.00000  2.95%  31.8  325s
 618849 294892 infeasible   50      8771.00000 8512.00000  2.95%  31.8  330s
 627477 298677 8587.77658   36  129 8771.00000 8512.39167  2.95%  31.8  335s
 637388 302494 infeasible   68      8771.00000 8513.57407  2.93%  31.8  340s
 645739 306020 8726.48598   52  122 8771.00000 8514.00000  2.93%  31.9  345s
 656789 310851 8679.00000   61   66 8771.00000 8514.75000  2.92%  31.9  350s
 666864 314622 8608.00000   67   92 8771.00000 8516.00000  2.91%  31.9  355s
H674199 317387                    8770.9999568 8516.00000  2.91%  32.0  358s
 676903 319536 8650.00000   46  115 8770.99996 8516.00000  2.91%  32.0  360s
 685693 323508 8728.00000   78   74 8770.99996 8516.00000  2.91%  32.0  365s
 697504 328751 infeasible   59      8770.99996 8517.13734  2.89%  32.0  370s
 706650 333342 8665.00000   62   79 8770.99996 8517.53846  2.89%  32.0  375s
 716236 336356 infeasible   58      8770.99996 8518.60444  2.88%  32.1  380s
 724675 339404 8712.00000   82   75 8770.99996 8520.00000  2.86%  32.1  385s
 732332 342623 8598.00000   59  105 8770.99996 8520.00000  2.86%  32.1  390s
 741457 346444     cutoff   60      8770.99996 8520.68665  2.85%  32.2  395s
 749759 350027 8753.04000  125   81 8770.99996 8521.77524  2.84%  32.2  400s
 760283 355577 infeasible   59      8770.99996 8522.00000  2.84%  32.2  405s
 770061 361118 8554.88450   60  125 8770.99996 8522.00000  2.84%  32.2  410s
 780173 366511 8699.00000   66   73 8770.99996 8522.00000  2.84%  32.2  415s
 790052 371183     cutoff   65      8770.99996 8522.00000  2.84%  32.2  420s
 800097 376066 8574.00000   60  102 8770.99996 8522.00000  2.84%  32.2  425s
 809532 380606 infeasible   52      8770.99996 8522.23093  2.84%  32.2  430s
 820569 385502 infeasible   74      8770.99996 8523.20000  2.83%  32.2  435s
 829075 389029 8544.00000   51   69 8770.99996 8524.00000  2.82%  32.3  440s
 839414 393564 8638.60483   56  107 8770.99996 8524.00000  2.82%  32.3  445s
 850357 398330     cutoff   62      8770.99996 8525.02564  2.80%  32.2  450s
 860699 403533 8550.43182   61   96 8770.99996 8526.00000  2.79%  32.2  455s
 870289 407693 infeasible   46      8770.99996 8526.00000  2.79%  32.2  460s
 878866 411448 8629.00000   58   93 8770.99996 8526.00000  2.79%  32.3  465s
 889336 415675     cutoff   66      8770.99996 8527.20000  2.78%  32.3  470s
 898633 420286 infeasible  104      8770.99996 8528.00000  2.77%  32.3  475s
 909117 425921 8598.00000   67   92 8770.99996 8528.00000  2.77%  32.3  480s
 919977 431760 8763.00000   65   90 8770.99996 8528.00000  2.77%  32.3  485s
 929314 435216 8628.00000   60  128 8770.99996 8528.79458  2.76%  32.3  490s
 939134 440059 8646.00000   65   79 8770.99996 8530.00000  2.75%  32.3  495s
 948815 443889 8532.10000   54  123 8770.99996 8530.00000  2.75%  32.3  500s
 958956 447985 8726.00000   75   64 8770.99996 8531.00000  2.74%  32.3  505s
 968588 451553 infeasible   60      8770.99996 8532.00000  2.72%  32.3  510s
 977582 455495 8720.98182   99   98 8770.99996 8532.00000  2.72%  32.3  515s
 986597 459171 infeasible   83      8770.99996 8532.00000  2.72%  32.4  520s
 996832 463418 8719.00000   68   66 8770.99996 8533.07003  2.71%  32.3  525s
 1006272 466968     cutoff   70      8770.99996 8534.00000  2.70%  32.4  530s
 1015243 470500 8668.00000   63  109 8770.99996 8534.93897  2.69%  32.4  535s
 1025398 474308 8670.86614   63  104 8770.99996 8536.00000  2.68%  32.4  540s
 1033491 478096 8680.00000   57  104 8770.99996 8536.05282  2.68%  32.4  545s
 1043306 481550 8541.90975   55  144 8770.99996 8537.20000  2.67%  32.4  550s
 1051912 485213 infeasible   66      8770.99996 8537.25282  2.66%  32.5  555s
 1062296 490218     cutoff   72      8770.99996 8538.00000  2.66%  32.5  560s
 1071153 495487 8681.00000   68   74 8770.99996 8538.00000  2.66%  32.5  565s
 1081149 500413 8720.00000   88   93 8770.99996 8538.00000  2.66%  32.5  570s
 1091627 505326 8730.00000   66   84 8770.99996 8538.00000  2.66%  32.4  575s
 1102330 509764 8731.00000   75   77 8770.99996 8538.83162  2.65%  32.5  580s
 1111858 513801 8540.05282   56  103 8770.99996 8540.00000  2.63%  32.4  585s
 1122720 520157 8676.34921   49  100 8770.99996 8540.00000  2.63%  32.4  590s
 1131989 524080 8699.20000   65   72 8770.99996 8540.53075  2.63%  32.4  595s
 1142041 528309 8760.00000   67   77 8770.99996 8541.86546  2.61%  32.4  600s
 1151339 533058 8674.00000   53   78 8770.99996 8542.00000  2.61%  32.4  605s
 1162154 539099 8750.00000   78   64 8770.99996 8542.00000  2.61%  32.4  610s
 1172373 544043 infeasible   82      8770.99996 8542.00000  2.61%  32.4  615s
 1182646 549547 8738.00000  126   52 8770.99996 8542.00000  2.61%  32.4  620s
 1194355 555218 8725.00000   87   96 8770.99996 8542.00000  2.61%  32.4  625s
 1203744 560092 8682.00000   87   88 8770.99996 8542.00000  2.61%  32.4  630s
 1213929 564996 8730.00000   64   72 8770.99996 8542.00000  2.61%  32.4  635s
 1224377 569996 8542.00000   55  133 8770.99996 8542.00000  2.61%  32.4  640s
 1232799 573731 infeasible   65      8770.99996 8542.00000  2.61%  32.4  645s
 1240466 580175 8749.00000   66   63 8770.99996 8542.00000  2.61%  32.4  654s
 1248474 580616 8631.16241   60  113 8770.99996 8542.00000  2.61%  32.4  655s

Cutting planes:
  Learned: 114
  Gomory: 121
  Cover: 23
  Implied bound: 15
  Projected implied bound: 7
  Clique: 2
  MIR: 25
  StrongCG: 3
  Flow cover: 81
  Zero half: 5
  Network: 1
  RLT: 45
  Relax-and-lift: 3

Explored 1252114 nodes (40618918 simplex iterations) in 656.65 seconds (785.45 work units)
Thread count was 8 (of 8 available processors)

Solution count 10: 8771 8771 8772 ... 9035

Solve interrupted
Best objective 8.770999956845e+03, best bound 8.542000000000e+03, gap 2.6109%

User-callback calls 2696650, time in user-callback 4.98 sec

Statistics for modelBWKS_medium_september:
  Linear constraint matrix    : 11243 Constrs, 4887 Vars, 50121 NZs
  Variable types              : 1358 Continuous,
3529 Integer (1331 Binary)
  Matrix coefficient range    : [ 1, 200 ]
  Objective coefficient range : [ 1, 396 ]
  Variable bound range        : [ 1, 199 ]
  RHS coefficient range       : [ 1, 549 ]
