
Gurobi 10.0.1 (mac64[arm]) logging started Mon Apr  1 00:44:25 2024

Set parameter LogFile to value "/Users/deniserings/Documents/zib/s-bahn-data/scripts/DeniseMA/processed/BBUP_W/RENS/BBUP_W_subMBP_random0_0.9_202403312233.log"
Gurobi Optimizer version 10.0.1 build v10.0.1rc0 (mac64[arm])

CPU model: Apple M2
Thread count: 8 physical cores, 8 logical processors, using up to 8 threads

Optimize a model with 12216 rows, 5181 columns and 44821 nonzeros
Model fingerprint: 0xd7b07006
Variable types: 1726 continuous, 3455 integer (649 binary)
Coefficient statistics:
  Matrix range     [1e+00, 2e+02]
  Objective range  [1e+00, 4e+02]
  Bounds range     [1e+00, 2e+02]
  RHS range        [1e+00, 5e+02]
Presolve removed 5754 rows and 1828 columns
Presolve time: 0.08s
Presolved: 6462 rows, 3353 columns, 24621 nonzeros
Variable types: 909 continuous, 2444 integer (2444 binary)

Root relaxation: objective 1.268804e+04, 2239 iterations, 0.01 seconds (0.01 work units)

    Nodes    |    Current Node    |     Objective Bounds      |     Work
 Expl Unexpl |  Obj  Depth IntInf | Incumbent    BestBd   Gap | It/Node Time

     0     0 12688.0447    0  191          - 12688.0447      -     -    0s
     0     0 12697.6115    0  442          - 12697.6115      -     -    0s
     0     0 12697.6115    0  479          - 12697.6115      -     -    0s
     0     0 12756.1824    0  555          - 12756.1824      -     -    0s
     0     0 12756.2917    0  499          - 12756.2917      -     -    0s
     0     0 12756.2917    0  509          - 12756.2917      -     -    0s
     0     0 12769.2000    0  515          - 12769.2000      -     -    0s
     0     0 12769.2000    0  517          - 12769.2000      -     -    0s
     0     0 12769.2000    0  543          - 12769.2000      -     -    0s
     0     0 12769.2000    0  553          - 12769.2000      -     -    0s
     0     0 12769.3419    0  509          - 12769.3419      -     -    0s
     0     0 12769.3583    0  561          - 12769.3583      -     -    0s
     0     0 12769.3620    0  643          - 12769.3620      -     -    0s
     0     0 12769.3620    0  529          - 12769.3620      -     -    0s
     0     0 12769.3620    0  513          - 12769.3620      -     -    0s
     0     0 12769.3620    0  163          - 12769.3620      -     -    1s
     0     0 12769.3620    0  111          - 12769.3620      -     -    1s
     0     0 12769.3620    0  283          - 12769.3620      -     -    1s
     0     0 12769.3620    0  282          - 12769.3620      -     -    1s
     0     0 12769.3620    0  286          - 12769.3620      -     -    1s
     0     0 12774.8191    0  408          - 12774.8191      -     -    1s
     0     0 12775.6438    0  393          - 12775.6438      -     -    1s
     0     0 12775.6438    0  413          - 12775.6438      -     -    1s
     0     0 12780.9128    0  371          - 12780.9128      -     -    1s
     0     0 12781.4168    0  373          - 12781.4168      -     -    1s
     0     0 12781.4168    0  362          - 12781.4168      -     -    1s
     0     0 12781.9971    0  466          - 12781.9971      -     -    1s
     0     0 12782.1838    0  429          - 12782.1838      -     -    2s
     0     0 12782.3966    0  409          - 12782.3966      -     -    2s
     0     0 12782.3966    0  416          - 12782.3966      -     -    2s
     0     0 12782.4327    0  406          - 12782.4327      -     -    2s
     0     0 12782.4327    0  375          - 12782.4327      -     -    2s
     0     0 12782.4327    0  365          - 12782.4327      -     -    2s
     0     0 12782.4327    0  312          - 12782.4327      -     -    2s
     0     0 12782.4327    0  176          - 12782.4327      -     -    2s
     0     0 12782.4327    0  217          - 12782.4327      -     -    2s
     0     0 12782.4327    0  228          - 12782.4327      -     -    2s
     0     0 12782.4327    0  241          - 12782.4327      -     -    2s
     0     0 12782.4327    0  187          - 12782.4327      -     -    2s
     0     0 12782.4327    0  177          - 12782.4327      -     -    2s
     0     2 12782.4327    0  158          - 12782.4327      -     -    3s
  2199  1650 13568.0000   89  352          - 12854.0000      -  22.0    5s
  4420  2702 12908.0013   61  198          - 12869.0000      -  34.2   10s
 13446  8378 13540.0000   74  146          - 12869.0000      -  30.3   15s
 22922 13758 infeasible   68               - 12869.0000      -  30.8   20s
*27661 16641             146    15129.999996 12869.0000  14.9%  32.2   22s
H28070 17104                    15121.000000 12869.0000  14.9%  32.3   23s
H28310 17101                    15116.000000 12869.0000  14.9%  32.3   23s
H28494 17088                    15091.999999 12869.0000  14.7%  32.4   23s
H28884 17062                    15078.000000 12869.0000  14.7%  32.4   23s
 29159 18089 14330.0000   43  121 15078.0000 12869.0000  14.7%  32.7   30s
H30777 18144                    15062.000000 12869.0000  14.6%  32.9   30s
H30823 18136                    15052.000000 12869.0000  14.5%  33.1   30s
H30868 18091                    15022.000000 12869.0000  14.3%  33.2   30s
H30909 18458                    15010.000000 12869.0000  14.3%  33.4   31s
H31219 18454                    15001.000000 12869.0000  14.2%  33.6   31s
H31482 19131                    15000.000000 12869.0000  14.2%  33.9   32s
H32552 19308                    14993.000000 12869.0000  14.2%  34.2   33s
H33837 20058                    14987.999999 12869.0000  14.1%  35.2   34s
 34161 20136 infeasible   63      14988.0000 12869.0000  14.1%  35.3   36s
H34175 20135                    14986.999999 12869.0000  14.1%  35.3   36s
H34371 20325                    14986.999996 12869.0000  14.1%  35.9   37s
 34869 20797 13637.9900   53  249 14987.0000 12869.0000  14.1%  36.4   40s
 38871 22993 14157.0204   56  229 14987.0000 12869.0000  14.1%  40.0   46s
 39649 24120 13499.8861   50  252 14987.0000 12869.0000  14.1%  41.3   50s
 42842 25421 13779.1465   55  204 14987.0000 12869.0000  14.1%  43.1   55s
 45761 27607 13543.7904   43  234 14987.0000 12869.0000  14.1%  44.8   63s
 47492 28930 12896.4644   58  297 14987.0000 12869.0000  14.1%  46.7   67s
 49717 28959 infeasible   56      14987.0000 12869.0000  14.1%  47.4   70s
 50824 29989 infeasible   53      14987.0000 12869.0000  14.1%  48.9   76s
 54714 31984 12872.4519   62  365 14987.0000 12869.0000  14.1%  50.7   82s
 55370 32259 13395.0000   39  248 14987.0000 12869.0000  14.1%  51.7   85s
 56435 33247 12872.4519   50  300 14987.0000 12869.0000  14.1%  53.2   90s
 58349 34769 13140.5348   50  253 14987.0000 12869.0000  14.1%  54.9   95s
 60337 38183 12872.4572   43  391 14987.0000 12869.0000  14.1%  55.8  115s
 67639 40359 infeasible   83      14987.0000 12872.4519  14.1%  62.3  123s
 70308 41572 13278.3590   57  442 14987.0000 12872.4519  14.1%  62.4  126s
 72944 42593 13140.4350   47  364 14987.0000 12872.4519  14.1%  62.7  130s
 75307 43814 14081.6400   53  167 14987.0000 12872.4519  14.1%  63.4  138s
 77024 45204 12872.4519   39  312 14987.0000 12872.4519  14.1%  64.0  142s
 79410 45793 13393.3764   37  228 14987.0000 12872.4519  14.1%  64.5  146s
 81448 47625 13235.1185   33  339 14987.0000 12872.4519  14.1%  65.6  153s
 84075 48150 infeasible   47      14987.0000 12872.4519  14.1%  65.5  156s
*85542 48601              77    14983.000000 12872.4519  14.1%  66.2  159s
 85618 49193 infeasible   50      14983.0000 12872.4519  14.1%  66.2  163s
H85620 49186                    14982.000000 12872.4519  14.1%  66.2  163s
H85752 49186                    14980.999999 12872.4519  14.1%  66.3  163s
H85882 49183                    14979.999999 12872.4519  14.1%  66.4  163s
H86583 49795                    14964.000000 12872.4519  14.0%  66.7  166s
H87604 51016                    14962.999999 12872.4519  14.0%  67.0  170s
H88867 51005                    14960.999999 12872.4519  14.0%  67.1  170s
H89667 51130                    14959.999999 12872.4519  14.0%  67.1  173s
H89734 51125                    14958.999999 12872.4519  13.9%  67.2  173s
H89735 51025                    14950.000000 12872.4519  13.9%  67.2  173s
 89954 52617 13578.2058   54  284 14950.0000 12872.4519  13.9%  67.3  181s
H90666 52561                    14942.999999 12872.4519  13.9%  67.7  181s
 92551 53326 14849.0000   73  131 14943.0000 12872.4519  13.9%  68.8  186s
H93602 53326                    14942.999995 12872.4519  13.9%  69.0  186s
 93953 54158 infeasible   46      14943.0000 12872.4519  13.9%  69.1  191s
 95322 54763 14195.0000   64  104 14943.0000 12872.4519  13.9%  69.8  196s
 96257 55603 13013.7962   56  333 14943.0000 12872.4519  13.9%  70.4  201s
H97402 55603                    14942.999768 12872.4519  13.9%  70.8  201s
 97677 56895 13789.0000   65  146 14942.9998 12872.4519  13.9%  71.0  205s
 100093 57537 12872.4519   43  392 14942.9998 12872.4519  13.9%  71.4  210s
 102140 59019 13370.5721   42  250 14942.9998 12872.4519  13.9%  72.3  218s
 103390 59688 12993.7430   48  451 14942.9998 12872.4519  13.9%  72.8  223s
 104528 60019 12975.5757   55  314 14942.9998 12872.4519  13.9%  73.1  226s
 105030 61156 13084.8461   57  422 14942.9998 12872.4519  13.9%  73.5  232s
 106963 62328 13038.3421   51  315 14942.9998 12872.4519  13.9%  74.1  236s
 109143 62853 infeasible   43      14942.9998 12872.4519  13.9%  74.2  240s
 111022 64456 13255.1532   51  319 14942.9998 12872.4519  13.9%  75.0  247s
 112803 64940 13307.8532   45  411 14942.9998 12872.4519  13.9%  75.3  251s
 113754 65342 14896.0000   76   59 14942.9998 12872.4519  13.9%  75.7  255s
 115488 66586 13277.9417   53  393 14942.9998 12872.4519  13.9%  76.4  263s
 116617 67771 13262.7746   52  281 14942.9998 12872.4519  13.9%  76.7  267s
 118783 68061 infeasible  103      14942.9998 12872.4519  13.9%  76.8  271s
 120014 69160 13022.4519   54  427 14942.9998 12872.4519  13.9%  77.4  279s
 121373 70057 13126.7455   56  247 14942.9998 12872.4519  13.9%  77.9  284s
 122731 70957 13134.0837   49  367 14942.9998 12872.4519  13.9%  78.5  289s
 124084 72426 14013.5251   50  205 14942.9998 12872.4519  13.9%  78.9  295s
 127309 73625 13505.0069   48  322 14942.9998 12872.4519  13.9%  79.4  303s
 128515 74208 infeasible   31      14942.9998 12872.4519  13.9%  79.8  308s
 129485 74744 12893.0432   45  296 14942.9998 12872.4519  13.9%  80.2  312s
 130422 75279 13012.6690   38  386 14942.9998 12872.4519  13.9%  80.6  317s
 131309 75927 14802.0000   68   56 14942.9998 12872.4519  13.9%  80.9  322s
 132478 76635 13138.6080   44  258 14942.9998 12872.4519  13.9%  81.4  327s
 135746 77899 infeasible   50      14942.9998 12872.4519  13.9%  81.7  332s
 136788 78606 infeasible   47      14942.9998 12872.4519  13.9%  81.9  338s
 137347 79055 12989.8976   62  369 14942.9998 12872.4519  13.9%  82.0  341s
 138185 79530 14395.0000   55  175 14942.9998 12872.4519  13.9%  82.3  345s
 140013 80894 14295.0665   71  114 14942.9998 12872.4519  13.9%  82.9  353s
 141184 82062 13518.5090   55  298 14942.9998 12872.4519  13.9%  83.1  357s
 143246 82505 12874.5662   36  434 14942.9998 12872.4519  13.9%  83.1  361s
 143935 83216 14284.7171   61  215 14942.9998 12872.4519  13.9%  83.3  365s
 146027 84521 12872.4519   49  347 14942.9998 12872.4519  13.9%  83.8  373s
 147142 85253 13213.8048   61  247 14942.9998 12872.4519  13.9%  84.1  377s
 148323 85894 13631.0000   76  146 14942.9998 12872.4519  13.9%  84.2  381s
 150310 87123 12875.5803   52  429 14942.9998 12872.4519  13.9%  84.5  388s
 151350 88244 13023.0637   40  478 14942.9998 12872.4519  13.9%  84.8  392s
 153553 88890 14332.9476   71  146 14942.9998 12872.4519  13.9%  84.8  396s
 154519 89330 13966.0000   63  135 14942.9998 12872.4519  13.9%  85.1  400s
 155985 90514 13119.9865   40  307 14942.9998 12872.4519  13.9%  85.5  409s
 157304 91273 13016.4519   40  303 14942.9998 12872.4519  13.9%  85.7  413s
 158563 91899 12875.9037   53  387 14942.9998 12872.4519  13.9%  85.9  417s
 159569 93009 12943.1486   42  241 14942.9998 12872.4519  13.9%  86.2  422s
 161679 93636 12952.4552   30  420 14942.9998 12872.4519  13.9%  86.2  426s
 163178 95349 12905.9749   35  394 14942.9998 12872.4519  13.9%  86.5  437s
 165678 96028 12872.4519   38  331 14942.9998 12872.4519  13.9%  87.0  443s
 166804 96941 12885.4343   39  485 14942.9998 12872.4519  13.9%  87.3  448s
 168195 97663 12944.4519   50  396 14942.9998 12872.4519  13.9%  87.6  453s
 169432 98337 13249.3717   40  315 14942.9998 12872.4519  13.9%  87.9  458s
 170474 99186 13168.1973   57  254 14942.9998 12872.4519  13.9%  88.1  463s
 171807 100393 13323.0290   49  353 14942.9998 12872.4519  13.9%  88.4  468s
 173868 101201 13286.1575   53  355 14942.9998 12872.4519  13.9%  88.5  474s
 175233 101778 13025.4456   51  352 14942.9998 12872.4519  13.9%  88.7  479s
 176198 102424 13786.0069   54  323 14942.9998 12872.4519  13.9%  88.9  483s
 177318 102858 14775.0000   61   97 14942.9998 12872.4519  13.9%  89.2  487s
 178067 103544 14494.0000   72  102 14942.9998 12872.4519  13.9%  89.4  492s
 179287 104281 12947.5786   35  370 14942.9998 12872.4519  13.9%  89.6  497s
 180629 104932 infeasible   43      14942.9998 12872.4519  13.9%  90.0  502s
 181750 106031 14589.0000   51   99 14942.9998 12872.4519  13.9%  90.3  508s
 183403 107067 14411.1044   67  125 14942.9998 12872.4520  13.9%  90.5  513s
 185446 107670 infeasible   71      14942.9998 12872.4546  13.9%  90.3  518s
 186662 108459 infeasible   51      14942.9998 12872.4656  13.9%  90.5  522s
 188071 109342 infeasible   55      14942.9998 12872.5596  13.9%  90.7  527s
 189443 109918 12997.0885   41  272 14942.9998 12872.6943  13.9%  90.8  532s
 190471 110571 12984.6494   49  464 14942.9998 12872.7053  13.9%  90.9  536s
 191628 111475 12916.5879   39  350 14942.9998 12872.8885  13.9%  91.1  541s
 194033 112827 13869.1917   74  162 14942.9998 12873.0000  13.9%  91.5  549s
 195416 114003 13735.7181   69  233 14942.9998 12873.0000  13.9%  91.7  553s
 197666 114254 12985.9037   45  341 14942.9998 12873.2004  13.9%  91.8  557s
 198180 114715 infeasible   49      14942.9998 12873.3018  13.9%  91.9  560s
 200046 115536 14503.0000   55  202 14942.9998 12873.4519  13.8%  92.1  567s
 200685 116168 13762.7754   47  112 14942.9998 12873.5807  13.8%  92.4  571s
 201794 116524 infeasible   45      14942.9998 12873.7052  13.8%  92.6  575s
 203389 117550 14641.3698   59  142 14942.9998 12874.1691  13.8%  93.0  583s
 204375 117976 13733.8690   47  252 14942.9998 12874.4345  13.8%  93.2  587s
 205207 118490 12880.1634   49  395 14942.9998 12874.4519  13.8%  93.3  590s
 206716 119452 12875.9038   52  434 14942.9998 12874.8069  13.8%  93.6  599s
 207925 119962 13221.9597   37  335 14942.9998 12875.4419  13.8%  94.0  602s
H208424 119962                    14942.999751 12875.5209  13.8%  94.0  602s
 208868 120633 13039.4527   54  240 14942.9998 12875.5803  13.8%  94.0  606s
 209993 121527 14436.0446   81   92 14942.9998 12875.9037  13.8%  94.2  611s
 211393 122893 14843.0000   56   17 14942.9998 12875.9037  13.8%  94.3  616s
 214619 124139 12951.9715   44  283 14942.9998 12875.9037  13.8%  94.2  623s
 215741 124736 14290.0390   51  145 14942.9998 12875.9037  13.8%  94.2  627s
 216798 125625 12875.9037   52  402 14942.9998 12875.9037  13.8%  94.3  631s
 218091 126503 12994.6522   56  328 14942.9998 12875.9037  13.8%  94.4  635s
 220755 127643 14897.4384   78   82 14942.9998 12875.9037  13.8%  94.4  643s
 221746 128364 12983.2371   40  298 14942.9998 12875.9037  13.8%  94.5  647s
 222907 129445 12875.9037   58  345 14942.9998 12875.9037  13.8%  94.5  651s
 224928 129989 13445.9037   65  275 14942.9998 12875.9038  13.8%  94.4  658s
 225754 130333 14147.2395   73  154 14942.9998 12875.9038  13.8%  94.4  661s
 226273 130944 13411.3334   62  267 14942.9998 12875.9038  13.8%  94.4  665s
 227242 131671 13870.1926   49  251 14942.9998 12875.9038  13.8%  94.5  670s
 229599 133884 13465.0205   65  245 14942.9998 12875.9091  13.8%  94.6  678s
 232531 134117 13055.8953   48  352 14942.9998 12875.9726  13.8%  94.4  681s
 233795 134927 12876.7310   52  460 14942.9998 12876.0571  13.8%  94.6  687s
 234537 135031 infeasible   71      14942.9998 12876.1998  13.8%  94.7  691s
 235530 135881 12885.8170   49  412 14942.9998 12876.4311  13.8%  95.0  697s
 236278 136277 13238.7182   48  404 14942.9998 12876.4620  13.8%  95.0  701s
 237691 137001 13107.5334   56  181 14942.9998 12876.7852  13.8%  95.2  708s
 238235 137812 13402.2784   48  246 14942.9998 12876.9037  13.8%  95.2  713s
 239445 138296 13016.0885   29  259 14942.9998 12876.9037  13.8%  95.4  719s
 240199 139198 12876.9037   26  414 14942.9998 12876.9037  13.8%  95.5  725s
 241593 139946 13822.9039   37  177 14942.9998 12876.9037  13.8%  95.7  731s
 242792 140730 12932.8864   32  340 14942.9998 12876.9037  13.8%  95.9  736s
 244091 141465 13079.5568   35  256 14942.9998 12876.9037  13.8%  96.1  742s
 245233 142077 12953.8864   37  217 14942.9998 12877.0000  13.8%  96.2  747s
 246426 142819 14158.9080   44  210 14942.9998 12877.4270  13.8%  96.3  753s
 247827 143551 14157.7577   52  281 14942.9998 12877.8864  13.8%  96.5  759s
 249070 144442 13276.8303   55  199 14942.9998 12877.8864  13.8%  96.5  765s
 250613 145397 14285.7384   55  232 14942.9998 12877.8864  13.8%  96.6  770s
 253781 146439 14265.1846   46  308 14942.9998 12878.0439  13.8%  96.5  776s
 254438 147005 14699.8907   51  163 14942.9998 12878.3806  13.8%  96.7  781s

Cutting planes:
  Learned: 120
  Gomory: 265
  Cover: 2258
  Implied bound: 675
  Projected implied bound: 54
  Clique: 210
  MIR: 499
  StrongCG: 55
  Flow cover: 1703
  GUB cover: 10
  Inf proof: 31
  Zero half: 13
  Network: 32
  RLT: 77
  Relax-and-lift: 193

Explored 254966 nodes (24687020 simplex iterations) in 781.93 seconds (1091.21 work units)
Thread count was 8 (of 8 available processors)

Solution count 10: 14943 14943 14943 ... 14964

Solve interrupted
Best objective 1.494299975091e+04, best bound 1.287843174937e+04, gap 13.8163%

User-callback calls 800611, time in user-callback 2.04 sec

Statistics for modelBBUP_W:
  Linear constraint matrix    : 12216 Constrs, 5181 Vars, 44821 NZs
  Variable types              : 1726 Continuous,
3455 Integer (649 Binary)
  Matrix coefficient range    : [ 1, 200 ]
  Objective coefficient range : [ 1, 384 ]
  Variable bound range        : [ 1, 199 ]
  RHS coefficient range       : [ 1, 549 ]
