
Gurobi 10.0.1 (mac64[arm]) logging started Mon Apr  1 00:57:28 2024

Set parameter LogFile to value "/Users/deniserings/Documents/zib/s-bahn-data/scripts/DeniseMA/processed/BBUP_W/RENS/BBUP_W_subMBP_random2_0.9_202403312233.log"
Gurobi Optimizer version 10.0.1 build v10.0.1rc0 (mac64[arm])

CPU model: Apple M2
Thread count: 8 physical cores, 8 logical processors, using up to 8 threads

Optimize a model with 12216 rows, 5181 columns and 44821 nonzeros
Model fingerprint: 0xd6bfe6bf
Variable types: 1726 continuous, 3455 integer (649 binary)
Coefficient statistics:
  Matrix range     [1e+00, 2e+02]
  Objective range  [1e+00, 4e+02]
  Bounds range     [1e+00, 2e+02]
  RHS range        [1e+00, 5e+02]
Presolve removed 5744 rows and 1824 columns
Presolve time: 0.09s
Presolved: 6472 rows, 3357 columns, 24642 nonzeros
Variable types: 909 continuous, 2448 integer (2448 binary)

Root relaxation: objective 1.268804e+04, 2328 iterations, 0.01 seconds (0.01 work units)

    Nodes    |    Current Node    |     Objective Bounds      |     Work
 Expl Unexpl |  Obj  Depth IntInf | Incumbent    BestBd   Gap | It/Node Time

     0     0 12688.0447    0  134          - 12688.0447      -     -    0s
     0     0 12703.6779    0  363          - 12703.6779      -     -    0s
     0     0 12703.6779    0  398          - 12703.6779      -     -    0s
     0     0 12750.2224    0  420          - 12750.2224      -     -    0s
     0     0 12753.2000    0  366          - 12753.2000      -     -    0s
     0     0 12769.2712    0  344          - 12769.2712      -     -    0s
     0     0 12769.3419    0  433          - 12769.3419      -     -    0s
     0     0 12769.3475    0  395          - 12769.3475      -     -    0s
     0     0 12769.3755    0  462          - 12769.3755      -     -    0s
     0     0 12769.3755    0  455          - 12769.3755      -     -    0s
     0     0 12769.3771    0  564          - 12769.3771      -     -    0s
     0     0 12769.3771    0  198          - 12769.3771      -     -    0s
     0     2 12769.3771    0  196          - 12769.3771      -     -    1s
H 1587  1233                    15289.000000 12778.0000  16.4%  34.8    3s
H 1590  1173                    15269.000000 12778.0000  16.3%  34.8    4s
  1594  1176 12810.0000    8  309 15269.0000 12781.0852  16.3%  34.7    5s
H 1600  1121                    15256.000000 12785.7901  16.2%  34.6    6s
H 1600  1064                    15250.000000 12785.7901  16.2%  34.6    6s
H 1602  1012                    15210.000000 12786.0721  15.9%  34.5    6s
H 1608   964                    15198.000000 12790.4843  15.8%  34.4    7s
H 1610   917                    15193.000000 12790.5317  15.8%  34.3    7s
H 1610   871                    15178.000000 12790.5317  15.7%  34.3    7s
H 1610   827                    15152.000000 12790.5317  15.6%  34.3    7s
H 1611   785                    15149.000000 12790.5317  15.6%  34.3    7s
H 1611   745                    15136.000000 12790.5317  15.5%  34.3    7s
H 1612   708                    15118.000000 12790.5317  15.4%  34.3    8s
H 1614   673                    15108.000000 12790.5410  15.3%  34.3    8s
H 1616   641                    15107.000000 12790.5411  15.3%  34.2    8s
  1700   677 infeasible   19      15107.0000 12805.2454  15.2%  70.6   10s
H 1805   701                    15097.000000 12805.2454  15.2%  69.3   10s
H 1832   685                    15093.000000 12805.2454  15.2%  69.0   11s
H 1835   655                    15086.000000 12805.2454  15.1%  68.9   11s
H 1837   626                    15074.000000 12805.2454  15.1%  68.9   11s
H 1847   605                    15068.000000 12805.2454  15.0%  68.9   11s
H 1872   591                    15063.000000 12805.2454  15.0%  68.9   11s
  3653  1713 13154.0000   49  227 15063.0000 12806.9075  15.0%  52.6   15s
  6287  3330 infeasible  114      15063.0000 12806.9075  15.0%  48.6   20s
H 6312  3327                    15030.000000 12806.9075  14.8%  48.9   20s
H 7010  3883                    15029.000000 12806.9075  14.8%  50.2   21s
H 7040  3871                    14994.000000 12806.9075  14.6%  50.3   21s
H 7930  4693                    14988.000000 12806.9075  14.6%  49.3   22s
H 8941  5028                    14986.000000 12806.9075  14.5%  49.2   24s
  9029  5227 13770.5043   43  162 14986.0000 12806.9075  14.5%  49.8   25s
H 9267  5225                    14975.000000 12806.9075  14.5%  49.7   25s
 11747  6886 13109.2653   36  228 14975.0000 12806.9075  14.5%  50.4   30s
H13206  7643                    14966.000000 12806.9075  14.4%  52.2   33s
 13577  8528 13098.3270   37  284 14966.0000 12806.9075  14.4%  53.1   35s
 14794  9756 14085.8666   47  251 14966.0000 12806.9075  14.4%  54.2   40s
 17857 11421 14397.0000   70  141 14966.0000 12806.9075  14.4%  59.8   47s
 20165 12100 13973.0000   51  190 14966.0000 12806.9075  14.4%  61.5   52s
H20217 12100                    14965.999987 12806.9075  14.4%  61.5   52s
H20450 12100                    14965.999984 12806.9075  14.4%  62.1   52s
 21441 13711 12814.0165   34  285 14966.0000 12806.9075  14.4%  64.0   57s
 23602 14516 14004.0362   58  140 14966.0000 12806.9075  14.4%  64.1   62s
 25837 15568 infeasible   31      14966.0000 12807.0271  14.4%  65.0   66s
 28328 16946 12930.2775   25  376 14966.0000 12808.3178  14.4%  65.8   71s
 29398 17362 12889.0000   47  198 14966.0000 12808.4170  14.4%  67.2   86s
 29410 17370 14841.0000   77  219 14966.0000 12808.4170  14.4%  67.1   90s
 29416 17374 13559.3400   57  166 14966.0000 12808.4170  14.4%  67.1   95s
 29423 17379 12890.0000   26  421 14966.0000 12810.7273  14.4%  67.1  100s
 29790 17611 13170.0000   46  136 14966.0000 12817.9543  14.4%  68.7  105s
 31135 18157 12889.0000   40  202 14966.0000 12817.9543  14.4%  68.8  110s
 33270 18785 12869.7739   39  415 14966.0000 12817.9543  14.4%  69.6  115s
 34834 19390 infeasible   45      14966.0000 12817.9543  14.4%  70.6  120s
 36664 20225 12817.9543   37  350 14966.0000 12817.9543  14.4%  72.5  125s
 38450 20652 13102.6171   37  409 14966.0000 12817.9543  14.4%  73.7  130s
 40695 20906 infeasible   35      14966.0000 12817.9543  14.4%  75.2  135s
 42572 21366 infeasible   40      14966.0000 12817.9543  14.4%  77.4  141s
 43365 21727 13744.5395   57  191 14966.0000 12817.9543  14.4%  79.3  145s
 45150 22191 infeasible   41      14966.0000 12817.9543  14.4%  80.2  150s
 46673 23719 12874.5929   42  305 14966.0000 12817.9543  14.4%  82.7  158s
 49196 23426 13048.8028   38  402 14966.0000 12817.9543  14.4%  83.2  161s
 50011 23492 13299.1913   53  321 14966.0000 12817.9543  14.4%  84.3  165s
 51432 24656 12817.9543   32  367 14966.0000 12817.9543  14.4%  86.5  172s
 53218 24607 12927.9673   41  413 14966.0000 12817.9543  14.4%  87.3  175s
 54936 25643 14320.3499   63  223 14966.0000 12817.9543  14.4%  89.5  183s
 56876 25672 infeasible   74      14966.0000 12817.9543  14.4%  90.3  187s
 57955 26010 12859.1041   41  412 14966.0000 12817.9543  14.4%  91.3  191s
 60525 26527 12962.5628   40  405 14966.0000 12817.9543  14.4%  92.3  198s
 61425 26686 12817.9543   37  384 14966.0000 12817.9543  14.4%  92.9  202s
 62512 27061 13139.5500   45  315 14966.0000 12817.9543  14.4%  93.9  207s
 63687 28036 14908.7714   90   45 14966.0000 12817.9543  14.4%  94.8  211s
 66119 27551 12817.9543   42  364 14966.0000 12817.9543  14.4%  95.0  215s
 67541 28128 14894.3571   78  111 14966.0000 12817.9543  14.4%  96.4  223s
 68434 28577 13005.5427   52  221 14966.0000 12817.9543  14.4%  97.2  228s
 69527 29048 12817.9543   49  481 14966.0000 12817.9543  14.4%  97.7  232s
 71099 28973 12817.9543   45  319 14966.0000 12817.9543  14.4%  98.3  236s
 71893 29352 12817.9543   46  352 14966.0000 12817.9543  14.4%  99.0  240s
 72921 29654 12817.9543   43  375 14966.0000 12817.9543  14.4%   100  245s
H74183 29423                    14965.999975 12817.9543  14.4%   100  249s
 76005 29269 12851.8471   46  433 14966.0000 12817.9543  14.4%   101  253s
 76786 29801 13375.9726   58  255 14966.0000 12817.9543  14.4%   101  258s
 78060 30263 12931.2897   44  423 14966.0000 12817.9543  14.4%   102  263s
 79521 31188 12817.9543   47  551 14966.0000 12817.9543  14.4%   102  267s
 81763 31542 14341.9390   66  190 14966.0000 12817.9543  14.4%   102  270s
 83170 32403 13270.4694   46  330 14966.0000 12817.9543  14.4%   103  276s
 83968 32867 13177.0594   56  308 14966.0000 12817.9543  14.4%   104  280s
 86773 34490 14199.8477   67  120 14966.0000 12817.9543  14.4%   104  286s
 87627 34809 13134.8244   52  308 14966.0000 12817.9543  14.4%   104  290s
 88978 35728 13076.5902   48  377 14966.0000 12817.9543  14.4%   104  296s
 91536 37168 infeasible   63      14966.0000 12817.9543  14.4%   104  302s
 92158 37932 14892.4833   81   77 14966.0000 12817.9543  14.4%   105  307s
 93412 38469 14750.1818   68   83 14966.0000 12817.9543  14.4%   105  310s
 95382 39909 12969.5480   52  363 14966.0000 12817.9543  14.4%   106  318s
 96881 40406 infeasible   70      14966.0000 12817.9543  14.4%   106  321s
 97701 40803 13088.8853   35  315 14966.0000 12817.9543  14.4%   107  325s
 99431 42533 14634.0000   50  140 14966.0000 12817.9543  14.4%   107  333s
 101101 42992 infeasible   44      14966.0000 12817.9543  14.4%   107  336s
 101766 43596 14104.2656   75  101 14966.0000 12817.9543  14.4%   108  340s
 103788 45046 13825.3085   58  285 14966.0000 12817.9543  14.4%   108  347s
 105229 45781 12877.6956   43  323 14966.0000 12817.9543  14.4%   108  350s
 107254 46816 13002.6757   50  388 14966.0000 12817.9543  14.4%   108  357s
 108175 47513 infeasible   40      14966.0000 12817.9543  14.4%   108  361s
 110369 48893 13160.5183   52  256 14966.0000 12817.9543  14.4%   109  368s
 111810 49282 12832.7416   39  386 14966.0000 12817.9543  14.4%   108  371s
 113179 50194 13030.2826   59  208 14966.0000 12817.9543  14.4%   109  378s
 113928 50638 14665.4988   64   87 14966.0000 12817.9543  14.4%   109  381s
 115630 51979 12841.2597   51  410 14966.0000 12818.3721  14.4%   110  388s
 117057 52450 14026.7067   45  242 14966.0000 12818.9990  14.3%   110  391s
 117860 52881 14202.6804   56  226 14966.0000 12819.3711  14.3%   110  395s
 119812 53841 14278.2127   57  153 14966.0000 12820.3517  14.3%   110  402s
 120609 54159 13281.8204   45  297 14966.0000 12820.5929  14.3%   110  405s
 121494 55379 13065.5784   44  355 14966.0000 12820.5929  14.3%   111  419s
 123352 56235 infeasible   56      14966.0000 12820.5929  14.3%   112  425s
 124851 57033 13649.4935   63  217 14966.0000 12820.5931  14.3%   112  431s
 126370 57760 13429.3865   42  327 14966.0000 12820.7543  14.3%   113  436s
 127661 59005 12824.5124   44  478 14966.0000 12820.8566  14.3%   113  441s
 129986 59367 infeasible   49      14966.0000 12820.8884  14.3%   113  445s
 131490 60237 13199.7286   41  429 14966.0000 12821.2669  14.3%   114  453s
 132206 60600 13366.8533   48  308 14966.0000 12821.9093  14.3%   114  456s
 132902 61170 13270.8003   44  389 14966.0000 12822.4531  14.3%   114  460s
 133851 61752 13209.1211   45  416 14966.0000 12822.7154  14.3%   115  465s
 135614 62570 13211.3858   47  448 14966.0000 12823.6116  14.3%   115  472s
 136184 63115 13242.0583   44  526 14966.0000 12823.9972  14.3%   115  477s
 137226 63602 13221.4041   51  526 14966.0000 12824.4192  14.3%   116  482s
 138076 63978 14100.1228   54  339 14966.0000 12824.6073  14.3%   116  487s
 138853 64461 infeasible   39      14966.0000 12825.0556  14.3%   117  491s
 139718 65254 13363.8855   56  407 14966.0000 12825.5581  14.3%   117  496s
 140955 65680 14208.2713   59  264 14966.0000 12826.4467  14.3%   117  500s
 141777 66116 13230.4147   48  413 14966.0000 12826.6784  14.3%   118  505s
 143761 67046 14391.4828   60  123 14966.0000 12828.5650  14.3%   118  513s
 144659 67580 13311.9817   43  414 14966.0000 12829.1498  14.3%   119  518s
 145565 68128 13694.2839   44  385 14966.0000 12829.5873  14.3%   119  522s
 146505 68678 13368.4629   41  339 14966.0000 12830.4112  14.3%   119  526s
*147348 44774              96    14192.000000 12830.5929  9.59%   119  526s
 147410 44756 13455.2261   52  339 14192.0000 12830.5947  9.59%   119  530s
H147481 40795                    14043.000000 12830.5952  8.63%   119  530s
H147727 39586                    14002.000000 12830.6024  8.37%   120  530s
H148097 39483                    13995.000000 12831.0435  8.32%   120  534s
 148718 39680 13950.4203   57  343 13995.0000 12832.0360  8.31%   120  538s
 149338 39919 13384.5839   48  495 13995.0000 12832.6239  8.31%   121  543s
 150119 40067 13538.2563   52  276 13995.0000 12833.2587  8.30%   121  546s
 150593 40330     cutoff   53      13995.0000 12833.5342  8.30%   122  551s
 151431 40503 13387.7131   48  316 13995.0000 12834.7445  8.29%   122  557s
H151915 40444                    13993.000000 12835.0078  8.28%   123  557s
 152165 40719 13257.8432   46  364 13993.0000 12836.0612  8.27%   123  562s
 153086 40909 13917.2260   49  289 13993.0000 12838.1387  8.25%   124  567s
 153651 41234 13189.0546   36  416 13993.0000 12839.1498  8.25%   125  573s
 154366 41499 13688.4089   60  264 13993.0000 12839.5436  8.24%   125  578s
 155201 41733 infeasible   45      13993.0000 12840.9723  8.23%   126  584s
 156056 42023 13237.1797   47  412 13993.0000 12842.5071  8.22%   127  591s
 157095 42345 13491.6003   45  263 13993.0000 12843.4021  8.22%   128  597s
 158060 42659 13443.3392   44  405 13993.0000 12844.6193  8.21%   128  603s
 159113 42958 13244.7270   41  316 13993.0000 12846.0752  8.20%   129  609s
 160096 43267 infeasible   66      13993.0000 12847.0842  8.19%   130  614s
 161068 43591 13338.2596   53  191 13993.0000 12848.5929  8.18%   130  620s
 162002 43792 13409.0378   53  248 13993.0000 12849.6054  8.17%   131  625s
 162670 44095 13813.7041   45  365 13993.0000 12850.5929  8.16%   132  631s
 163846 44422 13531.1258   44  327 13993.0000 12851.3130  8.16%   132  637s
 164952 44598 13345.2308   56  420 13993.0000 12852.5514  8.15%   133  640s
 165453 44765 13628.8391   38  363 13993.0000 12853.2289  8.15%   133  648s
 165828 45409 13683.6801   39  280 13993.0000 12853.4078  8.14%   134  656s
 167468 45744     cutoff   43      13993.0000 12855.3784  8.13%   134  661s
 168512 46076     cutoff   46      13993.0000 12856.8006  8.12%   135  666s
 169404 46340 13240.1922   46  443 13993.0000 12858.4871  8.11%   135  671s
 170213 46707 13256.1091   52  410 13993.0000 12859.4681  8.10%   136  677s
 171279 47105 infeasible   50      13993.0000 12860.5929  8.09%   136  682s
 172352 47389 13464.6965   45  296 13993.0000 12861.2225  8.09%   137  688s
 173292 47676 13553.7703   43  450 13993.0000 12862.6408  8.08%   137  693s
 174096 48006 13963.5125   54  233 13993.0000 12863.3774  8.07%   138  697s
 174999 48280 13605.7856   43  364 13993.0000 12864.5929  8.06%   138  703s
 175771 48539 13234.3285   49  434 13993.0000 12865.5722  8.06%   138  707s
 176571 48827 13645.7008   58  355 13993.0000 12866.7043  8.05%   139  712s
 177410 49062 infeasible   63      13993.0000 12867.6222  8.04%   139  717s
 178338 49302 infeasible   46      13993.0000 12868.7476  8.03%   140  722s
 179167 49661 13917.6539   54  314 13993.0000 12869.9877  8.03%   140  727s
 180259 49888 13949.8217   52  315 13993.0000 12871.4174  8.02%   141  731s
 180943 50009 13406.4218   53  398 13993.0000 12872.4170  8.01%   141  735s
 181406 50256 13613.0124   40  379 13993.0000 12872.4519  8.01%   142  742s
 182293 50645 13429.2949   49  283 13993.0000 12873.0342  8.00%   142  748s
 183313 51030 13270.6555   41  502 13993.0000 12874.5929  7.99%   143  754s
 184478 51216 13710.4431   44  350 13993.0000 12876.3736  7.98%   143  759s
 185235 51173 infeasible   44      13993.0000 12877.8260  7.97%   144  764s
 185519 51121 infeasible   43      13993.0000 12878.0000  7.97%   145  770s
 185774 51165 13464.8291   59  422 13993.0000 12878.0000  7.97%   146  776s
 186267 51545 13223.8833   40  448 13993.0000 12878.0000  7.97%   146  782s
 187453 51736 13577.6882   50  352 13993.0000 12880.5929  7.95%   147  788s
 188427 52051 infeasible   40      13993.0000 12881.9571  7.94%   148  794s
 189344 52388 13709.5544   53  279 13993.0000 12882.8497  7.93%   148  801s
 190399 52752 13201.4066   43  465 13993.0000 12884.0989  7.92%   149  807s
 191635 53061 13489.5755   45  263 13993.0000 12885.8064  7.91%   149  813s
 192745 53353 13383.0510   48  284 13993.0000 12887.1498  7.90%   149  819s
 193800 53521 13423.5400   54  283 13993.0000 12888.2462  7.90%   150  825s
 194531 53816 13445.8913   43  348 13993.0000 12889.0000  7.89%   150  830s
 196100 54212 13446.1149   45  438 13993.0000 12890.6766  7.88%   151  840s
 197010 54462 13381.1342   39  445 13993.0000 12891.9564  7.87%   152  846s
 197929 54708 13933.0392   55  263 13993.0000 12893.1875  7.86%   152  852s
 199087 55027 13845.8221   52  302 13993.0000 12894.0149  7.85%   153  857s
 200218 55258 13395.9084   44  340 13993.0000 12895.0000  7.85%   153  863s
 201075 55478 13939.7594   56  193 13993.0000 12895.5201  7.84%   153  868s
 201935 55668     cutoff   52      13993.0000 12896.9325  7.83%   154  873s
 202828 55935 infeasible   55      13993.0000 12898.0475  7.83%   154  878s
 203700 56214 13242.8824   39  367 13993.0000 12899.7262  7.81%   155  883s
 204653 56465     cutoff   47      13993.0000 12900.7016  7.81%   155  888s
 205539 56653 13689.8521   48  203 13993.0000 12901.2190  7.80%   156  893s
 206281 56844 13362.2951   62  213 13993.0000 12902.7262  7.79%   156  898s
 207068 57010     cutoff   61      13993.0000 12904.3207  7.78%   156  903s
 207960 57283     cutoff   61      13993.0000 12906.0818  7.77%   157  909s
 208960 57534 13447.6233   40  349 13993.0000 12906.9064  7.76%   157  914s
 209811 57812 13264.5225   45  403 13993.0000 12908.5905  7.75%   157  919s
 210739 57984 13400.8725   45  407 13993.0000 12909.3961  7.74%   158  922s
H211181 57984                    13992.999998 12909.6026  7.74%   158  922s
 211301 58294 13301.5546   41  463 13993.0000 12910.0464  7.74%   158  928s
H211598 58294                    13992.999988 12910.0464  7.74%   158  928s
 212371 58575     cutoff   52      13993.0000 12911.4040  7.73%   158  933s
 213335 58907 13799.4870   51  178 13993.0000 12912.6171  7.72%   158  938s
 214316 59183 13401.8683   53  459 13993.0000 12913.3789  7.72%   158  943s
 215150 59404     cutoff   55      13993.0000 12914.3790  7.71%   159  948s
 216043 59639 13281.0359   49  289 13993.0000 12915.1743  7.70%   159  952s
 216855 59924 13201.0773   46  391 13993.0000 12916.6125  7.69%   159  957s
 217783 60124 13956.6516   62  273 13993.0000 12917.2386  7.69%   160  962s
 218625 60318 13789.6906   57  277 13993.0000 12918.5929  7.68%   160  967s
 219561 60531 13344.1096   46  461 13993.0000 12920.3942  7.67%   160  972s
 220428 60747 13329.2072   48  342 13993.0000 12921.1906  7.66%   160  976s
 221149 61028 13340.5572   45  354 13993.0000 12922.5929  7.65%   161  981s
 222018 61195 13922.3706   62  273 13993.0000 12922.9001  7.65%   161  986s
 222752 61635 13424.8695   51  438 13993.0000 12924.4884  7.64%   161  991s
 223977 61943 13761.4682   52  249 13993.0000 12925.5107  7.63%   162  995s
 224985 62201 13322.3513   46  420 13993.0000 12926.8838  7.62%   162 1000s
 226578 62576 13887.2384   49  290 13993.0000 12928.7016  7.61%   162 1010s
 228498 63134 13648.6513   51  260 13993.0000 12930.6956  7.59%   163 1019s
 229478 63424 13391.9864   50  372 13993.0000 12932.1667  7.58%   163 1024s
 230309 63700 13316.5124   48  320 13993.0000 12932.7024  7.58%   163 1029s
 231446 63891     cutoff   59      13993.0000 12933.3075  7.57%   163 1033s
 232212 64122 infeasible   38      13993.0000 12934.5072  7.56%   164 1037s
 233052 64287 13897.1838   57  283 13993.0000 12935.7157  7.56%   164 1042s
 233886 64501     cutoff   59      13993.0000 12936.8546  7.55%   164 1046s
 234691 64679 13767.2271   50  289 13993.0000 12938.5929  7.54%   164 1051s
 235621 64812 13409.5075   56  223 13993.0000 12939.7507  7.53%   165 1055s
 236385 65002 13397.3955   44  309 13993.0000 12941.0811  7.52%   165 1060s
 238322 65418 13539.7482   49  235 13993.0000 12943.1271  7.50%   165 1068s
 239160 65693 13758.6625   54  274 13993.0000 12944.6275  7.49%   165 1073s
 240048 65904 13440.8143   51  280 13993.0000 12945.7995  7.48%   166 1077s
 240871 66090 13361.1938   50  453 13993.0000 12946.8132  7.48%   166 1081s
 241516 66446 13400.4072   50  214 13993.0000 12948.2661  7.47%   166 1086s
 242683 66634 infeasible   51      13993.0000 12949.8278  7.45%   166 1090s
 243323 66889 13764.2691   50  292 13993.0000 12951.0052  7.45%   167 1095s
 245221 67273 infeasible   61      13993.0000 12954.0704  7.42%   167 1103s
 245900 67512 infeasible   51      13993.0000 12955.0136  7.42%   167 1108s
 246757 67709 13646.7794   50  329 13993.0000 12956.4609  7.41%   167 1112s
 247526 67968 13249.9544   45  484 13993.0000 12957.9104  7.40%   168 1116s
 248316 68289 13464.4206   54  214 13993.0000 12959.5104  7.39%   168 1120s
 249265 68510 13565.0630   46  207 13993.0000 12960.6782  7.38%   168 1125s
 250109 68792 13437.6983   43  416 13993.0000 12961.3277  7.37%   168 1130s
 251881 69269 13322.3538   54  291 13993.0000 12964.4214  7.35%   168 1138s
 252717 69486 13347.1005   51  450 13993.0000 12965.7024  7.34%   169 1143s
 253691 69632 13709.8025   50  354 13993.0000 12966.7634  7.33%   169 1147s
 254423 69759 13945.2422   56  238 13993.0000 12968.8360  7.32%   169 1152s
 255171 69983 13260.4307   42  420 13993.0000 12970.4553  7.31%   169 1156s
 256167 70090 infeasible   60      13993.0000 12971.4942  7.30%   169 1161s

Cutting planes:
  Learned: 139
  Gomory: 287
  Cover: 1722
  Implied bound: 501
  Projected implied bound: 41
  Clique: 194
  MIR: 721
  StrongCG: 181
  Flow cover: 2462
  GUB cover: 11
  Inf proof: 25
  Zero half: 26
  Network: 69
  RLT: 141
  Relax-and-lift: 232
  BQP: 1

Explored 256792 nodes (43593671 simplex iterations) in 1161.18 seconds (1854.32 work units)
Thread count was 8 (of 8 available processors)

Solution count 10: 13993 13993 13993 ... 14966

Solve interrupted
Best objective 1.399299998867e+04, best bound 1.297246115893e+04, gap 7.2932%

User-callback calls 865421, time in user-callback 2.07 sec

Statistics for modelBBUP_W:
  Linear constraint matrix    : 12216 Constrs, 5181 Vars, 44821 NZs
  Variable types              : 1726 Continuous,
3455 Integer (649 Binary)
  Matrix coefficient range    : [ 1, 200 ]
  Objective coefficient range : [ 1, 384 ]
  Variable bound range        : [ 1, 199 ]
  RHS coefficient range       : [ 1, 549 ]
