
Gurobi 10.0.1 (mac64[arm]) logging started Mon Apr  1 01:16:51 2024

Set parameter LogFile to value "/Users/deniserings/Documents/zib/s-bahn-data/scripts/DeniseMA/processed/BBUP_W/RENS/BBUP_W_subMBP_random0_0.6_202403312233.log"
Gurobi Optimizer version 10.0.1 build v10.0.1rc0 (mac64[arm])

CPU model: Apple M2
Thread count: 8 physical cores, 8 logical processors, using up to 8 threads

Optimize a model with 12198 rows, 5181 columns and 44803 nonzeros
Model fingerprint: 0x66043473
Variable types: 1726 continuous, 3455 integer (649 binary)
Coefficient statistics:
  Matrix range     [1e+00, 2e+02]
  Objective range  [1e+00, 4e+02]
  Bounds range     [1e+00, 2e+02]
  RHS range        [1e+00, 5e+02]
Presolve removed 5696 rows and 1812 columns
Presolve time: 0.09s
Presolved: 6502 rows, 3369 columns, 24730 nonzeros
Variable types: 912 continuous, 2457 integer (2457 binary)

Root relaxation: objective 1.268804e+04, 2326 iterations, 0.01 seconds (0.01 work units)

    Nodes    |    Current Node    |     Objective Bounds      |     Work
 Expl Unexpl |  Obj  Depth IntInf | Incumbent    BestBd   Gap | It/Node Time

     0     0 12688.0447    0  120          - 12688.0447      -     -    0s
     0     0 12726.0000    0  474          - 12726.0000      -     -    0s
     0     0 12726.0000    0  451          - 12726.0000      -     -    0s
     0     0 12756.1494    0  511          - 12756.1494      -     -    0s
     0     0 12756.1494    0  397          - 12756.1494      -     -    0s
     0     0 12766.8109    0  522          - 12766.8109      -     -    0s
     0     0 12766.8109    0  411          - 12766.8109      -     -    0s
     0     0 12766.8109    0  387          - 12766.8109      -     -    0s
     0     0 12766.8109    0  446          - 12766.8109      -     -    0s
     0     0 12766.8109    0  420          - 12766.8109      -     -    0s
     0     0 12766.8109    0  455          - 12766.8109      -     -    0s
     0     0 12769.2712    0  443          - 12769.2712      -     -    0s
     0     0 12769.2712    0  469          - 12769.2712      -     -    0s
     0     0 12769.2712    0  154          - 12769.2712      -     -    0s
     0     0 12769.2712    0  295          - 12769.2712      -     -    0s
     0     0 12769.2712    0  228          - 12769.2712      -     -    1s
     0     0 12769.2712    0  193          - 12769.2712      -     -    1s
     0     0 12769.2712    0  112          - 12769.2712      -     -    1s
     0     0 12769.2712    0  328          - 12769.2712      -     -    1s
     0     0 12769.2712    0  362          - 12769.2712      -     -    1s
     0     0 12769.2712    0  379          - 12769.2712      -     -    1s
     0     0 12771.8705    0  390          - 12771.8705      -     -    1s
     0     0 12771.8705    0  330          - 12771.8705      -     -    1s
     0     0 12774.2839    0  358          - 12774.2839      -     -    2s
     0     0 12774.3050    0  320          - 12774.3050      -     -    2s
     0     0 12774.3050    0  360          - 12774.3050      -     -    2s
     0     0 12774.3050    0  342          - 12774.3050      -     -    2s
     0     0 12774.3050    0  302          - 12774.3050      -     -    2s
     0     0 12774.3050    0  270          - 12774.3050      -     -    2s
     0     0 12774.3050    0  134          - 12774.3050      -     -    2s
     0     0 12774.3050    0  155          - 12774.3050      -     -    2s
     0     0 12774.3050    0  137          - 12774.3050      -     -    2s
     0     0 12774.3050    0  250          - 12774.3050      -     -    2s
     0     0 12774.3050    0  168          - 12774.3050      -     -    2s
     0     0 12774.3050    0  168          - 12774.3050      -     -    2s
     0     2 12774.3050    0  161          - 12774.3050      -     -    3s
  1770  1448 12778.0000    7  367          - 12778.0000      -  29.2    5s
  3489  2265 12895.2086   21  290          - 12783.5396      -  43.1   10s
H 4885  2957                    15077.000000 12795.2900  15.1%  38.9   11s
H 5519  3091                    15074.000000 12795.2900  15.1%  38.1   11s
H 5572  3012                    15064.000000 12795.2900  15.1%  38.0   11s
H 5773  3053                    15061.000000 12795.2900  15.0%  38.0   12s
H 5873  3117                    15045.000000 12795.2900  15.0%  38.0   12s
H 5878  3116                    15031.000000 12795.2900  14.9%  38.0   12s
H 5906  3267                    15010.000000 12795.2900  14.8%  37.9   13s
H 6135  3285                    14993.000000 12795.2900  14.7%  38.2   13s
H 6265  3444                    14987.000000 12795.2900  14.6%  38.4   13s
  6642  3731 12930.0000   63  233 14987.0000 12795.2900  14.6%  38.5   15s
 11415  7112 infeasible   47      14987.0000 12807.2807  14.5%  36.6   20s
 17521 11738 12936.3912   58  276 14987.0000 12810.3029  14.5%  37.8   25s
 21604 13696 infeasible   83      14987.0000 12810.3029  14.5%  40.3   30s
 26260 16560 infeasible   45      14987.0000 12810.3029  14.5%  42.6   35s
H27701 17449                    14983.000000 12810.3029  14.5%  43.2   36s
 29971 18641 12902.0000   22  193 14983.0000 12810.3029  14.5%  43.8   47s
 29979 18646 13302.5600   64  318 14983.0000 12810.3029  14.5%  43.8   50s
H29979 17713                    14974.000000 12810.3029  14.4%  43.8   51s
H29982 16829                    14970.000000 12810.3029  14.4%  43.8   53s
 29985 16831 12932.0000   38  408 14970.0000 12810.3029  14.4%  43.8   55s
H30430 16199                    14967.000000 12810.3029  14.4%  44.9   59s
 30509 16246 13375.6637   54  249 14967.0000 12810.3029  14.4%  45.1   60s
H30651 15529                    14962.000000 12810.3029  14.4%  45.4   60s
H30825 14929                    14961.000000 12810.3029  14.4%  45.6   61s
H31193 14338                    14960.000000 12810.3029  14.4%  45.9   63s
 31838 14606 infeasible   32      14960.0000 12810.3029  14.4%  46.7   65s
 34253 15966 12810.3029   31  406 14960.0000 12810.3029  14.4%  49.1   70s
H34830 15088                    14943.000000 12810.3029  14.3%  49.5   70s
H36992 14637                    14942.999804 12810.3029  14.3%  51.2   73s
 37601 15401 13480.3407   52  319 14942.9998 12810.3029  14.3%  52.2   76s
 39835 15755 14897.0000   72   46 14942.9998 12810.3029  14.3%  54.6   80s
 42642 16118 12921.3367   47  270 14942.9998 12810.3029  14.3%  56.9   86s
 43594 17227 12839.7056   45  396 14942.9998 12810.3029  14.3%  59.0   90s
 45884 17693 12954.5063   40  237 14942.9998 12810.3029  14.3%  60.7   96s
 47320 18516 14597.3194   60  125 14942.9998 12810.3029  14.3%  62.8  100s
 50499 18575 13780.8096   54  264 14942.9998 12810.3029  14.3%  65.5  108s
 51330 18977 12914.1236   38  356 14942.9998 12810.3029  14.3%  66.2  111s
 52338 19505 14031.8372   63  115 14942.9998 12810.3029  14.3%  67.7  115s
 54931 19990 12810.3029   40  387 14942.9998 12810.3029  14.3%  70.9  123s
 55846 21371 12813.9088   37  446 14942.9998 12810.3029  14.3%  71.9  127s
 58798 20999 infeasible   71      14942.9998 12810.3029  14.3%  73.0  131s
 59725 21223 12928.4919   43  443 14942.9998 12810.3029  14.3%  74.1  135s
 62013 21843 infeasible   43      14942.9998 12810.3029  14.3%  75.7  140s
 63769 23045 12827.7785   41  390 14942.9998 12810.3029  14.3%  77.3  147s
 65798 22932 13216.6340   49  352 14942.9998 12810.3029  14.3%  78.1  151s
 67647 24067 14492.6983   74  132 14942.9998 12810.3029  14.3%  79.5  158s
 69016 24633 12810.3029   42  362 14942.9998 12810.3029  14.3%  80.3  162s
 69893 25736 12931.3298   33  386 14942.9998 12810.3029  14.3%  81.2  165s
 72833 26844 12810.3029   31  327 14942.9998 12810.3029  14.3%  82.7  173s
 74121 27400 12810.3029   31  423 14942.9998 12810.3029  14.3%  83.1  176s
 76590 28734 12810.3029   38  432 14942.9998 12810.3029  14.3%  84.2  182s
 77212 29265 12810.3029   37  406 14942.9998 12810.3029  14.3%  84.9  186s
 78058 29980 13412.0810   54  225 14942.9998 12810.3029  14.3%  85.5  190s
 80189 31926 13658.6374   51  262 14942.9998 12810.3029  14.3%  87.3  198s
 82426 32390 infeasible   40      14942.9998 12810.3029  14.3%  87.9  202s
 83280 32841 12810.3029   34  395 14942.9998 12810.3029  14.3%  88.8  206s
 84022 33532 12810.3029   38  447 14942.9998 12810.3029  14.3%  89.8  210s
 86189 34773 13259.5100   59  109 14942.9998 12810.3029  14.3%  91.1  219s
 87430 35488 13006.6507   47  294 14942.9998 12810.3029  14.3%  92.1  223s
 88687 36692 13021.8574   52  340 14942.9998 12810.3029  14.3%  92.9  228s
 91060 37044 12810.3029   41  445 14942.9998 12810.3029  14.3%  93.1  231s
 91767 37739 12918.2998   44  308 14942.9998 12810.3029  14.3%  93.6  236s
 93244 38449 13292.2584   34  420 14942.9998 12810.3029  14.3%  94.5  240s
 97067 40102 13629.3258   47  285 14942.9998 12810.3029  14.3%  95.0  247s
 97694 40356 14292.5254   57  191 14942.9998 12810.3029  14.3%  95.4  250s
 99177 41030 12991.1969   47  427 14942.9998 12810.3029  14.3%  96.1  255s
 100576 41890 12810.3029   36  511 14942.9998 12810.3029  14.3%  97.0  261s
 102252 42623 12828.1575   33  420 14942.9998 12810.3029  14.3%  97.8  267s
 103026 43566 13138.0924   34  395 14942.9998 12810.3029  14.3%  98.4  271s
 104614 44065 12978.5359   35  360 14942.9998 12810.3029  14.3%  98.6  275s
 106366 45269 infeasible   39      14942.9998 12810.3029  14.3%  99.4  284s
 107710 46094 14623.0000   74   70 14942.9998 12810.3029  14.3%   100  288s
 109006 46875 12810.3029   32  406 14942.9998 12810.3029  14.3%   101  294s
 110263 48340 12810.3029   41  428 14942.9998 12810.3029  14.3%   101  299s
 112752 48991 12810.3029   37  438 14942.9998 12810.3029  14.3%   102  303s
 113888 49652 12810.3029   36  436 14942.9998 12810.3029  14.3%   102  308s
 114997 50399 12810.3029   40  375 14942.9998 12810.3029  14.3%   102  312s
 116144 51462 12810.3029   39  495 14942.9998 12810.3029  14.3%   103  317s
 117820 52054 12810.3029   40  460 14942.9998 12810.3029  14.3%   103  322s
 118817 52684 12929.5915   35  348 14942.9998 12810.3029  14.3%   104  326s
 119882 53572 13558.8190   47  315 14942.9998 12810.3029  14.3%   104  331s
 121320 54602 13072.5568   45  276 14942.9998 12810.3029  14.3%   105  335s
 123693 55468 13260.5889   36  262 14942.9998 12810.3029  14.3%   105  341s
 124584 56078 13151.3226   46  271 14942.9998 12810.3029  14.3%   105  345s
*124980 39092             110    14105.000000 12810.3029  9.18%   105  345s
H125640 39066                    14081.000000 12810.3029  9.02%   105  350s
H127168 38610                    14043.000000 12810.3029  8.78%   106  354s
H127803 38831                    14035.000000 12810.3029  8.73%   106  358s
 128723 39286 12852.4114   41  480 14035.0000 12810.3029  8.73%   107  363s
H128829 39208                    14032.000000 12810.3029  8.71%   107  363s
 129593 39645 13066.6462   45  463 14032.0000 12810.3029  8.71%   107  367s
 130467 39970 14000.0000   69  129 14032.0000 12810.3029  8.71%   108  371s
 131330 40326 13024.4679   38  286 14032.0000 12810.3029  8.71%   109  376s
 132156 40580 12810.3029   34  393 14032.0000 12810.3029  8.71%   109  380s
 133875 41507 13995.0839   52  208 14032.0000 12810.3029  8.71%   110  388s
 134849 41913 13667.4493   52  165 14032.0000 12810.3029  8.71%   111  392s
 135716 42343 13379.8281   42  468 14032.0000 12810.3029  8.71%   111  397s
 137645 43068 12811.2065   44  388 14032.0000 12810.3029  8.71%   112  403s
 138278 43500 12810.3029   39  477 14032.0000 12810.3029  8.71%   112  407s
 139181 44031 12810.3029   38  439 14032.0000 12810.3029  8.71%   112  412s
 140092 44473 13052.9034   43  251 14032.0000 12810.3029  8.71%   113  417s
 141011 45023 12810.3029   40  488 14032.0000 12810.3029  8.71%   113  422s
 142026 45637 13418.8623   42  275 14032.0000 12810.3029  8.71%   114  428s
 143204 46231 12810.3029   42  500 14032.0000 12810.3029  8.71%   114  434s
 144266 46815 12826.5395   46  337 14032.0000 12810.3029  8.71%   115  440s
 145365 47564 12978.2514   49  281 14032.0000 12810.3029  8.71%   115  446s
 146831 48636 13508.6344   43  317 14032.0000 12810.3029  8.71%   116  452s
 148645 49200 13402.1969   49  341 14032.0000 12810.3029  8.71%   116  458s
 149779 49842 12845.0801   40  369 14032.0000 12810.3029  8.71%   117  464s
 151039 50292 infeasible   48      14032.0000 12810.3029  8.71%   117  468s
 151864 50983 13731.0945   47  288 14032.0000 12810.3029  8.71%   118  475s
 153188 52000 13338.7141   67  273 14032.0000 12810.3029  8.71%   118  481s
 155043 52559     cutoff   69      14032.0000 12810.3029  8.71%   119  486s
 156140 53221 13453.3492   59  195 14032.0000 12810.3029  8.71%   119  492s
 157433 53796 infeasible   40      14032.0000 12810.3029  8.71%   119  498s
 158598 54431 13201.1493   44  344 14032.0000 12810.3029  8.71%   120  504s
 159775 55127 12936.3768   41  270 14032.0000 12810.3029  8.71%   120  510s
 161059 55725 13079.7425   45  453 14032.0000 12810.3029  8.71%   121  516s
 162246 56389 13894.0958   59  289 14032.0000 12810.3029  8.71%   121  522s
 163530 57388 12831.4898   39  472 14032.0000 12810.3029  8.71%   122  528s
 165486 57734 13186.9611   43  309 14032.0000 12810.3029  8.71%   122  533s
 166242 58328 13783.0302   39  183 14032.0000 12810.3029  8.71%   122  540s
 167634 58949 12896.5165   44  343 14032.0000 12810.3029  8.71%   123  546s
 168852 59538 12820.9140   38  386 14032.0000 12810.3029  8.71%   123  553s
 170270 60174 13674.5073   55  205 14032.0000 12810.3029  8.71%   124  559s
 171673 60669 13133.0343   45  301 14032.0000 12810.3029  8.71%   124  565s
 172740 61086 13068.3708   52  311 14032.0000 12810.3029  8.71%   125  570s
 173780 61567 13006.1208   36  255 14032.0000 12810.3029  8.71%   125  575s
 174862 62042 12846.0372   40  423 14032.0000 12810.3029  8.71%   126  580s
 175987 62356 12810.3029   50  523 14032.0000 12810.3029  8.71%   126  585s
 176883 62763     cutoff   49      14032.0000 12810.3029  8.71%   126  590s
 177821 63232 13082.5377   41  491 14032.0000 12810.3029  8.71%   127  595s
 179621 64067 infeasible   74      14032.0000 12810.3029  8.71%   127  604s
 180511 64257     cutoff   43      14032.0000 12810.3029  8.71%   128  607s
 181036 64725 infeasible   54      14032.0000 12810.3029  8.71%   128  613s
 182142 65148 13100.9524   46  311 14032.0000 12810.3029  8.71%   128  617s
 183180 65524 12853.0054   37  479 14032.0000 12810.3029  8.71%   129  622s
 184031 65899 12994.6791   42  243 14032.0000 12810.3029  8.71%   129  627s
 184987 66354 13068.0302   65  196 14032.0000 12810.3029  8.71%   129  631s
 186059 66723 12810.3029   37  597 14032.0000 12810.3029  8.71%   129  635s
 186895 67115 12914.2794   37  420 14032.0000 12810.3029  8.71%   130  640s
 188706 68001 13075.3112   45  345 14032.0000 12810.3029  8.71%   130  648s
 189497 68421 12917.5181   45  506 14032.0000 12810.3029  8.71%   130  654s
 190535 68729 13353.2454   47  376 14032.0000 12810.3029  8.71%   131  660s
 191226 69199 12884.5122   41  332 14032.0000 12810.3029  8.71%   132  666s
 192087 69626 13221.7345   49  361 14032.0000 12810.3029  8.71%   132  672s
 193058 70041 13593.1329   58  200 14032.0000 12810.3029  8.71%   133  678s
 193909 70537 12813.5235   35  473 14032.0000 12810.3029  8.71%   133  684s
 194954 70851 12810.3029   37  470 14032.0000 12810.3029  8.71%   134  689s
 195646 71332 12995.5653   52  321 14032.0000 12810.3029  8.71%   134  697s
 196759 71989 infeasible   38      14032.0000 12810.3029  8.71%   135  706s
 198148 72836 12810.3029   50  608 14032.0000 12810.3029  8.71%   135  716s
 199720 73693 12967.5059   47  320 14032.0000 12810.3029  8.71%   136  725s
 201404 74492 13123.8819   51  346 14032.0000 12810.3029  8.71%   137  733s
 202902 75409 12897.7077   38  317 14032.0000 12810.3029  8.71%   137  742s
 204448 76213 12810.3029   40  454 14032.0000 12810.3029  8.71%   137  750s
 205948 76964 12810.3029   43  553 14032.0000 12810.3029  8.71%   138  759s
 207467 77577 12985.2114   44  400 14032.0000 12810.3029  8.71%   138  767s
 208735 78053 13211.6144   55  244 14032.0000 12810.3029  8.71%   139  774s
 209812 78448 13232.9596   36  400 14032.0000 12810.3029  8.71%   140  779s
 210522 79258 12827.8380   39  490 14032.0000 12810.3029  8.71%   140  787s
 212056 79877 infeasible   51      14032.0000 12810.3029  8.71%   140  795s
 213267 80645 13582.3022   50  295 14032.0000 12810.3029  8.71%   141  803s
 214730 81262 13868.3994   64  211 14032.0000 12810.3029  8.71%   141  810s
 215930 81800 13717.7290   41  329 14032.0000 12810.3029  8.71%   141  817s
 217013 82417     cutoff   53      14032.0000 12810.3029  8.71%   142  824s
 218275 82880     cutoff   40      14032.0000 12810.3029  8.71%   142  831s
 219322 83435 13130.6765   47  336 14032.0000 12810.3029  8.71%   142  838s
 220436 83912 13923.0986   49  103 14032.0000 12810.3029  8.71%   143  844s
 221653 84359 13884.6372   48  296 14032.0000 12810.3029  8.71%   143  851s
 222819 84813 13147.0430   39  356 14032.0000 12810.3029  8.71%   143  857s
 223884 85374 13118.5187   52  291 14032.0000 12810.3029  8.71%   144  863s
 225126 85629     cutoff   49      14032.0000 12810.3029  8.71%   144  867s
 225860 86016 14007.6637   50  229 14032.0000 12810.3029  8.71%   144  872s
 226656 86478 12813.1915   50  578 14032.0000 12810.3029  8.71%   145  877s
 227753 87019 13704.0306   44  397 14032.0000 12810.3029  8.71%   145  884s
 228929 87461 12899.9689   45  406 14032.0000 12810.3029  8.71%   145  891s
 230096 88036 13801.1350   50  341 14032.0000 12810.3029  8.71%   146  898s
 231113 88449 12810.3029   41  496 14032.0000 12810.3029  8.71%   146  904s
 232088 88962 13348.5317   42  320 14032.0000 12810.3029  8.71%   146  911s
 233153 89522 13002.8998   50  439 14032.0000 12810.3029  8.71%   147  919s
 234280 90111 12843.7386   52  297 14032.0000 12810.3029  8.71%   147  926s
 235515 90663 13134.9938   38  260 14032.0000 12810.3029  8.71%   148  934s
 236672 91214 12810.3029   44  557 14032.0000 12810.3029  8.71%   148  942s
 237752 91853 12810.3029   36  582 14032.0000 12810.3029  8.71%   148  950s
 239016 92516 13657.6172   49  239 14032.0000 12810.3029  8.71%   149  958s
 240268 92889 12979.9835   38  415 14032.0000 12810.3029  8.71%   149  963s

Cutting planes:
  Learned: 140
  Gomory: 282
  Cover: 1946
  Implied bound: 465
  Projected implied bound: 27
  Clique: 171
  MIR: 709
  StrongCG: 155
  Flow cover: 2491
  GUB cover: 9
  Inf proof: 23
  Zero half: 19
  Network: 49
  RLT: 109
  Relax-and-lift: 133
  BQP: 1

Explored 241118 nodes (35965837 simplex iterations) in 963.65 seconds (1575.84 work units)
Thread count was 8 (of 8 available processors)

Solution count 10: 14032 14035 14043 ... 14962

Solve interrupted
Best objective 1.403200000000e+04, best bound 1.281030285714e+04, gap 8.7065%

User-callback calls 792150, time in user-callback 1.86 sec

Statistics for modelBBUP_W:
  Linear constraint matrix    : 12198 Constrs, 5181 Vars, 44803 NZs
  Variable types              : 1726 Continuous,
3455 Integer (649 Binary)
  Matrix coefficient range    : [ 1, 200 ]
  Objective coefficient range : [ 1, 384 ]
  Variable bound range        : [ 1, 199 ]
  RHS coefficient range       : [ 1, 549 ]
