
Gurobi 10.0.1 (mac64[arm]) logging started Mon Apr  1 01:32:55 2024

Set parameter LogFile to value "/Users/deniserings/Documents/zib/s-bahn-data/scripts/DeniseMA/processed/BBUP_W/RENS/BBUP_W_subMBP_random1_0.6_202403312233.log"
Gurobi Optimizer version 10.0.1 build v10.0.1rc0 (mac64[arm])

CPU model: Apple M2
Thread count: 8 physical cores, 8 logical processors, using up to 8 threads

Optimize a model with 12198 rows, 5181 columns and 44803 nonzeros
Model fingerprint: 0x47038f0f
Variable types: 1726 continuous, 3455 integer (649 binary)
Coefficient statistics:
  Matrix range     [1e+00, 2e+02]
  Objective range  [1e+00, 4e+02]
  Bounds range     [1e+00, 2e+02]
  RHS range        [1e+00, 5e+02]
Presolve removed 5703 rows and 1815 columns
Presolve time: 0.08s
Presolved: 6495 rows, 3366 columns, 24721 nonzeros
Variable types: 912 continuous, 2454 integer (2454 binary)

Root relaxation: objective 1.268804e+04, 2362 iterations, 0.01 seconds (0.01 work units)

    Nodes    |    Current Node    |     Objective Bounds      |     Work
 Expl Unexpl |  Obj  Depth IntInf | Incumbent    BestBd   Gap | It/Node Time

     0     0 12688.0447    0  119          - 12688.0447      -     -    0s
     0     0 12700.4759    0  449          - 12700.4759      -     -    0s
     0     0 12700.4759    0  466          - 12700.4759      -     -    0s
     0     0 12762.0712    0  514          - 12762.0712      -     -    0s
     0     0 12762.0712    0  468          - 12762.0712      -     -    0s
     0     0 12762.0913    0  486          - 12762.0913      -     -    0s
     0     0 12762.0913    0  428          - 12762.0913      -     -    0s
     0     0 12762.1748    0  409          - 12762.1748      -     -    0s
     0     0 12762.1748    0  393          - 12762.1748      -     -    0s
     0     0 12764.1001    0  432          - 12764.1001      -     -    0s
     0     0 12764.1001    0  439          - 12764.1001      -     -    0s
     0     0 12770.0000    0  508          - 12770.0000      -     -    0s
     0     0 12770.0000    0  469          - 12770.0000      -     -    0s
     0     0 12770.0000    0  144          - 12770.0000      -     -    0s
     0     0 12770.0000    0  227          - 12770.0000      -     -    0s
     0     0 12770.0000    0  132          - 12770.0000      -     -    1s
     0     0 12770.0000    0  132          - 12770.0000      -     -    1s
     0     0 12770.0000    0  109          - 12770.0000      -     -    1s
     0     0 12770.0000    0  306          - 12770.0000      -     -    1s
     0     0 12770.0000    0  313          - 12770.0000      -     -    1s
     0     0 12770.0000    0  295          - 12770.0000      -     -    1s
     0     0 12771.2000    0  263          - 12771.2000      -     -    1s
     0     0 12771.2707    0  255          - 12771.2707      -     -    1s
     0     0 12771.2707    0  245          - 12771.2707      -     -    1s
     0     0 12774.3174    0  307          - 12774.3174      -     -    1s
     0     0 12774.3195    0  290          - 12774.3195      -     -    1s
     0     0 12774.4029    0  350          - 12774.4029      -     -    2s
     0     0 12774.4107    0  327          - 12774.4107      -     -    2s
     0     0 12774.6959    0  313          - 12774.6959      -     -    2s
     0     0 12774.6959    0  138          - 12774.6959      -     -    2s
     0     2 12774.6959    0  132          - 12774.6959      -     -    2s
  1556  1141 12822.0000   29  136          - 12778.0000      -  29.1    5s
  8466  5671 12908.0000   79  214          - 12778.0000      -  30.3   10s
H 9070  5719                    16194.000000 12778.0000  21.1%  29.9   10s
H 9134  6161                    15090.000000 12778.0000  15.3%  30.2   10s
H10980  7120                    15081.000000 12778.0000  15.3%  31.0   12s
H11107  7200                    15059.000000 12778.0000  15.1%  30.9   12s
H11126  7200                    15053.000000 12778.0000  15.1%  31.0   12s
H11156  7200                    15048.000000 12778.0000  15.1%  31.1   12s
H11238  7443                    15039.000000 12778.0000  15.0%  31.3   12s
H11613  7616                    15036.999999 12778.0000  15.0%  31.8   13s
H11615  7616                    15014.000000 12778.0000  14.9%  31.8   13s
H11831  7786                    15012.000000 12778.0000  14.9%  32.3   14s
H11872  7784                    15005.000000 12778.0000  14.8%  32.3   14s
H11902  7778                    14987.999999 12778.0000  14.7%  32.3   14s
H12112  7911                    14982.999999 12778.0000  14.7%  32.6   15s
H14268  9465                    14982.999997 12778.0000  14.7%  34.7   19s
 14740  9877 infeasible   47      14983.0000 12778.0000  14.7%  35.7   20s
H14819  9877                    14982.000000 12778.0000  14.7%  35.8   20s
H18537 12315                    14981.999986 12778.0000  14.7%  36.6   23s
 19136 13648 13233.1124   46  260 14982.0000 12778.0000  14.7%  37.3   25s
 22452 15146 infeasible   71      14982.0000 12778.0000  14.7%  39.7   30s
 26511 18089 13988.0161   87  218 14982.0000 12780.0717  14.7%  42.3   35s
 29443 19657 13202.0000   47  132 14982.0000 12781.4519  14.7%  43.1   47s
 29452 19663 12847.4519   27  213 14982.0000 12781.4519  14.7%  43.1   50s
H29843 18919                    14981.999962 12798.0000  14.6%  43.6   54s
 30092 18987 13726.1478   59  205 14982.0000 12798.0000  14.6%  43.6   55s
 33078 20048 13722.4392  105  152 14982.0000 12798.0000  14.6%  42.9   60s
 36966 21314 14306.0000   69  203 14982.0000 12798.0000  14.6%  44.6   65s
 40810 22459 12952.6667   36  254 14982.0000 12798.0000  14.6%  46.5   70s
 43312 22635 12798.0000   35  356 14982.0000 12798.0000  14.6%  48.5   75s
 45536 23341 13802.0000   54  170 14982.0000 12798.0000  14.6%  49.7   80s
 48520 24243 12903.0000   36  367 14982.0000 12798.0000  14.6%  52.4   86s
 50150 25429 13121.3277   41  237 14982.0000 12798.0000  14.6%  54.0   90s
 52973 25530 12927.0000   30  236 14982.0000 12798.0000  14.6%  55.3   95s
 56266 26751 12798.0000   35  320 14982.0000 12798.0000  14.6%  57.6  101s
 58734 26749 13195.8730   44  247 14982.0000 12798.0000  14.6%  58.7  106s
 61589 27563 13475.2099   51  203 14982.0000 12798.0000  14.6%  60.3  112s
 62422 28517 13303.3617   51  201 14982.0000 12798.0000  14.6%  61.0  115s
 65442 28829 12830.3250   32  460 14982.0000 12798.0000  14.6%  62.2  120s
 68567 29472 12799.3890   36  304 14982.0000 12798.0000  14.6%  63.2  125s
 70271 30802 13640.4119   38  382 14982.0000 12798.0000  14.6%  64.5  131s
 73175 30793 14874.1879   56  208 14982.0000 12798.0000  14.6%  65.4  135s
 75137 32137 12931.8102   38  384 14982.0000 12798.0000  14.6%  66.4  142s
 77390 31948 12828.2796   35  376 14982.0000 12798.0000  14.6%  66.9  145s
 79164 33011 13072.7499   42  319 14982.0000 12798.0000  14.6%  68.1  150s
 81980 33149 13535.6890   43  195 14982.0000 12798.0000  14.6%  68.8  156s
 84127 33783 12900.0000   47  368 14982.0000 12798.0000  14.6%  70.1  163s
 85048 34278 12882.5106   34  353 14982.0000 12798.0000  14.6%  70.6  165s
 87384 35931 13008.5426   44  393 14982.0000 12798.0000  14.6%  71.9  172s
 90153 37267 infeasible   46      14982.0000 12798.0000  14.6%  72.6  179s
 91850 37866 12909.3631   43  412 14982.0000 12798.0000  14.6%  73.2  183s
 92969 38868     cutoff   52      14982.0000 12798.0000  14.6%  74.0  186s
 94633 39525     cutoff   46      14982.0000 12798.0000  14.6%  74.6  190s
H96391 27995                    14158.000000 12798.0000  9.61%  75.5  194s
H97075 26714                    14061.999999 12798.0000  8.99%  75.7  197s
H98005 26539                    14030.000000 12798.0000  8.78%  76.6  201s
H98403 26267                    14014.000000 12798.0000  8.68%  77.0  201s
H98857 26497                    14002.000000 12798.0000  8.60%  77.5  204s
H99053 26399                    13995.000000 12798.0000  8.55%  77.7  204s
 99731 26945 13332.0000   47  183 13995.0000 12798.0000  8.55%  78.5  208s
 100957 27364 13871.6803   49  322 13995.0000 12798.0000  8.55%  79.3  212s
 101954 27723     cutoff   48      13995.0000 12798.0000  8.55%  80.3  216s
H102196 27678                    13993.000000 12798.0000  8.54%  80.4  216s
 102943 28059 12801.4519   40  411 13993.0000 12798.0000  8.54%  81.0  220s
 104826 29086 13276.1863   38  213 13993.0000 12798.0693  8.54%  82.8  226s
 106622 29450 13589.5663   47  268 13993.0000 12798.3169  8.54%  83.3  230s
 107870 30085 13224.0000   49  254 13993.0000 12798.6824  8.54%  84.1  235s
H108252 30085                    13992.999991 12798.7478  8.53%  84.3  235s
 109200 31337 12803.1578   37  405 13993.0000 12799.2913  8.53%  85.0  241s
 111492 31905 13657.0653   44  240 13993.0000 12800.4859  8.52%  85.5  246s
 112387 32282 12923.2091   37  378 13993.0000 12801.4519  8.52%  86.1  250s
 113912 33023 infeasible   43      13993.0000 12801.4519  8.52%  87.1  257s
 114742 33553 12810.5478   40  386 13993.0000 12801.4519  8.52%  87.7  261s
 115795 34022 12801.4519   38  432 13993.0000 12801.4519  8.52%  88.2  265s
 118079 35196 12801.4519   35  360 13993.0000 12801.4519  8.52%  89.3  272s
 119075 35538 infeasible   55      13993.0000 12801.4519  8.52%  89.9  276s
 120455 36591 13773.2050   50  326 13993.0000 12801.4519  8.52%  91.0  285s
 121983 37189 12819.5624   40  466 13993.0000 12801.4519  8.52%  91.7  290s
 123264 37583 12925.4740   27  259 13993.0000 12801.4519  8.52%  92.3  296s
 124133 38162 13741.0000   53  120 13993.0000 12801.4519  8.52%  92.7  301s
 125389 38693     cutoff   65      13993.0000 12801.4519  8.52%  93.4  306s
 126507 39321 13543.9453   41  418 13993.0000 12801.4519  8.52%  94.2  311s
 127738 39835 13005.8601   40  208 13993.0000 12801.4519  8.52%  94.8  316s
 128846 40446 13335.4121   47  256 13993.0000 12801.4519  8.52%  95.5  321s
 130125 40995 13842.0000   53  160 13993.0000 12801.4519  8.52%  96.0  325s
 131488 41545 13418.0000   48  267 13993.0000 12801.4519  8.52%  96.7  330s
 133946 43596 13048.0529   41  339 13993.0000 12801.7481  8.51%  97.7  339s
 136661 43953 infeasible   53      13993.0000 12802.0000  8.51%  97.6  342s
 137384 44381 12805.0339   42  444 13993.0000 12802.3700  8.51%  97.9  345s
 139294 45277 infeasible   45      13993.0000 12803.0580  8.50%  98.8  353s
 140331 45836 13676.3302   48  253 13993.0000 12803.3288  8.50%  99.2  357s
 141555 46756 12886.6564   46  338 13993.0000 12803.6672  8.50%   100  361s
 144314 47558 12807.4519   32  509 13993.0000 12804.0000  8.50%   100  367s
 145137 47966 12804.4187   43  469 13993.0000 12804.2376  8.50%   100  370s
 147020 48912 12827.4519   42  385 13993.0000 12805.0720  8.49%   101  377s
 147990 49306 13321.9333   45  169 13993.0000 12805.4289  8.49%   101  380s
 149764 50094 13487.2000   57  235 13993.0000 12806.5068  8.48%   102  387s
 150646 50605 12807.1713   31  439 13993.0000 12807.0894  8.48%   102  390s
 152407 51340     cutoff   47      13993.0000 12807.3242  8.47%   102  396s
 153464 51770 13203.6198   39  151 13993.0000 12807.4957  8.47%   103  400s
 155329 52728 13272.3591   45  287 13993.0000 12808.3653  8.47%   103  406s
 156501 53778 13527.8723   42  257 13993.0000 12808.6049  8.46%   103  410s
 159417 54538 13886.5110   62  192 13993.0000 12809.2130  8.46%   103  415s
 160934 55264 12820.9417   44  513 13993.0000 12809.7259  8.46%   104  421s
 162879 56197 infeasible   45      13993.0000 12810.4172  8.45%   104  427s
 163626 57096 13390.3636   52  266 13993.0000 12810.9958  8.45%   104  430s
 166066 57576     cutoff   65      13993.0000 12812.2857  8.44%   104  435s
 167369 58333 13872.2391   60  238 13993.0000 12813.5788  8.43%   105  441s
 169314 59281 13470.0000   40  343 13993.0000 12814.6526  8.42%   105  447s
 170491 59625 12907.0443   42  364 13993.0000 12814.9510  8.42%   105  450s
 172040 60832 12849.7466   50  301 13993.0000 12816.5981  8.41%   106  456s
 174439 61324 12843.3222   37  287 13993.0000 12818.0000  8.40%   106  461s
 175642 62003 13608.0584   51  241 13993.0000 12818.0000  8.40%   106  467s
 176475 62272 12819.5897   46  406 13993.0000 12818.2069  8.40%   106  470s
 178047 63032 13152.1096   49  228 13993.0000 12818.8344  8.39%   107  476s
 178857 63350 12832.8829   46  275 13993.0000 12819.1462  8.39%   107  480s
 180446 63857     cutoff   53      13993.0000 12820.0000  8.38%   107  486s
 181814 64645     cutoff   49      13993.0000 12820.6706  8.38%   108  492s
 182714 64896     cutoff   45      13993.0000 12821.3805  8.37%   108  495s
 184108 65593 13701.2736   51  272 13993.0000 12821.8296  8.37%   109  502s
 185030 66079 infeasible   45      13993.0000 12822.3525  8.37%   109  506s
 187270 66876 13226.5405   45  224 13993.0000 12823.0000  8.36%   109  513s
 188124 67202 13148.6019   44  263 13993.0000 12823.4519  8.36%   109  517s
 188891 67530     cutoff   43      13993.0000 12823.4519  8.36%   110  521s
 189778 67924 12974.2657   37  361 13993.0000 12823.5200  8.36%   110  525s
 191556 68809     cutoff   40      13993.0000 12824.4681  8.35%   111  533s
 192645 69326 12886.5613   45  303 13993.0000 12824.5984  8.35%   111  537s
 193750 69749 13305.6092   51  246 13993.0000 12824.9561  8.35%   111  541s
 194690 70047 13260.5763   54  293 13993.0000 12825.2474  8.35%   111  545s
 196598 70735 13148.8180   47  362 13993.0000 12825.8559  8.34%   112  552s
 197249 71155 12945.5064   49  298 13993.0000 12826.1838  8.34%   112  556s
 198340 71657 13901.0014   62  150 13993.0000 12826.5813  8.34%   112  560s
 200261 72486 13065.0680   49  274 13993.0000 12827.3443  8.33%   112  567s
 201222 72894 13100.8003   42  292 13993.0000 12827.5335  8.33%   113  571s
 202182 73257 13315.6340   39  314 13993.0000 12827.8036  8.33%   113  575s
 203945 74227 infeasible   39      13993.0000 12828.0000  8.33%   114  584s
 205139 75021     cutoff   70      13993.0000 12828.2469  8.32%   114  588s
 206811 75472 13317.1057   44  319 13993.0000 12828.5641  8.32%   114  592s
 207995 75761 12833.2122   48  323 13993.0000 12829.0450  8.32%   114  596s
 209476 76573 12831.3124   40  342 13993.0000 12829.3874  8.32%   114  603s
 210443 76932 13891.2225   48  242 13993.0000 12829.8935  8.31%   114  607s
 212030 77543 12838.7783   42  455 13993.0000 12830.6991  8.31%   115  613s
 212848 77980 13594.2733   55  130 13993.0000 12831.1549  8.30%   115  617s
 213903 78483 12908.0267   45  345 13993.0000 12831.4519  8.30%   115  621s
 215901 79264 infeasible   45      13993.0000 12832.2894  8.29%   115  627s
 216925 79767 12888.3602   40  267 13993.0000 12832.9816  8.29%   115  631s
 219061 80581     cutoff   44      13993.0000 12833.7221  8.28%   115  637s
 219850 80979 13124.3246   45  216 13993.0000 12834.1537  8.28%   115  640s
 221816 81947 13791.5952   63  115 13993.0000 12835.0712  8.28%   115  647s
 222815 82241 13076.2337   47  374 13993.0000 12835.7559  8.27%   115  650s
 224568 83052 13005.4318   47  203 13993.0000 12836.5294  8.26%   116  657s
 225694 83411 12924.6645   37  306 13993.0000 12836.9914  8.26%   116  660s
H227320 83906                    13992.999976 12837.6317  8.26%   116  666s
 229091 84835 13293.1339   42  135 13993.0000 12838.8867  8.25%   116  673s
 230134 85225 13443.0743   45  335 13993.0000 12839.4465  8.24%   116  676s
 231830 85773 13573.8242   66  209 13993.0000 12840.0000  8.24%   116  682s
 232417 86234 13747.0183   47  198 13993.0000 12840.0203  8.24%   116  686s
 234419 86986 13942.7595   63  239 13993.0000 12841.0279  8.23%   117  693s
 235511 87533 13614.5954   60  144 13993.0000 12841.3378  8.23%   117  697s
 236606 87960 13562.8120   39  351 13993.0000 12841.8367  8.23%   117  701s
 238929 88959 13336.1801   54  135 13993.0000 12842.4755  8.22%   117  708s
 239965 89270 12906.9051   49  233 13993.0000 12843.1500  8.22%   117  711s
 240854 89528 12966.6156   49  329 13993.0000 12843.3025  8.22%   117  715s
 242384 90275 12907.7041   46  297 13993.0000 12844.0000  8.21%   117  721s
 244448 91307     cutoff   42      13993.0000 12845.0000  8.20%   118  728s
 245705 91737 13689.9240   55  269 13993.0000 12845.3980  8.20%   118  731s
 247219 92316 13518.0791   42  258 13993.0000 12846.0134  8.20%   118  737s
 248129 92785 13806.2099   50  174 13993.0000 12846.5106  8.19%   118  740s
 249958 93547 12969.2951   42  327 13993.0000 12847.3461  8.19%   118  747s
 250974 93963 13097.3213   56  222 13993.0000 12848.0000  8.18%   118  751s
 252977 94597 13359.2257   39  323 13993.0000 12848.6941  8.18%   118  757s
 253919 94954 12873.8174   54  355 13993.0000 12849.2991  8.17%   118  760s
 255808 95675 13689.4892   66  270 13993.0000 12850.0000  8.17%   119  766s
 256678 96113     cutoff   52      13993.0000 12850.2145  8.17%   119  770s
 258511 96756 infeasible   50      13993.0000 12850.9883  8.16%   119  776s
 260225 97473 13576.3556   39  264 13993.0000 12851.9593  8.15%   119  782s
 261075 97853 13314.0659   47  297 13993.0000 12852.6612  8.15%   119  786s
 261995 98304 13558.6807   62  222 13993.0000 12853.1743  8.15%   119  790s
 264015 99021 13461.7129   33  271 13993.0000 12854.0000  8.14%   119  796s
 264933 99378 13551.3146   39  277 13993.0000 12854.3380  8.14%   120  800s
 266963 100045 13566.4971   49  180 13993.0000 12855.8575  8.13%   120  807s
 267773 100468 13332.3105   39  265 13993.0000 12856.3208  8.12%   120  810s
 269713 101307 13418.2340   44  292 13993.0000 12857.3693  8.12%   120  817s

Cutting planes:
  Learned: 122
  Gomory: 296
  Cover: 1947
  Implied bound: 642
  Projected implied bound: 26
  Clique: 198
  MIR: 634
  StrongCG: 127
  Flow cover: 2272
  GUB cover: 13
  Inf proof: 38
  Zero half: 9
  Network: 35
  RLT: 120
  Relax-and-lift: 125

Explored 270713 nodes (32547582 simplex iterations) in 817.50 seconds (1200.04 work units)
Thread count was 8 (of 8 available processors)

Solution count 10: 13993 13993 13993 ... 14982

Solve interrupted
Best objective 1.399299997562e+04, best bound 1.285792000000e+04, gap 8.1118%

User-callback calls 799230, time in user-callback 1.82 sec

Statistics for modelBBUP_W:
  Linear constraint matrix    : 12198 Constrs, 5181 Vars, 44803 NZs
  Variable types              : 1726 Continuous,
3455 Integer (649 Binary)
  Matrix coefficient range    : [ 1, 200 ]
  Objective coefficient range : [ 1, 384 ]
  Variable bound range        : [ 1, 199 ]
  RHS coefficient range       : [ 1, 549 ]
