
Gurobi 10.0.1 (mac64[arm]) logging started Fri Mar 29 20:48:45 2024

Set parameter LogFile to value "/Users/deniserings/Documents/zib/s-bahn-data/scripts/DeniseMA/processed/BBKS_BWT/RINS/BBKS_BWT_202403292026_other alternatives_0.6.log"
Gurobi Optimizer version 10.0.1 build v10.0.1rc0 (mac64[arm])

CPU model: Apple M2
Thread count: 8 physical cores, 8 logical processors, using up to 8 threads

Optimize a model with 10396 rows, 4381 columns and 43608 nonzeros
Model fingerprint: 0x579a70c5
Variable types: 1295 continuous, 3086 integer (911 binary)
Coefficient statistics:
  Matrix range     [1e+00, 4e+02]
  Objective range  [1e+00, 4e+02]
  Bounds range     [1e+00, 2e+02]
  RHS range        [1e+00, 1e+04]

User MIP start did not produce a new incumbent solution
User MIP start violates constraint objective_cutoff by 104.950000000

Presolve removed 3863 rows and 1208 columns
Presolve time: 0.08s
Presolved: 6533 rows, 3173 columns, 29785 nonzeros
Variable types: 785 continuous, 2388 integer (2388 binary)

Root relaxation: objective 8.872000e+03, 2095 iterations, 0.03 seconds (0.03 work units)
Another try with MIP start

    Nodes    |    Current Node    |     Objective Bounds      |     Work
 Expl Unexpl |  Obj  Depth IntInf | Incumbent    BestBd   Gap | It/Node Time

     0     0 8872.00000    0  176          - 8872.00000      -     -    0s
     0     0 8872.00000    0  338          - 8872.00000      -     -    0s
     0     0 8872.00000    0  280          - 8872.00000      -     -    0s
     0     0 8872.56872    0  213          - 8872.56872      -     -    0s
     0     0 8872.56872    0  238          - 8872.56872      -     -    0s
     0     0 8872.56872    0  251          - 8872.56872      -     -    0s
     0     0 8898.00102    0  330          - 8898.00102      -     -    0s
     0     0 8902.23001    0  384          - 8902.23001      -     -    0s
     0     0 8902.23001    0  383          - 8902.23001      -     -    0s
     0     0 8918.95264    0  406          - 8918.95264      -     -    0s
     0     0 8921.29049    0  416          - 8921.29049      -     -    0s
     0     0 8921.88752    0  422          - 8921.88752      -     -    0s
     0     0 8921.88752    0  437          - 8921.88752      -     -    1s
     0     0 8923.00730    0  441          - 8923.00730      -     -    1s
     0     0 8923.03162    0  436          - 8923.03162      -     -    1s
     0     0 8923.03163    0  426          - 8923.03163      -     -    1s
     0     0 8923.51424    0  439          - 8923.51424      -     -    1s
     0     0 8923.54786    0  402          - 8923.54786      -     -    1s
     0     0 8923.55273    0  423          - 8923.55273      -     -    1s
     0     0 8923.55273    0  440          - 8923.55273      -     -    1s
     0     0 8923.55273    0  412          - 8923.55273      -     -    1s
     0     0 8923.55273    0  416          - 8923.55273      -     -    1s
     0     0 8923.55273    0  408          - 8923.55273      -     -    1s
     0     0 8923.55273    0  228          - 8923.55273      -     -    1s
     0     0 8923.64486    0  252          - 8923.64486      -     -    1s
     0     0 8923.65416    0  254          - 8923.65416      -     -    1s
     0     0 8923.65416    0  261          - 8923.65416      -     -    1s
     0     0 8923.93336    0  209          - 8923.93336      -     -    2s
     0     0 8923.96812    0  312          - 8923.96812      -     -    2s
     0     0 8924.03448    0  301          - 8924.03448      -     -    2s
     0     0 8924.04520    0  331          - 8924.04520      -     -    2s
     0     0 8924.04520    0  334          - 8924.04520      -     -    2s
     0     0 8924.05264    0  338          - 8924.05264      -     -    2s
     0     0 8924.05450    0  341          - 8924.05450      -     -    2s
     0     0 8924.05450    0  357          - 8924.05450      -     -    2s
     0     0 8924.05450    0  332          - 8924.05450      -     -    2s
     0     0 8924.15416    0  343          - 8924.15416      -     -    2s
     0     0 8924.15416    0  270          - 8924.15416      -     -    2s
     0     2 8924.15416    0  243          - 8924.15416      -     -    2s
  1792  1556 9472.00000   15  229          - 8987.22004      -  27.3    5s
  2060  1750 9240.00000   32  165          - 9126.81780      -  18.2   10s
  5736  3662 infeasible  127               - 9140.15704      -  31.0   15s
 11449  8199 9180.89606   36  203          - 9142.47111      -  32.3   20s
 16977 12256 9269.00000   75  134          - 9148.15859      -  33.2   25s
 20212 14407 9395.00000   44  130          - 9150.72534      -  34.2   30s
 24943 19119 9302.05085   39  173          - 9154.81440      -  35.5   35s
 29958 22279 9416.00000   45  114          - 9156.64333      -  35.3   46s
 35264 26067 infeasible   43               - 9160.00000      -  35.5   50s
 42078 31157 9443.00000   64  115          - 9160.50071      -  35.3   55s
 49251 36566 9238.10841   36  171          - 9160.62899      -  35.5   60s
 55528 41244 10115.0000   63   96          - 9160.74785      -  35.8   65s
 57831 43010 9900.00000   51  106          - 9160.74785      -  36.1   70s
 64614 47786 9186.95490   35  188          - 9160.78069      -  35.9   75s
 70395 52833 10106.0000   78  106          - 9160.97927      -  35.8   80s
 77324 57912 9188.33879   31  147          - 9161.69054      -  35.6   85s
 84796 63531 9415.22562   58  177          - 9161.94188      -  35.7   90s
 91840 67875 infeasible   38               - 9161.94188      -  35.5   95s
 97908 72650 9430.15289   41  132          - 9162.14924      -  35.8  100s
 100381 74094 9204.90237   36  125          - 9162.19555      -  35.8  105s
 104811 78977 9201.10784   30  229          - 9162.38657      -  36.3  110s
 112128 83002 9194.46170   36  186          - 9162.77778      -  36.4  115s
 118480 87308 infeasible   70               - 9162.77778      -  36.6  120s
 125342 92516 9468.00000   49  112          - 9162.90816      -  36.6  125s
 131058 96265 9788.36816   36  200          - 9163.76487      -  36.7  130s
 136959 101143 9229.40147   44  166          - 9164.28566      -  36.8  135s
 143486 105193 9593.40143   46  111          - 9165.32440      -  36.9  140s
 148592 109817 10298.4745   76   98          - 9165.78569      -  37.1  145s
 155465 114347 9593.55916   78  157          - 9166.64776      -  37.1  150s
H158671 113259                    10350.050000 9166.82556  11.4%  37.0  155s
H158737 103362                    10170.000000 9166.82556  9.86%  37.0  156s
H158773 86655                    9879.0000000 9166.82556  7.21%  37.0  156s
H160819 86676                    9868.0000000 9167.53263  7.10%  37.2  159s
 161114 86927 9780.00000   36  199 9868.00000 9167.88486  7.09%  37.3  160s
 163123 88325 9270.63056   41  218 9868.00000 9168.27889  7.09%  37.6  166s
 165050 89337 9824.00000   62  114 9868.00000 9168.42262  7.09%  37.9  170s
 167937 90953 9188.86294   33  192 9868.00000 9169.03002  7.08%  38.3  175s
 169920 92067 9399.15169   53  180 9868.00000 9169.63645  7.08%  38.5  180s
 173258 93395 9733.39875   44  151 9868.00000 9170.00000  7.07%  39.0  186s
 174326 94026 infeasible   47      9868.00000 9170.00000  7.07%  39.1  191s
 176548 95004 9473.29494   37  169 9868.00000 9170.07646  7.07%  39.5  195s
 179139 96568 infeasible   49      9868.00000 9170.74785  7.07%  39.9  200s
 182592 98064 9640.00000   58  107 9868.00000 9171.15501  7.06%  40.4  206s
 184705 99532 9171.41258   32  208 9868.00000 9171.27470  7.06%  40.7  210s
 187996 100753 9728.15503   46   96 9868.00000 9171.38889  7.06%  41.1  216s
 190258 101839 9450.00000   32  169 9868.00000 9171.43779  7.06%  41.3  220s
 193944 103687 9231.18404   42  248 9868.00000 9171.92089  7.05%  41.7  226s
 196621 105067 9733.20357   43  157 9868.00000 9172.26839  7.05%  41.9  231s
 199660 106500 9200.03527   46  153 9868.00000 9172.67635  7.05%  42.3  236s
 202350 107566 9781.77855   56  168 9868.00000 9173.10708  7.04%  42.6  241s
 204312 108476 9266.26385   33  190 9868.00000 9173.33333  7.04%  42.8  245s
 207577 110096 9728.00000   49   63 9868.00000 9174.07789  7.03%  43.0  250s
 209759 111094     cutoff   44      9868.00000 9174.21429  7.03%  43.3  255s
 213255 113012 9621.00000   62  101 9868.00000 9174.37288  7.03%  43.6  261s
 216373 114077 infeasible   35      9868.00000 9174.67392  7.03%  43.8  266s
 218072 114886 9430.00000   40  149 9868.00000 9175.00000  7.02%  44.0  270s
 220602 115915 9336.73698   33  306 9868.00000 9175.53732  7.02%  44.3  275s
 222615 117066 9364.56573   30  243 9868.00000 9176.29385  7.01%  44.6  280s
 225435 118390 9216.50733   28  245 9868.00000 9177.11139  7.00%  44.9  286s
 227607 119312 9488.17271   34  198 9868.00000 9177.80082  6.99%  45.1  290s
 230468 120397 9766.33333   52  115 9868.00000 9178.23117  6.99%  45.6  295s
 233388 121590 9464.41926   35  192 9868.00000 9178.63501  6.99%  46.0  301s
 235191 122597 9505.28653   43  107 9868.00000 9179.23501  6.98%  46.2  305s
 238361 124225 9379.64918   33  208 9868.00000 9180.00000  6.97%  46.5  311s
 241058 125363 9248.14993   33  176 9868.00000 9180.00000  6.97%  46.9  316s
 243891 126785 9451.51307   46  172 9868.00000 9180.00000  6.97%  47.2  321s
 246613 127822     cutoff   51      9868.00000 9180.00000  6.97%  47.5  326s
 249064 128908     cutoff   42      9868.00000 9180.00000  6.97%  47.9  330s
 251225 129837 9800.50251   48  112 9868.00000 9180.00000  6.97%  48.2  335s
 254313 131294 9810.94058   38  182 9868.00000 9180.00000  6.97%  48.6  341s
 256738 132263     cutoff   46      9868.00000 9180.00000  6.97%  48.9  346s
 259069 133456 infeasible   33      9868.00000 9180.00000  6.97%  49.2  351s
 261413 134654 9255.97652   36  205 9868.00000 9180.00000  6.97%  49.6  356s
 263919 135666     cutoff   46      9868.00000 9180.00000  6.97%  50.0  362s
 266663 136858 9789.62906   50  148 9868.00000 9180.06270  6.97%  50.2  367s
 268500 138022 9180.14993   35  152 9868.00000 9180.14993  6.97%  50.4  371s
 271492 139123 9462.88227   36  256 9868.00000 9180.14993  6.97%  50.6  375s
 273970 140189 9753.09972   47  130 9868.00000 9180.14993  6.97%  50.7  380s
 277397 141913 9826.00000   41  120 9868.00000 9180.19066  6.97%  51.0  386s
 279930 143029 infeasible   48      9868.00000 9180.19066  6.97%  51.1  391s
 282597 143819 9301.86012   40  216 9868.00000 9180.19066  6.97%  51.2  395s
 285872 145307 9806.27100   40  175 9868.00000 9180.21413  6.97%  51.6  402s
 288135 146383 9432.13086   36  232 9868.00000 9180.26321  6.97%  51.8  407s
 290839 147470 9720.27211   56  137 9868.00000 9180.27211  6.97%  52.0  412s
 293412 148794 9200.00000   27  157 9868.00000 9180.34738  6.97%  52.1  417s
 296060 150095 9726.00000   45  110 9868.00000 9180.39841  6.97%  52.3  421s
 298024 151079 9496.43621   43  243 9868.00000 9180.43250  6.97%  52.4  427s
 301045 152096 9183.32771   40  199 9868.00000 9180.43618  6.97%  52.6  431s
 303372 152835 9834.24184   53  158 9868.00000 9180.47586  6.97%  52.9  436s
 305840 153955 9608.90480   36  201 9868.00000 9180.51282  6.97%  53.1  440s
 309598 155396 9842.00000   40  184 9868.00000 9180.64577  6.97%  53.4  446s
 311958 156241 9314.71259   44  165 9868.00000 9180.71259  6.96%  53.5  450s
 315221 157760 9801.00000   54   59 9868.00000 9180.71259  6.96%  53.7  455s
 318864 159018 9490.68508   44  115 9868.00000 9180.78941  6.96%  53.9  461s
 321340 160070 9466.43569   41  200 9868.00000 9180.88484  6.96%  54.1  465s
 325190 161346 9233.29198   48  182 9868.00000 9181.00175  6.96%  54.4  470s
 328729 162425 9597.96624   50  232 9868.00000 9181.03361  6.96%  54.5  475s
 332094 163837     cutoff   50      9868.00000 9181.25448  6.96%  54.8  480s
 335905 165359 infeasible   45      9868.00000 9181.41962  6.96%  55.0  486s
 338304 166392 9202.27177   42  189 9868.00000 9181.61446  6.96%  55.2  490s
 341818 167708 infeasible   57      9868.00000 9181.89387  6.95%  55.3  495s
 345706 169428     cutoff   50      9868.00000 9182.04379  6.95%  55.6  501s
 348761 170471 9597.74847   50  144 9868.00000 9182.06283  6.95%  55.7  505s
 352523 171877 9183.17377   27  305 9868.00000 9182.20296  6.95%  56.0  511s
 354746 172827 9602.00000   42  143 9868.00000 9182.25229  6.95%  56.1  515s
 358050 174172 infeasible   44      9868.00000 9182.34378  6.95%  56.4  520s
 361941 175739 9502.27514   41  206 9868.00000 9182.40058  6.95%  56.6  526s
 364579 176969 9776.36479   47  227 9868.00000 9182.54499  6.95%  56.7  530s
 368136 178250 9416.14993   33  200 9868.00000 9182.74785  6.94%  56.9  536s
 371508 179358 9213.11053   36  214 9868.00000 9182.94210  6.94%  57.1  541s
 373898 180416 infeasible   61      9868.00000 9183.05637  6.94%  57.2  545s
 377716 181935 infeasible   59      9868.00000 9183.27772  6.94%  57.4  551s
 380390 182851 9730.37940   35  197 9868.00000 9183.47000  6.94%  57.5  555s
 382961 183856 9223.37732   46  218 9868.00000 9183.64000  6.94%  57.6  560s
 386279 184875 9451.83489   50  184 9868.00000 9183.98373  6.93%  57.8  565s
 389587 186265 9587.03101   37  203 9868.00000 9184.20127  6.93%  58.0  571s
 392271 186998 infeasible   48      9868.00000 9184.28669  6.93%  58.1  575s
 396071 188250     cutoff   54      9868.00000 9184.60894  6.93%  58.3  581s
 398304 189168 9792.22920   48  146 9868.00000 9184.86672  6.92%  58.4  585s
 401258 190195 9768.16736   54   71 9868.00000 9185.09603  6.92%  58.5  591s
 403648 191187 9381.77024   34  232 9868.00000 9185.27211  6.92%  58.6  595s
 407112 192633 infeasible   86      9868.00000 9185.49871  6.92%  58.7  600s
 410388 193860 9772.05720   47  203 9868.00000 9185.99421  6.91%  58.8  605s
 413511 194914 9260.57346   37  174 9868.00000 9186.34402  6.91%  59.0  611s
 416395 195852 9591.49225   39  214 9868.00000 9186.76307  6.90%  59.1  616s
 419511 197090 9534.06770   39  184 9868.00000 9187.13111  6.90%  59.2  621s
 421867 198111 9504.49808   40  210 9868.00000 9187.35146  6.90%  59.3  626s
 424337 199090 9790.17225   51   85 9868.00000 9187.82554  6.89%  59.4  630s
 428042 200579 9615.69334   45  157 9868.00000 9188.00000  6.89%  59.6  636s
 430364 201232 9198.24808   38  245 9868.00000 9188.12465  6.89%  59.7  640s
 432958 202546 9428.43494   37  239 9868.00000 9188.18548  6.89%  59.8  645s
 436518 203924     cutoff   49      9868.00000 9188.34529  6.89%  60.0  651s
 438927 204876 9558.02419   46  138 9868.00000 9188.46130  6.89%  60.1  655s
 442826 206233 9828.00000   37  182 9868.00000 9188.74785  6.88%  60.2  661s
 445483 207408 9209.80878   34  185 9868.00000 9188.99917  6.88%  60.3  667s
H445918 207408                    9867.9999990 9189.00781  6.88%  60.4  667s
 448480 208351 9496.31916   39  168 9868.00000 9189.40138  6.88%  60.5  672s
 451023 209153 9206.21691   34  180 9868.00000 9189.77034  6.87%  60.6  676s
 453472 210166 9636.19438   50  230 9868.00000 9190.00000  6.87%  60.7  680s
 456180 211359     cutoff   53      9868.00000 9190.00000  6.87%  60.8  685s
 460183 212559 9440.14286   36  138 9868.00000 9190.14286  6.87%  60.9  690s
 462975 214113 9635.07053   39  218 9868.00000 9190.14993  6.87%  61.0  697s
 465629 215081 9414.00534   43  233 9868.00000 9190.20826  6.87%  61.1  701s
 468089 216010 9682.93203   43  190 9868.00000 9190.41754  6.87%  61.3  705s
 470731 217258     cutoff   46      9868.00000 9190.61605  6.86%  61.3  710s
 474548 218607 9793.78265   51  145 9868.00000 9190.71259  6.86%  61.5  716s
 476326 219518 infeasible   36      9868.00000 9191.00854  6.86%  61.6  720s
 479958 220726 9651.22033   48  118 9868.00000 9191.24778  6.86%  61.8  726s
 482572 221694 9268.34445   34  202 9868.00000 9191.52322  6.86%  61.9  731s
 485052 222580 9752.35842   46  104 9868.00000 9191.79964  6.85%  61.9  735s
 488664 223873 9584.73081   39  226 9868.00000 9192.19153  6.85%  62.1  742s
 490978 224426 9812.00000   50   85 9868.00000 9192.39827  6.85%  62.2  745s
 493163 225641 infeasible   47      9868.00000 9192.64712  6.84%  62.3  750s
 496983 227272 9216.43908   38  196 9868.00000 9193.03546  6.84%  62.4  756s
 499181 227996 9753.78023   39  188 9868.00000 9193.29182  6.84%  62.4  760s

Cutting planes:
  Learned: 321
  Gomory: 181
  Cover: 1379
  Implied bound: 72
  Projected implied bound: 4
  Clique: 33
  MIR: 833
  StrongCG: 65
  Flow cover: 3062
  Inf proof: 26
  Zero half: 155
  Network: 5
  RLT: 105
  Relax-and-lift: 36

Explored 500349 nodes (31332890 simplex iterations) in 760.44 seconds (773.60 work units)
Thread count was 8 (of 8 available processors)

Solution count 5: 9868 9868 9879 ... 10350

Solve interrupted
Best objective 9.867999999006e+03, best bound 9.193501212925e+03, gap 6.8352%

User-callback calls 1213897, time in user-callback 3.94 sec

Statistics for modelBBKS_BWT:
  Linear constraint matrix    : 10396 Constrs, 4381 Vars, 43608 NZs
  Variable types              : 1295 Continuous,
3086 Integer (911 Binary)
  Matrix coefficient range    : [ 1, 382 ]
  Objective coefficient range : [ 1, 382 ]
  Variable bound range        : [ 1, 199 ]
  RHS coefficient range       : [ 1, 10390 ]
