
Gurobi 10.0.1 (mac64[arm]) logging started Fri Mar 29 20:26:18 2024

Set parameter LogFile to value "/Users/deniserings/Documents/zib/s-bahn-data/scripts/DeniseMA/processed/BBKS_BWT/RINS/BBKS_BWT_202403292026_other alternatives_0.9.log"
Gurobi Optimizer version 10.0.1 build v10.0.1rc0 (mac64[arm])

CPU model: Apple M2
Thread count: 8 physical cores, 8 logical processors, using up to 8 threads

Optimize a model with 10510 rows, 4381 columns and 43722 nonzeros
Model fingerprint: 0xda07f903
Variable types: 1295 continuous, 3086 integer (911 binary)
Coefficient statistics:
  Matrix range     [1e+00, 4e+02]
  Objective range  [1e+00, 4e+02]
  Bounds range     [1e+00, 2e+02]
  RHS range        [1e+00, 1e+04]

User MIP start did not produce a new incumbent solution
User MIP start violates constraint objective_cutoff by 104.950000000

Presolve removed 4041 rows and 1306 columns
Presolve time: 0.07s
Presolved: 6469 rows, 3075 columns, 28488 nonzeros
Variable types: 783 continuous, 2292 integer (2292 binary)

Root relaxation: objective 8.872000e+03, 1964 iterations, 0.02 seconds (0.03 work units)
Another try with MIP start

    Nodes    |    Current Node    |     Objective Bounds      |     Work
 Expl Unexpl |  Obj  Depth IntInf | Incumbent    BestBd   Gap | It/Node Time

     0     0 8872.00000    0  150          - 8872.00000      -     -    0s
     0     0 8872.00000    0  290          - 8872.00000      -     -    0s
     0     0 8872.00000    0  265          - 8872.00000      -     -    0s
     0     0 8875.45696    0  214          - 8875.45696      -     -    0s
     0     0 8875.45696    0  210          - 8875.45696      -     -    0s
     0     0 8900.16799    0  328          - 8900.16799      -     -    0s
     0     0 8904.42120    0  322          - 8904.42120      -     -    0s
     0     0 8904.42120    0  316          - 8904.42120      -     -    0s
     0     0 8927.97691    0  319          - 8927.97691      -     -    0s
     0     0 8927.97691    0  310          - 8927.97691      -     -    0s
     0     0 8927.97691    0  300          - 8927.97691      -     -    0s
     0     0 8927.97691    0  344          - 8927.97691      -     -    0s
     0     0 8927.97691    0  189          - 8927.97691      -     -    0s
     0     0 8927.97691    0  263          - 8927.97691      -     -    0s
     0     0 8927.97691    0  201          - 8927.97691      -     -    1s
     0     0 8933.97691    0  334          - 8933.97691      -     -    1s
     0     0 8933.97698    0  288          - 8933.97698      -     -    1s
     0     0 8933.99083    0  203          - 8933.99083      -     -    1s
     0     0 8933.99137    0  277          - 8933.99137      -     -    1s
     0     0 8934.00007    0  305          - 8934.00007      -     -    1s
     0     0 8934.00007    0  285          - 8934.00007      -     -    1s
     0     0 8934.00007    0  299          - 8934.00007      -     -    1s
     0     0 8934.00007    0  234          - 8934.00007      -     -    1s
     0     2 8934.00007    0  218          - 8934.00007      -     -    1s
  2963  2155 9490.00000   30  146          - 9116.63789      -  18.2    5s
 13395  9564 infeasible  107               - 9184.00000      -  30.3   10s
 27274 20409 9237.00000   33  129          - 9186.00000      -  29.6   15s
 29112 21159 9344.00000   39  292          - 9186.16465      -  29.6   20s
 29156 21198 9189.75540   34  207          - 9189.08323      -  30.1   25s
 33374 23291 9233.80000   42  148          - 9208.12864      -  32.9   30s
 38685 26057 9830.00000   75   97          - 9211.23502      -  34.5   35s
 50973 31097 9598.00000   52  146          - 9225.80943      -  35.2   40s
 62800 35408 9779.50000   77  100          - 9226.00000      -  34.8   45s
 73530 40305 9228.08763   48  158          - 9226.00000      -  35.5   50s
 83176 42818 9230.06146   45  174          - 9226.00000      -  35.4   55s
 94575 48090 9329.20393   40  201          - 9226.00000      -  35.4   60s
 102774 54969 9228.00000   45  174          - 9226.02331      -  35.4   65s
 116080 64118 10148.0000  106   61          - 9226.33839      -  35.2   70s
 128821 72339 9614.26385   55  198          - 9226.77487      -  35.0   75s
 141643 81398 infeasible   91               - 9226.96486      -  34.8   80s
 151035 88000 10052.0000   84  111          - 9227.26718      -  34.8   85s
 161587 96417 9830.00699   48  162          - 9227.80867      -  34.9   90s
 170044 101805 9804.00000   90   76          - 9228.00000      -  35.0   95s
 182212 110271 10354.0000   93   91          - 9228.00000      -  35.1  100s
 191843 117454 10034.0000   83   67          - 9228.00000      -  35.1  105s
 204999 126777 9456.00000   47  201          - 9228.00000      -  35.1  110s
 213773 133040 9782.00000   85  140          - 9228.00000      -  35.2  115s
H213783 113391                    10040.050000 9228.00000  8.09%  35.2  115s
H214355 101105                    9896.0000000 9228.00000  6.75%  35.2  116s
H214802 100301                    9885.0000000 9228.00000  6.65%  35.2  116s
H217815 102340                    9884.0000000 9228.00000  6.64%  35.3  118s
H218779 102764                    9881.0000000 9228.00000  6.61%  35.3  119s
H219614 101946                    9868.0000000 9228.00000  6.49%  35.3  120s
 223890 104845 9407.39449   60  174 9868.00000 9228.00000  6.49%  35.5  125s
 228536 107557 9824.00000   72  104 9868.00000 9228.00699  6.49%  35.6  130s
 234270 110501 9735.00000   64  127 9868.00000 9228.04890  6.49%  35.7  135s
 237835 113339 9656.00000   58  174 9868.00000 9228.13193  6.48%  35.8  140s
 243381 116910 9233.09939   44  184 9868.00000 9228.24062  6.48%  36.0  145s
 253109 122765 9229.05319   50  142 9868.00000 9228.41829  6.48%  36.0  150s
 262301 127766 9688.00000   57  124 9868.00000 9228.76737  6.48%  36.1  155s
 270915 132561 9686.00000   56  128 9868.00000 9229.19887  6.47%  36.1  160s
 278133 136679 infeasible   83      9868.00000 9229.54068  6.47%  36.2  165s
 285131 141293 9467.26385   48  151 9868.00000 9229.82085  6.47%  36.3  170s
 294131 146788 9305.43369   52  156 9868.00000 9230.00000  6.47%  36.3  175s
 301705 150965 9268.52770   43  186 9868.00000 9230.00913  6.47%  36.3  180s
 309518 155365 9654.88000   52  154 9868.00000 9230.25455  6.46%  36.3  185s
 316932 159477 9417.38893   54  151 9868.00000 9230.43522  6.46%  36.3  190s
 322510 162667 9378.00939   50  236 9868.00000 9230.71240  6.46%  36.4  195s
 327984 166362 9730.00000   63  130 9868.00000 9230.97487  6.46%  36.4  200s
 334663 169642 9681.50179   56  184 9868.00000 9231.10708  6.45%  36.5  205s
 341173 173043 9739.29979   52  157 9868.00000 9231.57079  6.45%  36.5  210s
 347692 176584 9695.00000   52  133 9868.00000 9232.00000  6.45%  36.6  215s
 352868 179352 9445.26385   50  156 9868.00000 9232.17118  6.44%  36.6  220s
 357630 183000 9712.21413   66  140 9868.00000 9232.52090  6.44%  36.7  225s
 364455 186114 9554.23131   53  173 9868.00000 9232.87016  6.44%  36.7  230s
 369523 188390 9643.00000   68  144 9868.00000 9233.00792  6.43%  36.7  235s
 374757 191268 infeasible   53      9868.00000 9233.26459  6.43%  36.8  240s
 381719 195102 9456.00000   47  214 9868.00000 9233.80867  6.43%  36.8  245s
 388382 199930 9830.00000   60  105 9868.00000 9234.01826  6.42%  36.8  250s
 394261 201968 9382.53982   47  186 9868.00000 9234.29411  6.42%  36.8  255s
 400561 205259 9306.86783   49  191 9868.00000 9234.71125  6.42%  36.9  260s
 407085 209060 9505.44641   55  209 9868.00000 9234.90909  6.42%  36.9  265s
 412352 212082 9609.14695   57  107 9868.00000 9235.12400  6.41%  37.0  270s
 418152 215239 infeasible   64      9868.00000 9235.41424  6.41%  37.0  275s
 423411 217748 9483.85980   49  193 9868.00000 9235.73879  6.41%  37.1  280s
 427789 220193 infeasible   53      9868.00000 9236.00000  6.40%  37.2  285s
 433212 223077 infeasible   75      9868.00000 9236.00000  6.40%  37.3  290s
 440784 227177 infeasible   89      9868.00000 9236.09691  6.40%  37.3  295s
 446770 230362 9514.84765   59  149 9868.00000 9236.48074  6.40%  37.3  300s
 452824 233308 9570.26385   48  134 9868.00000 9236.79285  6.40%  37.3  305s
 458971 236417 infeasible   64      9868.00000 9237.39785  6.39%  37.3  310s
 465329 239487 9774.15873   57  149 9868.00000 9238.00000  6.38%  37.3  315s
 471360 243096     cutoff   62      9868.00000 9238.49391  6.38%  37.4  320s
 477918 246746 infeasible   46      9868.00000 9238.84000  6.38%  37.4  325s
 484928 250890 9713.00000   62  134 9868.00000 9239.40096  6.37%  37.4  330s
 489571 254534 9284.00000   53  159 9868.00000 9239.72782  6.37%  37.5  335s
 496604 258073 9736.38125   59  172 9868.00000 9240.00000  6.36%  37.4  340s
 502992 261332 9484.17637   51  164 9868.00000 9240.28571  6.36%  37.4  345s
 510690 264382 9667.35842   45  179 9868.00000 9240.69935  6.36%  37.4  350s
 517530 268270 9714.09987   66  114 9868.00000 9241.01744  6.35%  37.4  355s
 523123 271559 9712.30353   60  159 9868.00000 9241.45985  6.35%  37.4  360s
 529066 275696 9483.00000   51  162 9868.00000 9241.90237  6.34%  37.4  365s
 535420 279012 9361.87805   49  155 9868.00000 9242.00000  6.34%  37.4  370s
 542430 283036     cutoff   55      9868.00000 9242.21164  6.34%  37.5  375s
 548348 285264 9326.00000   45  151 9868.00000 9242.76808  6.34%  37.5  380s
 552852 287462 9711.00000   61  135 9868.00000 9243.01434  6.33%  37.5  385s
 559198 291666 9257.88648   47  161 9868.00000 9243.73044  6.33%  37.5  390s
 566602 295278 9520.00000   58  152 9868.00000 9244.09675  6.32%  37.5  395s
 572954 298672     cutoff   63      9868.00000 9244.76781  6.32%  37.5  400s
 578191 301793 9259.00000   44  152 9868.00000 9245.37712  6.31%  37.6  405s
 584320 305468 9695.68861   60  152 9868.00000 9245.91398  6.30%  37.6  410s
 589876 307237 9412.03704   56  152 9868.00000 9246.00000  6.30%  37.7  415s
 594861 309487 9249.46595   48  142 9868.00000 9246.00000  6.30%  37.8  420s
 600515 312434 9602.65648   47  154 9868.00000 9246.03704  6.30%  37.9  426s
 606197 314838 9746.14825   79  161 9868.00000 9246.17905  6.30%  37.9  430s
H606582 314838                    9867.9999784 9246.19905  6.30%  37.9  430s
 610222 316925 9656.00000   56  130 9867.99998 9246.36508  6.30%  37.9  435s
 616400 320077 9472.00000   52  140 9867.99998 9246.73508  6.30%  38.0  440s
 621794 322678 9657.00000   92  110 9867.99998 9246.81093  6.29%  38.0  446s
 626598 325123 9463.61312   45  172 9867.99998 9247.00170  6.29%  38.0  450s
 633708 328642 9593.00000   54  141 9867.99998 9247.50533  6.29%  38.0  455s
 640389 332225 9807.00000  100   60 9867.99998 9247.85497  6.28%  38.0  460s
 646455 335290 9704.01859   64  111 9867.99998 9248.00000  6.28%  38.1  466s
 650867 337507 9745.00000   63  108 9867.99998 9248.00000  6.28%  38.1  470s
 656199 341120 infeasible   71      9867.99998 9248.00000  6.28%  38.2  475s
 662466 343455 9402.35733   50  263 9867.99998 9248.00000  6.28%  38.1  480s
H665548 344729                    9867.9999761 9248.00000  6.28%  38.1  482s
 669191 346936 9818.00000   75  122 9867.99998 9248.00000  6.28%  38.2  485s
 675931 351209 infeasible   68      9867.99998 9248.00000  6.28%  38.2  490s
 682036 354358 9764.00000   62  148 9867.99998 9248.00000  6.28%  38.2  496s
 688314 357061 9678.00000   58  151 9867.99998 9248.00000  6.28%  38.1  500s
 694719 360601 9248.21164   44  209 9867.99998 9248.00000  6.28%  38.1  505s
 700506 363500 9267.65963   45  200 9867.99998 9248.03939  6.28%  38.1  510s
 705125 366502 9847.26250   58  205 9867.99998 9248.05350  6.28%  38.2  515s
 711406 369699 9464.00000   45  174 9867.99998 9248.15655  6.28%  38.2  520s
 717276 372243 9369.00000   53  168 9867.99998 9248.24615  6.28%  38.2  525s
 723715 376392 9803.75986   79  160 9867.99998 9248.36939  6.28%  38.2  530s
 730279 379307 9730.00000   74  125 9867.99998 9248.53717  6.28%  38.1  535s
 735005 381546 9528.00000   56  166 9867.99998 9248.67593  6.28%  38.2  540s
 741917 385011 9334.62849   45  159 9867.99998 9248.82215  6.27%  38.2  545s
 747242 388000 9724.35995   56  163 9867.99998 9248.97487  6.27%  38.2  550s
 752263 390518 9752.00000   59  136 9867.99998 9249.06205  6.27%  38.2  555s
 758365 393786     cutoff   50      9867.99998 9249.31662  6.27%  38.2  560s
 765780 397338 9256.10776   50  177 9867.99998 9249.61722  6.27%  38.2  565s
 770840 400141 9309.09444   42  191 9867.99998 9249.77934  6.26%  38.3  570s
 777458 403335 9478.08412   51  148 9867.99998 9250.00000  6.26%  38.3  575s
 784330 406868 9745.35842   68  129 9867.99998 9250.00000  6.26%  38.3  580s
 791013 410135 9373.54863   60  195 9867.99998 9250.00000  6.26%  38.3  585s
 795778 413259 9253.09427   49  194 9867.99998 9250.00000  6.26%  38.3  591s
 803154 416435 9250.00000   43  204 9867.99998 9250.00000  6.26%  38.3  595s
 807730 418750 9711.00000   66  149 9867.99998 9250.00000  6.26%  38.3  600s
 813734 421813 9658.00000   60  126 9867.99998 9250.01005  6.26%  38.3  605s
 819230 424443     cutoff   55      9867.99998 9250.06375  6.26%  38.4  610s
 826421 427662 infeasible   71      9867.99998 9250.26385  6.26%  38.4  615s
 831369 430877 9690.00000   54  133 9867.99998 9250.34999  6.26%  38.4  621s
 835483 432340 9776.39859   54  183 9867.99998 9250.45000  6.26%  38.4  625s
 840640 435225 9254.60686   44  160 9867.99998 9250.61884  6.26%  38.4  630s
 848464 439059 9490.68279   54  166 9867.99998 9250.93923  6.25%  38.4  635s
 853844 441928 infeasible   56      9867.99998 9250.97487  6.25%  38.4  640s
 861159 445490 9806.44022   52  197 9867.99998 9251.02842  6.25%  38.4  645s
 869238 449341 infeasible   62      9867.99998 9251.26511  6.25%  38.4  650s
 877523 453526 9726.35842   62  105 9867.99998 9251.45160  6.25%  38.4  655s
 884539 456947 9824.22243   64  141 9867.99998 9251.82131  6.24%  38.4  660s
 889480 459402 9820.00000   63  112 9867.99998 9252.00000  6.24%  38.5  665s
 897556 463526 9568.02949   47  172 9867.99998 9252.03143  6.24%  38.4  670s
 904829 466982 infeasible   57      9867.99998 9252.21164  6.24%  38.4  675s
 910478 469732 9741.10256   64  148 9867.99998 9252.39162  6.24%  38.5  680s
 918187 473514 9459.00000   47  162 9867.99998 9252.73118  6.23%  38.5  685s
 926189 477839 infeasible   71      9867.99998 9252.97487  6.23%  38.5  690s
 933228 482207     cutoff   70      9867.99998 9253.00172  6.23%  38.5  695s
 941047 485421 9726.04861   65  156 9867.99998 9253.02838  6.23%  38.5  700s
 948210 489074 9404.99497   51  188 9867.99998 9253.23873  6.23%  38.5  705s
 956211 492080 9408.90617   48  195 9867.99998 9253.55631  6.23%  38.5  710s
 965378 496225 9341.89606   59  117 9867.99998 9253.82610  6.22%  38.4  715s
 972327 500021 9460.40593   43  202 9867.99998 9254.00000  6.22%  38.4  720s

Cutting planes:
  Learned: 195
  Gomory: 275
  Cover: 96
  Implied bound: 13
  Projected implied bound: 7
  Clique: 8
  MIR: 53
  StrongCG: 10
  Flow cover: 203
  Zero half: 15
  Network: 6
  RLT: 39
  Relax-and-lift: 7

Explored 973312 nodes (37480408 simplex iterations) in 720.75 seconds (825.34 work units)
Thread count was 8 (of 8 available processors)

Solution count 8: 9868 9868 9868 ... 10040

Solve interrupted
Best objective 9.867999976138e+03, best bound 9.254000000000e+03, gap 6.2221%

User-callback calls 2188692, time in user-callback 4.53 sec

Statistics for modelBBKS_BWT:
  Linear constraint matrix    : 10510 Constrs, 4381 Vars, 43722 NZs
  Variable types              : 1295 Continuous,
3086 Integer (911 Binary)
  Matrix coefficient range    : [ 1, 382 ]
  Objective coefficient range : [ 1, 382 ]
  Variable bound range        : [ 1, 199 ]
  RHS coefficient range       : [ 1, 10390 ]
