
Gurobi 10.0.1 (mac64[arm]) logging started Sun Mar  3 16:11:55 2024

Set parameter LogFile to value "/Users/deniserings/Documents/zib/s-bahn-data/scripts/DeniseMA/processed/BPKW_BKRW_BSNF_O/original/BPKW_BKRW_BSNF_O_202403031448_mipstart.log"
Gurobi Optimizer version 10.0.1 build v10.0.1rc0 (mac64[arm])

CPU model: Apple M2
Thread count: 8 physical cores, 8 logical processors, using up to 8 threads

Optimize a model with 4411 rows, 2168 columns and 15763 nonzeros
Model fingerprint: 0xda16f6b4
Variable types: 838 continuous, 1330 integer (358 binary)
Coefficient statistics:
  Matrix range     [1e+00, 2e+02]
  Objective range  [1e+00, 4e+02]
  Bounds range     [1e+00, 2e+02]
  RHS range        [1e+00, 5e+02]
Presolve removed 2388 rows and 1018 columns
Presolve time: 0.15s
Presolved: 2023 rows, 1150 columns, 8423 nonzeros
Variable types: 376 continuous, 774 integer (774 binary)

Root relaxation: objective 9.180000e+03, 764 iterations, 0.01 seconds (0.01 work units)

    Nodes    |    Current Node    |     Objective Bounds      |     Work
 Expl Unexpl |  Obj  Depth IntInf | Incumbent    BestBd   Gap | It/Node Time

     0     0 9180.00000    0   52          - 9180.00000      -     -    0s
     0     0 9180.00000    0  101          - 9180.00000      -     -    0s
H    0     0                    11211.000000 9180.00000  18.1%     -    0s
     0     0 9180.00000    0   98 11211.0000 9180.00000  18.1%     -    0s
H    0     0                    10930.000000 9182.86115  16.0%     -    0s
     0     0 9182.86115    0   24 10930.0000 9182.86115  16.0%     -    0s
H    0     0                    10928.000000 9182.86115  16.0%     -    0s
H    0     0                    10871.000000 9182.86115  15.5%     -    0s
     0     0 9182.86115    0   29 10871.0000 9182.86115  15.5%     -    0s
     0     0 9197.00000    0   30 10871.0000 9197.00000  15.4%     -    0s
     0     0 9197.00000    0   33 10871.0000 9197.00000  15.4%     -    0s
     0     0 9197.00000    0   33 10871.0000 9197.00000  15.4%     -    0s
H    0     0                    10736.000000 9197.00000  14.3%     -    0s
     0     0 9197.00000    0   20 10736.0000 9197.00000  14.3%     -    0s
     0     0 9197.00000    0   29 10736.0000 9197.00000  14.3%     -    0s
     0     0 9197.00000    0   28 10736.0000 9197.00000  14.3%     -    0s
     0     0 9197.00000    0   15 10736.0000 9197.00000  14.3%     -    0s
     0     0 9197.00000    0   15 10736.0000 9197.00000  14.3%     -    0s
H    0     0                    10142.000000 9197.00000  9.32%     -    0s
     0     0 9197.00000    0   21 10142.0000 9197.00000  9.32%     -    0s
     0     0 9197.00000    0   13 10142.0000 9197.00000  9.32%     -    0s
     0     2 9197.00000    0   13 10142.0000 9197.00000  9.32%     -    0s
H   34    36                    10047.000000 9197.00000  8.46%  27.3    0s
H   81    86                    10025.000000 9197.00000  8.26%  20.6    0s
H  119   127                    10019.000000 9197.00000  8.20%  19.7    0s
H  121   127                    9995.0000000 9197.00000  7.98%  21.0    0s
H  127   127                    9989.0000000 9197.00000  7.93%  20.7    0s
H  176   182                    9980.0000000 9197.00000  7.85%  22.0    0s
H  286   271                    9967.0000000 9197.00000  7.73%  20.5    0s
H  296   271                    9962.0000000 9197.00000  7.68%  20.3    0s
H  404   399                    9952.0000000 9197.00000  7.59%  20.7    0s
H  558   514                    9938.0000000 9197.00000  7.46%  20.2    0s
H  564   514                    9923.0000000 9197.00000  7.32%  20.3    0s
H 1397  1108                    9851.0000000 9197.00000  6.64%  18.7    1s
H 1484  1068                    9807.0000000 9224.00000  5.94%  18.3    2s
H 1520  1038                    9798.0000000 9228.23026  5.82%  27.2    3s
H 1541   999                    9793.0000000 9243.65956  5.61%  26.9    4s
  1554  1009 9381.00000   57   40 9793.00000 9243.65956  5.61%  32.6    5s
H 2575  1505                    9788.0000000 9252.66313  5.47%  32.4    7s
H 2950  1622                    9777.0000000 9252.66313  5.36%  31.9    7s
H 2951  1575                    9771.0000000 9252.66313  5.30%  31.9    7s
  6596  3913 9252.66313   51  104 9771.00000 9252.66313  5.30%  28.4   10s
 17445 10722     cutoff   61      9771.00000 9261.36985  5.22%  28.3   15s
 29668 17370 9613.60000   84   13 9771.00000 9269.66610  5.13%  28.7   22s
 29693 17387 9703.00000   80  130 9771.00000 9269.66610  5.13%  28.7   25s
 29736 17415 9571.64115   75   41 9771.00000 9269.66610  5.13%  28.6   30s
H30429 16870                    9770.9999068 9269.66610  5.13%  29.3   32s
H31542 16447                    9770.9998965 9269.66610  5.13%  29.4   33s
 35302 17791 9623.95238   77   74 9770.99990 9279.13110  5.03%  29.4   35s
 53919 23296 9712.71463   82   40 9770.99990 9377.33526  4.03%  28.4   40s
 69354 27783 9499.37729   89   73 9770.99990 9393.65791  3.86%  28.9   45s
 83837 34739 9455.62199   73   82 9770.99990 9396.41764  3.83%  29.6   50s
 97907 43265 9715.00000   83   37 9770.99990 9399.56111  3.80%  29.8   55s
 110966 50744 9481.00000   76   22 9770.99990 9402.33333  3.77%  30.2   60s
 122397 57185 9527.89189   69   83 9770.99990 9405.09646  3.74%  30.4   65s
 133950 63915 9684.07197   81   87 9770.99990 9407.33988  3.72%  30.6   70s
 144054 70101     cutoff   99      9770.99990 9408.81223  3.71%  30.7   75s
 156128 77197     cutoff   85      9770.99990 9410.90932  3.69%  30.8   80s
 171162 86367     cutoff   90      9770.99990 9411.61228  3.68%  30.8   85s
 186648 95478 9445.15358   65  106 9770.99990 9412.95472  3.66%  30.8   90s
 201329 103658 9532.00000   94   31 9770.99990 9414.49098  3.65%  30.8   95s
 214501 111598 9427.89831   62  102 9770.99990 9416.00000  3.63%  30.9  100s
 228401 119636 9488.38068   71  121 9770.99990 9416.37488  3.63%  31.0  105s
 242663 127962 9747.00000   78   35 9770.99990 9417.58943  3.62%  31.1  110s
 254360 135213 9536.55050   71   73 9770.99990 9418.47996  3.61%  31.2  115s
 264939 141296 9493.43814   74   76 9770.99990 9419.35313  3.60%  31.2  120s
 278072 148412 9471.11119   86  115 9770.99990 9420.65390  3.59%  31.3  125s
 286887 154677 9472.01699   79   90 9770.99990 9421.00398  3.58%  31.4  130s
 299449 161949     cutoff   72      9770.99990 9421.12333  3.58%  31.5  135s
 310633 168795 9648.00000   96   31 9770.99990 9421.19735  3.58%  31.6  140s
 322876 175678 9565.42604   91   66 9770.99990 9421.61469  3.58%  31.6  145s
 335542 182477 9726.04342   87   46 9770.99990 9422.07113  3.57%  31.6  150s
 347116 189532 9441.64394   77   43 9770.99990 9422.37427  3.57%  31.7  155s
 357719 195712 9718.22888   84   66 9770.99990 9422.70297  3.56%  31.8  160s
 367894 201757 9455.86658   71  133 9770.99990 9423.02588  3.56%  31.9  165s
 381156 208859 9488.39006   85   91 9770.99990 9423.29202  3.56%  31.9  170s
 394348 216057 9441.10831   73   89 9770.99990 9423.77045  3.55%  32.0  175s
 407055 223150 9492.07341   72   74 9770.99990 9424.20118  3.55%  32.0  180s
 418291 229728 9439.52449   66  134 9770.99990 9424.53974  3.55%  32.1  185s
 428397 235263 9459.17986   67   59 9770.99990 9424.96718  3.54%  32.1  190s
 438710 241021 9571.00000  101   17 9770.99990 9425.17886  3.54%  32.1  195s
 450389 247220 9736.99697   83  104 9770.99990 9425.45628  3.54%  32.1  200s
 460100 252570 9534.22454   68  115 9770.99990 9425.89163  3.53%  32.2  205s
 471386 259522 9744.21008   96   29 9770.99990 9426.00398  3.53%  32.3  210s
 484172 266894 9676.00000   97   25 9770.99990 9426.04027  3.53%  32.3  215s
 496003 273848 9534.00000   81   44 9770.99990 9426.08138  3.53%  32.3  220s
 509468 281985     cutoff   96      9770.99990 9426.09040  3.53%  32.3  225s
 521858 289424     cutoff  109      9770.99990 9426.12878  3.53%  32.4  230s
 533920 296639 9727.49640   95   62 9770.99990 9426.18649  3.53%  32.4  235s
 545230 302979 9458.58344   77   95 9770.99990 9426.25258  3.53%  32.4  240s
 559183 311019 9432.31183   72  104 9770.99990 9426.41212  3.53%  32.5  245s
 571312 317340 9748.85754   99   62 9770.99990 9426.56814  3.53%  32.5  250s
 582325 324123 9708.60920   67   60 9770.99990 9426.70112  3.52%  32.5  255s
 591758 329044 9644.96393   90   62 9770.99990 9426.85218  3.52%  32.5  260s
 603045 335123     cutoff  106      9770.99990 9427.02497  3.52%  32.4  265s
 615273 341889 9494.85061   72  107 9770.99990 9427.17770  3.52%  32.4  270s
 621110 345405 infeasible   95      9770.99990 9427.26852  3.52%  32.5  275s
 632970 352034 9669.02715   88   47 9770.99990 9427.36172  3.52%  32.5  280s
 635869 357220 9595.14473   92   63 9770.99990 9427.39449  3.52%  32.5  286s
 649768 361171 9511.01183   72   80 9770.99990 9427.60194  3.51%  32.6  290s
 659885 366620     cutoff  114      9770.99990 9427.76357  3.51%  32.6  295s
 670035 372221 9558.63285   85   55 9770.99990 9427.98675  3.51%  32.6  300s
 679221 377005 9549.96812   89   71 9770.99990 9428.11199  3.51%  32.6  305s
 689530 382662 9531.00000   94   36 9770.99990 9428.23400  3.51%  32.7  310s
 699428 388536 9570.38100   77   84 9770.99990 9428.37680  3.51%  32.7  315s
 710213 394667     cutoff   96      9770.99990 9428.51567  3.51%  32.7  320s
 718475 399522 9428.68650   78  111 9770.99990 9428.61200  3.50%  32.7  325s
 723734 402229 9516.72496   81   79 9770.99990 9428.69675  3.50%  32.7  330s
 733611 407517     cutoff   90      9770.99990 9428.83320  3.50%  32.7  335s
 744401 413420 9487.42219   79   48 9770.99990 9429.00868  3.50%  32.8  340s
 754783 419165 9716.00000  107   46 9770.99990 9429.22400  3.50%  32.8  345s
 765211 424283 9516.13423   75   51 9770.99990 9429.44164  3.50%  32.8  350s
 774837 429238     cutoff   79      9770.99990 9429.61504  3.49%  32.9  355s
 782604 433304 9698.75000   89   51 9770.99990 9429.82532  3.49%  32.9  360s
 788686 436472 9501.13423   81   72 9770.99990 9429.99618  3.49%  32.9  365s
 798538 441963 9694.06559  122   48 9770.99990 9430.14487  3.49%  32.9  370s
 808850 447556 9505.06520   86   39 9770.99990 9430.39505  3.49%  33.0  375s
 817035 451634 9454.43520   81  131 9770.99990 9430.64606  3.48%  33.0  380s
 826671 456640 9606.93565   94   70 9770.99990 9431.00000  3.48%  33.0  385s
 834521 460957     cutoff   80      9770.99990 9431.12333  3.48%  33.1  390s
 842222 465138 9449.05560   71  170 9770.99990 9431.21735  3.48%  33.1  395s
 851676 470344 9652.89118   79   89 9770.99990 9431.29126  3.48%  33.1  400s
 860499 475185 9452.28326   75  113 9770.99990 9431.42095  3.48%  33.1  405s
 868717 479550 9714.00000  113   23 9770.99990 9431.59431  3.47%  33.1  410s
 878345 484087 9715.01132   74   75 9770.99990 9431.85192  3.47%  33.1  415s
 886046 488667 infeasible   71      9770.99990 9432.10515  3.47%  33.2  420s
 895932 493333 9669.17637   75  120 9770.99990 9432.34773  3.47%  33.2  425s
 905544 498515     cutoff   71      9770.99990 9432.62597  3.46%  33.2  430s
 913635 502547 9569.00000   78   38 9770.99990 9432.88277  3.46%  33.2  435s
 922270 506984 9484.63674   71   74 9770.99990 9433.06867  3.46%  33.2  440s
 929932 511112 9452.63423   93  197 9770.99990 9433.25806  3.46%  33.2  445s
 939940 516342 9758.70712   87   28 9770.99990 9433.52267  3.45%  33.3  450s
 947673 520373 9490.27500   85   97 9770.99990 9433.78171  3.45%  33.3  455s
 955625 524567 9505.83366   83   56 9770.99990 9434.08712  3.45%  33.3  460s
 962660 528128 9468.90152   77   89 9770.99990 9434.28032  3.45%  33.3  465s
 970404 532443 9487.00000   72   60 9770.99990 9434.47629  3.44%  33.3  470s
 977871 535751 9654.39270   81  102 9770.99990 9434.73405  3.44%  33.3  475s
 987813 540771 9747.00000   86   49 9770.99990 9435.00000  3.44%  33.4  480s
 995966 545156 9562.59284   79   61 9770.99990 9435.21816  3.44%  33.4  485s
 1005747 549984 9518.98268   86  103 9770.99990 9435.62556  3.43%  33.4  490s
 1013382 553918 9725.00000   93   14 9770.99990 9435.95967  3.43%  33.4  495s
 1022200 558498 9480.50868   67  118 9770.99990 9436.05098  3.43%  33.4  500s
 1030504 563504 9490.22155   87   38 9770.99990 9436.20796  3.43%  33.5  505s
 1039680 567960 9637.98209   74   73 9770.99990 9436.41060  3.42%  33.5  510s
 1048260 571994 9740.00000   86   17 9770.99990 9436.59672  3.42%  33.5  515s
 1057479 577159 9768.00000   92   44 9770.99990 9436.85096  3.42%  33.5  520s
 1067469 582836 9593.37911   69   81 9770.99990 9437.06867  3.42%  33.5  525s
 1078961 588939 9566.27513   70  127 9770.99990 9437.35148  3.41%  33.5  530s
 1089646 594188     cutoff   79      9770.99990 9437.68295  3.41%  33.5  535s
 1100053 599545 9525.62491   69  104 9770.99990 9437.94638  3.41%  33.5  540s
 1108061 603490 9516.00000   92   50 9770.99990 9438.15322  3.41%  33.5  545s
 1117272 607880 9504.85077   87   65 9770.99990 9438.41617  3.40%  33.5  550s
 1124157 611268 9716.00000  117   16 9770.99990 9438.64145  3.40%  33.5  555s
 1132441 615714 9502.09353   86  102 9770.99990 9438.88328  3.40%  33.5  560s
 1143082 621976 9598.52380   72   70 9770.99990 9439.12937  3.40%  33.5  565s
 1147137 627422 9724.64516   81   47 9770.99990 9439.18401  3.40%  33.5  575s
 1160237 630919 9515.52910   81  107 9770.99990 9439.58725  3.39%  33.6  580s
 1170000 635944 9615.98382   79   91 9770.99990 9439.94770  3.39%  33.6  585s
 1178298 640356 9682.00000  109   42 9770.99990 9440.06052  3.39%  33.6  590s
 1186738 645493 9459.55696   73  104 9770.99990 9440.14916  3.39%  33.6  595s
 1192048 648380 9520.70559   68   85 9770.99990 9440.23771  3.39%  33.6  600s
 1201284 653901     cutoff   78      9770.99990 9440.33699  3.38%  33.6  605s

Cutting planes:
  Learned: 151
  Gomory: 245
  Cover: 876
  Implied bound: 57
  Clique: 2
  MIR: 517
  StrongCG: 25
  Flow cover: 1851
  Inf proof: 39
  Zero half: 16
  Network: 3
  RLT: 64
  Relax-and-lift: 15

Explored 1207563 nodes (40586902 simplex iterations) in 608.18 seconds (681.86 work units)
Thread count was 8 (of 8 available processors)

Solution count 10: 9771 9771 9771 ... 9923

Solve interrupted
Best objective 9.770999896479e+03, best bound 9.440471931077e+03, gap 3.3827%

User-callback calls 2549991, time in user-callback 4.41 sec

Statistics for modelBPKW_BKRW_BSNF_O:
  Linear constraint matrix    : 4411 Constrs, 2168 Vars, 15763 NZs
  Variable types              : 838 Continuous,
1330 Integer (358 Binary)
  Matrix coefficient range    : [ 1, 200 ]
  Objective coefficient range : [ 1, 368 ]
  Variable bound range        : [ 1, 199 ]
  RHS coefficient range       : [ 1, 549 ]
