
Gurobi 10.0.1 (mac64[arm]) logging started Fri Apr  5 12:30:44 2024

Set parameter LogFile to value "/Users/deniserings/Documents/zib/s-bahn-data/scripts/DeniseMA/processed/BWKS_medium_september/RINS/BWKS_medium_september_202404051212_random1_0.9.log"
Gurobi Optimizer version 10.0.1 build v10.0.1rc0 (mac64[arm])

CPU model: Apple M2
Thread count: 8 physical cores, 8 logical processors, using up to 8 threads

Optimize a model with 10537 rows, 4887 columns and 50426 nonzeros
Model fingerprint: 0x91f095be
Variable types: 1358 continuous, 3529 integer (1331 binary)
Coefficient statistics:
  Matrix range     [1e+00, 4e+02]
  Objective range  [1e+00, 4e+02]
  Bounds range     [1e+00, 2e+02]
  RHS range        [1e+00, 9e+03]

User MIP start did not produce a new incumbent solution
User MIP start violates constraint objective_cutoff by 94.840000000

Presolve removed 4361 rows and 1597 columns
Presolve time: 0.35s
Presolved: 6176 rows, 3290 columns, 29508 nonzeros
Variable types: 871 continuous, 2419 integer (2419 binary)

Root relaxation: objective 8.158000e+03, 1598 iterations, 0.07 seconds (0.02 work units)

    Nodes    |    Current Node    |     Objective Bounds      |     Work
 Expl Unexpl |  Obj  Depth IntInf | Incumbent    BestBd   Gap | It/Node Time

     0     0 8158.00000    0  206          - 8158.00000      -     -    1s
Another try with MIP start
     0     0 8161.12034    0  318          - 8161.12034      -     -    2s
     0     0 8161.12034    0  294          - 8161.12034      -     -    2s
     0     0 8180.00000    0  299          - 8180.00000      -     -    2s
     0     0 8180.00000    0  291          - 8180.00000      -     -    3s
H    0     0                    9266.0000000 8186.62590  11.6%     -    3s
     0     0 8186.62590    0  313 9266.00000 8186.62590  11.6%     -    3s
     0     0 8186.62590    0  299 9266.00000 8186.62590  11.6%     -    4s
     0     0 8202.14588    0  345 9266.00000 8202.14588  11.5%     -    5s
     0     0 8202.25157    0  345 9266.00000 8202.25157  11.5%     -    5s
     0     0 8202.25157    0  333 9266.00000 8202.25157  11.5%     -    5s
     0     0 8204.71528    0  303 9266.00000 8204.71528  11.5%     -    5s
     0     0 8208.18858    0  337 9266.00000 8208.18858  11.4%     -    8s
     0     0 8208.18858    0  312 9266.00000 8208.18858  11.4%     -    8s
H    0     0                    9187.0000000 8208.25438  10.7%     -    9s
     0     0 8208.25438    0  350 9187.00000 8208.25438  10.7%     -    9s
     0     0 8208.25438    0  321 9187.00000 8208.25438  10.7%     -    9s
     0     0 8208.76648    0  314 9187.00000 8208.76648  10.6%     -    9s
H    0     0                    9175.0000000 8208.76648  10.5%     -    9s
     0     0 8208.76648    0  322 9175.00000 8208.76648  10.5%     -    9s
H    0     0                    9149.0000000 8208.76648  10.3%     -   10s
     0     0 8208.76648    0  303 9149.00000 8208.76648  10.3%     -   10s
     0     0 8208.76648    0  276 9149.00000 8208.76648  10.3%     -   10s
H    0     0                    8863.0000000 8208.76648  7.38%     -   11s
H    0     0                    8838.0000000 8208.76648  7.12%     -   11s
     0     0 8208.76648    0  195 8838.00000 8208.76648  7.12%     -   11s
     0     0 8208.76648    0  223 8838.00000 8208.76648  7.12%     -   15s
     0     0 8208.97704    0  196 8838.00000 8208.97704  7.12%     -   16s
     0     0 8208.97704    0  255 8838.00000 8208.97704  7.12%     -   17s
     0     0 8210.61576    0  256 8838.00000 8210.61576  7.10%     -   17s
     0     0 8210.61576    0  223 8838.00000 8210.61576  7.10%     -   18s
     0     0 8210.65066    0  223 8838.00000 8210.65066  7.10%     -   18s
     0     0 8210.65066    0  219 8838.00000 8210.65066  7.10%     -   18s
     0     0 8210.97436    0  237 8838.00000 8210.97436  7.09%     -   18s
     0     0 8210.97436    0  254 8838.00000 8210.97436  7.09%     -   19s
     0     0 8210.97436    0  244 8838.00000 8210.97436  7.09%     -   19s
     0     0 8210.97436    0  249 8838.00000 8210.97436  7.09%     -   19s
     0     0 8210.97436    0  150 8838.00000 8210.97436  7.09%     -   19s
     0     0 8210.97436    0  248 8838.00000 8210.97436  7.09%     -   20s
     0     0 8210.97436    0  200 8838.00000 8210.97436  7.09%     -   20s
     0     0 8210.97436    0  220 8838.00000 8210.97436  7.09%     -   20s
H    0     0                    8820.0000000 8210.97436  6.91%     -   20s
     0     0 8210.97436    0  192 8820.00000 8210.97436  6.91%     -   20s
     0     0 8210.97436    0  151 8820.00000 8210.97436  6.91%     -   21s
     0     2 8210.97436    0  146 8820.00000 8210.97436  6.91%     -   21s
H  674   517                    8810.0000000 8450.00000  4.09%  36.2   26s
  1471  1093 8717.00000   38  192 8810.00000 8450.00000  4.09%  27.8   30s
  2062  1342 8625.00000   45  106 8810.00000 8450.00000  4.09%  32.0   35s
  4322  2451 8750.00000   76  102 8810.00000 8450.00000  4.09%  27.3   40s
H 5558  3102                    8800.0000000 8450.00000  3.98%  27.1   43s
  6750  4059 8786.00000   87  118 8800.00000 8450.00000  3.98%  27.2   45s
H 8236  4793                    8799.9999960 8450.00000  3.98%  26.8   48s
  8788  5365 8604.02062   41  149 8800.00000 8450.00000  3.98%  26.8   50s
 11852  7907 8698.59043   32  174 8800.00000 8450.00000  3.98%  26.3   55s
 15181  9791 8635.00000   54  124 8800.00000 8450.00000  3.98%  24.9   60s
 17799 11492 8478.00000   20  153 8800.00000 8450.00000  3.98%  24.5   65s
 20954 13256 8753.00000   39  167 8800.00000 8450.00000  3.98%  24.1   71s
H22143 13203                    8793.0000000 8450.00000  3.90%  23.7   73s
 22603 14052 8507.59043   22  173 8793.00000 8450.00000  3.90%  23.7   75s
 25929 16037 8577.00000   35  155 8793.00000 8450.00000  3.90%  23.3   81s
 29773 17969 8627.00000   81  151 8793.00000 8450.00000  3.90%  23.1  101s
 29782 17975 8717.26798   95  302 8793.00000 8450.00000  3.90%  23.1  106s
 29787 17978 8764.00000   28  306 8793.00000 8450.00000  3.90%  23.1  110s
 29794 17983 8630.00000   52  243 8793.00000 8450.00000  3.90%  23.1  115s
 29797 17985 8662.00000   30  150 8793.00000 8450.00000  3.90%  23.1  121s
 29799 17986 8743.00000   71  182 8793.00000 8450.00000  3.90%  23.1  126s
 29801 17988 8470.00000   28  138 8793.00000 8450.00000  3.90%  23.1  133s
 29802 17988 8637.00000   31  176 8793.00000 8450.00000  3.90%  23.1  136s
 29806 17991 8678.00000   22  216 8793.00000 8450.00000  3.90%  23.1  141s
 29809 17993 8749.00000   59  119 8793.00000 8450.00000  3.90%  23.1  148s
 29810 17994 8592.11900   57  218 8793.00000 8450.00000  3.90%  23.1  150s
 29812 17995 8743.00000   61  192 8793.00000 8450.00000  3.90%  23.1  156s
 29816 17998 8578.00000   49  170 8793.00000 8450.00000  3.90%  23.1  161s
 29819 18000 8546.59043   24  134 8793.00000 8450.00000  3.90%  23.1  165s
 29977 18093 8456.00000   32  121 8793.00000 8450.00000  3.90%  23.8  170s
 30737 18351 infeasible   85      8793.00000 8450.00000  3.90%  24.0  175s
 31837 18735 8455.48985   30  168 8793.00000 8455.14599  3.84%  24.4  180s
 33563 19066 8481.39545   31  144 8793.00000 8456.00000  3.83%  24.8  185s
 35080 19436 8614.00000   43  103 8793.00000 8456.16000  3.83%  25.2  191s
 36127 19697 8534.00000   37  117 8793.00000 8456.41806  3.83%  25.5  195s
 37831 20042 8655.70127   46  140 8793.00000 8457.46462  3.82%  25.7  200s
 39911 20508 8719.58763   77   64 8793.00000 8461.14883  3.77%  26.2  205s
 42462 21194 8478.00000   51   98 8793.00000 8461.79041  3.77%  26.5  210s
 45293 21704 8464.00000   37  155 8793.00000 8464.00000  3.74%  27.0  215s
 48065 22168 8475.44000   35  172 8793.00000 8464.00000  3.74%  27.4  220s
 50300 22948 8615.58824   64   72 8793.00000 8464.00000  3.74%  27.6  225s
 52261 23762 8730.00000   75   65 8793.00000 8464.00000  3.74%  27.9  230s
 55009 23932 8681.00000   58   70 8793.00000 8464.00000  3.74%  27.8  235s
 56733 25028 8771.00000   65   65 8793.00000 8464.00000  3.74%  27.9  240s
 59477 25238 8750.00000   85   57 8793.00000 8464.00000  3.74%  27.8  245s
 62524 25480 8500.93671   44  171 8793.00000 8464.18072  3.74%  27.8  251s
 64528 25826 8656.03015   44  161 8793.00000 8465.40206  3.73%  27.9  255s
 66694 26117 infeasible   47      8793.00000 8466.78754  3.71%  28.0  261s
 67488 26604 8472.00000   45  127 8793.00000 8466.78754  3.71%  28.0  265s
H67799 24939                    8778.0000000 8466.78754  3.55%  28.0  265s
H69018 23824                    8776.0000000 8466.87379  3.52%  28.0  266s
 70615 24484 infeasible   50      8776.00000 8468.42379  3.50%  28.2  271s
 72643 24575 8476.42379   41  159 8776.00000 8468.42379  3.50%  28.2  275s
 74508 25273 infeasible   45      8776.00000 8470.00000  3.49%  28.4  281s
 76839 25965 8727.19633  102  114 8776.00000 8470.00000  3.49%  28.4  285s
 80067 26541 8540.00000   52  135 8776.00000 8470.00000  3.49%  28.3  290s
 81601 27363 8590.00000   51  143 8776.00000 8470.00000  3.49%  28.4  295s
 83765 28367 infeasible  124      8776.00000 8470.00000  3.49%  28.3  301s
 85366 29415 8658.75410   81   90 8776.00000 8470.00000  3.49%  28.3  307s
 87613 30442 8631.00000   53  133 8776.00000 8470.00000  3.49%  28.2  311s
 89288 31880 8703.00000   57   61 8776.00000 8470.00000  3.49%  28.2  318s
 90996 32042 infeasible   39      8776.00000 8470.18561  3.48%  28.1  321s
 92311 32616 infeasible   43      8776.00000 8470.91000  3.48%  28.2  325s
 94584 33727 8750.00000   55   99 8776.00000 8472.00000  3.46%  28.3  331s
 95590 34191 infeasible   42      8776.00000 8472.00000  3.46%  28.4  338s
 96629 34814     cutoff   50      8776.00000 8472.00000  3.46%  28.5  341s
 99075 36105 8560.27586   38  154 8776.00000 8472.00000  3.46%  28.7  347s
 100361 37258 8754.00000   70   84 8776.00000 8472.00000  3.46%  28.7  351s
 103763 38082 8685.00000   72   55 8776.00000 8472.00000  3.46%  28.7  358s
 104705 38754 8731.63491   47  151 8776.00000 8472.00000  3.46%  28.7  362s
 106234 39461 8572.94579   50  116 8776.00000 8472.00000  3.46%  28.8  366s
 107645 39992 8548.54545   55  115 8776.00000 8472.00000  3.46%  28.9  370s
 110190 41772 8700.62609   72   71 8776.00000 8472.00000  3.46%  29.1  377s
 113419 42451     cutoff   64      8776.00000 8472.00000  3.46%  29.0  380s
 115811 44234 8612.09746   37  158 8776.00000 8472.00000  3.46%  29.1  387s
 118013 45472 infeasible   49      8776.00000 8472.00000  3.46%  29.3  392s
 119950 46184 8765.00000   60  101 8776.00000 8472.00000  3.46%  29.2  395s
 122516 47505 8692.59907   94  101 8776.00000 8472.00000  3.46%  29.3  402s
 123819 47657 8621.00000   45  106 8776.00000 8472.00000  3.46%  29.3  406s
 125320 48831 8766.00000   65   78 8776.00000 8472.00000  3.46%  29.4  412s
 126851 49470 8775.00000   68   74 8776.00000 8472.00000  3.46%  29.4  415s
 129392 50347 8531.00000   57   95 8776.00000 8472.00000  3.46%  29.6  420s
 131476 51125     cutoff   47      8776.00000 8472.10733  3.46%  29.7  425s
 133273 52004     cutoff   53      8776.00000 8472.12712  3.46%  29.8  430s
 136720 53588 8589.00000   60  112 8776.00000 8472.22156  3.46%  29.8  436s
 138796 54159 8575.65808   49  100 8776.00000 8473.29999  3.45%  29.8  441s
 140126 54806 8564.00000   49  136 8776.00000 8474.00000  3.44%  29.9  445s
 142028 55578 8680.41367   49  134 8776.00000 8475.45617  3.42%  30.0  450s
 144145 57165 8592.42379   47  121 8776.00000 8476.42379  3.41%  30.0  455s
 147214 57881 8604.00000   48  102 8776.00000 8476.42379  3.41%  30.0  461s
 149262 58980 8573.00000   43  160 8776.00000 8476.42379  3.41%  30.2  466s
 152055 60251 8695.44828   44  118 8776.00000 8476.42379  3.41%  30.1  470s
 153888 61604 8567.49606   43  128 8776.00000 8476.42379  3.41%  30.1  475s
 157389 62544 8768.00000   71   82 8776.00000 8476.42379  3.41%  30.1  481s
 159035 63863 8484.84151   38  177 8776.00000 8476.42379  3.41%  30.2  486s
 161830 64378 8670.41379   39  138 8776.00000 8476.42379  3.41%  30.1  491s
 163473 65203 8486.53112   45  172 8776.00000 8476.42379  3.41%  30.2  496s
 164357 65723 8746.81384   70   63 8776.00000 8476.42379  3.41%  30.2  500s
 166428 66362     cutoff   53      8776.00000 8476.53112  3.41%  30.2  509s
 167520 66656 8608.00000   45  142 8776.00000 8476.60451  3.41%  30.3  512s
 168379 67085 8729.00000   79   59 8776.00000 8476.88241  3.41%  30.3  515s
 169292 67942 8706.00000   58   83 8776.00000 8478.00000  3.40%  30.4  520s
 170680 69082 infeasible   64      8776.00000 8478.00000  3.40%  30.3  529s
 172615 70263 8524.00000   54  126 8776.00000 8478.00000  3.40%  30.3  534s
 174503 70912 infeasible   61      8776.00000 8478.00000  3.40%  30.3  537s
 175876 71677     cutoff   46      8776.00000 8478.00000  3.40%  30.3  540s
 178454 73253 8734.00000   67   58 8776.00000 8478.00000  3.40%  30.3  546s
 179892 73954 8652.49067   59   80 8776.00000 8478.00000  3.40%  30.3  550s
 183545 75655 infeasible   65      8776.00000 8478.00000  3.40%  30.2  556s
 185378 76744 8722.00000   51   78 8776.00000 8478.00000  3.40%  30.2  561s
 187445 77767     cutoff   47      8776.00000 8478.00000  3.40%  30.2  565s
 189569 79214     cutoff   57      8776.00000 8478.00000  3.40%  30.2  570s
 193485 81741 8771.00000   93   69 8776.00000 8478.00000  3.40%  30.2  577s
 196690 83043 8605.55773   46  107 8776.00000 8478.00000  3.40%  30.1  582s
 197927 83590 8698.00000   50  113 8776.00000 8478.00000  3.40%  30.1  586s
 200370 84950 8759.63366   83   95 8776.00000 8478.00000  3.40%  30.1  591s
 202978 86610 8548.00000   49  110 8776.00000 8478.00000  3.40%  30.2  597s
 204530 87367 8698.00000   45   85 8776.00000 8478.00000  3.40%  30.2  600s
 205907 88462     cutoff   46      8776.00000 8478.00000  3.40%  30.2  605s
 208071 89002 8478.00000   39  131 8776.00000 8478.00000  3.40%  30.1  615s
 210172 90100 infeasible   53      8776.00000 8478.00000  3.40%  30.2  622s
 212775 91340 8478.00000   42  124 8776.00000 8478.00000  3.40%  30.2  626s
 215093 93031 8594.00000   48  106 8776.00000 8478.00000  3.40%  30.2  632s
 217933 93787 8502.54545   58  146 8776.00000 8478.00000  3.40%  30.2  636s
 220069 94777 8696.00000   77   59 8776.00000 8478.00000  3.40%  30.3  642s
 221163 95221 8630.00000   48  115 8776.00000 8478.00000  3.40%  30.3  645s
 223471 96449 8747.50633  100   80 8776.00000 8478.00000  3.40%  30.3  652s
 224570 96908 8613.00000   42  130 8776.00000 8478.00000  3.40%  30.3  655s
 226848 97874 8625.04480   72  113 8776.00000 8478.00000  3.40%  30.4  661s
 229308 98913 infeasible   47      8776.00000 8478.00000  3.40%  30.4  667s
 230510 99278 8478.91000   40  139 8776.00000 8478.00000  3.40%  30.5  670s
 231635 99773 8722.00000   49  129 8776.00000 8478.00000  3.40%  30.5  675s
 233761 100778 8743.00000   85   52 8776.00000 8478.00740  3.40%  30.5  680s
 236232 101895 8508.83032   57  123 8776.00000 8478.20810  3.39%  30.5  686s
 238495 103167 8589.42379   46  161 8776.00000 8478.20810  3.39%  30.5  691s
 239724 103933 8719.00000   71   70 8776.00000 8478.42379  3.39%  30.4  695s
 243707 105521 8548.91000   40  144 8776.00000 8478.91000  3.39%  30.5  700s
 246940 107803 8706.00000   76   84 8776.00000 8479.33207  3.38%  30.4  705s
 252092 110403 8549.00000   50  120 8776.00000 8479.42379  3.38%  30.4  711s
 255910 112055 8673.00000   46   67 8776.00000 8480.00000  3.37%  30.3  715s
 259921 114162     cutoff   46      8776.00000 8480.00000  3.37%  30.2  720s
 263892 116428 8758.00000   86   78 8776.00000 8480.00000  3.37%  30.2  725s
 268655 118932 8620.00000   37  119 8776.00000 8480.00000  3.37%  30.1  730s
 272970 121746 8672.00000   57   48 8776.00000 8480.00000  3.37%  30.1  737s
 277053 123717 8690.00000   60   65 8776.00000 8480.00000  3.37%  30.0  740s
 281626 126565 8696.00000   66   67 8776.00000 8480.00000  3.37%  29.9  745s
 285943 128728 8728.70203   29  184 8776.00000 8480.00000  3.37%  29.9  750s
 289914 130760 8618.59365   66  145 8776.00000 8480.03922  3.37%  29.8  756s
 293650 132551 8512.18072   49  121 8776.00000 8480.49443  3.37%  29.8  760s
 296460 133999 8690.42379   46  125 8776.00000 8481.49593  3.36%  29.8  765s
 300616 135710 8482.00000   47  122 8776.00000 8482.00000  3.35%  29.8  771s
 302355 136698 8699.00000   59   61 8776.00000 8482.00000  3.35%  29.9  776s
 305046 138213     cutoff   85      8776.00000 8482.00000  3.35%  29.9  780s
 307784 138903 8765.21212   75  109 8776.00000 8482.10733  3.35%  29.9  785s
 310870 140502 8588.03096   52  151 8776.00000 8482.42379  3.35%  30.0  791s
 313866 141990     cutoff   67      8776.00000 8482.81581  3.34%  30.0  796s
 317034 143489 8691.00000   58   93 8776.00000 8483.00000  3.34%  30.0  801s
 319727 144797 8578.10176   46  153 8776.00000 8483.18072  3.34%  30.0  805s
 322093 145911 infeasible   43      8776.00000 8483.90284  3.33%  30.0  810s
 324415 146965 8584.54676   48  141 8776.00000 8484.00000  3.33%  30.0  816s
 327634 148008 8620.44444   52  103 8776.00000 8484.00000  3.33%  30.1  822s
 331069 150007 8601.00000   52  119 8776.00000 8484.18299  3.33%  30.1  827s
 333436 151332 8562.42379   37  125 8776.00000 8484.25366  3.32%  30.0  831s
 336901 153443 8593.00000   48  113 8776.00000 8484.42379  3.32%  30.0  836s
 339396 155172 8562.42379   44  116 8776.00000 8484.42379  3.32%  29.9  840s
 342215 156635 8542.15267   34  126 8776.00000 8484.78754  3.32%  29.9  845s
 345891 158301     cutoff   53      8776.00000 8484.78879  3.32%  29.8  850s
 348161 159374     cutoff   44      8776.00000 8485.10733  3.31%  29.8  855s
 350481 161350 8621.00000   42  110 8776.00000 8485.48298  3.31%  29.8  860s
 354769 163872 8715.99999   56   80 8776.00000 8485.48298  3.31%  29.7  866s

Cutting planes:
  Learned: 132
  Gomory: 133
  Cover: 28
  Implied bound: 22
  Projected implied bound: 4
  Clique: 5
  MIR: 49
  Flow cover: 116
  Zero half: 21
  Network: 2
  RLT: 51
  Relax-and-lift: 3

Explored 356596 nodes (10607233 simplex iterations) in 867.02 seconds (252.57 work units)
Thread count was 8 (of 8 available processors)

Solution count 10: 8776 8778 8793 ... 9149

Solve interrupted
Best objective 8.776000000298e+03, best bound 8.486000000000e+03, gap 3.3045%

User-callback calls 793559, time in user-callback 7.96 sec

Statistics for modelBWKS_medium_september:
  Linear constraint matrix    : 10537 Constrs, 4887 Vars, 50426 NZs
  Variable types              : 1358 Continuous,
3529 Integer (1331 Binary)
  Matrix coefficient range    : [ 1, 396 ]
  Objective coefficient range : [ 1, 396 ]
  Variable bound range        : [ 1, 199 ]
  RHS coefficient range       : [ 1, 9389.16 ]
