
Gurobi 10.0.1 (mac64[arm]) logging started Sat Mar 30 02:40:52 2024

Set parameter LogFile to value "/Users/deniserings/Documents/zib/s-bahn-data/scripts/DeniseMA/processed/BGB_BWES/RINS/BGB_BWES_202403292026_slack_0.9.log"
Gurobi Optimizer version 10.0.1 build v10.0.1rc0 (mac64[arm])

CPU model: Apple M2
Thread count: 8 physical cores, 8 logical processors, using up to 8 threads

Optimize a model with 23774 rows, 9987 columns and 90214 nonzeros
Model fingerprint: 0xf47b7a08
Variable types: 3270 continuous, 6717 integer (1378 binary)
Coefficient statistics:
  Matrix range     [1e+00, 4e+02]
  Objective range  [1e+00, 4e+02]
  Bounds range     [1e+00, 2e+02]
  RHS range        [1e+00, 3e+04]

User MIP start did not produce a new incumbent solution
User MIP start violates constraint objective_cutoff by 278.410000000

Presolve removed 10394 rows and 2844 columns
Presolve time: 0.14s
Presolved: 13380 rows, 7143 columns, 53032 nonzeros
Variable types: 1862 continuous, 5281 integer (5281 binary)

Root relaxation: objective 2.329800e+04, 4371 iterations, 0.04 seconds (0.05 work units)
Another try with MIP start

    Nodes    |    Current Node    |     Objective Bounds      |     Work
 Expl Unexpl |  Obj  Depth IntInf | Incumbent    BestBd   Gap | It/Node Time

     0     0 23298.0000    0  431          - 23298.0000      -     -    0s
     0     0 23459.0758    0  981          - 23459.0758      -     -    0s
     0     0 23459.0944    0  952          - 23459.0944      -     -    0s
     0     0 23502.0325    0 1109          - 23502.0325      -     -    0s
     0     0 23502.0325    0 1049          - 23502.0325      -     -    1s
     0     0 23504.0000    0  927          - 23504.0000      -     -    1s
     0     0 23504.0000    0  795          - 23504.0000      -     -    1s
     0     0 23504.0000    0  928          - 23504.0000      -     -    1s
     0     0 23504.0000    0  938          - 23504.0000      -     -    1s
     0     0 23504.8882    0  384          - 23504.8882      -     -    1s
     0     0 23504.8882    0  600          - 23504.8882      -     -    1s
     0     0 23504.8882    0  782          - 23504.8882      -     -    1s
     0     0 23504.8882    0  746          - 23504.8882      -     -    2s
     0     0 23504.8882    0  378          - 23504.8882      -     -    2s
     0     0 23504.8882    0  338          - 23504.8882      -     -    2s
     0     2 23504.8882    0  332          - 23504.8882      -     -    2s
  1481  1463 23633.0000   22  547          - 23565.0000      -  28.1    5s
  2677  2342 23723.0000   31  325          - 23571.0000      -  29.4   10s
  3450  2891 23653.0000   62  284          - 23633.0000      -  22.4   15s
 10559  6774 23653.0000   52  370          - 23633.0000      -  22.9   20s
 17630 11407 infeasible  120               - 23633.0000      -  26.2   25s
 23537 15762 23899.0000   33  362          - 23633.0000      -  27.9   30s
 29409 21261 23661.0300   58  432          - 23633.0000      -  28.4   35s
 31328 22951 infeasible  143               - 23633.0000      -  28.2   42s
 36196 25401 infeasible  116               - 23633.0000      -  28.2   45s
 42346 30848 24564.0000   78  485          - 23633.0000      -  28.5   50s
 47435 39322 24207.0000   53  442          - 23633.0000      -  28.5   55s
 58442 42859 24221.0580   62  468          - 23633.0000      -  28.4   60s
 62025 50203 23684.0000   43  408          - 23633.0000      -  28.4   65s
 73075 53578 infeasible  163               - 23633.0000      -  28.3   70s
 81411 59597 infeasible  103               - 23633.0000      -  28.8   75s
 87927 63534 24045.0000   52  440          - 23633.0000      -  29.0   80s
 95586 70004 25667.0000  138  342          - 23633.0000      -  29.1   85s
 103411 75976 23714.1823   54  519          - 23633.0000      -  29.4   90s
 111087 80542 24095.6100   34  412          - 23633.0000      -  29.5   95s
 117278 86281 24033.0000  117  495          - 23633.0000      -  29.8  100s
 120622 88200 25162.9391  147  258          - 23633.0000      -  29.9  105s
 121478 94248 24181.7823   56  409          - 23633.0000      -  30.0  110s
 134696 98557 23641.0000   29  568          - 23633.0000      -  30.4  115s
 141630 104557 24185.2680  102  437          - 23633.0000      -  30.6  120s
 148777 108956 23656.0000   51  495          - 23633.0000      -  30.8  125s
 152426 117305 23658.0000   56  464          - 23633.0000      -  30.9  132s
 160568 117500 24334.0000   81  341          - 23633.0000      -  31.0  135s
 164792 122039 24228.0000   65  501          - 23633.0000      -  31.2  140s
 167785 128664 23751.0000   53  452          - 23633.0000      -  31.3  145s
 179033 132266 23635.0000   34  443          - 23633.0000      -  31.3  150s
 186705 138031 25470.0000  144  266          - 23633.0000      -  31.4  155s
 195673 144446 23641.0000   50  420          - 23633.0000      -  31.4  160s
 204311 150568 23641.0000   56  492          - 23633.0000      -  31.3  165s
 210077 155061 24550.0000   99  308          - 23633.0000      -  31.5  170s
 218133 161022 23700.0000   46  479          - 23633.0000      -  31.5  175s
 219870 161923 24115.0000   72  509          - 23633.0000      -  31.6  180s
 226570 167349 25091.2925  123  509          - 23633.0000      -  31.6  185s
 235592 173105 23645.5714   82  377          - 23633.0000      -  31.6  190s
 242883 179081 23633.0000   27  660          - 23633.0000      -  31.6  195s
 250542 184638 23966.0000   88  485          - 23633.0000      -  31.6  200s
 258533 189767 23662.6221   35  542          - 23633.0000      -  31.6  205s
 266435 196395 24270.0000   99  359          - 23633.0000      -  31.8  213s
 267883 197976 24014.0000   77  404          - 23633.0000      -  31.8  215s
 276590 203346 infeasible   87               - 23633.0000      -  31.8  220s
 283343 209188 23641.2943   49  486          - 23633.0874      -  32.1  225s
 290449 214462 23647.2344   44  455          - 23633.1311      -  32.2  230s
 297561 219204 25137.1600  108  403          - 23633.1608      -  32.4  235s
 301146 221770 23679.0326   41  520          - 23633.1608      -  32.4  241s
 301320 228311 23843.0326   67  423          - 23633.1608      -  32.5  255s
 316728 235115 25175.5426  154  239          - 23633.1800      -  33.1  260s
 326035 241640 25344.7692  163  471          - 23633.5118      -  33.2  265s
 335554 248575 23663.5416   52  421          - 23633.5118      -  33.1  270s
 344757 254928 infeasible  111               - 23633.5118      -  33.2  275s
 351326 260028 24220.0000   93  408          - 23633.5118      -  33.3  280s
 357746 265673 24685.6200   95  371          - 23633.5118      -  33.4  285s
 362539 274289 23701.0678   59  530          - 23633.5326      -  33.5  292s
 371594 276094 25609.2877  103  310          - 23633.5416      -  33.7  295s
 373043 276378 24358.0000   73  483          - 23633.5416      -  33.7  300s
 377288 285553 26361.3600  110  267          - 23633.5416      -  33.7  307s
 387137 287115 infeasible  147               - 23633.5416      -  33.7  310s
 392434 296799 23777.8214   72  468          - 23633.5416      -  33.8  318s
 400848 298222 23775.0000   71  534          - 23633.5416      -  33.8  320s
 407993 302784 infeasible   66               - 23633.5501      -  33.8  325s
 415262 307940 23933.6528   91  459          - 23633.6202      -  33.8  330s
 419887 311460 23679.0000   52  449          - 23633.6202      -  34.0  335s
 423233 319401 23755.0000   55  502          - 23633.6202      -  34.1  342s
 431832 321250 24502.4250   94  540          - 23633.6202      -  34.2  345s
 438113 330306 23767.7973   53  526          - 23633.6202      -  34.3  354s
 445841 330447 infeasible   82               - 23633.6202      -  34.4  355s
 446620 332250 23913.0000   89  489          - 23633.6202      -  34.5  360s
 453314 341767 24288.0000   98  370          - 23633.6202      -  34.6  369s
 461057 341899 infeasible  101               - 23633.6202      -  34.7  370s
 464943 345826 23974.9577   65  447          - 23633.6312      -  34.8  375s
 468389 352126 23900.4898   52  544          - 23633.6312      -  34.9  380s
 478895 355813 24540.4800   49  491          - 23633.7185      -  35.0  385s
 479882 356069 23887.0000   60  492          - 23633.7185      -  35.0  390s
 484355 360587 25422.7000   78  384          - 23633.7185      -  35.1  395s
 490625 365195 24458.0000  119  283          - 23633.7185      -  35.1  400s
 497060 370025 23676.2034   53  496          - 23633.7185      -  35.1  405s
 503010 374454 25017.2438  130  301          - 23633.7185      -  35.2  410s
 509336 379024 23642.5150   45  529          - 23633.7185      -  35.2  415s
 515565 383042 23747.2714   49  530          - 23633.7185      -  35.3  420s
 521177 388013 23875.0000   70  470          - 23633.7185      -  35.4  425s
 527695 391864 infeasible  108               - 23633.7185      -  35.4  430s
 527895 397676 23777.0000   61  464          - 23633.7185      -  35.5  435s
 539714 401578 23678.0816   49  502          - 23633.7185      -  35.5  440s
 541246 402565 24707.6762   73  501          - 23633.7185      -  35.6  446s
 542528 404689 24541.2500   92  441          - 23633.7185      -  35.6  451s
 549463 409581 24076.0000   83  502          - 23633.7185      -  35.7  456s
 555686 413803 23792.9245   68  455          - 23633.7185      -  35.7  460s
 562577 418171 23722.7836   54  501          - 23633.7185      -  35.8  465s
 568103 423084 24055.5315   93  451          - 23633.7185      -  35.9  470s
 573434 426954 infeasible   67               - 23633.7185      -  35.9  475s
 580102 431347 infeasible  107               - 23633.7185      -  36.0  480s
 586267 436062 23799.9245   58  427          - 23633.7185      -  36.1  485s
 588803 443411 23846.0000   68  468          - 23633.7185      -  36.1  492s
 597198 444009 24379.0000   41  545          - 23633.7185      -  36.2  495s
 602461 447715 24519.0000   73  429          - 23633.8099      -  36.2  505s
 605048 449857 24131.0000  105  372          - 23633.8118      -  36.2  510s
 611537 455631 23917.2241   62  424          - 23633.9219      -  36.3  515s
 617340 460063 23822.2966   40  492          - 23634.0175      -  36.4  520s
 623512 463640 infeasible   99               - 23634.1093      -  36.4  525s
 628660 468391 23858.0811   53  412          - 23634.1311      -  36.5  530s
 635341 473415 23680.9115   40  574          - 23634.2972      -  36.5  535s
 641545 477614 25152.8649  120  270          - 23634.3848      -  36.6  540s
 645951 481331 23861.0000   65  509          - 23634.4082      -  36.7  545s
 650318 484526 24730.0000   87  444          - 23634.4082      -  36.8  551s
 653472 486563 26188.0000  162  235          - 23634.4082      -  37.0  555s
 658976 490539 23682.0000   41  497          - 23634.4082      -  37.1  560s
 663741 496529 24152.0779   80  410          - 23634.4082      -  37.1  566s
 669996 499321 24364.6667   83  457          - 23634.4255      -  37.2  570s
 676539 502940 infeasible  145               - 23634.5150      -  37.3  575s
 680171 505952 23634.5685   29  484          - 23634.5685      -  37.4  581s
 683795 509450 23636.4878   48  646          - 23634.5828      -  37.5  585s
 688836 513300 24070.7391   67  421          - 23634.6879      -  37.7  590s
 692732 519348 26245.6379  100  308          - 23634.7075      -  37.8  599s
 698846 519348 24006.2714   59  518          - 23634.7290      -  37.8  600s

Cutting planes:
  Learned: 193
  Gomory: 192
  Cover: 787
  Implied bound: 89
  Projected implied bound: 1
  Clique: 178
  MIR: 421
  StrongCG: 121
  Flow cover: 2070
  GUB cover: 1
  Inf proof: 5
  Zero half: 32
  Network: 18
  RLT: 57
  Relax-and-lift: 83

Explored 699930 nodes (26586634 simplex iterations) in 601.01 seconds (757.63 work units)
Thread count was 8 (of 8 available processors)

Solution count 0

Solve interrupted
Best objective -, best bound 2.363474357797e+04, gap -

User-callback calls 1548189, time in user-callback 4.15 sec

Statistics for modelBGB_BWES:
  Linear constraint matrix    : 23774 Constrs, 9987 Vars, 90214 NZs
  Variable types              : 3270 Continuous,
6717 Integer (1378 Binary)
  Matrix coefficient range    : [ 1, 386 ]
  Objective coefficient range : [ 1, 386 ]
  Variable bound range        : [ 1, 199 ]
  RHS coefficient range       : [ 1, 27562.6 ]
