
Gurobi 10.0.1 (mac64[arm]) logging started Sat Mar 30 02:30:49 2024

Set parameter LogFile to value "/Users/deniserings/Documents/zib/s-bahn-data/scripts/DeniseMA/processed/BGB_BWES/RINS/BGB_BWES_202403292026_other alternatives_0.9.log"
Gurobi Optimizer version 10.0.1 build v10.0.1rc0 (mac64[arm])

CPU model: Apple M2
Thread count: 8 physical cores, 8 logical processors, using up to 8 threads

Optimize a model with 23775 rows, 9987 columns and 90215 nonzeros
Model fingerprint: 0x321e541e
Variable types: 3270 continuous, 6717 integer (1378 binary)
Coefficient statistics:
  Matrix range     [1e+00, 4e+02]
  Objective range  [1e+00, 4e+02]
  Bounds range     [1e+00, 2e+02]
  RHS range        [1e+00, 3e+04]

User MIP start did not produce a new incumbent solution
User MIP start violates constraint objective_cutoff by 278.410000000

Presolve removed 10336 rows and 2814 columns
Presolve time: 0.13s
Presolved: 13439 rows, 7173 columns, 53505 nonzeros
Variable types: 1881 continuous, 5292 integer (5292 binary)

Root relaxation: objective 2.329800e+04, 4295 iterations, 0.03 seconds (0.04 work units)

    Nodes    |    Current Node    |     Objective Bounds      |     Work
 Expl Unexpl |  Obj  Depth IntInf | Incumbent    BestBd   Gap | It/Node Time

     0     0 23298.0000    0  413          - 23298.0000      -     -    0s
Another try with MIP start
     0     0 23462.6031    0  993          - 23462.6031      -     -    0s
     0     0 23462.6160    0 1019          - 23462.6160      -     -    0s
     0     0 23490.0340    0 1039          - 23490.0340      -     -    0s
     0     0 23490.2578    0  899          - 23490.2578      -     -    0s
     0     0 23498.8000    0  961          - 23498.8000      -     -    1s
     0     0 23499.4667    0  981          - 23499.4667      -     -    1s
     0     0 23499.4667    0  951          - 23499.4667      -     -    1s
     0     0 23502.3333    0 1042          - 23502.3333      -     -    1s
     0     0 23502.3333    0  944          - 23502.3333      -     -    1s
     0     0 23503.0000    0 1030          - 23503.0000      -     -    1s
     0     0 23503.0000    0  890          - 23503.0000      -     -    1s
     0     0 23503.0000    0  977          - 23503.0000      -     -    1s
     0     0 23503.0000    0 1176          - 23503.0000      -     -    1s
     0     0 23503.0000    0  402          - 23503.0000      -     -    1s
     0     0 23503.0000    0  624          - 23503.0000      -     -    1s
     0     0 23503.0000    0  332          - 23503.0000      -     -    2s
     0     0 23503.0000    0  527          - 23503.0000      -     -    2s
     0     0 23503.0000    0  359          - 23503.0000      -     -    2s
     0     0 23503.0000    0  621          - 23503.0000      -     -    2s
     0     0 23503.0000    0  311          - 23503.0000      -     -    2s
     0     0 23503.0000    0  300          - 23503.0000      -     -    2s
     0     0 23503.0000    0  371          - 23503.0000      -     -    3s
     0     0 23503.0000    0  698          - 23503.0000      -     -    3s
     0     0 23503.0323    0  589          - 23503.0323      -     -    3s
     0     0 23503.0323    0  589          - 23503.0323      -     -    3s
     0     0 23509.6058    0  673          - 23509.6058      -     -    4s
     0     0 23510.4940    0  584          - 23510.4940      -     -    4s
     0     0 23510.5210    0  585          - 23510.5210      -     -    4s
     0     0 23521.1532    0  690          - 23521.1532      -     -    4s
     0     0 23521.2961    0  612          - 23521.2961      -     -    4s
     0     0 23521.2961    0  614          - 23521.2961      -     -    4s
     0     0 23521.6212    0  701          - 23521.6212      -     -    4s
     0     0 23521.6212    0  589          - 23521.6212      -     -    4s
     0     0 23523.7301    0  618          - 23523.7301      -     -    4s
     0     0 23523.7301    0  648          - 23523.7301      -     -    4s
     0     0 23524.1420    0  778          - 23524.1420      -     -    4s
     0     0 23524.1420    0  700          - 23524.1420      -     -    4s
     0     0 23524.1420    0  767          - 23524.1420      -     -    4s
     0     0 23524.1420    0  778          - 23524.1420      -     -    4s
     0     0 23524.1420    0  312          - 23524.1420      -     -    5s
     0     0 23524.1420    0  512          - 23524.1420      -     -    5s
     0     0 23524.1420    0  323          - 23524.1420      -     -    5s
     0     0 23524.1420    0  301          - 23524.1420      -     -    5s
     0     2 23524.1420    0  301          - 23524.1420      -     -    6s
  3510  3013 24291.0000  102  548          - 23560.5347      -  23.5   10s
  3542  3034 23755.0000   73  564          - 23618.3493      -  23.2   15s
  4162  3451 23639.0000   48  299          - 23633.0000      -  45.9   20s
  8948  5768 infeasible  117               - 23633.0000      -  35.9   25s
 15147  9318 infeasible  139               - 23633.0000      -  31.8   30s
 23528 16905 23717.0188   44  334          - 23633.0000      -  28.8   35s
 30531 22598 23837.2779   54  470          - 23633.0000      -  30.0   47s
 35761 25192 24800.5888  146  395          - 23633.0000      -  30.2   50s
 40549 28783 infeasible   55               - 23633.0000      -  30.6   55s
 47823 34170 infeasible   76               - 23633.0000      -  30.8   60s
 54616 39122 infeasible  167               - 23633.0000      -  31.1   65s
 59447 42824 infeasible   64               - 23633.0000      -  31.8   70s
 64814 47516 23988.5200   69  562          - 23633.0000      -  32.3   75s
 71012 51381 24179.5099   63  507          - 23633.0000      -  33.5   80s
 75456 55200 24154.0000  123  322          - 23633.0000      -  34.0   85s
 81256 58455 24473.8374   94  483          - 23633.0000      -  34.5   92s
 83536 60344 infeasible  111               - 23633.0000      -  34.9   95s
 87705 64185 23633.0000   40  673          - 23633.0000      -  35.4  100s
 93038 72439 23717.1688   89  470          - 23633.0000      -  35.7  108s
 100885 72725 23797.4709   48  477          - 23633.0000      -  35.7  110s
 105762 77261 24421.0000   48  542          - 23633.0000      -  36.1  115s
 110872 80493 infeasible   57               - 23633.0000      -  36.4  120s
 116020 84619 23806.0000   48  512          - 23633.0000      -  36.9  125s
 120408 87909 24205.0188   99  497          - 23633.0000      -  37.1  130s
 122353 93745 24750.5000   71  516          - 23633.0000      -  37.3  137s
 130976 95213 24196.0000   87  417          - 23633.0000      -  37.8  140s
 134299 96543 24214.0000   99  508          - 23633.0000      -  38.0  149s
 134622 97007 24506.4388  111  384          - 23633.0000      -  38.1  150s
 137589 102132 23839.0000   33  684          - 23633.0000      -  38.4  157s
 142861 103998 24163.2593   60  628          - 23633.0000      -  38.7  160s
 148590 108061 23828.1290   72  451          - 23633.0000      -  39.0  165s
 152034 114136 24070.7409   62  503          - 23633.0000      -  39.1  172s
 159236 115716 24961.5628   92  390          - 23633.0000      -  39.4  175s
 165647 119221 23671.4956   41  574          - 23633.0000      -  39.6  180s
 169414 122676 24112.9888   81  482          - 23633.0000      -  39.8  185s
 176170 126530 23749.0000   48  608          - 23633.0000      -  40.1  190s
 181566 131150 24446.0188   68  404          - 23633.0000      -  40.2  195s
 183315 135046 25096.0000   89  366          - 23633.0000      -  40.4  200s
 191039 138438 23863.2249   73  559          - 23633.0000      -  40.6  205s
 196562 142415 23770.0188   65  556          - 23633.0000      -  40.8  210s
 202155 145392 infeasible   79               - 23633.0000      -  40.9  215s
 207277 149122 24041.6222   84  420          - 23633.0000      -  41.1  220s
 212686 154015 24670.0374  125  420          - 23633.0000      -  41.3  226s
 216556 156935 24321.0057   48  577          - 23633.0000      -  41.4  230s
 221873 160647 25749.0068  106  397          - 23633.0000      -  41.5  235s
 224956 161634 24151.8028   77  530          - 23633.0000      -  41.5  241s
 227276 163644 24672.0068   58  566          - 23633.0000      -  41.6  245s
 227557 168679 24959.1977   87  386          - 23633.0000      -  41.6  250s
 236975 171557 24142.0188   97  406          - 23633.0000      -  41.8  255s
 242145 178854 24618.2271   72  528          - 23633.0000      -  41.9  264s
 248701 179037 23754.2973   38  572          - 23633.0000      -  42.0  265s
 252543 182854 23767.0000   61  597          - 23633.0000      -  42.1  270s
 258762 186544 24178.0000   46  569          - 23633.0000      -  42.2  275s
 263800 190424 23780.0000   43  604          - 23633.0000      -  42.4  280s
 269439 194491 24423.5796   86  460          - 23633.0000      -  42.6  285s
 273348 201993 23907.0000   51  478          - 23633.0000      -  42.7  293s
 280108 202331 infeasible   98               - 23633.0000      -  42.7  295s
 285308 206139 infeasible  112               - 23633.0000      -  42.8  301s
 288302 213319 24391.4809   85  515          - 23633.0000      -  43.0  309s
 295277 213486 infeasible   95               - 23633.0000      -  43.0  310s
 298875 216135 infeasible   66               - 23633.0000      -  43.1  318s
 299198 216723 24360.4831   88  473          - 23633.0000      -  43.2  320s
 303131 220498 infeasible   67               - 23633.0000      -  43.3  325s
 308336 224360 23915.5383   58  393          - 23633.0000      -  43.4  330s
 314632 228058 infeasible   90               - 23633.0000      -  43.4  335s
 318290 234874 23767.6200   66  522          - 23633.0000      -  43.5  343s
 324600 236409 24629.0000   88  423          - 23633.0000      -  43.6  345s
 330260 240460 24175.2181   65  474          - 23633.0000      -  43.6  350s
 335733 244382 23742.0000   32  592          - 23633.0000      -  43.6  355s
 339425 247187 23826.0000   66  457          - 23633.0000      -  43.7  360s
 345816 250848 infeasible   98               - 23633.0000      -  43.7  365s
 349500 257295 infeasible   87               - 23633.0000      -  43.8  371s
 356877 259818 24390.9196   37  611          - 23633.0000      -  43.7  375s
 361733 262972 24570.4113   45  620          - 23633.0000      -  43.8  380s
 364492 266820 23779.0188   73  521          - 23633.0000      -  43.9  385s
 369724 269876 23757.0000   74  449          - 23633.0000      -  44.0  390s
 376639 274090 23695.4066   35  694          - 23633.0000      -  44.1  395s
 378978 279526 24406.9740   70  520          - 23633.0000      -  44.2  401s
 386560 281297 25091.7400   66  403          - 23633.0000      -  44.2  409s
 387032 281561 23811.0000   36  556          - 23633.0000      -  44.2  410s
 392382 285341 infeasible  123               - 23633.0000      -  44.3  416s
 396123 288993 23903.5550   52  471          - 23633.0000      -  44.5  420s
 401651 293151 24093.7131   61  594          - 23633.0000      -  44.5  425s
 406657 296776 24164.0000   88  397          - 23633.0000      -  44.5  431s
 409923 303083 23968.0000   62  460          - 23633.0000      -  44.6  438s
 416720 303297 infeasible  143               - 23633.0000      -  44.7  440s
 420748 306388 infeasible   86               - 23633.0000      -  44.8  445s
 424747 312138 24392.3683   72  391          - 23633.0000      -  44.8  452s
 431246 313853 24558.1822  115  421          - 23633.0000      -  44.9  455s
 435222 317559 24678.1400   64  487          - 23633.0000      -  44.9  460s
 441728 321450 23750.8313   35  519          - 23633.0000      -  45.0  465s
 442405 322171 24292.0343   93  483          - 23633.0000      -  45.0  471s
 445527 325782 23787.0000   61  501          - 23633.0000      -  45.1  475s
 451532 328946 24162.1701   87  482          - 23633.0000      -  45.1  480s
 455688 336422 23850.2417   67  488          - 23633.0000      -  45.2  488s
 462040 337810 24610.0000   73  441          - 23633.0000      -  45.2  490s
 466913 341405 24062.5832   37  495          - 23633.0000      -  45.3  495s
 470195 347188 23995.0000   65  527          - 23633.0000      -  45.3  502s
 477798 348808 24009.0000   30  646          - 23633.0000      -  45.3  505s
 482848 353127 23633.0000   25  595          - 23633.0000      -  45.4  510s
 486720 356324 24984.4141  113  483          - 23633.0000      -  45.4  515s
 492056 360288 23749.0000   60  525          - 23633.0000      -  45.5  520s
 497153 363160 24047.0331   50  506          - 23633.0000      -  45.6  530s
 498481 365462 23767.0000   53  598          - 23633.0000      -  45.6  535s
 504679 369825 23991.0000   48  462          - 23633.0000      -  45.7  541s
 509828 372762 infeasible   78               - 23633.0000      -  45.7  545s
 513588 376269 24030.4802   78  501          - 23633.0000      -  45.8  550s
 519473 379737 24881.0188  104  443          - 23633.0000      -  45.8  555s
 523473 383602 24533.0000   69  493          - 23633.0000      -  45.9  560s
 529677 387134 infeasible  127               - 23633.0000      -  45.9  566s
 529949 392396 24461.5217   55  557          - 23633.0000      -  46.0  571s
 537825 394037 23867.0000   77  471          - 23633.0000      -  46.0  575s
 543210 398022 23850.8182   60  509          - 23633.0000      -  46.0  580s
 545113 402843 23847.4326   86  453          - 23633.0000      -  46.1  586s
 551837 404536 25041.0188  130  296          - 23633.0000      -  46.1  590s
 557160 408252 24015.2794   63  506          - 23633.0000      -  46.2  595s
 560326 413593 24893.0000   80  464          - 23633.0000      -  46.2  602s

Cutting planes:
  Learned: 191
  Gomory: 175
  Cover: 743
  Implied bound: 89
  Projected implied bound: 13
  Clique: 152
  MIR: 305
  StrongCG: 155
  Flow cover: 1782
  Inf proof: 9
  Zero half: 55
  Network: 21
  RLT: 75
  Relax-and-lift: 101

Explored 565668 nodes (26214824 simplex iterations) in 602.77 seconds (792.63 work units)
Thread count was 8 (of 8 available processors)

Solution count 0

Solve interrupted
Best objective -, best bound 2.363300000000e+04, gap -

User-callback calls 1259978, time in user-callback 3.37 sec

Statistics for modelBGB_BWES:
  Linear constraint matrix    : 23775 Constrs, 9987 Vars, 90215 NZs
  Variable types              : 3270 Continuous,
6717 Integer (1378 Binary)
  Matrix coefficient range    : [ 1, 386 ]
  Objective coefficient range : [ 1, 386 ]
  Variable bound range        : [ 1, 199 ]
  RHS coefficient range       : [ 1, 27562.6 ]
