
Gurobi 10.0.1 (linux64) logging started Mon Apr  1 00:45:45 2024

Set parameter LogFile to value "/data/optimi/optimi/kombadon/drings/SBahn/s-bahn-data/scripts/DeniseMA/processed/BBOS_BWIN_BTG/RINS/BBOS_BWIN_BTG_202403312232_random0_0.6.log"
Gurobi Optimizer version 10.0.1 build v10.0.1rc0 (linux64)

CPU model: Intel(R) Xeon(R) CPU E3-1270 v6 @ 3.80GHz, instruction set [SSE2|AVX|AVX2]
Thread count: 4 physical cores, 8 logical processors, using up to 8 threads

Optimize a model with 4023 rows, 2210 columns and 15137 nonzeros
Model fingerprint: 0x539ee036
Variable types: 896 continuous, 1314 integer (417 binary)
Coefficient statistics:
  Matrix range     [1e+00, 4e+02]
  Objective range  [1e+00, 4e+02]
  Bounds range     [1e+00, 2e+02]
  RHS range        [1e+00, 1e+04]

User MIP start did not produce a new incumbent solution
User MIP start violates constraint objective_cutoff by 102.100031963

Presolve removed 2857 rows and 1308 columns
Presolve time: 0.03s
Presolved: 1166 rows, 902 columns, 4912 nonzeros
Variable types: 365 continuous, 537 integer (537 binary)

Root relaxation: objective 9.843000e+03, 363 iterations, 0.00 seconds (0.00 work units)
Another try with MIP start

    Nodes    |    Current Node    |     Objective Bounds      |     Work
 Expl Unexpl |  Obj  Depth IntInf | Incumbent    BestBd   Gap | It/Node Time

     0     0 9843.00000    0   27          - 9843.00000      -     -    0s
     0     0 9873.00556    0   41          - 9873.00556      -     -    0s
     0     0 9873.17811    0   32          - 9873.17811      -     -    0s
     0     0 9874.00000    0   36          - 9874.00000      -     -    0s
     0     0 9880.00000    0   55          - 9880.00000      -     -    0s
     0     0 9880.00000    0   57          - 9880.00000      -     -    0s
     0     0 9880.00000    0   60          - 9880.00000      -     -    0s
     0     0 9880.07109    0   62          - 9880.07109      -     -    0s
     0     0 9880.07188    0   62          - 9880.07188      -     -    0s
     0     0 9882.04310    0   53          - 9882.04310      -     -    0s
     0     0 9889.00000    0   56          - 9889.00000      -     -    0s
     0     0 9889.00000    0   62          - 9889.00000      -     -    0s
     0     0 9889.00000    0   63          - 9889.00000      -     -    0s
     0     0 9889.00000    0   65          - 9889.00000      -     -    0s
     0     0 9889.00000    0   39          - 9889.00000      -     -    0s
     0     2 9889.00000    0   38          - 9889.00000      -     -    0s
 29335 19982 10189.0000   71   39          - 9891.90920      -  10.1    5s
 29462 20075 9974.00000   40    5          - 9943.06786      -  10.3   10s
 70317 31766 10014.8933   73   25          - 9970.00000      -  11.5   15s
 122641 55799 10018.6101   63   54          - 9972.55616      -  11.3   20s
 170799 81180 9994.72188   64   51          - 9974.12500      -  11.5   25s
 223262 111735 10075.0462   91   16          - 9975.31568      -  11.5   30s
 275418 137386 10001.2133   54   44          - 9978.05381      -  11.3   35s
 323404 162347 infeasible   71               - 9979.83655      -  11.4   40s
 372923 187520 10104.9500   71   17          - 9982.53425      -  11.5   45s
 418410 210838 9984.00000   54    9          - 9984.00000      -  11.6   50s
 463402 232789 infeasible   67               - 9985.63350      -  11.6   55s
 506795 250607 infeasible   85               - 9987.53913      -  11.8   60s
 545921 268378 10033.0000   64   25          - 9989.00000      -  11.9   65s
 586436 287488 10022.9718   65   43          - 9989.62260      -  12.0   70s
 628457 304132 10034.0899   68   44          - 9991.15163      -  12.1   75s
 666990 319789 10039.7360   65   41          - 9993.00000      -  12.2   80s
 709604 337897 infeasible   71               - 9994.39921      -  12.3   85s
 751026 357114 10009.1157   56   28          - 9995.48956      -  12.4   90s
 791980 373853 10105.4549   81   20          - 9996.94294      -  12.5   95s
 834483 390328 infeasible   68               - 9998.40000      -  12.5  100s
 875899 406115 10082.3761   94   20          - 9999.82177      -  12.5  105s
 916433 421398 infeasible   68               - 10001.3038      -  12.6  110s
 953016 433573 10017.1341   69   39          - 10002.9398      -  12.6  115s
 985691 443425 infeasible   60               - 10003.8859      -  12.7  120s
 1019174 456290 10079.4102   79   32          - 10004.8486      -  12.8  125s
 1055755 468264 infeasible   73               - 10006.5328      -  12.9  130s
 1089832 478439 10095.6553   72   37          - 10008.4754      -  13.0  135s
 1123868 489372 10103.7656   73   27          - 10009.6792      -  13.1  140s
 1156288 499210 10044.8970   76   20          - 10010.8746      -  13.2  145s
 1195317 515738 10024.5656   67   54          - 10012.1841      -  13.2  150s
 1224857 523799 infeasible   69               - 10013.1078      -  13.3  155s
 1260325 535182 10064.0000   75   19          - 10014.0000      -  13.4  160s
 1295747 548472 10083.0000   81   17          - 10014.7435      -  13.4  165s
 1330499 562050 10105.0000   72    8          - 10015.8739      -  13.5  170s
 1364041 572501 infeasible   68               - 10017.1250      -  13.5  175s
 1402827 584863 10066.0000   53   18          - 10018.0000      -  13.5  180s
 1436645 597444 10079.0000   68    7          - 10019.0000      -  13.6  185s
 1468411 608466 infeasible   85               - 10019.0000      -  13.6  190s
 1501122 618723 10098.1106   63   17          - 10020.0377      -  13.7  195s
 1537223 632022 10104.1750   71   14          - 10021.1858      -  13.7  200s
 1570214 642609 10103.1820   68   43          - 10022.2500      -  13.7  205s
 1602031 648992 10039.0000   74   23          - 10023.1250      -  13.8  210s
 1633627 656506 10075.9316   64   27          - 10024.1078      -  13.8  215s
 1665622 667046 infeasible   60               - 10025.0000      -  13.9  220s
 1698768 677951 10060.5934   68   31          - 10025.9453      -  13.9  225s
 1729202 685937 infeasible   87               - 10026.8254      -  14.0  230s
 1762007 696666 infeasible   69               - 10027.5194      -  14.0  235s
 1793013 705741 10064.4503   69   35          - 10028.3864      -  14.0  240s
 1823061 711433 10038.4394   66   50          - 10029.1464      -  14.1  245s
 1849647 715077 infeasible   72               - 10030.0294      -  14.2  250s
 1872270 718770 infeasible   74               - 10030.7960      -  14.2  255s
 1904475 727247 infeasible   66               - 10031.1624      -  14.3  260s
 1934838 735928 10084.5759   74   23          - 10032.1305      -  14.3  265s
 1970388 745145 infeasible   66               - 10032.9151      -  14.3  270s
 1996031 749245 infeasible   79               - 10033.0000      -  14.4  275s
 2017550 752573 10043.8295   57   53          - 10033.0000      -  14.4  280s
 2047570 759111 10086.8190   68   31          - 10033.0000      -  14.5  285s
 2074680 765038 infeasible   65               - 10033.8000      -  14.5  290s
 2103323 769701 10043.2001   72   47          - 10034.0000      -  14.6  295s
 2124738 770337 10045.1351   74   38          - 10034.0000      -  14.6  300s
 2154273 774317 10092.5582   73   56          - 10034.7764      -  14.7  305s
 2174012 776202 infeasible   76               - 10035.2310      -  14.7  310s
 2199700 778401 infeasible   73               - 10036.3661      -  14.8  315s
 2226602 783071 infeasible   63               - 10037.2531      -  14.8  320s
 2249511 784983 10083.0000   74   24          - 10038.0000      -  14.9  325s
 2273945 787523 10040.1841   65   18          - 10039.0000      -  14.9  330s
 2297629 788128 infeasible   66               - 10039.0000      -  15.0  335s
 2318708 790518 10090.0000   70   19          - 10039.3333      -  15.0  340s
 2341942 794180 10044.1843   69   23          - 10040.0000      -  15.1  345s
 2366633 796231 10101.2882   66   43          - 10041.0000      -  15.1  350s
 2391302 797351 10066.0739   65   52          - 10042.1250      -  15.2  355s
 2413942 797048 infeasible   71               - 10043.0000      -  15.2  360s
 2433560 796914 infeasible   67               - 10043.1196      -  15.3  365s
 2453252 796016 infeasible   77               - 10044.0000      -  15.4  370s
 2475591 797864 infeasible   76               - 10044.2605      -  15.4  375s
 2498050 799021 infeasible   77               - 10045.0000      -  15.5  380s
 2520357 799540 infeasible   83               - 10046.0382      -  15.5  385s
 2537361 799013 infeasible   70               - 10047.0000      -  15.6  390s
 2559651 798907 10090.9770   64   41          - 10048.0330      -  15.6  395s
 2578655 796911 10079.0000   76    8          - 10049.0000      -  15.7  400s
 2600244 797505 10081.7036   73   44          - 10049.4545      -  15.8  405s
 2620520 796559 infeasible   62               - 10050.3586      -  15.8  410s
 2639983 794832 10074.1154   65   15          - 10051.6765      -  15.9  415s
 2661530 791455 infeasible   65               - 10053.0000      -  15.9  420s
 2676480 788579 10102.7028   73   39          - 10053.5442      -  16.0  425s
 2696003 788394 10064.7401   68   24          - 10054.0000      -  16.1  430s
 2715438 787132 infeasible   71               - 10055.0000      -  16.1  435s
 2735448 787371 10075.0000   71   10          - 10055.6903      -  16.2  440s
 2759075 787199 10103.5333   70   45          - 10056.6273      -  16.2  446s
 2779062 785173 infeasible   73               - 10058.0000      -  16.3  450s
 2798980 783939 infeasible   76               - 10059.0000      -  16.3  455s
 2818205 783919 infeasible   73               - 10059.3000      -  16.4  460s
 2839165 783696 infeasible   63               - 10060.0000      -  16.4  465s
 2861211 784138 10096.6192   65   27          - 10060.6667      -  16.5  470s
 2887454 783731 infeasible   71               - 10061.2428      -  16.5  475s
 2906302 782737 infeasible   59               - 10062.4250      -  16.5  480s
 2927857 781386 infeasible   75               - 10063.0000      -  16.6  485s
 2942096 778907 infeasible   75               - 10063.0000      -  16.6  490s
 2958035 777702 10084.1302   61   47          - 10063.0000      -  16.7  495s
 2979703 776229 infeasible   72               - 10064.0000      -  16.7  500s
 2994446 774640 10090.0000   68   15          - 10064.0000      -  16.8  505s
 3009196 773837 10077.7733   68   18          - 10064.0000      -  16.9  510s
 3032096 771171 infeasible   86               - 10064.9743      -  16.9  515s
 3050112 770505 infeasible   71               - 10065.0104      -  16.9  520s
 3071310 769231 infeasible   80               - 10065.9800      -  17.0  525s
 3104523 774538 10094.4671   69   40          - 10066.0000      -  16.9  530s
 3124441 770996 10099.0000   71   14          - 10067.1064      -  17.0  535s
 3150041 773188 10075.4561   75   15          - 10067.7572      -  17.0  540s
 3168794 769269 10095.0000   71   23          - 10068.6000      -  17.0  545s
 3183691 766542 infeasible   71               - 10069.0000      -  17.0  550s
 3197015 764360 infeasible   84               - 10069.0000      -  17.1  555s
 3211260 761648 10089.9216   70   40          - 10069.0000      -  17.2  560s
 3228569 758654 10069.3256   70   32          - 10069.2660      -  17.2  565s
 3251734 751228 infeasible   65               - 10070.0000      -  17.2  570s
 3262077 749384 10074.1702   76   49          - 10070.0000      -  17.3  575s
 3281471 748081 infeasible   70               - 10070.0000      -  17.3  580s
 3301568 745074 10106.4056   65   47          - 10070.6667      -  17.4  585s
 3323717 742998 10102.0377   71    2          - 10071.0000      -  17.4  590s
 3345457 740290 infeasible   61               - 10071.6667      -  17.4  595s
 3365118 735462 10106.0000   67    2          - 10072.5686      -  17.4  600s
 3384170 727762 infeasible   68               - 10073.0000      -  17.4  605s
 3400487 721716 infeasible   67               - 10073.5000      -  17.5  610s
 3420884 716388 infeasible   90               - 10074.0000      -  17.5  615s
 3435898 708681 infeasible   73               - 10074.0000      -  17.6  620s
 3452990 702241 infeasible   80               - 10074.7103      -  17.6  625s
 3476993 692171 infeasible   62               - 10075.0000      -  17.6  630s
 3490431 688562 infeasible   61               - 10075.0000      -  17.7  636s
 3507801 683479 10094.1878   63   57          - 10075.8570      -  17.7  640s
 3528293 673629 infeasible   70               - 10076.0000      -  17.7  645s
 3546898 665381 infeasible   64               - 10077.0000      -  17.7  650s
 3565605 656106 infeasible   69               - 10078.0000      -  17.8  656s
 3583814 649447 infeasible   70               - 10079.0000      -  17.8  660s
 3595927 644206 infeasible   63               - 10079.0000      -  17.8  665s
 3612606 635483 infeasible   83               - 10079.0488      -  17.9  671s
 3628735 625069 infeasible   84               - 10080.0000      -  17.9  675s
 3650294 612571 infeasible   72               - 10080.3562      -  17.9  680s
 3672120 600267 infeasible   69               - 10081.0000      -  17.9  686s
 3686783 593332 infeasible   63               - 10081.6972      -  18.0  690s
 3706049 585697 10090.4561   69   23          - 10082.6399      -  18.0  695s
 3718692 582238 infeasible   70               - 10083.0000      -  18.0  700s
 3732631 578133 infeasible   66               - 10083.0000      -  18.1  705s
 3746229 572068 infeasible   88               - 10083.0000      -  18.1  710s
 3763866 564427 10094.0000   74    9          - 10084.0000      -  18.1  715s
 3776954 558766 infeasible   76               - 10084.0000      -  18.2  720s
 3790296 554424 infeasible   72               - 10084.0000      -  18.2  725s
 3804201 548722 infeasible   59               - 10084.0000      -  18.3  731s
 3818841 539147 infeasible   76               - 10084.8363      -  18.3  736s
 3838173 533642 10107.3214   75   13          - 10085.0000      -  18.3  740s
 3855992 524734 infeasible   64               - 10085.0294      -  18.4  746s
 3869743 515858 infeasible   71               - 10086.0000      -  18.4  750s
 3893173 505558 infeasible   64               - 10086.0000      -  18.4  755s
 3912160 498943 infeasible   64               - 10086.5152      -  18.4  760s
 3924165 490757 infeasible   59               - 10087.0294      -  18.4  765s
 3949871 475853 infeasible   83               - 10088.2682      -  18.4  771s
 3966335 464448 infeasible   59               - 10089.0000      -  18.4  776s
 3977026 455946 infeasible   64               - 10089.0000      -  18.5  780s
 3991473 444790 infeasible   69               - 10089.1305      -  18.5  785s
 4011216 430460 infeasible   69               - 10090.0000      -  18.5  790s
 4029497 416085 infeasible   69               - 10091.0000      -  18.5  795s
 4049122 402249 infeasible   63               - 10091.0000      -  18.5  800s
 4066939 389816 infeasible   73               - 10092.0000      -  18.5  805s
 4085899 376747 infeasible   68               - 10093.0000      -  18.5  810s
 4103424 361787 infeasible   72               - 10094.0000      -  18.6  815s
 4120629 349599 infeasible   66               - 10094.0000      -  18.6  820s
 4140146 334287 infeasible   71               - 10095.0000      -  18.6  825s
 4157532 320046 infeasible   75               - 10095.8040      -  18.6  830s
 4175674 304600 infeasible   78               - 10097.0000      -  18.6  835s
 4196961 285937 infeasible   66               - 10098.0000      -  18.6  840s
 4213774 271536 infeasible   66               - 10099.0000      -  18.6  845s
 4238184 250407 infeasible   65               - 10100.0000      -  18.6  850s
 4259605 230828 infeasible   76               - 10101.0000      -  18.6  855s
 4280404 213153 infeasible   69               - 10102.0377      -  18.6  860s
 4301857 193836 infeasible   74               - 10104.0000      -  18.6  865s
 4322733 176282 infeasible   82               - 10105.0000      -  18.6  870s
 4339924 161967 infeasible   73               - 10105.0000      -  18.6  875s
 4362224 142460 infeasible   65               - 10106.0000      -  18.6  880s
 4385085 124179 10107.1841   65   14          - 10106.0000      -  18.6  885s
 4407781 106110 infeasible   65               - 10106.4422      -  18.6  890s
 4432321 82062 infeasible   69               - 10109.0000      -  18.5  895s
 4460223 54675 infeasible   63               - 10117.0297      -  18.5  900s
 4495242 21331 infeasible   83               - 10140.2577      -  18.4  905s

Cutting planes:
  Learned: 18
  Gomory: 64
  Cover: 226
  Implied bound: 5
  Clique: 6
  MIR: 297
  StrongCG: 5
  Flow cover: 937
  Inf proof: 40
  Zero half: 4
  Network: 1
  RLT: 29
  Relax-and-lift: 8

Explored 4518391 nodes (82845072 simplex iterations) in 907.51 seconds (1002.86 work units)
Thread count was 8 (of 8 available processors)

Solution count 0

Model is infeasible
Best objective -, best bound -, gap -

User-callback calls 9322404, time in user-callback 42.35 sec
