
Gurobi 10.0.1 (linux64) logging started Mon Apr  1 02:10:56 2024

Set parameter LogFile to value "/data/optimi/optimi/kombadon/drings/SBahn/s-bahn-data/scripts/DeniseMA/processed/BBOS_BWIN_BTG/RINS/BBOS_BWIN_BTG_202403312232_random4_0.6.log"
Gurobi Optimizer version 10.0.1 build v10.0.1rc0 (linux64)

CPU model: Intel(R) Xeon(R) CPU E3-1270 v6 @ 3.80GHz, instruction set [SSE2|AVX|AVX2]
Thread count: 4 physical cores, 8 logical processors, using up to 8 threads

Optimize a model with 4023 rows, 2210 columns and 15137 nonzeros
Model fingerprint: 0x993340e0
Variable types: 896 continuous, 1314 integer (417 binary)
Coefficient statistics:
  Matrix range     [1e+00, 4e+02]
  Objective range  [1e+00, 4e+02]
  Bounds range     [1e+00, 2e+02]
  RHS range        [1e+00, 1e+04]

User MIP start did not produce a new incumbent solution
User MIP start violates constraint objective_cutoff by 102.100031963

Presolve removed 2687 rows and 1209 columns
Presolve time: 0.04s
Presolved: 1336 rows, 1001 columns, 5662 nonzeros
Variable types: 402 continuous, 599 integer (599 binary)

Root relaxation: objective 9.690000e+03, 459 iterations, 0.00 seconds (0.00 work units)
Another try with MIP start

    Nodes    |    Current Node    |     Objective Bounds      |     Work
 Expl Unexpl |  Obj  Depth IntInf | Incumbent    BestBd   Gap | It/Node Time

     0     0 9690.00000    0   56          - 9690.00000      -     -    0s
     0     0 9741.03404    0   81          - 9741.03404      -     -    0s
     0     0 9741.21592    0   76          - 9741.21592      -     -    0s
     0     0 9741.27304    0   77          - 9741.27304      -     -    0s
     0     0 9776.37170    0  100          - 9776.37170      -     -    0s
     0     0 9776.41031    0  105          - 9776.41031      -     -    0s
     0     0 9776.43484    0  106          - 9776.43484      -     -    0s
     0     0 9776.43484    0  106          - 9776.43484      -     -    0s
     0     0 9796.99865    0   89          - 9796.99865      -     -    0s
     0     0 9797.02136    0   87          - 9797.02136      -     -    0s
     0     0 9810.29429    0   64          - 9810.29429      -     -    0s
     0     0 9810.39138    0   68          - 9810.39138      -     -    0s
     0     0 9810.39138    0   68          - 9810.39138      -     -    0s
     0     0 9810.82060    0   68          - 9810.82060      -     -    0s
     0     0 9810.82060    0   64          - 9810.82060      -     -    0s
     0     0 9811.08376    0   64          - 9811.08376      -     -    0s
     0     0 9811.08376    0   59          - 9811.08376      -     -    0s
     0     0 9811.08376    0   61          - 9811.08376      -     -    0s
     0     0 9811.08376    0   63          - 9811.08376      -     -    0s
     0     0 9811.37771    0   43          - 9811.37771      -     -    0s
     0     0 9811.37771    0   43          - 9811.37771      -     -    0s
     0     0 9811.37771    0   43          - 9811.37771      -     -    0s
     0     0 9811.37771    0   43          - 9811.37771      -     -    0s
     0     2 9821.52632    0   43          - 9821.52632      -     -    0s
 25549 17042 9965.47232   48   41          - 9889.10000      -  10.9    5s
 52531 35603 9957.00000   54   19          - 9890.00000      -  10.0   10s
 99412 67209 10059.0000   75    2          - 9891.68033      -   9.5   15s
 147924 100035 10064.0000   66   13          - 9895.98870      -   9.4   20s
 197188 132251 infeasible   45               - 9900.01016      -   9.1   25s
 245437 164479 9919.37017   34   45          - 9907.57143      -   9.0   30s
 288528 191275 9910.70245   37   32          - 9910.00000      -   9.1   35s
 342184 228304 10018.0000   52    9          - 9910.68218      -   9.0   40s
 391425 261070 10073.7917   49   38          - 9913.20000      -   9.0   45s
 443687 294895 10092.7500   50   34          - 9917.60538      -   8.9   50s
 487640 324691 9995.91410   52   40          - 9920.00000      -   8.9   55s
 545858 362613 10100.0000   64    6          - 9921.39521      -   8.8   60s
 590006 390278 10078.0000   82    5          - 9923.35632      -   8.8   65s
 641796 423233 10058.0000   38   21          - 9925.87614      -   8.8   70s
 688087 451449 infeasible   76               - 9929.12059      -   8.8   75s
 740979 485073 10038.0000   57   18          - 9930.78289      -   8.8   80s
 784103 513629 infeasible   56               - 9932.54571      -   8.8   85s
 832888 544304 infeasible   59               - 9934.19277      -   8.8   90s
 887571 578561 10027.5189   46   18          - 9937.63799      -   8.7   95s
 934869 608182 10056.0000   83   14          - 9940.00000      -   8.7  100s
 979214 633806 9977.54385   39   39          - 9941.43103      -   8.8  105s
 1031926 666020 10067.0000   84   13          - 9944.00000      -   8.8  110s
 1079676 697391 infeasible   42               - 9945.22887      -   8.8  115s
 1126859 727446 10027.0000   45   22          - 9947.42839      -   8.8  120s
 1177592 761738 10055.0000   90    3          - 9949.00000      -   8.8  125s
 1223891 793527 10071.0000   90    3          - 9950.00000      -   8.8  130s
 1270934 827072 10014.4971   76   28          - 9950.00000      -   8.8  135s
 1326705 866840 10061.0000   92   26          - 9950.00000      -   8.8  140s
 1372659 900229 10057.3247   36   17          - 9950.26543      -   8.8  145s
 1430129 940481 9978.71627   68   32          - 9951.00000      -   8.7  150s
 1481753 976962 10067.0000   58    6          - 9951.71875      -   8.7  155s
 1536278 1014297 10094.1144   92   22          - 9952.26166      -   8.7  160s
 1584540 1048169 10033.0000   62   15          - 9953.00000      -   8.7  165s
 1643350 1089456 10066.0000   64    2          - 9953.72745      -   8.6  170s
 1700020 1127017 9996.58182   77   34          - 9954.03139      -   8.6  175s
 1751174 1162774 10099.0000   78    9          - 9954.80978      -   8.6  180s
 1801423 1198017 10052.0000   78    2          - 9955.46071      -   8.6  185s
 1848733 1230829 infeasible   62               - 9956.00000      -   8.6  190s
 1904989 1267179 10056.0000   76    3          - 9956.16845      -   8.6  195s
 1958638 1303386 10057.0000   72    2          - 9956.96000      -   8.5  200s
 2015991 1342785 9984.00000   59    5          - 9957.79371      -   8.5  205s
 2066554 1376260 10055.0000   96    5          - 9958.61029      -   8.5  210s
 2120668 1414284 10056.0000   89    2          - 9959.26576      -   8.5  215s
 2171159 1448627 10072.2069   93   16          - 9960.00000      -   8.5  220s
 2227430 1485445 10069.0000   83    5          - 9960.37615      -   8.5  225s
 2279000 1519757 10074.0000   39   16          - 9960.96269      -   8.4  230s
 2329735 1554954 10066.0000   53    5          - 9961.50862      -   8.4  235s
 2382434 1588770 10055.0000   76    3          - 9962.12973      -   8.4  240s
 2437559 1626167 infeasible   88               - 9963.01305      -   8.4  245s
 2483333 1655543 10008.0000   49   12          - 9963.88571      -   8.4  250s
 2537653 1689577 10044.0000   62   19          - 9964.07407      -   8.4  255s
 2587563 1721684 10064.0000   75    6          - 9965.02703      -   8.4  260s
 2645564 1760107 10073.0000   78    2          - 9966.00000      -   8.3  265s
 2689739 1788307 10093.5679   61   18          - 9966.00000      -   8.3  270s
 2742695 1821720 10066.0000   78    3          - 9966.06445      -   8.3  275s
 2798966 1856973 10073.0000   66    5          - 9967.37428      -   8.3  280s
 2849547 1890134 10023.9640   56   55          - 9968.50000      -   8.3  285s
 2900107 1922518 10065.0000   58   14          - 9969.00000      -   8.3  290s
 2944997 1952099 10065.0000   50   10          - 9969.00000      -   8.3  295s
 2990151 1982149 10065.0000   82    6          - 9969.41260      -   8.3  300s
 3045269 2019105 10066.0000   60    7          - 9970.00000      -   8.3  305s
 3089667 2048268 10010.0000   55   18          - 9970.00000      -   8.3  310s
 3142307 2083940 10101.0000   85    6          - 9970.00000      -   8.3  315s
 3191866 2118212 10081.0000   67   11          - 9970.00000      -   8.3  320s
 3247939 2156129 9995.54712   70   26          - 9970.72045      -   8.3  325s
 3294431 2187278 10067.0000   49   15          - 9971.00000      -   8.3  330s
 3351007 2225167 10082.0000   39   16          - 9971.36043      -   8.3  335s
 3397203 2254475 infeasible   86               - 9972.00000      -   8.3  340s
 3450138 2289847 9993.14825   51   41          - 9972.00000      -   8.3  345s
 3507412 2327863 infeasible   81               - 9972.70968      -   8.3  350s
 3553789 2359945 10083.0000   91    6          - 9973.00000      -   8.3  355s
 3606446 2398165 10030.0000   63    3          - 9973.12946      -   8.3  360s
 3664867 2434908 infeasible   43               - 9973.88848      -   8.3  365s
 3713119 2466542 10081.0000   71    3          - 9974.00000      -   8.3  370s
 3766266 2501798 10068.0000   49    7          - 9974.09885      -   8.3  375s
 3819739 2536972 10079.2150   51    9          - 9974.83932      -   8.3  380s
 3871228 2571444 infeasible   66               - 9975.05587      -   8.3  385s
 3924508 2606017 10046.3198   75   24          - 9975.73000      -   8.2  390s
 3968805 2635871 infeasible   75               - 9976.00000      -   8.3  395s
 4025327 2671948 10019.4673   41   38          - 9976.30485      -   8.2  400s
 4073059 2702454 10071.0000   39   17          - 9976.92453      -   8.2  405s
 4127617 2739680 10080.0000   73    6          - 9977.38063      -   8.2  410s
 4177244 2772639 10042.0000   67   19          - 9978.00000      -   8.2  415s
 4223978 2803224 9981.91781   67   38          - 9978.48045      -   8.2  420s
 4278201 2838449 infeasible   75               - 9979.00546      -   8.2  425s
 4325517 2868610 10074.0000   77   12          - 9979.82051      -   8.2  430s
 4379370 2905809 10091.0000   54   10          - 9980.00000      -   8.2  435s
 4434404 2939922 10064.1739   57   33          - 9980.48087      -   8.2  440s
 4480642 2969174 10097.4679   91   15          - 9981.00000      -   8.2  445s
 4533311 3001922 10070.0000   73    4          - 9981.52174      -   8.2  450s
 4578704 3031507 10073.0000   67    7          - 9982.00000      -   8.2  455s
 4624355 3060178 10015.0000   69   23          - 9982.20707      -   8.2  460s
 4677430 3093253 9983.00000   69   16          - 9982.98844      -   8.2  465s
 4722425 3122037 10050.0000   85    7          - 9983.00000      -   8.2  470s
 4769857 3153638 10050.0000   72   12          - 9983.00000      -   8.2  475s
 4814472 3183569 10029.1574   50   42          - 9983.00000      -   8.2  480s
 4858549 3213924 10070.0000   81    3          - 9983.15464      -   8.2  485s
 4913586 3247802 infeasible   62               - 9983.87225      -   8.2  490s
 4957812 3276033 infeasible   66               - 9984.00000      -   8.2  495s
 5008813 3310125 10051.0000   83    6          - 9984.00000      -   8.1  500s
 5060295 3344118 10107.0000   86   16          - 9984.00000      -   8.1  505s
 5105437 3373991 10071.0000   77   16          - 9984.00000      -   8.1  510s
 5158449 3408094 10051.0000   86    9          - 9984.00000      -   8.1  515s
 5205361 3439609 10064.9314   91   14          - 9984.00000      -   8.1  520s
 5248017 3468121 10051.0000   67    4          - 9984.00000      -   8.1  525s
 5300546 3502445 10093.0000   69    9          - 9984.00000      -   8.1  530s
 5346150 3533205 10028.0000   45   18          - 9984.00000      -   8.1  535s
 5388808 3562890 10096.0000   78    6          - 9984.00000      -   8.1  540s
 5442183 3596251 infeasible   80               - 9984.00000      -   8.1  545s
 5495610 3630696 10081.0000   58    2          - 9984.26870      -   8.1  550s
 5542017 3659631 10061.2715   90   18          - 9984.61315      -   8.1  555s
 5597557 3696924 10106.0000   74   15          - 9984.96557      -   8.1  560s
 5646065 3728348 10006.3337   62   28          - 9985.00000      -   8.1  565s
 5694882 3762731 9986.31772   66   34          - 9985.00000      -   8.1  570s
 5748134 3798485 10025.0000   70    9          - 9985.00000      -   8.1  575s
 5793078 3829373 10101.0000   66   19          - 9985.17231      -   8.1  580s
 5849675 3865133 infeasible   87               - 9985.55689      -   8.1  585s
 5894343 3895013 10096.0000   57    3          - 9985.85000      -   8.0  590s
 5949560 3931625 10053.0000   68    3          - 9986.00000      -   8.0  595s
 5994776 3963278 9986.00000   59   12          - 9986.00000      -   8.1  600s
 6043721 3996294 10073.0000   76    2          - 9986.00000      -   8.1  605s
 6087722 4025022 10006.3878   65   35          - 9986.00000      -   8.1  610s
 6139564 4060522 10103.0000   91    4          - 9986.00000      -   8.1  615s
 6184015 4089244 10006.0364   67   32          - 9986.02740      -   8.1  620s
 6237437 4123129 infeasible   64               - 9986.34475      -   8.1  625s
 6282123 4151724 10071.0000   57   12          - 9986.66476      -   8.1  630s
 6336457 4186331 10060.0000   82   13          - 9987.00000      -   8.1  635s
 6377504 4213917 10059.0000   74    4          - 9987.00000      -   8.1  640s
 6425682 4246214 10074.0000   85    8          - 9987.00000      -   8.1  645s
 6469341 4274162 10107.0000   73    2          - 9987.00000      -   8.1  650s
 6516258 4304884 10054.0000   77    7          - 9987.00000      -   8.1  655s
 6558504 4333783 10062.0000   88   12          - 9987.03497      -   8.1  660s
 6612482 4367061 10083.0000   62   10          - 9987.41558      -   8.1  665s
 6660097 4397255 10054.0000   76   24          - 9987.76264      -   8.1  670s
 6709296 4429350 10055.0000   73    7          - 9988.00000      -   8.1  675s
 6762880 4464862 infeasible   92               - 9988.00000      -   8.1  680s
 6807806 4492716 infeasible   71               - 9988.23881      -   8.1  685s
 6860261 4526550 infeasible   44               - 9988.62500      -   8.1  690s
 6908224 4559179 10056.0000   52    4          - 9989.00000      -   8.1  695s
 6953935 4589847 10056.0000   67    3          - 9989.00000      -   8.1  700s
 7003442 4623744 infeasible   66               - 9989.00000      -   8.1  705s
 7054710 4658639 10104.0000   57   17          - 9989.28448      -   8.1  710s
 7097619 4685848 10059.0000   65    9          - 9989.65649      -   8.1  715s
 7150486 4719939 10057.0000   68    7          - 9990.00000      -   8.1  720s
 7201178 4754191 infeasible   77               - 9990.00000      -   8.1  725s
 7251475 4787428 10086.0000   88    2          - 9990.00000      -   8.1  730s
 7291939 4814280 10076.0000   68    6          - 9990.00000      -   8.1  735s
 7341615 4848686 10069.0000   54   13          - 9990.00000      -   8.1  740s
 7388508 4881853 10057.0000   76    5          - 9990.00000      -   8.1  745s
 7435438 4912834 10107.0000   89    6          - 9990.09869      -   8.1  750s
 7489374 4948495 10088.0000   82    2          - 9990.51246      -   8.1  755s
 7544433 4986740 10057.0000   55    3          - 9990.89333      -   8.1  760s
 7599846 5025959 10063.0000   76    6          - 9991.00000      -   8.1  765s
 7648090 5059494 10051.0000   56    7          - 9991.03912      -   8.1  770s
 7703701 5097074 10089.0000   69    5          - 9991.38901      -   8.1  775s
 7751728 5128281 10063.0000   85   11          - 9991.75803      -   8.1  780s
 7804155 5163809 infeasible   95               - 9992.00000      -   8.1  785s
 7847282 5194014 10064.0000   61    4          - 9992.00000      -   8.1  790s
 7897357 5227794 10079.0000   94    3          - 9992.00000      -   8.1  795s
 7941869 5255473 10077.0000   67    1          - 9992.22247      -   8.1  800s
 7994534 5287587 infeasible   76               - 9992.59514      -   8.1  805s
 8038746 5316039 infeasible  101               - 9992.98393      -   8.1  810s
 8090515 5351200 infeasible   76               - 9993.00000      -   8.1  815s
 8135332 5381316 10002.0013   63   48          - 9993.00000      -   8.1  820s
 8180763 5410248 infeasible   55               - 9993.00000      -   8.1  825s
 8232791 5445053 10070.0000   49    8          - 9993.30586      -   8.1  830s
 8277255 5473954 10086.0000   68   17          - 9993.67653      -   8.1  835s
 8329960 5508132 10095.0000   68    1          - 9994.00000      -   8.1  840s
 8382922 5542857 10106.0000   87    4          - 9994.00000      -   8.1  845s
 8428563 5573201 10014.0000   64   41          - 9994.00000      -   8.1  850s
 8480481 5606942 10018.8222   53   32          - 9994.00000      -   8.1  855s
 8525787 5635229 10056.0000   78    2          - 9994.00000      -   8.1  860s
 8577579 5668384 10091.0000   93    8          - 9994.39658      -   8.1  865s
 8624276 5697839 10060.0000   70   13          - 9994.81745      -   8.1  870s
 8677139 5733412 10081.0000   47    8          - 9995.00000      -   8.1  875s
 8723663 5763955 10026.0182   75   20          - 9995.17557      -   8.1  880s
 8771801 5793758 10066.0000   95   17          - 9995.58612      -   8.1  885s
 8824603 5826785 10030.0000   61   20          - 9996.00000      -   8.1  890s
 8873924 5858494 10092.0000   68    2          - 9996.00000      -   8.1  895s
 8917438 5887547 10055.0000   65   10          - 9996.00000      -   8.1  900s
 8968261 5923100 infeasible   81               - 9996.00000      -   8.1  905s
 9013865 5953777 10097.0000   78   12          - 9996.00000      -   8.1  910s
 9067867 5990475 10058.0000   92    2          - 9996.00000      -   8.1  915s
 9114655 6019492 10026.0000   80   17          - 9996.00000      -   8.1  920s
 9161741 6048741 infeasible   93               - 9996.16048      -   8.1  925s
 9208936 6078124 10061.0000   85   16          - 9996.55489      -   8.1  930s
 9262414 6113161 10091.0000   80    4          - 9996.99591      -   8.1  935s
 9312504 6145647 10042.6552   66   34          - 9997.00000      -   8.1  940s
 9356494 6174144 10074.0000   84    6          - 9997.00000      -   8.1  945s
 9407884 6205999 10028.6958   71   39          - 9997.00000      -   8.1  950s
 9448765 6232053 10058.0000   93   13          - 9997.10000      -   8.1  955s
 9501369 6264239 10061.0000   72    2          - 9997.45205      -   8.1  960s
 9547481 6292688 10086.0000   73    3          - 9997.84821      -   8.1  965s
 9603288 6330151 10089.0000   51   17          - 9998.00000      -   8.1  970s
 9650131 6360518 10084.0000   76    4          - 9998.00000      -   8.1  975s
 9701972 6393303 10078.0000   92   13          - 9998.41107      -   8.1  980s
 9755408 6427969 10067.0000   74   26          - 9998.84146      -   8.1  985s
 9801555 6458804 10094.0000   76   17          - 9999.00000      -   8.1  990s
 9853401 6491108 10027.0000   81    5          - 9999.17228      -   8.1  995s
 9899987 6518302 infeasible   71               - 9999.59043      -   8.1 1000s
 9948855 6546956 infeasible  100               - 10000.0000      -   8.1 1005s
 9995833 6578766 10086.0000   68    2          - 10000.0000      -   8.1 1010s
 10045499 6611471 10081.0000   59   11          - 10000.0000      -   8.1 1015s
 10088745 6639547 10062.0000   77    6          - 10000.0000      -   8.1 1020s
 10137539 6669508 10076.9652   90   22          - 10000.1869      -   8.1 1025s
 10181370 6695606 10062.0000   89    6          - 10000.5645      -   8.1 1030s
 10235029 6728028 10061.0000   94   10          - 10001.0000      -   8.1 1035s
 10280685 6759052 10055.0000   66   16          - 10001.0000      -   8.1 1040s
 10334077 6792605 infeasible   72               - 10001.3174      -   8.1 1045s
 10380847 6822534 10080.0000   75    5          - 10001.6679      -   8.1 1050s
 10428451 6851444 10074.1440   70   18          - 10002.0000      -   8.1 1055s
 10475601 6882181 10084.0000   77    4          - 10002.0000      -   8.1 1060s
 10523429 6911559 10088.0000   75    5          - 10002.0000      -   8.1 1065s
 10564193 6935741 infeasible   58               - 10002.0478      -   8.1 1070s
 10615725 6965068 10103.0000   62   16          - 10002.5187      -   8.1 1075s
 10667091 6995551 10068.0000   83    3          - 10002.9505      -   8.1 1080s
 10708833 7021473 10103.0000   74    6          - 10003.0000      -   8.1 1085s
 10760255 7054372 10070.0000   59    6          - 10003.0000      -   8.1 1090s
 10802868 7081565 10074.0000   81   15          - 10003.0000      -   8.1 1095s
 10855749 7112334 10003.3636   60   55          - 10003.2111      -   8.1 1100s
 10907909 7142120 10107.0000   60   17          - 10003.7339      -   8.1 1105s
 10949298 7164964 10095.0000   58   11          - 10004.0000      -   8.1 1110s
 10999684 7193518 10018.0704   56   35          - 10004.0000      -   8.1 1115s
 11049379 7221543 infeasible   72               - 10004.0000      -   8.1 1120s
 11095620 7249548 10048.0000   71   25          - 10004.0000      -   8.2 1125s
 11148641 7280619 10084.0000   67   24          - 10004.0000      -   8.2 1130s
 11192971 7307583 10016.6882   67   35          - 10004.0000      -   8.2 1135s
 11247641 7341366 10083.0000   80   15          - 10004.0000      -   8.1 1140s
 11299416 7372767 infeasible   97               - 10004.3262      -   8.1 1145s
 11340517 7396811 infeasible   55               - 10004.7274      -   8.1 1150s
 11389019 7426302 10072.0000   87   13          - 10005.0000      -   8.1 1155s
 11431707 7452729 10066.3600   69   11          - 10005.0000      -   8.1 1160s
 11484840 7486086 infeasible   72               - 10005.0438      -   8.1 1165s
 11536556 7516061 10087.0000   54   20          - 10005.5294      -   8.1 1170s
 11578683 7541361 10066.0000   70    5          - 10005.9892      -   8.1 1175s
 11629866 7573976 infeasible   76               - 10006.0000      -   8.1 1180s
 11668912 7600197 10017.6844   42   48          - 10006.0000      -   8.1 1185s
 11719950 7633413 10092.0000   61   21          - 10006.0000      -   8.1 1190s
 11766129 7664036 10006.0000   52   16          - 10006.0000      -   8.1 1195s
 11816756 7697797 infeasible   56               - 10006.0000      -   8.1 1200s
 11860241 7726787 10063.0000   77    3          - 10006.0000      -   8.1 1205s
 11915861 7762885 10080.9545   89   10          - 10006.0000      -   8.1 1210s
 11968969 7796609 10057.0000   71    5          - 10006.0909      -   8.1 1215s
 12009359 7818762 10051.0000   87    5          - 10006.5172      -   8.1 1220s
 12061937 7850615 10082.0000   74   14          - 10006.9822      -   8.1 1225s
 12104728 7876409 10052.8738   52   43          - 10007.0000      -   8.1 1230s
 12152123 7907244 infeasible   66               - 10007.0000      -   8.1 1235s
 12203560 7938525 10076.0000   90    5          - 10007.2080      -   8.1 1240s
 12247052 7962916 infeasible   75               - 10007.6289      -   8.1 1245s
 12298595 7995364 10068.0000   66    2          - 10008.0000      -   8.1 1250s
 12348111 8029132 10092.0000   59   10          - 10008.0000      -   8.1 1255s
 12397471 8063181 10099.0000   91    4          - 10008.0000      -   8.1 1260s
 12449963 8095950 10028.7600   38   21          - 10008.1850      -   8.1 1265s
 12493179 8120873 infeasible   62               - 10008.5949      -   8.1 1270s
 12539844 8147778 infeasible   59               - 10009.0000      -   8.1 1275s
 12579668 8170524 infeasible   59               - 10009.0000      -   8.1 1280s
 12626291 8198831 10078.0000   71    3          - 10009.1624      -   8.1 1285s
 12666640 8220870 infeasible   55               - 10009.6486      -   8.1 1290s
 12713733 8248941 10043.8395   59   30          - 10010.0000      -   8.2 1295s
 12750248 8271950 10077.0000   74    6          - 10010.0000      -   8.2 1300s
 12797596 8301463 10085.0000   78   14          - 10010.0000      -   8.2 1305s
 12847650 8332898 10097.0000   57   15          - 10010.0000      -   8.2 1310s
 12888131 8358755 10040.0000   52   15          - 10010.0000      -   8.2 1315s
 12940983 8393666 10067.0000   59    3          - 10010.0000      -   8.2 1320s
 12995647 8430242 10077.0000   57   13          - 10010.0000      -   8.2 1325s
 13044623 8462725 infeasible   77               - 10010.0000      -   8.2 1330s
 13097490 8497694 10082.0000   69    9          - 10010.0000      -   8.2 1335s
 13142720 8524111 10103.0000   63   20          - 10010.2823      -   8.2 1340s
 13183379 8548410 10024.0000   72   17          - 10010.6598      -   8.2 1345s
 13233226 8577456 infeasible   88               - 10011.0000      -   8.2 1350s
 13281364 8608810 10073.0000   73   16          - 10011.0000      -   8.2 1355s
 13324723 8636882 infeasible   79               - 10011.0000      -   8.2 1360s
 13378415 8672942 10075.0000   74    6          - 10011.0000      -   8.2 1365s
 13429054 8704822 10082.0000   73    1          - 10011.2062      -   8.2 1370s
 13471548 8730205 10066.0000   74    4          - 10011.5650      -   8.2 1375s
 13520206 8758390 10080.3921   98   16          - 10012.0000      -   8.2 1380s
 13561032 8784227 10032.0000   57   13          - 10012.0000      -   8.2 1385s
 13607305 8812752 10060.5642   56   38          - 10012.0000      -   8.2 1390s
 13656122 8841238 10077.0000   54   11          - 10012.1800      -   8.2 1395s
 13698483 8865987 10079.0000   52   23          - 10012.5196      -   8.2 1400s
 13749709 8895558 10104.0000   72    7          - 10013.0000      -   8.2 1405s
 13790644 8920676 10018.2663   61   54          - 10013.0000      -   8.2 1410s
 13839867 8949276 infeasible   86               - 10013.0000      -   8.2 1415s
 13885777 8976527 10023.0000   70   34          - 10013.0000      -   8.2 1420s
 13932761 9005976 10045.1936   71   61          - 10013.0000      -   8.2 1425s
 13974463 9031163 infeasible   92               - 10013.0000      -   8.2 1430s
 14021993 9058793 10090.0000   69   13          - 10013.0000      -   8.2 1435s
 14067516 9084914 10050.0000   54   18          - 10013.0881      -   8.2 1440s
 14112025 9110599 10071.0000   83   13          - 10013.4685      -   8.2 1445s
 14158336 9136638 10019.3256   61   45          - 10013.9231      -   8.2 1450s
 14202105 9163933 10080.0000   74   14          - 10014.0000      -   8.2 1455s
 14252587 9194934 infeasible   65               - 10014.0000      -   8.2 1460s
 14297590 9225372 10066.0000   59   10          - 10014.0000      -   8.2 1465s
 14348449 9251797 10024.0000   75   33          - 10014.0000      -   8.2 1470s
 14390945 9276774 10069.0000   81    2          - 10014.0000      -   8.2 1475s
 14440068 9305077 10066.0000   80    8          - 10014.0000      -   8.2 1480s
 14486637 9332116 10066.0000   84    4          - 10014.0000      -   8.2 1485s
 14531823 9359246 10076.0000   77   12          - 10014.0000      -   8.2 1490s
 14580962 9388428 10071.0000   62   21          - 10014.0000      -   8.2 1495s
 14621802 9412477 10066.0000   94    2          - 10014.0000      -   8.2 1500s
 14672802 9442268 10019.2000   66   17          - 10014.0000      -   8.2 1505s
 14715152 9466319 10066.0000   75    1          - 10014.0000      -   8.2 1510s
 14765804 9494739 10071.0000   88    6          - 10014.0000      -   8.2 1515s
 14809675 9520172 10080.0000   86    2          - 10014.0000      -   8.2 1520s
 14852238 9542901 10055.6006   68   35          - 10014.2809      -   8.2 1525s
 14899855 9569038 10078.0000   74   20          - 10014.6825      -   8.2 1530s
 14948068 9595224 10067.0000   71   10          - 10015.0000      -   8.2 1535s
 14993398 9621831 infeasible   65               - 10015.0000      -   8.2 1540s
 15033228 9644294 10067.0000   69    1          - 10015.0000      -   8.2 1545s
 15080855 9672001 10054.0704   65   40          - 10015.0000      -   8.2 1550s
 15125204 9695460 10086.0000   73   10          - 10015.2716      -   8.2 1555s
 15170605 9720101 infeasible  108               - 10015.6518      -   8.2 1560s
 15218514 9745460 infeasible  101               - 10016.0000      -   8.2 1565s
 15262807 9771537 10026.0000   69   38          - 10016.0000      -   8.2 1570s
 15306137 9799485 10068.0000   66   18          - 10016.0000      -   8.2 1575s
 15355535 9831236 10036.0000   54   23          - 10016.0000      -   8.2 1580s
 15395601 9857450 10070.0000   60   20          - 10016.0000      -   8.2 1585s
 15446447 9891122 10073.0000   65    4          - 10016.0000      -   8.2 1590s
 15497135 9924945 10083.0000   58    7          - 10016.0000      -   8.2 1595s
 15543593 9955092 10026.0000   67   18          - 10016.0000      -   8.2 1600s
 15591922 9986662 infeasible   53               - 10016.0000      -   8.2 1605s
 15643132 10017661 10073.0000   90    7          - 10016.0000      -   8.2 1610s
 15685537 10043172 10068.0000   91    4          - 10016.0000      -   8.2 1615s
 15734797 10071529 infeasible  107               - 10016.2299      -   8.2 1620s
 15775312 10093900 10082.0000   62   17          - 10016.5017      -   8.2 1625s
 15824347 10120949 10088.0000   46   20          - 10016.8868      -   8.2 1630s
 15864032 10143168 10103.0000   65   16          - 10017.0000      -   8.2 1635s
 15910357 10171145 10069.0000   71   14          - 10017.0000      -   8.2 1640s
 15958223 10198722 10069.0000   85    5          - 10017.0000      -   8.2 1645s
 15999330 10222458 10074.0000  106    3          - 10017.0000      -   8.2 1650s
 16047244 10249679 10074.0000   96    4          - 10017.2680      -   8.2 1655s
 16095873 10276319 10067.0000   80    2          - 10017.6437      -   8.2 1660s
 16137765 10298610 10028.0000   65   14          - 10018.0000      -   8.2 1665s
 16188415 10332704 10028.0000   54   21          - 10018.0000      -   8.2 1670s
 16229787 10359423 10079.0000   59    2          - 10018.0000      -   8.2 1675s
 16278508 10389603 10028.0000   64   26          - 10018.0000      -   8.2 1680s
 16315251 10409990 10019.5134   56   50          - 10018.0000      -   8.2 1685s
 16364317 10435916 10072.0000   94    7          - 10018.4171      -   8.2 1690s
 16409995 10460917 10071.0000   79   14          - 10018.8205      -   8.2 1695s
 16452340 10486317 10029.0000   55   45          - 10019.0000      -   8.2 1700s
 16500121 10516789 10085.0000   80    6          - 10019.0000      -   8.3 1705s
 16542424 10543085 infeasible   57               - 10019.0000      -   8.3 1710s
 16589693 10571272 10019.0000   52   28          - 10019.0000      -   8.3 1715s
 16636444 10597376 infeasible   73               - 10019.3641      -   8.3 1720s
 16677850 10619165 infeasible   89               - 10019.8099      -   8.3 1725s
 16724037 10645674 10087.0000   65    3          - 10020.0000      -   8.3 1730s
 16766922 10672513 10020.3108   75   32          - 10020.0000      -   8.3 1735s
 16816532 10703526 10107.0000   73   12          - 10020.0000      -   8.3 1740s
 16859670 10730712 10039.3258   48   40          - 10020.0000      -   8.3 1745s
 16899604 10755355 10030.0000   66   16          - 10020.0000      -   8.3 1750s
 16949750 10787091 infeasible   91               - 10020.0000      -   8.3 1755s
 17001029 10819760 10030.0000   48   19          - 10020.0000      -   8.3 1760s
 17049003 10850228 10030.0000   70   20          - 10020.0000      -   8.3 1765s
 17095832 10880183 infeasible   93               - 10020.0000      -   8.3 1770s
 17143389 10906653 10049.5112   45   44          - 10020.2782      -   8.3 1775s
 17185687 10929050 10024.8894   67   43          - 10020.6635      -   8.3 1780s
 17232604 10955389 10088.0000   49   12          - 10020.9770      -   8.3 1785s
 17276247 10983706 10061.0000   70   18          - 10021.0000      -   8.3 1790s
 17322303 11012684 10048.3600   58   19          - 10021.0000      -   8.3 1795s
 17365790 11040885 10098.0000  103   15          - 10021.0000      -   8.3 1800s

Cutting planes:
  Learned: 19
  Gomory: 60
  Cover: 177
  Implied bound: 19
  Clique: 4
  MIR: 34
  StrongCG: 1
  Flow cover: 192
  Inf proof: 10
  Zero half: 1
  RLT: 24
  Relax-and-lift: 7

Explored 17366697 nodes (143728344 simplex iterations) in 1800.01 seconds (1399.28 work units)
Thread count was 8 (of 8 available processors)

Solution count 0

Time limit reached
Best objective -, best bound 1.002100000000e+04, gap -

User-callback calls 35192614, time in user-callback 157.05 sec

Statistics for modelBBOS_BWIN_BTG:
  Linear constraint matrix    : 4023 Constrs, 2210 Vars, 15137 NZs
  Variable types              : 896 Continuous,
1314 Integer (417 Binary)
  Matrix coefficient range    : [ 1, 396 ]
  Objective coefficient range : [ 1, 396 ]
  Variable bound range        : [ 1, 199 ]
  RHS coefficient range       : [ 1, 10107.9 ]
