
Gurobi 10.0.1 (linux64) logging started Mon Apr  1 01:30:53 2024

Set parameter LogFile to value "/data/optimi/optimi/kombadon/drings/SBahn/s-bahn-data/scripts/DeniseMA/processed/BBOS_BWIN_BTG/RINS/BBOS_BWIN_BTG_202403312232_random2_0.6.log"
Gurobi Optimizer version 10.0.1 build v10.0.1rc0 (linux64)

CPU model: Intel(R) Xeon(R) CPU E3-1270 v6 @ 3.80GHz, instruction set [SSE2|AVX|AVX2]
Thread count: 4 physical cores, 8 logical processors, using up to 8 threads

Optimize a model with 4023 rows, 2210 columns and 15137 nonzeros
Model fingerprint: 0x7c1a1585
Variable types: 896 continuous, 1314 integer (417 binary)
Coefficient statistics:
  Matrix range     [1e+00, 4e+02]
  Objective range  [1e+00, 4e+02]
  Bounds range     [1e+00, 2e+02]
  RHS range        [1e+00, 1e+04]

User MIP start did not produce a new incumbent solution
User MIP start violates constraint objective_cutoff by 102.100031963

Presolve removed 2827 rows and 1291 columns
Presolve time: 0.03s
Presolved: 1196 rows, 919 columns, 5041 nonzeros
Variable types: 371 continuous, 548 integer (548 binary)

Root relaxation: objective 9.843000e+03, 348 iterations, 0.00 seconds (0.00 work units)
Another try with MIP start

    Nodes    |    Current Node    |     Objective Bounds      |     Work
 Expl Unexpl |  Obj  Depth IntInf | Incumbent    BestBd   Gap | It/Node Time

     0     0 9843.00000    0   31          - 9843.00000      -     -    0s
     0     0 9874.00000    0   56          - 9874.00000      -     -    0s
     0     0 9874.60000    0   52          - 9874.60000      -     -    0s
     0     0 9874.60000    0   52          - 9874.60000      -     -    0s
     0     0 9879.24390    0   27          - 9879.24390      -     -    0s
     0     0 9879.24390    0   32          - 9879.24390      -     -    0s
     0     0 9880.00000    0   42          - 9880.00000      -     -    0s
     0     0 9880.00000    0   35          - 9880.00000      -     -    0s
     0     0 9881.00515    0   46          - 9881.00515      -     -    0s
     0     0 9881.00870    0   45          - 9881.00870      -     -    0s
     0     0 9881.18606    0   43          - 9881.18606      -     -    0s
     0     0 9881.23810    0   45          - 9881.23810      -     -    0s
     0     0 9881.63878    0   45          - 9881.63878      -     -    0s
     0     0 9881.68085    0   45          - 9881.68085      -     -    0s
     0     0 9889.00000    0   32          - 9889.00000      -     -    0s
     0     0 9889.00000    0   40          - 9889.00000      -     -    0s
     0     0 9889.00000    0   41          - 9889.00000      -     -    0s
     0     0 9889.00000    0   41          - 9889.00000      -     -    0s
     0     0 9889.00000    0   30          - 9889.00000      -     -    0s
     0     0 9889.00000    0   29          - 9889.00000      -     -    0s
     0     0 9889.00000    0   30          - 9889.00000      -     -    0s
     0     0 9889.00000    0   37          - 9889.00000      -     -    0s
     0     0 9889.00000    0   27          - 9889.00000      -     -    0s
     0     2 9889.00000    0   26          - 9889.00000      -     -    0s
 28885 18698 10055.8776   45   22          - 9962.40199      -  10.8    6s
 62484 40170 9989.00000   41   10          - 9964.21225      -  11.2   10s
 107265 66978 9990.00000   26   20          - 9968.00000      -  11.4   15s
 146467 90430 10023.6667   34   22          - 9969.00000      -  11.5   20s
 188618 113402 infeasible   56               - 9970.00000      -  11.6   25s
 228136 134956 10089.3842   25   16          - 9971.76788      -  11.7   30s
 266784 153955 10095.5102   45   11          - 9974.82079      -  11.7   35s
 308500 174312 9995.29377   40   40          - 9978.00000      -  11.7   40s
 348939 196281 10081.2133   60   12          - 9979.91586      -  11.7   45s
 390236 214287 10023.0000   54   22          - 9983.58621      -  11.7   50s
 432485 232579 infeasible   47               - 9988.00000      -  11.7   55s
 463138 245910 infeasible   49               - 9989.00000      -  11.9   60s
 493943 254782 infeasible   48               - 9989.00000      -  12.2   65s
 523851 264849 infeasible   48               - 9990.00000      -  12.5   70s
 551667 274916 10073.5874   40   10          - 9990.37536      -  12.7   75s
 584352 287678 infeasible   39               - 9991.96618      -  12.8   80s
 624629 303346 infeasible   51               - 9993.00000      -  12.8   85s
 655769 319384 10105.0000   51   41          - 9994.43973      -  12.8   91s
 694445 333408 infeasible   43               - 9996.40199      -  12.8   95s
 730320 348873 10081.5374   44   36          - 9998.00000      -  12.9  100s
 761265 361040 10043.4335   51   24          - 9999.00000      -  13.0  105s
 795160 372015 10041.2749   35   40          - 10000.0377      -  13.0  110s
 829895 382099 10082.0000   60   18          - 10001.8623      -  13.0  115s
 850870 389969 10027.5383   40   19          - 10003.0000      -  13.0  120s
 894716 401798 10096.0000   45   21          - 10004.0000      -  13.1  125s
 926817 409270 infeasible   51               - 10006.3184      -  13.1  130s
 957458 421176 infeasible   56               - 10008.0000      -  13.1  136s
 990724 429203 infeasible   43               - 10009.0000      -  13.2  140s
 1021991 435015 infeasible   35               - 10011.3971      -  13.3  145s
 1046067 441423 infeasible   62               - 10012.5131      -  13.3  150s
 1080754 448416 10049.0916   43   52          - 10013.7109      -  13.4  155s
 1109171 453470 infeasible   44               - 10015.3048      -  13.4  160s
 1141538 458094 infeasible   49               - 10017.6498      -  13.5  165s
 1170621 466042 10088.0000   48   27          - 10019.0000      -  13.5  170s
 1198197 477337 infeasible   47               - 10019.0000      -  13.5  175s
 1229345 486333 10054.0000   60   14          - 10020.0000      -  13.6  180s
 1253528 492634 infeasible   49               - 10020.2749      -  13.6  185s
 1281343 497315 10061.0000   51   15          - 10021.7595      -  13.7  190s
 1309095 505675 10034.0000   36   35          - 10022.4020      -  13.7  195s
 1334266 512055 10097.5773   50   22          - 10023.0000      -  13.8  200s
 1361716 514870 10055.8346   35   17          - 10024.0000      -  13.8  205s
 1383953 518096 infeasible   56               - 10025.0000      -  13.9  210s
 1417376 522871 infeasible   54               - 10027.0000      -  13.9  215s
 1438628 526543 10031.0850   33   50          - 10028.0000      -  14.0  220s
 1465732 535519 infeasible   55               - 10028.0000      -  14.0  225s
 1484988 542580 10048.1509   38   37          - 10028.0000      -  14.2  230s
 1512724 548961 infeasible   57               - 10029.0000      -  14.2  235s
 1536645 558739 10083.0000   47    8          - 10029.0000      -  14.2  240s
 1561414 567495 infeasible   54               - 10029.0025      -  14.3  245s
 1585490 572720 10069.0000   39   26          - 10030.0000      -  14.3  250s
 1614136 579675 infeasible   56               - 10030.9504      -  14.3  255s
 1634461 580602 10096.3451   54   29          - 10032.0000      -  14.4  260s
 1661877 587345 infeasible   28               - 10032.4020      -  14.4  265s
 1683464 588994 infeasible   48               - 10033.0000      -  14.4  270s
 1704363 587838 infeasible   47               - 10034.0000      -  14.5  275s
 1726878 586057 10092.0000   29   21          - 10035.4020      -  14.6  280s
 1750093 582990 10072.7852   36   24          - 10037.0000      -  14.6  285s
 1772677 575689 infeasible   29               - 10039.0000      -  14.6  290s
 1797247 577967 10094.3256   52   34          - 10039.9192      -  14.7  295s
 1816201 575498 infeasible   43               - 10041.0000      -  14.7  300s
 1833841 576574 10063.5089   41   25          - 10042.0000      -  14.8  306s
 1857415 577705 infeasible   57               - 10042.4206      -  14.8  310s
 1870639 572892 infeasible   40               - 10043.0000      -  14.9  315s
 1896700 572528 10084.0000   49   11          - 10044.0000      -  14.9  320s
 1920868 564955 10102.0000   41   22          - 10046.0000      -  15.0  325s
 1939760 564735 10047.0000   50    9          - 10047.0000      -  15.0  330s
 1960108 564763 infeasible   51               - 10048.0000      -  15.1  335s
 1976770 565628 10069.0000   53   16          - 10049.0000      -  15.1  340s
 1996903 568395 infeasible   50               - 10049.0000      -  15.2  345s
 2017286 567234 infeasible   41               - 10050.0000      -  15.3  350s
 2036929 570419 infeasible   57               - 10050.4039      -  15.3  355s
 2058172 570636 10103.0000   46   14          - 10051.6638      -  15.4  360s
 2073029 571913 10106.0000   46   26          - 10052.0000      -  15.4  365s
 2097308 572178 infeasible   36               - 10053.0000      -  15.5  370s
 2113446 574115 infeasible   42               - 10053.0000      -  15.5  375s
 2134911 580928 infeasible   42               - 10053.0000      -  15.6  380s
 2157956 579547 infeasible   40               - 10054.0000      -  15.6  385s
 2168693 582056 10066.2274   48   33          - 10054.0000      -  15.7  390s
 2190490 578286 10057.3089   47   45          - 10055.0000      -  15.7  395s
 2219264 578937 infeasible   38               - 10056.0000      -  15.7  400s
 2233475 575238 10058.2105   40   61          - 10057.0000      -  15.8  405s
 2254371 573320 infeasible   52               - 10058.0000      -  15.8  410s
 2271301 574413 infeasible   57               - 10058.0568      -  15.9  415s
 2292491 574216 10070.1476   45   51          - 10059.0000      -  15.9  420s
 2313778 570980 10097.0358   46   38          - 10060.0000      -  15.9  425s
 2329243 565450 10062.1929   45   51          - 10061.0000      -  16.0  430s
 2344425 562165 10093.5505   49   12          - 10062.0000      -  16.0  435s
 2366096 561643 10107.5973   49   40          - 10062.1241      -  16.1  440s
 2383812 550642 infeasible   44               - 10063.0000      -  16.1  445s
 2401852 539273 infeasible   39               - 10064.0000      -  16.2  450s
 2422798 529747 10076.7143   37   25          - 10065.2774      -  16.2  455s
 2434991 527015 infeasible   50               - 10066.0000      -  16.2  460s
 2453358 517470 infeasible   50               - 10067.0000      -  16.3  465s
 2474287 503952 infeasible   46               - 10069.0000      -  16.3  470s
 2498503 487437 infeasible   50               - 10070.1329      -  16.3  475s
 2515503 479932 infeasible   48               - 10071.7913      -  16.4  480s
 2531226 472072 infeasible   44               - 10072.0000      -  16.4  485s
 2555663 457090 infeasible   56               - 10073.2374      -  16.5  491s
 2574194 443632 infeasible   57               - 10074.0000      -  16.5  495s
 2595385 430783 infeasible   43               - 10075.6875      -  16.5  500s
 2611810 422179 infeasible   49               - 10076.7599      -  16.5  505s
 2631321 409886 infeasible   31               - 10078.0000      -  16.6  510s
 2649765 396512 infeasible   51               - 10079.0000      -  16.6  515s
 2674028 380041 infeasible   48               - 10081.0000      -  16.6  521s
 2690093 368795 10083.3819   59   43          - 10082.0000      -  16.6  525s
 2706881 356443 infeasible   44               - 10082.5775      -  16.7  530s
 2726603 338896 infeasible   54               - 10083.3073      -  16.7  535s
 2749613 321530 infeasible   59               - 10084.4893      -  16.7  540s
 2771703 303921 infeasible   41               - 10086.0000      -  16.8  545s
 2791892 287646 infeasible   40               - 10088.0000      -  16.8  550s
 2812718 269557 infeasible   49               - 10089.1917      -  16.8  555s
 2839591 247730 infeasible   53               - 10092.0000      -  16.8  560s
 2857015 231522 infeasible   46               - 10093.0000      -  16.8  565s
 2887192 203650 infeasible   48               - 10094.3584      -  16.8  570s
 2910137 183135 infeasible   48               - 10096.7305      -  16.8  575s
 2938610 157876 infeasible   59               - 10099.0000      -  16.8  580s
 2970076 126972 infeasible   59               - 10102.0000      -  16.7  585s
 3000751 96442 infeasible   52               - 10104.0000      -  16.7  590s
 3033311 64527 infeasible   41               - 10108.0076      -  16.6  595s
 3072506 27752 infeasible   48               - 10132.0054      -  16.5  600s

Cutting planes:
  Learned: 21
  Gomory: 57
  Cover: 156
  Implied bound: 7
  Projected implied bound: 1
  Clique: 1
  MIR: 213
  StrongCG: 8
  Flow cover: 595
  Inf proof: 17
  RLT: 20
  Relax-and-lift: 5

Explored 3101847 nodes (50918396 simplex iterations) in 603.14 seconds (593.02 work units)
Thread count was 8 (of 8 available processors)

Solution count 0

Model is infeasible
Best objective -, best bound -, gap -

User-callback calls 6381329, time in user-callback 30.42 sec
