
Gurobi 10.0.1 (mac64[arm]) logging started Sun Mar  3 15:11:17 2024

Set parameter LogFile to value "/Users/deniserings/Documents/zib/s-bahn-data/scripts/DeniseMA/processed/BNB_BSNH_BSAL_BPHD/original/BNB_BSNH_BSAL_BPHD_202403031448_mipstart.log"
Gurobi Optimizer version 10.0.1 build v10.0.1rc0 (mac64[arm])

CPU model: Apple M2
Thread count: 8 physical cores, 8 logical processors, using up to 8 threads

Optimize a model with 21155 rows, 8010 columns and 78763 nonzeros
Model fingerprint: 0x1571c33c
Variable types: 2735 continuous, 5275 integer (1117 binary)
Coefficient statistics:
  Matrix range     [1e+00, 2e+02]
  Objective range  [1e+00, 4e+02]
  Bounds range     [1e+00, 2e+02]
  RHS range        [1e+00, 5e+02]
Presolve removed 8519 rows and 2490 columns
Presolve time: 2.74s
Presolved: 12636 rows, 5520 columns, 53440 nonzeros
Variable types: 1473 continuous, 4047 integer (4047 binary)

Root relaxation: objective 2.080800e+04, 3441 iterations, 0.04 seconds (0.03 work units)

    Nodes    |    Current Node    |     Objective Bounds      |     Work
 Expl Unexpl |  Obj  Depth IntInf | Incumbent    BestBd   Gap | It/Node Time

     0     0 20808.0000    0  265          - 20808.0000      -     -    3s
     0     0 20873.4129    0  733          - 20873.4129      -     -    3s
     0     0 20873.4129    0  698          - 20873.4129      -     -    3s
     0     0 20888.0000    0  763          - 20888.0000      -     -    3s
     0     0 20891.3360    0  735          - 20891.3360      -     -    3s
     0     0 20891.3360    0  842          - 20891.3360      -     -    3s
     0     0 20891.3360    0  716          - 20891.3360      -     -    3s
     0     0 20896.0000    0  839          - 20896.0000      -     -    3s
     0     0 20896.0000    0  746          - 20896.0000      -     -    4s
     0     0 20896.0000    0  717          - 20896.0000      -     -    4s
     0     0 20896.0000    0  712          - 20896.0000      -     -    4s
     0     0 20896.0000    0  231          - 20896.0000      -     -    4s
     0     0 20896.0000    0  353          - 20896.0000      -     -    4s
     0     0 20896.0000    0  267          - 20896.0000      -     -    4s
     0     0 20896.0000    0  361          - 20896.0000      -     -    4s
     0     0 20896.0000    0  196          - 20896.0000      -     -    5s
     0     0 20896.0000    0  302          - 20896.0000      -     -    5s
     0     0 20896.0000    0  301          - 20896.0000      -     -    5s
     0     0 20896.0000    0  479          - 20896.0000      -     -    5s
     0     0 20896.0000    0  255          - 20896.0000      -     -    6s
     0     0 20896.0000    0  236          - 20896.0000      -     -    6s
   408   406 21017.0000   24  161          - 20904.0000      -   112   10s
  2445  1851 20956.0289   13  160          - 20956.0289      -  52.5   15s
H 2646  1780                    24703.000000 20956.0623  15.2%  44.3   16s
  3722  2486 21069.0623   24   99 24703.0000 21069.0623  14.7%  59.8   27s
H 3752  2504                    24675.000000 21069.0623  14.6%  55.2   28s
  4275  2483 21111.0000   49  211 24675.0000 21069.0623  14.6%  57.2   30s
H 4869  2694                    24596.000000 21069.0623  14.3%  50.8   30s
H 7844  4251                    24580.000000 21069.0623  14.3%  45.9   34s
  7977  4348 21197.0623   29  137 24580.0000 21083.5283  14.2%  48.9   35s
H11644  6434                    24576.000000 21096.3088  14.2%  42.4   38s
 12277  6912 21105.8763   47  142 24576.0000 21096.3088  14.2%  45.8   40s
 17669 10735 21537.4540   65   53 24576.0000 21096.3350  14.2%  45.1   45s
 21040 13851 22507.2465  123  146 24576.0000 21096.3381  14.2%  50.1   50s
 26031 16410 infeasible   48      24576.0000 21096.3503  14.2%  48.5   55s
 28033 18534 21193.1038   42  108 24576.0000 21096.3503  14.2%  49.9   61s
H30881 18534                    24563.000000 21097.5165  14.1%  50.9   61s
 34644 26766 22442.4126  124  109 24563.0000 21097.5165  14.1%  48.7   70s
 45691 29398 21552.1038   45   83 24563.0000 21102.7477  14.1%  48.2   75s
 48984 31343 21157.0673   33  304 24563.0000 21105.0672  14.1%  48.2   80s
H53859 34115                    24517.000000 21105.0672  13.9%  46.6   84s
 53859 34666 21201.3540   47  230 24517.0000 21105.1763  13.9%  47.0   85s
 58210 36957     cutoff   56      24517.0000 21110.5923  13.9%  48.5   90s
 60001 36610 21114.3503   34   90 24517.0000 21114.3503  13.9%  50.0  124s
 60031 36636 21182.1038   38  189 24517.0000 21114.3503  13.9%  50.1  125s
 60979 42868 23005.4449   65  162 24517.0000 21114.3503  13.9%  50.8  136s
 69696 43322 21199.5967   43  248 24517.0000 21114.3503  13.9%  50.6  140s
 73086 44257 21555.1085   70   79 24517.0000 21182.1038  13.6%  51.8  145s
 76203 45028 21300.5743   62  123 24517.0000 21182.1038  13.6%  53.2  150s
 78061 45087 21202.0000   28  189 24517.0000 21186.3210  13.6%  54.3  173s
 78302 43868 21202.0090   45  238 24517.0000 21187.0286  13.6%  54.3  175s
 79599 44617 infeasible  111      24517.0000 21187.0286  13.6%  54.3  180s
 82097 39212 infeasible   63      24517.0000 21187.0286  13.6%  54.7  185s
 84638 36239 21401.1318   61  361 24517.0000 21187.5267  13.6%  55.2  190s
H87019 36451                    22060.999998 21187.5267  3.96%  55.7  194s
 87019 36880 21319.9699   60   76 22061.0000 21187.5267  3.96%  56.0  195s
 89952 37040 21209.3756   63  193 22061.0000 21187.5267  3.96%  57.2  200s
 92806 37734 21187.5267   45   84 22061.0000 21187.5267  3.96%  58.2  206s
 95555 38609 21219.5778   55   80 22061.0000 21187.5267  3.96%  59.4  211s
 97840 39150 21189.6785   55  226 22061.0000 21187.5267  3.96%  60.2  216s
 100340 39444 21598.0652   60  289 22061.0000 21187.5267  3.96%  61.0  220s
 103271 40198 21201.4525   42  410 22061.0000 21187.7242  3.96%  61.7  225s
 105138 40734 21514.0065   59  243 22061.0000 21187.8817  3.96%  62.2  230s
 107905 41471 infeasible   60      22061.0000 21188.5301  3.95%  63.0  235s
 110150 42283 21361.1455   69  233 22061.0000 21189.5479  3.95%  63.7  240s
 111874 43171 21212.9459   53  128 22061.0000 21190.8547  3.94%  64.2  245s
 114313 43526 21190.9609   54  132 22061.0000 21190.8547  3.94%  65.1  250s
 117035 44352 21193.0098   55  130 22061.0000 21190.8547  3.94%  65.9  256s
 119327 45077 21201.3880   63  187 22061.0000 21190.8547  3.94%  66.7  261s
 122136 45672 21191.3444   60  148 22061.0000 21190.8547  3.94%  67.7  266s
 124852 46310 21263.7593   57   99 22061.0000 21190.8547  3.94%  68.5  272s
 126716 46798 21500.1555   69  284 22061.0000 21191.4014  3.94%  69.2  276s
 129238 47371 21192.5235   40  353 22061.0000 21192.5049  3.94%  69.7  280s
 132839 48843 21436.1399   54  318 22061.0000 21192.5235  3.94%  70.1  286s
 135473 49556     cutoff   43      22061.0000 21192.5235  3.94%  70.0  290s
 138879 50206 21442.3207   85  217 22061.0000 21192.5235  3.94%  70.1  295s
 142215 51435 21193.3190   60  218 22061.0000 21192.5842  3.94%  70.5  302s
 143777 51754 21345.5434   53  147 22061.0000 21192.5842  3.94%  70.9  305s
 146318 52300 21270.9802   56   95 22061.0000 21192.5842  3.94%  71.4  311s
 148986 52725 21225.8396   57  263 22061.0000 21192.5842  3.94%  72.2  316s
 149901 53576 21193.2711   58  308 22061.0000 21192.5842  3.94%  72.5  320s
 152903 55164 21192.6199   41  206 22061.0000 21192.5842  3.94%  73.3  326s
 154367 55874 21212.5842   53   73 22061.0000 21192.5842  3.94%  73.6  330s
 157218 57530 21198.5489   56  272 22061.0000 21192.5982  3.94%  74.1  336s
 159563 58673 21367.3784   66  167 22061.0000 21192.6120  3.94%  74.6  342s
 160886 59485 21324.6396   56  143 22061.0000 21192.6206  3.94%  74.8  345s
 164567 60543 21228.2321   43  280 22061.0000 21192.7352  3.94%  75.1  351s
 167243 61276 21468.0411   59  245 22061.0000 21192.8433  3.94%  75.1  356s
 169629 62462 21240.4864   45  411 22061.0000 21193.3171  3.93%  75.1  360s
 171500 63175 21492.0411   60  261 22061.0000 21193.5900  3.93%  75.1  365s
 174445 63386     cutoff   87      22061.0000 21194.3206  3.93%  75.1  370s
 176899 63800 21482.0411   53  234 22061.0000 21194.8997  3.93%  75.3  375s
 178903 64531 21588.6245   57  311 22061.0000 21194.8997  3.93%  75.7  381s
 180662 64705 21266.2301   61  415 22061.0000 21194.9238  3.93%  76.0  385s
H182707 65368                    22060.999983 21195.0893  3.93%  76.0  386s
 184048 66573 21287.4379   62  136 22061.0000 21195.1012  3.93%  76.3  392s
 185174 67340 21474.6167   81   44 22061.0000 21195.1086  3.92%  76.4  395s
 187877 68794 21195.7733   63   91 22061.0000 21195.1352  3.92%  76.8  401s
 190430 70119 21305.9839   66  126 22061.0000 21195.1498  3.92%  77.2  406s
 192927 71437 21237.3440   63  117 22061.0000 21195.1668  3.92%  77.6  412s
 194069 72098 21202.1491   65  155 22061.0000 21195.1759  3.92%  77.8  415s
 196387 73249 21434.7290   64  161 22061.0000 21195.1956  3.92%  78.2  421s
 198857 74511 infeasible   68      22061.0000 21195.2152  3.92%  78.6  426s
 201278 76072 21196.4323   62  119 22061.0000 21195.2379  3.92%  79.0  432s
 202730 76673 21219.1395   58   91 22061.0000 21195.2655  3.92%  79.2  435s
 205200 77814 21536.5098   62  104 22061.0000 21195.2892  3.92%  79.4  441s
 207451 79208 21196.7403   58  102 22061.0000 21195.2998  3.92%  79.9  447s
 209455 80111 21540.2582   46  324 22061.0000 21195.3405  3.92%  80.1  452s
 210665 81270 21611.8056   86  146 22061.0000 21195.5679  3.92%  80.2  455s
 213465 82060 21540.2582   46  376 22061.0000 21195.8392  3.92%  80.1  461s
 215785 83101 21199.8573   47  439 22061.0000 21196.1880  3.92%  80.2  466s
 216870 84397 21431.2928   58  253 22061.0000 21196.3402  3.92%  80.2  471s
 218946 85473 21368.2614   73  305 22061.0000 21196.6608  3.92%  80.3  475s
 220581 86761 21492.5482   45  293 22061.0000 21197.4419  3.91%  80.4  480s
 223354 87990 21508.2582   56  239 22061.0000 21197.7367  3.91%  80.4  485s
 224752 88971 21457.2582   73  259 22061.0000 21198.0302  3.91%  80.5  490s
 226730 89696 21198.0551   43  425 22061.0000 21198.0551  3.91%  80.7  495s
 229111 90928 21453.0952   53  429 22061.0000 21198.0551  3.91%  81.0  502s
 231251 91889 21478.7185   48  370 22061.0000 21198.0551  3.91%  81.2  506s
 232540 92738     cutoff   51      22061.0000 21198.1185  3.91%  81.4  511s
 234507 93954 21532.4399   63  240 22061.0000 21198.3698  3.91%  81.6  516s
 236571 95120 infeasible   55      22061.0000 21198.4691  3.91%  81.8  522s
 237717 95823 21364.8427   72   57 22061.0000 21198.4882  3.91%  82.0  525s
 240143 97119 21198.5243   57   98 22061.0000 21198.5243  3.91%  82.2  531s
 242601 98415 21554.1910   69   35 22061.0000 21198.5288  3.91%  82.5  537s
 243914 98936 21376.1127   89  205 22061.0000 21198.5327  3.91%  82.6  540s
 246345 100310 21205.2065   64  236 22061.0000 21198.5570  3.91%  82.8  545s
 249281 101661 21206.1597   65  301 22061.0000 21198.5864  3.91%  82.9  551s
 251652 102901 21218.1910   57  119 22061.0000 21198.6158  3.91%  83.1  557s
 252897 103566 21340.3833   72  206 22061.0000 21198.6324  3.91%  83.2  560s
 255382 104712 infeasible   82      22061.0000 21198.6693  3.91%  83.4  565s
 257892 106058 21200.8618   59  265 22061.0000 21198.6956  3.91%  83.5  572s
 259073 106644     cutoff   64      22061.0000 21198.7129  3.91%  83.6  575s
 261776 108032 21203.8387   56  237 22061.0000 21198.7501  3.91%  83.8  581s
 264127 109061 21205.3158   62  242 22061.0000 21198.7840  3.91%  84.0  587s
 265386 109757 21208.5756   65  190 22061.0000 21198.7926  3.91%  84.0  590s
 268036 111142 21301.2447   56  174 22061.0000 21198.8298  3.91%  84.2  595s
 270758 112730 21330.2582   49  343 22061.0000 21198.8669  3.91%  84.4  602s
 271816 113533 21578.6492   74  210 22061.0000 21198.8669  3.91%  84.5  605s
 274951 115038 21444.6524   46  343 22061.0000 21199.1735  3.91%  84.6  612s
 276574 115814 infeasible   72      22061.0000 21199.4629  3.91%  84.7  616s
 278078 116402 21568.8359   70  234 22061.0000 21199.5247  3.90%  84.9  620s
 280593 118196 21547.6492   51  314 22061.0000 21200.1394  3.90%  85.0  626s
 282409 119182 21323.6968   58  253 22061.0000 21200.2246  3.90%  85.0  630s
 285084 120635 21327.9826   43  341 22061.0000 21200.9084  3.90%  85.1  636s
 286772 121588 21457.6394   50  561 22061.0000 21201.3454  3.90%  85.2  641s
 288401 122512 21435.6492   67  267 22061.0000 21201.8904  3.89%  85.2  645s
 290129 124022 21511.8372   73  172 22061.0000 21201.8904  3.89%  85.3  650s
 292149 125298 21471.0672   73  264 22061.0000 21201.9635  3.89%  85.3  655s
 295006 127160 21424.6927   82  211 22061.0000 21202.1017  3.89%  85.4  661s
 297372 128638 21218.7247   40  544 22061.0000 21202.1771  3.89%  85.3  665s
 300346 130103 21232.1017   40  409 22061.0000 21202.3885  3.89%  85.3  671s
 301963 130938 infeasible   70      22061.0000 21202.6492  3.89%  85.3  676s
H303074 131240                    22056.999985 21202.6492  3.87%  85.4  678s
 303074 131724     cutoff   71      22057.0000 21202.6497  3.87%  85.5  680s
 305160 132864 21344.8132   65  143 22057.0000 21202.6900  3.87%  85.6  686s
 307769 134019 infeasible   65      22057.0000 21202.7335  3.87%  85.8  693s
 308894 134760 21224.7387   62  202 22057.0000 21202.7540  3.87%  86.0  696s
 310478 135193 21501.3750   75   66 22057.0000 21202.7743  3.87%  85.9  700s
 312963 136520 21222.0000   56  105 22057.0000 21202.8123  3.87%  86.1  706s
 315618 137823 21493.0496   74   62 22057.0000 21202.8667  3.87%  86.2  712s
 316943 138486 21203.1526   57  220 22057.0000 21202.8884  3.87%  86.2  715s
 319529 139457 21349.0000   62   73 22057.0000 21202.9408  3.87%  86.3  721s
 321934 140385 21344.0243   68  210 22057.0000 21202.9802  3.87%  86.4  727s
 323196 140952 21598.0000   77   27 22057.0000 21203.0000  3.87%  86.5  730s
 325722 142167 21388.4731   73  104 22057.0000 21203.0018  3.87%  86.6  736s
 328140 143395 infeasible   69      22057.0000 21203.0494  3.87%  86.7  742s
 329449 144007 21222.0000   56   82 22057.0000 21203.0769  3.87%  86.8  745s
 331831 145077 21364.0444   68  125 22057.0000 21203.1209  3.87%  86.9  751s
 334374 146260 21207.7140   57  145 22057.0000 21203.1714  3.87%  87.0  757s
 335635 146679 21222.0660   61  235 22057.0000 21203.1844  3.87%  87.0  760s
 337840 147886     cutoff   79      22057.0000 21203.2242  3.87%  87.2  766s
 340396 148999     cutoff   61      22057.0000 21203.2659  3.87%  87.3  772s
 341702 149604 21355.9972   68  148 22057.0000 21203.2879  3.87%  87.3  775s
 344020 150881 21256.3255   61  170 22057.0000 21203.3183  3.87%  87.4  781s
 346750 151806 21203.3883   40  299 22057.0000 21203.3883  3.87%  87.4  786s
 347146 153258     cutoff   46      22057.0000 21203.3883  3.87%  87.5  791s
 350556 154322     cutoff   38      22057.0000 21203.3883  3.87%  87.7  796s
 351136 155546 21317.3883   51  389 22057.0000 21203.3883  3.87%  87.8  800s
 354196 156603 21587.3883   65  216 22057.0000 21203.3883  3.87%  87.9  806s
 356718 158232 21204.0011   44  399 22057.0000 21203.3883  3.87%  88.1  812s
 357677 159060 21203.3883   41  420 22057.0000 21203.3883  3.87%  88.2  815s
 360280 160523 21204.0011   42  403 22057.0000 21203.3883  3.87%  88.3  822s
 361905 160896 21612.3571   58  313 22057.0000 21203.3883  3.87%  88.4  825s
 364116 162802 21513.3883   56  292 22057.0000 21203.3883  3.87%  88.4  831s
 367098 163983 21331.3883   49  301 22057.0000 21203.3883  3.87%  88.4  837s
 368375 164811 21336.3883   46  244 22057.0000 21203.3883  3.87%  88.4  840s
 370703 166132 21583.5793   61  331 22057.0000 21203.3883  3.87%  88.6  846s
 373224 167411 21356.9018   50  306 22057.0000 21203.3883  3.87%  88.7  852s
 374348 168378 21345.3883   45  367 22057.0000 21203.3883  3.87%  88.7  855s
 376969 169926 21242.2471   41  382 22057.0000 21203.3896  3.87%  88.8  861s
 379793 171477 21313.7596   60  364 22057.0000 21203.4255  3.87%  88.9  867s
 382218 172442     cutoff   55      22057.0000 21203.5235  3.87%  88.9  872s
 383320 173370 21474.8894   58  314 22057.0000 21203.5553  3.87%  89.0  875s
 385628 174437 21291.0688   47  396 22057.0000 21203.5797  3.87%  89.0  880s
 388805 176388 21566.2414   65  242 22057.0000 21203.6861  3.87%  89.0  887s
 390994 177360     cutoff   79      22057.0000 21203.7391  3.87%  89.0  893s
 392180 177892 21211.4792   60  159 22057.0000 21203.7625  3.87%  89.1  896s
 393251 178533 21275.6643   69  158 22057.0000 21203.7897  3.87%  89.1  900s
 395891 179731     cutoff   63      22057.0000 21203.8590  3.87%  89.2  909s
 397288 180291 21243.3441   55  143 22057.0000 21203.8859  3.87%  89.3  914s
 398512 180983 21224.3826   62  151 22057.0000 21203.9137  3.87%  89.3  918s
 399874 181433 21223.0660   72  114 22057.0000 21203.9420  3.87%  89.3  923s
 400927 181971 21420.4885   78  101 22057.0000 21203.9660  3.87%  89.4  927s
 402234 182461 21349.0812   63  107 22057.0000 21203.9909  3.87%  89.4  931s
 403583 183123 21304.3263   63   41 22057.0000 21204.0351  3.87%  89.4  935s
 406093 184196 21304.5288   69  101 22057.0000 21204.0896  3.87%  89.5  941s
 408181 185432 21284.0451   78   96 22057.0000 21204.1373  3.87%  89.6  947s
 409666 186115 21234.4402   61  101 22057.0000 21204.1802  3.87%  89.6  951s
 412025 187188 21431.7507   59  165 22057.0000 21204.2326  3.87%  89.7  957s
 413294 187748 21592.0583   80   53 22057.0000 21204.2827  3.87%  89.8  960s
 415809 188996 21204.9006   55  218 22057.0000 21204.3271  3.87%  89.8  967s
 416994 189625 21416.5730   60  184 22057.0000 21204.3551  3.87%  89.8  970s
 419547 190719 21223.8919   60  274 22057.0000 21204.4341  3.87%  89.9  976s
 422131 191818 21371.1067   66  151 22057.0000 21204.4953  3.87%  90.0  982s
 423409 192344 21239.3571   57  143 22057.0000 21204.5274  3.86%  90.0  985s
 425727 193303 21223.0790   66  270 22057.0000 21204.5964  3.86%  90.0  990s
 427968 194446 21236.3545   66  142 22057.0000 21204.6628  3.86%  90.1  995s
 430187 195502 21440.9746   62  103 22057.0000 21204.7378  3.86%  90.1 1001s
 432927 196642 21354.6640   63   88 22057.0000 21204.8065  3.86%  90.1 1007s
 434111 197156 21224.5804   59  212 22057.0000 21204.8437  3.86%  90.1 1010s
 436253 198147 21222.4003   59  170 22057.0000 21204.9165  3.86%  90.2 1015s
 438540 199362 21224.0210   67  228 22057.0000 21204.9683  3.86%  90.3 1021s
 441041 200346 21447.8703   63  306 22057.0000 21205.0391  3.86%  90.3 1026s
 441547 201096 21281.0086   48  339 22057.0000 21205.0617  3.86%  90.4 1030s
 445443 202810 21345.1909   61  318 22057.0000 21205.3311  3.86%  90.5 1037s
 446912 203801 21617.6911   45  308 22057.0000 21205.4723  3.86%  90.6 1041s
 449324 205080 21245.7930   42  484 22057.0000 21205.7451  3.86%  90.7 1046s
 451154 206263 21350.9778   46  330 22057.0000 21205.8855  3.86%  90.7 1050s
 453663 207572 21575.2096  103  150 22057.0000 21206.0954  3.86%  90.7 1056s
 455342 208329 21365.7119   56  294 22057.0000 21206.2785  3.86%  90.7 1060s
 457989 209597 21378.7991   54  319 22057.0000 21206.5130  3.86%  90.8 1066s
 459425 210629 21461.8916   42  536 22057.0000 21206.5965  3.86%  90.8 1071s
 461398 211734 21327.9778   47  372 22057.0000 21206.7199  3.85%  90.9 1075s
 463753 212892 21288.5946   49  332 22057.0000 21206.9976  3.85%  90.9 1080s
 466178 214138 21560.9404   47  464 22057.0000 21207.5021  3.85%  91.0 1086s
 467550 215115 infeasible   66      22057.0000 21207.7048  3.85%  91.1 1091s
 469323 215872 21260.6911   49  486 22057.0000 21208.0721  3.85%  91.1 1095s
 471357 217075     cutoff   84      22057.0000 21208.2665  3.85%  91.2 1100s
 474105 218590 21513.5766   71  294 22057.0000 21208.8140  3.85%  91.2 1106s
 475776 219646 21229.0793   47  539 22057.0000 21209.1197  3.84%  91.3 1110s
 478449 221113 21325.5591   61  237 22057.0000 21209.6487  3.84%  91.3 1116s
 480043 222108 21370.6911   55  332 22057.0000 21209.9322  3.84%  91.3 1120s
 482866 223977 21602.1510   94  216 22057.0000 21210.4303  3.84%  91.2 1125s
 485816 225336 21219.1946   45  481 22057.0000 21210.8486  3.84%  91.2 1130s
 488179 226701 21350.9820   60  264 22057.0000 21211.3781  3.83%  91.2 1135s
 490410 228093     cutoff   91      22057.0000 21211.9322  3.83%  91.3 1140s
 492323 229156 21312.5093   68   99 22057.0000 21212.1350  3.83%  91.3 1146s
 495129 230400 21297.3768   59  158 22057.0000 21212.2176  3.83%  91.4 1152s
 496269 230856 infeasible   72      22057.0000 21212.2621  3.83%  91.4 1155s
 498726 231818 21628.5407   62   70 22057.0000 21212.3315  3.83%  91.4 1161s
 501007 232994 21534.4122   75   25 22057.0000 21212.4118  3.83%  91.4 1167s
 502143 233387 21549.9176   72   59 22057.0000 21212.4427  3.83%  91.5 1170s
 504032 234411 21523.2286   65   97 22057.0000 21212.5178  3.83%  91.5 1175s
 506543 235331 21326.2714   60  135 22057.0000 21212.6106  3.83%  91.6 1181s
 508657 236517 21525.7398   82   49 22057.0000 21212.7020  3.83%  91.7 1187s
 510099 237108 21247.5460   59  199 22057.0000 21212.7357  3.83%  91.7 1190s
 512425 237978 infeasible   65      22057.0000 21212.8146  3.83%  91.7 1195s
 514461 239224 21500.2400   62   81 22057.0000 21212.9274  3.83%  91.7 1201s
 515933 239765     cutoff   60      22057.0000 21212.9697  3.83%  91.7 1205s
 518345 240645 21233.3162   62  139 22057.0000 21213.0522  3.83%  91.7 1210s
 520486 241642 21352.4840   60  181 22057.0000 21213.1243  3.83%  91.8 1215s
 522799 242608 21504.6922   62   92 22057.0000 21213.2122  3.83%  91.8 1221s
 524857 243551 21221.6731   70   65 22057.0000 21213.3154  3.83%  91.9 1226s
 527157 244728 21467.8204   50  164 22057.0000 21213.4140  3.82%  91.9 1232s
 528465 245255 21225.0761   56  142 22057.0000 21213.4756  3.82%  91.9 1235s
 530595 246178 21331.6281   77   58 22057.0000 21213.5620  3.82%  91.9 1241s
 532826 247278 21234.5831   57  269 22057.0000 21213.6584  3.82%  91.9 1246s
 534722 248279 21461.2522   63  100 22057.0000 21213.7353  3.82%  92.0 1252s
 537072 249222 21241.4122   63   54 22057.0000 21213.8168  3.82%  92.0 1257s
 538972 250261 21241.4122   61   58 22057.0000 21213.9295  3.82%  92.0 1262s
 540065 250735 21380.9322   65  104 22057.0000 21214.0038  3.82%  92.0 1265s
 542653 251505 21494.6936   46  420 22057.0000 21214.1700  3.82%  92.0 1270s
 544602 252932 21437.7754   58  190 22057.0000 21214.4841  3.82%  92.1 1275s
 547709 254208     cutoff   40      22057.0000 21215.5753  3.81%  92.1 1281s

Cutting planes:
  Learned: 256
  Gomory: 12
  Cover: 344
  Implied bound: 60
  Clique: 259
  MIR: 182
  StrongCG: 23
  Flow cover: 2
  GUB cover: 1
  Zero half: 2
  Network: 2
  RLT: 16
  Relax-and-lift: 27

Explored 548328 nodes (50549400 simplex iterations) in 1282.43 seconds (1701.73 work units)
Thread count was 8 (of 8 available processors)

Solution count 10: 22057 22057 22061 ... 24596

Solve interrupted
Warning: max constraint violation (1.5746e-06) exceeds tolerance
Best objective 2.205699998235e+04, best bound 2.121570942889e+04, gap 3.8142%

User-callback calls 1097933, time in user-callback 1.73 sec

Statistics for modelBNB_BSNH_BSAL_BPHD:
  Linear constraint matrix    : 21155 Constrs, 8010 Vars, 78763 NZs
  Variable types              : 2735 Continuous,
5275 Integer (1117 Binary)
  Matrix coefficient range    : [ 1, 200 ]
  Objective coefficient range : [ 1, 382 ]
  Variable bound range        : [ 1, 199 ]
  RHS coefficient range       : [ 1, 549 ]
