
Gurobi 10.0.1 (mac64[arm]) logging started Wed Mar 27 12:48:31 2024

Set parameter LogFile to value "/Users/deniserings/Documents/zib/s-bahn-data/scripts/DeniseMA/processed/BNB_BSNH_BSAL_BPHD/original/BNB_BSNH_BSAL_BPHD_2024-03-27 12:04_equality.log"
Gurobi Optimizer version 10.0.1 build v10.0.1rc0 (mac64[arm])

CPU model: Apple M2
Thread count: 8 physical cores, 8 logical processors, using up to 8 threads

Optimize a model with 21155 rows, 8010 columns and 78763 nonzeros
Model fingerprint: 0xd1b6cf6a
Variable types: 2735 continuous, 5275 integer (1117 binary)
Coefficient statistics:
  Matrix range     [1e+00, 2e+02]
  Objective range  [1e+00, 4e+02]
  Bounds range     [1e+00, 2e+02]
  RHS range        [1e+00, 5e+02]
Presolve removed 10109 rows and 2838 columns
Presolve time: 1.95s
Presolved: 11046 rows, 5172 columns, 45603 nonzeros
Variable types: 1455 continuous, 3717 integer (3717 binary)

Root relaxation: objective 2.080800e+04, 3125 iterations, 0.02 seconds (0.02 work units)

    Nodes    |    Current Node    |     Objective Bounds      |     Work
 Expl Unexpl |  Obj  Depth IntInf | Incumbent    BestBd   Gap | It/Node Time

     0     0 20808.0000    0  198          - 20808.0000      -     -    2s
     0     0 20870.0769    0  521          - 20870.0769      -     -    2s
     0     0 20870.0769    0  519          - 20870.0769      -     -    2s
     0     0 20872.0000    0  677          - 20872.0000      -     -    2s
     0     0 20872.0000    0  674          - 20872.0000      -     -    2s
     0     0 20872.0000    0  641          - 20872.0000      -     -    2s
     0     0 20872.0000    0  624          - 20872.0000      -     -    2s
     0     0 20872.0000    0  174          - 20872.0000      -     -    2s
     0     0 20872.0000    0  345          - 20872.0000      -     -    2s
     0     0 20872.0000    0  257          - 20872.0000      -     -    3s
     0     0 20872.4256    0  464          - 20872.4256      -     -    3s
     0     0 20872.4256    0  550          - 20872.4256      -     -    3s
     0     0 20875.8611    0  188          - 20875.8611      -     -    3s
     0     0 20875.8611    0  316          - 20875.8611      -     -    3s
     0     0 20876.4197    0  479          - 20876.4197      -     -    3s
     0     0 20876.4197    0  567          - 20876.4197      -     -    4s
     0     0 20876.4197    0  598          - 20876.4197      -     -    4s
     0     0 20876.4197    0  571          - 20876.4197      -     -    4s
     0     0 20876.4197    0  202          - 20876.4197      -     -    4s
     0     0 20876.4197    0  385          - 20876.4197      -     -    4s
     0     0 20879.9897    0  251          - 20879.9897      -     -    4s
     0     0 20880.5697    0  439          - 20880.5697      -     -    4s
     0     0 20880.5697    0  447          - 20880.5697      -     -    4s
     0     0 20881.3147    0  504          - 20881.3147      -     -    4s
     0     0 20881.3147    0  544          - 20881.3147      -     -    4s
     0     0 20881.3147    0  540          - 20881.3147      -     -    5s
     0     0 20881.3147    0  541          - 20881.3147      -     -    5s
     0     0 20881.3147    0  243          - 20881.3147      -     -    5s
     0     0 20881.3147    0  374          - 20881.3147      -     -    5s
     0     0 20881.3147    0  237          - 20881.3147      -     -    5s
     0     0 20881.3147    0  237          - 20881.3147      -     -    5s
  1552  1394 20911.0000   30  226          - 20904.0000      -  66.9   10s
  2837  1230 20970.8567  110  209          - 20970.8567      -   209 1064s
  2843  1240 20975.5286  112  223          - 20975.5286      -   209 1065s
H 3635  1608                    23290.000000 20976.1289  9.94%   168 1067s
  4652  2376 20995.6582   12   55 23290.0000 20995.6582  9.85%   147 1070s
  4698  2416 21089.1289   17   56 23290.0000 21009.6707  9.79%   146 1349s
  4818  2500 21222.1289   24   48 23290.0000 21009.6707  9.79%   144 1350s
H 5069  2534                    23282.999957 21009.6707  9.76%   132 1350s
H 8380  3655                    23281.000000 21089.1289  9.41%  94.4 1354s
  8380  3672 21255.2070  119  319 23281.0000 21089.1289  9.41%  97.6 1355s
  9078  4498 21089.1295  124  255 23281.0000 21089.1289  9.41%  93.7 2356s
 12362  6118 21330.2256   29   69 23281.0000 21093.8723  9.39%  78.6 2360s
H13290  6680                    23256.999887 21093.9251  9.30%  73.6 2360s
 14051  7152 21112.2977  131  256 23256.9999 21093.9251  9.30%  73.9 2776s
 18453 10145     cutoff   60      23256.9999 21113.8723  9.21%  67.0 2780s
 22269 12607 21118.8813  128  283 23256.9999 21118.8723  9.19%  63.7 2785s
 27287 15822 22607.9627  162  141 23256.9999 21119.6663  9.19%  61.0 2790s
 29780 17527 21807.5407  153  200 23256.9999 21119.6663  9.19%  60.7 2849s
 30381 17795 21122.4037  124  354 23256.9999 21119.6663  9.19%  61.0 2851s
H31474 12453                    22065.999887 21119.6663  4.29%  60.4 2853s
 32892 13714 21318.7987   42   40 22065.9999 21119.6663  4.29%  60.9 2855s
 36843 15897 21341.6751  137  314 22065.9999 21119.6663  4.29%  59.2 2860s
 39899 17495     cutoff  128      22065.9999 21119.6663  4.29%  61.1 2905s
 40531 18106 21120.6373  136  359 22065.9999 21119.6663  4.29%  61.6 2913s
 41622 18464 21526.1179  154  217 22065.9999 21119.6663  4.29%  62.1 2919s
H42362 18464                    22064.999887 21119.6663  4.28%  62.0 2919s
 43269 19550 21347.8789   43   30 22064.9999 21119.6663  4.28%  62.4 2921s
 47762 22233 21580.1289   65   26 22064.9999 21119.6663  4.28%  60.6 2925s
 50912 23939 21196.8197  145  282 22064.9999 21119.6663  4.28%  60.3 2930s
 53810 25965 21426.6721  147  261 22064.9999 21119.6663  4.28%  60.7 2935s
 55783 26816 21122.6663  129  363 22064.9999 21119.6663  4.28%  60.8 2944s
H56842 26816                    22056.999887 21119.6663  4.25%  60.4 2944s
 56842 27212 21499.3015   44   32 22056.9999 21119.6663  4.25%  61.0 2946s
 59522 28086 21120.2586   26   37 22056.9999 21120.2586  4.25%  60.8 2987s
 61046 28806     cutoff   72      22056.9999 21120.2586  4.25%  60.3 2990s
 66131 30187 21120.2586  122  283 22056.9999 21120.2586  4.25%  58.9 3017s
 66643 30404 21426.4854  153  183 22056.9999 21120.2586  4.25%  59.0 3020s
 67868 30760 21492.3864  151  203 22056.9999 21120.2586  4.25%  59.6 3025s
 69916 31327 21127.4261  133  364 22056.9999 21120.2586  4.25%  61.0 3030s
 72149 32033 21140.8871  141  182 22056.9999 21120.2586  4.25%  62.2 3035s
 74430 32435 21374.2586  150  192 22056.9999 21120.2586  4.25%  63.6 3040s
 82800 35098 infeasible   47      22056.9999 21120.2586  4.25%  61.2 3045s
 87505 36604     cutoff  175      22056.9999 21120.2586  4.25%  60.0 3051s
 90578 36599 21289.8827  139  409 22056.9999 21120.2586  4.25%  62.1 3055s
 92611 37352 21487.2586  148  260 22056.9999 21120.2586  4.25%  63.4 3060s
 95912 37618 21510.1297  142  254 22056.9999 21120.2586  4.25%  65.5 3066s
 97284 38278 21486.2586  140  284 22056.9999 21120.2586  4.25%  66.4 3070s
 104993 40008 21497.0203   46   39 22056.9999 21120.2586  4.25%  65.7 3075s
 115212 41965 21483.0208  152  358 22056.9999 21120.2586  4.25%  62.3 3080s
 118031 42185 21270.0125  143  319 22056.9999 21120.2686  4.25%  64.3 3086s
 119870 42529 21203.3586  138  334 22056.9999 21120.3626  4.25%  65.1 3090s
 123082 43115 21239.9999  144  238 22056.9999 21120.5948  4.25%  66.1 3096s
 125839 43555 21180.1156  135  383 22056.9999 21121.1026  4.24%  67.0 3101s
 126431 43717 21373.1569  141  461 22056.9999 21121.2649  4.24%  67.3 3105s
 129493 44676 21504.1420  150  254 22056.9999 21122.4638  4.24%  68.2 3111s
 135700 46602 21122.5037   47   83 22056.9999 21122.5037  4.24%  67.2 3115s
 146244 49103 21122.5037   49   96 22056.9999 21122.5037  4.24%  64.9 3120s
 152123 51637 infeasible  142      22056.9999 21122.9279  4.23%  64.2 3125s
 154053 52786 21436.1009  168  155 22056.9999 21123.9586  4.23%  65.0 3130s
 155948 53464 infeasible  162      22056.9999 21124.7166  4.23%  65.5 3135s
 158314 55019 21469.1297  147  152 22056.9999 21126.1868  4.22%  66.2 3144s
 159903 55738 21187.7039  137  381 22056.9999 21127.1583  4.22%  66.6 3146s
 161972 56803 21229.0650  136  305 22056.9999 21127.4261  4.21%  67.1 3151s
 163830 57546 21371.2568  140  444 22056.9999 21127.4261  4.21%  67.5 3156s
 165609 58567 21364.2568  144  332 22056.9999 21127.4261  4.21%  68.0 3160s
 167658 59540 21523.7038  164  162 22056.9999 21127.6717  4.21%  68.4 3166s
 169028 60522 21432.2586  150  263 22056.9999 21128.2936  4.21%  68.8 3171s
 171643 61850 21189.4677   48   64 22056.9999 21129.7073  4.20%  69.1 3175s
 179589 65424 21219.3029   50   80 22056.9999 21129.7073  4.20%  67.5 3180s
 186686 68998 21131.4690   50   63 22056.9999 21129.7073  4.20%  66.1 3185s
 192122 72226 21375.6317   54   56 22056.9999 21129.7073  4.20%  65.2 3190s
 197260 74557 21470.1346  150  307 22056.9999 21130.3549  4.20%  64.5 3198s
 198369 75143 21239.8327  141  469 22056.9999 21131.1838  4.20%  64.8 3201s
 199881 75507 21488.0220  150  325 22056.9999 21132.6842  4.19%  65.1 3206s
 201134 76416 21424.1440  149  278 22056.9999 21134.2586  4.18%  65.5 3212s
 202301 76672 infeasible  144      22056.9999 21135.8634  4.18%  65.8 3215s
 203690 77327     cutoff  138      22056.9999 21138.2586  4.17%  66.2 3221s
 205477 78254 infeasible  143      22056.9999 21141.9143  4.15%  66.7 3228s
 206295 78852 21491.2586  165  292 22056.9999 21142.9869  4.14%  66.8 3232s
 207275 79284 21388.1388  138  480 22056.9999 21143.2561  4.14%  67.0 3236s
 208036 80063 21396.7866  193   39 22056.9999 21144.2586  4.14%  67.1 3240s
 210314 81798 21199.9287  158  238 22056.9999 21144.2586  4.14%  67.4 3249s
 212035 82461 infeasible  159      22056.9999 21144.2586  4.14%  67.6 3252s
 213077 83550 21473.9891  145  306 22056.9999 21144.2586  4.14%  67.8 3257s
 214771 84039     cutoff  156      22056.9999 21144.2586  4.14%  68.0 3261s
 215588 85246 21144.2586  148  126 22056.9999 21144.2586  4.14%  68.0 3265s
 218067 86128 21149.7966  134  434 22056.9999 21144.2586  4.14%  68.3 3271s
 219890 87466 21404.4430  169  283 22056.9999 21144.2586  4.14%  68.6 3277s
 220720 88391 21529.2586  196   36 22056.9999 21144.2586  4.14%  68.7 3280s
 223899 90285 21163.7803   51   88 22056.9999 21144.2586  4.14%  68.8 3285s
 231656 93678 21518.2440   52  101 22056.9999 21145.0408  4.13%  67.6 3290s
 241012 98340 21491.0060   70   64 22056.9999 21148.7738  4.12%  66.0 3295s
 246306 101702 21149.5332   40   40 22056.9999 21149.5332  4.11%  65.3 3300s
 254180 105671 21231.5332   52   35 22056.9999 21149.5332  4.11%  64.3 3305s
 257927 107956 21289.3903  144  228 22056.9999 21149.5332  4.11%  64.1 3312s
 258936 108983 21152.2004  130  374 22056.9999 21149.5332  4.11%  64.2 3315s
 261229 110095 21149.5332  133  402 22056.9999 21149.5332  4.11%  64.6 3321s
 263578 111455 21313.5332  144  170 22056.9999 21149.5332  4.11%  64.9 3327s
 264330 112280 21271.5332  141  291 22056.9999 21149.5332  4.11%  65.1 3330s
 267105 113840 21456.6672  157  319 22056.9999 21149.5332  4.11%  65.3 3337s
 267874 115056 21301.5332  148  158 22056.9999 21149.5332  4.11%  65.5 3341s
 270742 116711 infeasible  172      22056.9999 21149.5332  4.11%  65.7 3346s
 273118 118348 21226.4423  140  273 22056.9999 21149.5348  4.11%  65.9 3351s
 275537 119525 21184.2094  147  249 22056.9999 21149.5399  4.11%  66.0 3356s
 277487 121018 21338.7208  156  316 22056.9999 21149.5426  4.11%  66.3 3362s
 280438 122459 21243.5846  147  248 22056.9999 21149.5473  4.11%  66.6 3367s
 281142 122916 21295.4589  192   72 22056.9999 21149.5507  4.11%  66.7 3370s
 284092 124633 21455.1174  148  296 22056.9999 21149.5898  4.11%  66.9 3376s
 286055 125782 21229.6876  134  394 22056.9999 21149.6008  4.11%  67.1 3380s
 287644 126802 21179.6525  152  274 22056.9999 21149.6573  4.11%  67.2 3385s
 289628 127853 21386.4934  149  293 22056.9999 21149.7170  4.11%  67.4 3390s
 298219 132928 21226.3389   66   43 22056.9999 21149.7431  4.11%  66.6 3395s
 306970 138312 21461.1548   87   53 22056.9999 21149.7431  4.11%  65.6 3400s
 316920 143857 infeasible   69      22056.9999 21149.7431  4.11%  64.6 3405s
 324512 148243 21181.9007   73   72 22056.9999 21149.7431  4.11%  63.9 3410s
 330784 152490 21357.6625   69   57 22056.9999 21149.7447  4.11%  63.3 3415s
 334745 154425 21325.5355  157  299 22056.9999 21149.7499  4.11%  63.1 3421s
 336434 155738 21482.0707  176   62 22056.9999 21149.7930  4.11%  63.3 3426s
 338235 156848 21231.3598  142  325 22056.9999 21149.9023  4.11%  63.4 3430s
 341054 157995 21204.0894  151  256 22056.9999 21150.0609  4.11%  63.6 3436s
 343010 159123 21347.5884  190  120 22056.9999 21150.2695  4.11%  63.9 3441s
 344106 160123 21280.8070  149  308 22056.9999 21150.4440  4.11%  64.0 3445s
 346962 161758 21529.5348  142  213 22056.9999 21150.8408  4.11%  64.2 3451s
 348698 162849 21153.8644  146  398 22056.9999 21151.0477  4.11%  64.3 3456s
 350346 163854 21281.4773  159  161 22056.9999 21151.2439  4.11%  64.5 3460s
 351836 165063 21157.8455  153  375 22056.9999 21151.4046  4.11%  64.7 3465s
 354845 166571 21154.3581  147  366 22056.9999 21151.8176  4.10%  64.9 3471s
 356407 167494 21348.9672  199  100 22056.9999 21152.1027  4.10%  65.1 3476s
 358034 169185 infeasible  154      22056.9999 21152.2016  4.10%  65.2 3482s
 359549 169826 21165.9543  135  510 22056.9999 21152.2020  4.10%  65.4 3485s
 362029 171333 21152.2020  142  293 22056.9999 21152.2020  4.10%  65.5 3491s
 364216 172753     cutoff  143      22056.9999 21152.2020  4.10%  65.8 3497s
 364988 173685 21387.5348  159  193 22056.9999 21152.2020  4.10%  65.9 3500s
 367209 175121 21243.7759  148  293 22056.9999 21152.2020  4.10%  66.1 3506s
 369392 176425 21509.6419  175  122 22056.9999 21152.2020  4.10%  66.3 3511s
 371457 177771 21529.0498  164  292 22056.9999 21152.2020  4.10%  66.4 3517s
 372691 178220 21458.6048  156  280 22056.9999 21152.2020  4.10%  66.6 3520s
 374408 179368 21152.3188  137  352 22056.9999 21152.2020  4.10%  66.8 3527s
 375225 180351 21235.4912  152  320 22056.9999 21152.2020  4.10%  66.9 3531s
 376745 180892 21461.5348  155  311 22056.9999 21152.2020  4.10%  67.0 3536s
H377572 180892                    22056.999876 21152.2020  4.10%  67.0 3536s
 379954 182741 infeasible   68      22056.9999 21152.2020  4.10%  66.9 3540s
 387000 186812 21650.7962   84   31 22056.9999 21152.2020  4.10%  66.2 3545s
 391757 189343 21556.2004   89   23 22056.9999 21152.9116  4.10%  65.8 3550s
 397266 192080 21315.6331   74   45 22056.9999 21153.0835  4.10%  65.4 3555s
 404228 196335     cutoff   63      22056.9999 21153.4065  4.10%  64.8 3560s
 414065 201943 infeasible   59      22056.9999 21153.4065  4.10%  63.9 3565s
 421681 206458 infeasible   55      22056.9999 21153.4065  4.10%  63.3 3570s
 428074 210467 21153.4065  134  371 22056.9999 21153.4065  4.10%  62.9 3576s
 429952 211410 21353.7392  152  278 22056.9999 21153.4065  4.10%  63.1 3582s
 430886 212701 21504.6238  157  330 22056.9999 21153.4065  4.10%  63.2 3586s
 433552 213676 21458.7434  164  225 22056.9999 21153.4065  4.10%  63.4 3591s
 435647 215020 infeasible  156      22056.9999 21153.4065  4.10%  63.6 3596s
 436504 215943 21419.7538  160  226 22056.9999 21153.4065  4.10%  63.6 3600s
 438649 217294 21153.4065  141  359 22056.9999 21153.4065  4.10%  63.8 3606s
 439956 217731     cutoff  149      22056.9999 21153.4065  4.10%  63.9 3610s
 441963 219025 21153.4153  134  292 22056.9999 21153.4087  4.10%  64.1 3616s
 442749 219811 21153.4096  137  441 22056.9999 21153.4096  4.10%  64.1 3620s
 444609 221186 21477.1003  179  190 22056.9999 21153.4153  4.10%  64.2 3627s
 445857 221605 21153.4512  139  285 22056.9999 21153.4153  4.10%  64.3 3630s
 447256 222750 21244.7392  147  295 22056.9999 21153.4153  4.10%  64.5 3638s
 448391 223258 21378.9847  163  206 22056.9999 21153.4173  4.10%  64.6 3642s
 449159 224003 21302.6103  168  114 22056.9999 21153.4173  4.10%  64.7 3647s
 450298 224500 21497.6417  159  173 22056.9999 21153.4173  4.10%  64.8 3652s
 451093 225252 21530.7392  154  280 22056.9999 21153.4173  4.10%  64.8 3656s
 452206 226081 infeasible  175      22056.9999 21153.4173  4.10%  64.9 3663s
 453425 226525 21287.6884  144  319 22056.9999 21153.4192  4.10%  65.0 3668s
 454158 227170 21309.0116  150  126 22056.9999 21153.4289  4.10%  65.1 3673s
 455166 227993 21380.2462  160  204 22056.9999 21153.4289  4.10%  65.2 3677s
 456518 228451 21156.0035  160  316 22056.9999 21153.4432  4.10%  65.2 3681s
 457267 228992 21342.9012  183   90 22056.9999 21153.4485  4.10%  65.3 3685s
 459362 230184 21282.8398  156  181 22056.9999 21153.4515  4.10%  65.4 3691s
 460119 230872 21248.7842  148  192 22056.9999 21153.4622  4.10%  65.5 3697s
 461133 231696 21153.4622  145  412 22056.9999 21153.4622  4.10%  65.5 3701s
 463280 232734 21299.1483  170  257 22056.9999 21153.4765  4.10%  65.7 3707s
 464351 233079 21332.7878  156  358 22056.9999 21153.4854  4.10%  65.7 3710s
 465834 233911 21265.1166  167  308 22056.9999 21153.5028  4.10%  65.9 3716s
 467566 234999 21383.9768  170  297 22056.9999 21153.5258  4.10%  66.0 3723s
 468269 235635 21280.6398  158  313 22056.9999 21153.5386  4.10%  66.1 3726s
 469929 236590 21376.5438  150  143 22056.9999 21153.5695  4.10%  66.3 3732s
 470770 237482 21282.9642  149  338 22056.9999 21153.5820  4.10%  66.3 3735s
 472923 238747 21289.5942  168  175 22056.9999 21153.6175  4.10%  66.5 3740s
 474859 240449 21496.6103  154  220 22056.9999 21153.6404  4.10%  66.6 3748s
 476581 240914 21153.6433  145  399 22056.9999 21153.6433  4.10%  66.7 3750s
 481466 243637 21509.1150   82   54 22056.9999 21153.6433  4.10%  66.5 3755s
 492193 250140 21527.6433   91   34 22056.9999 21153.6433  4.10%  65.6 3760s
 501143 255961 21408.6433   73   32 22056.9999 21153.6433  4.10%  64.9 3765s
 511387 261448 21576.7134   58   61 22056.9999 21153.6433  4.10%  64.1 3770s
 523051 268409 21153.6965   56   45 22056.9999 21153.6433  4.10%  63.2 3775s
 529763 271662 21510.5548  195  205 22056.9999 21153.6433  4.10%  62.7 3781s
 532346 272994 21509.1945  176  180 22056.9999 21153.6454  4.10%  62.8 3786s
 533520 274164 21406.0208  157  188 22056.9999 21153.6562  4.10%  62.9 3790s
 535275 275266 21244.9760  146  342 22056.9999 21153.6627  4.10%  62.9 3795s
 537101 276235 21405.6103  173  135 22056.9999 21153.6863  4.10%  63.0 3802s
 537847 276590 infeasible  185      22056.9999 21153.7040  4.10%  63.0 3805s
 539176 277534     cutoff  144      22056.9999 21153.7133  4.10%  63.1 3811s
 539947 277911 infeasible  139      22056.9999 21153.7309  4.10%  63.2 3816s
 540626 278557 21349.1588  149  481 22056.9999 21153.7661  4.09%  63.2 3820s
 543491 279976 21347.6286  158  326 22056.9999 21153.7844  4.09%  63.3 3827s
 544002 280394 21349.0117  170  152 22056.9999 21153.8246  4.09%  63.3 3830s
 546021 281672 infeasible  157      22056.9999 21153.8887  4.09%  63.4 3837s
 546714 282343 21252.2257  175  230 22056.9999 21153.8899  4.09%  63.4 3841s
 548477 283619     cutoff  162      22056.9999 21153.9010  4.09%  63.5 3848s
 549670 283924 infeasible  181      22056.9999 21153.9241  4.09%  63.5 3854s
 550225 284418 21253.7802  147  357 22056.9999 21153.9616  4.09%  63.6 3858s
 550987 284913 21185.9061  145  367 22056.9999 21153.9965  4.09%  63.6 3861s
 551739 285795 21336.5815  188  155 22056.9999 21154.0297  4.09%  63.6 3865s
 553733 287006 21510.7706  162  236 22056.9999 21154.0782  4.09%  63.7 3871s
 555647 288279 21230.8030  155  327 22056.9999 21154.1159  4.09%  63.7 3878s
 557113 288639 21433.1027  152  175 22056.9999 21154.1652  4.09%  63.8 3881s
 558425 289956 21447.1223  141  363 22056.9999 21154.2115  4.09%  63.8 3887s
 559789 290242 21355.7085  140  443 22056.9999 21154.2769  4.09%  63.8 3890s
 561021 291236 21388.0520  185  213 22056.9999 21154.3330  4.09%  63.9 3896s
 562619 292243 21426.3309  141  601 22056.9999 21154.4243  4.09%  64.0 3902s
 563629 292693 21309.5815  157  156 22056.9999 21154.4301  4.09%  64.0 3905s
 565449 293833 infeasible  151      22056.9999 21154.4320  4.09%  64.1 3911s
 567296 294771 21282.7375  136  363 22056.9999 21154.5587  4.09%  64.2 3917s
 567797 295033 21156.3271  145  397 22056.9999 21154.5815  4.09%  64.2 3920s
 569252 296069 21172.7774  140  434 22056.9999 21154.6316  4.09%  64.3 3925s
 570787 297571 21185.3276  160  267 22056.9999 21154.7001  4.09%  64.4 3931s
 572991 298329 21211.5700  142  303 22056.9999 21154.7392  4.09%  64.5 3937s
 574722 299316 21385.8104  170  164 22056.9999 21154.8098  4.09%  64.6 3942s
 576378 300322 21495.7174  188   99 22056.9999 21154.8989  4.09%  64.6 3947s
 578286 301453 21330.9154  157  385 22056.9999 21154.9772  4.09%  64.7 3952s
 579931 302792     cutoff   88      22056.9999 21155.0803  4.09%  64.8 3955s
 588194 307951 21244.2278   75   58 22056.9999 21155.0803  4.09%  64.2 3960s
 599533 313913     cutoff   81      22056.9999 21155.0803  4.09%  63.4 3965s
 608519 319127 21158.1343   45   64 22056.9999 21155.0803  4.09%  62.9 3970s
 620157 325911 21507.0551   76   52 22056.9999 21155.0803  4.09%  62.2 3975s
 627125 330715 21237.0803   64   50 22056.9999 21155.0803  4.09%  61.8 3980s
 631467 333398 21340.9649  148  385 22056.9999 21155.0832  4.09%  61.6 3988s
 632785 334521 21379.3435  143  526 22056.9999 21155.0958  4.09%  61.7 3992s
 635038 335335 21155.8706  144  408 22056.9999 21155.3018  4.09%  61.8 3997s
 635751 335993 21252.2513  147  405 22056.9999 21155.3052  4.09%  61.9 4000s
 637235 336652 21387.8753  172  166 22056.9999 21155.3780  4.09%  62.0 4005s
 639081 337902 21177.0954  138  541 22056.9999 21155.3780  4.09%  62.1 4010s
 641156 339175     cutoff  160      22056.9999 21155.3780  4.09%  62.3 4017s
 641811 339726 21433.6087  158  228 22056.9999 21155.3780  4.09%  62.3 4020s
 643928 341133 21253.7788  150  335 22056.9999 21155.3780  4.09%  62.4 4026s
 646122 342553 21245.9732  153  170 22056.9999 21155.3797  4.09%  62.5 4032s
 647477 343796 21350.9955  163  236 22056.9999 21155.3888  4.09%  62.6 4038s
 648779 344323 21191.3888  143  354 22056.9999 21155.4068  4.09%  62.7 4041s
 650667 345460 21244.7394  148  330 22056.9999 21155.4248  4.09%  62.7 4046s
 652938 346847 21249.6228  155  264 22056.9999 21155.4771  4.09%  62.8 4051s
 654476 347848     cutoff  158      22056.9999 21155.5107  4.09%  62.9 4056s
 655733 348750 21247.5444  157  314 22056.9999 21155.5625  4.09%  62.9 4061s
 657740 349973 21158.2455  140  493 22056.9999 21155.6048  4.09%  63.0 4066s
 659800 351262 21437.0014  188  115 22056.9999 21155.6189  4.09%  63.0 4071s
 661630 352477 21155.6567  140  236 22056.9999 21155.6567  4.09%  63.1 4076s
 663455 353779 21319.2183  157  148 22056.9999 21155.6567  4.09%  63.1 4081s
 665742 355180 21306.2400  170   90 22056.9999 21155.6811  4.09%  63.1 4086s
 666434 356100 21155.6927  138  294 22056.9999 21155.6916  4.09%  63.2 4090s
 669267 357591 21160.7292  149  123 22056.9999 21155.6981  4.09%  63.2 4097s
 671461 358900 21307.1265  150  295 22056.9999 21155.7191  4.09%  63.2 4102s
 672956 359869 21184.7498  146  563 22056.9999 21155.7383  4.09%  63.3 4107s
 674594 360826 21249.7392  144  264 22056.9999 21155.7688  4.09%  63.3 4112s
 675131 361566 21513.7392  162  249 22056.9999 21155.7889  4.09%  63.3 4115s
 676725 362307 21317.4307  163  159 22056.9999 21155.7891  4.09%  63.4 4120s
 678801 363466 21332.5403  176  179 22056.9999 21155.8623  4.09%  63.4 4125s
 681216 365297 21211.9216   70   70 22056.9999 21155.9216  4.09%  63.5 4130s
 690385 370853 21613.5247   66   73 22056.9999 21155.9216  4.09%  63.0 4135s
 700363 375978 21508.2250   69   63 22056.9999 21155.9216  4.09%  62.5 4140s
 709868 380996 21238.1500   55   78 22056.9999 21155.9216  4.09%  62.0 4145s

Cutting planes:
  Learned: 264
  Gomory: 11
  Cover: 275
  Implied bound: 70
  Clique: 269
  MIR: 158
  StrongCG: 18
  Flow cover: 30
  GUB cover: 1
  Zero half: 8
  Network: 4
  RLT: 7
  Relax-and-lift: 40

Explored 713778 nodes (44150313 simplex iterations) in 4149.47 seconds (1259.45 work units)
Thread count was 8 (of 8 available processors)

Solution count 8: 22057 22057 22065 ... 23290

Solve interrupted
Best objective 2.205699987562e+04, best bound 2.115592159519e+04, gap 4.0852%

User-callback calls 1426430, time in user-callback 2.95 sec

Statistics for modelBNB_BSNH_BSAL_BPHD:
  Linear constraint matrix    : 21155 Constrs, 8010 Vars, 78763 NZs
  Variable types              : 2735 Continuous,
5275 Integer (1117 Binary)
  Matrix coefficient range    : [ 1, 200 ]
  Objective coefficient range : [ 1, 382 ]
  Variable bound range        : [ 1, 199 ]
  RHS coefficient range       : [ 1, 549 ]
