
Gurobi 10.0.1 (mac64[arm]) logging started Thu Apr  4 16:56:49 2024

Set parameter LogFile to value "/Users/deniserings/Documents/zib/s-bahn-data/scripts/DeniseMA/processed/BBOS_BWIN_BTG/original/BBOS_BWIN_BTG_202404041628_start_sol.log"
Gurobi Optimizer version 10.0.1 build v10.0.1rc0 (mac64[arm])

CPU model: Apple M2
Thread count: 8 physical cores, 8 logical processors, using up to 8 threads

Optimize a model with 3980 rows, 2210 columns and 14468 nonzeros
Model fingerprint: 0x397fdc2d
Variable types: 896 continuous, 1314 integer (417 binary)
Coefficient statistics:
  Matrix range     [1e+00, 2e+02]
  Objective range  [1e+00, 4e+02]
  Bounds range     [1e+00, 2e+02]
  RHS range        [1e+00, 5e+02]

Loaded user MIP start with objective 10210

Presolve removed 2467 rows and 1111 columns
Presolve time: 0.71s
Presolved: 1513 rows, 1099 columns, 6500 nonzeros
Variable types: 420 continuous, 679 integer (679 binary)

Root relaxation: objective 9.290000e+03, 556 iterations, 0.01 seconds (0.00 work units)

    Nodes    |    Current Node    |     Objective Bounds      |     Work
 Expl Unexpl |  Obj  Depth IntInf | Incumbent    BestBd   Gap | It/Node Time

     0     0 9290.00000    0   95 10209.9991 9290.00000  9.01%     -    1s
     0     0 9290.00000    0   96 10209.9991 9290.00000  9.01%     -    1s
     0     0 9756.77265    0   97 10209.9991 9756.77265  4.44%     -    1s
     0     0 9756.83368    0   97 10209.9991 9756.83368  4.44%     -    1s
     0     0 9763.74255    0  107 10209.9991 9763.74255  4.37%     -    1s
     0     0 9763.74255    0   95 10209.9991 9763.74255  4.37%     -    1s
     0     0 9799.15085    0  116 10209.9991 9799.15085  4.02%     -    1s
     0     0 9799.17384    0  118 10209.9991 9799.17384  4.02%     -    1s
     0     0 9800.11659    0  104 10209.9991 9800.11659  4.01%     -    1s
     0     0 9800.83999    0  112 10209.9991 9800.83999  4.01%     -    1s
     0     0 9800.83999    0  109 10209.9991 9800.83999  4.01%     -    1s
     0     0 9800.83999    0  107 10209.9991 9800.83999  4.01%     -    2s
     0     0 9800.83999    0  107 10209.9991 9800.83999  4.01%     -    2s
     0     0 9800.83999    0  106 10209.9991 9800.83999  4.01%     -    2s
     0     0 9800.83999    0   48 10209.9991 9800.83999  4.01%     -    2s
  4172  2253 9889.00000   16    4 10209.9991 9889.00000  3.14%   9.4    5s
 18374  5951 10022.0000   51    7 10209.9991 9890.00000  3.13%  10.2   10s
 32704 11153 10027.0000   41    7 10209.9991 9892.25860  3.11%  10.4   15s
 57609 17653 10040.1250   79   20 10209.9991 9894.94896  3.09%  10.5   20s
H61364 17882                    10209.999037 9909.00919  2.95%  10.6   21s
 86950 24211     cutoff   45      10209.9990 9910.11201  2.94%  10.7   25s
 99391 26133 9911.63580   41   45 10209.9990 9911.63580  2.92%  10.7   31s
H106680 26951                    10209.998984 9930.00000  2.74%  10.8   33s
 121292 29472 9958.81196   38   30 10209.9990 9930.00000  2.74%  10.8   35s
H122811 29630                    10209.998913 9930.00000  2.74%  10.8   35s
 147435 31421 10078.1679   37   20 10209.9989 9969.00000  2.36%  10.9   40s
 172239 32925 9970.66322   74   28 10209.9989 9969.00000  2.36%  11.2   45s
 206154 37073 10013.0000   80   21 10209.9989 9969.00000  2.36%  11.2   50s
 223691 41867 10015.5000   82   23 10209.9989 9970.92779  2.34%  11.6   55s
 264866 48677 9995.25000   71   22 10209.9989 9974.63077  2.31%  11.5   60s
 281157 53122 10006.3403   76   33 10209.9989 9979.00000  2.26%  11.8   65s
 302656 59412 infeasible   35      10209.9989 9980.00000  2.25%  12.1   70s
 348077 64897 10024.0782   74   27 10209.9989 9980.68328  2.25%  11.9   75s
 361438 67337 10017.9276   71   20 10209.9989 9983.00000  2.22%  12.1   80s
 375137 68547 9984.21818   70   19 10209.9989 9983.00000  2.22%  12.4   85s
 394886 70791     cutoff   38      10209.9989 9984.00000  2.21%  12.5   90s
 441664 78315 10030.6279   58   20 10209.9989 9985.00000  2.20%  12.4   95s
 456508 80333 10042.8191   79   23 10209.9989 9988.47368  2.17%  12.6  100s
 469796 83844 10035.2308   76   35 10209.9989 9989.00000  2.16%  12.7  105s
 484451 87715 10048.7423   76   21 10209.9989 9990.00000  2.15%  12.8  110s
 531106 96381     cutoff   45      10209.9989 9990.00000  2.15%  12.6  115s
 548368 100315 10014.9935   74   40 10209.9989 9990.63768  2.15%  12.7  120s
 562712 101036 10029.2500   74   15 10209.9989 9993.00000  2.13%  12.9  125s
 575883 100609 infeasible   73      10209.9989 9994.54639  2.11%  13.0  130s
 589287 102229     cutoff   44      10209.9989 9996.29787  2.09%  13.2  135s
 639734 108873 9999.65928   74   25 10209.9989 9996.38235  2.09%  12.9  140s
 652252 109850     cutoff   73      10209.9989 9999.00000  2.07%  13.0  145s
 664843 112064 infeasible   79      10209.9989 10000.0000  2.06%  13.1  150s
 677831 116347 infeasible   90      10209.9989 10000.0000  2.06%  13.2  155s
 703765 120975 10119.2803   40    4 10209.9989 10001.2803  2.04%  13.3  160s
 745664 126349 10004.3091   79   19 10209.9989 10003.0000  2.03%  13.2  165s
 757627 127144 10025.6796   80   27 10209.9989 10003.0000  2.03%  13.2  170s
 770672 128590     cutoff   66      10209.9989 10003.0000  2.03%  13.3  175s
 782205 128914     cutoff   70      10209.9989 10003.0000  2.03%  13.4  180s
 813731 133788     cutoff   46      10209.9989 10003.3505  2.02%  13.4  185s
 846901 138055     cutoff   79      10209.9989 10004.0000  2.02%  13.3  190s
 859898 139924     cutoff   83      10209.9989 10004.0000  2.02%  13.4  195s
 873191 141952 10014.7447   68   25 10209.9989 10004.0000  2.02%  13.4  200s
 887578 142881 10020.0000   68   15 10209.9989 10004.7838  2.01%  13.5  205s
 931600 150830 10011.0000   40   10 10209.9989 10005.0000  2.01%  13.4  210s
 951794 152288 10016.0000   84   11 10209.9989 10006.0000  2.00%  13.4  215s
 963929 153954     cutoff   71      10209.9989 10006.0000  2.00%  13.5  220s
 976403 153710     cutoff   84      10209.9989 10007.3236  1.99%  13.5  225s
 989663 153613 10024.3373   87   25 10209.9989 10009.0000  1.97%  13.6  230s
 1032236 160678 10029.0000   36   13 10209.9989 10009.0000  1.97%  13.5  235s
 1055278 162403     cutoff   68      10209.9989 10010.1099  1.96%  13.5  240s
 1062932 161744     cutoff   82      10209.9989 10012.0000  1.94%  13.6  245s
 1073756 160917 10016.2887   78   24 10209.9989 10013.0000  1.93%  13.6  250s
 1084839 161789 10023.0000   78    7 10209.9989 10013.0000  1.93%  13.7  255s
 1095613 162960 10023.0000   87    4 10209.9989 10013.0000  1.93%  13.7  260s
 1148276 171986 10036.2500   71   14 10209.9989 10013.0000  1.93%  13.6  265s
 1159068 173084 infeasible   89      10209.9989 10013.0000  1.93%  13.7  270s
 1170020 173290     cutoff   85      10209.9989 10013.0000  1.93%  13.7  275s
 1180805 172176     cutoff   81      10209.9989 10013.6562  1.92%  13.8  280s
 1189391 173197 infeasible   92      10209.9989 10014.0000  1.92%  13.9  285s
 1208734 176558 10040.2256   41   26 10209.9989 10014.0000  1.92%  13.9  290s
 1251724 184539 10024.0000   83   25 10209.9989 10014.0000  1.92%  13.8  295s
 1262771 186581     cutoff   79      10209.9989 10014.0000  1.92%  13.8  300s
 1274892 188872 10014.4681   82   34 10209.9989 10014.0000  1.92%  13.9  305s
 1284973 190810 10024.0000   84   25 10209.9989 10014.0000  1.92%  14.0  310s
 1299663 193571 10074.6211   41   16 10209.9989 10014.0000  1.92%  14.0  315s
 1350028 201415     cutoff   97      10209.9989 10014.0000  1.92%  13.9  320s
 1360533 202571 10014.0000   90    4 10209.9989 10014.0000  1.92%  14.0  325s
 1371097 202585     cutoff   88      10209.9989 10014.5312  1.91%  14.0  330s
 1383527 201316     cutoff   71      10209.9989 10016.0000  1.90%  14.1  335s
 1393974 201134 10016.0000   81   11 10209.9989 10016.0000  1.90%  14.1  340s
 1423413 203752 10134.4145   43   11 10209.9989 10017.2349  1.89%  14.1  345s
 1457438 208671 10024.4587   68   41 10209.9989 10018.0000  1.88%  14.0  350s
 1470190 207365     cutoff   85      10209.9989 10019.9040  1.86%  14.0  355s
 1481043 209165     cutoff   98      10209.9989 10020.0000  1.86%  14.1  360s
 1491671 209789     cutoff   58      10209.9989 10020.0590  1.86%  14.1  365s
 1503696 207632     cutoff   45      10209.9989 10023.0000  1.83%  14.2  370s
 1554912 216873 infeasible   79      10209.9989 10023.0000  1.83%  14.1  375s
 1565850 217162 10037.0000   77    4 10209.9989 10023.0000  1.83%  14.1  380s
 1575309 217459 10025.7143   88   28 10209.9989 10023.0000  1.83%  14.1  385s
 1584797 217650     cutoff   78      10209.9989 10023.0000  1.83%  14.2  390s
 1596455 218316 infeasible   77      10209.9989 10023.0000  1.83%  14.2  395s
 1607170 219268 10046.9693   38   26 10209.9989 10023.0000  1.83%  14.2  400s
 1656436 228813 10030.7550   80   15 10209.9989 10023.0000  1.83%  14.1  405s
 1667753 229117 10024.1310   71   23 10209.9989 10023.0000  1.83%  14.1  410s
 1678606 228560     cutoff   72      10209.9989 10023.0000  1.83%  14.2  415s
 1689063 228234 10033.0000   81   15 10209.9989 10023.0765  1.83%  14.2  420s
 1699672 227955 10034.0000   86   11 10209.9989 10024.0000  1.82%  14.2  425s
 1734484 233168 infeasible   40      10209.9989 10024.0000  1.82%  14.2  430s
 1764239 237416     cutoff   70      10209.9989 10024.0000  1.82%  14.1  435s
 1774386 237668 10024.2423   90   39 10209.9989 10024.0000  1.82%  14.2  440s
 1785762 238046 10034.0000   70   13 10209.9989 10024.0000  1.82%  14.2  445s
 1795500 238459     cutoff   78      10209.9989 10024.0000  1.82%  14.2  450s
 1804915 238827     cutoff   74      10209.9989 10024.0000  1.82%  14.2  455s
 1853653 246568 10075.9118   39   14 10209.9989 10024.0000  1.82%  14.2  460s
 1869476 248274 10041.4425   83   36 10209.9989 10024.0000  1.82%  14.2  465s
 1880520 248573 infeasible   94      10209.9989 10024.0000  1.82%  14.2  470s
 1889886 248939 10034.0000   72    8 10209.9989 10024.0000  1.82%  14.2  475s
 1899550 248982 10034.0000   97    6 10209.9989 10024.0000  1.82%  14.3  480s
 1910437 249423 infeasible   42      10209.9989 10024.0000  1.82%  14.3  485s
 1960606 257573     cutoff   80      10209.9989 10024.0000  1.82%  14.2  490s
 1971297 257587 10034.1820   95   29 10209.9989 10024.0000  1.82%  14.2  495s
 1983499 257626 10031.2381   88   36 10209.9989 10024.0000  1.82%  14.2  500s
 1995438 257899     cutoff   81      10209.9989 10024.0000  1.82%  14.3  505s
 2006957 257700     cutoff   57      10209.9989 10024.0000  1.82%  14.3  510s
 2042253 263370 infeasible   50      10209.9989 10024.0000  1.82%  14.3  515s
 2067986 266437 10034.0000   83   12 10209.9989 10024.0000  1.82%  14.2  520s
 2080024 266059     cutoff   83      10209.9989 10024.0000  1.82%  14.3  525s
 2089123 265825 10034.9455   88   22 10209.9989 10024.0000  1.82%  14.3  530s
 2100770 265000     cutoff   88      10209.9989 10024.3830  1.82%  14.3  535s
 2113194 262790 10084.8348   39   11 10209.9989 10025.8906  1.80%  14.4  540s
 2165638 271069     cutoff   72      10209.9989 10026.0000  1.80%  14.3  545s
 2174797 270355 10026.0000   77   16 10209.9989 10026.0000  1.80%  14.3  550s
 2187766 266524     cutoff   79      10209.9989 10028.0000  1.78%  14.3  555s
 2197204 264503     cutoff   64      10209.9989 10029.0000  1.77%  14.3  560s
 2208705 262852     cutoff   91      10209.9989 10030.0000  1.76%  14.3  565s
 2239565 267561 infeasible   37      10209.9989 10030.0000  1.76%  14.3  570s
 2267903 271941 10040.0000   97   38 10209.9989 10030.0000  1.76%  14.3  576s
 2278314 271716 10040.0000   90   12 10209.9989 10030.0000  1.76%  14.3  580s
 2289555 269162     cutoff   71      10209.9989 10030.8927  1.75%  14.3  585s
 2299648 266017 infeasible   80      10209.9989 10033.0000  1.73%  14.3  590s
 2309270 265350 10033.0000   70   11 10209.9989 10033.0000  1.73%  14.4  595s
 2330523 267331 10082.5509   41   17 10209.9989 10033.0000  1.73%  14.3  600s
 2369072 271911     cutoff   74      10209.9989 10033.0000  1.73%  14.3  605s
 2377577 271342 10043.0000   65   23 10209.9989 10033.0000  1.73%  14.3  610s
 2387786 270356 10043.0000   74   19 10209.9989 10033.0000  1.73%  14.3  615s
 2397659 269272 infeasible   78      10209.9989 10033.0000  1.73%  14.3  620s
 2407113 267883     cutoff   74      10209.9989 10033.0000  1.73%  14.3  625s
 2417542 266582 10041.9014   40   15 10209.9989 10033.0000  1.73%  14.4  630s
 2469297 274055 infeasible   74      10209.9989 10033.0000  1.73%  14.3  635s
 2479920 271889     cutoff   72      10209.9989 10034.0000  1.72%  14.3  640s
 2489606 270699     cutoff   80      10209.9989 10034.0000  1.72%  14.3  645s
 2498014 269681 10034.0000   72   10 10209.9989 10034.0000  1.72%  14.3  650s
 2508659 268513 10035.0290   94   30 10209.9989 10034.0000  1.72%  14.3  655s
 2519263 267399 infeasible   72      10209.9989 10034.0000  1.72%  14.3  660s
 2568772 275675 infeasible   40      10209.9989 10034.0000  1.72%  14.3  665s
 2581663 274467     cutoff   99      10209.9989 10034.0000  1.72%  14.3  670s
 2589542 273344 infeasible   90      10209.9989 10034.0000  1.72%  14.3  675s
 2599263 271926 10046.8035   91   35 10209.9989 10034.0000  1.72%  14.3  680s
 2607813 270796 10044.0000   96   23 10209.9989 10034.0000  1.72%  14.3  685s
 2614277 269952 10034.2310   86   30 10209.9989 10034.0000  1.72%  14.3  690s
 2633588 271047 10172.0000   40    4 10209.9989 10034.0000  1.72%  14.3  695s
 2674169 277589 10044.0000   92   28 10209.9989 10034.0000  1.72%  14.3  700s
 2684139 275561 infeasible   87      10209.9989 10034.0000  1.72%  14.3  705s
 2696383 273004     cutoff   85      10209.9989 10034.0000  1.72%  14.3  710s
 2703920 270858 10044.0000   88   16 10209.9989 10034.0000  1.72%  14.3  715s
 2713260 268850 10034.3003   83   36 10209.9989 10034.0000  1.72%  14.3  720s
 2734266 268862     cutoff   41      10209.9989 10035.0000  1.71%  14.3  725s
 2776244 273059 10036.3902   89   32 10209.9989 10035.2567  1.71%  14.3  730s
 2785220 271918 10041.1429   76   29 10209.9989 10036.0000  1.70%  14.3  735s
 2797592 268233     cutoff   76      10209.9989 10038.0000  1.68%  14.3  740s
 2809999 265463     cutoff   98      10209.9989 10038.0765  1.68%  14.3  745s
 2819441 261201 infeasible   90      10209.9989 10040.0000  1.67%  14.3  750s
 2860410 265683 10161.0000   45   13 10209.9989 10040.0000  1.67%  14.3  755s
 2881112 265457 10040.1943   94   36 10209.9989 10040.0000  1.67%  14.3  760s
 2892926 258923 10044.3964   78   33 10209.9989 10042.0000  1.65%  14.3  765s
 2902058 255416 10044.0000   60   17 10209.9989 10043.1345  1.63%  14.3  770s
 2913563 249451     cutoff   85      10209.9989 10046.4595  1.60%  14.3  775s
 2956236 253178 infeasible   42      10209.9989 10049.9999  1.57%  14.3  780s
 3003625 257938     cutoff   43      10209.9989 10049.9999  1.57%  14.2  785s
 3056081 265470 10069.9999   38    3 10209.9989 10049.9999  1.57%  14.2  790s
 3109796 273614     cutoff   47      10209.9989 10049.9999  1.57%  14.1  795s
 3166856 282023 10179.9999   31    3 10209.9989 10049.9999  1.57%  14.0  800s
 3222599 291917 10051.9717   42   17 10209.9989 10049.9999  1.57%  14.0  805s
 3277907 300359     cutoff   48      10209.9989 10049.9999  1.57%  13.9  810s
 3335271 309030 10052.9724   31   22 10209.9989 10049.9999  1.57%  13.8  815s
 3398089 319420 10069.9999   44    2 10209.9989 10049.9999  1.57%  13.8  820s
 3459585 329674     cutoff   44      10209.9989 10049.9999  1.57%  13.7  825s
 3519370 339048     cutoff   47      10209.9989 10049.9999  1.57%  13.6  830s
 3577043 348812 10069.9999   42   12 10209.9989 10049.9999  1.57%  13.6  835s
 3634475 357636 infeasible   46      10209.9989 10049.9999  1.57%  13.5  840s
 3695811 359886 10069.9999   43   15 10209.9989 10053.7724  1.53%  13.5  845s
 3761671 353950 infeasible   39      10209.9989 10057.3683  1.49%  13.4  850s
 3831168 347912 10059.9999   45    6 10209.9989 10059.9999  1.47%  13.4  855s
 3896227 345504 infeasible   46      10209.9989 10064.1520  1.43%  13.4  860s
 3957834 335914 10069.9999   29    2 10209.9989 10069.9999  1.37%  13.3  865s
 4027107 330604 10115.9846   39   15 10209.9989 10069.9999  1.37%  13.3  870s
 4102615 325383 10069.9999   42    3 10209.9989 10069.9999  1.37%  13.2  875s
 4173771 321649     cutoff   48      10209.9989 10069.9999  1.37%  13.2  880s
 4248042 317527 10105.1550   43   10 10209.9989 10069.9999  1.37%  13.1  885s
 4320717 313950 10071.7256   47   22 10209.9989 10069.9999  1.37%  13.1  890s
 4398695 310719     cutoff   42      10209.9989 10069.9999  1.37%  13.1  895s
 4475257 306006 infeasible   48      10209.9989 10069.9999  1.37%  13.0  900s
 4555864 301340 10129.9999   49    6 10209.9989 10069.9999  1.37%  13.0  905s
 4630682 297284     cutoff   39      10209.9989 10069.9999  1.37%  12.9  910s
 4711796 292435     cutoff   44      10209.9989 10069.9999  1.37%  12.9  915s
 4789030 287469 10069.9999   43    3 10209.9989 10069.9999  1.37%  12.8  920s
 4862183 282086 10069.9999   38    6 10209.9989 10069.9999  1.37%  12.8  925s
 4932727 276983 10179.7932   46    9 10209.9989 10069.9999  1.37%  12.8  930s
 5003616 274755 10183.3103   45    8 10209.9989 10069.9999  1.37%  12.7  935s
 5073958 273986 10115.3488   45    9 10209.9989 10069.9999  1.37%  12.7  940s
 5150057 269735 10194.2423   44   14 10209.9989 10069.9999  1.37%  12.7  945s
 5227707 265889 infeasible   42      10209.9989 10069.9999  1.37%  12.6  950s
 5302721 261293     cutoff   45      10209.9989 10069.9999  1.37%  12.6  955s
 5386137 258522     cutoff   40      10209.9989 10069.9999  1.37%  12.6  960s
 5465901 255212 infeasible   41      10209.9989 10069.9999  1.37%  12.5  965s
 5547744 254649 10069.9999   34    6 10209.9989 10069.9999  1.37%  12.5  970s
 5626550 252360     cutoff   41      10209.9989 10069.9999  1.37%  12.5  975s
 5703179 248671 infeasible   50      10209.9989 10069.9999  1.37%  12.4  980s
 5783165 244983     cutoff   49      10209.9989 10069.9999  1.37%  12.4  985s
 5853698 240654     cutoff   42      10209.9989 10069.9999  1.37%  12.4  990s
 5929351 238926 10167.1796   46   11 10209.9989 10069.9999  1.37%  12.3  995s
 6008120 236370 10069.9999   46   13 10209.9989 10069.9999  1.37%  12.3 1000s
 6095112 231588 10069.9999   42    2 10209.9989 10069.9999  1.37%  12.3 1005s
 6171745 221178 10134.5865   45   10 10209.9989 10074.3295  1.33%  12.3 1010s
 6247954 211795     cutoff   44      10209.9989 10085.9999  1.21%  12.2 1015s
 6320799 216168     cutoff   43      10209.9989 10085.9999  1.21%  12.2 1020s
 6398113 221083 10091.4083   44   14 10209.9989 10085.9999  1.21%  12.2 1025s
 6476520 222171 infeasible   43      10209.9989 10090.1769  1.17%  12.2 1030s
 6549044 207793     cutoff   41      10209.9989 10099.9999  1.08%  12.1 1035s
 6627373 204981 10174.8350   39    9 10209.9989 10099.9999  1.08%  12.1 1040s
 6707034 199111 10105.9999   39    5 10209.9989 10105.6477  1.02%  12.1 1045s
 6785642 190781 infeasible   46      10209.9989 10105.9999  1.02%  12.1 1050s
 6890035 183995     cutoff   44      10209.9989 10105.9999  1.02%  12.0 1055s
 6967347 174300     cutoff   39      10209.9989 10109.9999  0.98%  12.0 1060s
 7043780 165136     cutoff   34      10209.9989 10109.9999  0.98%  12.0 1065s
 7116380 157593 10129.9999   40   20 10209.9989 10116.2569  0.92%  12.0 1070s
 7199265 147952 10132.1211   47   11 10209.9989 10119.9999  0.88%  11.9 1075s
 7280865 138855 10131.0963   49   19 10209.9989 10119.9999  0.88%  11.9 1080s
 7360586 131249 10119.9999   48    5 10209.9989 10119.9999  0.88%  11.9 1085s
 7440270 118783     cutoff   39      10209.9989 10127.9999  0.80%  11.9 1090s
 7518244 108459     cutoff   38      10209.9989 10129.9999  0.78%  11.9 1095s
 7593138 94379     cutoff   38      10209.9989 10139.9999  0.69%  11.8 1100s
 7677898 71626 10155.9999   34    8 10209.9989 10155.9999  0.53%  11.8 1105s
 7757184 54833     cutoff   43      10209.9989 10167.9999  0.41%  11.8 1110s
 7838518 39236 10180.4775   37    8 10209.9989 10179.0004  0.30%  11.7 1115s
 7921193  9387     cutoff   45      10209.9989 10200.9999  0.09%  11.7 1120s

Cutting planes:
  Learned: 9
  Gomory: 4
  Cover: 11
  Implied bound: 13
  Clique: 18
  MIR: 38
  StrongCG: 3
  Flow cover: 2
  GUB cover: 1
  Network: 1
  RLT: 17
  Relax-and-lift: 3

Explored 7940831 nodes (92793422 simplex iterations) in 1121.11 seconds (602.38 work units)
Thread count was 8 (of 8 available processors)

Solution count 3: 10210 10210 10210 

Optimal solution found (tolerance 1.00e-04)
Best objective 1.021000000000e+04, best bound 1.020942449406e+04, gap 0.0056%

User-callback calls 15883325, time in user-callback 30.18 sec

Statistics for modelBBOS_BWIN_BTG:
  Linear constraint matrix    : 3980 Constrs, 2210 Vars, 14468 NZs
  Variable types              : 896 Continuous,
1314 Integer (417 Binary)
  Matrix coefficient range    : [ 1, 200 ]
  Objective coefficient range : [ 1, 396 ]
  Variable bound range        : [ 1, 199 ]
  RHS coefficient range       : [ 1, 549 ]
