
Gurobi 10.0.1 (mac64[arm]) logging started Wed Mar 27 13:57:42 2024

Set parameter LogFile to value "/Users/deniserings/Documents/zib/s-bahn-data/scripts/DeniseMA/processed/BBUP_O/original/BBUP_O_2024-03-27 12:04_equality.log"
Gurobi Optimizer version 10.0.1 build v10.0.1rc0 (mac64[arm])

CPU model: Apple M2
Thread count: 8 physical cores, 8 logical processors, using up to 8 threads

Optimize a model with 14315 rows, 5774 columns and 53171 nonzeros
Model fingerprint: 0xa299fc0a
Variable types: 1824 continuous, 3950 integer (691 binary)
Coefficient statistics:
  Matrix range     [1e+00, 2e+02]
  Objective range  [1e+00, 4e+02]
  Bounds range     [1e+00, 2e+02]
  RHS range        [1e+00, 5e+02]
Presolve removed 6681 rows and 2094 columns
Presolve time: 0.12s
Presolved: 7634 rows, 3680 columns, 30105 nonzeros
Variable types: 995 continuous, 2685 integer (2685 binary)

Root relaxation: objective 1.323804e+04, 2483 iterations, 0.03 seconds (0.02 work units)

    Nodes    |    Current Node    |     Objective Bounds      |     Work
 Expl Unexpl |  Obj  Depth IntInf | Incumbent    BestBd   Gap | It/Node Time

     0     0 13238.0447    0  147          - 13238.0447      -     -    0s
     0     0 13284.0000    0  479          - 13284.0000      -     -    0s
     0     0 13284.0000    0  470          - 13284.0000      -     -    0s
     0     0 13300.1189    0  479          - 13300.1189      -     -    0s
     0     0 13300.1189    0  382          - 13300.1189      -     -    0s
     0     0 13301.0321    0  425          - 13301.0321      -     -    0s
     0     0 13309.9917    0  384          - 13309.9917      -     -    0s
     0     0 13309.9973    0  394          - 13309.9973      -     -    0s
     0     0 13317.9205    0  601          - 13317.9205      -     -    0s
     0     0 13317.9205    0  531          - 13317.9205      -     -    0s
     0     0 13317.9205    0  598          - 13317.9205      -     -    1s
     0     0 13317.9205    0  582          - 13317.9205      -     -    1s
     0     0 13317.9205    0  161          - 13317.9205      -     -    1s
     0     0 13317.9205    0  279          - 13317.9205      -     -    1s
     0     0 13317.9205    0  173          - 13317.9205      -     -    1s
     0     0 13317.9205    0  165          - 13317.9205      -     -    1s
     0     0 13317.9205    0  145          - 13317.9205      -     -    2s
     0     0 13317.9205    0  330          - 13317.9205      -     -    2s
     0     0 13317.9205    0  307          - 13317.9205      -     -    2s
     0     0 13317.9205    0  341          - 13317.9205      -     -    2s
     0     0 13317.9205    0  356          - 13317.9205      -     -    2s
     0     0 13317.9205    0  333          - 13317.9205      -     -    2s
     0     0 13317.9205    0  349          - 13317.9205      -     -    2s
     0     0 13317.9205    0  401          - 13317.9205      -     -    2s
     0     0 13317.9205    0  391          - 13317.9205      -     -    2s
     0     0 13317.9205    0  129          - 13317.9205      -     -    3s
     0     0 13317.9205    0  211          - 13317.9205      -     -    3s
     0     0 13317.9205    0  174          - 13317.9205      -     -    3s
     0     0 13317.9205    0  196          - 13317.9205      -     -    3s
     0     0 13317.9205    0  110          - 13317.9205      -     -    3s
     0     0 13317.9205    0  217          - 13317.9205      -     -    3s
     0     0 13317.9205    0  103          - 13317.9205      -     -    4s
     0     0 13317.9205    0   95          - 13317.9205      -     -    4s
     0     2 13317.9205    0   83          - 13317.9205      -     -    4s
   131   111 13328.0000   16  282          - 13318.0000      -  96.5    5s
  1544  1309 13328.0000   34  136          - 13328.0000      -  38.8   10s
H 1545  1243                    16131.000000 13328.0000  17.4%  38.8   10s
H 1545  1180                    16107.000000 13328.0000  17.3%  38.8   11s
H 1555  1128                    16101.000000 13328.0000  17.2%  56.0   12s
H 1556  1073                    16100.000000 13328.0000  17.2%  55.9   12s
H 1559  1021                    16080.000000 13328.0000  17.1%  55.8   13s
  1567  1026 13328.0000   66  157 16080.0000 13328.0000  17.1%  55.6   15s
H 1568   975                    16062.000000 13328.0000  17.0%  55.5   15s
H 1570   927                    16059.000000 13328.0000  17.0%  55.4   16s
H 1576   884                    16055.000000 13328.0000  17.0%  55.2   18s
H 1577   842                    16053.000000 13328.0000  17.0%  74.0   18s
H 1683   894                    16047.000000 13328.0000  16.9%  73.6   19s
H 1686   853                    16041.000000 13328.0000  16.9%  73.7   19s
  1921  1054 13328.0000   56  246 16041.0000 13328.0000  16.9%  71.8   20s
H 1935  1011                    16040.000000 13328.0000  16.9%  71.5   20s
H 1996   954                    16034.000000 13328.0000  16.9%  71.5   20s
H 2188  1018                    16023.000000 13328.0000  16.8%  68.9   21s
H 2239  1222                    16000.000000 13328.0000  16.7%  68.0   21s
H 2263  1183                    15997.000000 13328.0000  16.7%  67.7   21s
H 2519  1069                    15992.000000 13328.0000  16.7%  63.6   21s
H 3236  1426                    15970.000000 13328.0000  16.5%  56.5   23s
H 3428  1599                    15969.999925 13328.0000  16.5%  56.4   23s
H 3525  1599                    15969.000000 13328.0000  16.5%  55.6   23s
H 3743  1873                    15912.000000 13328.0000  16.2%  54.6   24s
  3932  2080 infeasible   70      15912.0000 13328.0000  16.2%  53.8   25s
H 4056  2080                    15907.000000 13328.0000  16.2%  54.1   25s
H 4953  2763                    15906.000000 13328.0000  16.2%  51.6   26s
H 5410  3250                    15905.000000 13328.0000  16.2%  50.8   26s
H 6715  4078                    15904.000000 13328.0000  16.2%  52.9   31s
H 6841  4053                    15681.000000 13328.0000  15.0%  52.4   31s
  8393  5249 13328.0000   46  444 15681.0000 13328.0000  15.0%  52.3   35s
 10165  6512 13471.9814   60  216 15681.0000 13328.0000  15.0%  57.0   41s
H10315  6502                    15639.000000 13328.0000  14.8%  57.2   41s
H11897  7590                    15634.000000 13328.0000  14.7%  59.7   47s
H11897  7590                    15631.000000 13328.0000  14.7%  59.7   47s
H12020  7589                    15622.000000 13328.0000  14.7%  59.6   47s
H12024  7746                    15619.000000 13328.0000  14.7%  59.6   48s
 12263  8056 13524.6666   50  349 15619.0000 13328.0000  14.7%  60.3   50s
 14981 10719 13439.0000   51  373 15619.0000 13328.0000  14.7%  63.1   57s
H16320 10719                    15615.000000 13328.0000  14.6%  63.2   57s
H16691 10813                    15607.000000 13328.0000  14.6%  63.5   59s
H16784 10702                    15336.000000 13328.0000  13.1%  64.0   59s
 16809 11237 14225.1764   82   83 15336.0000 13328.0000  13.1%  64.3   61s
 19167 12457 infeasible   63      15336.0000 13328.0000  13.1%  64.7   66s
H19190 12454                    15326.000000 13328.0000  13.0%  64.9   66s
H19407 12642                    15325.000000 13328.0000  13.0%  66.1   69s
H19652 12960                    15324.000000 13328.0000  13.0%  66.8   71s
H19766 12960                    15322.000000 13328.0000  13.0%  67.0   71s
 20117 13691 15011.9455   72  159 15322.0000 13328.0000  13.0%  67.8   75s
 21887 14562 13335.8701   51  448 15322.0000 13328.0000  13.0%  69.6   81s
 22666 15730 13766.0533   77  165 15322.0000 13328.0000  13.0%  71.4   85s
 24418 15856 infeasible   50      15322.0000 13328.0000  13.0%  71.7   90s
 25508 17040 infeasible   58      15322.0000 13328.0000  13.0%  73.4   98s
 26381 18185 15100.0000  110   94 15322.0000 13328.0000  13.0%  74.2  102s
H28130 18508                    15321.999998 13328.0000  13.0%  74.4  106s
 28648 18770 13333.1890   37  428 15322.0000 13328.0000  13.0%  75.4  111s
 29056 19279 13335.5420   49  338 15322.0000 13328.0000  13.0%  76.0  115s
 29830 19280 13658.0000   78  165 15322.0000 13328.0000  13.0%  77.8  139s
 29834 19283 14445.0000   72  479 15322.0000 13333.1890  13.0%  77.8  140s
 29839 19286 13862.6066   91  189 15322.0000 13333.1890  13.0%  77.8  145s
 29843 19289 13954.7748  112  180 15322.0000 13333.1890  13.0%  77.8  151s
 29846 19291 13368.0000   59  239 15322.0000 13339.5200  12.9%  77.8  155s
 29849 19293 13544.0000   60  285 15322.0000 13345.0000  12.9%  77.8  160s
 29860 19301 13848.0000   58  378 15322.0000 13345.0000  12.9%  79.2  165s
 29864 19304 13795.9045   80  281 15322.0000 13345.0000  12.9%  79.2  170s
 30029 19426 13480.8502   62  364 15322.0000 13345.0000  12.9%  79.8  175s
H30133 18524                    15321.999986 13345.0000  12.9%  79.8  176s
 30895 18958 14024.0000  111  249 15322.0000 13345.0000  12.9%  79.1  180s
 32011 19411 13357.0714   74  230 15322.0000 13345.0000  12.9%  78.1  185s
 33980 20290 13616.0000   76  267 15322.0000 13345.0000  12.9%  76.4  190s
 35894 21666 14456.0000  133  196 15322.0000 13345.0000  12.9%  75.6  195s
 38302 22149 13384.0913   83  362 15322.0000 13345.0000  12.9%  75.4  200s
 40047 23260 14434.7773   93  236 15322.0000 13345.0000  12.9%  75.4  205s
 41682 23625 13417.6983   74  204 15322.0000 13345.0000  12.9%  75.9  210s
 43988 23961 14543.7484   88  239 15322.0000 13345.0000  12.9%  76.1  216s
 44521 24547 13345.0000   72  405 15322.0000 13345.0000  12.9%  76.8  221s
 46944 25109 infeasible  134      15322.0000 13345.0000  12.9%  76.7  227s
 47362 25296 13368.0000   72  395 15322.0000 13345.0000  12.9%  77.3  230s
 48739 25867 13348.0000   55  431 15322.0000 13345.0000  12.9%  78.5  236s
 51213 26693 infeasible   73      15322.0000 13345.0000  12.9%  78.8  243s
 51693 26848 13348.0000   64  396 15322.0000 13345.0000  12.9%  79.6  246s
 52127 28180 13375.8032   73  401 15322.0000 13345.0000  12.9%  80.0  250s
 54940 28178 infeasible   78      15322.0000 13345.0000  12.9%  79.9  257s
 55623 29016 13348.0000   78  427 15322.0000 13345.0000  12.9%  80.3  262s
 57255 28893 13348.2588   72  435 15322.0000 13345.0000  12.9%  80.3  267s
 57862 29887 13555.6505   86  377 15322.0000 13345.0000  12.9%  80.8  271s
 59522 29735 13661.8244   86  250 15322.0000 13345.0000  12.9%  80.7  275s
 60144 31630 13676.2609   95  272 15322.0000 13345.0000  12.9%  81.2  283s
 63324 30986 13382.6362   64  380 15322.0000 13345.0000  12.9%  81.1  287s
 64020 31152 14886.3810  100  117 15322.0000 13345.0000  12.9%  81.3  292s
 64729 31963 13374.3796   86  330 15322.0000 13345.0000  12.9%  81.6  297s
 66555 31850 13375.2552   71  356 15322.0000 13345.0000  12.9%  81.2  301s
 67335 32851 13345.0000   65  430 15322.0000 13345.0000  12.9%  81.5  305s
 70051 33169 13345.0000   66  456 15322.0000 13345.0000  12.9%  81.5  313s
 71346 33215 13417.2855   66  392 15322.0000 13345.0000  12.9%  81.7  317s
 72023 34410 14339.6341  102  212 15322.0000 13345.0000  12.9%  81.9  322s
 74173 34280 13345.0000   75  326 15322.0000 13345.0000  12.9%  81.4  327s
 74991 34893 14615.7447   98  127 15322.0000 13345.0000  12.9%  81.7  334s
 76327 35485 13968.0249   97  178 15322.0000 13345.0000  12.9%  82.3  340s
 77811 36724 13348.0000   86  341 15322.0000 13345.0000  12.9%  82.7  346s
 80611 36108 13853.7119   80  282 15322.0000 13345.0000  12.9%  82.3  350s
 81830 36860 13535.4673   88  169 15322.0000 13345.0000  12.9%  83.1  358s
 82849 37977 13345.0000   64  434 15322.0000 13345.0000  12.9%  83.3  363s
 85153 37752 13345.0000   68  416 15322.0000 13345.0000  12.9%  83.1  367s
 85890 38984 13374.1771   83  342 15322.0000 13345.0000  12.9%  83.5  372s
 87850 39436 13373.9914   77  299 15322.0000 13345.0000  12.9%  83.3  375s
 88534 39844 13830.2401   79  307 15322.0000 13345.0000  12.9%  83.8  380s
 91159 41248 infeasible  100      15322.0000 13345.0000  12.9%  84.3  387s
 91617 41700 13509.3147   73  360 15322.0000 13345.0000  12.9%  84.5  391s
 92296 42651 13384.6025   76  302 15322.0000 13345.0000  12.9%  84.8  396s
 93889 43095 infeasible  116      15322.0000 13345.0000  12.9%  84.9  401s
 94540 43657 13345.0000   73  390 15322.0000 13345.0000  12.9%  85.2  405s
 95407 44800 13345.0000   78  310 15322.0000 13345.0000  12.9%  85.3  411s
 97192 45248 13831.2309   85  224 15322.0000 13345.0000  12.9%  85.3  415s
 97848 45790 14486.0212  115  117 15322.0000 13345.0000  12.9%  85.7  420s
 98753 46426 13345.0000   69  435 15322.0000 13345.0000  12.9%  86.1  425s
 99687 46902 13374.3716   67  394 15322.0000 13345.0000  12.9%  86.4  430s
 100416 47790 13362.6019   66  436 15322.0000 13345.0000  12.9%  86.6  436s
 102002 48218 14366.9113   78  263 15322.0000 13345.0000  12.9%  86.7  441s
 102657 48857 13345.0000   70  329 15322.0000 13345.0000  12.9%  87.1  447s
 103542 50041 15132.0000  151   14 15322.0000 13345.0000  12.9%  87.3  452s
 105558 50249 13345.0000   73  510 15322.0000 13345.0000  12.9%  87.3  456s
 105953 51824 13369.6944   74  408 15322.0000 13345.0000  12.9%  87.9  469s
 108533 53474 13616.2686   85  329 15322.0000 13345.0000  12.9%  88.7  476s
 111317 54021 13650.0000   99  199 15322.0000 13345.0000  12.9%  88.6  480s
 112167 54797 infeasible   99      15322.0000 13345.0000  12.9%  89.0  485s
 113481 55419 13420.5797   74  462 15322.0000 13345.0000  12.9%  89.3  490s
 114425 56758 14574.0000  110   74 15322.0000 13345.0000  12.9%  89.6  495s
 117565 57874 infeasible   71      15322.0000 13345.0000  12.9%  89.8  504s
 118414 58894 14463.7244  124   94 15322.0000 13345.0000  12.9%  90.1  509s
 120080 59339 13345.0000   70  479 15322.0000 13345.0000  12.9%  90.2  513s
 120781 60074 13423.2855   74  312 15322.0000 13345.0000  12.9%  90.4  520s
 121922 61638 13521.2855   68  406 15322.0000 13345.0000  12.9%  90.9  527s
 124477 62261 13353.2855   71  350 15322.0000 13345.0000  12.9%  91.3  534s
 125412 63393 14342.2539   81  268 15322.0000 13345.0000  12.9%  91.7  541s
H126577 63386                    15317.000011 13345.0000  12.9%  91.5  541s
H127263 64607                    15317.000000 13345.0000  12.9%  91.4  547s
 129500 65111 13376.4898   83  245 15317.0000 13345.0000  12.9%  91.3  552s
 130287 65683 13345.0000   67  477 15317.0000 13345.0000  12.9%  91.5  557s
 131137 67054 13603.5981   86  179 15317.0000 13345.0000  12.9%  91.7  562s
 133224 67478 infeasible   91      15317.0000 13345.0000  12.9%  91.6  567s
 133933 67981 13345.0000   78  500 15317.0000 13345.0000  12.9%  91.9  572s
 134757 68369 13345.0000   71  457 15317.0000 13345.0000  12.9%  92.2  576s
 135348 70356 13693.9754   90  277 15317.0000 13345.0000  12.9%  92.4  585s
 138547 70705 13345.0000   73  468 15317.0000 13345.0000  12.9%  92.7  590s
 139850 71569 infeasible   71      15317.0000 13345.0000  12.9%  93.4  600s
 140840 71873 13689.8420   76  268 15317.0000 13345.0000  12.9%  93.7  606s
 141405 72369 14503.5153   95  256 15317.0000 13345.0000  12.9%  94.1  612s
 142235 73092 13602.9668   83  284 15317.0000 13345.0000  12.9%  94.5  618s
 143325 73741 13539.2515   92  317 15317.0000 13345.0000  12.9%  94.9  624s
 144402 75136 14176.8138   84  217 15317.0000 13345.0000  12.9%  95.2  630s
 146609 75702 13345.0000   72  558 15317.0000 13345.0000  12.9%  95.2  636s
 147503 76553 13357.1346   73  423 15317.0000 13345.0000  12.9%  95.6  644s
 148744 77235 14112.7755  114  195 15317.0000 13345.0000  12.9%  95.8  652s
 149863 77537 13416.8771   86  382 15317.0000 13345.0000  12.9%  96.2  658s
 150431 78531 infeasible   97      15317.0000 13345.0000  12.9%  96.5  670s
 152061 79972 infeasible  110      15317.0000 13345.0000  12.9%  97.1  678s
 154628 80622 13456.9623   83  289 15317.0000 13345.0000  12.9%  97.2  685s
 155610 81265 13392.1030   79  327 15317.0000 13345.0000  12.9%  97.4  692s
 156618 81778 13345.0000   86  352 15317.0000 13345.0000  12.9%  97.8  699s
 157476 82556 infeasible   85      15317.0000 13345.0000  12.9%  98.2  706s
 158699 83711 13602.9221   83  251 15317.0000 13345.0000  12.9%  98.5  714s
 160853 84262 infeasible   73      15317.0000 13345.0000  12.9%  98.5  720s
 161720 85028 13830.1849   87  223 15317.0000 13345.0000  12.9%  98.9  727s
 162908 85487 13620.0553   90  444 15317.0000 13345.0000  12.9%  99.1  733s
 163760 86912 13605.4496   86  345 15317.0000 13345.0000  12.9%   100  740s
 165932 87378 infeasible  155      15317.0000 13345.0000  12.9%   100  745s
 166697 88102 13754.3160   99  338 15317.0000 13345.0000  12.9%   100  753s
 167942 88875 13463.7616   85  422 15317.0000 13345.0000  12.9%   100  761s
 169153 89782 13492.6825   92  299 15317.0000 13345.0000  12.9%   100  768s
 170547 90972 13435.0000   92  392 15317.0000 13345.0000  12.9%   101  775s
 172520 91460 13353.2855   76  409 15317.0000 13345.0000  12.9%   101  782s
 173389 92164 13345.0000   68  329 15317.0000 13345.0000  12.9%   101  789s
 174418 92985 14560.4724  107  110 15317.0000 13345.0000  12.9%   102  796s
 175726 93719 13345.0000   77  498 15317.0000 13345.0000  12.9%   102  803s
 176883 95013 13402.2557   89  371 15317.0000 13345.0000  12.9%   102  810s
 178989 95576 13345.0000   76  352 15317.0000 13345.0000  12.9%   102  816s
H179477 78198                    14525.000000 13345.0000  8.12%   102  817s
 179826 78550     cutoff   97      14525.0000 13345.0000  8.12%   102  824s
H180075 78454                    14521.000000 13345.0000  8.10%   103  824s
 180704 78739 13349.3276   72  301 14521.0000 13345.0000  8.10%   103  829s
 181248 79629 13453.2855   76  356 14521.0000 13345.0000  8.10%   103  841s
 182854 80252 infeasible   72      14521.0000 13345.0000  8.10%   104  851s
H183418 80197                    14519.000000 13345.0000  8.09%   104  851s
 184025 81535 13354.3237   97  318 14519.0000 13345.0000  8.09%   104  861s
 186302 81964 infeasible   92      14519.0000 13345.0000  8.09%   105  868s
 187087 82487 13353.4752   67  493 14519.0000 13345.0000  8.09%   105  876s
 188022 82980 13386.4746   69  329 14519.0000 13345.0000  8.09%   106  884s
 188961 83524 13860.7326   92  165 14519.0000 13345.0000  8.09%   106  893s
 189884 83974 infeasible   83      14519.0000 13345.0000  8.09%   107  905s
 190751 84476 14198.7279  100  261 14519.0000 13345.0000  8.09%   107  915s
 191836 85065 infeasible   87      14519.0000 13345.0000  8.09%   108  927s
 192970 85474 infeasible   79      14519.0000 13345.0000  8.09%   108  938s
 193704 85985 14372.0788  105  165 14519.0000 13345.0000  8.09%   109  951s
 194767 86661 13345.0000   81  380 14519.0000 13345.0000  8.09%   109  964s
 195949 86973 infeasible   84      14519.0000 13345.0000  8.09%   110  971s
 196494 87576 13345.0000   81  439 14519.0000 13345.0000  8.09%   110  985s
 197560 88563 13423.2513   74  394 14519.0000 13345.0000  8.09%   110 1000s
 199380 89390 13630.6324   89  252 14519.0000 13345.0000  8.09%   111 1011s
 200767 90225 13554.7098   81  337 14519.0000 13345.0000  8.09%   111 1022s
 202322 91374 13602.8039   77  347 14519.0000 13345.0000  8.09%   112 1035s
 204331 91874 13408.0000   80  265 14519.0000 13345.0000  8.09%   112 1049s
 205590 92428 13345.0000   69  476 14519.0000 13345.0000  8.09%   113 1064s
H206397 92231                    14512.000000 13345.0000  8.04%   113 1064s
 206581 92763 13354.1271   75  352 14512.0000 13345.0000  8.04%   113 1075s
H206685 92733                    14511.000000 13345.0000  8.04%   113 1075s
 207546 93227 13345.0000   75  482 14511.0000 13345.0000  8.04%   113 1086s
 208415 93733 13499.8414   79  340 14511.0000 13345.0000  8.04%   114 1098s
 209275 94356 13345.0000   74  541 14511.0000 13345.0000  8.04%   114 1109s
 210328 94963 14208.1262   76  201 14511.0000 13345.0000  8.04%   115 1120s
 211318 95224 13422.0529   77  524 14511.0000 13345.0000  8.04%   115 1128s
 211845 96124 14238.1541   94  279 14511.0000 13345.0000  8.04%   115 1144s
 213417 96858 13345.0000   75  578 14511.0000 13345.0000  8.04%   116 1158s
 214683 97781 13345.0000   69  472 14511.0000 13345.0000  8.04%   117 1171s
 216215 98405 13345.0000   66  495 14511.0000 13345.0000  8.04%   117 1186s
 217400 99139 13731.1890   78  375 14511.0000 13345.0000  8.04%   118 1200s
 218820 99968 13750.5792   85  433 14511.0000 13345.0000  8.04%   119 1214s
 220307 100635 13925.9985   94  238 14511.0000 13345.0000  8.04%   119 1227s
 221558 101295 13562.6839   80  403 14511.0000 13345.0000  8.04%   120 1240s
 222741 102120 13357.7171   81  370 14511.0000 13345.0000  8.04%   120 1253s
H222955 102120                    14510.999958 13345.0000  8.04%   120 1253s
 224190 102856 13434.1298   81  543 14511.0000 13345.0000  8.04%   121 1265s
 225514 103660 13345.0000   77  492 14511.0000 13345.0000  8.04%   121 1277s
 226993 104048 13362.4746   81  338 14511.0000 13345.0000  8.04%   122 1282s
 227711 104751 13354.6365   79  573 14511.0000 13345.0000  8.04%   122 1292s
 228925 105307 13345.0000   76  416 14511.0000 13345.0000  8.04%   122 1304s
 230148 106028 13509.7102   89  428 14511.0000 13345.0000  8.04%   123 1319s
 231592 106608 13691.7053   73  532 14511.0000 13345.0000  8.04%   123 1335s
 232777 107191 13466.3702   88  354 14511.0000 13345.0000  8.04%   124 1348s
 233951 107793 infeasible   95      14511.0000 13345.0000  8.04%   124 1360s
 235088 108420 13404.5160   74  454 14511.0000 13345.0000  8.04%   125 1373s
 236431 109006 13345.0000   69  601 14511.0000 13345.0000  8.04%   125 1386s
 237743 109337 13783.9006   91  253 14511.0000 13345.0000  8.04%   126 1397s
 238503 109945 13345.0000   68  280 14511.0000 13345.0000  8.04%   126 1410s
 239682 110563 13500.8500   76  445 14511.0000 13345.0000  8.04%   127 1423s
 241014 111218 13383.2042   70  480 14511.0000 13345.0000  8.04%   127 1435s
 242185 111565     cutoff   94      14511.0000 13345.0000  8.04%   128 1440s
 242827 112348 13744.7754   85  278 14511.0000 13345.0000  8.04%   128 1454s
 244216 112902 13814.2872   76  435 14511.0000 13345.0000  8.04%   128 1465s
 245266 113593 13562.6170   81  371 14511.0000 13345.0000  8.04%   129 1479s
H246394 113593                    14510.999885 13345.0000  8.04%   129 1479s
 246535 114223 13514.3911   86  298 14510.9999 13345.0000  8.04%   129 1492s
 247849 114966 13377.1890   80  287 14510.9999 13345.0000  8.04%   130 1504s
 249218 115700 13345.0000   72  527 14510.9999 13345.0000  8.04%   130 1516s
 250487 116277 13397.1890   81  281 14510.9999 13345.0000  8.04%   130 1528s
 251639 116957 13792.0522   89  333 14510.9999 13345.0000  8.04%   131 1540s
 253026 117652 13947.2836   85  317 14510.9999 13345.0000  8.04%   131 1551s
 254329 118293 13345.0000   66  447 14510.9999 13345.0000  8.04%   132 1562s
 255623 119041 infeasible   79      14510.9999 13345.0000  8.04%   132 1574s
 257041 119400 13626.7979   82  297 14510.9999 13345.0000  8.04%   132 1580s
 257698 120245 13461.0515   72  565 14510.9999 13345.0000  8.04%   132 1591s
 259250 120817 13345.0000   77  620 14510.9999 13345.0000  8.04%   133 1602s
 260431 121433 13366.8848   77  336 14510.9999 13345.0000  8.04%   133 1613s
 261670 122123 13391.4963   69  487 14510.9999 13345.0000  8.04%   134 1627s
 262989 122733 13524.1002   77  383 14510.9999 13345.0000  8.04%   134 1639s
 264146 123590 13648.6511   88  207 14510.9999 13345.0000  8.04%   134 1651s
 265786 124153 13438.0000   96  213 14510.9999 13345.0000  8.04%   134 1663s
 266927 124711 13651.7055   78  295 14510.9999 13345.0000  8.04%   135 1673s
 268005 125394 14044.1338   75  319 14510.9999 13345.0000  8.04%   135 1684s
 269304 125970 13498.6179   68  391 14510.9999 13345.0000  8.04%   135 1696s
 270544 126463 13356.0725   82  576 14510.9999 13345.0000  8.04%   135 1708s
 271484 126796 14417.6452   94  142 14510.9999 13345.0000  8.04%   136 1717s
 272073 127573 13345.0000   71  480 14510.9999 13345.0000  8.04%   136 1733s
 273437 128460 13358.4220   79  509 14510.9999 13345.0000  8.04%   136 1749s
 274899 129114     cutoff  103      14510.9999 13345.0000  8.04%   137 1764s
 275910 129911 13356.0009   66  404 14510.9999 13345.0000  8.04%   137 1777s
 277247 130681 14009.3545   79  277 14510.9999 13345.0000  8.04%   137 1793s
 278690 131385 13428.5972   76  377 14510.9999 13345.0000  8.04%   137 1806s
 279924 131990 13564.3921   68  511 14510.9999 13345.0000  8.04%   138 1817s
 281108 132674 13345.0000   81  419 14510.9999 13345.0000  8.04%   138 1829s
 282369 133136 13460.4092   79  336 14510.9999 13345.0000  8.04%   138 1839s
 283357 133710 13368.0563   73  273 14510.9999 13345.0000  8.04%   138 1850s
 284415 134234 infeasible  100      14510.9999 13345.0000  8.04%   139 1860s
 285418 134868 14463.3352   95  146 14510.9999 13345.0000  8.04%   139 1872s
 286823 135308 14169.0286  101  112 14510.9999 13345.0000  8.04%   139 1881s
 287657 135873 13376.6650   81  599 14510.9999 13345.0000  8.04%   139 1892s
 288978 136455 14270.6731   97  130 14510.9999 13345.0000  8.04%   140 1904s
 290088 137104 13345.0000   67  424 14510.9999 13345.0000  8.04%   140 1915s
 291166 137759 13432.8746   79  370 14510.9999 13345.0000  8.04%   140 1928s
 292429 138248 13345.0000   69  476 14510.9999 13345.0000  8.04%   140 1941s
 293314 138799 13521.8741   92  357 14510.9999 13345.0000  8.04%   141 1952s
 294278 139413 13345.0000   78  431 14510.9999 13345.0000  8.04%   141 1966s
 295429 140145 13458.4746   73  423 14510.9999 13345.0000  8.04%   141 1978s
 296632 140802 14429.4339  106   53 14510.9999 13345.0000  8.04%   141 1992s
 297833 141448 13754.5319   85  448 14510.9999 13345.0000  8.04%   142 2003s
 298885 142107 13815.1890   85  221 14510.9999 13345.0000  8.04%   142 2017s
 300050 142586     cutoff   88      14510.9999 13345.0000  8.04%   142 2030s
 300958 143199 13345.0000   62  463 14510.9999 13345.0000  8.04%   143 2044s
 302046 143568 13345.0000   72  501 14510.9999 13345.0000  8.04%   143 2052s
H302508 143568                    14510.998182 13345.0000  8.04%   143 2052s
 302619 144629 13358.3992   96  317 14510.9982 13345.0000  8.04%   143 2071s
 304461 145652 13345.0000   78  423 14510.9982 13345.0000  8.04%   144 2086s
 306216 146222 14255.8036   79  287 14510.9982 13345.0000  8.04%   144 2097s
 307226 146852 infeasible   80      14510.9982 13345.0000  8.04%   144 2110s
 308363 147608 infeasible   81      14510.9982 13345.0000  8.04%   144 2123s
 309637 148418 14395.3890   86  352 14510.9982 13345.0000  8.04%   145 2138s
 311228 149227 13358.4746   73  473 14510.9982 13345.0000  8.04%   145 2151s
 312551 150063 infeasible   83      14510.9982 13345.0000  8.04%   145 2164s
 313843 150879 13681.3348   96  302 14510.9982 13345.0000  8.04%   145 2178s
 315265 151492 13345.0000   77  571 14510.9982 13345.0000  8.04%   146 2190s
 316433 152034 13345.0000   72  526 14510.9982 13345.0000  8.04%   146 2205s
 317344 152502 13353.1890   72  431 14510.9982 13345.0000  8.04%   146 2214s
 318101 153217 14382.6230   84  119 14510.9982 13345.0000  8.04%   146 2228s
 319256 154019     cutoff   88      14510.9982 13345.0000  8.04%   146 2244s
 320629 154540 13353.1890   77  492 14510.9982 13345.0000  8.04%   147 2260s
 321735 155408 13375.2767   79  236 14510.9982 13345.0000  8.04%   147 2276s

Cutting planes:
  Learned: 274
  Gomory: 226
  Cover: 2983
  Implied bound: 771
  Projected implied bound: 35
  Clique: 212
  MIR: 949
  StrongCG: 154
  Flow cover: 3064
  GUB cover: 11
  Inf proof: 42
  Zero half: 16
  Network: 55
  RLT: 134
  Relax-and-lift: 157

Explored 323107 nodes (47611074 simplex iterations) in 2276.99 seconds (2145.29 work units)
Thread count was 8 (of 8 available processors)

Solution count 10: 14511 14511 14511 ... 15317

Solve interrupted
Best objective 1.451099818182e+04, best bound 1.334500000000e+04, gap 8.0353%

User-callback calls 1249612, time in user-callback 6.71 sec

Statistics for modelBBUP_O:
  Linear constraint matrix    : 14315 Constrs, 5774 Vars, 53171 NZs
  Variable types              : 1824 Continuous,
3950 Integer (691 Binary)
  Matrix coefficient range    : [ 1, 200 ]
  Objective coefficient range : [ 1, 384 ]
  Variable bound range        : [ 1, 199 ]
  RHS coefficient range       : [ 1, 549 ]
