
Gurobi 10.0.1 (mac64[arm]) logging started Mon Apr  8 04:10:51 2024

Set parameter LogFile to value "/Users/deniserings/Documents/zib/s-bahn-data/scripts/DeniseMA/processed/BPKW_BKRW_BSNF_O/Branching/BPKW_BKRW_BSNF_O_random0_subMBP202404072240.log"
Gurobi Optimizer version 10.0.1 build v10.0.1rc0 (mac64[arm])

CPU model: Apple M2
Thread count: 8 physical cores, 8 logical processors, using up to 8 threads

Optimize a model with 4425 rows, 2168 columns and 15777 nonzeros
Model fingerprint: 0x02754b97
Variable types: 1130 continuous, 1038 integer (66 binary)
Coefficient statistics:
  Matrix range     [1e+00, 2e+02]
  Objective range  [1e+00, 4e+02]
  Bounds range     [1e+00, 2e+02]
  RHS range        [1e+00, 5e+02]

Loaded user MIP start with objective 9798

Presolve removed 2424 rows and 1010 columns
Presolve time: 0.03s
Presolved: 2001 rows, 1158 columns, 7848 nonzeros
Found heuristic solution: objective 9797.9991610
Variable types: 478 continuous, 680 integer (680 binary)

Root relaxation: objective 9.179999e+03, 564 iterations, 0.00 seconds (0.00 work units)

    Nodes    |    Current Node    |     Objective Bounds      |     Work
 Expl Unexpl |  Obj  Depth IntInf | Incumbent    BestBd   Gap | It/Node Time

     0     0 9179.99916    0   43 9797.99916 9179.99916  6.31%     -    0s
H    0     0                    9797.9991165 9179.99916  6.31%     -    0s
     0     0 9179.99916    0   75 9797.99912 9179.99916  6.31%     -    0s
     0     0 9179.99916    0   86 9797.99912 9179.99916  6.31%     -    0s
     0     0 9179.99916    0   49 9797.99912 9179.99916  6.31%     -    0s
     0     0 9179.99916    0   63 9797.99912 9179.99916  6.31%     -    0s
     0     0 9179.99916    0   14 9797.99912 9179.99916  6.31%     -    0s
     0     0 9179.99916    0   16 9797.99912 9179.99916  6.31%     -    0s
     0     0 9187.21614    0   26 9797.99912 9187.21614  6.23%     -    0s
H    0     0                    9797.9991136 9187.21614  6.23%     -    0s
     0     0 9187.21614    0   26 9797.99911 9187.21614  6.23%     -    0s
     0     0 9187.21614    0   83 9797.99911 9187.21614  6.23%     -    0s
     0     0 9187.21614    0   82 9797.99911 9187.21614  6.23%     -    0s
     0     0 9187.21614    0   32 9797.99911 9187.21614  6.23%     -    0s
     0     0 9187.21614    0   32 9797.99911 9187.21614  6.23%     -    0s
     0     0 9187.21614    0   24 9797.99911 9187.21614  6.23%     -    0s
     0     0 9187.21614    0   78 9797.99911 9187.21614  6.23%     -    0s
     0     0 9187.21614    0   78 9797.99911 9187.21614  6.23%     -    0s
     0     0 9213.99916    0   51 9797.99911 9213.99916  5.96%     -    0s
     0     0 9214.01372    0   72 9797.99911 9214.01372  5.96%     -    0s
     0     0 9214.01372    0   74 9797.99911 9214.01372  5.96%     -    0s
     0     0 9214.01372    0   77 9797.99911 9214.01372  5.96%     -    0s
     0     0 9214.01372    0   76 9797.99911 9214.01372  5.96%     -    0s
     0     0 9214.01372    0   71 9797.99911 9214.01372  5.96%     -    0s
     0     0 9214.01372    0   71 9797.99911 9214.01372  5.96%     -    0s
     0     2 9214.01372    0   43 9797.99911 9214.01372  5.96%     -    0s
H   68    70                    9797.9990751 9242.02500  5.67%  17.4    0s
H 1694  1065                    9792.9991610 9259.99916  5.44%   9.2    0s
H 1697  1013                    9792.9991566 9259.99916  5.44%   9.2    0s
 25976  9195     cutoff   31      9792.99916 9413.99915  3.87%  14.7    5s
H29375  9281                    9792.9991555 9445.77877  3.55%  15.2    8s
H29573  8865                    9792.9991531 9445.77877  3.55%  15.3    9s
 29621  8883     cutoff   31      9792.99915 9472.78597  3.27%  15.3   10s

Cutting planes:
  Learned: 8
  Gomory: 48
  Cover: 61
  Implied bound: 12
  Clique: 5
  MIR: 25
  StrongCG: 7
  Flow cover: 134
  GUB cover: 1
  Inf proof: 5
  Zero half: 2
  Network: 2
  RLT: 7
  Relax-and-lift: 10

Explored 32987 nodes (523969 simplex iterations) in 10.99 seconds (11.31 work units)
Thread count was 8 (of 8 available processors)

Solution count 10: 9793 9793 9793 ... 9798

Optimal solution found (tolerance 1.00e-04)
Best objective 9.793000000000e+03, best bound 9.792999153067e+03, gap 0.0000%

User-callback calls 72150, time in user-callback 0.13 sec

Statistics for modelBPKW_BKRW_BSNF_O:
  Linear constraint matrix    : 4425 Constrs, 2168 Vars, 15777 NZs
  Variable types              : 1130 Continuous,
1038 Integer (66 Binary)
  Matrix coefficient range    : [ 1, 200 ]
  Objective coefficient range : [ 1, 368 ]
  Variable bound range        : [ 1, 199 ]
  RHS coefficient range       : [ 1, 549 ]

Gurobi 10.0.1 (mac64[arm]) logging started Mon Apr  8 04:11:02 2024

Set parameter LogFile to value "/Users/deniserings/Documents/zib/s-bahn-data/scripts/DeniseMA/processed/BPKW_BKRW_BSNF_O/Branching/BPKW_BKRW_BSNF_O_random0_subMBP202404072240.log"
Gurobi Optimizer version 10.0.1 build v10.0.1rc0 (mac64[arm])

CPU model: Apple M2
Thread count: 8 physical cores, 8 logical processors, using up to 8 threads

Optimize a model with 4418 rows, 2168 columns and 15770 nonzeros
Model fingerprint: 0xe5e2123b
Variable types: 1130 continuous, 1038 integer (66 binary)
Coefficient statistics:
  Matrix range     [1e+00, 2e+02]
  Objective range  [1e+00, 4e+02]
  Bounds range     [1e+00, 2e+02]
  RHS range        [1e+00, 5e+02]

Loaded user MIP start with objective 9798

Presolve removed 2438 rows and 1060 columns
Presolve time: 0.07s
Presolved: 1980 rows, 1108 columns, 7880 nonzeros
Found heuristic solution: objective 9797.9996295
Variable types: 465 continuous, 643 integer (643 binary)

Root relaxation: objective 9.180000e+03, 669 iterations, 0.01 seconds (0.01 work units)

    Nodes    |    Current Node    |     Objective Bounds      |     Work
 Expl Unexpl |  Obj  Depth IntInf | Incumbent    BestBd   Gap | It/Node Time

     0     0 9179.99963    0   32 9797.99963 9179.99963  6.31%     -    0s
H    0     0                    9797.9995819 9179.99963  6.31%     -    0s
     0     0 9187.86595    0   52 9797.99958 9187.86595  6.23%     -    0s
     0     0 9187.86595    0   62 9797.99958 9187.86595  6.23%     -    0s
     0     0 9190.19963    0   51 9797.99958 9190.19963  6.20%     -    0s
     0     0 9190.19963    0   65 9797.99958 9190.19963  6.20%     -    0s
     0     0 9190.19963    0   62 9797.99958 9190.19963  6.20%     -    0s
     0     0 9190.19963    0  100 9797.99958 9190.19963  6.20%     -    0s
     0     0 9190.19963    0   13 9797.99958 9190.19963  6.20%     -    0s
     0     0 9190.19963    0   35 9797.99958 9190.19963  6.20%     -    0s
     0     0 9190.19963    0   20 9797.99958 9190.19963  6.20%     -    0s
     0     0 9190.19963    0   22 9797.99958 9190.19963  6.20%     -    0s
     0     0 9190.19963    0   22 9797.99958 9190.19963  6.20%     -    0s
     0     0 9190.19963    0   20 9797.99958 9190.19963  6.20%     -    0s
     0     2 9190.19963    0   20 9797.99958 9190.19963  6.20%     -    0s
H  462   451                    9797.9995351 9190.19963  6.20%  14.2    0s
H  488   451                    9797.9979692 9190.19963  6.20%  14.1    0s
H 1541  1073                    9792.9996156 9213.99963  5.91%  17.4    2s
H 1544  1021                    9775.9996225 9213.99963  5.75%  17.3    2s
H 1545   971                    9775.9996156 9213.99968  5.75%  17.3    2s
H 1568   936                    9775.9995826 9217.01731  5.72%  17.1    2s
H 1575   894                    9770.9996290 9217.01731  5.67%  21.8    3s
H 1581   853                    9770.9996225 9217.01731  5.67%  21.7    3s
  1955  1090 9260.62553   64   26 9770.99962 9224.54837  5.59%  27.5    5s
H14033  6265                    9770.9996092 9237.53854  5.46%  26.1    9s
H14195  6280                    9770.9995954 9237.79021  5.46%  26.3    9s
 14207  6299 infeasible   62      9770.99960 9238.14346  5.45%  26.3   10s
 28158 12129 9645.70115   62   36 9770.99960 9272.14310  5.11%  28.4   15s
H29280 11539                    9770.9995834 9275.48433  5.07%  28.4   19s
 29282 11540 9454.51535   59  110 9770.99958 9275.48433  5.07%  28.4   20s
H29421 11060                    9770.9995441 9275.48433  5.07%  28.8   21s
H29494 10542                    9770.9995272 9275.48433  5.07%  28.8   22s
H30665 10357                    9770.9994996 9275.48433  5.07%  28.9   23s
H31824 10280                    9770.9988620 9275.48433  5.07%  29.0   23s
 36724 11627 9399.33671   81   63 9770.99886 9342.22690  4.39%  28.5   25s
 54160 15042     cutoff   81      9770.99886 9378.16374  4.02%  28.4   30s
 71242 22564 9575.56539   73   25 9770.99886 9383.89294  3.96%  28.3   35s
 88401 30975 9671.72625   91   18 9770.99886 9388.83295  3.91%  28.4   40s
 105976 39162     cutoff   78      9770.99886 9394.99963  3.85%  28.4   45s
 117767 46889 9520.66307   79   43 9770.99886 9397.77921  3.82%  28.5   50s
 139058 54921 9679.05972   77   38 9770.99886 9404.89961  3.75%  28.6   55s
 154717 61795     cutoff   88      9770.99886 9411.32140  3.68%  28.7   60s
H157602 62698                    9770.9988585 9412.50244  3.67%  28.7   61s
H158864 63404                    9770.9988446 9412.99963  3.66%  28.7   61s
H160784 64100                    9770.9987741 9413.64356  3.66%  28.7   62s
 169767 68348 9574.49658   73   63 9770.99877 9416.64356  3.63%  28.8   65s
 186352 75607 9637.99963   76   33 9770.99877 9422.70315  3.56%  28.8   70s
 201306 82125 9725.65807   82   33 9770.99877 9427.09620  3.52%  29.0   75s
 217866 89275 9478.65520   82   56 9770.99877 9431.74050  3.47%  29.0   80s
 234517 95904 9606.99963   69   17 9770.99877 9437.29658  3.42%  29.0   85s
 251238 103385 9471.49658   78   57 9770.99877 9441.79132  3.37%  29.0   90s
 267173 110102 9762.09595   96   16 9770.99877 9445.45032  3.33%  29.0   95s
 282728 116953 9529.06723   71   35 9770.99877 9449.06723  3.29%  29.0  100s
 298175 123142 9692.99962   87   22 9770.99877 9452.82268  3.26%  29.1  105s
 313677 128908 9521.77692   85   78 9770.99877 9455.72823  3.23%  29.1  110s
 326690 134014 9668.07963   86   63 9770.99877 9458.69469  3.20%  29.1  115s
 341597 140131 9550.84121   85   46 9770.99877 9460.84295  3.17%  29.1  120s
 356799 146071 9596.89022   73   80 9770.99877 9463.23588  3.15%  29.1  125s
 373108 152181 9591.86070   78   57 9770.99877 9466.99963  3.11%  29.1  130s
 386095 157458     cutoff   93      9770.99877 9468.50649  3.10%  29.1  135s
 401439 163270 9622.61063   79   28 9770.99877 9471.58786  3.06%  29.0  140s
 417305 169359     cutoff   81      9770.99877 9474.99963  3.03%  29.1  145s
 433485 175358 9630.99963   74   20 9770.99877 9478.06723  3.00%  29.0  150s
 450070 181238 infeasible   91      9770.99877 9481.05718  2.97%  29.0  155s
 466189 186925 9650.33629   75   61 9770.99877 9485.12226  2.93%  29.0  160s
 481443 192011     cutoff   78      9770.99877 9488.37155  2.89%  29.0  165s
 493895 196359 9632.70630   83   43 9770.99877 9491.61738  2.86%  29.0  170s
 511988 202550 9655.26279   89   15 9770.99877 9495.04199  2.82%  28.9  175s
 527928 208182 9666.28970   96   50 9770.99877 9498.16873  2.79%  28.9  180s

Cutting planes:
  Learned: 4
  Gomory: 193
  Cover: 550
  Implied bound: 45
  Projected implied bound: 3
  Clique: 2
  MIR: 209
  StrongCG: 14
  Flow cover: 831
  GUB cover: 4
  Inf proof: 20
  Zero half: 4
  Network: 10
  RLT: 46
  Relax-and-lift: 39
  BQP: 1

Explored 529080 nodes (15293379 simplex iterations) in 180.09 seconds (231.20 work units)
Thread count was 8 (of 8 available processors)

Solution count 10: 9771 9771 9771 ... 9771

Solve interrupted
Best objective 9.770998774127e+03, best bound 9.498418623402e+03, gap 2.7897%

User-callback calls 1111298, time in user-callback 1.91 sec

Statistics for modelBPKW_BKRW_BSNF_O:
  Linear constraint matrix    : 4418 Constrs, 2168 Vars, 15770 NZs
  Variable types              : 1130 Continuous,
1038 Integer (66 Binary)
  Matrix coefficient range    : [ 1, 200 ]
  Objective coefficient range : [ 1, 368 ]
  Variable bound range        : [ 1, 199 ]
  RHS coefficient range       : [ 1, 549 ]

Gurobi 10.0.1 (mac64[arm]) logging started Mon Apr  8 04:14:03 2024

Set parameter LogFile to value "/Users/deniserings/Documents/zib/s-bahn-data/scripts/DeniseMA/processed/BPKW_BKRW_BSNF_O/Branching/BPKW_BKRW_BSNF_O_random0_subMBP202404072240.log"
Gurobi Optimizer version 10.0.1 build v10.0.1rc0 (mac64[arm])

CPU model: Apple M2
Thread count: 8 physical cores, 8 logical processors, using up to 8 threads

Optimize a model with 4415 rows, 2168 columns and 15767 nonzeros
Model fingerprint: 0xed48d778
Variable types: 1130 continuous, 1038 integer (66 binary)
Coefficient statistics:
  Matrix range     [1e+00, 2e+02]
  Objective range  [1e+00, 4e+02]
  Bounds range     [1e+00, 2e+02]
  RHS range        [1e+00, 5e+02]

Loaded user MIP start with objective 9798

Presolve removed 2347 rows and 1010 columns
Presolve time: 0.05s
Presolved: 2068 rows, 1158 columns, 8557 nonzeros
Found heuristic solution: objective 9797.9996474
Variable types: 499 continuous, 659 integer (659 binary)

Root relaxation: objective 9.180000e+03, 737 iterations, 0.01 seconds (0.01 work units)

    Nodes    |    Current Node    |     Objective Bounds      |     Work
 Expl Unexpl |  Obj  Depth IntInf | Incumbent    BestBd   Gap | It/Node Time

     0     0 9179.99965    0   46 9797.99965 9179.99965  6.31%     -    0s
H    0     0                    9797.9996459 9179.99965  6.31%     -    0s
     0     0 9188.07353    0   73 9797.99965 9188.07353  6.23%     -    0s
H    0     0                    9797.9996430 9188.07353  6.23%     -    0s
     0     0 9188.07353    0   73 9797.99964 9188.07353  6.23%     -    0s
     0     0 9190.19965    0   92 9797.99964 9190.19965  6.20%     -    0s
     0     0 9190.19965    0   85 9797.99964 9190.19965  6.20%     -    0s
     0     0 9190.19965    0   72 9797.99964 9190.19965  6.20%     -    0s
H    0     0                    9797.9996415 9190.19965  6.20%     -    0s
     0     0 9190.19965    0   58 9797.99964 9190.19965  6.20%     -    0s
     0     0 9190.19965    0   20 9797.99964 9190.19965  6.20%     -    0s
H    0     0                    9797.9996000 9190.19965  6.20%     -    0s
     0     0 9190.19965    0   51 9797.99960 9190.19965  6.20%     -    0s
     0     0 9190.19965    0   13 9797.99960 9190.19965  6.20%     -    0s
     0     0 9190.19965    0   30 9797.99960 9190.19965  6.20%     -    0s
     0     0 9190.19965    0   10 9797.99960 9190.19965  6.20%     -    0s
     0     0 9190.19965    0   10 9797.99960 9190.19965  6.20%     -    0s
     0     0 9190.19965    0   11 9797.99960 9190.19965  6.20%     -    0s
     0     0 9190.19965    0   15 9797.99960 9190.19965  6.20%     -    0s
H    0     0                    9797.9995042 9190.19965  6.20%     -    0s
     0     0 9190.19965    0   21 9797.99950 9190.19965  6.20%     -    0s
     0     0 9190.19965    0   16 9797.99950 9190.19965  6.20%     -    0s
     0     2 9190.19965    0   16 9797.99950 9190.19965  6.20%     -    0s
H  393   405                    9792.9996430 9190.19965  6.16%  19.1    0s
H  425   528                    9792.9996000 9190.19965  6.16%  18.6    0s
H  451   528                    9792.9995189 9190.19965  6.16%  19.1    0s
H 2162  1620                    9785.9996459 9213.99965  5.85%  24.7    3s
H 3256  1985                    9785.9996424 9213.99965  5.85%  24.8    3s
  5199  2614 9691.63510   69   40 9785.99964 9214.65698  5.84%  24.4    5s
H 7732  4086                    9770.9996459 9217.32563  5.67%  24.1    6s
 20054 11633 9244.50402   50   54 9770.99965 9224.37562  5.59%  23.4   10s
 29228 16958 9255.69109   48   16 9770.99965 9229.19970  5.54%  24.1   15s
H29460 16257                    9770.9996060 9229.19970  5.54%  24.4   17s
 34485 18014 9381.10054   52   38 9770.99961 9230.35276  5.53%  25.3   20s
 54783 24988 9696.99965   89   30 9770.99961 9263.99106  5.19%  25.9   25s
 80018 32288 9452.11605   65   48 9770.99961 9301.52672  4.80%  25.6   30s
 104256 46026 9522.13912   76   52 9770.99961 9344.02784  4.37%  25.5   35s
 125482 57694 9412.43951   58   63 9770.99961 9366.09059  4.14%  25.3   40s
 146170 69754 9726.99965   92   27 9770.99961 9374.80641  4.05%  25.5   45s
 169291 83928     cutoff   67      9770.99961 9381.12703  3.99%  25.5   50s
 192297 98321 9489.20820   73   28 9770.99961 9385.27507  3.95%  25.5   55s
 211521 109137 9564.71965   82   29 9770.99961 9389.04163  3.91%  25.4   60s
 232508 120775 9748.31457   68   50 9770.99961 9392.33680  3.88%  25.5   65s
 250454 130364 9438.40550   58  120 9770.99961 9394.62221  3.85%  25.7   70s
 271345 142597     cutoff   71      9770.99961 9396.62694  3.83%  25.7   75s
 290378 153499 9749.06599   89   46 9770.99961 9397.88564  3.82%  25.7   80s
 307169 163258 9531.76606   65   44 9770.99961 9398.80996  3.81%  25.8   85s
 328070 175631 9676.54446   81   39 9770.99961 9400.25511  3.79%  25.8   90s
 346908 185823 9668.99965   85   14 9770.99961 9401.69570  3.78%  25.9   95s
 366439 196718 9657.99965   64   32 9770.99961 9403.24832  3.76%  26.0  100s
 382305 205579     cutoff   61      9770.99961 9404.70402  3.75%  26.1  105s
 400660 215122 9559.87291   72   70 9770.99961 9406.70833  3.73%  26.2  110s
 418030 224858 9436.58402   68   58 9770.99961 9408.89523  3.71%  26.3  115s
 437275 234922 9659.77255   77   36 9770.99961 9410.72022  3.69%  26.4  120s
 455734 245973 9469.99964   86   13 9770.99961 9411.51826  3.68%  26.5  125s
 472748 255763 9588.99964   83   39 9770.99961 9411.70617  3.68%  26.6  130s
 489807 265228 9431.51826   63   45 9770.99961 9411.96900  3.67%  26.7  135s
 505941 274159 infeasible   72      9770.99961 9412.49984  3.67%  26.8  140s
 522621 284305 9678.93061   87   65 9770.99961 9412.49984  3.67%  26.9  145s
 539942 293213 9451.21908   65   43 9770.99961 9412.74660  3.67%  27.0  150s
 552395 300738 9451.11047   70   50 9770.99961 9413.01406  3.66%  27.1  155s
 567312 308789 9413.61118   62   66 9770.99961 9413.36964  3.66%  27.1  160s
 585993 318893 9677.86497   72   45 9770.99961 9413.84961  3.66%  27.2  165s
 604155 329028 9607.93783   81   66 9770.99961 9414.44519  3.65%  27.2  170s
 620802 337644 9634.74108   72   30 9770.99961 9414.94981  3.64%  27.2  175s
 636977 345120 9653.33046   76   44 9770.99961 9415.45365  3.64%  27.3  180s

Cutting planes:
  Learned: 4
  Gomory: 212
  Cover: 748
  Implied bound: 37
  Projected implied bound: 2
  Clique: 1
  MIR: 202
  StrongCG: 10
  Flow cover: 857
  GUB cover: 3
  Inf proof: 21
  Network: 9
  RLT: 40
  Relax-and-lift: 22

Explored 638230 nodes (17426020 simplex iterations) in 180.06 seconds (229.27 work units)
Thread count was 8 (of 8 available processors)

Solution count 10: 9771 9771 9786 ... 9798

Solve interrupted
Best objective 9.770999606055e+03, best bound 9.415453646629e+03, gap 3.6388%

User-callback calls 1328080, time in user-callback 2.20 sec

Statistics for modelBPKW_BKRW_BSNF_O:
  Linear constraint matrix    : 4415 Constrs, 2168 Vars, 15767 NZs
  Variable types              : 1130 Continuous,
1038 Integer (66 Binary)
  Matrix coefficient range    : [ 1, 200 ]
  Objective coefficient range : [ 1, 368 ]
  Variable bound range        : [ 1, 199 ]
  RHS coefficient range       : [ 1, 549 ]

Gurobi 10.0.1 (mac64[arm]) logging started Mon Apr  8 04:17:03 2024

Set parameter LogFile to value "/Users/deniserings/Documents/zib/s-bahn-data/scripts/DeniseMA/processed/BPKW_BKRW_BSNF_O/Branching/BPKW_BKRW_BSNF_O_random0_subMBP202404072240.log"
Gurobi Optimizer version 10.0.1 build v10.0.1rc0 (mac64[arm])

CPU model: Apple M2
Thread count: 8 physical cores, 8 logical processors, using up to 8 threads

Optimize a model with 4413 rows, 2168 columns and 15765 nonzeros
Model fingerprint: 0xa3b40e65
Variable types: 1130 continuous, 1038 integer (66 binary)
Coefficient statistics:
  Matrix range     [1e+00, 2e+02]
  Objective range  [1e+00, 4e+02]
  Bounds range     [1e+00, 2e+02]
  RHS range        [1e+00, 5e+02]

Loaded user MIP start with objective 9798

Presolve removed 2333 rows and 1001 columns
Presolve time: 0.07s
Presolved: 2080 rows, 1167 columns, 8599 nonzeros
Found heuristic solution: objective 9797.9995902
Variable types: 506 continuous, 661 integer (661 binary)

Root relaxation: objective 9.180000e+03, 772 iterations, 0.01 seconds (0.01 work units)

    Nodes    |    Current Node    |     Objective Bounds      |     Work
 Expl Unexpl |  Obj  Depth IntInf | Incumbent    BestBd   Gap | It/Node Time

     0     0 9179.99959    0   36 9797.99959 9179.99959  6.31%     -    0s
H    0     0                    9797.9995457 9179.99959  6.31%     -    0s
H    0     0                    9797.9995444 9179.99959  6.31%     -    0s
     0     0 9188.07347    0   58 9797.99954 9188.07347  6.23%     -    0s
     0     0 9188.07347    0   65 9797.99954 9188.07347  6.23%     -    0s
     0     0 9190.19959    0   67 9797.99954 9190.19959  6.20%     -    0s
     0     0 9190.19959    0   65 9797.99954 9190.19959  6.20%     -    0s
H    0     0                    9797.9995429 9190.19959  6.20%     -    0s
     0     0 9190.19959    0   51 9797.99954 9190.19959  6.20%     -    0s
     0     0 9190.19959    0   51 9797.99954 9190.19959  6.20%     -    0s
     0     0 9190.19959    0   18 9797.99954 9190.19959  6.20%     -    0s
     0     0 9190.19959    0   34 9797.99954 9190.19959  6.20%     -    0s
     0     0 9190.19959    0   18 9797.99954 9190.19959  6.20%     -    0s
     0     0 9190.19959    0   22 9797.99954 9190.19959  6.20%     -    0s
     0     0 9190.19959    0   23 9797.99954 9190.19959  6.20%     -    0s
     0     0 9190.19959    0   23 9797.99954 9190.19959  6.20%     -    0s
     0     2 9190.19959    0   19 9797.99954 9190.19959  6.20%     -    0s
H  640   585                    9792.9995429 9190.19959  6.16%  20.4    0s
H  641   585                    9792.9995131 9190.19959  6.16%  20.4    0s
H 1670  1244                    9792.9995043 9213.99959  5.91%  18.7    2s
H 1733  1226                    9792.9995023 9213.99959  5.91%  26.2    2s
H 1841  1244                    9792.9995007 9213.99959  5.91%  26.6    3s
H 2742  1562                    9785.9995895 9213.99959  5.85%  26.2    3s
H 4501  2076                    9785.9995872 9213.99959  5.85%  25.3    4s
  5740  2809 9682.95636   48   68 9785.99959 9214.01172  5.84%  25.7    5s
H 6520  3382                    9785.9995710 9214.01172  5.84%  25.7    5s
H 8613  4862                    9785.9994764 9215.05298  5.83%  25.7    6s
H 8686  4869                    9785.9994487 9215.05298  5.83%  25.7    6s
H12395  7350                    9785.9994447 9218.38193  5.80%  26.2    8s
H13598  8027                    9785.9994313 9219.65921  5.79%  26.5    8s
 17670 10957     cutoff   67      9785.99943 9222.51155  5.76%  26.6   10s
 29622 18089 9500.56055   52   23 9785.99943 9233.99959  5.64%  27.0   15s
H29801 17299                    9770.9995887 9234.12994  5.49%  27.3   17s
H29855 16462                    9770.9995346 9234.12994  5.49%  27.3   17s
H30932 16046                    9770.9992177 9261.62302  5.21%  27.2   18s
 35599 17570     cutoff   64      9770.99922 9357.42316  4.23%  27.1   20s
 52679 22404 9556.76339   57   47 9770.99922 9373.17578  4.07%  27.9   25s
 71888 27347 9638.99959   79   37 9770.99922 9377.34434  4.03%  27.5   30s
 94113 40096 9663.37517   72   64 9770.99922 9380.14481  4.00%  27.3   35s
 113493 51413 infeasible  104      9770.99922 9380.37765  4.00%  27.3   40s
 132878 62102 9755.99959   81   16 9770.99922 9380.59549  4.00%  27.2   45s
 152277 73089 9768.66321   71   51 9770.99922 9381.10124  3.99%  27.4   50s
 170787 82888 9401.91649   60   85 9770.99922 9382.24782  3.98%  27.7   55s
 186770 91220 9479.03557   62   92 9770.99922 9384.55774  3.95%  28.0   60s
 204570 100852 9531.99959   67   28 9770.99922 9386.76456  3.93%  28.1   65s
 222486 110569     cutoff   69      9770.99922 9389.76808  3.90%  28.2   70s
 242013 121871 9690.20414   96   36 9770.99922 9391.46610  3.88%  28.4   75s
 261003 132448 9431.61969   70   64 9770.99922 9392.41527  3.87%  28.5   80s
 278110 142498 9512.28408   70   44 9770.99922 9393.99959  3.86%  28.6   85s
 297968 153023 9701.99681   86   33 9770.99922 9394.99959  3.85%  28.6   90s
 314933 162344 9421.08248   65   35 9770.99922 9395.67959  3.84%  28.6   95s
 332871 172396 9505.48740   63   39 9770.99922 9396.22390  3.84%  28.8  100s
 351096 182812 9471.99959   71   52 9770.99922 9396.61559  3.83%  28.9  105s
 367744 191367 9720.18827   73   43 9770.99922 9397.23408  3.83%  29.0  110s
 382361 198968 infeasible   70      9770.99922 9398.02630  3.82%  29.1  115s
 398648 207256 9645.49859   71   33 9770.99922 9399.11464  3.81%  29.2  120s
 415034 215663 9486.27142   67   60 9770.99922 9399.99959  3.80%  29.3  125s
 433704 226469 9692.35970   80   60 9770.99922 9400.13891  3.80%  29.3  130s
 449096 233950     cutoff   95      9770.99922 9400.38740  3.79%  29.5  135s
 465895 242723 9524.99959   95   27 9770.99922 9400.67959  3.79%  29.6  140s
 480266 250102 9455.99959   71   94 9770.99922 9401.12101  3.79%  29.6  145s
 496049 258370 9412.16351   73   58 9770.99922 9401.57475  3.78%  29.7  150s
 514102 268316 9541.89992   76   68 9770.99922 9402.09367  3.78%  29.7  155s
 529770 277314 9440.20683   64   36 9770.99922 9402.38537  3.77%  29.8  160s
 546176 285625 9629.59959   59   56 9770.99922 9403.05297  3.77%  29.8  165s
 561133 293192 9513.27295   73   40 9770.99922 9403.84586  3.76%  29.9  170s
 576583 301102 9706.37236   73   64 9770.99922 9404.41686  3.75%  29.9  175s
 593307 309547 9521.87729   55   31 9770.99922 9405.34709  3.74%  30.0  180s

Cutting planes:
  Learned: 4
  Gomory: 206
  Cover: 587
  Implied bound: 35
  Projected implied bound: 1
  Clique: 4
  MIR: 177
  StrongCG: 10
  Flow cover: 845
  GUB cover: 1
  Inf proof: 28
  Zero half: 1
  Network: 3
  RLT: 41
  Relax-and-lift: 13

Explored 594683 nodes (17812664 simplex iterations) in 180.36 seconds (228.63 work units)
Thread count was 8 (of 8 available processors)

Solution count 10: 9771 9771 9771 ... 9786

Solve interrupted
Best objective 9.770999217735e+03, best bound 9.405376569085e+03, gap 3.7419%

User-callback calls 1246325, time in user-callback 2.03 sec

Statistics for modelBPKW_BKRW_BSNF_O:
  Linear constraint matrix    : 4413 Constrs, 2168 Vars, 15765 NZs
  Variable types              : 1130 Continuous,
1038 Integer (66 Binary)
  Matrix coefficient range    : [ 1, 200 ]
  Objective coefficient range : [ 1, 368 ]
  Variable bound range        : [ 1, 199 ]
  RHS coefficient range       : [ 1, 549 ]
