
Gurobi 10.0.1 (mac64[arm]) logging started Mon Apr  8 04:20:03 2024

Set parameter LogFile to value "/Users/deniserings/Documents/zib/s-bahn-data/scripts/DeniseMA/processed/BPKW_BKRW_BSNF_O/Branching/BPKW_BKRW_BSNF_O_random1_subMBP202404072240.log"
Gurobi Optimizer version 10.0.1 build v10.0.1rc0 (mac64[arm])

CPU model: Apple M2
Thread count: 8 physical cores, 8 logical processors, using up to 8 threads

Optimize a model with 4425 rows, 2168 columns and 15777 nonzeros
Model fingerprint: 0xdeaf8ae9
Variable types: 1130 continuous, 1038 integer (66 binary)
Coefficient statistics:
  Matrix range     [1e+00, 2e+02]
  Objective range  [1e+00, 4e+02]
  Bounds range     [1e+00, 2e+02]
  RHS range        [1e+00, 5e+02]

Loaded user MIP start with objective 9798

Presolve removed 2424 rows and 1010 columns
Presolve time: 0.04s
Presolved: 2001 rows, 1158 columns, 7848 nonzeros
Found heuristic solution: objective 9797.9991610
Variable types: 478 continuous, 680 integer (680 binary)

Root relaxation: objective 9.179999e+03, 564 iterations, 0.00 seconds (0.00 work units)

    Nodes    |    Current Node    |     Objective Bounds      |     Work
 Expl Unexpl |  Obj  Depth IntInf | Incumbent    BestBd   Gap | It/Node Time

     0     0 9179.99916    0   43 9797.99916 9179.99916  6.31%     -    0s
H    0     0                    9797.9991165 9179.99916  6.31%     -    0s
     0     0 9179.99916    0   75 9797.99912 9179.99916  6.31%     -    0s
     0     0 9179.99916    0   86 9797.99912 9179.99916  6.31%     -    0s
     0     0 9179.99916    0   49 9797.99912 9179.99916  6.31%     -    0s
     0     0 9179.99916    0   63 9797.99912 9179.99916  6.31%     -    0s
     0     0 9179.99916    0   14 9797.99912 9179.99916  6.31%     -    0s
     0     0 9179.99916    0   16 9797.99912 9179.99916  6.31%     -    0s
     0     0 9187.21614    0   26 9797.99912 9187.21614  6.23%     -    0s
H    0     0                    9797.9991136 9187.21614  6.23%     -    0s
     0     0 9187.21614    0   26 9797.99911 9187.21614  6.23%     -    0s
     0     0 9187.21614    0   83 9797.99911 9187.21614  6.23%     -    0s
     0     0 9187.21614    0   82 9797.99911 9187.21614  6.23%     -    0s
     0     0 9187.21614    0   32 9797.99911 9187.21614  6.23%     -    0s
     0     0 9187.21614    0   32 9797.99911 9187.21614  6.23%     -    0s
     0     0 9187.21614    0   24 9797.99911 9187.21614  6.23%     -    0s
     0     0 9187.21614    0   78 9797.99911 9187.21614  6.23%     -    0s
     0     0 9187.21614    0   78 9797.99911 9187.21614  6.23%     -    0s
     0     0 9213.99916    0   51 9797.99911 9213.99916  5.96%     -    0s
     0     0 9214.01372    0   72 9797.99911 9214.01372  5.96%     -    0s
     0     0 9214.01372    0   74 9797.99911 9214.01372  5.96%     -    0s
     0     0 9214.01372    0   77 9797.99911 9214.01372  5.96%     -    0s
     0     0 9214.01372    0   76 9797.99911 9214.01372  5.96%     -    0s
     0     0 9214.01372    0   71 9797.99911 9214.01372  5.96%     -    0s
     0     0 9214.01372    0   71 9797.99911 9214.01372  5.96%     -    0s
     0     2 9214.01372    0   43 9797.99911 9214.01372  5.96%     -    0s
H   68    70                    9797.9990751 9242.02500  5.67%  17.4    0s
H 1694  1065                    9792.9991610 9259.99916  5.44%   9.2    0s
H 1697  1013                    9792.9991566 9259.99916  5.44%   9.2    0s
 26641  9372 9614.17106   36   10 9792.99916 9419.99916  3.81%  14.9    5s
H29375  9281                    9792.9991555 9445.77877  3.55%  15.2    8s
H29573  8865                    9792.9991531 9445.77877  3.55%  15.3    9s
 30370  8863     cutoff   48      9792.99915 9572.99916  2.25%  15.4   10s

Cutting planes:
  Learned: 8
  Gomory: 48
  Cover: 61
  Implied bound: 12
  Clique: 5
  MIR: 25
  StrongCG: 7
  Flow cover: 134
  GUB cover: 1
  Inf proof: 5
  Zero half: 2
  Network: 2
  RLT: 7
  Relax-and-lift: 10

Explored 32987 nodes (523969 simplex iterations) in 10.62 seconds (11.31 work units)
Thread count was 8 (of 8 available processors)

Solution count 10: 9793 9793 9793 ... 9798

Optimal solution found (tolerance 1.00e-04)
Best objective 9.793000000000e+03, best bound 9.792999153067e+03, gap 0.0000%

User-callback calls 72064, time in user-callback 0.13 sec

Statistics for modelBPKW_BKRW_BSNF_O:
  Linear constraint matrix    : 4425 Constrs, 2168 Vars, 15777 NZs
  Variable types              : 1130 Continuous,
1038 Integer (66 Binary)
  Matrix coefficient range    : [ 1, 200 ]
  Objective coefficient range : [ 1, 368 ]
  Variable bound range        : [ 1, 199 ]
  RHS coefficient range       : [ 1, 549 ]

Gurobi 10.0.1 (mac64[arm]) logging started Mon Apr  8 04:20:14 2024

Set parameter LogFile to value "/Users/deniserings/Documents/zib/s-bahn-data/scripts/DeniseMA/processed/BPKW_BKRW_BSNF_O/Branching/BPKW_BKRW_BSNF_O_random1_subMBP202404072240.log"
Gurobi Optimizer version 10.0.1 build v10.0.1rc0 (mac64[arm])

CPU model: Apple M2
Thread count: 8 physical cores, 8 logical processors, using up to 8 threads

Optimize a model with 4418 rows, 2168 columns and 15770 nonzeros
Model fingerprint: 0x7599f323
Variable types: 1130 continuous, 1038 integer (66 binary)
Coefficient statistics:
  Matrix range     [1e+00, 2e+02]
  Objective range  [1e+00, 4e+02]
  Bounds range     [1e+00, 2e+02]
  RHS range        [1e+00, 5e+02]

Loaded user MIP start with objective 9798

Presolve removed 2209 rows and 904 columns
Presolve time: 0.08s
Presolved: 2209 rows, 1264 columns, 8865 nonzeros
Found heuristic solution: objective 9797.9990019
Variable types: 544 continuous, 720 integer (720 binary)

Root relaxation: objective 8.799999e+03, 766 iterations, 0.01 seconds (0.01 work units)

    Nodes    |    Current Node    |     Objective Bounds      |     Work
 Expl Unexpl |  Obj  Depth IntInf | Incumbent    BestBd   Gap | It/Node Time

     0     0 8799.99900    0   55 9797.99900 8799.99900  10.2%     -    0s
     0     0 8799.99900    0   94 9797.99900 8799.99900  10.2%     -    0s
H    0     0                    9797.9989142 8799.99900  10.2%     -    0s
     0     0 8830.99900    0   76 9797.99891 8830.99900  9.87%     -    0s
H    0     0                    9797.9989121 8887.60303  9.29%     -    0s
     0     0 8927.60303    0   33 9797.99891 8927.60303  8.88%     -    0s
H    0     0                    9797.9988691 8927.60303  8.88%     -    0s
     0     0 8927.60303    0   40 9797.99887 8927.60303  8.88%     -    0s
     0     0 8927.60303    0   66 9797.99887 8927.60303  8.88%     -    0s
     0     0 8927.60303    0   64 9797.99887 8927.60303  8.88%     -    0s
     0     0 8927.60303    0   43 9797.99887 8927.60303  8.88%     -    0s
     0     0 8927.60303    0   38 9797.99887 8927.60303  8.88%     -    0s
     0     0 9179.99900    0   48 9797.99887 9179.99900  6.31%     -    0s
     0     0 9180.60303    0   89 9797.99887 9180.60303  6.30%     -    0s
     0     0 9180.60303    0   49 9797.99887 9180.60303  6.30%     -    0s
     0     0 9180.60303    0   45 9797.99887 9180.60303  6.30%     -    0s
     0     0 9180.60303    0   43 9797.99887 9180.60303  6.30%     -    0s
     0     0 9180.60303    0   19 9797.99887 9180.60303  6.30%     -    0s
     0     0 9180.60303    0   23 9797.99887 9180.60303  6.30%     -    0s
     0     0 9180.60303    0   13 9797.99887 9180.60303  6.30%     -    0s
     0     0 9180.60303    0   17 9797.99887 9180.60303  6.30%     -    0s
     0     0 9180.60303    0   11 9797.99887 9180.60303  6.30%     -    0s
     0     0 9180.60303    0   11 9797.99887 9180.60303  6.30%     -    0s
     0     0 9180.60303    0   11 9797.99887 9180.60303  6.30%     -    0s
     0     0 9180.60303    0   11 9797.99887 9180.60303  6.30%     -    0s
     0     2 9180.60303    0    9 9797.99887 9180.60303  6.30%     -    0s
H 1049   843                    9792.9988691 9180.60303  6.25%  18.1    1s
H 2357  1476                    9776.9989142 9208.08116  5.82%  23.3    2s
H 3033  1557                    9773.9989142 9208.10383  5.79%  24.3    2s
H 3894  1686                    9770.9989142 9210.68359  5.73%  23.9    3s
  8958  4380 9242.02710   28   81 9770.99891 9217.94165  5.66%  24.9    5s
 24536 13004     cutoff   30      9770.99891 9234.58424  5.49%  25.6   10s
 29435 14610 9470.35871   22  104 9770.99891 9239.49917  5.44%  26.0   15s
H29448 13887                    9770.9978653 9239.49917  5.44%  26.0   16s
 37614 15840 9708.91417   61   37 9770.99787 9381.18303  3.99%  26.5   20s
 53052 17299 9733.43445   58   34 9770.99787 9396.59178  3.83%  26.8   25s
 70147 17794 9484.99900   50   30 9770.99787 9412.61945  3.67%  26.9   30s
 85944 22577 9722.44400   54   49 9770.99787 9435.17330  3.44%  27.1   35s
 101837 26989     cutoff   54      9770.99787 9459.32647  3.19%  27.3   40s
 117445 31217 9693.52900   39   63 9770.99787 9483.29879  2.94%  27.4   45s
 132439 34252 9736.62526   60   31 9770.99787 9515.59480  2.61%  27.6   50s
 147705 36212 9684.79769   41   86 9770.99787 9553.95380  2.22%  27.9   55s
 163236 40366 9653.79791   49   50 9770.99787 9572.31727  2.03%  27.8   60s
 177101 44184 9619.87870   57   27 9770.99787 9578.99900  1.96%  27.8   65s
 194438 50651 9631.65284   44   61 9770.99787 9579.43445  1.96%  27.7   70s
 209767 55602 9625.55386   36   54 9770.99787 9583.99900  1.91%  27.7   75s
 225385 61048 9622.08192   53   62 9770.99787 9586.14551  1.89%  27.7   80s
 239108 65238 9630.40956   54   54 9770.99787 9588.46714  1.87%  27.7   85s
H249759 68226                    9770.9978191 9589.48490  1.86%  27.6   88s
 254600 69560 9736.99900   57   32 9770.99782 9590.42635  1.85%  27.6   90s
 271162 74081 9739.64568   39   48 9770.99782 9593.93792  1.81%  27.6   95s
 286409 79046 9709.57871   60   35 9770.99782 9596.69324  1.78%  27.5  100s
 301767 83306 9767.37990   58   16 9770.99782 9598.27797  1.77%  27.4  105s
 315805 87581 9652.10414   59   30 9770.99782 9599.76365  1.75%  27.5  110s
 330515 91177     cutoff   75      9770.99782 9601.80745  1.73%  27.5  115s
 345011 95330 9636.03152   71   25 9770.99782 9603.25779  1.72%  27.5  120s
 358285 99170 9643.99900   53   21 9770.99782 9604.36937  1.71%  27.5  125s
 373887 103311 9701.75079   51   43 9770.99782 9606.15693  1.69%  27.6  130s
 388549 106620     cutoff   57      9770.99782 9607.41805  1.67%  27.6  135s
 402777 110764 infeasible   49      9770.99782 9608.97815  1.66%  27.6  140s
 415785 113664     cutoff   50      9770.99782 9610.31489  1.64%  27.6  145s
 429980 116899 9707.99900   62   44 9770.99782 9611.68428  1.63%  27.6  150s
 443510 120000     cutoff   59      9770.99782 9612.99900  1.62%  27.7  155s
 458266 123484 9722.89576   74   38 9770.99782 9614.43445  1.60%  27.7  160s
 470633 125963 infeasible   68      9770.99782 9615.10332  1.60%  27.7  165s
 485535 129167     cutoff   59      9770.99782 9616.41992  1.58%  27.8  170s
 499579 132007 9669.59869   58   67 9770.99782 9617.81919  1.57%  27.8  175s
 510643 134748 9673.87670   48   38 9770.99782 9618.78646  1.56%  27.8  180s

Cutting planes:
  Learned: 8
  Gomory: 199
  Cover: 768
  Implied bound: 49
  Clique: 6
  MIR: 203
  StrongCG: 9
  Flow cover: 821
  GUB cover: 4
  Inf proof: 48
  Zero half: 2
  Network: 9
  RLT: 44
  Relax-and-lift: 44
  BQP: 1

Explored 512562 nodes (14253533 simplex iterations) in 180.41 seconds (230.32 work units)
Thread count was 8 (of 8 available processors)

Solution count 10: 9771 9771 9771 ... 9798

Solve interrupted
Best objective 9.770997819106e+03, best bound 9.619114242995e+03, gap 1.5544%

User-callback calls 1071948, time in user-callback 1.79 sec

Statistics for modelBPKW_BKRW_BSNF_O:
  Linear constraint matrix    : 4418 Constrs, 2168 Vars, 15770 NZs
  Variable types              : 1130 Continuous,
1038 Integer (66 Binary)
  Matrix coefficient range    : [ 1, 200 ]
  Objective coefficient range : [ 1, 368 ]
  Variable bound range        : [ 1, 199 ]
  RHS coefficient range       : [ 1, 549 ]

Gurobi 10.0.1 (mac64[arm]) logging started Mon Apr  8 04:23:14 2024

Set parameter LogFile to value "/Users/deniserings/Documents/zib/s-bahn-data/scripts/DeniseMA/processed/BPKW_BKRW_BSNF_O/Branching/BPKW_BKRW_BSNF_O_random1_subMBP202404072240.log"
Gurobi Optimizer version 10.0.1 build v10.0.1rc0 (mac64[arm])

CPU model: Apple M2
Thread count: 8 physical cores, 8 logical processors, using up to 8 threads

Optimize a model with 4415 rows, 2168 columns and 15767 nonzeros
Model fingerprint: 0xea7164b5
Variable types: 1130 continuous, 1038 integer (66 binary)
Coefficient statistics:
  Matrix range     [1e+00, 2e+02]
  Objective range  [1e+00, 4e+02]
  Bounds range     [1e+00, 2e+02]
  RHS range        [1e+00, 5e+02]

Loaded user MIP start with objective 9798

Presolve removed 2167 rows and 883 columns
Presolve time: 0.08s
Presolved: 2248 rows, 1285 columns, 9097 nonzeros
Found heuristic solution: objective 9797.9990019
Variable types: 560 continuous, 725 integer (725 binary)

Root relaxation: objective 8.799999e+03, 831 iterations, 0.01 seconds (0.01 work units)

    Nodes    |    Current Node    |     Objective Bounds      |     Work
 Expl Unexpl |  Obj  Depth IntInf | Incumbent    BestBd   Gap | It/Node Time

     0     0 8799.99900    0   51 9797.99900 8799.99900  10.2%     -    0s
H    0     0                    9797.9989989 8815.01123  10.0%     -    0s
     0     0 8831.99900    0  113 9797.99900 8831.99900  9.86%     -    0s
     0     0 9021.99900    0  108 9797.99900 9021.99900  7.92%     -    0s
     0     0 9021.99900    0   63 9797.99900 9021.99900  7.92%     -    0s
     0     0 9021.99900    0   62 9797.99900 9021.99900  7.92%     -    0s
     0     0 9021.99900    0   61 9797.99900 9021.99900  7.92%     -    0s
     0     0 9021.99900    0   62 9797.99900 9021.99900  7.92%     -    0s
H    0     0                    9797.9989558 9021.99900  7.92%     -    0s
     0     0 9021.99900    0   24 9797.99896 9021.99900  7.92%     -    0s
H    0     0                    9797.9989201 9021.99900  7.92%     -    0s
     0     0 9179.99900    0   21 9797.99892 9179.99900  6.31%     -    0s
     0     0 9187.19900    0   69 9797.99892 9187.19900  6.23%     -    0s
     0     0 9187.19900    0   54 9797.99892 9187.19900  6.23%     -    0s
     0     0 9187.19900    0   59 9797.99892 9187.19900  6.23%     -    0s
     0     0 9188.07831    0   54 9797.99892 9188.07831  6.22%     -    0s
     0     0 9188.07831    0   17 9797.99892 9188.07831  6.22%     -    0s
     0     0 9188.07831    0   41 9797.99892 9188.07831  6.22%     -    0s
     0     0 9188.07831    0   29 9797.99892 9188.07831  6.22%     -    0s
     0     0 9188.07831    0   29 9797.99892 9188.07831  6.22%     -    0s
     0     0 9188.07831    0   14 9797.99892 9188.07831  6.22%     -    0s
     0     0 9188.07831    0   22 9797.99892 9188.07831  6.22%     -    0s
     0     0 9188.07831    0   11 9797.99892 9188.07831  6.22%     -    0s
     0     0 9188.07831    0   14 9797.99892 9188.07831  6.22%     -    0s
     0     0 9188.07831    0   10 9797.99892 9188.07831  6.22%     -    0s
     0     0 9188.07831    0   13 9797.99892 9188.07831  6.22%     -    0s
     0     0 9188.07831    0    8 9797.99892 9188.07831  6.22%     -    0s
     0     0 9188.07831    0    8 9797.99892 9188.07831  6.22%     -    0s
     0     0 9188.07831    0   10 9797.99892 9188.07831  6.22%     -    0s
     0     0 9188.07831    0    9 9797.99892 9188.07831  6.22%     -    0s
     0     2 9188.07831    0    9 9797.99892 9188.07831  6.22%     -    0s
H 1661  1283                    9792.9990009 9193.08362  6.13%  20.0    1s
H11980  6698                    9792.9989478 9215.98379  5.89%  21.7    4s
H12083  6667                    9785.9990009 9215.98379  5.82%  21.7    4s
 12922  7543 9229.93998   27   44 9785.99900 9216.51043  5.82%  22.2    5s
H20617 11487                    9770.9990009 9218.85099  5.65%  23.6    7s
 27044 15172 9227.13158   24   64 9770.99900 9221.83762  5.62%  24.2   10s
H29781 15300                    9770.9989949 9224.07444  5.60%  24.3   13s
H29787 14539                    9770.9989880 9224.07444  5.60%  24.3   13s
 29805 14551 9725.99900   47   81 9770.99899 9224.07444  5.60%  24.3   15s
H29948 13919                    9770.9989792 9224.38950  5.59%  24.7   17s
H30189 13282                    9770.9989258 9224.38950  5.59%  24.8   17s
H31212 12931                    9770.9988254 9224.61696  5.59%  24.9   18s
H31219 12304                    9770.9987799 9224.61696  5.59%  24.9   18s
H32261 12005                    9770.9987510 9225.67984  5.58%  25.2   18s
 34721 12758 9680.44704   50   57 9770.99875 9230.14505  5.54%  25.4   20s
 49517 14258 9749.67825   54   32 9770.99875 9299.47866  4.83%  26.7   25s
 65656 16160 9420.23466   43   60 9770.99875 9377.07428  4.03%  27.8   30s
 81326 23127 9653.08914   55   58 9770.99875 9385.94542  3.94%  28.8   35s
 95637 28909 9426.30797   44   73 9770.99875 9395.99900  3.84%  29.2   40s
 108201 33425 9418.26807   47   90 9770.99875 9401.95614  3.78%  29.8   45s
 122388 38183 9414.85850   38   86 9770.99875 9407.49900  3.72%  30.2   50s
 135120 42418 9738.87190   52   74 9770.99875 9410.66115  3.69%  30.7   55s
 148384 46740 9706.39186   46   86 9770.99875 9416.21371  3.63%  31.0   60s
 160932 50736 9461.76063   47   60 9770.99875 9421.36282  3.58%  31.3   65s
 172950 54232 9693.56115   55   46 9770.99875 9425.68891  3.53%  31.6   70s
 185938 57579     cutoff   50      9770.99875 9431.41888  3.48%  31.8   75s
 198247 61095 9688.12544   37   77 9770.99875 9437.57208  3.41%  31.9   80s
 211339 64949 9443.99900   57   25 9770.99875 9443.99900  3.35%  32.0   85s
 223726 68651     cutoff   50      9770.99875 9448.20510  3.30%  32.2   90s
 236227 71909 9702.38988   57   56 9770.99875 9452.74794  3.26%  32.3   95s
 248089 75279 9708.06597   39   51 9770.99875 9457.41029  3.21%  32.4  100s
 260133 78056 9515.91129   54   56 9770.99875 9462.73861  3.15%  32.6  105s
 272776 81608 9601.16143   44   96 9770.99875 9467.73361  3.10%  32.8  110s
 283954 84514     cutoff   59      9770.99875 9472.04031  3.06%  32.9  115s
 296497 87149 infeasible   71      9770.99875 9477.60178  3.00%  33.0  120s
 307176 89433 9733.63748   45   66 9770.99875 9483.23834  2.95%  33.1  125s
 317819 91887 9582.27595   45   43 9770.99875 9488.44345  2.89%  33.2  130s
 329874 94566 infeasible   48      9770.99875 9492.88789  2.85%  33.3  135s
 341793 96724     cutoff   45      9770.99875 9499.06034  2.78%  33.4  140s
 353096 98755 9506.03205   51   73 9770.99875 9505.94922  2.71%  33.5  145s
 364958 100803 9740.99900   45   33 9770.99875 9513.45717  2.64%  33.6  150s
 376029 102391 9694.37128   43   37 9770.99875 9522.06271  2.55%  33.7  155s
 388474 104238     cutoff   45      9770.99875 9532.35797  2.44%  33.9  160s
 398671 105529 9735.78655   65   22 9770.99875 9541.77287  2.35%  34.0  165s
 411073 106779     cutoff   55      9770.99875 9554.22176  2.22%  34.1  170s
 422537 108814 9735.14439   50   77 9770.99875 9563.11011  2.13%  34.2  175s
 434381 111933 9737.89169   56   38 9770.99875 9568.67077  2.07%  34.2  180s

Cutting planes:
  Learned: 11
  Gomory: 148
  Cover: 572
  Implied bound: 67
  Projected implied bound: 1
  MIR: 232
  StrongCG: 9
  Flow cover: 855
  Inf proof: 28
  Zero half: 2
  Network: 6
  RLT: 34
  Relax-and-lift: 28

Explored 435401 nodes (14882608 simplex iterations) in 180.43 seconds (245.39 work units)
Thread count was 8 (of 8 available processors)

Solution count 10: 9771 9771 9771 ... 9793

Solve interrupted
Best objective 9.770998751042e+03, best bound 9.569305355902e+03, gap 2.0642%

User-callback calls 915522, time in user-callback 1.55 sec

Statistics for modelBPKW_BKRW_BSNF_O:
  Linear constraint matrix    : 4415 Constrs, 2168 Vars, 15767 NZs
  Variable types              : 1130 Continuous,
1038 Integer (66 Binary)
  Matrix coefficient range    : [ 1, 200 ]
  Objective coefficient range : [ 1, 368 ]
  Variable bound range        : [ 1, 199 ]
  RHS coefficient range       : [ 1, 549 ]

Gurobi 10.0.1 (mac64[arm]) logging started Mon Apr  8 04:26:15 2024

Set parameter LogFile to value "/Users/deniserings/Documents/zib/s-bahn-data/scripts/DeniseMA/processed/BPKW_BKRW_BSNF_O/Branching/BPKW_BKRW_BSNF_O_random1_subMBP202404072240.log"
Gurobi Optimizer version 10.0.1 build v10.0.1rc0 (mac64[arm])

CPU model: Apple M2
Thread count: 8 physical cores, 8 logical processors, using up to 8 threads

Optimize a model with 4413 rows, 2168 columns and 15765 nonzeros
Model fingerprint: 0xfbcd2f89
Variable types: 1130 continuous, 1038 integer (66 binary)
Coefficient statistics:
  Matrix range     [1e+00, 2e+02]
  Objective range  [1e+00, 4e+02]
  Bounds range     [1e+00, 2e+02]
  RHS range        [1e+00, 5e+02]

Loaded user MIP start with objective 9798

Presolve removed 2376 rows and 1029 columns
Presolve time: 0.08s
Presolved: 2037 rows, 1139 columns, 8310 nonzeros
Found heuristic solution: objective 9797.9996480
Variable types: 487 continuous, 652 integer (652 binary)

Root relaxation: objective 9.180000e+03, 686 iterations, 0.01 seconds (0.01 work units)

    Nodes    |    Current Node    |     Objective Bounds      |     Work
 Expl Unexpl |  Obj  Depth IntInf | Incumbent    BestBd   Gap | It/Node Time

     0     0 9179.99965    0   36 9797.99965 9179.99965  6.31%     -    0s
H    0     0                    9797.9996005 9179.99965  6.31%     -    0s
     0     0 9179.99965    0   67 9797.99960 9179.99965  6.31%     -    0s
     0     0 9179.99965    0   66 9797.99960 9179.99965  6.31%     -    0s
     0     0 9195.29965    0   46 9797.99960 9195.29965  6.15%     -    0s
     0     0 9195.29965    0   54 9797.99960 9195.29965  6.15%     -    0s
     0     0 9195.29965    0   66 9797.99960 9195.29965  6.15%     -    0s
     0     0 9195.29965    0   81 9797.99960 9195.29965  6.15%     -    0s
     0     0 9195.29965    0   70 9797.99960 9195.29965  6.15%     -    0s
     0     0 9195.29965    0   69 9797.99960 9195.29965  6.15%     -    0s
     0     0 9195.29965    0   21 9797.99960 9195.29965  6.15%     -    0s
     0     0 9195.29965    0   27 9797.99960 9195.29965  6.15%     -    0s
     0     0 9195.29965    0   18 9797.99960 9195.29965  6.15%     -    0s
     0     0 9195.29965    0   23 9797.99960 9195.29965  6.15%     -    0s
     0     0 9195.29965    0   22 9797.99960 9195.29965  6.15%     -    0s
     0     0 9195.29965    0   18 9797.99960 9195.29965  6.15%     -    0s
     0     0 9195.29965    0   20 9797.99960 9195.29965  6.15%     -    0s
     0     0 9195.29965    0   17 9797.99960 9195.29965  6.15%     -    0s
     0     2 9195.29965    0   16 9797.99960 9195.29965  6.15%     -    0s
H  436   454                    9797.9995849 9195.29965  6.15%  24.9    0s
H  833   727                    9792.9996005 9195.29965  6.10%  24.0    0s
  1910  1441 9236.06336   61   17 9792.99960 9214.51532  5.91%  34.7    5s
H 6761  3370                    9785.9996471 9218.85279  5.80%  29.6    7s
H 6767  3379                    9785.9996459 9218.85279  5.80%  29.6    7s
 14895  8125 9533.99744   63   43 9785.99965 9226.43310  5.72%  29.1   10s
 29557 15829 9689.99964   73   17 9785.99965 9239.09352  5.59%  28.6   17s
 29586 15848 9702.99965   81   89 9785.99965 9239.09352  5.59%  28.5   20s
H29719 15142                    9785.9996052 9239.09352  5.59%  29.1   22s
 35092 16857 9629.99965   77   25 9785.99961 9361.14599  4.34%  29.1   25s
H42722 17732                    9776.9996476 9365.29267  4.21%  29.7   27s
H42797 16969                    9770.9996471 9365.29267  4.15%  29.7   28s
H43940 16594                    9770.9996137 9366.17340  4.14%  29.8   28s
H45252 16143                    9770.9995993 9367.19928  4.13%  29.8   29s
H46444 15822                    9770.9994327 9367.78034  4.13%  29.8   29s
 46781 16108 9540.39716   83   17 9770.99943 9367.84281  4.13%  29.8   30s
 60922 18251 9447.05057   59   70 9770.99943 9375.17584  4.05%  30.0   35s
 77761 25770 9476.18775   89   32 9770.99943 9375.75856  4.05%  30.0   40s
 93485 32243 9719.56062   82   41 9770.99943 9376.68577  4.04%  30.3   45s
 108108 38366 9731.95420   79   40 9770.99943 9377.46442  4.03%  30.7   50s
 122500 43715 9423.02854   72   30 9770.99943 9378.24011  4.02%  31.0   55s
 135238 48930 9383.29977   77   61 9770.99943 9379.45861  4.01%  31.2   60s
 148936 54931 9399.03599   69   64 9770.99943 9380.23367  4.00%  31.5   65s
 163422 61089 9400.41187   71   48 9770.99943 9380.67335  3.99%  31.7   70s
 175624 65988 9399.99965   74   28 9770.99943 9381.15270  3.99%  31.9   75s
 188268 70903     cutoff   85      9770.99943 9381.66631  3.98%  32.1   80s
 200248 75644 9502.10506   71   57 9770.99943 9382.10506  3.98%  32.3   85s
 213164 80875 9417.02376   73   72 9770.99943 9382.63290  3.97%  32.3   90s
 226399 85967 9694.84306   83   56 9770.99943 9383.53289  3.97%  32.3   95s
 239966 90911 9494.17596   86   44 9770.99943 9384.16896  3.96%  32.3  100s
 251663 95296 9486.99965   73   59 9770.99943 9385.11264  3.95%  32.3  105s
 264884 100262 9735.03058   93   19 9770.99943 9386.10929  3.94%  32.4  110s
H266556 100711                    9770.9993605 9386.19814  3.94%  32.5  110s
H268948 101416                    9770.9993292 9386.31422  3.94%  32.5  111s
 276271 104645 9430.76725   83   47 9770.99933 9387.11440  3.93%  32.6  115s
 288505 109069 9464.62858   73   59 9770.99933 9387.85183  3.92%  32.7  120s
 300302 113842     cutoff   76      9770.99933 9388.53101  3.91%  32.9  125s
H309897 117373                    9770.9993052 9389.18615  3.91%  32.9  128s
H310136 117373                    9770.9992952 9389.18615  3.91%  32.9  128s
 313014 118765 9424.45692   79   37 9770.99930 9389.41438  3.91%  33.0  130s
 326159 124007     cutoff   74      9770.99930 9390.37869  3.90%  33.1  135s
 340379 129103     cutoff   88      9770.99930 9391.14708  3.89%  33.1  140s
 352361 133798     cutoff   86      9770.99930 9392.00530  3.88%  33.1  145s
 364604 138495 9710.98257   77   45 9770.99930 9392.84386  3.87%  33.2  150s
 378487 143433     cutoff   95      9770.99930 9394.00511  3.86%  33.2  155s
H382156 145018                    9770.9992480 9394.04155  3.86%  33.2  156s
 390324 148118 9616.65892   85   57 9770.99925 9394.37906  3.85%  33.2  160s
 403068 152531 9413.29883   67   56 9770.99925 9394.75785  3.85%  33.1  165s
 414708 156449 infeasible   84      9770.99925 9394.99965  3.85%  33.3  170s
 423950 159874 9597.00493   72  112 9770.99925 9395.03186  3.85%  33.6  175s
 436631 163664 9631.50417   75   45 9770.99925 9395.15039  3.85%  33.8  180s

Cutting planes:
  Learned: 7
  Gomory: 204
  Cover: 582
  Implied bound: 47
  Clique: 1
  MIR: 229
  StrongCG: 11
  Flow cover: 944
  GUB cover: 3
  Inf proof: 37
  Zero half: 2
  Mod-K: 1
  Network: 1
  RLT: 38
  Relax-and-lift: 38
  BQP: 1

Explored 437964 nodes (14814457 simplex iterations) in 180.57 seconds (234.40 work units)
Thread count was 8 (of 8 available processors)

Solution count 10: 9771 9771 9771 ... 9777

Solve interrupted
Best objective 9.770999248097e+03, best bound 9.395150387268e+03, gap 3.8466%

User-callback calls 928082, time in user-callback 1.55 sec

Statistics for modelBPKW_BKRW_BSNF_O:
  Linear constraint matrix    : 4413 Constrs, 2168 Vars, 15765 NZs
  Variable types              : 1130 Continuous,
1038 Integer (66 Binary)
  Matrix coefficient range    : [ 1, 200 ]
  Objective coefficient range : [ 1, 368 ]
  Variable bound range        : [ 1, 199 ]
  RHS coefficient range       : [ 1, 549 ]
