
Gurobi 10.0.1 (mac64[arm]) logging started Mon Apr  8 04:38:30 2024

Set parameter LogFile to value "/Users/deniserings/Documents/zib/s-bahn-data/scripts/DeniseMA/processed/BPKW_BKRW_BSNF_O/Branching/BPKW_BKRW_BSNF_O_random3_subMBP202404072240.log"
Gurobi Optimizer version 10.0.1 build v10.0.1rc0 (mac64[arm])

CPU model: Apple M2
Thread count: 8 physical cores, 8 logical processors, using up to 8 threads

Optimize a model with 4425 rows, 2168 columns and 15777 nonzeros
Model fingerprint: 0x5237322e
Variable types: 1130 continuous, 1038 integer (66 binary)
Coefficient statistics:
  Matrix range     [1e+00, 2e+02]
  Objective range  [1e+00, 4e+02]
  Bounds range     [1e+00, 2e+02]
  RHS range        [1e+00, 5e+02]

Loaded user MIP start with objective 9798

Presolve removed 2424 rows and 1010 columns
Presolve time: 0.03s
Presolved: 2001 rows, 1158 columns, 7848 nonzeros
Found heuristic solution: objective 9797.9991610
Variable types: 478 continuous, 680 integer (680 binary)

Root relaxation: objective 9.179999e+03, 564 iterations, 0.00 seconds (0.00 work units)

    Nodes    |    Current Node    |     Objective Bounds      |     Work
 Expl Unexpl |  Obj  Depth IntInf | Incumbent    BestBd   Gap | It/Node Time

     0     0 9179.99916    0   43 9797.99916 9179.99916  6.31%     -    0s
H    0     0                    9797.9991165 9179.99916  6.31%     -    0s
     0     0 9179.99916    0   75 9797.99912 9179.99916  6.31%     -    0s
     0     0 9179.99916    0   86 9797.99912 9179.99916  6.31%     -    0s
     0     0 9179.99916    0   49 9797.99912 9179.99916  6.31%     -    0s
     0     0 9179.99916    0   63 9797.99912 9179.99916  6.31%     -    0s
     0     0 9179.99916    0   14 9797.99912 9179.99916  6.31%     -    0s
     0     0 9179.99916    0   16 9797.99912 9179.99916  6.31%     -    0s
     0     0 9187.21614    0   26 9797.99912 9187.21614  6.23%     -    0s
H    0     0                    9797.9991136 9187.21614  6.23%     -    0s
     0     0 9187.21614    0   26 9797.99911 9187.21614  6.23%     -    0s
     0     0 9187.21614    0   83 9797.99911 9187.21614  6.23%     -    0s
     0     0 9187.21614    0   82 9797.99911 9187.21614  6.23%     -    0s
     0     0 9187.21614    0   32 9797.99911 9187.21614  6.23%     -    0s
     0     0 9187.21614    0   32 9797.99911 9187.21614  6.23%     -    0s
     0     0 9187.21614    0   24 9797.99911 9187.21614  6.23%     -    0s
     0     0 9187.21614    0   78 9797.99911 9187.21614  6.23%     -    0s
     0     0 9187.21614    0   78 9797.99911 9187.21614  6.23%     -    0s
     0     0 9213.99916    0   51 9797.99911 9213.99916  5.96%     -    0s
     0     0 9214.01372    0   72 9797.99911 9214.01372  5.96%     -    0s
     0     0 9214.01372    0   74 9797.99911 9214.01372  5.96%     -    0s
     0     0 9214.01372    0   77 9797.99911 9214.01372  5.96%     -    0s
     0     0 9214.01372    0   76 9797.99911 9214.01372  5.96%     -    0s
     0     0 9214.01372    0   71 9797.99911 9214.01372  5.96%     -    0s
     0     0 9214.01372    0   71 9797.99911 9214.01372  5.96%     -    0s
     0     2 9214.01372    0   43 9797.99911 9214.01372  5.96%     -    0s
H   68    70                    9797.9990751 9242.02500  5.67%  17.4    0s
H 1694  1065                    9792.9991610 9259.99916  5.44%   9.2    0s
H 1697  1013                    9792.9991566 9259.99916  5.44%   9.2    0s
 25976  9195     cutoff   31      9792.99916 9413.99915  3.87%  14.7    5s
H29375  9281                    9792.9991555 9445.77877  3.55%  15.2    9s
 29452  9314 9528.99916   29   31 9792.99916 9445.77877  3.55%  15.3   10s
H29573  8865                    9792.9991531 9445.77877  3.55%  15.3   10s

Cutting planes:
  Learned: 8
  Gomory: 48
  Cover: 61
  Implied bound: 12
  Clique: 5
  MIR: 25
  StrongCG: 7
  Flow cover: 134
  GUB cover: 1
  Inf proof: 5
  Zero half: 2
  Network: 2
  RLT: 7
  Relax-and-lift: 10

Explored 32987 nodes (523969 simplex iterations) in 11.07 seconds (11.31 work units)
Thread count was 8 (of 8 available processors)

Solution count 10: 9793 9793 9793 ... 9798

Optimal solution found (tolerance 1.00e-04)
Best objective 9.793000000000e+03, best bound 9.792999153067e+03, gap 0.0000%

User-callback calls 72185, time in user-callback 0.12 sec

Statistics for modelBPKW_BKRW_BSNF_O:
  Linear constraint matrix    : 4425 Constrs, 2168 Vars, 15777 NZs
  Variable types              : 1130 Continuous,
1038 Integer (66 Binary)
  Matrix coefficient range    : [ 1, 200 ]
  Objective coefficient range : [ 1, 368 ]
  Variable bound range        : [ 1, 199 ]
  RHS coefficient range       : [ 1, 549 ]

Gurobi 10.0.1 (mac64[arm]) logging started Mon Apr  8 04:38:41 2024

Set parameter LogFile to value "/Users/deniserings/Documents/zib/s-bahn-data/scripts/DeniseMA/processed/BPKW_BKRW_BSNF_O/Branching/BPKW_BKRW_BSNF_O_random3_subMBP202404072240.log"
Gurobi Optimizer version 10.0.1 build v10.0.1rc0 (mac64[arm])

CPU model: Apple M2
Thread count: 8 physical cores, 8 logical processors, using up to 8 threads

Optimize a model with 4418 rows, 2168 columns and 15770 nonzeros
Model fingerprint: 0xe52e4c36
Variable types: 1130 continuous, 1038 integer (66 binary)
Coefficient statistics:
  Matrix range     [1e+00, 2e+02]
  Objective range  [1e+00, 4e+02]
  Bounds range     [1e+00, 2e+02]
  RHS range        [1e+00, 5e+02]

Loaded user MIP start with objective 9798

Presolve removed 2437 rows and 1036 columns
Presolve time: 0.06s
Presolved: 1981 rows, 1132 columns, 8151 nonzeros
Found heuristic solution: objective 9797.9996295
Variable types: 481 continuous, 651 integer (651 binary)

Root relaxation: objective 9.180000e+03, 696 iterations, 0.01 seconds (0.01 work units)

    Nodes    |    Current Node    |     Objective Bounds      |     Work
 Expl Unexpl |  Obj  Depth IntInf | Incumbent    BestBd   Gap | It/Node Time

     0     0 9179.99963    0   35 9797.99963 9179.99963  6.31%     -    0s
H    0     0                    9797.9995865 9179.99963  6.31%     -    0s
     0     0 9179.99963    0   68 9797.99959 9179.99963  6.31%     -    0s
     0     0 9179.99963    0   65 9797.99959 9179.99963  6.31%     -    0s
     0     0 9179.99963    0   29 9797.99959 9179.99963  6.31%     -    0s
     0     0 9179.99963    0   42 9797.99959 9179.99963  6.31%     -    0s
     0     0 9179.99963    0   26 9797.99959 9179.99963  6.31%     -    0s
H    0     0                    9797.9995819 9179.99963  6.31%     -    0s
     0     0 9179.99963    0   32 9797.99958 9179.99963  6.31%     -    0s
     0     0 9179.99963    0   41 9797.99958 9179.99963  6.31%     -    0s
     0     0 9179.99963    0   54 9797.99958 9179.99963  6.31%     -    0s
     0     0 9179.99963    0   30 9797.99958 9179.99963  6.31%     -    0s
     0     0 9179.99963    0   34 9797.99958 9179.99963  6.31%     -    0s
     0     0 9179.99963    0   24 9797.99958 9179.99963  6.31%     -    0s
     0     0 9179.99963    0   24 9797.99958 9179.99963  6.31%     -    0s
     0     2 9179.99963    0   24 9797.99958 9179.99963  6.31%     -    0s
H  445   414                    9797.9995357 9179.99963  6.31%  17.4    0s
H 1023   861                    9790.9995819 9179.99963  6.24%  17.0    0s
H 2893  1827                    9786.9996179 9313.99962  4.83%  24.3    4s
H 3392  1873                    9785.9996269 9313.99962  4.82%  24.4    4s
* 4372  2038              88    9785.9996179 9313.99962  4.82%  24.3    4s
  5547  2371 9325.19405   67   23 9785.99962 9313.99962  4.82%  25.1    5s
H 6140  2596                    9785.9996167 9313.99962  4.82%  25.3    5s
 23336 10679     cutoff   63      9785.99962 9330.96845  4.65%  29.7   10s
 29470 13623 9386.03176   82  107 9785.99962 9334.05922  4.62%  29.4   15s
H29478 12946                    9785.9995897 9334.05922  4.62%  29.4   16s
H29496 12309                    9785.9995772 9334.05922  4.62%  29.4   18s
H29620 11776                    9785.9995384 9334.05922  4.62%  29.7   18s
 32494 12690 9486.94517   76   46 9785.99954 9343.99963  4.52%  29.4   20s
 55816 17656 infeasible  103      9785.99954 9399.06165  3.95%  26.9   25s
H83612 27786                    9785.9995360 9458.06166  3.35%  25.1   29s
 83648 28161 9596.23963   73   37 9785.99954 9458.06166  3.35%  25.1   30s
H85742 28804                    9785.9992544 9458.16373  3.35%  25.0   30s
 106042 39674 9494.99962   86   22 9785.99925 9474.99962  3.18%  25.3   35s
 125682 50106 9503.99962   72   44 9785.99925 9474.99962  3.18%  26.2   40s
 145129 60486     cutoff  107      9785.99925 9474.99962  3.18%  27.2   45s
 163713 71275 9495.49962   88   50 9785.99925 9474.99962  3.18%  27.8   50s
 183428 81602 9604.06270   83   41 9785.99925 9474.99962  3.18%  28.3   55s
 200545 90457 9685.78961   89   50 9785.99925 9474.99962  3.18%  28.7   60s
 219196 99614 9548.99962   93   42 9785.99925 9474.99962  3.18%  29.1   65s
 236935 108518     cutoff  105      9785.99925 9474.99962  3.18%  29.6   70s
 254823 117661 9566.99962   89   54 9785.99925 9474.99962  3.18%  30.1   75s
 272303 126527 infeasible  106      9785.99925 9474.99962  3.18%  30.4   80s
 288681 134642 9506.99962   84   42 9785.99925 9474.99962  3.18%  30.6   85s
 305104 143004 9760.99962   87   46 9785.99925 9474.99962  3.18%  31.0   90s
 320442 150861     cutoff   84      9785.99925 9474.99962  3.18%  31.3   95s
 337005 158505 9684.29523   70   59 9785.99925 9474.99962  3.18%  31.6  100s
 352972 165943 9476.08390   91   65 9785.99925 9474.99962  3.18%  31.9  105s
H360159 169064                    9785.9992197 9474.99962  3.18%  32.0  107s
 368876 173589 9495.07509   89   60 9785.99922 9474.99962  3.18%  32.1  110s
 385749 181726 9746.99961   97   52 9785.99922 9474.99962  3.18%  32.3  115s
 402199 190118 9525.99961  103   25 9785.99922 9474.99962  3.18%  32.5  120s
 416828 197303 9674.90875   81   62 9785.99922 9474.99962  3.18%  32.7  125s
 430860 203983 9495.01689   87   52 9785.99922 9474.99962  3.18%  32.9  130s
 446119 210748     cutoff  105      9785.99922 9474.99962  3.18%  33.0  135s
 459270 217119 9526.99961   86   44 9785.99922 9474.99962  3.18%  33.2  140s
 474039 223893 9566.99962   80   41 9785.99922 9474.99962  3.18%  33.4  145s
 487459 230059     cutoff   84      9785.99922 9474.99962  3.18%  33.5  150s
 502458 237078     cutoff  103      9785.99922 9474.99962  3.18%  33.6  155s
 516431 243354     cutoff   74      9785.99922 9474.99962  3.18%  33.7  160s
 530122 249833 9704.08924   89   81 9785.99922 9474.99962  3.18%  33.8  165s
H542043 254633                    9785.9991849 9474.99962  3.18%  33.9  169s
 544592 256329 9657.15962   83   59 9785.99918 9474.99962  3.18%  33.9  170s
 558103 262449     cutoff   87      9785.99918 9474.99962  3.18%  34.0  175s
 571291 268801 9524.15274   88   56 9785.99918 9474.99962  3.18%  34.1  180s

Cutting planes:
  Gomory: 123
  Cover: 528
  Implied bound: 14
  Clique: 3
  MIR: 105
  StrongCG: 7
  Flow cover: 436
  GUB cover: 3
  Inf proof: 53
  Zero half: 1
  Network: 5
  RLT: 27
  Relax-and-lift: 23

Explored 572466 nodes (19527226 simplex iterations) in 180.03 seconds (229.48 work units)
Thread count was 8 (of 8 available processors)

Solution count 10: 9786 9786 9786 ... 9786

Solve interrupted
Best objective 9.785999183025e+03, best bound 9.474999617792e+03, gap 3.1780%

User-callback calls 1198447, time in user-callback 1.95 sec

Statistics for modelBPKW_BKRW_BSNF_O:
  Linear constraint matrix    : 4418 Constrs, 2168 Vars, 15770 NZs
  Variable types              : 1130 Continuous,
1038 Integer (66 Binary)
  Matrix coefficient range    : [ 1, 200 ]
  Objective coefficient range : [ 1, 368 ]
  Variable bound range        : [ 1, 199 ]
  RHS coefficient range       : [ 1, 549 ]

Gurobi 10.0.1 (mac64[arm]) logging started Mon Apr  8 04:41:41 2024

Set parameter LogFile to value "/Users/deniserings/Documents/zib/s-bahn-data/scripts/DeniseMA/processed/BPKW_BKRW_BSNF_O/Branching/BPKW_BKRW_BSNF_O_random3_subMBP202404072240.log"
Gurobi Optimizer version 10.0.1 build v10.0.1rc0 (mac64[arm])

CPU model: Apple M2
Thread count: 8 physical cores, 8 logical processors, using up to 8 threads

Optimize a model with 4415 rows, 2168 columns and 15767 nonzeros
Model fingerprint: 0x5f41587d
Variable types: 1130 continuous, 1038 integer (66 binary)
Coefficient statistics:
  Matrix range     [1e+00, 2e+02]
  Objective range  [1e+00, 4e+02]
  Bounds range     [1e+00, 2e+02]
  RHS range        [1e+00, 5e+02]

Loaded user MIP start with objective 9798

Presolve removed 2355 rows and 1014 columns
Presolve time: 0.07s
Presolved: 2060 rows, 1154 columns, 8543 nonzeros
Found heuristic solution: objective 9797.9996460
Variable types: 495 continuous, 659 integer (659 binary)

Root relaxation: objective 9.180000e+03, 742 iterations, 0.01 seconds (0.01 work units)

    Nodes    |    Current Node    |     Objective Bounds      |     Work
 Expl Unexpl |  Obj  Depth IntInf | Incumbent    BestBd   Gap | It/Node Time

     0     0 9179.99965    0   24 9797.99965 9179.99965  6.31%     -    0s
     0     0 9179.99965    0   69 9797.99965 9179.99965  6.31%     -    0s
     0     0 9179.99965    0   67 9797.99965 9179.99965  6.31%     -    0s
H    0     0                    9797.9996407 9179.99965  6.31%     -    0s
     0     0 9179.99965    0   71 9797.99964 9179.99965  6.31%     -    0s
H    0     0                    9797.9996021 9180.85679  6.30%     -    0s
     0     0 9181.70914    0   32 9797.99960 9181.70914  6.29%     -    0s
     0     0 9181.70914    0   36 9797.99960 9181.70914  6.29%     -    0s
     0     0 9181.70914    0   73 9797.99960 9181.70914  6.29%     -    0s
     0     0 9181.70914    0   71 9797.99960 9181.70914  6.29%     -    0s
     0     0 9181.70914    0   61 9797.99960 9181.70914  6.29%     -    0s
     0     0 9181.70914    0   59 9797.99960 9181.70914  6.29%     -    0s
H    0     0                    9797.9996001 9181.70914  6.29%     -    0s
     0     0 9181.70914    0   22 9797.99960 9181.70914  6.29%     -    0s
     0     0 9181.70914    0   26 9797.99960 9181.70914  6.29%     -    0s
     0     0 9181.70914    0   32 9797.99960 9181.70914  6.29%     -    0s
     0     0 9181.70914    0   29 9797.99960 9181.70914  6.29%     -    0s
     0     0 9181.70914    0   23 9797.99960 9181.70914  6.29%     -    0s
     0     0 9181.70914    0   21 9797.99960 9181.70914  6.29%     -    0s
     0     2 9181.70914    0   18 9797.99960 9181.70914  6.29%     -    0s
H  408   493                    9797.9995590 9181.70914  6.29%  25.1    0s
H  559   594                    9797.9995501 9181.70914  6.29%  22.5    0s
H  719   701                    9792.9996001 9181.70914  6.24%  21.5    0s
H 2113  1566                    9776.9996451 9214.00320  5.76%  31.4    4s
H 2671  1743                    9770.9996451 9214.00320  5.70%  29.0    4s
  2728  1814 9700.99965   95    5 9770.99965 9214.00320  5.70%  28.9    5s
H 3584  2056                    9770.9996343 9214.00320  5.70%  27.7    5s
H 3593  1990                    9770.9996274 9214.00320  5.70%  27.7    5s
H 4732  2289                    9770.9994491 9214.10286  5.70%  28.3    5s
 17467 10242 9600.23885   67   31 9770.99945 9227.90793  5.56%  26.3   10s
 29728 17406 9644.99965   91   21 9770.99945 9236.00808  5.48%  25.7   15s
 29770 17434 9419.76987   62  102 9770.99945 9236.00808  5.48%  25.7   20s
 45109 22838 9445.99965   61   30 9770.99945 9322.12864  4.59%  26.0   25s
 70256 28013 9671.99964   67   44 9770.99945 9388.23338  3.92%  25.1   30s
 89510 34649 9636.55723   67   80 9770.99945 9405.22883  3.74%  25.4   35s
 108437 44575     cutoff   86      9770.99945 9411.51826  3.68%  26.0   40s
 128991 54717     cutoff   88      9770.99945 9412.37284  3.67%  26.5   45s
 146796 64615     cutoff  114      9770.99945 9415.99965  3.63%  27.0   50s
 164350 74573 9696.03189   67   39 9770.99945 9416.41109  3.63%  27.4   55s
 182028 83933 9671.99964  111   32 9770.99945 9416.51895  3.63%  27.8   60s
 200211 94021 9682.99964   78   57 9770.99945 9416.56557  3.63%  28.1   65s
H214408 101233                    9770.9993996 9416.80206  3.62%  28.1   68s
 217343 103104 9724.08702   83   33 9770.99940 9416.94761  3.62%  28.2   70s
 234582 112546 9593.90176   61   78 9770.99940 9417.88055  3.61%  28.4   75s
 253600 122321 9443.92223   66   59 9770.99940 9418.48737  3.61%  28.4   80s
 272041 130903 9553.51826   69   22 9770.99940 9420.27692  3.59%  28.5   85s
 287879 139520 9681.00329   65   61 9770.99940 9421.00329  3.58%  28.8   90s
 306542 148765 9680.99965   95   25 9770.99940 9421.28076  3.58%  28.9   95s
 322101 155559 9691.12455   79   59 9770.99940 9422.27111  3.57%  29.1  100s
 338939 164062 9447.04950   68   46 9770.99940 9423.70191  3.55%  29.2  105s
 356536 172819 9494.99965   91   16 9770.99940 9425.69544  3.53%  29.3  110s
 372072 181798 9718.01579   88   29 9770.99940 9425.99965  3.53%  29.4  115s
 388206 190654 9511.99964   77   18 9770.99940 9426.00638  3.53%  29.6  120s
 402999 198153 9669.66435   82   65 9770.99940 9426.04522  3.53%  29.8  125s
 418310 206279 9479.99965   72   43 9770.99940 9426.25188  3.53%  30.0  130s
 433974 214058 9513.99965   66   14 9770.99940 9427.12100  3.52%  30.1  135s
 449744 222302 9481.66005   77   41 9770.99940 9427.66313  3.51%  30.2  140s
 465650 230099     cutoff   81      9770.99940 9428.37610  3.51%  30.2  145s
 481926 238500 9561.50159   76   61 9770.99940 9429.62089  3.49%  30.3  150s
 497966 246462 9622.99964   69   19 9770.99940 9430.63439  3.48%  30.3  155s
H503837 249189                    9770.9990553 9430.99965  3.48%  30.3  156s
 513722 253583     cutoff   79      9770.99906 9431.51826  3.47%  30.3  160s
 530355 259970 9704.63874   73   58 9770.99906 9431.53311  3.47%  30.4  165s
 547173 267355 infeasible   75      9770.99906 9431.79810  3.47%  30.4  170s
 563188 273002 infeasible   73      9770.99906 9432.51826  3.46%  30.4  175s
 579696 279953 9604.99965   97   32 9770.99906 9433.14477  3.46%  30.4  180s

Cutting planes:
  Learned: 3
  Gomory: 157
  Cover: 699
  Implied bound: 57
  Projected implied bound: 2
  Clique: 5
  MIR: 159
  StrongCG: 5
  Flow cover: 728
  GUB cover: 3
  Inf proof: 42
  Zero half: 7
  Network: 5
  RLT: 34
  Relax-and-lift: 32

Explored 580990 nodes (17657042 simplex iterations) in 180.15 seconds (225.94 work units)
Thread count was 8 (of 8 available processors)

Solution count 10: 9771 9771 9771 ... 9798

Solve interrupted
Best objective 9.770999055294e+03, best bound 9.433144769053e+03, gap 3.4577%

User-callback calls 1221812, time in user-callback 2.00 sec

Statistics for modelBPKW_BKRW_BSNF_O:
  Linear constraint matrix    : 4415 Constrs, 2168 Vars, 15767 NZs
  Variable types              : 1130 Continuous,
1038 Integer (66 Binary)
  Matrix coefficient range    : [ 1, 200 ]
  Objective coefficient range : [ 1, 368 ]
  Variable bound range        : [ 1, 199 ]
  RHS coefficient range       : [ 1, 549 ]

Gurobi 10.0.1 (mac64[arm]) logging started Mon Apr  8 04:44:42 2024

Set parameter LogFile to value "/Users/deniserings/Documents/zib/s-bahn-data/scripts/DeniseMA/processed/BPKW_BKRW_BSNF_O/Branching/BPKW_BKRW_BSNF_O_random3_subMBP202404072240.log"
Gurobi Optimizer version 10.0.1 build v10.0.1rc0 (mac64[arm])

CPU model: Apple M2
Thread count: 8 physical cores, 8 logical processors, using up to 8 threads

Optimize a model with 4413 rows, 2168 columns and 15765 nonzeros
Model fingerprint: 0xea8b342b
Variable types: 1130 continuous, 1038 integer (66 binary)
Coefficient statistics:
  Matrix range     [1e+00, 2e+02]
  Objective range  [1e+00, 4e+02]
  Bounds range     [1e+00, 2e+02]
  RHS range        [1e+00, 5e+02]

Loaded user MIP start with objective 9798

Presolve removed 2340 rows and 1007 columns
Presolve time: 0.12s
Presolved: 2073 rows, 1161 columns, 8588 nonzeros
Found heuristic solution: objective 9797.9993238
Variable types: 501 continuous, 660 integer (660 binary)

Root relaxation: objective 9.179999e+03, 723 iterations, 0.01 seconds (0.01 work units)

    Nodes    |    Current Node    |     Objective Bounds      |     Work
 Expl Unexpl |  Obj  Depth IntInf | Incumbent    BestBd   Gap | It/Node Time

     0     0 9179.99932    0   35 9797.99932 9179.99932  6.31%     -    0s
H    0     0                    9797.9992772 9179.99932  6.31%     -    0s
     0     0 9179.99932    0   69 9797.99928 9179.99932  6.31%     -    0s
     0     0 9179.99932    0   76 9797.99928 9179.99932  6.31%     -    0s
     0     0 9179.99932    0   25 9797.99928 9179.99932  6.31%     -    0s
     0     0 9179.99932    0   32 9797.99928 9179.99932  6.31%     -    0s
H    0     0                    9797.9992756 9179.99932  6.31%     -    0s
     0     0 9179.99932    0   15 9797.99928 9179.99932  6.31%     -    0s
     0     0 9179.99932    0   50 9797.99928 9179.99932  6.31%     -    0s
H    0     0                    9792.9993186 9179.99932  6.26%     -    0s
     0     0 9179.99932    0   10 9792.99932 9179.99932  6.26%     -    0s
     0     0 9179.99932    0   11 9792.99932 9179.99932  6.26%     -    0s
     0     0 9179.99932    0   17 9792.99932 9179.99932  6.26%     -    0s
     0     0 9179.99932    0   21 9792.99932 9179.99932  6.26%     -    0s
     0     0 9179.99932    0   16 9792.99932 9179.99932  6.26%     -    0s
     0     0 9179.99932    0   16 9792.99932 9179.99932  6.26%     -    0s
     0     2 9179.99932    0   15 9792.99932 9179.99932  6.26%     -    0s
H   34    40                    9792.9992772 9179.99932  6.26%  42.4    0s
H   37    40                    9792.9992756 9179.99932  6.26%  40.4    0s
H  129   138                    9792.9992180 9179.99932  6.26%  21.7    0s
H  135   138                    9792.9991805 9179.99932  6.26%  21.1    0s
H  695   597                    9792.9991351 9179.99932  6.26%  18.0    0s
  1825  1412 9361.65400   66   26 9792.99914 9214.27485  5.91%  33.9    5s
H14212  8410                    9775.9993222 9224.27485  5.64%  22.9    8s
H17442 10905                    9770.9993111 9225.96603  5.58%  22.6    9s
H19519 12350                    9770.9992888 9226.03355  5.58%  22.6    9s
 20788 13270 9345.84042   69   47 9770.99929 9229.82972  5.54%  22.5   10s
 29370 18237 9464.78437   86   81 9770.99929 9235.65400  5.48%  21.7   15s
H29397 17341                    9770.9992531 9235.65400  5.48%  21.7   17s
H30942 17094                    9770.9992012 9235.65400  5.48%  22.3   19s
 31577 17365 9445.99932   93   25 9770.99920 9355.31145  4.25%  22.3   20s
 48741 22279 9402.86541   89   50 9770.99920 9369.02768  4.11%  24.2   25s
 69052 27602 9562.05498  101   42 9770.99920 9380.16897  4.00%  24.9   30s
 90241 38098 9416.05187   74   54 9770.99920 9384.48369  3.96%  25.1   35s
 113039 50796 infeasible  103      9770.99920 9388.16571  3.92%  25.2   40s
 130873 60647 9435.06924   76   59 9770.99920 9391.79242  3.88%  25.4   45s
 149098 70436 9663.99932   89   24 9770.99920 9395.67466  3.84%  25.7   50s
 168940 81808 9535.75318   96   55 9770.99920 9399.12596  3.81%  25.8   55s
 190372 94086 9624.99932   81   37 9770.99920 9401.71392  3.78%  25.9   60s
 210370 105792 9551.99932  116   40 9770.99920 9404.27192  3.75%  25.9   65s
 232990 117948     cutoff  103      9770.99920 9406.68884  3.73%  25.8   70s
 251195 127820     cutoff  108      9770.99920 9409.44258  3.70%  25.8   75s
 269194 137851     cutoff  113      9770.99920 9411.46711  3.68%  26.0   80s
 288643 149340 9494.99932   86   37 9770.99920 9411.91083  3.68%  26.2   85s
 306736 159593 9471.27515   91   53 9770.99920 9412.68422  3.67%  26.3   90s
 323973 169228 9434.51456   83   40 9770.99920 9413.74310  3.66%  26.5   95s
 343060 179063 9754.65970   94   56 9770.99920 9414.86406  3.64%  26.6  100s
 360889 189411 9602.15011   89   63 9770.99920 9415.99932  3.63%  26.8  105s
H376917 198058                    9770.9991974 9416.33018  3.63%  26.9  109s
 377264 198302 9436.51814   99   65 9770.99920 9416.37375  3.63%  26.9  110s
 393756 208570 9688.99932   84   31 9770.99920 9416.74512  3.63%  27.0  115s
 410924 218135     cutoff   89      9770.99920 9417.52605  3.62%  27.1  120s
 426836 226556 9691.99932  118   38 9770.99920 9418.56726  3.61%  27.2  125s
 443011 235333 9516.12919  100   41 9770.99920 9419.82685  3.59%  27.3  130s
 461221 244929 9460.06819   84   30 9770.99920 9420.99932  3.58%  27.4  135s
 477012 253464 9760.90689   86   32 9770.99920 9421.10434  3.58%  27.6  140s
 493940 262805 9461.57732  110   66 9770.99920 9421.35573  3.58%  27.7  145s
 509391 270762 9550.99932  105   19 9770.99920 9421.85933  3.57%  27.8  150s
 524541 278511 9677.99932   86   23 9770.99920 9422.47319  3.57%  27.8  155s
 538509 286620 9440.99932   86   53 9770.99920 9423.21085  3.56%  27.9  160s
 554876 294191 9516.13703  104   53 9770.99920 9424.38872  3.55%  28.0  165s
 572133 303423 9746.99932  114   24 9770.99920 9425.79411  3.53%  28.1  170s
 589539 314235 9456.25932   81   47 9770.99920 9425.99932  3.53%  28.1  175s
 603265 321935 9468.29781   91   57 9770.99920 9426.18259  3.53%  28.2  180s

Cutting planes:
  Learned: 6
  Gomory: 243
  Cover: 804
  Implied bound: 51
  Projected implied bound: 1
  Clique: 11
  MIR: 111
  StrongCG: 8
  Flow cover: 547
  GUB cover: 1
  Inf proof: 52
  Zero half: 1
  Network: 6
  RLT: 62
  Relax-and-lift: 46

Explored 604685 nodes (17054415 simplex iterations) in 180.33 seconds (229.42 work units)
Thread count was 8 (of 8 available processors)

Solution count 10: 9771 9771 9771 ... 9793

Solve interrupted
Best objective 9.770999197418e+03, best bound 9.426203289772e+03, gap 3.5288%

User-callback calls 1263518, time in user-callback 2.07 sec

Statistics for modelBPKW_BKRW_BSNF_O:
  Linear constraint matrix    : 4413 Constrs, 2168 Vars, 15765 NZs
  Variable types              : 1130 Continuous,
1038 Integer (66 Binary)
  Matrix coefficient range    : [ 1, 200 ]
  Objective coefficient range : [ 1, 368 ]
  Variable bound range        : [ 1, 199 ]
  RHS coefficient range       : [ 1, 549 ]
