
Gurobi 10.0.1 (mac64[arm]) logging started Sun Mar 31 08:35:28 2024

Set parameter LogFile to value "/Users/deniserings/Documents/zib/s-bahn-data/scripts/DeniseMA/processed/BNB_BSNH_BSAL_BPHD/RENS/BNB_BSNH_BSAL_BPHD_subMBP_random3_0.9_202403301837.log"
Gurobi Optimizer version 10.0.1 build v10.0.1rc0 (mac64[arm])

CPU model: Apple M2
Thread count: 8 physical cores, 8 logical processors, using up to 8 threads

Optimize a model with 21339 rows, 8010 columns and 78947 nonzeros
Model fingerprint: 0x9ca8cf20
Variable types: 2735 continuous, 5275 integer (1117 binary)
Coefficient statistics:
  Matrix range     [1e+00, 2e+02]
  Objective range  [1e+00, 4e+02]
  Bounds range     [1e+00, 2e+02]
  RHS range        [1e+00, 5e+02]
Presolve removed 10003 rows and 2837 columns
Presolve time: 2.23s
Presolved: 11336 rows, 5173 columns, 46694 nonzeros
Variable types: 1399 continuous, 3774 integer (3774 binary)

Root relaxation: objective 2.090300e+04, 2954 iterations, 0.03 seconds (0.03 work units)

    Nodes    |    Current Node    |     Objective Bounds      |     Work
 Expl Unexpl |  Obj  Depth IntInf | Incumbent    BestBd   Gap | It/Node Time

     0     0 20903.0000    0  257          - 20903.0000      -     -    2s
     0     0 20955.5448    0  595          - 20955.5448      -     -    2s
     0     0 20955.6194    0  588          - 20955.6194      -     -    2s
     0     0 20955.6194    0  578          - 20955.6194      -     -    2s
     0     0 20958.5740    0  640          - 20958.5740      -     -    3s
     0     0 20958.5914    0  590          - 20958.5914      -     -    3s
     0     0 20959.0000    0  595          - 20959.0000      -     -    3s
     0     0 20959.0000    0  613          - 20959.0000      -     -    3s
     0     0 20961.6357    0  693          - 20961.6357      -     -    3s
     0     0 20961.8228    0  677          - 20961.8228      -     -    3s
     0     0 20961.8228    0  668          - 20961.8228      -     -    3s
     0     0 20963.5699    0  578          - 20963.5699      -     -    3s
     0     0 20963.7093    0  668          - 20963.7093      -     -    3s
     0     0 20963.7093    0  656          - 20963.7093      -     -    3s
     0     0 20963.7093    0  708          - 20963.7093      -     -    3s
     0     0 20963.7093    0  643          - 20963.7093      -     -    3s
     0     0 20965.4629    0  713          - 20965.4629      -     -    3s
     0     0 20965.4629    0  644          - 20965.4629      -     -    3s
     0     0 20965.8452    0  733          - 20965.8452      -     -    3s
     0     0 20965.8452    0  662          - 20965.8452      -     -    3s
     0     0 20972.9950    0  717          - 20972.9950      -     -    4s
     0     0 20973.7966    0  735          - 20973.7966      -     -    4s
     0     0 20973.7966    0  701          - 20973.7966      -     -    4s
     0     0 20973.8156    0  659          - 20973.8156      -     -    4s
     0     0 20973.8156    0  620          - 20973.8156      -     -    4s
     0     0 20973.8454    0  623          - 20973.8454      -     -    4s
     0     0 20973.8466    0  636          - 20973.8466      -     -    4s
     0     0 20973.8540    0  584          - 20973.8540      -     -    4s
     0     0 20973.8540    0  543          - 20973.8540      -     -    4s
     0     0 20973.8540    0  637          - 20973.8540      -     -    4s
     0     0 20973.8540    0  224          - 20973.8540      -     -    4s
     3     4 21090.1447    2   66          - 21090.1447      -  6419    5s
  2393  1859 21150.8719   26  145          - 21150.8719      -  52.5   13s
H 2575  1780                    25137.000000 21152.0000  15.9%  47.7   13s
H 3691  2338                    25068.000000 21152.0000  15.6%  40.1   14s
  3706  2356 21152.0000   40  202 25068.0000 21152.0000  15.6%  42.3   15s
H 4810  2708                    24714.000000 21152.0000  14.4%  37.6   17s
H 6333  2909                    24691.000000 21168.0000  14.3%  33.4   18s
H 7961  3578                    24676.000000 21168.0000  14.2%  31.5   19s
  9191  4036 21320.0000   23   45 24676.0000 21217.0000  14.0%  31.8   20s
 18030  9478 21430.1435   24   52 24676.0000 21250.0000  13.9%  31.1   25s
H21027 10718                    24674.000000 21262.0000  13.8%  28.3   26s
 23339 13656 21692.5185   84  199 24674.0000 21262.0000  13.8%  31.6   31s
H25081 13656                    24641.000000 21262.0000  13.7%  32.4   31s
 31116 16892 21288.0000   47  330 24641.0000 21288.0000  13.6%  31.4   35s
H34261 18574                    24628.000000 21288.0000  13.6%  32.6   37s
H39884 20795                    24626.000000 21301.0000  13.5%  30.3   38s
 39944 20975 infeasible   79      24626.0000 21301.0000  13.5%  30.7   40s
 43821 24169 21301.0000   50  364 24626.0000 21301.0000  13.5%  33.4   45s
H46935 23496                    23507.000000 21301.0000  9.38%  34.6   47s
 54141 26365 21444.0576   66  368 23507.0000 21307.0000  9.36%  32.3   50s
 54282 30615 infeasible   83      23507.0000 21307.0000  9.36%  32.5   61s
 60689 30586 21307.0000   39  178 23507.0000 21307.0000  9.36%  37.0   80s
H61132 30838                    23493.000000 21307.0000  9.30%  37.0   81s
 61884 31128 21313.0000   27  104 23493.0000 21313.0000  9.28%  37.0   91s
 69984 31579 21637.6348   43   49 23493.0000 21338.6823  9.17%  35.2   95s
 71843 32406 22491.6452   85  239 23493.0000 21342.9750  9.15%  35.4  100s
 73665 32962 21708.4130   62  319 23493.0000 21342.9750  9.15%  36.0  105s
 76836 33910 21358.3966   53  440 23493.0000 21342.9750  9.15%  37.7  110s
 80194 34739     cutoff   48      23493.0000 21348.6293  9.13%  39.4  115s
 92340 34047 21661.5650   55  358 23493.0000 21402.6348  8.90%  37.2  121s
 94659 34972 21428.8371   56  355 23493.0000 21402.6348  8.90%  38.7  126s
 96223 35455 21525.4576   61  314 23493.0000 21402.6348  8.90%  39.6  131s
 98388 36616 22933.6705   83  168 23493.0000 21402.6348  8.90%  41.1  137s
 101277 37212 21402.6348   48  307 23493.0000 21402.6348  8.90%  42.7  141s
 102572 38403 21402.6348   61  410 23493.0000 21402.6348  8.90%  43.6  146s
 117428 36285     cutoff   39      23493.0000 21460.3227  8.65%  41.3  150s
 120196 38156 21536.5273   65  427 23493.0000 21469.9750  8.61%  41.0  159s
 122625 38587 21472.7495   49  287 23493.0000 21469.9750  8.61%  42.7  162s
 124667 37442 infeasible   61      23493.0000 21469.9750  8.61%  43.5  165s
 127296 32750 21469.9750   49  342 23493.0000 21469.9750  8.61%  44.7  170s
 129540 33551 21599.5636   67  377 23493.0000 21469.9750  8.61%  46.1  177s
 131326 33506 22355.4367   61  332 23493.0000 21469.9750  8.61%  46.9  180s
 133209 34535 22936.5998   64  213 23493.0000 21469.9750  8.61%  47.9  185s
H135297 34577                    23441.000000 21469.9750  8.41%  48.6  187s
 142892 36039     cutoff   43      23441.0000 21494.5295  8.30%  47.0  190s
 155459 37923 21755.8345   58  428 23441.0000 21521.6348  8.19%  44.5  195s
 158041 39510     cutoff   86      23441.0000 21521.6348  8.19%  45.3  200s
 159457 40674 21536.8929   57  435 23441.0000 21521.6348  8.19%  46.2  205s
 162226 42814 22788.0434   57  362 23441.0000 21521.6348  8.19%  47.3  212s
 164419 44077 22962.3771   88  188 23441.0000 21521.6348  8.19%  47.9  217s
 165602 45530 21536.5845   61  417 23441.0000 21521.6348  8.19%  48.5  220s
 169278 47288 21538.4324   60  514 23441.0000 21521.6348  8.19%  49.5  226s
 171218 47890 22880.6396   63  135 23441.0000 21521.6348  8.19%  50.0  230s
 172303 49184 21952.7835   57  336 23441.0000 21521.6348  8.19%  50.5  235s
 177756 50712 21646.5000   47   31 23441.0000 21525.0000  8.17%  50.7  240s
 195680 52738 infeasible   43      23441.0000 21555.6200  8.04%  47.6  245s
 201586 54443     cutoff   88      23441.0000 21562.0000  8.02%  47.0  252s
 204684 56247 21864.2348   62  369 23441.0000 21562.0000  8.02%  47.9  257s
 205413 57118 22978.1912   87  192 23441.0000 21562.0000  8.02%  48.2  260s
 208890 59657 21578.4497   54  330 23441.0000 21562.0000  8.02%  49.1  266s
 211247 61055 21563.9784   63  554 23441.0000 21562.0000  8.02%  49.6  270s
 213948 62377 22163.6137   64  396 23441.0000 21562.0000  8.02%  50.4  276s
 214976 63181 22897.5970   76  216 23441.0000 21562.0000  8.02%  50.8  280s
 216252 64029 22682.9268   81  210 23441.0000 21562.0000  8.02%  51.3  285s
 218784 66210 22022.6064  113   96 23441.0000 21562.0000  8.02%  52.0  292s
 220959 67876 23095.9351   81  162 23441.0000 21562.0000  8.02%  52.5  297s
 223459 68805 21577.1331   58  525 23441.0000 21562.0000  8.02%  53.1  301s
 225014 69836 21932.7009   66  366 23441.0000 21562.0000  8.02%  53.6  305s
H227451 70867                    23426.000000 21562.0000  7.96%  54.1  308s
 233041 71407     cutoff   47      23426.0000 21568.6348  7.93%  53.3  310s
 250424 72867     cutoff   54      23426.0000 21589.8044  7.84%  50.6  315s
 262144 75297 23205.4397   94  182 23426.0000 21600.6348  7.79%  49.2  325s
 265833 76910 21667.7153   74  354 23426.0000 21600.6348  7.79%  50.2  331s
 267238 78249 21767.2593   63  449 23426.0000 21600.6348  7.79%  50.8  336s
 269416 79213 21632.6463   55  500 23426.0000 21600.6463  7.79%  51.3  341s
 272126 80906 21617.6895   65  532 23426.0000 21600.7295  7.79%  51.8  345s
 273708 82384 21600.8003   59  492 23426.0000 21600.8003  7.79%  52.3  351s
 275533 83254 21819.8640   70  318 23426.0000 21600.9021  7.79%  52.7  356s
 277168 84869 22872.5296   87  118 23426.0000 21600.9545  7.79%  53.2  361s
 279371 85833 21633.0498   48  477 23426.0000 21601.0442  7.79%  53.6  365s
 281633 87331 21751.1877   50  394 23426.0000 21601.0498  7.79%  54.1  370s
 284217 88930 21691.6844   54  444 23426.0000 21601.0498  7.79%  54.6  375s
 286208 90355 22937.0868   85  248 23426.0000 21601.0563  7.79%  55.1  382s
 287162 91411 23226.5276   97  163 23426.0000 21601.0563  7.79%  55.3  385s
 289551 92446 22715.7521   70  397 23426.0000 21601.0948  7.79%  55.8  391s
 291783 93842 21663.4653   63  370 23426.0000 21601.1033  7.79%  56.3  396s
 294424 95225 21806.5775   55  544 23426.0000 21601.1172  7.79%  56.6  401s
 306291 95902 21676.6458   51   61 23426.0000 21612.1458  7.74%  55.3  405s
 325438 95956 21681.5110   43   18 23426.0000 21629.1458  7.67%  52.9  410s
 338546 96362 21684.1371   60  539 23426.0000 21643.1458  7.61%  51.4  415s
 340209 97275 21673.7442   53  501 23426.0000 21643.1698  7.61%  51.8  420s
 343275 99348 22120.6796   65  322 23426.0000 21643.2382  7.61%  52.2  427s
 345863 100883 22278.4167   57  297 23426.0000 21643.2846  7.61%  52.7  432s
 347419 101781 23014.7874   67  257 23426.0000 21643.3184  7.61%  53.0  436s
 349250 102943 21668.5139   63  384 23426.0000 21643.4112  7.61%  53.3  440s
 351914 104403 22619.7059   59  419 23426.0000 21643.4814  7.61%  53.7  446s
 353553 105461 infeasible   55      23426.0000 21643.6061  7.61%  54.0  451s
 354809 106811 21669.0498   50  496 23426.0000 21643.6556  7.61%  54.3  455s
 357011 107673 23063.2835   75  276 23426.0000 21643.6559  7.61%  54.5  460s
 359408 109177 22727.8415   61  201 23426.0000 21643.7103  7.61%  54.8  465s
 362247 110828 23278.7096   93  174 23426.0000 21643.7105  7.61%  55.2  471s
 363473 112054 23233.5802   95  191 23426.0000 21643.7966  7.61%  55.5  475s
 365912 113779     cutoff   81      23426.0000 21643.8819  7.61%  55.9  481s
 367764 114457 23315.6132   70  289 23426.0000 21643.9566  7.61%  56.2  485s
 370462 116274 21825.7322   59  457 23426.0000 21644.0628  7.61%  56.6  492s
 372349 117457 23165.5878  106  219 23426.0000 21644.0628  7.61%  56.8  496s
 374101 118645 23269.6348   95   40 23426.0000 21644.0628  7.61%  57.2  502s
 375127 119031 21668.7954   49  474 23426.0000 21644.1344  7.61%  57.4  505s
 376614 120735 23166.2788   78  216 23426.0000 21644.1909  7.61%  57.7  510s
 379030 121685 22656.7096   73  239 23426.0000 21644.2248  7.61%  58.0  516s
 380986 122856 23235.9035   80  261 23426.0000 21644.2788  7.61%  58.3  521s
 384527 123255     cutoff   49      23426.0000 21646.6496  7.60%  58.5  525s
 401983 122159     cutoff   55      23426.0000 21666.3093  7.51%  56.6  530s
 421821 120285     cutoff   46      23426.0000 21681.6496  7.45%  54.5  535s
 433549 120681 21737.7183   65  496 23426.0000 21691.3547  7.40%  53.5  544s
 435456 121217 21913.5101   57  514 23426.0000 21691.3956  7.40%  53.8  547s
 436285 122282 23294.1659   86  142 23426.0000 21691.4904  7.40%  53.9  550s
 438384 123621 21783.0823   65  301 23426.0000 21691.4905  7.40%  54.2  557s
 439979 124738 21975.7837   61  539 23426.0000 21691.4905  7.40%  54.4  560s
 442358 125746     cutoff  122      23426.0000 21691.4905  7.40%  54.7  565s
 444718 127227 22890.9401   79  283 23426.0000 21691.5601  7.40%  55.0  570s
 446086 128679 22958.6851   92  298 23426.0000 21691.5601  7.40%  55.3  575s
 448311 129963 23094.2998   55  199 23426.0000 21691.5789  7.40%  55.5  580s
 450512 130708 21788.6374   59  441 23426.0000 21691.6477  7.40%  55.8  585s
 451962 131837 23133.7096   79  199 23426.0000 21691.7282  7.40%  56.1  590s
 453482 133179 23349.6652   81  119 23426.0000 21691.7562  7.40%  56.3  596s
 455657 134038 23194.7670   72  226 23426.0000 21691.8337  7.40%  56.7  601s
 457079 135234     cutoff   87      23426.0000 21691.9033  7.40%  56.9  607s
 458024 136296 21761.2504   60  423 23426.0000 21691.9640  7.40%  57.0  610s
 461183 137884 21720.4371   70  478 23426.0000 21692.1003  7.40%  57.4  617s
 463155 138753     cutoff   93      23426.0000 21692.2651  7.40%  57.7  622s
 464640 139850 23033.7096   74  302 23426.0000 21692.3818  7.40%  58.0  627s
 466930 141425     cutoff  112      23426.0000 21692.4756  7.40%  58.2  632s
 467770 142004 23215.7406   65  263 23426.0000 21692.5148  7.40%  58.3  636s
 469555 142902 21734.8151   50  562 23426.0000 21692.5678  7.40%  58.6  641s
 470922 144337 23127.6348   78  198 23426.0000 21692.5845  7.40%  58.8  647s
 473082 145170 23296.2303   69  202 23426.0000 21692.6926  7.40%  59.1  652s
 473767 145592 23151.4385   65  235 23426.0000 21692.7208  7.40%  59.2  655s
 475040 147106 21773.5484   62  515 23426.0000 21692.8006  7.40%  59.4  661s
 477145 147903 23170.8180   85  291 23426.0000 21692.9405  7.40%  59.7  666s
 478560 148898 21709.5774   58  426 23426.0000 21693.0924  7.40%  59.9  671s
 480170 149877 22304.6777   62  498 23426.0000 21693.1948  7.40%  60.1  676s
 482299 151127 23072.4093   76  271 23426.0000 21693.3494  7.40%  60.4  681s
 485078 151536     cutoff   47      23426.0000 21693.3919  7.40%  60.5  685s
 507752 149153 infeasible   56      23426.0000 21707.7571  7.33%  58.3  690s
 528723 146560 21716.3919   56   48 23426.0000 21716.3919  7.30%  56.4  695s
 535194 146820 23284.0016   73  351 23426.0000 21718.7570  7.29%  56.0  702s
 535843 147457 23137.7798   85  104 23426.0000 21718.8469  7.29%  56.1  706s
 536828 148677 21823.9211   57  447 23426.0000 21718.9075  7.29%  56.3  710s
 539608 149846 23036.6283   69  310 23426.0000 21718.9749  7.29%  56.6  716s
 540508 150706     cutoff   85      23426.0000 21719.0155  7.29%  56.7  720s
 542620 151870 22773.9393   58  319 23426.0000 21719.1090  7.29%  57.0  725s
 544917 153365 21723.6614   45  550 23426.0000 21719.1090  7.29%  57.2  730s
 546325 154580 22094.2023   71  393 23426.0000 21719.1289  7.29%  57.4  735s
 547994 155749 21967.5857   69  125 23426.0000 21719.1625  7.29%  57.6  741s
 550596 157162 22082.6792   92  134 23426.0000 21719.2697  7.29%  57.9  746s
 552002 158054 21977.9199   57  544 23426.0000 21719.4260  7.28%  58.1  751s
 553848 159295 23281.0050   90  220 23426.0000 21719.5262  7.28%  58.4  756s
 555569 160143 23251.6150   73  219 23426.0000 21719.7743  7.28%  58.6  761s
 557118 160843 21876.9532   55  512 23426.0000 21719.8742  7.28%  58.8  767s
 557578 161537 21743.2640   62  561 23426.0000 21719.9146  7.28%  58.8  770s
 559326 163154 22319.0367   57  202 23426.0000 21719.9146  7.28%  59.1  776s
 561517 164140 21774.3331   52  431 23426.0000 21719.9801  7.28%  59.3  781s
 563429 165194 21720.1046   51  520 23426.0000 21720.0947  7.28%  59.5  786s
 564664 166696 23082.5296   57  310 23426.0000 21720.1046  7.28%  59.7  791s
 566914 167405 23383.3871   76  227 23426.0000 21720.1046  7.28%  59.9  796s
 568106 168229 21918.8017   54  529 23426.0000 21720.1823  7.28%  60.1  801s
 569463 169486 22211.1468   62  454 23426.0000 21720.3353  7.28%  60.3  807s
 571415 170486 22244.7805   55  415 23426.0000 21720.4436  7.28%  60.5  812s
 573548 171779 21919.5315   54  243 23426.0000 21720.5206  7.28%  60.6  816s
 574853 172936 23031.0402   72  201 23426.0000 21720.6162  7.28%  60.8  821s
 576688 173807     cutoff   69      23426.0000 21720.7687  7.28%  61.0  826s
 578030 174758 22993.7049   62  253 23426.0000 21720.8646  7.28%  61.1  832s
 578873 175681 23163.9599   60  253 23426.0000 21720.9148  7.28%  61.3  835s
 581100 176493 21888.6328   62  420 23426.0000 21721.0453  7.28%  61.5  840s
 582602 177941 21979.1599   50  527 23426.0000 21721.1236  7.28%  61.6  845s
 584378 178442 22871.4795   56  534 23426.0000 21721.2859  7.28%  61.8  852s
H584875 178442                    23425.999897 21721.3199  7.28%  61.8  853s
 590951 177338 21724.3449   56   26 23425.9999 21723.9797  7.27%  61.3  855s
 602955 175051 21730.3199   45   19 23425.9999 21730.3199  7.24%  60.3  860s
 617022 172520 21735.3199   51   12 23425.9999 21735.3199  7.22%  59.2  865s
 625759 170698 21736.9797   60   25 23425.9999 21736.9797  7.21%  58.4  870s
 631686 169981 22687.1022   58  381 23425.9999 21739.3449  7.20%  58.0  881s
 632009 171077     cutoff   76      23425.9999 21739.3973  7.20%  58.0  890s
 633646 171605     cutoff   66      23425.9999 21739.5395  7.20%  58.3  895s
 636455 173285 23172.6061   65  313 23425.9999 21739.6882  7.20%  58.5  901s
 637991 174619 23282.3767   75  291 23425.9999 21739.9394  7.20%  58.7  907s
 639901 175328 21934.7708   65  438 23425.9999 21739.9637  7.20%  58.9  913s
 640791 175818 21757.7022   66  569 23425.9999 21740.0148  7.20%  59.0  917s
 641855 176765 21809.4064   62  420 23425.9999 21740.1363  7.20%  59.1  921s
 644105 177820 23110.2989   69  227 23425.9999 21740.2804  7.20%  59.3  927s
 644877 178532 22347.1923   75  261 23425.9999 21740.2824  7.20%  59.5  930s
 647023 179610 23054.3798   59  316 23425.9999 21740.4049  7.20%  59.7  936s
 648815 180782 23290.6256   83  196 23425.9999 21740.4997  7.19%  59.9  942s
 649554 181221 21879.1158   61  559 23425.9999 21740.5625  7.19%  60.0  945s
 651081 182350 21886.1426   53  380 23425.9999 21740.7076  7.19%  60.2  951s
 653453 183708 21752.2221   62  513 23425.9999 21740.8404  7.19%  60.4  957s
 654812 184571 21740.8992   66  503 23425.9999 21740.8992  7.19%  60.6  962s
 655674 185435 21741.2547   64  544 23425.9999 21740.8992  7.19%  60.7  966s
 657915 186246 22504.8838   70  442 23425.9999 21740.8992  7.19%  60.9  971s
 659296 187008 22380.6929   73  347 23425.9999 21740.9555  7.19%  61.2  977s
 660090 187918 22037.2857   72  376 23425.9999 21740.9555  7.19%  61.3  980s
 662370 188768 infeasible   68      23425.9999 21741.1481  7.19%  61.5  985s
 663771 189961 23341.1908   96  229 23425.9999 21741.4339  7.19%  61.7  991s
 665860 190962 23362.0792   82  224 23425.9999 21741.6220  7.19%  61.8  996s
 667401 192325 23093.6382   72  322 23425.9999 21741.6864  7.19%  62.0 1002s
 669201 193181 21813.3231   65  278 23425.9999 21741.6864  7.19%  62.2 1007s
 670132 193783 21774.1276   59  605 23425.9999 21741.8765  7.19%  62.3 1010s
 672557 195150 23189.1901   87  320 23425.9999 21742.1624  7.19%  62.5 1016s
 674049 196211 22077.5422   80  451 23425.9999 21742.2552  7.19%  62.7 1022s
 674925 197133 22966.5625   80  305 23425.9999 21742.3342  7.19%  62.8 1025s
 677150 198117 23217.1848   76  193 23425.9999 21742.4942  7.19%  63.0 1030s
 679024 199303     cutoff   94      23425.9999 21742.7473  7.19%  63.2 1035s
 680400 200253 22941.5706   53  451 23425.9999 21742.8556  7.18%  63.3 1040s
 682298 201265 22445.0873   64  428 23425.9999 21743.0568  7.18%  63.5 1045s
 683855 202321 22108.1246   85  288 23425.9999 21743.2184  7.18%  63.7 1051s
 685367 203674 23117.4684   66  246 23425.9999 21743.3213  7.18%  63.9 1056s
 687368 204712 22121.8182   82  243 23425.9999 21743.6929  7.18%  64.0 1061s
 688911 205823 21767.8798   52  486 23425.9999 21743.9189  7.18%  64.2 1067s
 690944 206839 21821.6616   60  304 23425.9999 21744.0902  7.18%  64.3 1071s
 692530 207786 22129.5555   60  385 23425.9999 21744.3170  7.18%  64.5 1077s
 694225 208758 infeasible   59      23425.9999 21744.7456  7.18%  64.7 1082s
 695656 209761 23338.7230   77  278 23425.9999 21744.9731  7.18%  64.9 1086s
 697279 210626 22605.0775   50  455 23425.9999 21745.3676  7.17%  65.0 1091s
 698955 211872 22183.5245   61  503 23425.9999 21745.6345  7.17%  65.2 1096s
 700559 212433 21834.1273   60  536 23425.9999 21745.8726  7.17%  65.3 1100s
 701718 213474 23072.9947   70  235 23425.9999 21746.0032  7.17%  65.4 1105s
 703191 214250 21786.6642   53  533 23425.9999 21746.1347  7.17%  65.5 1110s
 704385 215066 23233.1268   82  236 23425.9999 21746.4579  7.17%  65.7 1115s
 706315 216291 infeasible   71      23425.9999 21747.0024  7.17%  65.8 1120s
 707820 217279 23017.3131   58  508 23425.9999 21747.1111  7.17%  66.0 1126s
 708601 217910 21894.6458   65  484 23425.9999 21747.3469  7.17%  66.1 1130s
 710289 219276 22342.3821   66  269 23425.9999 21747.7298  7.16%  66.2 1138s
 711573 220167 23243.8823   65  368 23425.9999 21747.7687  7.16%  66.3 1142s
 713067 220872 23334.8305   91  148 23425.9999 21747.8719  7.16%  66.4 1147s
 714137 221582 22616.0647   65  305 23425.9999 21747.8719  7.16%  66.5 1150s
 715157 222426 23251.8396   84  248 23425.9999 21747.9128  7.16%  66.6 1155s
 716555 223051 21853.8658   54  359 23425.9999 21747.9192  7.16%  66.7 1161s
 717482 223889 22710.0231   56  459 23425.9999 21747.9441  7.16%  66.8 1166s
 718659 224815 21907.4151   55  405 23425.9999 21747.9441  7.16%  66.9 1171s
 720067 225955 21764.1115   60  493 23425.9999 21747.9441  7.16%  67.0 1176s
 721911 226579 22996.9572   75  304 23425.9999 21747.9441  7.16%  67.2 1181s
 722866 227321 21781.4151   54  405 23425.9999 21747.9441  7.16%  67.3 1185s
 725120 228899 23328.2290  119  138 23425.9999 21747.9441  7.16%  67.4 1194s
 726468 229556 21764.1741   53  528 23425.9999 21747.9441  7.16%  67.6 1198s
 727432 230205 22848.0254   66  373 23425.9999 21747.9441  7.16%  67.6 1202s
 728382 231101 23132.0837   68  267 23425.9999 21747.9441  7.16%  67.7 1205s
 730516 232172 23414.7598   89  163 23425.9999 21747.9497  7.16%  67.9 1213s
 731406 232931 21786.1682   51  452 23425.9999 21747.9497  7.16%  68.0 1218s
 732536 233172 21785.0130   60  321 23425.9999 21747.9497  7.16%  68.1 1220s
 732923 234338 22327.4810   98  342 23425.9999 21747.9540  7.16%  68.2 1227s
 734731 235152 21867.1872   62  349 23425.9999 21747.9976  7.16%  68.3 1231s
 736147 235914 21805.9992   62  525 23425.9999 21748.0419  7.16%  68.5 1235s
 738420 237220     cutoff   85      23425.9999 21748.1116  7.16%  68.6 1243s
 739476 238018 23198.2789   88  242 23425.9999 21748.1116  7.16%  68.7 1246s
 741522 238942 21879.2051   58  573 23425.9999 21748.1844  7.16%  68.8 1253s
 742228 239582 22241.7733   77  251 23425.9999 21748.1967  7.16%  68.9 1256s
 743335 240287 infeasible   96      23425.9999 21748.2653  7.16%  68.9 1260s
 745418 241278 21798.5592   60  566 23425.9999 21748.3464  7.16%  69.1 1266s
 746277 241840 23238.7012   92  182 23425.9999 21748.4216  7.16%  69.1 1270s
 748677 243220 23123.7148   73  232 23425.9999 21748.4713  7.16%  69.3 1278s
 749571 243792 23066.6315   60  276 23425.9999 21748.5313  7.16%  69.4 1281s
 750424 244439 21785.1396   63  379 23425.9999 21748.5556  7.16%  69.4 1285s
 752672 245884 21928.7266   59  411 23425.9999 21748.5880  7.16%  69.6 1293s
 753534 246364 23375.7257   91  244 23425.9999 21748.6669  7.16%  69.6 1297s
 754374 246990 23315.2986   87  222 23425.9999 21748.6919  7.16%  69.7 1301s
 756355 248101 21817.7192   58  442 23425.9999 21748.7268  7.16%  69.8 1308s
 757355 248794 23253.8421   71  240 23425.9999 21748.7272  7.16%  69.9 1311s
 759095 249744 22152.6688   70  396 23425.9999 21748.8029  7.16%  70.1 1317s
 759881 250369 21924.0229   56  559 23425.9999 21748.8294  7.16%  70.1 1320s
 761642 251327 23147.0275   74  188 23425.9999 21748.9058  7.16%  70.2 1326s
 763549 252556 infeasible   87      23425.9999 21749.0000  7.16%  70.4 1331s
 765394 253826 23301.2748   66  119 23425.9999 21749.0483  7.16%  70.5 1337s
 767387 254717 21819.0083   58  509 23425.9999 21749.1563  7.16%  70.6 1342s
 768035 255309 22982.2339   57  449 23425.9999 21749.2310  7.16%  70.6 1345s
 770609 256901 21833.5081   53  361 23425.9999 21749.3781  7.16%  70.8 1353s
 771554 257629 21895.4373   57  521 23425.9999 21749.4012  7.16%  70.8 1356s
 772685 258636 22958.6605   69  339 23425.9999 21749.4151  7.16%  70.9 1360s
 775268 259946 23374.1030   86  289 23425.9999 21749.4151  7.16%  71.1 1367s
 776212 261220 22969.0165   93  210 23425.9999 21749.4151  7.16%  71.2 1372s
 778363 261712 21765.4151   59  383 23425.9999 21749.4151  7.16%  71.3 1375s
 780083 262834 21819.6648   54  471 23425.9999 21749.4151  7.16%  71.4 1382s
 780863 263536 21749.4151   58  483 23425.9999 21749.4151  7.16%  71.5 1386s
 781869 264788 21795.1999   59  676 23425.9999 21749.4151  7.16%  71.5 1390s
 784307 266316 22863.4069   63  468 23425.9999 21749.4151  7.16%  71.7 1402s
 786402 266992 23328.2738   98  218 23425.9999 21749.4151  7.16%  71.9 1407s
 787507 268040 23148.4654   69  277 23425.9999 21749.4151  7.16%  72.0 1412s
 788998 269303 22012.2108   62  536 23425.9999 21749.4151  7.16%  72.2 1417s
 791074 269779     cutoff   88      23425.9999 21749.4333  7.16%  72.2 1420s
 791894 270517 21767.0675   54  510 23425.9999 21749.4600  7.16%  72.3 1425s
 794778 272121 22113.0633   67  215 23425.9999 21749.4600  7.16%  72.5 1432s
 795558 272526 21893.5455   72  259 23425.9999 21749.4686  7.16%  72.6 1436s
 797098 273620 21778.5371   55  503 23425.9999 21749.4824  7.16%  72.7 1443s
 798103 274436 21880.4080   65  399 23425.9999 21749.5106  7.16%  72.8 1447s
 799312 274893 23319.9402   88  164 23425.9999 21749.5176  7.16%  72.8 1450s
 800966 276383 infeasible   95      23425.9999 21749.6051  7.16%  73.0 1457s
 802422 276998 21799.1127   53  481 23425.9999 21749.6051  7.16%  73.0 1461s
 804345 278386 23222.3551   65  224 23425.9999 21749.6051  7.16%  73.2 1467s
 805715 278811 23287.4818   69  267 23425.9999 21749.6051  7.16%  73.2 1470s
 807237 279744 23153.2212   79  195 23425.9999 21749.6553  7.16%  73.4 1477s
 808120 280515 23285.2795   72  173 23425.9999 21749.6836  7.16%  73.4 1481s
 810198 281528 infeasible   88      23425.9999 21749.7748  7.16%  73.6 1487s
 810998 282411 23057.2047   61  266 23425.9999 21749.8151  7.16%  73.7 1491s
 813110 283377 21751.5350   60  504 23425.9999 21749.9339  7.15%  73.8 1498s
 813969 283882 23245.3412   59  365 23425.9999 21749.9960  7.15%  73.8 1501s
 814832 284878 23334.0560   67  173 23425.9999 21750.0211  7.15%  73.9 1505s
 817149 285816 21829.5655   63  427 23425.9999 21750.1213  7.15%  74.0 1513s
 817905 286498 23318.9216   55  407 23425.9999 21750.1633  7.15%  74.1 1517s
 819000 286923 infeasible   76      23425.9999 21750.2475  7.15%  74.2 1521s
 819713 287537 23192.0648   63  286 23425.9999 21750.2497  7.15%  74.2 1525s
 821686 288658 23390.3498   87  261 23425.9999 21750.3549  7.15%  74.3 1531s
 822953 289847     cutoff   73      23425.9999 21750.4231  7.15%  74.4 1538s
 824186 290227 23294.8708  109  185 23425.9999 21750.4590  7.15%  74.5 1541s
 824808 290607 23067.2248   76  323 23425.9999 21750.5060  7.15%  74.5 1545s
 826376 291620 infeasible   57      23425.9999 21750.5881  7.15%  74.6 1552s
 827071 292206 23150.6001   67  224 23425.9999 21750.6079  7.15%  74.7 1555s
 829421 293318 23038.8533   63  364 23425.9999 21750.7143  7.15%  74.8 1562s
 830048 293740 21814.2063   59  581 23425.9999 21750.7792  7.15%  74.8 1566s
 830785 294369 22465.5935   64  361 23425.9999 21750.7831  7.15%  74.9 1570s
 832637 295235 21842.8302   76  392 23425.9999 21750.8974  7.15%  75.0 1578s
 833439 295705 21801.3910   68  513 23425.9999 21750.9222  7.15%  75.1 1581s
 834248 296123 22045.9065   72  612 23425.9999 21750.9331  7.15%  75.1 1585s
 834921 296840 23094.0966   72  249 23425.9999 21750.9744  7.15%  75.2 1590s
 836787 298395 21974.2397   74  225 23425.9999 21751.0329  7.15%  75.3 1598s
 838489 298774 21871.6474   64  330 23425.9999 21751.0675  7.15%  75.4 1601s
 839828 299566 21850.6554   66  496 23425.9999 21751.0967  7.15%  75.5 1608s
 840481 300093 21762.7191   51  497 23425.9999 21751.1474  7.15%  75.6 1613s
 841293 300783 23359.6262   81  272 23425.9999 21751.1609  7.15%  75.6 1616s
 842410 301103 21768.6380   62  604 23425.9999 21751.1744  7.15%  75.7 1620s
 843964 301977 23061.9588   73  312 23425.9999 21751.2247  7.15%  75.8 1628s
 844787 302741 21772.8864   58  357 23425.9999 21751.2963  7.15%  75.9 1632s
 846071 303188 23408.1603   79  319 23425.9999 21751.3190  7.15%  75.9 1637s
 846868 303678 21953.7632   75  530 23425.9999 21751.4151  7.15%  76.0 1641s
 847694 304133 21968.5928   59  358 23425.9999 21751.4222  7.15%  76.0 1646s
 848467 304795 22958.0434   72  470 23425.9999 21751.4736  7.15%  76.1 1651s
 849627 305209     cutoff   85      23425.9999 21751.5022  7.15%  76.2 1655s
 851374 306306 23370.3697   79  284 23425.9999 21751.6502  7.15%  76.3 1663s
 852467 306692 21804.7695   53  568 23425.9999 21751.6839  7.15%  76.3 1665s
 853858 307777 21847.1503   68  503 23425.9999 21751.7266  7.15%  76.4 1672s
 854868 308167 23327.7938   66  366 23425.9999 21751.7266  7.15%  76.5 1675s
 856368 309279 22111.4151   60  336 23425.9999 21751.8611  7.15%  76.6 1682s
 857401 309760 21848.9525   63  563 23425.9999 21751.8883  7.15%  76.6 1686s
 858789 310740 infeasible   96      23425.9999 21751.9457  7.15%  76.8 1692s
 859616 311534 21806.1181   60  441 23425.9999 21751.9497  7.15%  76.8 1696s
 861685 312618 21833.4151   66  470 23425.9999 21752.0719  7.15%  76.9 1703s
 862647 313162 23011.6399   59  384 23425.9999 21752.1181  7.15%  77.0 1707s
 863484 314147 22357.7708   83  108 23425.9999 21752.1181  7.15%  77.1 1710s
 865923 315051 23338.8936   94  287 23425.9999 21752.2352  7.14%  77.2 1716s
 866442 315845 22097.2543   81  229 23425.9999 21752.2455  7.14%  77.2 1721s
 867751 316738 21854.0759   61  396 23425.9999 21752.2455  7.14%  77.3 1725s
 869752 317556 23212.5755   80  205 23425.9999 21752.4755  7.14%  77.4 1732s
 870553 318032 infeasible   66      23425.9999 21752.5635  7.14%  77.4 1735s
 872191 319463 21842.6641   57  458 23425.9999 21752.6405  7.14%  77.6 1742s
 873581 319950 21788.0600   53  563 23425.9999 21752.6919  7.14%  77.6 1746s
 874341 320504 23101.8721   68  392 23425.9999 21752.7451  7.14%  77.7 1750s
 876625 321815 21752.7855   64  523 23425.9999 21752.7855  7.14%  77.8 1757s
 877428 322285 22435.8373   67  444 23425.9999 21752.8607  7.14%  77.8 1761s
 878230 323002 23049.5732   67  230 23425.9999 21752.9125  7.14%  77.9 1765s
 880409 324194 21816.4259   63  579 23425.9999 21753.0023  7.14%  78.0 1773s
 881290 325480 21753.0130   50  480 23425.9999 21753.0130  7.14%  78.1 1777s
 883162 326011 23316.5415   80  205 23425.9999 21753.0130  7.14%  78.1 1780s
 884784 327077     cutoff   75      23425.9999 21753.0130  7.14%  78.2 1787s
 885546 327675     cutoff  104      23425.9999 21753.0130  7.14%  78.3 1792s
 886575 328500 23137.1927   66  299 23425.9999 21753.0130  7.14%  78.4 1797s
 887824 329496 22079.0000   67  287 23425.9999 21753.0130  7.14%  78.4 1801s
 889658 329955 23155.0681   69  232 23425.9999 21753.0130  7.14%  78.5 1805s
 891320 331079 23062.0893   82  188 23425.9999 21753.0130  7.14%  78.6 1813s
 892140 331539 23075.1567   73  283 23425.9999 21753.0130  7.14%  78.6 1816s
 892877 332095 23269.0445   94  274 23425.9999 21753.0130  7.14%  78.7 1820s
 895063 333328 infeasible   63      23425.9999 21753.1396  7.14%  78.8 1827s
 895632 334202 23395.1848   74  263 23425.9999 21753.1396  7.14%  78.9 1833s
 897046 334800 21769.1396   51  439 23425.9999 21753.1396  7.14%  79.0 1837s
 897950 335642 22704.8043   64  454 23425.9999 21753.1396  7.14%  79.0 1842s
 899242 336402 21769.1629   52  498 23425.9999 21753.1626  7.14%  79.1 1846s
 900322 337458 23265.0000   73  218 23425.9999 21753.2031  7.14%  79.2 1850s
 902836 338583 21769.2031   56  474 23425.9999 21753.2031  7.14%  79.3 1858s
 903779 339330 21817.0378   69  480 23425.9999 21753.2136  7.14%  79.3 1862s
 904846 340289 23131.5730   83  255 23425.9999 21753.2136  7.14%  79.4 1866s
 907408 341594 23023.1847   61  310 23425.9999 21753.3122  7.14%  79.5 1873s
 908545 342031 21791.0422   57  530 23425.9999 21753.3262  7.14%  79.5 1877s
 909255 342621 21893.3296   48  396 23425.9999 21753.3491  7.14%  79.6 1881s
 911345 343861 21753.3839   58  506 23425.9999 21753.3839  7.14%  79.7 1887s
 912014 344217 22892.0996   73  341 23425.9999 21753.3839  7.14%  79.7 1890s
 913573 345227 21823.8442   53  516 23425.9999 21753.3839  7.14%  79.8 1897s
 914324 345543 23320.6005  100  195 23425.9999 21753.4183  7.14%  79.9 1901s
 914973 345834 23180.8487   76  314 23425.9999 21753.4600  7.14%  80.0 1905s
 916449 347019 21992.7319   51  472 23425.9999 21753.5214  7.14%  80.1 1913s
 917433 347984 23198.4553   96  208 23425.9999 21753.5242  7.14%  80.1 1917s
 918907 348413 22981.4816   75  318 23425.9999 21753.6051  7.14%  80.2 1920s
 920557 349736 23260.0000  117   53 23425.9999 21753.7306  7.14%  80.2 1929s
 921665 350211 23345.3234   96  247 23425.9999 21753.7612  7.14%  80.3 1933s
 922601 350777 22649.0766   64  514 23425.9999 21753.8126  7.14%  80.4 1937s
 923658 351377 infeasible   61      23425.9999 21753.8544  7.14%  80.4 1941s
 924811 352198 23140.3834   93  161 23425.9999 21753.8773  7.14%  80.5 1945s
 926783 353166 21811.7101   55  455 23425.9999 21753.9396  7.14%  80.5 1951s
 927440 353791 21824.0000   68  247 23425.9999 21753.9396  7.14%  80.6 1955s
 929721 355192 21807.9396   49  437 23425.9999 21753.9396  7.14%  80.7 1963s
 930525 355813 23028.9232   59  334 23425.9999 21753.9396  7.14%  80.7 1967s
 931367 356313 22488.3438   50  572 23425.9999 21753.9497  7.14%  80.8 1970s
 933271 357395 infeasible   58      23425.9999 21754.0044  7.14%  80.9 1978s
 934162 358306 22141.6375   56  414 23425.9999 21754.0249  7.14%  81.0 1982s
 935554 358636 23150.2505   59  586 23425.9999 21754.0593  7.14%  81.0 1985s
 936029 359598 23348.3051   67  335 23425.9999 21754.0722  7.14%  81.0 1991s
 937560 360199 21820.4364   55  525 23425.9999 21754.1252  7.14%  81.1 1995s
 938587 361032 21852.9420   70  497 23425.9999 21754.1398  7.14%  81.2 2000s
 940697 361756 21785.1396   61  296 23425.9999 21754.2283  7.14%  81.3 2007s
 941382 362409 21789.0276   54  603 23425.9999 21754.2790  7.14%  81.4 2012s
 942421 363358 21868.2343   56  559 23425.9999 21754.3351  7.14%  81.4 2017s
 943689 364340 23321.8332   84  235 23425.9999 21754.3740  7.14%  81.5 2021s
 945622 364786 23376.0000   93  163 23425.9999 21754.4469  7.14%  81.5 2025s
 947404 366277 23364.0084   96  236 23425.9999 21754.4996  7.14%  81.6 2032s
 948844 366762 21822.3075   52  449 23425.9999 21754.5334  7.14%  81.6 2036s
 950333 367651 infeasible   62      23425.9999 21754.5647  7.13%  81.7 2042s
 951099 368165 21825.1646   75  520 23425.9999 21754.6046  7.13%  81.8 2046s
 952914 369310 21785.1396   60  348 23425.9999 21754.6437  7.13%  81.9 2052s
 953730 369924 23000.0989   69  337 23425.9999 21754.6544  7.13%  81.9 2055s
 955788 370946 22521.3047   58  397 23425.9999 21754.6775  7.13%  82.0 2060s
 956869 371857 23013.0247   55  480 23425.9999 21754.7357  7.13%  82.0 2065s
 958359 372900 23178.2312   73  242 23425.9999 21754.7924  7.13%  82.1 2072s
 959300 373400 22972.1899   77  257 23425.9999 21754.8521  7.13%  82.2 2075s
 961435 374813 infeasible   62      23425.9999 21754.9621  7.13%  82.3 2081s
 962332 375329 23369.0048   84  303 23425.9999 21754.9994  7.13%  82.3 2085s
 964439 376638 infeasible   80      23425.9999 21755.0291  7.13%  82.4 2091s
 965783 377449 21807.2771   57  527 23425.9999 21755.1864  7.13%  82.5 2097s
 966625 378038 21771.3571   49  529 23425.9999 21755.2083  7.13%  82.5 2100s
 968342 379127     cutoff   76      23425.9999 21755.3201  7.13%  82.6 2106s
 970081 380175 21787.4151   56  532 23425.9999 21755.4184  7.13%  82.7 2113s
 971227 380622 22058.5098   63  370 23425.9999 21755.4895  7.13%  82.8 2117s
 972049 381275 21791.0193   70  295 23425.9999 21755.5234  7.13%  82.8 2121s
 973102 382369 21892.4233   59  600 23425.9999 21755.5525  7.13%  82.9 2125s
 975493 383156 21810.3627   63  423 23425.9999 21755.5920  7.13%  83.0 2131s
 976960 384084 22472.8228   94  136 23425.9999 21755.6789  7.13%  83.1 2138s
 977843 384451 21779.0065   59  556 23425.9999 21755.7456  7.13%  83.1 2141s
 978393 384775 23071.1211   62  276 23425.9999 21755.7611  7.13%  83.1 2146s
 979194 385302 23378.1283   67  341 23425.9999 21755.8090  7.13%  83.1 2150s
 981003 386313 22002.7754   64  329 23425.9999 21755.9128  7.13%  83.2 2159s
 981854 386813 23102.3689   67  187 23425.9999 21755.9577  7.13%  83.3 2163s
 982694 387428 23124.0797   64  282 23425.9999 21755.9781  7.13%  83.3 2166s
 983743 388068 23082.0000   75  191 23425.9999 21755.9864  7.13%  83.4 2170s
 985469 388961 21920.5819   71  481 23425.9999 21756.0890  7.13%  83.5 2178s
 986452 389153     cutoff   87      23425.9999 21756.1115  7.13%  83.5 2181s
 986812 389970 23010.0210   55  371 23425.9999 21756.1145  7.13%  83.6 2187s
 988337 390620 22767.8553   71  359 23425.9999 21756.2037  7.13%  83.7 2191s
 989404 391708 23128.6631   76  294 23425.9999 21756.3014  7.13%  83.8 2196s
 991977 392736 22428.5247   60  575 23425.9999 21756.4378  7.13%  83.8 2202s
 992884 393309 22185.4812   68  241 23425.9999 21756.4956  7.13%  83.9 2206s
 994626 394292 23143.7973   84  253 23425.9999 21756.5843  7.13%  84.0 2212s
 995455 394870 infeasible   59      23425.9999 21756.6246  7.13%  84.0 2216s
 997473 395967 23264.4489   67  327 23425.9999 21756.7749  7.13%  84.1 2223s
 998376 396759 21775.7600   62  405 23425.9999 21756.8437  7.13%  84.1 2226s
 1000245 397766 22142.8839   56  407 23425.9999 21756.8867  7.13%  84.2 2233s
 1001290 398561 21938.5351   64  542 23425.9999 21756.8958  7.13%  84.3 2237s
 1002581 399056 22054.6355   60  431 23425.9999 21756.9555  7.12%  84.3 2240s
 1004407 400397 infeasible   60      23425.9999 21756.9936  7.12%  84.4 2247s
 1005542 401276 23219.9664   65  289 23425.9999 21757.0582  7.12%  84.5 2250s
 1007709 402195 21788.2895   59  588 23425.9999 21757.1396  7.12%  84.5 2256s
 1009077 403074 23148.5918   80  321 23425.9999 21757.2062  7.12%  84.6 2263s
 1009830 403371 23377.4467   93  222 23425.9999 21757.2593  7.12%  84.6 2266s
 1011281 404756 22077.5699   55  480 23425.9999 21757.3574  7.12%  84.7 2272s
 1012697 405180 infeasible   68      23425.9999 21757.4876  7.12%  84.8 2276s
 1014279 406029 21762.6423   58  540 23425.9999 21757.5324  7.12%  84.8 2282s
 1014889 406756 21854.6312   56  622 23425.9999 21757.5896  7.12%  84.9 2286s
 1016086 407270 21774.3208   65  547 23425.9999 21757.6495  7.12%  85.0 2290s
 1017686 408882 23128.5294   60  303 23425.9999 21757.6864  7.12%  85.1 2297s
 1019190 409349     cutoff   91      23425.9999 21757.6864  7.12%  85.1 2301s
 1020810 410431 23261.7985   86  244 23425.9999 21757.7971  7.12%  85.2 2309s
 1021824 411146 23171.4587   61  227 23425.9999 21757.8518  7.12%  85.2 2313s
 1022979 411702 22588.1694   62  364 23425.9999 21757.9213  7.12%  85.3 2317s
 1023859 412295     cutoff   76      23425.9999 21757.9524  7.12%  85.3 2320s
 1025779 413435 22032.9490   59  490 23425.9999 21757.9524  7.12%  85.5 2328s
 1026822 414282 23380.5495   95  263 23425.9999 21757.9524  7.12%  85.5 2332s
 1028213 414805 23002.7918   66  225 23425.9999 21758.0038  7.12%  85.5 2335s
 1029646 415873 22993.9521   66  435 23425.9999 21758.0683  7.12%  85.6 2344s
 1030968 416349 22163.6312   51  550 23425.9999 21758.1244  7.12%  85.7 2348s
 1031743 416825 23194.8521   65  387 23425.9999 21758.1762  7.12%  85.7 2352s
 1032569 417436 23203.6704   74  270 23425.9999 21758.2399  7.12%  85.8 2356s
 1033572 418337 21858.4416   62  491 23425.9999 21758.2902  7.12%  85.8 2360s
 1035707 419143 21897.7768   62  371 23425.9999 21758.3713  7.12%  85.9 2368s
 1036576 419435 23078.9748   71  375 23425.9999 21758.3713  7.12%  85.9 2371s
 1037121 420070 21773.0005   50  515 23425.9999 21758.4368  7.12%  86.0 2375s
 1039237 421197 22343.4874   98  216 23425.9999 21758.6008  7.12%  86.1 2383s
 1040217 421802 22725.6972   97  173 23425.9999 21758.6403  7.12%  86.1 2387s
 1041254 422688 22064.3016   77  350 23425.9999 21758.6763  7.12%  86.1 2391s
 1043591 423424 infeasible   69      23425.9999 21758.8114  7.12%  86.2 2397s
 1044183 423992 22299.4746   58  429 23425.9999 21758.8589  7.12%  86.3 2401s
 1045172 424660 23324.2589   86  240 23425.9999 21758.9232  7.12%  86.3 2405s
 1047167 425630 22825.4541   69  407 23425.9999 21759.0924  7.12%  86.4 2412s
 1047958 426177 21838.2336   52  644 23425.9999 21759.1504  7.12%  86.4 2416s
 1048764 426857 21766.4148   54  535 23425.9999 21759.1631  7.12%  86.5 2420s
 1051364 428342 21810.9807   61  485 23425.9999 21759.3161  7.11%  86.6 2428s
 1052342 428872 23326.8246   82  291 23425.9999 21759.3161  7.11%  86.6 2431s
 1053166 429704 22073.2395   61  573 23425.9999 21759.3666  7.11%  86.7 2435s
 1055551 430698 21961.9291   59  515 23425.9999 21759.4784  7.11%  86.7 2441s
 1056216 431251 23259.3151   75  240 23425.9999 21759.5017  7.11%  86.8 2445s
 1057941 432206 infeasible   61      23425.9999 21759.6699  7.11%  86.8 2452s
 1059872 433238 21894.7635   58  533 23425.9999 21759.7793  7.11%  86.9 2457s
 1060413 433642 21910.9433   65  674 23425.9999 21759.8108  7.11%  86.9 2460s
 1061830 434622 22063.8803   65  570 23425.9999 21759.9071  7.11%  87.0 2468s
 1062619 435284 22985.0617   55  447 23425.9999 21759.9441  7.11%  87.1 2472s
 1063549 435838 23374.3101   93  183 23425.9999 21759.9441  7.11%  87.1 2475s
 1065333 437053 infeasible   64      23425.9999 21759.9606  7.11%  87.2 2484s
 1066422 437634     cutoff   96      23425.9999 21759.9606  7.11%  87.2 2488s
 1067306 438557 infeasible   72      23425.9999 21759.9606  7.11%  87.3 2491s
 1068763 438941 22585.6256   68  390 23425.9999 21759.9606  7.11%  87.3 2495s
 1070253 439871 23078.5797   63  393 23425.9999 21760.0183  7.11%  87.4 2503s
 1070892 440334 21781.6051   56  401 23425.9999 21760.0522  7.11%  87.5 2507s
 1071770 440780 21788.7078   59  452 23425.9999 21760.1061  7.11%  87.5 2511s
 1072513 441176 22990.2961   59  316 23425.9999 21760.1507  7.11%  87.6 2515s
 1073810 442139 21935.4273   65  252 23425.9999 21760.1507  7.11%  87.6 2521s
 1074747 442696 21770.1603   61  514 23425.9999 21760.1507  7.11%  87.7 2525s
 1076481 443608 21789.6032   59  612 23425.9999 21760.4176  7.11%  87.8 2532s
 1077182 444254 23353.2018   87  213 23425.9999 21760.4617  7.11%  87.8 2536s
 1078133 444887 22012.4168   59  422 23425.9999 21760.5433  7.11%  87.8 2540s
 1079949 445993 23136.1637   76  219 23425.9999 21760.5730  7.11%  87.9 2547s
 1080856 446481 21991.5513   58  472 23425.9999 21760.5730  7.11%  88.0 2551s
 1081717 447138 23236.4177   81  231 23425.9999 21760.7348  7.11%  88.0 2555s
 1083690 448388 21978.6521   61  574 23425.9999 21760.8696  7.11%  88.1 2563s
 1084749 448929 21807.5338   59  412 23425.9999 21760.9025  7.11%  88.1 2567s
 1085731 449472 21797.0467   66  405 23425.9999 21761.0080  7.11%  88.2 2571s
 1087366 450177 infeasible   81      23425.9999 21761.1092  7.11%  88.3 2577s
 1088045 450618 23074.5809   70  381 23425.9999 21761.2261  7.11%  88.3 2580s
 1089628 451468 23245.9689   69  322 23425.9999 21761.3174  7.11%  88.4 2589s
 1090392 452043 21811.1487   66  635 23425.9999 21761.3828  7.11%  88.4 2593s
 1091358 452542 21994.6565   62  443 23425.9999 21761.4488  7.11%  88.5 2597s
 1092195 453112 23053.9379   65  351 23425.9999 21761.4945  7.11%  88.5 2601s
 1093060 453661 22199.0221   57  492 23425.9999 21761.5205  7.11%  88.5 2605s
 1095510 454997 23357.4011   81  238 23425.9999 21761.7175  7.10%  88.6 2612s
 1096374 455547 23331.1073   83  221 23425.9999 21761.7661  7.10%  88.6 2616s
 1097265 456119 23265.4756   77  265 23425.9999 21761.8137  7.10%  88.7 2620s
 1099106 457130 21799.8357   55  397 23425.9999 21762.0042  7.10%  88.7 2627s
 1099973 457588 23286.4538   87  285 23425.9999 21762.0941  7.10%  88.8 2630s
 1101525 458518 21810.3975   63  538 23425.9999 21762.2620  7.10%  88.8 2639s
 1102374 459013 23333.8435   84  180 23425.9999 21762.4033  7.10%  88.9 2644s
 1103200 459421 21847.0493   56  679 23425.9999 21762.4786  7.10%  88.9 2647s
 1103867 460005 23354.8163   73  272 23425.9999 21762.5333  7.10%  89.0 2651s
 1104792 460895 21927.5987   55  621 23425.9999 21762.5989  7.10%  89.0 2655s
 1106914 461850 infeasible   72      23425.9999 21762.7494  7.10%  89.1 2662s
 1107731 462318 23272.4253   83  275 23425.9999 21762.8114  7.10%  89.1 2666s
 1108649 462851 21925.6895   56  616 23425.9999 21762.8292  7.10%  89.1 2670s
 1110644 464057 21868.3441   61  457 23425.9999 21763.0000  7.10%  89.2 2678s
 1111472 464668 23091.2846   72  382 23425.9999 21763.0024  7.10%  89.2 2682s
 1112383 465049 22100.2897   82  208 23425.9999 21763.0345  7.10%  89.2 2686s
 1112983 465452 22711.4463   67  334 23425.9999 21763.0845  7.10%  89.3 2690s
 1114402 466239 22652.9493   65  373 23425.9999 21763.2203  7.10%  89.3 2698s
 1115024 466592     cutoff   90      23425.9999 21763.2923  7.10%  89.4 2702s
 1115641 467117 infeasible   67      23425.9999 21763.4151  7.10%  89.4 2706s
 1116594 467696 22843.6395   62  342 23425.9999 21763.4151  7.10%  89.4 2710s
 1118482 468683 23076.9946   70  296 23425.9999 21763.5017  7.10%  89.5 2717s
 1119335 469024 22040.8596   52  522 23425.9999 21763.6219  7.10%  89.5 2721s
 1119943 469642 21834.1579   55  576 23425.9999 21763.6740  7.10%  89.5 2725s
 1120857 470639 23370.7552   93  251 23425.9999 21763.7298  7.10%  89.5 2731s
 1122607 471460 infeasible   60      23425.9999 21763.8560  7.10%  89.6 2736s
 1123829 472174 21995.1040   73  390 23425.9999 21763.8719  7.10%  89.6 2741s
 1124923 473037 22560.6592   66  480 23425.9999 21763.9128  7.10%  89.7 2746s
 1126374 473557 22039.1899   79  302 23425.9999 21763.9128  7.10%  89.7 2751s
 1127203 474096 22997.7310   66  355 23425.9999 21763.9128  7.10%  89.8 2755s
 1128099 474894 23296.0084   79  191 23425.9999 21763.9438  7.09%  89.8 2761s
 1129277 475487 23354.0000   83  214 23425.9999 21763.9441  7.09%  89.8 2766s
 1130202 476026 21836.9988   63  456 23425.9999 21763.9441  7.09%  89.9 2770s
 1131125 476746 23381.6066   74  264 23425.9999 21763.9441  7.09%  89.9 2776s
 1132174 477383 23301.8198   67  251 23425.9999 21763.9497  7.09%  90.0 2780s
 1133152 478534 23229.1899   73  185 23425.9999 21763.9497  7.09%  90.0 2785s
 1134845 479091 23195.6484   77  319 23425.9999 21763.9497  7.09%  90.1 2790s
 1136760 480105 23314.2429   65  436 23425.9999 21763.9559  7.09%  90.2 2798s
 1137345 480944 23070.0997   65  430 23425.9999 21763.9663  7.09%  90.2 2806s
 1138721 481797 23400.6157   90  150 23425.9999 21763.9976  7.09%  90.3 2812s
 1140015 482583 23052.7401   66  307 23425.9999 21764.0032  7.09%  90.4 2817s
 1141202 483318 23288.6097   76  337 23425.9999 21764.0434  7.09%  90.4 2823s
 1142377 484051 23096.1996   59  239 23425.9999 21764.1058  7.09%  90.4 2828s
 1143601 485318 23318.2880   80  267 23425.9999 21764.1116  7.09%  90.5 2833s
 1145599 485727 infeasible   62      23425.9999 21764.1374  7.09%  90.5 2837s
 1146378 486161 22236.7552   65  499 23425.9999 21764.1400  7.09%  90.5 2841s
 1147350 486558 23044.6162   72  359 23425.9999 21764.1645  7.09%  90.5 2845s
 1148938 487446 23014.2041   71  396 23425.9999 21764.2407  7.09%  90.6 2854s
 1149591 488072 21861.7583   57  590 23425.9999 21764.3241  7.09%  90.7 2859s
 1150715 488669 23263.1508   74  292 23425.9999 21764.3946  7.09%  90.7 2863s
 1151626 489313 22502.9475   66  637 23425.9999 21764.4977  7.09%  90.7 2868s
 1152730 489797 21782.8283   62  627 23425.9999 21764.5359  7.09%  90.8 2872s
 1153562 490235 23272.0253   82  243 23425.9999 21764.6246  7.09%  90.8 2877s
 1154548 490739 infeasible   61      23425.9999 21764.6809  7.09%  90.9 2884s
 1155409 491342 22036.8722   59  405 23425.9999 21764.7050  7.09%  90.9 2889s
 1156402 492205 infeasible   64      23425.9999 21764.7725  7.09%  90.9 2894s
 1157904 492789 22060.4523   62  345 23425.9999 21764.8384  7.09%  91.0 2899s
 1158851 493567 21882.0996   62  345 23425.9999 21764.8851  7.09%  91.0 2905s
 1160000 494172 21874.7550   64  380 23425.9999 21764.9276  7.09%  91.0 2910s
 1160964 494707 23073.4621   61  278 23425.9999 21764.9560  7.09%  91.1 2915s
 1163084 495838 23389.0240   79  213 23425.9999 21765.0000  7.09%  91.1 2922s
 1163920 496286 21800.4419   64  318 23425.9999 21765.0014  7.09%  91.2 2926s
 1164639 496779 22416.4305   59  529 23425.9999 21765.0109  7.09%  91.2 2930s
 1166600 497972 22004.6530   55  498 23425.9999 21765.1077  7.09%  91.2 2937s
 1167336 498331 22888.0767   58  338 23425.9999 21765.1389  7.09%  91.3 2940s
 1168015 498799 22901.5770   68  245 23425.9999 21765.1434  7.09%  91.3 2945s
 1168742 499307 23341.6285   92  151 23425.9999 21765.2200  7.09%  91.3 2950s
 1169648 499872 21832.4249   58  520 23425.9999 21765.2402  7.09%  91.4 2955s
 1170596 500556 23145.0643   81  306 23425.9999 21765.2825  7.09%  91.4 2961s
 1171659 501774 23342.1000   88  161 23425.9999 21765.3593  7.09%  91.5 2966s
 1173589 502386 23300.2997   94  361 23425.9999 21765.3918  7.09%  91.5 2971s
 1174601 503067 21811.0680   63  432 23425.9999 21765.4151  7.09%  91.5 2977s
 1175672 503948 21788.1909   63  387 23425.9999 21765.4151  7.09%  91.6 2982s
 1177030 504661 infeasible   83      23425.9999 21765.4151  7.09%  91.6 2987s
 1178266 505217 21833.6601   53  421 23425.9999 21765.4151  7.09%  91.7 2991s
 1179162 505995 22836.8312   55  366 23425.9999 21765.4151  7.09%  91.7 2997s
 1180272 506947 21899.4035   56  465 23425.9999 21765.4151  7.09%  91.7 3002s
 1181826 507634 23097.1746   62  355 23425.9999 21765.4151  7.09%  91.8 3008s
 1182929 508299 21803.7644   59  298 23425.9999 21765.4151  7.09%  91.8 3013s
 1183983 509010 21785.1359   60  338 23425.9999 21765.4151  7.09%  91.9 3018s
 1185097 509617     cutoff  116      23425.9999 21765.4151  7.09%  91.9 3024s
 1186314 510558 22880.9239   55  494 23425.9999 21765.4151  7.09%  91.9 3029s
 1187604 511017 22649.8280   77  415 23425.9999 21765.4151  7.09%  92.0 3033s
 1188382 512062 22084.0184   63  493 23425.9999 21765.4151  7.09%  92.1 3040s
 1189936 513213 22661.2384   67  419 23425.9999 21765.4151  7.09%  92.1 3046s
 1191822 513848 21771.9047   54  383 23425.9999 21765.4151  7.09%  92.2 3053s
 1192786 514745 22486.6479   52  606 23425.9999 21765.4151  7.09%  92.2 3060s
 1194124 515401 23006.6176   73  349 23425.9999 21765.4151  7.09%  92.3 3066s
 1195384 516047 21820.6579   62  393 23425.9999 21765.4352  7.09%  92.3 3073s
 1196578 517024 22130.3631   61  367 23425.9999 21765.4600  7.09%  92.3 3080s
 1198121 517737 23071.0700   75  262 23425.9999 21765.4600  7.09%  92.4 3087s
 1199275 518484 21929.4468   55  624 23425.9999 21765.4686  7.09%  92.4 3093s
 1200440 519123 21853.4260   55  604 23425.9999 21765.4686  7.09%  92.5 3099s
 1201589 519880 22998.2984   60  446 23425.9999 21765.4767  7.09%  92.5 3104s
 1202931 520934 23412.0627   91  284 23425.9999 21765.5142  7.09%  92.6 3109s
 1204797 521522 infeasible   71      23425.9999 21765.5638  7.09%  92.6 3114s
 1205732 522210 infeasible   63      23425.9999 21765.5995  7.09%  92.7 3119s
 1206768 522607 23370.1103  106  218 23425.9999 21765.6051  7.09%  92.7 3124s
 1207459 523553 22079.3127   53  636 23425.9999 21765.6051  7.09%  92.7 3131s
 1208984 524696 22124.1901   71  203 23425.9999 21765.6051  7.09%  92.8 3136s
 1210877 525237 infeasible   60      23425.9999 21765.6051  7.09%  92.8 3140s
 1211939 525894 23400.5538   96  245 23425.9999 21765.6051  7.09%  92.9 3145s
 1212893 526501 22034.3050   66  263 23425.9999 21765.6051  7.09%  92.9 3150s
 1213841 527274 22801.9578   66  565 23425.9999 21765.6051  7.09%  92.9 3155s
 1216947 529214 21854.9780   62  604 23425.9999 21765.6051  7.09%  93.0 3164s
 1217970 529959 21765.6051   58  419 23425.9999 21765.6051  7.09%  93.1 3168s
 1219070 531102 21832.6713   59  562 23425.9999 21765.6051  7.09%  93.1 3172s
 1220674 531762 22144.0343   67  364 23425.9999 21765.6051  7.09%  93.1 3176s
 1221671 532490 21788.8122   61  402 23425.9999 21765.6066  7.09%  93.2 3180s
 1224392 533942     cutoff   69      23425.9999 21765.6066  7.09%  93.2 3186s
 1225834 535503 23248.3874   79  273 23425.9999 21765.6066  7.09%  93.2 3193s
 1227439 535793 23211.4383   66  378 23425.9999 21765.6066  7.09%  93.2 3195s
 1228672 536582 22353.1299   86  201 23425.9999 21765.6349  7.09%  93.3 3201s
 1230012 537608 21776.2777   65  526 23425.9999 21765.6894  7.09%  93.3 3207s
 1231024 537962 22139.1282   79  303 23425.9999 21765.7109  7.09%  93.4 3210s
 1232492 538783 22232.0023   68  515 23425.9999 21765.7565  7.09%  93.4 3217s
 1233166 539159 23383.0000   89  148 23425.9999 21765.7652  7.09%  93.4 3222s
 1234081 539465 21823.4486   56  461 23425.9999 21765.7933  7.09%  93.5 3226s
 1234626 540000 21961.9928   61  557 23425.9999 21765.8107  7.09%  93.5 3230s
 1236711 541229 21810.2963   73  401 23425.9999 21765.8549  7.09%  93.5 3239s
 1237633 541520 23019.1255   63  456 23425.9999 21765.8937  7.09%  93.5 3242s
 1238220 542311 infeasible   59      23425.9999 21765.9145  7.09%  93.6 3249s
 1239585 543010 infeasible   68      23425.9999 21765.9928  7.09%  93.6 3255s
 1240763 543771 21852.2999   62  512 23425.9999 21766.0404  7.09%  93.7 3261s
 1241931 544844 21767.8738   56  379 23425.9999 21766.0563  7.09%  93.7 3267s
 1243682 545588 22757.2056   57  370 23425.9999 21766.0731  7.09%  93.7 3272s
 1244773 546124 23262.1083   84  235 23425.9999 21766.1051  7.09%  93.7 3278s
 1245600 546950 21769.3241   64  381 23425.9999 21766.1259  7.09%  93.8 3284s
 1246882 547851 21768.0548   64  379 23425.9999 21766.1265  7.09%  93.8 3289s
 1248340 548489 infeasible   70      23425.9999 21766.1511  7.09%  93.8 3294s
 1249410 549164 23336.8133   77  277 23425.9999 21766.1686  7.09%  93.8 3299s
 1250573 550292 22087.1890   62  256 23425.9999 21766.1793  7.09%  93.8 3304s
 1252248 550813 21851.2743   57  591 23425.9999 21766.1793  7.09%  93.8 3309s
 1253142 551336 infeasible   72      23425.9999 21766.2277  7.09%  93.8 3314s
 1253969 552012 21824.2456   59  287 23425.9999 21766.2497  7.09%  93.9 3320s
 1254984 552824 23310.4047   63  266 23425.9999 21766.2520  7.09%  93.9 3326s
 1256184 553622 22439.4603   66  441 23425.9999 21766.2835  7.08%  93.9 3331s
 1257830 554205     cutoff   67      23425.9999 21766.3297  7.08%  94.0 3336s
 1258785 554744     cutoff   78      23425.9999 21766.3539  7.08%  94.0 3341s
 1259686 555447 23002.3371   66  350 23425.9999 21766.3881  7.08%  94.0 3347s
 1260794 556258 23173.3115   75  255 23425.9999 21766.4066  7.08%  94.1 3353s
 1262135 556798     cutoff   66      23425.9999 21766.4179  7.08%  94.1 3357s
 1262982 557252 22162.9553   63  518 23425.9999 21766.4590  7.08%  94.1 3362s
 1263808 557757 23179.1883   75  229 23425.9999 21766.4929  7.08%  94.1 3367s
 1264665 558375 22400.0660   63  484 23425.9999 21766.5469  7.08%  94.1 3372s
 1265774 559183 22031.7543   60  452 23425.9999 21766.5754  7.08%  94.2 3377s
 1266975 559781 22055.3458   75  232 23425.9999 21766.6079  7.08%  94.2 3382s
 1267801 560581 23355.5427   72  224 23425.9999 21766.6079  7.08%  94.3 3388s
 1269096 561091 23356.7858   53  434 23425.9999 21766.6079  7.08%  94.3 3393s
 1269989 561731 infeasible  100      23425.9999 21766.6127  7.08%  94.3 3399s
 1271058 562196 21929.4566   58  482 23425.9999 21766.6512  7.08%  94.4 3404s
 1271927 562820 22811.6893   72  240 23425.9999 21766.7172  7.08%  94.4 3410s
 1272853 563422 21789.6862   66  408 23425.9999 21766.7350  7.08%  94.4 3415s
 1273775 564160 infeasible   64      23425.9999 21766.7613  7.08%  94.5 3421s
 1274914 565518 22713.0903   92  161 23425.9999 21766.7980  7.08%  94.5 3427s
 1276964 566136 23386.4288   77  273 23425.9999 21766.7980  7.08%  94.5 3432s
 1278105 566773 23092.0418   71  300 23425.9999 21766.7995  7.08%  94.5 3437s
 1279063 567496     cutoff   63      23425.9999 21766.8102  7.08%  94.5 3441s
 1280224 567953 23248.0162   68  391 23425.9999 21766.8558  7.08%  94.5 3446s
 1281148 568453 21960.0945   53  453 23425.9999 21766.8851  7.08%  94.6 3451s
 1281917 568898 21870.9519   60  415 23425.9999 21766.8920  7.08%  94.6 3455s
 1282636 569722 21805.1988   51  635 23425.9999 21766.9050  7.08%  94.6 3462s
 1283932 570592 21784.4299   60  495 23425.9999 21766.9259  7.08%  94.6 3467s
 1285236 571357 22158.9894   53  503 23425.9999 21766.9611  7.08%  94.6 3472s
 1286436 571941 infeasible  107      23425.9999 21767.0024  7.08%  94.7 3476s
 1287461 572511 22045.2562   65  470 23425.9999 21767.0304  7.08%  94.7 3481s
 1289190 573451 infeasible   66      23425.9999 21767.0675  7.08%  94.7 3489s
 1290049 574070 22283.3833   67  360 23425.9999 21767.0675  7.08%  94.8 3495s
 1291055 574666 23186.4828   63  341 23425.9999 21767.1154  7.08%  94.8 3500s
 1292122 575622 23114.9266   76  300 23425.9999 21767.1707  7.08%  94.9 3506s
 1293531 576780 21818.7126   63  582 23425.9999 21767.2468  7.08%  94.9 3511s
 1295447 577422 21770.7722   59  584 23425.9999 21767.3088  7.08%  94.9 3516s
 1296465 577972 23342.6226  112   36 23425.9999 21767.3540  7.08%  94.9 3521s
 1297283 578846 infeasible   90      23425.9999 21767.3540  7.08%  95.0 3528s
 1298603 580122 23328.4061   74  332 23425.9999 21767.3540  7.08%  95.0 3534s
 1300518 580657 21767.3540   58  491 23425.9999 21767.3540  7.08%  95.0 3539s
 1301345 581283 21856.7557   66  307 23425.9999 21767.3540  7.08%  95.1 3546s
 1302280 581927 22186.6864   65  540 23425.9999 21767.3540  7.08%  95.1 3551s
 1303243 582538 infeasible   64      23425.9999 21767.3540  7.08%  95.1 3556s
 1304245 583518 23319.2310   65  304 23425.9999 21767.3540  7.08%  95.2 3562s
 1305781 583950 22275.3075   63  534 23425.9999 21767.3601  7.08%  95.2 3567s
 1306535 584474 23103.6948   62  395 23425.9999 21767.3748  7.08%  95.2 3572s
 1307597 585143 23314.5494   76  324 23425.9999 21767.4091  7.08%  95.2 3577s
 1308699 585702 23349.6635   77  278 23425.9999 21767.4159  7.08%  95.2 3583s
 1309927 586435 23080.1581   57  442 23425.9999 21767.4339  7.08%  95.2 3588s
 1311109 587058 21783.8300   59  577 23425.9999 21767.4596  7.08%  95.3 3592s
 1312066 588085 23363.1861   81  185 23425.9999 21767.4596  7.08%  95.3 3597s
 1313666 588485 22031.0266   69  302 23425.9999 21767.4598  7.08%  95.3 3600s

Cutting planes:
  Learned: 250
  Gomory: 10
  Cover: 253
  Implied bound: 77
  Clique: 200
  MIR: 162
  StrongCG: 15
  Flow cover: 10
  GUB cover: 1
  Zero half: 2
  Network: 4
  RLT: 19
  Relax-and-lift: 34

Explored 1314220 nodes (125228147 simplex iterations) in 3604.95 seconds (4787.21 work units)
Thread count was 8 (of 8 available processors)

Solution count 10: 23426 23426 23426 ... 24674

Time limit reached
Best objective 2.342599989661e+04, best bound 2.176745975941e+04, gap 7.0799%

User-callback calls 2631244, time in user-callback 3.59 sec

Statistics for modelBNB_BSNH_BSAL_BPHD:
  Linear constraint matrix    : 21339 Constrs, 8010 Vars, 78947 NZs
  Variable types              : 2735 Continuous,
5275 Integer (1117 Binary)
  Matrix coefficient range    : [ 1, 200 ]
  Objective coefficient range : [ 1, 382 ]
  Variable bound range        : [ 1, 199 ]
  RHS coefficient range       : [ 1, 549 ]
