
Gurobi 10.0.1 (mac64[arm]) logging started Sun Mar 31 14:36:18 2024

Set parameter LogFile to value "/Users/deniserings/Documents/zib/s-bahn-data/scripts/DeniseMA/processed/BNB_BSNH_BSAL_BPHD/RENS/BNB_BSNH_BSAL_BPHD_subMBP_random4_0.6_202403301837.log"
Gurobi Optimizer version 10.0.1 build v10.0.1rc0 (mac64[arm])

CPU model: Apple M2
Thread count: 8 physical cores, 8 logical processors, using up to 8 threads

Optimize a model with 21277 rows, 8010 columns and 78885 nonzeros
Model fingerprint: 0x62e8cebd
Variable types: 2735 continuous, 5275 integer (1117 binary)
Coefficient statistics:
  Matrix range     [1e+00, 2e+02]
  Objective range  [1e+00, 4e+02]
  Bounds range     [1e+00, 2e+02]
  RHS range        [1e+00, 5e+02]
Presolve removed 8914 rows and 2635 columns
Presolve time: 3.55s
Presolved: 12363 rows, 5375 columns, 52066 nonzeros
Variable types: 1430 continuous, 3945 integer (3945 binary)

Root relaxation: objective 2.080800e+04, 3219 iterations, 0.06 seconds (0.03 work units)

    Nodes    |    Current Node    |     Objective Bounds      |     Work
 Expl Unexpl |  Obj  Depth IntInf | Incumbent    BestBd   Gap | It/Node Time

     0     0 20808.0000    0  325          - 20808.0000      -     -    4s
     0     0 20877.5343    0  677          - 20877.5343      -     -    4s
     0     0 20877.5343    0  585          - 20877.5343      -     -    4s
     0     0 20894.3991    0  746          - 20894.3991      -     -    5s
     0     0 20894.3991    0  702          - 20894.3991      -     -    5s
     0     0 20894.3991    0  702          - 20894.3991      -     -    5s
     0     0 20903.8275    0  639          - 20903.8275      -     -    5s
     0     0 20904.0000    0  596          - 20904.0000      -     -    5s
     0     0 20904.0000    0  611          - 20904.0000      -     -    5s
     0     0 20904.0000    0  648          - 20904.0000      -     -    5s
     0     0 20904.0000    0  601          - 20904.0000      -     -    5s
     0     0 20904.0000    0  671          - 20904.0000      -     -    5s
     0     0 20904.0000    0  237          - 20904.0000      -     -    6s
   269   274 21162.7538   24  138          - 20904.0000      -  89.5   10s
   509   453 20956.0000    2  167          - 20938.0000      -  74.6   15s
  2001  1460 20956.8619   16  133          - 20956.0000      -  58.7   24s
  2031  1486 20976.0000   20  287          - 20956.8716      -  58.8   25s
H 2892  1866                    24919.000000 20956.8716  15.9%  56.2   29s
  3871  2628 20999.4608   12   88 24919.0000 20985.7176  15.8%  52.5   32s
H 3998  2703                    24899.000000 20998.4383  15.7%  51.4   33s
  5060  3403 20998.6797   23  294 24899.0000 20998.4383  15.7%  42.7   35s
  8201  4866 21324.9625   43   58 24899.0000 21080.8716  15.3%  41.1   40s
H10137  5342                    24886.000000 21080.8716  15.3%  39.3   43s
 11030  6072 infeasible   80      24886.0000 21080.8716  15.3%  36.7   45s
 12593  7290 21591.8716   48   19 24886.0000 21080.8716  15.3%  38.2   50s
H14683  8431                    24873.000000 21080.8716  15.2%  38.1   52s
 16118  9606 21787.2550   32  308 24873.0000 21080.8716  15.2%  36.5   55s
 19681 11781 21265.2559   35   92 24873.0000 21081.5068  15.2%  37.8   60s
 23136 14227 21741.7851   69  224 24873.0000 21082.8916  15.2%  36.8   65s
 26786 16151 21291.8716   41   46 24873.0000 21087.8457  15.2%  38.8   70s
 28173 18962 22632.4347   69  101 24873.0000 21088.2026  15.2%  39.1   77s
 31562 23621 22340.4946   90  144 24873.0000 21088.2026  15.2%  40.1  100s
H38000 23261                    24619.000000 21088.2026  14.3%  44.2  100s
 41549 25359     cutoff   44      24619.0000 21095.0630  14.3%  44.3  106s
 43667 27074 21292.8876   30  560 24619.0000 21099.4327  14.3%  43.5  111s
 44118 27972 21878.4633   38  418 24619.0000 21099.4327  14.3%  44.0  115s
 46474 29681 21811.0128   33  349 24619.0000 21099.5658  14.3%  45.7  122s
 48146 30425 21412.5838   40  436 24619.0000 21099.5658  14.3%  46.4  125s
H49168 30401                    24525.000000 21099.5658  14.0%  47.2  125s
 50891 31871 21203.0047   32   45 24525.0000 21101.0047  14.0%  47.1  130s
 54303 33744 21411.3633   39   58 24525.0000 21106.1597  13.9%  46.7  136s
 57581 35235 21705.6873   71  402 24525.0000 21113.0047  13.9%  45.4  142s
 57924 37062 21360.0000   36  424 24525.0000 21113.0047  13.9%  45.8  150s
 60626 36058 21119.8136   27  213 24525.0000 21119.8136  13.9%  47.6  204s
 60628 36061 21119.8136   28  229 24525.0000 21119.8136  13.9%  47.6  205s
 60904 35242 21150.0000   45  269 24525.0000 21119.8136  13.9%  47.8  210s
 61427 35509 21191.0000   73  224 24525.0000 21119.8136  13.9%  48.0  215s
 62030 35709 infeasible   97      24525.0000 21119.8136  13.9%  48.3  220s
 62504 35027 21147.0952   48  351 24525.0000 21119.8136  13.9%  48.6  225s
 63397 35504 21367.3856   52  330 24525.0000 21119.8136  13.9%  49.4  230s
H64485 35819                    24519.999840 21119.9224  13.9%  50.4  234s
 64540 35859 21119.9224   21   54 24519.9998 21119.9224  13.9%  50.9  266s
 65148 36170 21394.8844   55   37 24519.9998 21119.9224  13.9%  51.1  270s
 66743 36635 21120.6066   33   84 24519.9998 21119.9224  13.9%  51.2  275s
 69681 37312 21374.5417   37  112 24519.9998 21119.9224  13.9%  50.9  280s
 72568 37974 21300.4026   35  131 24519.9998 21119.9224  13.9%  50.8  285s
 75087 38487 infeasible   64      24519.9998 21120.0548  13.9%  51.0  290s
 76324 38982 infeasible   53      24519.9998 21120.0548  13.9%  51.7  295s
 77559 39384 22040.0000   41  404 24519.9998 21120.0548  13.9%  52.2  300s
 78288 39610 22085.1303   55  338 24519.9998 21120.1801  13.9%  52.5  305s
 78951 39943 21174.4003   45  485 24519.9998 21120.2789  13.9%  53.0  310s
 79920 40346 22630.2069   78  235 24519.9998 21120.4454  13.9%  53.7  315s
 80938 41267 22722.0076   64  317 24519.9998 21120.6401  13.9%  54.2  320s
 82841 41593 21452.3826   42   92 24519.9998 21120.6401  13.9%  55.2  325s
 85628 41797 21448.8305   44   44 24519.9998 21120.6401  13.9%  55.0  330s
 89058 42386 21225.6401   36   48 24519.9998 21130.5822  13.8%  54.8  335s
 92705 42833     cutoff   49      24519.9998 21153.8244  13.7%  54.4  340s
 95103 42883 infeasible   45      24519.9998 21165.4232  13.7%  53.9  345s
 95360 44631 23823.5516   50  357 24519.9998 21165.4232  13.7%  54.3  350s
 98181 45470 22987.7830   59  203 24519.9998 21165.6237  13.7%  55.0  367s
 100550 47012 21662.6780   47  344 24519.9998 21166.0579  13.7%  56.1  372s
 103889 41820 22226.7830   65  252 24519.9998 21166.2677  13.7%  56.7  377s
 104161 42056 21206.2677   46  367 24519.9998 21166.2766  13.7%  56.9  380s
 105273 42868 22604.3383   83  181 24519.9998 21166.2987  13.7%  57.5  385s
H106753 42624                    23336.000000 21166.3307  9.30%  58.1  388s
 107739 43025 21529.5477   37   50 23336.0000 21175.6199  9.26%  58.1  390s
 110546 43647 21542.6125   46   71 23336.0000 21191.5477  9.19%  58.1  395s
 113601 44327 21591.0094   55   28 23336.0000 21191.5477  9.19%  58.0  400s
 116076 44664 21273.5477   47   68 23336.0000 21191.5477  9.19%  58.0  405s
 118826 44959 21548.9419   47   58 23336.0000 21191.5977  9.19%  58.2  410s
 121411 45105 21399.5477   42   52 23336.0000 21192.4818  9.19%  58.4  415s
 123371 45526 21195.5905   50  362 23336.0000 21193.8221  9.18%  58.5  422s
 123837 46243 21287.1004   49  326 23336.0000 21193.8574  9.18%  58.7  426s
 125145 45857 21225.2908   47  371 23336.0000 21193.8574  9.18%  59.1  432s
 125239 46241 infeasible   48      23336.0000 21193.8574  9.18%  59.1  435s
 127208 46653 21199.0392   46  420 23336.0000 21193.8574  9.18%  59.8  442s
 127743 47617 21973.8041   63  211 23336.0000 21193.8574  9.18%  60.1  447s
 129428 47387 21202.4504   43  402 23336.0000 21193.9067  9.18%  60.3  451s
 129962 47889 21879.9067   51  381 23336.0000 21193.9680  9.18%  60.6  456s
 131118 48117 22632.7187   68  186 23336.0000 21194.1594  9.18%  61.1  462s
 132103 47920 21212.1604   38  464 23336.0000 21194.3503  9.18%  61.3  468s
 132296 48408 22788.8697   79  143 23336.0000 21194.4772  9.18%  61.5  472s
 133216 49102 infeasible   60      23336.0000 21194.7897  9.18%  62.0  477s
 135076 48839 22669.1004   77  233 23336.0000 21194.7897  9.18%  62.5  481s
 135620 49052 22072.1004   52  290 23336.0000 21195.0586  9.17%  62.9  485s
 137908 49405     cutoff   40      23336.0000 21195.3925  9.17%  63.7  491s
 140472 49735 21349.4951   44   93 23336.0000 21197.7915  9.16%  63.7  496s
 143569 49983 21311.7189   40   54 23336.0000 21198.1102  9.16%  63.5  501s
 146292 50032 21325.1048   38   72 23336.0000 21199.5301  9.16%  63.3  505s
 148944 50480 infeasible   53      23336.0000 21202.1529  9.14%  63.2  510s
 152596 51883 21213.1048   26   68 23336.0000 21203.1048  9.14%  63.1  516s
 155162 53062 21203.1048   32   56 23336.0000 21203.1048  9.14%  63.1  520s
 156516 53627 21523.7563   43   44 23336.0000 21203.1451  9.14%  63.1  525s
 157926 54043 infeasible   75      23336.0000 21203.5611  9.14%  62.9  532s
 158136 55716 21276.6362   48  436 23336.0000 21203.7970  9.14%  63.1  545s
 161272 55007 21419.5641   46  370 23336.0000 21204.1237  9.14%  64.3  551s
 161792 55710 22749.4020   91  104 23336.0000 21204.1903  9.14%  64.3  555s
 163776 54457 21220.8332   52  401 23336.0000 21205.7180  9.13%  64.9  563s
 164711 55130 21961.1022   49  565 23336.0000 21206.1590  9.13%  65.2  567s
 165728 55307 infeasible   63      23336.0000 21206.5086  9.13%  65.4  571s
 166473 56012 21695.2755   38  524 23336.0000 21207.2050  9.12%  65.7  579s
 167181 56975 21315.6433   56  223 23336.0000 21207.4495  9.12%  66.0  584s
 168775 57141 22189.6802   52  299 23336.0000 21208.1281  9.12%  66.3  589s
 169047 57607 21236.4289   53  443 23336.0000 21208.3479  9.12%  66.5  592s
 169801 57809 22775.4020   76  227 23336.0000 21208.4625  9.12%  66.8  596s
 170148 58286 22504.6172   63  251 23336.0000 21208.7598  9.12%  67.1  600s
 170849 59043 22151.5448   50  426 23336.0000 21209.1514  9.11%  67.4  605s
 172633 59704 21258.9225   53  301 23336.0000 21210.0930  9.11%  67.8  614s
 173225 60257 22291.7876   67  370 23336.0000 21210.2835  9.11%  68.0  618s
 174132 60924 22400.1520   42  472 23336.0000 21210.7520  9.11%  68.3  623s
 175127 61209 21728.4950   40  495 23336.0000 21210.7520  9.11%  68.5  627s
 175566 61603 22303.8308   56  307 23336.0000 21210.9545  9.11%  68.7  631s
 176272 62402 21544.2767   41  668 23336.0000 21211.0386  9.11%  68.9  635s
H178146 62670                    23335.999959 21211.0386  9.11%  69.6  639s
 178146 62988 21345.8653   42  115 23336.0000 21211.1254  9.11%  69.6  641s
 180973 64500 21211.6366   39   56 23336.0000 21211.6366  9.10%  69.5  645s
 184647 65774 21416.5220   49   37 23336.0000 21212.0578  9.10%  69.2  650s
 187608 66836 21598.1366   55   23 23336.0000 21213.7947  9.09%  69.0  655s
 190976 68374 21346.9136   38  109 23336.0000 21215.6366  9.09%  68.7  660s
 194225 69705 21385.2590   46   69 23336.0000 21217.0467  9.08%  68.5  666s
 197614 71055     cutoff   43      23336.0000 21220.6366  9.06%  68.3  671s
 200424 72477     cutoff   36      23336.0000 21220.6366  9.06%  68.0  676s
 203294 73713 21318.6366   40   61 23336.0000 21220.6366  9.06%  67.9  680s
 204821 74547 22536.1819   55  218 23336.0000 21222.0000  9.06%  68.1  689s
 205798 74708 21223.1013   38  485 23336.0000 21222.0000  9.06%  68.4  693s
 206034 76552 22684.1699   56  340 23336.0000 21222.0000  9.06%  68.5  707s
 208889 77442 21238.0000   39  359 23336.0000 21222.0000  9.06%  69.5  713s
 210139 78475 21238.0000   40  304 23336.0000 21222.0000  9.06%  69.7  719s
 211675 78912 21280.0000   46  301 23336.0000 21222.0136  9.06%  70.0  723s
 212343 79626 21746.4502   86  124 23336.0000 21222.0756  9.06%  70.2  727s
 213463 79993 22028.1207   35  384 23336.0000 21222.2130  9.06%  70.3  732s
 214005 80188 22751.3000   70  240 23336.0000 21222.4694  9.06%  70.5  738s
 214333 80701 21248.1589   40  514 23336.0000 21222.7700  9.06%  70.6  743s
 215016 81145 22574.3200   74  210 23336.0000 21223.0331  9.05%  70.9  747s
 215789 81885 21982.1624   40  521 23336.0000 21223.2000  9.05%  71.1  751s
 217116 82242 infeasible   47      23336.0000 21223.5618  9.05%  71.4  756s
 217769 82440 22630.1667   60  210 23336.0000 21223.8013  9.05%  71.6  761s
 218093 83013 21900.4800   49  415 23336.0000 21224.0000  9.05%  71.6  765s
 218918 83676 22803.8567   69  287 23336.0000 21224.0000  9.05%  71.9  770s
 219968 84561 22629.0000   69  212 23336.0000 21224.0000  9.05%  72.2  775s
 222129 85668 21762.6177   44  307 23336.0000 21224.5744  9.05%  72.5  784s
 223048 86005 infeasible   76      23336.0000 21224.9801  9.05%  72.6  787s
 223663 86540 infeasible   64      23336.0000 21225.2000  9.05%  72.7  791s
 224462 86995 21604.6400   56  373 23336.0000 21225.5872  9.04%  73.0  797s
 225285 87598 21227.5375   38  303 23336.0000 21225.7664  9.04%  73.1  801s
 226150 88135 22594.6479   75  159 23336.0000 21225.7750  9.04%  73.4  805s
 226946 88745 21789.7791   55  241 23336.0000 21225.8267  9.04%  73.4  810s
H229973 90126                    23319.999992 21226.1500  8.98%  73.7  814s
 229973 90512 21274.9869   43  110 23320.0000 21226.1500  8.98%  73.7  816s
 232871 91884 21612.1500   52   52 23320.0000 21226.1500  8.98%  73.5  821s
 235721 93210 21563.1500   48   57 23320.0000 21226.1598  8.98%  73.3  825s
 238462 94197 21309.0311   41  120 23320.0000 21226.7037  8.98%  73.1  830s
 240978 95142 21542.5661   53   67 23320.0000 21227.1500  8.97%  72.9  835s
 243175 96472 21259.1500   37   55 23320.0000 21227.1500  8.97%  72.7  840s
 246807 97954 21435.1500   37   41 23320.0000 21228.9976  8.97%  72.5  846s
 249684 99068     cutoff   39      23320.0000 21229.8537  8.96%  72.2  850s
 253584 100479 21480.1500   46   43 23320.0000 21231.1500  8.96%  71.9  855s
 257186 101597 21405.2424   50   71 23320.0000 21231.1553  8.96%  71.7  861s
 259593 102812 21442.5449   49  240 23320.0000 21231.9970  8.95%  71.5  866s
 262948 104104 21366.5863   46   69 23320.0000 21233.4376  8.95%  71.2  870s
 263770 104298 21707.6919   54  361 23320.0000 21234.0289  8.94%  71.1  875s
 264084 105518 22715.3656   74  152 23320.0000 21234.0289  8.94%  71.2  884s
 266114 106718 21674.5455   49  323 23320.0000 21234.0289  8.94%  71.4  889s
 268012 107485     cutoff  103      23320.0000 21234.0289  8.94%  71.5  893s
 269356 107977 21273.8953   42  396 23320.0000 21234.0289  8.94%  71.5  896s
 270083 108964 21436.5554   37  440 23320.0000 21234.0289  8.94%  71.6  900s
 271954 109578 22776.3530   74  169 23320.0000 21234.0289  8.94%  71.8  905s
 272623 109701 22335.8789   53  239 23320.0000 21234.0289  8.94%  71.8  911s
 273592 111205 22845.8080   64  287 23320.0000 21234.4232  8.94%  71.9  917s
 275162 111768 21234.5990   37  355 23320.0000 21234.5525  8.94%  72.0  921s
 275990 112320 21360.0919   52  270 23320.0000 21234.5528  8.94%  72.1  925s
 277780 113952 21291.9236   51  224 23320.0000 21234.5554  8.94%  72.4  932s
 279592 113998 21888.2905   77  218 23320.0000 21234.5554  8.94%  72.5  937s
 280469 114931 22794.7797   79  246 23320.0000 21234.5554  8.94%  72.6  943s
 281240 115417 22742.9168   69  297 23320.0000 21234.5554  8.94%  72.7  946s
 282890 117097 21288.7711   45  323 23320.0000 21234.5990  8.94%  72.9  952s
 284628 117677 21285.8789   60  194 23320.0000 21234.5990  8.94%  73.0  956s
 285530 118228 21355.3789   57  273 23320.0000 21234.5990  8.94%  73.2  960s
 287291 119614 22874.2995   63  340 23320.0000 21234.5990  8.94%  73.4  967s
 288451 119895     cutoff   82      23320.0000 21234.5990  8.94%  73.5  971s
 288905 120421 22677.5742   79  253 23320.0000 21234.5990  8.94%  73.5  975s
 290893 121493 infeasible   78      23320.0000 21234.5990  8.94%  73.7  982s
 291622 122454 22646.8226   68  247 23320.0000 21234.7734  8.94%  73.8  986s
 293931 123404     cutoff   80      23320.0000 21234.7889  8.94%  74.0  992s
 294900 123853 22145.8789   68  234 23320.0000 21234.7889  8.94%  74.2  996s
 296925 125252 infeasible   60      23320.0000 21234.7889  8.94%  74.5 1002s
 298539 125844 21393.9100   47   31 23320.0000 21235.2189  8.94%  74.6 1005s
 301277 126856 21487.0219   51   36 23320.0000 21236.0701  8.94%  74.4 1010s
 303708 127792 21564.9100   46   52 23320.0000 21236.9100  8.93%  74.3 1016s
 305547 128453 21489.3469   36   84 23320.0000 21236.9100  8.93%  74.2 1020s
 308263 129510 21281.1037   33  117 23320.0000 21236.9100  8.93%  74.0 1025s
 310630 130387 21594.7941   54  175 23320.0000 21237.1120  8.93%  73.8 1030s
 313236 131298 21414.9100   46   45 23320.0000 21237.9100  8.93%  73.7 1036s
 315967 132323     cutoff   52      23320.0000 21238.7713  8.92%  73.5 1041s
 317979 133101     cutoff   53      23320.0000 21238.9100  8.92%  73.4 1046s
 320694 134133 21240.4154   45   76 23320.0000 21238.9100  8.92%  73.2 1050s
 323806 135070 21470.9100   49   34 23320.0000 21238.9987  8.92%  73.0 1055s
 325956 135672 21453.2759   42   80 23320.0000 21239.2100  8.92%  72.8 1060s
 329259 136819 21495.6808   41   51 23320.0000 21240.4405  8.92%  72.7 1065s
 331902 137711 infeasible   44      23320.0000 21240.9766  8.92%  72.5 1070s
 335569 139089 21496.9100   48   38 23320.0000 21241.9100  8.91%  72.3 1075s
 338912 140145 21500.9100   42   39 23320.0000 21242.9002  8.91%  72.1 1080s
 341181 141172 21531.8124   51  403 23320.0000 21243.8124  8.90%  71.9 1086s
 342086 141584 21254.9024   60  263 23320.0000 21243.8124  8.90%  72.0 1090s
 343903 142762 21551.6524   44  424 23320.0000 21244.0224  8.90%  72.3 1096s
 344576 143139 22860.5952   82  155 23320.0000 21244.0224  8.90%  72.4 1100s
 346405 144323 22370.9532   54  310 23320.0000 21244.0224  8.90%  72.6 1107s
 347102 144810 21254.9024   48  465 23320.0000 21244.0224  8.90%  72.8 1111s
 347904 145249 21371.2445   51  482 23320.0000 21244.0224  8.90%  72.9 1115s
 350211 146744 22302.0641   40  307 23320.0000 21244.0898  8.90%  73.2 1122s
 351128 147390     cutoff   82      23320.0000 21244.0911  8.90%  73.2 1125s
 352810 148493 infeasible   50      23320.0000 21244.2215  8.90%  73.5 1132s
 354068 149086 21272.1479   42  375 23320.0000 21244.3604  8.90%  73.6 1136s
 354910 149924 21354.2171   44  425 23320.0000 21244.3870  8.90%  73.7 1141s
 356969 151443 21276.9024   55  142 23320.0000 21244.3870  8.90%  74.0 1148s
 358542 152032 21286.9535   50  330 23320.0000 21244.3870  8.90%  74.1 1153s
 359456 153188 22864.5459   88  226 23320.0000 21244.3870  8.90%  74.2 1158s
 361242 153559 21244.6729   46  517 23320.0000 21244.3960  8.90%  74.3 1162s
 361981 154019     cutoff   92      23320.0000 21244.3960  8.90%  74.4 1165s
 364070 155323 21256.3975   47  291 23320.0000 21244.4090  8.90%  74.5 1173s
 364825 156208 21435.4301   48  307 23320.0000 21244.4212  8.90%  74.6 1177s
 366147 156664 21245.0854   51  428 23320.0000 21244.4446  8.90%  74.7 1181s
 366886 156903 22778.6524   70  133 23320.0000 21244.4501  8.90%  74.8 1185s
 368221 158449 21244.9056   44  448 23320.0000 21244.4856  8.90%  74.9 1193s
 369695 158916 21502.3484   85  194 23320.0000 21244.4856  8.90%  75.0 1198s
 370455 159618 21285.0011   43  287 23320.0000 21244.4856  8.90%  75.1 1202s
 371602 160110 22631.1355   51  153 23320.0000 21244.4856  8.90%  75.2 1206s
 372370 161215 21343.1769   45  317 23320.0000 21244.4856  8.90%  75.2 1210s
 374833 162179 21415.6016   63  208 23320.0000 21244.5045  8.90%  75.4 1218s
 375725 162712 21537.0789   38  467 23320.0000 21244.5045  8.90%  75.5 1224s
 376617 163883 22663.4408   48  430 23320.0000 21244.5045  8.90%  75.6 1228s
 378471 164319 21249.0803   46  370 23320.0000 21244.6056  8.90%  75.7 1232s
 379319 164873 21295.5453   59  298 23320.0000 21244.6427  8.90%  75.8 1236s
 381049 166496 22664.8704   87  225 23320.0000 21244.6780  8.90%  76.1 1243s
 382669 166852 22285.9504   53  386 23320.0000 21244.6989  8.90%  76.1 1246s
 383292 167410 infeasible   88      23320.0000 21244.7087  8.90%  76.3 1250s
 385680 168740 21590.9590   46   72 23320.0000 21244.7315  8.90%  76.4 1256s
 388280 169488 21277.4729   33  164 23320.0000 21245.3540  8.90%  76.3 1260s
 391529 170597 21402.8569   47   61 23320.0000 21246.9860  8.89%  76.1 1266s
 394243 171515 21385.2963   34   52 23320.0000 21247.8063  8.89%  75.9 1270s
 396891 172209 21491.8063   49   46 23320.0000 21248.5734  8.88%  75.8 1275s
 400329 173319 21274.7760   39   72 23320.0000 21248.8904  8.88%  75.6 1280s
 404091 174687 21356.3549   43   71 23320.0000 21249.8063  8.88%  75.4 1286s
 406713 175478 21373.5249   46   60 23320.0000 21249.9469  8.88%  75.3 1290s
 409412 176572 infeasible   47      23320.0000 21250.8063  8.87%  75.1 1295s
 413820 177852 21574.8063   61   25 23320.0000 21251.0652  8.87%  74.8 1300s
 417264 178812     cutoff   40      23320.0000 21251.9363  8.87%  74.6 1306s
 418492 179220     cutoff   47      23320.0000 21252.4189  8.87%  74.5 1310s
 421247 179926     cutoff   39      23320.0000 21252.8571  8.86%  74.3 1315s
 423867 180615 21386.1148   39  120 23320.0000 21253.6863  8.86%  74.2 1320s
 427023 181713 21343.3727   46   57 23320.0000 21254.6520  8.86%  74.0 1326s
 429496 182344     cutoff   52      23320.0000 21255.5149  8.85%  73.9 1331s
 431868 183117 21415.5926   40   85 23320.0000 21256.4288  8.85%  73.8 1335s
 434340 183847 21359.8063   36   41 23320.0000 21257.8063  8.84%  73.7 1340s
 435918 184457 21257.8063   54  162 23320.0000 21257.8063  8.84%  73.6 1346s
 436557 185381 21286.0000   57  110 23320.0000 21257.8063  8.84%  73.7 1352s
 438076 186087 21655.8574   51  393 23320.0000 21257.8063  8.84%  73.8 1356s
 439319 186624 22325.5039   50  421 23320.0000 21257.8428  8.84%  73.9 1360s
 440061 187360 22745.4384   72  292 23320.0000 21257.8428  8.84%  74.0 1365s
 442021 188227 21262.5417   49  430 23320.0000 21257.9179  8.84%  74.2 1373s
 442700 189372 21888.9261   49  419 23320.0000 21257.9215  8.84%  74.2 1377s
 444391 189833 22363.0592   57  182 23320.0000 21257.9832  8.84%  74.3 1380s
 445858 191137 21257.9832   43  325 23320.0000 21257.9832  8.84%  74.5 1387s
 447272 191641 21260.7056   45  518 23320.0000 21258.0290  8.84%  74.5 1390s
 449280 192921 22665.7455   45  210 23320.0000 21258.1468  8.84%  74.6 1397s
 450016 193465 22177.0242   68  224 23320.0000 21258.1612  8.84%  74.7 1400s
 451615 194762 22812.0146   75  201 23320.0000 21258.2076  8.84%  74.8 1407s
 452945 195304 22758.0000   92  178 23320.0000 21258.2320  8.84%  74.9 1411s
 455191 196422 21348.8788   57  367 23320.0000 21258.3504  8.84%  75.0 1417s
 455693 196852 22664.0000   54  310 23320.0000 21258.4066  8.84%  75.0 1420s
 457062 197596 21351.3600   53  395 23320.0000 21258.4631  8.84%  75.2 1427s
 457839 198406 21303.6620   41  412 23320.0000 21258.4683  8.84%  75.2 1430s
 459860 199441 22416.5399   59  210 23320.0000 21258.5933  8.84%  75.4 1437s
 460967 199789 21278.1040   39  526 23320.0000 21258.6439  8.84%  75.4 1441s
 461564 200667 21439.5325   59  145 23320.0000 21258.6765  8.84%  75.5 1445s
 463646 201968 21776.3629   67  238 23320.0000 21258.6833  8.84%  75.6 1452s
 464818 202410 21336.0000   58  172 23320.0000 21258.6893  8.84%  75.6 1456s
 466255 203315 21426.1588   50  370 23320.0000 21258.7691  8.84%  75.8 1463s
 466943 204116 22133.5478   52  384 23320.0000 21258.8031  8.84%  75.9 1467s
 468216 204559 22515.2222   65  250 23320.0000 21258.8031  8.84%  75.9 1471s
 468987 204953 21995.0000   43  401 23320.0000 21258.8882  8.84%  76.0 1476s
 469685 205505 22134.5453   84  229 23320.0000 21258.9002  8.84%  76.1 1482s
 470623 206520 21554.9411   51  484 23320.0000 21258.9686  8.84%  76.2 1487s
 472335 207026 22566.3256   62  303 23320.0000 21258.9936  8.84%  76.3 1492s
 473168 207617     cutoff   71      23320.0000 21259.0805  8.84%  76.3 1496s
 474090 208306 21483.5000   44  457 23320.0000 21259.1596  8.84%  76.4 1500s
 475167 209310 22818.0000   90   42 23320.0000 21259.1998  8.84%  76.5 1505s
 477520 210368 21594.3264   67  297 23320.0000 21259.2762  8.84%  76.6 1513s
 478394 211133 22766.2892   48  250 23320.0000 21259.2764  8.84%  76.7 1516s
 479660 211536 21368.4187   54  266 23320.0000 21259.3797  8.84%  76.7 1520s
 481238 212713 21536.0000   57  221 23320.0000 21259.4847  8.84%  76.8 1527s
 482286 213145 infeasible   49      23320.0000 21259.4847  8.84%  76.9 1530s
 483729 214511 21843.5304   55  413 23320.0000 21259.6615  8.84%  77.1 1538s
 485217 214889 21510.9334   53  413 23320.0000 21259.7320  8.83%  77.1 1541s
 486562 215610 infeasible   41      23320.0000 21259.8063  8.83%  77.3 1546s
 489068 216356     cutoff   41      23320.0000 21260.7438  8.83%  77.2 1550s
 492524 217603 21488.9454   45  127 23320.0000 21261.8063  8.83%  77.0 1555s
 496835 218920 21574.8185   45   57 23320.0000 21261.8063  8.83%  76.7 1560s
 500060 219945 21326.2657   43  127 23320.0000 21261.8063  8.83%  76.5 1565s
 503471 220908 21601.8160   41   77 23320.0000 21262.1202  8.82%  76.3 1570s
 507267 222302 21362.8063   38   42 23320.0000 21262.8063  8.82%  76.1 1575s
 510788 223218 infeasible   51      23320.0000 21263.8063  8.82%  75.9 1580s
 514399 224275 21604.8063   55   21 23320.0000 21264.8063  8.81%  75.7 1585s
 517797 225113 21576.8063   43   17 23320.0000 21266.3007  8.81%  75.6 1590s
 521699 226234 21513.8063   35   51 23320.0000 21267.1553  8.80%  75.3 1595s
 524980 227096 21295.9329   50  100 23320.0000 21268.8043  8.80%  75.2 1600s
 526715 227661 21523.9451   51   48 23320.0000 21269.6493  8.79%  75.1 1605s
 530416 228667 21418.4042   32   40 23320.0000 21270.8714  8.79%  74.9 1610s
 533780 229819 21353.8063   37   57 23320.0000 21271.8063  8.78%  74.8 1616s
 536796 231024 22404.0226   49  389 23320.0000 21271.8063  8.78%  74.6 1622s
 537768 231438 22427.1988   68  239 23320.0000 21271.8495  8.78%  74.6 1625s
 539987 232733 21668.0000   62  274 23320.0000 21272.0000  8.78%  74.7 1633s
 540533 233328 21595.0000   68  229 23320.0000 21272.0000  8.78%  74.8 1636s
 541682 234539 22665.9020   51  195 23320.0000 21272.0000  8.78%  74.8 1640s
 544365 235287 21273.2497   48  537 23320.0000 21272.0387  8.78%  74.9 1646s
 545978 236211 22540.5379   51  245 23320.0000 21272.0600  8.78%  75.0 1652s
 546539 236767 22868.4497   73  241 23320.0000 21272.0600  8.78%  75.0 1655s
 548083 237403 22431.3629   58  160 23320.0000 21272.0698  8.78%  75.2 1662s
 548767 237911 21860.5541   46  570 23320.0000 21272.0698  8.78%  75.2 1667s
 549832 238811 22638.3214   79  202 23320.0000 21272.0698  8.78%  75.3 1672s
 551317 239209 22807.0000   67  198 23320.0000 21272.0698  8.78%  75.3 1675s
 552714 240533     cutoff   89      23320.0000 21272.1094  8.78%  75.4 1683s
 554186 240987 21973.0949   52  352 23320.0000 21272.2152  8.78%  75.5 1687s
 554894 241293 21811.5914   77  240 23320.0000 21272.2457  8.78%  75.5 1691s
 555518 242039 22715.2254   51  396 23320.0000 21272.2969  8.78%  75.6 1695s
 557413 243027 21277.2551   52  397 23320.0000 21272.3094  8.78%  75.7 1703s
 558192 243526 21316.8425   69  287 23320.0000 21272.3094  8.78%  75.8 1707s
 558920 244227 22487.6962   91  148 23320.0000 21272.3559  8.78%  75.9 1711s
 560301 244573     cutoff   75      23320.0000 21272.3876  8.78%  75.9 1716s
 561707 245866 21574.9247   67  249 23320.0000 21272.4468  8.78%  76.0 1723s
 563032 246263     cutoff   65      23320.0000 21272.4858  8.78%  76.1 1728s
 563729 246833 22578.5301   60  293 23320.0000 21272.4883  8.78%  76.2 1733s
 564695 247758 22601.1656   62  368 23320.0000 21272.5267  8.78%  76.3 1739s
 566437 248110 22610.0000   77  327 23320.0000 21272.5729  8.78%  76.3 1743s
 566955 248650 21738.3281   71  325 23320.0000 21272.5863  8.78%  76.4 1748s
 567764 249155 22852.4112   73  242 23320.0000 21272.6201  8.78%  76.5 1753s
 568640 249997 21274.3164   44  516 23320.0000 21272.6725  8.78%  76.5 1758s
 570025 250303 infeasible   75      23320.0000 21272.6725  8.78%  76.6 1762s
 570614 250720 21864.0547   50  307 23320.0000 21272.7721  8.78%  76.7 1767s
 571307 251167 22846.1736   78  199 23320.0000 21272.8375  8.78%  76.7 1771s
 572175 251871 22506.6984   55  201 23320.0000 21272.8495  8.78%  76.8 1776s
 573430 252255     cutoff   63      23320.0000 21272.9849  8.78%  76.8 1781s
 574140 252749 21288.5446   55  420 23320.0000 21273.0732  8.78%  76.8 1785s
 574991 253738 22486.4150   64  315 23320.0000 21273.1152  8.78%  76.9 1790s
 577065 254224 21857.3089   42  442 23320.0000 21273.1747  8.78%  77.0 1799s
 577307 254572 22626.0000   74  209 23320.0000 21273.2672  8.78%  77.0 1803s
 577970 254918 22808.0000   63  221 23320.0000 21273.3661  8.78%  77.0 1807s
 578650 255369 22349.6410   79  244 23320.0000 21273.4159  8.78%  77.1 1813s
 579429 256272 21740.6649   57  485 23320.0000 21273.4805  8.78%  77.2 1818s
 580728 256768 21385.4811   80  276 23320.0000 21273.4847  8.78%  77.2 1823s
 581524 257131 infeasible   62      23320.0000 21273.6139  8.78%  77.3 1830s
 582941 258190 22199.2323   58  317 23320.0000 21273.7570  8.77%  77.4 1839s
 583837 259375 22664.0144   48  312 23320.0000 21273.7738  8.77%  77.5 1845s
 586328 260145 22742.6668   70  247 23320.0000 21274.0274  8.77%  77.5 1853s
 587942 260797     cutoff   47      23320.0000 21274.1585  8.77%  77.6 1856s
 590840 261514     cutoff   51      23320.0000 21274.5851  8.77%  77.4 1861s
 593690 262201 21588.1585   44   32 23320.0000 21275.1835  8.77%  77.3 1865s
 597400 263134 21608.1585   47   49 23320.0000 21276.1585  8.76%  77.1 1871s
 600106 263736 21358.6328   47  167 23320.0000 21276.3730  8.76%  76.9 1875s
 603081 264406 21444.1585   42   43 23320.0000 21277.5731  8.76%  76.8 1880s
 606513 265325 21551.1585   41   45 23320.0000 21278.9985  8.75%  76.6 1886s
 609258 266002 21594.1585   47   16 23320.0000 21279.8149  8.75%  76.5 1890s
 612664 266978 21582.3877   53   65 23320.0000 21281.3507  8.74%  76.3 1896s
 615151 267565 21289.1653   31   67 23320.0000 21282.8340  8.74%  76.2 1900s
 618659 268491 21565.3877   50   76 23320.0000 21284.1585  8.73%  76.1 1905s
 622199 269531 21419.1585   48   45 23320.0000 21285.1585  8.73%  75.9 1911s
 624921 270169 infeasible   41      23320.0000 21285.9051  8.72%  75.7 1915s
 628233 270801 21622.5543   52   40 23320.0000 21287.1585  8.72%  75.6 1920s
 631408 271600 21613.1947   47   89 23320.0000 21288.8011  8.71%  75.4 1925s
 634563 272300 21513.6413   53   67 23320.0000 21290.7300  8.70%  75.3 1931s
 637162 272923 22734.2024   61  314 23320.0000 21292.2094  8.70%  75.1 1937s
 637645 273742 21567.3423   54  453 23320.0000 21292.2547  8.70%  75.2 1943s
 638993 274694 22126.1508   42  410 23320.0000 21292.3819  8.69%  75.3 1948s
 640508 274732 21595.4192   56  315 23320.0000 21292.5472  8.69%  75.3 1957s
 640560 275123 21595.4264   57  334 23320.0000 21292.5961  8.69%  75.3 1961s
 641233 275472 21383.9336   59  346 23320.0000 21292.6684  8.69%  75.4 1965s
 641888 275744 21393.2060   54  289 23320.0000 21292.6684  8.69%  75.4 1970s
 642321 276254 21557.4443   42  584 23320.0000 21292.7463  8.69%  75.5 1975s
 643684 277168 22178.2350   45  498 23320.0000 21292.9484  8.69%  75.6 1985s
 644857 278302 22505.2367   67  297 23320.0000 21293.0555  8.69%  75.7 1990s
 647184 278949 21573.2370   70  286 23320.0000 21293.1924  8.69%  75.7 1997s
 647908 279307 22567.1789   48  269 23320.0000 21293.3408  8.69%  75.8 2001s
 648520 280133 22626.8566   68  258 23320.0000 21293.3948  8.69%  75.8 2005s
 650520 281118 21507.6907   47  317 23320.0000 21293.6150  8.69%  75.9 2011s
 651296 281686 22917.8294  110   49 23320.0000 21293.6340  8.69%  75.9 2016s
 652316 281998 21485.6402   44  477 23320.0000 21293.6642  8.69%  76.0 2020s
 653586 283307 22070.9874   73  190 23320.0000 21293.8100  8.69%  76.1 2027s
 654828 283699 21665.8575   62  204 23320.0000 21293.8571  8.69%  76.1 2030s
 656340 284602 21416.4609   62  159 23320.0000 21293.8954  8.69%  76.2 2038s
 657212 284999 22751.2060   50  201 23320.0000 21293.8954  8.69%  76.2 2042s
 657903 285420 21553.0508   68  272 23320.0000 21294.1206  8.69%  76.3 2046s
 658614 286099 21410.1439   53  385 23320.0000 21294.2012  8.69%  76.3 2051s
 659759 286448 infeasible   85      23320.0000 21294.3648  8.69%  76.4 2056s
 660281 286927 22255.2294   66  165 23320.0000 21294.4508  8.69%  76.4 2061s
 661050 287286 22498.2621   46  412 23320.0000 21294.5421  8.69%  76.5 2065s
 661691 287778 22157.0196   48  397 23320.0000 21294.7272  8.68%  76.6 2070s
 662547 288123 21552.7274   42  327 23320.0000 21294.7274  8.68%  76.7 2077s
 663031 288625 22459.7494   96  135 23320.0000 21294.7515  8.68%  76.7 2082s
 663876 289255 22417.7686   66  201 23320.0000 21294.7540  8.68%  76.7 2088s
 664905 289758 22531.7692   63  241 23320.0000 21294.7823  8.68%  76.8 2093s
 665751 290343 21406.6486   61  468 23320.0000 21294.8884  8.68%  76.9 2099s
 666732 291568 21776.7459   41  404 23320.0000 21294.8884  8.68%  76.9 2104s
 668686 291983 infeasible   91      23320.0000 21294.8884  8.68%  76.9 2108s
 669448 292493 21594.2048   54  297 23320.0000 21295.1497  8.68%  77.0 2113s
 670319 292827 21583.2060   54  297 23320.0000 21295.2454  8.68%  77.0 2117s
 670857 293369 21603.8694   50  434 23320.0000 21295.3060  8.68%  77.1 2122s
 671712 294184 21806.8453   75  255 23320.0000 21295.4594  8.68%  77.1 2127s
 672927 294542 22156.9518   52  430 23320.0000 21295.5444  8.68%  77.2 2130s
 673485 295473 infeasible   57      23320.0000 21295.5697  8.68%  77.2 2136s
 674881 296020 22761.2060   75  199 23320.0000 21295.6061  8.68%  77.3 2141s
 675702 296334 infeasible   84      23320.0000 21295.6106  8.68%  77.3 2145s
 676200 296731 21743.4588   67  271 23320.0000 21295.6354  8.68%  77.3 2150s
 677968 298002 21297.4871   49  460 23320.0000 21295.8247  8.68%  77.4 2159s
 679030 298521 22885.6590   73  192 23320.0000 21295.8571  8.68%  77.5 2164s
 679861 299225 22777.0508   73  232 23320.0000 21295.9223  8.68%  77.5 2169s
 681042 299472 22577.1517   48  321 23320.0000 21295.9315  8.68%  77.6 2173s
 681421 299854 21404.6018   44  384 23320.0000 21295.9315  8.68%  77.6 2178s
 682113 300326 21632.0014   63  475 23320.0000 21296.0508  8.68%  77.7 2182s
 682947 300804 21354.6376   48  442 23320.0000 21296.0508  8.68%  77.8 2187s
 683712 301149 22350.0508   51  223 23320.0000 21296.0877  8.68%  77.9 2193s
 684299 301869 22902.1587   59  274 23320.0000 21296.1239  8.68%  78.0 2198s
 685338 302830 22846.8837   58  274 23320.0000 21296.1871  8.68%  78.0 2203s
 686947 303239 21789.2636   49  501 23320.0000 21296.2026  8.68%  78.1 2208s
H687646 303239                    23319.999968 21296.2609  8.68%  78.1 2208s
 688554 303613 21310.5701   41   81 23320.0000 21297.0438  8.67%  78.1 2210s
 690840 304435 21385.2322   38   55 23320.0000 21298.0664  8.67%  78.0 2215s
 694084 305283 21428.5182   49   65 23320.0000 21298.2101  8.67%  77.9 2220s
 697056 306047 21333.0852   51   64 23320.0000 21298.4039  8.67%  77.8 2225s
 699504 306619     cutoff   53      23320.0000 21299.3764  8.66%  77.7 2230s
 703394 307355     cutoff   56      23320.0000 21300.4775  8.66%  77.5 2236s
 705992 308104     cutoff   40      23320.0000 21301.5424  8.66%  77.4 2240s
 709404 308859 infeasible   43      23320.0000 21302.8342  8.65%  77.3 2246s
 712142 309517 21520.3587   39   95 23320.0000 21303.7545  8.65%  77.2 2250s
 715732 310421 21410.2101   37   51 23320.0000 21305.0898  8.64%  77.1 2256s
 718223 311030     cutoff   57      23320.0000 21306.2646  8.64%  77.0 2260s
 722044 312122 21411.2101   37   67 23320.0000 21308.2101  8.63%  76.8 2266s
 724559 312830 21592.2101   50   19 23320.0000 21308.3085  8.63%  76.7 2271s
 727590 313742 21334.6255   42  136 23320.0000 21309.2101  8.62%  76.6 2276s
 730780 314440 21397.2101   51   53 23320.0000 21309.2751  8.62%  76.5 2280s
 733503 315137 21618.2101   46   25 23320.0000 21310.2101  8.62%  76.4 2285s
 737275 315862     cutoff   60      23320.0000 21311.2101  8.61%  76.3 2290s
 738782 316683 22501.2100   52  245 23320.0000 21311.5074  8.61%  76.2 2300s
 739873 316929 21743.6818   56  401 23320.0000 21311.6170  8.61%  76.3 2306s
 740252 317532 21816.8576   66  289 23320.0000 21311.6549  8.61%  76.3 2311s
 741303 318121 22293.9173   55  400 23320.0000 21311.8157  8.61%  76.4 2317s
 742218 319227 22719.6949   59  245 23320.0000 21311.8828  8.61%  76.5 2322s
 743937 319597 21467.4143   47  497 23320.0000 21311.9852  8.61%  76.5 2327s
 744592 319947 21338.7562   44  540 23320.0000 21312.0520  8.61%  76.5 2332s
 745207 320272 22663.7000   59  323 23320.0000 21312.0810  8.61%  76.6 2337s
 745820 320830 22937.3774   54  222 23320.0000 21312.1615  8.61%  76.6 2342s
 746728 321349 22392.2535   59  213 23320.0000 21312.2469  8.61%  76.7 2347s
 747697 321723 22638.2038   52  285 23320.0000 21312.2535  8.61%  76.8 2353s
 748343 322196 22742.5794   70   94 23320.0000 21312.3663  8.61%  76.8 2358s
 749088 322637 21518.9695   56  349 23320.0000 21312.4634  8.61%  76.9 2363s
 749924 323012 22795.5063   79  196 23320.0000 21312.5546  8.61%  76.9 2369s
 750672 323729 21510.3569   55  521 23320.0000 21312.6585  8.61%  77.0 2376s
 751746 324692 22607.0481   53  421 23320.0000 21312.7069  8.61%  77.1 2381s
 753358 324962 21347.2222   57  288 23320.0000 21312.8022  8.61%  77.1 2386s
 753760 326136 21336.3093   54  397 23320.0000 21312.8522  8.61%  77.1 2395s
 755579 327041 21613.2941   54  397 23320.0000 21312.8632  8.61%  77.2 2401s
 756968 327389 22591.2222   68  257 23320.0000 21312.8671  8.61%  77.2 2406s
 757524 327813 22805.6755   75  238 23320.0000 21312.9353  8.61%  77.3 2412s
 758235 328343 21631.3590   57  446 23320.0000 21312.9353  8.61%  77.3 2417s
 759123 328517 21747.2054   51  537 23320.0000 21312.9353  8.61%  77.3 2423s
 759430 328960 21363.9515   57  421 23320.0000 21313.1069  8.61%  77.4 2428s
 760277 329711 21380.7666   44  497 23320.0000 21313.1846  8.61%  77.4 2435s
 761630 330537 22650.2222   57  337 23320.0000 21313.2222  8.61%  77.5 2444s
 763102 331344 21587.7994   56  327 23320.0000 21313.2222  8.61%  77.5 2449s
 764392 331971 21825.2222   65  256 23320.0000 21313.2222  8.61%  77.6 2456s
 765392 332606 21528.1037   43  553 23320.0000 21313.2222  8.61%  77.7 2462s
 766441 333288 21605.8264   50  518 23320.0000 21313.2222  8.61%  77.7 2468s
 767684 334057 22083.6480   75  285 23320.0000 21313.2222  8.61%  77.8 2474s
 768943 334471 22815.6302   76  230 23320.0000 21313.2222  8.61%  77.9 2479s
 769759 335230 21589.7525   56  293 23320.0000 21313.2222  8.61%  78.0 2487s
 770955 335960 22233.2222   53  321 23320.0000 21313.2222  8.61%  78.0 2494s
 772148 336779 21596.2222   40  349 23320.0000 21313.2222  8.61%  78.1 2501s
 773523 337317 21853.2222   56  364 23320.0000 21313.2222  8.61%  78.2 2508s
 774515 337964 infeasible   76      23320.0000 21313.2222  8.61%  78.3 2515s
 775695 338608 22632.7601   50  343 23320.0000 21313.2222  8.61%  78.4 2521s
 776756 338949 22856.9293   70  241 23320.0000 21313.2222  8.61%  78.4 2528s
 777399 339382 22191.2197   41  427 23320.0000 21313.2222  8.61%  78.5 2534s
 778399 340044 21856.2222   50  335 23320.0000 21313.2222  8.61%  78.6 2540s
 779497 340638 21576.2604   48  494 23320.0000 21313.2222  8.61%  78.7 2546s
 780494 341193 infeasible   57      23320.0000 21313.2222  8.61%  78.7 2552s
 781518 341751 21995.8855   72  229 23320.0000 21313.2636  8.61%  78.8 2557s
 782448 342119 21580.2701   52  292 23320.0000 21313.2696  8.61%  78.9 2564s
 783048 342729 22825.3774   68  156 23320.0000 21313.2819  8.61%  78.9 2569s
 784107 343008 21598.0031   57  315 23320.0000 21313.3774  8.60%  79.0 2574s
 784558 344020 21657.7621   53  334 23320.0000 21313.3774  8.60%  79.0 2583s
 786221 344990 22653.2337   87  277 23320.0000 21313.4352  8.60%  79.1 2589s
 787782 345464 21550.2222   50  325 23320.0000 21313.4905  8.60%  79.1 2594s
H788580 345464                    23319.999939 21313.5184  8.60%  79.2 2594s
 788580 345559 21416.8632   48   56 23319.9999 21313.6268  8.60%  79.2 2595s
 791583 346130     cutoff   52      23319.9999 21314.6538  8.60%  79.1 2600s
 795223 346895 21492.2962   41   67 23319.9999 21316.0562  8.59%  78.9 2606s
 797943 347468     cutoff   53      23319.9999 21317.2962  8.59%  78.8 2611s
 800451 348164 21433.5253   41   80 23319.9999 21318.2965  8.58%  78.7 2615s
 804082 348980 21540.0078   44   59 23319.9999 21320.1533  8.58%  78.6 2621s
 807129 349738     cutoff   56      23319.9999 21320.2962  8.58%  78.5 2625s
 809424 350291 21526.4783   60   94 23319.9999 21320.7135  8.57%  78.4 2630s
 813183 351168 21622.5253   46   49 23319.9999 21322.2469  8.57%  78.3 2636s
 815964 351894 21474.2962   42   28 23319.9999 21322.9267  8.56%  78.1 2640s
 819642 352743     cutoff   50      23319.9999 21324.0361  8.56%  78.0 2646s
 821286 353122 21551.7533   46   62 23319.9999 21324.6219  8.56%  77.9 2650s
 824792 353834 21616.1362   52   53 23319.9999 21325.6195  8.55%  77.8 2656s
 825681 353946 21336.8985   47   87 23319.9999 21326.0562  8.55%  77.8 2660s
 828927 354744 21388.2962   40   71 23319.9999 21327.3316  8.54%  77.7 2666s
 830752 355023 21563.2962   43   30 23319.9999 21328.2962  8.54%  77.6 2671s
 833336 355548     cutoff   45      23319.9999 21329.4858  8.54%  77.5 2675s
 835833 356036 21557.0093   57   85 23319.9999 21330.2962  8.53%  77.4 2680s
 838449 356575 21561.7362   48   50 23319.9999 21331.1821  8.53%  77.3 2685s
 839108 356804 21633.2721   54  361 23319.9999 21331.2962  8.53%  77.3 2690s
 839495 357787 22026.7228   71  173 23319.9999 21331.3017  8.53%  77.3 2700s
 841444 358276 21551.3912   45  327 23319.9999 21331.3912  8.53%  77.4 2707s
 842211 359011 22769.0000   61  295 23319.9999 21331.4187  8.53%  77.5 2713s
 843402 360092 21335.6368   48  354 23319.9999 21331.4187  8.53%  77.5 2720s
 845178 360769 21995.2005   64  265 23319.9999 21331.4386  8.53%  77.5 2726s
 846344 360998 22682.2609   57  382 23319.9999 21331.4770  8.53%  77.6 2732s
 846724 361441 21430.7572   46  417 23319.9999 21331.5039  8.53%  77.6 2739s
 847502 361940 22444.8028   48  307 23319.9999 21331.5337  8.53%  77.6 2744s
 848376 362401 22958.5615   73  236 23319.9999 21331.5922  8.53%  77.7 2750s
 849922 363359 22866.5135   64  193 23319.9999 21331.6667  8.53%  77.8 2760s
 850767 364022 22107.6765   46  432 23319.9999 21331.6765  8.53%  77.8 2767s
 851739 364860 21488.9449   47  357 23319.9999 21331.6765  8.53%  77.9 2773s
 853092 365485 22632.7012   55  284 23319.9999 21331.6765  8.53%  78.0 2779s
 854020 366331 22658.5000   70  204 23319.9999 21331.6765  8.53%  78.0 2785s
 855477 366997 22614.2147   48  278 23319.9999 21331.7096  8.53%  78.0 2790s
 856514 367593 22807.0000   93  141 23319.9999 21331.7868  8.53%  78.1 2795s
 857571 368344 22976.0000  101   26 23319.9999 21331.8076  8.53%  78.1 2800s
 858840 369194 21593.7775   58  180 23319.9999 21331.8425  8.53%  78.1 2806s
 860137 370009 infeasible   81      23319.9999 21331.8425  8.53%  78.2 2810s
 861410 370299 22160.3354   54  318 23319.9999 21331.8425  8.53%  78.2 2816s
 861882 370880 22208.2724   52  402 23319.9999 21331.8771  8.53%  78.2 2821s
 862809 371165 21610.7279   54  419 23319.9999 21331.9325  8.53%  78.2 2827s
 863254 371649 21335.9325   62  365 23319.9999 21331.9325  8.53%  78.2 2832s
 864032 372151     cutoff   66      23319.9999 21332.0163  8.52%  78.2 2836s
 864832 372791 22334.6013   51  467 23319.9999 21332.0595  8.52%  78.3 2842s
 865908 373116 22933.3379   78  216 23319.9999 21332.1250  8.52%  78.3 2847s
 866434 373691 21817.1236   47  486 23319.9999 21332.1270  8.52%  78.4 2852s
 867400 374264 22097.3792   54  375 23319.9999 21332.1523  8.52%  78.4 2857s
 868223 375320 22991.5325   66  262 23319.9999 21332.2281  8.52%  78.5 2863s
 869882 375777     cutoff   98      23319.9999 21332.2281  8.52%  78.5 2868s
 870661 376099 22968.1711   79  268 23319.9999 21332.2496  8.52%  78.5 2873s
 871246 376884 infeasible   75      23319.9999 21332.2677  8.52%  78.6 2879s
 872377 377421 22945.0474   54  277 23319.9999 21332.3187  8.52%  78.6 2884s
 873495 377827 infeasible   69      23319.9999 21332.3713  8.52%  78.6 2889s
 874169 378299 21585.6131   64  340 23319.9999 21332.4664  8.52%  78.7 2894s
 874970 378731 22668.3073   52  341 23319.9999 21332.4847  8.52%  78.7 2898s
 875765 379198 21784.0491   60  267 23319.9999 21332.4847  8.52%  78.8 2904s
 876600 379917 21832.9697   74  248 23319.9999 21332.4847  8.52%  78.8 2909s
 877712 380712 21413.8047   50  337 23319.9999 21332.4970  8.52%  78.8 2913s
 879296 381199 22595.6950   55  368 23319.9999 21332.6047  8.52%  78.9 2918s
 880000 382115 22895.0000  100   26 23319.9999 21332.6364  8.52%  78.9 2923s
 881216 383042 22346.1911   81  176 23319.9999 21332.6719  8.52%  78.9 2928s
 883021 383253 21675.5674   54  363 23319.9999 21332.7063  8.52%  78.9 2932s
 883355 383385 22751.0000   81   82 23319.9999 21332.7063  8.52%  78.9 2937s
 883632 383743 22852.0000   82   94 23319.9999 21332.7481  8.52%  79.0 2940s
 885161 384560 22970.5897   63  200 23319.9999 21332.8165  8.52%  79.0 2950s
 886705 385590 21585.7987   42  642 23319.9999 21332.9261  8.52%  79.1 2960s
 887672 386217 infeasible   84      23319.9999 21333.0000  8.52%  79.1 2966s
 888741 386545 22934.6458   69  179 23319.9999 21333.0000  8.52%  79.2 2972s
 890288 386946 21614.0000   48   51 23319.9999 21333.4160  8.52%  79.3 2975s
 893759 388008 21586.3006   53   35 23319.9999 21334.0000  8.52%  79.1 2981s
 896239 388637 21624.0000   57   13 23319.9999 21334.0000  8.52%  79.0 2985s
 900232 389379 infeasible   47      23319.9999 21334.3110  8.51%  78.9 2991s
 902862 389905 21506.0000   48   26 23319.9999 21335.1581  8.51%  78.8 2995s
 905449 390395 21510.1119   41   52 23319.9999 21335.9949  8.51%  78.7 3000s
 908320 391027 21615.0000   53   37 23319.9999 21337.0223  8.50%  78.6 3006s
 911045 391433 21633.0000   35   50 23319.9999 21338.0000  8.50%  78.5 3010s
 914687 392062 21530.7227   54   80 23319.9999 21339.1400  8.49%  78.3 3015s
 918152 392928 21637.0000   47   61 23319.9999 21340.3359  8.49%  78.2 3021s
 920571 393384 infeasible   45      23319.9999 21341.5270  8.48%  78.1 3025s
 923682 394011 21618.9387   44   64 23319.9999 21342.8327  8.48%  78.0 3030s
 926214 394711 21576.0000   42   59 23319.9999 21343.9788  8.47%  78.0 3035s
 930688 395664 21631.0000   42   17 23319.9999 21344.1125  8.47%  77.8 3040s
 933751 396357 21532.2393   51   46 23319.9999 21345.0000  8.47%  77.7 3045s
 937567 397090 21548.6889   46   36 23319.9999 21345.4200  8.47%  77.5 3050s
 940066 397638 22336.1740   48  335 23319.9999 21346.1740  8.46%  77.4 3059s
 940580 398622 infeasible   61      23319.9999 21346.1740  8.46%  77.5 3070s
 942217 399043 21646.8794   47  415 23319.9999 21346.1740  8.46%  77.6 3078s
 942939 399765 22956.1740   85   23 23319.9999 21346.1740  8.46%  77.6 3090s
 944215 400624 21567.4502   47  560 23319.9999 21346.1740  8.46%  77.7 3099s
 945607 400858 21899.2189   76  234 23319.9999 21346.1740  8.46%  77.8 3108s
 945934 402126 21785.2863   66  383 23319.9999 21346.1740  8.46%  77.8 3125s
 947981 402667 21674.1904   64  333 23319.9999 21346.1810  8.46%  78.0 3137s
 948909 403411 22513.9488   55  262 23319.9999 21346.2395  8.46%  78.0 3149s
 950293 404557 22979.9740   91   36 23319.9999 21346.3291  8.46%  78.1 3158s
 952166 405194 21614.6003   46  287 23319.9999 21346.3869  8.46%  78.1 3166s
 953194 405617 21920.3834   61  531 23319.9999 21346.4140  8.46%  78.1 3173s
 953863 406091 22933.1740   91   54 23319.9999 21346.4770  8.46%  78.2 3180s
 954633 407000 21665.2617   65  406 23319.9999 21346.5163  8.46%  78.2 3187s
 956284 407194 21792.3114   72  289 23319.9999 21346.5740  8.46%  78.2 3193s
 956695 407715 21606.2344   52  353 23319.9999 21346.6337  8.46%  78.3 3198s
 957543 408270 21731.7041   56  310 23319.9999 21346.6957  8.46%  78.3 3207s
 958439 408671 22622.4843   86  172 23319.9999 21346.7362  8.46%  78.3 3213s
 959155 409085 22820.6368   67  180 23319.9999 21346.8379  8.46%  78.4 3219s
 959948 409254 21468.5612   42  611 23319.9999 21346.8966  8.46%  78.5 3227s
 960264 409677 21580.1750   43  505 23319.9999 21346.9389  8.46%  78.5 3231s
 960954 410259 22680.8196   58  329 23319.9999 21347.0115  8.46%  78.5 3237s
 961940 410725     cutoff   53      23319.9999 21347.0839  8.46%  78.5 3243s
 962713 411048 22016.5216   76  204 23319.9999 21347.1387  8.46%  78.6 3249s
 963308 411579     cutoff   79      23319.9999 21347.2035  8.46%  78.6 3256s
 964173 412115 21348.4217   44  355 23319.9999 21347.3160  8.46%  78.7 3263s
 965127 412952 22540.8487   63  349 23319.9999 21347.3965  8.46%  78.7 3270s
 966462 413605 21446.9688   60  274 23319.9999 21347.4822  8.46%  78.8 3277s
 967631 413971 22646.1740   56  319 23319.9999 21347.4870  8.46%  78.8 3283s
 968226 414626 22078.4258   57  350 23319.9999 21347.5773  8.46%  78.8 3289s
 969309 415187 22777.1740   76  200 23319.9999 21347.6347  8.46%  78.9 3294s
 969869 415187 21362.5324   49  479 23319.9999 21347.6586  8.46%  78.9 3295s
 970157 415837 22843.0754   68  256 23319.9999 21347.7571  8.46%  78.9 3301s
 971201 416560 22967.1740   91   16 23319.9999 21347.8149  8.46%  79.0 3306s
 972460 416875 infeasible   62      23319.9999 21347.9349  8.46%  79.0 3312s
 973011 417346 21415.9349   56  358 23319.9999 21347.9349  8.46%  79.0 3319s
 973827 417797 22333.9349   53  295 23319.9999 21347.9349  8.46%  79.0 3324s
 974673 417961 22747.7728   73  269 23319.9999 21347.9349  8.46%  79.1 3331s
 974880 418311 22933.8341   82  193 23319.9999 21347.9349  8.46%  79.1 3336s
 975503 418841 21468.6577   48  443 23319.9999 21348.1400  8.46%  79.1 3344s
 976306 419504 21662.4099   56  449 23319.9999 21348.1675  8.46%  79.2 3351s
 977477 419918 21718.7645   74  277 23319.9999 21348.1740  8.46%  79.2 3358s
 978127 420558 22038.2826   50  385 23319.9999 21348.2212  8.46%  79.2 3364s
 979234 421038 22129.1678   45  394 23319.9999 21348.3241  8.45%  79.3 3370s
 980096 421698 22806.1740   66  255 23319.9999 21348.4018  8.45%  79.3 3377s
 981223 422066 infeasible   58      23319.9999 21348.5446  8.45%  79.4 3383s
 981894 422343 22448.5803   61  402 23319.9999 21348.6381  8.45%  79.4 3389s
 982527 422887 21649.7846   63  282 23319.9999 21348.7109  8.45%  79.5 3395s
 983402 423230 infeasible   55      23319.9999 21348.8406  8.45%  79.5 3402s
 984014 423680 infeasible   72      23319.9999 21348.8940  8.45%  79.5 3409s
 984996 424200 21675.1319   59  413 23319.9999 21349.0165  8.45%  79.6 3415s
 985887 424632 21358.8510   43  368 23319.9999 21349.0643  8.45%  79.6 3422s
 986767 425189 22505.2444   59  288 23319.9999 21349.1349  8.45%  79.7 3429s
 987684 425538 21400.6737   58  293 23319.9999 21349.2509  8.45%  79.7 3439s
 988360 426048 22357.1740   59  278 23319.9999 21349.2735  8.45%  79.8 3445s
 989167 426521 infeasible   93      23319.9999 21349.3088  8.45%  79.8 3452s
 989945 426985 21469.2896   59  347 23319.9999 21349.3918  8.45%  79.9 3457s
 991533 427316 21381.4535   47  108 23319.9999 21349.6493  8.45%  79.9 3460s
 994082 427875 21609.7521   54   55 23319.9999 21350.6036  8.45%  79.8 3465s
 997504 428340 infeasible   47      23319.9999 21352.0053  8.44%  79.7 3470s
 1000172 428850 21593.6313   45   73 23319.9999 21352.6991  8.44%  79.6 3475s
 1003477 429489     cutoff   60      23319.9999 21354.3673  8.43%  79.5 3481s
 1006359 430439 21469.9459   45  115 23319.9999 21355.2821  8.43%  79.4 3486s
 1008175 431066     cutoff   56      23319.9999 21355.2821  8.43%  79.4 3490s
 1010635 431837 21627.2821   57   28 23319.9999 21355.2821  8.43%  79.3 3496s
 1013042 432561 21387.2821   39   47 23319.9999 21355.2821  8.43%  79.3 3500s
 1016453 433710 21462.7164   41   93 23319.9999 21355.2821  8.43%  79.2 3506s
 1019281 434539 21533.5112   44   47 23319.9999 21355.4409  8.42%  79.1 3512s
 1021275 435099 21584.2821   54   32 23319.9999 21355.6238  8.42%  79.0 3515s
 1023731 435715 21474.7821   42  116 23319.9999 21355.8903  8.42%  79.0 3520s
 1026801 436431 21631.2821   57   67 23319.9999 21356.2821  8.42%  78.9 3525s
 1030571 437197 21506.8563   47   57 23319.9999 21356.8180  8.42%  78.8 3530s
 1033433 437866 21613.2821   62   20 23319.9999 21357.2821  8.42%  78.7 3536s
 1035955 438458 21489.2821   48   44 23319.9999 21357.2821  8.42%  78.6 3540s
 1039368 439161     cutoff   50      23319.9999 21357.4881  8.42%  78.5 3545s
 1041053 439595 22204.4813   46  492 23319.9999 21357.7633  8.41%  78.4 3551s
 1041391 440235 infeasible   59      23319.9999 21357.7644  8.41%  78.4 3565s
 1042479 441256 22352.4414   77  186 23319.9999 21357.7644  8.41%  78.5 3577s
 1043948 442212 22203.0931   75  184 23319.9999 21357.9660  8.41%  78.6 3594s
 1045410 442763 21358.9872   48  428 23319.9999 21357.9660  8.41%  78.6 3600s

Cutting planes:
  Learned: 172
  Gomory: 13
  Cover: 211
  Implied bound: 55
  Clique: 241
  MIR: 130
  StrongCG: 11
  Flow cover: 8
  GUB cover: 1
  Zero half: 2
  Network: 2
  RLT: 28
  Relax-and-lift: 45

Explored 1046284 nodes (82296382 simplex iterations) in 3608.34 seconds (3083.34 work units)
Thread count was 8 (of 8 available processors)

Solution count 10: 23320 23320 23320 ... 24873

Time limit reached
Best objective 2.331999993922e+04, best bound 2.135796596096e+04, gap 8.4135%

User-callback calls 2095226, time in user-callback 4.66 sec

Statistics for modelBNB_BSNH_BSAL_BPHD:
  Linear constraint matrix    : 21277 Constrs, 8010 Vars, 78885 NZs
  Variable types              : 2735 Continuous,
5275 Integer (1117 Binary)
  Matrix coefficient range    : [ 1, 200 ]
  Objective coefficient range : [ 1, 382 ]
  Variable bound range        : [ 1, 199 ]
  RHS coefficient range       : [ 1, 549 ]
