
Gurobi 10.0.1 (linux64) logging started Mon Apr  1 08:18:53 2024

Set parameter LogFile to value "/data/optimi/optimi/kombadon/drings/SBahn/s-bahn-data/scripts/DeniseMA/processed/BBUP_O/RINS/BBUP_O_202403312232_random3_0.6.log"
Gurobi Optimizer version 10.0.1 build v10.0.1rc0 (linux64)

CPU model: Intel(R) Xeon(R) CPU E3-1270 v6 @ 3.80GHz, instruction set [SSE2|AVX|AVX2]
Thread count: 4 physical cores, 8 logical processors, using up to 8 threads

Optimize a model with 14341 rows, 5774 columns and 54440 nonzeros
Model fingerprint: 0x5cc6c0ef
Variable types: 1824 continuous, 3950 integer (691 binary)
Coefficient statistics:
  Matrix range     [1e+00, 4e+02]
  Objective range  [1e+00, 4e+02]
  Bounds range     [1e+00, 2e+02]
  RHS range        [1e+00, 2e+04]

User MIP start did not produce a new incumbent solution
User MIP start violates constraint objective_cutoff by 157.610000000

Presolve removed 6720 rows and 1968 columns
Presolve time: 0.17s
Presolved: 7621 rows, 3806 columns, 29961 nonzeros
Variable types: 983 continuous, 2823 integer (2823 binary)

Root relaxation: objective 1.323804e+04, 2824 iterations, 0.04 seconds (0.04 work units)
Another try with MIP start

    Nodes    |    Current Node    |     Objective Bounds      |     Work
 Expl Unexpl |  Obj  Depth IntInf | Incumbent    BestBd   Gap | It/Node Time

     0     0 13238.0447    0  164          - 13238.0447      -     -    0s
     0     0 13252.4759    0  334          - 13252.4759      -     -    0s
     0     0 13252.4759    0  323          - 13252.4759      -     -    0s
     0     0 13268.0305    0  483          - 13268.0305      -     -    0s
     0     0 13270.9321    0  435          - 13270.9321      -     -    0s
     0     0 13270.9321    0  427          - 13270.9321      -     -    0s
     0     0 13286.1584    0  486          - 13286.1584      -     -    0s
     0     0 13286.2924    0  495          - 13286.2924      -     -    0s
     0     0 13286.2924    0  479          - 13286.2924      -     -    0s
     0     0 13291.8293    0  403          - 13291.8293      -     -    1s
     0     0 13291.8293    0  417          - 13291.8293      -     -    1s
     0     0 13291.8293    0  431          - 13291.8293      -     -    1s
     0     0 13291.8293    0  474          - 13291.8293      -     -    1s
     0     0 13291.8293    0  198          - 13291.8293      -     -    1s
     0     0 13291.8293    0  357          - 13291.8293      -     -    1s
     0     0 13291.8293    0  152          - 13291.8293      -     -    1s
     0     0 13291.8293    0  225          - 13291.8293      -     -    1s
     0     0 13302.1340    0  191          - 13302.1340      -     -    1s
     0     0 13302.1340    0  191          - 13302.1340      -     -    1s
     0     2 13302.1340    0  185          - 13302.1340      -     -    2s
  1056   835 13585.0000  105  182          - 13318.0846      -  31.9    5s
  2189  1434 13431.0000   49  242          - 13328.0000      -  26.8   10s
  7376  4753 13762.7066   82  133          - 13328.0000      -  24.7   15s
 12224  8325 13350.0000   36  254          - 13328.0000      -  26.8   20s
 17682 11244 13424.0000   37  295          - 13328.0000      -  28.3   25s
 20390 13308 infeasible   74               - 13328.0000      -  29.2   30s
 21600 14073 13427.3233   64  229          - 13328.0000      -  29.3   40s
 26688 17738 13964.0000   89  113          - 13328.0000      -  30.2   45s
 31721 20991 13518.5455   66  281          - 13328.0000      -  31.0   50s
 35273 23008 13328.0000   50  365          - 13328.0000      -  31.8   55s
 39749 25870 14070.0000   64  189          - 13328.0000      -  32.5   60s
 43736 30249 13932.2863   75  240          - 13328.0000      -  32.8   66s
 48227 31667 13608.0000   49  327          - 13328.0000      -  33.3   70s
 51079 33704 13328.0000   40  388          - 13328.0000      -  34.0   75s
 54157 35806 14597.6909   85  142          - 13328.0000      -  34.3   80s
 59711 38538 13950.3689   65  245          - 13328.0000      -  34.9   85s
 62113 39946 infeasible   97               - 13328.0000      -  35.2   90s
 64155 41782 13744.4464   62  227          - 13328.0000      -  35.6   95s
 67804 43849 infeasible   69               - 13328.0000      -  36.2  100s
 71977 46632 13907.8697   66  223          - 13328.0000      -  36.7  105s
 74796 48603 13528.0000   67  267          - 13328.0000      -  37.1  110s
 78712 50729 13776.0000   63  243          - 13328.0000      -  37.8  115s
 82037 52890 infeasible   45               - 13328.0000      -  38.3  120s
 85370 55534 13369.1859   58  285          - 13328.0000      -  38.9  126s
 88234 57294 13621.0000   53  306          - 13328.0000      -  39.5  130s
 91924 59207 13351.0000   57  249          - 13328.0000      -  40.1  135s
 94846 61431 13359.4310   64  332          - 13328.0000      -  40.6  140s
 97258 63308 13745.0000   73  224          - 13328.0000      -  41.0  145s
 101402 65627 13608.0000   57  191          - 13328.0000      -  41.6  150s
 104310 67136 13397.4310   32  304          - 13328.0000      -  41.8  155s
 106652 69899 13737.4506   40  277          - 13328.0000      -  42.1  162s
 110383 70931 13348.0000   25  354          - 13328.0000      -  42.7  165s
 114020 73483 infeasible   78               - 13328.0000      -  43.0  170s
 116102 74676 infeasible   50               - 13328.0000      -  43.3  175s
 119263 76745 infeasible   80               - 13328.0000      -  43.5  180s
 122042 79049 13644.0000   46  220          - 13328.0000      -  43.8  185s
 125608 81276 13983.6578   61  301          - 13328.0000      -  44.2  190s
 129615 83430 13469.4310   42  399          - 13328.0000      -  44.5  195s
 132019 85043 infeasible   73               - 13328.0000      -  44.6  200s
 134782 87456 13527.0000   60  266          - 13328.0000      -  44.8  205s
 139080 89641 13698.3103   71  283          - 13328.0000      -  44.8  210s
*140471 81674             108    14737.000000 13328.0000  9.56%  44.8  211s
H140656 80496                    14673.000000 13328.0000  9.17%  44.9  212s
 141369 81213 13332.5739   36  387 14673.0000 13328.0000  9.17%  45.0  215s
H142298 81598                    14668.000000 13328.0000  9.14%  45.2  216s
H142677 81612                    14666.000000 13328.0000  9.12%  45.2  217s
H142714 81339                    14654.000000 13328.0000  9.05%  45.2  217s
 143599 82161 13578.6584   57  315 14654.0000 13328.0000  9.05%  45.4  220s
H143886 82097                    14650.000000 13328.0000  9.02%  45.4  220s
H144048 82064                    14649.000000 13328.0000  9.02%  45.4  220s
H144437 82501                    14646.000000 13328.0000  9.00%  45.5  222s
H144732 81926                    14620.000000 13328.0000  8.84%  45.6  222s
H145059 81853                    14612.000000 13328.0000  8.79%  45.7  223s
H145281 82066                    14610.000000 13328.0000  8.77%  45.8  224s
 145686 82159 13580.4310   64  390 14610.0000 13328.0000  8.77%  45.9  225s
H145714 81820                    14596.000000 13328.0000  8.69%  45.9  225s
H145834 81899                    14593.000000 13328.0000  8.67%  46.0  227s
H146110 81348                    14570.000000 13328.0000  8.52%  46.0  228s
 146232 81402     cutoff   71      14570.0000 13328.0000  8.52%  46.1  230s
 146655 81646 13452.0000   49  269 14570.0000 13328.0000  8.52%  46.3  236s
 146932 81844 13485.3333   58  279 14570.0000 13328.0000  8.52%  46.5  240s
 147364 82157 13888.4000   65  257 14570.0000 13328.0000  8.52%  46.7  246s
 147880 82431 13682.0000   38  314 14570.0000 13328.0000  8.52%  46.9  251s
 148148 82578 13498.3125   53  194 14570.0000 13328.0000  8.52%  46.9  255s
 148403 83569 13533.3947   44  435 14570.0000 13328.0000  8.52%  47.0  266s
 150016 84323 13331.7323   63  422 14570.0000 13328.0000  8.52%  47.8  270s
 152221 85104 infeasible   76      14570.0000 13328.0000  8.52%  48.2  276s
 152532 85225 13549.0172   69  332 14570.0000 13328.0000  8.52%  48.4  280s
 153106 85790 13331.4310   36  415 14570.0000 13328.0000  8.52%  48.7  286s
 154139 86020 13457.7969   47  262 14570.0000 13328.0383  8.52%  49.4  293s
 154400 86228 13678.2957   74  218 14570.0000 13328.0727  8.52%  49.5  296s
 154847 86390 13797.6586   66  251 14570.0000 13328.0754  8.52%  49.7  300s
 155946 87106 infeasible   81      14570.0000 13328.0754  8.52%  50.2  307s
 156455 87540 13391.7510   49  440 14570.0000 13328.0754  8.52%  50.4  310s
 157631 87871 13332.4424   53  528 14570.0000 13328.1464  8.52%  50.9  317s
 158086 88060     cutoff   59      14570.0000 13328.1464  8.52%  51.2  321s
 158649 88281 13499.4310   38  334 14570.0000 13328.1511  8.52%  51.4  333s
 158992 89382 13704.9828   58  305 14570.0000 13328.2829  8.52%  51.6  346s
 161215 90197 13669.1780   57  240 14570.0000 13328.6346  8.52%  52.7  350s
 163649 90760     cutoff   74      14570.0000 13329.6800  8.51%  53.3  357s
 163968 90824 13333.4310   36  423 14570.0000 13330.0000  8.51%  53.5  360s
 164476 91181 13717.3103   46  326 14570.0000 13330.0000  8.51%  53.8  366s
 164738 91377 13351.4310   31  474 14570.0000 13330.0361  8.51%  54.0  370s
 165927 92078 14045.8968   74  188 14570.0000 13331.0000  8.50%  54.4  377s
 166448 92796 13654.0000   80  370 14570.0000 13331.0000  8.50%  54.7  381s
 168290 93108 13331.4310   29  450 14570.0000 13331.4310  8.50%  55.1  388s
 168484 93392 13746.2909   49  298 14570.0000 13331.4310  8.50%  55.2  391s
 169244 93815 infeasible   95      14570.0000 13331.4310  8.50%  55.4  397s
 169678 94283 13331.4310   31  398 14570.0000 13331.4310  8.50%  55.6  401s
 170409 94699 13395.4310   64  301 14570.0000 13331.4310  8.50%  55.8  405s
 171449 95054 14454.0000   49  170 14570.0000 13331.4310  8.50%  56.1  414s
 171727 95425 13447.4310   28  453 14570.0000 13331.4310  8.50%  56.3  419s
H171929 95425                    14569.999991 13331.4310  8.50%  56.3  419s
 172371 95919 13331.4310   22  390 14570.0000 13331.4310  8.50%  56.5  423s
H173187 95919                    14569.999988 13331.4310  8.50%  56.8  423s
 173211 96247 13331.4310   29  479 14570.0000 13331.4310  8.50%  56.8  428s
 173762 97133 13448.6582   45  362 14570.0000 13331.4310  8.50%  57.0  432s
 175266 97313 14304.0000   61  156 14570.0000 13331.4310  8.50%  57.2  436s
 175541 97598 13331.4310   22  467 14570.0000 13331.4310  8.50%  57.4  440s
 176521 98326 13331.4310   29  462 14570.0000 13331.4310  8.50%  57.8  448s
 177235 98589 13331.4310   19  464 14570.0000 13331.4310  8.50%  58.0  452s
 177630 99298 13598.8317   45  352 14570.0000 13331.4310  8.50%  58.2  457s
 178890 99528 13665.4310   23  493 14570.0000 13331.4310  8.50%  58.4  461s
H179035 99528                    14569.999965 13331.4310  8.50%  58.4  461s
 179417 100431 13381.6760   41  308 14570.0000 13331.4310  8.50%  58.6  475s
 180913 101208 13347.4310   38  376 14570.0000 13331.4310  8.50%  59.1  481s
 182133 101450 13363.4310   37  351 14570.0000 13331.4310  8.50%  59.4  485s
 183210 102046 13331.5702   31  577 14570.0000 13331.4310  8.50%  59.7  493s
 183699 102574 13543.0000   56  218 14570.0000 13331.4310  8.50%  60.0  497s
 184578 102928 13441.1649   29  433 14570.0000 13331.4310  8.50%  60.3  502s
 185177 103699 13821.3902   51  261 14570.0000 13331.4310  8.50%  60.5  505s
 186750 104066 13476.0097   34  268 14570.0000 13331.4310  8.50%  60.8  513s
 187130 104465 13465.0000   45  155 14570.0000 13331.4310  8.50%  61.0  518s
 187726 104792 infeasible   48      14570.0000 13331.4310  8.50%  61.1  521s
 188286 105445 13347.4310   43  467 14570.0000 13331.4310  8.50%  61.3  525s
 189716 105781 13419.8277   44  491 14570.0000 13331.4310  8.50%  61.6  531s
 189863 106410 13785.4310   48  282 14570.0000 13331.4310  8.50%  61.6  537s
 190825 106969 infeasible   55      14570.0000 13331.4310  8.50%  61.9  541s
 191791 107193 13937.4511   51  294 14570.0000 13331.4310  8.50%  62.2  545s
 192689 107908 13331.4310   31  525 14570.0000 13331.4310  8.50%  62.5  554s
 193330 108265 14547.3385   54  372 14570.0000 13331.4310  8.50%  62.7  558s
 193896 109195 13620.4310   54  238 14570.0000 13331.4310  8.50%  62.8  563s
 195461 109454 infeasible   55      14570.0000 13331.4310  8.50%  63.0  566s
 195887 109570 13735.4519   39  287 14570.0000 13331.4310  8.50%  63.2  571s
 196626 110448 13698.3414   67  410 14570.0000 13331.4310  8.50%  63.4  578s
 197961 110692 infeasible   32      14570.0000 13331.4310  8.50%  63.6  581s
 198340 111101 13631.7226   45  507 14570.0000 13331.4310  8.50%  63.7  585s
 199303 111491 13366.3172   38  360 14570.0000 13331.4310  8.50%  64.0  592s
 199751 112197 13331.4310   26  460 14570.0000 13331.4310  8.50%  64.2  596s
 201109 112737 13512.0356   33  268 14570.0000 13331.4310  8.50%  64.4  604s
 201867 113554 13370.8178   40  429 14570.0000 13331.4310  8.50%  64.6  609s
 203403 113785 13730.4625   60  324 14570.0000 13331.4310  8.50%  64.8  612s
 203828 113894 13436.0061   37  281 14570.0000 13331.4310  8.50%  64.9  616s
 204429 114486 13331.4310   33  507 14570.0000 13331.4310  8.50%  65.3  623s
 205149 114721 infeasible   62      14570.0000 13331.4310  8.50%  65.4  627s
 205565 115485 13792.9828   46  322 14570.0000 13331.4310  8.50%  65.5  631s
 207127 115876 13493.4310   42  286 14570.0000 13331.4310  8.50%  65.8  638s
 207505 116456 14536.5000   69  112 14570.0000 13331.4310  8.50%  65.9  642s
 208504 116682 13827.6663   43  236 14570.0000 13331.4310  8.50%  66.1  646s
 209465 117099 13331.5588   54  409 14570.0000 13331.4310  8.50%  66.4  653s
 209831 117340 13331.4310   29  489 14570.0000 13331.4310  8.50%  66.5  657s
 210306 117992 14331.1308   49  256 14570.0000 13331.4310  8.50%  66.6  661s
 211561 118723 13884.4166   49  235 14570.0000 13331.4310  8.50%  66.8  670s
 212668 119475 13331.4310   29  452 14570.0000 13331.4310  8.50%  67.2  675s
 214501 119961 infeasible   58      14570.0000 13331.4310  8.50%  67.4  683s
 214837 120245 13352.3893   46  456 14570.0000 13331.4310  8.50%  67.6  686s
 215365 120896 13427.0172   38  281 14570.0000 13331.4310  8.50%  67.7  690s
 216850 121246 13409.6810   42  322 14570.0000 13331.4310  8.50%  68.0  698s
 217195 121532 13332.6297   39  425 14570.0000 13331.4310  8.50%  68.1  701s
 217743 122142 14322.2414   45  195 14570.0000 13331.4310  8.50%  68.2  705s
 219162 122678 13409.8366   44  341 14570.0000 13331.4310  8.50%  68.5  713s
 219658 122915 13673.6034   43  275 14570.0000 13331.4310  8.50%  68.7  717s
 220042 123247 13388.4310   37  451 14570.0000 13331.4310  8.50%  68.8  721s
 220587 123541 13828.0347   44  317 14570.0000 13331.4310  8.50%  69.0  725s
 222438 124350 13375.4310   41  384 14570.0000 13331.4310  8.50%  69.2  730s
 222572 124984 13331.4310   31  418 14570.0000 13331.4310  8.50%  69.3  738s
 223637 125487 13645.1443   43  297 14570.0000 13331.4310  8.50%  69.6  743s
 224432 125770 infeasible   28      14570.0000 13331.4310  8.50%  69.7  747s
 224960 126534 13905.4310   40  385 14570.0000 13331.4310  8.50%  69.9  752s
H225266 126534                    14569.999888 13331.4310  8.50%  70.0  752s
H226281 126706                    14569.999870 13331.4310  8.50%  70.1  756s
 226553 126996 14075.1853   46  184 14569.9999 13331.4310  8.50%  70.2  760s
 227443 127928 13331.4517   40  483 14569.9999 13331.4310  8.50%  70.5  768s
 228525 128023 13339.2510   35  464 14569.9999 13331.4310  8.50%  70.7  772s
 228688 128294 13794.6741   47  322 14569.9999 13331.4310  8.50%  70.8  776s
 229574 128849 13515.0690   39  412 14569.9999 13331.4310  8.50%  71.1  784s
 230237 129214 14377.7843   60  309 14569.9999 13331.4310  8.50%  71.3  788s
 230895 129512 13718.0001   38  402 14569.9999 13331.4310  8.50%  71.5  792s
 231402 130167 13331.4310   35  462 14569.9999 13331.4310  8.50%  71.6  796s
 232467 130472 13332.2819   43  401 14569.9999 13331.4310  8.50%  71.7  800s
 233185 131225 14342.3504   65  117 14569.9999 13331.4310  8.50%  71.9  807s
 234283 131353 13331.6685   40  418 14569.9999 13331.4310  8.50%  72.1  811s
 234475 131661 13522.1564   41  411 14569.9999 13331.4310  8.50%  72.2  815s
 235980 132406 14271.5692   66  299 14569.9999 13331.4310  8.50%  72.5  823s
 236427 132621 14423.1917   41  183 14569.9999 13331.4310  8.50%  72.6  827s
 236777 132998 14092.0000   58  135 14569.9999 13331.4310  8.50%  72.7  831s

Cutting planes:
  Learned: 145
  Gomory: 202
  Cover: 2502
  Implied bound: 484
  Projected implied bound: 41
  Clique: 345
  MIR: 393
  StrongCG: 86
  Flow cover: 1637
  GUB cover: 11
  Inf proof: 25
  Zero half: 42
  Network: 36
  RLT: 81
  Relax-and-lift: 154
  BQP: 1

Explored 237464 nodes (17343416 simplex iterations) in 831.62 seconds (1417.19 work units)
Thread count was 8 (of 8 available processors)

Solution count 10: 14570 14570 14570 ... 14612

Solve interrupted
Best objective 1.456999987045e+04, best bound 1.333143103448e+04, gap 8.5008%

User-callback calls 780593, time in user-callback 2.65 sec

Statistics for modelBBUP_O:
  Linear constraint matrix    : 14341 Constrs, 5774 Vars, 54440 NZs
  Variable types              : 1824 Continuous,
3950 Integer (691 Binary)
  Matrix coefficient range    : [ 1, 384 ]
  Objective coefficient range : [ 1, 384 ]
  Variable bound range        : [ 1, 199 ]
  RHS coefficient range       : [ 1, 15603.4 ]
