
Gurobi 10.0.1 (linux64) logging started Mon Apr  1 07:57:28 2024

Set parameter LogFile to value "/data/optimi/optimi/kombadon/drings/SBahn/s-bahn-data/scripts/DeniseMA/processed/BBUP_O/RINS/BBUP_O_202403312232_random2_0.6.log"
Gurobi Optimizer version 10.0.1 build v10.0.1rc0 (linux64)

CPU model: Intel(R) Xeon(R) CPU E3-1270 v6 @ 3.80GHz, instruction set [SSE2|AVX|AVX2]
Thread count: 4 physical cores, 8 logical processors, using up to 8 threads

Optimize a model with 14341 rows, 5774 columns and 54440 nonzeros
Model fingerprint: 0x457dd911
Variable types: 1824 continuous, 3950 integer (691 binary)
Coefficient statistics:
  Matrix range     [1e+00, 4e+02]
  Objective range  [1e+00, 4e+02]
  Bounds range     [1e+00, 2e+02]
  RHS range        [1e+00, 2e+04]

User MIP start did not produce a new incumbent solution
User MIP start violates constraint objective_cutoff by 157.610000000

Presolve removed 6629 rows and 1959 columns
Presolve time: 0.15s
Presolved: 7712 rows, 3815 columns, 30485 nonzeros
Variable types: 988 continuous, 2827 integer (2827 binary)

Root relaxation: objective 1.323804e+04, 2641 iterations, 0.03 seconds (0.02 work units)
Another try with MIP start

    Nodes    |    Current Node    |     Objective Bounds      |     Work
 Expl Unexpl |  Obj  Depth IntInf | Incumbent    BestBd   Gap | It/Node Time

H    0     0                    15517.000000 13238.0447  14.7%     -    0s
     0     0 13238.0447    0  154 15517.0000 13238.0447  14.7%     -    0s
     0     0 13250.4759    0  397 15517.0000 13250.4759  14.6%     -    0s
     0     0 13250.4759    0  400 15517.0000 13250.4759  14.6%     -    0s
     0     0 13293.0722    0  568 15517.0000 13293.0722  14.3%     -    0s
     0     0 13293.0722    0  450 15517.0000 13293.0722  14.3%     -    0s
     0     0 13300.7921    0  489 15517.0000 13300.7921  14.3%     -    0s
     0     0 13302.0413    0  551 15517.0000 13302.0413  14.3%     -    0s
     0     0 13302.0413    0  485 15517.0000 13302.0413  14.3%     -    0s
     0     0 13302.8102    0  532 15517.0000 13302.8102  14.3%     -    0s
     0     0 13302.8102    0  525 15517.0000 13302.8102  14.3%     -    1s
     0     0 13302.8102    0  571 15517.0000 13302.8102  14.3%     -    1s
     0     0 13302.8102    0  536 15517.0000 13302.8102  14.3%     -    1s
     0     0 13308.9740    0  285 15517.0000 13308.9740  14.2%     -    1s
     0     0 13308.9740    0  346 15517.0000 13308.9740  14.2%     -    1s
     0     0 13308.9740    0  503 15517.0000 13308.9740  14.2%     -    1s
     0     0 13308.9740    0  260 15517.0000 13308.9740  14.2%     -    1s
     0     0 13308.9740    0  171 15517.0000 13308.9740  14.2%     -    2s
     0     0 13308.9740    0  451 15517.0000 13308.9740  14.2%     -    2s
     0     0 13308.9740    0  415 15517.0000 13308.9740  14.2%     -    2s
     0     0 13308.9740    0  415 15517.0000 13308.9740  14.2%     -    2s
     0     0 13308.9740    0  472 15517.0000 13308.9740  14.2%     -    2s
     0     0 13308.9740    0  438 15517.0000 13308.9740  14.2%     -    2s
     0     0 13314.6676    0  469 15517.0000 13314.6676  14.2%     -    2s
     0     0 13314.6676    0  450 15517.0000 13314.6676  14.2%     -    2s
     0     0 13314.6676    0  521 15517.0000 13314.6676  14.2%     -    2s
     0     0 13314.6676    0  507 15517.0000 13314.6676  14.2%     -    2s
     0     0 13314.6676    0  230 15517.0000 13314.6676  14.2%     -    3s
     0     0 13314.6676    0  316 15517.0000 13314.6676  14.2%     -    3s
     0     0 13314.6676    0  264 15517.0000 13314.6676  14.2%     -    3s
     0     0 13314.6676    0  233 15517.0000 13314.6676  14.2%     -    3s
     0     2 13314.6676    0  217 15517.0000 13314.6676  14.2%     -    4s
H   31    36                    15513.000000 13317.6333  14.2%   127    4s
   315   358 13685.0000   52  132 15513.0000 13317.6333  14.2%  45.3    5s
H  502   494                    15509.000000 13317.6333  14.1%  41.9    5s
H  661   658                    15496.000000 13317.6333  14.1%  39.6    5s
H 1047   847                    15494.000000 13317.6333  14.0%  40.0    6s
H 1091   813                    15493.000000 13322.5286  14.0%  40.0    8s
  1098   817 14263.0000   45  218 15493.0000 13328.0000  14.0%  39.8   10s
H 1267   885                    15489.000000 13328.0182  14.0%  65.0   13s
H 1300   862                    15488.000000 13328.0182  13.9%  64.2   13s
H 1329   845                    15436.000000 13328.0182  13.7%  64.6   14s
  1398   888 14024.0000   53  190 15436.0000 13328.0182  13.7%  64.7   15s
H 1419   858                    15433.000000 13328.0182  13.6%  64.3   15s
H 1464   840                    15432.000000 13328.0182  13.6%  64.4   15s
H 1503   800                    15427.000000 13328.0182  13.6%  65.8   16s
H 1777   854                    15426.999992 13328.0182  13.6%  63.6   18s
H 2318  1065                    15416.000000 13328.1872  13.5%  59.0   19s
  2331  1366 13808.4118   37  335 15416.0000 13328.1872  13.5%  59.2   20s
H 2750  1327                    15380.000000 13328.1872  13.3%  56.2   20s
  4434  2627 14285.0891   45  335 15380.0000 13328.1872  13.3%  54.7   25s
  6390  3741 infeasible   39      15380.0000 13328.1872  13.3%  54.1   30s
  8189  5216 14358.0000   60  189 15380.0000 13328.1872  13.3%  56.1   36s
  9907  5893 infeasible   67      15380.0000 13328.1872  13.3%  56.9   40s
 10990  7286 13328.1872   42  339 15380.0000 13328.1872  13.3%  59.4   46s
 12980  7749 13940.7185   56  194 15380.0000 13328.1872  13.3%  61.4   50s
*13053  7742             126    15354.000000 13328.1872  13.2%  61.1   50s
H13434  8106                    15353.000000 13328.1872  13.2%  62.0   52s
H13434  8106                    15352.000000 13328.1872  13.2%  62.0   52s
 14420  9032 13328.1872   24  422 15352.0000 13328.1872  13.2%  63.5   56s
H15585  8294                    14872.000000 13328.1872  10.4%  63.4   56s
H15646  7922                    14629.000000 13328.1872  8.89%  63.5   58s
H15706  7913                    14624.000000 13328.1872  8.86%  63.8   58s
H16025  8074                    14622.000000 13328.1872  8.85%  64.6   59s
H16220  8067                    14618.000000 13328.1872  8.82%  65.0   59s
 16300  8226 14086.2050   34  302 14618.0000 13328.1872  8.82%  65.4   61s
H16440  8224                    14617.000000 13328.1872  8.82%  65.8   61s
 17366  8717 14089.8931   39  386 14617.0000 13328.1872  8.82%  67.1   65s
H17463  8651                    14599.000000 13328.1872  8.70%  67.2   65s
H17618  9104                    14595.000000 13328.1872  8.68%  68.3   68s
H17860  9083                    14590.000000 13328.1872  8.65%  68.4   68s
 18522  9124 infeasible   57      14590.0000 13328.1872  8.65%  69.1   70s
H18715  9247                    14586.000000 13328.1872  8.62%  70.4   72s
 19461  9596 13430.0000   43  343 14586.0000 13328.1872  8.62%  72.5   76s
 20707 10185 13328.1872   25  324 14586.0000 13328.1872  8.62%  73.6   80s
 21013 10186 13540.9650   48  260 14586.0000 13328.1872  8.62%  74.4  102s
 21020 10191 13730.9063   42  219 14586.0000 13328.1872  8.62%  74.4  105s
 21023 10193 14166.0000   69  348 14586.0000 13328.1872  8.62%  74.3  110s
 21088 10240 13336.6800   36  281 14586.0000 13336.6800  8.57%  75.6  115s
 21657 10464 13414.0000   46  301 14586.0000 13336.6800  8.57%  76.0  120s
 22111 10635 13530.5000   46  350 14586.0000 13336.6800  8.57%  76.4  125s
 22835 10933 13873.0388   53  425 14586.0000 13341.2179  8.53%  76.1  130s
 23879 11479 13787.2857   68  178 14586.0000 13341.2179  8.53%  77.1  135s
 25585 11925 13495.6888   57  189 14586.0000 13341.2179  8.53%  77.7  140s
 26659 12688 13341.2179   36  337 14586.0000 13341.2179  8.53%  78.5  145s
 28188 12731 13836.3124   46  305 14586.0000 13341.2179  8.53%  79.5  151s
 28842 13236 13345.8310   42  464 14586.0000 13341.2179  8.53%  80.9  155s
 30134 13377 13466.9234   44  445 14586.0000 13341.2179  8.53%  81.8  160s
 31977 13512 13407.6306   56  271 14586.0000 13341.2179  8.53%  83.5  167s
 32134 14163 13704.6283   54  421 14586.0000 13341.2179  8.53%  84.1  176s
 33361 14475 13522.6283   48  386 14586.0000 13341.2179  8.53%  87.5  181s
 35091 14562 14032.8578   62  326 14586.0000 13341.2179  8.53%  89.5  187s
 35811 14596 13344.6283   46  433 14586.0000 13341.2179  8.53%  90.4  190s
 36575 15027 infeasible   62      14586.0000 13341.2179  8.53%  92.0  196s
 37888 14903 13893.0151   67  161 14586.0000 13341.2904  8.53%  93.0  202s
 38141 15002 13817.5446   42  432 14586.0000 13341.2904  8.53%  94.0  205s
 39544 15370 infeasible   64      14586.0000 13343.7893  8.52%  94.6  211s
 39921 15492 13626.0298   59  262 14586.0000 13344.6283  8.51%  95.5  215s
 41250 15705 infeasible   48      14586.0000 13344.6283  8.51%  96.8  222s
 41597 15750 13847.6172   52  349 14586.0000 13344.6283  8.51%  97.9  225s
 42398 16051 13345.0646   46  445 14586.0000 13344.6283  8.51%  99.4  232s
 42923 16080 13910.8655   56  267 14586.0000 13344.6283  8.51%   100  236s
 43341 16217 13621.1591   43  395 14586.0000 13344.6283  8.51%   101  240s
 43932 16674 13344.6283   42  626 14586.0000 13344.6283  8.51%   102  245s
 45416 16658 13532.6283   57  387 14586.0000 13344.6283  8.51%   103  253s
 45797 17105 13437.8747   53  481 14586.0000 13344.6283  8.51%   104  257s
 46776 17041 infeasible   64      14586.0000 13344.6283  8.51%   105  262s
 47227 17211 14336.2179   78  235 14586.0000 13344.6283  8.51%   106  266s
 47755 17680 13368.6283   41  305 14586.0000 13344.6283  8.51%   106  270s
H48694 16857                    14585.999989 13344.6283  8.51%   106  270s
 48965 16981 13509.6379   48  363 14586.0000 13344.6283  8.51%   107  275s
 49813 17220 13592.8636   44  391 14586.0000 13344.6283  8.51%   108  283s
 50307 17492 13359.8340   56  442 14586.0000 13344.6283  8.51%   108  288s
 50965 17792 13377.8022   47  458 14586.0000 13344.6283  8.51%   109  292s
 51477 18099 13344.6283   52  555 14586.0000 13344.6283  8.51%   110  296s
 52032 18457 13464.7267   49  316 14586.0000 13344.6283  8.51%   110  301s
 53025 19359 13920.9088   53  298 14586.0000 13344.6283  8.51%   112  310s
 54688 19862 14432.6283   59  205 14586.0000 13344.6283  8.51%   113  318s
 55129 20321 14488.0677   70  200 14586.0000 13344.6283  8.51%   113  323s
 55996 20561 14350.5948   67  162 14586.0000 13344.6283  8.51%   113  327s
 56564 20884 14536.6430   67  314 14586.0000 13344.6283  8.51%   114  331s
 57131 21241 13420.6283   51  433 14586.0000 13344.6283  8.51%   114  335s
 57698 21498 13591.5722   56  355 14586.0000 13344.6283  8.51%   115  340s
 58687 22281 13354.2785   48  613 14586.0000 13344.6283  8.51%   116  349s
 59533 22555 13344.6283   37  642 14586.0000 13344.6283  8.51%   117  354s
 60035 22910 13344.6283   52  560 14586.0000 13344.6283  8.51%   117  358s
 60682 23185 13837.1278   49  340 14586.0000 13344.6283  8.51%   118  363s
 61201 23446 13716.6283   53  433 14586.0000 13344.6283  8.51%   118  367s
 61738 23701 13656.1423   53  324 14586.0000 13344.6283  8.51%   119  372s
 62206 24048 14206.7322   51  451 14586.0000 13344.6283  8.51%   120  377s
 62861 24418 13916.9217   51  424 14586.0000 13344.6283  8.51%   120  381s
 63594 24582 13460.7142   56  260 14586.0000 13344.6283  8.51%   120  385s
 64352 25093 14081.8101   62  185 14586.0000 13344.6283  8.51%   121  394s
 64996 25439 13344.8394   52  567 14586.0000 13344.6283  8.51%   122  399s
 65631 25696 14503.7840   61  342 14586.0000 13344.6283  8.51%   122  404s
 66182 25866 14499.4448   72  229 14586.0000 13344.6283  8.51%   123  408s
 66644 26082 13577.7271   60  397 14586.0000 13344.6283  8.51%   124  413s
 67142 26400 13849.5012   64  287 14586.0000 13344.6283  8.51%   124  418s
 67761 26605 14147.9075   51  250 14586.0000 13344.6283  8.51%   125  424s
 68227 26844 13743.4802   51  411 14586.0000 13344.6283  8.51%   126  429s
 68732 27169 13348.0594   50  561 14586.0000 13344.6283  8.51%   127  434s
 69380 27667 14353.3674   74  247 14586.0000 13344.6283  8.51%   127  440s
 70294 27973 13348.3461   47  627 14586.0000 13344.6283  8.51%   128  445s
 70865 28278 13542.3461   45  374 14586.0000 13344.6283  8.51%   128  451s
 71449 28594 13494.8101   48  336 14586.0000 13344.6283  8.51%   129  456s
 72110 28858 13348.3461   45  591 14586.0000 13344.6283  8.51%   130  461s
 72594 29090 13348.2530   47  492 14586.0000 13344.6283  8.51%   130  467s
 73098 29298 13538.7648   43  565 14586.0000 13344.6283  8.51%   131  471s
 73492 29657 13375.7035   51  403 14586.0000 13344.6283  8.51%   132  477s
 74195 30059 13348.0594   56  382 14586.0000 13344.6283  8.51%   132  483s
 75012 30600 14394.6061   69  273 14586.0000 13344.6283  8.51%   133  489s
 76129 30878 13494.0594   52  487 14586.0000 13344.6283  8.51%   133  493s
 76615 31131 14409.1258   72  191 14586.0000 13344.6283  8.51%   133  498s
 77186 31355 13658.8093   43  459 14586.0000 13344.6283  8.51%   134  503s
 77655 31662 infeasible   52      14586.0000 13344.6283  8.51%   134  508s
 78221 31909 13739.2489   49  386 14586.0000 13344.6283  8.51%   135  514s
 78751 32061 13412.3461   49  458 14586.0000 13344.6283  8.51%   135  519s
 79196 32270 13805.0005   61  367 14586.0000 13344.6283  8.51%   136  524s
 79638 32522 13350.8388   56  527 14586.0000 13344.6283  8.51%   137  530s
 80171 32854 13351.2636   45  559 14586.0000 13344.6420  8.51%   137  535s
 80733 33220 14456.3633   58  380 14586.0000 13344.6420  8.51%   138  541s
 81388 33464 13415.6477   46  520 14586.0000 13344.6474  8.51%   138  547s
 81980 33860 13376.9163   52  370 14586.0000 13344.6697  8.51%   139  553s
 82711 34411 14534.9784   59  240 14586.0000 13344.6735  8.51%   139  559s
 83738 34647 13372.8937   41  448 14586.0000 13344.7041  8.51%   139  563s
 84179 35041 13360.9334   51  418 14586.0000 13344.7438  8.51%   140  569s
 84932 35310 13485.6164   52  520 14586.0000 13344.7949  8.51%   140  574s
 85514 35547 13789.5082   48  444 14586.0000 13344.9151  8.51%   141  579s
 86024 35836 infeasible   43      14586.0000 13344.9686  8.51%   141  585s
 86544 36093     cutoff   62      14586.0000 13345.0000  8.51%   142  590s
 87109 36418 13885.4972   47  505 14586.0000 13345.2289  8.51%   142  596s
 87763 36705 13393.8320   54  322 14586.0000 13345.5249  8.50%   142  602s
 88394 37029 14537.9024   69  314 14586.0000 13345.7712  8.50%   143  607s
 88987 37246     cutoff   63      14586.0000 13345.7712  8.50%   143  613s
 89494 37511 13371.3538   53  501 14586.0000 13345.7712  8.50%   144  617s
 90004 37736 13806.8581   47  547 14586.0000 13345.8310  8.50%   144  622s
 90490 38041 13869.3528   55  352 14586.0000 13346.0655  8.50%   145  627s
 91046 38364 13360.9593   49  604 14586.0000 13346.2543  8.50%   145  632s
 91645 38549 14498.7133   56  267 14586.0000 13346.5449  8.50%   145  637s
 92066 38835 13527.7348   56  378 14586.0000 13347.0120  8.49%   145  643s
 92709 39157 infeasible   54      14586.0000 13347.5883  8.49%   146  649s
 93353 39480 14500.9808   56  311 14586.0000 13347.6435  8.49%   146  655s
 94970 40179 13410.8415   47  404 14586.0000 13348.0594  8.49%   147  663s
H95398 40340                    14575.000000 13348.0594  8.42%   147  667s
 95782 40569 14039.5648   65  207 14575.0000 13348.0594  8.42%   147  672s
H96014 40537                    14571.000000 13348.0594  8.39%   147  672s
 96198 40828 13623.8465   48  495 14571.0000 13348.0594  8.39%   147  677s
H96315 40815                    14569.000000 13348.0594  8.38%   147  677s
 96708 41118 14479.6685   68  223 14569.0000 13348.0594  8.38%   147  682s
 97324 41380 infeasible   56      14569.0000 13348.0594  8.38%   148  687s
 97833 41708 13405.6066   55  523 14569.0000 13348.0594  8.38%   148  693s
 98367 42021 13392.8415   48  550 14569.0000 13348.0594  8.38%   148  699s
 99007 42285 13411.1809   55  531 14569.0000 13348.0594  8.38%   148  705s
 99562 42561 14223.7332   62  387 14569.0000 13348.0594  8.38%   149  710s
 100150 42888 13364.8415   49  436 14569.0000 13348.0594  8.38%   149  716s
 100710 43188 13361.0526   52  451 14569.0000 13348.0594  8.38%   149  722s
 101281 43520 13507.7713   50  447 14569.0000 13348.0594  8.38%   150  728s
 101903 43703 13360.8415   43  542 14569.0000 13348.0594  8.38%   150  733s
 102345 44067 13469.7204   51  440 14569.0000 13348.0594  8.38%   151  740s
 102951 44352 13360.8415   54  507 14569.0000 13348.0594  8.38%   151  746s
 103480 44632 14314.6234   54  470 14569.0000 13348.0772  8.38%   151  752s
 104062 44955 13360.8623   48  457 14569.0000 13348.0802  8.38%   152  759s
 104708 45132 13362.3308   48  511 14569.0000 13348.0802  8.38%   152  763s
 105069 45461     cutoff   59      14569.0000 13348.1383  8.38%   152  771s
 105889 45784 13496.7864   49  479 14569.0000 13348.2530  8.38%   153  778s
 106548 46129 13777.3135   46  308 14569.0000 13348.3351  8.38%   153  784s
 107204 46541 13490.1748   51  476 14569.0000 13348.3461  8.38%   154  791s
 108010 46852 14225.1354   50  398 14569.0000 13348.4364  8.38%   154  799s
 108641 47285 13528.3097   51  556 14569.0000 13348.5427  8.38%   154  805s
 109456 47641 infeasible   56      14569.0000 13348.6283  8.38%   154  811s
 110206 47752     cutoff   68      14569.0000 13348.6283  8.38%   155  818s
 110532 48086 13364.8415   49  465 14569.0000 13348.6283  8.38%   155  824s
 111065 48086 13376.1701   43  535 14569.0000 13348.7177  8.38%   155  825s
 111201 48338 13485.1482   54  454 14569.0000 13348.7352  8.38%   155  830s
 111742 48671 14390.0482   57  257 14569.0000 13349.0021  8.37%   155  836s
 112318 49007     cutoff   64      14569.0000 13349.0802  8.37%   155  841s
 112921 49294 infeasible   40      14569.0000 13349.2509  8.37%   155  845s
 113510 49538 13365.7495   49  515 14569.0000 13349.5880  8.37%   156  850s
 114294 49973 13449.3846   58  560 14569.0000 13350.2283  8.37%   156  859s
 114839 50296 13536.7885   63  285 14569.0000 13350.7832  8.36%   156  865s
 115472 50473 14562.6390   48  335 14569.0000 13351.2636  8.36%   157  870s
 115862 50914 13366.3722   43  461 14569.0000 13351.2636  8.36%   157  879s
 116692 51267 13683.9410   46  547 14569.0000 13351.2636  8.36%   157  885s
 117325 51564 infeasible   57      14569.0000 13351.2845  8.36%   158  892s
 117885 51886 infeasible   51      14569.0000 13351.4576  8.36%   158  898s
 118461 52186 13652.3000   44  509 14569.0000 13352.0016  8.35%   158  904s
 119017 52430 14278.9317   51  405 14569.0000 13352.0254  8.35%   159  911s
 119491 52731 infeasible   57      14569.0000 13352.0802  8.35%   159  916s
 119987 52973 13368.9203   37  510 14569.0000 13352.1282  8.35%   159  923s
 120534 53205 14294.0830   47  330 14569.0000 13352.4505  8.35%   160  929s
 121102 53404 13365.0980   44  441 14569.0000 13352.4505  8.35%   160  935s
 121500 53809 13368.6336   36  597 14569.0000 13352.6336  8.35%   160  942s
 122145 54154 14269.8415   59  331 14569.0000 13352.6336  8.35%   160  949s
 122774 54616 13352.6336   43  461 14569.0000 13352.6336  8.35%   161  956s
 123448 54986 13579.3475   56  383 14569.0000 13352.6336  8.35%   161  964s
 124145 55331 14143.1318   51  312 14569.0000 13352.6336  8.35%   161  971s
 124822 55665 13549.3651   42  605 14569.0000 13352.6336  8.35%   161  979s
 125572 55963 13887.8761   56  286 14569.0000 13352.6336  8.35%   162  986s
 126124 56194 13513.8761   49  482 14569.0000 13352.6336  8.35%   162  991s
 126538 56486 infeasible   44      14569.0000 13352.6336  8.35%   162  999s
 127156 57054 infeasible   50      14569.0000 13352.6336  8.35%   162 1009s
 128018 57493 13355.8761   42  594 14569.0000 13352.6336  8.35%   163 1017s
 128772 57904 13378.5427   40  475 14569.0000 13352.6336  8.35%   163 1026s
 129472 58216     cutoff   51      14569.0000 13352.6336  8.35%   163 1033s
 130120 58510 14274.8735   68  274 14569.0000 13352.6404  8.35%   164 1040s
 130640 58805 14100.4957   48  438 14569.0000 13352.6404  8.35%   164 1048s
 131317 59169 14169.9833   50  257 14569.0000 13352.7717  8.35%   164 1057s
 131975 59524 13377.0500   46  452 14569.0000 13352.9203  8.35%   165 1065s
 132664 59854 13438.6272   50  375 14569.0000 13352.9203  8.35%   165 1074s
 133352 60169 13451.0590   52  598 14569.0000 13353.0283  8.35%   165 1082s
 134045 60448 14427.0106   62  267 14569.0000 13353.7318  8.34%   166 1091s
 134715 60738 13412.7973   41  578 14569.0000 13354.0000  8.34%   166 1100s
 135238 60918 14086.7655   55  331 14569.0000 13354.0000  8.34%   167 1108s
 135687 61203 13423.2586   44  489 14569.0000 13354.0000  8.34%   167 1116s
 136239 61439 13450.6980   48  476 14569.0000 13354.0000  8.34%   168 1124s
 136768 61560 13904.7784   45  433 14569.0000 13354.0000  8.34%   169 1128s
 137042 61866 14399.3105   57  304 14569.0000 13354.0000  8.34%   169 1138s
 137737 62242 14220.0771   53  315 14569.0000 13354.0000  8.34%   170 1149s
 138491 62454 13940.5853   51  413 14569.0000 13354.0000  8.34%   170 1157s
 138955 62800 13364.2361   47  488 14569.0000 13354.0000  8.34%   171 1166s
 139629 63087 infeasible   64      14569.0000 13354.0338  8.34%   172 1175s
 140264 63310 14541.9550   61  293 14569.0000 13354.0958  8.34%   172 1183s
 140872 63725 13384.6363   56  531 14569.0000 13354.6283  8.34%   173 1193s
 141696 64104 13764.6170   53  337 14569.0000 13355.1079  8.33%   173 1202s
 142488 64451 infeasible   49      14569.0000 13355.4836  8.33%   173 1211s
 143179 64838 13997.0374   50  293 14569.0000 13355.8761  8.33%   174 1221s
 143909 65219 13383.2088   40  653 14569.0000 13355.8761  8.33%   174 1230s
 144664 65586 13394.6290   52  324 14569.0000 13355.8761  8.33%   175 1240s
 145372 66065 13355.8761   45  591 14569.0000 13355.8761  8.33%   175 1249s
 146237 66381 infeasible   54      14569.0000 13355.8761  8.33%   175 1258s
 146911 66767 13423.0589   43  469 14569.0000 13355.8761  8.33%   176 1267s
 147557 66903 13355.8761   48  634 14569.0000 13355.8761  8.33%   176 1272s
 147874 67325 13399.8761   40  552 14569.0000 13355.8761  8.33%   176 1284s

Cutting planes:
  Learned: 183
  Gomory: 252
  Cover: 2253
  Implied bound: 476
  Projected implied bound: 47
  Clique: 271
  MIR: 613
  StrongCG: 173
  Flow cover: 2359
  GUB cover: 10
  Inf proof: 38
  Zero half: 35
  Network: 76
  RLT: 145
  Relax-and-lift: 158
  BQP: 1

Explored 148748 nodes (26301834 simplex iterations) in 1284.32 seconds (2795.09 work units)
Thread count was 8 (of 8 available processors)

Solution count 10: 14569 14571 14575 ... 14618

Solve interrupted
Best objective 1.456900000000e+04, best bound 1.335587606727e+04, gap 8.3267%

User-callback calls 698625, time in user-callback 2.47 sec

Statistics for modelBBUP_O:
  Linear constraint matrix    : 14341 Constrs, 5774 Vars, 54440 NZs
  Variable types              : 1824 Continuous,
3950 Integer (691 Binary)
  Matrix coefficient range    : [ 1, 384 ]
  Objective coefficient range : [ 1, 384 ]
  Variable bound range        : [ 1, 199 ]
  RHS coefficient range       : [ 1, 15603.4 ]
