
Gurobi 10.0.1 (linux64) logging started Mon Apr  1 06:24:54 2024

Set parameter LogFile to value "/data/optimi/optimi/kombadon/drings/SBahn/s-bahn-data/scripts/DeniseMA/processed/BBUP_O/RINS/BBUP_O_202403312232_random2_0.9.log"
Gurobi Optimizer version 10.0.1 build v10.0.1rc0 (linux64)

CPU model: Intel(R) Xeon(R) CPU E3-1270 v6 @ 3.80GHz, instruction set [SSE2|AVX|AVX2]
Thread count: 4 physical cores, 8 logical processors, using up to 8 threads

Optimize a model with 14354 rows, 5774 columns and 54453 nonzeros
Model fingerprint: 0xe14980d1
Variable types: 1824 continuous, 3950 integer (691 binary)
Coefficient statistics:
  Matrix range     [1e+00, 4e+02]
  Objective range  [1e+00, 4e+02]
  Bounds range     [1e+00, 2e+02]
  RHS range        [1e+00, 2e+04]

User MIP start did not produce a new incumbent solution
User MIP start violates constraint objective_cutoff by 157.610000000

Presolve removed 6798 rows and 2003 columns
Presolve time: 0.16s
Presolved: 7556 rows, 3771 columns, 29857 nonzeros
Variable types: 976 continuous, 2795 integer (2795 binary)

Root relaxation: objective 1.323804e+04, 2781 iterations, 0.04 seconds (0.03 work units)
Another try with MIP start

    Nodes    |    Current Node    |     Objective Bounds      |     Work
 Expl Unexpl |  Obj  Depth IntInf | Incumbent    BestBd   Gap | It/Node Time

     0     0 13238.0447    0  148          - 13238.0447      -     -    0s
     0     0 13251.6779    0  511          - 13251.6779      -     -    0s
     0     0 13251.6779    0  497          - 13251.6779      -     -    0s
     0     0 13295.2712    0  509          - 13295.2712      -     -    0s
     0     0 13295.3419    0  515          - 13295.3419      -     -    0s
     0     0 13295.3419    0  499          - 13295.3419      -     -    0s
     0     0 13309.2712    0  534          - 13309.2712      -     -    0s
     0     0 13309.2712    0  557          - 13309.2712      -     -    0s
     0     0 13309.2712    0  504          - 13309.2712      -     -    1s
     0     0 13313.2000    0  552          - 13313.2000      -     -    1s
     0     0 13313.2000    0  541          - 13313.2000      -     -    1s
     0     0 13313.2000    0  601          - 13313.2000      -     -    1s
     0     0 13313.2000    0  616          - 13313.2000      -     -    1s
     0     0 13313.2000    0  658          - 13313.2000      -     -    1s
     0     0 13317.2000    0  643          - 13317.2000      -     -    1s
     0     0 13317.2000    0  237          - 13317.2000      -     -    1s
     0     0 13317.2000    0  407          - 13317.2000      -     -    1s
     0     0 13317.2000    0  379          - 13317.2000      -     -    1s
     0     0 13317.2000    0  223          - 13317.2000      -     -    2s
     0     0 13317.2000    0  222          - 13317.2000      -     -    2s
     0     0 13317.2000    0  114          - 13317.2000      -     -    3s
     0     0 13317.2000    0  358          - 13317.2000      -     -    3s
     0     0 13317.2000    0  309          - 13317.2000      -     -    3s
     0     0 13317.2000    0  305          - 13317.2000      -     -    3s
     0     0 13317.2000    0  411          - 13317.2000      -     -    3s
     0     0 13317.2000    0  397          - 13317.2000      -     -    3s
     0     0 13317.2000    0  395          - 13317.2000      -     -    3s
     0     0 13318.0000    0  398          - 13318.0000      -     -    3s
     0     0 13318.0000    0  437          - 13318.0000      -     -    3s
     0     0 13318.0000    0  424          - 13318.0000      -     -    3s
     0     0 13318.0000    0  403          - 13318.0000      -     -    3s
     0     0 13318.0000    0  198          - 13318.0000      -     -    4s
     0     0 13318.0000    0  232          - 13318.0000      -     -    4s
     0     0 13318.0000    0  160          - 13318.0000      -     -    4s
     0     0 13318.0000    0  207          - 13318.0000      -     -    4s
     0     0 13318.0000    0  198          - 13318.0000      -     -    5s
     0     0 13318.0000    0  294          - 13318.0000      -     -    5s
     0     0 13318.0000    0  128          - 13318.0000      -     -    5s
     0     0 13318.0000    0  271          - 13318.0000      -     -    5s
     0     0 13318.0000    0  180          - 13318.0000      -     -    5s
     0     0 13318.0000    0  164          - 13318.0000      -     -    5s
     0     2 13318.0000    0  164          - 13318.0000      -     -    6s
  1065   808 13330.0000   20  267          - 13328.0000      -  31.4   10s
  1546  1468 13651.0000   68  149          - 13328.0000      -  64.0   15s
  6577  4138 13348.0000   17  318          - 13328.0000      -  38.7   20s
 10499  9633 13376.8321   36  300          - 13328.0000      -  37.8   26s
 17580 11966 15596.0000   82   65          - 13328.0000      -  35.2   30s
 20689 14389 infeasible   80               - 13328.0000      -  35.5   42s
 24102 16973 13737.0000   67  205          - 13328.0000      -  35.2   45s
 29482 20569 14287.6239   53   95          - 13331.4783      -  34.8   50s
 33011 23484 14436.8600   66  160          - 13333.6892      -  35.2   55s
 38779 26658 15082.0000  118   51          - 13342.1763      -  34.8   60s
 41525 31317 13701.6758   56  295          - 13348.0000      -  35.1   66s
 46121 32464 13348.0000   33  295          - 13348.0000      -  35.7   70s
 51834 35830 infeasible   42               - 13348.0000      -  35.6   75s
 56982 39742 13998.0000   52  288          - 13348.0000      -  35.4   80s
 61519 42624 13754.2303   63  213          - 13348.0000      -  35.7   85s
 65125 44676 13811.5009   61  325          - 13348.0000      -  36.0   90s
 69614 47807 13760.1305   34  305          - 13348.0000      -  36.5   95s
 73236 51793 13726.0000   24  404          - 13348.0000      -  36.8  101s
*75647 47369             114    14660.000000 13348.0000  8.95%  37.2  102s
H75903 47885                    14649.000000 13348.0000  8.88%  37.3  103s
 77650 49022 14121.2303   56  215 14649.0000 13348.0000  8.88%  37.5  105s
H79359 50098                    14646.000000 13348.0000  8.86%  37.7  107s
H80407 50670                    14643.000000 13348.0000  8.84%  37.8  108s
 81200 51121 14445.0000   59  215 14643.0000 13348.0000  8.84%  38.0  110s
H81211 51056                    14639.000000 13348.0000  8.82%  38.0  110s
H81515 51046                    14638.000000 13348.0000  8.81%  38.1  110s
H82413 51500                    14636.000000 13348.0000  8.80%  38.2  112s
 83621 52247 13734.5771   47  328 14636.0000 13348.0000  8.80%  38.5  115s
 83632 54894 13926.0000   50  288 14636.0000 13348.0000  8.80%  38.5  124s
 87636 55050 14009.0000   49  290 14636.0000 13348.0000  8.80%  39.7  125s
H87865 55560                    14635.000000 13348.0000  8.79%  39.7  127s
H88730 55489                    14626.000000 13348.0000  8.74%  39.8  129s
H88766 55411                    14617.000000 13348.0000  8.68%  39.7  129s
 88782 55535 14414.5297   45  282 14617.0000 13348.0000  8.68%  39.8  130s
H88847 55525                    14616.000000 13348.0000  8.68%  39.8  130s
H88882 55403                    14605.000000 13348.0000  8.61%  39.8  130s
H88954 55649                    14599.000000 13348.0000  8.57%  39.8  132s
H89568 55735                    14595.000000 13348.0000  8.54%  39.9  134s
 89707 55987 13506.0000   31  243 14595.0000 13348.0000  8.54%  39.9  136s
H90132 56042                    14593.000000 13348.0000  8.53%  40.1  138s
 90461 57080 14359.0000   49  127 14593.0000 13348.0000  8.53%  40.2  141s
 91786 57164 13360.5340   21  307 14593.0000 13348.0000  8.53%  40.4  145s
H91812 57164                    14592.999692 13348.0000  8.53%  40.4  145s
 93959 58550 infeasible   68      14592.9997 13348.0000  8.53%  40.8  150s
 93980 61164 13423.9897   28  405 14592.9997 13348.0000  8.53%  40.8  159s
 97984 61881 14173.0000   43  201 14592.9997 13348.0000  8.53%  42.2  160s
 101194 63834 13726.0000   36  348 14592.9997 13348.0000  8.53%  42.7  165s
 104651 65495 14392.4661   33  281 14592.9997 13348.0000  8.53%  43.4  170s
 104839 65924 14204.3454   44  235 14592.9997 13348.0000  8.53%  43.5  179s
 105506 68099 13811.9309   34  344 14592.9997 13348.0000  8.53%  43.7  183s
 109133 68146 13667.3111   33  364 14592.9997 13348.0000  8.53%  44.3  185s
 111312 69998 14553.2308   60  151 14592.9997 13348.0000  8.53%  44.8  190s
 114589 71525 13852.2099   36  325 14592.9997 13348.0000  8.53%  45.5  195s
 116690 72849 13942.8553   48  260 14592.9997 13348.0000  8.53%  45.9  201s
 118425 74054 14148.2362   50  289 14592.9997 13348.0000  8.53%  46.3  205s
 121370 75600 14054.0000   63  291 14592.9997 13348.0109  8.53%  46.9  210s
 123778 76992 infeasible   81      14592.9997 13348.0404  8.53%  47.4  215s
 126206 78634 13750.6720   48  335 14592.9997 13348.1305  8.53%  47.9  220s
 128069 79819 13732.5093   50  394 14592.9997 13348.1305  8.53%  48.3  225s
 130761 80893 13732.5093   43  342 14592.9997 13348.1305  8.53%  48.9  230s
 133386 82308 infeasible   59      14592.9997 13348.1305  8.53%  49.2  235s
 135700 84102 13929.0000   51  324 14592.9997 13348.1466  8.53%  49.5  240s
 138059 85581 13950.5628   48  350 14592.9997 13348.1482  8.53%  49.8  245s
H141597 86173                    14545.000000 13348.3094  8.23%  50.1  250s
H141831 86166                    14540.000000 13348.3094  8.20%  50.1  251s
H142837 86678                    14535.000000 13348.6741  8.16%  50.2  253s
 143190 86968 14475.1736   55  290 14535.0000 13348.7190  8.16%  50.3  255s
 145091 88300 13900.4000   54  238 14535.0000 13349.2800  8.16%  50.8  260s
 147400 90003 14060.0000   48  358 14535.0000 13350.3157  8.15%  51.1  268s
 149640 90277 14033.0000   73  234 14535.0000 13351.7506  8.14%  51.7  272s
 150245 91396 13620.9897   37  295 14535.0000 13351.8476  8.14%  51.9  275s
 154074 92822 13744.8050   37  414 14535.0000 13352.1466  8.14%  52.3  280s
 155966 94109 13471.1159   40  449 14535.0000 13354.0000  8.13%  52.7  285s
 157732 95985 13973.0634   36  398 14535.0000 13355.0000  8.12%  53.0  294s
 159860 96209 13726.5736   38  304 14535.0000 13356.0000  8.11%  53.5  295s
 161587 97349 13826.4501   49  266 14535.0000 13356.9876  8.10%  53.9  301s
 163691 98111 infeasible   80      14535.0000 13358.6400  8.09%  54.2  305s
 166264 99652 14106.4306   26  323 14535.0000 13361.0000  8.08%  54.6  310s
 168608 100753 14108.5900   47  271 14535.0000 13362.1271  8.07%  54.9  315s
 170521 102169 14095.1055   57  189 14535.0000 13364.0000  8.06%  55.1  320s
 172563 103071 14077.3380   60  229 14535.0000 13365.0000  8.05%  55.5  325s
 174889 104052 infeasible   46      14535.0000 13367.1305  8.03%  55.8  331s
 176604 105148     cutoff   69      14535.0000 13368.0000  8.03%  56.1  335s
H177546 105533                    14534.999998 13368.0000  8.03%  56.3  338s
 177795 106018 13781.8718   34  247 14535.0000 13368.0000  8.03%  56.3  340s
 179020 106938 14159.0000   51  246 14535.0000 13368.2126  8.03%  56.5  346s
 181888 107966 14061.1900   52  334 14535.0000 13370.2749  8.01%  57.0  351s
 183401 108480 13914.0000   30  323 14535.0000 13371.0000  8.01%  57.3  355s
 185664 109554 13925.5975   58  302 14535.0000 13372.1305  8.00%  57.8  360s
 187085 109758 14045.0992   55  381 14535.0000 13373.8705  7.99%  58.4  365s
 187768 110434     cutoff   56      14535.0000 13374.2337  7.99%  58.9  371s
 188960 110854 14116.1153   44  235 14535.0000 13375.0600  7.98%  59.1  375s
 189666 111621 14418.0000   55  180 14535.0000 13375.0600  7.98%  59.2  382s
 191217 112297 13812.0000   36  444 14535.0000 13376.2303  7.97%  59.8  385s
 193417 112966 14315.3445   39  295 14535.0000 13376.2303  7.97%  60.4  391s
 194746 113608 14203.0000   55  177 14535.0000 13376.2303  7.97%  60.7  396s
 196004 114160 14466.8013   54  361 14535.0000 13376.2303  7.97%  61.0  400s
 196659 114981 13812.2596   31  466 14535.0000 13376.8321  7.97%  61.3  405s
 198622 115603 14106.8130   63  412 14535.0000 13378.9715  7.95%  61.7  410s
 199977 117186 14448.0000   57  196 14535.0000 13379.0000  7.95%  62.0  422s
 201744 117644 13832.0000   50  386 14535.0000 13379.7352  7.95%  62.7  426s
 203979 118514 14446.0000   56  264 14535.0000 13380.7880  7.94%  63.0  432s
 204901 119190 infeasible   46      14535.0000 13381.1264  7.94%  63.4  437s
 205997 120154 14385.0000   58  219 14535.0000 13381.2303  7.94%  63.7  441s
 207340 120381     cutoff   56      14535.0000 13381.2303  7.94%  63.9  446s
 208845 121210 infeasible   55      14535.0000 13381.6245  7.94%  64.2  450s
 210086 121925 13933.1600   33  204 14535.0000 13382.0000  7.93%  64.5  455s
 211772 122712 14250.4118   35  329 14535.0000 13382.8373  7.93%  64.9  461s
 212802 123234 13881.9445   28  380 14535.0000 13383.4600  7.92%  65.3  466s
 213934 123838 13863.9583   47  300 14535.0000 13384.0640  7.92%  65.5  470s
 215085 124467 14418.0000   28  162 14535.0000 13384.7352  7.91%  65.8  476s
 215686 124710 14399.4872   59  223 14535.0000 13385.5714  7.91%  66.0  480s
 216946 125719 14401.5029   58  286 14535.0000 13386.0000  7.91%  66.4  486s
 217978 126345 13787.0000   26  381 14535.0000 13386.0000  7.91%  66.5  490s
 219952 127055 13822.6023   56  341 14535.0000 13386.1305  7.90%  66.8  495s
 220921 127828 14028.9782   30  312 14535.0000 13387.1271  7.90%  67.1  501s
 222027 128565 13930.4385   56  324 14535.0000 13388.4380  7.89%  67.5  506s
 224585 129380 13971.3029   36  316 14535.0000 13390.0000  7.88%  67.8  511s
 225852 130385 13843.4547   40  404 14535.0000 13390.0000  7.88%  68.1  515s
 227836 131197 14422.0000   54  275 14535.0000 13391.0000  7.87%  68.4  520s
 229687 132148 13544.0000   47  257 14535.0000 13393.0000  7.86%  68.6  525s
 231384 132664 14175.6506   56  195 14535.0000 13394.2900  7.85%  68.9  530s
 233191 133580     cutoff   75      14535.0000 13395.8448  7.84%  69.2  535s
 234767 134634 14138.1684   40  213 14535.0000 13396.0000  7.84%  69.5  540s
 236278 135217 infeasible   51      14535.0000 13396.7084  7.83%  69.7  545s
 237527 136093 13597.1737   44  228 14535.0000 13398.0000  7.82%  70.1  551s
 238687 136512 13888.9586   40  226 14535.0000 13398.0000  7.82%  70.3  555s
 239885 137591 13726.0000   24  462 14535.0000 13399.0000  7.82%  70.6  560s
 241334 138146 14487.2687   46  273 14535.0000 13400.0000  7.81%  70.9  565s
 242988 139181 13788.5969   51  416 14535.0000 13400.2864  7.81%  71.3  572s
 244490 139542 14163.2917   35  358 14535.0000 13401.3006  7.80%  71.5  575s
 245775 139978 13913.2120   58  230 14535.0000 13402.0000  7.79%  71.9  581s
 246985 140524 13990.3380   49  242 14535.0000 13402.1405  7.79%  72.1  585s
 248425 141250     cutoff   61      14535.0000 13403.2303  7.79%  72.4  590s
 249961 141823 13782.8182   23  448 14535.0000 13404.2303  7.78%  72.7  595s
 251029 142787 13826.9267   41  324 14535.0000 13405.6720  7.77%  72.9  600s
 253132 143561 13939.6000   52  263 14535.0000 13406.2055  7.77%  73.1  605s
 254556 144351 14031.7845   52  451 14535.0000 13408.0000  7.75%  73.4  611s
 256308 145128 13429.7105   31  425 14535.0000 13408.0000  7.75%  73.6  616s
 257459 145818 13865.0483   44  382 14535.0000 13408.2303  7.75%  73.8  620s
 259058 146356     cutoff   68      14535.0000 13409.6535  7.74%  74.2  626s
 260009 146801 infeasible   62      14535.0000 13410.9121  7.73%  74.5  630s
 261193 147364 13718.9021   39  400 14535.0000 13412.0000  7.73%  74.8  635s
 262473 148111 14073.2581   50  271 14535.0000 13414.0000  7.71%  75.1  641s
 263041 148530 14469.0000   59  183 14535.0000 13414.1453  7.71%  75.2  645s
 264075 149027 14018.8735   60  302 14535.0000 13415.3457  7.70%  75.5  650s
 265083 149186 14248.3687   42  450 14535.0000 13416.8373  7.69%  75.8  655s
 265895 149670 13858.4418   42  266 14535.0000 13418.0000  7.68%  76.2  660s
 267503 150450 13799.9292   33  462 14535.0000 13418.0000  7.68%  76.4  665s
 268226 150969 14033.3333   41  385 14535.0000 13418.0261  7.68%  76.7  670s
 269089 151586     cutoff   49      14535.0000 13418.8373  7.68%  77.0  675s
 270232 152326 13866.0666   39  362 14535.0000 13419.3608  7.68%  77.1  680s
 271789 152903 14072.4490   44  483 14535.0000 13420.1220  7.67%  77.5  686s
 272829 153136 14477.1660   62  182 14535.0000 13421.1613  7.66%  77.9  691s
 274331 154025 13467.0923   60  212 14535.0000 13422.0526  7.66%  78.0  695s
 275753 154683 14110.5368   39  240 14535.0000 13423.9897  7.64%  78.3  701s
 276827 155548 13790.1679   32  321 14535.0000 13423.9897  7.64%  78.5  706s
 277685 155827     cutoff   62      14535.0000 13424.0000  7.64%  78.7  710s
 278888 156325 13935.0000   29  386 14535.0000 13424.7462  7.64%  78.9  715s
 280396 157328 14478.0000   56  177 14535.0000 13425.6522  7.63%  79.1  721s
 281469 157715 13866.0848   34  548 14535.0000 13426.1466  7.63%  79.3  725s
 282910 158411 13762.4857   31  470 14535.0000 13427.0000  7.62%  79.6  731s
 283641 158790 13966.0000   28  315 14535.0000 13427.0670  7.62%  79.8  735s
 284964 159465 13948.0000   38  306 14535.0000 13428.0000  7.62%  80.1  741s
 286341 160135 14050.0000   36  310 14535.0000 13428.0000  7.62%  80.3  746s
 287599 160712 13899.7085   49  449 14535.0000 13428.0000  7.62%  80.4  750s
 288698 161297 13991.0000   27  458 14535.0000 13428.0000  7.62%  80.8  756s
 289635 161803 13895.0618   50  414 14535.0000 13428.1305  7.62%  80.9  760s
 290943 162481 13713.1497   43  263 14535.0000 13428.5483  7.61%  81.2  766s
 291996 162897 14016.8995   42  488 14535.0000 13429.7967  7.60%  81.4  770s
 292692 163414 14484.0000   46  329 14535.0000 13430.1351  7.60%  81.6  776s
 293514 163572 13866.0000   61  396 14535.0000 13430.5209  7.60%  81.9  780s
 294634 163983 13905.0000   40  337 14535.0000 13431.8476  7.59%  82.2  786s
 295560 164398 14081.6818   42  183 14535.0000 13432.0000  7.59%  82.4  790s
 296635 164978 13951.2739   32  297 14535.0000 13432.3755  7.59%  82.6  795s
 297333 165729 13483.4519   33  369 14535.0000 13433.0000  7.58%  82.8  800s
 298572 166250 13925.8200   37  384 14535.0000 13434.0000  7.57%  83.0  805s
 299674 166459 13976.4519   57  394 14535.0000 13434.0000  7.57%  83.2  810s
 300587 166910 14326.7086   42  320 14535.0000 13434.0000  7.57%  83.4  815s
 301734 167425 14276.1602   63  303 14535.0000 13434.1453  7.57%  83.7  820s
 302939 167808 14413.9011   78  416 14535.0000 13435.0000  7.57%  84.1  827s
 303418 168184 14305.0000   60  363 14535.0000 13435.0569  7.57%  84.3  831s
 304232 168638 13994.8830   37  458 14535.0000 13435.8373  7.56%  84.5  836s
 305086 169081 14332.0000   68  236 14535.0000 13436.6957  7.56%  84.7  843s
 305987 170006 13909.4519   27  407 14535.0000 13437.1271  7.55%  85.0  848s
 307682 170107 14166.0000   39  334 14535.0000 13438.0000  7.55%  85.0  850s
 308333 170334 13820.6890   26  605 14535.0000 13438.0000  7.55%  85.3  855s

Cutting planes:
  Learned: 92
  Gomory: 119
  Cover: 1503
  Implied bound: 210
  Projected implied bound: 40
  Clique: 204
  MIR: 447
  StrongCG: 139
  Flow cover: 1604
  GUB cover: 11
  Inf proof: 12
  Zero half: 12
  Network: 32
  RLT: 38
  Relax-and-lift: 94
  PSD: 1

Explored 308755 nodes (26388462 simplex iterations) in 855.28 seconds (1439.96 work units)
Thread count was 8 (of 8 available processors)

Solution count 10: 14535 14535 14535 ... 14605

Solve interrupted
Best objective 1.453499999844e+04, best bound 1.343807379234e+04, gap 7.5468%

User-callback calls 879845, time in user-callback 2.40 sec

Statistics for modelBBUP_O:
  Linear constraint matrix    : 14354 Constrs, 5774 Vars, 54453 NZs
  Variable types              : 1824 Continuous,
3950 Integer (691 Binary)
  Matrix coefficient range    : [ 1, 384 ]
  Objective coefficient range : [ 1, 384 ]
  Variable bound range        : [ 1, 199 ]
  RHS coefficient range       : [ 1, 15603.4 ]
