
Gurobi 10.0.1 (linux64) logging started Mon Apr  1 07:00:48 2024

Set parameter LogFile to value "/data/optimi/optimi/kombadon/drings/SBahn/s-bahn-data/scripts/DeniseMA/processed/BBUP_O/RINS/BBUP_O_202403312232_random4_0.9.log"
Gurobi Optimizer version 10.0.1 build v10.0.1rc0 (linux64)

CPU model: Intel(R) Xeon(R) CPU E3-1270 v6 @ 3.80GHz, instruction set [SSE2|AVX|AVX2]
Thread count: 4 physical cores, 8 logical processors, using up to 8 threads

Optimize a model with 14354 rows, 5774 columns and 54453 nonzeros
Model fingerprint: 0x48e2fdb5
Variable types: 1824 continuous, 3950 integer (691 binary)
Coefficient statistics:
  Matrix range     [1e+00, 4e+02]
  Objective range  [1e+00, 4e+02]
  Bounds range     [1e+00, 2e+02]
  RHS range        [1e+00, 2e+04]

User MIP start did not produce a new incumbent solution
User MIP start violates constraint objective_cutoff by 157.610000000

Presolve removed 6798 rows and 2003 columns
Presolve time: 0.15s
Presolved: 7556 rows, 3771 columns, 29660 nonzeros
Variable types: 976 continuous, 2795 integer (2795 binary)

Root relaxation: objective 1.323804e+04, 2600 iterations, 0.03 seconds (0.03 work units)
Another try with MIP start

    Nodes    |    Current Node    |     Objective Bounds      |     Work
 Expl Unexpl |  Obj  Depth IntInf | Incumbent    BestBd   Gap | It/Node Time

     0     0 13238.0447    0  164          - 13238.0447      -     -    0s
     0     0 13253.6733    0  480          - 13253.6733      -     -    0s
     0     0 13253.6733    0  419          - 13253.6733      -     -    0s
     0     0 13290.2224    0  486          - 13290.2224      -     -    0s
     0     0 13309.2712    0  480          - 13309.2712      -     -    0s
     0     0 13309.2712    0  518          - 13309.2712      -     -    0s
     0     0 13309.3445    0  625          - 13309.3445      -     -    0s
     0     0 13309.3445    0  594          - 13309.3445      -     -    0s
     0     0 13309.4318    0  593          - 13309.4318      -     -    1s
     0     0 13309.4318    0  600          - 13309.4318      -     -    1s
     0     0 13309.7420    0  577          - 13309.7420      -     -    1s
     0     0 13309.7420    0  540          - 13309.7420      -     -    1s
     0     0 13310.6779    0  580          - 13310.6779      -     -    1s
     0     0 13310.7761    0  559          - 13310.7761      -     -    1s
     0     0 13310.7761    0  527          - 13310.7761      -     -    1s
     0     0 13310.9621    0  566          - 13310.9621      -     -    1s
     0     0 13310.9621    0  560          - 13310.9621      -     -    1s
     0     0 13310.9845    0  629          - 13310.9845      -     -    1s
     0     0 13310.9845    0  634          - 13310.9845      -     -    1s
     0     0 13310.9845    0  617          - 13310.9845      -     -    1s
     0     0 13310.9845    0  207          - 13310.9845      -     -    1s
     0     0 13310.9845    0  140          - 13310.9845      -     -    2s
     0     0 13310.9845    0  356          - 13310.9845      -     -    2s
     0     0 13310.9845    0  374          - 13310.9845      -     -    2s
     0     0 13310.9845    0  439          - 13310.9845      -     -    2s
     0     0 13310.9845    0  432          - 13310.9845      -     -    2s
     0     0 13310.9845    0  434          - 13310.9845      -     -    2s
     0     0 13311.1990    0  425          - 13311.1990      -     -    2s
     0     0 13311.1990    0  387          - 13311.1990      -     -    3s
     0     0 13311.8687    0  438          - 13311.8687      -     -    3s
     0     0 13311.8861    0  447          - 13311.8861      -     -    3s
     0     0 13312.2426    0  494          - 13312.2426      -     -    3s
     0     0 13312.2551    0  479          - 13312.2551      -     -    3s
     0     0 13315.5360    0  470          - 13315.5360      -     -    3s
     0     0 13315.5360    0  417          - 13315.5360      -     -    3s
     0     0 13315.5360    0  418          - 13315.5360      -     -    3s
     0     0 13315.5360    0  397          - 13315.5360      -     -    3s
     0     0 13315.5360    0  417          - 13315.5360      -     -    3s
     0     0 13315.5360    0  218          - 13315.5360      -     -    3s
     0     2 13315.5360    0  193          - 13315.5360      -     -    4s
   424   443 13334.4114    8  252          - 13328.0000      -  32.6    5s
  1145   924 14595.0000  107  486          - 13346.4972      -  28.2   10s
  1174   943 14466.0000  102  436          - 13355.0025      -  27.5   15s
  1714  1253 13435.8477   36  253          - 13373.3047      -  64.2   20s
  4928  2596 infeasible   55               - 13414.0000      -  46.7   25s
  8897  5406 13729.8278   63  234          - 13414.0000      -  43.0   30s
 10525  8873 13867.7082   59  141          - 13414.0000      -  43.1   35s
 16511 10781 13719.1475   47  293          - 13414.0000      -  41.4   40s
 21019 13495 13803.0000   63  206          - 13414.0000      -  40.8   56s
 23875 15442 13529.0541   42  311          - 13414.0151      -  41.1   60s
 28380 18420 infeasible   68               - 13414.0503      -  40.6   65s
 31972 22956 13890.6806   56  239          - 13416.2704      -  40.4   72s
 36855 24593 13806.6984   69  177          - 13416.2704      -  39.8   75s
 41089 27104 13629.9085   50  305          - 13420.9519      -  39.7   80s
 44859 29414 13432.1352   28  400          - 13423.2704      -  40.0   85s
 47522 31233 14724.0000   98   52          - 13423.9438      -  40.5   90s
 50910 33531 13740.4331   50  216          - 13425.1809      -  41.4   95s
 52796 36315 13759.2248   40  303          - 13429.5692      -  41.8  100s
 55454 36534 13508.5806   45  332          - 13430.0000      -  42.6  105s
 58493 38685 13629.0958   61  276          - 13431.9829      -  43.6  110s
 61686 40868 infeasible   71               - 13432.5700      -  44.3  115s
 65802 43808 14212.0000  105  206          - 13434.0000      -  44.8  120s
 69501 46355 13616.6019   32  394          - 13434.0000      -  45.2  125s
 73394 48696 15256.9627   94   63          - 13434.0000      -  45.6  130s
 76362 51283 13516.3315   58  447          - 13434.0000      -  46.1  135s
 78996 53030 13989.0000   50  175          - 13434.0000      -  46.4  140s
 82755 55054 13630.1619   44  380          - 13434.0000      -  46.7  145s
 85921 57358 13454.0000   36  332          - 13434.0000      -  47.0  150s
 88604 59426 13437.4519   33  416          - 13434.0000      -  47.5  155s
 91123 60596 13918.6143   50  300          - 13434.0000      -  47.7  160s
 94171 63139 13709.0649   55  312          - 13434.0000      -  48.1  165s
*95650 63572             111    15496.000000 13434.0000  13.3%  48.1  167s
 96962 64242 13834.2132   44  324 15496.0000 13434.0000  13.3%  48.2  170s
H98284 65133                    15494.000000 13434.0000  13.3%  48.6  173s
H98372 65630                    15490.000000 13434.0000  13.3%  48.7  174s
 99121 65729 13593.0241   56  265 15490.0000 13434.0000  13.3%  48.8  175s
H99766 66144                    15472.000000 13434.0000  13.2%  49.0  177s
H100083 66471                    15471.000000 13434.0000  13.2%  49.1  178s
H100196 66440                    15463.000000 13434.0000  13.1%  49.1  178s
H100557 66506                    15462.000000 13434.0000  13.1%  49.3  179s
H100633 67159                    15461.000000 13434.0000  13.1%  49.3  181s
 102695 68325 14099.2353   54  189 15461.0000 13434.0251  13.1%  49.5  185s
H102828 68317                    15460.000000 13434.0251  13.1%  49.6  185s
H103538 69001                    15453.000000 13434.0441  13.1%  49.7  188s
 104455 70186 15069.2412   63  159 15453.0000 13434.0441  13.1%  49.9  195s
H106313 70272                    15449.000000 13434.0534  13.0%  50.7  197s
H106485 70716                    15443.000000 13434.0534  13.0%  50.9  199s
H106685 70704                    15439.000000 13434.0534  13.0%  50.9  199s
H107255 70798                    15438.000000 13434.0754  13.0%  51.2  201s
 107644 71297 14049.0000   60  345 15438.0000 13434.1848  13.0%  51.5  205s
 109278 72162 infeasible   61      15438.0000 13434.6699  13.0%  52.2  212s
 110582 72982 13711.5023   50  326 15438.0000 13435.7949  13.0%  52.7  217s
 111714 73628 13541.9055   43  450 15438.0000 13435.8477  13.0%  53.3  221s
 112488 74169 13441.7223   30  475 15438.0000 13435.8477  13.0%  53.9  226s
 113497 74787 13486.7671   39  425 15438.0000 13435.8477  13.0%  54.6  231s
 114142 75669 14054.0000   50  270 15438.0000 13436.0000  13.0%  55.1  236s
H114818 72691                    14956.000000 13436.0000  10.2%  55.3  236s
H115046 72647                    14951.000000 13436.0000  10.1%  55.4  237s
H115086 72411                    14928.000000 13436.0000  10.0%  55.5  237s
H115104 70217                    14724.000000 13436.0000  8.75%  55.5  237s
H115141 70448                    14707.000000 13436.0000  8.64%  55.5  244s
H115956 71418                    14704.000000 13436.0000  8.62%  56.3  250s
H116766 71298                    14694.000000 13436.0000  8.56%  56.7  250s
H117122 71232                    14689.000000 13436.0000  8.53%  56.8  250s
H117665 71200                    14670.000000 13436.0000  8.41%  57.1  253s
 117896 71938 13581.8614   54  315 14670.0000 13436.0000  8.41%  57.3  257s
 119041 72108 13537.6043   43  454 14670.0000 13436.0000  8.41%  57.8  260s
 119938 72691     cutoff   69      14670.0000 13436.0000  8.41%  58.5  266s
 121348 73513 13452.5747   32  510 14670.0000 13436.0000  8.41%  59.2  272s
 121587 73690 13812.2633   49  352 14670.0000 13436.0000  8.41%  59.5  275s
 122484 74254 13450.6183   41  495 14670.0000 13436.0000  8.41%  60.0  280s
 123846 75065 infeasible   54      14670.0000 13436.3264  8.41%  60.6  285s
 125115 75872 13437.4519   40  428 14670.0000 13437.4519  8.40%  61.1  291s
 125669 76285 13756.4519   41  529 14670.0000 13437.4519  8.40%  61.5  296s
 125984 77263 13437.4519   29  605 14670.0000 13437.4519  8.40%  61.7  300s
 127809 77569     cutoff   75      14670.0000 13437.4519  8.40%  62.3  306s
 128932 78256 13442.1050   32  482 14670.0000 13437.4519  8.40%  62.7  312s
 129199 78768 13492.0895   47  494 14670.0000 13437.4519  8.40%  63.0  315s
 130321 79505 13874.0000   48  372 14670.0000 13437.4519  8.40%  63.6  322s
 131197 79589 13453.4602   41  384 14670.0000 13437.4519  8.40%  63.9  326s
 131332 79739 13549.6565   44  409 14670.0000 13437.4519  8.40%  64.0  330s
 132151 80647 13517.9638   44  426 14670.0000 13437.4519  8.40%  64.5  336s
 133112 80871 infeasible   74      14670.0000 13437.4519  8.40%  64.8  340s
 134344 81638 13443.4919   35  383 14670.0000 13437.4519  8.40%  65.4  347s
 134678 82088 13506.1957   38  391 14670.0000 13437.4519  8.40%  65.6  350s
 135819 82511 13444.4519   33  440 14670.0000 13437.4519  8.40%  66.3  355s
 136578 83380 14062.0709   37  438 14670.0000 13437.4519  8.40%  66.7  362s
 137578 83522 13437.8428   43  422 14670.0000 13437.4519  8.40%  67.0  366s
 138423 84129 13437.4519   43  335 14670.0000 13437.4519  8.40%  67.5  373s
 138955 84852 13453.4770   48  307 14670.0000 13437.4519  8.40%  67.7  377s
 140112 85056 infeasible   57      14670.0000 13437.4519  8.40%  68.1  380s
 141258 85653 13769.4779   45  401 14670.0000 13437.4519  8.40%  68.6  387s
 141615 86257 13437.4594   34  554 14670.0000 13437.4519  8.40%  68.9  391s
 142678 86413 13454.0000   49  288 14670.0000 13437.4519  8.40%  69.2  395s
 143698 87035 14312.0236   63  296 14670.0000 13437.4519  8.40%  69.8  402s
 144045 87719 14457.6265   57  227 14670.0000 13437.4519  8.40%  70.0  405s
 145554 88123 13740.3825   43  306 14670.0000 13437.4519  8.40%  70.6  413s
 145980 88602 13437.4519   35  351 14670.0000 13437.4519  8.40%  70.8  416s
 146938 89218 13437.4519   41  441 14670.0000 13437.4519  8.40%  71.2  425s
 149151 90202 13976.0000   49  341 14670.0000 13437.4519  8.40%  72.1  433s
 149524 90434 13713.1971   47  249 14670.0000 13437.4519  8.40%  72.4  437s
 150026 91151 13470.6582   35  487 14670.0000 13437.4519  8.40%  72.6  441s
 151241 91332 13471.5763   42  360 14670.0000 13437.4519  8.40%  72.9  445s
 151946 92087 13871.3602   38  253 14670.0000 13437.4519  8.40%  73.4  452s
 152863 92306 13444.1025   43  445 14670.0000 13437.4519  8.40%  73.6  456s
 153829 92971 13774.9662   45  200 14670.0000 13437.4519  8.40%  74.2  463s
 154381 93233     cutoff   72      14670.0000 13437.4519  8.40%  74.4  467s
 154946 93528 13453.4519   51  402 14670.0000 13437.4519  8.40%  74.7  471s
 155459 93920 13954.0000   55  239 14670.0000 13437.4519  8.40%  75.0  475s
 156578 94800 14022.3082   56  289 14670.0000 13437.4519  8.40%  75.6  483s
 157675 94875 13437.4519   49  413 14670.0000 13437.4519  8.40%  75.8  485s
 157841 95205 13447.4519   39  437 14670.0000 13437.4519  8.40%  75.9  492s
 158567 96156 13617.6958   41  539 14670.0000 13437.4519  8.40%  76.3  498s
 160299 96274 infeasible   50      14670.0000 13437.4519  8.40%  76.7  502s
 160632 96430 13671.3875   58  188 14670.0000 13437.4519  8.40%  76.9  506s
 160993 96729 13524.6791   43  316 14670.0000 13437.4519  8.40%  77.2  510s
 162018 97229 13626.7080   48  285 14670.0000 13437.4519  8.40%  77.7  518s
 162490 97640 13793.9255   43  365 14670.0000 13437.4519  8.40%  78.0  522s
 163197 97827 13634.5233   39  357 14670.0000 13437.4519  8.40%  78.2  526s
 163565 98078 13787.9202   49  405 14670.0000 13437.4519  8.40%  78.5  531s
 164018 98482 13454.1364   49  472 14670.0000 13437.4519  8.40%  78.8  536s
 164705 98682 13453.4519   35  408 14670.0000 13437.4519  8.40%  79.1  540s
 165105 99008 13923.9667   46  391 14670.0000 13437.4519  8.40%  79.3  545s
 165688 99222 13437.4519   32  487 14670.0000 13437.4519  8.40%  79.6  550s
 167010 99969 14134.4546   50  269 14670.0000 13437.4519  8.40%  80.3  560s
 168304 100450 13496.7310   45  434 14670.0000 13437.4519  8.40%  80.8  566s
 168459 100852 13463.6648   48  522 14670.0000 13437.4519  8.40%  80.9  574s
 169197 101708 13573.4519   48  320 14670.0000 13437.4519  8.40%  81.3  580s
 171075 102101 14099.4654   47  234 14670.0000 13437.4519  8.40%  81.9  589s
H171460 100699                    14590.000000 13437.4519  7.90%  82.1  589s
H171540 100837                    14579.000000 13437.4519  7.83%  82.1  593s
 172170 101017 infeasible   52      14579.0000 13437.4519  7.83%  82.4  598s
H172174 100866                    14572.000000 13437.4519  7.79%  82.4  598s
H172383 100650                    14562.000000 13437.4519  7.72%  82.5  598s
 172548 101100 14129.0000   64  233 14562.0000 13437.4519  7.72%  82.7  602s
 173280 101282 13620.0519   47  265 14562.0000 13437.4519  7.72%  82.9  607s
H173391 101085                    14556.000000 13437.4519  7.68%  83.0  607s
H173503 100846                    14546.000000 13437.4519  7.62%  83.1  607s
H173702 100915                    14539.000000 13437.4519  7.58%  83.2  613s
H173851 100896                    14538.000000 13437.4519  7.57%  83.3  613s
 174242 101296 13700.6821   46  486 14538.0000 13437.4519  7.57%  83.5  618s
H174970 101424                    14536.000000 13437.4519  7.56%  83.8  623s
H175430 101607                    14535.000000 13437.4519  7.55%  84.1  629s
 175846 101939 13453.5909   38  615 14535.0000 13437.4519  7.55%  84.4  634s
 176451 102182 13454.0000   46  354 14535.0000 13437.4519  7.55%  84.7  640s
 176971 102650 13537.6813   57  244 14535.0000 13437.4519  7.55%  84.9  645s
 177889 102862 13460.4817   37  351 14535.0000 13437.4519  7.55%  85.2  651s
 178333 103091 14104.4834   43  491 14535.0000 13437.4519  7.55%  85.6  657s
 179296 103512 13437.4519   46  432 14535.0000 13437.4519  7.55%  85.9  662s
 179685 103788 13453.4519   45  489 14535.0000 13437.4519  7.55%  86.1  667s
 180274 103973 13771.7450   45  334 14535.0000 13437.4519  7.55%  86.3  672s
 180661 104358 13509.3555   39  488 14535.0000 13437.4519  7.55%  86.6  677s
 181367 104541 13856.0000   46  204 14535.0000 13437.4519  7.55%  86.9  683s
 181807 105108 14278.6541   59  310 14535.0000 13437.4519  7.55%  87.2  689s
 182873 105285 infeasible   39      14535.0000 13437.4519  7.55%  87.5  694s
 183414 105491 13554.2927   49  435 14535.0000 13437.4519  7.55%  87.7  699s
 183838 105901 13510.8217   38  360 14535.0000 13437.4597  7.55%  88.0  704s
 184517 106102 13492.6882   43  601 14535.0000 13437.4660  7.55%  88.2  710s
 184986 106418     cutoff   53      14535.0000 13437.4770  7.55%  88.5  716s
 185686 106766 14279.5135   53  455 14535.0000 13437.4819  7.55%  88.8  722s
 186396 106996 14479.3244   57  224 14535.0000 13437.4971  7.55%  89.1  728s
 186926 107731 13547.6963   47  382 14535.0000 13437.5158  7.55%  89.4  734s
 188217 107938 14035.7615   53  228 14535.0000 13437.5272  7.55%  89.7  739s
 188659 108025 13477.6086   45  559 14535.0000 13437.5494  7.55%  89.9  746s
 188854 108260 13868.5598   45  295 14535.0000 13437.5519  7.55%  90.1  751s
 189586 108813 13916.5960   50  372 14535.0000 13437.5846  7.55%  90.4  760s
 190423 109173 13945.3309   41  424 14535.0000 13437.6100  7.55%  90.7  766s
 191130 109385 13865.8022   54  332 14535.0000 13437.6328  7.55%  91.0  771s
 191650 109847 13501.6065   48  474 14535.0000 13437.6988  7.55%  91.2  776s
 192501 109996 13905.2958   45  376 14535.0000 13437.7567  7.55%  91.5  782s
 192877 110177 13684.8263   55  513 14535.0000 13437.7767  7.55%  91.8  787s
 193361 110456 14291.3994   52  365 14535.0000 13437.8076  7.55%  92.0  792s
 193907 110794 13525.1370   47  599 14535.0000 13437.8380  7.55%  92.3  798s
 194551 110926 13704.9909   44  379 14535.0000 13437.8678  7.55%  92.6  803s
 194934 111412 13873.3582   42  452 14535.0000 13437.8746  7.55%  92.9  809s
 195839 111584 13466.9592   41  439 14535.0000 13438.0388  7.55%  93.2  814s
 196279 111843 13867.7195   42  386 14535.0000 13438.1286  7.55%  93.5  820s
 196880 112600 13578.8807   44  489 14535.0000 13438.1894  7.55%  93.7  826s
 198269 112817 infeasible   74      14535.0000 13438.2852  7.55%  93.9  831s
 198751 113107 13726.8977   48  353 14535.0000 13438.3005  7.55%  94.1  837s
H198916 113107                    14534.999966 13438.3005  7.55%  94.2  837s
 199360 113655     cutoff   48      14535.0000 13438.4016  7.54%  94.3  843s
 200362 113751 13786.1790   52  404 14535.0000 13438.4690  7.54%  94.6  845s
 200512 114237 infeasible   55      14535.0000 13438.5103  7.54%  94.6  855s
 201429 115185 14056.2844   64  287 14535.0000 13438.5871  7.54%  95.0  862s
 202842 115574 13438.6183   37  483 14535.0000 13438.6183  7.54%  95.3  868s
 203393 115990 13438.6183   41  661 14535.0000 13438.6183  7.54%  95.4  874s
 204069 116280 13470.6183   31  473 14535.0000 13438.6183  7.54%  95.7  880s
 204538 116826 14494.6042   40  355 14535.0000 13438.6183  7.54%  96.0  886s
 205388 117014 13460.7153   43  441 14535.0000 13438.6183  7.54%  96.2  891s
 205745 117256 13497.6183   45  350 14535.0000 13438.6183  7.54%  96.4  898s
 206227 117558 13489.4762   37  461 14535.0000 13438.6183  7.54%  96.7  904s
 206788 118220 13438.6183   38  458 14535.0000 13438.6183  7.54%  97.0  910s
 207803 118487 13624.7176   39  517 14535.0000 13438.6183  7.54%  97.2  917s
 208336 118728 13570.6183   25  378 14535.0000 13438.6183  7.54%  97.5  923s
 208826 118938 13470.6183   44  413 14535.0000 13438.6183  7.54%  97.7  930s
 209259 119303 13743.4763   46  324 14535.0000 13438.6183  7.54%  97.9  936s
 209866 119597 13454.3266   41  432 14535.0000 13438.6183  7.54%  98.2  943s
 210444 120273 13454.6183   35  423 14535.0000 13438.6183  7.54%  98.5  949s
 211513 120354 13513.2837   51  429 14535.0000 13438.6183  7.54%  98.8  953s
 211690 120820 13442.9847   42  420 14535.0000 13438.6183  7.54%  98.9  961s
 212486 121302 13854.6183   48  442 14535.0000 13438.6183  7.54%  99.3  969s
 213276 121630 14010.6081   47  485 14535.0000 13438.6183  7.54%   100  976s
 213815 122261 14220.8326   44  432 14535.0000 13438.6183  7.54%   100  984s
 214919 122575 13477.9517   42  551 14535.0000 13438.6183  7.54%   100  991s
 215524 122843 13521.6183   41  450 14535.0000 13438.6183  7.54%   101  998s
 216071 123154 13438.6183   29  576 14535.0000 13438.6183  7.54%   101 1005s
 216644 123511     cutoff   57      14535.0000 13438.6183  7.54%   101 1013s
 217253 124124 13454.6209   40  590 14535.0000 13438.6183  7.54%   101 1020s
 218294 124358 infeasible   56      14535.0000 13438.6183  7.54%   102 1027s
 218752 124705 13438.6183   37  517 14535.0000 13438.6183  7.54%   102 1035s
 219424 125150 14502.6567   57  279 14535.0000 13438.6183  7.54%   102 1042s
 220232 125414 13476.6183   47  549 14535.0000 13438.6183  7.54%   103 1049s
 220732 125697 13454.6183   41  487 14535.0000 13438.6183  7.54%   103 1056s
 221320 126125 13454.6183   47  401 14535.0000 13438.6183  7.54%   103 1062s
 222006 126258 14438.0000   64  255 14535.0000 13438.6183  7.54%   103 1065s
 222208 126615     cutoff   45      14535.0000 13438.6183  7.54%   104 1074s
 222839 127002 13454.6183   34  531 14535.0000 13438.6183  7.54%   104 1082s
 223569 127582 infeasible   60      14535.0000 13438.6183  7.54%   104 1090s
 224662 127877 13502.9528   45  406 14535.0000 13438.6241  7.54%   105 1097s
 225206 128389 13501.7019   31  543 14535.0000 13438.6864  7.54%   105 1105s
 226139 128719 13527.5947   38  603 14535.0000 13438.6879  7.54%   105 1112s
 226826 129435 14072.0000   67  131 14535.0000 13438.7321  7.54%   105 1118s
 228235 129743 14315.3613   39  516 14535.0000 13438.9001  7.54%   106 1125s
 228807 130109 13710.0157   46  351 14535.0000 13439.0086  7.54%   106 1131s
 229496 130519 13599.2213   50  428 14535.0000 13439.1378  7.54%   106 1137s
 230164 131133 13493.0089   39  393 14535.0000 13439.1727  7.54%   106 1142s
 231273 131360 14339.3636   53  443 14535.0000 13439.2474  7.54%   106 1148s
 231708 131554 13523.3760   48  542 14535.0000 13439.2911  7.54%   107 1153s
 232174 131845 13579.4825   27  600 14535.0000 13439.4229  7.54%   107 1159s
 232756 131920 13550.4728   34  616 14535.0000 13439.4803  7.54%   107 1162s
 232966 132514 13801.6131   43  519 14535.0000 13439.5128  7.54%   107 1172s
 233949 133073 13470.9702   55  437 14535.0000 13439.5680  7.54%   107 1178s
 234872 133303 13879.2634   31  330 14535.0000 13439.8283  7.53%   108 1184s
 235316 133550 13986.0000   51  270 14535.0000 13439.9583  7.53%   108 1190s
 235841 134042 13544.1662   41  418 14535.0000 13440.0000  7.53%   108 1197s
 236795 134301     cutoff   66      14535.0000 13440.2294  7.53%   108 1203s
 237387 134677 13598.9521   45  450 14535.0000 13440.3117  7.53%   108 1209s
 238173 134911 13708.1469   43  423 14535.0000 13440.5441  7.53%   109 1215s
 238697 135478 13656.6891   41  374 14535.0000 13440.6683  7.53%   109 1221s
 239730 135627 13530.4267   55  555 14535.0000 13440.8477  7.53%   109 1227s
 240065 135800 13830.0213   32  579 14535.0000 13440.8477  7.53%   109 1233s

Cutting planes:
  Learned: 134
  Gomory: 165
  Cover: 2597
  Implied bound: 566
  Projected implied bound: 103
  Clique: 323
  MIR: 782
  StrongCG: 224
  Flow cover: 2985
  GUB cover: 11
  Inf proof: 22
  Zero half: 59
  Network: 38
  RLT: 99
  Relax-and-lift: 186
  BQP: 1

Explored 240404 nodes (26292476 simplex iterations) in 1233.38 seconds (2541.56 work units)
Thread count was 8 (of 8 available processors)

Solution count 10: 14535 14535 14536 ... 14579

Solve interrupted
Best objective 1.453499996563e+04, best bound 1.344084766839e+04, gap 7.5277%

User-callback calls 852841, time in user-callback 2.82 sec

Statistics for modelBBUP_O:
  Linear constraint matrix    : 14354 Constrs, 5774 Vars, 54453 NZs
  Variable types              : 1824 Continuous,
3950 Integer (691 Binary)
  Matrix coefficient range    : [ 1, 384 ]
  Objective coefficient range : [ 1, 384 ]
  Variable bound range        : [ 1, 199 ]
  RHS coefficient range       : [ 1, 15603.4 ]
