
Gurobi 10.0.1 (mac64[arm]) logging started Sun Mar 31 10:35:52 2024

Set parameter LogFile to value "/Users/deniserings/Documents/zib/s-bahn-data/scripts/DeniseMA/processed/BNB_BSNH_BSAL_BPHD/RENS/BNB_BSNH_BSAL_BPHD_subMBP_random0_0.6_202403301837.log"
Gurobi Optimizer version 10.0.1 build v10.0.1rc0 (mac64[arm])

CPU model: Apple M2
Thread count: 8 physical cores, 8 logical processors, using up to 8 threads

Optimize a model with 21277 rows, 8010 columns and 78885 nonzeros
Model fingerprint: 0x4365a7c5
Variable types: 2735 continuous, 5275 integer (1117 binary)
Coefficient statistics:
  Matrix range     [1e+00, 2e+02]
  Objective range  [1e+00, 4e+02]
  Bounds range     [1e+00, 2e+02]
  RHS range        [1e+00, 5e+02]
Presolve removed 9882 rows and 2805 columns
Presolve time: 3.46s
Presolved: 11395 rows, 5205 columns, 46811 nonzeros
Variable types: 1402 continuous, 3803 integer (3803 binary)

Root relaxation: objective 2.081400e+04, 2987 iterations, 0.05 seconds (0.02 work units)

    Nodes    |    Current Node    |     Objective Bounds      |     Work
 Expl Unexpl |  Obj  Depth IntInf | Incumbent    BestBd   Gap | It/Node Time

     0     0 20814.0000    0  222          - 20814.0000      -     -    3s
     0     0 20876.5430    0  533          - 20876.5430      -     -    4s
     0     0 20878.6405    0  479          - 20878.6405      -     -    4s
     0     0 20878.6405    0  488          - 20878.6405      -     -    4s
     0     0 20898.3157    0  589          - 20898.3157      -     -    4s
     0     0 20898.5194    0  597          - 20898.5194      -     -    5s
     0     0 20898.5194    0  566          - 20898.5194      -     -    5s
     0     0 20906.5633    0  639          - 20906.5633      -     -    5s
     0     0 20906.5633    0  614          - 20906.5633      -     -    5s
     0     0 20910.0984    0  657          - 20910.0984      -     -    5s
     0     0 20910.0984    0  675          - 20910.0984      -     -    5s
     0     0 20911.0452    0  594          - 20911.0452      -     -    5s
     0     0 20911.0452    0  522          - 20911.0452      -     -    6s
     0     0 20911.8684    0  514          - 20911.8684      -     -    6s
     0     0 20911.8684    0  525          - 20911.8684      -     -    6s
     0     0 20911.8684    0  484          - 20911.8684      -     -    6s
     0     0 20911.8684    0  495          - 20911.8684      -     -    6s
     0     0 20911.8684    0  227          - 20911.8684      -     -    6s
     0     0 20911.8684    0  367          - 20911.8684      -     -    7s
     0     0 20911.8684    0  277          - 20911.8684      -     -    7s
     0     0 20911.8684    0  220          - 20911.8684      -     -    7s
     3     4 20925.6943    2   57          - 20911.8684      -  6633   10s
   512   444 20968.2873    2   95          - 20963.7674      -  82.0   16s
H 1032   876                    24677.000000 20968.2873  15.0%  71.3   17s
H 2501  1968                    24637.000000 20990.0000  14.8%  43.6   18s
  2790  2163 21022.5923   16   50 24637.0000 21022.5923  14.7%  47.2   20s
  3859  2654 21042.5923   22  136 24637.0000 21042.5923  14.6%  54.8   37s
H 4259  2764                    24611.000000 21042.5923  14.5%  54.5   39s
  4713  2941 21298.0000   46   83 24611.0000 21042.5923  14.5%  54.4   40s
H 6523  3381                    24564.000000 21089.0000  14.1%  46.3   44s
  6671  3443 21171.0000   26   57 24564.0000 21089.0000  14.1%  47.8   45s
H 8224  3969                    24558.000000 21101.0000  14.1%  41.7   46s
H 9655  4691                    24545.000000 21101.0000  14.0%  41.4   49s
 10819  5736 21191.0000   31   66 24545.0000 21109.0000  14.0%  40.9   50s
H16520  9230                    24536.000000 21171.0000  13.7%  35.8   54s
 16520  9860 21173.1001   37  312 24536.0000 21171.0000  13.7%  35.4   55s
 20290 12154 infeasible   48      24536.0000 21171.0000  13.7%  37.1   60s
H22506 12933                    24523.000000 21171.0000  13.7%  35.2   61s
 22540 15589 21171.0000   32  253 24523.0000 21171.0000  13.7%  35.2   70s
 30592 18470 21294.4195   62  362 24523.0000 21171.0000  13.7%  35.3   75s
 33165 20792 21634.9630   65  267 24523.0000 21171.0000  13.7%  36.5   82s
H36633 20792                    23397.000000 21171.0000  9.51%  38.5   82s
 40581 22948 21550.0000   39   47 23397.0000 21171.0000  9.51%  37.5   85s
 42795 26782 21171.7294   36  500 23397.0000 21171.0000  9.51%  37.0   98s
 47490 26946 21771.2228   51  235 23397.0000 21171.0000  9.51%  41.4  102s
 47774 27430 21171.0000   45  399 23397.0000 21171.0000  9.51%  41.6  106s
H48477 27430                    23364.999744 21171.0000  9.39%  43.0  106s
 53548 29915 21284.0000   45   56 23364.9997 21171.0000  9.39%  41.5  110s
 57120 31546 21171.0000   46  378 23364.9997 21171.0000  9.39%  41.3  116s
 57510 32149 21325.7599   44  375 23364.9997 21171.0000  9.39%  41.8  120s
 59231 34314 21187.1148   44  353 23364.9997 21171.0000  9.39%  43.2  128s
 61688 34333 21171.2781   37  300 23364.9997 21171.2781  9.39%  44.9  171s
 62077 34653 infeasible   57      23364.9997 21171.2781  9.39%  45.0  175s
 62700 34839 21171.2781   25  117 23364.9997 21171.2781  9.39%  45.6  197s
 64313 35464 21173.2547   39   53 23364.9997 21171.2781  9.39%  45.2  200s
 69861 37048 21312.2781   42   38 23364.9997 21171.9957  9.39%  43.7  205s
 72545 37555 22235.5608  117  158 23364.9997 21171.9957  9.39%  42.9  210s
 73622 37904 infeasible  127      23364.9997 21171.9957  9.39%  43.2  215s
 75238 38729 22637.1274   82  171 23364.9997 21171.9957  9.39%  43.6  220s
 76694 39491 22184.4589   78  157 23364.9997 21171.9957  9.39%  44.1  225s
 78720 40080 21477.7105   63  356 23364.9997 21172.0653  9.39%  44.4  230s
 80388 40762 infeasible   67      23364.9997 21172.0659  9.39%  44.8  235s
 85356 41971     cutoff   49      23364.9997 21172.0684  9.39%  44.4  240s
 91696 42682 21591.3508   52   18 23364.9997 21172.2484  9.38%  43.0  245s
 93698 43462 22644.1657   65  233 23364.9997 21172.6456  9.38%  42.7  252s
 96350 43596 21806.4413   64  310 23364.9997 21172.6456  9.38%  43.4  256s
 98125 44228 21267.7430   60  330 23364.9997 21172.6650  9.38%  44.0  262s
 98357 46352 21410.8707   71  246 23364.9997 21172.6650  9.38%  44.2  268s
 101497 45350 21228.8676   49  517 23364.9997 21172.6974  9.38%  45.2  271s
 101929 45743 21372.6406   59  357 23364.9997 21172.7511  9.38%  45.5  275s
 103558 46207 21257.5684   58  448 23364.9997 21172.8056  9.38%  46.0  281s
 104384 47225 22816.5230   87  198 23364.9997 21172.8447  9.38%  46.3  287s
 109103 47371 21468.7292   48   29 23364.9997 21173.0106  9.38%  46.0  290s
 114840 48295 21441.7292   52   23 23364.9997 21173.4468  9.38%  45.0  295s
 121062 49292 infeasible   89      23364.9997 21173.5369  9.38%  43.8  302s
 121497 50907 22784.7702  110  102 23364.9997 21173.5496  9.38%  44.1  309s
 124082 50254 21246.6516   60  407 23364.9997 21174.0270  9.38%  44.7  311s
 124910 50706 22859.7702  103  150 23364.9997 21174.1136  9.38%  44.9  317s
 125602 51126 21273.9242   61  286 23364.9997 21174.4221  9.38%  45.1  320s
 127077 51782 21225.7702   43  416 23364.9997 21174.5642  9.37%  45.7  326s
 128492 53849 22026.9242   68  191 23364.9997 21175.0404  9.37%  46.2  337s
 131888 53017 21455.8667   60  468 23364.9997 21175.6081  9.37%  46.8  340s
 132809 53376 22741.7702   91   75 23364.9997 21175.6081  9.37%  47.2  348s
 133515 54441 21680.9050   75  277 23364.9997 21175.6081  9.37%  47.6  352s
 135368 54266 21175.6961   56  408 23364.9997 21175.6081  9.37%  47.9  356s
 136090 55198 21660.4391   70  321 23364.9997 21175.6081  9.37%  48.2  360s
 142713 55409     cutoff   61      23364.9997 21176.2795  9.37%  47.9  365s
 148218 57111     cutoff   43      23364.9997 21177.5555  9.36%  47.0  370s
 156026 60606 21177.7680   40   41 23364.9997 21177.7680  9.36%  45.8  375s
 158316 62888 22058.9455   88  327 23364.9997 21177.7680  9.36%  45.6  388s
 161466 62187 21194.8878   55  391 23364.9997 21177.7680  9.36%  46.3  392s
 161960 62417 21660.4301   71  286 23364.9997 21177.7680  9.36%  46.5  396s
 162515 63275 22825.7107  110  216 23364.9997 21177.7680  9.36%  46.7  401s
 164058 63074 infeasible   67      23364.9997 21177.7680  9.36%  47.1  406s
 164552 63895 21400.3465   58  378 23364.9997 21177.7680  9.36%  47.3  411s
 166100 63642 21379.6195   52  486 23364.9997 21177.7680  9.36%  47.8  416s
 166497 63977 21178.0988   57  396 23364.9997 21177.7680  9.36%  48.0  422s
 167232 65020 21191.9945   54  403 23364.9997 21177.7680  9.36%  48.3  429s
 169148 64809 21509.6295   65  377 23364.9997 21177.7680  9.36%  48.9  434s
 169883 65556 21670.5944   68  298 23364.9997 21177.7680  9.36%  49.2  440s
 171367 65646 21871.9301   65  306 23364.9997 21177.7680  9.36%  49.4  446s
 172232 66498 21782.2314   62  430 23364.9997 21177.7680  9.36%  49.8  452s
 173862 66747 22701.0177  102  147 23364.9997 21177.7680  9.36%  50.2  458s
 175317 66743 21181.1343   45  585 23364.9997 21177.7680  9.36%  50.6  463s
 175963 67536 21654.3851   74  314 23364.9997 21177.7680  9.36%  50.8  469s
 177331 67537 21615.8379   49   22 23364.9997 21177.7680  9.36%  51.4  470s
 183590 69919 21178.2795   41   36 23364.9997 21178.2795  9.36%  50.4  475s
 189626 72678 21253.6355   44   81 23364.9997 21185.1194  9.33%  49.6  480s
 195545 75053     cutoff   47      23364.9997 21189.5555  9.31%  48.8  485s
 202026 77673     cutoff   51      23364.9997 21193.1194  9.30%  47.9  490s
 203467 77994 21847.4790   60  424 23364.9997 21195.7680  9.28%  47.6  495s
 203655 80911 21529.0202   77  287 23364.9997 21195.7680  9.28%  47.8  525s
 208328 82418 22813.6590   75  201 23364.9997 21195.8077  9.28%  49.1  533s
 210482 83867 21508.7561   69  580 23364.9997 21195.8077  9.28%  49.7  541s
 212571 85592 22052.1657   87  228 23364.9997 21195.8081  9.28%  50.1  547s
 215093 86663 21215.1264   55  444 23364.9997 21195.8081  9.28%  50.4  553s
 216620 88222 21198.3111   57  584 23364.9997 21195.8091  9.28%  50.7  559s
 219018 88976 21331.2561   67  373 23364.9997 21195.8206  9.28%  50.9  565s
 220200 89528 21311.0952   53  494 23364.9997 21195.8281  9.28%  51.1  571s
 220973 90856 21922.0792   69  240 23364.9997 21195.8281  9.28%  51.3  577s
 223011 91283     cutoff   95      23364.9997 21195.8281  9.28%  51.6  582s
 223585 92640 22061.0347   85  227 23364.9997 21195.8281  9.28%  51.8  588s
 225502 93095 21448.6170   59  411 23364.9997 21195.8281  9.28%  52.1  594s
 226143 94282     cutoff  101      23364.9997 21195.8281  9.28%  52.3  600s
 228047 94791 infeasible   66      23364.9997 21195.8393  9.28%  52.6  605s
 228776 96116 21519.9301   63  251 23364.9997 21195.8393  9.28%  52.7  611s
H230711 96116                    23363.000000 21195.8401  9.28%  52.9  611s
 234090 97620 21416.9101   45   15 23363.0000 21205.9101  9.23%  52.5  615s
 239612 99877 21561.9101   43   16 23363.0000 21212.6277  9.20%  51.8  620s
 244527 101947     cutoff   53      23363.0000 21212.6277  9.20%  51.3  625s
 249611 103591 21274.1915   39   44 23363.0000 21213.1915  9.20%  50.8  630s
 254482 105702 21351.7547   41   51 23363.0000 21213.6277  9.20%  50.4  635s
 260518 108446 21295.1915   44   83 23363.0000 21213.6803  9.20%  49.8  640s
 264328 110061 21593.2829   53  420 23363.0000 21214.2441  9.20%  49.3  647s
 264827 111540 21841.4040   53  481 23363.0000 21214.2441  9.20%  49.6  659s
 267103 111957 21239.6541   55  355 23363.0000 21214.2446  9.20%  50.1  664s
 267655 112927 21671.4688   75  315 23363.0000 21214.2446  9.20%  50.3  675s
 269320 114547 21260.4885   69  377 23363.0000 21214.2446  9.20%  50.7  685s
 271976 115561 21953.2244   62  364 23363.0000 21214.2468  9.20%  51.0  691s
 273647 116155 infeasible   65      23363.0000 21214.2553  9.20%  51.3  697s
 274518 117387 22587.7747   87  166 23363.0000 21214.2641  9.20%  51.4  703s
 276257 118013 21579.9776   82  351 23363.0000 21214.2804  9.20%  51.6  709s
 277133 119158 21632.7375   67  321 23363.0000 21214.2914  9.20%  51.8  714s
 278873 120348     cutoff   69      23363.0000 21214.3175  9.20%  52.0  719s
 279848 120348 21242.6839   54  614 23363.0000 21214.3195  9.20%  52.1  720s
 281174 121919 21251.3760   62  457 23363.0000 21214.3203  9.20%  52.3  729s
 282894 122253 22774.4714   90  409 23363.0000 21214.3310  9.20%  52.5  734s
 283495 123199 21999.8150   73  223 23363.0000 21214.3463  9.20%  52.7  742s
 285247 123752 22084.5585   70  369 23363.0000 21214.3545  9.20%  53.0  747s
 285996 125028 21583.1318   77  196 23363.0000 21214.3653  9.20%  53.2  753s
 287828 125490 21420.0067   63  455 23363.0000 21214.3804  9.20%  53.5  759s
 288565 126580 21282.0544   61  342 23363.0000 21214.3847  9.20%  53.7  764s
 290212 127211 21514.5528   74  347 23363.0000 21214.3957  9.20%  53.9  770s
 292107 128900 21216.5951   58  547 23363.0000 21214.4304  9.20%  54.2  780s
 293841 129926 22302.0632   77  203 23363.0000 21214.4535  9.20%  54.3  785s
 295547 130396 21258.4105   71  319 23363.0000 21214.4934  9.20%  54.5  790s
 297582 131807 21691.8343   64  406 23363.0000 21214.5241  9.20%  54.8  799s
 298128 132114 21409.2136   44   33 23363.0000 21214.5477  9.20%  55.0  800s
 305099 134721     cutoff   53      23363.0000 21215.9312  9.19%  54.2  805s
 311896 137330 21294.9312   48   93 23363.0000 21216.9312  9.19%  53.5  810s
 316754 139044 infeasible   54      23363.0000 21219.7009  9.17%  53.0  815s
 322091 140961 infeasible   54      23363.0000 21220.2648  9.17%  52.6  820s
 327689 142876 21228.2997   35   51 23363.0000 21222.0736  9.16%  52.1  825s
 334084 145099 21430.2136   54   39 23363.0000 21224.6231  9.15%  51.6  830s
 339485 147385     cutoff   55      23363.0000 21226.1602  9.15%  51.2  835s
 341614 148694 21267.6862   67  413 23363.0000 21226.2097  9.15%  50.9  840s
 343328 149946 21470.0495   61  428 23363.0000 21226.2250  9.15%  51.2  848s
 344643 150276 21226.5510   47  429 23363.0000 21226.2310  9.15%  51.4  851s
 345122 151317 21378.4594   50  438 23363.0000 21226.2310  9.15%  51.5  855s
 347379 152493 infeasible  113      23363.0000 21226.2577  9.15%  51.7  861s
 349263 153546 21313.2189   54  351 23363.0000 21226.2953  9.15%  52.0  867s
 350521 153880 21489.0331   48  453 23363.0000 21226.3258  9.15%  52.1  871s
 352048 155038 infeasible   72      23363.0000 21226.3342  9.15%  52.3  877s
 352675 156018 21641.6342   71  406 23363.0000 21226.3599  9.15%  52.4  881s
 354073 156334 21557.4947   67  418 23363.0000 21226.3916  9.15%  52.6  885s
 356160 157552     cutoff   87      23363.0000 21226.4569  9.14%  52.8  893s
 356558 158928 21227.9680   62  441 23363.0000 21226.4682  9.14%  53.0  903s
 358840 159462 21299.2980   60  425 23363.0000 21226.5125  9.14%  53.3  908s
 359758 160649 21878.9278   74  230 23363.0000 21226.5384  9.14%  53.4  913s
 361477 161169 21384.7800   58  358 23363.0000 21226.5510  9.14%  53.6  918s
 362195 162119 22721.2037   91  104 23363.0000 21226.5510  9.14%  53.7  922s
 363597 163137 21522.0016   68  437 23363.0000 21226.5533  9.14%  53.9  926s
 364993 163547 21539.1451   71  385 23363.0000 21226.5533  9.14%  54.0  930s
 366746 164769 21581.0316   65  413 23363.0000 21226.5533  9.14%  54.3  938s
 367313 165799 21888.8605   74  336 23363.0000 21226.5533  9.14%  54.4  942s
 368731 166233 21712.9903   82  265 23363.0000 21226.5549  9.14%  54.6  946s
 369365 167218 21255.1779   64  263 23363.0000 21226.5549  9.14%  54.7  950s
 371576 168619 21250.4329   63  479 23363.0000 21226.6484  9.14%  54.9  959s
 372931 168899 infeasible   79      23363.0000 21226.6703  9.14%  55.1  964s
 373378 169344 21588.3777   72  445 23363.0000 21226.6759  9.14%  55.2  969s
 374080 170378 22188.2957   91  286 23363.0000 21226.6959  9.14%  55.4  975s
 376343 171426 22729.8085   83  247 23363.0000 21226.7235  9.14%  55.7  984s
 377211 172423 21713.1573   64  328 23363.0000 21226.7413  9.14%  55.9  989s
 378753 172903 21228.1177   52  406 23363.0000 21226.7666  9.14%  56.0  994s
 379428 173980 21232.9418   54  418 23363.0000 21226.7666  9.14%  56.2  999s
 381026 174354 21428.6919   66  367 23363.0000 21226.7666  9.14%  56.3 1004s
 381783 174997 22169.8476   84  414 23363.0000 21226.7666  9.14%  56.4 1008s
 383061 175488 22876.0574   85  248 23363.0000 21226.8012  9.14%  56.5 1012s
 383764 176144 21240.8100   56  515 23363.0000 21226.8418  9.14%  56.6 1017s
H384946 176144                    23359.000000 21226.8713  9.13%  56.8 1017s
 388558 177929 infeasible   50      23359.0000 21228.2760  9.12%  56.5 1020s
 395963 180810 21622.2855   50   31 23359.0000 21229.0401  9.12%  55.9 1025s
 404129 184083 21496.0004   50   32 23359.0000 21229.9322  9.11%  55.2 1030s
 410080 186288 21470.0004   48   44 23359.0000 21231.7180  9.11%  54.8 1035s
 414812 187949 21396.0754   52   45 23359.0000 21231.7180  9.11%  54.5 1040s
 421361 189731     cutoff   54      23359.0000 21232.2818  9.10%  54.1 1045s
 427261 191422 21424.0004   49   35 23359.0000 21232.4420  9.10%  53.7 1050s
 434220 193214 21596.0004   54   34 23359.0000 21237.1624  9.08%  53.2 1055s
 435678 195174 21438.3538   62  400 23359.0000 21238.6069  9.08%  53.2 1077s
 438073 195881 21318.3582   65  413 23359.0000 21238.6761  9.08%  53.7 1081s
 439196 196452 21315.6756   67  404 23359.0000 21238.7203  9.08%  53.8 1086s
 440109 197159 21239.0766   59  518 23359.0000 21238.7455  9.08%  53.9 1091s
 441147 197523 21265.3092   59  485 23359.0000 21238.7455  9.08%  54.0 1095s
 441674 198063 21252.5443   57  514 23359.0000 21238.7455  9.08%  54.1 1101s
 442617 198736 infeasible   65      23359.0000 21238.7598  9.08%  54.3 1106s
 443658 199265 21239.9260   48  514 23359.0000 21238.7873  9.08%  54.4 1111s
 444477 200167 21422.9956   62  414 23359.0000 21238.8124  9.08%  54.5 1117s
 445823 200568 22930.2151   76  155 23359.0000 21238.8540  9.08%  54.6 1122s
 446433 201454 21617.0808   79  472 23359.0000 21238.8763  9.08%  54.7 1127s
 447836 201796 21688.5153   58  464 23359.0000 21238.8985  9.08%  54.9 1133s
 448370 202483 21874.5380   84  358 23359.0000 21238.9203  9.08%  55.0 1138s
 449474 202953 infeasible   75      23359.0000 21238.9434  9.08%  55.1 1145s
 450150 203966 22790.3225   81  190 23359.0000 21238.9532  9.08%  55.2 1151s
 451594 204398 21292.3965   68  404 23359.0000 21238.9981  9.08%  55.4 1156s
 452218 205143 22808.3773  104   94 23359.0000 21239.0071  9.08%  55.5 1161s
 453624 205512 21393.8901   56  499 23359.0000 21239.0655  9.08%  55.6 1166s
 454125 206780 21416.3438   60  482 23359.0000 21239.0655  9.08%  55.7 1174s
 455877 207290 22253.8808  102  224 23359.0000 21239.0655  9.08%  55.9 1179s
 456646 208270 21253.8939   62  647 23359.0000 21239.0766  9.08%  56.0 1185s
 458146 208613     cutoff   72      23359.0000 21239.0766  9.08%  56.2 1192s
 458721 209475 21452.2894   58  353 23359.0000 21239.0766  9.08%  56.3 1202s
 460051 209640 21423.4732   65  412 23359.0000 21239.0766  9.08%  56.4 1209s
 460351 209886 21524.4919   66  400 23359.0000 21239.1450  9.08%  56.5 1214s
 460713 210305 22814.7225   97  220 23359.0000 21239.1450  9.08%  56.5 1220s
 461405 211347 22366.7981   77  267 23359.0000 21239.1450  9.08%  56.6 1226s
 462934 211900 infeasible   63      23359.0000 21239.1649  9.08%  56.8 1233s
 463827 212933 21848.5563   72  424 23359.0000 21239.2275  9.07%  56.9 1241s
 465401 213366 22027.1931   63  446 23359.0000 21239.2297  9.07%  57.1 1248s
 466032 214506 21621.7312   67  380 23359.0000 21239.2825  9.07%  57.2 1255s
 467707 215024 21239.3250   58  352 23359.0000 21239.2825  9.07%  57.3 1261s
 468577 215867 22601.6814   70  197 23359.0000 21239.2825  9.07%  57.5 1266s
 470425 216756 21426.6934   64  475 23359.0000 21239.2877  9.07%  57.6 1273s
 471413 217138 21377.1635   55  443 23359.0000 21239.2877  9.07%  57.7 1279s
 471920 217967 22869.7225   88  141 23359.0000 21239.2877  9.07%  57.8 1286s
 473115 218370 21480.4773   64  410 23359.0000 21239.2877  9.07%  57.9 1292s
 473688 219410 22895.2113  103  126 23359.0000 21239.2877  9.07%  58.0 1299s
 475262 219764 21420.5236   57  461 23359.0000 21239.2877  9.07%  58.1 1305s
 475840 220602 22007.0425   70  324 23359.0000 21239.2893  9.07%  58.2 1311s
 477121 221035 21243.6458   54  501 23359.0000 21239.2958  9.07%  58.3 1318s
 477701 221855 21710.7720   70  408 23359.0000 21239.2958  9.07%  58.4 1325s
 478874 222238 22576.7998   71  374 23359.0000 21239.3324  9.07%  58.5 1332s
 479455 222942 22152.6825   75  207 23359.0000 21239.3435  9.07%  58.6 1339s
 480589 223372 infeasible   79      23359.0000 21239.3553  9.07%  58.7 1345s
 481196 224230 21329.4316   60  373 23359.0000 21239.3553  9.07%  58.8 1352s
 482386 224541 21240.1385   63  453 23359.0000 21239.3553  9.07%  58.9 1360s
 482815 225259 21968.2458   75  279 23359.0000 21239.3553  9.07%  58.9 1366s
 483918 225587 21337.8154   56  478 23359.0000 21239.3553  9.07%  59.0 1372s
 484358 226917 21411.0760   65  423 23359.0000 21239.3553  9.07%  59.1 1385s
H486322 226917                    23358.999889 21239.3601  9.07%  59.4 1385s
 488983 228050 21353.8024   41   80 23358.9999 21239.4038  9.07%  59.2 1390s
 494709 230573 21490.3068   47   34 23358.9999 21241.3601  9.07%  58.8 1395s
 500715 232885 21547.6425   54   20 23358.9999 21242.0841  9.06%  58.4 1400s
 505901 234469 21618.7456   57   22 23358.9999 21245.6375  9.05%  58.0 1405s
 510916 236790 21527.4557   47   20 23358.9999 21246.4351  9.04%  57.7 1410s
 515757 238088     cutoff   53      23358.9999 21247.3551  9.04%  57.4 1415s
 520052 239799 21329.8387   47   46 23358.9999 21247.8387  9.04%  57.1 1421s
 524906 241482     cutoff   55      23358.9999 21247.8387  9.04%  56.9 1425s
 530030 243237 21416.6375   47   36 23358.9999 21251.2887  9.02%  56.6 1430s
 535582 244683     cutoff   50      23358.9999 21254.9190  9.01%  56.2 1435s
 536342 244893 22424.1189   79  280 23358.9999 21255.4947  9.01%  56.1 1440s
 536669 246244 22371.3064   67  354 23358.9999 21255.4957  9.01%  56.2 1456s
 538689 247334 21457.0940   63  502 23358.9999 21255.5666  9.00%  56.4 1465s
 540385 248137 21966.8553   77  157 23358.9999 21255.5924  9.00%  56.6 1472s
 541591 248995 21290.2161   58  519 23358.9999 21255.6323  9.00%  56.7 1482s
 542938 249343 21382.1622   62  476 23358.9999 21255.6680  9.00%  56.8 1488s
 543438 249799 22073.4676   88  178 23358.9999 21255.6816  9.00%  56.9 1495s
 544105 250397 21256.7282   61  441 23358.9999 21255.6982  9.00%  57.0 1501s
 545025 250821 21942.7353   62  409 23358.9999 21255.6982  9.00%  57.1 1507s
 545619 251586 21367.7616   79  418 23358.9999 21255.6982  9.00%  57.2 1514s
 546732 251973 21705.4779   60  439 23358.9999 21255.6982  9.00%  57.2 1519s
 547181 252841 22062.1204   70  337 23358.9999 21255.6982  9.00%  57.4 1525s
 548740 253176 infeasible  101      23358.9999 21255.7439  9.00%  57.4 1531s
 549240 254126 21841.9366   88  204 23358.9999 21255.7625  9.00%  57.5 1540s
 550715 254505 22369.6492   66  390 23358.9999 21255.8251  9.00%  57.6 1547s
 551375 255196 21635.8914   61  554 23358.9999 21255.8734  9.00%  57.7 1555s
 552458 255810 21967.3280   78  476 23358.9999 21255.9131  9.00%  57.8 1562s
 553397 256311 infeasible   71      23358.9999 21255.9382  9.00%  57.9 1570s
 554136 257242 21493.6970   71  456 23358.9999 21255.9837  9.00%  58.0 1577s
 555646 257577 22890.2947   79  404 23358.9999 21256.0173  9.00%  58.1 1583s
 556223 257713 21466.7124   66  241 23358.9999 21256.0631  9.00%  58.2 1591s
 556407 258099 21396.3128   59  525 23358.9999 21256.0950  9.00%  58.2 1598s
 557063 258813 22789.6053   80  237 23358.9999 21256.1177  9.00%  58.3 1604s
 558162 259195 21276.3461   50  450 23358.9999 21256.1382  9.00%  58.4 1611s
 558776 259905     cutoff  103      23358.9999 21256.1736  9.00%  58.5 1618s
 559908 260342 21731.5012   78  359 23358.9999 21256.2285  9.00%  58.6 1624s
 560485 261311 22581.7669   67  252 23358.9999 21256.2622  9.00%  58.7 1631s
 562074 261680 21454.3379   56  545 23358.9999 21256.2781  9.00%  58.8 1636s
 562671 262119 21268.5660   52  573 23358.9999 21256.3388  9.00%  58.9 1644s
 563320 262863 21275.1185   55  423 23358.9999 21256.3461  9.00%  58.9 1649s
 564391 263116 21709.5348   56  410 23358.9999 21256.3461  9.00%  59.0 1655s
 564747 263805 21653.7947   63  439 23358.9999 21256.3461  9.00%  59.1 1661s
 566031 264026 21257.2263   56  512 23358.9999 21256.4293  9.00%  59.1 1667s
 566385 264342     cutoff  103      23358.9999 21256.4568  9.00%  59.2 1674s
 566968 265102 21270.0996   56  429 23358.9999 21256.4786  9.00%  59.2 1681s
 568109 265467 22381.7600   69  424 23358.9999 21256.5221  9.00%  59.3 1686s
 568657 266271 21937.2117   76  299 23358.9999 21256.5588  9.00%  59.4 1693s
 569921 266697 21275.9548   52  491 23358.9999 21256.5850  9.00%  59.5 1699s
 570577 267412 21275.9548   51  588 23358.9999 21256.6031  9.00%  59.5 1706s
 571619 267843 21417.7983   68  524 23358.9999 21256.6591  9.00%  59.6 1712s
 572195 268822 21320.0144   68  318 23358.9999 21256.6880  9.00%  59.7 1719s
 573626 269145 infeasible   84      23358.9999 21256.7211  9.00%  59.8 1728s
 574259 269576     cutoff   65      23358.9999 21256.7231  9.00%  59.9 1734s
 574711 269576 22573.4306   97  216 23358.9999 21256.7433  9.00%  59.9 1735s
 574914 270363 21996.7968   86  243 23358.9999 21256.7595  9.00%  59.9 1740s
 576200 270800 21435.4121   64  512 23358.9999 21256.8114  9.00%  60.0 1747s
 576884 271540 infeasible   68      23358.9999 21256.8274  9.00%  60.1 1754s
 578078 271860 21846.7309   70  380 23358.9999 21256.8974  9.00%  60.1 1762s
 578569 273050 22088.9974   70  252 23358.9999 21256.9138  9.00%  60.2 1773s
 580580 273323 21295.4583   58  380 23358.9999 21256.9891  9.00%  60.3 1778s
 580988 273698 22285.6284   57  559 23358.9999 21257.0136  9.00%  60.4 1785s
 581562 274425 21345.6274   53  469 23358.9999 21257.0344  9.00%  60.5 1790s
 582611 274931 21269.4679   56  516 23358.9999 21257.0633  9.00%  60.6 1797s
 583302 275890 21879.2767   77  330 23358.9999 21257.0633  9.00%  60.6 1803s
 584747 276207 22518.1596   74  208 23358.9999 21257.0633  9.00%  60.7 1809s
 585223 277175 21311.0062   67  467 23358.9999 21257.1159  9.00%  60.8 1815s
H586755 277175                    23358.999874 21257.1577  9.00%  60.8 1815s
 590665 278780 21481.3024   47   28 23358.9999 21259.5839  8.99%  60.6 1820s
 595571 281539     cutoff   46      23358.9999 21260.0200  8.99%  60.3 1825s
 602407 284188 21523.3024   53   11 23358.9999 21260.0664  8.99%  59.9 1830s
 607358 285957     cutoff   51      23358.9999 21260.3024  8.98%  59.6 1835s
 612639 287873     cutoff   54      23358.9999 21260.5839  8.98%  59.2 1840s
 618503 290253 21583.3024   49   14 23358.9999 21261.0200  8.98%  58.9 1845s
 623610 292094 21542.3024   46   47 23358.9999 21261.0200  8.98%  58.6 1851s
 627364 293467 21379.3024   46   37 23358.9999 21261.5759  8.98%  58.4 1855s
 632734 294827 21393.5824   49   35 23358.9999 21261.7440  8.98%  58.1 1860s
 637407 296177 22047.9661   58  506 23358.9999 21263.0132  8.97%  57.8 1867s
 637744 297120 22638.2398   75  209 23358.9999 21263.0465  8.97%  57.9 1879s
 639168 298480 22373.8009   65  443 23358.9999 21263.0977  8.97%  58.0 1888s
 641194 298844 21299.4738   61  414 23358.9999 21263.2105  8.97%  58.1 1895s
 641903 299494 infeasible   76      23358.9999 21263.2374  8.97%  58.2 1901s
 643123 299854 21303.4151   50  487 23358.9999 21263.2822  8.97%  58.3 1907s
 643702 300388 21291.5639   53  478 23358.9999 21263.3126  8.97%  58.3 1912s
 644477 300803 21985.6436   73  276 23358.9999 21263.3476  8.97%  58.4 1917s
 645127 301673 21538.5716   67  397 23358.9999 21263.3870  8.97%  58.5 1923s
 646459 302087 infeasible   86      23358.9999 21263.4395  8.97%  58.6 1929s
 647100 302756 21785.9635   76  471 23358.9999 21263.4470  8.97%  58.6 1934s
 648136 303170 21448.9281   65  434 23358.9999 21263.4772  8.97%  58.7 1940s
 648793 304058 22810.2613   90  227 23358.9999 21263.4981  8.97%  58.8 1947s
 650094 304537 21519.6315   66  469 23358.9999 21263.5515  8.97%  58.9 1953s
 650773 305172 22735.3074   86  342 23358.9999 21263.5654  8.97%  58.9 1959s
 651790 305573 21441.0308   55  561 23358.9999 21263.6252  8.97%  59.0 1966s
 652423 306550 21819.8503   65  409 23358.9999 21263.6496  8.97%  59.1 1972s
 653842 306936 22815.3610   73  279 23358.9999 21263.6584  8.97%  59.2 1978s
 654424 307319 21457.8914   64  431 23358.9999 21263.6913  8.97%  59.2 1985s
 655002 308250 21266.1595   59  563 23358.9999 21263.6913  8.97%  59.3 1992s
 656449 308742 21370.0411   64  387 23358.9999 21263.7394  8.97%  59.4 1998s
 657187 309466 21633.8507   71  406 23358.9999 21263.7521  8.97%  59.5 2005s
 658275 309717 21601.1031   73  230 23358.9999 21263.7846  8.97%  59.6 2011s
 658687 310428 21771.6014   69  425 23358.9999 21263.7846  8.97%  59.7 2024s
 659897 311702 21624.0308   63  412 23358.9999 21263.8116  8.97%  59.8 2034s
 661870 312070 21459.4287   64  490 23358.9999 21263.8810  8.97%  59.9 2042s
 662493 312837 21280.8245   54  474 23358.9999 21263.9189  8.97%  60.0 2049s
 663733 313223 21268.9049   53  514 23358.9999 21263.9672  8.97%  60.1 2056s
 664424 313716 21311.9253   62  525 23358.9999 21264.0028  8.97%  60.1 2063s
 665315 314069 infeasible   64      23358.9999 21264.0437  8.97%  60.2 2071s
 665964 314474 infeasible   70      23358.9999 21264.0629  8.97%  60.3 2078s
 666623 315186 21281.9219   60  645 23358.9999 21264.0863  8.97%  60.4 2086s
 667683 315583 21820.5397   69  477 23358.9999 21264.1454  8.97%  60.5 2094s
 668322 316143 22581.9696   83  209 23358.9999 21264.1675  8.97%  60.5 2104s
 669340 317349 22246.8440   77  363 23358.9999 21264.1921  8.97%  60.6 2113s
 671153 317774 22091.7526   60  332 23358.9999 21264.2579  8.97%  60.7 2120s
 671865 318340 21644.1507   63  423 23358.9999 21264.2775  8.97%  60.7 2128s
 672721 318876 21331.7015   62  474 23358.9999 21264.3129  8.97%  60.8 2134s
 673569 319238 21290.0012   67  357 23358.9999 21264.3603  8.97%  60.9 2140s
 674136 320216 21635.6721   69  392 23358.9999 21264.3671  8.97%  60.9 2148s
 675635 320431     cutoff   91      23358.9999 21264.4194  8.97%  61.0 2153s
 675978 320806 21855.8773   66  437 23358.9999 21264.4469  8.97%  61.1 2160s
 676572 321624 22572.9661   80  254 23358.9999 21264.4469  8.97%  61.1 2167s
 677767 322047 infeasible   81      23358.9999 21264.4877  8.97%  61.2 2174s
 678463 322641 21982.0801   82  394 23358.9999 21264.5064  8.97%  61.3 2180s
 679404 323012 21264.8311   63  419 23358.9999 21264.5526  8.97%  61.3 2187s
 679984 323535 22925.4600   78  253 23358.9999 21264.5931  8.97%  61.4 2193s
 680775 324403 21763.4373   76  448 23358.9999 21264.6264  8.97%  61.4 2200s
 682266 324839     cutoff   87      23358.9999 21264.6860  8.97%  61.5 2207s
 682897 325670 21816.4351   75  463 23358.9999 21264.7087  8.97%  61.6 2214s
 684119 326042 21286.0729   59  468 23358.9999 21264.8048  8.97%  61.7 2220s
 684781 326786 22754.5970   78  366 23358.9999 21264.8311  8.97%  61.7 2227s
 685982 327125 infeasible   96      23358.9999 21264.8715  8.96%  61.8 2234s
 686609 327842 21659.5519   61  494 23358.9999 21264.8906  8.96%  61.9 2240s
 693195 330437 21613.2296   51   31 23358.9999 21264.9472  8.96%  61.6 2245s
 698697 332546 21577.2296   50   26 23358.9999 21265.5111  8.96%  61.3 2250s
 704601 334469 21460.2296   48   36 23358.9999 21265.6713  8.96%  61.0 2255s
 708360 336091 21441.9096   48   31 23358.9999 21265.9472  8.96%  60.8 2260s
 712937 337604 21565.0985   42   40 23358.9999 21265.9472  8.96%  60.6 2265s
 717656 338924 21463.2296   46   57 23358.9999 21265.9472  8.96%  60.4 2270s
 722420 340398 21387.2296   46   53 23358.9999 21265.9472  8.96%  60.2 2275s
 726894 341666 21591.2296   45   21 23358.9999 21266.5111  8.96%  60.0 2280s
 732420 343474 21588.2296   51   26 23358.9999 21266.6713  8.96%  59.8 2285s
 737227 344995 21513.2296   41   30 23358.9999 21267.4910  8.95%  59.6 2290s
 738294 345174 infeasible   80      23358.9999 21267.8951  8.95%  59.5 2295s
 738598 346256 21277.4761   62  562 23358.9999 21267.9002  8.95%  59.6 2309s
 740302 347187 22878.8965   97  180 23358.9999 21267.9357  8.95%  59.7 2318s
 741949 347738 21635.5683   52  589 23358.9999 21268.0663  8.95%  59.8 2325s
 742831 348206 21323.8612   51  470 23358.9999 21268.1211  8.95%  59.9 2332s
 743481 349033 21289.0792   54  517 23358.9999 21268.1325  8.95%  59.9 2339s
 744848 349375 infeasible   89      23358.9999 21268.2090  8.95%  60.0 2346s
 745391 349873 21753.9402   83  335 23358.9999 21268.2296  8.95%  60.1 2353s
 746157 350594 21363.2697   73  464 23358.9999 21268.2296  8.95%  60.1 2361s
 747368 351114 21455.0643   65  448 23358.9999 21268.2296  8.95%  60.2 2369s
 748133 351596 21314.5782   50  417 23358.9999 21268.3524  8.95%  60.3 2377s
 748827 352068 21529.6677   54  496 23358.9999 21268.3861  8.95%  60.3 2384s
 749547 353014 22338.6630   71  275 23358.9999 21268.4199  8.95%  60.4 2392s
 750970 353573 21287.1757   61  402 23358.9999 21268.5022  8.95%  60.5 2399s
 751895 354281 infeasible   83      23358.9999 21268.5107  8.95%  60.5 2406s
 753094 354781 22085.4371   56  427 23358.9999 21268.5748  8.95%  60.6 2412s
 753793 355497 21627.7455   69  354 23358.9999 21268.5860  8.95%  60.6 2419s
 754933 355773 infeasible   55      23358.9999 21268.6673  8.95%  60.7 2426s
 755375 356223 21444.2212   57  563 23358.9999 21268.6861  8.95%  60.8 2434s
 756003 356929 21291.0167   57  523 23358.9999 21268.7015  8.95%  60.8 2442s
 757028 357344 21288.7348   68  480 23358.9999 21268.7501  8.95%  60.9 2449s
 757649 358391 21413.8427   63  591 23358.9999 21268.7941  8.95%  60.9 2457s
 759195 358836 21289.9615   66  500 23358.9999 21268.8712  8.95%  61.0 2464s
 759883 359351     cutoff   86      23358.9999 21268.9369  8.95%  61.0 2471s
 760656 360122 21273.5676   50  610 23358.9999 21268.9913  8.95%  61.1 2478s
 761908 360573 21465.7008   59  668 23358.9999 21269.0578  8.95%  61.2 2485s
 762659 361398 infeasible   64      23358.9999 21269.1028  8.95%  61.2 2491s
 764013 361858 21304.1860   56  424 23358.9999 21269.1592  8.95%  61.3 2497s
 764774 362248 21651.2155   82  379 23358.9999 21269.1755  8.95%  61.3 2502s
 765418 362882 21336.7630   57  449 23358.9999 21269.2108  8.95%  61.4 2508s
 766500 363258 21278.6457   52  450 23358.9999 21269.2568  8.95%  61.5 2513s
 767210 363916 22780.6643   86  180 23358.9999 21269.2843  8.95%  61.5 2517s
 768106 364229 21783.0772   61  441 23358.9999 21269.3252  8.95%  61.6 2521s
 768546 365317 21666.4763   65  404 23358.9999 21269.3677  8.95%  61.6 2527s
 770234 365691 22341.9582   58  516 23358.9999 21269.4363  8.95%  61.7 2532s
 770852 366113 22206.0261   79  303 23358.9999 21269.4928  8.95%  61.8 2536s
 771482 367130 22767.2132   77  284 23358.9999 21269.5525  8.94%  61.9 2542s
 773077 367502 21453.4159   62  391 23358.9999 21269.6450  8.94%  62.0 2546s
 773630 367968 21346.6643   58  506 23358.9999 21269.6643  8.94%  62.0 2551s
 774316 368753 21707.1612   69  435 23358.9999 21269.6643  8.94%  62.1 2556s
 775435 369182 21505.9519   52  464 23358.9999 21269.6643  8.94%  62.2 2561s
 776095 369676 22693.6643   93  113 23358.9999 21269.6643  8.94%  62.2 2566s
 776868 370460 21514.9159   67  511 23358.9999 21269.6755  8.94%  62.3 2571s
 778148 370802 22390.9043   69  368 23358.9999 21269.7423  8.94%  62.4 2576s
 778710 371292 21542.1625   65  450 23358.9999 21269.7971  8.94%  62.4 2581s
 779380 372254 22216.1987   74  300 23358.9999 21269.8126  8.94%  62.5 2586s
 780918 372623 22138.7880   59  337 23358.9999 21269.8649  8.94%  62.6 2591s
 781543 373100 22608.1344   95  227 23358.9999 21269.8863  8.94%  62.7 2597s
 782297 373837 22084.0735   71  315 23358.9999 21269.9620  8.94%  62.7 2602s
 783481 374182 22954.8150   85  250 23358.9999 21269.9843  8.94%  62.8 2606s
 784035 374833 21712.2886   76  329 23358.9999 21269.9857  8.94%  62.9 2613s
 784990 375998 21426.9274   52  529 23358.9999 21269.9867  8.94%  62.9 2619s
 786707 376402 21688.7040   60  519 23358.9999 21269.9953  8.94%  63.0 2625s
 787420 376801 22787.6900   75  415 23358.9999 21269.9982  8.94%  63.1 2630s
 788236 377251 21640.2677   74  356 23358.9999 21270.0558  8.94%  63.2 2636s
 794734 379185 21337.4077   44   55 23358.9999 21272.8938  8.93%  63.0 2640s
 802506 381925 21608.4076   49   19 23358.9999 21274.6891  8.92%  62.6 2645s
 810551 384710     cutoff   61      23358.9999 21276.7697  8.91%  62.2 2650s
 818065 387090 21427.4374   44   50 23358.9999 21278.2446  8.91%  61.9 2655s
 825557 389461 21584.6535   53   34 23358.9999 21278.8493  8.91%  61.6 2660s
 833738 392151 infeasible   56      23358.9999 21280.1774  8.90%  61.2 2665s
 840053 394403 21315.1240   61  543 23358.9999 21281.6891  8.89%  60.9 2671s
 840842 394701 21707.2515   67  501 23358.9999 21281.6891  8.89%  60.9 2676s
 841341 395270 infeasible   60      23358.9999 21281.7577  8.89%  61.0 2682s
 842242 396273 21612.5040   63  489 23358.9999 21281.8039  8.89%  61.1 2687s
 843830 396748 21730.1530   53  502 23358.9999 21281.8492  8.89%  61.2 2692s
 844602 397739 21361.1390   53  673 23358.9999 21281.8676  8.89%  61.2 2697s
 846157 398156 21356.4679   51  583 23358.9999 21281.9016  8.89%  61.3 2701s
 846789 398781 21515.8430   60  479 23358.9999 21281.9326  8.89%  61.3 2706s
 847799 399141 21930.6760   85  242 23358.9999 21281.9667  8.89%  61.4 2710s
 848404 399674 21327.6729   66  368 23358.9999 21282.0228  8.89%  61.5 2715s
 849856 400540 21284.8188   51  556 23358.9999 21282.0794  8.89%  61.5 2724s
 850509 401348 21921.1068   61  542 23358.9999 21282.1258  8.89%  61.6 2730s
 852540 402205 21665.3034   62  373 23358.9999 21282.2785  8.89%  61.7 2739s
 853257 403178 21477.2792   64  615 23358.9999 21282.3403  8.89%  61.8 2745s
 854794 403577 21843.4694   75  482 23358.9999 21282.3990  8.89%  61.9 2750s
 855522 404371 21764.0355   69  405 23358.9999 21282.4348  8.89%  61.9 2755s
 856719 404738 21850.2915   70  439 23358.9999 21282.4904  8.89%  62.0 2760s
 857922 405902 22147.2213   89  256 23358.9999 21282.5076  8.89%  62.1 2769s
 858962 406305 21355.1405   58  547 23358.9999 21282.5846  8.89%  62.1 2774s
 859590 406711 21924.1738   68  412 23358.9999 21282.6414  8.89%  62.2 2779s
 860290 407499 22111.0879   97  223 23358.9999 21282.7135  8.89%  62.2 2783s
 861596 407802 21618.1597   59  480 23358.9999 21282.7841  8.89%  62.3 2788s
 862109 408280 22314.8864   89  151 23358.9999 21282.8808  8.89%  62.4 2793s
 862849 408989 21428.3093   54  569 23358.9999 21282.8959  8.89%  62.4 2798s
 863924 409288 21859.6175   62  320 23358.9999 21282.9856  8.89%  62.5 2802s
 864379 409807 21484.1850   66  416 23358.9999 21283.0015  8.89%  62.5 2810s
 865516 410638 21296.8878   58  604 23358.9999 21283.0536  8.89%  62.5 2816s
 866772 411099 21357.9506   62  553 23358.9999 21283.1144  8.89%  62.6 2821s
 867494 411531 21298.9252   61  512 23358.9999 21283.1144  8.89%  62.7 2827s
 868177 412602 21784.5847   57  591 23358.9999 21283.2216  8.89%  62.7 2834s
 869789 413050 21336.9653   69  551 23358.9999 21283.2995  8.89%  62.8 2841s
 870628 413503 21344.6604   64  577 23358.9999 21283.3408  8.89%  62.9 2847s
 871335 414365 22304.8514   74  339 23358.9999 21283.3791  8.89%  62.9 2853s
 872943 414706     cutoff   79      23358.9999 21283.4733  8.89%  63.0 2858s
 873547 415118 21328.4726   57  602 23358.9999 21283.5266  8.89%  63.1 2863s
 874215 415736 21764.4517   75  320 23358.9999 21283.5732  8.88%  63.1 2867s
 875477 416254 21691.0489   56  535 23358.9999 21283.6475  8.88%  63.2 2872s
 876307 417109 21502.8413   57  584 23358.9999 21283.6967  8.88%  63.2 2876s
 877600 417512 21559.1530   61  541 23358.9999 21283.7964  8.88%  63.3 2880s
 879605 418775 21464.2902   59  371 23358.9999 21283.9136  8.88%  63.4 2888s
 880210 419258 21333.4141   53  620 23358.9999 21283.9285  8.88%  63.4 2893s
 880998 420301 infeasible   55      23358.9999 21284.0091  8.88%  63.5 2897s
 882607 420635 21285.1011   61  635 23358.9999 21284.1194  8.88%  63.5 2902s
 883094 421016 21313.5155   59  583 23358.9999 21284.1194  8.88%  63.6 2905s
 883660 422034 21503.9224   76  410 23358.9999 21284.1312  8.88%  63.7 2910s
 885908 423101 22122.5485   69  405 23358.9999 21284.2040  8.88%  63.8 2918s
 886828 423484     cutoff   75      23358.9999 21284.2677  8.88%  63.8 2922s
 887437 423973 22760.2549   86  233 23358.9999 21284.3218  8.88%  63.9 2927s
 888265 424953 21353.2414   58  571 23358.9999 21284.3788  8.88%  63.9 2931s
 889632 425334     cutoff   78      23358.9999 21284.4568  8.88%  64.0 2935s
 897104 427517     cutoff   53      23358.9999 21287.1132  8.87%  63.8 2940s
 906179 429799 21627.2368   54   21 23358.9999 21292.2368  8.85%  63.4 2945s
 916178 432967 infeasible   54      23358.9999 21295.9544  8.83%  63.0 2950s
 924650 435588 21466.2368   43   47 23358.9999 21298.8913  8.82%  62.6 2955s
 932794 438277     cutoff   58      23358.9999 21299.7311  8.82%  62.3 2960s
 941563 440390 22635.6253   77  257 23358.9999 21302.2336  8.81%  62.0 2967s
 941822 441484 21307.4575   55  523 23358.9999 21302.2368  8.81%  62.0 2977s
 943565 442714 22189.8829   75  415 23358.9999 21302.3016  8.80%  62.2 2983s
 945422 442977 21417.3800   63  516 23358.9999 21302.4372  8.80%  62.3 2987s
 945820 443791 22681.5090   78  312 23358.9999 21302.4769  8.80%  62.3 2994s
 947064 444747 21643.3481   60  441 23358.9999 21302.5303  8.80%  62.4 2999s
 948387 445225 21509.1103   63  434 23358.9999 21302.5325  8.80%  62.5 3004s
 949053 445711 21946.9190   67  454 23358.9999 21302.5325  8.80%  62.6 3009s
 949834 446557 21457.1882   59  456 23358.9999 21302.5444  8.80%  62.6 3014s
 951213 446953 21870.4737   75  383 23358.9999 21302.6016  8.80%  62.7 3020s
 951879 447476 21461.5164   55  482 23358.9999 21302.6974  8.80%  62.8 3025s
 952699 448429 21465.4677   55  641 23358.9999 21302.7960  8.80%  62.9 3030s
 954135 448736 21312.1930   64  442 23358.9999 21302.8125  8.80%  62.9 3035s
 954647 449374 21315.2045   66  444 23358.9999 21302.8125  8.80%  63.0 3040s
 957051 450634 21346.8630   64  551 23358.9999 21302.9627  8.80%  63.1 3049s
 957643 451430 22772.3162  102  184 23358.9999 21303.0042  8.80%  63.2 3054s
 958738 451887 22523.2680   73  263 23358.9999 21303.0661  8.80%  63.3 3059s
 959454 453041 21835.4610   52  594 23358.9999 21303.1074  8.80%  63.3 3063s
 961185 453330 21535.9484   58  620 23358.9999 21303.2468  8.80%  63.4 3067s
 961665 453949 21392.0557   62  537 23358.9999 21303.3043  8.80%  63.4 3073s
 962705 454864 21323.3578   62  518 23358.9999 21303.4028  8.80%  63.5 3078s
 964218 455252 21498.8173   56  484 23358.9999 21303.5157  8.80%  63.5 3082s
 964869 455775 21809.3952   60  496 23358.9999 21303.6011  8.80%  63.6 3087s
 965645 456688 21651.7020   60  411 23358.9999 21303.6511  8.80%  63.6 3091s
 967131 457132 22557.2055   64  461 23358.9999 21303.6999  8.80%  63.7 3095s
 969050 458282 21349.4529   56  610 23358.9999 21303.7587  8.80%  63.8 3103s
 969598 458731 21529.6494   68  597 23358.9999 21303.8309  8.80%  63.8 3107s
 970456 459382 21461.9559   66  515 23358.9999 21303.9065  8.80%  63.9 3111s
 971476 459777 21420.6573   55  477 23358.9999 21303.9816  8.80%  63.9 3115s
 972096 460217 22919.5541   98  183 23358.9999 21303.9972  8.80%  63.9 3120s
 973398 461026 21898.7379   78  527 23358.9999 21304.1085  8.80%  64.0 3128s
 974109 461847 22038.3434   68  491 23358.9999 21304.1430  8.80%  64.1 3133s
 975448 462181 22299.2190   65  494 23358.9999 21304.2349  8.80%  64.1 3138s
 975968 462632 21664.7361   80  284 23358.9999 21304.2450  8.80%  64.2 3141s
 976695 463156 21363.4773   54  515 23358.9999 21304.3325  8.80%  64.2 3146s
 977448 463913 21673.9930   69  342 23358.9999 21304.3699  8.80%  64.3 3150s
 978580 464309 21364.2467   57  392 23358.9999 21304.4509  8.80%  64.3 3155s
 979224 464787 21516.7742   65  494 23358.9999 21304.4913  8.80%  64.4 3161s
 979975 465360 infeasible  102      23358.9999 21304.5406  8.80%  64.4 3166s
 980877 466165 21762.2771   62  461 23358.9999 21304.6061  8.79%  64.5 3171s
 982336 466618 21497.6362   64  322 23358.9999 21304.7278  8.79%  64.5 3177s
 983115 467579 21445.7468   68  459 23358.9999 21304.7648  8.79%  64.5 3182s
 984521 467931 infeasible   80      23358.9999 21304.8183  8.79%  64.6 3187s
 985120 468277 22477.9871   86  208 23358.9999 21304.8431  8.79%  64.7 3191s
 985750 469121 21509.6684   70  589 23358.9999 21304.8696  8.79%  64.7 3196s
 987088 469510 21511.5688   57  492 23358.9999 21304.9591  8.79%  64.7 3201s
 987725 469888 21516.5704   67  552 23358.9999 21305.0032  8.79%  64.8 3205s
 988334 470602 21748.5006   70  410 23358.9999 21305.0258  8.79%  64.8 3210s
 989982 471623 21520.3290   68  486 23358.9999 21305.1094  8.79%  65.0 3219s
 990947 471950 21351.6202   54  647 23358.9999 21305.1701  8.79%  65.0 3222s
 991468 472453 21922.0736   72  449 23358.9999 21305.2058  8.79%  65.1 3229s
 992383 472669 21572.2294   39   44 23358.9999 21305.2624  8.79%  65.1 3230s
 1000544 474651 21534.2694   46   33 23358.9999 21305.9870  8.79%  64.8 3235s
 1006636 476763 21308.5472   47   51 23358.9999 21307.9870  8.78%  64.6 3240s
 1015781 479765 21630.2694   55   12 23358.9999 21308.5486  8.78%  64.2 3245s
 1025119 481974 infeasible   55      23358.9999 21308.8240  8.78%  63.8 3250s
 1031990 484625 21624.4601   53   37 23358.9999 21308.9870  8.78%  63.6 3255s
 1039821 486997 21497.2694   51   37 23358.9999 21309.5508  8.77%  63.3 3260s
 1043650 488359 22882.2796   78  431 23358.9999 21309.6024  8.77%  63.2 3270s
 1044387 489326 21998.0824   86  389 23358.9999 21309.6509  8.77%  63.2 3276s
 1046025 489731 21887.6329   83  309 23358.9999 21309.7610  8.77%  63.3 3280s
 1046663 490106 21376.5477   53  650 23358.9999 21309.8416  8.77%  63.3 3285s
 1047284 490551 21506.2957   61  447 23358.9999 21309.8778  8.77%  63.4 3290s
 1049412 491818 21437.2067   59  533 23358.9999 21310.0471  8.77%  63.5 3299s
 1050101 492199 21555.8323   51  574 23358.9999 21310.1296  8.77%  63.5 3304s
 1050736 492826 21513.4382   56  574 23358.9999 21310.1794  8.77%  63.6 3308s
 1051797 493319 21713.6279   66  401 23358.9999 21310.3215  8.77%  63.6 3313s
 1052630 493800 22125.6347   68  433 23358.9999 21310.3881  8.77%  63.7 3317s
 1053763 493683 21321.1056   57  605 23358.9999 21310.4676  8.77%  63.7 3323s
 1054455 494057 21494.6340   55  515 23358.9999 21310.5168  8.77%  63.8 3328s
 1055300 494702 21570.4123   61  443 23358.9999 21310.5825  8.77%  63.8 3333s
 1056628 494958 21884.6519   58  433 23358.9999 21310.6443  8.77%  63.9 3337s
 1057026 495690 21742.6933   57  583 23358.9999 21310.7081  8.77%  63.9 3345s
 1058308 496766 21644.6905   54  599 23358.9999 21310.7764  8.77%  64.0 3351s
 1059950 497225 21501.3280   54  509 23358.9999 21310.9160  8.77%  64.0 3356s
 1060639 498051 21906.3710   70  319 23358.9999 21310.9600  8.77%  64.1 3360s
 1061828 498445 21927.1898   63  377 23358.9999 21311.0108  8.77%  64.1 3365s
 1062500 498918 21520.3014   61  585 23358.9999 21311.1214  8.77%  64.2 3370s
 1063238 499650 21548.5544   61  442 23358.9999 21311.1578  8.77%  64.2 3375s
 1064405 500098 21397.8112   65  482 23358.9999 21311.3028  8.77%  64.3 3380s
 1065100 500791 22299.6727   72  389 23358.9999 21311.3199  8.77%  64.3 3385s
 1066152 501265 21705.4137   63  560 23358.9999 21311.3199  8.77%  64.4 3390s
 1067965 502415 21598.6599   55  492 23358.9999 21311.3455  8.77%  64.5 3399s
 1068628 502771 22491.9796   91  192 23358.9999 21311.3962  8.77%  64.5 3404s
 1069248 503446 21957.2863   64  605 23358.9999 21311.4909  8.77%  64.6 3408s
 1070288 503612 21915.8141   63  485 23358.9999 21311.5446  8.77%  64.6 3414s
 1070561 503983     cutoff   91      23358.9999 21311.6055  8.76%  64.6 3418s
 1071152 504341 21700.2574   63  478 23358.9999 21311.6939  8.76%  64.7 3422s
 1071656 505096 21494.7359   57  550 23358.9999 21311.7206  8.76%  64.7 3428s
 1072823 505832 21772.4814   63  452 23358.9999 21311.8155  8.76%  64.8 3432s
 1073997 506259 21705.7686   61  563 23358.9999 21311.8923  8.76%  64.9 3437s
 1074725 506586 22287.7213   65  342 23358.9999 21311.9213  8.76%  64.9 3442s
 1075374 506960 22661.2814   96  202 23358.9999 21312.0059  8.76%  65.0 3446s
 1076118 508047 21607.7375   56  537 23358.9999 21312.0705  8.76%  65.0 3452s
 1077772 508370 21825.6282   73  411 23358.9999 21312.1194  8.76%  65.0 3456s
 1078342 508830 21625.5646   53  552 23358.9999 21312.1930  8.76%  65.1 3461s
 1079035 509257 21565.7334   65  581 23358.9999 21312.2721  8.76%  65.2 3465s
 1079773 510278 22816.7968   76  299 23358.9999 21312.3183  8.76%  65.2 3470s
 1081294 510640 infeasible   89      23358.9999 21312.3995  8.76%  65.2 3475s
 1081868 510982 22873.3669   85  127 23358.9999 21312.4954  8.76%  65.3 3480s
 1082351 511687 infeasible   95      23358.9999 21312.5221  8.76%  65.3 3485s
 1084379 512815 22266.3396   67  334 23358.9999 21312.5257  8.76%  65.5 3494s
 1085088 513295 21748.3296   76  416 23358.9999 21312.5718  8.76%  65.5 3499s
 1085806 513951 21663.9349   73  303 23358.9999 21312.6002  8.76%  65.5 3502s
 1086844 514216 21780.7494   86  302 23358.9999 21312.6660  8.76%  65.6 3506s
 1087252 514626 21763.2814   75  410 23358.9999 21312.6802  8.76%  65.6 3510s
 1088984 515635 infeasible   70      23358.9999 21312.8261  8.76%  65.7 3519s
 1089455 516110 21841.4804   76  290 23358.9999 21312.8778  8.76%  65.7 3523s
 1090127 516693 21701.9898   91  324 23358.9999 21312.9358  8.76%  65.8 3528s
 1091024 517138 21368.7468   58  617 23358.9999 21313.0090  8.76%  65.8 3533s
 1091793 517697 22749.9664   80  377 23358.9999 21313.0259  8.76%  65.9 3538s
 1092704 518189 22581.3543   80  529 23358.9999 21313.0993  8.76%  65.9 3544s
H1093412 518189                    23323.000000 21313.1309  8.62%  66.0 3544s
 1094305 518864 21526.8495   43   32 23323.0000 21313.1309  8.62%  65.9 3545s
 1101619 520803 21444.8495   40   22 23323.0000 21314.1309  8.61%  65.7 3550s
 1109916 523388 21389.8495   39   35 23323.0000 21314.5671  8.61%  65.3 3555s
 1117395 525343 21628.8495   51   34 23323.0000 21315.1309  8.61%  65.1 3560s
 1125864 527811 infeasible   51      23323.0000 21315.5138  8.61%  64.7 3565s
 1132733 530197 21604.8495   51   29 23323.0000 21316.1309  8.60%  64.5 3570s
 1141240 532950 21457.0848   48   36 23323.0000 21317.6682  8.60%  64.2 3575s
 1143911 533728 21630.8619   58  611 23323.0000 21318.0495  8.60%  64.1 3580s
 1144285 534499 22173.1600   65  394 23323.0000 21318.0743  8.60%  64.1 3588s
 1145501 535649     cutoff   86      23323.0000 21318.1629  8.60%  64.2 3595s
 1147983 536108 21325.7777   66  643 23323.0000 21318.2753  8.60%  64.4 3600s

Cutting planes:
  Learned: 193
  Gomory: 14
  Cover: 264
  Implied bound: 88
  Clique: 358
  MIR: 225
  StrongCG: 14
  Flow cover: 13
  GUB cover: 5
  Network: 3
  RLT: 22
  Relax-and-lift: 90

Explored 1147988 nodes (73921199 simplex iterations) in 3604.15 seconds (2616.21 work units)
Thread count was 8 (of 8 available processors)

Solution count 10: 23323 23359 23359 ... 24545

Time limit reached
Best objective 2.332300000000e+04, best bound 2.131827533147e+04, gap 8.5955%

User-callback calls 2299168, time in user-callback 5.80 sec

Statistics for modelBNB_BSNH_BSAL_BPHD:
  Linear constraint matrix    : 21277 Constrs, 8010 Vars, 78885 NZs
  Variable types              : 2735 Continuous,
5275 Integer (1117 Binary)
  Matrix coefficient range    : [ 1, 200 ]
  Objective coefficient range : [ 1, 382 ]
  Variable bound range        : [ 1, 199 ]
  RHS coefficient range       : [ 1, 549 ]
