
Gurobi 10.0.1 (mac64[arm]) logging started Sun Mar 31 09:35:34 2024

Set parameter LogFile to value "/Users/deniserings/Documents/zib/s-bahn-data/scripts/DeniseMA/processed/BNB_BSNH_BSAL_BPHD/RENS/BNB_BSNH_BSAL_BPHD_subMBP_random4_0.9_202403301837.log"
Gurobi Optimizer version 10.0.1 build v10.0.1rc0 (mac64[arm])

CPU model: Apple M2
Thread count: 8 physical cores, 8 logical processors, using up to 8 threads

Optimize a model with 21339 rows, 8010 columns and 78947 nonzeros
Model fingerprint: 0x15e42aff
Variable types: 2735 continuous, 5275 integer (1117 binary)
Coefficient statistics:
  Matrix range     [1e+00, 2e+02]
  Objective range  [1e+00, 4e+02]
  Bounds range     [1e+00, 2e+02]
  RHS range        [1e+00, 5e+02]
Presolve removed 10203 rows and 2837 columns
Presolve time: 2.77s
Presolved: 11136 rows, 5173 columns, 45538 nonzeros
Variable types: 1398 continuous, 3775 integer (3775 binary)

Root relaxation: objective 2.090300e+04, 3170 iterations, 0.04 seconds (0.04 work units)

    Nodes    |    Current Node    |     Objective Bounds      |     Work
 Expl Unexpl |  Obj  Depth IntInf | Incumbent    BestBd   Gap | It/Node Time

     0     0 20903.0000    0  223          - 20903.0000      -     -    3s
     0     0 20955.3979    0  632          - 20955.3979      -     -    3s
     0     0 20955.3979    0  585          - 20955.3979      -     -    3s
     0     0 20958.4426    0  702          - 20958.4426      -     -    3s
     0     0 20958.4426    0  713          - 20958.4426      -     -    3s
     0     0 20966.1625    0  635          - 20966.1625      -     -    3s
     0     0 20966.1625    0  542          - 20966.1625      -     -    3s
     0     0 20966.2048    0  698          - 20966.2048      -     -    4s
     0     0 20966.2895    0  736          - 20966.2895      -     -    4s
     0     0 20966.3054    0  637          - 20966.3054      -     -    4s
     0     0 20966.3054    0  685          - 20966.3054      -     -    4s
     0     0 20966.3054    0  261          - 20966.3054      -     -    4s
     3     4 21057.0000    2   26          - 21057.0000      -  4338    6s
  2175  1775 21145.4212   15  132          - 21145.4212      -  42.1   12s
  4034  3248 21145.9201   31  167          - 21145.4212      -  36.9   15s
 10672  9019 21160.7080   45  178          - 21145.4212      -  30.3   20s
 16551 16553 21148.1355   46  220          - 21145.4212      -  31.6   31s
H24520 16526                    26743.000000 21145.4212  20.9%  34.6   31s
H29844 18515                    26720.000000 21202.6262  20.6%  32.6   34s
 29844 18764 21653.4105   55  294 26720.0000 21202.6262  20.6%  32.6   35s
H35383 22117                    26641.000000 21202.6262  20.4%  33.2   38s
 36871 22936 21312.6262   31   59 26641.0000 21218.5824  20.4%  33.0   40s
H42543 25358                    26631.000000 21230.6262  20.3%  31.0   42s
 42758 29250 21360.5000   48  270 26631.0000 21230.6262  20.3%  31.3   47s
 47892 18120 21250.0000   26  161 26631.0000 21250.0000  20.2%  33.5   76s
 48636 18564 21286.0340   67  306 26631.0000 21250.0000  20.2%  33.8   80s
H49976 19034                    23430.000000 21250.0000  9.30%  34.3   84s
 49976 19303 21290.0000   29   39 23430.0000 21250.0000  9.30%  34.5   85s
 59562 23321 21407.8861   41  307 23430.0000 21250.0000  9.30%  32.2   90s
 62250 24054 21464.1166   77  287 23430.0000 21250.0000  9.30%  33.7   95s
 64250 24942 21250.0000   37  582 23430.0000 21250.0000  9.30%  35.1  100s
 66616 25451 22668.2483   67  329 23430.0000 21250.0000  9.30%  36.6  105s
 68280 26395 21462.7166   50  321 23430.0000 21250.0000  9.30%  37.9  110s
 76340 29046 21268.0000   27  139 23430.0000 21268.0000  9.23%  36.5  130s
 79967 29268 21648.2759   42   28 23430.0000 21288.3321  9.14%  36.4  135s
 81097 30542 21540.2652   48  334 23430.0000 21300.3900  9.09%  36.8  140s
 83189 30476 21538.0084   49  432 23430.0000 21300.3900  9.09%  38.4  146s
 84798 30805 infeasible   62      23430.0000 21300.3900  9.09%  39.6  150s
 86856 31642 infeasible   37      23430.0000 21300.3900  9.09%  41.4  157s
 88483 32314 infeasible   42      23430.0000 21300.3900  9.09%  42.9  162s
 89807 32925 infeasible   57      23430.0000 21300.4245  9.09%  43.8  167s
 90608 33624 21317.5300   37  337 23430.0000 21300.4275  9.09%  44.3  170s
 95484 33156 21390.8583   35   84 23430.0000 21347.4445  8.89%  45.6  175s
 101530 32275 21619.4390   38   65 23430.0000 21403.7851  8.65%  45.0  180s
 107025 31125 21639.2113   37   31 23430.0000 21421.6446  8.57%  44.5  185s
 108440 32446 21588.2147   59  234 23430.0000 21424.6314  8.56%  45.0  193s
 110667 32136 21992.6837   55  371 23430.0000 21424.6620  8.56%  46.4  196s
 113234 32777 21611.9508   45  443 23430.0000 21424.6989  8.56%  47.6  202s
 113616 33200 22773.6715   58  235 23430.0000 21424.7122  8.56%  47.8  205s
 116137 33783 22682.1187   93  220 23430.0000 21424.7316  8.56%  48.6  210s
 116995 34383 22144.2220   74  198 23430.0000 21424.7364  8.56%  49.3  215s
 119759 34748 22827.6743   43  447 23430.0000 21424.9461  8.56%  50.5  222s
 120761 35409 22342.4833   53  229 23430.0000 21425.1095  8.56%  51.1  227s
 122716 36543 22871.4694   63  200 23430.0000 21425.4463  8.56%  51.8  231s
H123899 36543                    23415.000000 21425.7571  8.50%  52.2  231s
 128274 35459 21462.7670   40   55 23415.0000 21440.0991  8.43%  51.6  235s
 134305 33697 21529.4519   52   33 23415.0000 21459.9651  8.35%  50.8  240s
 141051 31858 infeasible   40      23415.0000 21481.6758  8.26%  50.0  245s
 144240 32732 21712.3422   49  552 23415.0000 21496.4509  8.19%  50.0  254s
 145421 34457 21783.3282   47  388 23415.0000 21496.8212  8.19%  50.7  259s
 147976 34804 21677.4238   50  345 23415.0000 21497.6094  8.19%  51.4  262s
 149321 35742 21709.5121   42  570 23415.0000 21497.8210  8.19%  52.0  266s
 151480 36976 infeasible  122      23415.0000 21498.0748  8.19%  52.7  272s
 152513 38109 21769.0187   62  361 23415.0000 21498.3955  8.19%  53.1  276s
 154189 39065 22260.9379   72  304 23415.0000 21498.6857  8.18%  53.7  281s
 155643 40202 21602.4951   53  586 23415.0000 21498.8707  8.18%  54.3  286s
 157297 40641 22223.6398   71  171 23415.0000 21499.1651  8.18%  54.7  290s
 158720 41565 23003.0202   56  358 23415.0000 21499.4658  8.18%  55.3  295s
 159710 42546 21729.8073   47  397 23415.0000 21499.6721  8.18%  55.8  300s
 162517 43965 22623.9743   54  338 23415.0000 21500.2231  8.18%  56.7  307s
 163837 44400     cutoff   43      23415.0000 21500.5532  8.18%  57.3  310s
 171005 43981 21716.6352   43   21 23415.0000 21541.5492  8.00%  56.1  315s
 178019 43207     cutoff   45      23415.0000 21590.9775  7.79%  55.0  320s
 186321 41428     cutoff   43      23415.0000 21642.3777  7.57%  53.8  325s
 190028 42674 22676.1609   72  148 23415.0000 21672.8570  7.44%  53.4  333s
 192592 42942 22352.4261   50  362 23415.0000 21673.2532  7.44%  54.0  335s
 193405 43531     cutoff   83      23415.0000 21673.3506  7.44%  54.3  340s
 195419 45416 22107.5128   46  510 23415.0000 21673.9516  7.44%  54.8  347s
 197254 46291 22872.1182   57  211 23415.0000 21674.5376  7.43%  55.3  351s
 198679 47343 22220.6800   49  374 23415.0000 21675.5814  7.43%  55.6  356s
 200311 48471 22941.1801   55  239 23415.0000 21676.3617  7.43%  56.1  361s
 201917 49089 22188.4975   62  228 23415.0000 21677.4552  7.42%  56.4  365s
 203543 50142 21898.8388   42  507 23415.0000 21678.4708  7.42%  56.8  370s
 206015 51532 22172.9377   57  277 23415.0000 21680.4258  7.41%  57.3  376s
 206882 52140 21907.2928   46  420 23415.0000 21681.3254  7.40%  57.6  381s
 208565 53218 21849.8067   41  483 23415.0000 21683.1483  7.40%  57.9  386s
 210198 54258 infeasible   47      23415.0000 21684.2186  7.39%  58.4  391s
 211462 55083 22749.3960   64  241 23415.0000 21685.0153  7.39%  58.7  396s
 213712 56419 23220.5181   52  321 23415.0000 21686.1516  7.38%  59.0  400s
 218393 56403 22100.1841   41  465 23415.0000 21742.3421  7.14%  58.8  406s
 218889 57515 22801.1172   95  146 23415.0000 21742.9019  7.14%  59.0  410s
 221462 58428 22242.8060   53  310 23415.0000 21746.0878  7.13%  59.5  416s
 223998 59617 infeasible   75      23415.0000 21748.6266  7.12%  59.9  422s
 226070 60706 infeasible  106      23415.0000 21751.0000  7.11%  60.3  426s
 226901 61209 22839.3208   58  311 23415.0000 21752.1443  7.10%  60.6  431s
 228673 62142 22599.3295   58  402 23415.0000 21754.6366  7.09%  61.0  436s
 229959 63425 23255.7849   64  191 23415.0000 21755.4204  7.09%  61.3  440s
 231857 64171 infeasible   54      23415.0000 21757.6510  7.08%  61.5  445s
 234867 65729 21980.9060   47  541 23415.0000 21761.1753  7.06%  62.0  451s
 236765 66851 22309.5942   55  418 23415.0000 21765.5811  7.04%  62.2  456s
 238377 68044 21953.7422   55  446 23415.0000 21767.0000  7.04%  62.4  461s
 239777 68575 22316.4703   59  308 23415.0000 21768.9600  7.03%  62.7  465s
 241476 69623 22165.8086   50  359 23415.0000 21772.8218  7.01%  62.9  470s
 243355 71178 21944.1756   45  494 23415.0000 21776.3367  7.00%  63.3  476s
 244798 72356 22690.5849   71  166 23415.0000 21779.3911  6.99%  63.5  480s
 247065 73570 infeasible   64      23415.0000 21782.7422  6.97%  63.9  486s
 248784 74548 22626.0241   53  312 23415.0000 21783.6701  6.97%  64.1  490s
 250500 76204 21975.0267   48  328 23415.0000 21786.5885  6.95%  64.4  496s
 252980 77146 23343.7315   54  314 23415.0000 21791.5595  6.93%  64.6  502s
 254106 78376 22338.5548   51  272 23415.0000 21793.8928  6.92%  64.9  506s
 256728 79543 22711.2875   83  204 23415.0000 21799.0000  6.90%  65.1  510s
 258608 80364 22851.1468   70  209 23415.0000 21800.5212  6.90%  65.3  515s
 261105 81699 22925.1700   78  172 23415.0000 21809.6763  6.86%  65.7  521s
 262908 82837 22048.1311   42  566 23415.0000 21814.3163  6.84%  65.9  525s
 264907 84125 23241.0000   67  204 23415.0000 21816.7564  6.83%  66.1  530s
 267328 85575 22010.6908   40  521 23415.0000 21823.6529  6.80%  66.3  535s
 269464 86858 infeasible   45      23415.0000 21830.0000  6.77%  66.6  541s
 271129 87873 23183.2210   58  294 23415.0000 21831.8991  6.76%  66.9  545s
 273540 89860 22814.8778   59  245 23415.0000 21836.6509  6.74%  67.1  551s
 275433 90893     cutoff   83      23415.0000 21839.3250  6.73%  67.3  555s
 277997 92062 infeasible   54      23415.0000 21844.9204  6.71%  67.6  561s
 279071 92741 22218.2070   72  340 23415.0000 21847.3224  6.70%  67.8  565s
 281744 94945 22049.4375   44  401 23415.0000 21850.0000  6.68%  68.0  571s
 283918 96510 22264.3333   61  232 23415.0000 21850.0000  6.68%  68.2  576s
 286147 97861 21982.1100   42  489 23415.0000 21850.0000  6.68%  68.3  580s
 288345 98918 22720.6711   49  410 23415.0000 21850.0000  6.68%  68.4  585s
 291692 100769 22038.1124   45  523 23415.0000 21850.0000  6.68%  68.7  592s
 293666 102012 23099.2275   79  275 23415.0000 21850.0000  6.68%  68.8  597s
 294339 103157 22386.4576   50  435 23415.0000 21850.0000  6.68%  68.9  600s
 296939 104806 22904.9833   74  223 23415.0000 21850.0000  6.68%  69.2  608s
 298825 105631 23129.3272   52  293 23415.0000 21850.0000  6.68%  69.4  612s
 300205 106328 22060.6561   39  512 23415.0000 21850.0000  6.68%  69.6  615s
 303530 108491 22623.9481   54  396 23415.0000 21850.0000  6.68%  69.7  622s
 304838 109015 22116.5427   51  318 23415.0000 21850.0000  6.68%  69.9  625s
 307390 110596 infeasible   49      23415.0000 21850.0000  6.68%  70.1  630s
 310002 112361 21986.3002   47  439 23415.0000 21850.0000  6.68%  70.2  637s
 310906 114123 22762.5244   72  237 23415.0000 21850.0000  6.68%  70.4  641s
 314395 115144 22657.0408   95  261 23415.0000 21850.0000  6.68%  70.5  646s
 316367 116370 22141.7611   50  313 23415.0000 21850.0000  6.68%  70.7  652s
 318854 117955 22128.3755   45  365 23415.0000 21850.0000  6.68%  70.9  657s
 319604 119122 22730.0229   55  194 23415.0000 21850.0000  6.68%  71.0  660s
 321995 120543 21904.8768   49  553 23415.0000 21850.0000  6.68%  71.1  666s
 324318 122228 21924.2577   52  433 23415.0000 21850.0000  6.68%  71.3  671s
 326089 122720 22100.2431   50  439 23415.0000 21850.0000  6.68%  71.3  675s
 329362 124715 21963.4587   44  579 23415.0000 21850.0000  6.68%  71.6  682s
 330052 125182 22464.6614   59  419 23415.0000 21850.0000  6.68%  71.7  685s
 332945 127048 22406.8554   60  382 23415.0000 21850.0000  6.68%  71.8  691s
 335676 128769 22567.5386   78  221 23415.0000 21850.0000  6.68%  72.0  696s
 338033 130287 22257.1963   54  265 23415.0000 21850.0000  6.68%  72.1  702s
 338766 131267 22348.8415   46  497 23415.0000 21850.0000  6.68%  72.2  705s
 340934 133057 22175.7731   46  349 23415.0000 21850.0000  6.68%  72.4  710s
 343473 134029 21975.6101   42  501 23415.0000 21850.0000  6.68%  72.5  715s
 345713 135432 infeasible   45      23415.0000 21850.0000  6.68%  72.6  720s
 347988 136713     cutoff   63      23415.0000 21850.0000  6.68%  72.8  726s
 350400 138362 22064.5237   54  447 23415.0000 21850.0000  6.68%  73.0  732s
 353062 139935     cutoff   73      23415.0000 21850.0000  6.68%  73.0  737s
 355085 141222 infeasible   54      23415.0000 21850.0000  6.68%  73.2  742s
 355662 142419 23311.0000   72  185 23415.0000 21850.0000  6.68%  73.3  745s
 358150 143051 22183.6434   39  436 23415.0000 21850.0000  6.68%  73.4  750s
 360440 144454 22074.6583   46  444 23415.0000 21850.0000  6.68%  73.6  755s
 362359 145641 22171.5738   44  471 23415.0000 21850.0000  6.68%  73.7  760s
 364536 147099 22236.3956   48  468 23415.0000 21850.0000  6.68%  73.8  766s
 366383 148306 21965.6896   44  586 23415.0000 21850.0000  6.68%  74.0  771s
 368696 149898 infeasible   83      23415.0000 21850.0000  6.68%  74.2  777s
 369535 150995 22330.7573   54  367 23415.0000 21850.0000  6.68%  74.2  780s
 372047 153383 21933.6865   45  619 23415.0000 21850.0000  6.68%  74.4  788s
 374810 153885 22107.1160   50  428 23415.0000 21850.0000  6.68%  74.4  791s
 376691 155149 22487.7062   50  426 23415.0000 21850.0000  6.68%  74.6  797s
 379233 156754 22722.4186   55  268 23415.0000 21850.0000  6.68%  74.7  802s
 380053 158022 22684.5097   69  191 23415.0000 21850.0000  6.68%  74.8  805s
 382645 159537 23162.6818  105   60 23415.0000 21850.0000  6.68%  74.8  811s
 384892 161078 21950.1947   39  487 23415.0000 21850.0000  6.68%  75.0  817s
 386624 161508 22038.1115   49  471 23415.0000 21850.0000  6.68%  75.0  820s
 387367 162925 22023.3895   42  525 23415.0000 21850.0000  6.68%  75.1  825s
 390460 164863 21976.6378   34  578 23415.0000 21850.0000  6.68%  75.3  832s
 392502 165334 22015.2337   47  396 23415.0000 21850.0000  6.68%  75.3  835s
 395369 167038 22221.5337   68  274 23415.0000 21850.0000  6.68%  75.4  842s
 396032 168104 22012.5991   49  327 23415.0000 21850.0000  6.68%  75.5  845s
 398360 169822 22693.3202   49  531 23415.0000 21850.0000  6.68%  75.6  852s
 400400 170346 22732.5338   67  287 23415.0000 21850.0000  6.68%  75.8  855s
 402913 171873 22234.3941   42  452 23415.0000 21850.0000  6.68%  75.9  860s
 404982 173090 22140.5057   48  359 23415.0000 21850.0000  6.68%  76.0  865s
 406917 174374     cutoff   46      23415.0000 21850.0000  6.68%  76.2  870s
 409419 176040 infeasible   94      23415.0000 21850.0000  6.68%  76.2  876s
 412007 177656 21989.1285   48  369 23415.0000 21850.0000  6.68%  76.3  881s
 413696 179526 23075.3161   73  259 23415.0000 21850.0000  6.68%  76.4  886s
 415999 180375 22468.1530   56  220 23415.0000 21850.0000  6.68%  76.5  892s
 416811 182299 22048.8852   55  401 23415.0000 21850.0000  6.68%  76.6  896s
 420333 183173     cutoff   78      23415.0000 21850.0000  6.68%  76.7  901s
 422771 184796 22223.8856   52  266 23415.0000 21850.0000  6.68%  76.8  906s
 425625 186329 22101.1334   56  464 23415.0000 21850.0000  6.68%  76.8  910s
 427564 187666     cutoff   65      23415.0000 21850.0000  6.68%  76.9  915s
 430207 189909 22268.4060   52  365 23415.0000 21850.0000  6.68%  77.0  921s
 432326 192010 23280.8977   73  237 23415.0000 21850.0000  6.68%  77.1  929s
 435006 192448 21990.0798   43  409 23415.0000 21850.0000  6.68%  77.3  932s
 435662 192890 22068.7659   50  460 23415.0000 21850.0000  6.68%  77.3  935s
 438382 194540 infeasible   53      23415.0000 21850.0000  6.68%  77.4  941s
 440217 195794 22998.6003   55  425 23415.0000 21850.0000  6.68%  77.5  947s
 440971 196949 22132.9643   67  439 23415.0000 21850.0000  6.68%  77.6  950s
 443653 198693     cutoff   82      23415.0000 21850.0000  6.68%  77.7  955s
 446192 199699 23127.6000   64  151 23415.0000 21850.0000  6.68%  77.8  961s
 447100 200686 22358.2236   48  402 23415.0000 21850.0000  6.68%  77.9  965s
 449039 202259 22886.9400   78  184 23415.0000 21850.0000  6.68%  78.0  974s
 451103 203150 22154.9219   53  244 23415.0000 21850.0000  6.68%  78.2  978s
 452505 204361 22275.9663   48  374 23415.0000 21850.0000  6.68%  78.4  982s
 454334 204942 22306.7782   66  239 23415.0000 21850.0000  6.68%  78.4  986s
 455274 205556 22579.1921   79  242 23415.0000 21850.0000  6.68%  78.5  990s
 458438 207548 21942.5833   44  509 23415.0000 21850.0000  6.68%  78.7  997s
 459383 208358 21956.9394   46  419 23415.0000 21850.0000  6.68%  78.8 1001s
 461487 209496 22054.4287   44  377 23415.0000 21850.0000  6.68%  79.0 1009s
 462723 211122 22232.1861   61  203 23415.0000 21850.0000  6.68%  79.1 1014s
 465167 211688 22026.5311   46  433 23415.0000 21850.0000  6.68%  79.2 1018s
 466060 212338 infeasible   55      23415.0000 21850.0000  6.68%  79.3 1022s
 467024 213471 infeasible   83      23415.0000 21850.0000  6.68%  79.4 1026s
 469819 215286 22649.0070   61  178 23415.0000 21850.0000  6.68%  79.5 1033s
 471704 215889 22091.1128   48  496 23415.0000 21850.0000  6.68%  79.6 1037s
 472600 217037 22131.8830   57  572 23415.0000 21850.0000  6.68%  79.6 1040s
 475373 217958 22300.4779   48  365 23415.0000 21850.0000  6.68%  79.7 1047s
 476140 219921 21911.3753   46  456 23415.0000 21850.0000  6.68%  79.8 1051s
 479615 220687 22295.4246   65  315 23415.0000 21850.0000  6.68%  79.9 1057s
 480410 221110 22437.6552   71  300 23415.0000 21850.0000  6.68%  79.9 1060s
 482582 222468 22439.5306   41  359 23415.0000 21850.0000  6.68%  80.0 1065s
 484040 223991 infeasible   49      23415.0000 21850.0000  6.68%  80.1 1072s
 485623 224433 22523.2497   57  332 23415.0000 21850.0000  6.68%  80.2 1075s
 487980 225923 21925.3682   45  465 23415.0000 21850.0000  6.68%  80.3 1081s
 489750 226930 22334.7773   56  331 23415.0000 21850.0000  6.68%  80.5 1086s
 491041 228656 22052.9924   42  523 23415.0000 21850.0000  6.68%  80.6 1093s
 493173 229015 22047.0059   48  480 23415.0000 21850.0000  6.68%  80.7 1096s
 494308 230263 23148.0690   64  290 23415.0000 21850.0000  6.68%  80.8 1101s
 496204 230996 22173.0605   49  533 23415.0000 21850.0000  6.68%  80.9 1107s
 497991 232039 22513.6545   46  444 23415.0000 21850.0000  6.68%  81.0 1112s
 499276 232969 22031.9382   48  408 23415.0000 21850.0000  6.68%  81.2 1117s
 501506 234075     cutoff   67      23415.0000 21850.7927  6.68%  81.2 1121s
 502556 235339 23055.6002   67  250 23415.0000 21852.0633  6.67%  81.3 1126s
 504515 235922 22067.1451   54  483 23415.0000 21853.8163  6.67%  81.3 1131s
 506591 237260 22694.9558   59  394 23415.0000 21855.0971  6.66%  81.4 1136s
 507793 238196 21926.5773   50  446 23415.0000 21856.1909  6.66%  81.5 1140s
 509218 238772 22087.4121   49  432 23415.0000 21856.7106  6.66%  81.6 1145s
 511040 239728 infeasible   48      23415.0000 21857.2816  6.65%  81.6 1150s
 513590 241242 infeasible   77      23415.0000 21859.2303  6.64%  81.7 1157s
 514813 242013 23052.3202   67  388 23415.0000 21860.0000  6.64%  81.8 1161s
 516796 243107 infeasible   81      23415.0000 21861.5780  6.63%  81.9 1166s
 517915 244389 22589.1156   83  186 23415.0000 21862.0000  6.63%  81.9 1170s
 519810 245331 22376.7913   71  202 23415.0000 21862.9319  6.63%  82.0 1175s
 521846 246636 23170.2673   70  282 23415.0000 21864.3983  6.62%  82.0 1181s
 523394 247102 23010.1478   56  263 23415.0000 21865.6511  6.62%  82.1 1186s
 524548 248374 22625.0000   52  341 23415.0000 21866.6373  6.61%  82.2 1190s
 526569 249418 23114.5714   85  148 23415.0000 21868.0000  6.61%  82.2 1195s
 529277 250605 22501.5714   53  239 23415.0000 21869.7099  6.60%  82.3 1202s
 530256 251196 22778.9579   79  266 23415.0000 21869.7658  6.60%  82.4 1206s
 532096 252315 22488.3950   56  301 23415.0000 21870.9953  6.59%  82.5 1211s
 533207 253205 22110.4832   56  488 23415.0000 21872.0000  6.59%  82.6 1215s
 535814 254528 23144.0000   74  213 23415.0000 21873.3861  6.58%  82.6 1221s
 536764 255692 22067.0333   41  431 23415.0000 21874.3154  6.58%  82.7 1225s
 539087 256822 23246.0000   79  170 23415.0000 21875.5453  6.57%  82.7 1231s
 540526 257960 22774.0000   72  107 23415.0000 21876.2974  6.57%  82.8 1236s
 542363 258607     cutoff   77      23415.0000 21877.7969  6.57%  82.8 1240s
 544338 259339 23171.4080   55  431 23415.0000 21879.0000  6.56%  83.0 1247s
 545278 259897 22163.1446   49  301 23415.0000 21879.6669  6.56%  83.1 1251s
 546375 260996 23228.2088   69  271 23415.0000 21880.3106  6.55%  83.2 1256s
 548131 261668 22366.0746   56  335 23415.0000 21881.8331  6.55%  83.3 1261s
 549222 262389 22569.5474   52  391 23415.0000 21882.4932  6.54%  83.4 1266s
 551507 263793 22354.2575   52  384 23415.0000 21884.4265  6.54%  83.5 1271s
 552489 264726 22551.8750   51  294 23415.0000 21885.0413  6.53%  83.6 1276s
 554115 265398     cutoff   60      23415.0000 21886.4522  6.53%  83.6 1281s
 555625 266495 21887.6727   42  334 23415.0000 21887.5000  6.52%  83.7 1286s
 557597 267810 21945.5298   53  426 23415.0000 21887.5600  6.52%  83.7 1292s
 559779 269265 22418.5941   46  366 23415.0000 21887.7333  6.52%  83.7 1297s
 561981 270837 22500.3407   64  429 23415.0000 21887.8943  6.52%  83.7 1302s
 564067 272129 21938.0869   45  349 23415.0000 21888.0324  6.52%  83.8 1307s
 564616 273201 23156.2250   69  189 23415.0000 21888.0426  6.52%  83.8 1310s
 566748 274027 21888.2341   43  514 23415.0000 21888.2341  6.52%  83.8 1315s
 569318 276152 23096.0000   76  196 23415.0000 21888.2341  6.52%  83.9 1322s
 571015 277455 22998.8807   54  308 23415.0000 21888.8366  6.52%  83.9 1326s
 573050 278723 22209.6502   51  360 23415.0000 21889.0953  6.52%  83.9 1330s
 575968 280085 22889.1723   58  456 23415.0000 21889.5003  6.52%  83.9 1336s
 577076 281298 22892.6004   57  266 23415.0000 21889.6851  6.51%  83.9 1341s
 578710 281930 22382.3048   65  382 23415.0000 21890.0000  6.51%  83.9 1345s
 581348 283689 21912.6552   40  529 23415.0000 21890.2378  6.51%  83.9 1351s
 582408 284763 21909.0699   42  616 23415.0000 21890.4673  6.51%  84.0 1355s
 585128 286286 22079.8457   45  428 23415.0000 21890.6370  6.51%  84.0 1361s
 587027 287395 infeasible   47      23415.0000 21890.8638  6.51%  84.0 1366s
 588041 288554 22481.1337   58  389 23415.0000 21890.9389  6.51%  84.0 1370s
 589829 289713 21949.8628   53  430 23415.0000 21890.9389  6.51%  84.1 1375s
 592650 291157 22674.4545   50  310 23415.0000 21891.5700  6.51%  84.1 1381s
 593818 292070 22208.6598   38  541 23415.0000 21891.7815  6.51%  84.1 1385s
 596197 293497 21930.6320   46  487 23415.0000 21892.0371  6.50%  84.1 1390s
 598400 295436 22986.1786   54  239 23415.0000 21892.2141  6.50%  84.1 1396s
 600019 297283 21996.9929   45  455 23415.0000 21892.4633  6.50%  84.1 1403s
 602626 297621 22201.6824   56  288 23415.0000 21892.9425  6.50%  84.1 1405s
 604693 299060 21919.5449   43  561 23415.0000 21893.3445  6.50%  84.1 1411s
 606520 300198 infeasible   57      23415.0000 21893.5943  6.50%  84.2 1415s
 607978 301253 22013.4842   47  470 23415.0000 21893.9092  6.50%  84.2 1420s
 609180 302842 22145.2342   43  488 23415.0000 21894.1689  6.50%  84.2 1425s
 612590 304183 21919.2662   43  534 23415.0000 21894.7249  6.49%  84.2 1430s
 614653 305785 23169.2729   75  283 23415.0000 21895.1627  6.49%  84.2 1436s
 616137 306905 22062.8307   52  510 23415.0000 21895.4211  6.49%  84.2 1440s
 618388 307994 22841.8895   55  332 23415.0000 21895.8127  6.49%  84.3 1446s
 620181 309304 infeasible   68      23415.0000 21896.0336  6.49%  84.3 1450s
 623178 311096 22645.4854   57  511 23415.0000 21896.3589  6.49%  84.3 1456s
 624769 312565 22518.6097   75  194 23415.0000 21896.7318  6.48%  84.3 1462s
 625890 313568 21898.7235   34  477 23415.0000 21897.0723  6.48%  84.3 1465s
 627961 314545     cutoff   84      23415.0000 21897.4714  6.48%  84.3 1470s
 631132 316344 21897.6627   42  407 23415.0000 21897.6627  6.48%  84.3 1476s
 632988 317571 21963.4173   52  490 23415.0000 21897.9645  6.48%  84.3 1481s
 634659 318580 22847.0023   57  423 23415.0000 21898.6894  6.48%  84.3 1485s
 636693 319912 21947.4653   42  515 23415.0000 21899.2077  6.47%  84.4 1491s
 638086 320933 21948.1070   43  441 23415.0000 21899.4442  6.47%  84.5 1496s
 639676 322082 21915.4215   48  485 23415.0000 21899.7980  6.47%  84.5 1501s
 641678 323243 infeasible   98      23415.0000 21900.1140  6.47%  84.5 1506s
 643546 324432 22077.7451   57  310 23415.0000 21900.5287  6.47%  84.6 1511s
 645114 325540 22210.0014   49  448 23415.0000 21900.8709  6.47%  84.6 1516s
 647112 326839 22779.7778   70  252 23415.0000 21901.1272  6.47%  84.6 1521s
 649188 328146 21981.0103   46  516 23415.0000 21901.6574  6.46%  84.6 1526s
 650738 329074 23155.4726   56  217 23415.0000 21901.9223  6.46%  84.6 1530s
 652600 330251 23184.6092   90  126 23415.0000 21902.2734  6.46%  84.7 1535s
 655173 331807 infeasible   59      23415.0000 21902.6516  6.46%  84.6 1540s
 657466 333324 22234.8023   53  325 23415.0000 21902.8785  6.46%  84.6 1546s
 658976 334333 22002.4022   50  360 23415.0000 21903.0043  6.46%  84.7 1550s
 660778 335617 22284.3576   49  412 23415.0000 21903.2109  6.46%  84.7 1555s
 663062 337572 22126.9533   62  387 23415.0000 21903.6702  6.45%  84.7 1561s
 664762 338805     cutoff   53      23415.0000 21903.8833  6.45%  84.7 1565s
 667441 340025 infeasible   56      23415.0000 21904.1552  6.45%  84.7 1571s
 668011 341336 21904.2377   41  551 23415.0000 21904.1552  6.45%  84.7 1575s
 671095 342823 23132.0336   44  511 23415.0000 21904.6421  6.45%  84.7 1581s
 673229 343980 21945.3264   52  571 23415.0000 21904.6552  6.45%  84.7 1585s
 675745 346204 21953.0749   40  666 23415.0000 21904.7470  6.45%  84.7 1591s
 677606 347041 21914.4844   51  536 23415.0000 21904.8767  6.45%  84.7 1595s
 680175 348475 22115.5349   47  365 23415.0000 21904.9572  6.45%  84.7 1601s
 681945 349759 22063.9243   50  403 23415.0000 21905.0943  6.45%  84.6 1606s
 684409 351219 infeasible   43      23415.0000 21905.3351  6.45%  84.6 1610s
 686663 352771 21996.3734   57  531 23415.0000 21905.5186  6.45%  84.6 1616s
 688212 353620 22560.6160   62  433 23415.0000 21905.6193  6.45%  84.6 1620s
 690476 355501 22396.7501   56  311 23415.0000 21905.9035  6.44%  84.6 1626s
 692094 356735 22012.6226   44  377 23415.0000 21906.0885  6.44%  84.6 1630s
 693881 357839 22464.1729   62  282 23415.0000 21906.1785  6.44%  84.6 1635s
 696864 359345 22206.1385   48  544 23415.0000 21906.4407  6.44%  84.6 1641s
 697419 360272 22080.9955   39  518 23415.0000 21906.4980  6.44%  84.6 1645s
 700091 361586 22247.5239   67  200 23415.0000 21906.6202  6.44%  84.6 1650s
 702762 363138 22079.3685   56  286 23415.0000 21906.7237  6.44%  84.6 1655s
 704698 364867 22159.1015   56  415 23415.0000 21906.7906  6.44%  84.6 1661s
 706496 366048 21961.8883   52  457 23415.0000 21906.9951  6.44%  84.5 1665s
 709548 367785 21959.9938   42  504 23415.0000 21907.1919  6.44%  84.5 1671s
 711557 369113 infeasible   82      23415.0000 21907.3815  6.44%  84.5 1676s
 713889 370450 22143.9000   59  308 23415.0000 21907.5000  6.44%  84.4 1681s
 715155 371371 22142.0134   53  274 23415.0000 21907.5618  6.44%  84.4 1685s
 717201 372713 22898.1470   77  160 23415.0000 21907.6760  6.44%  84.4 1690s
 719505 374250 22060.8070   49  353 23415.0000 21907.7250  6.44%  84.5 1696s
 721194 375471 22042.2397   55  219 23415.0000 21907.8584  6.44%  84.5 1701s
 723077 376642 infeasible   48      23415.0000 21908.0110  6.44%  84.5 1705s
 725405 378809 22100.0413   48  581 23415.0000 21908.2819  6.43%  84.5 1711s
 727295 380086 23120.9279   63   89 23415.0000 21908.3691  6.43%  84.5 1717s
 728828 380477 22523.4877   50  311 23415.0000 21908.4724  6.43%  84.5 1720s
 731115 381836 22787.1104   89  155 23415.0000 21908.6602  6.43%  84.5 1725s
 733464 383510 21937.5024   41  493 23415.0000 21908.8155  6.43%  84.5 1731s
 735382 384712 22703.5687   47  461 23415.0000 21908.8946  6.43%  84.5 1736s
 737211 385893 23045.9515   57  404 23415.0000 21908.9939  6.43%  84.5 1741s
 738846 386987 22505.6323   57  469 23415.0000 21909.0801  6.43%  84.5 1745s
 741506 389087 23095.8534   45  345 23415.0000 21909.2426  6.43%  84.5 1752s
 743426 390188 22254.0721   81  140 23415.0000 21909.3566  6.43%  84.5 1755s
 745941 391467 infeasible   56      23415.0000 21909.5100  6.43%  84.5 1761s
 747577 392537 22565.9332   60  392 23415.0000 21909.5944  6.43%  84.5 1765s
 749854 394570 22952.0254   71  212 23415.0000 21909.6978  6.43%  84.4 1771s
 751658 396677 22056.6338   67  267 23415.0000 21909.7945  6.43%  84.4 1779s
 754413 396997 22060.6158   45  338 23415.0000 21909.9028  6.43%  84.4 1781s
 755444 397918 22291.3628   46  440 23415.0000 21910.0000  6.43%  84.4 1786s
 756901 399285 21929.8237   49  541 23415.0000 21910.0111  6.43%  84.4 1791s
 758894 400576 22142.3701   51  308 23415.0000 21910.1281  6.43%  84.5 1797s
 760867 401972 23324.7540   57  183 23415.0000 21910.2067  6.43%  84.5 1801s
 763054 403410 23297.0000   92   72 23415.0000 21910.3172  6.43%  84.4 1806s
 764919 404567 22417.3730   68  250 23415.0000 21910.4015  6.43%  84.4 1811s
 766787 405704 23126.5670   64  255 23415.0000 21910.4883  6.43%  84.4 1815s
 768360 406850 22018.3285   71  324 23415.0000 21910.4996  6.43%  84.4 1821s
 770236 407774 23174.2985   78  154 23415.0000 21910.6447  6.42%  84.4 1826s
 771637 409359     cutoff   87      23415.0000 21910.6817  6.42%  84.5 1832s
 774122 410434 22310.6204   72  226 23415.0000 21910.8564  6.42%  84.5 1837s
 775674 411785 22367.0000   73  174 23415.0000 21910.9713  6.42%  84.5 1842s
 777655 413018 infeasible   77      23415.0000 21911.0780  6.42%  84.5 1846s
 779462 413687 22274.6044   76  191 23415.0000 21911.1764  6.42%  84.4 1851s
 781213 414901 21911.6064   49  441 23415.0000 21911.3140  6.42%  84.4 1855s
 783239 416156 infeasible   62      23415.0000 21911.4132  6.42%  84.4 1860s
 785379 418150 22123.8992   51  373 23415.0000 21911.5464  6.42%  84.4 1866s
 787410 419917 22006.8647   41  538 23415.0000 21911.6064  6.42%  84.4 1872s
 789977 420738 22581.5536   71  203 23415.0000 21911.6917  6.42%  84.4 1876s
 791918 421892 infeasible   74      23415.0000 21911.7745  6.42%  84.4 1881s
 793549 422933 21931.9266   44  457 23415.0000 21911.8363  6.42%  84.4 1886s
 795302 424036 22808.9725   79  165 23415.0000 21911.9101  6.42%  84.4 1890s
 797369 425702 22881.5635   56  413 23415.0000 21912.0461  6.42%  84.4 1896s
 798909 426992 21912.2552   46  629 23415.0000 21912.1102  6.42%  84.4 1901s
 800666 428069 22490.3529   62  251 23415.0000 21912.1850  6.42%  84.4 1906s
 802159 429169 22260.2347   73  196 23415.0000 21912.2528  6.42%  84.4 1913s
 803465 430712 22564.1429   71  379 23415.0000 21912.3042  6.42%  84.5 1917s
 806513 431707 22107.3621   60  449 23415.0000 21912.4653  6.42%  84.4 1921s
 808012 433024 22456.6015   56  189 23415.0000 21912.5057  6.42%  84.5 1926s
 810028 434167 22148.5267   56  315 23415.0000 21912.6399  6.42%  84.4 1930s
 811621 435317 21914.0384   55  447 23415.0000 21912.6688  6.42%  84.5 1935s
 813631 436595 22407.9003   40  498 23415.0000 21912.7424  6.42%  84.5 1940s
 816625 438269     cutoff   63      23415.0000 21912.8520  6.42%  84.4 1947s
 817324 439148 infeasible   87      23415.0000 21912.8943  6.42%  84.5 1950s
 819397 440282 21928.3014   48  397 23415.0000 21912.9941  6.41%  84.5 1955s
 821072 441771 22506.7622   55  237 23415.0000 21913.0767  6.41%  84.5 1960s
 824568 443487 22272.3285   51  416 23415.0000 21913.2517  6.41%  84.4 1967s
 826622 444846 infeasible   87      23415.0000 21913.2724  6.41%  84.4 1971s
 828619 446217 infeasible   46      23415.0000 21913.3873  6.41%  84.3 1976s
 831338 448027 infeasible   59      23415.0000 21913.5403  6.41%  84.3 1982s
 831989 449069 22626.7936   82  205 23415.0000 21913.6090  6.41%  84.3 1985s
 834615 450513 22345.3128   53  436 23415.0000 21913.8242  6.41%  84.3 1992s
 836446 451786 21931.8241   46  514 23415.0000 21913.9119  6.41%  84.3 1996s
 838262 453029 21972.1429   50  410 23415.0000 21914.0146  6.41%  84.3 2001s
 840119 453905 22133.6279   64  326 23415.0000 21914.1111  6.41%  84.3 2006s
 841623 455018 21967.7282   58  477 23415.0000 21914.2287  6.41%  84.3 2010s
 843229 456070 22697.5458   54  187 23415.0000 21914.3456  6.41%  84.3 2015s
 845005 457224 22351.0690   45  524 23415.0000 21914.4844  6.41%  84.4 2020s
 846684 458560 infeasible   79      23415.0000 21914.4844  6.41%  84.4 2026s
 848680 459639 22289.3470   56  204 23415.0000 21914.6460  6.41%  84.4 2031s
 850561 460778 23359.0000   76  138 23415.0000 21914.7385  6.41%  84.4 2035s
 852223 461269 22182.8581   54  443 23415.0000 21914.8083  6.41%  84.4 2040s
 852504 462437 22977.1034   67  269 23415.0000 21914.8164  6.41%  84.4 2047s
 854364 463795 23330.4098   62  288 23415.0000 21914.9478  6.41%  84.5 2051s
 857827 465068 23000.0997   62  317 23415.0000 21915.0036  6.41%  84.4 2055s
 859778 466521 infeasible   66      23415.0000 21915.1778  6.41%  84.4 2060s
 861782 467864 21983.4713   42  539 23415.0000 21915.3244  6.40%  84.4 2065s
 864263 469458 22036.6705   50  454 23415.0000 21915.4343  6.40%  84.4 2071s
 866045 470644 21977.9648   46  468 23415.0000 21915.5302  6.40%  84.4 2075s
 868127 472060 21971.4582   56  298 23415.0000 21915.6550  6.40%  84.4 2082s
 870059 473197     cutoff  105      23415.0000 21915.7532  6.40%  84.4 2086s
 871559 474223 21998.6515   47  440 23415.0000 21915.8383  6.40%  84.4 2090s
 873163 475118 23118.7971   60  376 23415.0000 21915.9039  6.40%  84.4 2095s
 874560 475982 22209.3397   46  453 23415.0000 21916.0252  6.40%  84.4 2100s
 875719 477242 21940.1394   44  526 23415.0000 21916.1177  6.40%  84.4 2105s
 877662 478517 infeasible   79      23415.0000 21916.2161  6.40%  84.4 2110s
 879692 479852 22012.5117   46  392 23415.0000 21916.3148  6.40%  84.4 2115s
 881551 481158 22010.9158   54  379 23415.0000 21916.3980  6.40%  84.4 2120s
 884559 482297 21956.5734   40  645 23415.0000 21916.4981  6.40%  84.4 2125s
 885888 484040 22409.3827   49  425 23415.0000 21916.5599  6.40%  84.4 2132s
 887790 485274 22718.1050   66  284 23415.0000 21916.6505  6.40%  84.5 2136s
 889808 486472 22719.8284   66  334 23415.0000 21916.7287  6.40%  84.5 2141s
 891759 487630 22020.2857   41  510 23415.0000 21916.8218  6.40%  84.5 2146s
 893417 488790 22010.5044   55  290 23415.0000 21916.8885  6.40%  84.5 2150s
 895195 489634 22245.4339   42  652 23415.0000 21916.9548  6.40%  84.5 2156s
 896644 490818 22162.2895   48  474 23415.0000 21917.0160  6.40%  84.5 2160s
 898312 492304 22033.4756   59  325 23415.0000 21917.1179  6.40%  84.5 2166s
 900578 493520 21972.3939   45  525 23415.0000 21917.1900  6.40%  84.5 2171s
 902477 494307 22629.5708   36  634 23415.0000 21917.2733  6.40%  84.5 2177s
 902926 495179 21918.1302   50  523 23415.0000 21917.2763  6.40%  84.5 2182s
 904242 496251 22304.4041   54  519 23415.0000 21917.3354  6.40%  84.5 2186s
 907417 497583 21997.3837   49  423 23415.0000 21917.4650  6.40%  84.5 2191s
 907948 498384 22184.8020   62  362 23415.0000 21917.5079  6.40%  84.5 2195s
 910862 499847 22077.4002   50  398 23415.0000 21917.6356  6.39%  84.5 2200s
 912584 500999 21918.0914   55  553 23415.0000 21917.7049  6.39%  84.5 2205s
 914352 502244 22312.5255   44  574 23415.0000 21917.8086  6.39%  84.5 2210s
 916569 503635 23370.8441   78  166 23415.0000 21917.8706  6.39%  84.5 2215s
 918468 504854 22854.5356   55  404 23415.0000 21917.9982  6.39%  84.5 2220s
 920444 506445 22464.1341   56  323 23415.0000 21918.1084  6.39%  84.5 2227s
 922316 507730 22012.7217   43  544 23415.0000 21918.1832  6.39%  84.5 2232s
 924114 508274 23230.8000   93  149 23415.0000 21918.2989  6.39%  84.5 2235s
 926071 509948 22416.4636   73  261 23415.0000 21918.4411  6.39%  84.5 2241s
 927762 510951 22919.9441   47  403 23415.0000 21918.5465  6.39%  84.5 2246s
 929342 512145 22362.1779   54  344 23415.0000 21918.6360  6.39%  84.5 2250s
 931617 513164 22015.6538   48  378 23415.0000 21918.7457  6.39%  84.5 2256s
 933337 514261 22484.0953   58  273 23415.0000 21918.8186  6.39%  84.5 2260s
 935484 516112 21997.7642   60  404 23415.0000 21918.9543  6.39%  84.5 2266s
 937099 517319 23057.0000   67  152 23415.0000 21919.0587  6.39%  84.5 2271s
 938871 518585 22616.3214   87  185 23415.0000 21919.1018  6.39%  84.5 2276s
 941743 520025 22542.1061   50  302 23415.0000 21919.2457  6.39%  84.5 2281s
 943617 521323 21919.6500   46  468 23415.0000 21919.3216  6.39%  84.4 2285s
 945534 522506 21953.7287   62  459 23415.0000 21919.4543  6.39%  84.4 2290s
 947401 524060 22397.4648   82  172 23415.0000 21919.5270  6.39%  84.4 2296s
 948822 525254 22061.5257   49  480 23415.0000 21919.6137  6.39%  84.4 2300s
 951475 526649 23230.1201   57  378 23415.0000 21919.7763  6.39%  84.4 2306s
 952864 527242     cutoff   81      23415.0000 21919.7950  6.39%  84.4 2311s
 953408 527737 21920.0166   57  440 23415.0000 21919.7950  6.39%  84.5 2315s
 956029 529243 22411.7986   48  368 23415.0000 21919.9694  6.38%  84.5 2321s
 957394 530729 23260.0121   82  180 23415.0000 21920.0671  6.38%  84.5 2327s
 959414 531764 22080.8234   73  336 23415.0000 21920.0671  6.38%  84.5 2332s
 960585 532122     cutoff   85      23415.0000 21920.1747  6.38%  84.5 2335s
 962545 533423 22102.3645   52  402 23415.0000 21920.3031  6.38%  84.5 2340s
 965035 535497 22560.3140   80  177 23415.0000 21920.4162  6.38%  84.5 2347s
 966823 536705 22650.2836   64  316 23415.0000 21920.4842  6.38%  84.5 2352s
 968443 537795 22858.8321   53  315 23415.0000 21920.5623  6.38%  84.5 2356s
 970224 538445 21997.3812   59  292 23415.0000 21920.6552  6.38%  84.5 2361s
 971696 539356 infeasible   51      23415.0000 21920.7258  6.38%  84.5 2365s
 973541 540549 22923.2596   86  174 23415.0000 21920.8179  6.38%  84.5 2370s
 974742 541743 23321.2069   69   92 23415.0000 21920.9036  6.38%  84.5 2375s
 976511 543075 22247.0998   58  334 23415.0000 21920.9601  6.38%  84.5 2381s
 978488 544161 22721.2677   70  279 23415.0000 21921.0576  6.38%  84.5 2386s
 980332 545289 22001.2065   53  452 23415.0000 21921.1552  6.38%  84.5 2390s
 982003 546833 22745.8230   68  218 23415.0000 21921.2002  6.38%  84.5 2396s
 984428 547855 21985.6713   54  403 23415.0000 21921.3103  6.38%  84.5 2401s
 985981 549267 23038.0000   90   56 23415.0000 21921.3616  6.38%  84.5 2406s
 988321 550331 22473.9703   62  330 23415.0000 21921.4722  6.38%  84.5 2411s
 989882 551175 22252.0488   45  456 23415.0000 21921.5227  6.38%  84.5 2416s
 991610 552397 22159.1315   52  231 23415.0000 21921.5936  6.38%  84.5 2421s
 993792 553569 21931.0319   57  437 23415.0000 21921.6865  6.38%  84.5 2425s
 995106 554963 23012.0000   80  129 23415.0000 21921.7689  6.38%  84.5 2430s
 997132 556616 23289.3581   84  176 23415.0000 21921.8325  6.38%  84.5 2437s
 999547 557284 22608.2224   64  306 23415.0000 21921.9545  6.38%  84.5 2441s
 1001421 558635 22050.4473   43  461 23415.0000 21922.0312  6.38%  84.5 2446s
 1003551 559917 21927.3768   50  587 23415.0000 21922.1057  6.38%  84.5 2451s
 1004284 560343 23262.7497   65  273 23415.0000 21922.1463  6.38%  84.5 2455s
 1007031 562072 21925.3441   53  439 23415.0000 21922.2785  6.38%  84.5 2462s
 1008505 563053 21944.9871   62  435 23415.0000 21922.3373  6.37%  84.5 2467s
 1009181 563807 23320.7319   67  245 23415.0000 21922.3798  6.37%  84.5 2470s
 1011114 565084 21927.3619   48  489 23415.0000 21922.4674  6.37%  84.5 2475s
 1012916 566264 22184.0181   71  196 23415.0000 21922.5196  6.37%  84.5 2480s
 1015660 567559 infeasible   68      23415.0000 21922.6605  6.37%  84.4 2487s
 1016216 568156 22065.3192   65  350 23415.0000 21922.6627  6.37%  84.4 2490s
 1017785 569434 22101.9532   57  397 23415.0000 21922.6965  6.37%  84.4 2495s
 1019556 570668 23018.6754   47  260 23415.0000 21922.7796  6.37%  84.4 2500s
 1022723 572108 21922.9547   41  629 23415.0000 21922.8649  6.37%  84.4 2507s
 1024030 572905 22192.4752   54  387 23415.0000 21922.9715  6.37%  84.4 2512s
 1024560 573788 22055.5384   63  304 23415.0000 21923.0140  6.37%  84.4 2515s
 1026428 574924 22089.0443   46  502 23415.0000 21923.0794  6.37%  84.4 2522s
 1027685 575691 21954.2670   54  563 23415.0000 21923.1159  6.37%  84.4 2525s
 1029558 577143 22218.2985   72  206 23415.0000 21923.2241  6.37%  84.5 2532s
 1031158 577627 21999.2891   54  422 23415.0000 21923.2671  6.37%  84.5 2535s
 1033083 578811 infeasible   78      23415.0000 21923.3615  6.37%  84.5 2540s
 1034898 579970 22024.5103   57  518 23415.0000 21923.4884  6.37%  84.5 2546s
 1037272 581570 22293.7002   50  460 23415.0000 21923.5954  6.37%  84.4 2552s
 1038094 582341 21980.3059   53  490 23415.0000 21923.6363  6.37%  84.4 2555s
 1040023 583543 22333.2875   70  223 23415.0000 21923.7182  6.37%  84.4 2561s
 1041764 584974 21995.7079   53  432 23415.0000 21923.7844  6.37%  84.4 2567s
 1043420 585360 23391.9362   74  261 23415.0000 21923.9044  6.37%  84.4 2570s
 1045129 586416 22654.5631   58  372 23415.0000 21924.0047  6.37%  84.4 2575s
 1046170 587573 21958.9866   51  368 23415.0000 21924.0685  6.37%  84.5 2582s
 1047378 588076 22045.5723   48  382 23415.0000 21924.1152  6.37%  84.5 2585s
 1049702 589366 21958.2906   50  299 23415.0000 21924.1585  6.37%  84.5 2591s
 1051637 590604 22089.3995   45  431 23415.0000 21924.2391  6.37%  84.4 2596s
 1053657 591713 22664.2415   53  380 23415.0000 21924.3499  6.37%  84.4 2601s
 1054107 592986 22808.7160   43  380 23415.0000 21924.3925  6.37%  84.4 2606s
 1056654 594845 22322.1844   68  232 23415.0000 21924.4920  6.37%  84.4 2613s
 1058921 595100 23229.4313   51  356 23415.0000 21924.5579  6.37%  84.4 2615s
 1061343 596610 22132.1233   49  406 23415.0000 21924.6515  6.36%  84.4 2622s
 1062920 597759 21970.0560   52  471 23415.0000 21924.7161  6.36%  84.4 2627s
 1064862 598944 21942.8679   46  481 23415.0000 21924.7410  6.36%  84.4 2631s
 1066252 599854 infeasible  101      23415.0000 21924.8446  6.36%  84.4 2636s
 1068090 600812 infeasible   60      23415.0000 21924.8790  6.36%  84.4 2641s
 1069197 602270 21945.8593   64  404 23415.0000 21924.9603  6.36%  84.4 2646s
 1071162 603497 23311.7071   74  269 23415.0000 21925.0262  6.36%  84.4 2654s
 1072882 604624 22813.4723   70  261 23415.0000 21925.0591  6.36%  84.4 2658s
 1074551 605018 22835.4076   55  323 23415.0000 21925.1164  6.36%  84.4 2661s
 1076213 606072 22042.5807   49  438 23415.0000 21925.1606  6.36%  84.4 2666s
 1077665 607118 22116.9515   52  301 23415.0000 21925.2529  6.36%  84.4 2672s
 1078386 608079 22892.4790   86  287 23415.0000 21925.2812  6.36%  84.4 2675s
 1080554 609476 21988.0598   55  415 23415.0000 21925.3682  6.36%  84.4 2681s
 1082632 610812 22783.8821   70  266 23415.0000 21925.4119  6.36%  84.4 2687s
 1084581 611978 22963.6984   62  246 23415.0000 21925.4750  6.36%  84.4 2692s
 1085714 612379 22948.5789   80  181 23415.0000 21925.4991  6.36%  84.4 2695s
 1088663 614209 infeasible   86      23415.0000 21925.5667  6.36%  84.4 2701s
 1089991 615486 22981.2593   85  189 23415.0000 21925.5895  6.36%  84.4 2706s
 1091921 616609 21933.4941   41  552 23415.0000 21925.6251  6.36%  84.3 2711s
 1093547 617751 21927.0011   47  554 23415.0000 21925.6848  6.36%  84.3 2716s
 1095294 618896 22004.7511   47  358 23415.0000 21925.7342  6.36%  84.3 2721s
 1097088 619535 23154.5357   73  192 23415.0000 21925.7828  6.36%  84.3 2726s
 1098863 620527 infeasible   84      23415.0000 21925.8399  6.36%  84.4 2731s
 1100224 621926 22024.1625   59  318 23415.0000 21925.8641  6.36%  84.4 2737s
 1102125 622963 23145.4426   71  192 23415.0000 21925.8898  6.36%  84.3 2741s
 1103714 623523 22845.3399   56  447 23415.0000 21925.9261  6.36%  84.4 2746s
 1104212 624924 22316.9737   62  328 23415.0000 21925.9594  6.36%  84.4 2751s
 1107083 625615 22713.0000   82  218 23415.0000 21926.0137  6.36%  84.4 2757s
 1107754 626697 21955.5813   52  612 23415.0000 21926.0434  6.36%  84.4 2760s
 1110094 627570 22554.6671   52  493 23415.0000 21926.1080  6.36%  84.4 2766s
 1112141 629032 22955.0000   69  245 23415.0000 21926.1594  6.36%  84.4 2771s
 1113749 630177 22023.4827   50  387 23415.0000 21926.1918  6.36%  84.4 2777s
 1115513 631167 22980.0000   90  171 23415.0000 21926.2377  6.36%  84.4 2783s
 1116614 632353 23067.1303   68  163 23415.0000 21926.3119  6.36%  84.4 2787s
 1118474 632780 22378.0057   52  409 23415.0000 21926.3593  6.36%  84.4 2790s
 1120681 634201 21955.8504   43  417 23415.0000 21926.4375  6.36%  84.4 2797s
 1122970 635427 infeasible   63      23415.0000 21926.5139  6.36%  84.4 2802s
 1123652 636194 22030.1477   61  206 23415.0000 21926.5154  6.36%  84.4 2806s
 1125617 637329 22629.4103   54  427 23415.0000 21926.5549  6.36%  84.4 2811s
 1127383 638792 22202.2114   50  246 23415.0000 21926.6111  6.36%  84.4 2817s
 1129009 639176 23092.3665   74  165 23415.0000 21926.6380  6.36%  84.4 2820s
 1130276 640853 21989.7882   50  416 23415.0000 21926.6861  6.36%  84.4 2826s
 1132680 641586 21954.2791   47  621 23415.0000 21926.7516  6.36%  84.4 2831s
 1134956 643000 21994.0992   44  621 23415.0000 21926.8144  6.36%  84.4 2837s
 1135530 643401 22251.9166   49  455 23415.0000 21926.8316  6.36%  84.4 2840s
 1137524 644598 22101.6120   58  438 23415.0000 21926.8898  6.36%  84.4 2845s
 1139670 646118 21992.8997   56  469 23415.0000 21926.9486  6.36%  84.4 2851s
 1141654 647249 22188.1857   54  383 23415.0000 21926.9767  6.36%  84.4 2856s
 1143629 648525 23213.9643   80  208 23415.0000 21927.0083  6.35%  84.4 2861s
 1145443 649577 23194.2784   94  121 23415.0000 21927.0743  6.35%  84.4 2866s
 1146505 650948 23233.0000   73  186 23415.0000 21927.0897  6.35%  84.4 2872s
 1147974 651355 22525.0862   77  200 23415.0000 21927.1306  6.35%  84.4 2875s
 1149917 652577 21960.9646   51  315 23415.0000 21927.2017  6.35%  84.4 2880s
 1151498 653878 22400.2169   49  332 23415.0000 21927.2471  6.35%  84.4 2885s
 1153082 654936 22570.4063   90  215 23415.0000 21927.3048  6.35%  84.4 2891s
 1154405 656354 22330.6334   56  398 23415.0000 21927.3592  6.35%  84.4 2902s
 1156394 657567 22102.6958   55  385 23415.0000 21927.4068  6.35%  84.5 2906s
 1158515 658075 23184.4818   77  181 23415.0000 21927.4728  6.35%  84.4 2910s
 1161109 659721 infeasible   75      23415.0000 21927.5503  6.35%  84.5 2916s
 1162727 660825 21964.8333   53  481 23415.0000 21927.6220  6.35%  84.5 2921s
 1164444 661522 22138.4371   51  469 23415.0000 21927.6845  6.35%  84.5 2927s
 1165200 662371 23341.0000   75  121 23415.0000 21927.6947  6.35%  84.5 2930s
 1167055 663595 22417.3945   71  445 23415.0000 21927.7410  6.35%  84.5 2936s
 1169206 664866 22088.6000   53  239 23415.0000 21927.8104  6.35%  84.5 2941s
 1171150 665412 23302.0000   85  129 23415.0000 21927.8523  6.35%  84.4 2946s
 1171596 665957 23225.1213   56  253 23415.0000 21927.8651  6.35%  84.5 2950s
 1172520 666371 22176.0000   68   98 23415.0000 21927.8830  6.35%  84.5 2955s
 1174360 667512 21929.0323   48  627 23415.0000 21927.9138  6.35%  84.5 2963s
 1174991 668856     cutoff   69      23415.0000 21927.9395  6.35%  84.5 2968s
 1177052 669136 infeasible   70      23415.0000 21928.0085  6.35%  84.4 2972s
 1177455 669466 22198.7728   68  258 23415.0000 21928.0266  6.35%  84.4 2976s
 1179183 670516 21982.9523   59  365 23415.0000 21928.1134  6.35%  84.4 2982s
 1179746 670835 23012.8113   71  223 23415.0000 21928.1273  6.35%  84.4 2985s
 1181696 672158 21974.7648   49  364 23415.0000 21928.1899  6.35%  84.4 2992s
 1182341 673085 22130.4603   62  293 23415.0000 21928.2208  6.35%  84.4 2995s
 1184317 673808     cutoff   68      23415.0000 21928.3028  6.35%  84.4 3000s
 1186162 674853 21944.6220   54  431 23415.0000 21928.3922  6.35%  84.4 3006s
 1187696 675858 22609.1796   52  444 23415.0000 21928.4636  6.35%  84.4 3011s
 1189567 676834 22079.4954   54  483 23415.0000 21928.5161  6.35%  84.4 3018s
 1190086 677473 infeasible   69      23415.0000 21928.5523  6.35%  84.4 3023s
 1191191 678827 22380.7940   93  160 23415.0000 21928.5693  6.35%  84.4 3029s
 1193167 679177 22141.5556   51  422 23415.0000 21928.5693  6.35%  84.4 3032s
 1193743 679746 21954.8170   47  427 23415.0000 21928.5693  6.35%  84.4 3037s
 1194705 680097 21928.5693   52  422 23415.0000 21928.5693  6.35%  84.4 3041s
 1195261 681006 21928.5693   50  415 23415.0000 21928.5693  6.35%  84.4 3046s
 1196581 681349 infeasible   67      23415.0000 21928.7056  6.35%  84.4 3050s
 1197194 681820 22087.1142   42  363 23415.0000 21928.7528  6.35%  84.4 3056s
 1197973 682889 23327.1281   70  100 23415.0000 21928.7723  6.35%  84.4 3060s
 1199547 683271 21949.9619   51  444 23415.0000 21928.8066  6.35%  84.4 3065s
 1201365 684334 infeasible   71      23415.0000 21928.8903  6.35%  84.4 3073s
 1201941 685094 23054.0000   68  197 23415.0000 21928.9127  6.35%  84.4 3077s
 1203245 685548 22362.3430   55  488 23415.0000 21928.9567  6.35%  84.4 3081s
 1203992 686004 21956.8774   52  369 23415.0000 21928.9771  6.35%  84.4 3085s
 1205610 686832 22174.5361   58  489 23415.0000 21928.9970  6.35%  84.4 3092s
 1206374 687281 22086.7047   45  414 23415.0000 21929.0153  6.35%  84.5 3095s
 1208652 688690 22049.8974   52  371 23415.0000 21929.0917  6.35%  84.5 3102s
 1209247 689170 22138.3444   49  534 23415.0000 21929.1229  6.35%  84.5 3106s
 1210023 690143 22020.2559   53  465 23415.0000 21929.1340  6.35%  84.5 3110s
 1212112 691518 22574.1185   51  473 23415.0000 21929.2170  6.35%  84.5 3116s
 1213548 691935 23149.5678   44  549 23415.0000 21929.2517  6.35%  84.5 3120s
 1215575 693322 22023.2026   57  351 23415.0000 21929.3135  6.35%  84.5 3127s
 1216331 694156 22036.9756   49  420 23415.0000 21929.3476  6.34%  84.5 3131s
 1218331 695662 21978.9177   53  557 23415.0000 21929.4269  6.34%  84.5 3137s
 1219873 696049 22250.5069   55  474 23415.0000 21929.4481  6.34%  84.5 3140s
 1220481 697434 21952.7384   58  412 23415.0000 21929.4658  6.34%  84.5 3146s
 1223067 698067 infeasible   73      23415.0000 21929.5293  6.34%  84.4 3151s
 1224255 699292 22044.3868   56  558 23415.0000 21929.5586  6.34%  84.4 3157s
 1225482 699723 22437.4500   60  197 23415.0000 21929.5810  6.34%  84.4 3160s
 1226995 701139 22358.1309   62  224 23415.0000 21929.6361  6.34%  84.5 3167s
 1228417 701507 22504.8918   59  443 23415.0000 21929.6684  6.34%  84.5 3170s
 1230571 702835 infeasible   74      23415.0000 21929.7274  6.34%  84.5 3177s
 1231170 703573 22038.7363   56  514 23415.0000 21929.7442  6.34%  84.5 3180s
 1232999 705064 22097.5738   58  392 23415.0000 21929.8069  6.34%  84.5 3187s
 1234601 705319 22017.7441   53  355 23415.0000 21929.8546  6.34%  84.5 3190s
 1235042 706374 23405.2143   60  184 23415.0000 21929.8705  6.34%  84.5 3197s
 1236672 707671     cutoff   81      23415.0000 21929.9180  6.34%  84.5 3203s
 1238663 708297 22079.6490   55  519 23415.0000 21929.9642  6.34%  84.5 3206s
 1239694 708705 22077.6405   41  437 23415.0000 21929.9974  6.34%  84.5 3210s
 1240959 710246 22300.8313   57  261 23415.0000 21930.0691  6.34%  84.5 3216s
 1242704 710716 22479.8667   69  221 23415.0000 21930.1158  6.34%  84.4 3220s
 1244839 712030 22015.5663   60  246 23415.0000 21930.1730  6.34%  84.4 3227s
 1246522 713016 22366.2238   69  176 23415.0000 21930.2353  6.34%  84.4 3233s
 1247202 713717 21931.1001   45  521 23415.0000 21930.2420  6.34%  84.4 3236s
 1249003 714635 21961.9223   52  474 23415.0000 21930.2867  6.34%  84.4 3242s
 1249757 715487 22944.0000   53  219 23415.0000 21930.3023  6.34%  84.4 3245s
 1251536 716428 22053.8135   61  249 23415.0000 21930.3349  6.34%  84.4 3250s
 1253057 717371 22200.9846   56  543 23415.0000 21930.3947  6.34%  84.4 3255s
 1254620 718625 22051.0839   55  447 23415.0000 21930.4532  6.34%  84.4 3262s
 1255964 718896 22013.6736   54  486 23415.0000 21930.5272  6.34%  84.4 3269s
 1256390 719823 22314.5842   53  444 23415.0000 21930.5434  6.34%  84.4 3280s
 1257873 721081 22892.7917   59  238 23415.0000 21930.6058  6.34%  84.4 3287s
 1259807 721491 22124.9839   55  524 23415.0000 21930.6748  6.34%  84.4 3292s
 1260436 721942 22195.7287   66  385 23415.0000 21930.6915  6.34%  84.4 3297s
 1261296 722718 21972.0605   42  588 23415.0000 21930.7166  6.34%  84.4 3301s
 1262650 723211 infeasible   44      23415.0000 21930.7523  6.34%  84.4 3306s
 1263456 724288 21989.7885   53  426 23415.0000 21930.7922  6.34%  84.4 3312s
 1265148 724586 23095.1806   67  317 23415.0000 21930.8312  6.34%  84.4 3317s
 1265690 725169 21997.2446   50  498 23415.0000 21930.8773  6.34%  84.4 3322s
 1266852 726285 23322.0000   83  114 23415.0000 21930.9023  6.34%  84.5 3330s
 1269297 727703 22720.4376   67  226 23415.0000 21930.9786  6.34%  84.5 3338s
 1270845 728138 22763.6323   52  323 23415.0000 21931.0444  6.34%  84.4 3341s
 1271541 728769 infeasible   70      23415.0000 21931.0650  6.34%  84.4 3345s
 1273449 729807 22383.3118   43  270 23415.0000 21931.1343  6.34%  84.4 3352s
 1274172 730690 23284.3179   70  186 23415.0000 21931.1477  6.34%  84.5 3355s
 1276233 731509 22043.7086   51  347 23415.0000 21931.2485  6.34%  84.4 3362s
 1276911 732513 21972.9185   70  464 23415.0000 21931.2756  6.34%  84.5 3367s
 1278509 733125 22010.8981   51  521 23415.0000 21931.2947  6.34%  84.4 3371s
 1279406 733924 22966.2311   77  232 23415.0000 21931.3194  6.34%  84.4 3377s
 1280709 734317 22175.0526   60  416 23415.0000 21931.3685  6.34%  84.4 3382s
 1281370 735763 22882.0581   69  291 23415.0000 21931.3940  6.34%  84.4 3388s
 1283584 736221 22434.1730   46  539 23415.0000 21931.4482  6.34%  84.4 3391s
 1284831 737092 22033.8987   50  468 23415.0000 21931.4885  6.34%  84.4 3398s
 1285600 737876 22045.0298   50  262 23415.0000 21931.4950  6.34%  84.4 3402s
 1286798 738250 22114.8797   48  447 23415.0000 21931.5438  6.34%  84.4 3406s
 1288506 739316 21957.1261   47  402 23415.0000 21931.5513  6.34%  84.4 3413s
 1289180 740166 21952.6570   47  479 23415.0000 21931.5787  6.34%  84.4 3417s
 1290532 740528 22104.5200   62  353 23415.0000 21931.6419  6.34%  84.4 3421s
 1291125 741301 23085.8412   65  233 23415.0000 21931.6804  6.33%  84.4 3426s
 1292752 742004 21999.5376   54  327 23415.0000 21931.7311  6.33%  84.4 3433s
 1293410 742723 22136.3214   68  269 23415.0000 21931.7423  6.33%  84.4 3437s
 1294742 743107 21968.0668   51  287 23415.0000 21931.7634  6.33%  84.4 3443s
 1295564 743681 21941.1472   48  405 23415.0000 21931.7851  6.33%  84.4 3447s
 1296475 744591 22184.4968   61  146 23415.0000 21931.7851  6.33%  84.4 3451s
 1297980 745014 22923.7923   53  381 23415.0000 21931.8290  6.33%  84.4 3455s
 1299988 746325 23055.4286   56  288 23415.0000 21931.8787  6.33%  84.4 3462s
 1300630 747089 22278.2574   49  422 23415.0000 21931.8913  6.33%  84.4 3467s
 1301807 747403 infeasible   83      23415.0000 21931.9090  6.33%  84.4 3471s
 1302357 748086 22140.6923   61  349 23415.0000 21931.9342  6.33%  84.4 3475s
 1304163 749045 23215.3576   43  497 23415.0000 21931.9759  6.33%  84.4 3484s
 1305051 749544 22970.0000   82  154 23415.0000 21931.9989  6.33%  84.4 3489s
 1305800 750469 21963.3490   56  358 23415.0000 21932.0111  6.33%  84.4 3493s
 1307155 750749 22070.0126   68  452 23415.0000 21932.0522  6.33%  84.4 3497s
 1307603 751965 22930.7369   64  284 23415.0000 21932.0715  6.33%  84.4 3505s
 1309518 752900 22058.1084   44  542 23415.0000 21932.0882  6.33%  84.4 3510s
 1311478 753931 22816.7949   68  388 23415.0000 21932.1736  6.33%  84.4 3520s
 1312621 755261 21945.2396   62  610 23415.0000 21932.1977  6.33%  84.4 3526s
 1314743 755786 22056.2128   55  626 23415.0000 21932.2711  6.33%  84.4 3531s
 1315518 756742 22185.0683   58  475 23415.0000 21932.2944  6.33%  84.4 3535s
 1317332 757404 22991.0000   71  346 23415.0000 21932.3417  6.33%  84.4 3543s
 1318033 758315 23109.1807   81  180 23415.0000 21932.3496  6.33%  84.4 3547s
 1319407 758752 infeasible   99      23415.0000 21932.3936  6.33%  84.4 3552s
 1320067 759580 22357.0000   64  311 23415.0000 21932.4135  6.33%  84.4 3556s
 1321383 760078 22848.1265   70  215 23415.0000 21932.4610  6.33%  84.4 3560s
 1323296 761302 22028.4103   45  397 23415.0000 21932.5142  6.33%  84.4 3568s
 1323986 762277 22140.0191   50  396 23415.0000 21932.5257  6.33%  84.4 3572s
 1325542 762754 infeasible   68      23415.0000 21932.5715  6.33%  84.4 3576s
 1326255 763632 23304.2020   83   68 23415.0000 21932.5739  6.33%  84.4 3581s
 1327592 764023 21950.5195   54  488 23415.0000 21932.6264  6.33%  84.4 3585s
 1328982 765414 infeasible   57      23415.0000 21932.6602  6.33%  84.4 3594s
 1330462 765904 23049.2447   67  263 23415.0000 21932.7156  6.33%  84.4 3599s
 1331226 766157 22500.5357   69  178 23415.0000 21932.7518  6.33%  84.4 3600s

Cutting planes:
  Learned: 155
  Gomory: 14
  Cover: 167
  Implied bound: 38
  Clique: 187
  MIR: 107
  StrongCG: 10
  Flow cover: 3
  Network: 4
  RLT: 20
  Relax-and-lift: 24

Explored 1331567 nodes (112421852 simplex iterations) in 3617.36 seconds (3983.11 work units)
Thread count was 8 (of 8 available processors)

Solution count 6: 23415 23430 26631 ... 26743

Time limit reached
Best objective 2.341500000000e+04, best bound 2.193275648472e+04, gap 6.3303%

User-callback calls 2665573, time in user-callback 4.78 sec

Statistics for modelBNB_BSNH_BSAL_BPHD:
  Linear constraint matrix    : 21339 Constrs, 8010 Vars, 78947 NZs
  Variable types              : 2735 Continuous,
5275 Integer (1117 Binary)
  Matrix coefficient range    : [ 1, 200 ]
  Objective coefficient range : [ 1, 382 ]
  Variable bound range        : [ 1, 199 ]
  RHS coefficient range       : [ 1, 549 ]
