
Gurobi 10.0.1 (mac64[arm]) logging started Sun Apr  7 14:59:48 2024

Set parameter LogFile to value "/Users/deniserings/Documents/zib/s-bahn-data/scripts/DeniseMA/processed/BWKS_medium_september/Branching/BWKS_medium_september_other alternatives_subMBP202404071201.log"
Gurobi Optimizer version 10.0.1 build v10.0.1rc0 (mac64[arm])

CPU model: Apple M2
Thread count: 8 physical cores, 8 logical processors, using up to 8 threads

Optimize a model with 9848 rows, 4887 columns and 48726 nonzeros
Model fingerprint: 0xdabfac56
Variable types: 1864 continuous, 3023 integer (825 binary)
Coefficient statistics:
  Matrix range     [1e+00, 2e+02]
  Objective range  [1e+00, 4e+02]
  Bounds range     [1e+00, 2e+02]
  RHS range        [1e+00, 5e+02]

Loaded user MIP start with objective 9484

Presolve removed 3854 rows and 1401 columns
Presolve time: 0.09s
Presolved: 5994 rows, 3486 columns, 33154 nonzeros
Found heuristic solution: objective 9483.9998138
Variable types: 1175 continuous, 2311 integer (2311 binary)

Root relaxation: objective 8.450000e+03, 1845 iterations, 0.02 seconds (0.05 work units)

    Nodes    |    Current Node    |     Objective Bounds      |     Work
 Expl Unexpl |  Obj  Depth IntInf | Incumbent    BestBd   Gap | It/Node Time

     0     0 8449.99981    0  109 9483.99981 8449.99981  10.9%     -    0s
     0     0 8449.99981    0  156 9483.99981 8449.99981  10.9%     -    0s
     0     0 8449.99981    0  155 9483.99981 8449.99981  10.9%     -    0s
     0     0 8449.99981    0   49 9483.99981 8449.99981  10.9%     -    0s
     0     0 8449.99981    0   54 9483.99981 8449.99981  10.9%     -    0s
     0     0 8449.99981    0   47 9483.99981 8449.99981  10.9%     -    1s
     0     0 8449.99981    0   70 9483.99981 8449.99981  10.9%     -    1s
     0     0 8449.99981    0   61 9483.99981 8449.99981  10.9%     -    1s
     0     0 8449.99981    0   60 9483.99981 8449.99981  10.9%     -    1s
     0     0 8449.99981    0   48 9483.99981 8449.99981  10.9%     -    1s
     0     0 8449.99981    0   66 9483.99981 8449.99981  10.9%     -    1s
     0     0 8449.99981    0   44 9483.99981 8449.99981  10.9%     -    2s
     0     0 8449.99981    0   64 9483.99981 8449.99981  10.9%     -    2s
     0     0 8449.99981    0   49 9483.99981 8449.99981  10.9%     -    2s
     0     0 8449.99981    0   37 9483.99981 8449.99981  10.9%     -    2s
H    0     0                    9483.9997656 8449.99981  10.9%     -    2s
     0     2 8449.99981    0   35 9483.99977 8449.99981  10.9%     -    2s
H  725   652                    9483.9997287 8449.99981  10.9%  28.6    4s
H  726   652                    9483.9995722 8449.99981  10.9%  28.6    4s
H  727   644                    9280.9998138 8449.99981  8.95%  28.5    4s
H  758   889                    9280.9997723 8449.99981  8.95%  28.3    4s
H  780   889                    9280.9995771 8449.99981  8.95%  28.2    4s
H  864   886                    9257.9998138 8449.99981  8.73%  27.2    4s
H 1049   878                    9235.9998138 8449.99981  8.51%  25.2    4s
  1055  1011 9049.15981   13   82 9235.99981 8449.99981  8.51%  25.2    5s
H 1075  1011                    9235.9997233 8449.99981  8.51%  25.2    5s
H 1096  1011                    9235.9997041 8449.99981  8.51%  25.0    5s
H 1097  1010                    9231.9998138 8449.99981  8.47%  25.0    5s
H 1117   985                    9151.9997668 8449.99981  7.67%  25.0    5s
H 1236  1011                    9122.9998138 8449.99981  7.38%  24.3    5s
H 1739  1272                    9122.9997652 8449.99981  7.38%  23.4    9s
  1743  1275 8964.01387   45   41 9122.99977 8449.99981  7.38%  23.4   10s
H 1743  1211                    8894.9998138 8449.99981  5.00%  23.4   10s
H 1746  1152                    8880.9998138 8449.99981  4.85%  23.4   10s
H 1747  1094                    8855.9998138 8449.99981  4.58%  23.3   11s
H 1748  1040                    8843.9998138 8449.99981  4.45%  23.3   11s
H 1752   991                    8843.9997380 8449.99981  4.45%  23.3   12s
H 1960  1064                    8826.9998138 8449.99981  4.27%  38.3   13s
H 1966  1014                    8780.9998138 8449.99981  3.77%  38.3   13s
H 2014  1006                    8780.9997768 8449.99981  3.77%  38.3   14s
  2165  1144 8481.99981   37   44 8780.99978 8449.99981  3.77%  37.7   15s
H 3027  1525                    8780.9997378 8449.99981  3.77%  37.5   16s
H 3477  1673                    8777.9998138 8449.99981  3.74%  37.1   17s
H 4510  2301                    8777.9997687 8449.99981  3.74%  35.3   19s
H 4513  2301                    8777.9997403 8449.99981  3.74%  35.3   19s
  4852  2660 8662.28858  160   72 8777.99974 8449.99981  3.74%  34.6   20s
H 4866  2660                    8777.9995833 8449.99981  3.74%  34.6   20s
H 4874  2652                    8770.9998138 8449.99981  3.66%  34.6   20s
H 5993  3635                    8770.9997572 8450.06392  3.66%  33.0   21s
H 6010  3635                    8770.9997085 8450.06392  3.66%  33.0   21s
H 7094  4502                    8770.9995475 8450.06392  3.66%  32.2   23s
  8602  5935 8641.99981  117  103 8770.99955 8450.06392  3.66%  32.4   25s
 11012  7608     cutoff  169      8770.99955 8450.06392  3.66%  31.8   30s
H11034  7529                    8765.9996494 8450.06392  3.60%  31.8   30s
 15924 11870 8569.99981   66   83 8765.99965 8455.99981  3.54%  30.2   35s
H16075 11870                    8765.9996279 8455.99981  3.54%  30.3   35s
 20909 16286 infeasible   71      8765.99963 8455.99981  3.54%  30.0   40s
 25036 19728 8469.99981   42   66 8765.99963 8455.99981  3.54%  30.7   45s
 30296 22893 8693.99981   53   83 8765.99963 8455.99981  3.54%  30.8   56s
H30306 22893                    8765.9996112 8455.99981  3.54%  30.8   56s
 30327 29011 8693.99981   56   81 8765.99961 8455.99981  3.54%  30.8   63s
 39200 30665 infeasible  149      8765.99961 8455.99981  3.54%  30.5   65s
 45419 35482 8633.71482   77   77 8765.99961 8455.99981  3.54%  30.5   70s
 50113 38658 8463.99981   51   78 8765.99961 8455.99981  3.54%  30.6   75s
 56685 43242 8663.64471  110   66 8765.99961 8455.99981  3.54%  30.7   80s
H61145 45965                    8765.9995766 8455.99981  3.54%  30.9   84s
 61541 47070 8463.99981   57   79 8765.99958 8455.99981  3.54%  31.0   85s
H63562 47903                    8765.9995448 8455.99981  3.54%  31.0   86s
 65545 49790 8720.99981   76   95 8765.99954 8455.99981  3.54%  31.0   90s
H66521 49790                    8765.9995314 8455.99981  3.54%  30.9   90s
 68954 52119 8515.99981   79   84 8765.99953 8455.99981  3.54%  31.0   95s
H69916 52119                    8765.9994054 8455.99981  3.54%  31.0   95s
 74827 56458 8599.26774   39  121 8765.99941 8455.99981  3.54%  31.0  100s
 81606 61129 8567.99981   73   79 8765.99941 8455.99981  3.54%  30.9  105s
 87136 64710 8741.99981  164   81 8765.99941 8455.99981  3.54%  30.9  111s
H87700 64710                    8765.9993944 8455.99981  3.54%  30.9  111s
 90030 66859 8724.12934  150   69 8765.99939 8455.99981  3.54%  30.9  115s
 96072 70834 8727.99981   87   79 8765.99939 8455.99981  3.54%  31.0  121s
 100465 74485 8501.54237   73   97 8765.99939 8455.99981  3.54%  31.1  126s
 103640 76582 8691.99981  132   49 8765.99939 8455.99981  3.54%  31.3  130s
 108527 80330 8591.99981   75  108 8765.99939 8455.99981  3.54%  31.4  135s
 114171 83622 8650.87879  206   47 8765.99939 8455.99981  3.54%  31.5  140s
 119927 87667 8741.14981   81   87 8765.99939 8455.99981  3.54%  31.3  146s
 124474 91107 8653.33315  159   80 8765.99939 8455.99981  3.54%  31.5  151s
 129618 94524 8636.60384   64   93 8765.99939 8455.99981  3.54%  31.6  155s
 133989 97471 8481.99981   59  107 8765.99939 8455.99981  3.54%  31.7  160s
 138401 100052 8456.65199   63  101 8765.99939 8455.99981  3.54%  31.7  165s
 143760 103060 8704.99981  116   81 8765.99939 8455.99981  3.54%  31.8  170s
 149841 107055 8667.99981   61   84 8765.99939 8455.99981  3.54%  31.7  175s
 154663 109645 8573.99981   87   81 8765.99939 8455.99981  3.54%  31.8  180s
 158750 112587 8614.00270   83   77 8765.99939 8455.99981  3.54%  31.8  185s
 165050 116423 8488.17870  102  118 8765.99939 8455.99981  3.54%  31.9  190s
 169691 119600     cutoff  103      8765.99939 8455.99981  3.54%  31.9  195s
 176085 123548 8649.99981   88   90 8765.99939 8455.99981  3.54%  31.9  201s
H178835 124993                    8765.9993596 8455.99981  3.54%  31.9  203s
H179192 124993                    8765.9976090 8455.99981  3.54%  31.9  203s
 181069 126595     cutoff   97      8765.99761 8455.99981  3.54%  31.9  205s
 185558 129456 infeasible   88      8765.99761 8455.99981  3.54%  32.0  210s
H189812 131504                    8765.9975014 8455.99981  3.54%  32.0  213s
 190885 132923 8505.99981   73  101 8765.99750 8455.99981  3.54%  32.1  215s
 196297 136110 8603.87157  104  100 8765.99750 8455.99981  3.54%  32.2  220s
 202061 139875 8489.99981   63   84 8765.99750 8455.99981  3.54%  32.2  225s
 206454 142056 infeasible  100      8765.99750 8455.99981  3.54%  32.2  230s
 211683 145718 8455.99981   57   82 8765.99750 8455.99981  3.54%  32.2  236s
 216675 148498 8735.37303  168   60 8765.99750 8455.99981  3.54%  32.3  240s
 221799 151746 8692.64365   80   77 8765.99750 8455.99981  3.54%  32.3  245s
 226720 154366 8607.99981   68   80 8765.99750 8455.99981  3.54%  32.3  250s
 232208 157666 8561.99981   75  101 8765.99750 8455.99981  3.54%  32.3  255s
 236414 160025 infeasible   64      8765.99750 8455.99981  3.54%  32.3  260s
 242633 163345     cutoff   67      8765.99750 8455.99981  3.54%  32.4  266s
 247153 165783 8555.99981   65   73 8765.99750 8455.99981  3.54%  32.5  271s
 250139 167486 infeasible   90      8765.99750 8455.99981  3.54%  32.5  275s
 256361 170814 8685.72135   72   89 8765.99750 8455.99981  3.54%  32.5  281s
 261212 173496 8683.99981  106  102 8765.99750 8455.99981  3.54%  32.6  285s
 266247 176068 8642.99981   75   59 8765.99750 8455.99981  3.54%  32.6  290s
 272324 180298 8584.20145  114   72 8765.99750 8455.99981  3.54%  32.6  296s
 277984 183520 8495.99981   65   84 8765.99750 8455.99981  3.54%  32.6  300s
 284007 187045 infeasible   62      8765.99750 8455.99981  3.54%  32.5  305s
 290072 190908 8583.99981  146   73 8765.99750 8455.99981  3.54%  32.5  310s
 295989 194033 8623.99981   94   86 8765.99750 8455.99981  3.54%  32.4  315s
 301221 198387     cutoff   84      8765.99750 8455.99981  3.54%  32.4  320s
 307388 202342 8495.99981   68   84 8765.99750 8455.99981  3.54%  32.3  325s
 311659 205415 8752.99981  104   50 8765.99750 8455.99981  3.54%  32.3  330s
 317191 209676 8701.99981   80   68 8765.99750 8455.99981  3.54%  32.3  336s
 322566 211959 8575.99981   95   69 8765.99750 8455.99981  3.54%  32.3  340s
 327227 215674     cutoff   85      8765.99750 8455.99981  3.54%  32.3  345s
 333819 219622 8455.99981   67   96 8765.99750 8455.99981  3.54%  32.3  350s
 339824 223332 8717.99981   59   88 8765.99750 8455.99981  3.54%  32.3  355s
 345008 227068 8660.71609   89   91 8765.99750 8455.99981  3.54%  32.3  360s
 350497 229962 8542.99981   58   93 8765.99750 8455.99981  3.54%  32.2  365s
 355421 233607 infeasible  119      8765.99750 8455.99981  3.54%  32.2  370s
 361481 237049 8683.74550  122   66 8765.99750 8455.99981  3.54%  32.2  376s
 366458 239829 8641.99981   91   87 8765.99750 8455.99981  3.54%  32.2  380s
 372467 243681     cutoff   97      8765.99750 8455.99981  3.54%  32.3  385s
 376733 247412 8548.99981   57   92 8765.99750 8455.99981  3.54%  32.3  391s
 381629 249808 8628.85812   96   83 8765.99750 8455.99981  3.54%  32.3  395s
 388167 253709 8541.99981   57   92 8765.99750 8455.99981  3.54%  32.3  401s
 392711 256633 8707.99981   77   77 8765.99750 8455.99981  3.54%  32.4  406s
 398483 259631 8607.99981   68   73 8765.99750 8455.99981  3.54%  32.4  410s
 404408 263535 8487.99981   66   75 8765.99750 8455.99981  3.54%  32.3  415s
 409912 267009 8709.27521  128   64 8765.99750 8455.99981  3.54%  32.3  420s
 415836 270993 8579.99981   92   60 8765.99750 8455.99981  3.54%  32.3  425s
 420097 273895 8667.99981   73   79 8765.99750 8455.99981  3.54%  32.3  430s
 426663 277255     cutoff   66      8765.99750 8455.99981  3.54%  32.4  436s
 429824 279238 8680.99981   82   59 8765.99750 8455.99981  3.54%  32.4  440s
 434400 282370 8595.99981   74   90 8765.99750 8455.99981  3.54%  32.4  446s
 437010 283537 infeasible  145      8765.99750 8455.99981  3.54%  32.4  450s
 440082 285962 8482.60860   75   93 8765.99750 8455.99981  3.54%  32.4  455s
 444264 288379     cutoff   68      8765.99750 8455.99981  3.54%  32.4  460s
 447796 290319 infeasible  129      8765.99750 8455.99981  3.54%  32.4  465s
 451026 292268 8613.10873  107   79 8765.99750 8455.99981  3.54%  32.4  471s
 453216 294055 infeasible  116      8765.99750 8455.99981  3.54%  32.4  475s
 458090 296414 8626.00270   93   72 8765.99750 8455.99981  3.54%  32.4  480s
 463040 299741 8609.99981   69  107 8765.99750 8455.99981  3.54%  32.4  486s
 466179 301570 8638.99981   75   81 8765.99750 8455.99981  3.54%  32.4  491s
 470041 304033 8704.86912   97   96 8765.99750 8455.99981  3.54%  32.4  495s
 472925 305882 8535.99981   73   87 8765.99750 8455.99981  3.54%  32.4  501s
H475846 307241                    8765.9973855 8455.99981  3.54%  32.4  505s
 480024 310220 8667.99981   76   63 8765.99739 8455.99981  3.54%  32.4  511s
 482787 311929 8721.99981  104   66 8765.99739 8455.99981  3.54%  32.4  515s
 487787 314234 8713.99981  109   88 8765.99739 8455.99981  3.54%  32.4  520s
 490617 316329 8547.08528   82   76 8765.99739 8455.99981  3.54%  32.4  525s
 494532 318056 8456.01387   71  104 8765.99739 8455.99981  3.54%  32.4  532s
 495599 319646 8710.99981  108   84 8765.99739 8455.99981  3.54%  32.4  535s
 499836 322225 8736.99981  112   75 8765.99739 8455.99981  3.54%  32.4  540s
 504180 325087 8619.99981   76   76 8765.99739 8455.99981  3.54%  32.4  546s
 507921 327459 infeasible   75      8765.99739 8455.99981  3.54%  32.4  550s
 511231 329683 8665.99981   81   73 8765.99739 8455.99981  3.54%  32.4  555s
 514974 332173 8549.99981   51   86 8765.99739 8455.99981  3.54%  32.4  560s
 518278 334074     cutoff   86      8765.99739 8455.99981  3.54%  32.4  565s
 522111 336718 infeasible  122      8765.99739 8455.99981  3.54%  32.5  570s
 525546 339043 infeasible   89      8765.99739 8455.99981  3.54%  32.5  575s
 529504 341315 infeasible  155      8765.99739 8455.99981  3.54%  32.5  580s
 533172 344374 8676.18230  118   74 8765.99739 8455.99981  3.54%  32.5  585s
 537399 346699 8593.99981   81  101 8765.99739 8455.99981  3.54%  32.5  591s
 540654 349326 8728.99981  123   78 8765.99739 8455.99981  3.54%  32.5  596s
 544807 351870 infeasible   98      8765.99739 8455.99981  3.54%  32.5  600s
 547741 354229 8497.99981  111   66 8765.99739 8455.99981  3.54%  32.5  605s

Cutting planes:
  Gomory: 7
  Cover: 13
  Implied bound: 8
  Clique: 3
  MIR: 7
  StrongCG: 1
  Flow cover: 24
  RLT: 11
  Relax-and-lift: 8

Explored 549232 nodes (17884000 simplex iterations) in 605.48 seconds (433.05 work units)
Thread count was 8 (of 8 available processors)

Solution count 10: 8766 8766 8766 ... 8766

Solve interrupted
Best objective 8.765997385483e+03, best bound 8.455999813791e+03, gap 3.5364%

User-callback calls 1266475, time in user-callback 4.99 sec

Statistics for modelBWKS_medium_september:
  Linear constraint matrix    : 9848 Constrs, 4887 Vars, 48726 NZs
  Variable types              : 1864 Continuous,
3023 Integer (825 Binary)
  Matrix coefficient range    : [ 1, 200 ]
  Objective coefficient range : [ 1, 396 ]
  Variable bound range        : [ 1, 199 ]
  RHS coefficient range       : [ 1, 549 ]
