
Gurobi 10.0.1 (mac64[arm]) logging started Fri Mar 29 21:48:42 2024

Set parameter LogFile to value "/Users/deniserings/Documents/zib/s-bahn-data/scripts/DeniseMA/processed/BNB_BSNH_BSAL_BPHD/RINS/BNB_BSNH_BSAL_BPHD_202403292026_other alternatives_0.9.log"
Gurobi Optimizer version 10.0.1 build v10.0.1rc0 (mac64[arm])

CPU model: Apple M2
Thread count: 8 physical cores, 8 logical processors, using up to 8 threads

Optimize a model with 21245 rows, 8010 columns and 80714 nonzeros
Model fingerprint: 0xd21eff03
Variable types: 2735 continuous, 5275 integer (1117 binary)
Coefficient statistics:
  Matrix range     [1e+00, 4e+02]
  Objective range  [1e+00, 4e+02]
  Bounds range     [1e+00, 2e+02]
  RHS range        [1e+00, 2e+04]

User MIP start did not produce a new incumbent solution
User MIP start violates constraint objective_cutoff by 246.750000000

Presolve removed 9521 rows and 2523 columns
Presolve time: 0.13s
Presolved: 11724 rows, 5487 columns, 48961 nonzeros
Variable types: 1539 continuous, 3948 integer (3948 binary)

Root relaxation: objective 2.027400e+04, 3035 iterations, 0.02 seconds (0.03 work units)

    Nodes    |    Current Node    |     Objective Bounds      |     Work
 Expl Unexpl |  Obj  Depth IntInf | Incumbent    BestBd   Gap | It/Node Time

     0     0 20274.0000    0  275          - 20274.0000      -     -    0s
Another try with MIP start
     0     0 20354.7001    0  702          - 20354.7001      -     -    0s
     0     0 20354.7001    0  650          - 20354.7001      -     -    0s
     0     0 20427.8240    0  735          - 20427.8240      -     -    0s
     0     0 20428.0868    0  666          - 20428.0868      -     -    0s
     0     0 20428.0868    0  668          - 20428.0868      -     -    0s
     0     0 20454.3288    0  652          - 20454.3288      -     -    0s
     0     0 20454.3288    0  704          - 20454.3288      -     -    0s
     0     0 20454.5060    0  762          - 20454.5060      -     -    0s
     0     0 20455.3666    0  624          - 20455.3666      -     -    0s
     0     0 20455.3666    0  651          - 20455.3666      -     -    0s
     0     0 20455.3666    0  629          - 20455.3666      -     -    1s
     0     0 20455.3666    0  660          - 20455.3666      -     -    1s
     0     0 20455.4921    0  551          - 20455.4921      -     -    1s
     0     0 20455.4921    0  559          - 20455.4921      -     -    1s
     0     0 20456.2596    0  602          - 20456.2596      -     -    1s
     0     0 20456.6418    0  610          - 20456.6418      -     -    1s
     0     0 20456.6418    0  590          - 20456.6418      -     -    1s
     0     0 20544.0000    0  626          - 20544.0000      -     -    1s
     0     0 20544.0000    0  663          - 20544.0000      -     -    1s
     0     0 20544.0000    0  639          - 20544.0000      -     -    1s
     0     0 20544.0000    0  312          - 20544.0000      -     -    1s
     0     2 20544.0000    0  261          - 20544.0000      -     -    2s
  2863  2603 21230.0000   81  375          - 20611.5391      -  25.4    5s
  3549  3109 21110.9084   54  241          - 20714.6896      -  18.4   10s
 11786  7817 21835.0000  121  286          - 20816.9689      -  21.9   15s
H16137 10859                    24091.250000 20839.2827  13.5%  22.4   17s
H16141 10797                    23676.000000 20839.2827  12.0%  22.4   18s
H16141 10773                    23624.000000 20839.2827  11.8%  22.4   18s
H16160 10772                    23623.000000 20839.2827  11.8%  22.4   18s
H16167 10746                    23608.000000 20839.2827  11.7%  22.4   18s
H17788 12052                    23595.000000 20850.0743  11.6%  23.1   19s
H18288 12599                    23516.000000 20850.0743  11.3%  23.6   19s
 18562 12721 22244.7760  158  110 23516.0000 20850.5131  11.3%  23.8   20s
H18619 12694                    23478.000000 20850.5131  11.2%  23.8   20s
H18735 12666                    23469.000000 20854.0079  11.1%  24.0   20s
H20800 14468                    23464.000000 20866.6216  11.1%  25.4   21s
H21403 14822                    23448.000000 20866.6216  11.0%  25.8   23s
H21424 14803                    23441.000000 20866.6216  11.0%  25.8   23s
 23005 17032 21373.6439   44  380 23441.0000 20873.3455  11.0%  26.8   25s
 29185 20836 21380.6856   59  312 23441.0000 20890.0940  10.9%  28.5   35s
 29198 20845 21384.6439   42  358 23441.0000 20890.0940  10.9%  28.4   40s
 29207 20851 21663.7017   59  603 23441.0000 20890.0940  10.9%  28.4   45s
H29210 19809                    23431.000000 20890.0940  10.8%  28.4   48s
H29212 18819                    23430.000000 20890.0940  10.8%  28.4   50s
 29217 18822 21426.0000   86  607 23430.0000 20890.0940  10.8%  28.4   55s
H29219 17883                    23423.000000 20890.0940  10.8%  28.4   58s
 29223 17885 22215.5544   70  463 23423.0000 20890.0940  10.8%  28.4   60s
H29223 16990                    23416.000000 20890.0940  10.8%  28.4   60s
 29229 16994 21264.0000   71  515 23416.0000 20890.0940  10.8%  28.4   65s
 29240 17002 22672.7222  117  349 23416.0000 20890.0940  10.8%  28.4   70s
 29261 17016 21559.5305   55  574 23416.0000 20890.0940  10.8%  28.4   75s
 29278 17027 21389.5544   73  354 23416.0000 20890.0940  10.8%  28.4   80s
 29296 17039 21705.6144   45  367 23416.0000 20890.0940  10.8%  28.4   85s
 29373 17098 20890.0940   26  423 23416.0000 20890.0940  10.8%  35.2   90s
 29942 17452 21422.1491   57  267 23416.0000 20890.0940  10.8%  35.6   95s
 31238 18035 21783.5000   71  292 23416.0000 20890.0940  10.8%  37.0  100s
 33648 19155 21956.2136  100  321 23416.0000 20890.0940  10.8%  38.5  105s
 36822 20642 20907.1062   31  451 23416.0000 20890.0940  10.8%  39.8  110s
 39706 21922 infeasible   37      23416.0000 20890.0940  10.8%  41.3  115s
 41607 23419 21033.7554   39  500 23416.0000 20890.0940  10.8%  42.8  120s
 43725 24370 21097.3758   53  473 23416.0000 20890.0940  10.8%  43.9  125s
 45624 25092 21016.2484   43  651 23416.0000 20890.0940  10.8%  44.6  130s
 48478 26468 20912.5787   33  703 23416.0000 20890.0940  10.8%  45.6  135s
 51525 27061 21118.6327   51  599 23416.0000 20890.2435  10.8%  46.4  140s
 52971 28324 21451.3044   82  356 23416.0000 20890.3086  10.8%  46.6  145s
 56109 29158 infeasible   64      23416.0000 20893.0635  10.8%  47.2  150s
 57999 30444 infeasible  104      23416.0000 20894.1644  10.8%  48.0  155s
 59651 32047 20903.2849   51  684 23416.0000 20895.0612  10.8%  48.5  161s
 62504 32243 21896.4694   62  339 23416.0000 20896.1102  10.8%  49.0  165s
 65233 33075 21489.5634   57  348 23416.0000 20897.3631  10.8%  49.5  171s
 67228 34176 22926.9401  106  268 23416.0000 20897.5878  10.8%  49.9  175s
H69296 33451                    23403.000000 20897.8853  10.7%  50.4  179s
 69365 33528 20897.8853   37  609 23403.0000 20897.8853  10.7%  50.4  181s
 70100 34802 21054.8331   39  471 23403.0000 20898.0997  10.7%  50.7  185s
 73877 35525 20914.5995   33  679 23403.0000 20898.9525  10.7%  51.0  191s
 74265 37647 21607.5856   68  473 23403.0000 20899.4716  10.7%  51.2  196s
 77574 37156 21210.3971   44  495 23403.0000 20900.3971  10.7%  51.5  200s
 79481 38414 22158.9991   51  517 23403.0000 20900.5857  10.7%  51.8  205s
 81688 40405 22422.6994   67  419 23403.0000 20901.1932  10.7%  52.2  211s
 83423 41483 22457.7684   61  359 23403.0000 20901.1936  10.7%  52.3  216s
 85391 43345 21106.5510   43  635 23403.0000 20901.9383  10.7%  52.6  220s
 88477 44789 23350.8648   99  226 23403.0000 20902.6930  10.7%  52.9  226s
 88877 46687 22535.7574   63  394 23403.0000 20902.6930  10.7%  53.1  230s
 92570 47720 23114.0956   73  303 23403.0000 20902.6930  10.7%  53.2  237s
 94849 49185 21128.7559   44  579 23403.0000 20902.6930  10.7%  53.2  241s
 95974 50206 21201.4911   35  546 23403.0000 20904.2625  10.7%  53.5  245s
 98031 51727 infeasible   69      23403.0000 20904.3511  10.7%  53.7  250s
 100472 53924 21714.8931   71  281 23403.0000 20904.4334  10.7%  54.0  257s
 102169 55373 23068.1353   89  152 23403.0000 20904.4887  10.7%  54.1  261s
 104137 57608 22843.8078   65  369 23403.0000 20904.6284  10.7%  54.3  268s
 106846 57974 22976.3405   95  268 23403.0000 20904.8129  10.7%  54.3  271s
 108219 59559 22784.0716   62  221 23403.0000 20904.9224  10.7%  54.6  276s
 110457 61216 21399.5103   55  481 23403.0000 20904.9224  10.7%  54.8  281s
 112660 61727 21149.5717   53  600 23403.0000 20904.9484  10.7%  55.0  287s
 113692 63562 21348.2515   57  398 23403.0000 20905.0940  10.7%  55.2  292s
 115795 64845 22921.7683   71  252 23403.0000 20905.3224  10.7%  55.3  297s
 117982 65781 21063.0804   54  610 23403.0000 20905.6457  10.7%  55.6  302s
 118682 66978 21103.6802   39  687 23403.0000 20905.6457  10.7%  55.8  305s
 122369 68953 20905.7306   45  533 23403.0000 20905.7306  10.7%  56.0  312s
 123057 70049 21103.1070   64  475 23403.0000 20905.7306  10.7%  56.2  315s
 125143 71131 22306.9438   50  558 23403.0000 20905.7306  10.7%  56.3  320s
 127574 72721 21263.8781   54  515 23403.0000 20905.7306  10.7%  56.4  326s
 129338 74213 22701.9468   69  280 23403.0000 20905.7306  10.7%  56.6  332s
H129507 73899                    23378.000000 20905.7306  10.6%  56.6  332s
 130591 74555 20910.0616   50  589 23378.0000 20905.7306  10.6%  56.6  335s
 132369 76221 22850.2377   76  344 23378.0000 20905.7306  10.6%  56.8  341s
 134668 78672 23346.4375   90  305 23378.0000 20905.7564  10.6%  57.0  348s
 137468 79138 22760.1954   74  364 23378.0000 20905.7564  10.6%  57.2  351s
 139041 80381 23157.1048  103  211 23378.0000 20905.7564  10.6%  57.4  357s
 140109 81426 23119.3439   85  198 23378.0000 20905.7564  10.6%  57.5  360s
 142497 82635 22654.4004   73  295 23378.0000 20906.0624  10.6%  57.7  366s
 143972 83694 23297.7825  104  278 23378.0000 20906.0780  10.6%  57.9  372s
 144937 84931 21135.9317   40  466 23378.0000 20906.1682  10.6%  58.0  376s
 147581 86484 20938.2466   37  593 23378.0000 20906.2429  10.6%  58.3  382s
 149090 86746 20940.7235   43  563 23378.0000 20906.2466  10.6%  58.4  386s
 149409 88705 22610.5188   46  454 23378.0000 20906.2466  10.6%  58.5  395s
 154469 91052 20906.7690   42  679 23378.0000 20906.6505  10.6%  58.9  403s
 155373 91873 22079.5408   90  242 23378.0000 20906.6763  10.6%  59.0  407s
 156460 92725 20957.2473   51  620 23378.0000 20906.6763  10.6%  59.2  410s
 158814 94989 22221.8658   55  470 23378.0000 20906.6763  10.6%  59.3  418s
 160894 95987 22508.0365   60  487 23378.0000 20906.6763  10.6%  59.4  422s
 162276 96560 20942.1218   47  619 23378.0000 20906.7963  10.6%  59.5  425s
 164794 98069 infeasible   57      23378.0000 20906.8465  10.6%  59.7  432s
 165356 99557 22572.7554   71  352 23378.0000 20906.8465  10.6%  59.9  438s
 167378 100800 20995.9681   47  647 23378.0000 20906.8474  10.6%  60.1  443s
 169232 101489 23165.8867   73  272 23378.0000 20906.9963  10.6%  60.1  447s
 170211 102490 21341.7037   42  603 23378.0000 20907.1008  10.6%  60.3  451s
 171650 103169 22626.4668   74  369 23378.0000 20907.1450  10.6%  60.5  455s
 174448 105097 22581.4211   53  393 23378.0000 20907.4337  10.6%  60.8  464s
 175298 105826 20955.0012   47  615 23378.0000 20907.4537  10.6%  60.8  468s
 176396 106779 20993.0388   35  620 23378.0000 20907.5346  10.6%  61.0  472s
 177876 107349 20949.7859   37  676 23378.0000 20907.5540  10.6%  61.1  476s
 178937 108369 22398.3932   62  338 23378.0000 20907.5554  10.6%  61.3  481s
 181144 110121 infeasible   55      23378.0000 20907.7381  10.6%  61.5  489s
 183003 110810 21236.8563   44  571 23378.0000 20907.9847  10.6%  61.6  492s
 183903 111933 23257.0000   76  173 23378.0000 20908.1347  10.6%  61.7  496s
 185577 112622 infeasible   62      23378.0000 20908.1963  10.6%  61.8  500s
 187739 113866 20936.9951   34  701 23378.0000 20908.4377  10.6%  62.0  508s
 188456 114506 21036.6432   43  606 23378.0000 20908.4783  10.6%  62.2  512s
 189397 115311 22177.3614   46  469 23378.0000 20908.5675  10.6%  62.4  515s
 191708 117895 20948.2998   46  761 23378.0000 20908.9224  10.6%  62.7  523s
 194480 118166 infeasible   50      23378.0000 20908.9837  10.6%  62.6  528s
 194856 118726 21525.0089   45  415 23378.0000 20908.9837  10.6%  62.6  531s
 195654 119475 22861.1676   72  275 23378.0000 20909.0096  10.6%  62.7  535s
 196925 120927 22068.9050   47  586 23378.0000 20909.1263  10.6%  62.8  540s
 199823 122175 22959.1806   70  326 23378.0000 20909.2614  10.6%  63.2  548s
 200899 122750 21181.1908   41  626 23378.0000 20909.2614  10.6%  63.4  552s
 201775 123398     cutoff   83      23378.0000 20909.2777  10.6%  63.6  556s
 202646 124691 21229.2131   42  604 23378.0000 20909.3113  10.6%  63.8  561s
 204627 125514 21108.2657   45  433 23378.0000 20909.4164  10.6%  63.9  565s
 205746 126671 23039.9624   67  339 23378.0000 20909.4493  10.6%  64.0  570s
 208312 127954 21201.1306   57  508 23378.0000 20909.5173  10.6%  64.3  577s
 209280 128630 20985.5173   44  397 23378.0000 20909.5173  10.6%  64.4  580s
 211244 130476 22478.2353  114  136 23378.0000 20909.8200  10.6%  64.6  589s
H212103 130022                    23365.000000 20909.8974  10.5%  64.7  589s
 212761 130507 23048.4453  105  270 23365.0000 20909.9407  10.5%  64.7  593s
 213539 131318 23247.7337   83  207 23365.0000 20910.0409  10.5%  64.8  597s
 214654 132702 21913.9138   36  615 23365.0000 20910.2027  10.5%  65.0  601s
 216631 133487 20959.2302   39  659 23365.0000 20910.2318  10.5%  65.1  605s
 219494 135410 infeasible   59      23365.0000 20910.4250  10.5%  65.3  612s
 220366 136074 21204.4903   46  700 23365.0000 20910.5587  10.5%  65.4  616s
 221329 136691 23230.1603   95  227 23365.0000 20910.6561  10.5%  65.5  620s
 223277 138477 22340.2680   62  413 23365.0000 20910.6763  10.5%  65.7  628s
 224682 139057 23335.2974   75  255 23365.0000 20910.7963  10.5%  65.8  631s
 225440 139188 22944.1052   69  309 23365.0000 20910.7980  10.5%  65.9  637s
 225629 140506 20913.3301   36  569 23365.0000 20910.7980  10.5%  65.9  644s
 227356 142076 20954.7980   34  580 23365.0000 20910.8069  10.5%  66.1  649s
 229688 143016     cutoff   42      23365.0000 20910.9100  10.5%  66.2  653s
 230851 144221 23107.1110   87  232 23365.0000 20910.9149  10.5%  66.3  657s
 232595 144783 22275.5853   45  477 23365.0000 20910.9152  10.5%  66.4  660s
 234297 146250 21386.6497   60  342 23365.0000 20911.3050  10.5%  66.6  668s
 235516 146930 21076.1442   45  686 23365.0000 20911.3643  10.5%  66.6  672s
 236441 148211 23195.5581   85  245 23365.0000 20911.5896  10.5%  66.8  675s
 238292 148787 infeasible  139      23365.0000 20911.7157  10.5%  66.7  680s
 239798 151124 22819.2213   65  304 23365.0000 20911.7157  10.5%  66.9  689s
 242457 151705 20947.6175   40  595 23365.0000 20911.7157  10.5%  67.0  693s
 243334 152354 20963.2057   36  553 23365.0000 20911.7157  10.5%  67.0  697s
 244402 152997     cutoff  106      23365.0000 20911.7157  10.5%  67.1  701s
 245396 154130 20965.8886   40  630 23365.0000 20911.8665  10.5%  67.2  705s
 248214 156582     cutoff   81      23365.0000 20911.9557  10.5%  67.4  713s
 250332 157305     cutoff   65      23365.0000 20912.1274  10.5%  67.4  717s
 251370 158105 23238.5304   95  171 23365.0000 20912.1274  10.5%  67.4  721s
 253510 160071 21204.6431   44  651 23365.0000 20912.1584  10.5%  67.5  728s
 255137 160632 21067.1354   50  580 23365.0000 20912.2996  10.5%  67.5  732s
 255913 161799 22636.4210   62  434 23365.0000 20912.4194  10.5%  67.6  736s
 257753 162480 20990.3050   35  757 23365.0000 20912.4905  10.5%  67.7  740s
 259747 164264 infeasible   59      23365.0000 20912.7133  10.5%  67.9  747s
 261386 164975     cutoff   68      23365.0000 20912.7858  10.5%  67.9  751s
 262313 165947 23215.2000   96  264 23365.0000 20912.8942  10.5%  68.0  755s
 264584 167319 21645.7606   46  641 23365.0000 20913.2614  10.5%  68.2  762s
 265651 168230 21922.4722   45  677 23365.0000 20913.3325  10.5%  68.3  765s
 268081 169739 21102.7556   42  498 23365.0000 20913.4972  10.5%  68.4  772s
 269285 170226 23287.2143  109  219 23365.0000 20913.5631  10.5%  68.5  777s
 269995 170510 21708.6625   59  578 23365.0000 20913.6202  10.5%  68.5  780s
 270455 171734 23305.9046   89  137 23365.0000 20913.6977  10.5%  68.6  788s
 272226 173370 21252.1226   63  427 23365.0000 20913.9560  10.5%  68.8  793s
 274737 174014 21395.1218   45  452 23365.0000 20914.1823  10.5%  68.8  797s
 275609 175120 21553.3717   45  510 23365.0000 20914.2463  10.5%  68.9  801s
 277928 176420 22250.5395   67  382 23365.0000 20914.4880  10.5%  69.1  808s
 278896 177603 23288.3571   87  223 23365.0000 20914.5995  10.5%  69.2  812s
 280784 178359 22295.8051   55  387 23365.0000 20914.7214  10.5%  69.2  816s
 281858 179346 21492.0089   41  676 23365.0000 20914.8416  10.5%  69.3  820s
 283150 179674 21176.0767   43  519 23365.0000 20914.9536  10.5%  69.4  825s
 284600 180731 21093.3521   45  424 23365.0000 20915.2567  10.5%  69.5  832s
 285305 182025 23123.8012   73  344 23365.0000 20915.3888  10.5%  69.6  837s
 287468 182656 22854.5378  100  190 23365.0000 20915.5506  10.5%  69.7  841s
 288308 183411 22781.3383   66  302 23365.0000 20915.7157  10.5%  69.7  846s
 290940 185184 20981.7204   38  757 23365.0000 20915.8845  10.5%  69.9  854s
 291907 186111 22867.6341   77  336 23365.0000 20915.9359  10.5%  70.0  858s
 293348 186929 20916.3586   39  628 23365.0000 20916.3586  10.5%  70.1  862s
 294383 187911 infeasible  107      23365.0000 20916.3586  10.5%  70.2  866s
 295720 188362 infeasible   87      23365.0000 20916.3586  10.5%  70.3  870s
 297468 190226 22186.0934   65  384 23365.0000 20916.3586  10.5%  70.5  878s
 298844 190923 22716.8717   64  358 23365.0000 20916.3586  10.5%  70.6  883s
 299843 191429 22437.2931   53  412 23365.0000 20916.3586  10.5%  70.7  886s
 300593 192533 21720.0220   51  519 23365.0000 20916.3971  10.5%  70.8  892s
 302482 193210 22116.0089   38  539 23365.0000 20916.4427  10.5%  70.9  896s
 303389 193912 23141.1800  127  129 23365.0000 20916.4932  10.5%  71.0  900s
 304355 195137 21097.6833   47  518 23365.0000 20916.5865  10.5%  71.1  905s
 306160 195783 21791.3717   39  560 23365.0000 20916.5917  10.5%  71.2  910s
 307096 196602 21569.6845   50  495 23365.0000 20916.6602  10.5%  71.3  915s
 309058 197705 22118.1801   45  470 23365.0000 20916.7215  10.5%  71.4  920s
 311074 199464 23322.1982  115   96 23365.0000 20916.7705  10.5%  71.5  929s
 312336 200477 21232.9248   61  364 23365.0000 20916.8557  10.5%  71.6  933s
 313924 201205 21285.8216   46  536 23365.0000 20916.8557  10.5%  71.7  938s
 315020 201447 21852.7569   43  465 23365.0000 20916.8557  10.5%  71.8  943s
 315450 203140 21040.5621   49  616 23365.0000 20916.8557  10.5%  71.8  953s
 317839 204397 22317.4260   51  381 23365.0000 20917.0164  10.5%  72.0  959s
 319773 205359 21226.6975   49  554 23365.0000 20917.1940  10.5%  72.1  964s
 321090 206379 22663.3299   65  297 23365.0000 20917.2590  10.5%  72.2  970s
 322563 207104 21146.4399   42  653 23365.0000 20917.3232  10.5%  72.2  975s
 323524 208110 22170.9508   58  423 23365.0000 20917.3964  10.5%  72.4  980s
 324822 209410 23351.0000   97  166 23365.0000 20917.4793  10.5%  72.5  986s
 326874 210200 22596.9015   63  245 23365.0000 20917.6052  10.5%  72.5  991s
 327970 210696 22548.1446   69  292 23365.0000 20917.7384  10.5%  72.6  996s
 328619 211337 22473.2226   63  402 23365.0000 20917.7578  10.5%  72.6 1001s
 330576 212881 22264.9544   39  584 23365.0000 20917.9621  10.5%  72.7 1010s
 331775 213927 20919.4394   34  565 23365.0000 20917.9621  10.5%  72.8 1015s
 333399 214828 22124.6225   40  461 23365.0000 20917.9621  10.5%  72.9 1020s
 334596 215499 23245.0453   78  292 23365.0000 20917.9641  10.5%  73.0 1025s
 335618 216687     cutoff  111      23365.0000 20918.0445  10.5%  73.1 1030s
 337424 217447 20935.2164   35  586 23365.0000 20918.0445  10.5%  73.2 1035s
 338462 218602 22959.0563   66  340 23365.0000 20918.0557  10.5%  73.3 1040s
 339957 219433 22200.3697   49  607 23365.0000 20918.1044  10.5%  73.4 1045s
 341210 219974 22803.4909   64  301 23365.0000 20918.1710  10.5%  73.4 1050s
 341897 220914 22519.4920   52  392 23365.0000 20918.1967  10.5%  73.6 1055s
 343180 221841 21518.6621   52  700 23365.0000 20918.2918  10.5%  73.6 1061s
 345277 223601 infeasible   57      23365.0000 20918.5378  10.5%  73.8 1071s
 347071 224756 23093.7694  102  188 23365.0000 20918.6130  10.5%  73.9 1077s
 348767 225454 21019.4520   42  670 23365.0000 20918.6849  10.5%  74.0 1082s
 349772 226386 22754.3156   52  400 23365.0000 20918.7081  10.5%  74.1 1087s
 351056 227323 22280.1259   77  222 23365.0000 20918.8321  10.5%  74.2 1092s
 352300 228444 22578.2096   82  210 23365.0000 20918.8321  10.5%  74.3 1097s
 354008 229268 20951.7552   35  668 23365.0000 20918.8426  10.5%  74.4 1102s
 355079 230493 21065.0706   53  511 23365.0000 20918.8426  10.5%  74.4 1107s
 357028 231325 infeasible   60      23365.0000 20918.8431  10.5%  74.5 1112s
 358177 232589 20919.5841   40  622 23365.0000 20918.8455  10.5%  74.5 1116s
 360049 233178 20988.1821   38  719 23365.0000 20919.1028  10.5%  74.6 1120s
 360848 233771 21181.7780   33  453 23365.0000 20919.1415  10.5%  74.6 1125s
 361863 234574 21100.8634   36  586 23365.0000 20919.2075  10.5%  74.8 1130s
 362979 235938 21401.7247   59  442 23365.0000 20919.2333  10.5%  74.9 1136s
 365053 237058 22925.6051   72  381 23365.0000 20919.4394  10.5%  75.0 1142s
 366550 237861 20934.8321   40  668 23365.0000 20919.4830  10.5%  75.0 1147s
 367593 238980 22409.3278   59  410 23365.0000 20919.5176  10.5%  75.1 1152s
 369336 239814 21409.3020   51  705 23365.0000 20919.6875  10.5%  75.1 1157s
 370433 240589 21194.0756   46  558 23365.0000 20919.7658  10.5%  75.2 1162s
 371544 241738 20990.1090   41  460 23365.0000 20919.8715  10.5%  75.3 1166s
 373319 242407 21142.5706   40  740 23365.0000 20919.8728  10.5%  75.3 1171s
 374366 243644 21096.4419   45  534 23365.0000 20920.0123  10.5%  75.4 1176s
 376209 244212 22592.4622   41  513 23365.0000 20920.1786  10.5%  75.4 1180s
 377044 245192 22380.6911   48  418 23365.0000 20920.3165  10.5%  75.5 1185s
 378292 246512 21212.6845   48  465 23365.0000 20920.3503  10.5%  75.6 1191s

Cutting planes:
  Learned: 119
  Gomory: 281
  Cover: 2195
  Implied bound: 857
  Projected implied bound: 55
  Clique: 256
  MIR: 1569
  StrongCG: 274
  Flow cover: 5075
  GUB cover: 12
  Inf proof: 32
  Zero half: 218
  Network: 43
  RLT: 200
  Relax-and-lift: 519

Explored 380225 nodes (28852817 simplex iterations) in 1191.32 seconds (1797.18 work units)
Thread count was 8 (of 8 available processors)

Solution count 10: 23365 23378 23403 ... 23464

Solve interrupted
Best objective 2.336500000000e+04, best bound 2.092043341515e+04, gap 10.4625%

User-callback calls 1099720, time in user-callback 2.48 sec

Statistics for modelBNB_BSNH_BSAL_BPHD:
  Linear constraint matrix    : 21245 Constrs, 8010 Vars, 80714 NZs
  Variable types              : 2735 Continuous,
5275 Integer (1117 Binary)
  Matrix coefficient range    : [ 1, 382 ]
  Objective coefficient range : [ 1, 382 ]
  Variable bound range        : [ 1, 199 ]
  RHS coefficient range       : [ 1, 24428.3 ]
