
Gurobi 10.0.1 (mac64[arm]) logging started Fri Mar 29 22:08:35 2024

Set parameter LogFile to value "/Users/deniserings/Documents/zib/s-bahn-data/scripts/DeniseMA/processed/BNB_BSNH_BSAL_BPHD/RINS/BNB_BSNH_BSAL_BPHD_202403292026_slack_0.9.log"
Gurobi Optimizer version 10.0.1 build v10.0.1rc0 (mac64[arm])

CPU model: Apple M2
Thread count: 8 physical cores, 8 logical processors, using up to 8 threads

Optimize a model with 21244 rows, 8010 columns and 80713 nonzeros
Model fingerprint: 0x0cfe27eb
Variable types: 2735 continuous, 5275 integer (1117 binary)
Coefficient statistics:
  Matrix range     [1e+00, 4e+02]
  Objective range  [1e+00, 4e+02]
  Bounds range     [1e+00, 2e+02]
  RHS range        [1e+00, 2e+04]

User MIP start did not produce a new incumbent solution
User MIP start violates constraint objective_cutoff by 246.750000000

Presolve removed 9564 rows and 2549 columns
Presolve time: 0.14s
Presolved: 11680 rows, 5461 columns, 48724 nonzeros
Variable types: 1525 continuous, 3936 integer (3936 binary)

Root relaxation: objective 2.028400e+04, 3069 iterations, 0.02 seconds (0.03 work units)
Another try with MIP start

    Nodes    |    Current Node    |     Objective Bounds      |     Work
 Expl Unexpl |  Obj  Depth IntInf | Incumbent    BestBd   Gap | It/Node Time

     0     0 20284.0000    0  233          - 20284.0000      -     -    0s
     0     0 20336.5203    0  655          - 20336.5203      -     -    0s
     0     0 20336.5203    0  577          - 20336.5203      -     -    0s
     0     0 20414.0642    0  693          - 20414.0642      -     -    0s
     0     0 20420.0912    0  687          - 20420.0912      -     -    1s
     0     0 20420.0912    0  668          - 20420.0912      -     -    1s
     0     0 20433.1879    0  626          - 20433.1879      -     -    1s
     0     0 20452.9432    0  599          - 20452.9432      -     -    1s
     0     0 20454.1687    0  580          - 20454.1687      -     -    1s
     0     0 20454.1687    0  577          - 20454.1687      -     -    1s
     0     0 20456.2198    0  623          - 20456.2198      -     -    1s
     0     0 20459.7138    0  647          - 20459.7138      -     -    1s
     0     0 20459.7138    0  668          - 20459.7138      -     -    1s
     0     0 20462.5890    0  681          - 20462.5890      -     -    1s
     0     0 20462.9046    0  614          - 20462.9046      -     -    1s
     0     0 20462.9046    0  609          - 20462.9046      -     -    1s
     0     0 20472.6579    0  658          - 20472.6579      -     -    1s
     0     0 20473.3838    0  707          - 20473.3838      -     -    1s
     0     0 20473.3838    0  685          - 20473.3838      -     -    1s
     0     0 20473.4028    0  669          - 20473.4028      -     -    1s
     0     0 20473.4028    0  697          - 20473.4028      -     -    1s
     0     0 20473.4326    0  735          - 20473.4326      -     -    1s
     0     0 20473.4338    0  698          - 20473.4338      -     -    1s
     0     0 20473.4412    0  670          - 20473.4412      -     -    2s
     0     0 20473.4412    0  291          - 20473.4412      -     -    2s
     0     2 20473.4412    0  253          - 20473.4412      -     -    2s
  3131  2731 21039.0000   61  242          - 20623.9888      -  23.8    5s
  3158  2752 20798.8337   12  252          - 20736.8343      -  12.1   10s
  6656  4603 21636.3865   85  180          - 20748.6856      -  19.0   15s
 13595  8782 21301.6354   64  236          - 20816.6230      -  22.0   20s
 20966 15160 21748.2239  106  260          - 20901.5343      -  22.5   25s
 28446 21295 22332.6545  111  141          - 20916.2830      -  22.9   30s
 29515 21790 infeasible  162               - 20919.6658      -  22.8   35s
 37070 27510 infeasible   91               - 20937.1725      -  23.1   40s
 44392 34310 21422.5581   83  334          - 20949.1616      -  23.4   45s
 53762 41143 21291.3096   32  224          - 20959.6594      -  23.7   50s
 60900 47219 21271.1097   38  295          - 20969.2131      -  23.8   55s
 68183 52416 22995.6545   99  172          - 20977.1188      -  24.0   61s
 74086 57884 21550.1821  124  266          - 20983.6228      -  24.1   65s
 82780 63861 21140.1828   33  314          - 20991.2881      -  24.2   70s
 90685 70907 21595.2979   58  295          - 20991.3074      -  24.4   75s
 98947 77530 21714.7979   96  198          - 20991.3893      -  24.4   80s
 104059 84225 21215.2979   74  245          - 20991.3893      -  24.5   85s
 111578 87310 21065.8410   42  294          - 20991.3893      -  24.5   90s
 118560 91832 21072.9648   43  341          - 20991.3893      -  24.9   95s
 125192 96982 21121.3620   48  404          - 20991.3893      -  25.1  100s
 128482 99883 infeasible   72               - 20991.3893      -  25.3  105s
 134083 107964 21143.9045   57  376          - 20991.3893      -  25.5  111s
 142400 111379 22997.8496  149  138          - 20991.3893      -  25.7  115s
 149384 116524 21630.2979  124  200          - 20991.3893      -  25.9  120s
 151150 118593 21449.8893   55  275          - 20991.3893      -  26.0  125s
 158784 123778 21116.4055   59  414          - 20991.3893      -  26.2  130s
 165026 128584 infeasible  100               - 20991.3893      -  26.4  135s
 172882 133664 infeasible  173               - 20991.3893      -  26.5  140s
 179324 139494 21291.9252   66  361          - 20991.3893      -  26.7  145s
 186007 144559 22433.2979  148  106          - 20991.3893      -  26.8  150s
 192984 149791 23437.2979  137  142          - 20991.3893      -  26.8  155s
H196205 150454                    24209.250000 20991.3893  13.3%  26.9  159s
H196270 151981                    23425.000000 20991.3893  10.4%  26.9  172s
H200151 151834                    23412.000000 20991.3893  10.3%  27.1  172s
 204002 153016 22703.3257   99  207 23412.0000 20991.3893  10.3%  27.3  175s
H210066 155919                    23409.000000 20991.3893  10.3%  27.5  178s
H210271 155839                    23404.000000 20991.3893  10.3%  27.5  178s
H210717 155831                    23403.000000 20991.3893  10.3%  27.6  178s
H211048 156403                    23396.000000 20991.3893  10.3%  27.6  180s
H212172 157312                    23393.000000 20991.3893  10.3%  27.6  181s
H213335 157948                    23389.000000 20991.3893  10.3%  27.7  182s
H215693 158977                    23375.000000 20991.3893  10.2%  27.9  185s
H216061 159660                    23374.000000 20991.3893  10.2%  27.9  187s
 217124 159872 infeasible   58      23374.0000 20991.3893  10.2%  28.0  190s
H217156 159829                    23371.000000 20991.3893  10.2%  28.0  190s
H218730 161517                    23369.000000 20991.3893  10.2%  28.1  193s
 220044 161875 infeasible   91      23369.0000 20991.3893  10.2%  28.2  195s
 223346 165298 21003.5682   56  479 23369.0000 20991.3893  10.2%  28.4  200s
 229899 168486 21339.3893   55  370 23369.0000 20991.3893  10.2%  28.7  205s
 232766 170080 22789.3893   94  247 23369.0000 20991.3893  10.2%  29.0  210s
H232768 170009                    23364.000000 20991.3893  10.2%  29.0  210s
 234697 171760 22940.3893   79  212 23364.0000 20991.3893  10.2%  29.2  216s
 238629 174297 21951.3893   76  327 23364.0000 20991.3893  10.2%  29.6  220s
 241123 177704 21142.6307   52  383 23364.0000 20991.3893  10.2%  29.8  226s
 246807 179805 infeasible   53      23364.0000 20991.3893  10.2%  30.3  230s
 250659 182380 21997.9574   41  591 23364.0000 20991.3988  10.2%  30.5  235s
 254865 186237 22541.2106  102  240 23364.0000 20991.3988  10.2%  30.8  241s
 257910 187657 20994.4690   46  611 23364.0000 20991.3988  10.2%  31.1  245s
 262489 190820 21102.1841   52  601 23364.0000 20991.4010  10.2%  31.4  251s
 266741 193791 22717.4110   52  350 23364.0000 20991.4110  10.2%  31.7  256s
 269665 196545 23178.3035   85  230 23364.0000 20991.4110  10.2%  32.0  261s
 274726 199180 infeasible   48      23364.0000 20991.4110  10.2%  32.3  266s
 278030 201612 infeasible   78      23364.0000 20991.4110  10.2%  32.5  270s
 281951 204250 infeasible   76      23364.0000 20991.4110  10.2%  32.7  275s
 286029 207629 21177.6656   56  391 23364.0000 20991.4110  10.2%  32.9  280s
 290411 210928 22754.4110   92  147 23364.0000 20991.4110  10.2%  33.1  285s
 295302 213508     cutoff  118      23364.0000 20991.4110  10.2%  33.2  290s
 299078 216754 21011.7452   52  390 23364.0000 20991.4110  10.2%  33.4  296s
 300980 219452 22088.4110   76  290 23364.0000 20991.4110  10.2%  33.5  300s
 305984 221592 21012.7690   48  422 23364.0000 20991.4110  10.2%  33.9  305s
 310096 224118 21014.3300   45  334 23364.0000 20991.4110  10.2%  34.1  310s
 313500 226395 21508.1503   50  439 23364.0000 20991.4110  10.2%  34.3  316s
 316541 228706 21076.4256   36  533 23364.0000 20991.4110  10.2%  34.4  320s
 320515 231634 23082.1925   92  191 23364.0000 20991.4183  10.2%  34.7  326s
 324455 233864 22601.7076   62  216 23364.0000 20991.4350  10.2%  34.8  330s
 327783 236339 21017.3986   34  664 23364.0000 20991.4504  10.2%  35.0  335s
 332226 238800 23277.9199   65  283 23364.0000 20991.4722  10.2%  35.3  340s
 335511 241151 21028.5074   42  440 23364.0000 20991.4847  10.2%  35.5  345s
 339329 243639 21271.3738   52  547 23364.0000 20991.4943  10.2%  35.7  350s
 341849 245160 21008.1983   51  576 23364.0000 20991.5065  10.2%  35.8  356s
 344158 247610 21170.1575   45  574 23364.0000 20991.5065  10.2%  36.0  361s
 346039 250228     cutoff   60      23364.0000 20991.5065  10.2%  36.1  365s
 351100 251911 21369.4110   51  386 23364.0000 20991.5320  10.2%  36.4  370s
 353798 254529 22463.2747   50  297 23364.0000 20991.5590  10.2%  36.6  375s
 358127 256935 21030.5985   46  555 23364.0000 20991.5805  10.2%  36.7  380s
 361492 258939 infeasible  103      23364.0000 20991.6237  10.2%  36.9  386s
 364653 261067 infeasible  115      23364.0000 20991.6974  10.2%  37.1  391s
 365980 262842 21066.1983   38  728 23364.0000 20991.7201  10.2%  37.3  395s
 370636 265824 23029.0000  131   78 23364.0000 20991.7721  10.2%  37.5  401s
 372739 267257 22369.0982   61  340 23364.0000 20991.7940  10.2%  37.7  405s
 376475 269189 21408.1014   57  567 23364.0000 20991.8698  10.2%  37.9  411s
 379625 271235 infeasible   83      23364.0000 20991.9073  10.2%  38.0  415s
 382110 273253 20992.9432   36  449 23364.0000 20991.9423  10.2%  38.2  420s
 385379 275435 23016.9248   82  195 23364.0000 20992.0274  10.2%  38.4  425s
 388249 277966 22884.0148   80  157 23364.0000 20992.0420  10.2%  38.5  431s
 390530 279457 21038.4110   70  342 23364.0000 20992.0420  10.2%  38.7  435s
 392582 281685 22289.4110   94  233 23364.0000 20992.0420  10.2%  38.8  440s
 397172 284228 22542.4110   74  180 23364.0000 20992.0420  10.2%  39.0  446s
 399807 285876 22505.4110   76  336 23364.0000 20992.0420  10.2%  39.1  450s
 404119 288119 22504.1984   88  289 23364.0000 20992.0420  10.2%  39.3  455s
 406610 290492 23080.8110   87  311 23364.0000 20992.0602  10.2%  39.5  461s
 408733 291989 23098.7953   88  232 23364.0000 20992.0771  10.2%  39.6  466s
 411339 294172 20992.1074   49  588 23364.0000 20992.1074  10.2%  39.7  470s
 416045 296866 23184.8237   88  160 23364.0000 20992.1074  10.2%  39.9  476s
 418451 298542 21088.6730   61  496 23364.0000 20992.1074  10.2%  40.0  480s
 422837 300562     cutoff   92      23364.0000 20992.1878  10.2%  40.2  486s
 424268 302621 21485.6105   68  379 23364.0000 20992.1983  10.2%  40.3  491s
 429017 304706 infeasible   91      23364.0000 20992.2404  10.2%  40.5  496s
 431135 306207 22544.4110   72  335 23364.0000 20992.2510  10.2%  40.6  500s
 434660 308419 22588.4757   83  272 23364.0000 20992.2674  10.2%  40.7  506s
 437115 310098 21034.2795   41  434 23364.0000 20992.2795  10.2%  40.8  510s
 439820 312452 21054.5528   53  456 23364.0000 20992.2795  10.2%  40.9  515s
 443863 314518 21315.9443   78  342 23364.0000 20992.2795  10.2%  41.0  520s
 447449 316926 22334.0318   97  276 23364.0000 20992.2797  10.2%  41.1  525s
 449534 318902 22351.4110   76  354 23364.0000 20992.2797  10.2%  41.2  530s
 453193 321083 21056.5820   54  606 23364.0000 20992.3200  10.2%  41.3  535s
 454723 322503 21871.1926   69  285 23364.0000 20992.3530  10.2%  41.4  540s
 457101 324291 21398.0443   57  469 23364.0000 20992.3643  10.2%  41.5  545s
 459790 325687 22421.4973   62  397 23364.0000 20992.3741  10.2%  41.7  550s
 463928 328223 21197.1317   57  372 23364.0000 20992.3841  10.2%  41.9  557s
 466728 330101 infeasible   58      23364.0000 20992.4264  10.2%  42.0  561s
 469887 332180 21016.6586   53  401 23364.0000 20992.4632  10.2%  42.1  566s
 472755 333921 21345.0034   40  428 23364.0000 20992.5109  10.2%  42.2  571s
 474660 335188     cutoff   63      23364.0000 20992.5531  10.2%  42.3  575s
 477481 337533 21030.4471   47  424 23364.0000 20992.6135  10.1%  42.5  580s
 479704 339164 23328.3097  111  181 23364.0000 20992.6465  10.1%  42.6  585s
 482611 341351 21044.4340   43  533 23364.0000 20992.6808  10.1%  42.7  591s
 485618 342900 22449.0513  101  344 23364.0000 20992.7735  10.1%  42.9  595s
 489362 344709 22460.8646   60  379 23364.0000 20992.8605  10.1%  43.0  602s
 491746 346525 infeasible   60      23364.0000 20992.8810  10.1%  43.2  606s
 494073 348274 23100.6924   86  310 23364.0000 20992.8810  10.1%  43.3  610s
 497271 350217 21346.9306   59  330 23364.0000 20992.9017  10.1%  43.5  616s
 500025 352029 22202.2130   60  352 23364.0000 20992.9310  10.1%  43.6  621s
 501361 353739 21124.2430   38  400 23364.0000 20992.9353  10.1%  43.7  626s
 503866 355621 22077.2300   57  484 23364.0000 20992.9552  10.1%  43.8  631s
 507028 356970 20992.9641   24  625 23364.0000 20992.9641  10.1%  44.0  635s
 509556 359972 21028.4145   36  552 23364.0000 20992.9641  10.1%  44.0  640s
 513095 361579 22277.8861   92  268 23364.0000 20992.9641  10.1%  44.1  645s
 514734 363749 21598.8861   67  240 23364.0000 20992.9641  10.1%  44.2  650s
 518205 365173 20997.6665   41  537 23364.0000 20992.9641  10.1%  44.3  655s
 520854 367198     cutoff   92      23364.0000 20992.9641  10.1%  44.4  660s
 524968 369710     cutoff  107      23364.0000 20992.9641  10.1%  44.6  667s
 526052 371287 22014.2678   71  399 23364.0000 20992.9641  10.1%  44.6  672s
 528090 374696 22623.8861   75  226 23364.0000 20992.9641  10.1%  44.7  681s
 533382 376394 22141.2678   54  381 23364.0000 20992.9641  10.1%  44.9  686s
 535555 377365 22262.8132   52  364 23364.0000 20992.9641  10.1%  44.9  691s
 538247 379274 21042.8882   44  572 23364.0000 20992.9641  10.1%  45.0  695s
 541168 381359 21009.1561   40  587 23364.0000 20992.9641  10.1%  45.1  700s
 544396 383435 21736.8864   42  508 23364.0000 20992.9641  10.1%  45.2  706s
 546582 385128 22008.6194   51  435 23364.0000 20992.9641  10.1%  45.3  710s
 550258 387580 21091.9641   41  594 23364.0000 20992.9641  10.1%  45.4  716s
 552385 389136 21027.1364   37  596 23364.0000 20992.9641  10.1%  45.5  721s
*554407 390454             164    23363.999958 20992.9641  10.1%  45.6  723s
 554809 391324 22220.4177   49  432 23364.0000 20992.9641  10.1%  45.6  725s
 558170 393112 21895.4985   56  449 23364.0000 20992.9641  10.1%  45.7  731s
 561250 395250 21677.1364   55  431 23364.0000 20992.9641  10.1%  45.8  736s
 563290 396824 21070.9641   33  557 23364.0000 20992.9641  10.1%  45.8  740s
 565460 398360 23163.0000  111  145 23364.0000 20992.9641  10.1%  45.9  745s
 568549 401122 22248.4352   66  328 23364.0000 20992.9641  10.1%  46.0  751s
 570953 402539 21122.2678   50  392 23364.0000 20992.9641  10.1%  46.1  756s
 573554 405193 21033.1364   57  516 23364.0000 20992.9641  10.1%  46.2  766s
 578491 407467 22441.2182   79  265 23364.0000 20992.9908  10.1%  46.4  772s
 581073 409280 22002.3878   51  394 23364.0000 20992.9908  10.1%  46.5  777s
 583919 411675 22834.8172  122  174 23364.0000 20992.9908  10.1%  46.5  782s
 586116 413394 21028.4996   43  532 23364.0000 20992.9912  10.1%  46.6  787s
 588329 415650 23307.1063  101  220 23364.0000 20992.9912  10.1%  46.7  792s
 591515 416583 21109.2386   50  442 23364.0000 20993.0591  10.1%  46.8  797s
 594087 418500 21863.4629   96  291 23364.0000 20993.0971  10.1%  46.9  801s
 595666 419763 21317.4013   62  441 23364.0000 20993.1324  10.1%  47.0  806s
 598454 421643 infeasible   72      23364.0000 20993.1364  10.1%  47.0  811s

Cutting planes:
  Learned: 178
  Gomory: 342
  Cover: 2394
  Implied bound: 996
  Projected implied bound: 44
  Clique: 316
  MIR: 603
  StrongCG: 70
  Flow cover: 2382
  GUB cover: 15
  Inf proof: 43
  Zero half: 70
  Network: 27
  RLT: 123
  Relax-and-lift: 285

Explored 599385 nodes (28313431 simplex iterations) in 811.74 seconds (1079.04 work units)
Thread count was 8 (of 8 available processors)

Solution count 10: 23364 23364 23369 ... 23403

Solve interrupted
Best objective 2.336399995843e+04, best bound 2.099313641619e+04, gap 10.1475%

User-callback calls 1381179, time in user-callback 3.04 sec

Statistics for modelBNB_BSNH_BSAL_BPHD:
  Linear constraint matrix    : 21244 Constrs, 8010 Vars, 80713 NZs
  Variable types              : 2735 Continuous,
5275 Integer (1117 Binary)
  Matrix coefficient range    : [ 1, 382 ]
  Objective coefficient range : [ 1, 382 ]
  Variable bound range        : [ 1, 199 ]
  RHS coefficient range       : [ 1, 24428.3 ]
