
Gurobi 10.0.1 (mac64[arm]) logging started Fri Mar 29 19:55:10 2024

Set parameter LogFile to value "/Users/deniserings/Documents/zib/s-bahn-data/scripts/DeniseMA/processed/BWKS_medium_september/RINS/BWKS_medium_september_202403291857_no relaxation_1.log"
Gurobi Optimizer version 10.0.1 build v10.0.1rc0 (mac64[arm])

CPU model: Apple M2
Thread count: 8 physical cores, 8 logical processors, using up to 8 threads

Optimize a model with 10615 rows, 4887 columns and 50504 nonzeros
Model fingerprint: 0x87743ed7
Variable types: 1358 continuous, 3529 integer (1331 binary)
Coefficient statistics:
  Matrix range     [1e+00, 4e+02]
  Objective range  [1e+00, 4e+02]
  Bounds range     [1e+00, 2e+02]
  RHS range        [1e+00, 9e+03]

User MIP start did not produce a new incumbent solution
User MIP start violates constraint objective_cutoff by 94.840000000

Presolve removed 4593 rows and 1698 columns
Presolve time: 0.05s
Presolved: 6022 rows, 3189 columns, 27367 nonzeros
Variable types: 861 continuous, 2328 integer (2328 binary)

Root relaxation: objective 8.158000e+03, 1195 iterations, 0.01 seconds (0.01 work units)
Another try with MIP start

    Nodes    |    Current Node    |     Objective Bounds      |     Work
 Expl Unexpl |  Obj  Depth IntInf | Incumbent    BestBd   Gap | It/Node Time

     0     0 8158.00000    0  153          - 8158.00000      -     -    0s
     0     0 8161.12034    0  248          - 8161.12034      -     -    0s
     0     0 8161.12034    0  214          - 8161.12034      -     -    0s
     0     0 8180.00000    0  286          - 8180.00000      -     -    0s
     0     0 8180.00000    0  250          - 8180.00000      -     -    0s
     0     0 8199.83481    0  266          - 8199.83481      -     -    0s
     0     0 8201.37770    0  256          - 8201.37770      -     -    0s
     0     0 8201.37770    0  255          - 8201.37770      -     -    0s
     0     0 8207.34901    0  266          - 8207.34901      -     -    0s
     0     0 8207.34901    0  272          - 8207.34901      -     -    0s
     0     0 8209.11295    0  273          - 8209.11295      -     -    0s
     0     0 8210.01159    0  286          - 8210.01159      -     -    0s
     0     0 8210.01159    0  275          - 8210.01159      -     -    0s
     0     0 8211.19425    0  256          - 8211.19425      -     -    0s
     0     0 8211.19425    0  257          - 8211.19425      -     -    0s
     0     0 8211.19425    0  333          - 8211.19425      -     -    0s
     0     0 8211.19425    0  290          - 8211.19425      -     -    1s
     0     0 8211.19425    0  158          - 8211.19425      -     -    1s
     0     0 8211.19425    0  200          - 8211.19425      -     -    1s
     0     0 8211.19425    0  132          - 8211.19425      -     -    1s
     0     0 8211.19425    0  188          - 8211.19425      -     -    1s
     0     0 8211.19425    0  121          - 8211.19425      -     -    1s
     0     0 8211.19643    0  197          - 8211.19643      -     -    1s
     0     0 8211.19643    0  139          - 8211.19643      -     -    1s
     0     0 8211.19643    0  138          - 8211.19643      -     -    1s
     0     2 8211.19643    0  138          - 8211.19643      -     -    2s
  1933  1467 8480.33062   32  129          - 8450.00217      -   8.7    5s
H 3503  2163                    9146.0000000 8450.00217  7.61%  13.3    6s
H 3547  2114                    9131.0000000 8450.00217  7.46%  13.3    6s
H 3873  2003                    8890.0000000 8450.00217  4.95%  13.9    6s
H 3987  1908                    8860.0000000 8450.00217  4.63%  13.9    7s
H 4132  1882                    8835.0000000 8450.00217  4.36%  14.1    7s
H 4235  1725                    8781.0000000 8450.00217  3.77%  14.4    7s
H 4381  1820                    8778.0000000 8450.00217  3.74%  14.8    7s
  6862  3746 8684.00000   57   93 8778.00000 8450.00435  3.74%  16.4   10s
 13402  7407     cutoff   53      8778.00000 8456.00217  3.67%  18.7   15s
*13632  7279             154    8776.0000000 8456.00217  3.65%  18.7   15s
 20430 11035 8686.00000   35   83 8776.00000 8462.00000  3.58%  19.6   20s
 27591 14412 8558.00000   29  129 8776.00000 8462.00000  3.58%  20.2   25s
 29836 15640 8478.00000   32  138 8776.00000 8464.00217  3.56%  20.6   31s
 29859 15655 8602.67039   44  208 8776.00000 8488.71275  3.27%  20.5   35s
 29868 15661 8740.00000   61  185 8776.00000 8536.00302  2.73%  20.5   40s
H29889 14894                    8775.9999940 8536.00302  2.73%  21.0   40s
 32649 15729 8596.00000   48   73 8775.99999 8547.74683  2.60%  21.2   45s
 38050 16881 8625.08182   34   84 8775.99999 8558.08182  2.48%  21.4   50s
 43512 18187 8684.00000   42   53 8775.99999 8559.71369  2.46%  21.5   55s
 51551 19865 8696.00000   48   65 8775.99999 8564.00000  2.42%  21.6   60s
 59085 21246 8696.00000   45   64 8775.99999 8572.92308  2.31%  21.3   65s
 66577 22858 8764.00000   47   60 8775.99999 8582.08182  2.21%  21.1   70s
 74815 24654 8682.00000   58   53 8775.99999 8587.74145  2.15%  20.9   75s
 83034 28705     cutoff   70      8775.99999 8598.00000  2.03%  20.9   80s
 90021 32681 8728.00000   69   80 8775.99999 8604.66163  1.95%  20.8   85s
 97003 35896 8722.00000   55   56 8775.99999 8612.26418  1.87%  20.8   90s
 105133 40183 infeasible   75      8775.99999 8621.00000  1.77%  20.7   95s
 111817 43750 8759.99999   59   51 8775.99999 8628.11550  1.69%  20.6  100s
 119579 47654 8728.00000   41   60 8775.99999 8634.99999  1.61%  20.6  105s
 127251 51288 8730.00000   54   55 8775.99999 8640.00000  1.55%  20.6  110s
 132085 53896 8696.00000   43   60 8775.99999 8642.03368  1.53%  20.6  115s
 139600 57869     cutoff   66      8775.99999 8644.08182  1.50%  20.5  120s
 148213 62347 infeasible   58      8775.99999 8648.99999  1.45%  20.4  125s
 154399 64870 8748.99999   67   42 8775.99999 8649.99999  1.44%  20.5  130s
 160183 67113 8649.99999   55   46 8775.99999 8649.99999  1.44%  20.6  135s
 165156 68761 infeasible   66      8775.99999 8649.99999  1.44%  20.6  140s
 170455 70361 8729.99999   68   49 8775.99999 8649.99999  1.44%  20.7  146s
 174257 71255     cutoff   68      8775.99999 8649.99999  1.44%  20.8  150s
 179053 72620     cutoff   76      8775.99999 8649.99999  1.44%  20.9  155s
 185135 74619 8747.99999   66   44 8775.99999 8649.99999  1.44%  20.9  160s
 190358 75946 8763.86516   75   32 8775.99999 8649.99999  1.44%  21.0  165s
 196978 77593 8649.99999   48   65 8775.99999 8649.99999  1.44%  21.1  171s
 202120 78872 8730.99999   68   38 8775.99999 8649.99999  1.44%  21.2  176s
 207367 80145 8649.99999   55   65 8775.99999 8649.99999  1.44%  21.2  180s
 215082 82046 8763.99999   63   35 8775.99999 8649.99999  1.44%  21.2  185s
 221500 83508 8671.32831   59   53 8775.99999 8649.99999  1.44%  21.3  190s
 228033 85426 8649.99999   62   48 8775.99999 8649.99999  1.44%  21.3  195s
 234495 87024 8649.99999   59   60 8775.99999 8649.99999  1.44%  21.3  200s
 241769 89114 8649.99999   64   67 8775.99999 8649.99999  1.44%  21.4  205s
 248335 90497 8729.99999   80   47 8775.99999 8649.99999  1.44%  21.4  210s
 254893 91890 infeasible   68      8775.99999 8649.99999  1.44%  21.5  215s
 261655 93772     cutoff   70      8775.99999 8649.99999  1.44%  21.5  220s
 267259 94878 infeasible   79      8775.99999 8649.99999  1.44%  21.6  225s
 274956 97098 8766.99999   74   47 8775.99999 8649.99999  1.44%  21.6  230s
 281113 98223 8767.99999   78   60 8775.99999 8649.99999  1.44%  21.7  236s
 287058 99405 8649.99999   62   57 8775.99999 8649.99999  1.44%  21.7  240s
 294515 101445 8655.99999   62   46 8775.99999 8649.99999  1.44%  21.7  245s
 301100 103485 8681.99999   48   59 8775.99999 8649.99999  1.44%  21.7  250s
 307614 105118 8715.99999   62   57 8775.99999 8649.99999  1.44%  21.7  255s
 315322 107142 8769.99999   71   32 8775.99999 8649.99999  1.44%  21.7  260s
 321730 109237 8757.99999   59   51 8775.99999 8649.99999  1.44%  21.7  265s
 328044 111197 8649.99999   65   61 8775.99999 8649.99999  1.44%  21.7  270s
 335419 113379 8649.99999   61   88 8775.99999 8649.99999  1.44%  21.7  275s
 342224 115466 8743.99999   72   61 8775.99999 8649.99999  1.44%  21.8  280s
 348670 117100     cutoff   69      8775.99999 8649.99999  1.44%  21.8  285s
 355142 119049 8729.99999   78   49 8775.99999 8649.99999  1.44%  21.8  290s
 362123 120406 8725.99999   68   67 8775.99999 8649.99999  1.44%  21.8  295s
 366555 121443 8649.99999   62   91 8775.99999 8649.99999  1.44%  21.8  300s
 373755 123078 8649.99999   66   83 8775.99999 8649.99999  1.44%  21.8  305s
 379401 124425 8649.99999   73   81 8775.99999 8649.99999  1.44%  21.9  310s
 387126 126485 8663.99999   69   82 8775.99999 8649.99999  1.44%  21.9  315s
 392893 128170 8729.99999   72   54 8775.99999 8649.99999  1.44%  21.9  320s
 399585 129997 8729.99999   73   40 8775.99999 8649.99999  1.44%  21.9  325s
 407760 132129 8751.35954   74   37 8775.99999 8649.99999  1.44%  21.9  330s
 414122 133740     cutoff   63      8775.99999 8649.99999  1.44%  21.9  335s
 418939 135128     cutoff   60      8775.99999 8649.99999  1.44%  21.9  340s
 425744 137055 8649.99999   56   83 8775.99999 8649.99999  1.44%  21.9  345s
 431662 138918 8725.99999   65   60 8775.99999 8649.99999  1.44%  21.9  350s
 438512 140654     cutoff   69      8775.99999 8649.99999  1.44%  21.9  355s
 443476 141997 8691.99999   63   78 8775.99999 8649.99999  1.44%  22.0  360s
 449256 143566 8752.99999   84   41 8775.99999 8649.99999  1.44%  22.0  365s
 455636 145574 8729.99999   65   48 8775.99999 8649.99999  1.44%  22.0  370s
 461694 146936 8735.99999   70   57 8775.99999 8649.99999  1.44%  22.0  375s
 468508 148757 8735.99999   69   73 8775.99999 8649.99999  1.44%  22.0  380s
 473509 150046 8723.99999   78   44 8775.99999 8649.99999  1.44%  22.1  385s
 479969 151636 8742.99999   64   66 8775.99999 8649.99999  1.44%  22.1  390s
H485216 152623                    8775.9999163 8649.99999  1.44%  22.2  394s
 485412 152997 infeasible   80      8775.99992 8649.99999  1.44%  22.2  395s
 491405 154340 8729.99999   77   49 8775.99992 8649.99999  1.44%  22.2  400s
 497430 155627     cutoff   76      8775.99992 8649.99999  1.44%  22.2  405s
 504078 157168 8719.99999   78   52 8775.99992 8649.99999  1.44%  22.2  410s
 512469 159334 8715.99999   66   42 8775.99992 8649.99999  1.44%  22.2  415s
 518453 160642     cutoff   70      8775.99992 8649.99999  1.44%  22.2  420s
 525430 162250     cutoff   66      8775.99992 8649.99999  1.44%  22.3  425s
 531921 163726 8739.99999   81   53 8775.99992 8649.99999  1.44%  22.3  430s
 538597 165478     cutoff   62      8775.99992 8649.99999  1.44%  22.3  435s
 544963 166937 8740.99999   76   41 8775.99992 8649.99999  1.44%  22.3  440s
 551274 168598     cutoff   74      8775.99992 8649.99999  1.44%  22.3  445s
 557720 170030 8729.99999   71   76 8775.99992 8649.99999  1.44%  22.4  450s
 564179 171847 infeasible   69      8775.99992 8649.99999  1.44%  22.4  455s
 568821 172867 8741.99999   63   53 8775.99992 8649.99999  1.44%  22.4  460s
 575341 174340 8729.99999   72   63 8775.99992 8649.99999  1.44%  22.5  465s
 580697 175704 8773.99999   74   53 8775.99992 8649.99999  1.44%  22.5  470s
 586239 177044 8742.99999   76   41 8775.99992 8649.99999  1.44%  22.5  475s
 592688 178485     cutoff   79      8775.99992 8649.99999  1.44%  22.5  480s
 597666 179942 8726.49999   67   86 8775.99992 8649.99999  1.44%  22.5  485s
 604507 181668 8716.99999   78   40 8775.99992 8649.99999  1.44%  22.5  490s
 609826 182968 8712.99999   67   46 8775.99992 8649.99999  1.44%  22.5  495s
 616904 184652 8649.99999   66   69 8775.99992 8649.99999  1.44%  22.5  500s
 623881 186098 8725.99999   64   69 8775.99992 8649.99999  1.44%  22.5  505s
 630180 187560 8773.99999   76   58 8775.99992 8649.99999  1.44%  22.6  510s
 637133 188813 infeasible   73      8775.99992 8649.99999  1.44%  22.6  515s
 642389 189982     cutoff   66      8775.99992 8649.99999  1.44%  22.6  520s
 647947 191086 infeasible   61      8775.99992 8649.99999  1.44%  22.7  525s
 654392 192658 8653.99999   71   57 8775.99992 8649.99999  1.44%  22.7  530s
 661072 194391 8729.99999   59   30 8775.99992 8649.99999  1.44%  22.7  535s
 667426 196103 8649.99999   59   89 8775.99992 8649.99999  1.44%  22.7  540s
 674455 198163 8766.99999   57   47 8775.99992 8649.99999  1.44%  22.7  545s
 680739 199425 8756.99999   66   64 8775.99992 8649.99999  1.44%  22.8  550s
 686077 200552 8760.99999   74   65 8775.99992 8649.99999  1.44%  22.8  555s
 692589 202347 8649.99999   62   42 8775.99992 8649.99999  1.44%  22.8  560s
 699282 204022 8710.99999   69   56 8775.99992 8649.99999  1.44%  22.8  565s
 705931 205579     cutoff   63      8775.99992 8649.99999  1.44%  22.8  570s
 712240 207242 8735.99999   79   38 8775.99992 8649.99999  1.44%  22.8  576s
 717734 208446 8649.99999   64   44 8775.99992 8649.99999  1.44%  22.8  580s
 724621 210042 8739.99999   67   90 8775.99992 8649.99999  1.44%  22.8  585s
 731115 211775 8695.99999   67   69 8775.99992 8649.99999  1.44%  22.8  590s
 737789 213494 infeasible   73      8775.99992 8649.99999  1.44%  22.8  595s
 744310 214991 8757.00000   78   45 8775.99992 8649.99999  1.44%  22.8  600s
 750581 217026 8692.00000   49   49 8775.99992 8650.00000  1.44%  22.9  605s
 757486 219400 8711.00000   60   40 8775.99992 8650.00000  1.44%  22.9  610s
 763571 221405 8756.00000   45   56 8775.99992 8650.00000  1.44%  22.9  616s

Cutting planes:
  Learned: 98
  Gomory: 255
  Cover: 30
  Implied bound: 15
  Projected implied bound: 3
  Clique: 2
  MIR: 34
  StrongCG: 1
  Flow cover: 99
  Zero half: 5
  Network: 3
  RLT: 48
  Relax-and-lift: 2

Explored 765228 nodes (17556091 simplex iterations) in 616.08 seconds (390.63 work units)
Thread count was 8 (of 8 available processors)

Solution count 10: 8776 8776 8776 ... 9146

Solve interrupted
Best objective 8.775999916288e+03, best bound 8.650000000000e+03, gap 1.4357%

User-callback calls 1632304, time in user-callback 4.66 sec

Statistics for modelBWKS_medium_september:
  Linear constraint matrix    : 10615 Constrs, 4887 Vars, 50504 NZs
  Variable types              : 1358 Continuous,
3529 Integer (1331 Binary)
  Matrix coefficient range    : [ 1, 396 ]
  Objective coefficient range : [ 1, 396 ]
  Variable bound range        : [ 1, 199 ]
  RHS coefficient range       : [ 1, 9389.16 ]
