
Gurobi 10.0.1 (mac64[arm]) logging started Mon Apr  8 02:49:30 2024

Set parameter LogFile to value "/Users/deniserings/Documents/zib/s-bahn-data/scripts/DeniseMA/processed/BBUP_W/Branching/BBUP_W_random0_subMBP202404072240.log"
Gurobi Optimizer version 10.0.1 build v10.0.1rc0 (mac64[arm])

CPU model: Apple M2
Thread count: 8 physical cores, 8 logical processors, using up to 8 threads

Optimize a model with 12175 rows, 5181 columns and 44780 nonzeros
Model fingerprint: 0x19faefbc
Variable types: 2316 continuous, 2865 integer (59 binary)
Coefficient statistics:
  Matrix range     [1e+00, 2e+02]
  Objective range  [1e+00, 4e+02]
  Bounds range     [1e+00, 2e+02]
  RHS range        [1e+00, 5e+02]

Loaded user MIP start with objective 15083

Presolve removed 5823 rows and 1924 columns
Presolve time: 0.08s
Presolved: 6352 rows, 3257 columns, 24203 nonzeros
Variable types: 1050 continuous, 2207 integer (2207 binary)

Root relaxation: objective 1.269604e+04, 2334 iterations, 0.01 seconds (0.01 work units)

    Nodes    |    Current Node    |     Objective Bounds      |     Work
 Expl Unexpl |  Obj  Depth IntInf | Incumbent    BestBd   Gap | It/Node Time

     0     0 12696.0447    0  172 15083.0000 12696.0447  15.8%     -    0s
     0     0 12740.1860    0  437 15083.0000 12740.1860  15.5%     -    0s
     0     0 12740.1860    0  429 15083.0000 12740.1860  15.5%     -    0s
     0     0 12762.5818    0  455 15083.0000 12762.5818  15.4%     -    0s
     0     0 12762.5818    0  383 15083.0000 12762.5818  15.4%     -    0s
     0     0 12768.0000    0  428 15083.0000 12768.0000  15.3%     -    0s
     0     0 12768.0000    0  533 15083.0000 12768.0000  15.3%     -    0s
H    0     0                    15073.000000 12768.0000  15.3%     -    0s
H    0     0                    15072.000000 12768.0332  15.3%     -    0s
     0     0 12768.0332    0  567 15072.0000 12768.0332  15.3%     -    0s
     0     0 12768.0332    0  470 15072.0000 12768.0332  15.3%     -    0s
     0     0 12768.8380    0  485 15072.0000 12768.8380  15.3%     -    0s
     0     0 12768.8641    0  442 15072.0000 12768.8641  15.3%     -    0s
     0     0 12768.8641    0  407 15072.0000 12768.8641  15.3%     -    0s
     0     0 12768.8641    0  418 15072.0000 12768.8641  15.3%     -    0s
     0     0 12768.8641    0  417 15072.0000 12768.8641  15.3%     -    0s
     0     0 12768.8641    0  389 15072.0000 12768.8641  15.3%     -    0s
     0     0 12768.8641    0  408 15072.0000 12768.8641  15.3%     -    0s
H    0     0                    15067.000000 12768.8641  15.3%     -    1s
     0     0 12768.8641    0  136 15067.0000 12768.8641  15.3%     -    1s
     0     0 12768.8641    0  225 15067.0000 12768.8641  15.3%     -    1s
     0     0 12768.8641    0  154 15067.0000 12768.8641  15.3%     -    1s
     0     0 12768.8641    0  118 15067.0000 12768.8641  15.3%     -    1s
     0     0 12768.8641    0   55 15067.0000 12768.8641  15.3%     -    1s
     0     0 12768.8641    0  177 15067.0000 12768.8641  15.3%     -    1s
     0     0 12768.8641    0  174 15067.0000 12768.8641  15.3%     -    1s
     0     0 12768.8641    0  176 15067.0000 12768.8641  15.3%     -    1s
     0     0 12768.8641    0  257 15067.0000 12768.8641  15.3%     -    1s
     0     0 12768.8641    0  230 15067.0000 12768.8641  15.3%     -    1s
     0     0 12768.8641    0  249 15067.0000 12768.8641  15.3%     -    1s
     0     0 12768.8641    0  244 15067.0000 12768.8641  15.3%     -    1s
     0     0 12768.8641    0   66 15067.0000 12768.8641  15.3%     -    2s
     0     0 12768.8641    0  100 15067.0000 12768.8641  15.3%     -    2s
     0     0 12768.8641    0   94 15067.0000 12768.8641  15.3%     -    2s
     0     0 12768.8641    0  127 15067.0000 12768.8641  15.3%     -    2s
     0     0 12768.8641    0  105 15067.0000 12768.8641  15.3%     -    2s
     0     0 12768.8641    0   71 15067.0000 12768.8641  15.3%     -    2s
     0     2 12768.8641    0   71 15067.0000 12768.8641  15.3%     -    2s
H   34    40                    15047.000000 12778.0000  15.1%   183    2s
H  158   165                    15037.000000 12778.0000  15.0%  68.7    2s
H  168   181                    15025.000000 12778.0000  15.0%  66.5    2s
H  181   181                    15004.000000 12778.0000  14.8%  64.5    2s
H  329   329                    15003.999952 12778.0000  14.8%  46.8    3s
H  332   329                    15003.999903 12778.0000  14.8%  46.6    3s
H  334   329                    15003.998616 12778.0000  14.8%  46.5    3s
H  495   469                    15003.000000 12778.0000  14.8%  38.0    3s
H  499   469                    14996.000000 12778.0000  14.8%  38.0    3s
H 1564  1334                    14992.000000 12778.0000  14.8%  27.8    3s
  1584  1343 12893.0000   29   80 14992.0000 12778.0000  14.8%  27.6    5s
H 1765  1479                    14991.999972 12778.0000  14.8%  40.7    7s
H 1791  1406                    14991.999915 12778.0000  14.8%  40.7    7s
H 1805  1339                    14980.000000 12778.0000  14.7%  40.5    7s
H 1896  1330                    14979.999961 12778.0000  14.7%  39.8    8s
H 2004  1399                    14979.999921 12778.0000  14.7%  39.5    8s
H 2141  1311                    14972.000000 12778.0000  14.7%  38.2    8s
H 2254  1414                    14969.000000 12778.0000  14.6%  39.1    8s
H 2279  1358                    14965.000000 12778.0000  14.6%  38.9    8s
H 2487  1405                    14959.000000 12778.0000  14.6%  37.7    9s
H 2767  1574                    14956.000000 12778.0000  14.6%  37.6    9s
H 2828  1512                    14948.000000 12778.0000  14.5%  37.3    9s
  3036  2153 12779.3971   26  233 14948.0000 12778.0000  14.5%  37.2   10s
H 4070  1938                    14946.000000 12778.0000  14.5%  33.8   10s
H 4167  2274                    14945.999936 12778.0000  14.5%  34.1   11s
H 4604  2324                    14940.000000 12778.0000  14.5%  34.4   11s
H 5743  3070                    14939.000000 12778.0000  14.5%  35.2   13s
H 5746  3070                    14933.999993 12778.0000  14.4%  35.2   13s
  7083  4561 13109.4639   44  256 14934.0000 12778.0000  14.4%  37.4   15s
H 7407  4561                    14933.000000 12778.0000  14.4%  37.3   15s
H 9202  5488                    14932.999978 12778.0000  14.4%  39.9   17s
H 9217  5488                    14932.999971 12778.0000  14.4%  39.9   17s
H 9217  5488                    14932.999884 12778.0000  14.4%  39.9   17s
 11632  8048 13480.2609   37  216 14932.9999 12778.0000  14.4%  40.6   20s
 14626  9997 12812.0000   28  218 14932.9999 12778.0000  14.4%  42.0   25s
 18894 11890 13620.8650   44  173 14932.9999 12778.0000  14.4%  44.3   30s
H20347 12753                    14932.998595 12778.0000  14.4%  46.6   33s
 21317 14068 12926.1111   26  268 14932.9986 12778.0000  14.4%  48.1   36s
H21545 14068                    14932.998512 12778.0000  14.4%  48.1   36s
 25577 16113 13252.0000   31  195 14932.9985 12778.0000  14.4%  49.5   40s
 28270 17806 13994.7636   52  115 14932.9985 12778.0000  14.4%  50.6   45s
H29933 18666                    14932.998495 12778.0000  14.4%  51.2   47s
 30093 18667 12778.0000   35  118 14932.9985 12778.0000  14.4%  51.3   58s
 30103 18674 12920.0000   45  161 14932.9985 12778.0000  14.4%  51.3   60s
 30109 18678 13073.0000   56  165 14932.9985 12778.0000  14.4%  51.3   65s
H30685 18070                    14932.998445 12778.0000  14.4%  52.1   68s
 31096 18367 infeasible   77      14932.9984 12778.0000  14.4%  52.3   70s
 33970 19145 13897.8002   49  236 14932.9984 12778.0000  14.4%  52.4   75s
H35421 18702                    14932.998443 12778.0000  14.4%  53.5   78s
 35651 18940 12903.7497   36  290 14932.9984 12778.0000  14.4%  53.9   80s
 38614 19579 infeasible   48      14932.9984 12778.0000  14.4%  56.1   86s
H38806 18672                    14932.997099 12778.0000  14.4%  56.6   86s
 41238 19426 infeasible   34      14932.9971 12778.0000  14.4%  58.2   90s
 43231 19921 13857.8000   49  295 14932.9971 12778.0000  14.4%  59.9   95s
 45040 20657 13349.2890   41  234 14932.9971 12778.0000  14.4%  61.5  100s
 47751 21253 13714.0000   44  304 14932.9971 12778.0000  14.4%  63.2  105s
 49937 22160 13774.5833   60  203 14932.9971 12778.4938  14.4%  64.3  110s
 51998 22513 13528.0882   50  198 14932.9971 12786.9458  14.4%  65.6  115s
 53474 23964 13201.9804   35  279 14932.9971 12792.0000  14.3%  66.4  120s
 56602 24621 13541.5970   50  227 14932.9971 12818.0000  14.2%  67.2  125s
 61371 25978 13372.0835   59  257 14932.9971 12848.0513  14.0%  68.2  130s
 66411 26904 infeasible   44      14932.9971 12894.0400  13.7%  68.6  135s
 70781 27635 13443.0000   41  155 14932.9971 12946.0000  13.3%  68.5  140s
 75734 28991 13768.7715   40  201 14932.9971 12989.0000  13.0%  68.5  146s
 80646 30684 14038.7101   36  253 14932.9971 13038.9075  12.7%  68.5  150s
 84523 33558 14682.1458   68   82 14932.9971 13086.0000  12.4%  68.9  155s
 89190 35671 14914.0000   86   48 14932.9971 13181.1890  11.7%  69.0  160s
 90716 36824 13226.0812   31  319 14932.9971 13181.1890  11.7%  69.7  165s
 94083 38651 13225.1890   30  353 14932.9971 13181.1890  11.7%  70.2  171s
 95452 40425 14501.6000   51  149 14932.9971 13181.1890  11.7%  71.1  176s
 98307 41340 14791.0000   68  101 14932.9971 13181.1890  11.7%  71.7  180s

Cutting planes:
  Learned: 18
  Gomory: 190
  Cover: 916
  Implied bound: 141
  Projected implied bound: 17
  Clique: 102
  MIR: 187
  StrongCG: 127
  Flow cover: 875
  GUB cover: 12
  Inf proof: 11
  Zero half: 16
  Network: 29
  RLT: 56
  Relax-and-lift: 65

Explored 99047 nodes (7174993 simplex iterations) in 180.91 seconds (252.04 work units)
Thread count was 8 (of 8 available processors)

Solution count 10: 14933 14933 14933 ... 14933

Solve interrupted
Best objective 1.493299709877e+04, best bound 1.318118904824e+04, gap 11.7311%

User-callback calls 261638, time in user-callback 0.52 sec

Statistics for modelBBUP_W:
  Linear constraint matrix    : 12175 Constrs, 5181 Vars, 44780 NZs
  Variable types              : 2316 Continuous,
2865 Integer (59 Binary)
  Matrix coefficient range    : [ 1, 200 ]
  Objective coefficient range : [ 1, 384 ]
  Variable bound range        : [ 1, 199 ]
  RHS coefficient range       : [ 1, 549 ]

Gurobi 10.0.1 (mac64[arm]) logging started Mon Apr  8 02:52:32 2024

Set parameter LogFile to value "/Users/deniserings/Documents/zib/s-bahn-data/scripts/DeniseMA/processed/BBUP_W/Branching/BBUP_W_random0_subMBP202404072240.log"
Gurobi Optimizer version 10.0.1 build v10.0.1rc0 (mac64[arm])

CPU model: Apple M2
Thread count: 8 physical cores, 8 logical processors, using up to 8 threads

Optimize a model with 12169 rows, 5181 columns and 44774 nonzeros
Model fingerprint: 0x5c6a7626
Variable types: 2316 continuous, 2865 integer (59 binary)
Coefficient statistics:
  Matrix range     [1e+00, 2e+02]
  Objective range  [1e+00, 4e+02]
  Bounds range     [1e+00, 2e+02]
  RHS range        [1e+00, 5e+02]

Loaded user MIP start with objective 15083

Presolve removed 5606 rows and 1775 columns
Presolve time: 0.09s
Presolved: 6563 rows, 3406 columns, 24960 nonzeros
Variable types: 1093 continuous, 2313 integer (2313 binary)

Root relaxation: objective 1.268804e+04, 2383 iterations, 0.01 seconds (0.01 work units)

    Nodes    |    Current Node    |     Objective Bounds      |     Work
 Expl Unexpl |  Obj  Depth IntInf | Incumbent    BestBd   Gap | It/Node Time

     0     0 12688.0447    0   95 15083.0000 12688.0447  15.9%     -    0s
     0     0 12732.5589    0  301 15083.0000 12732.5589  15.6%     -    0s
     0     0 12734.0000    0  309 15083.0000 12734.0000  15.6%     -    0s
     0     0 12749.5246    0  404 15083.0000 12749.5246  15.5%     -    0s
     0     0 12749.5246    0  445 15083.0000 12749.5246  15.5%     -    0s
     0     0 12749.6426    0  459 15083.0000 12749.6426  15.5%     -    0s
     0     0 12749.6426    0  386 15083.0000 12749.6426  15.5%     -    0s
     0     0 12749.6426    0  393 15083.0000 12749.6426  15.5%     -    0s
     0     0 12749.6426    0  153 15083.0000 12749.6426  15.5%     -    0s
     0     2 12749.6426    0  104 15083.0000 12749.6426  15.5%     -    0s
H   83    87                    15082.999961 12768.0000  15.3%   115    1s
H  118   122                    15082.999898 12768.0000  15.3%  93.3    1s
H  389   347                    15080.000000 12768.0000  15.3%  54.0    1s
H  961   799                    15079.999985 12768.0000  15.3%  38.3    2s
H 1079   799                    15079.999928 12768.0000  15.3%  37.8    2s
H 1185  1001                    15068.000000 12768.0000  15.3%  37.6    2s
H 1309  1001                    15040.000000 12768.0000  15.1%  36.7    2s
  1535  1037 12834.0000   20  171 15040.0000 12774.0460  15.1%  49.6    5s
H 1609  1017                    15039.999960 12774.0460  15.1%  50.7    5s
H 1650   995                    15039.000000 12774.0460  15.1%  50.5    5s
H 1655   947                    15013.000000 12774.0460  14.9%  50.4    5s
H 1689   928                    15003.000000 12774.0460  14.9%  50.0    5s
H 1692   885                    15000.000000 12774.0460  14.8%  49.9    5s
H 1693   846                    14995.000000 12774.0460  14.8%  50.0    5s
H 1698   812                    14994.999936 12774.0460  14.8%  49.9    5s
H 1705   774                    14994.999893 12774.0460  14.8%  50.0    5s
H 1730   756                    14991.000000 12774.0460  14.8%  50.3    6s
H 2063   855                    14989.000000 12778.0000  14.8%  47.5    6s
H 2663  1126                    14988.000000 12778.0000  14.7%  43.5    7s
H 2707  1083                    14981.000000 12778.0000  14.7%  43.1    7s
H 3122  1190                    14980.000000 12778.0000  14.7%  40.0    7s
H 3146  1190                    14977.000000 12778.0000  14.7%  40.0    7s
H 4307  2015                    14976.000000 12778.0000  14.7%  36.4    8s
H 4312  2015                    14974.000000 12778.0000  14.7%  36.5    8s
H 4350  2022                    14970.000000 12778.0000  14.6%  36.6    8s
H 4350  2022                    14969.000000 12778.0000  14.6%  36.6    8s
H 4351  2022                    14962.000000 12778.0000  14.6%  36.6    8s
H 4351  2022                    14958.000000 12778.0000  14.6%  36.6    8s
H 4993  2473                    14950.000000 12778.0000  14.5%  36.0    9s
  5815  3134 infeasible   64      14950.0000 12778.0000  14.5%  35.8   10s
H 6249  3503                    14948.000000 12778.0000  14.5%  36.0   10s
H 6448  3483                    14943.000000 12778.0000  14.5%  36.1   10s
H 7562  4229                    14942.999976 12778.0000  14.5%  35.9   12s
  9457  5817 13892.0727   76   89 14943.0000 12778.0000  14.5%  38.1   15s
 15086  9228 infeasible   34      14943.0000 12778.0000  14.5%  39.0   20s
 18146 12052 13370.5000   42  234 14943.0000 12778.0000  14.5%  42.7   25s
H18396 12052                    14942.999940 12778.0000  14.5%  42.7   25s
H19202 12052                    14942.999928 12778.0000  14.5%  43.0   25s
H19903 12348                    14942.999919 12778.0000  14.5%  42.9   26s
H20085 12348                    14942.999807 12778.0000  14.5%  43.3   26s
H20174 12347                    14932.999976 12778.0000  14.4%  43.3   26s
 22352 13861 infeasible   41      14933.0000 12778.0000  14.4%  43.9   30s
H22835 14157                    14932.999948 12778.0000  14.4%  44.6   31s
 26284 16377 infeasible   42      14932.9999 12778.0000  14.4%  46.4   36s
H27056 16705                    14932.999927 12778.0000  14.4%  47.1   38s
H27180 16705                    14932.999912 12778.0000  14.4%  47.1   38s
 29740 17885 14860.0000   50  153 14932.9999 12778.0000  14.4%  48.2   49s
 29746 17889 13430.0000   51  160 14932.9999 12778.0000  14.4%  48.2   50s
 29753 17894 13664.0000   49  245 14932.9999 12778.0000  14.4%  48.2   55s
H29757 17000                    14932.998119 12778.0000  14.4%  48.2   59s
 29760 17002 13556.0000   60  187 14932.9981 12778.0000  14.4%  48.2   60s
 30683 17397 14261.2600   89   70 14932.9981 12778.0000  14.4%  49.7   65s
 31731 17864 12869.3819   39  301 14932.9981 12778.0000  14.4%  51.0   70s
 33480 18811 14315.2559   76   92 14932.9981 12778.0000  14.4%  52.7   75s
 35557 19288 13231.0000   59  260 14932.9981 12778.0000  14.4%  55.2   80s
 37107 19787 13911.7509   47  243 14932.9981 12778.0000  14.4%  57.2   85s
 39270 20404 14076.2511   61  119 14932.9981 12778.0000  14.4%  59.4   90s
 41769 21215 infeasible   46      14932.9981 12778.0000  14.4%  62.2   97s
 43182 21398 12802.0002   37  246 14932.9981 12778.0000  14.4%  64.1  102s
 44284 22577 12859.1375   55  448 14932.9981 12778.0000  14.4%  65.4  107s
 46504 22708 13215.5095   45  397 14932.9981 12778.0000  14.4%  67.4  111s
H46747 21777                    14932.998102 12778.0000  14.4%  67.6  112s
 47255 22147 13906.8200   60  131 14932.9981 12778.0000  14.4%  68.5  115s
 50225 22993 infeasible   47      14932.9981 12778.0000  14.4%  70.7  121s
 52008 23974 12780.0049   42  406 14932.9981 12778.0000  14.4%  72.6  127s
 53321 24045 12876.0528   44  347 14932.9981 12778.0000  14.4%  73.8  130s
H53747 23095                    14932.995767 12778.0000  14.4%  74.5  130s
 55202 24601 13948.3274   42  212 14932.9958 12778.0000  14.4%  75.6  137s
 57036 24462 12778.3658   44  498 14932.9958 12778.0000  14.4%  76.2  141s
 57733 24940 13082.1781   47  331 14932.9958 12778.0000  14.4%  77.3  145s
 59538 25954 13021.1293   38  271 14932.9958 12778.0000  14.4%  79.2  154s
 61182 26206 13102.5567   48  185 14932.9958 12778.0000  14.4%  80.5  158s
 62409 26774 13454.4272   54  260 14932.9958 12778.0000  14.4%  82.0  163s
 63976 27127 12963.5205   44  333 14932.9958 12778.0000  14.4%  83.2  168s
 65250 27710 13435.7087   54  214 14932.9958 12778.0000  14.4%  84.4  173s
 66858 28475 12970.5955   40  206 14932.9958 12778.0000  14.4%  85.2  177s
 68992 28483 13335.6300   47  104 14932.9958 12778.0000  14.4%  86.1  182s

Cutting planes:
  Learned: 28
  Gomory: 333
  Cover: 1408
  Implied bound: 231
  Projected implied bound: 29
  Clique: 159
  MIR: 260
  StrongCG: 97
  Flow cover: 1162
  GUB cover: 14
  Inf proof: 21
  Zero half: 12
  Network: 38
  RLT: 83
  Relax-and-lift: 205

Explored 70029 nodes (6085536 simplex iterations) in 182.30 seconds (274.04 work units)
Thread count was 8 (of 8 available processors)

Solution count 10: 14933 14933 14933 ... 14943

Solve interrupted
Best objective 1.493299576697e+04, best bound 1.277800000000e+04, gap 14.4311%

User-callback calls 206226, time in user-callback 0.43 sec

Statistics for modelBBUP_W:
  Linear constraint matrix    : 12169 Constrs, 5181 Vars, 44774 NZs
  Variable types              : 2316 Continuous,
2865 Integer (59 Binary)
  Matrix coefficient range    : [ 1, 200 ]
  Objective coefficient range : [ 1, 384 ]
  Variable bound range        : [ 1, 199 ]
  RHS coefficient range       : [ 1, 549 ]

Gurobi 10.0.1 (mac64[arm]) logging started Mon Apr  8 02:55:34 2024

Set parameter LogFile to value "/Users/deniserings/Documents/zib/s-bahn-data/scripts/DeniseMA/processed/BBUP_W/Branching/BBUP_W_random0_subMBP202404072240.log"
Gurobi Optimizer version 10.0.1 build v10.0.1rc0 (mac64[arm])

CPU model: Apple M2
Thread count: 8 physical cores, 8 logical processors, using up to 8 threads

Optimize a model with 12166 rows, 5181 columns and 44771 nonzeros
Model fingerprint: 0xf08d66a6
Variable types: 2316 continuous, 2865 integer (59 binary)
Coefficient statistics:
  Matrix range     [1e+00, 2e+02]
  Objective range  [1e+00, 4e+02]
  Bounds range     [1e+00, 2e+02]
  RHS range        [1e+00, 5e+02]

Loaded user MIP start with objective 15083

Presolve removed 5572 rows and 1759 columns
Presolve time: 0.08s
Presolved: 6594 rows, 3422 columns, 25022 nonzeros
Variable types: 1105 continuous, 2317 integer (2317 binary)

Root relaxation: objective 1.268804e+04, 2505 iterations, 0.01 seconds (0.02 work units)

    Nodes    |    Current Node    |     Objective Bounds      |     Work
 Expl Unexpl |  Obj  Depth IntInf | Incumbent    BestBd   Gap | It/Node Time

     0     0 12688.0447    0   78 15083.0000 12688.0447  15.9%     -    0s
     0     0 12732.3769    0  354 15083.0000 12732.3769  15.6%     -    0s
     0     0 12732.3769    0  349 15083.0000 12732.3769  15.6%     -    0s
     0     0 12742.5681    0  407 15083.0000 12742.5681  15.5%     -    0s
     0     0 12743.0382    0  357 15083.0000 12743.0382  15.5%     -    0s
     0     0 12746.5938    0  439 15083.0000 12746.5938  15.5%     -    0s
     0     0 12746.5938    0  396 15083.0000 12746.5938  15.5%     -    0s
     0     0 12747.2594    0  474 15083.0000 12747.2594  15.5%     -    0s
     0     0 12747.2594    0  371 15083.0000 12747.2594  15.5%     -    0s
     0     0 12747.2594    0  355 15083.0000 12747.2594  15.5%     -    0s
     0     0 12747.2594    0  337 15083.0000 12747.2594  15.5%     -    0s
     0     0 12747.2594    0  149 15083.0000 12747.2594  15.5%     -    0s
     0     0 12747.2594    0  263 15083.0000 12747.2594  15.5%     -    0s
H    0     0                    15082.999937 12747.2594  15.5%     -    1s
H    0     0                    15082.999911 12747.2594  15.5%     -    1s
     0     0 12747.7951    0  150 15082.9999 12747.7951  15.5%     -    1s
     0     0 12747.7951    0  327 15082.9999 12747.7951  15.5%     -    1s
     0     0 12752.3957    0  130 15082.9999 12752.3957  15.5%     -    1s
     0     0 12752.3957    0  225 15082.9999 12752.3957  15.5%     -    1s
     0     0 12752.3957    0  422 15082.9999 12752.3957  15.5%     -    1s
     0     0 12752.3957    0   95 15082.9999 12752.3957  15.5%     -    1s
     0     0 12752.3957    0  152 15082.9999 12752.3957  15.5%     -    1s
     0     0 12752.3957    0  241 15082.9999 12752.3957  15.5%     -    1s
     0     0 12752.3957    0  211 15082.9999 12752.3957  15.5%     -    1s
     0     0 12752.3957    0  221 15082.9999 12752.3957  15.5%     -    1s
     0     0 12757.4891    0  306 15082.9999 12757.4891  15.4%     -    1s
     0     0 12757.4891    0  282 15082.9999 12757.4891  15.4%     -    1s
     0     0 12757.4891    0  260 15082.9999 12757.4891  15.4%     -    2s
     0     0 12757.4891    0  280 15082.9999 12757.4891  15.4%     -    2s
     0     0 12757.4891    0  128 15082.9999 12757.4891  15.4%     -    2s
     0     0 12757.4891    0  156 15082.9999 12757.4891  15.4%     -    2s
     0     0 12757.4891    0  116 15082.9999 12757.4891  15.4%     -    2s
     0     0 12757.4891    0  224 15082.9999 12757.4891  15.4%     -    2s
     0     0 12757.4891    0  109 15082.9999 12757.4891  15.4%     -    2s
     0     0 12757.4891    0  125 15082.9999 12757.4891  15.4%     -    2s
     0     0 12757.4891    0  148 15082.9999 12757.4891  15.4%     -    2s
     0     0 12757.4891    0  153 15082.9999 12757.4891  15.4%     -    2s
     0     0 12757.4891    0  174 15082.9999 12757.4891  15.4%     -    3s
     0     0 12757.4891    0  120 15082.9999 12757.4891  15.4%     -    3s
     0     2 12757.4891    0  120 15082.9999 12757.4891  15.4%     -    3s
H   33    40                    15024.000000 12768.0000  15.0%   233    3s
H   73    83                    15023.999963 12768.0000  15.0%   136    3s
H  135   156                    15023.999948 12768.0000  15.0%  92.4    3s
H  143   156                    15023.999911 12768.0000  15.0%  89.6    3s
H  255   261                    15023.000000 12768.0000  15.0%  69.8    3s
H  293   261                    15021.000000 12768.0000  15.0%  65.2    3s
H  324   371                    15017.000000 12768.0000  15.0%  62.1    3s
H  379   371                    15012.000000 12768.0000  14.9%  57.2    3s
H  415   371                    15004.000000 12768.0000  14.9%  53.6    3s
H  563   535                    14995.000000 12768.0000  14.9%  47.2    4s
H 1317  1076                    14983.000000 12768.0000  14.8%  34.5    4s
H 1809  1484                    14981.000000 12768.0000  14.8%  31.4    4s
  1888  1485 14195.0000   72   95 14981.0000 12768.0000  14.8%  30.8    5s
H 1915  1427                    14980.999949 12778.0000  14.7%  30.4    8s
H 1951  1384                    14980.999798 12778.0000  14.7%  41.1    8s
H 2079  1412                    14973.000000 12778.0000  14.7%  40.1    9s
H 2201  1389                    14969.000000 12778.0000  14.6%  39.3    9s
  2298  1539 12804.0000   38  211 14969.0000 12778.0000  14.6%  39.8   10s
H 2797  1602                    14965.000000 12778.0000  14.6%  40.8   11s
H 4231  2511                    14963.000000 12778.0000  14.6%  35.7   12s
H 4785  2298                    14962.999971 12778.0000  14.6%  35.8   13s
H 4791  2243                    14958.999950 12778.0000  14.6%  36.0   13s
H 4801  2208                    14958.000000 12778.0000  14.6%  36.1   13s
H 4803  2208                    14954.999158 12778.0000  14.6%  36.2   13s
H 5098  3174                    14953.000000 12778.0000  14.5%  37.6   14s
H 5321  3174                    14941.000000 12778.0000  14.5%  37.2   14s
H 5533  3174                    14933.000000 12778.0000  14.4%  37.0   14s
  6861  4060 12778.0000   24  167 14933.0000 12778.0000  14.4%  36.5   15s
H 9207  5648                    14932.999991 12778.0000  14.4%  37.6   18s
H 9244  5648                    14932.999959 12778.0000  14.4%  37.7   18s
H 9399  5648                    14932.999941 12778.0000  14.4%  37.7   18s
 11500  6811 14502.8724  107   81 14932.9999 12778.0000  14.4%  38.2   20s
 15283  9094 infeasible   67      14932.9999 12778.0000  14.4%  43.1   25s
H15287  9094                    14932.999877 12778.0000  14.4%  43.1   25s
 15326 14028 12783.1890   22  286 14932.9999 12778.0000  14.4%  43.6   42s
H23334 14706                    14932.998736 12778.0000  14.4%  56.1   44s
 24623 15227 infeasible   48      14932.9987 12778.0000  14.4%  57.1   47s
H24825 15227                    14932.998662 12778.0000  14.4%  57.2   47s
 25508 16615 13139.2236   48  279 14932.9987 12778.0000  14.4%  57.4   50s
H27759 17491                    14932.998643 12778.0000  14.4%  58.8   52s
H28882 17491                    14932.998607 12778.0000  14.4%  59.2   52s
 29203 18488 12898.1890   39  268 14932.9986 12778.0000  14.4%  59.3   55s
 30938 18489 13090.0000   34   95 14932.9986 12778.0000  14.4%  60.8   67s
 30953 18499 13285.1296   57  366 14932.9986 12778.0000  14.4%  60.8   70s
 30961 18504 14884.0000   93  200 14932.9986 12783.1890  14.4%  60.8   75s
 31114 18600 12799.1398   35  383 14932.9986 12783.1890  14.4%  62.1   80s
 31731 18873 14294.8571   63  188 14932.9986 12783.1890  14.4%  63.1   85s
 32544 19171 13182.9641   47  323 14932.9986 12783.1890  14.4%  64.1   90s
 33696 20021 12815.0000   78  203 14932.9986 12783.2591  14.4%  65.4   95s
 36086 20576 infeasible   56      14932.9986 12783.2591  14.4%  66.8  101s
 38844 21399 infeasible   46      14932.9986 12783.2591  14.4%  68.0  106s
 39873 22124 12783.8729   45  353 14932.9986 12783.2591  14.4%  70.0  110s
 41829 22297 infeasible   88      14932.9986 12783.2591  14.4%  71.8  115s
 42566 22644 12785.4601   40  458 14932.9986 12783.2591  14.4%  73.0  120s
 43974 23092 13009.4329   38  406 14932.9986 12783.2596  14.4%  75.3  125s
 45725 24289 13276.8272   46  263 14932.9986 12783.2596  14.4%  77.4  132s
H48026 23483                    14932.998578 12783.2596  14.4%  79.5  137s
 48890 23749 12893.5602   39  267 14932.9986 12783.2596  14.4%  80.6  140s
 50673 24387 12820.6611   38  310 14932.9986 12783.2596  14.4%  83.1  147s
 51745 24811 13241.7297   39  400 14932.9986 12783.2596  14.4%  84.5  151s
 53845 25286 13399.2419   50  210 14932.9986 12783.2596  14.4%  86.6  158s
*54029 20796             109    14173.000000 12783.2596  9.81%  86.6  158s
 54985 20599 infeasible   41      14173.0000 12783.2596  9.81%  87.6  161s
H54988 19603                    14146.000000 12783.2596  9.63%  87.6  161s
H55164 18679                    14132.000000 12783.2596  9.54%  87.9  161s
H55788 18117                    14130.999964 12783.2625  9.54%  88.9  165s
H55914 17319                    14128.000000 12783.2707  9.52%  89.1  165s
H56502 16302                    14109.000000 12783.2707  9.40%  90.1  165s
H56580 15767                    14068.999950 12783.2707  9.14%  90.4  168s
H57486 15110                    14060.000000 12783.2709  9.08%  91.4  172s
H58163 14157                    14045.000000 12783.2709  8.98%  92.5  172s
H58257 13733                    14013.000000 12783.2709  8.78%  92.6  175s
H58977 13363                    14012.999662 12783.2709  8.78%  93.6  178s
H59058 12830                    14012.000000 12783.2709  8.77%  93.8  178s
H59258 12690                    14011.000000 12783.2709  8.76%  94.1  178s
H59364 12690                    14010.999651 12783.2709  8.76%  94.2  178s
 59675 13122 13906.4850   50  302 14010.9997 12783.2709  8.76%  94.9  182s
H59826 13120                    14009.999972 12783.2709  8.76%  95.1  182s
H59930 13120                    14009.999964 12783.2709  8.76%  95.2  182s
H60163 13120                    14009.999898 12783.2709  8.76%  95.5  182s
H60264 13120                    14009.999650 12783.2781  8.76%  95.6  182s
 60528 13458 13432.6943   46  369 14009.9996 12783.3779  8.76%  96.1  185s
H60593 13458                    14009.999621 12783.3779  8.76%  96.2  185s
H60860 13458                    14009.999586 12783.5452  8.75%  96.5  185s
H61009 13423                    14006.000000 12783.5505  8.73%  96.5  185s
H61228 13816                    14005.999965 12783.7529  8.73%  96.9  188s
H61395 13808                    14005.000000 12784.3954  8.72%  97.0  188s
H61472 13808                    14004.999907 12784.7581  8.71%  97.2  188s
 62062 14270 13352.1605   47  313 14004.9999 12785.2682  8.71%  98.1  192s
 63162 14460     cutoff   72      14004.9999 12786.5141  8.70%  99.2  196s
H63207 14460                    14004.999869 12786.5141  8.70%  99.3  196s
 63636 15085 12788.6740   40  396 14004.9999 12788.6109  8.69%   100  201s
H64811 15611                    14004.999720 12788.6511  8.69%   101  207s
H65315 15611                    14004.999608 12788.6511  8.69%   102  207s
 65983 16216 13425.5610   40  394 14004.9996 12788.6511  8.69%   103  212s
 67089 16853 13775.3322   45  241 14004.9996 12788.6511  8.69%   104  218s
 68305 17452 13093.7936   42  253 14004.9996 12788.6511  8.69%   106  224s
 69585 18033 12840.6680   41  409 14004.9996 12788.6511  8.69%   107  229s
 70775 18692 infeasible   69      14004.9996 12788.6511  8.69%   109  235s
H71881 18692                    14004.999560 12788.6511  8.69%   110  235s
 72029 19275 13079.7798   46  307 14004.9996 12788.6511  8.69%   110  241s
 73127 19956 13157.3457   45  336 14004.9996 12788.6511  8.69%   111  247s
 74402 20653 13169.8985   43  295 14004.9996 12788.6511  8.69%   113  253s
 75731 21169 12885.5976   45  457 14004.9996 12788.6511  8.69%   114  258s
H76713 21908                    14004.996656 12788.6511  8.69%   115  264s
 78198 22516 12793.8401   52  435 14004.9967 12788.6511  8.69%   116  270s
H78346 22516                    14004.996592 12788.6511  8.69%   116  270s
 79553 23129 12793.8401   41  378 14004.9966 12788.6511  8.69%   116  276s
 80843 23736 12865.8096   43  321 14004.9966 12788.6511  8.69%   117  281s
H81065 23736                    14004.996587 12788.6511  8.69%   117  281s
 82130 24326     cutoff   69      14004.9966 12788.6611  8.69%   118  287s
H82132 24326                    14004.996524 12788.6611  8.69%   118  287s
 83367 24943 infeasible   40      14004.9965 12788.6611  8.69%   119  292s
 84623 25501 13121.2818   43  272 14004.9965 12788.6611  8.69%   120  297s
 85946 26152 13465.1304   54  232 14004.9965 12788.7349  8.68%   121  302s
 87325 26807 13017.7308   54  195 14004.9965 12788.9072  8.68%   121  307s
 88762 27223 13190.7001   45  266 14004.9965 12789.0424  8.68%   122  312s
 89942 27612 13314.5247   42  276 14004.9965 12789.2295  8.68%   122  316s
 90992 27950 13200.6930   44  273 14004.9965 12789.3466  8.68%   123  320s
 92938 28993 12905.3313   40  320 14004.9965 12790.6511  8.67%   124  327s
 93968 29371 13004.6968   43  392 14004.9965 12791.2591  8.67%   124  331s
 94813 29805 13291.4068   44  350 14004.9965 12793.2384  8.65%   125  335s
 96583 30671 13162.5085   44  320 14004.9965 12793.8401  8.65%   126  343s
 97599 31202 12833.5005   52  333 14004.9965 12793.8401  8.65%   126  348s
 98674 31684     cutoff   73      14004.9965 12793.8401  8.65%   127  353s
 99676 32234 infeasible   42      14004.9965 12793.8502  8.65%   127  357s
 100751 32921 12955.9492   45  291 14004.9965 12793.8502  8.65%   128  362s
 102049 33615 12793.8502   40  320 14004.9965 12793.8502  8.65%   128  366s
 103300 34272 13131.2413   48  250 14004.9965 12793.8502  8.65%   128  371s
 104506 34737 13972.8422   63  143 14004.9965 12793.8502  8.65%   128  375s
 106464 35630 13659.5705   44  201 14004.9965 12794.2138  8.65%   129  383s
 107845 36092 12798.7084   50  397 14004.9965 12794.4548  8.64%   129  387s
 108809 36585 13014.4647   49  245 14004.9965 12794.5356  8.64%   129  390s
 110815 37456 13442.0717   52  249 14004.9965 12794.5356  8.64%   129  398s
 111762 37900 12800.2401   40  374 14004.9965 12794.9346  8.64%   130  401s
 112816 38381 infeasible   37      14004.9965 12795.1616  8.64%   130  405s
 115047 39331 13272.1573   44  313 14004.9965 12796.2111  8.63%   130  412s
 116082 39896 13639.4577   58  193 14004.9965 12796.5095  8.63%   130  415s
 118043 40710 13563.8985   50  302 14004.9965 12796.9760  8.63%   130  423s
 119048 41003 12965.1754   52  344 14004.9965 12798.0000  8.62%   130  426s
 119632 41278 13123.9928   41  248 14004.9965 12798.0570  8.62%   131  430s
H120320 41574                    14004.994329 12798.0700  8.62%   131  434s
 121048 42101 13230.2270   47  244 14004.9943 12798.0700  8.62%   132  439s
 122354 42469 13009.8401   47  393 14004.9943 12798.2742  8.62%   132  444s
 123269 43068 13263.1112   54  306 14004.9943 12799.1398  8.61%   133  449s
 124423 43480 13404.8857   44  261 14004.9943 12799.3469  8.61%   133  453s
H124682 43480                    14004.994252 12799.4647  8.61%   133  453s
H125175 43480                    14004.994220 12799.8109  8.61%   133  453s
 125403 44137 13649.8087   57  147 14004.9942 12800.1890  8.60%   133  457s
 126601 44590 12828.0668   41  396 14004.9942 12800.3403  8.60%   133  462s
 127567 44823 12945.4061   42  305 14004.9942 12800.9356  8.60%   134  466s
 128223 45315 13332.5517   49  253 14004.9942 12800.9599  8.60%   134  470s
 129405 45859 13501.3748   46  410 14004.9942 12801.6674  8.59%   134  475s
 131711 46857 12904.1357   40  354 14004.9942 12803.2295  8.58%   135  483s
 132663 47294 infeasible   66      14004.9942 12803.3993  8.58%   135  487s
 133549 47663 13195.4810   43  256 14004.9942 12803.8401  8.58%   135  492s
 134284 48048 12913.2004   34  398 14004.9942 12803.8401  8.58%   135  496s
 135110 48541 13028.8675   37  359 14004.9942 12803.8401  8.58%   136  500s
 136942 49475 12930.0095   41  434 14004.9942 12803.8401  8.58%   136  508s
 137845 49983 13435.0378   48  307 14004.9942 12803.8401  8.58%   136  513s
 138890 50104 12912.7547   39  322 14004.9942 12803.8730  8.58%   136  517s
 139132 50964 13953.9283   63  156 14004.9942 12803.8730  8.58%   136  522s
 140538 51432 13849.2643   55  140 14004.9942 12803.8760  8.58%   136  526s
 141409 52006 12882.2600   37  285 14004.9942 12803.8760  8.58%   136  530s
 143287 53023 13479.9212   43  297 14004.9942 12803.8760  8.58%   137  538s
 144288 53482 infeasible   69      14004.9942 12803.8760  8.58%   137  542s
 145198 53993 13707.6155   81   77 14004.9942 12804.4052  8.57%   137  546s
 146175 54535 13160.7428   54  280 14004.9942 12804.8363  8.57%   137  551s
 147363 55114 13170.2720   55  318 14004.9942 12805.5221  8.56%   137  555s
 149436 55991 13911.8971   60  154 14004.9942 12806.5490  8.56%   137  563s
 150552 56346 12961.6189   52  504 14004.9942 12807.6576  8.55%   137  567s
 151256 57073 12829.4756   32  471 14004.9942 12807.7875  8.55%   137  573s
H152406 57073                    14004.994189 12807.7875  8.55%   138  573s
 152564 57561 13959.0000   77    7 14004.9942 12808.0700  8.55%   138  578s
 153643 57947 13023.0244   42  409 14004.9942 12808.6511  8.54%   138  584s
 154408 58434 13014.8633   45  341 14004.9942 12808.6511  8.54%   138  589s
 155307 59095 12896.6521   40  395 14004.9942 12808.6511  8.54%   139  594s
 156440 59603 12823.4620   41  383 14004.9942 12808.6511  8.54%   139  600s
 157458 60177 12818.2595   46  427 14004.9942 12808.6511  8.54%   139  606s
H157564 60177                    14004.994145 12808.6511  8.54%   139  606s
 158523 60671 13838.8028   55  227 14004.9941 12808.6511  8.54%   139  611s
 159550 61278 12852.7986   46  436 14004.9941 12808.6511  8.54%   140  617s
 160786 61862 12902.3089   47  299 14004.9941 12808.9420  8.54%   140  623s
 162127 62347 13215.3803   51  306 14004.9941 12809.6511  8.54%   140  628s
 163156 62893 13141.2595   47  129 14004.9941 12809.9074  8.53%   140  633s
 164226 63504 13209.8642   41  392 14004.9941 12809.9725  8.53%   140  638s
 165423 63921 13036.8047   47  173 14004.9941 12809.9999  8.53%   140  642s
 166388 64435 13693.8040   51  183 14004.9941 12810.3037  8.53%   140  646s
 167437 64999 13271.3637   49  290 14004.9941 12810.7706  8.53%   141  650s
 169523 65912 12813.8460   50  459 14004.9941 12811.0793  8.52%   141  658s
 170270 66322 13900.5152   62  111 14004.9941 12811.3205  8.52%   141  662s
 171022 66725 12971.0736   39  354 14004.9941 12811.3482  8.52%   141  666s
 171724 67190 12817.4892   41  430 14004.9941 12811.3482  8.52%   141  671s
 172477 67568 12817.4892   34  355 14004.9941 12811.3482  8.52%   141  675s
 173217 68237 12816.2932   45  269 14004.9941 12811.5276  8.52%   141  680s
 175843 69160 12974.2124   44  352 14004.9941 12812.7400  8.51%   141  689s
 176860 69622 12830.4279   35  414 14004.9941 12813.5714  8.51%   141  693s
 177613 70254 13234.5419   46  298 14004.9941 12813.5714  8.51%   141  698s
 178723 70770 12890.8520   46  235 14004.9941 12814.0700  8.50%   142  702s
 179847 71154 13616.6106   55  228 14004.9941 12814.7782  8.50%   142  706s
 180743 71369 13153.7687   72  367 14004.9941 12815.0000  8.50%   142  711s
 181509 71971 13247.2772   75  398 14004.9941 12815.0730  8.50%   142  716s
 182795 72734 12815.5533   48  354 14004.9941 12815.5533  8.49%   142  720s
 184119 73366 13747.6111   56  261 14004.9941 12815.7693  8.49%   142  725s
 186672 74550 infeasible   50      14004.9941 12816.4193  8.49%   142  733s
 187953 75016 13109.7205   42  313 14004.9941 12816.6987  8.48%   142  738s
 189030 75321 13525.2373   47  136 14004.9941 12817.0611  8.48%   142  741s
 189815 75749 13218.7927   58  164 14004.9941 12817.3889  8.48%   142  746s
 190596 76091 13536.1427   43  421 14004.9941 12817.4892  8.48%   142  750s
 191259 76516 12817.4892   41  459 14004.9941 12817.4892  8.48%   142  755s

Cutting planes:
  Learned: 30
  Gomory: 269
  Cover: 1990
  Implied bound: 429
  Projected implied bound: 39
  Clique: 177
  MIR: 626
  StrongCG: 140
  Flow cover: 2798
  GUB cover: 9
  Inf proof: 25
  Zero half: 25
  Network: 22
  RLT: 71
  Relax-and-lift: 167

Explored 192699 nodes (27512243 simplex iterations) in 759.32 seconds (1203.94 work units)
Thread count was 8 (of 8 available processors)

Solution count 10: 14005 14005 14005 ... 14005

Solve interrupted
Best objective 1.400499414491e+04, best bound 1.281748920759e+04, gap 8.4792%

User-callback calls 645583, time in user-callback 1.58 sec

Statistics for modelBBUP_W:
  Linear constraint matrix    : 12166 Constrs, 5181 Vars, 44771 NZs
  Variable types              : 2316 Continuous,
2865 Integer (59 Binary)
  Matrix coefficient range    : [ 1, 200 ]
  Objective coefficient range : [ 1, 384 ]
  Variable bound range        : [ 1, 199 ]
  RHS coefficient range       : [ 1, 549 ]
