
Gurobi 10.0.1 (mac64[arm]) logging started Thu Mar 28 21:26:36 2024

Set parameter LogFile to value "/Users/deniserings/Documents/zib/s-bahn-data/scripts/DeniseMA/processed/BPKW_BKRW_BSNF_O/RENS/BPKW_BKRW_BSNF_O_subMBP_202403282027.log"
Gurobi Optimizer version 10.0.1 build v10.0.1rc0 (mac64[arm])

CPU model: Apple M2
Thread count: 8 physical cores, 8 logical processors, using up to 8 threads

Optimize a model with 4479 rows, 2168 columns and 15831 nonzeros
Model fingerprint: 0xb73fd92e
Variable types: 1130 continuous, 1038 integer (66 binary)
Coefficient statistics:
  Matrix range     [1e+00, 2e+02]
  Objective range  [1e+00, 4e+02]
  Bounds range     [1e+00, 2e+02]
  RHS range        [1e+00, 5e+02]
Presolve removed 2529 rows and 1081 columns
Presolve time: 0.11s
Presolved: 1950 rows, 1087 columns, 7736 nonzeros
Variable types: 459 continuous, 628 integer (628 binary)

Root relaxation: objective 9.180000e+03, 614 iterations, 0.00 seconds (0.01 work units)

    Nodes    |    Current Node    |     Objective Bounds      |     Work
 Expl Unexpl |  Obj  Depth IntInf | Incumbent    BestBd   Gap | It/Node Time

     0     0 9179.99959    0   48          - 9179.99959      -     -    0s
H    0     0                    10752.999586 9179.99959  14.6%     -    0s
     0     0 9186.11959    0   85 10752.9996 9186.11959  14.6%     -    0s
H    0     0                    10727.999586 9186.11959  14.4%     -    0s
     0     0 9186.11959    0   83 10727.9996 9186.11959  14.4%     -    0s
     0     0 9186.11959    0   90 10727.9996 9186.11959  14.4%     -    0s
     0     0 9186.11959    0   92 10727.9996 9186.11959  14.4%     -    0s
H    0     0                    9925.9995843 9186.11959  7.45%     -    0s
H    0     0                    9925.9995423 9186.11959  7.45%     -    0s
     0     0 9186.11959    0   27 9925.99954 9186.11959  7.45%     -    0s
     0     0 9186.11959    0   78 9925.99954 9186.11959  7.45%     -    0s
     0     0 9186.11959    0   46 9925.99954 9186.11959  7.45%     -    0s
     0     0 9186.11959    0   48 9925.99954 9186.11959  7.45%     -    0s
     0     0 9186.11959    0   18 9925.99954 9186.11959  7.45%     -    0s
     0     0 9186.11959    0   54 9925.99954 9186.11959  7.45%     -    0s
     0     0 9186.11959    0   67 9925.99954 9186.11959  7.45%     -    0s
     0     0 9186.11959    0   19 9925.99954 9186.11959  7.45%     -    0s
     0     2 9186.11959    0   19 9925.99954 9186.11959  7.45%     -    0s
H  317   364                    9925.9994962 9186.11959  7.45%  15.1    0s
H  364   364                    9912.9995413 9186.11959  7.33%  14.8    0s
H  484   431                    9912.9994956 9186.11959  7.33%  13.9    0s
H  486   431                    9904.9995409 9186.11959  7.26%  14.0    0s
H  526   448                    9904.9994974 9186.11959  7.26%  14.3    0s
H  708   568                    9864.9995409 9186.11959  6.88%  13.7    0s
H 1666  1103                    9844.9995869 9197.29807  6.58%  12.3    1s
H 1983  1210                    9821.9995869 9258.99349  5.73%  20.5    3s
H 2083  1188                    9816.9995869 9258.99349  5.68%  20.6    3s
H 4142  1550                    9795.9995869 9258.99349  5.48%  23.1    4s
  5281  2071 9683.45016   64   12 9795.99959 9258.99349  5.48%  23.3    5s
H 7582  3386                    9795.9995374 9259.10572  5.48%  24.7    6s
 15761  7713     cutoff   54      9795.99954 9271.06309  5.36%  24.8   10s
 29705 13113 9483.99959   54   19 9795.99954 9350.11959  4.55%  25.2   16s
H29720 12466                    9795.9994913 9350.11959  4.55%  25.2   18s
 32652 13186 9494.35779   60   34 9795.99949 9359.64824  4.45%  25.6   20s
 44418 15267     cutoff   57      9795.99949 9392.19379  4.12%  26.4   25s
 61496 16170 9589.14921   64   65 9795.99949 9450.99959  3.52%  26.1   30s
*72729 18446              69    9792.9995884 9478.14921  3.22%  26.0   33s
 78076 20180 9573.99959   59   16 9792.99959 9482.83813  3.17%  25.8   35s
 96344 26226 9563.93052   65   60 9792.99959 9492.06766  3.07%  25.2   40s
 115247 31587 9551.76483   59   29 9792.99959 9502.56661  2.97%  25.1   45s
 132514 36090 9623.60554   50   39 9792.99959 9512.24852  2.87%  25.1   50s
 147827 39625 9638.79029   59   53 9792.99959 9522.99959  2.76%  25.2   55s
 163749 42961 9727.99959   63   46 9792.99959 9531.99959  2.67%  25.4   60s
 178592 45312 9622.14921   71   65 9792.99959 9542.99959  2.55%  25.7   65s
 192448 48038 9779.85030   69   35 9792.99959 9550.44745  2.48%  26.0   70s
 204172 49794     cutoff   61      9792.99959 9557.41628  2.41%  26.1   75s
 220276 52497 9736.99959   60    8 9792.99959 9566.99959  2.31%  26.4   80s
 234380 54216 9775.10280   64   31 9792.99959 9575.85132  2.22%  26.6   85s
 248118 55447     cutoff   61      9792.99959 9585.99959  2.11%  26.8   90s
 260994 56502 9706.99959   60   33 9792.99959 9594.99959  2.02%  26.9   95s
 274937 57707     cutoff   58      9792.99959 9604.84132  1.92%  27.1  100s
 287071 58274     cutoff   62      9792.99959 9614.53916  1.82%  27.3  105s
 301433 58767 9625.99959   62   44 9792.99959 9623.58681  1.73%  27.4  110s
 315197 58745 9732.99959   68   32 9792.99959 9632.99959  1.63%  27.6  115s
 330138 58695     cutoff   77      9792.99959 9642.99959  1.53%  27.7  120s
 342679 58457     cutoff   60      9792.99959 9650.77539  1.45%  27.8  125s
 357027 56842     cutoff   72      9792.99959 9659.99959  1.36%  27.9  130s
 369689 55748 9716.99959   61   37 9792.99959 9666.99959  1.29%  28.0  135s
 382314 54022     cutoff   57      9792.99959 9673.14921  1.22%  28.2  140s
 396831 51649 9751.99959   62   34 9792.99959 9681.14921  1.14%  28.2  145s
 410587 49225 9696.66084   65   34 9792.99959 9688.20883  1.07%  28.3  150s
 424518 46380     cutoff   59      9792.99959 9694.48663  1.01%  28.4  155s
 439288 43028 9758.99959   67   38 9792.99959 9702.03367  0.93%  28.5  160s
 453316 39254 infeasible   62      9792.99959 9708.32034  0.86%  28.6  165s
 467593 34391     cutoff   60      9792.99959 9716.99959  0.78%  28.7  170s
 480923 29258 9727.33766   72   30 9792.99959 9724.99959  0.69%  28.8  175s
 495664 23907     cutoff   63      9792.99959 9732.99959  0.61%  28.8  180s
 509405 17051 9749.35651   66   70 9792.99959 9742.49871  0.52%  28.9  185s
 522343 10476 9767.33561   56   19 9792.99959 9754.99959  0.39%  29.0  190s
 538262  1245     cutoff   66      9792.99959 9778.99959  0.14%  29.0  195s

Cutting planes:
  Learned: 7
  Gomory: 208
  Cover: 573
  Implied bound: 74
  Projected implied bound: 1
  Clique: 4
  MIR: 189
  StrongCG: 14
  Flow cover: 736
  GUB cover: 1
  Inf proof: 32
  Zero half: 3
  Network: 5
  RLT: 42
  Relax-and-lift: 29

Explored 540691 nodes (15656784 simplex iterations) in 195.50 seconds (212.04 work units)
Thread count was 8 (of 8 available processors)

Solution count 10: 9793 9793 9796 ... 9905

Optimal solution found (tolerance 1.00e-04)
Best objective 9.793000000000e+03, best bound 9.793000000000e+03, gap 0.0000%

User-callback calls 1126161, time in user-callback 1.78 sec

Statistics for modelBPKW_BKRW_BSNF_O:
  Linear constraint matrix    : 4479 Constrs, 2168 Vars, 15831 NZs
  Variable types              : 1130 Continuous,
1038 Integer (66 Binary)
  Matrix coefficient range    : [ 1, 200 ]
  Objective coefficient range : [ 1, 368 ]
  Variable bound range        : [ 1, 199 ]
  RHS coefficient range       : [ 1, 549 ]
