
Gurobi 10.0.1 (mac64[arm]) logging started Mon Apr  8 00:15:11 2024

Set parameter LogFile to value "/Users/deniserings/Documents/zib/s-bahn-data/scripts/DeniseMA/processed/BBOS_BWIN_BTG/Branching/BBOS_BWIN_BTG_random2_subMBP202404072240.log"
Gurobi Optimizer version 10.0.1 build v10.0.1rc0 (mac64[arm])

CPU model: Apple M2
Thread count: 8 physical cores, 8 logical processors, using up to 8 threads

Optimize a model with 3993 rows, 2210 columns and 14481 nonzeros
Model fingerprint: 0x18588c4e
Variable types: 1213 continuous, 997 integer (100 binary)
Coefficient statistics:
  Matrix range     [1e+00, 2e+02]
  Objective range  [1e+00, 4e+02]
  Bounds range     [1e+00, 2e+02]
  RHS range        [1e+00, 5e+02]

Loaded user MIP start with objective 10210

Presolve removed 2895 rows and 1325 columns
Presolve time: 0.22s
Presolved: 1098 rows, 885 columns, 4909 nonzeros
Found heuristic solution: objective 10209.999055
Variable types: 464 continuous, 421 integer (421 binary)

Root relaxation: objective 9.889000e+03, 330 iterations, 0.00 seconds (0.00 work units)

    Nodes    |    Current Node    |     Objective Bounds      |     Work
 Expl Unexpl |  Obj  Depth IntInf | Incumbent    BestBd   Gap | It/Node Time

     0     0 9888.99998    0   14 10209.9991 9888.99998  3.14%     -    0s
     0     0 9888.99998    0   21 10209.9991 9888.99998  3.14%     -    0s
     0     0 9888.99998    0    8 10209.9991 9888.99998  3.14%     -    0s
     0     0 9888.99998    0    9 10209.9991 9888.99998  3.14%     -    0s
     0     0 9888.99998    0    5 10209.9991 9888.99998  3.14%     -    0s
     0     0 9888.99998    0    7 10209.9991 9888.99998  3.14%     -    0s
     0     0 9888.99998    0    7 10209.9991 9888.99998  3.14%     -    0s
     0     0 9888.99998    0    7 10209.9991 9888.99998  3.14%     -    0s
     0     0 9888.99998    0    8 10209.9991 9888.99998  3.14%     -    0s
     0     0 9888.99998    0    8 10209.9991 9888.99998  3.14%     -    0s
 61387 23377 9948.99998   31    9 10209.9991 9948.99998  2.56%  10.6    5s
 104458 30703     cutoff   41      10209.9991 9968.99998  2.36%  11.9   10s
 172976 38796 9968.99998   64   14 10209.9991 9968.99998  2.36%  12.4   15s
 256657 49835     cutoff   42      10209.9991 9968.99998  2.36%  12.7   20s
 338226 70276 10090.0000   41    4 10209.9991 9968.99998  2.36%  12.9   25s
 408413 90161     cutoff   40      10209.9991 9968.99998  2.36%  13.2   30s
 477731 109549 10003.6437   93    7 10209.9991 9968.99998  2.36%  13.5   35s
 560003 127525     cutoff   84      10209.9991 9968.99998  2.36%  13.6   40s
 644770 146645 10023.0000   75    2 10209.9991 9968.99998  2.36%  13.6   45s
 716787 165540 9988.99998   40    4 10209.9991 9968.99998  2.36%  13.7   50s
 779900 182225 9972.80735   69   11 10209.9991 9968.99998  2.36%  14.0   55s
 855155 196110     cutoff   81      10209.9991 9968.99998  2.36%  14.0   60s
 916820 209653 10079.7576   44    3 10209.9991 9968.99998  2.36%  14.3   65s
 979991 223915 10003.4578   77   18 10209.9991 9968.99998  2.36%  14.5   70s
 1055610 239776 10003.0000   75   10 10209.9991 9969.12067  2.36%  14.6   75s
 1117069 256982 9998.20005   43    5 10209.9991 9971.06437  2.34%  14.8   80s
 1180925 271462 10013.3173   82   18 10209.9991 9972.25218  2.33%  14.9   85s
 1258101 284004 9975.01537   83    8 10209.9991 9974.64345  2.31%  14.9   90s
 1323943 289825     cutoff   45      10209.9991 9982.99998  2.22%  15.0   95s
 1377868 299806 10015.0833   72   16 10209.9991 9982.99998  2.22%  15.2  100s
 1443869 310543 9992.77271   41    8 10209.9991 9982.99998  2.22%  15.3  105s
 1489918 319665 10003.0000   73   19 10209.9991 9982.99998  2.22%  15.5  110s
 1562885 330875 9982.99998   73   13 10209.9991 9982.99998  2.22%  15.4  115s
 1602864 339343 10013.0000   79    5 10209.9991 9982.99998  2.22%  15.7  120s
 1674347 350471 10005.1674   86   12 10209.9991 9982.99998  2.22%  15.7  125s
 1732351 361188 infeasible   43      10209.9991 9982.99998  2.22%  15.8  130s
 1786832 371243 10013.5454   79   17 10209.9991 9982.99998  2.22%  15.9  135s
 1859784 381933 10013.4950   92   13 10209.9991 9982.99998  2.22%  15.9  140s
 1905754 377770     cutoff   68      10209.9991 9988.99998  2.16%  16.0  145s
 1982862 384272     cutoff   81      10209.9991 9988.99998  2.16%  16.0  150s
 2041499 393371 10039.0000   45    2 10209.9991 9988.99998  2.16%  16.0  155s
 2100648 403166     cutoff   82      10209.9991 9988.99998  2.16%  16.1  160s
 2175977 414252 10003.0000   86    8 10209.9991 9988.99998  2.16%  16.1  165s
 2228124 423059 10009.0000   45    4 10209.9991 9988.99998  2.16%  16.2  170s
 2293374 432060     cutoff   85      10209.9991 9988.99998  2.16%  16.2  175s
 2364631 440273 10011.6504   46    6 10209.9991 9988.99998  2.16%  16.2  180s

Cutting planes:
  Gomory: 5
  Cover: 3
  Implied bound: 7
  MIR: 26
  RLT: 2
  Relax-and-lift: 2

Explored 2365999 nodes (38400910 simplex iterations) in 180.30 seconds (196.41 work units)
Thread count was 8 (of 8 available processors)

Solution count 10: 10210 10210 10210 ... 10211

Solve interrupted
Best objective 1.020999905475e+04, best bound 9.988999983699e+03, gap 2.1645%

User-callback calls 4730627, time in user-callback 7.38 sec

Statistics for modelBBOS_BWIN_BTG:
  Linear constraint matrix    : 3993 Constrs, 2210 Vars, 14481 NZs
  Variable types              : 1213 Continuous,
997 Integer (100 Binary)
  Matrix coefficient range    : [ 1, 200 ]
  Objective coefficient range : [ 1, 396 ]
  Variable bound range        : [ 1, 199 ]
  RHS coefficient range       : [ 1, 549 ]

Gurobi 10.0.1 (mac64[arm]) logging started Mon Apr  8 00:18:11 2024

Set parameter LogFile to value "/Users/deniserings/Documents/zib/s-bahn-data/scripts/DeniseMA/processed/BBOS_BWIN_BTG/Branching/BBOS_BWIN_BTG_random2_subMBP202404072240.log"
Gurobi Optimizer version 10.0.1 build v10.0.1rc0 (mac64[arm])

CPU model: Apple M2
Thread count: 8 physical cores, 8 logical processors, using up to 8 threads

Optimize a model with 3987 rows, 2210 columns and 14475 nonzeros
Model fingerprint: 0xb9565914
Variable types: 1213 continuous, 997 integer (100 binary)
Coefficient statistics:
  Matrix range     [1e+00, 2e+02]
  Objective range  [1e+00, 4e+02]
  Bounds range     [1e+00, 2e+02]
  RHS range        [1e+00, 5e+02]

Loaded user MIP start with objective 10210

Presolve removed 2656 rows and 1210 columns
Presolve time: 0.23s
Presolved: 1331 rows, 1000 columns, 5772 nonzeros
Variable types: 525 continuous, 475 integer (475 binary)

Root relaxation: objective 9.840000e+03, 414 iterations, 0.00 seconds (0.00 work units)

    Nodes    |    Current Node    |     Objective Bounds      |     Work
 Expl Unexpl |  Obj  Depth IntInf | Incumbent    BestBd   Gap | It/Node Time

     0     0 9840.00000    0   29 10209.9991 9840.00000  3.62%     -    0s
     0     0 9869.16438    0   50 10209.9991 9869.16438  3.34%     -    0s
     0     0 9869.21918    0   54 10209.9991 9869.21918  3.34%     -    0s
     0     0 9869.21918    0   56 10209.9991 9869.21918  3.34%     -    0s
     0     0 9879.00000    0   36 10209.9991 9879.00000  3.24%     -    0s
     0     0 9879.00000    0   36 10209.9991 9879.00000  3.24%     -    0s
     0     0 9879.13885    0   36 10209.9991 9879.13885  3.24%     -    0s
     0     0 9879.13885    0   37 10209.9991 9879.13885  3.24%     -    0s
     0     0 9880.06584    0   34 10209.9991 9880.06584  3.23%     -    0s
     0     0 9880.06584    0   32 10209.9991 9880.06584  3.23%     -    0s
     0     0 9880.06584    0   35 10209.9991 9880.06584  3.23%     -    0s
     0     0 9880.06584    0   38 10209.9991 9880.06584  3.23%     -    0s
     0     0 9880.06584    0   23 10209.9991 9880.06584  3.23%     -    0s
     0     0 9880.06961    0   22 10209.9991 9880.06961  3.23%     -    0s
     0     0 9880.08182    0   20 10209.9991 9880.08182  3.23%     -    0s
     0     0 9880.08678    0   21 10209.9991 9880.08678  3.23%     -    0s
     0     0 9880.08678    0   22 10209.9991 9880.08678  3.23%     -    0s
     0     0 9880.08678    0   19 10209.9991 9880.08678  3.23%     -    0s
H 1125   679                    10209.999066 9889.00000  3.14%   8.7    0s
H 5055  2156                    10209.999052 9890.28389  3.13%   8.9    1s
 35769 10621     cutoff   40      10209.9991 9913.86195  2.90%  12.1    5s
H56127 15538                    10209.999019 9949.00000  2.56%  11.9    6s
 72940 19815 9989.00704   61   11 10209.9990 9949.19476  2.55%  12.5   10s
 127792 26328 9989.00000   65    3 10209.9990 9969.00000  2.36%  13.1   15s
 183129 35987 9989.00000   42    3 10209.9990 9969.00000  2.36%  13.9   20s
H202497 37870                    10209.999002 9969.00000  2.36%  14.0   21s
 234261 50221 infeasible   46      10209.9990 9969.00000  2.36%  14.2   25s
H263500 53161                    10209.998931 9969.00000  2.36%  14.2   26s
 291347 66124 10004.4327   83   13 10209.9989 9969.00000  2.36%  14.4   30s
 354675 79913 9975.58333   69   14 10209.9989 9969.00000  2.36%  14.4   35s
 404064 95116 9969.00000   44    5 10209.9989 9969.00000  2.36%  14.6   40s
H437061 98569                    10209.998887 9969.00000  2.36%  14.5   41s
 459892 109181 10039.0000   61    3 10209.9989 9969.95968  2.35%  14.6   45s
 515535 123221     cutoff   40      10209.9989 9970.00000  2.35%  14.6   50s
 566079 138143 10037.0000   85   11 10209.9989 9971.00000  2.34%  14.7   55s
 620730 153511     cutoff   31      10209.9989 9971.00000  2.34%  14.5   60s
 669213 168343 10024.0000   94    9 10209.9989 9971.81395  2.33%  14.6   65s
 734033 181153 9972.33775   41    8 10209.9989 9972.33775  2.33%  14.4   70s
 771786 193999     cutoff   88      10209.9989 9972.98283  2.32%  14.5   75s
 837414 206051 9973.40349   45    4 10209.9989 9973.40349  2.32%  14.4   80s
 873307 216576 10035.0000   78    7 10209.9989 9974.35839  2.31%  14.6   85s
 932849 226078     cutoff   41      10209.9989 9975.00000  2.30%  14.5   90s
 972799 239489 10009.0000   74   13 10209.9989 9975.00000  2.30%  14.6   95s
 1028213 250589 9995.76083   38    4 10209.9989 9975.76032  2.29%  14.6  100s
 1070242 256886 10009.0000   66    6 10209.9989 9976.83003  2.28%  14.7  105s
 1112524 261578     cutoff   47      10209.9989 9978.29730  2.27%  14.8  110s
 1164972 268456 10013.0000   84   21 10209.9989 9979.00000  2.26%  14.8  115s
 1194947 281954     cutoff   68      10209.9989 9979.00000  2.26%  14.9  120s
 1259884 291649 10023.5164   85   16 10209.9989 9979.00000  2.26%  14.9  125s
 1290495 300935 10034.0000   83   18 10209.9989 9980.00000  2.25%  15.1  130s
 1356102 311788 10045.0000   63    8 10209.9989 9980.33177  2.25%  15.1  135s
 1382730 314328     cutoff   62      10209.9989 9982.30697  2.23%  15.2  140s
 1429643 320423 10045.0165   44    4 10209.9989 9983.08104  2.22%  15.2  145s
 1466346 323878     cutoff   78      10209.9989 9984.49529  2.21%  15.3  150s
 1490662 324028 infeasible   63      10209.9989 9986.97727  2.18%  15.4  155s
H1500405 323708                    10209.998799 9987.90909  2.18%  15.5  156s
 1554591 332738 10018.0000   65   15 10209.9988 9988.00000  2.17%  15.4  160s
 1578609 336897 10013.0000   69   18 10209.9988 9989.00000  2.16%  15.5  165s
 1607079 344615 10009.0000   41    6 10209.9988 9989.00000  2.16%  15.7  170s
 1667377 353889 9989.72969   70   18 10209.9988 9989.57828  2.16%  15.7  175s
 1685336 356313 infeasible   79      10209.9988 9990.03041  2.15%  15.7  180s

Cutting planes:
  Learned: 2
  Gomory: 2
  Cover: 12
  Implied bound: 6
  MIR: 27
  StrongCG: 1
  Flow cover: 2
  GUB cover: 2
  RLT: 7
  Relax-and-lift: 4

Explored 1690341 nodes (26606502 simplex iterations) in 180.39 seconds (201.01 work units)
Thread count was 8 (of 8 available processors)

Solution count 9: 10210 10210 10210 ... 10210

Solve interrupted
Best objective 1.020999879925e+04, best bound 9.990209774047e+03, gap 2.1527%

User-callback calls 3367929, time in user-callback 5.23 sec

Statistics for modelBBOS_BWIN_BTG:
  Linear constraint matrix    : 3987 Constrs, 2210 Vars, 14475 NZs
  Variable types              : 1213 Continuous,
997 Integer (100 Binary)
  Matrix coefficient range    : [ 1, 200 ]
  Objective coefficient range : [ 1, 396 ]
  Variable bound range        : [ 1, 199 ]
  RHS coefficient range       : [ 1, 549 ]

Gurobi 10.0.1 (mac64[arm]) logging started Mon Apr  8 00:21:11 2024

Set parameter LogFile to value "/Users/deniserings/Documents/zib/s-bahn-data/scripts/DeniseMA/processed/BBOS_BWIN_BTG/Branching/BBOS_BWIN_BTG_random2_subMBP202404072240.log"
Gurobi Optimizer version 10.0.1 build v10.0.1rc0 (mac64[arm])

CPU model: Apple M2
Thread count: 8 physical cores, 8 logical processors, using up to 8 threads

Optimize a model with 3984 rows, 2210 columns and 14472 nonzeros
Model fingerprint: 0xe65b010b
Variable types: 1213 continuous, 997 integer (100 binary)
Coefficient statistics:
  Matrix range     [1e+00, 2e+02]
  Objective range  [1e+00, 4e+02]
  Bounds range     [1e+00, 2e+02]
  RHS range        [1e+00, 5e+02]

Loaded user MIP start with objective 10210

Presolve removed 2464 rows and 1110 columns
Presolve time: 0.25s
Presolved: 1520 rows, 1100 columns, 6576 nonzeros
Variable types: 575 continuous, 525 integer (525 binary)

Root relaxation: objective 9.169213e+03, 512 iterations, 0.00 seconds (0.00 work units)

    Nodes    |    Current Node    |     Objective Bounds      |     Work
 Expl Unexpl |  Obj  Depth IntInf | Incumbent    BestBd   Gap | It/Node Time

     0     0 9169.21279    0   50 10209.9991 9169.21279  10.2%     -    0s
     0     0 9754.12978    0   69 10209.9991 9754.12978  4.46%     -    0s
     0     0 9754.17308    0   84 10209.9991 9754.17308  4.46%     -    0s
H    0     0                    10209.998852 9764.88876  4.36%     -    0s
     0     0 9764.88876    0   62 10209.9989 9764.88876  4.36%     -    0s
     0     0 9764.88876    0   62 10209.9989 9764.88876  4.36%     -    0s
     0     0 9781.37386    0   59 10209.9989 9781.37386  4.20%     -    0s
H    0     0                    10209.998445 9800.99980  4.01%     -    0s
     0     0 9800.99980    0   59 10209.9984 9800.99980  4.01%     -    0s
     0     0 9800.99980    0   59 10209.9984 9800.99980  4.01%     -    0s
     0     0 9801.09015    0   44 10209.9984 9801.09015  4.00%     -    0s
     0     0 9801.22193    0   64 10209.9984 9801.22193  4.00%     -    0s
     0     0 9804.57350    0   63 10209.9984 9804.57350  3.97%     -    0s
     0     0 9804.57350    0   63 10209.9984 9804.57350  3.97%     -    0s
     0     0 9806.17218    0   65 10209.9984 9806.17218  3.96%     -    0s
     0     0 9806.17218    0   67 10209.9984 9806.17218  3.96%     -    0s
     0     0 9810.48293    0   62 10209.9984 9810.48293  3.91%     -    0s
     0     0 9810.48293    0   63 10209.9984 9810.48293  3.91%     -    0s
     0     0 9810.97873    0   60 10209.9984 9810.97873  3.91%     -    0s
     0     0 9810.97873    0   61 10209.9984 9810.97873  3.91%     -    0s
     0     0 9811.31677    0   61 10209.9984 9811.31677  3.90%     -    0s
     0     0 9811.31677    0   44 10209.9984 9811.31677  3.90%     -    0s
 39583 13035     cutoff   42      10209.9984 9912.45389  2.91%  11.2    5s
H71981 17424                    10209.998429 9912.45389  2.91%  11.4    6s
 100079 24365 9912.45389   35    6 10209.9984 9912.45389  2.91%  11.1   10s
 166441 40738 10042.6534   59    5 10209.9984 9951.22298  2.53%  12.1   15s
 237533 53496 9971.18142   37    9 10209.9984 9964.77249  2.40%  12.4   20s
 319410 73498 10034.9998   37    3 10209.9984 9969.99976  2.35%  12.7   25s
 381497 93662 10023.9998   88   11 10209.9984 9969.99976  2.35%  13.0   30s
 458453 110389     cutoff   69      10209.9984 9969.99976  2.35%  13.2   35s
 522094 126574 10019.9998   34    3 10209.9984 9969.99976  2.35%  13.5   40s
 583556 148424 10039.9998   66    7 10209.9984 9969.99976  2.35%  13.7   45s
 650389 162221 10008.6898   71   15 10209.9984 9969.99976  2.35%  13.8   50s
 705080 182154     cutoff   42      10209.9984 9969.99976  2.35%  14.0   55s
 767769 198819 9971.25240   70   18 10209.9984 9969.99976  2.35%  14.1   60s
 826741 214433 9982.02401   35   12 10209.9984 9969.99976  2.35%  14.2   65s
 884782 235130 10023.9998   90   11 10209.9984 9969.99976  2.35%  14.3   70s
H946150 245376                    10209.998358 9969.99976  2.35%  14.4   74s
 955978 250577 9971.46318   70   10 10209.9984 9969.99976  2.35%  14.4   75s
 1002555 269425 9995.83847   35    5 10209.9984 9970.99976  2.34%  14.6   80s
 1074754 288950 10014.9998   77   14 10209.9984 9970.99976  2.34%  14.6   85s
 1149575 308313 10014.9998   86   14 10209.9984 9970.99976  2.34%  14.5   90s
 1199019 330863 9973.68501   68   15 10209.9984 9970.99976  2.34%  14.6   95s
 1271678 347769 infeasible   72      10209.9984 9970.99976  2.34%  14.6  100s
 1335940 366107     cutoff   39      10209.9984 9970.99976  2.34%  14.6  105s
 1396118 388900 10024.9998   77    6 10209.9984 9970.99976  2.34%  14.6  110s
 1467949 402708 9997.51233   70   10 10209.9984 9970.99976  2.34%  14.6  115s
 1528727 419661 10014.5816   37    5 10209.9984 9970.99976  2.34%  14.6  120s
 1579567 431518     cutoff   59      10209.9984 9970.99976  2.34%  14.7  125s
 1642727 445843 9990.99976   37    5 10209.9984 9970.99976  2.34%  14.7  130s
 1695713 465722 10004.9998   74   16 10209.9984 9970.99976  2.34%  14.7  135s
 1765163 479908 10014.9998   75   12 10209.9984 9970.99976  2.34%  14.7  140s
 1817328 498668 infeasible   41      10209.9984 9970.99976  2.34%  14.8  145s
 1884113 513327 10006.9998   60   11 10209.9984 9970.99976  2.34%  14.8  150s
 1955912 528184 9970.99976   36   12 10209.9984 9970.99976  2.34%  14.8  155s
 2006144 549540 9978.55505   67   14 10209.9984 9970.99976  2.34%  14.9  160s
 2076929 563697 10006.9692   79   10 10209.9984 9971.17601  2.34%  14.8  165s
 2118774 578967     cutoff   46      10209.9984 9971.89012  2.33%  14.9  170s
 2179844 591259 9983.99976   78   10 10209.9984 9972.20005  2.33%  14.9  175s

Cutting planes:
  Learned: 4
  Gomory: 4
  Cover: 10
  Implied bound: 17
  Clique: 21
  MIR: 33
  StrongCG: 3
  Flow cover: 3
  Network: 2
  RLT: 12
  Relax-and-lift: 11

Explored 2236040 nodes (33527485 simplex iterations) in 180.33 seconds (193.49 work units)
Thread count was 8 (of 8 available processors)

Solution count 4: 10210 10210 10210 10210 

Solve interrupted
Best objective 1.020999835771e+04, best bound 9.973070971368e+03, gap 2.3205%

User-callback calls 4472041, time in user-callback 6.87 sec

Statistics for modelBBOS_BWIN_BTG:
  Linear constraint matrix    : 3984 Constrs, 2210 Vars, 14472 NZs
  Variable types              : 1213 Continuous,
997 Integer (100 Binary)
  Matrix coefficient range    : [ 1, 200 ]
  Objective coefficient range : [ 1, 396 ]
  Variable bound range        : [ 1, 199 ]
  RHS coefficient range       : [ 1, 549 ]

Gurobi 10.0.1 (mac64[arm]) logging started Mon Apr  8 00:24:12 2024

Set parameter LogFile to value "/Users/deniserings/Documents/zib/s-bahn-data/scripts/DeniseMA/processed/BBOS_BWIN_BTG/Branching/BBOS_BWIN_BTG_random2_subMBP202404072240.log"
Gurobi Optimizer version 10.0.1 build v10.0.1rc0 (mac64[arm])

CPU model: Apple M2
Thread count: 8 physical cores, 8 logical processors, using up to 8 threads

Optimize a model with 3982 rows, 2210 columns and 14470 nonzeros
Model fingerprint: 0x5116d50d
Variable types: 1213 continuous, 997 integer (100 binary)
Coefficient statistics:
  Matrix range     [1e+00, 2e+02]
  Objective range  [1e+00, 4e+02]
  Bounds range     [1e+00, 2e+02]
  RHS range        [1e+00, 5e+02]

Loaded user MIP start with objective 10210

Presolve removed 2433 rows and 1098 columns
Presolve time: 0.25s
Presolved: 1549 rows, 1112 columns, 6701 nonzeros
Found heuristic solution: objective 10209.998232
Variable types: 585 continuous, 527 integer (527 binary)

Root relaxation: objective 9.169212e+03, 492 iterations, 0.00 seconds (0.00 work units)

    Nodes    |    Current Node    |     Objective Bounds      |     Work
 Expl Unexpl |  Obj  Depth IntInf | Incumbent    BestBd   Gap | It/Node Time

     0     0 9169.21194    0   45 10209.9982 9169.21194  10.2%     -    0s
     0     0 9753.99878    0   62 10209.9982 9753.99878  4.47%     -    0s
     0     0 9753.99878    0   62 10209.9982 9753.99878  4.47%     -    0s
     0     0 9757.99916    0   76 10209.9982 9757.99916  4.43%     -    0s
     0     0 9777.99914    0   87 10209.9982 9777.99914  4.23%     -    0s
     0     0 9794.99914    0   84 10209.9982 9794.99914  4.06%     -    0s
     0     0 9794.99914    0   67 10209.9982 9794.99914  4.06%     -    0s
H    0     0                    10209.997834 9794.99914  4.06%     -    0s
H 1147   777                    10209.997368 9838.99901  3.63%   9.6    0s
H 2953  1708                    10209.997351 9868.99915  3.34%   8.5    1s
H 4903  2416                    10209.997349 9881.08657  3.22%   9.4    1s
H12477  3031                    10209.997333 9888.99908  3.14%  10.8    2s
 34973 11654 9938.99914   35    3 10209.9973 9888.99914  3.14%  12.2    5s
 59989 19298 9889.99913   25   13 10209.9973 9889.99913  3.13%  12.2   10s
 105572 24931 9929.99905   38    4 10209.9973 9909.99905  2.94%  12.3   15s
 168912 38042     cutoff   90      10209.9973 9917.99905  2.86%  12.6   20s
H200684 44896                    10209.997300 9917.99914  2.86%  12.6   21s
 225832 55673 10005.2491   64   15 10209.9973 9942.87427  2.62%  12.7   25s
 289467 70339 10015.9991   49   19 10209.9973 9958.54095  2.46%  12.8   30s
 353625 86808 10006.0080   74   17 10209.9973 9968.99905  2.36%  12.9   35s
 404978 103273 10018.9991   36    4 10209.9973 9968.99909  2.36%  13.1   40s
H432139 106699                    10209.997228 9968.99909  2.36%  13.1   41s
 456041 118552 9969.05155   55   29 10209.9972 9968.99909  2.36%  13.3   45s
 505964 134244     cutoff   28      10209.9972 9968.99915  2.36%  13.5   50s
 559522 150867 10002.9991   66    8 10209.9972 9968.99915  2.36%  13.7   55s
 611108 166012 9968.99915   32    4 10209.9972 9968.99915  2.36%  13.8   60s
 664068 183079 9970.18794   51   14 10209.9972 9968.99915  2.36%  13.9   65s
 728054 199436 9988.99916   33    4 10209.9972 9968.99916  2.36%  13.9   70s
H736265 200407                    10209.997196 9968.99916  2.36%  13.9   70s
 767572 215518 10024.3305   80   16 10209.9972 9969.99905  2.35%  14.0   75s
 827443 229520 10117.2453   34    5 10209.9972 9969.99905  2.35%  14.1   80s
 865338 243772 9989.99905   68   14 10209.9972 9969.99905  2.35%  14.2   85s
 912578 257049     cutoff   40      10209.9972 9969.99905  2.35%  14.3   90s
 960186 271335 10030.9991   70   19 10209.9972 9969.99905  2.35%  14.3   95s
 1005412 287057     cutoff   42      10209.9972 9969.99907  2.35%  14.3  100s
 1061487 303090 9970.75754   63   26 10209.9972 9969.99907  2.35%  14.4  105s
 1104147 319331 10019.9991   39    2 10209.9972 9969.99914  2.35%  14.4  110s
 1164883 337226 9971.98130   76   16 10209.9972 9969.99914  2.35%  14.4  115s
 1211128 352828 10094.0295   42    4 10209.9972 9969.99915  2.35%  14.5  120s
 1265116 367442 9972.77483   92   22 10209.9972 9970.44485  2.35%  14.5  125s
 1296650 381549     cutoff   40      10209.9972 9970.99905  2.34%  14.6  130s
 1359608 394397 infeasible   69      10209.9972 9970.99905  2.34%  14.6  135s
 1388771 407657 10024.9991   79   12 10209.9972 9970.99905  2.34%  14.7  140s
 1455756 422887 9971.88062   62   15 10209.9972 9970.99907  2.34%  14.7  145s
 1487815 438203 10014.9991   74    9 10209.9972 9970.99914  2.34%  14.7  150s
 1554455 451248 10014.9991   57   22 10209.9972 9971.26342  2.34%  14.7  155s
 1583249 464405 10007.9417   64   17 10209.9972 9971.62896  2.33%  14.8  160s
 1649760 474996 10007.7828   84   19 10209.9972 9975.71841  2.29%  14.7  165s
 1682041 489609     cutoff   67      10209.9972 9975.84537  2.29%  14.8  170s
 1750787 497864     cutoff   53      10209.9972 9992.29929  2.13%  14.8  175s
 1776065 508115 10025.9991   69   20 10209.9972 9992.50801  2.13%  14.9  180s

Cutting planes:
  Learned: 3
  Gomory: 5
  Cover: 8
  Implied bound: 12
  Clique: 35
  MIR: 24
  StrongCG: 4
  RLT: 11
  Relax-and-lift: 4

Explored 1777112 nodes (26518853 simplex iterations) in 180.45 seconds (191.31 work units)
Thread count was 8 (of 8 available processors)

Solution count 6: 10210 10210 10210 ... 10210

Solve interrupted
Best objective 1.020999719595e+04, best bound 9.992526532042e+03, gap 2.1300%

User-callback calls 3553413, time in user-callback 5.58 sec

Statistics for modelBBOS_BWIN_BTG:
  Linear constraint matrix    : 3982 Constrs, 2210 Vars, 14470 NZs
  Variable types              : 1213 Continuous,
997 Integer (100 Binary)
  Matrix coefficient range    : [ 1, 200 ]
  Objective coefficient range : [ 1, 396 ]
  Variable bound range        : [ 1, 199 ]
  RHS coefficient range       : [ 1, 549 ]
