
Gurobi 10.0.1 (mac64[arm]) logging started Mon Apr  8 00:27:12 2024

Set parameter LogFile to value "/Users/deniserings/Documents/zib/s-bahn-data/scripts/DeniseMA/processed/BBOS_BWIN_BTG/Branching/BBOS_BWIN_BTG_random3_subMBP202404072240.log"
Gurobi Optimizer version 10.0.1 build v10.0.1rc0 (mac64[arm])

CPU model: Apple M2
Thread count: 8 physical cores, 8 logical processors, using up to 8 threads

Optimize a model with 3993 rows, 2210 columns and 14481 nonzeros
Model fingerprint: 0x1d9f89b2
Variable types: 1213 continuous, 997 integer (100 binary)
Coefficient statistics:
  Matrix range     [1e+00, 2e+02]
  Objective range  [1e+00, 4e+02]
  Bounds range     [1e+00, 2e+02]
  RHS range        [1e+00, 5e+02]

Loaded user MIP start with objective 10210

Presolve removed 2895 rows and 1325 columns
Presolve time: 0.22s
Presolved: 1098 rows, 885 columns, 4909 nonzeros
Found heuristic solution: objective 10209.999055
Variable types: 464 continuous, 421 integer (421 binary)

Root relaxation: objective 9.889000e+03, 330 iterations, 0.00 seconds (0.00 work units)

    Nodes    |    Current Node    |     Objective Bounds      |     Work
 Expl Unexpl |  Obj  Depth IntInf | Incumbent    BestBd   Gap | It/Node Time

     0     0 9888.99998    0   14 10209.9991 9888.99998  3.14%     -    0s
     0     0 9888.99998    0   21 10209.9991 9888.99998  3.14%     -    0s
     0     0 9888.99998    0    8 10209.9991 9888.99998  3.14%     -    0s
     0     0 9888.99998    0    9 10209.9991 9888.99998  3.14%     -    0s
     0     0 9888.99998    0    5 10209.9991 9888.99998  3.14%     -    0s
     0     0 9888.99998    0    7 10209.9991 9888.99998  3.14%     -    0s
     0     0 9888.99998    0    7 10209.9991 9888.99998  3.14%     -    0s
     0     0 9888.99998    0    7 10209.9991 9888.99998  3.14%     -    0s
     0     0 9888.99998    0    8 10209.9991 9888.99998  3.14%     -    0s
     0     0 9888.99998    0    8 10209.9991 9888.99998  3.14%     -    0s
 61387 23377 9948.99998   31    9 10209.9991 9948.99998  2.56%  10.6    5s
 104458 30703     cutoff   41      10209.9991 9968.99998  2.36%  11.9   10s
 174886 39219     cutoff   76      10209.9991 9968.99998  2.36%  12.5   15s
 263632 51327 9971.30622   59    9 10209.9991 9968.99998  2.36%  12.7   20s
 344560 73251 10023.8545   95   15 10209.9991 9968.99998  2.36%  12.9   25s
 422932 91911 10034.0000   42    2 10209.9991 9968.99998  2.36%  13.1   30s
 488911 113318 9968.99998   33    5 10209.9991 9968.99998  2.36%  13.5   35s
 571354 132170 10006.5040   71   11 10209.9991 9968.99998  2.36%  13.6   40s
 654960 150215 9976.34863   71    9 10209.9991 9968.99998  2.36%  13.6   45s
 731929 167538 9994.36878   46    6 10209.9991 9968.99998  2.36%  13.7   50s
 787283 185548 9982.99998   68   14 10209.9991 9968.99998  2.36%  14.0   55s
 862145 198525 10005.6411   70    9 10209.9991 9968.99998  2.36%  14.1   60s
 929898 210823     cutoff   41      10209.9991 9968.99998  2.36%  14.3   65s
 985891 225959 10002.4625   80   13 10209.9991 9968.99998  2.36%  14.6   70s
 1061429 241457 10004.8202   77   19 10209.9991 9969.38745  2.36%  14.6   75s
 1126922 258155 9971.06437   41    7 10209.9991 9971.06437  2.34%  14.8   80s
 1186077 272681 10013.0000   89   11 10209.9991 9972.49504  2.33%  14.9   85s
 1264596 285332     cutoff   87      10209.9991 9976.46886  2.29%  14.9   90s
 1337518 292065 10026.2036   37    6 10209.9991 9982.99998  2.22%  15.0   95s
 1385427 301266 9992.99998   74   14 10209.9991 9982.99998  2.22%  15.2  100s
 1457558 312641 10003.5936   83   14 10209.9991 9982.99998  2.22%  15.2  105s
 1499598 320658 10001.1276   83   13 10209.9991 9982.99998  2.22%  15.5  110s
 1572622 333327 10023.0000   83    8 10209.9991 9982.99998  2.22%  15.5  115s
 1628107 342696 9982.99998   39    4 10209.9991 9982.99998  2.22%  15.6  120s
 1683515 352643     cutoff   73      10209.9991 9982.99998  2.22%  15.7  125s
 1756408 364721 10003.0000   77    5 10209.9991 9982.99998  2.22%  15.7  130s
 1797742 373368 10014.6623  101   15 10209.9991 9982.99998  2.22%  15.9  135s
 1867957 383902 infeasible   89      10209.9991 9983.06598  2.22%  15.9  140s
 1922946 379965 infeasible   41      10209.9991 9988.99998  2.16%  16.0  145s
 1992403 385943 10004.4042   74   12 10209.9991 9988.99998  2.16%  16.0  150s
 2064321 396593     cutoff   75      10209.9991 9988.99998  2.16%  16.0  155s
 2112005 405609 9988.99998   73   11 10209.9991 9988.99998  2.16%  16.2  160s
 2187011 416265 10023.0000   75    3 10209.9991 9988.99998  2.16%  16.1  165s
 2252066 425536 9988.99998   34    4 10209.9991 9988.99998  2.16%  16.2  170s
 2306702 433844 10013.9796   78   15 10209.9991 9988.99998  2.16%  16.3  175s
 2379995 442932 10023.6408   86   17 10209.9991 9988.99998  2.16%  16.3  180s

Cutting planes:
  Gomory: 5
  Cover: 3
  Implied bound: 7
  MIR: 26
  RLT: 2
  Relax-and-lift: 2

Explored 2381208 nodes (38746133 simplex iterations) in 180.30 seconds (198.21 work units)
Thread count was 8 (of 8 available processors)

Solution count 10: 10210 10210 10210 ... 10211

Solve interrupted
Best objective 1.020999905475e+04, best bound 9.988999983699e+03, gap 2.1645%

User-callback calls 4761348, time in user-callback 7.39 sec

Statistics for modelBBOS_BWIN_BTG:
  Linear constraint matrix    : 3993 Constrs, 2210 Vars, 14481 NZs
  Variable types              : 1213 Continuous,
997 Integer (100 Binary)
  Matrix coefficient range    : [ 1, 200 ]
  Objective coefficient range : [ 1, 396 ]
  Variable bound range        : [ 1, 199 ]
  RHS coefficient range       : [ 1, 549 ]

Gurobi 10.0.1 (mac64[arm]) logging started Mon Apr  8 00:30:13 2024

Set parameter LogFile to value "/Users/deniserings/Documents/zib/s-bahn-data/scripts/DeniseMA/processed/BBOS_BWIN_BTG/Branching/BBOS_BWIN_BTG_random3_subMBP202404072240.log"
Gurobi Optimizer version 10.0.1 build v10.0.1rc0 (mac64[arm])

CPU model: Apple M2
Thread count: 8 physical cores, 8 logical processors, using up to 8 threads

Optimize a model with 3987 rows, 2210 columns and 14475 nonzeros
Model fingerprint: 0x65be5fad
Variable types: 1213 continuous, 997 integer (100 binary)
Coefficient statistics:
  Matrix range     [1e+00, 2e+02]
  Objective range  [1e+00, 4e+02]
  Bounds range     [1e+00, 2e+02]
  RHS range        [1e+00, 5e+02]

Loaded user MIP start with objective 10210

Presolve removed 2670 rows and 1217 columns
Presolve time: 0.24s
Presolved: 1317 rows, 993 columns, 5736 nonzeros
Found heuristic solution: objective 10209.999055
Variable types: 520 continuous, 473 integer (473 binary)

Root relaxation: objective 9.840000e+03, 444 iterations, 0.00 seconds (0.00 work units)

    Nodes    |    Current Node    |     Objective Bounds      |     Work
 Expl Unexpl |  Obj  Depth IntInf | Incumbent    BestBd   Gap | It/Node Time

     0     0 9839.99998    0   30 10209.9991 9839.99998  3.62%     -    0s
     0     0 9871.23470    0   36 10209.9991 9871.23470  3.32%     -    0s
H    0     0                    10209.999051 9871.40165  3.32%     -    0s
     0     0 9871.52891    0   32 10209.9991 9871.52891  3.32%     -    0s
     0     0 9871.52891    0   40 10209.9991 9871.52891  3.32%     -    0s
     0     0 9878.99998    0   24 10209.9991 9878.99998  3.24%     -    0s
     0     0 9879.01765    0   39 10209.9991 9879.01765  3.24%     -    0s
     0     0 9879.01932    0   29 10209.9991 9879.01932  3.24%     -    0s
     0     0 9879.12413    0   25 10209.9991 9879.12413  3.24%     -    0s
     0     0 9879.12413    0   25 10209.9991 9879.12413  3.24%     -    0s
     0     0 9879.12413    0   19 10209.9991 9879.12413  3.24%     -    0s
     0     0 9879.12413    0   19 10209.9991 9879.12413  3.24%     -    0s
     0     0 9879.12413    0   11 10209.9991 9879.12413  3.24%     -    0s
     0     0 9879.12413    0   11 10209.9991 9879.12413  3.24%     -    0s
     0     0 9879.12413    0   15 10209.9991 9879.12413  3.24%     -    0s
     0     0 9879.12413    0   14 10209.9991 9879.12413  3.24%     -    0s
     0     0 9886.01719    0   11 10209.9991 9886.01719  3.17%     -    0s
     0     0 9886.01719    0   13 10209.9991 9886.01719  3.17%     -    0s
     0     0 9886.02330    0   10 10209.9991 9886.02330  3.17%     -    0s
     0     0 9886.02419    0   12 10209.9991 9886.02419  3.17%     -    0s
     0     0 9886.03201    0   22 10209.9991 9886.03201  3.17%     -    0s
     0     0 9886.04726    0   21 10209.9991 9886.04726  3.17%     -    0s
     0     0 9886.04726    0   21 10209.9991 9886.04726  3.17%     -    0s
H 5104  2264                    10209.998862 9948.99998  2.56%   9.4    1s
H10947  3764                    10209.998846 9948.99998  2.56%  10.5    2s
 33458 10535 9950.88770   48   17 10209.9988 9948.99998  2.56%  12.6    5s
 65102 19863 9950.74105   42   16 10209.9988 9950.74105  2.54%  14.3   11s
H65764 19302                    10209.998844 9950.74105  2.54%  14.3   11s
 101291 26511     cutoff   60      10209.9988 9950.74105  2.54%  14.3   15s
 163529 33057 10005.0000   68    8 10209.9988 9968.99998  2.36%  14.0   20s
 215347 45319 10002.1027   69   22 10209.9988 9968.99998  2.36%  14.3   25s
H268828 56217                    10209.998811 9968.99998  2.36%  14.4   29s
 272497 57896 9985.99998   72    9 10209.9988 9968.99998  2.36%  14.5   30s
 307190 69732 infeasible   40      10209.9988 9968.99998  2.36%  15.0   35s
 362939 80604 10017.0000   90    5 10209.9988 9968.99998  2.36%  15.0   40s
 399356 92101 9976.99998   32   11 10209.9988 9968.99998  2.36%  15.3   45s
 456429 103333     cutoff   76      10209.9988 9968.99998  2.36%  15.2   50s
 484764 113556     cutoff   78      10209.9988 9968.99998  2.36%  15.5   55s
 549203 125222 9968.99998   67   11 10209.9988 9968.99998  2.36%  15.4   60s
 579831 137735 10005.0000   62    8 10209.9988 9968.99998  2.36%  15.6   65s
 645887 155313 10003.0000   71   10 10209.9988 9968.99998  2.36%  15.4   70s
 676713 167212 9970.99998   65    9 10209.9988 9968.99998  2.36%  15.6   75s
 736877 181513 10034.4214   40    7 10209.9988 9968.99998  2.36%  15.5   80s
 770731 192494 10045.6005   98   10 10209.9988 9969.82785  2.35%  15.6   85s
 820031 206739     cutoff   35      10209.9988 9969.99998  2.35%  15.6   90s
H847097 210658                    10209.998740 9969.99998  2.35%  15.5   91s
 869582 221433     cutoff  106      10209.9987 9969.99998  2.35%  15.5   95s
 918297 236018 10095.4545   37    5 10209.9987 9969.99998  2.35%  15.5  100s
H947649 240151                    10209.998707 9969.99998  2.35%  15.4  101s
 969597 249589 10023.2500   82   10 10209.9987 9970.44710  2.35%  15.5  105s
 1005368 262345 9993.38094   37    6 10209.9987 9970.99998  2.34%  15.6  110s
 1065413 276360     cutoff   83      10209.9987 9971.07543  2.34%  15.5  115s
 1094399 287621 10040.6250   82    7 10209.9987 9971.89284  2.33%  15.6  120s
 1158260 300617 10004.0000   81    6 10209.9987 9972.36108  2.33%  15.6  125s
 1186749 310176 10007.9086   64   19 10209.9987 9973.81335  2.31%  15.7  130s
 1252100 324450 10040.0000   76    5 10209.9987 9973.99998  2.31%  15.6  135s
 1282099 337283 9993.99998   85    8 10209.9987 9973.99998  2.31%  15.7  140s
 1334820 350124     cutoff   46      10209.9987 9973.99998  2.31%  15.7  145s
H1353843 353869                    10209.998690 9973.99998  2.31%  15.7  146s
 1378641 363701 10028.0000   92   10 10209.9987 9974.33181  2.31%  15.8  150s
 1409764 374067 10027.9768   45    4 10209.9987 9975.74849  2.29%  15.8  155s
 1470604 384702     cutoff   77      10209.9987 9977.85056  2.27%  15.8  160s
 1500454 386819     cutoff   60      10209.9987 9982.99998  2.22%  15.9  165s
 1563519 394763 10003.0000   75    9 10209.9987 9982.99998  2.22%  15.8  170s
 1584600 398821 10047.0000   81   10 10209.9987 9982.99998  2.22%  16.0  175s
 1607818 404100 10022.2500   45    5 10209.9987 9983.99998  2.21%  16.1  180s

Cutting planes:
  Learned: 3
  Gomory: 2
  Cover: 10
  Implied bound: 7
  Clique: 1
  MIR: 28
  StrongCG: 1
  Flow cover: 2
  RLT: 4
  Relax-and-lift: 2

Explored 1609448 nodes (25897009 simplex iterations) in 180.33 seconds (202.83 work units)
Thread count was 8 (of 8 available processors)

Solution count 10: 10210 10210 10210 ... 10210

Solve interrupted
Best objective 1.020999869045e+04, best bound 9.983999983233e+03, gap 2.2135%

User-callback calls 3217239, time in user-callback 5.01 sec

Statistics for modelBBOS_BWIN_BTG:
  Linear constraint matrix    : 3987 Constrs, 2210 Vars, 14475 NZs
  Variable types              : 1213 Continuous,
997 Integer (100 Binary)
  Matrix coefficient range    : [ 1, 200 ]
  Objective coefficient range : [ 1, 396 ]
  Variable bound range        : [ 1, 199 ]
  RHS coefficient range       : [ 1, 549 ]

Gurobi 10.0.1 (mac64[arm]) logging started Mon Apr  8 00:33:13 2024

Set parameter LogFile to value "/Users/deniserings/Documents/zib/s-bahn-data/scripts/DeniseMA/processed/BBOS_BWIN_BTG/Branching/BBOS_BWIN_BTG_random3_subMBP202404072240.log"
Gurobi Optimizer version 10.0.1 build v10.0.1rc0 (mac64[arm])

CPU model: Apple M2
Thread count: 8 physical cores, 8 logical processors, using up to 8 threads

Optimize a model with 3984 rows, 2210 columns and 14472 nonzeros
Model fingerprint: 0x67344e13
Variable types: 1213 continuous, 997 integer (100 binary)
Coefficient statistics:
  Matrix range     [1e+00, 2e+02]
  Objective range  [1e+00, 4e+02]
  Bounds range     [1e+00, 2e+02]
  RHS range        [1e+00, 5e+02]

Loaded user MIP start with objective 10210

Presolve removed 2639 rows and 1199 columns
Presolve time: 0.24s
Presolved: 1345 rows, 1011 columns, 5800 nonzeros
Variable types: 535 continuous, 476 integer (476 binary)

Root relaxation: objective 9.840000e+03, 492 iterations, 0.00 seconds (0.00 work units)

    Nodes    |    Current Node    |     Objective Bounds      |     Work
 Expl Unexpl |  Obj  Depth IntInf | Incumbent    BestBd   Gap | It/Node Time

     0     0 9840.00000    0   26 10209.9991 9840.00000  3.62%     -    0s
     0     0 9840.00000    0   24 10209.9991 9840.00000  3.62%     -    0s
H    0     0                    10209.998905 9843.00000  3.59%     -    0s
     0     0 9871.20346    0   29 10209.9989 9871.20346  3.32%     -    0s
     0     0 9871.23205    0   30 10209.9989 9871.23205  3.32%     -    0s
     0     0 9871.38829    0   39 10209.9989 9871.38829  3.32%     -    0s
     0     0 9871.38829    0   38 10209.9989 9871.38829  3.32%     -    0s
     0     0 9879.00000    0   31 10209.9989 9879.00000  3.24%     -    0s
     0     0 9879.00000    0   40 10209.9989 9879.00000  3.24%     -    0s
H    0     0                    10209.998902 9879.00000  3.24%     -    0s
     0     0 9879.00000    0   42 10209.9989 9879.00000  3.24%     -    0s
     0     0 9879.00000    0   22 10209.9989 9879.00000  3.24%     -    0s
H12223  3570                    10209.998869 9949.00000  2.56%   9.3    2s
H44460 15863                    10209.998847 9949.00000  2.56%  11.8    4s
 44460 16196 9969.00000   42   11 10209.9988 9949.00000  2.56%  11.8    5s
 65237 25475 9958.64266   40   20 10209.9988 9950.00000  2.55%  12.7   10s
H96560 29220                    10209.998809 9969.00000  2.36%  12.4   12s
 126632 34441     cutoff   83      10209.9988 9969.00000  2.36%  12.6   15s
 179775 46558 10015.8743   90    8 10209.9988 9971.00000  2.34%  13.2   20s
 232542 66153 9973.00000   73    7 10209.9988 9972.94817  2.32%  13.7   25s
 290795 83358 10038.2500   72    7 10209.9988 9976.39225  2.29%  13.9   30s
H345512 93053                    10209.998776 9979.00000  2.26%  13.7   33s
 351913 97478 10023.0000   80   17 10209.9988 9979.00000  2.26%  13.9   35s
 388916 113594 10002.0000   48    2 10209.9988 9982.00000  2.23%  14.3   40s
H439263 121584                    10209.998688 9982.00000  2.23%  14.0   42s
 458641 131500     cutoff   97      10209.9987 9982.00000  2.23%  14.2   45s
 490831 147428     cutoff   48      10209.9987 9983.12843  2.22%  14.6   50s
 553086 159113 9984.45537   70   12 10209.9987 9984.00000  2.21%  14.6   55s
 579105 168304 9993.70414   71   17 10209.9987 9986.00000  2.19%  15.0   60s
H642072 179661                    10209.998655 9987.49553  2.18%  14.9   64s
 643665 180236     cutoff   92      10209.9987 9988.00000  2.17%  14.9   65s
 669691 192050 10003.0000   67   13 10209.9987 9989.00000  2.16%  15.2   70s
 691445 202408 10045.6250   66   20 10209.9987 9989.00000  2.16%  15.4   75s
 756551 218384 10003.0000   65   13 10209.9987 9989.05882  2.16%  15.3   80s
 780707 228726     cutoff   90      10209.9987 9990.00000  2.15%  15.5   85s
 844992 241684 10004.0000   61   11 10209.9987 9990.00000  2.15%  15.4   90s
 871287 251433 10005.0000   83    8 10209.9987 9991.00000  2.14%  15.6   95s
 902236 261300     cutoff   42      10209.9987 9992.00000  2.14%  15.8  100s
 959977 273897 9992.16185   77   18 10209.9987 9992.00000  2.14%  15.8  105s
 984471 284668 10013.0000   71    6 10209.9987 9993.00000  2.13%  16.0  110s
 1047249 296680 10013.9488   79    7 10209.9987 9993.00000  2.13%  15.9  115s
 1070571 306551 10036.2500   76   11 10209.9987 9993.00000  2.13%  16.0  120s
 1095172 317038     cutoff   91      10209.9987 9993.00000  2.13%  16.2  125s
 1157566 330006 10014.2306   81    9 10209.9987 9993.22171  2.12%  16.1  130s
 1180906 337050     cutoff   93      10209.9987 9994.13969  2.11%  16.2  135s
 1247186 344454 10039.0339   91   17 10209.9987 10014.0000  1.92%  16.1  140s
 1272559 356625 10025.6129   72    8 10209.9987 10014.0000  1.92%  16.2  145s
 1301858 367751 infeasible   43      10209.9987 10014.0000  1.92%  16.3  150s
 1363348 376310     cutoff   75      10209.9987 10014.0000  1.92%  16.2  155s
 1390672 390693 10024.0000   71   14 10209.9987 10014.0000  1.92%  16.3  160s
 1459283 401967 10024.0000   71   10 10209.9987 10014.1189  1.92%  16.2  165s
 1484742 407815     cutoff   71      10209.9987 10015.3618  1.91%  16.3  170s
 1554190 417810 10036.0000   78    8 10209.9987 10016.0000  1.90%  16.1  175s
 1578511 428794 10036.0000   86    7 10209.9987 10016.0000  1.90%  16.2  180s

Cutting planes:
  Learned: 4
  Gomory: 3
  Cover: 5
  Implied bound: 6
  Clique: 2
  MIR: 19
  Flow cover: 1
  RLT: 11
  Relax-and-lift: 2

Explored 1579377 nodes (25661867 simplex iterations) in 180.43 seconds (207.89 work units)
Thread count was 8 (of 8 available processors)

Solution count 9: 10210 10210 10210 ... 10210

Solve interrupted
Best objective 1.020999865495e+04, best bound 1.001599999761e+04, gap 1.9001%

User-callback calls 3158585, time in user-callback 4.93 sec

Statistics for modelBBOS_BWIN_BTG:
  Linear constraint matrix    : 3984 Constrs, 2210 Vars, 14472 NZs
  Variable types              : 1213 Continuous,
997 Integer (100 Binary)
  Matrix coefficient range    : [ 1, 200 ]
  Objective coefficient range : [ 1, 396 ]
  Variable bound range        : [ 1, 199 ]
  RHS coefficient range       : [ 1, 549 ]

Gurobi 10.0.1 (mac64[arm]) logging started Mon Apr  8 00:36:14 2024

Set parameter LogFile to value "/Users/deniserings/Documents/zib/s-bahn-data/scripts/DeniseMA/processed/BBOS_BWIN_BTG/Branching/BBOS_BWIN_BTG_random3_subMBP202404072240.log"
Gurobi Optimizer version 10.0.1 build v10.0.1rc0 (mac64[arm])

CPU model: Apple M2
Thread count: 8 physical cores, 8 logical processors, using up to 8 threads

Optimize a model with 3982 rows, 2210 columns and 14470 nonzeros
Model fingerprint: 0x4c554940
Variable types: 1213 continuous, 997 integer (100 binary)
Coefficient statistics:
  Matrix range     [1e+00, 2e+02]
  Objective range  [1e+00, 4e+02]
  Bounds range     [1e+00, 2e+02]
  RHS range        [1e+00, 5e+02]

Loaded user MIP start with objective 10210

Presolve removed 2441 rows and 1100 columns
Presolve time: 0.25s
Presolved: 1541 rows, 1110 columns, 6617 nonzeros
Found heuristic solution: objective 10209.998726
Variable types: 584 continuous, 526 integer (526 binary)

Root relaxation: objective 9.169212e+03, 547 iterations, 0.00 seconds (0.00 work units)

    Nodes    |    Current Node    |     Objective Bounds      |     Work
 Expl Unexpl |  Obj  Depth IntInf | Incumbent    BestBd   Gap | It/Node Time

     0     0 9169.21208    0  140 10209.9987 9169.21208  10.2%     -    0s
     0     0 9727.99959    0   88 10209.9987 9727.99959  4.72%     -    0s
     0     0 9727.99959    0   83 10209.9987 9727.99959  4.72%     -    0s
     0     0 9758.99246    0   81 10209.9987 9758.99246  4.42%     -    0s
     0     0 9758.99246    0   75 10209.9987 9758.99246  4.42%     -    0s
     0     0 9777.99963    0   81 10209.9987 9777.99963  4.23%     -    0s
     0     0 9779.99963    0   79 10209.9987 9779.99963  4.21%     -    0s
     0     0 9798.99952    0   75 10209.9987 9798.99952  4.03%     -    0s
     0     0 9799.00424    0   95 10209.9987 9799.00424  4.03%     -    0s
     0     0 9803.99964    0   88 10209.9987 9803.99964  3.98%     -    0s
     0     0 9822.99963    0   88 10209.9987 9822.99963  3.79%     -    0s
     0     0 9822.99963    0   92 10209.9987 9822.99963  3.79%     -    0s
     0     0 9822.99963    0   47 10209.9987 9822.99963  3.79%     -    0s
H 1151   741                    10209.998033 9868.99965  3.34%  10.2    0s
H 2958  1397                    10209.997950 9870.86623  3.32%   8.8    1s
 35552  9158     cutoff   31      10209.9980 9890.68829  3.13%  10.1    5s
 62599 17255 9903.87636   28   31 10209.9980 9903.87636  3.00%  11.3   14s
 72335 18396 9912.92830   42   14 10209.9980 9903.87636  3.00%  11.2   15s
H121355 26882                    10209.997917 9929.99946  2.74%  10.9   18s
 134683 30534 10045.9995   58    8 10209.9979 9929.99946  2.74%  10.9   20s
 205857 51126 9969.12446   77    4 10209.9979 9929.99946  2.74%  10.9   25s
 275395 78142 9933.37248   71   16 10209.9979 9931.96797  2.72%  11.0   30s
 343324 97918 9935.40228   47   14 10209.9979 9935.40228  2.69%  11.3   35s
 402515 117389 9993.99946   38    6 10209.9979 9943.99946  2.61%  11.3   40s
 461606 133828 10009.9995   58   18 10209.9979 9943.99946  2.61%  11.5   45s
 536402 150014 10025.8991   45    5 10209.9979 9964.10325  2.41%  11.6   50s
 566098 154027 10053.7495   69    7 10209.9979 9969.99946  2.35%  12.0   55s
 619115 163682     cutoff   44      10209.9979 9970.47130  2.35%  12.3   60s
 663153 167506 10024.0342   81   14 10209.9979 9973.99946  2.31%  12.6   65s
 704334 170511 10037.6949   43    3 10209.9979 9977.69494  2.28%  12.9   70s
 766569 172845 10040.9806   79   13 10209.9979 9983.99946  2.21%  13.0   75s
 839826 176836     cutoff   71      10209.9979 9983.99946  2.21%  13.0   80s
 872034 181654 10042.9994   85    9 10209.9979 9988.99939  2.16%  13.1   85s
 952091 199224 10017.1948   71   14 10209.9979 9988.99943  2.16%  13.0   90s
 997551 222296 10002.4336   32    8 10209.9979 9988.99948  2.16%  13.0   95s
 1068242 240909     cutoff  107      10209.9979 9989.59946  2.16%  12.9  100s
 1088638 252756 10056.2357   88   11 10209.9979 9989.99940  2.15%  13.1  105s
 1151087 265271 10043.9994   87   12 10209.9979 9989.99940  2.15%  13.0  110s
 1168385 274680 10009.9994   68    9 10209.9979 9989.99940  2.15%  13.2  115s
 1191095 287458 9991.28733   54   18 10209.9979 9989.99946  2.15%  13.3  120s
 1260830 303335 10029.7138   81   12 10209.9979 9994.90142  2.11%  13.3  125s
 1283842 315832 10037.9014   74   12 10209.9979 9995.37428  2.10%  13.4  130s
 1350846 321865 10090.6244   87    9 10209.9979 10020.8219  1.85%  13.4  135s
 1370137 332447 10026.0826   66   16 10209.9979 10020.9994  1.85%  13.6  140s
 1388348 341885 10051.1641   73   22 10209.9979 10020.9994  1.85%  13.7  145s
 1451927 350334 10077.0873   68   10 10209.9979 10021.1380  1.85%  13.7  150s
 1474905 361708 10087.7494   76    7 10209.9979 10021.7255  1.84%  13.8  155s
 1525007 374699 infeasible   41      10209.9979 10021.9994  1.84%  13.8  160s
 1565727 386685 10063.3858   77    8 10209.9979 10021.9994  1.84%  13.9  165s
 1592675 401908 10055.9995   74   15 10209.9979 10021.9995  1.84%  14.0  170s
 1660439 416638 10065.9995   87   18 10209.9979 10021.9995  1.84%  14.0  175s
 1683615 426813 10042.3469   75    8 10209.9979 10022.6409  1.84%  14.1  180s

Cutting planes:
  Learned: 7
  Gomory: 2
  Cover: 25
  Implied bound: 14
  Clique: 17
  MIR: 22
  StrongCG: 2
  GUB cover: 1
  RLT: 19
  Relax-and-lift: 5

Explored 1684641 nodes (23785641 simplex iterations) in 180.50 seconds (196.51 work units)
Thread count was 8 (of 8 available processors)

Solution count 4: 10210 10210 10210 10210 

Solve interrupted
Best objective 1.020999791706e+04, best bound 1.002266184804e+04, gap 1.8348%

User-callback calls 3368600, time in user-callback 5.25 sec

Statistics for modelBBOS_BWIN_BTG:
  Linear constraint matrix    : 3982 Constrs, 2210 Vars, 14470 NZs
  Variable types              : 1213 Continuous,
997 Integer (100 Binary)
  Matrix coefficient range    : [ 1, 200 ]
  Objective coefficient range : [ 1, 396 ]
  Variable bound range        : [ 1, 199 ]
  RHS coefficient range       : [ 1, 549 ]
