
Gurobi 10.0.1 (mac64[arm]) logging started Mon Apr  8 00:39:14 2024

Set parameter LogFile to value "/Users/deniserings/Documents/zib/s-bahn-data/scripts/DeniseMA/processed/BBOS_BWIN_BTG/Branching/BBOS_BWIN_BTG_random4_subMBP202404072240.log"
Gurobi Optimizer version 10.0.1 build v10.0.1rc0 (mac64[arm])

CPU model: Apple M2
Thread count: 8 physical cores, 8 logical processors, using up to 8 threads

Optimize a model with 3993 rows, 2210 columns and 14481 nonzeros
Model fingerprint: 0xe8566936
Variable types: 1213 continuous, 997 integer (100 binary)
Coefficient statistics:
  Matrix range     [1e+00, 2e+02]
  Objective range  [1e+00, 4e+02]
  Bounds range     [1e+00, 2e+02]
  RHS range        [1e+00, 5e+02]

Loaded user MIP start with objective 10210

Presolve removed 2895 rows and 1325 columns
Presolve time: 0.22s
Presolved: 1098 rows, 885 columns, 4909 nonzeros
Found heuristic solution: objective 10209.999055
Variable types: 464 continuous, 421 integer (421 binary)

Root relaxation: objective 9.889000e+03, 330 iterations, 0.00 seconds (0.00 work units)

    Nodes    |    Current Node    |     Objective Bounds      |     Work
 Expl Unexpl |  Obj  Depth IntInf | Incumbent    BestBd   Gap | It/Node Time

     0     0 9888.99998    0   14 10209.9991 9888.99998  3.14%     -    0s
     0     0 9888.99998    0   21 10209.9991 9888.99998  3.14%     -    0s
     0     0 9888.99998    0    8 10209.9991 9888.99998  3.14%     -    0s
     0     0 9888.99998    0    9 10209.9991 9888.99998  3.14%     -    0s
     0     0 9888.99998    0    5 10209.9991 9888.99998  3.14%     -    0s
     0     0 9888.99998    0    7 10209.9991 9888.99998  3.14%     -    0s
     0     0 9888.99998    0    7 10209.9991 9888.99998  3.14%     -    0s
     0     0 9888.99998    0    7 10209.9991 9888.99998  3.14%     -    0s
     0     0 9888.99998    0    8 10209.9991 9888.99998  3.14%     -    0s
     0     0 9888.99998    0    8 10209.9991 9888.99998  3.14%     -    0s
 61387 23377 9948.99998   31    9 10209.9991 9948.99998  2.56%  10.6    5s
 104458 30703     cutoff   41      10209.9991 9968.99998  2.36%  11.9   10s
 176323 38946     cutoff   41      10209.9991 9968.99998  2.36%  12.5   15s
 262221 50774 9968.99998   31    3 10209.9991 9968.99998  2.36%  12.7   20s
 342229 71348 10002.0000   62   12 10209.9991 9968.99998  2.36%  12.9   25s
 417702 91309 10019.0000   37    6 10209.9991 9968.99998  2.36%  13.2   30s
 484994 112817 9973.18400   97    6 10209.9991 9968.99998  2.36%  13.5   35s
 568885 131203 10013.0000   76   11 10209.9991 9968.99998  2.36%  13.6   40s
 653933 149774     cutoff   81      10209.9991 9968.99998  2.36%  13.6   45s
 732860 167591 infeasible   48      10209.9991 9968.99998  2.36%  13.7   50s
 790660 186353 10000.0345   77   15 10209.9991 9968.99998  2.36%  14.1   55s
 864706 199266 10019.2110   77   12 10209.9991 9968.99998  2.36%  14.1   60s
 936808 211410 9972.66665   41    6 10209.9991 9968.99998  2.36%  14.3   65s
 989411 226930     cutoff   80      10209.9991 9968.99998  2.36%  14.6   70s
 1065506 243072 10023.6408   92   13 10209.9991 9969.65167  2.35%  14.6   75s
 1135433 259095     cutoff   47      10209.9991 9971.06437  2.34%  14.7   80s
 1190491 273694 10023.0000   97   11 10209.9991 9972.71758  2.32%  14.9   85s
 1269091 285795     cutoff   81      10209.9991 9979.40267  2.26%  15.0   90s
 1344511 293163     cutoff   42      10209.9991 9982.99998  2.22%  15.0   95s
 1387496 301649 10014.4779   76   12 10209.9991 9982.99998  2.22%  15.2  100s
 1457558 312641 10003.5936   83   14 10209.9991 9982.99998  2.22%  15.2  105s
 1497087 320431 10033.9644   76   25 10209.9991 9982.99998  2.22%  15.5  110s
 1570088 332508 10023.0000   78    9 10209.9991 9982.99998  2.22%  15.5  115s
 1617700 341442 9988.99998   42    5 10209.9991 9982.99998  2.22%  15.6  120s
 1680049 351975 10003.0000   80   16 10209.9991 9982.99998  2.22%  15.7  125s
 1745237 363079 10044.9849   43    7 10209.9991 9982.99998  2.22%  15.7  130s
 1792754 372466 10017.8757   70   11 10209.9991 9982.99998  2.22%  15.9  135s
 1864655 383076     cutoff   74      10209.9991 9983.02285  2.22%  15.9  140s
 1914573 378895 10040.9204   44    7 10209.9991 9988.99998  2.16%  16.0  145s
 1988201 385215 10016.6363   77   12 10209.9991 9988.99998  2.16%  16.0  150s
 2058955 395897 9988.99998   33   10 10209.9991 9988.99998  2.16%  16.0  155s
 2108269 404562 9998.62789   79    7 10209.9991 9988.99998  2.16%  16.2  160s
 2183627 415654 infeasible   75      10209.9991 9988.99998  2.16%  16.1  165s
 2236911 424031 9998.85914   45    6 10209.9991 9988.99998  2.16%  16.2  170s
 2297547 432666     cutoff   84      10209.9991 9988.99998  2.16%  16.3  175s
 2370084 441140 10023.0000   87   10 10209.9991 9988.99998  2.16%  16.2  180s

Cutting planes:
  Gomory: 5
  Cover: 3
  Implied bound: 7
  MIR: 26
  RLT: 2
  Relax-and-lift: 2

Explored 2371842 nodes (38513979 simplex iterations) in 180.44 seconds (196.97 work units)
Thread count was 8 (of 8 available processors)

Solution count 10: 10210 10210 10210 ... 10211

Solve interrupted
Best objective 1.020999905475e+04, best bound 9.988999983699e+03, gap 2.1645%

User-callback calls 4741531, time in user-callback 7.41 sec

Statistics for modelBBOS_BWIN_BTG:
  Linear constraint matrix    : 3993 Constrs, 2210 Vars, 14481 NZs
  Variable types              : 1213 Continuous,
997 Integer (100 Binary)
  Matrix coefficient range    : [ 1, 200 ]
  Objective coefficient range : [ 1, 396 ]
  Variable bound range        : [ 1, 199 ]
  RHS coefficient range       : [ 1, 549 ]

Gurobi 10.0.1 (mac64[arm]) logging started Mon Apr  8 00:42:15 2024

Set parameter LogFile to value "/Users/deniserings/Documents/zib/s-bahn-data/scripts/DeniseMA/processed/BBOS_BWIN_BTG/Branching/BBOS_BWIN_BTG_random4_subMBP202404072240.log"
Gurobi Optimizer version 10.0.1 build v10.0.1rc0 (mac64[arm])

CPU model: Apple M2
Thread count: 8 physical cores, 8 logical processors, using up to 8 threads

Optimize a model with 3987 rows, 2210 columns and 14475 nonzeros
Model fingerprint: 0xb78bfef0
Variable types: 1213 continuous, 997 integer (100 binary)
Coefficient statistics:
  Matrix range     [1e+00, 2e+02]
  Objective range  [1e+00, 4e+02]
  Bounds range     [1e+00, 2e+02]
  RHS range        [1e+00, 5e+02]

Loaded user MIP start with objective 10210

Presolve removed 2662 rows and 1192 columns
Presolve time: 0.27s
Presolved: 1325 rows, 1018 columns, 5802 nonzeros
Found heuristic solution: objective 10209.998131
Variable types: 543 continuous, 475 integer (475 binary)

Root relaxation: objective 9.620599e+03, 515 iterations, 0.00 seconds (0.00 work units)

    Nodes    |    Current Node    |     Objective Bounds      |     Work
 Expl Unexpl |  Obj  Depth IntInf | Incumbent    BestBd   Gap | It/Node Time

     0     0 9620.59869    0   29 10209.9981 9620.59869  5.77%     -    0s
     0     0 9727.36546    0   37 10209.9981 9727.36546  4.73%     -    0s
     0     0 9727.36546    0   37 10209.9981 9727.36546  4.73%     -    0s
     0     0 9798.99893    0   45 10209.9981 9798.99893  4.03%     -    0s
     0     0 9798.99893    0   45 10209.9981 9798.99893  4.03%     -    0s
H    0     0                    10209.997917 9819.93762  3.82%     -    0s
     0     0 9819.93762    0   43 10209.9979 9819.93762  3.82%     -    0s
     0     0 9819.93762    0   48 10209.9979 9819.93762  3.82%     -    0s
     0     0 9819.94065    0   47 10209.9979 9819.94065  3.82%     -    0s
     0     0 9819.94065    0   48 10209.9979 9819.94065  3.82%     -    0s
     0     0 9819.94065    0   44 10209.9979 9819.94065  3.82%     -    0s
     0     0 9819.94066    0   46 10209.9979 9819.94066  3.82%     -    0s
H    0     0                    10209.997910 9819.94066  3.82%     -    0s
     0     0 9819.94066    0   29 10209.9979 9819.94066  3.82%     -    0s
     0     0 9819.94066    0   33 10209.9979 9819.94066  3.82%     -    0s
     0     0 9819.94066    0   36 10209.9979 9819.94066  3.82%     -    0s
     0     0 9819.94066    0   35 10209.9979 9819.94066  3.82%     -    0s
H 1152   761                    10209.997873 9819.94066  3.82%   8.6    1s
H 7960  3236                    10209.997741 9889.04547  3.14%   8.2    1s
H11488  3623                    10209.997736 9889.07066  3.14%   9.0    2s
H33103  9190                    10209.997703 9904.62634  2.99%  11.2    3s
 45599 12395 9994.99906   53   11 10209.9977 9911.00338  2.93%  10.8    5s
 104131 28157 9948.99906   44   20 10209.9977 9948.99906  2.56%  10.4   10s
 182952 39606 9952.96853   61   12 10209.9977 9948.99906  2.56%  11.0   15s
 279885 65249 9956.69807   70   13 10209.9977 9949.06629  2.56%  11.2   20s
 367283 96503 9978.63906   87   12 10209.9977 9949.99906  2.55%  11.3   25s
 461822 124362 9968.99906   64   23 10209.9977 9951.28661  2.53%  11.4   30s
 551247 154131 9955.81585   53   13 10209.9977 9952.00184  2.53%  11.5   35s
 625128 179806     cutoff   38      10209.9977 9953.18949  2.52%  11.8   40s
 694567 195415 9968.99906   64   13 10209.9977 9954.68322  2.50%  12.1   45s
H753151 203935                    10209.997579 9954.76725  2.50%  12.2   48s
 774897 214868 9969.99906   66    8 10209.9976 9955.15337  2.50%  12.3   50s
 844870 229489 9975.68322   39    5 10209.9976 9955.68322  2.49%  12.5   55s
 909360 244381 10106.9290   35    6 10209.9976 9957.68322  2.47%  12.7   60s
 986628 260064 infeasible   91      10209.9976 9957.85788  2.47%  12.8   65s
 1065970 277474 9977.83848   72   10 10209.9976 9958.68322  2.46%  12.8   70s
 1129622 300174 10028.6832   44    4 10209.9976 9958.68322  2.46%  13.0   75s
 1193816 321186 9976.16278   61   14 10209.9976 9958.68322  2.46%  13.1   80s
 1269479 340606 10016.9991   72    9 10209.9976 9958.68322  2.46%  13.2   85s
 1329203 362260 9962.27575   39    7 10209.9976 9958.75271  2.46%  13.4   90s
 1399619 379831     cutoff   56      10209.9976 9959.67133  2.45%  13.5   95s
 1481532 392490 9986.56184   61   12 10209.9976 9964.56601  2.40%  13.5  100s
 1563332 409070     cutoff   81      10209.9976 9980.68322  2.25%  13.5  105s
 1623409 424533     cutoff   35      10209.9976 9982.02938  2.23%  13.6  110s
 1703813 434386 10045.0672   69   13 10209.9976 9983.68322  2.22%  13.6  115s
 1786844 448236 10017.9991   60   10 10209.9976 9983.68322  2.22%  13.7  120s
 1868265 463873 9986.55600   60   11 10209.9976 9983.68322  2.22%  13.7  125s
 1920417 486219 10033.6832   38    4 10209.9976 9983.68322  2.22%  13.8  130s
 1999876 502466 infeasible   82      10209.9976 9983.72277  2.22%  13.9  135s
 2087646 514940 9988.99906   66    7 10209.9976 9984.89138  2.20%  13.9  140s
 2181956 516938 10022.9991   61   14 10209.9976 9988.78088  2.17%  13.9  145s
 2266173 531230 10007.7869   38    8 10209.9976 9988.99906  2.16%  13.9  150s
 2328492 546737     cutoff   46      10209.9976 9988.99906  2.16%  13.9  155s
 2413052 563445 10022.9991   75   14 10209.9976 9988.99906  2.16%  13.9  160s
 2500469 578259 10022.9991   79   10 10209.9976 9988.99906  2.16%  13.9  165s
 2578598 584720 10042.5889   78   13 10209.9976 9998.49906  2.07%  13.9  170s
 2631227 598596 10021.0528   36   10 10209.9976 9998.74242  2.07%  13.9  175s
 2709387 600056 infeasible   82      10209.9976 10018.9991  1.87%  13.9  180s

Cutting planes:
  Learned: 4
  Gomory: 9
  Cover: 9
  Implied bound: 12
  Clique: 9
  MIR: 16
  StrongCG: 2
  Flow cover: 2
  GUB cover: 1
  RLT: 8
  Relax-and-lift: 3

Explored 2710569 nodes (37708473 simplex iterations) in 180.35 seconds (196.37 work units)
Thread count was 8 (of 8 available processors)

Solution count 8: 10210 10210 10210 ... 10210

Solve interrupted
Best objective 1.020999757853e+04, best bound 1.001899906042e+04, gap 1.8707%

User-callback calls 5420184, time in user-callback 8.42 sec

Statistics for modelBBOS_BWIN_BTG:
  Linear constraint matrix    : 3987 Constrs, 2210 Vars, 14475 NZs
  Variable types              : 1213 Continuous,
997 Integer (100 Binary)
  Matrix coefficient range    : [ 1, 200 ]
  Objective coefficient range : [ 1, 396 ]
  Variable bound range        : [ 1, 199 ]
  RHS coefficient range       : [ 1, 549 ]

Gurobi 10.0.1 (mac64[arm]) logging started Mon Apr  8 00:45:15 2024

Set parameter LogFile to value "/Users/deniserings/Documents/zib/s-bahn-data/scripts/DeniseMA/processed/BBOS_BWIN_BTG/Branching/BBOS_BWIN_BTG_random4_subMBP202404072240.log"
Gurobi Optimizer version 10.0.1 build v10.0.1rc0 (mac64[arm])

CPU model: Apple M2
Thread count: 8 physical cores, 8 logical processors, using up to 8 threads

Optimize a model with 3984 rows, 2210 columns and 14472 nonzeros
Model fingerprint: 0xf053bc71
Variable types: 1213 continuous, 997 integer (100 binary)
Coefficient statistics:
  Matrix range     [1e+00, 2e+02]
  Objective range  [1e+00, 4e+02]
  Bounds range     [1e+00, 2e+02]
  RHS range        [1e+00, 5e+02]

Loaded user MIP start with objective 10210

Presolve removed 2477 rows and 1116 columns
Presolve time: 0.23s
Presolved: 1507 rows, 1094 columns, 6540 nonzeros
Found heuristic solution: objective 10209.998713
Variable types: 575 continuous, 519 integer (519 binary)

Root relaxation: objective 9.169212e+03, 526 iterations, 0.00 seconds (0.00 work units)

    Nodes    |    Current Node    |     Objective Bounds      |     Work
 Expl Unexpl |  Obj  Depth IntInf | Incumbent    BestBd   Gap | It/Node Time

     0     0 9169.21228    0  139 10209.9987 9169.21228  10.2%     -    0s
     0     0 9729.47969    0  104 10209.9987 9729.47969  4.71%     -    0s
     0     0 9729.47969    0  107 10209.9987 9729.47969  4.71%     -    0s
     0     0 9789.95615    0   72 10209.9987 9789.95615  4.11%     -    0s
     0     0 9794.99963    0   78 10209.9987 9794.99963  4.06%     -    0s
     0     0 9798.99951    0   82 10209.9987 9798.99951  4.03%     -    0s
     0     0 9803.99964    0   95 10209.9987 9803.99964  3.98%     -    0s
H    0     0                    10209.998499 9803.99964  3.98%     -    0s
     0     0 9815.99963    0   92 10209.9985 9815.99963  3.86%     -    0s
     0     0 9815.99963    0   95 10209.9985 9815.99963  3.86%     -    0s
     0     0 9822.99963    0   97 10209.9985 9822.99963  3.79%     -    0s
     0     0 9822.99963    0   47 10209.9985 9822.99963  3.79%     -    0s
H 1152   779                    10209.998283 9839.99957  3.62%   9.1    0s
H10667  3580                    10209.997974 9888.99962  3.14%  10.9    2s
 32094 10565 9908.99963   38   12 10209.9980 9888.99962  3.14%  11.8    5s
 63114 22997 9980.83122   48   19 10209.9980 9889.26629  3.14%  12.9   10s
 125876 45230 9918.03622   40   26 10209.9980 9891.08908  3.12%  13.4   15s
 174951 61707     cutoff   41      10209.9980 9895.00521  3.09%  13.7   20s
 224614 75480     cutoff   47      10209.9980 9908.99962  2.95%  13.7   25s
 279854 89728     cutoff   57      10209.9980 9908.99962  2.95%  13.6   30s
 318117 101171 9928.99962   40    2 10209.9980 9908.99962  2.95%  13.9   35s
H348443 105426                    10209.997929 9908.99962  2.95%  13.7   36s
 367078 113113 10004.9996   32   16 10209.9979 9908.99962  2.95%  14.0   40s
 401789 124716 9965.62462   35    9 10209.9979 9908.99962  2.95%  14.3   45s
H442983 130625                    10209.997884 9908.99962  2.95%  14.1   47s
 459283 137882 10004.9996   38   10 10209.9979 9908.99962  2.95%  14.3   50s
 489577 151129 10007.2343   45   17 10209.9979 9908.99963  2.95%  14.6   55s
 561064 166127 9964.10650   70   18 10209.9979 9908.99963  2.95%  14.4   60s
 590116 177661     cutoff   51      10209.9979 9908.99963  2.95%  14.6   65s
H650985 187402                    10209.997851 9908.99999  2.95%  14.4   69s
 655877 190201 9929.00054   40   29 10209.9979 9909.00054  2.95%  14.5   70s
 682323 200549     cutoff   46      10209.9979 9909.03269  2.95%  14.6   75s
 737400 214320     cutoff   47      10209.9979 9909.19336  2.95%  14.6   80s
 772964 224987 10014.9996   55   10 10209.9979 9909.41494  2.94%  14.7   85s
 800063 235645 10019.2802   45   10 10209.9979 9909.99122  2.94%  14.9   90s
 865155 246273 10005.9996   45    7 10209.9979 9909.99963  2.94%  14.8   95s
 895554 257778 9913.92763   40   29 10209.9979 9909.99964  2.94%  14.9  100s
 962602 264847 9969.18254   56   34 10209.9979 9930.10421  2.74%  14.9  105s
 992828 277028     cutoff   51      10209.9979 9930.37829  2.74%  15.0  110s
 1058834 284261 9930.51285   48   15 10209.9979 9930.51285  2.74%  15.0  115s
 1085360 295771 9931.62930   50   21 10209.9979 9930.75781  2.73%  15.1  120s
 1112817 304791     cutoff   37      10209.9979 9930.98512  2.73%  15.2  125s
 1174733 309634 10022.9996   54   13 10209.9979 9931.18940  2.73%  15.2  130s
 1199957 319041 9968.99962   47   19 10209.9979 9931.46713  2.73%  15.3  135s
 1267319 324930 infeasible   60      10209.9979 9931.63832  2.73%  15.3  140s
 1294213 334851 10058.6684   70   30 10209.9979 9931.99156  2.72%  15.4  145s
 1361090 341419 9963.99963   49   15 10209.9979 9932.30767  2.72%  15.3  150s
 1387094 350720     cutoff   66      10209.9979 9932.83217  2.71%  15.4  155s
 1410005 359097 9988.99963   43   13 10209.9979 9933.33698  2.71%  15.5  160s
 1476219 366823     cutoff   58      10209.9979 9933.69237  2.71%  15.4  165s
 1500907 375508 10026.6281   59   18 10209.9979 9934.17482  2.70%  15.5  170s
 1571096 387260 9950.31908   52   27 10209.9979 9934.62626  2.70%  15.5  175s
 1595715 397106 infeasible   44      10209.9979 9935.00273  2.69%  15.5  180s

Cutting planes:
  Learned: 5
  Gomory: 7
  Cover: 24
  Implied bound: 18
  Clique: 14
  MIR: 34
  StrongCG: 1
  Flow cover: 6
  GUB cover: 2
  RLT: 16
  Relax-and-lift: 4

Explored 1597116 nodes (24822048 simplex iterations) in 180.45 seconds (201.08 work units)
Thread count was 8 (of 8 available processors)

Solution count 6: 10210 10210 10210 ... 10210

Solve interrupted
Best objective 1.020999785077e+04, best bound 9.935007562477e+03, gap 2.6933%

User-callback calls 3192730, time in user-callback 5.00 sec

Statistics for modelBBOS_BWIN_BTG:
  Linear constraint matrix    : 3984 Constrs, 2210 Vars, 14472 NZs
  Variable types              : 1213 Continuous,
997 Integer (100 Binary)
  Matrix coefficient range    : [ 1, 200 ]
  Objective coefficient range : [ 1, 396 ]
  Variable bound range        : [ 1, 199 ]
  RHS coefficient range       : [ 1, 549 ]

Gurobi 10.0.1 (mac64[arm]) logging started Mon Apr  8 00:48:16 2024

Set parameter LogFile to value "/Users/deniserings/Documents/zib/s-bahn-data/scripts/DeniseMA/processed/BBOS_BWIN_BTG/Branching/BBOS_BWIN_BTG_random4_subMBP202404072240.log"
Gurobi Optimizer version 10.0.1 build v10.0.1rc0 (mac64[arm])

CPU model: Apple M2
Thread count: 8 physical cores, 8 logical processors, using up to 8 threads

Optimize a model with 3982 rows, 2210 columns and 14470 nonzeros
Model fingerprint: 0x75a3421d
Variable types: 1213 continuous, 997 integer (100 binary)
Coefficient statistics:
  Matrix range     [1e+00, 2e+02]
  Objective range  [1e+00, 4e+02]
  Bounds range     [1e+00, 2e+02]
  RHS range        [1e+00, 5e+02]

Loaded user MIP start with objective 10210

Presolve removed 2429 rows and 1098 columns
Presolve time: 0.27s
Presolved: 1553 rows, 1112 columns, 6717 nonzeros
Found heuristic solution: objective 10209.997726
Variable types: 586 continuous, 526 integer (526 binary)

Root relaxation: objective 9.169211e+03, 547 iterations, 0.00 seconds (0.00 work units)

    Nodes    |    Current Node    |     Objective Bounds      |     Work
 Expl Unexpl |  Obj  Depth IntInf | Incumbent    BestBd   Gap | It/Node Time

     0     0 9169.21109    0  129 10209.9977 9169.21109  10.2%     -    0s
     0     0 9727.99831    0   99 10209.9977 9727.99831  4.72%     -    0s
     0     0 9727.99831    0   97 10209.9977 9727.99831  4.72%     -    0s
     0     0 9757.99864    0   77 10209.9977 9757.99864  4.43%     -    0s
     0     0 9758.34259    0   74 10209.9977 9758.34259  4.42%     -    0s
     0     0 9758.34259    0   73 10209.9977 9758.34259  4.42%     -    0s
     0     0 9793.80991    0   86 10209.9977 9793.80991  4.08%     -    0s
     0     0 9797.72131    0   70 10209.9977 9797.72131  4.04%     -    0s
     0     0 9797.79460    0   89 10209.9977 9797.79460  4.04%     -    0s
     0     0 9799.01269    0   85 10209.9977 9799.01269  4.03%     -    0s
     0     0 9799.01269    0   87 10209.9977 9799.01269  4.03%     -    0s
     0     0 9799.07134    0   82 10209.9977 9799.07134  4.02%     -    0s
     0     0 9803.99864    0   84 10209.9977 9803.99864  3.98%     -    0s
     0     0 9803.99864    0   82 10209.9977 9803.99864  3.98%     -    0s
     0     0 9803.99864    0   47 10209.9977 9803.99864  3.98%     -    0s
H    0     0                    10209.997725 9803.99864  3.98%     -    0s
H 1150   697                    10209.996981 9888.99864  3.14%   9.8    1s
H 8093  3266                    10209.996924 9888.99864  3.14%   9.1    2s
H20528  6088                    10209.996822 9888.99864  3.14%  10.6    3s
 40283 12085 9969.99864   52   16 10209.9968 9889.03547  3.14%  11.6    5s
 69155 20102 9891.74650   26   31 10209.9968 9891.74650  3.12%  12.1   13s
H70262 20382                    10209.996789 9891.74650  3.12%  12.1   14s
 82134 22050 9908.99862   32   34 10209.9968 9896.22558  3.07%  12.2   15s
H131266 28124                    10209.996756 9929.99822  2.74%  12.8   19s
 138136 29133 10037.2484   56    5 10209.9968 9929.99838  2.74%  12.9   20s
 194222 40108 infeasible   39      10209.9968 9948.99840  2.56%  13.2   25s
 240347 55039 infeasible   36      10209.9968 9968.99824  2.36%  13.6   30s
 294523 69471 9972.69766   62   23 10209.9968 9968.99824  2.36%  13.7   35s
 353450 84450 9968.99824   47   17 10209.9968 9968.99824  2.36%  13.7   40s
 383404 99318 10014.6185   62   26 10209.9968 9968.99824  2.36%  13.9   45s
 447339 112815 9990.22295   74   17 10209.9968 9968.99824  2.36%  14.0   50s
 474786 125598 9968.99824   57   20 10209.9968 9968.99824  2.36%  14.2   55s
 513885 137989     cutoff   47      10209.9968 9968.99824  2.36%  14.4   60s
H546190 143197                    10209.996652 9968.99824  2.36%  14.3   61s
 560492 150275 10016.7310   74   15 10209.9967 9968.99824  2.36%  14.5   65s
 581091 158603 10037.0370   69   35 10209.9967 9968.99824  2.36%  14.9   70s
 624903 169372     cutoff   45      10209.9967 9968.99824  2.36%  15.0   75s
 668205 182920 9968.99840   65    7 10209.9967 9968.99840  2.36%  15.1   80s
 698335 196125 10018.9986   39    4 10209.9967 9968.99864  2.36%  15.2   85s
H748065 202455                    10209.996600 9968.99864  2.36%  15.1   87s
 761036 208940 9971.64759   64   19 10209.9966 9968.99864  2.36%  15.2   90s
 787250 221071 10022.9982   86   28 10209.9966 9969.03595  2.36%  15.4   95s
H849426 233600                    10209.996421 9969.07960  2.36%  15.3   99s
 849426 233687 10005.9984   65   14 10209.9964 9969.07960  2.36%  15.3  100s
 869790 242672 9973.99838   54   10 10209.9964 9969.25839  2.36%  15.5  105s
 891313 251695 infeasible   86      10209.9964 9969.59324  2.35%  15.7  110s
 953081 263496 10022.9982   73   27 10209.9964 9969.81017  2.35%  15.6  115s
 976128 272365     cutoff   69      10209.9964 9969.99820  2.35%  15.8  120s
 1001000 281912 9971.39507   71   25 10209.9964 9970.06001  2.35%  15.9  125s
 1061439 292168 10013.9984   67   10 10209.9964 9970.22628  2.35%  15.9  130s
 1082456 301769     cutoff   83      10209.9964 9970.52514  2.35%  16.0  135s
 1102793 309881 10089.6415   42    5 10209.9964 9970.83403  2.34%  16.2  140s
 1161683 321115 9971.40198   66   20 10209.9964 9970.95691  2.34%  16.1  145s
 1183313 329277 infeasible   78      10209.9964 9971.15415  2.34%  16.3  150s
 1203387 337387 infeasible   83      10209.9964 9971.40198  2.34%  16.4  155s
 1262864 346823 infeasible  100      10209.9964 9971.52501  2.34%  16.4  160s
 1283808 354452 10002.9983   66   42 10209.9964 9971.85588  2.33%  16.5  165s
 1304437 361813     cutoff   74      10209.9964 9972.15042  2.33%  16.7  170s
 1361789 372141     cutoff   61      10209.9964 9972.29052  2.33%  16.6  175s
 1382522 378057 9980.35373   61   35 10209.9964 9972.74128  2.32%  16.7  180s

Cutting planes:
  Learned: 6
  Gomory: 2
  Cover: 14
  Implied bound: 15
  Clique: 22
  MIR: 23
  Flow cover: 1
  GUB cover: 2
  Network: 1
  RLT: 9
  Relax-and-lift: 4

Explored 1383482 nodes (23085808 simplex iterations) in 180.33 seconds (201.33 work units)
Thread count was 8 (of 8 available processors)

Solution count 9: 10210 10210 10210 ... 10210

Solve interrupted
Best objective 1.020999642141e+04, best bound 9.972760338198e+03, gap 2.3236%

User-callback calls 2766464, time in user-callback 4.32 sec

Statistics for modelBBOS_BWIN_BTG:
  Linear constraint matrix    : 3982 Constrs, 2210 Vars, 14470 NZs
  Variable types              : 1213 Continuous,
997 Integer (100 Binary)
  Matrix coefficient range    : [ 1, 200 ]
  Objective coefficient range : [ 1, 396 ]
  Variable bound range        : [ 1, 199 ]
  RHS coefficient range       : [ 1, 549 ]
