
Gurobi 10.0.1 (mac64[arm]) logging started Mon Apr  8 03:08:14 2024

Set parameter LogFile to value "/Users/deniserings/Documents/zib/s-bahn-data/scripts/DeniseMA/processed/BBUP_W/Branching/BBUP_W_random1_subMBP202404072240.log"
Gurobi Optimizer version 10.0.1 build v10.0.1rc0 (mac64[arm])

CPU model: Apple M2
Thread count: 8 physical cores, 8 logical processors, using up to 8 threads

Optimize a model with 12175 rows, 5181 columns and 44780 nonzeros
Model fingerprint: 0x56c8e0b4
Variable types: 2316 continuous, 2865 integer (59 binary)
Coefficient statistics:
  Matrix range     [1e+00, 2e+02]
  Objective range  [1e+00, 4e+02]
  Bounds range     [1e+00, 2e+02]
  RHS range        [1e+00, 5e+02]

Loaded user MIP start with objective 15083

Presolve removed 5823 rows and 1924 columns
Presolve time: 0.08s
Presolved: 6352 rows, 3257 columns, 24203 nonzeros
Variable types: 1050 continuous, 2207 integer (2207 binary)

Root relaxation: objective 1.269604e+04, 2334 iterations, 0.01 seconds (0.01 work units)

    Nodes    |    Current Node    |     Objective Bounds      |     Work
 Expl Unexpl |  Obj  Depth IntInf | Incumbent    BestBd   Gap | It/Node Time

     0     0 12696.0447    0  172 15083.0000 12696.0447  15.8%     -    0s
     0     0 12740.1860    0  437 15083.0000 12740.1860  15.5%     -    0s
     0     0 12740.1860    0  429 15083.0000 12740.1860  15.5%     -    0s
     0     0 12762.5818    0  455 15083.0000 12762.5818  15.4%     -    0s
     0     0 12762.5818    0  383 15083.0000 12762.5818  15.4%     -    0s
     0     0 12768.0000    0  428 15083.0000 12768.0000  15.3%     -    0s
     0     0 12768.0000    0  533 15083.0000 12768.0000  15.3%     -    0s
H    0     0                    15073.000000 12768.0000  15.3%     -    0s
H    0     0                    15072.000000 12768.0332  15.3%     -    0s
     0     0 12768.0332    0  567 15072.0000 12768.0332  15.3%     -    0s
     0     0 12768.0332    0  470 15072.0000 12768.0332  15.3%     -    0s
     0     0 12768.8380    0  485 15072.0000 12768.8380  15.3%     -    0s
     0     0 12768.8641    0  442 15072.0000 12768.8641  15.3%     -    0s
     0     0 12768.8641    0  407 15072.0000 12768.8641  15.3%     -    0s
     0     0 12768.8641    0  418 15072.0000 12768.8641  15.3%     -    0s
     0     0 12768.8641    0  417 15072.0000 12768.8641  15.3%     -    0s
     0     0 12768.8641    0  389 15072.0000 12768.8641  15.3%     -    0s
     0     0 12768.8641    0  408 15072.0000 12768.8641  15.3%     -    0s
H    0     0                    15067.000000 12768.8641  15.3%     -    0s
     0     0 12768.8641    0  136 15067.0000 12768.8641  15.3%     -    1s
     0     0 12768.8641    0  225 15067.0000 12768.8641  15.3%     -    1s
     0     0 12768.8641    0  154 15067.0000 12768.8641  15.3%     -    1s
     0     0 12768.8641    0  118 15067.0000 12768.8641  15.3%     -    1s
     0     0 12768.8641    0   55 15067.0000 12768.8641  15.3%     -    1s
     0     0 12768.8641    0  177 15067.0000 12768.8641  15.3%     -    1s
     0     0 12768.8641    0  174 15067.0000 12768.8641  15.3%     -    1s
     0     0 12768.8641    0  176 15067.0000 12768.8641  15.3%     -    1s
     0     0 12768.8641    0  257 15067.0000 12768.8641  15.3%     -    1s
     0     0 12768.8641    0  230 15067.0000 12768.8641  15.3%     -    1s
     0     0 12768.8641    0  249 15067.0000 12768.8641  15.3%     -    1s
     0     0 12768.8641    0  244 15067.0000 12768.8641  15.3%     -    1s
     0     0 12768.8641    0   66 15067.0000 12768.8641  15.3%     -    2s
     0     0 12768.8641    0  100 15067.0000 12768.8641  15.3%     -    2s
     0     0 12768.8641    0   94 15067.0000 12768.8641  15.3%     -    2s
     0     0 12768.8641    0  127 15067.0000 12768.8641  15.3%     -    2s
     0     0 12768.8641    0  105 15067.0000 12768.8641  15.3%     -    2s
     0     0 12768.8641    0   71 15067.0000 12768.8641  15.3%     -    2s
     0     2 12768.8641    0   71 15067.0000 12768.8641  15.3%     -    2s
H   34    40                    15047.000000 12778.0000  15.1%   183    2s
H  158   165                    15037.000000 12778.0000  15.0%  68.7    2s
H  168   181                    15025.000000 12778.0000  15.0%  66.5    3s
H  181   181                    15004.000000 12778.0000  14.8%  64.5    3s
H  329   329                    15003.999952 12778.0000  14.8%  46.8    3s
H  332   329                    15003.999903 12778.0000  14.8%  46.6    3s
H  334   329                    15003.998616 12778.0000  14.8%  46.5    3s
H  495   469                    15003.000000 12778.0000  14.8%  38.0    3s
H  499   469                    14996.000000 12778.0000  14.8%  38.0    3s
H 1564  1334                    14992.000000 12778.0000  14.8%  27.8    3s
  1582  1342 12864.0000    6  120 14992.0000 12778.0000  14.8%  27.6    5s
H 1765  1479                    14991.999972 12778.0000  14.8%  40.7    8s
H 1791  1406                    14991.999915 12778.0000  14.8%  40.7    8s
H 1805  1339                    14980.000000 12778.0000  14.7%  40.5    8s
H 1896  1330                    14979.999961 12778.0000  14.7%  39.8    8s
H 2004  1399                    14979.999921 12778.0000  14.7%  39.5    8s
H 2141  1311                    14972.000000 12778.0000  14.7%  38.2    8s
H 2254  1414                    14969.000000 12778.0000  14.6%  39.1    9s
H 2279  1358                    14965.000000 12778.0000  14.6%  38.9    9s
H 2487  1405                    14959.000000 12778.0000  14.6%  37.7    9s
H 2767  1574                    14956.000000 12778.0000  14.6%  37.6   10s
H 2828  1512                    14948.000000 12778.0000  14.5%  37.3   10s
H 4070  1938                    14946.000000 12778.0000  14.5%  33.8   11s
H 4167  2274                    14945.999936 12778.0000  14.5%  34.1   11s
H 4604  2324                    14940.000000 12778.0000  14.5%  34.4   11s
H 5743  3070                    14939.000000 12778.0000  14.5%  35.2   13s
H 5746  3070                    14933.999993 12778.0000  14.4%  35.2   13s
  6914  3995 infeasible   66      14934.0000 12778.0000  14.4%  36.3   15s
H 7407  4561                    14933.000000 12778.0000  14.4%  37.3   15s
H 9202  5488                    14932.999978 12778.0000  14.4%  39.9   18s
H 9217  5488                    14932.999971 12778.0000  14.4%  39.9   18s
H 9217  5488                    14932.999884 12778.0000  14.4%  39.9   18s
 11430  7128 infeasible   78      14932.9999 12778.0000  14.4%  39.9   20s
 14626  9997 12812.0000   28  218 14932.9999 12778.0000  14.4%  42.0   25s
 18894 11890 13620.8650   44  173 14932.9999 12778.0000  14.4%  44.3   31s
H20347 12753                    14932.998595 12778.0000  14.4%  46.6   33s
 21317 14068 12926.1111   26  268 14932.9986 12778.0000  14.4%  48.1   36s
H21545 14068                    14932.998512 12778.0000  14.4%  48.1   36s
 25577 16113 13252.0000   31  195 14932.9985 12778.0000  14.4%  49.5   41s
 28270 17806 13994.7636   52  115 14932.9985 12778.0000  14.4%  50.6   45s
H29933 18666                    14932.998495 12778.0000  14.4%  51.2   47s
 30093 18667 12778.0000   35  118 14932.9985 12778.0000  14.4%  51.3   59s
 30100 18672 12796.0217   37  365 14932.9985 12778.0000  14.4%  51.3   60s
 30108 18677 12818.1189   40  315 14932.9985 12778.0000  14.4%  51.3   65s
H30685 18070                    14932.998445 12778.0000  14.4%  52.1   69s
 30778 18182 13450.0000   59  137 14932.9984 12778.0000  14.4%  52.2   70s
 32600 18874 12834.9355   35  304 14932.9984 12778.0000  14.4%  52.1   75s
 35389 19600 13538.1863   58  209 14932.9984 12778.0000  14.4%  53.5   80s
H35421 18702                    14932.998443 12778.0000  14.4%  53.5   80s
 37299 19377 12823.6780   31  392 14932.9984 12778.0000  14.4%  55.3   85s
H38806 18672                    14932.997099 12778.0000  14.4%  56.6   88s
 39561 19213 13317.6875   34  252 14932.9971 12778.0000  14.4%  57.5   90s
 41914 19899 13181.1890   41  274 14932.9971 12778.0000  14.4%  59.2   95s
 44365 20505 13257.1890   41  381 14932.9971 12778.0000  14.4%  60.9  100s
 47091 20979 13181.1890   32  320 14932.9971 12778.0000  14.4%  62.3  105s
 48856 22123 13181.1890   31  356 14932.9971 12778.0000  14.4%  63.9  110s
 51452 22635 13207.2422   44  288 14932.9971 12786.0000  14.4%  65.0  115s
 52711 23168 13239.6992   40  324 14932.9971 12791.6149  14.3%  66.1  120s
 55798 24061 14098.5156   56  149 14932.9971 12816.0000  14.2%  67.0  125s
 60366 25406 infeasible   44      14932.9971 12846.0032  14.0%  67.9  131s
 64272 26008 13574.2086   49  351 14932.9971 12876.0000  13.8%  68.8  135s
 69278 27271 14390.6460   48  204 14932.9971 12928.2310  13.4%  68.4  140s
 74000 28427 13878.6936   44  213 14932.9971 12959.7857  13.2%  68.5  145s
 78992 29823 infeasible   80      14932.9971 13013.0600  12.9%  68.4  150s
 82835 32552 13952.0000   63   54 14932.9971 13068.0000  12.5%  68.9  155s
 88877 35307 13181.1890   34  391 14932.9971 13178.2800  11.8%  68.9  160s
 90716 36824 13226.0812   31  319 14932.9971 13181.1890  11.7%  69.7  166s
 94083 38651 13225.1890   30  353 14932.9971 13181.1890  11.7%  70.2  171s
 95452 40425 14501.6000   51  149 14932.9971 13181.1890  11.7%  71.1  176s
 98307 41340 14791.0000   68  101 14932.9971 13181.1890  11.7%  71.7  181s

Cutting planes:
  Learned: 18
  Gomory: 190
  Cover: 916
  Implied bound: 141
  Projected implied bound: 17
  Clique: 102
  MIR: 187
  StrongCG: 127
  Flow cover: 875
  GUB cover: 12
  Inf proof: 11
  Zero half: 16
  Network: 29
  RLT: 56
  Relax-and-lift: 65

Explored 99047 nodes (7174993 simplex iterations) in 181.08 seconds (252.04 work units)
Thread count was 8 (of 8 available processors)

Solution count 10: 14933 14933 14933 ... 14933

Solve interrupted
Best objective 1.493299709877e+04, best bound 1.318118904824e+04, gap 11.7311%

User-callback calls 262629, time in user-callback 0.54 sec

Statistics for modelBBUP_W:
  Linear constraint matrix    : 12175 Constrs, 5181 Vars, 44780 NZs
  Variable types              : 2316 Continuous,
2865 Integer (59 Binary)
  Matrix coefficient range    : [ 1, 200 ]
  Objective coefficient range : [ 1, 384 ]
  Variable bound range        : [ 1, 199 ]
  RHS coefficient range       : [ 1, 549 ]

Gurobi 10.0.1 (mac64[arm]) logging started Mon Apr  8 03:11:16 2024

Set parameter LogFile to value "/Users/deniserings/Documents/zib/s-bahn-data/scripts/DeniseMA/processed/BBUP_W/Branching/BBUP_W_random1_subMBP202404072240.log"
Gurobi Optimizer version 10.0.1 build v10.0.1rc0 (mac64[arm])

CPU model: Apple M2
Thread count: 8 physical cores, 8 logical processors, using up to 8 threads

Optimize a model with 12169 rows, 5181 columns and 44774 nonzeros
Model fingerprint: 0x3a7f9944
Variable types: 2316 continuous, 2865 integer (59 binary)
Coefficient statistics:
  Matrix range     [1e+00, 2e+02]
  Objective range  [1e+00, 4e+02]
  Bounds range     [1e+00, 2e+02]
  RHS range        [1e+00, 5e+02]

Loaded user MIP start with objective 15083

Presolve removed 5715 rows and 1864 columns
Presolve time: 0.08s
Presolved: 6454 rows, 3317 columns, 24567 nonzeros
Variable types: 1076 continuous, 2241 integer (2241 binary)

Root relaxation: objective 1.269604e+04, 2280 iterations, 0.01 seconds (0.01 work units)

    Nodes    |    Current Node    |     Objective Bounds      |     Work
 Expl Unexpl |  Obj  Depth IntInf | Incumbent    BestBd   Gap | It/Node Time

     0     0 12696.0447    0  130 15083.0000 12696.0447  15.8%     -    0s
     0     0 12740.1860    0  345 15083.0000 12740.1860  15.5%     -    0s
     0     0 12742.0000    0  314 15083.0000 12742.0000  15.5%     -    0s
     0     0 12750.8302    0  364 15083.0000 12750.8302  15.5%     -    0s
     0     0 12750.8302    0  355 15083.0000 12750.8302  15.5%     -    0s
     0     0 12752.3431    0  459 15083.0000 12752.3431  15.5%     -    0s
     0     0 12752.3431    0  420 15083.0000 12752.3431  15.5%     -    0s
     0     0 12752.3431    0  478 15083.0000 12752.3431  15.5%     -    0s
     0     0 12752.3431    0  429 15083.0000 12752.3431  15.5%     -    0s
H    0     0                    15082.999963 12752.3431  15.5%     -    0s
     0     0 12753.1896    0   99 15083.0000 12753.1896  15.4%     -    0s
     0     0 12753.1896    0  210 15083.0000 12753.1896  15.4%     -    0s
     0     0 12753.1896    0  166 15083.0000 12753.1896  15.4%     -    0s
     0     0 12753.1896    0  140 15083.0000 12753.1896  15.4%     -    0s
     0     2 12753.1896    0  138 15083.0000 12753.1896  15.4%     -    1s
H   38    40                    15080.000000 12768.0000  15.3%   220    1s
H   83    88                    15066.000000 12768.0000  15.3%   124    1s
H  117   122                    15041.000000 12768.0000  15.1%   108    1s
H  126   122                    15040.999970 12768.0000  15.1%   104    1s
H  182   169                    15021.000000 12768.0000  15.0%  84.3    1s
H  291   312                    15009.000000 12768.0000  14.9%  70.7    1s
H  397   407                    15005.999952 12768.0000  14.9%  62.0    1s
H  511   523                    14990.000000 12768.0000  14.8%  55.2    2s
H  561   523                    14988.000000 12768.0000  14.8%  52.8    2s
H  676   788                    14983.000000 12768.0000  14.8%  50.5    2s
H 1725  1236                    14973.000000 12768.0000  14.7%  37.3    2s
  1743  1248 13030.0000   36  105 14973.0000 12771.9878  14.7%  36.9    5s
H 1747  1188                    14972.999948 12778.0000  14.7%  36.8    5s
H 1911  1229                    14971.000000 12778.0000  14.6%  52.1    6s
H 2044  1230                    14970.000000 12778.0000  14.6%  51.7    7s
H 2132  1223                    14944.000000 12778.0000  14.5%  51.0    7s
H 2246  1337                    14940.000000 12778.0000  14.5%  50.4    8s
  3548  2147 13070.0161   42  131 14940.0000 12778.0000  14.5%  43.0   10s
H 5920  2747                    14938.000000 12778.0000  14.5%  41.3   11s
  7447  4079 12908.0000   24  251 14938.0000 12778.0000  14.5%  46.1   15s
H 9772  5235                    14937.999947 12778.0000  14.5%  52.3   19s
 10384  6289 12876.0729   33  264 14937.9999 12778.0000  14.5%  53.6   20s
H12229  6558                    14937.999944 12778.0000  14.5%  54.0   22s
H12417  6800                    14934.000000 12778.0000  14.4%  54.4   23s
H12590  7209                    14933.999972 12778.0000  14.4%  54.5   24s
 13267  7581 12828.0000   19  251 14934.0000 12778.0000  14.4%  55.2   25s
H14420  8019                    14933.999950 12778.0000  14.4%  55.4   26s
H14560  8019                    14933.997479 12778.0000  14.4%  55.5   26s
 15086  9841 14036.9242   39  171 14933.9975 12778.0000  14.4%  56.8   31s
H17574 10789                    14933.000000 12778.0000  14.4%  58.1   33s
H18843 11297                    14932.999942 12778.0000  14.4%  58.2   34s
H19546 11297                    14932.999884 12778.0000  14.4%  59.1   34s
 19613 12242 12778.0000   33  268 14932.9999 12778.0000  14.4%  59.2   36s
H20715 12242                    14932.999825 12778.0000  14.4%  60.3   36s
H21771 12760                    14932.995942 12778.0000  14.4%  61.1   38s
 21851 13730 14028.0000   44  138 14932.9959 12778.0000  14.4%  61.2   40s
 24455 15291 13710.7547   41  176 14932.9959 12778.0000  14.4%  62.7   45s
 27787 17266 13030.0889   27  445 14932.9959 12778.0000  14.4%  64.6   51s
 29619 17267 12938.0000   59  140 14932.9959 12778.0000  14.4%  64.9   63s
 29626 17272 14200.0000   69  242 14932.9959 12778.0000  14.4%  64.9   65s
 29633 17276 13945.0000   59  368 14932.9959 12778.0000  14.4%  64.9   70s
 30372 17700 12849.0000   56  201 14932.9959 12778.0000  14.4%  65.9   75s
 31541 18260 14038.0000   57  169 14932.9959 12778.0000  14.4%  66.0   80s
 33887 19432 14203.2826   78   69 14932.9959 12778.0000  14.4%  66.5   85s
 35745 20071 12778.0000   37  355 14932.9959 12778.0000  14.4%  67.9   90s
 38562 20551 infeasible   38      14932.9959 12778.0000  14.4%  69.1   95s
 40942 21366 13447.1636   36  289 14932.9959 12778.0000  14.4%  70.6  100s
 42286 22208 14124.2816   64  167 14932.9959 12778.0000  14.4%  71.7  105s
 44572 22735 13176.0000   37  350 14932.9959 12778.0000  14.4%  74.0  111s
 46324 23319 infeasible   47      14932.9959 12778.0000  14.4%  76.1  116s
 49023 23704 infeasible   63      14932.9959 12778.0000  14.4%  77.6  121s
 50408 24286 14277.3204   42  193 14932.9959 12778.0000  14.4%  79.1  127s
 51906 24641 12881.2368   36  383 14932.9959 12778.0000  14.4%  80.8  132s
 52669 25263 13239.3913   41  326 14932.9959 12778.0281  14.4%  81.7  135s
 55219 25583 13165.5952   57  197 14932.9959 12778.7475  14.4%  82.7  140s
H55436 24645                    14932.995922 12778.7475  14.4%  82.8  140s
H55775 23711                    14932.995913 12779.1138  14.4%  82.9  140s
 57630 24361 12816.2798   42  378 14932.9959 12783.2368  14.4%  84.0  147s
H59052 24067                    14932.995878 12784.9132  14.4%  84.9  149s
 59964 24149 12939.9722   41  379 14932.9959 12790.1500  14.3%  84.8  152s
 60633 24631 12879.6969   34  368 14932.9959 12793.5714  14.3%  85.1  155s
 62811 25131 infeasible   52      14932.9959 12794.0000  14.3%  86.4  160s
 64579 25931 14353.0000   67  147 14932.9959 12796.1050  14.3%  87.4  165s
 66976 26151 13187.9813   50  241 14932.9959 12798.0000  14.3%  87.9  171s
 67849 26398 12875.7550   47  352 14932.9959 12798.0000  14.3%  88.6  175s
 69618 26716 14848.0000   59   66 14932.9959 12798.0000  14.3%  89.7  181s

Cutting planes:
  Learned: 25
  Gomory: 276
  Cover: 1451
  Implied bound: 247
  Projected implied bound: 21
  Clique: 148
  MIR: 275
  StrongCG: 109
  Flow cover: 1206
  GUB cover: 8
  Inf proof: 17
  Zero half: 10
  Network: 34
  RLT: 64
  Relax-and-lift: 117

Explored 70547 nodes (6385418 simplex iterations) in 181.23 seconds (263.13 work units)
Thread count was 8 (of 8 available processors)

Solution count 10: 14933 14933 14933 ... 14934

Solve interrupted
Best objective 1.493299587845e+04, best bound 1.279800000000e+04, gap 14.2972%

User-callback calls 207065, time in user-callback 0.44 sec

Statistics for modelBBUP_W:
  Linear constraint matrix    : 12169 Constrs, 5181 Vars, 44774 NZs
  Variable types              : 2316 Continuous,
2865 Integer (59 Binary)
  Matrix coefficient range    : [ 1, 200 ]
  Objective coefficient range : [ 1, 384 ]
  Variable bound range        : [ 1, 199 ]
  RHS coefficient range       : [ 1, 549 ]

Gurobi 10.0.1 (mac64[arm]) logging started Mon Apr  8 03:14:17 2024

Set parameter LogFile to value "/Users/deniserings/Documents/zib/s-bahn-data/scripts/DeniseMA/processed/BBUP_W/Branching/BBUP_W_random1_subMBP202404072240.log"
Gurobi Optimizer version 10.0.1 build v10.0.1rc0 (mac64[arm])

CPU model: Apple M2
Thread count: 8 physical cores, 8 logical processors, using up to 8 threads

Optimize a model with 12166 rows, 5181 columns and 44771 nonzeros
Model fingerprint: 0xa9bb8f18
Variable types: 2316 continuous, 2865 integer (59 binary)
Coefficient statistics:
  Matrix range     [1e+00, 2e+02]
  Objective range  [1e+00, 4e+02]
  Bounds range     [1e+00, 2e+02]
  RHS range        [1e+00, 5e+02]

Loaded user MIP start with objective 15083

Presolve removed 5643 rows and 1820 columns
Presolve time: 0.09s
Presolved: 6523 rows, 3361 columns, 24938 nonzeros
Variable types: 1096 continuous, 2265 integer (2265 binary)

Root relaxation: objective 1.269604e+04, 2347 iterations, 0.01 seconds (0.01 work units)

    Nodes    |    Current Node    |     Objective Bounds      |     Work
 Expl Unexpl |  Obj  Depth IntInf | Incumbent    BestBd   Gap | It/Node Time

     0     0 12696.0447    0  104 15083.0000 12696.0447  15.8%     -    0s
     0     0 12740.1860    0  353 15083.0000 12740.1860  15.5%     -    0s
     0     0 12742.0000    0  312 15083.0000 12742.0000  15.5%     -    0s
     0     0 12758.9160    0  513 15083.0000 12758.9160  15.4%     -    0s
     0     0 12758.9160    0  435 15083.0000 12758.9160  15.4%     -    0s
     0     0 12759.7698    0  368 15083.0000 12759.7698  15.4%     -    0s
H    0     0                    15082.999941 12759.7698  15.4%     -    0s
     0     0 12759.7698    0  371 15082.9999 12759.7698  15.4%     -    0s
     0     0 12768.0000    0  319 15082.9999 12768.0000  15.3%     -    0s
     0     0 12768.0000    0  400 15082.9999 12768.0000  15.3%     -    0s
     0     0 12768.0000    0  343 15082.9999 12768.0000  15.3%     -    0s
     0     0 12768.0000    0  396 15082.9999 12768.0000  15.3%     -    0s
H    0     0                    15082.999937 12768.0000  15.3%     -    0s
     0     0 12768.0333    0  123 15082.9999 12768.0333  15.3%     -    0s
     0     0 12768.0333    0  229 15082.9999 12768.0333  15.3%     -    0s
     0     0 12768.9025    0  240 15082.9999 12768.9025  15.3%     -    0s
     0     0 12768.9025    0  238 15082.9999 12768.9025  15.3%     -    0s
     0     0 12768.9025    0  254 15082.9999 12768.9025  15.3%     -    0s
     0     0 12768.9025    0  281 15082.9999 12768.9025  15.3%     -    1s
     0     0 12768.9025    0  108 15082.9999 12768.9025  15.3%     -    1s
     0     0 12768.9025    0  158 15082.9999 12768.9025  15.3%     -    1s
     0     0 12768.9025    0  119 15082.9999 12768.9025  15.3%     -    1s
     0     0 12768.9025    0  115 15082.9999 12768.9025  15.3%     -    1s
     0     0 12768.9025    0  134 15082.9999 12768.9025  15.3%     -    1s
     0     0 12768.9025    0  286 15082.9999 12768.9025  15.3%     -    1s
     0     0 12768.9025    0  253 15082.9999 12768.9025  15.3%     -    1s
     0     0 12768.9025    0  252 15082.9999 12768.9025  15.3%     -    1s
     0     0 12768.9025    0  278 15082.9999 12768.9025  15.3%     -    1s
     0     0 12768.9025    0  252 15082.9999 12768.9025  15.3%     -    1s
     0     0 12768.9025    0  291 15082.9999 12768.9025  15.3%     -    1s
     0     0 12768.9025    0  279 15082.9999 12768.9025  15.3%     -    1s
     0     0 12768.9025    0   99 15082.9999 12768.9025  15.3%     -    2s
     0     0 12768.9025    0  145 15082.9999 12768.9025  15.3%     -    2s
     0     0 12768.9025    0  133 15082.9999 12768.9025  15.3%     -    2s
     0     0 12768.9025    0  155 15082.9999 12768.9025  15.3%     -    2s
     0     0 12768.9025    0   83 15082.9999 12768.9025  15.3%     -    2s
     0     0 12768.9025    0  157 15082.9999 12768.9025  15.3%     -    2s
     0     0 12768.9025    0  101 15082.9999 12768.9025  15.3%     -    2s
     0     0 12768.9025    0   69 15082.9999 12768.9025  15.3%     -    2s
     0     2 12768.9025    0   58 15082.9999 12768.9025  15.3%     -    2s
H  176   175                    15078.000000 12778.0000  15.3%  56.9    3s
H  231   234                    15019.000000 12778.0000  14.9%  52.6    3s
H 1421  1205                    15018.998081 12778.0000  14.9%  33.4    4s
  1712  1460 13142.0000   45  333 15018.9981 12778.0000  14.9%  32.0    5s
H 1970  1553                    15018.000000 12778.0000  14.9%  46.9    8s
H 2078  1630                    15014.000000 12778.0000  14.9%  47.4    8s
H 2216  1521                    15009.000000 12778.0000  14.9%  46.6    9s
H 2229  1454                    15007.000000 12778.0000  14.9%  46.8    9s
H 2245  1425                    14992.000000 12778.0000  14.8%  46.9    9s
H 2279  1356                    14989.000000 12778.0000  14.8%  47.2    9s
  2429  1846 12794.7457   52  254 14989.0000 12778.0000  14.8%  47.7   10s
H 2978  1616                    14979.000000 12778.0000  14.7%  44.4   10s
H 4364  2276                    14975.000000 12778.0000  14.7%  40.4   11s
H 4672  2332                    14974.999963 12778.0000  14.7%  41.3   12s
H 4688  2332                    14973.000000 12778.0000  14.7%  41.3   12s
H 5776  3086                    14972.000000 12778.0000  14.7%  45.9   15s
H 5777  3086                    14961.000000 12778.0000  14.6%  45.9   15s
H 5778  3085                    14953.000000 12778.0000  14.5%  45.9   15s
H 5874  3085                    14950.000000 12778.0000  14.5%  46.0   15s
H 7178  3927                    14938.000000 12778.0000  14.5%  48.2   17s
H 7695  4546                    14937.999963 12778.0000  14.5%  50.5   18s
H 8004  4546                    14937.999930 12778.0000  14.5%  49.6   18s
  8487  5533 12778.0000   32  301 14937.9999 12778.0000  14.5%  51.1   20s
 11306  6726 infeasible   59      14937.9999 12778.0000  14.5%  53.4   25s
 13919  8286 infeasible   34      14937.9999 12778.0000  14.5%  57.1   30s
H16537  9641                    14933.000000 12778.0000  14.4%  59.8   34s
 16547  9886 13778.0000   39  225 14933.0000 12778.0000  14.4%  60.2   35s
 19893 11816 14307.0000   66  179 14933.0000 12778.0000  14.4%  61.8   41s
 20840 12774 12952.0000   31  313 14933.0000 12778.0000  14.4%  63.7   45s
H21836 13542                    14932.999986 12778.0000  14.4%  65.4   47s
H22640 13542                    14932.999979 12778.0000  14.4%  64.9   47s
 23972 14519 12778.2111   33  373 14933.0000 12778.0000  14.4%  66.3   52s
H24145 14519                    14932.999958 12778.0000  14.4%  66.3   52s
H24227 14519                    14932.999862 12778.0000  14.4%  66.6   52s
 24746 14954 12778.0000   25  205 14932.9999 12778.0000  14.4%  66.6   55s
 26162 15683 12778.0000   32  287 14932.9999 12778.0000  14.4%  68.5   60s
 27420 16662 infeasible   42      14932.9999 12778.0000  14.4%  70.6   65s
 29225 18578 12890.0000   40  255 14932.9999 12778.0000  14.4%  72.4   71s
 31585 18579 14411.2424   79  115 14932.9999 12778.0000  14.4%  73.1   84s
 31592 18584 14612.0000   98  265 14932.9999 12778.0000  14.4%  73.1   85s
 31601 18590 14127.0000   47  280 14932.9999 12778.0000  14.4%  73.1   90s
H31719 17733                    14932.999834 12778.0000  14.4%  73.7   90s
H31863 16906                    14932.999831 12778.0000  14.4%  74.0   91s
H32206 16200                    14932.998439 12778.0000  14.4%  73.8   93s
 32663 16426 13309.2790   54  224 14932.9984 12778.0000  14.4%  73.6   95s
 33875 16982 infeasible   82      14932.9984 12778.0000  14.4%  73.5  100s
 36378 17985 13037.7500   52  304 14932.9984 12778.0000  14.4%  74.4  106s
 38549 18993     cutoff  102      14932.9984 12778.0000  14.4%  74.8  111s
 40994 19732 infeasible   39      14932.9984 12778.0000  14.4%  75.9  116s
 42871 20047 14515.0000   98   47 14932.9984 12778.0000  14.4%  76.8  120s
 45331 20592 12794.0000   38  359 14932.9984 12778.0000  14.4%  77.8  125s
 47329 21529 14799.4286   60  123 14932.9984 12778.0000  14.4%  79.5  132s
 48477 22006 13408.0498   46  325 14932.9984 12778.0000  14.4%  80.2  135s
 51332 22660 12920.6881   46  287 14932.9984 12778.0000  14.4%  81.6  141s
 53904 23230 12791.9731   38  390 14932.9984 12778.0000  14.4%  82.7  147s
 54901 23441 infeasible   44      14932.9984 12778.0000  14.4%  83.8  150s
 56904 24429 13596.7578   49  165 14932.9984 12778.0000  14.4%  85.4  157s
 58287 25111 13792.0000   84   59 14932.9984 12778.0000  14.4%  85.9  160s
 61617 25452 12916.0000   39  406 14932.9984 12778.0000  14.4%  86.8  166s
 62624 25821 12778.0000   48  356 14932.9984 12778.0000  14.4%  87.1  170s
 64965 26736 13992.0000   73  124 14932.9984 12778.0000  14.4%  88.5  178s
 66527 27110 12995.2827   38  310 14932.9984 12778.0000  14.4%  89.4  181s

Cutting planes:
  Learned: 13
  Gomory: 228
  Cover: 898
  Implied bound: 143
  Projected implied bound: 16
  Clique: 110
  MIR: 271
  StrongCG: 86
  Flow cover: 1054
  GUB cover: 11
  Inf proof: 16
  Zero half: 7
  Network: 26
  RLT: 55
  Relax-and-lift: 82

Explored 67823 nodes (6137764 simplex iterations) in 181.84 seconds (264.88 work units)
Thread count was 8 (of 8 available processors)

Solution count 10: 14933 14933 14933 ... 14938

Solve interrupted
Best objective 1.493299843872e+04, best bound 1.277800000000e+04, gap 14.4311%

User-callback calls 204502, time in user-callback 0.45 sec

Statistics for modelBBUP_W:
  Linear constraint matrix    : 12166 Constrs, 5181 Vars, 44771 NZs
  Variable types              : 2316 Continuous,
2865 Integer (59 Binary)
  Matrix coefficient range    : [ 1, 200 ]
  Objective coefficient range : [ 1, 384 ]
  Variable bound range        : [ 1, 199 ]
  RHS coefficient range       : [ 1, 549 ]

Gurobi 10.0.1 (mac64[arm]) logging started Mon Apr  8 03:17:19 2024

Set parameter LogFile to value "/Users/deniserings/Documents/zib/s-bahn-data/scripts/DeniseMA/processed/BBUP_W/Branching/BBUP_W_random1_subMBP202404072240.log"
Gurobi Optimizer version 10.0.1 build v10.0.1rc0 (mac64[arm])

CPU model: Apple M2
Thread count: 8 physical cores, 8 logical processors, using up to 8 threads

Optimize a model with 12164 rows, 5181 columns and 44769 nonzeros
Model fingerprint: 0xeb036905
Variable types: 2316 continuous, 2865 integer (59 binary)
Coefficient statistics:
  Matrix range     [1e+00, 2e+02]
  Objective range  [1e+00, 4e+02]
  Bounds range     [1e+00, 2e+02]
  RHS range        [1e+00, 5e+02]

Loaded user MIP start with objective 15083

Presolve removed 5508 rows and 1720 columns
Presolve time: 0.09s
Presolved: 6656 rows, 3461 columns, 25514 nonzeros
Variable types: 1119 continuous, 2342 integer (2342 binary)

Root relaxation: objective 1.268804e+04, 2476 iterations, 0.01 seconds (0.01 work units)

    Nodes    |    Current Node    |     Objective Bounds      |     Work
 Expl Unexpl |  Obj  Depth IntInf | Incumbent    BestBd   Gap | It/Node Time

     0     0 12688.0447    0  101 15083.0000 12688.0447  15.9%     -    0s
     0     0 12732.5232    0  419 15083.0000 12732.5232  15.6%     -    0s
     0     0 12732.5232    0  379 15083.0000 12732.5232  15.6%     -    0s
     0     0 12744.0506    0  444 15083.0000 12744.0506  15.5%     -    0s
H    0     0                    15080.000000 12744.0506  15.5%     -    0s
     0     0 12744.0506    0  357 15080.0000 12744.0506  15.5%     -    0s
     0     0 12747.1759    0  384 15080.0000 12747.1759  15.5%     -    0s
     0     0 12747.1759    0  384 15080.0000 12747.1759  15.5%     -    0s
     0     0 12747.1759    0  118 15080.0000 12747.1759  15.5%     -    0s
     0     0 12747.1759    0  146 15080.0000 12747.1759  15.5%     -    0s
     0     0 12747.1759    0  243 15080.0000 12747.1759  15.5%     -    0s
     0     0 12747.1759    0  272 15080.0000 12747.1759  15.5%     -    0s
     0     0 12748.3868    0  133 15080.0000 12748.3868  15.5%     -    0s
     0     0 12748.3868    0  109 15080.0000 12748.3868  15.5%     -    0s
     0     2 12748.3868    0   98 15080.0000 12748.3868  15.5%     -    1s
H  144   123                    15075.000000 12768.0000  15.3%   117    1s
H  335   287                    15067.000000 12768.0000  15.3%  73.3    1s
H 1499  1064                    15066.999891 12769.2645  15.3%  37.1    4s
  1523  1087 12795.0000   18  187 15066.9999 12778.0000  15.2%  52.5    5s
H 1619  1093                    15066.998667 12778.0000  15.2%  51.4    5s
H 1707  1099                    15063.000043 12778.0000  15.2%  50.6    5s
H 1739  1088                    15005.000000 12778.0000  14.8%  50.1    5s
H 1751  1039                    14993.000000 12778.0000  14.8%  50.0    5s
H 2207  1177                    14992.999945 12778.0000  14.8%  47.0    6s
H 2211  1134                    14992.999901 12778.0000  14.8%  47.0    6s
H 2218  1092                    14992.000000 12778.0000  14.8%  47.0    6s
H 3204  1546                    14988.000000 12778.0000  14.7%  40.3    7s
H 4523  2207                    14985.000000 12778.0000  14.7%  35.0    8s
H 4552  2207                    14976.000000 12778.0000  14.7%  35.4    8s
H 4640  2280                    14974.000000 12778.0000  14.7%  36.1    9s
H 4641  2280                    14972.000000 12778.0000  14.7%  36.1    9s
H 4647  2280                    14967.000000 12778.0000  14.6%  36.2    9s
  5539  2936 infeasible   27      14967.0000 12778.0000  14.6%  34.7   10s
H 6365  3451                    14959.000000 12778.0000  14.6%  33.9   10s
H 7944  4474                    14957.000000 12778.0000  14.6%  33.4   11s
H 9101  5461                    14955.000000 12778.0000  14.6%  33.8   13s
H 9192  5458                    14950.000000 12778.0000  14.5%  33.9   13s
H 9705  5467                    14937.000000 12778.0000  14.5%  34.1   14s
H10072  6181                    14934.000000 12778.0000  14.4%  34.7   15s
H11527  7176                    14933.000000 12778.0000  14.4%  34.7   16s
 15536  9449 13313.7143   50  235 14933.0000 12778.0000  14.4%  35.5   20s
H19019 11112                    14932.999980 12778.0000  14.4%  35.9   23s
H19042 11112                    14932.999970 12778.0000  14.4%  36.1   23s
 20099 12433 12874.0000   37  199 14933.0000 12778.0000  14.4%  37.6   25s
H20412 12433                    14932.999956 12778.0000  14.4%  38.0   25s
H21661 13054                    14932.999927 12778.0000  14.4%  39.1   28s
 24704 15160 infeasible  105      14932.9999 12778.0000  14.4%  39.0   30s
H24855 15160                    14932.997574 12778.0000  14.4%  39.1   30s
 27514 16737 13078.0000   50  271 14932.9976 12778.0000  14.4%  40.7   35s
 31597 18878 13955.4108   81  109 14932.9976 12778.0000  14.4%  42.7   49s
 31603 18882 14403.4000   98  162 14932.9976 12778.0000  14.4%  42.7   50s
 31612 18888 12868.0000   40  111 14932.9976 12778.0000  14.4%  42.7   55s
 31619 18893 12778.0000   30  145 14932.9976 12778.0000  14.4%  42.7   60s
H32482 18456                    14932.997554 12778.0000  14.4%  44.5   64s
H32526 17544                    14932.997539 12778.0000  14.4%  44.5   64s
H32542 16686                    14932.997493 12778.0000  14.4%  44.5   64s
H32613 15851                    14932.997169 12778.0000  14.4%  44.5   64s
 32651 16055 13628.0000   71  155 14932.9972 12778.0000  14.4%  44.5   65s
 35254 17770 13794.4818   55  225 14932.9972 12778.0000  14.4%  44.9   71s
 38191 18928 13906.9412   54  262 14932.9972 12778.0000  14.4%  46.5   75s
H38485 18061                    14932.997134 12778.0000  14.4%  46.4   75s
H40695 17612                    14932.996795 12778.0000  14.4%  47.9   78s
 41924 17792 12778.0000   35  366 14932.9968 12778.0000  14.4%  48.9   81s
H44088 17641                    14932.996757 12778.0000  14.4%  50.4   84s
 44416 17932 13146.2666   43  286 14932.9968 12778.0000  14.4%  51.0   85s
 47291 19356 14012.1382   51  180 14932.9968 12778.0000  14.4%  53.0   92s
H48801 16165                    14172.000000 12778.0000  9.84%  54.0   92s
 48866 17015     cutoff   69      14172.0000 12778.0000  9.84%  54.1   95s
H48870 16358                    14161.000000 12778.0000  9.77%  54.1   95s
H49347 15587                    14156.000000 12778.0000  9.73%  54.5   95s
H50962 14825                    14151.000000 12778.0000  9.70%  55.3   97s
H51010 14259                    14146.000000 12778.0000  9.67%  55.5   97s
H51135 13649                    14134.000000 12778.0000  9.59%  55.6   97s
H51653 13776                    14124.000000 12778.0000  9.53%  56.4  100s
H52321 13089                    14123.000000 12778.0000  9.52%  56.9  100s
H52321 12637                    14119.000000 12778.0000  9.50%  56.9  100s
H52919 11982                    14113.000000 12778.0000  9.46%  57.3  100s
H53310 11729                    14108.000000 12778.0000  9.43%  57.7  102s
H53376 11440                    14103.000000 12778.0000  9.40%  57.8  102s
H53556 11271                    14081.000000 12778.0000  9.25%  57.9  102s
H53944 11447                    14056.000000 12778.0000  9.09%  58.5  105s
H54670 11729                    14054.000000 12778.0000  9.08%  59.7  108s
 55300 12159 infeasible   53      14054.0000 12778.0000  9.08%  60.8  110s
H57337 13175                    14053.999963 12778.0000  9.08%  62.9  113s
 58084 13570 12814.1873   42  362 14054.0000 12778.0000  9.08%  63.2  116s
H59164 13921                    14053.999948 12778.0000  9.08%  64.9  119s
H59562 14280                    14053.999932 12778.0000  9.08%  65.5  122s
H60269 14280                    14053.999921 12778.0000  9.08%  66.4  122s
 60508 14767 12921.0000   38  268 14053.9999 12778.0000  9.08%  66.7  125s
H61426 15251                    14053.999902 12778.0000  9.08%  67.9  127s
 62400 15872 infeasible   47      14053.9999 12778.0000  9.08%  68.5  131s
H62593 15872                    14053.999834 12778.0000  9.08%  68.9  131s
 63466 16532 13223.8340   48  293 14053.9998 12778.0000  9.08%  69.9  135s
H65186 17573                    14049.000000 12778.0000  9.05%  71.6  138s
H66726 18122                    14048.999865 12778.0000  9.05%  72.6  142s
H66799 18122                    14048.999705 12778.0000  9.05%  72.8  142s
H67420 18122                    14048.999661 12778.0000  9.05%  73.4  142s
 67724 18766 12978.5893   45  324 14048.9997 12778.0000  9.05%  73.6  145s
H68024 18766                    14048.999656 12778.0000  9.05%  73.9  145s
H68240 18766                    14048.999597 12778.0000  9.05%  74.2  145s
 69924 19803 13096.5703   52  285 14048.9996 12778.0000  9.05%  76.1  153s
H70596 19803                    14048.999496 12778.0000  9.05%  76.9  153s
 70870 20584 12790.5011   44  233 14048.9995 12778.0000  9.05%  77.2  157s
 72512 20974 12826.4746   42  283 14048.9995 12778.0000  9.05%  78.4  160s
H74032 21671                    14048.998533 12778.0000  9.05%  79.7  164s
 74366 22255 12920.4746   37  321 14048.9985 12778.0000  9.05%  79.9  167s
H74631 22255                    14048.998514 12778.0000  9.05%  80.2  167s
 75447 23476 13652.4777   46  250 14048.9985 12778.0000  9.05%  80.7  171s
 78214 24698 13076.3992   56  257 14048.9985 12778.0000  9.05%  81.9  179s
 79947 25155 13713.5455   57  127 14048.9985 12778.0000  9.05%  83.0  182s
 80925 25761 12788.4259   35  437 14048.9985 12778.0211  9.05%  83.9  185s
 82818 26651 12998.9149   63   68 14048.9985 12780.0004  9.03%  85.1  191s
 84964 27878 infeasible   61      14048.9985 12782.0163  9.02%  86.3  198s
H85557 27878                    14048.998479 12782.2803  9.02%  86.7  198s
 86122 28533 infeasible   78      14048.9985 12783.0000  9.01%  87.1  202s
 87308 29186 12880.3181   48  279 14048.9985 12783.2368  9.01%  87.9  206s
 88449 30005 13075.4003   56  381 14048.9985 12783.2368  9.01%  88.6  210s
 91134 32121 12788.4259   39  439 14048.9985 12783.2368  9.01%  89.9  218s
H92016 32121                    14048.998441 12783.2368  9.01%  90.0  218s
 93592 32577 13682.6969   50  220 14048.9984 12783.2855  9.01%  90.1  221s
 94376 33331 12789.6714   44  390 14048.9984 12783.2855  9.01%  90.4  225s
 96849 34557 12819.5766   47  295 14048.9984 12783.2855  9.01%  91.3  232s
 97936 35513 12788.4746   51  382 14048.9984 12783.2855  9.01%  91.7  235s
 100610 36339 13089.5924   52  296 14048.9984 12783.7860  9.01%  92.0  240s
H101021 36211                    14034.000000 12784.0000  8.91%  92.2  240s
 102227 37272 13591.0000   64  289 14034.0000 12785.2105  8.90%  92.8  245s
H102371 37272                    14033.999979 12785.2105  8.90%  92.7  245s
H102468 37272                    14033.999964 12785.2208  8.90%  92.8  245s
H102765 37272                    14033.999896 12785.2855  8.90%  92.8  246s
 104530 38324 12944.3759   56  337 14033.9999 12787.2645  8.88%  92.9  252s
 105462 38760 13620.1992   53  341 14033.9999 12788.4259  8.88%  93.4  255s
 107315 39828 12827.3213   48  289 14033.9999 12788.4259  8.88%  94.3  263s
 108329 40496     cutoff   63      14033.9999 12788.4259  8.88%  94.7  266s
H108714 40496                    14033.999894 12788.4259  8.88%  94.8  266s
 109501 41081 13511.4216   53  242 14033.9999 12788.4259  8.88%  94.9  270s
H110039 41081                    14033.999850 12788.4259  8.88%  95.0  270s
 112125 42550 12788.4259   41  259 14033.9998 12788.4259  8.88%  95.5  277s
 113088 43135 13366.4746   46  210 14033.9998 12788.4259  8.88%  95.8  281s
 114203 43960 12881.6402   41  216 14033.9998 12788.4259  8.88%  96.2  285s
 118318 46034 infeasible   47      14033.9998 12788.4259  8.88%  96.4  293s
H119118 46034                    14033.999611 12788.4259  8.88%  96.5  293s
 119296 46560 12994.7980   44  241 14033.9996 12788.4259  8.88%  96.7  296s
 121352 47818 12944.7216   54  296 14033.9996 12788.4259  8.88%  97.3  303s
H121775 47818                    14033.999518 12788.4259  8.88%  97.4  303s
 122371 48794 12959.1890   57  230 14033.9995 12788.4259  8.88%  97.7  307s
 124051 49276 12867.3110   48  173 14033.9995 12788.4259  8.88%  97.9  310s
 124856 50263 13039.6721   47  244 14033.9995 12788.4259  8.88%  98.2  315s
 126426 51567 13896.3894   58  145 14033.9995 12788.4259  8.88%  98.8  320s
 129825 52732 12934.1215   45  337 14033.9995 12788.4259  8.88%  99.1  326s
 130897 53284 13072.7154   51  244 14033.9995 12788.4259  8.88%  99.4  330s
 133015 54454 13033.4746   53  245 14033.9995 12788.4259  8.88%   100  338s
 134037 55282 12934.5091   51  289 14033.9995 12788.4259  8.88%   100  341s
 135531 55914 12844.1786   36  373 14033.9995 12788.4259  8.88%   100  345s
 136921 56688 12803.1890   42  360 14033.9995 12788.4259  8.88%   101  353s
 138072 57374 13113.8693   48  317 14033.9995 12788.4259  8.88%   101  357s
 139246 57856 13236.1890   46  362 14033.9995 12788.4259  8.88%   101  361s
 140149 58577 13199.5310   45  135 14033.9995 12788.4259  8.88%   102  365s
 142897 60088 13109.1924   51  256 14033.9995 12788.4259  8.88%   102  373s
 144173 60669 12884.3362   40  304 14033.9995 12788.4259  8.88%   102  378s
 145339 61448 12803.1890   38  307 14033.9995 12788.4259  8.88%   103  382s
 146766 62481 12803.1890   36  429 14033.9995 12788.4259  8.88%   103  387s
 148630 63330 12803.1890   41  196 14033.9995 12788.4259  8.88%   103  391s
H150078 64069                    14033.999487 12788.4392  8.88%   103  395s
 152730 65531 12827.9656   44  310 14033.9995 12788.4746  8.88%   104  403s
 153992 66601 13986.0000   75  114 14033.9995 12788.4746  8.88%   104  406s
 156588 67393 13028.1890   46  119 14033.9995 12788.4746  8.88%   104  411s
 158309 68411 13306.3823   36  303 14033.9995 12788.4746  8.88%   104  418s
 159425 68951 12803.1890   42  294 14033.9995 12788.4746  8.88%   104  421s
 161392 70012 12877.5821   64  322 14033.9995 12788.4746  8.88%   105  428s
 162378 70747 12803.6668   55  448 14033.9995 12788.4746  8.88%   105  431s
 163583 71324 12833.1890   52  220 14033.9995 12788.4746  8.88%   105  435s
 166144 72586 12828.1571   36  435 14033.9995 12788.5460  8.87%   105  441s
 168118 74295 12818.1965   48  370 14033.9995 12788.6879  8.87%   105  447s
 170350 74660 infeasible   46      14033.9995 12788.9118  8.87%   105  450s
 172242 75923 infeasible   67      14033.9995 12789.7039  8.87%   105  457s
 173432 76490     cutoff   65      14033.9995 12790.1700  8.86%   105  461s
 176907 78139 13626.2346   56  177 14033.9995 12790.4485  8.86%   105  466s
 178570 78869 12869.3044   35  359 14033.9995 12791.3619  8.85%   105  470s
 179870 79778 12846.1890   41  305 14033.9995 12791.4259  8.85%   105  475s
 181687 80745 12828.8635   44  351 14033.9995 12792.0000  8.85%   106  481s
H183182 80548                    14008.000000 12792.4746  8.68%   106  483s
 183610 80891 13483.6402   62  218 14008.0000 12792.9081  8.67%   106  486s
H184281 81086                    14004.999911 12792.9117  8.65%   106  488s
 184900 81411 12817.2342   37  358 14004.9999 12792.9117  8.65%   106  491s
 185514 81972 12817.2988   44  351 14004.9999 12792.9117  8.65%   106  495s
 187625 83008 13316.2494   47  231 14004.9999 12793.8339  8.65%   107  503s
 188899 83998 13564.9754   50  253 14004.9999 12794.0900  8.65%   107  506s
 191824 85025 12816.1682   43  406 14004.9999 12795.5423  8.64%   107  511s
 193572 86145     cutoff   77      14004.9999 12796.3067  8.63%   107  516s
 194859 86728 13207.9469   42  266 14004.9999 12797.0526  8.63%   107  520s
 196731 87479 12823.1890   48  314 14004.9999 12798.0000  8.62%   107  527s
 197629 87986 13099.7305   57  271 14004.9999 12798.0000  8.62%   107  530s
 199367 88760 13363.3094   47  271 14004.9999 12798.0000  8.62%   108  537s
 200062 89351 infeasible   49      14004.9999 12798.0000  8.62%   108  541s
 201271 89913 13046.1471   50  321 14004.9999 12798.0000  8.62%   109  546s
 202394 90417 12825.1789   48  454 14004.9999 12798.0000  8.62%   109  550s
 204767 92008 12915.2557   48  265 14004.9999 12798.4480  8.62%   109  558s
 206648 92451 13877.1330   64  148 14004.9999 12799.3418  8.61%   109  561s
 208432 93315 13663.6716   48  223 14004.9999 12801.0000  8.60%   109  567s
 209317 93789 12976.1388   45  369 14004.9999 12801.9533  8.59%   110  570s
 211574 95173 12814.2995   53  287 14004.9999 12803.1890  8.58%   110  578s
H212405 95173                    14004.999897 12803.1890  8.58%   110  578s
H212539 95173                    14004.999859 12803.1890  8.58%   110  578s
 212795 95771 13317.5211   44  428 14004.9999 12803.1890  8.58%   110  582s
 213836 96635 12819.2845   46  425 14004.9999 12803.1890  8.58%   110  585s
 216273 97749 12830.4273   45  288 14004.9999 12803.1890  8.58%   110  592s
 217270 98343 13196.0065   53  227 14004.9999 12803.1890  8.58%   110  595s
 219172 99381 13293.2703   49  241 14004.9999 12803.1890  8.58%   110  603s
 220382 100133 13503.4511   56  180 14004.9999 12803.1890  8.58%   110  607s
H221673 100879                    14004.999802 12803.1890  8.58%   111  611s
 223008 101407 12803.1890   47  366 14004.9998 12803.1890  8.58%   111  615s
H224232 102183                    14004.999695 12803.1890  8.58%   111  619s
 225449 102762 13005.0342   49  327 14004.9997 12803.1890  8.58%   111  623s
 226428 103343 13350.2764   47  200 14004.9997 12803.1890  8.58%   111  627s
 227449 104103 13265.6833   47  329 14004.9997 12803.1890  8.58%   111  630s
H229226 104564                    14004.999635 12803.1890  8.58%   111  634s
 229702 105468 13198.5607   61  234 14004.9996 12803.1890  8.58%   111  639s
 231278 106510 13620.4915   54  397 14004.9996 12803.1890  8.58%   111  643s
 233257 107086 13986.1895   77  180 14004.9996 12803.1890  8.58%   111  646s
 234255 107680 12803.4800   43  346 14004.9996 12803.1890  8.58%   111  650s
 236620 108761     cutoff   68      14004.9996 12803.1890  8.58%   111  658s
 237516 109438 12851.5075   48  241 14004.9996 12803.1890  8.58%   112  662s
 238679 110125 13553.6813   46  168 14004.9996 12803.1890  8.58%   112  666s
 240048 110663 infeasible   42      14004.9996 12803.1890  8.58%   112  670s
 242451 111905 12966.7385   46  358 14004.9996 12803.1890  8.58%   112  678s
 243519 112061 12860.4960   50  329 14004.9996 12803.1890  8.58%   112  681s
H243762 112061                    14004.999570 12803.1890  8.58%   112  681s
 243788 114606 13809.6289   70  221 14004.9996 12803.1890  8.58%   112  696s

Cutting planes:
  Learned: 58
  Gomory: 360
  Cover: 1980
  Implied bound: 485
  Projected implied bound: 29
  Clique: 174
  MIR: 431
  StrongCG: 112
  Flow cover: 1729
  GUB cover: 13
  Inf proof: 46
  Zero half: 21
  Network: 48
  RLT: 100
  Relax-and-lift: 191

Explored 248177 nodes (27910676 simplex iterations) in 696.80 seconds (1036.52 work units)
Thread count was 8 (of 8 available processors)

Solution count 10: 14005 14005 14005 ... 14034

Solve interrupted
Best objective 1.400499957021e+04, best bound 1.280318904824e+04, gap 8.5813%

User-callback calls 726367, time in user-callback 1.63 sec

Statistics for modelBBUP_W:
  Linear constraint matrix    : 12164 Constrs, 5181 Vars, 44769 NZs
  Variable types              : 2316 Continuous,
2865 Integer (59 Binary)
  Matrix coefficient range    : [ 1, 200 ]
  Objective coefficient range : [ 1, 384 ]
  Variable bound range        : [ 1, 199 ]
  RHS coefficient range       : [ 1, 549 ]
