
Gurobi 10.0.1 (mac64[arm]) logging started Mon Apr  8 03:28:57 2024

Set parameter LogFile to value "/Users/deniserings/Documents/zib/s-bahn-data/scripts/DeniseMA/processed/BBUP_W/Branching/BBUP_W_random2_subMBP202404072240.log"
Gurobi Optimizer version 10.0.1 build v10.0.1rc0 (mac64[arm])

CPU model: Apple M2
Thread count: 8 physical cores, 8 logical processors, using up to 8 threads

Optimize a model with 12175 rows, 5181 columns and 44780 nonzeros
Model fingerprint: 0xf5b82355
Variable types: 2316 continuous, 2865 integer (59 binary)
Coefficient statistics:
  Matrix range     [1e+00, 2e+02]
  Objective range  [1e+00, 4e+02]
  Bounds range     [1e+00, 2e+02]
  RHS range        [1e+00, 5e+02]

Loaded user MIP start with objective 15083

Presolve removed 5823 rows and 1924 columns
Presolve time: 0.09s
Presolved: 6352 rows, 3257 columns, 24203 nonzeros
Variable types: 1050 continuous, 2207 integer (2207 binary)

Root relaxation: objective 1.269604e+04, 2334 iterations, 0.01 seconds (0.01 work units)

    Nodes    |    Current Node    |     Objective Bounds      |     Work
 Expl Unexpl |  Obj  Depth IntInf | Incumbent    BestBd   Gap | It/Node Time

     0     0 12696.0447    0  172 15083.0000 12696.0447  15.8%     -    0s
     0     0 12740.1860    0  437 15083.0000 12740.1860  15.5%     -    0s
     0     0 12740.1860    0  429 15083.0000 12740.1860  15.5%     -    0s
     0     0 12762.5818    0  455 15083.0000 12762.5818  15.4%     -    0s
     0     0 12762.5818    0  383 15083.0000 12762.5818  15.4%     -    0s
     0     0 12768.0000    0  428 15083.0000 12768.0000  15.3%     -    0s
     0     0 12768.0000    0  533 15083.0000 12768.0000  15.3%     -    0s
H    0     0                    15073.000000 12768.0000  15.3%     -    0s
H    0     0                    15072.000000 12768.0332  15.3%     -    0s
     0     0 12768.0332    0  567 15072.0000 12768.0332  15.3%     -    0s
     0     0 12768.0332    0  470 15072.0000 12768.0332  15.3%     -    0s
     0     0 12768.8380    0  485 15072.0000 12768.8380  15.3%     -    0s
     0     0 12768.8641    0  442 15072.0000 12768.8641  15.3%     -    0s
     0     0 12768.8641    0  407 15072.0000 12768.8641  15.3%     -    0s
     0     0 12768.8641    0  418 15072.0000 12768.8641  15.3%     -    0s
     0     0 12768.8641    0  417 15072.0000 12768.8641  15.3%     -    0s
     0     0 12768.8641    0  389 15072.0000 12768.8641  15.3%     -    0s
     0     0 12768.8641    0  408 15072.0000 12768.8641  15.3%     -    0s
H    0     0                    15067.000000 12768.8641  15.3%     -    1s
     0     0 12768.8641    0  136 15067.0000 12768.8641  15.3%     -    1s
     0     0 12768.8641    0  225 15067.0000 12768.8641  15.3%     -    1s
     0     0 12768.8641    0  154 15067.0000 12768.8641  15.3%     -    1s
     0     0 12768.8641    0  118 15067.0000 12768.8641  15.3%     -    1s
     0     0 12768.8641    0   55 15067.0000 12768.8641  15.3%     -    1s
     0     0 12768.8641    0  177 15067.0000 12768.8641  15.3%     -    1s
     0     0 12768.8641    0  174 15067.0000 12768.8641  15.3%     -    1s
     0     0 12768.8641    0  176 15067.0000 12768.8641  15.3%     -    1s
     0     0 12768.8641    0  257 15067.0000 12768.8641  15.3%     -    1s
     0     0 12768.8641    0  230 15067.0000 12768.8641  15.3%     -    1s
     0     0 12768.8641    0  249 15067.0000 12768.8641  15.3%     -    2s
     0     0 12768.8641    0  244 15067.0000 12768.8641  15.3%     -    2s
     0     0 12768.8641    0   66 15067.0000 12768.8641  15.3%     -    2s
     0     0 12768.8641    0  100 15067.0000 12768.8641  15.3%     -    2s
     0     0 12768.8641    0   94 15067.0000 12768.8641  15.3%     -    2s
     0     0 12768.8641    0  127 15067.0000 12768.8641  15.3%     -    2s
     0     0 12768.8641    0  105 15067.0000 12768.8641  15.3%     -    2s
     0     0 12768.8641    0   71 15067.0000 12768.8641  15.3%     -    2s
     0     2 12768.8641    0   71 15067.0000 12768.8641  15.3%     -    2s
H   34    40                    15047.000000 12778.0000  15.1%   183    2s
H  158   165                    15037.000000 12778.0000  15.0%  68.7    3s
H  168   181                    15025.000000 12778.0000  15.0%  66.5    3s
H  181   181                    15004.000000 12778.0000  14.8%  64.5    3s
H  329   329                    15003.999952 12778.0000  14.8%  46.8    3s
H  332   329                    15003.999903 12778.0000  14.8%  46.6    3s
H  334   329                    15003.998616 12778.0000  14.8%  46.5    3s
H  495   469                    15003.000000 12778.0000  14.8%  38.0    3s
H  499   469                    14996.000000 12778.0000  14.8%  38.0    3s
H 1564  1334                    14992.000000 12778.0000  14.8%  27.8    3s
  1582  1342 12864.0000    6  120 14992.0000 12778.0000  14.8%  27.6    5s
H 1765  1479                    14991.999972 12778.0000  14.8%  40.7    8s
H 1791  1406                    14991.999915 12778.0000  14.8%  40.7    8s
H 1805  1339                    14980.000000 12778.0000  14.7%  40.5    8s
H 1896  1330                    14979.999961 12778.0000  14.7%  39.8    8s
H 2004  1399                    14979.999921 12778.0000  14.7%  39.5    8s
H 2141  1311                    14972.000000 12778.0000  14.7%  38.2    8s
H 2254  1414                    14969.000000 12778.0000  14.6%  39.1    9s
H 2279  1358                    14965.000000 12778.0000  14.6%  38.9    9s
H 2487  1405                    14959.000000 12778.0000  14.6%  37.7    9s
H 2767  1574                    14956.000000 12778.0000  14.6%  37.6    9s
H 2828  1512                    14948.000000 12778.0000  14.5%  37.3    9s
  3036  2153 12779.3971   26  233 14948.0000 12778.0000  14.5%  37.2   10s
H 4070  1938                    14946.000000 12778.0000  14.5%  33.8   10s
H 4167  2274                    14945.999936 12778.0000  14.5%  34.1   11s
H 4604  2324                    14940.000000 12778.0000  14.5%  34.4   11s
H 5743  3070                    14939.000000 12778.0000  14.5%  35.2   13s
H 5746  3070                    14933.999993 12778.0000  14.4%  35.2   13s
  7083  4561 13109.4639   44  256 14934.0000 12778.0000  14.4%  37.4   15s
H 7407  4561                    14933.000000 12778.0000  14.4%  37.3   15s
H 9202  5488                    14932.999978 12778.0000  14.4%  39.9   17s
H 9217  5488                    14932.999971 12778.0000  14.4%  39.9   17s
H 9217  5488                    14932.999884 12778.0000  14.4%  39.9   17s
 11632  8048 13480.2609   37  216 14932.9999 12778.0000  14.4%  40.6   20s
 16355 10035 12778.0000   32  137 14932.9999 12778.0000  14.4%  42.5   25s
 19305 12527 14487.0000   62   95 14932.9999 12778.0000  14.4%  45.4   30s
H20347 12753                    14932.998595 12778.0000  14.4%  46.6   32s
 21317 14068 12926.1111   26  268 14932.9986 12778.0000  14.4%  48.1   35s
H21545 14068                    14932.998512 12778.0000  14.4%  48.1   35s
 25963 16477 12979.7488   42  336 14932.9985 12778.0000  14.4%  50.2   41s
 28761 18666 13847.1111   46  188 14932.9985 12778.0000  14.4%  51.1   45s
H29933 18666                    14932.998495 12778.0000  14.4%  51.2   45s
 30093 18667 12778.0000   35  118 14932.9985 12778.0000  14.4%  51.3   57s
 30103 18674 12920.0000   45  161 14932.9985 12778.0000  14.4%  51.3   60s
 30110 18678 14536.0000   84  162 14932.9985 12778.0000  14.4%  51.3   65s
H30685 18070                    14932.998445 12778.0000  14.4%  52.1   67s
 31355 18626 14368.0000   48  176 14932.9984 12778.0000  14.4%  52.3   70s
 33970 19145 13897.8002   49  236 14932.9984 12778.0000  14.4%  52.4   75s
H35421 18702                    14932.998443 12778.0000  14.4%  53.5   78s
 36109 19372 12790.0727   42  251 14932.9984 12778.0000  14.4%  54.3   81s
 38614 19579 infeasible   48      14932.9984 12778.0000  14.4%  56.1   86s
H38806 18672                    14932.997099 12778.0000  14.4%  56.6   86s
 41238 19426 infeasible   34      14932.9971 12778.0000  14.4%  58.2   90s
 43231 19921 13857.8000   49  295 14932.9971 12778.0000  14.4%  59.9   96s
 45040 20657 13349.2890   41  234 14932.9971 12778.0000  14.4%  61.5  100s
 47751 21253 13714.0000   44  304 14932.9971 12778.0000  14.4%  63.2  105s
 49937 22160 13774.5833   60  203 14932.9971 12778.4938  14.4%  64.3  110s
 51998 22513 13528.0882   50  198 14932.9971 12786.9458  14.4%  65.6  115s
 53474 23964 13201.9804   35  279 14932.9971 12792.0000  14.3%  66.4  120s
 56602 24621 13541.5970   50  227 14932.9971 12818.0000  14.2%  67.2  125s
 61371 25978 13372.0835   59  257 14932.9971 12848.0513  14.0%  68.2  131s
 66411 26904 infeasible   44      14932.9971 12894.0400  13.7%  68.6  135s
 70781 27635 13443.0000   41  155 14932.9971 12946.0000  13.3%  68.5  140s
 75734 28991 13768.7715   40  201 14932.9971 12989.0000  13.0%  68.5  145s
 80963 30840 13690.6103   34  351 14932.9971 13041.4116  12.7%  68.7  150s
 85903 33716 infeasible   50      14932.9971 13113.2594  12.2%  68.8  155s
 89810 35843 14233.0196   58  136 14932.9971 13181.1890  11.7%  69.1  160s
 91498 38262 14647.0000   70   25 14932.9971 13181.1890  11.7%  69.9  167s
 94735 39148 13575.0632   39  313 14932.9971 13181.1890  11.7%  70.7  171s
 97570 40893 infeasible   43      14932.9971 13181.1890  11.7%  71.3  175s
 99047 42174 13519.0532   47  361 14932.9971 13181.1890  11.7%  72.2  180s

Cutting planes:
  Learned: 18
  Gomory: 195
  Cover: 944
  Implied bound: 150
  Projected implied bound: 20
  Clique: 107
  MIR: 198
  StrongCG: 128
  Flow cover: 900
  GUB cover: 12
  Inf proof: 11
  Zero half: 16
  Network: 29
  RLT: 57
  Relax-and-lift: 69

Explored 100519 nodes (7320136 simplex iterations) in 180.43 seconds (256.15 work units)
Thread count was 8 (of 8 available processors)

Solution count 10: 14933 14933 14933 ... 14933

Solve interrupted
Best objective 1.493299709877e+04, best bound 1.318118904824e+04, gap 11.7311%

User-callback calls 264640, time in user-callback 0.50 sec

Statistics for modelBBUP_W:
  Linear constraint matrix    : 12175 Constrs, 5181 Vars, 44780 NZs
  Variable types              : 2316 Continuous,
2865 Integer (59 Binary)
  Matrix coefficient range    : [ 1, 200 ]
  Objective coefficient range : [ 1, 384 ]
  Variable bound range        : [ 1, 199 ]
  RHS coefficient range       : [ 1, 549 ]

Gurobi 10.0.1 (mac64[arm]) logging started Mon Apr  8 03:31:57 2024

Set parameter LogFile to value "/Users/deniserings/Documents/zib/s-bahn-data/scripts/DeniseMA/processed/BBUP_W/Branching/BBUP_W_random2_subMBP202404072240.log"
Gurobi Optimizer version 10.0.1 build v10.0.1rc0 (mac64[arm])

CPU model: Apple M2
Thread count: 8 physical cores, 8 logical processors, using up to 8 threads

Optimize a model with 12169 rows, 5181 columns and 44774 nonzeros
Model fingerprint: 0x20d67ee0
Variable types: 2316 continuous, 2865 integer (59 binary)
Coefficient statistics:
  Matrix range     [1e+00, 2e+02]
  Objective range  [1e+00, 4e+02]
  Bounds range     [1e+00, 2e+02]
  RHS range        [1e+00, 5e+02]

Loaded user MIP start with objective 15083

Presolve removed 5714 rows and 1862 columns
Presolve time: 0.09s
Presolved: 6455 rows, 3319 columns, 24589 nonzeros
Variable types: 1082 continuous, 2237 integer (2237 binary)

Root relaxation: objective 1.269604e+04, 2251 iterations, 0.01 seconds (0.01 work units)

    Nodes    |    Current Node    |     Objective Bounds      |     Work
 Expl Unexpl |  Obj  Depth IntInf | Incumbent    BestBd   Gap | It/Node Time

     0     0 12696.0447    0   82 15083.0000 12696.0447  15.8%     -    0s
     0     0 12740.4565    0  331 15083.0000 12740.4565  15.5%     -    0s
     0     0 12740.4565    0  427 15083.0000 12740.4565  15.5%     -    0s
H    0     0                    15080.000000 12740.4565  15.5%     -    0s
     0     0 12750.0597    0  376 15080.0000 12750.0597  15.5%     -    0s
     0     0 12750.0597    0  374 15080.0000 12750.0597  15.5%     -    0s
     0     0 12750.2641    0  407 15080.0000 12750.2641  15.4%     -    0s
     0     0 12750.5530    0  416 15080.0000 12750.5530  15.4%     -    0s
     0     0 12750.5530    0  459 15080.0000 12750.5530  15.4%     -    0s
H    0     0                    15068.000000 12750.5530  15.4%     -    0s
     0     0 12768.0000    0  461 15068.0000 12768.0000  15.3%     -    0s
     0     0 12768.0000    0  412 15068.0000 12768.0000  15.3%     -    0s
     0     0 12768.0000    0  415 15068.0000 12768.0000  15.3%     -    0s
     0     0 12768.0000    0  394 15068.0000 12768.0000  15.3%     -    0s
     0     0 12768.0000    0  104 15068.0000 12768.0000  15.3%     -    0s
     0     0 12768.0000    0  292 15068.0000 12768.0000  15.3%     -    0s
H    0     0                    15067.999948 12768.0976  15.3%     -    0s
     0     0 12768.0976    0  135 15067.9999 12768.0976  15.3%     -    0s
     0     0 12768.0976    0  116 15067.9999 12768.0976  15.3%     -    1s
     0     0 12768.0976    0   80 15067.9999 12768.0976  15.3%     -    1s
     0     0 12768.0976    0  266 15067.9999 12768.0976  15.3%     -    1s
     0     0 12768.0976    0  241 15067.9999 12768.0976  15.3%     -    1s
     0     0 12768.0976    0  222 15067.9999 12768.0976  15.3%     -    1s
     0     0 12768.3761    0  257 15067.9999 12768.3761  15.3%     -    1s
     0     0 12768.3761    0  236 15067.9999 12768.3761  15.3%     -    1s
     0     0 12768.4344    0  316 15067.9999 12768.4344  15.3%     -    1s
     0     0 12768.4344    0  278 15067.9999 12768.4344  15.3%     -    1s
     0     0 12768.4344    0  292 15067.9999 12768.4344  15.3%     -    1s
     0     0 12768.4344    0  297 15067.9999 12768.4344  15.3%     -    1s
     0     0 12768.4344    0  131 15067.9999 12768.4344  15.3%     -    1s
     0     0 12768.4344    0  149 15067.9999 12768.4344  15.3%     -    1s
     0     0 12768.4344    0  104 15067.9999 12768.4344  15.3%     -    1s
     0     0 12768.4344    0  177 15067.9999 12768.4344  15.3%     -    2s
H    0     0                    15067.999646 12768.4344  15.3%     -    2s
     0     0 12768.4344    0  138 15067.9996 12768.4344  15.3%     -    2s
     0     0 12768.4344    0  138 15067.9996 12768.4344  15.3%     -    2s
     0     2 12768.4344    0   94 15067.9996 12768.4344  15.3%     -    2s
H   37    40                    15046.000000 12778.0000  15.1%   181    2s
H   76    80                    15045.000000 12778.0000  15.1%   108    2s
H  127   127                    15042.000000 12778.0000  15.1%  78.9    2s
H  172   179                    15015.000000 12778.0000  14.9%  67.7    2s
H  172   179                    15011.000000 12778.0000  14.9%  67.7    2s
H  216   218                    15010.000000 12778.0000  14.9%  60.7    2s
H 1391  1158                    15005.999949 12778.0000  14.8%  31.4    3s
  1471  1167 12865.0000    8  121 15005.9999 12778.0000  14.8%  31.4    5s
H 1657  1255                    15005.999948 12778.0000  14.8%  44.4    7s
H 1777  1260                    15003.000000 12778.0000  14.8%  42.9    8s
H 1779  1206                    15002.999948 12778.0000  14.8%  42.9    8s
H 1785  1153                    15001.000000 12778.0000  14.8%  42.8    8s
H 1853  1150                    15000.000000 12778.0000  14.8%  42.6    8s
H 1854  1104                    14993.000000 12778.0000  14.8%  42.6    8s
H 1866  1056                    14983.000000 12778.0000  14.7%  42.7    8s
H 2011  1096                    14973.000000 12778.0000  14.7%  42.8    8s
H 2021  1054                    14961.000000 12778.0000  14.6%  43.3    8s
H 2062  1066                    14960.999877 12778.0000  14.6%  42.7    9s
H 2093  1020                    14956.000000 12778.0000  14.6%  42.6    9s
H 2296  1422                    14941.000000 12778.0000  14.5%  42.9   10s
H 5982  3105                    14940.999971 12778.0000  14.5%  35.3   13s
  7383  4001 infeasible   46      14941.0000 12778.0000  14.5%  36.8   15s
H 7399  4001                    14940.000000 12778.0000  14.5%  36.9   15s
H 7433  4001                    14938.000000 12778.0000  14.5%  37.3   15s
 10213  6220 14721.0000   53   79 14938.0000 12778.0000  14.5%  43.5   20s
H10416  6220                    14937.999946 12778.0000  14.5%  43.7   20s
H12003  6936                    14933.000000 12778.0000  14.4%  44.1   22s
 14023  8217 12778.0000   36  243 14933.0000 12778.0000  14.4%  46.5   25s
H14033  8217                    14932.999948 12778.0000  14.4%  46.6   25s
 15934  9681 12781.0000   27  233 14932.9999 12778.0000  14.4%  48.3   30s
 20524 12041 infeasible   39      14932.9999 12778.0000  14.4%  50.6   36s
 21609 13114 infeasible   33      14932.9999 12778.0000  14.4%  53.9   41s
H22352 14056                    14932.999846 12778.0000  14.4%  55.2   43s
 23955 14313 13141.0052   29  319 14932.9998 12778.0000  14.4%  55.4   45s
 25666 16144 12915.5434   48  303 14932.9998 12778.0000  14.4%  59.0   51s
 28161 16959 13125.4201   41  188 14932.9998 12778.0000  14.4%  60.3   56s
H28305 16959                    14932.999841 12778.0000  14.4%  60.6   56s
 29655 17349 14740.6585   92  116 14932.9998 12778.0000  14.4%  62.0   71s
 29666 17356 14644.8451   88  287 14932.9998 12778.0000  14.4%  62.0   75s
H29669 16489                    14932.999832 12778.0000  14.4%  62.0   78s
 29688 16511 12778.0000   26  249 14932.9998 12778.0000  14.4%  62.9   80s
H30039 15824                    14932.999796 12778.0000  14.4%  63.4   82s
 30687 16128 14820.0430   42  143 14932.9998 12778.0000  14.4%  63.3   85s
H31863 15706                    14932.997409 12778.0000  14.4%  63.5   89s
 31954 15804 13610.7811   50  288 14932.9974 12778.0000  14.4%  63.6   90s
H33603 15599                    14932.997388 12778.0000  14.4%  64.6   93s
 33911 15725 12818.0000   41  316 14932.9974 12778.0000  14.4%  65.3   95s
 36052 16356 infeasible   49      14932.9974 12783.2368  14.4%  67.0  101s
 37727 17203 14700.1251   51   88 14932.9974 12783.2368  14.4%  69.1  105s
 40415 17670 12783.2855   36  282 14932.9974 12783.2855  14.4%  70.5  111s
 43191 18731 infeasible   47      14932.9974 12783.2855  14.4%  70.6  116s
 44395 19272 12843.2855   37  318 14932.9974 12783.2855  14.4%  71.8  120s
 47064 19780 12833.4314   49  362 14932.9974 12783.2855  14.4%  73.3  127s
 47589 20153 infeasible   41      14932.9974 12783.2855  14.4%  73.4  130s
H48942 19888                    14932.997073 12783.2855  14.4%  74.7  133s
 49737 21074 12783.2855   38  411 14932.9971 12783.2855  14.4%  75.1  136s
 51915 20929 infeasible   51      14932.9971 12783.2855  14.4%  75.6  140s
 53831 21583 12783.2855   39  321 14932.9971 12783.2855  14.4%  77.7  147s
 54771 22629 12869.6682   42  305 14932.9971 12783.2855  14.4%  78.7  150s
 57961 22590 infeasible   55      14932.9971 12783.2855  14.4%  80.1  157s
 58734 23071 14550.8958   61  107 14932.9971 12783.2855  14.4%  80.8  160s
 60866 23924 13234.4928   43  276 14932.9971 12783.2855  14.4%  82.5  167s
 62120 24577 13064.8510   46  266 14932.9971 12783.2855  14.4%  83.1  170s
H64045 23758                    14932.997045 12783.2855  14.4%  84.3  174s
 64581 24377 14068.2725   63  148 14932.9970 12783.2855  14.4%  84.7  178s
 65791 24528 12798.0000   36  316 14932.9970 12783.2855  14.4%  85.4  181s

Cutting planes:
  Learned: 22
  Gomory: 207
  Cover: 1164
  Implied bound: 157
  Projected implied bound: 24
  Clique: 136
  MIR: 279
  StrongCG: 124
  Flow cover: 1133
  GUB cover: 12
  Inf proof: 16
  Zero half: 20
  Network: 27
  RLT: 61
  Relax-and-lift: 94

Explored 66693 nodes (5799087 simplex iterations) in 181.90 seconds (266.84 work units)
Thread count was 8 (of 8 available processors)

Solution count 10: 14933 14933 14933 ... 14933

Solve interrupted
Best objective 1.493299704549e+04, best bound 1.278328552457e+04, gap 14.3957%

User-callback calls 202323, time in user-callback 0.44 sec

Statistics for modelBBUP_W:
  Linear constraint matrix    : 12169 Constrs, 5181 Vars, 44774 NZs
  Variable types              : 2316 Continuous,
2865 Integer (59 Binary)
  Matrix coefficient range    : [ 1, 200 ]
  Objective coefficient range : [ 1, 384 ]
  Variable bound range        : [ 1, 199 ]
  RHS coefficient range       : [ 1, 549 ]

Gurobi 10.0.1 (mac64[arm]) logging started Mon Apr  8 03:34:59 2024

Set parameter LogFile to value "/Users/deniserings/Documents/zib/s-bahn-data/scripts/DeniseMA/processed/BBUP_W/Branching/BBUP_W_random2_subMBP202404072240.log"
Gurobi Optimizer version 10.0.1 build v10.0.1rc0 (mac64[arm])

CPU model: Apple M2
Thread count: 8 physical cores, 8 logical processors, using up to 8 threads

Optimize a model with 12166 rows, 5181 columns and 44771 nonzeros
Model fingerprint: 0x11207a7a
Variable types: 2316 continuous, 2865 integer (59 binary)
Coefficient statistics:
  Matrix range     [1e+00, 2e+02]
  Objective range  [1e+00, 4e+02]
  Bounds range     [1e+00, 2e+02]
  RHS range        [1e+00, 5e+02]

Loaded user MIP start with objective 15083

Presolve removed 5643 rows and 1820 columns
Presolve time: 0.09s
Presolved: 6523 rows, 3361 columns, 24946 nonzeros
Variable types: 1096 continuous, 2265 integer (2265 binary)

Root relaxation: objective 1.269604e+04, 2318 iterations, 0.01 seconds (0.01 work units)

    Nodes    |    Current Node    |     Objective Bounds      |     Work
 Expl Unexpl |  Obj  Depth IntInf | Incumbent    BestBd   Gap | It/Node Time

     0     0 12696.0447    0  132 15083.0000 12696.0447  15.8%     -    0s
     0     0 12740.3743    0  413 15083.0000 12740.3743  15.5%     -    0s
     0     0 12742.0000    0  405 15083.0000 12742.0000  15.5%     -    0s
     0     0 12751.0356    0  443 15083.0000 12751.0356  15.5%     -    0s
     0     0 12751.0356    0  377 15083.0000 12751.0356  15.5%     -    0s
     0     0 12751.0356    0  383 15083.0000 12751.0356  15.5%     -    0s
     0     0 12753.4892    0  343 15083.0000 12753.4892  15.4%     -    0s
     0     0 12753.4892    0  322 15083.0000 12753.4892  15.4%     -    0s
     0     0 12754.5398    0  109 15083.0000 12754.5398  15.4%     -    0s
     0     0 12754.5398    0  167 15083.0000 12754.5398  15.4%     -    0s
     0     0 12754.5398    0  251 15083.0000 12754.5398  15.4%     -    0s
     0     0 12754.5398    0  271 15083.0000 12754.5398  15.4%     -    0s
     0     0 12754.5398    0  161 15083.0000 12754.5398  15.4%     -    0s
     0     0 12754.5398    0  113 15083.0000 12754.5398  15.4%     -    0s
     0     2 12754.5398    0  112 15083.0000 12754.5398  15.4%     -    0s
H   31    40                    15054.000000 12768.0000  15.2%   257    1s
H  241   244                    15034.000000 12768.0000  15.1%  74.3    1s
H  258   244                    15029.000000 12768.0000  15.0%  73.8    1s
H  380   374                    15028.999943 12768.0000  15.0%  66.1    1s
H  388   374                    15008.000000 12768.0000  14.9%  66.7    1s
H  556   550                    14995.000000 12768.0000  14.9%  55.9    2s
  1789  1445 12788.0000   27  102 14995.0000 12772.9007  14.8%  37.1    5s
H 1794  1376                    14994.999950 12778.0000  14.8%  37.0    5s
H 1794  1307                    14994.999949 12778.0000  14.8%  37.0    5s
H 1804  1246                    14994.999946 12778.0000  14.8%  36.8    7s
H 2267  1520                    14990.000000 12778.0000  14.8%  57.2    9s
  2388  1716 12862.1664   47  237 14990.0000 12778.0000  14.8%  56.9   10s
H 2438  1640                    14986.000000 12778.0000  14.7%  56.5   10s
H 2692  1498                    14973.000000 12778.0000  14.7%  53.5   10s
H 2706  1527                    14970.000000 12778.0000  14.6%  53.5   10s
H 3811  1956                    14968.000000 12778.0000  14.6%  45.5   11s
H 3873  1887                    14961.000000 12778.0000  14.6%  45.5   11s
H 4372  2291                    14951.000000 12778.0000  14.5%  44.0   12s
H 5532  2693                    14950.999941 12778.0000  14.5%  41.6   13s
H 5634  2948                    14950.000000 12778.0000  14.5%  41.8   13s
H 5841  2948                    14949.000000 12778.0000  14.5%  41.6   13s
  7453  3921 infeasible   62      14949.0000 12778.0000  14.5%  38.8   15s
H 7455  3921                    14941.000000 12778.0000  14.5%  38.8   15s
H 7456  3921                    14938.000000 12778.0000  14.5%  39.0   15s
 11019  6078 infeasible   37      14938.0000 12778.0000  14.5%  43.4   20s
 13819  8251 14761.0000   53   55 14938.0000 12778.0000  14.5%  48.6   25s
 14860 11229 13036.0000   30  276 14938.0000 12778.0000  14.5%  49.3   33s
 19244 11687 12784.0000   22  226 14938.0000 12778.0000  14.5%  53.4   35s
H20838 12379                    14937.999949 12778.0000  14.5%  54.2   37s
 21487 12920 12794.4442   28  330 14937.9999 12778.0000  14.5%  54.1   40s
H21639 12920                    14937.999906 12778.0000  14.5%  54.0   40s
 23212 13553 13877.0000   51  178 14937.9999 12778.0000  14.5%  55.9   45s
H23215 13553                    14932.999773 12778.0000  14.4%  55.9   45s
 24658 15021 14715.0000   50   78 14932.9998 12778.0000  14.4%  57.8   50s
 27507 17180 12800.0000   34  290 14932.9998 12778.0000  14.4%  60.7   57s
 29675 17181 13156.2857   29  113 14932.9998 12778.0000  14.4%  61.6   70s
 29686 17188 12954.0000   34  331 14932.9998 12778.0000  14.4%  61.6   75s
 30039 17482 infeasible   46      14932.9998 12778.0000  14.4%  62.8   80s
H30408 16672                    14932.999729 12778.0000  14.4%  62.9   81s
H30568 15889                    14932.998200 12778.0000  14.4%  62.9   81s
H31108 15338                    14932.998180 12778.0000  14.4%  63.0   84s
 31178 15466 12818.0000   47  205 14932.9982 12778.0000  14.4%  63.2   85s
 32584 16458 13966.6000   99   31 14932.9982 12778.0000  14.4%  64.5   91s
H32586 15330                    14117.000000 12778.0000  9.49%  64.5   91s
H33963 14463                    14073.000000 12778.0000  9.20%  65.3   94s
 34335 14714 13128.0245   32  360 14073.0000 12778.0000  9.20%  66.1   96s
H34454 13981                    14047.000000 12778.0000  9.03%  66.2   96s
H35011 13476                    14026.000000 12778.0000  8.90%  66.9   98s
H35011 12858                    14009.000000 12778.0000  8.79%  66.9   98s
H35203 12207                    14005.000000 12778.0000  8.76%  67.1   98s
 35540 12384 infeasible   96      14005.0000 12778.0000  8.76%  67.6  100s
 36776 12456 12778.0000   42  280 14005.0000 12778.0000  8.76%  70.0  105s
H37274 11964                    14004.999980 12778.0000  8.76%  71.3  107s
H37876 11521                    14004.999977 12778.0000  8.76%  72.9  109s
 38208 11774 12778.0000   34  302 14005.0000 12778.0000  8.76%  73.8  112s
 38865 11882     cutoff   50      14005.0000 12778.0000  8.76%  75.4  115s
H39555 11389                    14004.999936 12778.0000  8.76%  77.3  118s
H39666 10887                    14004.999924 12778.0000  8.76%  77.5  118s
 40021 11117 infeasible   53      14004.9999 12778.0000  8.76%  78.6  121s
 41400 11325 12778.0000   44  279 14004.9999 12778.0000  8.76%  81.9  127s
 41984 11400 13834.2431   47  164 14004.9999 12778.0000  8.76%  83.5  131s
 43270 11684 13190.0000   47  285 14004.9999 12778.0000  8.76%  87.3  138s
 44009 11886 infeasible   60      14004.9999 12778.0000  8.76%  89.3  142s
 44884 11919 13774.7888   46  176 14004.9999 12778.0000  8.76%  91.5  146s
H45654 11222                    14004.999903 12778.0000  8.76%  93.1  146s
 45703 11714 13078.0000   41  309 14004.9999 12778.0000  8.76%  93.4  152s
 46835 11797 13111.6576   51  307 14004.9999 12778.0000  8.76%  96.1  158s
 47873 11931 13883.3983   72  131 14004.9999 12778.0000  8.76%  98.6  165s
 49005 12113 12803.1890   41  371 14004.9999 12778.0000  8.76%   102  171s
 50226 12334 12855.7625   41  217 14004.9999 12778.0000  8.76%   105  179s
 51709 12433 13946.6727   52  241 14004.9999 12778.0000  8.76%   108  186s
H52302 11817                    14004.999429 12778.0000  8.76%   109  186s
 52995 12048 12827.7843   35  401 14004.9994 12778.0000  8.76%   111  193s
H53613 11854                    14004.999413 12778.0000  8.76%   112  193s
 54160 12288 12865.0199   31  365 14004.9994 12778.0000  8.76%   113  200s
H54937 12288                    14004.999384 12778.0000  8.76%   115  200s
 55169 12882 infeasible   34      14004.9994 12778.0226  8.76%   115  207s
 56532 13350 12799.4530   35  408 14004.9994 12778.2867  8.76%   118  213s
 57677 13787 12947.8084   45  373 14004.9994 12778.2867  8.76%   119  219s
 58692 14338 12812.9604   34  440 14004.9994 12778.3846  8.76%   121  225s
 59900 14654 12862.4098   38  407 14004.9994 12778.4349  8.76%   122  230s
 60650 15149 12789.0880   44  505 14004.9994 12778.6704  8.76%   123  235s
 61732 15599 12813.6341   50  374 14004.9994 12779.5576  8.75%   124  240s
 62688 16008 12806.3010   34  412 14004.9994 12781.0000  8.74%   125  245s
 63545 16398 13524.7031   42  257 14004.9994 12781.0000  8.74%   126  250s
 65394 17074 12815.5475   39  324 14004.9994 12782.0056  8.73%   127  259s
 66178 17672 12803.1890   45  336 14004.9994 12783.2855  8.72%   128  264s
 67147 18207 13851.0000   57  234 14004.9994 12783.2855  8.72%   129  270s
 68331 18639 12803.1890   39  339 14004.9994 12783.2855  8.72%   130  275s
 69214 18718 13346.7625   44  269 14004.9994 12783.2855  8.72%   131  281s
 69307 19293 13695.1890   55  153 14004.9994 12783.2855  8.72%   131  286s
 70401 19808 13086.5123   36  402 14004.9994 12783.5723  8.72%   132  291s
 71404 20211 12851.4813   42  326 14004.9994 12783.6561  8.72%   132  296s
 72401 20615 12932.2017   47  368 14004.9994 12784.6345  8.71%   133  301s
 73255 20978 infeasible   41      14004.9994 12787.0000  8.70%   134  305s
 74152 21568 12808.1689   44  308 14004.9994 12788.4259  8.69%   134  311s
 75286 22053 13938.0000   62   96 14004.9994 12788.4259  8.69%   135  317s
H75395 22053                    14004.999353 12788.4259  8.69%   135  317s
 76193 22870 12918.0157   41  248 14004.9994 12788.4746  8.69%   135  323s
 77832 23163 13425.5435   45  262 14004.9994 12788.6276  8.69%   136  328s
 78672 23525 13893.2208   56  158 14004.9994 12788.7126  8.68%   137  333s
 79503 24168 12803.6832   41  400 14004.9994 12788.7613  8.68%   137  339s
 80649 24612 12875.4758   36  360 14004.9994 12788.9772  8.68%   138  344s
 81626 25074 13977.3617   68   36 14004.9994 12789.0480  8.68%   138  349s
 82686 25510 13749.5151   64  168 14004.9994 12789.6694  8.68%   138  353s
 83696 25887 infeasible   56      14004.9994 12790.3785  8.67%   139  358s
 84548 26352 13169.0558   48  171 14004.9994 12791.4536  8.67%   139  362s
 85673 26847 13862.8223   46  102 14004.9994 12794.0000  8.65%   139  367s
 86686 27443 13988.6892   51  232 14004.9994 12795.5750  8.64%   140  371s
 88065 28011 13173.8412   47  243 14004.9994 12797.6156  8.62%   140  377s
 89269 28380 13644.3014   52  246 14004.9994 12798.0000  8.62%   140  382s
 90237 28795 12803.2733   39  410 14004.9994 12798.0000  8.62%   141  388s
 91220 29337 13534.2916   54  148 14004.9994 12798.0000  8.62%   143  394s
 92433 29707 13066.2334   48  332 14004.9994 12798.0000  8.62%   144  401s
 93498 30046 13806.8010   48  189 14004.9994 12798.0000  8.62%   145  407s
 94533 30467 12820.5193   48  419 14004.9994 12798.0228  8.62%   146  413s
 95592 30972 13115.5165   47  319 14004.9994 12798.2867  8.62%   147  418s
 96665 31293     cutoff   54      14004.9994 12798.5068  8.61%   148  424s
 97584 31722 13812.7727   40  253 14004.9994 12799.2855  8.61%   149  429s
 98683 32248 13038.5879   51  328 14004.9994 12801.2537  8.60%   150  434s
 99893 32818 12803.1890   47  428 14004.9994 12803.1890  8.58%   150  441s
 101090 33389 12828.0390   37  418 14004.9994 12803.1890  8.58%   151  447s
 102320 33872 infeasible   45      14004.9994 12803.1890  8.58%   151  454s
 103508 34587 12803.4758   36  341 14004.9994 12803.1890  8.58%   152  462s
 104892 35120 13162.3622   52  144 14004.9994 12803.1890  8.58%   153  468s
 106123 35716 12803.6192   38  283 14004.9994 12803.1890  8.58%   153  474s
 107410 36266 13894.0513   64  111 14004.9994 12803.1890  8.58%   154  480s
 108548 36749 12913.1890   40  410 14004.9994 12803.1890  8.58%   154  487s
 109631 37309 13119.4748   46  434 14004.9994 12803.1890  8.58%   155  493s
 110834 37841 13712.4492   47  219 14004.9994 12803.1890  8.58%   156  500s
 111954 38501 13016.1628   46  290 14004.9994 12803.1890  8.58%   156  507s
 113313 38997 13562.0636   43  295 14004.9994 12803.1890  8.58%   157  514s
 114530 39541 12900.6591   39  259 14004.9994 12803.1890  8.58%   158  521s
 115723 40025     cutoff   50      14004.9994 12803.1890  8.58%   158  528s
 116807 40822 13458.6154   44  270 14004.9994 12803.1890  8.58%   159  535s
 118301 41416 13856.1890   59  215 14004.9994 12803.1890  8.58%   159  543s
 119532 41878 infeasible   40      14004.9994 12803.1890  8.58%   160  549s
 120581 42417 infeasible   46      14004.9994 12803.1890  8.58%   160  556s
 121755 43012 12803.1890   41  446 14004.9994 12803.1890  8.58%   161  563s
 123024 43577 13276.2930   46  279 14004.9994 12803.1890  8.58%   162  570s
 124234 44156 12803.4758   40  428 14004.9994 12803.2239  8.58%   162  578s
 125574 44792 13932.5632   63  190 14004.9994 12803.2307  8.58%   163  586s
 127110 45443 12961.1737   42  336 14004.9994 12803.2855  8.58%   163  593s
 128596 45990 12818.1299   37  368 14004.9994 12803.3189  8.58%   163  600s
 129890 46456 13327.4368   55  241 14004.9994 12803.3568  8.58%   164  608s
 131109 47021 12823.2839   35  323 14004.9994 12803.4050  8.58%   164  615s
 132390 47894 13243.8282   55  282 14004.9994 12803.4758  8.58%   165  622s
 134186 48206 13213.2079   38  325 14004.9994 12803.4758  8.58%   164  629s
H134705 48151                    13999.000000 12803.4758  8.54%   165  629s
H135105 48763                    13997.000000 12803.4758  8.53%   165  637s
H136434 49392                    13990.000000 12803.4758  8.48%   165  647s
H136434 49314                    13985.000000 12803.4758  8.45%   165  647s
H136623 49265                    13983.000000 12803.4758  8.44%   165  647s
 138038 49875 12818.9061   33  464 13983.0000 12803.4758  8.44%   165  655s
 139497 50542 12818.2867   48  430 13983.0000 12803.4758  8.44%   166  663s
 140814 51099 12818.5735   40  262 13983.0000 12803.4758  8.44%   166  671s
 142089 51755 13858.2408   60  173 13983.0000 12803.4758  8.44%   167  679s
 143598 52239 13071.3641   57  184 13983.0000 12803.4758  8.44%   167  687s
 144727 52935 13804.5826   47  152 13983.0000 12803.4758  8.44%   167  695s
H145147 52935                    13982.999990 12803.4758  8.44%   167  695s

Cutting planes:
  Learned: 58
  Gomory: 374
  Cover: 2102
  Implied bound: 493
  Projected implied bound: 28
  Clique: 194
  MIR: 435
  StrongCG: 116
  Flow cover: 1836
  GUB cover: 11
  Inf proof: 34
  Zero half: 31
  Network: 46
  RLT: 121
  Relax-and-lift: 214

Explored 146234 nodes (24501409 simplex iterations) in 695.44 seconds (1094.55 work units)
Thread count was 8 (of 8 available processors)

Solution count 10: 13983 13983 13985 ... 14005

Solve interrupted
Best objective 1.398299999024e+04, best bound 1.280347578659e+04, gap 8.4354%

User-callback calls 538791, time in user-callback 1.40 sec

Statistics for modelBBUP_W:
  Linear constraint matrix    : 12166 Constrs, 5181 Vars, 44771 NZs
  Variable types              : 2316 Continuous,
2865 Integer (59 Binary)
  Matrix coefficient range    : [ 1, 200 ]
  Objective coefficient range : [ 1, 384 ]
  Variable bound range        : [ 1, 199 ]
  RHS coefficient range       : [ 1, 549 ]
