
Gurobi 10.0.1 (mac64[arm]) logging started Sun Mar  3 14:48:26 2024

Set parameter LogFile to value "/Users/deniserings/Documents/zib/s-bahn-data/scripts/DeniseMA/processed/BBKS_BWT/original/BBKS_BWT_202403031448_mipstart.log"
Gurobi Optimizer version 10.0.1 build v10.0.1rc0 (mac64[arm])

CPU model: Apple M2
Thread count: 8 physical cores, 8 logical processors, using up to 8 threads

Optimize a model with 10168 rows, 4381 columns and 42462 nonzeros
Model fingerprint: 0xa6e45f4c
Variable types: 1295 continuous, 3086 integer (911 binary)
Coefficient statistics:
  Matrix range     [1e+00, 2e+02]
  Objective range  [1e+00, 4e+02]
  Bounds range     [1e+00, 2e+02]
  RHS range        [1e+00, 5e+02]
Presolve removed 3707 rows and 1157 columns
Presolve time: 0.09s
Presolved: 6461 rows, 3224 columns, 30338 nonzeros
Variable types: 759 continuous, 2465 integer (2465 binary)

Root relaxation: objective 9.096000e+03, 2064 iterations, 0.03 seconds (0.05 work units)

    Nodes    |    Current Node    |     Objective Bounds      |     Work
 Expl Unexpl |  Obj  Depth IntInf | Incumbent    BestBd   Gap | It/Node Time

     0     0 9096.00000    0  186          - 9096.00000      -     -    0s
     0     0 9096.00000    0  299          - 9096.00000      -     -    0s
     0     0 9096.00000    0  326          - 9096.00000      -     -    0s
     0     0 9096.56872    0  139          - 9096.56872      -     -    0s
     0     0 9096.61856    0  164          - 9096.61856      -     -    0s
     0     0 9096.61856    0  168          - 9096.61856      -     -    0s
     0     0 9097.29148    0  220          - 9097.29148      -     -    0s
     0     0 9106.00000    0  230          - 9106.00000      -     -    0s
     0     0 9106.00000    0  237          - 9106.00000      -     -    0s
     0     0 9106.11838    0  281          - 9106.11838      -     -    0s
     0     0 9106.11838    0  242          - 9106.11838      -     -    0s
     0     0 9107.00000    0  264          - 9107.00000      -     -    0s
     0     0 9107.00000    0  282          - 9107.00000      -     -    0s
     0     0 9107.00000    0  283          - 9107.00000      -     -    0s
     0     0 9107.00000    0  241          - 9107.00000      -     -    0s
     0     0 9107.00000    0  119          - 9107.00000      -     -    1s
     0     0 9107.00000    0  266          - 9107.00000      -     -    1s
     0     0 9107.00000    0  186          - 9107.00000      -     -    1s
     0     0 9107.00000    0  205          - 9107.00000      -     -    1s
     0     0 9107.00000    0  185          - 9107.00000      -     -    1s
     0     0 9107.00000    0  185          - 9107.00000      -     -    1s
     0     2 9107.00000    0  151          - 9107.00000      -     -    1s
  1868  1595 9784.00000   65  180          - 9122.77180      -  45.8    5s
H 3665  2466                    12847.000000 9133.38364  28.9%  29.0    9s
H 3670  2432                    10546.000000 9133.38364  13.4%  29.0    9s
H 3929  2429                    10536.000000 9134.15497  13.3%  30.7    9s
H 3938  2356                    10535.000000 9134.15497  13.3%  30.7    9s
H 3970  2280                    10526.000000 9134.15497  13.2%  31.0    9s
H 4072  2256                    10521.000000 9134.15497  13.2%  31.8    9s
H 4116  2266                    10502.000000 9134.15497  13.0%  31.8   10s
H 4257  2264                    10498.000000 9134.15497  13.0%  32.2   10s
H 5363  2730                    10495.000000 9134.74490  13.0%  33.8   12s
  6611  3723 10220.0000   70  102 10495.0000 9134.97192  13.0%  36.1   15s
H 8812  5316                    10471.000000 9136.25858  12.7%  40.4   18s
H 9215  5596                    10468.000000 9136.41345  12.7%  40.6   19s
 10091  6193 9669.00000   72  124 10468.0000 9136.41345  12.7%  41.4   20s
 14135  9148 9141.35811   20  275 10468.0000 9140.11105  12.7%  43.5   25s
 18924 13517 9160.39169   33  211 10468.0000 9140.38664  12.7%  47.3   31s
 22686 14642 9590.00000   40  105 10468.0000 9140.40455  12.7%  47.9   35s
 25220 16366 infeasible   44      10468.0000 9140.44546  12.7%  51.6   41s
 26664 17490 9875.16910   40  150 10468.0000 9140.49394  12.7%  53.5   46s
 28582 18743 9142.98326   29  258 10468.0000 9140.54714  12.7%  54.8   50s
 29550 18744 9144.55324   33  185 10468.0000 9140.56417  12.7%  55.3   58s
 29557 18749 10026.0000   64  262 10468.0000 9158.00000  12.5%  55.3   60s
 29563 18753 9267.75893   63  315 10468.0000 9158.06256  12.5%  55.3   65s
 29569 18757 9616.30757   40  360 10468.0000 9158.06673  12.5%  55.2   70s
 29575 18761 9828.19173   48  313 10468.0000 9158.07054  12.5%  55.2   75s
 29582 18765 9649.03582   53  238 10468.0000 9158.08933  12.5%  55.2   80s
 29588 18769 9167.64256   29  241 10468.0000 9158.14285  12.5%  55.2   85s
 29594 18773 9180.72746   37  251 10468.0000 9158.14501  12.5%  55.2   90s
 29600 18777 9369.00844   35  250 10468.0000 9158.14662  12.5%  55.2   95s
 29606 18781 9158.14662   29  281 10468.0000 9158.14662  12.5%  55.2  100s
 29612 18785 9488.00000   38  333 10468.0000 9158.15749  12.5%  55.2  105s
 29627 18795 10238.8351   67  354 10468.0000 9158.15883  12.5%  55.1  110s
 30147 19065 9343.80025   52  123 10468.0000 9158.16469  12.5%  59.2  115s
 31308 19548 9160.46496   34  258 10468.0000 9158.38913  12.5%  59.5  120s
H32405 18873                    10249.000000 9158.41735  10.6%  59.7  122s
H32671 17928                    10205.000000 9158.63277  10.3%  59.7  122s
H32673 17077                    10204.000000 9158.63277  10.2%  59.7  122s
H33536 16217                    10201.000000 9158.74658  10.2%  59.8  123s
 33902 16486 infeasible   51      10201.0000 9158.91208  10.2%  60.0  125s
H34059 15658                    10193.000000 9158.99872  10.1%  60.1  125s
 36800 16664 9198.16840   41  272 10193.0000 9159.88995  10.1%  61.2  130s
H37599 15143                    9893.0000000 9160.06673  7.41%  61.5  131s
H38079 14674                    9886.0000000 9160.11809  7.34%  61.7  132s
H38756 13789                    9883.0000000 9160.11844  7.31%  61.9  132s
H39308 13416                    9872.0000000 9160.14268  7.21%  62.0  133s
H39728 13246                    9871.0000000 9160.19944  7.20%  62.0  134s
 40571 13613 9180.60684   37  242 9871.00000 9160.22272  7.20%  62.2  136s
 43547 14122 9687.20301   46  229 9871.00000 9160.28653  7.20%  63.2  141s
 45735 14663 9428.68857   51  238 9871.00000 9160.28653  7.20%  63.8  145s
 49558 15398 infeasible   47      9871.00000 9160.35313  7.20%  64.8  152s
H51528 14728                    9868.0000000 9160.36715  7.17%  64.5  154s
 52821 14866     cutoff   55      9868.00000 9160.37405  7.17%  64.8  156s
 54997 15082 9592.17721   49  214 9868.00000 9160.40457  7.17%  65.1  161s
 57601 15759 9422.90260   44  211 9868.00000 9160.45267  7.17%  65.2  166s
 60337 16154 9388.99912   47  189 9868.00000 9160.51729  7.17%  65.2  170s
 62932 16782 9388.26892   38  253 9868.00000 9160.60305  7.17%  65.8  175s
 65161 17383 infeasible   53      9868.00000 9160.61247  7.17%  66.6  180s
 67819 19222 9389.25974   42  239 9868.00000 9160.68459  7.17%  67.5  187s
 70449 19778 9716.68561   53  153 9868.00000 9160.85904  7.17%  68.1  190s
 72117 21057 9508.00000   61  168 9868.00000 9160.87461  7.17%  68.2  195s
 74817 21967 infeasible   43      9868.00000 9160.95740  7.17%  68.4  200s
 77383 23017 9422.31007   47  175 9868.00000 9161.06491  7.16%  68.8  205s
 80981 24356 9185.11191   42  195 9868.00000 9161.26812  7.16%  69.4  211s
 83117 25256 infeasible   38      9868.00000 9161.39377  7.16%  69.9  216s
 85122 26185 infeasible   59      9868.00000 9161.57576  7.16%  70.4  221s
 87318 27318 9361.65873   36  316 9868.00000 9161.71796  7.16%  70.9  226s
 90298 28395 9638.47403   49  210 9868.00000 9161.94026  7.16%  71.0  231s
 92955 29413 9163.44329   37  308 9868.00000 9162.26789  7.15%  71.3  236s
 95141 30614 9409.57706   50  189 9868.00000 9162.31867  7.15%  71.7  242s
 97664 31592 infeasible   50      9868.00000 9162.37405  7.15%  72.0  247s
 98921 31989 9402.41817   48  191 9868.00000 9162.40745  7.15%  72.2  250s
 101310 32978 9178.21056   43  253 9868.00000 9162.47776  7.15%  72.7  255s
 103671 33924 infeasible   57      9868.00000 9162.58477  7.15%  73.2  262s
 104859 34411 9706.00000   53  127 9868.00000 9162.65360  7.15%  73.3  265s
H106807 34926                    9867.9999641 9162.77220  7.15%  73.6  268s
 107268 35455 9716.48083   48  203 9867.99996 9162.81911  7.15%  73.7  270s
 109903 36728 9434.35842   51  182 9867.99996 9162.92083  7.15%  74.0  276s
 112232 37633 9182.77527   39  284 9867.99996 9163.07168  7.14%  74.4  282s
 114756 38517 9166.57151   39  292 9867.99996 9163.27213  7.14%  74.6  287s
 117079 39469 infeasible   44      9867.99996 9163.46016  7.14%  75.0  292s
 118108 40001     cutoff   68      9867.99996 9163.54423  7.14%  75.2  296s
 120459 40942 9626.28653   59  124 9867.99996 9163.66693  7.14%  75.4  301s
 122965 42001 9511.16578   62   88 9867.99996 9163.90276  7.14%  75.7  307s
 125474 42775 9421.72894   40  245 9867.99996 9164.15446  7.13%  76.0  311s
 127356 43508 9408.41737   43  217 9867.99996 9164.33984  7.13%  76.3  317s
 129903 44357 9680.12197   44  203 9867.99996 9164.52940  7.13%  76.4  321s
 132034 45149 9283.89512   46  307 9867.99996 9164.88869  7.13%  76.8  326s
 134442 46022 9330.41266   39  245 9867.99996 9165.06245  7.12%  76.9  330s
 136422 46804 9718.00000   51   92 9867.99996 9165.32526  7.12%  77.1  335s
 138787 47776 9190.77554   43  254 9867.99996 9165.54201  7.12%  77.2  340s
 141945 48691 9402.54242   47  214 9867.99996 9166.05554  7.11%  77.5  346s
 143737 49478 9201.26970   49  189 9867.99996 9166.49848  7.11%  77.8  351s
 145981 50288 9587.31075   44  283 9867.99996 9166.89950  7.10%  78.0  355s
 149109 51392 9568.49670   36  284 9867.99996 9167.48502  7.10%  78.4  361s
 151124 52307 9225.26439   42  279 9867.99996 9167.88313  7.09%  78.6  365s
 153348 53199 9444.33469   47  196 9867.99996 9168.16791  7.09%  78.7  370s
 156983 54779 9496.00000   52  158 9867.99996 9168.47219  7.09%  78.7  376s
 158993 55468 9478.93597   45  251 9867.99996 9168.88970  7.08%  78.9  380s
 161907 56602 9586.06141   36  288 9867.99996 9169.36557  7.08%  79.1  385s
 164633 57739 9394.65418   46  211 9867.99996 9170.01300  7.07%  79.2  391s
 166641 58576 9227.67468   42  267 9867.99996 9170.53757  7.07%  79.2  395s
 169481 59663 9475.55268   44  185 9867.99996 9171.11129  7.06%  79.2  400s
 172345 60739 9290.95922   41  169 9867.99996 9171.72854  7.06%  79.4  406s
 174458 61690 9172.66527   40  371 9867.99996 9172.26288  7.05%  79.4  410s
 177402 62656 9358.61247   44  180 9867.99996 9172.88427  7.04%  79.5  415s
 180191 63883 9214.40581   39  199 9867.99996 9173.67474  7.04%  79.6  421s
 182275 64568 9581.05985   51  170 9867.99996 9173.94943  7.03%  79.5  425s
 185480 65875 9695.78606   47  263 9867.99996 9174.67094  7.03%  79.5  431s
 188483 67091 9210.68000   46  158 9867.99996 9175.03528  7.02%  79.6  436s
 190750 67685 9185.42261   42  199 9867.99996 9175.48160  7.02%  79.5  440s
 193336 68653 9224.33336   41  247 9867.99996 9176.16452  7.01%  79.7  445s
 196188 69929 9508.94756   47  249 9867.99996 9176.97676  7.00%  79.7  451s
 198385 70727 9271.58336   45  183 9867.99996 9177.74003  6.99%  79.8  456s
 200772 71725 9408.18815   48  160 9867.99996 9177.95625  6.99%  79.9  461s
 203149 72682 9864.39578   52  107 9867.99996 9178.02853  6.99%  80.1  465s
 205498 73720 9179.19164   39  277 9867.99996 9178.13890  6.99%  80.2  470s
 207888 74515 9278.20383   43  160 9867.99996 9178.25473  6.99%  80.4  475s
 211255 75925 9863.00000   77   25 9867.99996 9178.47173  6.99%  80.5  482s
 213638 76982 9204.59391   46  184 9867.99996 9178.71914  6.99%  80.5  486s
 216293 77907     cutoff   60      9867.99996 9178.83940  6.98%  80.5  491s
 218544 78916 9354.71259   42  215 9867.99996 9179.10933  6.98%  80.5  496s
 221284 79993 9408.00000   43  191 9867.99996 9179.28380  6.98%  80.5  501s
 223665 80993     cutoff   53      9867.99996 9179.55891  6.98%  80.5  506s
 226364 81802 9570.64132   54  109 9867.99996 9179.74750  6.97%  80.4  510s
 228903 82561 9244.77066   53  196 9867.99996 9179.95422  6.97%  80.4  515s
 231724 83472 9183.32911   39  303 9867.99996 9180.00000  6.97%  80.7  521s
 233935 84254 9818.13908   50   89 9867.99996 9180.09171  6.97%  80.8  526s
 236236 85144 9326.09961   46  264 9867.99996 9180.17197  6.97%  80.9  531s
 238867 86135 9748.27729   47  195 9867.99996 9180.18815  6.97%  80.8  536s
 240998 87294 9295.66463   44  201 9867.99996 9180.21164  6.97%  80.7  540s
 243525 88109 9470.07656   63  127 9867.99996 9180.25369  6.97%  80.7  545s
 246498 89389 infeasible   59      9867.99996 9180.28653  6.97%  80.8  551s
 249177 90385 9802.10000   63  124 9867.99996 9180.34025  6.97%  80.7  556s
 251641 91221 9500.37851   43  241 9867.99996 9180.36025  6.97%  80.7  561s
 253875 92099 infeasible   51      9867.99996 9180.41224  6.97%  80.7  565s
 256248 93066 9630.95498   45  135 9867.99996 9180.46499  6.97%  80.8  571s
 258963 94212 infeasible   40      9867.99996 9180.56152  6.97%  80.7  575s
 261270 95263 infeasible   52      9867.99996 9180.61661  6.97%  80.8  580s
 263951 95982 infeasible   46      9867.99996 9180.67855  6.97%  80.8  585s
 266315 96778 9428.19028   50  153 9867.99996 9180.71259  6.96%  80.8  590s
 268429 97857 9335.29196   43  245 9867.99996 9180.78204  6.96%  80.8  595s
 271229 98613 9646.03186   47  161 9867.99996 9180.85591  6.96%  80.9  600s
 274081 99641 9186.86138   43  270 9867.99996 9180.94456  6.96%  80.9  606s
 276713 100485 9186.05662   42  353 9867.99996 9180.99071  6.96%  80.8  610s
 279270 101291 infeasible   53      9867.99996 9181.06640  6.96%  80.8  615s
 281404 101996 infeasible   48      9867.99996 9181.14722  6.96%  80.9  620s
 283904 102758 9383.47053   39  279 9867.99996 9181.24301  6.96%  80.9  625s
 286464 103691 9184.97427   45  267 9867.99996 9181.37564  6.96%  80.9  630s
 289015 104479 9472.45345   52  150 9867.99996 9181.48222  6.96%  80.9  635s
 291615 105198 9577.37827   43  205 9867.99996 9181.56501  6.96%  80.9  640s
 293841 106047 9315.71918   43  257 9867.99996 9181.66866  6.96%  80.9  645s
 296293 106844 9848.35180   57  134 9867.99996 9181.75718  6.95%  80.9  650s
 298627 107490 9826.00000   48  138 9867.99996 9181.88960  6.95%  81.0  655s
 301092 108439 9828.11201   51   97 9867.99996 9181.95749  6.95%  81.0  661s
 303443 109402 9584.00000   61  139 9867.99996 9182.04026  6.95%  81.1  666s
 306058 110411 9185.16968   52  191 9867.99996 9182.15171  6.95%  81.1  672s
 307470 110948 9194.03801   52  227 9867.99996 9182.18815  6.95%  81.1  675s
 310005 111900 9188.79943   45  233 9867.99996 9182.26385  6.95%  81.1  680s
 312707 112791 9504.99534   44  142 9867.99996 9182.32858  6.95%  81.1  685s
 315015 113656 9390.59831   41  235 9867.99996 9182.37948  6.95%  81.1  691s
 317405 114490 infeasible   60      9867.99996 9182.43415  6.95%  81.1  696s
 319638 115438 9409.96837   42  289 9867.99996 9182.51964  6.95%  81.3  702s
 322224 116215 9292.16885   48  215 9867.99996 9182.61088  6.95%  81.3  707s
 323499 116675 infeasible   51      9867.99996 9182.67010  6.94%  81.3  710s
 326175 117586 9742.34752   48  195 9867.99996 9182.78406  6.94%  81.4  715s
 328875 118301 9599.79516   44  256 9867.99996 9182.92628  6.94%  81.3  721s
 331355 119207 9602.19745   44  173 9867.99996 9183.06279  6.94%  81.3  725s
 333806 120024 9298.86604   41  220 9867.99996 9183.22870  6.94%  81.4  730s
 336170 120868 9237.21532   48  195 9867.99996 9183.35896  6.94%  81.4  736s
 338640 121529 9323.50838   38  235 9867.99996 9183.50359  6.94%  81.5  741s
 340787 122232 9697.26985   41  252 9867.99996 9183.60388  6.94%  81.6  746s
 342944 122911 9696.35842   51  174 9867.99996 9183.80095  6.93%  81.6  751s
 343967 123348 9447.53291   48  197 9867.99996 9183.92342  6.93%  81.6  755s

Cutting planes:
  Learned: 281
  Gomory: 216
  Cover: 1469
  Implied bound: 92
  Projected implied bound: 5
  Clique: 37
  MIR: 1005
  StrongCG: 93
  Flow cover: 3514
  GUB cover: 7
  Inf proof: 29
  Zero half: 292
  Network: 22
  RLT: 154
  Relax-and-lift: 63

Explored 345336 nodes (28292652 simplex iterations) in 755.75 seconds (909.86 work units)
Thread count was 8 (of 8 available processors)

Solution count 10: 9868 9868 9871 ... 10204

Solve interrupted
Best objective 9.867999964076e+03, best bound 9.184032500948e+03, gap 6.9312%

User-callback calls 921814, time in user-callback 2.49 sec

Statistics for modelBBKS_BWT:
  Linear constraint matrix    : 10168 Constrs, 4381 Vars, 42462 NZs
  Variable types              : 1295 Continuous,
3086 Integer (911 Binary)
  Matrix coefficient range    : [ 1, 200 ]
  Objective coefficient range : [ 1, 382 ]
  Variable bound range        : [ 1, 199 ]
  RHS coefficient range       : [ 1, 549 ]
