
Gurobi 10.0.1 (mac64[arm]) logging started Fri Mar 29 21:16:59 2024

Set parameter LogFile to value "/Users/deniserings/Documents/zib/s-bahn-data/scripts/DeniseMA/processed/BBOS_BWIN_BTG/RINS/BBOS_BWIN_BTG_202403292026_slack_0.9.log"
Gurobi Optimizer version 10.0.1 build v10.0.1rc0 (mac64[arm])

CPU model: Apple M2
Thread count: 8 physical cores, 8 logical processors, using up to 8 threads

Optimize a model with 4044 rows, 2210 columns and 15158 nonzeros
Model fingerprint: 0x8b4116a0
Variable types: 896 continuous, 1314 integer (417 binary)
Coefficient statistics:
  Matrix range     [1e+00, 4e+02]
  Objective range  [1e+00, 4e+02]
  Bounds range     [1e+00, 2e+02]
  RHS range        [1e+00, 1e+04]

User MIP start did not produce a new incumbent solution
User MIP start violates constraint objective_cutoff by 102.100031963

Presolve removed 2887 rows and 1328 columns
Presolve time: 0.03s
Presolved: 1157 rows, 882 columns, 4632 nonzeros
Variable types: 365 continuous, 517 integer (517 binary)

Root relaxation: objective 9.843000e+03, 298 iterations, 0.00 seconds (0.00 work units)
Another try with MIP start

    Nodes    |    Current Node    |     Objective Bounds      |     Work
 Expl Unexpl |  Obj  Depth IntInf | Incumbent    BestBd   Gap | It/Node Time

     0     0 9843.00000    0   22          - 9843.00000      -     -    0s
     0     0 9874.00000    0   36          - 9874.00000      -     -    0s
     0     0 9880.00000    0   32          - 9880.00000      -     -    0s
     0     0 9880.00000    0   31          - 9880.00000      -     -    0s
     0     0 9880.00000    0   34          - 9880.00000      -     -    0s
     0     0 9880.00000    0   33          - 9880.00000      -     -    0s
     0     0 9889.00000    0   27          - 9889.00000      -     -    0s
     0     0 9889.00000    0   37          - 9889.00000      -     -    0s
     0     0 9889.00000    0   41          - 9889.00000      -     -    0s
     0     0 9889.00000    0   16          - 9889.00000      -     -    0s
     0     2 9889.00000    0   16          - 9889.00000      -     -    0s
 75478 49127 9983.00000   47   26          - 9957.76712      -   7.9    5s
 188366 123302 10083.0000   65   17          - 9986.00000      -   7.4   10s
 296294 187604 10075.0000   67    8          - 10033.0000      -   7.5   15s
 411853 252417 10075.0000   66   13          - 10033.0000      -   7.4   20s
 516090 312108 10079.6626   71   18          - 10034.0000      -   7.4   25s
 626256 371981 infeasible   67               - 10044.0000      -   7.4   30s
 727171 402314 infeasible   67               - 10050.0000      -   7.5   35s
 828314 422500 infeasible   79               - 10050.0000      -   7.5   40s
 925523 448208 infeasible   70               - 10050.0000      -   7.5   45s
 1030580 473556 10074.2500   56   14          - 10050.0000      -   7.5   50s
 1128057 499117 10098.0000   68    5          - 10050.0000      -   7.4   55s
 1239153 534184 10077.0259   65    9          - 10050.0000      -   7.4   60s
 1346607 564161 10075.0000   58   11          - 10050.0000      -   7.4   65s
 1456512 596855 10071.7721   55    6          - 10050.0000      -   7.3   70s
 1562271 629460 infeasible   61               - 10050.0000      -   7.3   75s
 1682058 664134 infeasible   66               - 10050.0000      -   7.3   80s
 1796593 698949 10053.0000   48    7          - 10050.0000      -   7.2   85s
 1910688 735795 10056.0000   65   24          - 10050.0000      -   7.2   90s
 2021145 771444 10070.0000   64    8          - 10050.0000      -   7.2   95s
 2138829 809904 10070.0000   68    5          - 10050.0000      -   7.1  100s
 2249339 845056 10075.0000   69   11          - 10050.0000      -   7.1  105s
 2362108 881389 infeasible   67               - 10050.0000      -   7.1  110s
 2464908 917835 infeasible   78               - 10051.0000      -   7.1  115s
 2572920 949128 10071.0000   63    5          - 10051.0000      -   7.1  120s
 2686200 983949 10051.0000   55    9          - 10051.0000      -   7.1  125s
 2802077 1019814 infeasible   55               - 10051.0000      -   7.0  130s
 2916056 1055238 10071.0000   70    4          - 10051.0000      -   7.0  135s
 3025884 1091400 10053.1880   51   15          - 10051.0000      -   7.0  140s
 3124639 1118416 infeasible   47               - 10052.0000      -   7.0  145s
 3218048 1142910 10081.4586   61   17          - 10053.0000      -   7.0  150s
 3315319 1176702 10103.0000   53    4          - 10053.0000      -   7.0  155s
 3412291 1204738 10103.0000   62    4          - 10053.0000      -   7.1  160s
 3505886 1227099 infeasible   66               - 10053.0000      -   7.1  165s
 3597817 1252142 10103.0000   73    5          - 10053.0000      -   7.1  170s
 3695492 1282365 10073.0000   64    9          - 10053.0000      -   7.1  175s
 3794817 1312133 10056.0443   68   18          - 10053.0000      -   7.1  180s
 3895082 1343212 10053.0000   57    3          - 10053.0000      -   7.2  185s
 3995893 1373087 10072.6216   55   14          - 10053.0000      -   7.2  190s
 4094738 1402986 10073.0000   51    7          - 10053.0000      -   7.2  195s
 4199888 1434235 infeasible   65               - 10053.0000      -   7.2  200s
 4304165 1466239 10103.0000   75    6          - 10053.0000      -   7.2  205s
 4410322 1496761 infeasible   57               - 10053.0000      -   7.2  210s
 4512406 1527602 10073.0000   75    4          - 10053.0000      -   7.3  215s
 4617012 1558305 10062.7285   61   22          - 10053.0000      -   7.3  220s
 4723773 1590261 10078.0000   54    8          - 10053.0000      -   7.3  225s
 4814083 1606089 infeasible   64               - 10054.0000      -   7.3  230s
 4906056 1631010 10054.0000   68    4          - 10054.0000      -   7.3  235s
 5004415 1659098 10074.0000   66    7          - 10054.0000      -   7.4  240s
 5106979 1688316 10054.0000   73   11          - 10054.0000      -   7.4  245s
 5205621 1706106 infeasible   52               - 10054.6262      -   7.4  250s
 5309146 1731488 infeasible   62               - 10055.0000      -   7.4  255s
 5401733 1759449 infeasible   67               - 10055.0000      -   7.4  260s
 5510954 1792603 infeasible   69               - 10055.0000      -   7.4  265s
 5620437 1825401 infeasible   59               - 10055.0000      -   7.4  270s
 5731335 1862678 infeasible   49               - 10055.0000      -   7.4  275s
 5829264 1885030 infeasible   57               - 10055.5219      -   7.4  280s
 5917029 1905667 10106.0000   64    3          - 10056.0000      -   7.4  285s
 6008587 1930463 10062.4453   59   32          - 10056.0000      -   7.5  290s
 6107454 1964315 10071.4206   64   16          - 10056.0000      -   7.5  295s
 6212714 1998207 infeasible   57               - 10056.0000      -   7.5  300s
 6312703 2030324 10076.0000   64    9          - 10056.0000      -   7.5  305s
 6415421 2062004 infeasible   58               - 10056.1019      -   7.5  310s
 6496031 2071010 10065.3656   50   22          - 10057.0000      -   7.5  315s
 6583940 2085791 10105.2500   64   15          - 10057.7234      -   7.5  320s
 6664561 2091866 infeasible   60               - 10058.3750      -   7.5  325s
 6733599 2091058 infeasible   50               - 10059.0000      -   7.5  330s
 6818983 2112055 infeasible   75               - 10059.0000      -   7.5  335s
 6911096 2137494 10088.0000   59    5          - 10059.0000      -   7.6  340s
 7000252 2162071 10079.0000   65   10          - 10059.0000      -   7.6  345s
 7094240 2187958 10093.4860   67   14          - 10059.0000      -   7.6  350s
 7177919 2198347 infeasible   59               - 10059.8922      -   7.6  355s
 7249083 2194562 infeasible   69               - 10060.0149      -   7.6  360s
 7327400 2199017 10064.9252   67   10          - 10061.0000      -   7.6  365s
 7416936 2215278 10104.0000   58    2          - 10061.4486      -   7.6  370s
 7486634 2208763 infeasible   56               - 10062.7015      -   7.6  375s
 7559043 2205476 infeasible   65               - 10063.9487      -   7.6  380s
 7632789 2206176 infeasible   60               - 10065.7885      -   7.7  385s
 7695223 2202826 10069.0976   51   14          - 10066.8785      -   7.7  390s
 7763165 2202856 infeasible   70               - 10068.0000      -   7.7  395s
 7839143 2211542 10089.0000   52    8          - 10069.0000      -   7.7  400s
 7924332 2231372 infeasible   73               - 10069.1175      -   7.7  405s
 7990703 2226855 infeasible   83               - 10070.0000      -   7.7  410s
 8053153 2213485 10084.5131   49   15          - 10070.0000      -   7.7  415s
 8113436 2200512 10084.5131   58   18          - 10070.0000      -   7.7  420s
 8171157 2189130 10084.5131   76   16          - 10070.0000      -   7.7  425s
 8232989 2181013 infeasible   50               - 10070.0000      -   7.8  430s
 8297852 2188413 infeasible   60               - 10070.0000      -   7.8  435s
 8354292 2180405 10084.4860   63   17          - 10070.0000      -   7.8  440s
 8414810 2170624 10090.0000   68    6          - 10070.0000      -   7.8  445s
 8474735 2167900 10090.4860   62   16          - 10070.6783      -   7.8  450s
 8536029 2142266 infeasible   57               - 10071.0000      -   7.8  455s
 8588876 2121227 10091.0000   49    7          - 10071.0000      -   7.9  460s
 8642401 2110050 infeasible   68               - 10071.0000      -   7.9  465s
 8697096 2104677 infeasible   73               - 10072.0000      -   7.9  470s
 8755211 2078797 infeasible   59               - 10073.0000      -   7.9  475s
 8814699 2044272 infeasible   63               - 10073.0000      -   7.9  480s
 8865197 2024367 infeasible   63               - 10073.0000      -   7.9  485s
 8916705 2002232 infeasible   62               - 10073.0000      -   8.0  490s
 8981394 1996545 infeasible   69               - 10074.0000      -   8.0  495s
 9052966 2006620 infeasible   61               - 10074.0000      -   8.0  500s
 9128774 2017819 infeasible   59               - 10074.0000      -   8.0  505s
 9188059 2012663 10095.0000   69    2          - 10075.0000      -   8.0  510s
 9269716 2028827 infeasible   63               - 10075.0000      -   8.0  515s
 9348878 2045098 infeasible   63               - 10075.0000      -   8.0  520s
 9429062 2065147 infeasible   62               - 10075.0000      -   8.0  525s
 9508614 2080101 infeasible   62               - 10075.0000      -   8.0  530s
 9578628 2091203 infeasible   57               - 10075.0000      -   8.0  535s
 9648298 2098853 infeasible   60               - 10075.0000      -   8.0  540s
 9719409 2106866 10095.0000   65    5          - 10075.0000      -   8.0  545s
 9792111 2122395 10088.8947   66   18          - 10075.0000      -   8.0  550s
 9860837 2139573 10095.0000   63    6          - 10075.0000      -   8.0  555s
 9936642 2162737 infeasible   59               - 10075.0000      -   8.0  560s
 10016111 2186590 10084.2057   58   12          - 10075.0000      -   8.0  565s
 10098270 2209241 10095.0000   60    6          - 10075.0000      -   8.0  570s
 10181550 2233120 10086.2398   53   24          - 10075.0000      -   8.0  575s
 10260846 2257240 10085.0000   64    3          - 10075.0000      -   8.0  580s
 10343000 2280104 10095.0000   58    5          - 10075.0000      -   8.0  585s
 10422219 2302237 10095.0000   62    5          - 10075.0000      -   8.0  590s
 10500400 2321040 10095.0000   51    3          - 10075.0000      -   8.1  595s
 10574177 2334165 infeasible   70               - 10075.0000      -   8.1  600s

Cutting planes:
  Learned: 19
  Gomory: 30
  Cover: 128
  Implied bound: 15
  MIR: 117
  StrongCG: 3
  Flow cover: 424
  Inf proof: 11
  RLT: 14
  Relax-and-lift: 6

Explored 10580204 nodes (85258014 simplex iterations) in 600.38 seconds (656.43 work units)
Thread count was 8 (of 8 available processors)

Solution count 0

Solve interrupted
Best objective -, best bound 1.007500000000e+04, gap -

User-callback calls 21322093, time in user-callback 54.52 sec

Statistics for modelBBOS_BWIN_BTG:
  Linear constraint matrix    : 4044 Constrs, 2210 Vars, 15158 NZs
  Variable types              : 896 Continuous,
1314 Integer (417 Binary)
  Matrix coefficient range    : [ 1, 396 ]
  Objective coefficient range : [ 1, 396 ]
  Variable bound range        : [ 1, 199 ]
  RHS coefficient range       : [ 1, 10107.9 ]
