
Gurobi 10.0.1 (mac64[arm]) logging started Fri Mar 29 21:37:00 2024

Set parameter LogFile to value "/Users/deniserings/Documents/zib/s-bahn-data/scripts/DeniseMA/processed/BBOS_BWIN_BTG/RINS/BBOS_BWIN_BTG_202403292026_slack_0.6.log"
Gurobi Optimizer version 10.0.1 build v10.0.1rc0 (mac64[arm])

CPU model: Apple M2
Thread count: 8 physical cores, 8 logical processors, using up to 8 threads

Optimize a model with 4023 rows, 2210 columns and 15137 nonzeros
Model fingerprint: 0xfb3e943b
Variable types: 896 continuous, 1314 integer (417 binary)
Coefficient statistics:
  Matrix range     [1e+00, 4e+02]
  Objective range  [1e+00, 4e+02]
  Bounds range     [1e+00, 2e+02]
  RHS range        [1e+00, 1e+04]

User MIP start did not produce a new incumbent solution
User MIP start violates constraint objective_cutoff by 102.100031963

Presolve removed 2857 rows and 1308 columns
Presolve time: 0.03s
Presolved: 1166 rows, 902 columns, 4920 nonzeros
Variable types: 365 continuous, 537 integer (537 binary)

Root relaxation: objective 9.843000e+03, 327 iterations, 0.00 seconds (0.00 work units)
Another try with MIP start

    Nodes    |    Current Node    |     Objective Bounds      |     Work
 Expl Unexpl |  Obj  Depth IntInf | Incumbent    BestBd   Gap | It/Node Time

     0     0 9843.00000    0   32          - 9843.00000      -     -    0s
     0     0 9874.00000    0   33          - 9874.00000      -     -    0s
     0     0 9874.00000    0   39          - 9874.00000      -     -    0s
     0     0 9880.00000    0   50          - 9880.00000      -     -    0s
     0     0 9880.00000    0   54          - 9880.00000      -     -    0s
     0     0 9880.00000    0   42          - 9880.00000      -     -    0s
     0     0 9880.00000    0   26          - 9880.00000      -     -    0s
     0     2 9880.00000    0   12          - 9880.00000      -     -    0s
 41016 24914 10076.0000   54   18          - 9950.66964      -   9.6    5s
 111604 70066 9983.82018   55   39          - 9969.00000      -  10.2   10s
 174625 112653 10004.1105   61   31          - 9970.00000      -  10.4   15s
 253192 154958 10070.0000   70    7          - 9980.16809      -  10.0   20s
 323844 198710 infeasible   79               - 9983.00000      -  10.0   25s
 392433 243563 9984.77115   55   29          - 9983.00000      -  10.0   30s
 461913 286679 9986.35000   55   17          - 9983.00000      -  10.0   35s
 527867 328049 10050.0000   74    2          - 9983.36072      -  10.3   40s
 601768 370413 10071.0000   69    3          - 9984.00000      -  10.4   45s
 672138 410881 10070.0000   72    5          - 9984.73502      -  10.5   50s
 749680 454418 10082.0000   59   19          - 9986.00000      -  10.5   55s
 818256 493551 10003.0000   59   28          - 9986.00000      -  10.7   60s
 895818 536351 infeasible   49               - 9987.11789      -  10.8   65s
 969917 577473 infeasible   71               - 9988.29207      -  10.7   70s
 1042800 615305 10076.5942   54   28          - 9989.00000      -  10.8   75s
 1116341 656147 10079.0000   61   21          - 9989.65116      -  10.8   80s
 1193080 698381 10088.9071   72   19          - 9990.16763      -  10.8   85s
 1266496 734863 10056.7133   67   18          - 9991.70733      -  10.8   90s
 1333303 773522 10102.0000   70    8          - 9992.00000      -  10.9   95s
 1408237 811475 10086.0000   47    7          - 9993.10479      -  10.9  100s
 1481131 850754 10076.0000   69   13          - 9994.44182      -  10.9  105s
 1554564 890044 10106.0000   60    6          - 9995.45191      -  10.9  110s
 1620367 922305 10076.0000   62    5          - 9996.84615      -  10.9  115s
 1688667 954875 infeasible   62               - 9998.56962      -  10.9  120s
 1752629 984993 infeasible   67               - 10000.0180      -  11.0  125s
 1809477 1011178 10073.0000   74   13          - 10002.0000      -  11.0  130s
 1870064 1039366 10043.0000   62   20          - 10003.0000      -  11.1  135s
 1934576 1072494 10059.0447   62   41          - 10003.0000      -  11.1  140s
 1999673 1106523 10009.0000   57   15          - 10003.0000      -  11.1  145s
 2065954 1141881 infeasible   72               - 10003.0000      -  11.1  150s
 2132644 1179544 10049.1214   65   26          - 10003.0000      -  11.1  155s
 2197430 1215951 10063.0000   70   22          - 10003.0000      -  11.1  160s
 2258599 1250262 10070.0000   69   10          - 10003.0000      -  11.2  165s
 2325685 1286940 10096.0000   75    5          - 10003.0000      -  11.2  170s
 2387497 1319948 infeasible   69               - 10003.1731      -  11.2  175s
 2454211 1351245 10086.2687   79   19          - 10003.7074      -  11.2  180s
 2508683 1375501 10081.0000   75    4          - 10004.0000      -  11.2  185s
 2554142 1399872 10024.0000   73   24          - 10004.0000      -  11.2  190s
 2614145 1425718 10071.0000   55    3          - 10004.0000      -  11.3  195s
 2672298 1452801 10068.5447   63   26          - 10004.1332      -  11.3  200s
 2736597 1482311 10015.1667   68   44          - 10004.6410      -  11.3  205s
 2801644 1513033 infeasible   67               - 10005.1594      -  11.3  210s
 2864328 1541627 10093.5886   65   16          - 10005.7582      -  11.3  215s
 2926822 1570443 10102.0000   55   17          - 10006.0000      -  11.4  220s
 2982696 1596276 10026.5855   65   30          - 10006.0000      -  11.4  225s
 3038601 1623320 10023.0000   58   27          - 10006.0000      -  11.4  230s
 3100222 1650439 infeasible   67               - 10006.5177      -  11.4  235s
 3161836 1677475 10013.0000   58   20          - 10007.0000      -  11.4  240s
 3221634 1703063 infeasible   76               - 10007.7217      -  11.4  245s
 3278635 1726486 infeasible   56               - 10008.1983      -  11.4  250s
 3341059 1751937 infeasible   65               - 10009.0000      -  11.4  255s
 3394044 1776768 infeasible   79               - 10009.0000      -  11.5  260s
 3454686 1807960 10029.0000   61   15          - 10009.0000      -  11.5  265s
 3515094 1835271 infeasible   81               - 10009.4807      -  11.5  270s
 3568505 1856637 10106.0000   58    2          - 10010.0000      -  11.5  275s
 3615433 1875258 10026.0000   71   15          - 10010.0892      -  11.5  280s
 3674612 1899134 10029.0000   57   10          - 10010.7967      -  11.5  285s
 3733352 1925390 infeasible   74               - 10011.2449      -  11.5  290s
 3787388 1946553 10023.0000   62   20          - 10011.8087      -  11.5  295s
 3840120 1970640 10018.4180   71   47          - 10012.0000      -  11.6  300s
 3897936 1994812 10086.0000   64    3          - 10012.4473      -  11.6  305s
 3951967 2016232 10037.8261   69   33          - 10013.0000      -  11.6  310s
 4007022 2040476 10042.7232   67   21          - 10013.0000      -  11.6  315s
 4066483 2069269 10030.1609   68   29          - 10013.0000      -  11.6  320s
 4123949 2098500 10021.3834   62   39          - 10013.0000      -  11.6  325s
 4183933 2128503 10077.5683   73   13          - 10013.0000      -  11.6  330s
 4242161 2155570 10024.6881   67   43          - 10013.2233      -  11.6  335s
 4300419 2177931 10022.8231   43   54          - 10013.9310      -  11.6  340s
 4350697 2196636 infeasible   63               - 10014.2973      -  11.6  345s
 4401408 2216604 10068.0000   59    5          - 10015.0000      -  11.6  350s
 4446746 2236611 10085.0241   63   14          - 10015.1000      -  11.6  355s
 4501104 2258008 10096.0000   66   12          - 10015.7182      -  11.6  360s
 4549298 2275935 infeasible   73               - 10016.0000      -  11.7  365s
 4598765 2295943 infeasible   87               - 10016.5136      -  11.7  370s
 4653704 2315947 infeasible   70               - 10017.2522      -  11.7  375s
 4696661 2330864 infeasible   65               - 10018.0000      -  11.7  380s
 4747866 2349118 infeasible   78               - 10018.7469      -  11.7  385s
 4794572 2368957 infeasible   81               - 10019.0000      -  11.7  390s
 4839845 2383857 10071.6667   60   25          - 10019.6667      -  11.7  395s
 4880582 2398466 10033.1955   63   45          - 10020.3701      -  11.7  400s
 4927251 2415739 10023.0000   67   25          - 10021.0464      -  11.7  405s
 4966253 2425894 infeasible   67               - 10021.9474      -  11.7  410s
 5004449 2436387 10093.0000   57    4          - 10022.7079      -  11.8  415s
 5045876 2451952 infeasible   69               - 10023.0000      -  11.8  420s
 5092163 2471852 10033.0000   62   32          - 10023.0000      -  11.8  425s
 5143471 2496777 10071.0000   67   20          - 10023.0000      -  11.8  430s
 5194177 2519004 10023.0000   52   39          - 10023.0000      -  11.8  435s
 5249304 2545661 10104.5383   64   21          - 10023.0000      -  11.8  440s
 5293384 2567339 10071.0000   62   10          - 10023.0000      -  11.8  445s
 5347124 2586069 10023.7091   68   48          - 10023.0000      -  11.8  450s
 5396980 2607620 infeasible   66               - 10023.0000      -  11.8  455s
 5452047 2633497 10031.5000   68   28          - 10023.0000      -  11.8  460s
 5502984 2655851 10024.9006   73   26          - 10023.0000      -  11.8  465s
 5550563 2677809 10070.0000   69    6          - 10023.0000      -  11.8  470s
 5595369 2696161 10036.9821   66   36          - 10023.0000      -  11.8  475s
 5648113 2721234 10090.0000   78    4          - 10023.0000      -  11.8  480s
 5701892 2747165 infeasible   71               - 10023.0000      -  11.8  485s
 5754829 2771896 10075.0000   69    7          - 10023.0000      -  11.8  490s
 5801984 2788919 infeasible   62               - 10023.2914      -  11.8  495s
 5846808 2803439 10035.0000   50   26          - 10023.7091      -  11.8  500s
 5893009 2820159 10058.0000   60   14          - 10024.0000      -  11.8  505s
 5937382 2836427 10052.1617   70   24          - 10024.0000      -  11.8  510s
 5979857 2849942 infeasible   71               - 10024.0000      -  11.9  515s
 6025328 2866656 10081.0000   66    1          - 10024.0000      -  11.9  520s
 6068424 2883422 10046.7819   54   32          - 10024.0000      -  11.9  525s
 6116322 2901282 infeasible   68               - 10024.0450      -  11.9  530s
 6150684 2909599 infeasible   66               - 10024.2836      -  11.9  535s
 6192496 2920024 10090.0000   67   11          - 10024.7350      -  11.9  540s
 6234710 2932036 10081.0000   71    1          - 10025.1503      -  11.9  545s
 6283652 2950276 10094.3128   62   17          - 10025.4575      -  11.9  550s
 6322939 2959932 10089.7425   72   10          - 10025.8777      -  12.0  555s
 6360455 2970023 infeasible   66               - 10026.0000      -  12.0  560s
 6397030 2981023 10083.0000   74   24          - 10026.0000      -  12.0  565s
 6438378 2993294 infeasible   61               - 10026.0290      -  12.0  570s
 6480573 3004978 infeasible   64               - 10026.5064      -  12.0  575s
 6521060 3016382 infeasible   66               - 10026.8857      -  12.0  580s
 6559182 3028267 infeasible   64               - 10027.0000      -  12.1  585s
 6593385 3035965 10098.3656   71   29          - 10027.1091      -  12.1  590s
 6624260 3042479 infeasible   75               - 10027.5502      -  12.1  595s
 6660086 3049261 infeasible   52               - 10028.0000      -  12.1  600s

Cutting planes:
  Learned: 16
  Gomory: 46
  Cover: 153
  Implied bound: 10
  MIR: 236
  StrongCG: 4
  Flow cover: 590
  Inf proof: 15
  Zero half: 1
  Network: 1
  RLT: 9
  Relax-and-lift: 8

Explored 6661929 nodes (80900204 simplex iterations) in 600.29 seconds (729.69 work units)
Thread count was 8 (of 8 available processors)

Solution count 0

Solve interrupted
Best objective -, best bound 1.002800000000e+04, gap -

User-callback calls 13501085, time in user-callback 34.93 sec

Statistics for modelBBOS_BWIN_BTG:
  Linear constraint matrix    : 4023 Constrs, 2210 Vars, 15137 NZs
  Variable types              : 896 Continuous,
1314 Integer (417 Binary)
  Matrix coefficient range    : [ 1, 396 ]
  Objective coefficient range : [ 1, 396 ]
  Variable bound range        : [ 1, 199 ]
  RHS coefficient range       : [ 1, 10107.9 ]
