
Gurobi 10.0.1 (mac64[arm]) logging started Wed Mar 27 12:04:23 2024

Set parameter LogFile to value "/Users/deniserings/Documents/zib/s-bahn-data/scripts/DeniseMA/processed/BBKS_BWT/original/BBKS_BWT_2024-03-27 12:04_equality.log"
Gurobi Optimizer version 10.0.1 build v10.0.1rc0 (mac64[arm])

CPU model: Apple M2
Thread count: 8 physical cores, 8 logical processors, using up to 8 threads

Optimize a model with 10168 rows, 4381 columns and 42462 nonzeros
Model fingerprint: 0xbe5ec560
Variable types: 1295 continuous, 3086 integer (911 binary)
Coefficient statistics:
  Matrix range     [1e+00, 2e+02]
  Objective range  [1e+00, 4e+02]
  Bounds range     [1e+00, 2e+02]
  RHS range        [1e+00, 5e+02]
Presolve removed 4125 rows and 1375 columns
Presolve time: 0.30s
Presolved: 6043 rows, 3006 columns, 29091 nonzeros
Variable types: 751 continuous, 2255 integer (2255 binary)

Root relaxation: objective 9.096000e+03, 1654 iterations, 0.05 seconds (0.03 work units)

    Nodes    |    Current Node    |     Objective Bounds      |     Work
 Expl Unexpl |  Obj  Depth IntInf | Incumbent    BestBd   Gap | It/Node Time

     0     0 9096.00000    0  131          - 9096.00000      -     -    0s
     0     0 9096.50526    0  239          - 9096.50526      -     -    0s
     0     0 9096.50526    0  227          - 9096.50526      -     -    0s
     0     0 9120.00000    0  302          - 9120.00000      -     -    1s
     0     0 9120.00000    0  252          - 9120.00000      -     -    1s
     0     0 9120.00000    0  345          - 9120.00000      -     -    1s
     0     0 9120.00000    0  313          - 9120.00000      -     -    1s
     0     0 9120.00000    0  298          - 9120.00000      -     -    1s
     0     0 9120.00000    0  122          - 9120.00000      -     -    2s
     0     2 9120.00000    0  122          - 9120.00000      -     -    3s
   858   823 9594.00000   92  130          - 9120.00000      -  43.7    5s
  1467  1247 9634.00000   63  220          - 9134.10611      -  38.7   10s
  1489  1262 9444.00000   60  273          - 9138.08297      -  38.1   15s
  1513  1278 9150.70423   26  252          - 9139.59063      -  37.5   20s
H 1516  1214                    10172.000000 9139.64449  10.1%  37.4   20s
  1539  1231 9210.00000   18  170 10172.0000 9141.67565  10.1%  71.6   25s
H 1547  1173                    9928.0000000 9142.59583  7.91%  71.2   27s
H 1548  1115                    9910.0000000 9142.59767  7.74%  71.1   28s
H 1551  1061                    9905.0000000 9143.58470  7.69%  71.0   28s
H 1552  1008                    9899.0000000 9143.58743  7.63%  71.0   29s
H 1556   959                    9871.0000000 9143.69363  7.37%  70.8   30s
H 1558   912                    9868.0000000 9146.36558  7.31%  70.7   30s
  1751  1042 9163.54847   36  198 9868.00000 9149.65049  7.28%  97.0   35s
  2080  1211 9452.54000   55  119 9868.00000 9149.65049  7.28%  90.8   40s
  2605  1449 infeasible   47      9868.00000 9149.65049  7.28%  84.4   45s
  3374  1722 9163.63862   35  178 9868.00000 9149.65049  7.28%  79.3   50s
  3855  1930 9150.33918   30  221 9868.00000 9149.65049  7.28%  79.3   55s
  4843  2356 9172.68797   30  212 9868.00000 9150.77436  7.27%  77.3   60s
  5742  2933 9714.28986   41  146 9868.00000 9153.96159  7.24%  75.7   65s
  6575  3492 9408.00000   38  140 9868.00000 9155.72206  7.22%  75.5   70s
  7682  4092 9775.87857   41  158 9868.00000 9156.64810  7.21%  74.6   75s
  8908  4861 9584.00000   56   92 9868.00000 9158.85262  7.19%  73.9   80s
  9978  5445 9194.84682   36  163 9868.00000 9160.21977  7.17%  73.8   85s
 11035  6057 9664.26064   49  132 9868.00000 9161.41983  7.16%  73.9   90s
 12385  6970 infeasible   47      9868.00000 9162.29207  7.15%  73.1   95s
 13958  7943 9698.00000   47  119 9868.00000 9162.73293  7.15%  72.0  101s
 14647  9397 9798.00000   44  133 9868.00000 9162.93841  7.14%  71.7  113s
 17471  9658 9619.58701   44  140 9868.00000 9163.87602  7.14%  72.2  116s
 18628 10515 9164.65418   37  205 9868.00000 9164.29223  7.13%  72.1  122s
 19429 10940 infeasible   46      9868.00000 9164.47783  7.13%  72.2  125s
 20864 11587 9442.37395   39  196 9868.00000 9165.06877  7.12%  72.5  131s
 21640 12129 9600.00000   50   89 9868.00000 9165.32443  7.12%  72.1  135s
 23635 13121 9428.00000   46  161 9868.00000 9166.24002  7.11%  71.8  142s
 24719 13548 9376.38915   47  176 9868.00000 9166.33078  7.11%  71.8  146s
 25628 13957 9215.84697   42  180 9868.00000 9166.77157  7.11%  72.3  150s
 26401 14322 9245.64995   40  201 9868.00000 9166.93134  7.10%  72.2  155s
 28344 15315 9211.67295   40  189 9868.00000 9167.74175  7.10%  72.6  163s
 29322 15316 9228.00000   39  122 9868.00000 9168.09524  7.09%  72.4  194s
 29324 15317 9702.00000   44   99 9868.00000 9168.09524  7.09%  72.4  195s
 29336 15325 9846.12530   57  279 9868.00000 9168.09524  7.09%  72.3  200s
 29339 15327 9408.76485   43  265 9868.00000 9168.09524  7.09%  72.3  205s
 29342 15329 9383.41418   34  279 9868.00000 9168.09524  7.09%  72.3  210s
 29346 15332 9183.59662   37  288 9868.00000 9168.09524  7.09%  72.3  215s
 29358 15340 9758.63636   44  335 9868.00000 9168.09524  7.09%  72.3  220s
 29362 15343 9180.37153   34  309 9868.00000 9168.09524  7.09%  72.3  225s
 29375 15351 9608.00000   60  298 9868.00000 9168.09524  7.09%  72.2  230s
 29379 15354 9206.15068   38  254 9868.00000 9168.09524  7.09%  72.2  236s
 29383 15357 9228.93333   39  300 9868.00000 9168.09524  7.09%  72.2  240s
 29389 15361 9510.00000   52  248 9868.00000 9168.09524  7.09%  72.2  245s
 29394 15364 9202.00000   47  251 9868.00000 9173.28565  7.04%  72.2  251s
 29399 15367 9428.22883   43  293 9868.00000 9173.54399  7.04%  72.2  255s
 29406 15372 9693.21864   63  322 9868.00000 9173.74070  7.04%  72.2  260s
 29410 15375 9610.00000   51  320 9868.00000 9174.14929  7.03%  72.2  265s
 29412 15376 9195.73105   36  335 9868.00000 9174.21369  7.03%  72.2  271s
 29414 15377 9196.45564   34  314 9868.00000 9175.01426  7.02%  72.1  275s
 29418 15380 9183.02023   37  327 9868.00000 9175.63013  7.02%  72.1  280s
 29423 15383 9667.00000   66  290 9868.00000 9177.23700  7.00%  72.1  285s
 29428 15387 9802.00000   60  286 9868.00000 9180.92026  6.96%  72.1  290s
 29432 15389 9307.87381   48  250 9868.00000 9182.89471  6.94%  72.1  296s
 29436 15392 9846.12530   57  282 9868.00000 9183.54399  6.94%  72.1  300s
 29440 15395 9189.88203   43  273 9868.00000 9183.92800  6.93%  72.1  305s
H29449 14628                    9867.9999981 9184.02777  6.93%  72.1  309s
 29452 14630 9668.00000   63  257 9868.00000 9184.02777  6.93%  72.1  310s
 29468 14640 9197.08352   38  276 9868.00000 9184.27154  6.93%  72.0  315s
 29484 14651 9728.63636   49  261 9868.00000 9184.83579  6.92%  72.0  320s
 29500 14662 9804.13311   57  285 9868.00000 9185.43870  6.92%  71.9  325s
 29512 14670 9195.73105   36  299 9868.00000 9186.02246  6.91%  71.9  330s
 29524 14678 9702.00000   44  281 9868.00000 9186.02777  6.91%  71.9  335s
 29538 14687 9187.08411   39  287 9868.00000 9187.08411  6.90%  71.8  340s
 29553 14697 9542.00000   45  290 9868.00000 9188.56654  6.89%  71.8  345s
 29569 14711 9189.97811   35  238 9868.00000 9189.97811  6.87%  80.5  350s
 29910 14908 9192.35316   55  112 9868.00000 9189.97811  6.87%  81.0  355s
H30367 14307                    9867.9999961 9189.97811  6.87%  81.2  359s
 30491 14344 9527.61209   44  140 9868.00000 9189.97811  6.87%  81.1  360s
 31524 14625 9189.97811   45  211 9868.00000 9189.97811  6.87%  81.2  365s
 32733 15042 infeasible   69      9868.00000 9189.97811  6.87%  80.9  370s
 34054 15410 9192.21099   44  245 9868.00000 9189.97811  6.87%  81.1  375s
 35333 15686 9734.00000   66  149 9868.00000 9189.97811  6.87%  81.2  380s
 36772 16033 9532.64653   47  162 9868.00000 9189.97811  6.87%  82.0  385s
 38084 16283 infeasible   55      9868.00000 9189.97811  6.87%  82.2  392s
 38609 16305 infeasible   75      9868.00000 9189.97811  6.87%  82.3  395s
 40019 16542 infeasible   57      9868.00000 9189.97811  6.87%  83.0  401s
 41197 16823 9189.97811   45  295 9868.00000 9189.97811  6.87%  83.0  407s
 42471 17124 9709.40535   53  161 9868.00000 9189.97811  6.87%  83.0  412s
 43955 16889 9806.00000   56  119 9868.00000 9189.97811  6.87%  82.9  417s
 44166 17795 9228.36391   52  179 9868.00000 9189.97811  6.87%  83.1  424s
 46270 17360 9191.81715   58  240 9868.00000 9189.97811  6.87%  83.4  426s
 46869 17618 9559.14695   51  160 9868.00000 9189.97811  6.87%  83.7  430s
 47764 17725 9670.63325   52  146 9868.00000 9189.97811  6.87%  83.9  435s
 49612 17838 9189.97811   40  195 9868.00000 9189.97811  6.87%  84.3  442s
 50457 17865 9225.18048   42  214 9868.00000 9189.97811  6.87%  84.6  445s
 52047 18224 9430.91644   55  180 9868.00000 9189.97811  6.87%  85.1  452s
 52885 18341 9403.38246   52  141 9868.00000 9189.97811  6.87%  85.2  456s
 54629 18470 9189.97811   44  214 9868.00000 9189.97811  6.87%  85.8  462s
 55451 18678 9221.09110   56  245 9868.00000 9189.97811  6.87%  86.3  466s
 56403 18899     cutoff   61      9868.00000 9189.97811  6.87%  86.5  470s
 58628 19377 infeasible   84      9868.00000 9189.97811  6.87%  86.6  478s
 59700 19476 9675.00000   97   42 9868.00000 9189.97811  6.87%  86.4  482s
 60808 19706 9194.62933   42  216 9868.00000 9189.97811  6.87%  86.5  487s
 62035 19742 9222.57245   51  182 9868.00000 9189.97811  6.87%  86.5  491s
 63123 19952 9217.20964   57  167 9868.00000 9189.97811  6.87%  86.7  495s
 64269 20265 infeasible   65      9868.00000 9189.97811  6.87%  86.7  500s
 66909 20329 9208.16025   47  174 9868.00000 9189.97811  6.87%  86.6  507s
 67999 20408 9508.00000   71   76 9868.00000 9189.97811  6.87%  86.8  511s
 69060 20403 9247.30759   57  186 9868.00000 9189.97811  6.87%  86.8  517s
 70118 20636 9625.59451   56  120 9868.00000 9189.97811  6.87%  86.9  522s
 71312 20809     cutoff   63      9868.00000 9189.97811  6.87%  86.8  528s
 72480 21138 infeasible   63      9868.00000 9189.97811  6.87%  86.9  532s
H73073 21138                    9867.9999943 9189.97811  6.87%  87.1  532s
 73496 21677 9214.09359   54  119 9867.99999 9189.97811  6.87%  87.0  536s
 74734 22074 9426.11086   59  162 9867.99999 9189.97811  6.87%  86.9  540s
H75793 22354                    9867.9999924 9189.97811  6.87%  86.9  543s
H76086 22354                    9867.9999905 9189.97811  6.87%  86.9  543s
 76537 22932 9248.37782   56  145 9867.99999 9189.97811  6.87%  87.1  547s
 77866 23244 9336.32838   61  155 9867.99999 9189.97811  6.87%  87.0  551s
 78921 23726 infeasible   60      9867.99999 9189.97811  6.87%  87.1  556s
 79988 24111 9561.42857   81   74 9867.99999 9189.97811  6.87%  87.1  561s
 82118 24936 9736.47115   61  137 9867.99999 9189.97811  6.87%  87.3  568s
 83025 25427 9197.10123   51  170 9867.99999 9189.97811  6.87%  87.4  572s
 84063 26012 9194.47345   54  123 9867.99999 9189.97811  6.87%  87.5  576s
 85122 26416 9189.97811   48  232 9867.99999 9189.97811  6.87%  87.6  580s
 86013 26995 9189.97811   46  210 9867.99999 9189.97811  6.87%  88.0  585s
 88501 27922 9189.97811   47  178 9867.99999 9189.97811  6.87%  88.0  594s
 89424 28350 9189.97811   46  232 9867.99999 9189.97811  6.87%  88.2  600s
 90683 28881 9192.99152   49  204 9867.99999 9189.97811  6.87%  88.4  605s
 91795 29278 9450.00000   60   97 9867.99999 9189.97811  6.87%  88.6  610s
 94297 29993 9761.02438   50  155 9867.99999 9189.97811  6.87%  88.9  618s
 95099 30409 9191.11167   50  132 9867.99999 9189.97811  6.87%  89.2  622s
 96070 30750 9526.00000   68  108 9867.99999 9189.97811  6.87%  89.4  625s
 98095 31646 9224.94578   53  192 9867.99999 9189.97811  6.87%  89.8  633s
 99291 32028 9190.32654   52  223 9867.99999 9189.97811  6.87%  89.9  637s
 100204 32269 infeasible   48      9867.99999 9189.97811  6.87%  90.1  640s
 102006 32969 9688.08683   56  145 9867.99999 9189.97811  6.87%  90.5  647s
 102997 33240 infeasible   56      9867.99999 9189.97811  6.87%  90.7  651s
 103677 33671 9284.46569   50  215 9867.99999 9189.97811  6.87%  90.9  655s
 105820 34575 9521.71034   48  116 9867.99999 9189.97811  6.87%  91.3  663s
 106943 35289 9788.00000   78   77 9867.99999 9189.97811  6.87%  91.4  667s
 108333 35599 9385.92132   44  206 9867.99999 9189.97811  6.87%  91.3  671s
 109156 35928 9225.82112   55  248 9867.99999 9189.97811  6.87%  91.5  675s
 111149 37043 9674.08464   56  133 9867.99999 9189.97811  6.87%  91.9  684s
 112602 37512 infeasible   57      9867.99999 9189.97811  6.87%  91.9  689s
 113777 37996 9234.84854   47  174 9867.99999 9189.97811  6.87%  92.1  694s
 115028 38726 9211.24975   49  174 9867.99999 9189.97811  6.87%  92.3  700s
 117627 39477 9492.75715   57  199 9867.99999 9189.97811  6.87%  92.5  709s
 118415 40401 9601.92443   53  205 9867.99999 9189.97811  6.87%  92.7  717s
 120553 40798 9820.08229   64   96 9867.99999 9189.97811  6.87%  92.6  722s
 121639 41217 9218.65386   57  121 9867.99999 9189.97811  6.87%  92.6  726s
H122373 41217                    9867.9999888 9189.97811  6.87%  92.8  726s
 122712 41696 9191.19315   54  149 9867.99999 9189.97811  6.87%  92.8  731s
 123856 42174 9198.81229   55  309 9867.99999 9189.97811  6.87%  93.1  736s
 125218 42553 9196.91901   54  150 9867.99999 9189.97811  6.87%  93.1  741s
 126491 42925 infeasible   61      9867.99999 9189.97811  6.87%  93.1  746s
 127813 43362 9229.11268   54  205 9867.99999 9189.97811  6.87%  93.2  752s
 129147 43894 9216.83349   57  160 9867.99999 9189.97811  6.87%  93.3  758s
 130685 44585 infeasible   61      9867.99999 9189.97811  6.87%  93.3  764s
 132233 44996     cutoff   57      9867.99999 9189.97811  6.87%  93.2  769s
 133359 45487 infeasible   54      9867.99999 9189.97811  6.87%  93.3  775s
 134664 46054 9408.20040   51  217 9867.99999 9189.97811  6.87%  93.4  780s
 136250 46327 9429.31232   62  139 9867.99999 9189.97811  6.87%  93.3  785s
 137208 46551 9195.42596   57  150 9867.99999 9189.97811  6.87%  93.5  790s
 138187 47065 9431.27681   54  161 9867.99999 9189.97811  6.87%  93.7  795s
 139102 47575 9258.39272   46  233 9867.99999 9189.97811  6.87%  93.7  800s
 140350 48048 9637.77246   65  109 9867.99999 9189.97811  6.87%  93.7  805s
 143294 49091 9189.97811   47  163 9867.99999 9189.97811  6.87%  93.8  816s
 144479 49544 infeasible   65      9867.99999 9189.97811  6.87%  93.8  822s
 146039 50030 9789.00000   66   78 9867.99999 9189.97811  6.87%  93.7  827s
 147427 50514 9628.00000   62  114 9867.99999 9189.97811  6.87%  93.7  835s
 148586 50977 9840.49039   65  104 9867.99999 9189.97811  6.87%  93.8  843s
 149949 51401 9615.25108   44  162 9867.99999 9189.97811  6.87%  93.7  849s
 151068 51836 infeasible   66      9867.99999 9189.97811  6.87%  93.8  856s
 152286 52140 infeasible   72      9867.99999 9189.97811  6.87%  93.8  862s
 153697 52643 infeasible   56      9867.99999 9189.97811  6.87%  93.8  867s
 154964 53028 9830.97595   58  156 9867.99999 9189.97811  6.87%  93.8  871s
 156029 53301 9298.57932   56  125 9867.99999 9189.97811  6.87%  94.0  876s
 156977 53660 9410.00000   52  161 9867.99999 9190.01224  6.87%  94.1  882s
 158061 54062 9409.77967   54  169 9867.99999 9190.05833  6.87%  94.2  889s
 159337 54462 9410.15816   53  200 9867.99999 9190.17175  6.87%  94.3  895s
 160688 54960 9416.10282   53  152 9867.99999 9190.22221  6.87%  94.3  900s
 161999 55308 9192.33452   53  260 9867.99999 9190.29087  6.87%  94.3  905s
 162956 55728 9222.55409   54  239 9867.99999 9190.38305  6.87%  94.4  910s
 164255 56087 9203.95294   53  208 9867.99999 9190.49348  6.87%  94.5  915s
 165458 56552 9680.00000   63  115 9867.99999 9190.60103  6.86%  94.7  921s
 167027 56889 9410.95796   54  187 9867.99999 9190.69693  6.86%  94.7  925s
 168072 57342 9852.08464   60   96 9867.99999 9190.82351  6.86%  94.7  930s
 169358 57707 9710.39761   59  158 9867.99999 9190.90280  6.86%  94.8  939s
 170411 58170 9533.67041   62  176 9867.99999 9191.04067  6.86%  94.9  945s
 171617 58590 9628.15054   63  111 9867.99999 9191.15342  6.86%  94.9  951s
 172976 59051 infeasible   55      9867.99999 9191.26026  6.86%  94.8  957s
 174145 59378 9424.08102   55  208 9867.99999 9191.40739  6.86%  94.9  963s
 175260 59781 9636.01672   60  121 9867.99999 9191.64621  6.85%  95.0  969s
 176486 60148 9531.39003   54  154 9867.99999 9191.76926  6.85%  95.0  975s
 177668 60559 9211.35421   50  231 9867.99999 9191.84163  6.85%  95.1  980s
 178684 60895 infeasible   54      9867.99999 9191.91253  6.85%  95.2  985s
 179657 61289 9529.34930   64  130 9867.99999 9192.02970  6.85%  95.3  991s
 180886 61637 9808.05395   66  107 9867.99999 9192.15393  6.85%  95.4  996s
 181970 62060 9804.89120   69   97 9867.99999 9192.25733  6.85%  95.6 1003s
 183108 62472 9751.00000   88   61 9867.99999 9192.34698  6.85%  95.6 1009s
 184529 62714 9197.27756   50  311 9867.99999 9192.52759  6.85%  95.6 1015s
 185644 62996 infeasible   54      9867.99999 9192.61555  6.84%  95.7 1021s
 186544 63306 9463.95108   60  148 9867.99999 9192.79036  6.84%  95.8 1026s
 187535 63767 9716.75986   61  121 9867.99999 9192.94373  6.84%  96.0 1031s
 188662 64129 infeasible   53      9867.99999 9193.05243  6.84%  96.1 1036s
 189781 64416 9617.02406   58  159 9867.99999 9193.17866  6.84%  96.2 1041s
 190801 64741 9205.16342   54  241 9867.99999 9193.34463  6.84%  96.3 1046s
 191822 65107 9512.55109   56  116 9867.99999 9193.62380  6.83%  96.5 1050s
 192854 65431 9330.59645   54  201 9867.99999 9193.75768  6.83%  96.6 1056s
 193928 65894 infeasible   63      9867.99999 9193.99367  6.83%  96.7 1062s
 195359 66346 9216.35591   50  223 9867.99999 9194.05395  6.83%  96.8 1067s
 196541 66881 9837.50861   63  106 9867.99999 9194.06577  6.83%  96.9 1072s
 198095 67638 9600.55207   56  133 9867.99999 9194.34232  6.83%  96.9 1078s
 199771 68145 9543.36284   49  157 9867.99999 9194.45345  6.83%  96.8 1085s
 201277 68550 9222.47345   53  107 9867.99999 9194.47345  6.83%  96.9 1096s
 202490 69009 infeasible   53      9867.99999 9194.47345  6.83%  96.9 1106s
 203894 69575 9438.00000   61  139 9867.99999 9194.48528  6.83%  96.9 1113s
 205374 69939 9424.68602   57  163 9867.99999 9194.49224  6.83%  96.9 1123s
 206664 70265 9714.56696   62  149 9867.99999 9194.51277  6.82%  96.8 1129s
 207814 70743     cutoff   61      9867.99999 9194.59153  6.82%  96.9 1135s
 208986 71340 9521.03358   54  188 9867.99999 9194.73244  6.82%  96.9 1140s
 210690 71675 9202.78378   58  185 9867.99999 9194.78378  6.82%  96.8 1145s
 211779 72066 9807.50714   59   99 9867.99999 9194.90966  6.82%  96.9 1150s
 213070 72473 9295.53163   56  172 9867.99999 9194.97479  6.82%  96.8 1155s
 214340 72816 9222.49278   53  132 9867.99999 9195.01104  6.82%  96.9 1160s
 215841 73118 infeasible   58      9867.99999 9195.04644  6.82%  96.9 1165s
 217770 73748 9663.36888   61  150 9867.99999 9195.04644  6.82%  97.0 1174s
 218896 74269 9422.43012   59  130 9867.99999 9195.15919  6.82%  97.0 1179s
 220226 74532 9848.87459   60  118 9867.99999 9195.25244  6.82%  97.0 1183s
 221181 74772 infeasible   63      9867.99999 9195.39980  6.82%  97.1 1187s
 222097 75202 9860.86290   61  148 9867.99999 9195.50123  6.81%  97.1 1193s
 223456 75809 9622.08464   59  132 9867.99999 9195.54872  6.81%  97.2 1198s
 225041 76297 9467.36878   58  191 9867.99999 9195.54872  6.81%  97.2 1203s
 226356 76642 9261.24063   48  256 9867.99999 9195.61720  6.81%  97.1 1208s
 227577 76877 9422.46383   54  133 9867.99999 9195.77011  6.81%  97.1 1213s
 228568 77272     cutoff   54      9867.99999 9195.95347  6.81%  97.2 1218s
 229776 77629 9596.97029   53  111 9867.99999 9196.07891  6.81%  97.2 1223s
 230979 78093 9221.94100   55  256 9867.99999 9196.15601  6.81%  97.2 1229s
 232040 78548 9447.76653   51  177 9867.99999 9196.24857  6.81%  97.3 1234s

Cutting planes:
  Learned: 183
  Gomory: 216
  Cover: 1483
  Implied bound: 78
  Projected implied bound: 6
  Clique: 12
  MIR: 1650
  StrongCG: 177
  Flow cover: 5561
  GUB cover: 20
  Inf proof: 29
  Zero half: 195
  Mod-K: 2
  Network: 17
  RLT: 182
  Relax-and-lift: 112

Explored 233523 nodes (22726075 simplex iterations) in 1234.97 seconds (777.12 work units)
Thread count was 8 (of 8 available processors)

Solution count 10: 9868 9868 9868 ... 9910

Solve interrupted
Best objective 9.867999989259e+03, best bound 9.196432115168e+03, gap 6.8055%

User-callback calls 728476, time in user-callback 5.01 sec

Statistics for modelBBKS_BWT:
  Linear constraint matrix    : 10168 Constrs, 4381 Vars, 42462 NZs
  Variable types              : 1295 Continuous,
3086 Integer (911 Binary)
  Matrix coefficient range    : [ 1, 200 ]
  Objective coefficient range : [ 1, 382 ]
  Variable bound range        : [ 1, 199 ]
  RHS coefficient range       : [ 1, 549 ]
