
Gurobi 10.0.1 (linux64) logging started Mon Apr  1 06:39:11 2024

Set parameter LogFile to value "/data/optimi/optimi/kombadon/drings/SBahn/s-bahn-data/scripts/DeniseMA/processed/BBUP_O/RINS/BBUP_O_202403312232_random3_0.9.log"
Gurobi Optimizer version 10.0.1 build v10.0.1rc0 (linux64)

CPU model: Intel(R) Xeon(R) CPU E3-1270 v6 @ 3.80GHz, instruction set [SSE2|AVX|AVX2]
Thread count: 4 physical cores, 8 logical processors, using up to 8 threads

Optimize a model with 14354 rows, 5774 columns and 54453 nonzeros
Model fingerprint: 0x8ad90547
Variable types: 1824 continuous, 3950 integer (691 binary)
Coefficient statistics:
  Matrix range     [1e+00, 4e+02]
  Objective range  [1e+00, 4e+02]
  Bounds range     [1e+00, 2e+02]
  RHS range        [1e+00, 2e+04]

User MIP start did not produce a new incumbent solution
User MIP start violates constraint objective_cutoff by 157.610000000

Presolve removed 6769 rows and 1985 columns
Presolve time: 0.15s
Presolved: 7585 rows, 3789 columns, 29821 nonzeros
Variable types: 980 continuous, 2809 integer (2809 binary)

Root relaxation: objective 1.323804e+04, 2840 iterations, 0.04 seconds (0.04 work units)
Another try with MIP start

    Nodes    |    Current Node    |     Objective Bounds      |     Work
 Expl Unexpl |  Obj  Depth IntInf | Incumbent    BestBd   Gap | It/Node Time

     0     0 13238.0447    0  174          - 13238.0447      -     -    0s
     0     0 13253.2537    0  564          - 13253.2537      -     -    0s
     0     0 13253.2537    0  575          - 13253.2537      -     -    0s
     0     0 13305.4357    0  651          - 13305.4357      -     -    0s
     0     0 13305.5064    0  552          - 13305.5064      -     -    0s
     0     0 13305.5064    0  552          - 13305.5064      -     -    0s
     0     0 13308.1527    0  630          - 13308.1527      -     -    0s
     0     0 13308.1527    0  541          - 13308.1527      -     -    1s
     0     0 13308.4283    0  592          - 13308.4283      -     -    1s
     0     0 13309.2712    0  595          - 13309.2712      -     -    1s
     0     0 13309.2712    0  632          - 13309.2712      -     -    1s
     0     0 13309.2712    0  523          - 13309.2712      -     -    1s
     0     0 13309.2712    0  518          - 13309.2712      -     -    1s
     0     0 13309.2712    0  549          - 13309.2712      -     -    1s
     0     0 13309.2712    0  422          - 13309.2712      -     -    1s
     0     0 13317.2000    0  514          - 13317.2000      -     -    1s
     0     0 13317.2000    0  459          - 13317.2000      -     -    1s
     0     0 13317.2000    0  196          - 13317.2000      -     -    2s
     0     0 13317.2000    0  305          - 13317.2000      -     -    2s
     0     0 13317.2000    0  434          - 13317.2000      -     -    2s
     0     0 13317.2000    0  165          - 13317.2000      -     -    2s
     0     0 13317.2000    0  116          - 13317.2000      -     -    2s
     0     0 13317.2000    0  371          - 13317.2000      -     -    3s
     0     0 13317.2000    0  318          - 13317.2000      -     -    3s
     0     0 13317.2000    0  343          - 13317.2000      -     -    3s
     0     0 13317.2000    0  355          - 13317.2000      -     -    3s
     0     0 13317.2000    0  379          - 13317.2000      -     -    3s
     0     0 13317.2000    0  346          - 13317.2000      -     -    3s
     0     0 13317.2000    0  436          - 13317.2000      -     -    3s
     0     0 13317.2000    0  361          - 13317.2000      -     -    3s
     0     0 13317.2000    0  428          - 13317.2000      -     -    3s
     0     0 13317.2000    0  392          - 13317.2000      -     -    3s
     0     0 13317.2000    0  379          - 13317.2000      -     -    3s
     0     0 13317.2000    0  448          - 13317.2000      -     -    3s
     0     0 13317.2000    0  420          - 13317.2000      -     -    3s
     0     0 13317.2000    0  466          - 13317.2000      -     -    4s
     0     0 13317.2000    0  410          - 13317.2000      -     -    4s
     0     0 13317.2000    0  171          - 13317.2000      -     -    4s
     0     0 13317.2000    0  309          - 13317.2000      -     -    4s
     0     0 13317.2000    0  297          - 13317.2000      -     -    4s
     0     0 13317.2000    0  217          - 13317.2000      -     -    4s
     0     2 13317.2000    0  181          - 13317.2000      -     -    5s
  1056   863 13414.0000   23  431          - 13333.1034      -  22.5   10s
  1433  1132 13494.0000   59  158          - 13396.1680      -  59.1   15s
  4874  2850 13496.0000   35  298          - 13404.6541      -  43.9   20s
  8218  5052 13414.0000   21  372          - 13414.0000      -  41.9   25s
 11231  8897 15043.4314   92   68          - 13414.0000      -  42.3   31s
 16158 10088 14369.3340   60  227          - 13414.0000      -  41.1   35s
 18349 11968 13546.2698   45  363          - 13414.0000      -  42.4   40s
 21318 13856 13916.0000   40  263          - 13414.0000      -  43.5   57s
 23290 15120 infeasible   63               - 13414.0000      -  43.9   60s
 26618 17095 13603.0000   49  315          - 13414.0000      -  45.1   65s
 30101 18743 infeasible   51               - 13414.0000      -  45.8   70s
 31830 19904 infeasible   80               - 13414.0000      -  46.7   75s
 33681 21904 13414.0000   41  459          - 13414.0000      -  48.5   81s
 36771 23349 13590.0000   47  311          - 13414.0000      -  49.2   85s
 40101 25175 13711.8912   49  342          - 13414.0000      -  50.2   90s
H40846 25052                    15481.000000 13414.0000  13.4%  50.4   92s
H40876 24996                    15395.000000 13414.0000  12.9%  50.5   93s
H40896 24932                    15362.000000 13414.0000  12.7%  50.5   93s
 41122 25515 13430.0000   38  335 15362.0000 13414.0000  12.7%  50.8   96s
 42863 26695 13514.0000   49  347 15362.0000 13414.0000  12.7%  51.6  101s
H43937 26804                    15360.000000 13414.0000  12.7%  51.8  102s
 45008 27360 13492.6038   78  359 15360.0000 13414.0000  12.7%  52.3  105s
H45098 27336                    15349.000000 13414.0000  12.6%  52.3  105s
H45163 27770                    15348.000000 13414.0000  12.6%  52.5  107s
H45371 27761                    15342.000000 13414.0000  12.6%  52.6  107s
H45866 27827                    15341.000000 13414.0000  12.6%  52.8  108s
 46000 28209 14700.7177   89  344 15341.0000 13414.0000  12.6%  53.1  110s
 47233 28598 13450.0000   38  309 15341.0000 13414.0000  12.6%  54.1  115s
 47995 28983 13421.0000   25  347 15341.0000 13414.0000  12.6%  55.1  121s
 48264 29292 13457.0000   43  323 15341.0000 13414.0000  12.6%  55.5  125s
H48526 29292                    15340.999961 13414.0000  12.6%  55.7  125s
 48821 29579 13437.4519   27  336 15341.0000 13414.0000  12.6%  56.4  130s
 49401 29991 13870.0000   44  363 15341.0000 13414.0000  12.6%  57.5  135s
 50121 30168 14869.0000   53  195 15341.0000 13414.0000  12.6%  58.4  140s
 51034 30908 13648.2500   41  340 15341.0000 13414.0000  12.6%  60.3  147s
 51629 30969 infeasible   53      15341.0000 13414.0000  12.6%  60.7  150s
H51846 27340                    14541.000000 13414.0000  7.75%  61.3  153s
 52028 27402     cutoff   56      14541.0000 13414.0000  7.75%  61.6  155s
 52901 27918 13473.9090   38  466 14541.0000 13414.0000  7.75%  63.6  162s
 53315 28074 infeasible   47      14541.0000 13414.0000  7.75%  64.5  165s
 54330 28617 14097.1475   59  307 14541.0000 13414.0000  7.75%  67.1  173s
 54829 29416 13417.4519   31  450 14541.0000 13414.0000  7.75%  68.3  178s
 56197 29525 infeasible   66      14541.0000 13414.0000  7.75%  69.6  182s
 56529 29633 14453.4519   50  238 14541.0000 13414.0000  7.75%  70.7  185s
 57303 30428 14389.7867   43  381 14541.0000 13414.0000  7.75%  73.0  193s
 58341 30597 14074.6249   50  208 14541.0000 13414.0000  7.75%  74.0  197s
 58718 30772 infeasible   59      14541.0000 13414.0000  7.75%  75.0  201s
 59169 31522 13479.0000   43  264 14541.0000 13414.0000  7.75%  75.9  205s
 60731 31770 13677.2860   42  151 14541.0000 13414.0000  7.75%  77.8  212s
H61044 31770                    14540.999978 13414.0000  7.75%  78.5  212s
 61110 31858 infeasible   41      14541.0000 13414.0000  7.75%  78.6  216s
 61418 31995 infeasible   57      14541.0000 13414.0000  7.75%  79.7  220s
 62359 32397 13417.5470   37  508 14541.0000 13414.0000  7.75%  81.8  228s
 62731 32468     cutoff   69      14541.0000 13414.0000  7.75%  82.8  230s
 62884 32709 13464.4519   30  485 14541.0000 13414.0000  7.75%  83.1  237s
 63575 32937 13676.4428   42  371 14541.0000 13414.0000  7.75%  85.0  244s
 64242 33146 13938.0590   32  278 14541.0000 13414.0302  7.75%  86.7  250s
 64902 33757 13617.3148   46  295 14541.0000 13414.1337  7.75%  88.2  257s
 66136 33915 13592.7471   38  452 14541.0000 13414.2970  7.75%  89.5  262s
 66616 34104 13464.7116   45  469 14541.0000 13414.5876  7.75%  90.4  268s
 67043 34381 13722.1939   31  393 14541.0000 13414.6941  7.75%  91.0  273s
 67687 34672 14453.7692   50  211 14541.0000 13415.0000  7.74%  92.2  278s
 68305 34955 13732.6939   39  501 14541.0000 13415.0000  7.74%  93.3  283s
 68875 35146 14483.1974   51  329 14541.0000 13415.2000  7.74%  94.1  288s
 69410 35461 13578.9315   38  348 14541.0000 13415.7502  7.74%  95.0  292s
 70248 35559 infeasible   41      14541.0000 13416.0000  7.74%  95.8  296s
 70586 35698 13530.8890   34  455 14541.0000 13416.0000  7.74%  96.5  300s
 70974 35998 14431.0000   45  291 14541.0000 13416.6736  7.73%  97.3  305s
 71648 36245 13433.4519   38  566 14541.0000 13417.4519  7.73%  98.1  311s
 72103 36506 13820.8878   41  416 14541.0000 13417.4519  7.73%  98.7  316s
 72576 36746 13421.4519   27  495 14541.0000 13417.4519  7.73%  99.4  321s
 73181 37314 infeasible   33      14541.0000 13417.4519  7.73%   101  332s
 74136 37548 13417.4519   30  583 14541.0000 13417.4519  7.73%   102  340s
 74692 37572 13583.1235   31  361 14541.0000 13417.4519  7.73%   102  349s
H74707 37572                    14540.999970 13417.4519  7.73%   102  349s
 74785 37832 13738.3478   36  302 14541.0000 13417.4519  7.73%   103  357s
 75494 38074 14327.6886   46  185 14541.0000 13417.4519  7.73%   104  364s
 76130 38372 13650.6646   29  410 14541.0000 13417.4519  7.73%   105  371s
 76768 38616 13486.1185   32  448 14541.0000 13417.4519  7.73%   105  377s
 77288 38927 13444.7610   29  501 14541.0000 13417.4519  7.73%   106  385s
 77933 39165 13579.6667   39  211 14541.0000 13417.4519  7.73%   107  392s
H78217 39165                    14540.999836 13417.4519  7.73%   107  392s
 78460 39453 13831.4519   41  419 14540.9998 13417.4519  7.73%   108  399s
 79159 39887 14117.0000   47  156 14540.9998 13417.7881  7.72%   109  407s
 80109 40073 14328.2049   42  452 14540.9998 13418.0000  7.72%   110  414s
 80620 40460 13439.1189   33  512 14540.9998 13418.2519  7.72%   110  420s
H81299 41181                    14540.999797 13418.4519  7.72%   111  427s
 82639 41415 13452.8488   40  378 14540.9998 13418.9439  7.72%   111  433s
 83102 41671 infeasible   40      14540.9998 13419.0000  7.72%   112  438s
 83672 41749 13569.8588   44  431 14540.9998 13419.0000  7.72%   113  441s
 83812 42134 13482.6447   49  276 14540.9998 13419.0000  7.72%   113  450s
 84724 42765 13440.3820   27  404 14540.9998 13419.9709  7.71%   114  455s
 85813 42927 13576.8545   35  364 14540.9998 13420.2864  7.71%   114  460s
 86287 43077 13994.4586   52  288 14540.9998 13420.8748  7.70%   115  465s
 86686 43249 13913.4312   41  426 14540.9998 13421.0000  7.70%   115  470s
 87111 43420 14385.1068   57  495 14540.9998 13421.1704  7.70%   116  475s
 87521 43628 13427.6757   29  638 14540.9998 13421.4519  7.70%   116  480s
 87981 44042 13613.7928   49  489 14540.9998 13421.4519  7.70%   117  485s
 88763 44233 13424.9037   33  322 14540.9998 13421.4519  7.70%   117  490s
 89163 44386 14196.0000   43  236 14540.9998 13421.5120  7.70%   117  495s
 89600 44775 13452.9037   34  518 14540.9998 13421.7500  7.70%   118  500s
 90819 45209     cutoff   53      14540.9998 13421.9037  7.70%   118  509s
 91506 45467 13464.3117   34  527 14540.9998 13422.5162  7.69%   119  513s
 91977 45696 13582.3521   56  349 14540.9998 13423.0000  7.69%   119  519s
 92486 46509 13490.9037   35  472 14540.9998 13423.5955  7.68%   120  526s
 93760 46729 13818.2798   28  386 14540.9998 13423.7263  7.68%   120  532s
 94168 46840 13424.8867   28  576 14540.9998 13423.7263  7.68%   120  535s
 94402 47243 14492.7558   48  254 14540.9998 13423.8019  7.68%   120  543s
 95279 47440 13430.9037   17  575 14540.9998 13424.0000  7.68%   121  549s
 95837 47547     cutoff   50      14540.9998 13424.0000  7.68%   122  557s
 96180 47715 13854.2784   46  309 14540.9998 13424.0000  7.68%   123  564s
 96764 48026 13567.0505   53  470 14540.9998 13424.0000  7.68%   123  571s
 97463 48270 infeasible   34      14540.9998 13424.0703  7.68%   124  578s
 98124 48656 13463.8154   30  519 14540.9998 13424.2329  7.68%   124  584s
 98941 48799     cutoff   52      14540.9998 13424.4519  7.68%   124  589s
 99019 48799 13543.1089   28  505 14540.9998 13424.4519  7.68%   125  590s
 99373 49019 13801.2160   47  369 14540.9998 13424.9037  7.68%   125  596s
 99835 49299 13436.9037   33  455 14540.9998 13424.9037  7.68%   125  601s
 100448 49702 13424.9037   36  393 14540.9998 13424.9037  7.68%   126  607s
 101233 49908 13436.9037   36  561 14540.9998 13424.9037  7.68%   126  612s
 101855 50097 13449.5612   18  392 14540.9998 13425.3409  7.67%   126  618s
 102339 50235 13434.3428   32  385 14540.9998 13425.9037  7.67%   127  623s
 102679 50422 13527.9037   25  323 14540.9998 13425.9037  7.67%   127  629s
 102976 50630 14221.0000   53  211 14540.9998 13425.9037  7.67%   127  634s
 103382 50761 13580.9037   31  281 14540.9998 13426.0000  7.67%   128  639s
 103779 50878 infeasible   34      14540.9998 13427.2222  7.66%   128  644s
 104097 51103 13518.2476   40  383 14540.9998 13427.4519  7.66%   129  650s
 104757 51441 13609.9790   45  513 14540.9998 13427.9295  7.65%   129  661s
 105333 51646 13522.8466   48  502 14540.9998 13428.0000  7.65%   130  668s
 105894 51849 13818.2822   46  291 14540.9998 13428.4367  7.65%   131  674s
 106416 52206 13484.9037   41  415 14540.9998 13429.3846  7.64%   131  683s
 107227 52795 13429.9037   30  334 14540.9998 13429.8000  7.64%   132  691s
H107443 52707                    14533.000000 13429.8000  7.59%   132  691s
H107988 52691                    14531.000000 13429.9037  7.58%   132  691s
 108276 52909 13444.1319   32  497 14531.0000 13429.9037  7.58%   132  699s
 108771 53168 13434.6090   45  592 14531.0000 13429.9037  7.58%   132  706s
 109346 53369 13571.9037   46  340 14531.0000 13429.9037  7.58%   133  713s
 109849 53420 14482.1057   52  270 14531.0000 13430.0000  7.58%   133  720s
 110219 53605 13438.7225   40  559 14531.0000 13430.0000  7.58%   134  727s
 110788 53704 13473.4829   39  431 14531.0000 13430.0000  7.58%   135  733s
 111163 53893 14231.1871   50  354 14531.0000 13430.0000  7.58%   135  740s
 111720 54117 infeasible   41      14531.0000 13430.4274  7.57%   136  746s
 112231 54496 13430.9037   19  554 14531.0000 13430.9037  7.57%   136  753s
 112875 54810 13430.9037   26  462 14531.0000 13430.9037  7.57%   136  761s
 113508 55131 14108.5083   37  356 14531.0000 13430.9037  7.57%   137  768s
 114107 55500 13437.6043   25  626 14531.0000 13430.9037  7.57%   137  776s
 114745 55772     cutoff   46      14531.0000 13430.9037  7.57%   138  784s
 115351 55912     cutoff   45      14531.0000 13430.9037  7.57%   138  789s
 115591 56313 13435.4642   25  612 14531.0000 13430.9037  7.57%   138  798s
 116352 56652 13430.9037   26  553 14531.0000 13430.9037  7.57%   139  810s
 117021 56955 13446.9037   25  516 14531.0000 13430.9037  7.57%   139  819s
 117642 57423 13527.0113   35  332 14531.0000 13430.9037  7.57%   140  829s
 118582 57845 13430.9037   29  510 14531.0000 13430.9037  7.57%   140  838s
 119352 58142 infeasible   39      14531.0000 13430.9037  7.57%   141  847s
 120004 58460 13446.9037   24  491 14531.0000 13430.9037  7.57%   141  855s
 120624 58769 13720.6773   25  534 14531.0000 13430.9037  7.57%   142  864s
 121277 59053 13446.9037   28  490 14531.0000 13430.9037  7.57%   142  873s
 121933 59391 13549.5620   38  532 14531.0000 13430.9037  7.57%   143  883s
 122592 59695 13532.0658   40  173 14531.0000 13430.9037  7.57%   143  891s
 123222 59980 14480.9114   31  335 14531.0000 13430.9037  7.57%   144  900s
 123818 60299 13927.1026   38  351 14531.0000 13430.9037  7.57%   144  909s
 124546 60492 13430.9037   33  412 14531.0000 13430.9037  7.57%   145  919s
 125071 60759 13646.2584   36  418 14531.0000 13430.9037  7.57%   145  929s
 125722 60892     cutoff   34      14531.0000 13430.9037  7.57%   145  933s
 126110 61101 13551.9850   41  520 14531.0000 13430.9037  7.57%   146  941s
 126693 61368 13507.8031   53  646 14531.0000 13430.9037  7.57%   146  949s
 127336 61660 13500.5568   29  417 14531.0000 13430.9037  7.57%   146  957s
 127883 61956 13622.3509   41  283 14531.0000 13430.9037  7.57%   147  965s
 128522 62261 14332.9037   32  326 14531.0000 13430.9037  7.57%   147  974s
 129219 62465 13478.7026   30  525 14531.0000 13430.9037  7.57%   148  981s
 129788 62870 13577.2759   40  604 14531.0000 13430.9037  7.57%   148  990s
 130575 63057 13494.4415   38  406 14531.0000 13430.9037  7.57%   148 1000s
 131047 63408 13614.7172   36  382 14531.0000 13430.9126  7.57%   149 1009s
 131815 63734 13513.1399   44  528 14531.0000 13430.9180  7.57%   149 1018s
 132470 63913 14094.9190   46  347 14531.0000 13430.9239  7.57%   149 1025s
 133029 64196 13431.0269   31  601 14531.0000 13431.0269  7.57%   150 1034s
 133721 64474 13456.2269   36  581 14531.0000 13431.0518  7.57%   150 1042s
 134410 64781 13435.6980   40  523 14531.0000 13431.3422  7.57%   150 1051s
 135057 65092 14163.0000   59  195 14531.0000 13431.4918  7.57%   151 1058s
 135795 65336 13455.1303   34  368 14531.0000 13431.7771  7.56%   151 1067s
 136303 65476 13441.9037   30  247 14531.0000 13431.7771  7.56%   151 1071s
 136609 65902 13431.7771   31  476 14531.0000 13431.7771  7.56%   151 1079s
 137347 66265     cutoff   51      14531.0000 13431.7771  7.56%   152 1086s
 138117 66442 14392.9037   39  284 14531.0000 13431.7771  7.56%   152 1093s
 138482 66738 13632.1156   57  199 14531.0000 13431.7771  7.56%   152 1099s
 139022 67020 13733.2071   45  271 14531.0000 13431.9037  7.56%   152 1105s
 139556 67244 infeasible   41      14531.0000 13431.9037  7.56%   152 1112s
 140015 67457 14142.4591   34  306 14531.0000 13431.9037  7.56%   153 1120s
 140446 67716 13447.9037   28  433 14531.0000 13431.9037  7.56%   153 1127s
 140949 67949 13431.9071   24  635 14531.0000 13431.9060  7.56%   153 1134s
 141503 68250 13479.2422   25  510 14531.0000 13431.9185  7.56%   154 1142s
 142151 68430 13444.4527   31  547 14531.0000 13431.9645  7.56%   154 1150s
 142613 68782     cutoff   34      14531.0000 13431.9691  7.56%   154 1158s
 143397 69039 infeasible   45      14531.0000 13432.4166  7.56%   154 1166s
 144068 69246     cutoff   59      14531.0000 13432.5523  7.56%   155 1175s
 144626 69455 13441.6385   33  481 14531.0000 13432.8906  7.56%   155 1183s
 145252 69717 14017.2105   33  428 14531.0000 13433.3354  7.55%   155 1192s
 145874 69989 13970.6224   40  477 14531.0000 13433.4519  7.55%   156 1200s
H146454 70162                    14530.999970 13433.4519  7.55%   156 1208s
 147016 70247 13458.0297   33  589 14531.0000 13433.4519  7.55%   156 1213s
 147350 70498 13738.2442   43  549 14531.0000 13433.4519  7.55%   157 1222s
 147943 70765     cutoff   45      14531.0000 13433.4519  7.55%   157 1232s
 148646 71032 13474.7852   34  290 14531.0000 13433.4519  7.55%   158 1243s
 149331 71246 13465.8085   38  448 14531.0000 13433.4519  7.55%   158 1254s
H149420 71246                    14530.999244 13433.4519  7.55%   158 1254s
 149867 71484 13923.5097   33  330 14530.9992 13433.4519  7.55%   158 1264s
 150545 71695 13445.7924   32  557 14530.9992 13433.4519  7.55%   159 1273s
H151129 72074                    14530.999195 13433.4519  7.55%   159 1285s
 152054 72527 13593.6294   46  364 14530.9992 13433.7599  7.55%   160 1295s

Cutting planes:
  Learned: 122
  Gomory: 167
  Cover: 2613
  Implied bound: 574
  Projected implied bound: 71
  Clique: 319
  MIR: 864
  StrongCG: 189
  Flow cover: 3266
  GUB cover: 21
  Inf proof: 33
  Zero half: 69
  Network: 43
  RLT: 116
  Relax-and-lift: 189

Explored 152955 nodes (24471391 simplex iterations) in 1295.77 seconds (2808.42 work units)
Thread count was 8 (of 8 available processors)

Solution count 10: 14531 14531 14531 ... 14541

Solve interrupted
Best objective 1.453099916132e+04, best bound 1.343390372940e+04, gap 7.5500%

User-callback calls 720682, time in user-callback 2.57 sec

Statistics for modelBBUP_O:
  Linear constraint matrix    : 14354 Constrs, 5774 Vars, 54453 NZs
  Variable types              : 1824 Continuous,
3950 Integer (691 Binary)
  Matrix coefficient range    : [ 1, 384 ]
  Objective coefficient range : [ 1, 384 ]
  Variable bound range        : [ 1, 199 ]
  RHS coefficient range       : [ 1, 15603.4 ]
