
Gurobi 10.0.1 (mac64[arm]) logging started Sun Apr  7 13:04:53 2024

Set parameter LogFile to value "/Users/deniserings/Documents/zib/s-bahn-data/scripts/DeniseMA/processed/BNB_BSNH_BSAL_BPHD/Branching/BNB_BSNH_BSAL_BPHD_other alternatives_subMBP202404071201.log"
Gurobi Optimizer version 10.0.1 build v10.0.1rc0 (mac64[arm])

CPU model: Apple M2
Thread count: 8 physical cores, 8 logical processors, using up to 8 threads

Optimize a model with 21186 rows, 8010 columns and 78794 nonzeros
Model fingerprint: 0x67968bb9
Variable types: 3685 continuous, 4325 integer (167 binary)
Coefficient statistics:
  Matrix range     [1e+00, 2e+02]
  Objective range  [1e+00, 4e+02]
  Bounds range     [1e+00, 2e+02]
  RHS range        [1e+00, 5e+02]

Loaded user MIP start with objective 24675

Presolve removed 10015 rows and 2995 columns
Presolve time: 2.48s
Presolved: 11171 rows, 5015 columns, 46352 nonzeros
Found heuristic solution: objective 24674.999985
Variable types: 1621 continuous, 3394 integer (3394 binary)

Root relaxation: objective 2.087600e+04, 3098 iterations, 0.04 seconds (0.04 work units)

    Nodes    |    Current Node    |     Objective Bounds      |     Work
 Expl Unexpl |  Obj  Depth IntInf | Incumbent    BestBd   Gap | It/Node Time

     0     0 20876.0000    0  214 24675.0000 20876.0000  15.4%     -    2s
H    0     0                    24674.999970 20876.9576  15.4%     -    2s
     0     0 20926.9081    0  569 24675.0000 20926.9081  15.2%     -    2s
     0     0 20926.9081    0  567 24675.0000 20926.9081  15.2%     -    3s
H    0     0                    24674.999891 20926.9081  15.2%     -    3s
     0     0 20928.9160    0  689 24674.9999 20928.9160  15.2%     -    3s
     0     0 21012.3828    0  609 24674.9999 21012.3828  14.8%     -    3s
     0     0 21013.1792    0  547 24674.9999 21013.1792  14.8%     -    3s
     0     0 21013.1792    0  532 24674.9999 21013.1792  14.8%     -    3s
     0     0 21013.1792    0  642 24674.9999 21013.1792  14.8%     -    3s
     0     0 21013.1792    0  694 24674.9999 21013.1792  14.8%     -    3s
     0     0 21013.1792    0  234 24674.9999 21013.1792  14.8%     -    4s
     0     0 21013.1792    0  345 24674.9999 21013.1792  14.8%     -    4s
     0     0 21013.5649    0  164 24674.9999 21013.5649  14.8%     -    4s
     0     0 21013.5649    0  370 24674.9999 21013.5649  14.8%     -    4s
     0     0 21013.5649    0  521 24674.9999 21013.5649  14.8%     -    4s
     0     0 21013.5649    0  489 24674.9999 21013.5649  14.8%     -    4s
H    0     0                    24674.999807 21013.5649  14.8%     -    5s
     0     0 21013.5649    0  177 24674.9998 21013.5649  14.8%     -    5s
     0     0 21013.5649    0  369 24674.9998 21013.5649  14.8%     -    5s
     0     0 21013.5649    0  165 24674.9998 21013.5649  14.8%     -    5s
     0     0 21013.5649    0  147 24674.9998 21013.5649  14.8%     -    5s
   562   398 21151.0000    2   70 24674.9998 21151.0000  14.3%  80.6   10s
H 1121   875                    24622.999889 21151.0000  14.1%  58.9   12s
H 1810  1273                    24621.999983 21151.0000  14.1%  44.6   12s
H 3348  1972                    24609.999904 21151.0000  14.1%  38.7   14s
  3526  2130 22899.2308   96   62 24609.9999 21151.0000  14.1%  38.9   15s
H 4193  1467                    23316.999858 21358.3515  8.40%  84.0   58s
H 5314  1628                    23316.999848 21358.3515  8.40%  74.3   59s
  5395  1657 21450.7751   73  278 23316.9998 21397.9696  8.23%  76.0   60s
H 6420  2107                    23316.999836 21397.9696  8.23%  73.6   63s
  7859  2635 infeasible  178      23316.9998 21397.9696  8.23%  67.8   65s
H 9480  3605                    23316.999673 21424.0548  8.12%  65.8   68s
 10957  4400     cutoff   56      23316.9997 21424.0548  8.12%  64.6   70s
H11505  4691                    23316.999666 21424.0548  8.12%  61.6   70s
 14657  6464     cutoff   28      23316.9997 21459.8204  7.96%  61.3   75s
 19155  9019 21799.2679   29   30 23316.9997 21487.2679  7.85%  59.3   80s
 23432 11119 infeasible   95      23316.9997 21531.6823  7.66%  57.2   85s
 29259 13736 22032.6000   89  407 23316.9997 21563.8936  7.52%  55.3   91s
 31336 14829 21602.8710   82  368 23316.9997 21564.9133  7.51%  55.9   95s
 34921 16497 21656.9977   30   96 23316.9997 21566.0720  7.51%  56.6  100s
 39078 19688 22804.6475   97  120 23316.9997 21566.8325  7.51%  55.5  112s
 43530 21479 22501.6055  121  185 23316.9997 21570.1760  7.49%  56.5  116s
 50088 23820 21796.7978   39   34 23316.9997 21580.7751  7.45%  56.4  120s
 54271 25765 21631.2240   82  214 23316.9997 21582.1079  7.44%  56.1  125s
 56708 27768 22888.0000  134   36 23316.9997 21583.2024  7.44%  56.6  130s
 59612 28646 21585.9765   24   29 23316.9997 21585.9765  7.42%  57.0  142s
 61637 28773     cutoff   58      23316.9997 21585.9765  7.42%  56.5  145s
 68084 28739 21601.9765   40   37 23316.9997 21585.9765  7.42%  55.0  150s
H69064 28640                    23316.999569 21585.9765  7.42%  54.4  150s
 69223 27914 21585.9765   79  413 23316.9996 21585.9765  7.42%  54.9  219s
 69225 27918 21585.9765   80  417 23316.9996 21585.9765  7.42%  54.9  220s
 69723 27378 22649.8336  110  190 23316.9996 21585.9765  7.42%  55.3  225s
 70367 27543 21676.5252   93  304 23316.9996 21585.9765  7.42%  55.8  230s
 70997 27727     cutoff   94      23316.9996 21585.9765  7.42%  56.6  235s
 72166 27875 22888.8695  126   13 23316.9996 21585.9765  7.42%  57.6  240s
 73350 28115 21846.8551   90  301 23316.9996 21585.9765  7.42%  58.5  245s
 74545 28346 infeasible   99      23316.9996 21585.9765  7.42%  59.5  251s
 75647 28559 22882.0000  119   57 23316.9996 21585.9765  7.42%  60.3  255s
 77137 29179 21721.6045   99  241 23316.9996 21585.9765  7.42%  60.9  260s
H78026 28883                    23316.999516 21585.9765  7.42%  61.0  260s
 83048 30062 21585.9765   37   54 23316.9995 21585.9765  7.42%  60.2  265s
 89761 30482 infeasible  102      23316.9995 21585.9765  7.42%  58.3  271s
 90602 30955 22841.7751  103  211 23316.9995 21585.9765  7.42%  58.9  275s
 91946 30831 21585.9765   96  368 23316.9995 21585.9765  7.42%  59.6  280s
 92646 30969 21693.4825  103  371 23316.9995 21585.9765  7.42%  60.3  285s
 94575 31128 22427.0000  104  171 23316.9995 21585.9765  7.42%  61.4  292s
 95088 31368 21792.5220   93  461 23316.9995 21585.9765  7.42%  61.7  296s
 96213 31428 22914.7452  100  268 23316.9995 21585.9765  7.42%  62.7  303s
 96596 31654 21825.2294   90  508 23316.9995 21585.9765  7.42%  63.0  307s
 97287 32145 22074.3597   94  321 23316.9995 21585.9765  7.42%  63.5  311s
 99220 31331     cutoff  110      23316.9995 21585.9765  7.42%  64.7  317s
 99861 31738 22825.1324  118  241 23316.9995 21586.3753  7.42%  65.1  320s
H101699 31417                    23316.999470 21589.7223  7.41%  66.0  323s
 102749 32089 21739.8487   51   34 23316.9995 21589.7223  7.41%  65.9  325s
 110187 33159 21623.7223   35   59 23316.9995 21589.7223  7.41%  63.6  330s
 117557 35384 21861.2326   94  521 23316.9995 21589.9888  7.41%  61.4  337s
 118165 35661 22936.0900  103  127 23316.9995 21590.2831  7.41%  61.9  342s
 119174 36455 22884.3741  104  200 23316.9995 21592.1525  7.40%  62.4  346s
 121999 36220 21712.0627  101  197 23316.9995 21595.5779  7.38%  63.1  351s
 123465 36492     cutoff   96      23316.9995 21596.4947  7.38%  63.6  357s
 123973 36769 21947.6253  101  348 23316.9995 21596.5916  7.38%  63.9  360s
 125484 37306 22932.7341  102  236 23316.9995 21598.6338  7.37%  64.4  365s
 127212 37729 infeasible   96      23316.9995 21600.9966  7.36%  65.2  374s
 128716 37653 21621.6694   92  513 23316.9995 21602.4267  7.35%  65.7  377s
 129544 38158 21652.0712   90  479 23316.9995 21603.6326  7.35%  65.9  381s
 131956 38766 21980.4273  107  135 23316.9995 21604.5277  7.34%  66.2  387s
 136491 40062 21929.0697   55   30 23316.9995 21604.8432  7.34%  65.8  390s
 143567 43128     cutoff   44      23316.9995 21604.8432  7.34%  64.2  395s
 151052 46570 21855.7793   47   34 23316.9995 21604.8432  7.34%  63.3  400s
 154061 48056 22917.5153  113  148 23316.9995 21605.1750  7.34%  63.1  407s
 155783 48063 22071.5769  119  195 23316.9995 21605.6393  7.34%  63.5  412s
 157091 48851 22859.0000  121   53 23316.9995 21606.4131  7.34%  63.7  417s
 159104 48950 22971.7324   97  317 23316.9995 21607.7103  7.33%  63.9  421s
 161033 49617     cutoff  101      23316.9995 21609.3388  7.32%  64.1  426s
 162952 50687     cutoff  111      23316.9995 21609.7324  7.32%  64.4  431s
 163918 51556 22867.0000  125   30 23316.9995 21611.0114  7.32%  64.6  435s
 165328 52540 21676.9812   99  231 23316.9995 21611.9824  7.31%  64.9  440s
 167741 53580 22214.9675   89  433 23316.9995 21613.1803  7.31%  65.3  446s
 169212 54519 21756.4446  109  168 23316.9995 21614.5386  7.30%  65.6  450s
 171026 55409 22516.7200  108  236 23316.9995 21615.3028  7.30%  65.9  455s
 173939 57130 21759.6483   50   53 23316.9995 21617.2929  7.29%  66.2  460s
 181288 60029 21917.4319   48   81 23316.9995 21617.2929  7.29%  65.2  465s
 189826 62831 21793.5220   53   42 23316.9995 21617.2929  7.29%  64.0  470s
 198674 65946 21887.2929   44   27 23316.9995 21617.2929  7.29%  62.8  475s
 201180 67376     cutoff  100      23316.9995 21617.6732  7.29%  62.8  482s
 202504 67792 21792.8880   94  454 23316.9995 21618.3396  7.29%  63.0  485s
 204174 69132 21682.3348  111  278 23316.9995 21619.2459  7.28%  63.2  490s
 206920 70256 21967.9333  110  145 23316.9995 21621.4205  7.27%  63.5  496s
 208576 70915 21792.4229   94  465 23316.9995 21622.5556  7.27%  63.7  500s
 210653 72205 21713.7562  108  316 23316.9995 21623.9155  7.26%  64.1  506s
 212389 73274     cutoff  111      23316.9995 21625.0634  7.26%  64.3  511s
 213965 74198 22948.8615  103  277 23316.9995 21626.0398  7.25%  64.5  515s
 216760 75505 21786.5683  122  352 23316.9995 21627.1881  7.25%  64.7  522s
 218136 76611 22474.5840  112  203 23316.9995 21627.5362  7.25%  64.9  526s
 220010 77173 21767.0000  102  217 23316.9995 21629.2735  7.24%  65.1  530s
 222076 78574 21859.8397  101  548 23316.9995 21629.8491  7.24%  65.2  536s
 223532 79471 22557.3819   99  250 23316.9995 21630.6784  7.23%  65.4  540s
 225842 80602 21932.3704  102  150 23316.9995 21631.7277  7.23%  65.6  546s
 231206 83212 21840.2788   52   54 23316.9995 21632.2224  7.23%  65.4  550s
 237445 85767     cutoff   73      23316.9995 21632.2224  7.23%  64.9  555s
 243023 88034     cutoff   64      23316.9995 21632.2224  7.23%  64.4  560s
 249383 90753     cutoff   38      23316.9995 21632.2224  7.23%  63.8  565s
 256375 92985 21943.6804   54   32 23316.9995 21632.3383  7.23%  63.3  570s
 260108 94083 infeasible  110      23316.9995 21632.5778  7.22%  62.9  575s
 260694 94759     cutoff   96      23316.9995 21633.0658  7.22%  63.1  580s
 261867 95576 22933.7155  110   90 23316.9995 21633.6778  7.22%  63.3  585s
 263975 96367 22904.3555  133   33 23316.9995 21634.7621  7.21%  63.5  592s
 264705 96928     cutoff   94      23316.9995 21635.0255  7.21%  63.6  596s
 265662 97359 22100.2216  110  337 23316.9995 21635.8740  7.21%  63.7  601s
 266423 97802 22184.0978   99  208 23316.9995 21636.1213  7.21%  63.8  605s
 267986 98731 infeasible  113      23316.9995 21636.8515  7.21%  64.1  612s
 269195 99082 22819.8518  104  283 23316.9995 21637.4065  7.20%  64.2  616s
 270603 100220 infeasible  105      23316.9995 21638.0820  7.20%  64.3  622s
 271820 100541 22868.3555  109  103 23316.9995 21638.6198  7.20%  64.5  625s
 273121 101818     cutoff  117      23316.9995 21639.2812  7.20%  64.6  631s
 275282 102553 21716.4977  104  190 23316.9995 21639.9114  7.19%  64.7  636s
 276701 103272 22837.3555  101  167 23316.9995 21640.6600  7.19%  64.9  641s
 278211 104207 21946.0065  106  344 23316.9995 21641.3197  7.19%  65.1  646s
 279866 104983 22179.2472   91  352 23316.9995 21641.6634  7.19%  65.3  651s
 281629 105727 21792.0697  102  256 23316.9995 21642.3318  7.18%  65.5  656s

Cutting planes:
  Learned: 216
  Gomory: 24
  Cover: 233
  Implied bound: 63
  Clique: 237
  MIR: 133
  StrongCG: 14
  GUB cover: 6
  Zero half: 1
  RLT: 10
  Relax-and-lift: 47

Explored 283238 nodes (18615459 simplex iterations) in 660.77 seconds (669.69 work units)
Thread count was 8 (of 8 available processors)

Solution count 10: 23317 23317 23317 ... 24610

Solve interrupted
Best objective 2.331699946997e+04, best bound 2.164292765698e+04, gap 7.1796%

User-callback calls 567415, time in user-callback 1.24 sec

Statistics for modelBNB_BSNH_BSAL_BPHD:
  Linear constraint matrix    : 21186 Constrs, 8010 Vars, 78794 NZs
  Variable types              : 3685 Continuous,
4325 Integer (167 Binary)
  Matrix coefficient range    : [ 1, 200 ]
  Objective coefficient range : [ 1, 382 ]
  Variable bound range        : [ 1, 199 ]
  RHS coefficient range       : [ 1, 549 ]
