
Gurobi 10.0.1 (linux64) logging started Fri Mar 29 22:33:24 2024

Set parameter LogFile to value "/data/optimi/optimi/kombadon/drings/SBahn/s-bahn-data/scripts/DeniseMA/processed/BWKS_medium_september/RENS/BWKS_medium_september_subMBP_slack_0.6_202403291815.log"
Gurobi Optimizer version 10.0.1 build v10.0.1rc0 (linux64)

CPU model: Intel(R) Xeon(R) CPU E3-1270 v6 @ 3.80GHz, instruction set [SSE2|AVX|AVX2]
Thread count: 4 physical cores, 8 logical processors, using up to 8 threads

Optimize a model with 9845 rows, 4887 columns and 48723 nonzeros
Model fingerprint: 0x58c220cc
Variable types: 1358 continuous, 3529 integer (1331 binary)
Coefficient statistics:
  Matrix range     [1e+00, 2e+02]
  Objective range  [1e+00, 4e+02]
  Bounds range     [1e+00, 2e+02]
  RHS range        [1e+00, 5e+02]
Presolve removed 3586 rows and 908 columns
Presolve time: 0.13s
Presolved: 6259 rows, 3979 columns, 40683 nonzeros
Variable types: 867 continuous, 3112 integer (3112 binary)

Root relaxation: objective 8.158000e+03, 2250 iterations, 0.06 seconds (0.11 work units)

    Nodes    |    Current Node    |     Objective Bounds      |     Work
 Expl Unexpl |  Obj  Depth IntInf | Incumbent    BestBd   Gap | It/Node Time

     0     0 8158.00000    0  190          - 8158.00000      -     -    0s
H    0     0                    11149.000000 8158.00000  26.8%     -    0s
     0     0 8159.71033    0  310 11149.0000 8159.71033  26.8%     -    0s
     0     0 8159.71033    0  274 11149.0000 8159.71033  26.8%     -    0s
     0     0 8170.55771    0  307 11149.0000 8170.55771  26.7%     -    0s
     0     0 8170.81469    0  314 11149.0000 8170.81469  26.7%     -    0s
     0     0 8170.81469    0  296 11149.0000 8170.81469  26.7%     -    0s
     0     0 8170.82351    0  310 11149.0000 8170.82351  26.7%     -    1s
     0     0 8170.83333    0  300 11149.0000 8170.83333  26.7%     -    1s
     0     0 8170.84382    0  310 11149.0000 8170.84382  26.7%     -    1s
     0     0 8170.84382    0  311 11149.0000 8170.84382  26.7%     -    1s
H    0     0                    10710.000000 8170.84382  23.7%     -    1s
     0     0 8174.50000    0  334 10710.0000 8174.50000  23.7%     -    1s
     0     0 8174.50000    0  331 10710.0000 8174.50000  23.7%     -    1s
     0     0 8174.50000    0  325 10710.0000 8174.50000  23.7%     -    1s
     0     0 8174.50000    0  330 10710.0000 8174.50000  23.7%     -    1s
H    0     0                    10058.000000 8174.50000  18.7%     -    1s
     0     0 8174.50000    0  207 10058.0000 8174.50000  18.7%     -    2s
     0     0 8174.50000    0  238 10058.0000 8174.50000  18.7%     -    2s
H    0     0                    10046.000000 8174.50000  18.6%     -    2s
     0     0 8174.50000    0  183 10046.0000 8174.50000  18.6%     -    2s
     0     0 8174.50000    0  228 10046.0000 8174.50000  18.6%     -    2s
     0     0 8174.50000    0  178 10046.0000 8174.50000  18.6%     -    3s
     0     0 8174.50000    0  212 10046.0000 8174.50000  18.6%     -    3s
     0     0 8174.50000    0  169 10046.0000 8174.50000  18.6%     -    3s
     0     0 8174.50000    0  176 10046.0000 8174.50000  18.6%     -    3s
     0     0 8174.50000    0  165 10046.0000 8174.50000  18.6%     -    3s
     0     0 8174.50000    0  185 10046.0000 8174.50000  18.6%     -    3s
H    0     0                    9984.0000000 8174.50000  18.1%     -    3s
     0     0 8174.50000    0  195 9984.00000 8174.50000  18.1%     -    3s
     0     0 8174.50000    0  180 9984.00000 8174.50000  18.1%     -    4s
     0     2 8174.50000    0  158 9984.00000 8174.50000  18.1%     -    4s
H  102   102                    9979.0000000 8174.50000  18.1%  49.8    4s
H  171   172                    9972.0000000 8174.50000  18.0%  40.6    4s
   206   200 8450.00000   31  119 9972.00000 8174.50000  18.0%  38.3    5s
H  208   200                    9918.0000000 8174.50000  17.6%  38.0    5s
H  264   266                    9903.0000000 8174.50000  17.5%  34.5    5s
H  368   352                    9894.0000000 8174.50000  17.4%  29.5    5s
H  432   383                    9887.0000000 8174.50000  17.3%  28.7    6s
H  659   588                    9883.0000000 8174.50000  17.3%  29.6    6s
  1162  1032 8424.96450   38  257 9883.00000 8180.00000  17.2%  24.5   10s
H 1164   982                    9127.0000000 8182.18563  10.4%  24.5   11s
H 1172   937                    9125.0000000 8190.63356  10.2%  24.3   12s
H 1172   890                    9104.0000000 8190.63356  10.0%  24.3   12s
H 1172   845                    9098.0000000 8190.63356  10.0%  24.3   12s
  1184   853 8315.00000   13  179 9098.00000 8197.99709  9.89%  24.1   15s
H 1190   814                    9088.0000000 8198.64050  9.79%  24.0   15s
H 1213   786                    8889.0000000 8205.51618  7.69%  23.5   19s
H 1213   746                    8862.0000000 8205.51618  7.41%  23.5   19s
  1216   748 8315.00000   15  137 8862.00000 8206.01250  7.40%  23.4   20s
H 1216   709                    8861.0000000 8206.01250  7.39%  23.4   20s
H 1219   675                    8851.0000000 8206.01250  7.29%  23.4   20s
  1242   692 8315.00000   11  208 8851.00000 8218.53750  7.15%  68.1   25s
H 1259   667                    8849.0000000 8228.55560  7.01%  67.2   28s
H 1267   638                    8844.0000000 8228.97989  6.95%  66.8   29s
H 1269   607                    8839.0000000 8230.22663  6.89%  66.7   29s
  1273   610 8829.00000   61  178 8839.00000 8231.41510  6.87%  66.5   30s
H 1273   579                    8818.0000000 8231.41510  6.65%  66.5   30s
H 1274   549                    8793.0000000 8231.41510  6.39%  66.4   30s
  1306   572 8793.00000   73  124 8793.00000 8233.68687  6.36%  98.1   35s
  1336   592 8745.00000   32  149 8793.00000 8235.43047  6.34%  95.9   40s
  1365   613 8630.00000   35  196 8793.00000 8237.55481  6.32%   125   45s
  1402   637 8315.00000   10  140 8793.00000 8242.27861  6.26%   122   50s
  1429   657 8793.00000   72  192 8793.00000 8242.44432  6.26%   154   55s
  1469   685 8793.00000   70  273 8793.00000 8265.06144  6.00%   178   60s
  1489   699 8756.00000  115  203 8793.00000 8286.37173  5.76%   176   65s
  1517   719 8564.00000   66  212 8793.00000 8286.44612  5.76%   193   70s
H 1716   792                    8776.0000000 8287.54871  5.57%   192   73s
  1887   891 8598.00000  128   71 8776.00000 8287.54871  5.57%   178   75s
  4525  2493 8680.00000  171   57 8776.00000 8385.02808  4.46%  93.5   80s
  9146  6359 8565.00000  128  121 8776.00000 8394.91781  4.34%  61.2   85s
 13004  9459 8485.81818  165  106 8776.00000 8395.38936  4.34%  52.4   90s
 17276 12653 8584.00000  164  126 8776.00000 8400.91781  4.27%  47.0   95s
 20678 14915 8617.00000  138  180 8776.00000 8404.91781  4.23%  45.0  112s
 20692 14924 8482.12371  109  294 8776.00000 8404.91781  4.23%  45.0  115s
 20695 14926 8466.00000   96  236 8776.00000 8404.91781  4.23%  45.0  121s
 20698 14928 8576.88889  139  177 8776.00000 8404.91781  4.23%  44.9  125s
 20703 14932 8525.00000  122  210 8776.00000 8404.91781  4.23%  44.9  130s
 20706 14934 8708.00000  141  143 8776.00000 8404.91781  4.23%  44.9  136s
 20709 14936 8691.00000  182  209 8776.00000 8404.91781  4.23%  44.9  140s
H20709 14188                    8771.0000000 8404.91781  4.17%  44.9  141s
 20713 14190 8673.00000  137  136 8771.00000 8404.91781  4.17%  44.9  145s
 20718 14194 8643.61111  159  237 8771.00000 8404.91781  4.17%  44.9  150s
 20723 14197 8680.00000  159  210 8771.00000 8404.91781  4.17%  44.9  156s
 20727 14200 8472.00000  116  188 8771.00000 8404.91781  4.17%  44.9  160s
 20747 14213 8739.00000  163  196 8771.00000 8404.91781  4.17%  44.8  165s
 21106 14429 8512.89926  111  158 8771.00000 8404.91781  4.17%  47.6  170s
 23268 15574 8615.00897  127  112 8771.00000 8404.91781  4.17%  46.3  175s
 27143 17054 8743.00000  147   28 8771.00000 8404.91781  4.17%  44.0  180s
 30951 18923 8572.00000  153   93 8771.00000 8404.91781  4.17%  42.4  185s
 33901 19917 8472.25362  121  100 8771.00000 8404.91781  4.17%  41.4  190s
 37851 21249 8672.00000  164   66 8771.00000 8404.91781  4.17%  40.7  195s
 41406 22438 8458.03835  123  142 8771.00000 8404.91781  4.17%  40.1  200s
 45716 24153 8548.48716  112  114 8771.00000 8404.91781  4.17%  39.3  205s
 49743 25730 8415.00000  117  116 8771.00000 8404.91781  4.17%  38.8  210s
 53377 27105 8464.23301  111  153 8771.00000 8404.91781  4.17%  38.2  215s
 57848 29051 8464.00253  114  134 8771.00000 8404.91781  4.17%  37.7  220s
 62553 31003 8736.00000  190   60 8771.00000 8404.91781  4.17%  37.1  225s
 66525 33157 8404.91781  119  184 8771.00000 8404.91781  4.17%  36.8  230s
 71195 36347 8611.04203  131  108 8771.00000 8404.91781  4.17%  36.2  235s
 75188 39547 8437.82675  129  102 8771.00000 8404.91781  4.17%  35.7  240s
 80267 42520 8529.96497  148  169 8771.00000 8404.91781  4.17%  35.3  245s
 84837 45880 8470.01128  141  180 8771.00000 8404.91781  4.17%  35.1  250s
 89743 49535 8630.21071  140   62 8771.00000 8404.91781  4.17%  34.8  255s
 93975 52573 8404.91781  109  131 8771.00000 8404.91781  4.17%  34.5  260s
 98606 55813 8480.91781  110  124 8771.00000 8404.91781  4.17%  34.4  265s
H102074 57633                    8766.0000000 8404.91781  4.12%  34.2  269s
 102315 57772 8730.24682  160  142 8766.00000 8404.91781  4.12%  34.2  270s
 106657 61122 8693.91781  167   58 8766.00000 8404.91781  4.12%  33.9  275s
 110390 63962 8650.91781  170   55 8766.00000 8404.91781  4.12%  33.7  280s
 115277 67554 8472.00914  122  130 8766.00000 8404.91781  4.12%  33.5  285s
 120831 70852 8639.00914  153  105 8766.00000 8404.91781  4.12%  33.2  290s
 126036 74871 8547.62201  138  116 8766.00000 8404.91781  4.12%  32.9  295s
 130551 77374 8560.15118  154  131 8766.00000 8404.91781  4.12%  32.7  300s
 135229 80638 8472.02150  122  109 8766.00000 8404.91781  4.12%  32.6  305s
 139970 83626 8605.15145  142  141 8766.00000 8404.91781  4.12%  32.6  310s
 144643 86818 8507.55556  138   79 8766.00000 8404.91781  4.12%  32.4  315s
 149492 90113 8530.02867  130  133 8766.00000 8404.91781  4.12%  32.3  320s
 153115 92510 8417.68295  122  151 8766.00000 8404.91781  4.12%  32.3  325s
 158047 95609 8737.94353  142  135 8766.00000 8404.91781  4.12%  32.1  330s
 161155 97963 8539.41264  143  112 8766.00000 8404.91781  4.12%  32.3  335s
 165964 101226 8495.01161  128  112 8766.00000 8404.91781  4.12%  32.2  340s
H168241 101522                    8761.0000000 8404.91781  4.06%  32.1  343s
 168878 102364     cutoff  139      8761.00000 8404.91781  4.06%  32.2  346s
 173419 105088 infeasible  125      8761.00000 8404.91781  4.06%  32.1  350s
 177271 107736 8472.00000  116  120 8761.00000 8404.91781  4.06%  32.0  355s
 181614 110825 8522.01917  158  148 8761.00000 8404.91781  4.06%  32.1  360s
 186563 113964 8655.08687  185   74 8761.00000 8404.91781  4.06%  31.9  365s
 190793 116902 8720.00276  184   73 8761.00000 8404.91781  4.06%  31.9  370s
 195431 120168 8582.00000  129   70 8761.00000 8404.91781  4.06%  31.8  375s
 199619 123151 8586.34538  124  153 8761.00000 8404.91781  4.06%  31.8  380s
 203871 126220 8625.39623  203   81 8761.00000 8404.91781  4.06%  31.8  385s
 208022 128599     cutoff  187      8761.00000 8404.91781  4.06%  31.8  390s
 212430 131685     cutoff  147      8761.00000 8404.91781  4.06%  31.8  395s
 216735 134633 8544.83333  129  144 8761.00000 8404.91781  4.06%  31.8  400s
 220489 137457 8524.00000  140  135 8761.00000 8404.91781  4.06%  31.9  405s
 224698 140012 8687.00874  160   94 8761.00000 8404.91781  4.06%  31.8  410s
 228521 142543 8404.91781  127  160 8761.00000 8404.91781  4.06%  31.9  415s
 232353 145137 8404.91781  121  122 8761.00000 8404.91781  4.06%  31.8  420s
 236450 148277 8470.00253  126   97 8761.00000 8404.91781  4.06%  31.9  425s
 240414 151132 8619.35653  135   96 8761.00000 8404.91781  4.06%  31.9  430s
 244043 153659 8555.01161  120  130 8761.00000 8404.91781  4.06%  31.9  435s
 248023 156354     cutoff  141      8761.00000 8404.91781  4.06%  31.9  440s
 251582 159603 8628.07175  134   72 8761.00000 8404.91781  4.06%  31.9  446s
 255737 161702 8621.82601  166   55 8761.00000 8404.91781  4.06%  32.0  450s
 259423 164164 8707.08151  143   88 8761.00000 8404.91781  4.06%  32.0  455s
 263479 166589 8464.04954  129  131 8761.00000 8404.91781  4.06%  32.1  460s
 267692 169350 8709.00000  145   63 8761.00000 8404.91781  4.06%  32.1  465s
 270836 171477 8603.43297  155  141 8761.00000 8404.91781  4.06%  32.2  470s
 274682 174328 8537.38936  124  124 8761.00000 8404.91781  4.06%  32.2  475s
 278954 177065 8558.01161  127  111 8761.00000 8404.91781  4.06%  32.3  480s
 282743 179388 8482.13333  127  116 8761.00000 8404.91781  4.06%  32.4  485s
 285429 181630 8549.93698  146   78 8761.00000 8404.91781  4.06%  32.4  490s
 289530 184322 8486.65498  140  101 8761.00000 8404.91781  4.06%  32.5  495s
 294623 187763 8629.00000  140   59 8761.00000 8404.91781  4.06%  32.5  500s
 298677 190566 8429.00000  130  107 8761.00000 8404.91781  4.06%  32.5  505s
 303311 193827 8453.38936  115  143 8761.00000 8404.91781  4.06%  32.5  510s
 307373 196634 8603.00000  148   83 8761.00000 8404.91781  4.06%  32.4  515s
 312032 200013 8472.00000  124  108 8761.00000 8404.91781  4.06%  32.5  520s
 316190 202585 8682.32274  170   98 8761.00000 8404.91781  4.06%  32.4  525s
 320552 205538 8472.00000  130  105 8761.00000 8404.91781  4.06%  32.5  530s
 324332 208184 8520.52656  136   71 8761.00000 8404.91781  4.06%  32.5  535s
 327289 210207 8478.00000  129   82 8761.00000 8404.91781  4.06%  32.5  540s
 330770 212546 8545.30435  137   69 8761.00000 8404.91781  4.06%  32.5  545s
 335141 215659 8689.73833  167   55 8761.00000 8404.91781  4.06%  32.5  550s
 338770 218153 8661.00000  171   70 8761.00000 8404.91781  4.06%  32.5  555s
 342854 220899 8699.00000  153   61 8761.00000 8404.91781  4.06%  32.6  560s
 346600 223137 8486.00000  134   74 8761.00000 8404.91781  4.06%  32.6  565s
 350326 225801 8472.00000  125  112 8761.00000 8404.91781  4.06%  32.6  570s
 353719 228127 8495.84615  128   94 8761.00000 8404.91781  4.06%  32.7  575s
 357786 230883 8472.00000  121  133 8761.00000 8404.91781  4.06%  32.7  580s
 361793 233631 8570.05312  137   68 8761.00000 8404.91781  4.06%  32.7  585s
 366020 236463 8614.00000  147   62 8761.00000 8404.91781  4.06%  32.7  590s
 369549 239051 8614.15468  121  101 8761.00000 8404.91781  4.06%  32.7  595s
 373941 241806     cutoff  132      8761.00000 8404.91781  4.06%  32.8  600s
 377843 244492     cutoff  140      8761.00000 8404.91781  4.06%  32.8  605s
 382320 247502 8718.01161  177  120 8761.00000 8404.91781  4.06%  32.8  610s
 387103 250761 8560.46064  132  132 8761.00000 8404.91781  4.06%  32.7  615s
 390102 253018 8669.21199  176   98 8761.00000 8404.91781  4.06%  32.8  620s
 394306 255824 8518.00000  129   85 8761.00000 8404.91781  4.06%  32.8  625s
 398453 258309 8542.44380  138  151 8761.00000 8404.91781  4.06%  32.8  630s
 402038 260708 8553.21646  130   54 8761.00000 8404.91781  4.06%  32.8  635s
 406221 263321 infeasible  151      8761.00000 8404.91781  4.06%  32.9  640s
 410072 265814 8550.00253  120  118 8761.00000 8404.91781  4.06%  32.9  645s
 414505 269080 8569.62892  128  122 8761.00000 8404.91781  4.06%  32.9  650s
 418923 271961 8725.00000  173   29 8761.00000 8404.91781  4.06%  32.8  655s
 422465 274321 8500.74074  155   87 8761.00000 8404.91781  4.06%  32.8  660s
 426675 276751     cutoff  166      8761.00000 8404.91781  4.06%  32.9  665s
 430278 279477 8564.23301  128  129 8761.00000 8404.91781  4.06%  32.9  670s
 434492 282213 infeasible  150      8761.00000 8404.91781  4.06%  32.9  675s
 437782 284381 8504.01917  124  101 8761.00000 8404.91781  4.06%  32.9  680s
 441724 286968 8524.00000  133   88 8761.00000 8404.91781  4.06%  32.9  685s
 445552 289646 8556.91781  132   63 8761.00000 8404.91781  4.06%  32.9  690s
 449699 292197 8708.00000  142   68 8761.00000 8404.91781  4.06%  32.9  695s
 453421 294748 infeasible  155      8761.00000 8404.91781  4.06%  32.9  700s
 457982 297796 8463.91781  117  119 8761.00000 8404.91781  4.06%  32.9  705s
 462336 300516     cutoff  116      8761.00000 8404.91781  4.06%  32.9  710s
 466288 303427 8416.00000  123  150 8761.00000 8404.91781  4.06%  32.9  715s
 469805 305620 8542.22404  146  120 8761.00000 8404.91781  4.06%  32.9  720s
 474298 308589 8755.85750  158   79 8761.00000 8404.91781  4.06%  32.9  725s
 479058 311597 8409.02081  118  144 8761.00000 8404.91781  4.06%  32.9  730s
 482841 314096 8480.54895  117  129 8761.00000 8404.91781  4.06%  32.9  735s
 486612 316511     cutoff  168      8761.00000 8404.91781  4.06%  32.9  740s
 490563 319293 8560.00000  154   61 8761.00000 8404.91781  4.06%  32.9  745s
 494280 321728 8673.85831  161   95 8761.00000 8404.91781  4.06%  32.9  750s
 498968 324699 8511.97766  130   90 8761.00000 8404.91781  4.06%  32.9  755s
 502141 327108 8574.00000  139  124 8761.00000 8404.91781  4.06%  32.9  760s
 506721 329873 8603.98261  122   99 8761.00000 8404.91781  4.06%  32.9  765s
 510595 331953 8491.39328  150  164 8761.00000 8404.91781  4.06%  33.0  770s
H513630 333603                    8760.9999988 8404.91781  4.06%  33.0  774s
 513632 333798 8713.58873  167  119 8761.00000 8404.91781  4.06%  33.0  775s
 516751 336016 8624.00000  137  140 8761.00000 8404.91781  4.06%  33.0  780s
 521710 339112 8596.71402  141  127 8761.00000 8404.91781  4.06%  33.0  785s
 525343 341391 8466.57465  120  133 8761.00000 8404.91781  4.06%  33.0  790s
 529437 344078 8615.08086  129   95 8761.00000 8404.91781  4.06%  33.0  795s
 533255 346578 8518.04853  143   83 8761.00000 8404.91781  4.06%  33.0  800s
 537479 349269 8529.15138  171  134 8761.00000 8404.91781  4.06%  33.0  805s
 541507 351762 8530.00000  143   58 8761.00000 8404.91781  4.06%  33.1  810s
 546023 354525 8487.67954  128  101 8761.00000 8404.91781  4.06%  33.1  815s
 549771 357309 8711.68675  183   86 8761.00000 8404.91781  4.06%  33.1  820s
 553524 359958 8666.22222  162  137 8761.00000 8404.91781  4.06%  33.1  825s
 558006 362961 8733.95392  193   59 8761.00000 8404.91781  4.06%  33.1  830s
 561855 365321 8707.00000  175   44 8761.00000 8404.91781  4.06%  33.1  835s
 566293 368214 infeasible  190      8761.00000 8404.91781  4.06%  33.1  840s
 569984 370651 8667.56757  144   74 8761.00000 8404.93389  4.06%  33.1  845s
 574020 373147 8574.83935  140  123 8761.00000 8404.98191  4.06%  33.1  850s
H575547 373915                    8760.9999976 8405.06410  4.06%  33.1  852s
 577646 375542     cutoff  172      8761.00000 8405.23031  4.06%  33.1  855s
 580635 377268 8568.00000  137  120 8761.00000 8405.38936  4.06%  33.1  861s
 583179 378790 8619.20663  141  105 8761.00000 8405.66682  4.06%  33.1  865s
 587495 381709     cutoff  141      8761.00000 8406.00253  4.05%  33.1  870s
 591087 384106 8464.06663  137  125 8761.00000 8406.12703  4.05%  33.1  875s
 595769 387044 8501.88235  149  112 8761.00000 8406.30275  4.05%  33.1  880s
 599587 390128 8534.00000  127  110 8761.00000 8406.36386  4.05%  33.2  885s
 603618 392644 8687.00589  137   93 8761.00000 8406.82954  4.04%  33.2  890s
 608040 395621 8665.00000  169   29 8761.00000 8406.91781  4.04%  33.2  895s
 612332 398504 8643.00000  145   55 8761.00000 8406.91781  4.04%  33.2  900s
 616300 401560 8478.00000  143   74 8761.00000 8406.91781  4.04%  33.2  905s
 619804 403815 8499.74569  123  105 8761.00000 8406.91781  4.04%  33.2  910s
 624057 406998 8734.92241  169  108 8761.00000 8406.91781  4.04%  33.2  915s
 628361 410032 8500.09076  132  113 8761.00000 8406.91781  4.04%  33.2  920s
 632432 413099 8415.00000  117  104 8761.00000 8406.91781  4.04%  33.2  925s
 636645 416232 8484.62983  141  102 8761.00000 8406.91781  4.04%  33.2  930s
 639683 417823 8716.00000  159   68 8761.00000 8406.91781  4.04%  33.2  935s
 643855 420835 8500.00000  132   94 8761.00000 8406.91781  4.04%  33.2  940s

Cutting planes:
  Learned: 250
  Gomory: 62
  Cover: 537
  Implied bound: 77
  Projected implied bound: 3
  Clique: 9
  MIR: 442
  StrongCG: 26
  Flow cover: 1505
  GUB cover: 20
  Inf proof: 7
  Zero half: 123
  Network: 5
  RLT: 131
  Relax-and-lift: 31

Explored 647494 nodes (21517958 simplex iterations) in 944.10 seconds (1290.06 work units)
Thread count was 8 (of 8 available processors)

Solution count 10: 8761 8761 8761 ... 8844

Solve interrupted
Best objective 8.760999997622e+03, best bound 8.407000000000e+03, gap 4.0406%

User-callback calls 1551434, time in user-callback 3.62 sec

Statistics for modelBWKS_medium_september:
  Linear constraint matrix    : 9845 Constrs, 4887 Vars, 48723 NZs
  Variable types              : 1358 Continuous,
3529 Integer (1331 Binary)
  Matrix coefficient range    : [ 1, 200 ]
  Objective coefficient range : [ 1, 396 ]
  Variable bound range        : [ 1, 199 ]
  RHS coefficient range       : [ 1, 549 ]
