
Gurobi 10.0.1 (linux64) logging started Fri Mar 29 22:19:43 2024

Set parameter LogFile to value "/data/optimi/optimi/kombadon/drings/SBahn/s-bahn-data/scripts/DeniseMA/processed/BWKS_medium_september/RENS/BWKS_medium_september_subMBP_other alternatives_0.6_202403291815.log"
Gurobi Optimizer version 10.0.1 build v10.0.1rc0 (linux64)

CPU model: Intel(R) Xeon(R) CPU E3-1270 v6 @ 3.80GHz, instruction set [SSE2|AVX|AVX2]
Thread count: 4 physical cores, 8 logical processors, using up to 8 threads

Optimize a model with 10777 rows, 4887 columns and 49655 nonzeros
Model fingerprint: 0x7391bc3c
Variable types: 1358 continuous, 3529 integer (1331 binary)
Coefficient statistics:
  Matrix range     [1e+00, 2e+02]
  Objective range  [1e+00, 4e+02]
  Bounds range     [1e+00, 2e+02]
  RHS range        [1e+00, 5e+02]
Presolve removed 4489 rows and 1366 columns
Presolve time: 0.09s
Presolved: 6288 rows, 3521 columns, 32179 nonzeros
Variable types: 867 continuous, 2654 integer (2654 binary)

Root relaxation: objective 8.158000e+03, 2037 iterations, 0.05 seconds (0.09 work units)

    Nodes    |    Current Node    |     Objective Bounds      |     Work
 Expl Unexpl |  Obj  Depth IntInf | Incumbent    BestBd   Gap | It/Node Time

     0     0 8158.00000    0  236          - 8158.00000      -     -    0s
H    0     0                    10525.000000 8160.82002  22.5%     -    0s
     0     0 8160.82002    0  353 10525.0000 8160.82002  22.5%     -    0s
H    0     0                    10169.000000 8161.12034  19.7%     -    0s
     0     0 8161.12034    0  310 10169.0000 8161.12034  19.7%     -    0s
     0     0 8161.12034    0  307 10169.0000 8161.12034  19.7%     -    0s
     0     0 8180.00000    0  357 10169.0000 8180.00000  19.6%     -    0s
     0     0 8180.00000    0  299 10169.0000 8180.00000  19.6%     -    0s
     0     0 8180.00000    0  332 10169.0000 8180.00000  19.6%     -    1s
     0     0 8180.00000    0  307 10169.0000 8180.00000  19.6%     -    1s
     0     0 8180.00000    0  202 10169.0000 8180.00000  19.6%     -    1s
H    0     0                    10155.000000 8180.00000  19.4%     -    1s
     0     0 8180.00000    0  215 10155.0000 8180.00000  19.4%     -    1s
     0     0 8180.00000    0  184 10155.0000 8180.00000  19.4%     -    1s
     0     0 8180.00000    0  166 10155.0000 8180.00000  19.4%     -    1s
     0     0 8180.00000    0  147 10155.0000 8180.00000  19.4%     -    2s
     0     0 8180.00000    0  182 10155.0000 8180.00000  19.4%     -    2s
H    0     0                    10130.000000 8180.00000  19.2%     -    2s
H    0     0                    10101.000000 8180.00000  19.0%     -    2s
     0     0 8180.00000    0  125 10101.0000 8180.00000  19.0%     -    2s
     0     0 8180.00000    0  123 10101.0000 8180.00000  19.0%     -    2s
     0     0 8180.00000    0  146 10101.0000 8180.00000  19.0%     -    2s
     0     0 8180.00000    0  148 10101.0000 8180.00000  19.0%     -    2s
     0     0 8180.00000    0  179 10101.0000 8180.00000  19.0%     -    2s
     0     0 8180.00000    0  160 10101.0000 8180.00000  19.0%     -    2s
     0     2 8180.00000    0  160 10101.0000 8180.00000  19.0%     -    3s
H  204   206                    10055.000000 8180.00000  18.6%  37.9    3s
H  205   206                    9742.0000000 8180.00000  16.0%  37.7    3s
H  206   206                    9720.0000000 8180.00000  15.8%  37.6    3s
H  245   238                    9717.0000000 8180.00000  15.8%  35.5    3s
H  320   285                    9672.0000000 8180.00000  15.4%  35.3    4s
H  389   355                    9653.0000000 8180.00000  15.3%  33.5    4s
H  392   355                    9622.0000000 8180.00000  15.0%  33.5    4s
H  446   411                    9608.0000000 8180.00000  14.9%  32.3    4s
H  447   411                    9603.0000000 8180.00000  14.8%  32.2    4s
   548   507 9451.00000   90   83 9603.00000 8180.00000  14.8%  30.4    5s
H  552   507                    9601.0000000 8180.00000  14.8%  30.2    5s
H  876   802                    9599.0000000 8180.00000  14.8%  25.8    5s
  1038   928 8796.00000   40  185 9599.00000 8182.24222  14.8%  24.8   10s
  1073   951 9190.00000   82  163 9599.00000 8204.48655  14.5%  23.9   15s
  1123   986 8460.16000   25  205 9599.00000 8213.25881  14.4%  73.9   20s
  1157  1008 8450.00000   31  230 9599.00000 8298.95147  13.5%  71.8   25s
H 1200   983                    9337.0000000 8304.53597  11.1%  69.2   29s
  1206   988 8470.00000   18  270 9337.00000 8304.53597  11.1%   116   30s
H 1226   951                    9247.0000000 8306.79796  10.2%   114   33s
H 1226   903                    9242.0000000 8306.79796  10.1%   114   33s
H 1234   862                    9233.0000000 8311.85242  10.0%   113   34s
  1238   865 8796.00000   40  254 9233.00000 8312.53466  10.0%   113   35s
H 1241   823                    9179.0000000 8312.53721  9.44%   112   35s
H 1242   781                    9167.0000000 8312.53721  9.32%   112   35s
H 1245   743                    9165.0000000 8312.88601  9.30%   112   36s
H 1255   712                    8889.0000000 8317.70823  6.43%   111   37s
H 1264   681                    8879.0000000 8318.47791  6.31%   110   38s
  1279   692 8450.00000    9  235 8879.00000 8318.56969  6.31%   142   40s
  1324   722 8636.00000   53  242 8879.00000 8324.55981  6.24%   137   45s
H 1336   692                    8869.0000000 8324.61027  6.14%   136   46s
H 1338   657                    8862.0000000 8324.61027  6.06%   136   46s
  1360   673 8450.00000   14  236 8862.00000 8324.65818  6.06%   164   50s
  1722   882 8502.00000  106   90 8862.00000 8346.34407  5.82%   153   55s
  4529  2681 8528.00000  119  135 8862.00000 8359.51627  5.67%  78.1   60s
  9274  6531 8482.00000   81  181 8862.00000 8376.61538  5.48%  55.7   65s
H10507  7108                    8823.0000000 8380.00000  5.02%  52.6   66s
 14003  9643 8726.00000   91  143 8823.00000 8391.76088  4.89%  47.7   70s
H15381 10024                    8776.0000000 8397.51627  4.31%  46.4   71s
 19128 12705 8616.00000  107  139 8776.00000 8436.18928  3.87%  43.5   75s
 20620 13518 8658.00000   76  160 8776.00000 8451.68992  3.70%  42.4   87s
 20632 13526 8521.00000   95  271 8776.00000 8451.68992  3.70%  42.4   90s
 20636 13529 8470.16964   77  178 8776.00000 8451.68992  3.70%  42.4   96s
 20639 13531 8466.00000   91  255 8776.00000 8451.68992  3.70%  42.3  101s
 20813 13662 8743.32301   94  155 8776.00000 8451.68992  3.70%  43.5  105s
 22892 14547 8644.32301  107  102 8776.00000 8451.68992  3.70%  42.5  110s
 26519 15903 8631.33800   84  156 8776.00000 8451.68992  3.70%  41.3  115s
 30515 17770 8457.32301  113  128 8776.00000 8451.68992  3.70%  40.1  120s
 35433 19532 8709.32301  121  111 8776.00000 8451.68992  3.70%  39.1  125s
 39893 21225 8775.00000  187   50 8776.00000 8451.68992  3.70%  39.1  130s
*42497 21241             219    8773.0000000 8451.68992  3.66%  39.0  132s
H42618 20596                    8772.0000000 8451.68992  3.65%  38.9  133s
 44114 21322 8451.68992  105  173 8772.00000 8451.68992  3.65%  38.9  135s
H45098 21030                    8769.0000000 8451.68992  3.62%  38.8  136s
H45295 20367                    8767.0000000 8451.68992  3.60%  38.8  136s
 48283 21738 8536.97124   95  190 8767.00000 8451.68992  3.60%  38.6  140s
 53465 23857 infeasible  157      8767.00000 8451.68992  3.60%  37.7  145s
 59051 27207 8451.68992   85  197 8767.00000 8451.68992  3.60%  37.2  150s
 64479 30528 8537.38712  100  156 8767.00000 8451.68992  3.60%  36.6  155s
 70213 34601 8601.33333  139   95 8767.00000 8451.68992  3.60%  36.2  160s
 74714 37792 8464.00000   99  153 8767.00000 8451.68992  3.60%  36.0  165s
 79962 41476 8451.68992   86  202 8767.00000 8451.68992  3.60%  35.7  170s
 85979 45971 8549.32301  109  113 8767.00000 8451.68992  3.60%  35.1  175s
 91458 49890 8545.32845  122  135 8767.00000 8451.68992  3.60%  34.9  180s
 96373 53412 8627.00000  138   89 8767.00000 8451.68992  3.60%  34.7  185s
 101629 56935 8753.00000  186   43 8767.00000 8451.68992  3.60%  34.4  190s
 107509 61290 8559.32301  117  161 8767.00000 8451.68992  3.60%  34.1  195s
 114523 66430 8475.16658  106  173 8767.00000 8451.68992  3.60%  33.5  200s
 119906 69831 8487.79040   99  204 8767.00000 8451.68992  3.60%  33.2  205s
 125229 73967 8451.68992   95  218 8767.00000 8451.68992  3.60%  32.9  210s
 131019 78245 8485.36065  107  108 8767.00000 8451.68992  3.60%  32.7  215s
H134902 80616                    8766.0000000 8451.68992  3.59%  32.6  218s
 136222 81771 8543.32301   99  150 8766.00000 8451.68992  3.59%  32.6  220s
 141119 85365 8451.68992   99  139 8766.00000 8451.68992  3.59%  32.6  225s
 146806 89589 8488.78380  130  103 8766.00000 8451.68992  3.59%  32.5  230s
 152163 92992 8451.68992   98  195 8766.00000 8451.68992  3.59%  32.4  235s
 157124 96312 8451.68992   90  200 8766.00000 8451.68992  3.59%  32.4  240s
 163250 100393 8724.32301  124  133 8766.00000 8451.68992  3.59%  32.2  245s
 168089 103617     cutoff  118      8766.00000 8451.68992  3.59%  32.3  250s
 173358 106784 8520.61185  101  204 8766.00000 8451.68992  3.59%  32.2  255s
H173361 106784                    8765.9999921 8451.68992  3.59%  32.2  255s
 177136 109973 8524.79682  109  156 8765.99999 8451.68992  3.59%  32.1  260s
 183038 114016 8615.32301  116  158 8765.99999 8451.68992  3.59%  32.0  265s
 188521 117876 8508.00543   87  173 8765.99999 8451.68992  3.59%  32.0  270s
 194377 121914 8696.22426  132   92 8765.99999 8451.68992  3.59%  31.9  275s
 200193 126224 8599.00000  123   70 8765.99999 8451.68992  3.59%  31.8  280s
 205647 130008 8451.68992   88  186 8765.99999 8451.68992  3.59%  31.7  285s
 211598 134419 8451.68992   97  167 8765.99999 8451.68992  3.59%  31.7  290s
 216094 137513 8467.62570  100  156 8765.99999 8451.68992  3.59%  31.7  295s
 221737 141588 8718.00000   94  164 8765.99999 8451.68992  3.59%  31.6  300s
 227469 145769 8492.18182  103  168 8765.99999 8451.68992  3.59%  31.6  305s
 233062 149288 8466.66667  117  164 8765.99999 8451.68992  3.59%  31.6  310s
 238206 153036 8587.00000  155   87 8765.99999 8451.68992  3.59%  31.5  315s
 243379 156420 8668.00000  179   82 8765.99999 8451.68992  3.59%  31.5  320s
 249039 159754 8451.68992   88  231 8765.99999 8451.68992  3.59%  31.5  325s
 254258 163015 8749.00000  138   54 8765.99999 8451.68992  3.59%  31.5  330s
 259797 166870 8528.25582   93  191 8765.99999 8451.68992  3.59%  31.5  335s
 265528 171113 8545.32845  118  139 8765.99999 8451.68992  3.59%  31.4  340s
 270990 174662 8654.00000  135   45 8765.99999 8451.68992  3.59%  31.3  345s
 276442 178629 8753.00000  119   65 8765.99999 8451.68992  3.59%  31.3  350s
 282048 182463 8486.00000   94  171 8765.99999 8451.68992  3.59%  31.1  355s
 288748 187030 8653.39144  137  120 8765.99999 8451.68992  3.59%  31.0  360s
 293196 189880 8594.03756  140  107 8765.99999 8451.68992  3.59%  31.1  365s
 297873 193315 8754.00000  101   78 8765.99999 8451.68992  3.59%  31.1  370s
 303061 196720 8519.61616   92  133 8765.99999 8451.68992  3.59%  31.1  375s
 308305 200331 infeasible  157      8765.99999 8451.68992  3.59%  31.2  380s
 313159 204003 8605.42352  114  121 8765.99999 8451.68992  3.59%  31.1  385s
 318481 207362 8631.00000  151   63 8765.99999 8451.68992  3.59%  31.1  390s
 323961 210966 8451.68992   99  181 8765.99999 8451.68992  3.59%  31.1  395s
 329622 214662     cutoff  195      8765.99999 8451.68992  3.59%  31.1  400s
 335191 218614 8521.68799  101  163 8765.99999 8451.68992  3.59%  31.0  405s
 340924 222474     cutoff   90      8765.99999 8451.68992  3.59%  31.0  410s
H342754 223511                    8765.9999707 8451.68992  3.59%  31.0  411s
 345183 225370 8722.00000  123  112 8765.99997 8451.68992  3.59%  31.0  415s
 349403 228272     cutoff  126      8765.99997 8451.68992  3.59%  31.0  420s
 355316 232299 infeasible  126      8765.99997 8451.68992  3.59%  30.9  425s
 360822 235974 8723.00000  161   76 8765.99997 8451.68992  3.59%  30.9  430s
 366005 239861 8736.00000  158   74 8765.99997 8451.68992  3.59%  30.9  435s
 371611 243542 8701.00543  132  123 8765.99997 8451.68992  3.59%  30.8  440s
 376834 246949 8543.61616  108  154 8765.99997 8451.68992  3.59%  30.8  445s
 382140 250717 8637.40028  126  135 8765.99997 8451.68992  3.59%  30.7  450s
 388466 255231 8690.00000  144   91 8765.99997 8451.68992  3.59%  30.7  455s
 393045 258434 8611.32845  108  174 8765.99997 8451.68992  3.59%  30.7  460s
 398352 262149 8649.00543  122  119 8765.99997 8451.68992  3.59%  30.7  465s
 403209 265703 8571.61072   95  128 8765.99997 8451.68992  3.59%  30.7  470s
 408648 269141 8655.00000  120   58 8765.99997 8451.68992  3.59%  30.6  475s
 413767 272433 8681.00000  173   55 8765.99997 8451.68992  3.59%  30.7  480s
 418334 275796 8527.68799   98  150 8765.99997 8451.68992  3.59%  30.7  485s
 424059 279494 infeasible  124      8765.99997 8451.68992  3.59%  30.7  490s
 429564 283642 8655.00543  138  138 8765.99997 8451.68992  3.59%  30.6  495s
 434632 287030 8451.68992   98  137 8765.99997 8451.68992  3.59%  30.6  500s
 438869 290239 8519.61616   96  177 8765.99997 8451.68992  3.59%  30.6  505s
 443857 293394 8556.00543  114  104 8765.99997 8451.68992  3.59%  30.6  510s
 449474 297242 8451.68992   96  156 8765.99997 8451.68992  3.59%  30.6  515s
 454780 300776 8709.00000  164   75 8765.99997 8451.68992  3.59%  30.6  520s
 459180 303998 8451.68992   93  199 8765.99997 8451.68992  3.59%  30.6  525s
 464505 307813 8451.68992   97  200 8765.99997 8451.68992  3.59%  30.6  530s
 469461 310994 8464.00543  107  175 8765.99997 8451.68992  3.59%  30.6  535s
H471090 311864                    8765.9999678 8451.68992  3.59%  30.6  536s
 474571 314879 8515.75790  115  156 8765.99997 8451.68992  3.59%  30.6  540s
 479669 317893 8622.62570   95  190 8765.99997 8451.68992  3.59%  30.6  545s
 484587 321000 8465.28118  116  190 8765.99997 8451.68992  3.59%  30.6  550s
 489144 324244 8525.83263  116  150 8765.99997 8451.68992  3.59%  30.6  555s
 494631 328031 8570.32845  133  148 8765.99997 8451.68992  3.59%  30.6  560s
 500075 331440 8619.00000  116   92 8765.99997 8451.68992  3.59%  30.5  565s
 505235 334969 8490.67210  133  122 8765.99997 8451.68992  3.59%  30.5  570s
 510061 338115 8764.00543  158  107 8765.99997 8451.68992  3.59%  30.5  575s
 515060 341465 8519.61616  102  177 8765.99997 8451.68992  3.59%  30.5  580s
 520057 344632 8530.32845   99  144 8765.99997 8451.68992  3.59%  30.5  585s
 525944 348554 infeasible   94      8765.99997 8451.68992  3.59%  30.5  590s
 531069 352084 8451.68992  114  208 8765.99997 8451.68992  3.59%  30.5  595s
 535872 355002 8451.68992  112  166 8765.99997 8451.68992  3.59%  30.5  600s
 538530 359077 8608.00000  132  121 8765.99997 8451.68992  3.59%  30.5  607s
 545284 361436 8451.68992   99  186 8765.99997 8451.68992  3.59%  30.5  610s
 550582 364669 8571.94178  111  144 8765.99997 8451.68992  3.59%  30.5  615s
 555997 368204 8654.05025  127  134 8765.99997 8451.68992  3.59%  30.5  620s
 560095 371261 8551.23429  139  105 8765.99997 8451.68992  3.59%  30.5  625s
 565341 374237 8625.14141  153  100 8765.99997 8451.68992  3.59%  30.5  630s
 569902 377212 8692.50546  103  152 8765.99997 8451.68992  3.59%  30.5  635s
 574785 380797 8556.00543  105  162 8765.99997 8451.68992  3.59%  30.5  640s
 579893 383971 8678.00000  160  102 8765.99997 8451.68992  3.59%  30.5  645s
 584423 386937 8564.00543  128  130 8765.99997 8451.68992  3.59%  30.5  650s
 589184 390223 8573.32845  104  123 8765.99997 8451.68992  3.59%  30.5  655s
 593689 393146 8605.57279  141  175 8765.99997 8451.68992  3.59%  30.6  660s
 598822 396375 8451.68992  103  149 8765.99997 8451.68992  3.59%  30.6  665s
 603868 399692 8552.00543  123  147 8765.99997 8451.68992  3.59%  30.5  670s
 608978 403480 8451.68992  105  211 8765.99997 8451.68992  3.59%  30.6  675s
 613670 406314 8764.00000  145   93 8765.99997 8451.68992  3.59%  30.5  680s
 618118 409021 infeasible   97      8765.99997 8451.68992  3.59%  30.6  685s
 621882 411652     cutoff  154      8765.99997 8451.68992  3.59%  30.6  690s
 627473 415278 8470.00782  102  140 8765.99997 8451.68992  3.59%  30.6  695s
 632227 418398 8549.32301  111  137 8765.99997 8451.68992  3.59%  30.6  700s
 636955 421343 8494.20218  132  206 8765.99997 8451.68992  3.59%  30.6  705s
 642029 424517 8550.00543  121  133 8765.99997 8451.68992  3.59%  30.6  710s
 646240 427890 8462.97553  103  171 8765.99997 8451.68992  3.59%  30.6  715s
 651295 430887 8591.61616  110  157 8765.99997 8451.68992  3.59%  30.6  720s
 656486 434222 8575.38958  107  184 8765.99997 8451.68992  3.59%  30.6  725s
 662190 437835 8523.61616  119  178 8765.99997 8451.68992  3.59%  30.6  730s
 668165 441836 8467.61616  101  173 8765.99997 8451.68992  3.59%  30.6  735s
 672178 444593 8641.00000  128   76 8765.99997 8451.68992  3.59%  30.6  740s
 676713 447629 8534.69509  125  173 8765.99997 8451.68992  3.59%  30.6  745s
 682336 451307 8764.05888  102  136 8765.99997 8451.68992  3.59%  30.6  750s
 687272 454648 8715.71429  134   97 8765.99997 8451.68992  3.59%  30.6  755s
 692846 458429 8626.04472  112  158 8765.99997 8451.68992  3.59%  30.6  760s
 697330 461683 8556.00000  113  141 8765.99997 8451.68992  3.59%  30.6  765s
 701486 464575 8498.00000  108  132 8765.99997 8451.68992  3.59%  30.6  770s
 705904 467706 8643.00000  139   51 8765.99997 8451.68992  3.59%  30.6  775s
 711540 471398 infeasible  127      8765.99997 8451.68992  3.59%  30.7  780s
 715856 474662 infeasible  158      8765.99997 8451.68992  3.59%  30.7  785s
 720867 477694 8677.00000  126   91 8765.99997 8451.68992  3.59%  30.7  790s
 724091 479819 8650.00000  122   67 8765.99997 8451.68992  3.59%  30.7  795s
 728788 483143 8617.22426  109   78 8765.99997 8451.68992  3.59%  30.7  800s
 733345 486229 8493.29068  105  188 8765.99997 8451.68992  3.59%  30.7  805s
 738307 489841 infeasible  116      8765.99997 8451.68992  3.59%  30.8  810s
 743341 493160 8514.10594  109  166 8765.99997 8451.68992  3.59%  30.8  815s

Cutting planes:
  Learned: 222
  Gomory: 38
  Cover: 361
  Implied bound: 49
  Projected implied bound: 4
  Clique: 13
  MIR: 219
  StrongCG: 14
  Flow cover: 786
  Inf proof: 7
  Zero half: 31
  Network: 8
  RLT: 100
  Relax-and-lift: 9

Explored 748136 nodes (23023343 simplex iterations) in 819.19 seconds (1156.87 work units)
Thread count was 8 (of 8 available processors)

Solution count 10: 8766 8766 8766 ... 8823

Solve interrupted
Best objective 8.765999967803e+03, best bound 8.451689915710e+03, gap 3.5856%

User-callback calls 1741565, time in user-callback 3.66 sec

Statistics for modelBWKS_medium_september:
  Linear constraint matrix    : 10777 Constrs, 4887 Vars, 49655 NZs
  Variable types              : 1358 Continuous,
3529 Integer (1331 Binary)
  Matrix coefficient range    : [ 1, 200 ]
  Objective coefficient range : [ 1, 396 ]
  Variable bound range        : [ 1, 199 ]
  RHS coefficient range       : [ 1, 549 ]
