
Gurobi 10.0.1 (linux64) logging started Fri Mar 29 18:37:06 2024

Set parameter LogFile to value "/data/optimi/optimi/kombadon/drings/SBahn/s-bahn-data/scripts/DeniseMA/processed/BBKS_BWT/RENS/BBKS_BWT_subMBP_other alternatives_0.6_202403291815.log"
Gurobi Optimizer version 10.0.1 build v10.0.1rc0 (linux64)

CPU model: Intel(R) Xeon(R) CPU E3-1270 v6 @ 3.80GHz, instruction set [SSE2|AVX|AVX2]
Thread count: 4 physical cores, 8 logical processors, using up to 8 threads

Optimize a model with 10636 rows, 4381 columns and 42930 nonzeros
Model fingerprint: 0x44718c77
Variable types: 1295 continuous, 3086 integer (911 binary)
Coefficient statistics:
  Matrix range     [1e+00, 2e+02]
  Objective range  [1e+00, 4e+02]
  Bounds range     [1e+00, 2e+02]
  RHS range        [1e+00, 5e+02]
Presolve removed 4194 rows and 1279 columns
Presolve time: 0.11s
Presolved: 6442 rows, 3102 columns, 28694 nonzeros
Variable types: 757 continuous, 2345 integer (2345 binary)

Root relaxation: objective 9.096000e+03, 1992 iterations, 0.03 seconds (0.03 work units)

    Nodes    |    Current Node    |     Objective Bounds      |     Work
 Expl Unexpl |  Obj  Depth IntInf | Incumbent    BestBd   Gap | It/Node Time

     0     0 9096.00000    0  182          - 9096.00000      -     -    0s
     0     0 9099.39303    0  236          - 9099.39303      -     -    0s
     0     0 9099.39303    0  316          - 9099.39303      -     -    0s
     0     0 9108.24719    0  307          - 9108.24719      -     -    0s
     0     0 9108.27463    0  311          - 9108.27463      -     -    0s
     0     0 9108.27463    0  275          - 9108.27463      -     -    0s
     0     0 9110.99574    0  271          - 9110.99574      -     -    0s
     0     0 9110.99574    0  242          - 9110.99574      -     -    0s
     0     0 9113.80723    0  312          - 9113.80723      -     -    0s
     0     0 9113.80723    0  275          - 9113.80723      -     -    0s
     0     0 9113.80723    0  295          - 9113.80723      -     -    0s
     0     0 9113.80723    0  278          - 9113.80723      -     -    0s
     0     0 9113.80723    0  145          - 9113.80723      -     -    1s
     0     0 9113.80723    0  233          - 9113.80723      -     -    1s
     0     0 9113.80723    0  171          - 9113.80723      -     -    1s
     0     0 9113.80723    0  290          - 9113.80723      -     -    1s
     0     0 9113.80723    0  152          - 9113.80723      -     -    1s
     0     0 9113.80723    0  152          - 9113.80723      -     -    1s
     0     2 9113.80723    0  152          - 9113.80723      -     -    2s
  1082   933 9211.44086   32  223          - 9136.44620      -  35.2    5s
  1842  1424 9563.00000   67  107          - 9151.63121      -  29.4   10s
H 1937  1365                    10556.999998 9151.63121  13.3%  29.0   10s
H 1999  1291                    10549.000000 9151.63121  13.2%  28.3   10s
H 2017  1240                    10538.000000 9151.63121  13.2%  28.3   10s
H 2229  1329                    10519.000000 9157.09016  12.9%  29.9   10s
H 2330  1312                    10515.000000 9157.09016  12.9%  30.0   10s
H 2752  1411                    10486.000000 9158.00000  12.7%  32.7   11s
H 3316  1691                    10483.000000 9158.00000  12.6%  34.4   13s
H 3431  1778                    10482.000000 9158.00000  12.6%  35.1   13s
  4289  2361 9707.68241   70   88 10482.0000 9158.00337  12.6%  39.8   15s
H 5770  3447                    10471.000000 9158.03492  12.5%  43.3   18s
  6716  4318 9160.81250   28  209 10471.0000 9158.03493  12.5%  44.3   20s
H 8803  5745                    10470.000000 9158.07213  12.5%  46.8   23s
  9416  6164 infeasible   39      10470.0000 9158.09018  12.5%  47.9   25s
 11978  7934 9560.32000   46  134 10470.0000 9158.22203  12.5%  48.5   30s
H14116  8777                    10396.000000 9158.53769  11.9%  49.6   33s
H14303  8807                    10366.000000 9158.56747  11.6%  49.7   34s
 14547  9144 9176.95279   29  181 10366.0000 9158.67951  11.6%  50.3   35s
H14844  7726                    10121.000000 9158.70241  9.51%  50.2   35s
H15006  7722                    10118.000000 9158.70690  9.48%  50.2   35s
H15588  8138                    10114.000000 9158.82597  9.44%  50.6   37s
 17324  9198 9760.20977   54  108 10114.0000 9159.28340  9.44%  52.1   41s
 19582 10544 9736.44343   41  162 10114.0000 9159.64661  9.44%  52.9   45s
 20683 10801 9386.30554   29  152 10114.0000 9160.00000  9.43%  53.1   58s
 20691 10806 9916.00000   47  429 10114.0000 9160.00000  9.43%  53.1   60s
 20697 10810 9694.00000   76  390 10114.0000 9160.00000  9.43%  53.1   65s
 20706 10816 9358.00000   44  385 10114.0000 9160.00000  9.43%  53.0   71s
H20709 10276                    10107.000000 9160.00000  9.37%  53.0   74s
H20709  9762                    10101.000000 9160.00000  9.32%  53.0   75s
H20710  9274                    10100.000000 9160.00000  9.31%  53.0   76s
H20710  8810                    10093.000000 9160.00000  9.24%  53.0   76s
 20715  8813 10093.0000   62  369 10093.0000 9160.00000  9.24%  53.0   80s
 20720  8817 9381.10340   46  389 10093.0000 9160.00000  9.24%  53.0   85s
 20725  8820 9910.00000   58  344 10093.0000 9160.00000  9.24%  53.0   90s
H20725  8378                    10088.000000 9160.00000  9.20%  53.0   91s
 20730  8381 9564.35648   31  333 10088.0000 9160.00000  9.20%  53.0   95s
 20752  8396 9824.00000   43  386 10088.0000 9160.00000  9.20%  52.9  100s
H20753  7976                    10086.000000 9160.00000  9.18%  52.9  100s
 20834  8044 9160.00000   34  212 10086.0000 9160.00000  9.18%  55.9  105s
H21337  7836                    10082.000000 9160.00000  9.15%  56.4  109s
 21515  7891 9160.00000   36  257 10082.0000 9160.00000  9.15%  56.5  110s
 22466  8371 9714.99999   68   78 10082.0000 9160.00000  9.15%  57.1  115s
 23964  8848 9173.59566   35  274 10082.0000 9160.00000  9.15%  57.9  120s
H24486  8606                    10081.999988 9160.00000  9.15%  58.3  121s
 25945  9219 infeasible   44      10082.0000 9160.00000  9.15%  58.5  125s
 28128  9902 9160.00000   34  314 10082.0000 9160.00000  9.15%  58.3  130s
 29923 10422 9413.92001   39  186 10082.0000 9160.00000  9.15%  58.6  135s
 31995 10877 9195.84200   34  339 10082.0000 9160.00000  9.15%  59.3  140s
 34249 11429 infeasible   36      10082.0000 9160.00000  9.15%  60.2  145s
H36165 11536                    10068.000000 9160.31448  9.02%  60.5  150s
H36763  9626                    9868.0000000 9160.42317  7.17%  60.6  152s
 38278  9923 9505.99999   51  148 9868.00000 9160.78145  7.17%  60.7  155s
 40590 10422 9199.99999   39  214 9868.00000 9161.42141  7.16%  61.0  160s
 42774 11396 infeasible   46      9868.00000 9161.89570  7.16%  62.1  166s
 44979 12462 9478.20714   47  146 9868.00000 9162.14003  7.15%  63.0  171s
 46913 13281 9638.49671   48  154 9868.00000 9162.39466  7.15%  63.9  176s
 48672 14115 9420.79376   46  214 9868.00000 9162.74407  7.15%  64.8  180s
 50165 14819 9276.50064   39  221 9868.00000 9163.55334  7.14%  65.2  186s
 51656 15481 9408.40415   43  228 9868.00000 9164.22385  7.13%  65.7  190s
 53474 16306 9189.11620   41  208 9868.00000 9165.30074  7.12%  66.8  195s
 55654 17141 9382.13956   38  321 9868.00000 9166.58798  7.11%  67.3  201s
 57026 17775 9294.00731   39  205 9868.00000 9167.91921  7.09%  67.8  205s
 58728 18698 9525.21404   48  213 9868.00000 9167.99999  7.09%  68.4  210s
 60451 19485 9182.38403   46  248 9868.00000 9167.99999  7.09%  68.8  215s
 62510 20383 9533.99999   58   86 9868.00000 9168.24416  7.09%  69.4  221s
 63831 20863 9665.54121   52  184 9868.00000 9168.44222  7.09%  69.6  225s
 65430 21496 9403.46893   51  265 9868.00000 9168.69632  7.09%  70.1  230s
 67443 22387 9178.65783   51  243 9868.00000 9169.18013  7.08%  70.8  236s
 69212 23149 9573.99999   53  140 9868.00000 9169.72231  7.08%  71.4  241s
 70398 23700 infeasible   51      9868.00000 9169.99999  7.07%  71.5  245s
 72003 24390 9703.87415   50  183 9868.00000 9170.15627  7.07%  71.8  250s
 73943 25051 9418.24437   51  234 9868.00000 9170.71321  7.07%  72.5  256s
 75581 25646 9606.88426   51  157 9868.00000 9171.25400  7.06%  72.8  260s
 77148 26357 9221.90566   40  260 9868.00000 9171.89476  7.05%  73.3  265s
H78021 26598                    9867.9999877 9172.10438  7.05%  73.5  267s
 78731 26976 9636.35026   53  125 9867.99999 9172.30830  7.05%  73.7  271s
 80197 27634 9452.29023   52  166 9867.99999 9172.64251  7.05%  74.2  276s
 81388 28141 infeasible   50      9867.99999 9173.11497  7.04%  74.3  280s
 83485 28950 9303.03126   40  281 9867.99999 9173.53053  7.04%  74.3  285s
 85146 29943 9505.65341   45  192 9867.99999 9173.58195  7.04%  74.5  290s
 87091 30990 9176.19999   35  252 9867.99999 9173.59566  7.04%  74.6  296s
 89174 31940 9719.07066   50  153 9867.99999 9173.59566  7.04%  74.6  301s
 91064 32867 9177.62891   44  222 9867.99999 9173.61839  7.04%  74.7  306s
 92887 33824     cutoff   60      9867.99999 9173.67778  7.04%  74.8  311s
 94889 34704 9476.05920   51  229 9867.99999 9173.87223  7.03%  74.8  316s
 96439 35598 infeasible   42      9867.99999 9173.94640  7.03%  75.0  321s
 98458 36465 9670.22471   52  145 9867.99999 9173.99537  7.03%  75.1  326s
 99908 37115 9527.45319   50  199 9867.99999 9174.03819  7.03%  75.5  331s
 101763 37907 9426.25316   54  205 9867.99999 9174.19187  7.03%  75.7  336s
 103661 38755 9402.32130   47  206 9867.99999 9174.24984  7.03%  75.8  341s
 104855 39345 9426.43242   50  166 9867.99999 9174.30955  7.03%  75.9  345s
 106633 40099 9663.99999   59  115 9867.99999 9174.48587  7.03%  76.1  350s
 108529 40925 infeasible   43      9867.99999 9174.70053  7.03%  76.4  356s
 109901 41648 9550.25804   53  169 9867.99999 9174.77720  7.02%  76.4  360s
 112174 42514 9179.33988   43  300 9867.99999 9174.89063  7.02%  76.4  365s
 114019 43356 9175.64368   42  256 9867.99999 9175.14293  7.02%  76.5  371s
 116013 44183 9652.56834   54  192 9867.99999 9175.36258  7.02%  76.6  376s
 117040 44701 9684.01405   57  144 9867.99999 9175.40170  7.02%  76.6  380s
 119076 45650 9692.00237   50  213 9867.99999 9175.46405  7.02%  76.6  385s
 120915 46425 9257.09878   49  204 9867.99999 9175.60301  7.02%  76.7  390s
 122752 47360 infeasible   49      9867.99999 9175.78912  7.01%  76.6  395s
 124594 48111 9189.96008   44  261 9867.99999 9175.89199  7.01%  76.8  400s
 126328 48918 9531.38212   48  244 9867.99999 9176.00450  7.01%  76.9  406s
 128319 49913 9179.69141   44  260 9867.99999 9176.15556  7.01%  76.9  411s
 129539 50397 9189.29685   41  213 9867.99999 9176.25926  7.01%  76.9  415s
 131443 51401 9334.44407   38  192 9867.99999 9176.41234  7.01%  77.0  420s
 133149 52205 9722.99999   60  109 9867.99999 9176.65943  7.01%  77.1  425s
 135073 53114 9279.52080   56  197 9867.99999 9176.86232  7.00%  77.1  430s
 136917 53838 9823.65591   55  131 9867.99999 9177.09229  7.00%  77.2  435s
 138788 54521 9369.16863   44  249 9867.99999 9177.24031  7.00%  77.3  441s
 140090 55018 9360.64538   40  238 9867.99999 9177.39104  7.00%  77.2  445s
 141848 55869 9250.71107   45  260 9867.99999 9177.64422  7.00%  77.3  450s
 143947 56649 9605.42133   50  233 9867.99999 9177.85245  6.99%  77.2  455s
 145817 57493 9756.02247   52  203 9867.99999 9177.95968  6.99%  77.2  461s
 147614 58271 9539.74080   57  149 9867.99999 9178.13008  6.99%  77.3  467s
 149175 58757 9221.92460   45  335 9867.99999 9178.27443  6.99%  77.3  470s
 150981 59447 9240.49116   43  226 9867.99999 9178.50073  6.99%  77.3  475s
 152801 60279 9180.05084   43  314 9867.99999 9178.64459  6.99%  77.4  481s
 154802 60938 9330.27711   41  280 9867.99999 9178.98403  6.98%  77.5  486s
 156763 61617 9279.50410   45  217 9867.99999 9179.30483  6.98%  77.5  491s
 157908 62137 9409.95944   46  286 9867.99999 9179.50554  6.98%  77.5  495s
 159968 62862 9518.62970   40  165 9867.99999 9179.86602  6.97%  77.4  500s
 161783 63656 9477.09476   48  267 9867.99999 9179.99999  6.97%  77.5  505s
 163477 64469     cutoff   67      9867.99999 9180.00681  6.97%  77.6  510s
 165266 65232 9387.81754   40  240 9867.99999 9180.03084  6.97%  77.6  516s
 167226 65993 9835.99999   67  105 9867.99999 9180.16547  6.97%  77.7  521s
H168392 66319                    9867.9999824 9180.18322  6.97%  77.6  523s
 169231 66777 9796.92591   58  172 9867.99998 9180.21381  6.97%  77.6  526s
 170850 67457 9188.48590   39  289 9867.99998 9180.24677  6.97%  77.6  531s
 172687 68300 9783.32257   62  112 9867.99998 9180.30212  6.97%  77.6  536s
 174370 68862 9204.13720   42  202 9867.99998 9180.43102  6.97%  77.7  541s
 176060 69491 9180.94029   41  224 9867.99998 9180.57061  6.97%  77.7  546s
 177170 69936 9190.88383   43  292 9867.99998 9180.66356  6.97%  77.8  550s
 179139 70774 9309.93297   48  289 9867.99998 9180.79453  6.96%  77.9  556s
 180651 71382 infeasible   56      9867.99998 9180.89999  6.96%  77.9  560s
 182223 72012 9220.02664   43  223 9867.99998 9181.00464  6.96%  78.0  566s
 184224 72790 9478.44638   55  173 9867.99998 9181.18303  6.96%  78.1  571s
 185544 73387 9604.13392   48  135 9867.99998 9181.32517  6.96%  78.1  575s
 187452 74064 9720.99999   65  105 9867.99998 9181.50330  6.96%  78.2  581s
 189346 74898 infeasible   50      9867.99998 9181.65250  6.96%  78.1  586s
 190603 75440 9468.89709   47  207 9867.99998 9181.80474  6.95%  78.1  590s
 192560 76112 9783.12848   53  226 9867.99998 9181.93328  6.95%  78.1  595s
 194254 76728 9429.99999   53  173 9867.99998 9181.99999  6.95%  78.2  600s
 195964 77324     cutoff   50      9867.99998 9182.13654  6.95%  78.3  605s
 197928 78044 9195.06526   45  219 9867.99998 9182.28369  6.95%  78.3  610s
 199599 78724 9460.78055   55  155 9867.99998 9182.45301  6.95%  78.4  616s
 200894 79250 9518.42302   49  180 9867.99998 9182.58755  6.95%  78.5  620s
 203036 79964 infeasible   46      9867.99998 9182.84853  6.94%  78.5  626s
 204425 80409 9431.15171   46  186 9867.99998 9183.00051  6.94%  78.5  630s
 206170 81146 9709.01556   49  179 9867.99998 9183.22833  6.94%  78.6  635s
 208297 81936 9796.76322   56  124 9867.99998 9183.40427  6.94%  78.6  641s
 210115 82525     cutoff   48      9867.99998 9183.65492  6.93%  78.6  646s
 211382 83143 9444.41113   42  189 9867.99998 9183.74488  6.93%  78.6  650s
 213349 83842 9536.92329   54  242 9867.99998 9183.93222  6.93%  78.7  655s
 215065 84516 9200.30876   40  209 9867.99998 9184.06318  6.93%  78.7  661s
 216258 85005 9768.29385   47  119 9867.99998 9184.16292  6.93%  78.8  665s
 218088 85795 9631.76583   51  187 9867.99998 9184.34919  6.93%  78.9  670s
 220165 86395 9773.99999   74   89 9867.99998 9184.54076  6.93%  78.8  675s
 221927 87250 infeasible   47      9867.99998 9184.74098  6.92%  78.8  681s
 223080 87780 9386.15488   40  338 9867.99998 9184.82737  6.92%  78.9  685s
 224980 88285 9201.99999   43  162 9867.99998 9184.98360  6.92%  78.9  690s
 226948 89197 9419.82441   50  222 9867.99998 9185.11815  6.92%  78.9  696s
 228591 89752 infeasible   55      9867.99998 9185.27338  6.92%  78.9  701s
 229864 90128 9189.71592   47  264 9867.99998 9185.37209  6.92%  79.0  705s
 231605 90815 9858.34252   54  144 9867.99998 9185.56477  6.92%  79.1  710s
 233510 91472 infeasible   44      9867.99998 9185.76366  6.91%  79.1  716s
 234545 91803 infeasible   49      9867.99998 9185.87174  6.91%  79.1  720s
 236376 92379 9260.05136   43  234 9867.99998 9186.07332  6.91%  79.2  725s
 238214 93104 9208.97873   38  231 9867.99998 9186.29905  6.91%  79.3  731s
 239600 93688 infeasible   43      9867.99998 9186.39669  6.91%  79.3  735s
 241424 94229 9400.80689   48  269 9867.99998 9186.56329  6.91%  79.3  740s
 243145 94807 9739.99999   52  130 9867.99998 9186.85989  6.90%  79.4  746s
 244231 95279 9780.35842   51  138 9867.99998 9186.99263  6.90%  79.5  750s

Cutting planes:
  Learned: 193
  Gomory: 203
  Cover: 1149
  Implied bound: 53
  Projected implied bound: 1
  Clique: 14
  MIR: 824
  StrongCG: 72
  Flow cover: 2917
  GUB cover: 1
  Inf proof: 11
  Zero half: 122
  Network: 10
  RLT: 170
  Relax-and-lift: 51

Explored 245729 nodes (19579283 simplex iterations) in 753.00 seconds (1111.12 work units)
Thread count was 8 (of 8 available processors)

Solution count 10: 9868 9868 9868 ... 10100

Solve interrupted
Best objective 9.867999982395e+03, best bound 9.187181428905e+03, gap 6.8993%

User-callback calls 729834, time in user-callback 2.14 sec

Statistics for modelBBKS_BWT:
  Linear constraint matrix    : 10636 Constrs, 4381 Vars, 42930 NZs
  Variable types              : 1295 Continuous,
3086 Integer (911 Binary)
  Matrix coefficient range    : [ 1, 200 ]
  Objective coefficient range : [ 1, 382 ]
  Variable bound range        : [ 1, 199 ]
  RHS coefficient range       : [ 1, 549 ]
