
Gurobi 10.0.1 (mac64[arm]) logging started Fri Mar 29 14:39:07 2024

Set parameter LogFile to value "/Users/deniserings/Documents/zib/s-bahn-data/scripts/DeniseMA/processed/BBUP_O/original/LP_based/BBUP_O_subgradient_202403291428act_.log"
Gurobi Optimizer version 10.0.1 build v10.0.1rc0 (mac64[arm])

CPU model: Apple M2
Thread count: 8 physical cores, 8 logical processors, using up to 8 threads

Optimize a model with 14939 rows, 6398 columns and 56318 nonzeros
Model fingerprint: 0xff410225
Variable types: 2448 continuous, 3950 integer (691 binary)
Coefficient statistics:
  Matrix range     [1e+00, 4e+02]
  Objective range  [1e+00, 8e+02]
  Bounds range     [1e+00, 2e+02]
  RHS range        [1e+00, 5e+02]
Found heuristic solution: objective 946.0000000
Presolve removed 14816 rows and 6040 columns
Presolve time: 0.06s
Presolved: 123 rows, 358 columns, 492 nonzeros
Variable types: 235 continuous, 123 integer (123 binary)

Explored 0 nodes (0 simplex iterations) in 0.06 seconds (0.12 work units)
Thread count was 8 (of 8 available processors)

Solution count 1: 946 

Optimal solution found (tolerance 1.00e-04)
Best objective 9.460000000000e+02, best bound 9.460000000000e+02, gap 0.0000%

User-callback calls 1087, time in user-callback 0.00 sec

Statistics for modelBBUP_O:
  Linear constraint matrix    : 14939 Constrs, 6398 Vars, 56318 NZs
  Variable types              : 2448 Continuous,
3950 Integer (691 Binary)
  Matrix coefficient range    : [ 1, 384 ]
  Objective coefficient range : [ 1, 805 ]
  Variable bound range        : [ 1, 199 ]
  RHS coefficient range       : [ 1, 549 ]

Gurobi 10.0.1 (mac64[arm]) logging started Fri Mar 29 14:39:08 2024

Set parameter LogFile to value "/Users/deniserings/Documents/zib/s-bahn-data/scripts/DeniseMA/processed/BBUP_O/original/LP_based/BBUP_O_subgradient_202403291428act_.log"
Gurobi Optimizer version 10.0.1 build v10.0.1rc0 (mac64[arm])

CPU model: Apple M2
Thread count: 8 physical cores, 8 logical processors, using up to 8 threads

Optimize a model with 15080 rows, 6398 columns and 56625 nonzeros
Model fingerprint: 0xbd9eae15
Variable types: 2448 continuous, 3950 integer (691 binary)
Coefficient statistics:
  Matrix range     [1e+00, 4e+02]
  Objective range  [1e+00, 2e+04]
  Bounds range     [1e+00, 2e+02]
  RHS range        [1e+00, 5e+02]

User MIP start produced solution with objective 25524.8 (0.01s)
Loaded user MIP start with objective 25524.8

Presolve removed 4890 rows and 1122 columns
Presolve time: 0.04s
Presolved: 10190 rows, 5276 columns, 47285 nonzeros
Variable types: 1486 continuous, 3790 integer (3790 binary)

Root relaxation: objective 1.078380e+04, 3058 iterations, 0.01 seconds (0.02 work units)

    Nodes    |    Current Node    |     Objective Bounds      |     Work
 Expl Unexpl |  Obj  Depth IntInf | Incumbent    BestBd   Gap | It/Node Time

     0     0 10783.8015    0  279 25524.8103 10783.8015  57.8%     -    0s
H    0     0                    15389.901457 10783.8015  29.9%     -    0s
H    0     0                    13444.397787 10783.8015  19.8%     -    0s
     0     0 10783.8015    0  606 13444.3978 10783.8015  19.8%     -    0s
H    0     0                    13250.444111 10783.8015  18.6%     -    0s
     0     0 10783.8015    0  734 13250.4441 10783.8015  18.6%     -    0s
H    0     0                    13219.437493 10783.8015  18.4%     -    0s
H    0     0                    13152.430875 10783.8015  18.0%     -    0s
H    0     0                    12906.497053 10783.8015  16.4%     -    0s
     0     0 10783.8015    0  203 12906.4971 10783.8015  16.4%     -    0s
     0     0 10783.8015    0  269 12906.4971 10783.8015  16.4%     -    0s
H    0     0                    12764.477199 10783.8015  15.5%     -    0s
H    0     0                    12702.463964 10783.8015  15.1%     -    1s
H    0     0                    12562.450728 10783.8015  14.2%     -    1s
     0     0 10783.8015    0  139 12562.4507 10783.8015  14.2%     -    1s
H    0     0                    12352.589701 10783.8015  12.7%     -    1s
     0     0 10783.8015    0  452 12352.5897 10783.8015  12.7%     -    1s
     0     0 10783.8015    0  156 12352.5897 10783.8015  12.7%     -    1s
     0     0 10783.8015    0  367 12352.5897 10783.8015  12.7%     -    1s
     0     0 10783.8015    0  152 12352.5897 10783.8015  12.7%     -    1s
     0     0 10783.8015    0  286 12352.5897 10783.8015  12.7%     -    1s
     0     0 10783.8015    0  158 12352.5897 10783.8015  12.7%     -    2s
     0     0 10783.8015    0  158 12352.5897 10783.8015  12.7%     -    2s
H    0     0                    12092.616172 10783.8015  10.8%     -    2s
H    0     0                    11873.642643 10783.8015  9.18%     -    2s
     0     2 10783.8015    0  158 11873.6426 10783.8015  9.18%     -    2s
H   35    40                    11817.629407 10783.8015  8.75%   316    2s
H   65    74                    11811.629407 10783.8015  8.70%   198    2s
H   66    74                    11785.636025 10783.8015  8.50%   195    2s
H  102   128                    11744.629407 10783.8015  8.18%   152    3s
H  111   128                    11720.616172 10783.8015  7.99%   147    3s
H  183   229                    11681.609554 10783.8015  7.69%   123    3s
   582  1091 10783.8015   47  475 11681.6096 10783.8015  7.69%  98.4    5s
H 1091  1703                    11617.622789 10783.8015  7.18%  85.8    6s
H 1144  1703                    11606.629407 10783.8015  7.09%  88.4    6s
H 1470  1699                    11548.649260 10783.8015  6.62%  81.1    6s
H 3530  4147                    11511.655878 10783.8015  6.32%  54.4    8s
H 5340  6122                    11489.655878 10783.8015  6.14%  45.1   10s
H 5600  5770                    11315.669114 10783.8015  4.70%  44.1   10s
H 6376  4795                    11153.715438 10783.8015  3.32%  41.6   10s
H 6524  4400                    11103.695584 10783.8015  2.88%  41.2   10s
H 6916  4342                    11093.702202 10783.8015  2.79%  40.4   10s
H 7126  3970                    11050.708820 10783.8015  2.42%  40.5   10s
H 7135  3765                    11034.708820 10783.8015  2.27%  40.4   13s
H 7136  3578                    11030.708820 10783.8015  2.24%  40.4   14s
H 7137  3400                    11026.708820 10783.8015  2.20%  40.4   14s
H 7138  3229                    11022.702202 10783.8015  2.17%  40.4   14s
H 7138  3068                    11020.702202 10783.8015  2.15%  40.4   14s
H 7139  2915                    11014.708820 10783.8015  2.10%  40.4   15s
H 7139  2769                    11012.708820 10783.8015  2.08%  40.4   15s
H 7139  2630                    11001.708820 10783.8015  1.98%  40.4   15s
H 7140  2500                    11000.702202 10783.8015  1.97%  40.4   15s
H 7140  2374                    10996.702202 10783.8015  1.94%  40.4   15s
H 7142  2256                    10968.702202 10783.8015  1.69%  40.4   16s
H 7143  2144                    10950.715438 10783.8015  1.52%  40.4   16s
H 7143  2037                    10926.728673 10783.8015  1.31%  40.4   16s
H 7143  1935                    10917.735291 10783.8015  1.23%  40.4   16s
H 7144  1838                    10889.748526 10783.8015  0.97%  40.4   16s
H 7145  1746                    10888.755144 10783.8015  0.96%  40.4   17s
H 7147  1660                    10875.761762 10783.8015  0.85%  40.4   17s
  7351  1885 10783.8015   27  211 10875.7618 10783.8015  0.85%  51.6   20s

Cutting planes:
  Learned: 297
  Gomory: 65
  Cover: 128
  MIR: 36
  StrongCG: 4
  Flow cover: 261
  Network: 2
  RLT: 8

Explored 7445 nodes (419357 simplex iterations) in 20.08 seconds (19.01 work units)
Thread count was 8 (of 8 available processors)

Solution count 10: 10875.8 10888.8 10889.7 ... 11001.7

Solve interrupted
Best objective 1.087576176173e+04, best bound 1.078380146810e+04, gap 0.8456%

User-callback calls 18673, time in user-callback 0.04 sec

Statistics for modelBBUP_O:
  Linear constraint matrix    : 15080 Constrs, 6398 Vars, 56625 NZs
  Variable types              : 2448 Continuous,
3950 Integer (691 Binary)
  Matrix coefficient range    : [ 1, 384 ]
  Objective coefficient range : [ 1, 21457.3 ]
  Variable bound range        : [ 1, 199 ]
  RHS coefficient range       : [ 1, 549 ]

Gurobi 10.0.1 (mac64[arm]) logging started Fri Mar 29 14:39:28 2024

Set parameter LogFile to value "/Users/deniserings/Documents/zib/s-bahn-data/scripts/DeniseMA/processed/BBUP_O/original/LP_based/BBUP_O_subgradient_202403291428act_.log"
Gurobi Optimizer version 10.0.1 build v10.0.1rc0 (mac64[arm])

CPU model: Apple M2
Thread count: 8 physical cores, 8 logical processors, using up to 8 threads

Optimize a model with 15526 rows, 6398 columns and 57519 nonzeros
Model fingerprint: 0xa1bb394c
Variable types: 2448 continuous, 3950 integer (691 binary)
Coefficient statistics:
  Matrix range     [1e+00, 4e+02]
  Objective range  [8e-02, 3e+04]
  Bounds range     [1e+00, 2e+02]
  RHS range        [1e+00, 5e+02]

User MIP start produced solution with objective 15595 (0.00s)
Loaded user MIP start with objective 15595

Presolve removed 6974 rows and 1945 columns
Presolve time: 0.06s
Presolved: 8552 rows, 4453 columns, 31770 nonzeros
Variable types: 1109 continuous, 3344 integer (3344 binary)

Root relaxation: objective 1.223459e+04, 3029 iterations, 0.01 seconds (0.01 work units)

    Nodes    |    Current Node    |     Objective Bounds      |     Work
 Expl Unexpl |  Obj  Depth IntInf | Incumbent    BestBd   Gap | It/Node Time

     0     0 12234.5928    0  188 15595.0485 12234.5928  21.5%     -    0s
H    0     0                    15486.963812 12234.5928  21.0%     -    0s
H    0     0                    15184.540410 12234.5928  19.4%     -    0s
     0     0 12234.5928    0  595 15184.5404 12234.5928  19.4%     -    0s
H    0     0                    14727.201689 12234.5928  16.9%     -    0s
     0     0 12234.5928    0  649 14727.2017 12234.5928  16.9%     -    0s
     0     0 12234.5928    0  167 14727.2017 12234.5928  16.9%     -    0s
     0     0 12234.5928    0  309 14727.2017 12234.5928  16.9%     -    0s
     0     0 12234.5928    0  182 14727.2017 12234.5928  16.9%     -    0s
     0     0 12234.5928    0  298 14727.2017 12234.5928  16.9%     -    0s
     0     0 12234.5928    0  196 14727.2017 12234.5928  16.9%     -    1s
     0     0 12234.5928    0  181 14727.2017 12234.5928  16.9%     -    1s
H    0     0                    14583.032328 12234.5928  16.1%     -    1s
H    0     0                    14573.117009 12234.5928  16.0%     -    1s
     0     2 12234.5928    0  180 14573.1170 12234.5928  16.0%     -    1s
H   34    40                    14561.032328 12234.5928  16.0%   260    1s
H   67    89                    14559.032328 12234.5928  16.0%   154    1s
H   73    89                    14527.032328 12234.5928  15.8%   149    1s
H  120   220                    14398.947648 12234.5928  15.0%   138    2s
H  133   220                    14391.947648 12234.5928  15.0%   132    2s
H  176   220                    14385.947648 12234.5928  15.0%   149    2s
H  176   220                    14336.947648 12234.5928  14.7%   149    2s
H  198   220                    14258.778287 12234.5928  14.2%   135    2s
H  224   398                    14253.778287 12234.5928  14.2%   123    2s
H  225   398                    14252.778287 12234.5928  14.2%   123    2s
H  252   398                    14016.608911 12234.5928  12.7%   114    2s
H  415   804                    13983.608927 12234.5928  12.5%  92.0    3s
H  630   804                    13976.608927 12234.5928  12.5%  72.5    3s
H  852  1418                    13970.693607 12234.5928  12.4%  61.5    3s
H  947  1418                    13930.608927 12234.5928  12.2%  57.7    3s
H 1293  1418                    13882.608927 12234.5928  11.9%  49.1    3s
H 1587  1870                    13868.608927 12234.5928  11.8%  43.9    4s
H 1643  1856                    13666.608927 12234.5928  10.5%  44.3    4s
  2211  2436 12234.5928   11  321 13666.6089 12234.5928  10.5%  44.1    5s
H 2326  2431                    13660.608927 12234.5928  10.4%  43.4    5s
H 3220  2551                    13656.608927 12234.5928  10.4%  49.8    8s
H 3329  2491                    13650.608927 12234.5928  10.4%  49.0    8s
H 3450  2534                    13646.608927 12234.5928  10.3%  48.2    9s
H 3670  2357                    13644.608927 12234.5928  10.3%  46.7    9s
  3673  2528 12374.8487   48  226 13644.6089 12234.5928  10.3%  46.7   10s
H 3740  2405                    13640.608927 12234.5928  10.3%  46.9   10s
H 4011  2774                    13624.608927 12234.5928  10.2%  45.7   10s
H 4612  2690                    13618.608927 12234.5928  10.2%  42.3   11s
H 4961  3136                    13492.524246 12234.5928  9.32%  41.2   11s
H 7513  3655                    13468.524246 12234.5928  9.16%  33.7   12s
H 7531  3537                    13357.439566 12234.5928  8.41%  33.8   12s
H 8408  4240                    13349.439566 12234.5928  8.35%  32.6   13s
H 8438  4139                    13281.354886 12234.5928  7.88%  32.6   13s
 10132  5430 infeasible  112      13281.3549 12234.5928  7.88%  30.3   15s
H11564  6479                    13274.354886 12234.5928  7.83%  29.3   16s
H11581  6479                    13273.354886 12234.5928  7.83%  29.3   16s
H11623  6472                    13263.270205 12234.5928  7.76%  29.4   16s
H11698  6413                    13222.270205 12234.5928  7.47%  29.4   17s
H11701  6412                    13218.270205 12234.5928  7.44%  29.4   17s
H11959  6651                    13094.185525 12234.5928  6.56%  29.5   18s
 15667  9233 12572.7749   38  215 13094.1855 12234.5928  6.56%  27.9   20s
H15713  9231                    13092.185525 12234.5928  6.55%  27.9   20s

Cutting planes:
  Learned: 30
  Gomory: 37
  Cover: 134
  Implied bound: 11
  Clique: 115
  MIR: 21
  StrongCG: 5
  Flow cover: 55
  GUB cover: 1
  Inf proof: 1
  Network: 8
  RLT: 4
  Relax-and-lift: 14

Explored 15869 nodes (460458 simplex iterations) in 20.82 seconds (23.06 work units)
Thread count was 8 (of 8 available processors)

Solution count 10: 13092.2 13094.2 13218.3 ... 13357.4

Solve interrupted
Best objective 1.309218552486e+04, best bound 1.223459276243e+04, gap 6.5504%

User-callback calls 38865, time in user-callback 0.06 sec

Statistics for modelBBUP_O:
  Linear constraint matrix    : 15526 Constrs, 6398 Vars, 57519 NZs
  Variable types              : 2448 Continuous,
3950 Integer (691 Binary)
  Matrix coefficient range    : [ 1, 384 ]
  Objective coefficient range : [ 0.0846803, 25127.9 ]
  Variable bound range        : [ 1, 199 ]
  RHS coefficient range       : [ 1, 549 ]

Gurobi 10.0.1 (mac64[arm]) logging started Fri Mar 29 14:39:49 2024

Set parameter LogFile to value "/Users/deniserings/Documents/zib/s-bahn-data/scripts/DeniseMA/processed/BBUP_O/original/LP_based/BBUP_O_subgradient_202403291428act_.log"
Gurobi Optimizer version 10.0.1 build v10.0.1rc0 (mac64[arm])

CPU model: Apple M2
Thread count: 8 physical cores, 8 logical processors, using up to 8 threads

Optimize a model with 15548 rows, 6398 columns and 57569 nonzeros
Model fingerprint: 0xe1215cdc
Variable types: 2448 continuous, 3950 integer (691 binary)
Coefficient statistics:
  Matrix range     [1e+00, 4e+02]
  Objective range  [5e-01, 3e+04]
  Bounds range     [1e+00, 2e+02]
  RHS range        [1e+00, 5e+02]

User MIP start produced solution with objective 13378.6 (0.00s)
Loaded user MIP start with objective 13378.6

Presolve removed 7101 rows and 2044 columns
Presolve time: 0.07s
Presolved: 8447 rows, 4354 columns, 31899 nonzeros
Variable types: 1088 continuous, 3266 integer (3266 binary)

Root relaxation: objective 1.237727e+04, 3047 iterations, 0.01 seconds (0.01 work units)

    Nodes    |    Current Node    |     Objective Bounds      |     Work
 Expl Unexpl |  Obj  Depth IntInf | Incumbent    BestBd   Gap | It/Node Time

     0     0 12377.2677    0  247 13378.6247 12377.2677  7.48%     -    0s
     0     0 12377.2677    0  598 13378.6247 12377.2677  7.48%     -    0s
     0     0 12377.2677    0  550 13378.6247 12377.2677  7.48%     -    0s
     0     0 12377.2677    0  170 13378.6247 12377.2677  7.48%     -    0s
     0     0 12377.2677    0  352 13378.6247 12377.2677  7.48%     -    0s
     0     0 12377.2677    0  188 13378.6247 12377.2677  7.48%     -    0s
     0     0 12377.2677    0  357 13378.6247 12377.2677  7.48%     -    1s
     0     0 12377.2677    0  214 13378.6247 12377.2677  7.48%     -    1s
     0     0 12377.2677    0  181 13378.6247 12377.2677  7.48%     -    1s
     0     0 12377.2677    0  197 13378.6247 12377.2677  7.48%     -    1s
     0     0 12377.2677    0  460 13378.6247 12377.2677  7.48%     -    1s
     0     0 12377.2677    0  403 13378.6247 12377.2677  7.48%     -    1s
     0     0 12377.2677    0  178 13378.6247 12377.2677  7.48%     -    1s
     0     0 12377.2677    0  353 13378.6247 12377.2677  7.48%     -    2s
     0     0 12377.2677    0  154 13378.6247 12377.2677  7.48%     -    2s
     0     0 12377.2677    0  312 13378.6247 12377.2677  7.48%     -    2s
     0     0 12377.2677    0  173 13378.6247 12377.2677  7.48%     -    2s
     0     0 12377.2677    0  345 13378.6247 12377.2677  7.48%     -    2s
     0     0 12377.2677    0  198 13378.6247 12377.2677  7.48%     -    2s
     0     0 12377.2677    0  198 13378.6247 12377.2677  7.48%     -    2s
     0     2 12377.2677    0  188 13378.6247 12377.2677  7.48%     -    3s
H  174   201                    13376.624729 12377.2677  7.47%  94.5    3s
H  198   201                    13375.624729 12377.2677  7.46%  87.1    3s
H  341   384                    13372.624729 12377.2677  7.44%  63.2    4s
H  366   384                    13344.080106 12377.2677  7.25%  60.3    4s
H  435   540                    13339.080106 12377.2677  7.21%  53.6    4s
H  535   540                    13335.080106 12377.2677  7.18%  47.4    4s
H  879   939                    13329.080106 12377.2677  7.14%  39.0    4s
  1034  1299 infeasible   97      13329.0801 12377.2677  7.14%  36.3    5s
H 1496  1412                    13328.080106 12377.2677  7.13%  32.9    5s
H 1606  1412                    13268.535482 12377.2677  6.72%  32.7    5s
H 1957  1826                    13264.535482 12377.2677  6.69%  33.3    5s
H 1983  1826                    13263.535482 12377.2677  6.68%  33.3    5s
H 2491  1971                    13260.535482 12377.8124  6.66%  40.9    9s
  2698  2231 12584.9016   45  223 13260.5355 12377.8124  6.66%  40.3   10s
  5589  3359 infeasible  111      13260.5355 12377.8124  6.66%  37.0   16s
  8523  5753 13055.0040   52  238 13260.5355 12377.8124  6.66%  37.1   20s

Cutting planes:
  Learned: 70
  Gomory: 143
  Cover: 337
  Implied bound: 39
  Projected implied bound: 1
  Clique: 133
  MIR: 98
  StrongCG: 7
  Flow cover: 290
  GUB cover: 3
  Inf proof: 1
  Zero half: 1
  Network: 13
  RLT: 14
  Relax-and-lift: 22

Explored 9705 nodes (391895 simplex iterations) in 20.25 seconds (24.43 work units)
Thread count was 8 (of 8 available processors)

Solution count 10: 13260.5 13263.5 13264.5 ... 13372.6

Solve interrupted
Best objective 1.326053548230e+04, best bound 1.237781236468e+04, gap 6.6568%

User-callback calls 25116, time in user-callback 0.04 sec

Statistics for modelBBUP_O:
  Linear constraint matrix    : 15548 Constrs, 6398 Vars, 57569 NZs
  Variable types              : 2448 Continuous,
3950 Integer (691 Binary)
  Matrix coefficient range    : [ 1, 384 ]
  Objective coefficient range : [ 0.544624, 25414.3 ]
  Variable bound range        : [ 1, 199 ]
  RHS coefficient range       : [ 1, 549 ]

Gurobi 10.0.1 (mac64[arm]) logging started Fri Mar 29 14:40:10 2024

Set parameter LogFile to value "/Users/deniserings/Documents/zib/s-bahn-data/scripts/DeniseMA/processed/BBUP_O/original/LP_based/BBUP_O_subgradient_202403291428act_.log"
Gurobi Optimizer version 10.0.1 build v10.0.1rc0 (mac64[arm])

CPU model: Apple M2
Thread count: 8 physical cores, 8 logical processors, using up to 8 threads

Optimize a model with 15550 rows, 6398 columns and 57573 nonzeros
Model fingerprint: 0xd7a07cd5
Variable types: 2448 continuous, 3950 integer (691 binary)
Coefficient statistics:
  Matrix range     [1e+00, 4e+02]
  Objective range  [1e+00, 3e+04]
  Bounds range     [1e+00, 2e+02]
  RHS range        [1e+00, 5e+02]

User MIP start produced solution with objective 13210.3 (0.01s)
Loaded user MIP start with objective 13210.3

Presolve removed 7147 rows and 2085 columns
Presolve time: 0.09s
Presolved: 8403 rows, 4313 columns, 31971 nonzeros
Variable types: 1081 continuous, 3232 integer (3232 binary)

Root relaxation: objective 1.234849e+04, 3045 iterations, 0.01 seconds (0.01 work units)

    Nodes    |    Current Node    |     Objective Bounds      |     Work
 Expl Unexpl |  Obj  Depth IntInf | Incumbent    BestBd   Gap | It/Node Time

     0     0 12348.4936    0  237 13210.2748 12348.4936  6.52%     -    0s
     0     0 12348.4936    0  581 13210.2748 12348.4936  6.52%     -    0s
     0     0 12348.4936    0  540 13210.2748 12348.4936  6.52%     -    0s
     0     0 12348.4936    0  187 13210.2748 12348.4936  6.52%     -    0s
     0     0 12348.4936    0  343 13210.2748 12348.4936  6.52%     -    0s
     0     0 12348.4936    0  241 13210.2748 12348.4936  6.52%     -    0s
     0     0 12348.4936    0  382 13210.2748 12348.4936  6.52%     -    1s
     0     0 12348.4936    0  210 13210.2748 12348.4936  6.52%     -    1s
     0     0 12348.4936    0  200 13210.2748 12348.4936  6.52%     -    1s
     0     2 12348.4936    0  171 13210.2748 12348.4936  6.52%     -    1s
H 1021  1088                    13183.274772 12348.4936  6.33%  89.9    4s
  1301  1532 12514.4936   36  364 13183.2748 12348.4936  6.33%  79.3    5s
H 1494  1532                    13182.274772 12348.4936  6.33%  78.5    5s
  2752  2515 12410.8798   66  203 13182.2748 12348.4936  6.33%  69.7   10s
  7741  4458 12974.6336   62  275 13182.2748 12348.4936  6.33%  43.1   15s
 13195  8907 12414.4936   71  211 13182.2748 12348.4936  6.33%  35.9   20s

Cutting planes:
  Learned: 26
  Gomory: 38
  Cover: 195
  Implied bound: 26
  Projected implied bound: 3
  Clique: 99
  MIR: 34
  StrongCG: 4
  Flow cover: 85
  GUB cover: 9
  Network: 12
  RLT: 3
  Relax-and-lift: 22

Explored 15030 nodes (532387 simplex iterations) in 20.34 seconds (23.87 work units)
Thread count was 8 (of 8 available processors)

Solution count 3: 13182.3 13183.3 13210.3 

Solve interrupted
Best objective 1.318227477191e+04, best bound 1.234849361695e+04, gap 6.3250%

User-callback calls 33992, time in user-callback 0.05 sec

Statistics for modelBBUP_O:
  Linear constraint matrix    : 15550 Constrs, 6398 Vars, 57573 NZs
  Variable types              : 2448 Continuous,
3950 Integer (691 Binary)
  Matrix coefficient range    : [ 1, 384 ]
  Objective coefficient range : [ 1, 25364.1 ]
  Variable bound range        : [ 1, 199 ]
  RHS coefficient range       : [ 1, 549 ]

Gurobi 10.0.1 (mac64[arm]) logging started Fri Mar 29 14:40:31 2024

Set parameter LogFile to value "/Users/deniserings/Documents/zib/s-bahn-data/scripts/DeniseMA/processed/BBUP_O/original/LP_based/BBUP_O_subgradient_202403291428act_.log"
Gurobi Optimizer version 10.0.1 build v10.0.1rc0 (mac64[arm])

CPU model: Apple M2
Thread count: 8 physical cores, 8 logical processors, using up to 8 threads

Optimize a model with 15550 rows, 6398 columns and 57573 nonzeros
Model fingerprint: 0xbc37022d
Variable types: 2448 continuous, 3950 integer (691 binary)
Coefficient statistics:
  Matrix range     [1e+00, 4e+02]
  Objective range  [1e+00, 3e+04]
  Bounds range     [1e+00, 2e+02]
  RHS range        [1e+00, 5e+02]

User MIP start produced solution with objective 14351.1 (0.01s)
Loaded user MIP start with objective 14351.1

Presolve removed 7147 rows and 2085 columns
Presolve time: 0.09s
Presolved: 8403 rows, 4313 columns, 31971 nonzeros
Variable types: 1081 continuous, 3232 integer (3232 binary)

Root relaxation: objective 1.293657e+04, 3031 iterations, 0.01 seconds (0.01 work units)

    Nodes    |    Current Node    |     Objective Bounds      |     Work
 Expl Unexpl |  Obj  Depth IntInf | Incumbent    BestBd   Gap | It/Node Time

     0     0 12936.5713    0  233 14351.1426 12936.5713  9.86%     -    0s
     0     0 12936.5713    0  628 14351.1426 12936.5713  9.86%     -    0s
     0     0 12936.5713    0  627 14351.1426 12936.5713  9.86%     -    0s
     0     0 12936.5713    0  265 14351.1426 12936.5713  9.86%     -    0s
     0     0 12936.5713    0  380 14351.1426 12936.5713  9.86%     -    0s
     0     0 12936.5713    0  217 14351.1426 12936.5713  9.86%     -    0s
     0     0 12936.5713    0  405 14351.1426 12936.5713  9.86%     -    0s
     0     0 12936.5713    0  211 14351.1426 12936.5713  9.86%     -    1s
     0     0 12936.5713    0  196 14351.1426 12936.5713  9.86%     -    1s
     0     2 12936.5713    0  176 14351.1426 12936.5713  9.86%     -    1s
  1588  1372 13216.0951   97  169 14351.1426 12936.5713  9.86%  39.7    5s
  4424  2874 13340.0951   44  174 14351.1426 12936.5713  9.86%  34.7   10s
 12684  8349 13664.0951   82  198 14351.1426 12936.5713  9.86%  25.2   15s
 21894 16241 13729.6188   77  171 14351.1426 12936.5713  9.86%  23.3   20s

Cutting planes:
  Learned: 30
  Gomory: 43
  Cover: 151
  Implied bound: 22
  Projected implied bound: 1
  Clique: 102
  MIR: 38
  StrongCG: 5
  Flow cover: 83
  GUB cover: 1
  Inf proof: 1
  Network: 7
  RLT: 4
  Relax-and-lift: 20

Explored 24230 nodes (570051 simplex iterations) in 20.56 seconds (22.97 work units)
Thread count was 8 (of 8 available processors)

Solution count 1: 14351.1 

Solve interrupted
Best objective 1.435114258629e+04, best bound 1.293657129314e+04, gap 9.8569%

User-callback calls 51466, time in user-callback 0.07 sec

Statistics for modelBBUP_O:
  Linear constraint matrix    : 15550 Constrs, 6398 Vars, 57573 NZs
  Variable types              : 2448 Continuous,
3950 Integer (691 Binary)
  Matrix coefficient range    : [ 1, 384 ]
  Objective coefficient range : [ 1, 26532.9 ]
  Variable bound range        : [ 1, 199 ]
  RHS coefficient range       : [ 1, 549 ]

Gurobi 10.0.1 (mac64[arm]) logging started Fri Mar 29 14:40:51 2024

Set parameter LogFile to value "/Users/deniserings/Documents/zib/s-bahn-data/scripts/DeniseMA/processed/BBUP_O/original/LP_based/BBUP_O_subgradient_202403291428act_.log"
Gurobi Optimizer version 10.0.1 build v10.0.1rc0 (mac64[arm])

CPU model: Apple M2
Thread count: 8 physical cores, 8 logical processors, using up to 8 threads

Optimize a model with 15550 rows, 6398 columns and 57573 nonzeros
Model fingerprint: 0x9f3c9a85
Variable types: 2448 continuous, 3950 integer (691 binary)
Coefficient statistics:
  Matrix range     [1e+00, 4e+02]
  Objective range  [1e+00, 2e+03]
  Bounds range     [1e+00, 2e+02]
  RHS range        [1e+00, 5e+02]

User MIP start produced solution with objective -10195.1 (0.01s)
Loaded user MIP start with objective -10195.1

Presolve removed 7149 rows and 2086 columns
Presolve time: 0.08s
Presolved: 8401 rows, 4312 columns, 31816 nonzeros
Variable types: 1079 continuous, 3233 integer (3233 binary)

Root relaxation: objective -1.054508e+04, 2949 iterations, 0.01 seconds (0.01 work units)

    Nodes    |    Current Node    |     Objective Bounds      |     Work
 Expl Unexpl |  Obj  Depth IntInf | Incumbent    BestBd   Gap | It/Node Time

     0     0 -10545.082    0  167 -10195.082 -10545.082  3.43%     -    0s
     0     0 -10545.082    0  166 -10195.082 -10545.082  3.43%     -    0s
     0     0 -10545.082    0  492 -10195.082 -10545.082  3.43%     -    0s
     0     0 -10545.082    0  518 -10195.082 -10545.082  3.43%     -    0s
     0     0 -10545.082    0  182 -10195.082 -10545.082  3.43%     -    0s
     0     0 -10545.082    0  216 -10195.082 -10545.082  3.43%     -    0s
     0     0 -10545.082    0  230 -10195.082 -10545.082  3.43%     -    0s
     0     0 -10545.082    0  367 -10195.082 -10545.082  3.43%     -    0s
     0     0 -10545.082    0  131 -10195.082 -10545.082  3.43%     -    1s
     0     0 -10545.082    0  339 -10195.082 -10545.082  3.43%     -    1s
     0     0 -10545.082    0  197 -10195.082 -10545.082  3.43%     -    1s
     0     0 -10545.082    0  143 -10195.082 -10545.082  3.43%     -    1s
     0     2 -10545.082    0  143 -10195.082 -10545.082  3.43%     -    1s
  1954  2052 -10459.082   56  372 -10195.082 -10545.082  3.43%  47.3    5s
  3377  2461 -10387.082   53  360 -10195.082 -10545.082  3.43%  49.6   10s
 10692  5602 -10341.082   45  270 -10195.082 -10545.082  3.43%  32.6   15s
 15965  8638 -10253.082   77  324 -10195.082 -10545.082  3.43%  30.0   20s

Cutting planes:
  Learned: 34
  Gomory: 40
  Cover: 263
  Implied bound: 30
  Projected implied bound: 1
  Clique: 137
  MIR: 60
  StrongCG: 5
  Flow cover: 99
  GUB cover: 3
  Inf proof: 2
  Zero half: 1
  Network: 16
  RLT: 3
  Relax-and-lift: 21

Explored 16135 nodes (502513 simplex iterations) in 20.20 seconds (22.61 work units)
Thread count was 8 (of 8 available processors)

Solution count 1: -10195.1 

Solve interrupted
Best objective -1.019508151573e+04, best bound -1.054508151573e+04, gap 3.4330%

User-callback calls 39330, time in user-callback 0.06 sec

Statistics for modelBBUP_O:
  Linear constraint matrix    : 15550 Constrs, 6398 Vars, 57573 NZs
  Variable types              : 2448 Continuous,
3950 Integer (691 Binary)
  Matrix coefficient range    : [ 1, 384 ]
  Objective coefficient range : [ 1, 2131.76 ]
  Variable bound range        : [ 1, 199 ]
  RHS coefficient range       : [ 1, 549 ]

Gurobi 10.0.1 (mac64[arm]) logging started Fri Mar 29 14:41:12 2024

Set parameter LogFile to value "/Users/deniserings/Documents/zib/s-bahn-data/scripts/DeniseMA/processed/BBUP_O/original/LP_based/BBUP_O_subgradient_202403291428act_.log"
Gurobi Optimizer version 10.0.1 build v10.0.1rc0 (mac64[arm])

CPU model: Apple M2
Thread count: 8 physical cores, 8 logical processors, using up to 8 threads

Optimize a model with 15550 rows, 6398 columns and 57573 nonzeros
Model fingerprint: 0x08be1435
Variable types: 2448 continuous, 3950 integer (691 binary)
Coefficient statistics:
  Matrix range     [1e+00, 4e+02]
  Objective range  [1e+00, 5e+05]
  Bounds range     [1e+00, 2e+02]
  RHS range        [1e+00, 5e+02]

User MIP start produced solution with objective 505276 (0.01s)
Loaded user MIP start with objective 505276

Presolve removed 7147 rows and 2085 columns
Presolve time: 0.09s
Presolved: 8403 rows, 4313 columns, 31971 nonzeros
Variable types: 1081 continuous, 3232 integer (3232 binary)

Root relaxation: objective 1.320400e+04, 2946 iterations, 0.01 seconds (0.01 work units)

    Nodes    |    Current Node    |     Objective Bounds      |     Work
 Expl Unexpl |  Obj  Depth IntInf | Incumbent    BestBd   Gap | It/Node Time

     0     0 13204.0000    0  213 505275.625 13204.0000  97.4%     -    0s
H    0     0                    464592.48924 13204.0000  97.2%     -    0s
H    0     0                    464459.48924 13204.0000  97.2%     -    0s
     0     0 13216.1434    0  613 464459.489 13216.1434  97.2%     -    0s
     0     0 13216.1434    0  573 464459.489 13216.1434  97.2%     -    0s
     0     0 13224.0000    0  601 464459.489 13224.0000  97.2%     -    0s
     0     0 13224.0000    0  611 464459.489 13224.0000  97.2%     -    0s
     0     0 13224.0000    0  673 464459.489 13224.0000  97.2%     -    0s
     0     0 13224.0000    0  718 464459.489 13224.0000  97.2%     -    0s
H    0     0                    423753.35386 13236.0000  96.9%     -    0s
H    0     0                    423748.35386 13236.0000  96.9%     -    0s
H    0     0                    423744.35386 13236.0000  96.9%     -    0s
H    0     0                    423742.35386 13236.0000  96.9%     -    0s
     0     0 13236.0000    0  193 423742.354 13236.0000  96.9%     -    0s
     0     0 13236.0000    0  304 423742.354 13236.0000  96.9%     -    1s
H    0     0                    382930.21847 13236.0000  96.5%     -    1s
     0     0 13236.0000    0  558 382930.218 13236.0000  96.5%     -    1s
H    0     0                    300971.94770 13236.0000  95.6%     -    1s
     0     0 13236.0000    0  566 300971.948 13236.0000  95.6%     -    1s
     0     0 13236.0000    0  293 300971.948 13236.0000  95.6%     -    1s
     0     0 13236.0000    0  231 300971.948 13236.0000  95.6%     -    1s
     0     0 13236.0000    0  189 300971.948 13236.0000  95.6%     -    1s
     0     0 13236.0000    0  482 300971.948 13236.0000  95.6%     -    1s
     0     0 13236.0000    0  439 300971.948 13236.0000  95.6%     -    1s
     0     0 13236.0000    0  518 300971.948 13236.0000  95.6%     -    1s
     0     0 13236.0000    0  484 300971.948 13236.0000  95.6%     -    1s
     0     0 13236.0000    0  508 300971.948 13236.0000  95.6%     -    2s
     0     0 13236.0000    0  488 300971.948 13236.0000  95.6%     -    2s
     0     0 13236.0000    0  151 300971.948 13236.0000  95.6%     -    2s
     0     0 13236.0000    0  238 300971.948 13236.0000  95.6%     -    2s
     0     0 13236.0000    0  136 300971.948 13236.0000  95.6%     -    2s
     0     0 13236.0000    0  136 300971.948 13236.0000  95.6%     -    2s
     0     2 13236.0000    0  104 300971.948 13236.0000  95.6%     -    2s
H  248   255                    300959.94770 13236.0000  95.6%  88.1    3s
H  260   350                    260129.81231 13236.0000  94.9%  85.6    3s
H  810   773                    219293.67693 13236.0000  94.0%  50.0    4s
  1106  1153 13300.1279   27  267 219293.677 13236.0000  94.0%  46.8    5s
H 1861  1551                    219291.67693 13236.0000  94.0%  41.3    6s
  1894  1566 13320.0000   77  115 219291.677 13292.0000  93.9%  40.9   10s
  1924  1588 13745.0000   83  232 219291.677 13292.0000  93.9%  59.0   15s
  1960  1612 13309.9963    9  250 219291.677 13309.9963  93.9%  57.9   20s

Cutting planes:
  Learned: 46
  Gomory: 73
  Cover: 285
  Implied bound: 41
  Projected implied bound: 8
  Clique: 88
  MIR: 114
  StrongCG: 87
  Flow cover: 337
  GUB cover: 5
  Inf proof: 2
  Zero half: 3
  Network: 19
  RLT: 5
  Relax-and-lift: 49

Explored 1960 nodes (197616 simplex iterations) in 20.06 seconds (19.60 work units)
Thread count was 8 (of 8 available processors)

Solution count 10: 219292 219294 260130 ... 423753

Solve interrupted
Best objective 2.192916769278e+05, best bound 1.330999630296e+04, gap 93.9305%

User-callback calls 11390, time in user-callback 0.02 sec

Statistics for modelBBUP_O:
  Linear constraint matrix    : 15550 Constrs, 6398 Vars, 57573 NZs
  Variable types              : 2448 Continuous,
3950 Integer (691 Binary)
  Matrix coefficient range    : [ 1, 384 ]
  Objective coefficient range : [ 1, 517457 ]
  Variable bound range        : [ 1, 199 ]
  RHS coefficient range       : [ 1, 549 ]

Gurobi 10.0.1 (mac64[arm]) logging started Fri Mar 29 14:41:32 2024

Set parameter LogFile to value "/Users/deniserings/Documents/zib/s-bahn-data/scripts/DeniseMA/processed/BBUP_O/original/LP_based/BBUP_O_subgradient_202403291428act_.log"
Gurobi Optimizer version 10.0.1 build v10.0.1rc0 (mac64[arm])

CPU model: Apple M2
Thread count: 8 physical cores, 8 logical processors, using up to 8 threads

Optimize a model with 15557 rows, 6398 columns and 57587 nonzeros
Model fingerprint: 0xc9182baf
Variable types: 2448 continuous, 3950 integer (691 binary)
Coefficient statistics:
  Matrix range     [1e+00, 4e+02]
  Objective range  [1e+00, 3e+05]
  Bounds range     [1e+00, 2e+02]
  RHS range        [1e+00, 5e+02]

User MIP start produced solution with objective 13251 (0.00s)
Loaded user MIP start with objective 13251

Presolve removed 7690 rows and 2555 columns
Presolve time: 0.11s
Presolved: 7867 rows, 3843 columns, 30388 nonzeros
Variable types: 1018 continuous, 2825 integer (2825 binary)

Root relaxation: objective 1.219800e+04, 2524 iterations, 0.02 seconds (0.02 work units)

    Nodes    |    Current Node    |     Objective Bounds      |     Work
 Expl Unexpl |  Obj  Depth IntInf | Incumbent    BestBd   Gap | It/Node Time

     0     0 12198.0000    0  155 13251.0000 12198.0000  7.95%     -    0s
     0     0 12198.0000    0  481 13251.0000 12198.0000  7.95%     -    0s
     0     0 12198.0000    0  425 13251.0000 12198.0000  7.95%     -    0s
     0     0 12198.0000    0  159 13251.0000 12198.0000  7.95%     -    0s
     0     0 12198.0000    0  176 13251.0000 12198.0000  7.95%     -    0s
     0     0 12198.0000    0  174 13251.0000 12198.0000  7.95%     -    0s
     0     0 12198.0000    0  260 13251.0000 12198.0000  7.95%     -    0s
     0     0 12198.0000    0  127 13251.0000 12198.0000  7.95%     -    0s
     0     0 12198.0000    0  209 13251.0000 12198.0000  7.95%     -    1s
     0     0 12198.0000    0  156 13251.0000 12198.0000  7.95%     -    1s
     0     0 12198.0000    0  137 13251.0000 12198.0000  7.95%     -    1s
     0     2 12198.0000    0  137 13251.0000 12198.0000  7.95%     -    1s
H 1914  1702                    13250.000000 12198.0000  7.94%  48.3    4s
  2190  1703 12352.0000    4  137 13250.0000 12198.0000  7.94%  46.8    5s
  4074  2662 12620.0035   44  195 13250.0000 12198.0000  7.94%  41.5   10s
 10497  7360 12596.0000   66  173 13250.0000 12198.0000  7.94%  30.8   15s
 18730 12482 12814.2864   30  141 13250.0000 12198.0000  7.94%  27.6   20s
 24610 16533 12955.0000   91  168 13250.0000 12198.0000  7.94%  26.7   25s
 30861 21621 12658.3855   65  218 13250.0000 12198.0000  7.94%  25.6   33s

Cutting planes:
  Learned: 24
  Gomory: 24
  Cover: 217
  Implied bound: 20
  Projected implied bound: 9
  Clique: 118
  MIR: 34
  StrongCG: 12
  Flow cover: 89
  GUB cover: 1
  Inf proof: 2
  Zero half: 1
  Network: 12
  RLT: 16
  Relax-and-lift: 21

Explored 32256 nodes (841803 simplex iterations) in 33.83 seconds (37.80 work units)
Thread count was 8 (of 8 available processors)

Solution count 2: 13250 13251 

Solve interrupted
Best objective 1.325000000000e+04, best bound 1.219800000000e+04, gap 7.9396%

User-callback calls 75685, time in user-callback 0.11 sec

Statistics for modelBBUP_O:
  Linear constraint matrix    : 15557 Constrs, 6398 Vars, 57587 NZs
  Variable types              : 2448 Continuous,
3950 Integer (691 Binary)
  Matrix coefficient range    : [ 1, 384 ]
  Objective coefficient range : [ 1, 311417 ]
  Variable bound range        : [ 1, 199 ]
  RHS coefficient range       : [ 1, 549 ]

Gurobi 10.0.1 (mac64[arm]) logging started Fri Mar 29 14:42:07 2024

Set parameter LogFile to value "/Users/deniserings/Documents/zib/s-bahn-data/scripts/DeniseMA/processed/BBUP_O/original/LP_based/BBUP_O_subgradient_202403291428act_.log"
Gurobi Optimizer version 10.0.1 build v10.0.1rc0 (mac64[arm])

CPU model: Apple M2
Thread count: 8 physical cores, 8 logical processors, using up to 8 threads

Optimize a model with 15557 rows, 6398 columns and 57587 nonzeros
Model fingerprint: 0x2a56d3c9
Variable types: 2448 continuous, 3950 integer (691 binary)
Coefficient statistics:
  Matrix range     [1e+00, 4e+02]
  Objective range  [1e+00, 3e+05]
  Bounds range     [1e+00, 2e+02]
  RHS range        [1e+00, 5e+02]

User MIP start produced solution with objective 12958.1 (0.01s)
Loaded user MIP start with objective 12958.1

Presolve removed 7690 rows and 2555 columns
Presolve time: 0.11s
Presolved: 7867 rows, 3843 columns, 30388 nonzeros
Variable types: 1018 continuous, 2825 integer (2825 binary)

Root relaxation: objective 1.190610e+04, 2524 iterations, 0.02 seconds (0.02 work units)

    Nodes    |    Current Node    |     Objective Bounds      |     Work
 Expl Unexpl |  Obj  Depth IntInf | Incumbent    BestBd   Gap | It/Node Time

     0     0 11906.1025    0  155 12958.1025 11906.1025  8.12%     -    0s
     0     0 11906.1025    0  461 12958.1025 11906.1025  8.12%     -    0s
     0     0 11906.1025    0  448 12958.1025 11906.1025  8.12%     -    0s
     0     0 11906.1025    0  118 12958.1025 11906.1025  8.12%     -    0s
     0     0 11906.1025    0  239 12958.1025 11906.1025  8.12%     -    0s
     0     0 11906.1025    0  150 12958.1025 11906.1025  8.12%     -    0s
     0     0 11906.1025    0  283 12958.1025 11906.1025  8.12%     -    0s
     0     0 11906.1025    0  257 12958.1025 11906.1025  8.12%     -    0s
     0     0 11906.1025    0  293 12958.1025 11906.1025  8.12%     -    1s
     0     0 11906.1025    0  185 12958.1025 11906.1025  8.12%     -    1s
     0     0 11906.1025    0  168 12958.1025 11906.1025  8.12%     -    1s
     0     2 11906.1025    0  141 12958.1025 11906.1025  8.12%     -    1s
  2576  2034 12515.1025   99  168 12958.1025 11906.1025  8.12%  47.5    5s
  3291  2801 12866.1025   43  118 12958.1025 11906.1025  8.12%  52.4   10s
H 3822  2514                    12908.102542 11906.1025  7.76%  48.9   10s
H 5876  3341                    12903.102542 11906.1025  7.73%  42.4   13s
  6404  4133 12465.1025   64  151 12903.1025 11906.1025  7.73%  41.3   15s
 12776  7752 infeasible   83      12903.1025 11906.1025  7.73%  34.8   20s
 16371 10435 12692.1025   66  155 12903.1025 11906.1025  7.73%  34.1   25s
 23698 14562 12276.1025  107  136 12903.1025 11906.1025  7.73%  31.9   30s

Cutting planes:
  Learned: 25
  Gomory: 23
  Cover: 233
  Implied bound: 36
  Projected implied bound: 3
  Clique: 118
  MIR: 41
  StrongCG: 21
  Flow cover: 97
  GUB cover: 2
  Inf proof: 1
  Zero half: 3
  Network: 20
  RLT: 11
  Relax-and-lift: 14

Explored 23711 nodes (770734 simplex iterations) in 30.57 seconds (34.71 work units)
Thread count was 8 (of 8 available processors)

Solution count 3: 12903.1 12908.1 12958.1 

Solve interrupted
Best objective 1.290310254210e+04, best bound 1.190610254210e+04, gap 7.7268%

User-callback calls 60335, time in user-callback 0.09 sec

Statistics for modelBBUP_O:
  Linear constraint matrix    : 15557 Constrs, 6398 Vars, 57587 NZs
  Variable types              : 2448 Continuous,
3950 Integer (691 Binary)
  Matrix coefficient range    : [ 1, 384 ]
  Objective coefficient range : [ 1, 311125 ]
  Variable bound range        : [ 1, 199 ]
  RHS coefficient range       : [ 1, 549 ]

Gurobi 10.0.1 (mac64[arm]) logging started Fri Mar 29 14:42:38 2024

Set parameter LogFile to value "/Users/deniserings/Documents/zib/s-bahn-data/scripts/DeniseMA/processed/BBUP_O/original/LP_based/BBUP_O_subgradient_202403291428act_.log"
Gurobi Optimizer version 10.0.1 build v10.0.1rc0 (mac64[arm])

CPU model: Apple M2
Thread count: 8 physical cores, 8 logical processors, using up to 8 threads

Optimize a model with 15557 rows, 6398 columns and 57587 nonzeros
Model fingerprint: 0x669c5268
Variable types: 2448 continuous, 3950 integer (691 binary)
Coefficient statistics:
  Matrix range     [1e+00, 4e+02]
  Objective range  [1e+00, 3e+05]
  Bounds range     [1e+00, 2e+02]
  RHS range        [1e+00, 5e+02]

User MIP start produced solution with objective 20213.8 (0.00s)
Loaded user MIP start with objective 20213.8

Presolve removed 7690 rows and 2555 columns
Presolve time: 0.10s
Presolved: 7867 rows, 3843 columns, 30388 nonzeros
Variable types: 1018 continuous, 2825 integer (2825 binary)

Root relaxation: objective 1.323600e+04, 2489 iterations, 0.01 seconds (0.02 work units)

    Nodes    |    Current Node    |     Objective Bounds      |     Work
 Expl Unexpl |  Obj  Depth IntInf | Incumbent    BestBd   Gap | It/Node Time

     0     0 13236.0000    0  164 20213.7594 13236.0000  34.5%     -    0s
     0     0 13238.5911    0  445 20213.7594 13238.5911  34.5%     -    0s
     0     0 13238.5911    0  410 20213.7594 13238.5911  34.5%     -    0s
     0     0 13276.0000    0  603 20213.7594 13276.0000  34.3%     -    0s
     0     0 13276.0000    0  485 20213.7594 13276.0000  34.3%     -    0s
     0     0 13276.0000    0  630 20213.7594 13276.0000  34.3%     -    0s
     0     0 13276.0000    0  525 20213.7594 13276.0000  34.3%     -    0s
H    0     0                    19031.007530 13276.0000  30.2%     -    0s
     0     0 13276.0000    0  157 19031.0075 13276.0000  30.2%     -    0s
     0     0 13276.0000    0  223 19031.0075 13276.0000  30.2%     -    0s
H    0     0                    19020.007530 13276.0000  30.2%     -    1s
     0     0 13276.0000    0  165 19020.0075 13276.0000  30.2%     -    1s
     0     0 13276.0000    0  159 19020.0075 13276.0000  30.2%     -    1s
H    0     0                    19018.007530 13276.0000  30.2%     -    1s
     0     0 13276.0000    0  123 19018.0075 13276.0000  30.2%     -    1s
     0     0 13276.0000    0  333 19018.0075 13276.0000  30.2%     -    1s
H    0     0                    19012.007530 13276.0000  30.2%     -    1s
     0     0 13276.0000    0  291 19012.0075 13276.0000  30.2%     -    1s
H    0     0                    19010.007530 13276.0000  30.2%     -    1s
     0     0 13280.0333    0  446 19010.0075 13280.0333  30.1%     -    1s
     0     0 13280.0333    0  471 19010.0075 13280.0333  30.1%     -    1s
     0     0 13280.0333    0  448 19010.0075 13280.0333  30.1%     -    1s
     0     0 13280.0333    0  408 19010.0075 13280.0333  30.1%     -    1s
H    0     0                    19008.007530 13280.0333  30.1%     -    2s
     0     0 13282.6667    0  167 19008.0075 13282.6667  30.1%     -    2s
     0     0 13282.6667    0  287 19008.0075 13282.6667  30.1%     -    2s
     0     0 13282.6667    0  341 19008.0075 13282.6667  30.1%     -    2s
     0     0 13282.6667    0  350 19008.0075 13282.6667  30.1%     -    2s
     0     0 13282.6667    0  137 19008.0075 13282.6667  30.1%     -    2s
     0     0 13282.6667    0  212 19008.0075 13282.6667  30.1%     -    2s
     0     0 13282.6667    0  142 19008.0075 13282.6667  30.1%     -    2s
     0     0 13282.6667    0   85 19008.0075 13282.6667  30.1%     -    2s
     0     2 13282.6667    0   75 19008.0075 13282.6667  30.1%     -    2s
H  170   155                    17952.255647 13298.4759  25.9%  71.6    3s
H  203   184                    17948.255647 13298.4759  25.9%  71.1    3s
H  204   184                    16850.503765 13298.4759  21.1%  71.1    3s
H  216   193                    16847.503765 13298.4759  21.1%  72.5    3s
H  382   324                    16846.503765 13298.4759  21.1%  58.7    3s
H  386   324                    16840.503765 13298.4759  21.0%  58.1    3s
H  767   619                    16839.503765 13298.4759  21.0%  44.6    4s
  1391  1170 13328.0000   24  367 16839.5038 13300.3482  21.0%  39.4    5s
H 1641  1225                    16839.503752 13300.3482  21.0%  48.5    8s
H 1653  1165                    16837.503765 13300.3482  21.0%  48.7    8s
H 2326  1479                    16122.751882 13300.3482  17.5%  44.0   10s
H 2327  1429                    15940.751882 13300.3482  16.6%  44.0   10s
H 2339  1368                    15698.751882 13300.3482  15.3%  44.0   10s
H 3154  1677                    15687.751882 13300.3482  15.2%  42.4   11s
H 3795  1830                    15626.751882 13300.3482  14.9%  42.7   12s
H 4795  2525                    15622.751882 13300.3482  14.9%  43.4   14s
H 4795  2524                    15619.751882 13300.3482  14.8%  43.4   14s
H 4799  2509                    15602.751882 13300.3482  14.8%  43.4   14s
H 4801  2486                    15592.751882 13300.3482  14.7%  43.4   14s
  5517  3346 13910.5440   43  302 15592.7519 13300.3482  14.7%  44.2   15s
  8329  5121 15082.7519   42  283 15592.7519 13300.3482  14.7%  46.2   20s
H11443  7164                    15381.000000 13300.3482  13.5%  46.3   24s
 11664  7279 14926.7519   43  185 15381.0000 13300.3482  13.5%  46.4   25s
H11954  7558                    15373.000000 13300.3482  13.5%  47.1   26s
H12242  7539                    15367.000000 13300.3482  13.4%  47.0   26s
H14648  9460                    15362.000000 13300.3482  13.4%  46.7   29s
H15031  9450                    15358.000000 13300.3482  13.4%  47.0   29s
H15032  7112                    14578.000000 13300.3482  8.76%  47.0   32s

Cutting planes:
  Learned: 91
  Gomory: 132
  Cover: 512
  Implied bound: 78
  Projected implied bound: 15
  Clique: 116
  MIR: 115
  StrongCG: 29
  Flow cover: 312
  GUB cover: 1
  Inf proof: 4
  Zero half: 4
  Network: 37
  RLT: 31
  Relax-and-lift: 31

Explored 17061 nodes (836339 simplex iterations) in 32.20 seconds (37.01 work units)
Thread count was 8 (of 8 available processors)

Solution count 10: 14578 15358 15362 ... 15622.8

Solve interrupted
Best objective 1.457800000000e+04, best bound 1.330034822804e+04, gap 8.7642%

User-callback calls 42853, time in user-callback 0.08 sec

Statistics for modelBBUP_O:
  Linear constraint matrix    : 15557 Constrs, 6398 Vars, 57587 NZs
  Variable types              : 2448 Continuous,
3950 Integer (691 Binary)
  Matrix coefficient range    : [ 1, 384 ]
  Objective coefficient range : [ 1, 318435 ]
  Variable bound range        : [ 1, 199 ]
  RHS coefficient range       : [ 1, 549 ]
