
Gurobi 10.0.1 (linux64) logging started Fri Mar 29 21:21:13 2024

Set parameter LogFile to value "/data/optimi/optimi/kombadon/drings/SBahn/s-bahn-data/scripts/DeniseMA/processed/BPKW_BKRW_BSNF_O/RENS/BPKW_BKRW_BSNF_O_subMBP_slack_0.9_202403291815.log"
Gurobi Optimizer version 10.0.1 build v10.0.1rc0 (linux64)

CPU model: Intel(R) Xeon(R) CPU E3-1270 v6 @ 3.80GHz, instruction set [SSE2|AVX|AVX2]
Thread count: 4 physical cores, 8 logical processors, using up to 8 threads

Optimize a model with 4423 rows, 2168 columns and 15775 nonzeros
Model fingerprint: 0x70ab94d6
Variable types: 838 continuous, 1330 integer (358 binary)
Coefficient statistics:
  Matrix range     [1e+00, 2e+02]
  Objective range  [1e+00, 4e+02]
  Bounds range     [1e+00, 2e+02]
  RHS range        [1e+00, 5e+02]
Presolve removed 2515 rows and 1086 columns
Presolve time: 0.10s
Presolved: 1908 rows, 1082 columns, 7653 nonzeros
Variable types: 352 continuous, 730 integer (730 binary)

Root relaxation: objective 9.180000e+03, 647 iterations, 0.01 seconds (0.01 work units)

    Nodes    |    Current Node    |     Objective Bounds      |     Work
 Expl Unexpl |  Obj  Depth IntInf | Incumbent    BestBd   Gap | It/Node Time

     0     0 9180.00000    0   28          - 9180.00000      -     -    0s
H    0     0                    10815.000000 9180.00000  15.1%     -    0s
     0     0 9182.61650    0   71 10815.0000 9182.61650  15.1%     -    0s
H    0     0                    10087.000000 9182.61650  8.97%     -    0s
     0     0 9182.61650    0   68 10087.0000 9182.61650  8.97%     -    0s
     0     0 9200.00000    0   59 10087.0000 9200.00000  8.79%     -    0s
     0     0 9200.00000    0   56 10087.0000 9200.00000  8.79%     -    0s
     0     0 9200.00000    0   74 10087.0000 9200.00000  8.79%     -    0s
     0     0 9200.00000    0   79 10087.0000 9200.00000  8.79%     -    0s
     0     0 9200.00000    0   39 10087.0000 9200.00000  8.79%     -    0s
     0     0 9200.00000    0   37 10087.0000 9200.00000  8.79%     -    0s
H    0     0                    10033.000000 9200.00000  8.30%     -    0s
     0     0 9200.00000    0   26 10033.0000 9200.00000  8.30%     -    0s
     0     0 9200.00000    0   42 10033.0000 9200.00000  8.30%     -    0s
     0     0 9200.00000    0   25 10033.0000 9200.00000  8.30%     -    0s
     0     0 9200.00000    0   23 10033.0000 9200.00000  8.30%     -    0s
H    0     0                    9909.0000000 9200.00000  7.16%     -    0s
     0     0 9200.00000    0   20 9909.00000 9200.00000  7.16%     -    0s
     0     0 9200.00000    0   32 9909.00000 9200.00000  7.16%     -    0s
H    0     0                    9868.0000000 9200.00000  6.77%     -    0s
     0     0 9200.00000    0   18 9868.00000 9200.00000  6.77%     -    0s
     0     0 9200.00000    0   17 9868.00000 9200.00000  6.77%     -    0s
     0     2 9200.00000    0   10 9868.00000 9200.00000  6.77%     -    0s
H  290   259                    9856.0000000 9200.00000  6.66%  14.8    0s
H  346   300                    9845.0000000 9200.00000  6.55%  15.1    0s
H  543   447                    9817.0000000 9200.00000  6.29%  13.9    0s
H  723   564                    9802.0000000 9200.00000  6.14%  13.6    0s
H  821   606                    9801.0000000 9200.00000  6.13%  13.7    0s
H 1132   767                    9797.0000000 9219.65267  5.89%  13.3    2s
H 1147   737                    9793.0000000 9222.62058  5.82%  13.1    3s
  1183   762 9390.00000   36   56 9793.00000 9224.92058  5.80%  26.2    5s
H 1221   748                    9789.0000000 9225.74290  5.75%  29.1    6s
H 1230   715                    9783.0000000 9225.99752  5.69%  28.8    7s
H 1233   681                    9771.0000000 9226.00568  5.58%  28.8    7s
  1283   716 9390.00000   36  127 9771.00000 9226.34591  5.57%  36.2   10s
 10237  5089 9455.96455   80   33 9771.00000 9257.34400  5.26%  24.9   15s
 24805 12190 9423.88523   62   40 9771.00000 9307.36970  4.74%  24.6   20s
 29993 14328 9371.77611   73  165 9771.00000 9321.14360  4.60%  24.5   25s
 30598 14551 9581.38095   99   21 9771.00000 9321.14360  4.60%  24.9   30s
 41547 16820 9494.97596   71   78 9771.00000 9396.93223  3.83%  25.5   35s
 56395 19443 9698.00000   92   18 9771.00000 9413.15662  3.66%  25.1   40s
 70570 21395 9525.37221   84   81 9771.00000 9423.61356  3.56%  25.3   45s
 84642 26718 9475.51862   75   46 9771.00000 9432.51844  3.46%  25.5   50s
 97841 31787 9560.05143   75   63 9771.00000 9441.92508  3.37%  25.7   55s
 110864 37101 9498.80502   89   70 9771.00000 9449.57142  3.29%  25.7   60s
 124363 42525 9604.51115   80   93 9771.00000 9456.62965  3.22%  25.9   65s
 137066 47583     cutoff   89      9771.00000 9462.00000  3.16%  25.9   70s
 150874 53017 9642.00000   76   20 9771.00000 9467.33270  3.11%  25.9   75s
 162843 57781     cutoff   85      9771.00000 9471.48873  3.07%  26.0   80s
 175223 62349 9658.00000   88   15 9771.00000 9476.22476  3.02%  26.1   85s
 185779 66517 9746.00000  103   23 9771.00000 9480.51931  2.97%  26.2   90s
 198358 71146 9728.00000   86   48 9771.00000 9484.00000  2.94%  26.2   95s
 212474 76794     cutoff   85      9771.00000 9488.00000  2.90%  26.2  100s
 225752 81651 9662.32909   80   58 9771.00000 9492.02402  2.86%  26.2  105s
 238359 86012 infeasible   89      9771.00000 9495.51931  2.82%  26.2  110s
 251329 90775 9620.56716   79   85 9771.00000 9499.00000  2.78%  26.2  115s
 261942 94344 9737.00000   83   31 9771.00000 9502.47072  2.75%  26.2  120s
 274711 98905 infeasible   72      9771.00000 9505.82192  2.71%  26.3  125s
 286821 103011     cutoff   85      9771.00000 9508.67470  2.68%  26.3  130s
 299581 107354 9613.55792   87   79 9771.00000 9512.51862  2.65%  26.3  135s
*307279 109883              83    9770.9999949 9514.40337  2.63%  26.2  138s
H307845 110083                    9770.9999120 9514.73091  2.62%  26.2  138s
 311641 111617 infeasible   91      9770.99991 9515.51931  2.61%  26.2  140s
 322045 115106 infeasible   96      9770.99991 9518.51931  2.58%  26.2  145s
 334267 119241     cutoff   85      9770.99991 9521.26455  2.56%  26.2  150s
 346824 123190 9656.00000   89   40 9770.99991 9524.00000  2.53%  26.1  155s
 358444 127032 9687.00000   81   29 9770.99991 9526.98709  2.50%  26.1  160s
 370238 131051     cutoff  104      9770.99991 9529.67241  2.47%  26.1  165s
 383329 135106 9742.00000   89   16 9770.99991 9533.00000  2.44%  26.0  170s
 396366 139154 infeasible   86      9770.99991 9536.00000  2.41%  25.9  175s
 407498 142255 9681.00000   76   40 9770.99991 9539.00000  2.37%  25.9  180s
 419974 145990 9765.00000   86   47 9770.99991 9542.29428  2.34%  25.9  185s
 431883 149627 9709.35322   85   36 9770.99991 9545.60355  2.31%  25.9  190s
 445220 153443 9622.67442   95   25 9770.99991 9548.51931  2.28%  25.8  195s
 457379 156944 9733.00000   85   19 9770.99991 9551.48315  2.25%  25.8  200s
 469299 160519 9743.38476   76  105 9770.99991 9554.00000  2.22%  25.7  205s
 481821 163651 9661.34699   78  104 9770.99991 9557.00000  2.19%  25.7  210s
 493112 167178 9751.51931   84   34 9770.99991 9559.79083  2.16%  25.7  215s
 505822 170817 9721.00000   87   28 9770.99991 9562.23256  2.14%  25.6  220s
 518292 174519 9726.00000   93   26 9770.99991 9564.41931  2.11%  25.6  225s
 529500 177603 9675.05652   82  113 9770.99991 9567.27020  2.09%  25.6  230s
 543051 181480     cutoff   99      9770.99991 9569.72537  2.06%  25.5  235s
 553734 184211 9607.81828   79   54 9770.99991 9571.75815  2.04%  25.5  240s
 566881 187677     cutoff   94      9770.99991 9574.18242  2.01%  25.4  245s
 579116 190968 infeasible   88      9770.99991 9576.85030  1.99%  25.4  250s
 591097 194348 9700.00000   97   17 9770.99991 9578.50086  1.97%  25.4  255s
 604329 198146 9610.97050   75  113 9770.99991 9580.77870  1.95%  25.3  260s
 617009 201658 9758.00000   90   19 9770.99991 9583.00000  1.92%  25.3  265s
 628683 205029 9687.14338   91   23 9770.99991 9584.95754  1.90%  25.2  270s
 639642 208176 9645.45273   86   48 9770.99991 9586.42141  1.89%  25.2  275s
 652166 211523 9635.00000   87   15 9770.99991 9587.92807  1.87%  25.1  280s
 665413 215525 9657.94749   78   58 9770.99991 9589.39400  1.86%  25.1  285s
 678374 219114 9710.00000   89   11 9770.99991 9590.51931  1.85%  25.0  290s
 690732 221952 9659.24812  103   21 9770.99991 9592.00000  1.83%  25.0  295s
 701438 224779 9678.01924   79   65 9770.99991 9592.63025  1.83%  24.9  300s
 713519 228445     cutoff   73      9770.99991 9593.88606  1.81%  24.9  305s
 726174 232020 9678.41634   80   87 9770.99991 9594.73499  1.80%  24.8  310s
 738626 234985 9701.12681   81   38 9770.99991 9595.96274  1.79%  24.8  315s
 751259 237832     cutoff   87      9770.99991 9597.00000  1.78%  24.7  320s
 762226 241070     cutoff   86      9770.99991 9597.73646  1.77%  24.7  325s
 775120 244709     cutoff   84      9770.99991 9598.57576  1.76%  24.6  330s
 787234 247907     cutoff   96      9770.99991 9599.01709  1.76%  24.6  335s
 799362 250979 9654.00000   93   19 9770.99991 9600.00000  1.75%  24.6  340s
 811383 253954     cutoff   99      9770.99991 9600.86031  1.74%  24.5  345s
 822438 257075     cutoff  105      9770.99991 9601.66575  1.73%  24.5  350s
 835436 260887 9633.51931   91   27 9770.99991 9602.51931  1.72%  24.5  355s
 848515 264296 9728.00000   79   33 9770.99991 9603.00000  1.72%  24.4  360s
 860202 267260 9675.61963   87   28 9770.99991 9603.75299  1.71%  24.4  365s
 871449 270300 9706.53580  114   37 9770.99991 9604.00000  1.71%  24.3  370s
 882679 273396 9646.86904  100   67 9770.99991 9604.65598  1.70%  24.3  375s
 895422 276684 9675.00000   88   28 9770.99991 9605.70652  1.69%  24.3  380s
 906612 279580 9646.00000   79   49 9770.99991 9606.16475  1.69%  24.3  385s
 917624 282611 infeasible   93      9770.99991 9607.00000  1.68%  24.2  390s
 930206 285957 9663.76322   93   42 9770.99991 9607.57971  1.67%  24.2  395s
 941987 288935 9631.00000   93   13 9770.99991 9608.00000  1.67%  24.2  400s
 954073 292166 9611.52355   90   30 9770.99991 9608.74499  1.66%  24.1  405s
 963872 294802 9613.00000   89   50 9770.99991 9609.00000  1.66%  24.1  410s
 976431 297947 9645.42466   96   42 9770.99991 9609.15992  1.66%  24.1  415s
 989101 301018 9760.03944   84   34 9770.99991 9609.82353  1.65%  24.1  420s
 999908 303775 9624.18851   84   45 9770.99991 9610.48693  1.64%  24.0  425s
 1011458 306286 9611.00000   99   15 9770.99991 9611.00000  1.64%  24.0  430s
 1023420 309339 9680.00000   90   17 9770.99991 9611.58589  1.63%  24.0  435s
 1034916 312197 9612.00000   81   39 9770.99991 9612.00000  1.63%  24.0  440s
 1047762 315660 9714.67332   93   45 9770.99991 9612.51931  1.62%  23.9  445s
 1059126 318438 9635.45044   96   13 9770.99991 9613.00000  1.62%  23.9  450s
 1070226 320978     cutoff   87      9770.99991 9613.38872  1.61%  23.9  455s
 1082196 324291 9622.00000   97   20 9770.99991 9613.92117  1.61%  23.9  460s
 1093713 326640 9653.93834   91   35 9770.99991 9614.00000  1.61%  23.9  465s
 1104085 328774 9687.39999   92   20 9770.99991 9614.00907  1.61%  23.9  470s
 1114929 331519 9659.00000   97   28 9770.99991 9614.51931  1.60%  23.8  475s
 1127337 334004 infeasible   85      9770.99991 9615.00000  1.60%  23.8  480s
 1137457 336503 9688.73050   89   76 9770.99991 9615.52847  1.59%  23.8  485s
 1147979 338887 9646.93348   93   51 9770.99991 9616.00000  1.59%  23.8  490s
 1160070 341566 9704.00000   94   29 9770.99991 9616.51931  1.58%  23.8  495s
 1171159 344007 infeasible   97      9770.99991 9617.00000  1.58%  23.8  500s
 1181400 346649 9694.00000  102   12 9770.99991 9617.51399  1.57%  23.8  505s
 1193476 349876 9658.68022   83   69 9770.99991 9617.88307  1.57%  23.7  510s
 1203844 351749 9652.00000  100   33 9770.99991 9618.00000  1.57%  23.7  515s
 1215025 354167     cutoff   84      9770.99991 9618.43245  1.56%  23.7  520s
 1225262 356551 9681.00000   93   33 9770.99991 9618.91771  1.56%  23.7  525s
 1235447 358708 9739.45635   91   51 9770.99991 9619.00000  1.56%  23.7  530s
 1245553 361206 9679.00000   87   23 9770.99991 9619.51931  1.55%  23.7  535s
 1255102 363301 9663.96530   74   45 9770.99991 9619.87277  1.55%  23.7  540s
 1267506 365837 9664.00000  106   22 9770.99991 9620.00000  1.55%  23.7  545s
 1278390 368352 9630.00000   86   43 9770.99991 9620.51931  1.54%  23.7  550s
 1288333 370308 9626.20422   95   34 9770.99991 9621.00000  1.54%  23.7  555s
 1299675 372466     cutoff   95      9770.99991 9621.29791  1.53%  23.7  560s
 1310113 374751     cutoff   91      9770.99991 9621.83845  1.53%  23.7  565s
 1318206 376051     cutoff   91      9770.99991 9622.00000  1.52%  23.7  570s
 1328966 378476 9672.00000   95    9 9770.99991 9622.00000  1.52%  23.7  575s
 1338741 380786     cutoff   84      9770.99991 9622.51931  1.52%  23.6  580s
 1349984 383487 9697.65130   86  101 9770.99991 9622.72221  1.52%  23.6  585s
 1360650 385061     cutoff   93      9770.99991 9623.00000  1.51%  23.6  590s
 1370553 387366 infeasible   93      9770.99991 9623.33312  1.51%  23.6  595s
 1381723 389739     cutoff   86      9770.99991 9623.79559  1.51%  23.6  600s
 1391705 391418 9671.00000   89   12 9770.99991 9624.00000  1.50%  23.6  605s

Cutting planes:
  Learned: 84
  Gomory: 191
  Cover: 783
  Implied bound: 70
  Clique: 6
  MIR: 308
  StrongCG: 21
  Flow cover: 1121
  GUB cover: 2
  Inf proof: 49
  Zero half: 10
  Network: 10
  RLT: 59
  Relax-and-lift: 24

Explored 1397935 nodes (33037598 simplex iterations) in 607.60 seconds (531.84 work units)
Thread count was 8 (of 8 available processors)

Solution count 10: 9771 9771 9771 ... 9817

Solve interrupted
Best objective 9.770999912020e+03, best bound 9.624000000000e+03, gap 1.5045%

User-callback calls 2939752, time in user-callback 7.44 sec

Statistics for modelBPKW_BKRW_BSNF_O:
  Linear constraint matrix    : 4423 Constrs, 2168 Vars, 15775 NZs
  Variable types              : 838 Continuous,
1330 Integer (358 Binary)
  Matrix coefficient range    : [ 1, 200 ]
  Objective coefficient range : [ 1, 368 ]
  Variable bound range        : [ 1, 199 ]
  RHS coefficient range       : [ 1, 549 ]
