
Gurobi 10.0.1 (linux64) logging started Fri Mar 29 21:31:21 2024

Set parameter LogFile to value "/data/optimi/optimi/kombadon/drings/SBahn/s-bahn-data/scripts/DeniseMA/processed/BPKW_BKRW_BSNF_O/RENS/BPKW_BKRW_BSNF_O_subMBP_other alternatives_0.6_202403291815.log"
Gurobi Optimizer version 10.0.1 build v10.0.1rc0 (linux64)

CPU model: Intel(R) Xeon(R) CPU E3-1270 v6 @ 3.80GHz, instruction set [SSE2|AVX|AVX2]
Thread count: 4 physical cores, 8 logical processors, using up to 8 threads

Optimize a model with 4453 rows, 2168 columns and 15805 nonzeros
Model fingerprint: 0x76a0af1b
Variable types: 838 continuous, 1330 integer (358 binary)
Coefficient statistics:
  Matrix range     [1e+00, 2e+02]
  Objective range  [1e+00, 4e+02]
  Bounds range     [1e+00, 2e+02]
  RHS range        [1e+00, 5e+02]
Presolve removed 2502 rows and 1065 columns
Presolve time: 0.11s
Presolved: 1951 rows, 1103 columns, 7873 nonzeros
Variable types: 364 continuous, 739 integer (739 binary)

Root relaxation: objective 9.180000e+03, 678 iterations, 0.01 seconds (0.01 work units)

    Nodes    |    Current Node    |     Objective Bounds      |     Work
 Expl Unexpl |  Obj  Depth IntInf | Incumbent    BestBd   Gap | It/Node Time

     0     0 9180.00000    0   30          - 9180.00000      -     -    0s
H    0     0                    10989.000000 9180.00000  16.5%     -    0s
H    0     0                    10902.000000 9180.00000  15.8%     -    0s
     0     0 9180.00000    0   68 10902.0000 9180.00000  15.8%     -    0s
H    0     0                    10868.000000 9180.00000  15.5%     -    0s
     0     0 9180.00000    0   85 10868.0000 9180.00000  15.5%     -    0s
     0     0 9180.00000    0   23 10868.0000 9180.00000  15.5%     -    0s
     0     0 9180.00000    0   36 10868.0000 9180.00000  15.5%     -    0s
     0     0 9180.00000    0   33 10868.0000 9180.00000  15.5%     -    0s
     0     0 9180.00000    0   31 10868.0000 9180.00000  15.5%     -    0s
     0     0 9180.00000    0   20 10868.0000 9180.00000  15.5%     -    0s
     0     0 9180.00000    0   24 10868.0000 9180.00000  15.5%     -    0s
     0     0 9180.00000    0   21 10868.0000 9180.00000  15.5%     -    0s
     0     0 9180.00000    0   21 10868.0000 9180.00000  15.5%     -    0s
     0     2 9180.00000    0   19 10868.0000 9180.00000  15.5%     -    0s
H   35    40                    10735.000000 9180.00000  14.5%  21.1    0s
H  302   288                    10666.000000 9180.00000  13.9%  19.1    0s
H  348   379                    10643.000000 9180.00000  13.7%  18.5    0s
H  455   450                    10607.000000 9180.00000  13.5%  16.9    0s
H  472   449                    10293.000000 9180.00000  10.8%  16.6    0s
H  562   485                    10023.000000 9180.00000  8.41%  15.8    0s
H  675   565                    9998.0000000 9180.00000  8.18%  15.4    0s
H  718   636                    9990.0000000 9180.00000  8.11%  15.7    0s
H  843   708                    9967.0000000 9180.00000  7.90%  15.3    0s
H  929   751                    9911.0000000 9180.00000  7.38%  15.0    0s
H 1111   777                    9814.0000000 9225.12500  6.00%  14.8    1s
H 1131   751                    9793.0000000 9229.02701  5.76%  19.7    1s
  6229  3472 9433.45348   50   65 9793.00000 9250.88822  5.54%  19.3    5s
 27554 15348     cutoff   47      9793.00000 9299.80762  5.04%  19.2   10s
 29595 15950 9600.71266   49   63 9793.00000 9301.84762  5.02%  19.2   15s
 55582 24005 9715.31896   91   58 9793.00000 9301.84762  5.02%  17.0   20s
 87788 36539     cutoff   73      9793.00000 9301.84762  5.02%  16.0   25s
 121666 55736 9622.18764   74   60 9793.00000 9301.84762  5.02%  15.1   30s
 154988 74188     cutoff   94      9793.00000 9306.10118  4.97%  14.6   35s
 187379 91844 9415.05508   60   40 9793.00000 9312.46184  4.91%  14.3   40s
 215595 106654 9719.55385   78   29 9793.00000 9313.62845  4.90%  14.5   45s
 247240 124275 9545.27000   57   34 9793.00000 9318.10118  4.85%  14.5   50s
 275034 138989 infeasible   91      9793.00000 9319.10118  4.84%  14.4   55s
 301540 153979     cutoff   91      9793.00000 9319.10118  4.84%  14.7   60s
 331259 170612 9539.00000   78   22 9793.00000 9320.10118  4.83%  14.7   65s
 369696 188824 9643.87964   67   39 9793.00000 9321.12252  4.82%  14.4   70s
 405799 208381 9719.00000  100   15 9793.00000 9323.62041  4.79%  14.1   75s
 439404 225335     cutoff   73      9793.00000 9326.10118  4.77%  13.9   80s
 473804 243344 infeasible   86      9793.00000 9328.10118  4.75%  13.8   85s
 502057 259974 9628.00233  105   55 9793.00000 9329.10118  4.74%  13.9   90s
 535287 279003 9458.55385   64   28 9793.00000 9329.62845  4.73%  14.0   95s
 568861 296067 9608.84371   84   18 9793.00000 9330.10118  4.73%  13.9  100s
 599705 313178 9541.00000   76   31 9793.00000 9332.10118  4.71%  14.0  105s
 632746 329462 9743.41870   86   21 9793.00000 9333.10118  4.70%  13.9  110s
 662353 344067     cutoff   65      9793.00000 9334.10118  4.69%  14.0  115s
 695360 361338 9648.20000   92   32 9793.00000 9335.10118  4.68%  13.9  120s
 732733 379967 9585.00000   91   18 9793.00000 9336.10118  4.67%  13.8  125s
 762453 394641 9685.00000   93   48 9793.00000 9337.50659  4.65%  13.8  130s
 792415 409348 9501.00000   73   43 9793.00000 9338.10118  4.65%  13.9  135s
 821172 423842 9429.10118   57   41 9793.00000 9339.10118  4.63%  14.0  140s
 853175 439935 9469.00000   91   50 9793.00000 9340.10118  4.62%  13.9  145s
 883472 454733 infeasible   88      9793.00000 9342.10118  4.60%  13.9  150s
 920187 472235     cutoff   68      9793.00000 9342.10118  4.60%  13.9  155s
 955651 490131 9591.00000   78   14 9793.00000 9342.40898  4.60%  13.8  160s
 987167 506256     cutoff   84      9793.00000 9344.10118  4.58%  13.9  165s
 1021740 523959 9717.00000   91   17 9793.00000 9344.10118  4.58%  13.8  170s
 1053760 539570 9534.76019   82   40 9793.00000 9345.10118  4.57%  13.8  175s
 1083023 552992 9702.94601   62   47 9793.00000 9346.10118  4.56%  13.8  180s
 1111513 567912 9673.46821   65   54 9793.00000 9346.10118  4.56%  13.9  185s
 1143814 583030     cutoff   71      9793.00000 9346.14441  4.56%  13.9  190s
 1168747 593682 9588.88223   73   42 9793.00000 9347.10118  4.55%  14.0  195s
 1195724 607512 9366.61148   60   56 9793.00000 9348.10118  4.54%  14.0  200s
 1228528 621621 9558.36066   69   36 9793.00000 9348.78393  4.54%  14.0  205s
 1260386 637924     cutoff   87      9793.00000 9350.10118  4.52%  14.0  210s
 1302952 657329 9515.00000   83   34 9793.00000 9350.10118  4.52%  13.8  215s
 1339689 672791 9741.00000   81   21 9793.00000 9350.10118  4.52%  13.7  220s
 1372938 687487     cutoff   78      9793.00000 9350.10118  4.52%  13.7  225s
 1405337 702121 9621.00000   67   35 9793.00000 9351.10118  4.51%  13.7  230s
 1434920 717984     cutoff   76      9793.00000 9351.10118  4.51%  13.7  235s
 1464173 733661 9496.13632   77   54 9793.00000 9351.10118  4.51%  13.7  240s
 1495180 750124 9555.10118   74   33 9793.00000 9351.43807  4.51%  13.7  245s
 1526354 767412 9523.50116   81   30 9793.00000 9352.10118  4.50%  13.8  250s
 1561143 783652 infeasible   91      9793.00000 9352.45100  4.50%  13.7  255s
 1592823 798843     cutoff   64      9793.00000 9353.10118  4.49%  13.7  260s
 1623728 815727 9642.00000   74   46 9793.00000 9353.10118  4.49%  13.7  265s
 1654552 829991 9570.67206   75   62 9793.00000 9353.10118  4.49%  13.8  270s
 1684938 843826     cutoff   77      9793.00000 9353.10118  4.49%  13.8  275s
 1714201 857020 9464.10118   78   18 9793.00000 9353.65503  4.49%  13.8  280s
 1745948 873376 infeasible   83      9793.00000 9354.10118  4.48%  13.8  285s
 1780840 890202 9483.35000   72   43 9793.00000 9354.10118  4.48%  13.8  290s
 1817331 906783 9702.57143   65   56 9793.00000 9355.05155  4.47%  13.8  295s
 1846655 920033 9686.57333   83   19 9793.00000 9356.10118  4.46%  13.8  300s
 1880564 937239 9485.00000   78   31 9793.00000 9356.10118  4.46%  13.8  305s
 1912177 953438 9538.00000   74   27 9793.00000 9356.31687  4.46%  13.8  310s
 1941786 969150 9696.00000   78   27 9793.00000 9357.10118  4.45%  13.8  315s
 1971939 984357 9595.35971   83   57 9793.00000 9357.10118  4.45%  13.8  320s
 1999998 996436 9774.58580   70   41 9793.00000 9357.92618  4.44%  13.9  325s
 2027935 1011574     cutoff   74      9793.00000 9358.10118  4.44%  13.9  330s
 2058714 1027831 9587.74144   82   40 9793.00000 9358.10118  4.44%  13.9  335s
 2089958 1042881 infeasible   70      9793.00000 9358.28545  4.44%  13.9  340s
 2120194 1057713 9359.10118   55   45 9793.00000 9359.10118  4.43%  13.9  345s
 2150171 1071575 9599.00000   83   28 9793.00000 9359.15830  4.43%  14.0  350s
 2180978 1085133     cutoff   77      9793.00000 9360.10118  4.42%  14.0  355s
 2213354 1101334 9761.63759   91   33 9793.00000 9360.26387  4.42%  14.0  360s
 2245465 1115799 9655.00000   71   40 9793.00000 9362.10118  4.40%  14.0  365s
 2276882 1129944     cutoff   76      9793.00000 9362.10118  4.40%  14.0  370s
 2309268 1144274     cutoff   80      9793.00000 9362.10118  4.40%  14.0  375s
 2340566 1158851 9744.00000   80   17 9793.00000 9363.10118  4.39%  14.0  380s
 2371126 1172288 infeasible   66      9793.00000 9363.76975  4.38%  14.0  385s
 2406810 1191176 infeasible   95      9793.00000 9364.10118  4.38%  14.0  390s
 2440526 1207569 9766.01441   73   58 9793.00000 9364.10118  4.38%  13.9  395s
 2470118 1220579     cutoff   97      9793.00000 9365.10118  4.37%  14.0  400s
 2501411 1235397 9366.10118   74   31 9793.00000 9366.10118  4.36%  14.0  405s
 2536027 1248141 9650.00000   78   29 9793.00000 9366.10118  4.36%  13.9  410s
 2565004 1261061 9668.00000   81   32 9793.00000 9366.10118  4.36%  13.9  415s
 2597582 1275128 9366.10118   65   38 9793.00000 9366.10118  4.36%  13.9  420s
 2623381 1286027 9685.00000   90   42 9793.00000 9366.10118  4.36%  13.9  425s
 2655781 1300530 9671.45000   90   16 9793.00000 9366.55118  4.35%  13.9  430s
 2687087 1316424 infeasible   77      9793.00000 9367.10118  4.35%  13.9  435s
 2718286 1332459     cutoff   70      9793.00000 9367.10118  4.35%  14.0  440s
 2747584 1347247 9713.00800   78   30 9793.00000 9367.10918  4.35%  14.0  445s
 2774727 1358281 9505.21987  101   18 9793.00000 9368.10118  4.34%  14.0  450s
 2807449 1373887 infeasible  104      9793.00000 9368.10118  4.34%  14.0  455s
 2836102 1387089 9764.00000   61   37 9793.00000 9368.36556  4.34%  14.0  460s
 2868973 1402538 9747.00000   77   30 9793.00000 9369.10118  4.33%  14.0  465s
 2901133 1417126 9754.00000   80   22 9793.00000 9369.10118  4.33%  14.0  470s
 2927299 1427253 9498.10791   71   41 9793.00000 9369.20909  4.33%  14.0  475s
 2955720 1439989 9688.00000   95   26 9793.00000 9369.62041  4.32%  14.1  480s
 2985529 1454789 9599.10449   67   41 9793.00000 9370.10118  4.32%  14.1  485s
 3014305 1470522 9494.79764   69   41 9793.00000 9370.10118  4.32%  14.1  490s
 3044525 1485601 9499.14777   77   44 9793.00000 9370.10118  4.32%  14.1  495s
 3076466 1502810 9499.00000   78   26 9793.00000 9370.10118  4.32%  14.1  500s
 3107467 1519014 9743.43885   91   27 9793.00000 9370.10118  4.32%  14.1  505s
 3138386 1536435 9515.00000   57   33 9793.00000 9370.10118  4.32%  14.2  510s
 3170661 1553000 9716.00000   89   34 9793.00000 9370.13839  4.32%  14.2  515s
 3199401 1566644 9453.51923   65   46 9793.00000 9370.31687  4.32%  14.2  520s
 3230304 1581767 9572.00000   75   14 9793.00000 9371.10118  4.31%  14.2  525s
 3259090 1594377     cutoff   92      9793.00000 9371.45118  4.30%  14.2  530s
 3290565 1609804 9736.00000   92   13 9793.00000 9372.10118  4.30%  14.2  535s
 3321563 1624707 9668.69458   72   40 9793.00000 9372.10118  4.30%  14.2  540s
 3351657 1639041 infeasible   98      9793.00000 9372.10118  4.30%  14.2  545s
 3382436 1653173 9476.79764   75   50 9793.00000 9372.10118  4.30%  14.2  550s
 3414596 1668298 9774.00000   91   19 9793.00000 9372.46674  4.29%  14.2  555s
 3444307 1681202 9785.00000   95    8 9793.00000 9373.10118  4.29%  14.2  560s
 3474189 1696294 9546.10118   70   49 9793.00000 9373.10118  4.29%  14.2  565s
 3503714 1709558 9373.10118   62   59 9793.00000 9373.10118  4.29%  14.2  570s
 3531822 1721317 9374.10118   76   31 9793.00000 9374.10118  4.28%  14.2  575s
 3567749 1739828 9503.00000   89   35 9793.00000 9374.10118  4.28%  14.2  580s
 3607243 1759038     cutoff  101      9793.00000 9374.10118  4.28%  14.2  585s
 3637894 1773350 infeasible   88      9793.00000 9374.10118  4.28%  14.2  590s
 3669220 1788121 9612.00000   80   19 9793.00000 9374.90118  4.27%  14.2  595s
 3700479 1804299 infeasible   72      9793.00000 9375.10118  4.27%  14.2  600s

Cutting planes:
  Learned: 10
  Gomory: 33
  Cover: 36
  Implied bound: 6
  Projected implied bound: 1
  Clique: 2
  MIR: 18
  StrongCG: 4
  Flow cover: 56
  GUB cover: 1
  Inf proof: 1
  Zero half: 1
  Network: 3
  RLT: 3
  Relax-and-lift: 6

Explored 3713494 nodes (52693079 simplex iterations) in 602.04 seconds (528.47 work units)
Thread count was 8 (of 8 available processors)

Solution count 10: 9793 9814 9911 ... 10643

Solve interrupted
Best objective 9.793000000000e+03, best bound 9.375101180211e+03, gap 4.2673%

User-callback calls 7594490, time in user-callback 16.44 sec

Statistics for modelBPKW_BKRW_BSNF_O:
  Linear constraint matrix    : 4453 Constrs, 2168 Vars, 15805 NZs
  Variable types              : 838 Continuous,
1330 Integer (358 Binary)
  Matrix coefficient range    : [ 1, 200 ]
  Objective coefficient range : [ 1, 368 ]
  Variable bound range        : [ 1, 199 ]
  RHS coefficient range       : [ 1, 549 ]
