
Gurobi 10.0.1 (mac64[arm]) logging started Thu Apr  4 17:41:58 2024

Set parameter LogFile to value "/Users/deniserings/Documents/zib/s-bahn-data/scripts/DeniseMA/processed/BBUP_O/original/BBUP_O_202404041628_start_sol.log"
Gurobi Optimizer version 10.0.1 build v10.0.1rc0 (mac64[arm])

CPU model: Apple M2
Thread count: 8 physical cores, 8 logical processors, using up to 8 threads

Optimize a model with 14315 rows, 5774 columns and 53171 nonzeros
Model fingerprint: 0xdc360ae7
Variable types: 1824 continuous, 3950 integer (691 binary)
Coefficient statistics:
  Matrix range     [1e+00, 2e+02]
  Objective range  [1e+00, 4e+02]
  Bounds range     [1e+00, 2e+02]
  RHS range        [1e+00, 5e+02]

Loaded user MIP start with objective 15761

Presolve removed 6264 rows and 1867 columns
Presolve time: 0.16s
Presolved: 8051 rows, 3907 columns, 31609 nonzeros
Variable types: 1001 continuous, 2906 integer (2906 binary)

Root relaxation: objective 1.323804e+04, 2756 iterations, 0.03 seconds (0.02 work units)

    Nodes    |    Current Node    |     Objective Bounds      |     Work
 Expl Unexpl |  Obj  Depth IntInf | Incumbent    BestBd   Gap | It/Node Time

     0     0 13238.0447    0  203 15761.0000 13238.0447  16.0%     -    0s
     0     0 13284.0000    0  479 15761.0000 13284.0000  15.7%     -    0s
     0     0 13284.0000    0  455 15761.0000 13284.0000  15.7%     -    0s
     0     0 13284.0000    0  549 15761.0000 13284.0000  15.7%     -    0s
     0     0 13284.0000    0  548 15761.0000 13284.0000  15.7%     -    0s
     0     0 13284.0000    0  553 15761.0000 13284.0000  15.7%     -    0s
     0     0 13284.0000    0  568 15761.0000 13284.0000  15.7%     -    0s
     0     0 13288.1176    0  609 15761.0000 13288.1176  15.7%     -    0s
     0     0 13293.8382    0  580 15761.0000 13293.8382  15.7%     -    0s
     0     0 13293.8691    0  584 15761.0000 13293.8691  15.7%     -    0s
     0     0 13293.8691    0  555 15761.0000 13293.8691  15.7%     -    0s
     0     0 13302.9838    0  671 15761.0000 13302.9838  15.6%     -    1s
     0     0 13303.9801    0  713 15761.0000 13303.9801  15.6%     -    1s
     0     0 13303.9801    0  637 15761.0000 13303.9801  15.6%     -    1s
     0     0 13304.5692    0  707 15761.0000 13304.5692  15.6%     -    1s
     0     0 13304.9677    0  663 15761.0000 13304.9677  15.6%     -    1s
     0     0 13304.9829    0  689 15761.0000 13304.9829  15.6%     -    1s
     0     0 13305.0510    0  699 15761.0000 13305.0510  15.6%     -    1s
     0     0 13305.0510    0  699 15761.0000 13305.0510  15.6%     -    1s
     0     0 13305.0510    0  703 15761.0000 13305.0510  15.6%     -    2s
     0     0 13305.0510    0  670 15761.0000 13305.0510  15.6%     -    2s
     0     0 13305.0510    0  267 15761.0000 13305.0510  15.6%     -    3s
     0     0 13305.0510    0  397 15761.0000 13305.0510  15.6%     -    3s
     0     0 13305.0510    0  225 15761.0000 13305.0510  15.6%     -    4s
     0     0 13305.0510    0  362 15761.0000 13305.0510  15.6%     -    4s
     0     0 13305.0510    0  247 15761.0000 13305.0510  15.6%     -    4s
H    0     0                    15760.000000 13305.0510  15.6%     -    4s
     0     0 13305.0510    0  247 15760.0000 13305.0510  15.6%     -    4s
     0     0 13305.0510    0  177 15760.0000 13305.0510  15.6%     -    5s
     0     0 13305.0510    0  354 15760.0000 13305.0510  15.6%     -    5s
     0     0 13305.0510    0  309 15760.0000 13305.0510  15.6%     -    5s
     0     0 13305.0510    0  304 15760.0000 13305.0510  15.6%     -    6s
     0     0 13305.0510    0  288 15760.0000 13305.0510  15.6%     -    6s
     0     0 13306.9714    0  389 15760.0000 13306.9714  15.6%     -    6s
     0     0 13307.2045    0  349 15760.0000 13307.2045  15.6%     -    6s
     0     0 13307.2264    0  361 15760.0000 13307.2264  15.6%     -    6s
     0     0 13307.2264    0  346 15760.0000 13307.2264  15.6%     -    6s
     0     0 13309.4490    0  410 15760.0000 13309.4490  15.5%     -    6s
     0     0 13309.8947    0  354 15760.0000 13309.8947  15.5%     -    6s
     0     0 13309.8947    0  348 15760.0000 13309.8947  15.5%     -    6s
     0     0 13310.0000    0  367 15760.0000 13310.0000  15.5%     -    6s
     0     0 13310.0000    0  377 15760.0000 13310.0000  15.5%     -    6s
     0     0 13310.0000    0  355 15760.0000 13310.0000  15.5%     -   11s
     0     0 13310.0000    0  334 15760.0000 13310.0000  15.5%     -   11s
     0     0 13310.0000    0  201 15760.0000 13310.0000  15.5%     -   11s
     0     0 13310.0000    0  289 15760.0000 13310.0000  15.5%     -   11s
     0     0 13310.0000    0  187 15760.0000 13310.0000  15.5%     -   11s
     0     0 13310.0000    0  236 15760.0000 13310.0000  15.5%     -   12s
     0     0 13310.0000    0  189 15760.0000 13310.0000  15.5%     -   12s
     0     0 13310.0000    0  187 15760.0000 13310.0000  15.5%     -   12s
     0     2 13310.0000    0  161 15760.0000 13310.0000  15.5%     -   12s
H  134   115                    15756.000000 13316.9677  15.5%   104   13s
H  181   154                    15754.000000 13316.9677  15.5%  91.0   13s
H  273   209                    15701.000000 13316.9677  15.2%  85.1   14s
H  285   209                    15511.000000 13316.9677  14.1%  85.2   14s
H  328   231                    15460.000000 13316.9677  13.9%  82.5   14s
H  353   302                    15399.000000 13316.9677  13.5%  84.7   15s
H  448   442                    15385.000000 13318.0000  13.4%  75.4   15s
H  702   631                    15384.000000 13318.0000  13.4%  64.2   16s
  1626  1189 13338.0000   26  421 15384.0000 13318.5531  13.4%  48.6   20s
  1643  1200 13328.0000   12  220 15384.0000 13328.0000  13.4%  48.1   25s
  2064  1566 13725.0000   33  246 15384.0000 13328.0000  13.4%  67.4   30s
H 2677  1663                    15380.000000 13328.0000  13.3%  65.7   33s
  2810  1828 13710.5527   27  272 15380.0000 13328.0000  13.3%  66.8   35s
  4084  2504 13862.0000   54  214 15380.0000 13328.0000  13.3%  65.5   40s
  5566  3454 13517.6164   22  435 15380.0000 13328.0000  13.3%  65.4   46s
  6517  3870 infeasible   49      15380.0000 13328.0000  13.3%  67.1   50s
  7805  5023 14755.0000   85  171 15380.0000 13328.0000  13.3%  67.1   56s
  9458  6085 13491.0000   36  343 15380.0000 13328.4636  13.3%  69.8   62s
 10897  6937 infeasible   62      15380.0000 13328.4917  13.3%  69.7   67s
 11250  7297 14742.0000   60  153 15380.0000 13328.5337  13.3%  71.1   70s
 12962  8389 13328.7430   21  425 15380.0000 13328.5337  13.3%  70.7   77s
 14869  9664 13328.7430   23  408 15380.0000 13328.7430  13.3%  70.6   82s
 15306 11628 14094.0000   58  168 15380.0000 13328.7430  13.3%  72.3   90s
 18105 11884 13328.7430   37  505 15380.0000 13328.7430  13.3%  73.1   95s
 18458 12518 infeasible   43      15380.0000 13328.7430  13.3%  73.5  101s
 19402 13996 13540.7430   30  272 15380.0000 13328.7430  13.3%  73.7  106s
 21742 14394 infeasible   42      15380.0000 13328.7430  13.3%  72.8  111s
 22363 14982 infeasible   40      15380.0000 13328.7430  13.3%  73.9  116s
 23261 16319 13643.2747   48  328 15380.0000 13328.7430  13.3%  74.6  121s
 25287 16770 13444.1535   32  400 15380.0000 13328.7430  13.3%  74.2  126s
 25967 17317 13418.8147   44  304 15380.0000 13328.7430  13.3%  75.0  132s
 26795 18555 13539.6149   38  287 15380.0000 13328.7430  13.3%  76.0  137s
 28778 18986 13412.1535   46  400 15380.0000 13328.7430  13.3%  76.1  143s
 29422 18987 14100.0202   72  247 15380.0000 13328.7430  13.3%  77.4  178s
 29427 18990 14047.0000   56  611 15380.0000 13331.4105  13.3%  77.4  180s
 29430 18992 13460.5976   54  420 15380.0000 13331.4105  13.3%  77.4  186s
 29432 18994 14256.0000   60  480 15380.0000 13331.4105  13.3%  77.4  190s
 29433 18994 14285.0000   74  267 15380.0000 13331.4105  13.3%  77.4  195s
 29542 19076 13415.3333   33  277 15380.0000 13331.4519  13.3%  78.5  200s
 29808 19235 13434.0000   48  326 15380.0000 13331.4519  13.3%  78.5  205s
 30274 19423 infeasible   62      15380.0000 13331.4519  13.3%  78.6  210s
 30709 19607 14560.0000   91   69 15380.0000 13331.4519  13.3%  78.7  215s
 31238 19793 13900.0889   72  311 15380.0000 13331.4519  13.3%  78.5  220s
 31645 20110 13456.0000   60  378 15380.0000 13335.7232  13.3%  78.7  225s
 32561 20520 13347.5323   32  523 15380.0000 13347.5323  13.2%  78.1  230s
 33725 21040 13347.6490   39  509 15380.0000 13347.5323  13.2%  78.5  237s
 34119 21494 13347.5323   37  541 15380.0000 13347.5323  13.2%  79.2  240s
 34964 21339 infeasible   70      15380.0000 13347.5323  13.2%  79.4  245s
 35666 21963 14261.0000   71  290 15380.0000 13347.5323  13.2%  81.4  253s
 36346 22449 13383.7455   39  499 15380.0000 13347.5323  13.2%  81.9  258s
 37480 22503 13367.4959   40  501 15380.0000 13347.5323  13.2%  82.3  262s
 38072 22961 13556.0000   57  311 15380.0000 13347.5323  13.2%  83.3  266s
 38974 23062 14160.0834   61  362 15380.0000 13347.6490  13.2%  83.9  272s
 39554 23869 13348.4519   39  528 15380.0000 13347.6490  13.2%  84.9  278s
 41018 23758 13442.4519   48  421 15380.0000 13347.6490  13.2%  85.8  283s
 41636 24013 infeasible   84      15380.0000 13347.6490  13.2%  86.5  289s
 42302 24921 13408.1302   47  448 15380.0000 13347.6490  13.2%  87.6  295s
 44018 24759 13348.4519   49  340 15380.0000 13347.8586  13.2%  88.5  302s
 44622 25414 13348.0000   37  291 15380.0000 13348.0000  13.2%  89.7  313s
 45975 26720 13775.0000   62  297 15380.0000 13348.0000  13.2%  91.6  323s
 48547 26376 infeasible   66      15380.0000 13348.0000  13.2%  92.4  330s
 49346 27079 14233.0000   50  341 15380.0000 13348.0000  13.2%  93.5  336s
 50719 28098 14418.0000  100  100 15380.0000 13348.0000  13.2%  94.5  344s
 52833 27930 13348.0000   38  526 15380.0000 13348.0000  13.2%  95.4  351s
 53660 28509 infeasible   60      15380.0000 13348.0000  13.2%  96.4  359s
 54920 29505 13938.4141   48  405 15380.0000 13348.0000  13.2%  96.8  366s
 57140 29226 14497.7322   52  311 15380.0000 13348.0000  13.2%  97.2  374s
 57783 29744 13503.0000   53  396 15380.0000 13348.0000  13.2%  97.8  382s
 58885 30074 13956.0000   46  334 15380.0000 13348.0000  13.2%  98.4  389s
 59972 31376 13348.0000   45  419 15380.0000 13348.0000  13.2%  99.1  398s
 62418 31023 infeasible   47      15380.0000 13348.0000  13.2%   100  404s
 63128 31403 13820.0000   51  417 15380.0000 13348.0000  13.2%   100  411s
 64050 31666 14518.0000   66  264 15380.0000 13348.0000  13.2%   101  418s
 64862 32986 13348.0000   43  448 15380.0000 13348.0000  13.2%   102  426s
 67253 32608 infeasible   75      15380.0000 13348.0000  13.2%   102  431s
 67920 32972 infeasible   62      15380.0000 13348.0000  13.2%   102  437s
 68976 33074 13400.9345   38  553 15380.0000 13348.0000  13.2%   103  444s
 69759 34274 13542.0000   50  313 15380.0000 13348.0000  13.2%   103  448s
 72008 33775 13460.0000   55  449 15380.0000 13348.0000  13.2%   103  454s
 72411 34109 14165.2049   55  369 15380.0000 13348.0000  13.2%   104  460s
 73194 34277 13398.0000   39  404 15380.0000 13348.0000  13.2%   104  467s
 73874 34582 infeasible   51      15380.0000 13348.0000  13.2%   105  472s
 74737 35338 14186.8692   69  367 15380.0000 13348.0000  13.2%   106  482s
 76442 35273 infeasible   75      15380.0000 13348.0000  13.2%   106  491s
 77298 35782 infeasible   69      15380.0000 13348.0000  13.2%   107  500s
 78533 36824 13348.0000   39  453 15380.0000 13348.0000  13.2%   108  509s
 80701 36761 13349.7857   45  409 15380.0000 13348.0000  13.2%   109  517s
 81740 37123 14058.0000   50  299 15380.0000 13348.0000  13.2%   109  525s
 82808 37309 13712.5217   45  457 15380.0000 13348.0000  13.2%   110  534s
 83764 37672 13348.0000   39  581 15380.0000 13348.0000  13.2%   111  544s
 84850 38591 13348.0000   45  581 15380.0000 13348.0000  13.2%   112  553s
 86843 38640 13515.6366   49  411 15380.0000 13348.0000  13.2%   112  562s
 87894 39154 14614.1765   59  248 15380.0000 13348.0000  13.2%   113  572s
 88729 39591 13359.0000   47  378 15380.0000 13348.0000  13.2%   113  580s
 89452 40485 13466.0243   39  438 15380.0000 13348.0000  13.2%   114  593s
 90904 41289 13358.1075   46  405 15380.0000 13348.0000  13.2%   115  605s
 92225 42324 13641.2723   53  469 15380.0000 13348.0000  13.2%   115  617s
H93176 39820                    14994.000000 13348.0000  11.0%   116  617s
H93840 40660                    14940.000000 13348.0000  10.7%   116  627s
H94122 39756                    14845.000000 13348.0000  10.1%   116  627s
H95013 39581                    14832.000000 13348.0000  10.0%   116  627s
 96316 40042 infeasible   48      14832.0000 13348.0000  10.0%   116  636s
H96513 40028                    14830.000000 13348.0000  10.0%   116  636s
H96762 39991                    14828.000000 13348.0000  10.0%   117  636s
H96927 39962                    14826.000000 13348.0000  10.0%   117  636s
 97167 40471 13688.4581   64  469 14826.0000 13348.0000  10.0%   117  645s
H97408 40397                    14821.000000 13348.0000  9.94%   117  645s
H97551 40372                    14817.000000 13348.0000  9.91%   117  645s
H97701 40324                    14812.000000 13348.0000  9.88%   117  645s
 98162 40998 13445.0000   58  383 14812.0000 13348.0000  9.88%   118  655s
*98784 40929             135    14806.000000 13348.0000  9.85%   118  655s
 99253 41324 13460.0000   52  347 14806.0000 13348.0000  9.85%   119  664s
 99326 41324 13468.0000   43  408 14806.0000 13348.0000  9.85%   119  665s
 99919 41908 13348.0000   51  463 14806.0000 13348.0000  9.85%   119  676s
 100898 42535 13358.1882   46  407 14806.0000 13348.0000  9.85%   120  686s
 101989 43125 13562.2131   68  343 14806.0000 13348.0000  9.85%   121  697s
 103032 44202 13354.0000   47  503 14806.0000 13348.0000  9.85%   122  707s
 104745 44612 13446.5554   63  428 14806.0000 13348.0000  9.85%   122  715s
H105105 44551                    14801.000000 13348.0000  9.82%   123  715s
H105310 44514                    14798.000000 13348.0000  9.80%   123  715s
H105448 45338                    14791.000000 13348.0000  9.76%   123  730s
H105630 45226                    14783.000000 13348.0000  9.71%   123  730s
H107020 46445                    14781.000000 13348.0000  9.69%   124  742s
 108917 47120 13348.0000   46  490 14781.0000 13348.0000  9.69%   124  754s
H109883 47040                    14776.000000 13348.0000  9.66%   125  754s
 110078 47695 13349.9924   46  448 14776.0000 13348.0000  9.66%   125  765s
 111237 48790 13609.0000   72  213 14776.0000 13348.0000  9.66%   126  776s
 112876 49495 infeasible   56      14776.0000 13348.0000  9.66%   126  791s
 114183 50179 14572.8000   71  160 14776.0000 13348.0000  9.66%   127  802s
 115448 51331 13833.8914   62  261 14776.0000 13348.0000  9.66%   127  812s
 117319 52024 13482.0492   43  359 14776.0000 13348.0000  9.66%   127  823s
 118498 52603 infeasible   45      14776.0000 13348.0000  9.66%   128  833s
 119498 53134 14214.1605   54  446 14776.0000 13348.0000  9.66%   129  841s
 120337 53849 13348.0000   48  367 14776.0000 13348.0000  9.66%   129  853s
 121553 55013 13351.0688   50  456 14776.0000 13348.0000  9.66%   130  865s
 123408 55801 13766.1434   54  308 14776.0000 13348.0000  9.66%   130  877s
H123586 51450                    14549.000000 13348.0000  8.25%   130  877s
H124730 51426                    14541.000000 13348.0000  8.20%   131  890s
H124735 51343                    14536.000000 13348.0000  8.17%   131  890s
H124742 50924                    14515.000000 13348.0000  8.04%   131  890s
H124751 50862                    14512.000000 13348.0000  8.02%   131  890s
H124778 50845                    14511.000000 13348.0000  8.01%   131  890s
 125140 51506 infeasible   46      14511.0000 13348.0000  8.01%   131  903s
 126322 52201 13448.9918   50  364 14511.0000 13348.0000  8.01%   132  916s
 127519 52855 13561.7592   50  333 14511.0000 13348.0000  8.01%   132  929s
 128668 53610 13740.2965   58  253 14511.0000 13348.0000  8.01%   133  942s
 129940 54328 14133.0976   52  401 14511.0000 13348.0000  8.01%   134  954s
 131151 55048 13351.4105   44  465 14511.0000 13348.0000  8.01%   134  967s
 132473 55814 13763.7781   59  459 14511.0000 13348.0000  8.01%   135  981s
 133913 56385 14123.4679   57  414 14511.0000 13348.0000  8.01%   135  992s
 134990 56912 13351.4105   44  365 14511.0000 13348.0000  8.01%   136 1001s
 135872 57536 13351.4105   48  510 14511.0000 13348.0000  8.01%   136 1014s
 137004 58370 13356.8792   51  544 14511.0000 13348.0000  8.01%   137 1028s
 138345 59641 13536.1511   48  415 14511.0000 13348.0000  8.01%   138 1040s
 140411 60274 13858.4901   57  281 14511.0000 13348.0000  8.01%   138 1052s
 141433 61012     cutoff   57      14511.0000 13348.0000  8.01%   138 1062s
 142591 61625 13730.7652   56  251 14511.0000 13348.0000  8.01%   139 1074s
 143636 62291 13398.9991   39  509 14511.0000 13348.0000  8.01%   139 1086s
 144787 62920 13351.4105   34  433 14511.0000 13348.0000  8.01%   140 1098s
 145915 63614 infeasible   44      14511.0000 13348.0000  8.01%   140 1111s
 147072 64211 13495.4588   40  430 14511.0000 13348.0000  8.01%   141 1124s
 148167 65034 14368.4039   56  387 14511.0000 13348.0000  8.01%   142 1137s
 149550 65370 13351.4105   49  483 14511.0000 13348.0000  8.01%   142 1144s
 150167 66242 14338.0268   51  263 14511.0000 13348.0000  8.01%   142 1162s
 151716 66980 13453.0848   45  410 14511.0000 13348.0000  8.01%   143 1179s
 152943 68051 13496.5000   64  388 14511.0000 13348.0000  8.01%   144 1198s
 154975 68726 13352.0662   54  516 14511.0000 13348.0000  8.01%   144 1209s
 156165 69429 13351.4105   32  513 14511.0000 13348.0000  8.01%   145 1224s
 157320 70167 13541.0848   52  336 14511.0000 13348.0000  8.01%   146 1238s
 158591 70852 14091.3429   60  428 14511.0000 13348.0000  8.01%   146 1254s
 159890 71506 14213.8490   54  306 14511.0000 13348.0000  8.01%   147 1269s
 161077 72290 13351.4105   30  510 14511.0000 13348.0000  8.01%   147 1284s
 162320 72913 14203.9364   64  382 14511.0000 13348.0000  8.01%   148 1299s
 163461 73559 13354.2676   50  429 14511.0000 13348.0000  8.01%   149 1314s
 164544 73929 13886.9948   58  425 14511.0000 13348.0000  8.01%   149 1325s
 165259 74792 13600.7678   60  399 14511.0000 13348.0000  8.01%   150 1343s
 166851 75412 13352.2464   45  648 14511.0000 13348.0000  8.01%   150 1359s
 168046 76292 13669.5775   41  442 14511.0000 13348.0000  8.01%   151 1376s
 169440 76907 14275.4850   63  216 14511.0000 13348.0000  8.01%   152 1392s
 170570 77797 13454.2318   49  448 14511.0000 13348.0000  8.01%   152 1408s
 172027 78492 13569.1084   44  545 14511.0000 13348.0000  8.01%   153 1424s
 173340 79079 14059.0904   70  317 14511.0000 13348.0000  8.01%   153 1440s
 174393 79716 13430.9082   48  487 14511.0000 13348.0000  8.01%   154 1455s
 175498 80360 13351.4105   39  470 14511.0000 13348.0000  8.01%   155 1471s
 176719 81042 13453.2505   56  341 14511.0000 13348.0000  8.01%   155 1488s
 178087 81759 14427.7339   80  215 14511.0000 13348.0000  8.01%   156 1507s
 179366 82121     cutoff   52      14511.0000 13348.0000  8.01%   156 1518s
 180037 82957 13794.0737   57  351 14511.0000 13348.0000  8.01%   157 1537s
 181427 83749 13380.5359   39  485 14511.0000 13348.0000  8.01%   157 1556s
 182836 84604 14018.0500   61  378 14511.0000 13348.0000  8.01%   158 1575s
 184273 85250 infeasible   50      14511.0000 13348.0128  8.01%   159 1593s
 185566 86180 13494.2542   60  548 14511.0000 13348.0408  8.01%   159 1611s
 187144 87119 13351.6645   42  522 14511.0000 13348.0608  8.01%   160 1631s
H188769 87829                    14510.999955 13348.0630  8.01%   160 1644s
 190207 88479 13769.1813   49  499 14511.0000 13348.1538  8.01%   161 1662s
 191446 89257     cutoff   60      14511.0000 13348.1993  8.01%   161 1681s
 192837 89969 13443.7248   42  383 14511.0000 13348.2208  8.01%   162 1698s
 194149 90361 13377.4512   50  451 14511.0000 13348.2867  8.01%   162 1709s
 194930 91062 13359.2147   46  477 14511.0000 13348.3168  8.01%   162 1726s
 196299 91589 infeasible   69      14511.0000 13348.4122  8.01%   163 1743s
 197341 92251 13352.0782   38  530 14511.0000 13348.4519  8.01%   163 1760s
 198509 93107 13352.8265   39  588 14511.0000 13348.4519  8.01%   164 1780s
 199967 93872 13381.4282   43  457 14511.0000 13348.4519  8.01%   164 1798s
 201265 94736 13352.0293   41  532 14511.0000 13348.4519  8.01%   165 1816s
 202623 95422 13445.0430   39  594 14511.0000 13348.4519  8.01%   165 1836s
 203875 96130 13352.1695   38  718 14511.0000 13348.4519  8.01%   166 1853s
 205198 97031 13352.7745   41  563 14511.0000 13348.4519  8.01%   166 1870s
 206676 97732 13366.1898   41  428 14511.0000 13348.4519  8.01%   166 1879s
 207917 98426 13352.0293   53  644 14511.0000 13348.4519  8.01%   167 1892s
 209201 98779 14203.9497   70  274 14511.0000 13348.4519  8.01%   167 1900s
 209885 99667 13610.3439   49  443 14511.0000 13348.4519  8.01%   167 1914s
 211304 100485 13374.5202   44  531 14511.0000 13348.4519  8.01%   168 1927s
 212692 101290 14172.0595   63  471 14511.0000 13348.4519  8.01%   168 1940s
 214216 102031 13406.8466   51  521 14511.0000 13348.5009  8.01%   169 1955s
 215518 102844     cutoff   78      14511.0000 13348.5317  8.01%   169 1969s
 217033 103624 13352.0662   46  498 14511.0000 13348.6557  8.01%   170 1983s
 218529 104374 13940.8812   49  484 14511.0000 13348.6557  8.01%   170 2000s
 220070 105057 14021.3691   51  373 14511.0000 13348.6763  8.01%   170 2016s
 221360 105785 14028.0000   51  324 14511.0000 13348.8230  8.01%   171 2032s
 222721 106377 13358.8750   50  378 14511.0000 13348.9658  8.01%   171 2043s
 223963 106722 13356.8649   47  555 14511.0000 13349.0704  8.01%   172 2054s
 224712 107299 14364.7060   73  349 14511.0000 13349.1617  8.01%   172 2070s
 225879 107991 13380.3791   60  538 14511.0000 13349.5026  8.00%   172 2087s
 227180 108857 13639.5239   49  460 14511.0000 13349.7500  8.00%   173 2104s

Cutting planes:
  Learned: 229
  Gomory: 311
  Cover: 2521
  Implied bound: 606
  Projected implied bound: 31
  Clique: 232
  MIR: 914
  StrongCG: 173
  Flow cover: 3010
  GUB cover: 9
  Inf proof: 22
  Zero half: 44
  Network: 56
  RLT: 175
  Relax-and-lift: 149

Explored 228609 nodes (39528912 simplex iterations) in 2104.61 seconds (1893.50 work units)
Thread count was 8 (of 8 available processors)

Solution count 10: 14511 14511 14512 ... 14783

Solve interrupted
Best objective 1.451099995518e+04, best bound 1.335000000000e+04, gap 8.0008%

User-callback calls 818455, time in user-callback 4.19 sec

Statistics for modelBBUP_O:
  Linear constraint matrix    : 14315 Constrs, 5774 Vars, 53171 NZs
  Variable types              : 1824 Continuous,
3950 Integer (691 Binary)
  Matrix coefficient range    : [ 1, 200 ]
  Objective coefficient range : [ 1, 384 ]
  Variable bound range        : [ 1, 199 ]
  RHS coefficient range       : [ 1, 549 ]
