
Gurobi 10.0.1 (mac64[arm]) logging started Mon Apr  8 01:26:47 2024

Set parameter LogFile to value "/Users/deniserings/Documents/zib/s-bahn-data/scripts/DeniseMA/processed/BNB_BSNH_BSAL_BPHD/Branching/BNB_BSNH_BSAL_BPHD_random2_subMBP202404072240.log"
Gurobi Optimizer version 10.0.1 build v10.0.1rc0 (mac64[arm])

CPU model: Apple M2
Thread count: 8 physical cores, 8 logical processors, using up to 8 threads

Optimize a model with 21187 rows, 8010 columns and 78795 nonzeros
Model fingerprint: 0x24e60a11
Variable types: 3685 continuous, 4325 integer (167 binary)
Coefficient statistics:
  Matrix range     [1e+00, 2e+02]
  Objective range  [1e+00, 4e+02]
  Bounds range     [1e+00, 2e+02]
  RHS range        [1e+00, 5e+02]

Loaded user MIP start with objective 24675

Presolve removed 10015 rows and 2994 columns
Presolve time: 2.38s
Presolved: 11172 rows, 5016 columns, 46340 nonzeros
Found heuristic solution: objective 24674.999985
Variable types: 1621 continuous, 3395 integer (3395 binary)

Root relaxation: objective 2.087600e+04, 2912 iterations, 0.03 seconds (0.03 work units)

    Nodes    |    Current Node    |     Objective Bounds      |     Work
 Expl Unexpl |  Obj  Depth IntInf | Incumbent    BestBd   Gap | It/Node Time

     0     0 20876.0000    0  199 24675.0000 20876.0000  15.4%     -    2s
H    0     0                    24674.999891 20876.0000  15.4%     -    2s
     0     0 21006.7821    0  542 24674.9999 21006.7821  14.9%     -    2s
     0     0 21006.7821    0  537 24674.9999 21006.7821  14.9%     -    2s
     0     0 21010.4661    0  598 24674.9999 21010.4661  14.9%     -    3s
     0     0 21010.4661    0  518 24674.9999 21010.4661  14.9%     -    3s
     0     0 21011.3254    0  534 24674.9999 21011.3254  14.8%     -    3s
     0     0 21011.3254    0  506 24674.9999 21011.3254  14.8%     -    3s
     0     0 21011.3254    0  501 24674.9999 21011.3254  14.8%     -    3s
     0     0 21011.3254    0  475 24674.9999 21011.3254  14.8%     -    3s
     0     0 21011.3254    0  175 24674.9999 21011.3254  14.8%     -    3s
     0     0 21011.3254    0  285 24674.9999 21011.3254  14.8%     -    3s
     0     0 21012.6046    0  206 24674.9999 21012.6046  14.8%     -    4s
     0     0 21012.6046    0  167 24674.9999 21012.6046  14.8%     -    4s
H    0     0                    24674.999842 21012.6046  14.8%     -    4s
     3     4 21038.0000    2   29 24674.9998 21038.0000  14.7%  5360    6s
H  554   428                    24671.999935 21129.7500  14.4%  36.7    6s
H 1054   866                    24627.999984 21129.7500  14.2%  59.6    9s
  1755  1362 21297.0000   50  278 24628.0000 21151.0000  14.1%  37.6   10s
H 3348  2308                    24617.999984 21151.0000  14.1%  39.8   12s
  3880  1693 21236.7938   55  210 24618.0000 21236.5525  13.7%  64.1   32s
H 4219  1872                    23320.999971 21244.4728  8.90%  64.5   33s
H 5344  2102                    23320.999892 21244.4728  8.90%  59.5   34s
  5459  2182 21275.7500   83  180 23320.9999 21244.4728  8.90%  57.5   35s
H 6467  2641                    23320.999858 21244.4728  8.90%  56.3   36s
H 9770  4362                    23320.997981 21244.4728  8.90%  52.1   39s
  9770  4426 21470.3062   42   21 23320.9980 21244.4728  8.90%  53.4   40s
 15997  7637     cutoff   37      23320.9980 21244.4728  8.90%  50.6   45s
 18964  9561 21472.9032   90  372 23320.9980 21244.4728  8.90%  51.0   50s
 24156 12155 infeasible   84      23320.9980 21244.6365  8.90%  51.5   55s
 28005 14044 21358.5026   26   49 23320.9980 21253.1279  8.87%  55.5   60s
 31484 16115 22507.8746   96  141 23320.9980 21289.2603  8.71%  55.8   65s
 34432 17726 21940.9146  101  338 23320.9980 21297.1571  8.68%  57.9   71s
 41282 19542 21700.6885   35   36 23320.9980 21343.0794  8.48%  57.4   75s
 42253 20664 22850.2132  100   98 23320.9980 21346.2617  8.47%  57.1   81s
 45340 22161 21521.0073   94  485 23320.9980 21350.1232  8.45%  59.9   85s
H47558 22628                    23320.997935 21350.5899  8.45%  62.1   89s
 48392 23264 21620.2167   41   34 23320.9979 21355.4434  8.43%  62.1   90s
 53792 25009 21374.2167   32   29 23320.9979 21374.2167  8.35%  60.5  100s
 55651 25892 21602.0000   75  273 23320.9979 21374.2167  8.35%  60.5  105s
 57198 26851 22753.6000  111   98 23320.9979 21375.6067  8.34%  61.5  110s
 59253 27821 21611.9393   80  473 23320.9979 21376.5700  8.34%  62.8  115s
 61196 26953 21377.2194   66  281 23320.9979 21377.2194  8.33%  64.1  140s
H61379 27051                    23316.999804 21377.2194  8.32%  64.5  142s
 65313 27012 21578.5184   51   40 23316.9998 21377.3292  8.32%  63.7  145s
H70485 27062                    23316.999788 21388.9891  8.27%  62.7  148s
 70735 27173 21988.7697   90  233 23316.9998 21388.9891  8.27%  62.7  150s
 71556 27428 22524.4797   86  188 23316.9998 21388.9891  8.27%  63.0  155s
 72558 27822 22240.6295   88  219 23316.9998 21388.9891  8.27%  63.6  160s
 74620 28374 21388.9891   79  433 23316.9998 21388.9891  8.27%  64.6  165s
 76153 28871 infeasible   85      23316.9998 21388.9891  8.27%  65.9  170s
 77657 29477 22852.7697   89  223 23316.9998 21388.9891  8.27%  66.9  175s
 82001 29728     cutoff   55      23316.9998 21397.2194  8.23%  67.4  180s
 90037 29515     cutoff   52      23316.9998 21459.2194  7.97%  66.2  185s
 93181 29895 22360.9065   83  262 23316.9998 21459.2194  7.97%  66.6  191s
 95461 30242 22912.3506   94  205 23316.9998 21459.2194  7.97%  67.1  195s
 96839 31009 22877.7334  112  176 23316.9998 21459.2194  7.97%  67.8  200s
 99043 31543 21639.2370   80  453 23316.9998 21459.2194  7.97%  68.6  206s
 101248 31873 22245.0683   77  505 23316.9998 21459.2194  7.97%  69.4  210s
 103736 32163 21630.2194   53   50 23316.9998 21459.2194  7.97%  70.5  215s
 110782 31333 21672.2193   57   39 23316.9998 21467.2194  7.93%  69.4  220s
 119089 31262 22838.9142   87  289 23316.9998 21485.8327  7.85%  68.3  226s
 119501 32089 21652.5796   84  436 23316.9998 21485.8327  7.85%  68.5  231s
 122929 31897 21811.5272   84  317 23316.9998 21485.8327  7.85%  69.2  236s
 125130 32136 23048.0910  104  120 23316.9998 21485.8327  7.85%  69.7  241s
 126619 32230 22911.6133   99  123 23316.9998 21485.8327  7.85%  70.2  245s
 129357 32989 21785.9420   88  353 23316.9998 21485.8327  7.85%  70.8  252s
 131894 33324 21760.6269   87  445 23316.9998 21485.8327  7.85%  71.3  256s
H134507 33612                    23316.999640 21485.8882  7.85%  71.9  259s
 134507 33760 21596.3158   54   27 23316.9996 21485.8882  7.85%  72.0  260s
 142495 34833 21681.4823   53   38 23316.9996 21505.6522  7.77%  71.0  265s
 149294 35885 21559.5966   55   66 23316.9996 21510.7475  7.75%  70.2  270s
 155046 36772 21842.8271   86  406 23316.9996 21519.5966  7.71%  69.3  275s
 156823 37724 23083.0000   83  284 23316.9996 21523.8565  7.69%  69.9  280s
 159489 37848 22941.0000   95  192 23316.9996 21530.8420  7.66%  70.5  286s
 161054 38836 infeasible  105      23316.9996 21534.4564  7.64%  70.9  290s
 162917 39928 23092.0000   92  255 23316.9996 21538.5318  7.63%  71.2  295s
 166541 41451 22132.0124   84  376 23316.9996 21547.7103  7.59%  72.0  301s
 168842 42792     cutoff   86      23316.9996 21555.3334  7.56%  72.5  306s
 171145 43928 infeasible   78      23316.9996 21562.4807  7.52%  73.1  311s
 172409 44948 21898.5252   84  555 23316.9996 21566.8692  7.51%  73.5  315s
H175320 45891                    23316.999594 21575.1784  7.47%  74.1  318s
 175832 46249 21663.0507   44   52 23316.9996 21575.1784  7.47%  74.1  320s
 184530 46996 21763.7997   47   46 23316.9996 21585.1784  7.43%  73.1  325s
 192269 47445     cutoff   54      23316.9996 21592.8885  7.39%  72.3  330s
 199604 47702 21737.6062   59   50 23316.9996 21605.1784  7.34%  71.5  335s
 202099 48559 22391.3546   79  377 23316.9996 21609.5721  7.32%  71.4  340s
 205130 50015 22996.2676   87  213 23316.9996 21616.9262  7.29%  71.9  345s
 208380 51746 21627.6232   85  363 23316.9996 21622.8478  7.27%  72.3  351s
 210726 52971 infeasible   82      23316.9996 21628.3728  7.24%  72.7  356s
 212901 54179 22497.4276   76  446 23316.9996 21633.1094  7.22%  73.1  361s
 215259 55238 21888.0999   79  460 23316.9996 21638.2584  7.20%  73.4  366s
 217608 56521 22663.9276   89  374 23316.9996 21644.6641  7.17%  73.9  371s
 219720 58160 22116.2094   86  511 23316.9996 21647.7564  7.16%  74.2  376s
 221981 58904 21910.4459   89  379 23316.9996 21654.5561  7.13%  74.5  381s
 224152 59995 infeasible   88      23316.9996 21661.5698  7.10%  74.9  386s
 226593 61467 21929.8092   81  446 23316.9996 21665.7914  7.08%  75.2  391s
 232413 61539     cutoff   54      23316.9996 21677.2239  7.03%  74.8  395s
 240206 61727     cutoff   55      23316.9996 21697.5875  6.95%  74.0  400s
 248394 61423     cutoff   53      23316.9996 21709.5875  6.89%  73.1  405s
 254873 61077     cutoff   66      23316.9996 21717.5875  6.86%  72.5  410s
H260960 60634                    23316.999523 21725.9994  6.82%  71.9  414s
 260960 60915 21913.2046   84  372 23316.9995 21726.3772  6.82%  71.9  416s
 262886 61961 22972.6507   91  248 23316.9995 21730.3915  6.80%  72.3  421s
 265196 63241 23039.4118  125   31 23316.9995 21733.5510  6.79%  72.5  425s
 267947 64674 infeasible   83      23316.9995 21739.4631  6.77%  72.8  431s
 270044 65571 23061.4118   87  275 23316.9995 21744.4118  6.74%  73.1  435s
 271868 66558 22438.9382   81  456 23316.9995 21749.4501  6.72%  73.5  441s
 274491 67895 21850.0312   90  370 23316.9995 21755.3515  6.70%  73.9  446s
 275860 68786 23143.4118  106   87 23316.9995 21758.8765  6.68%  74.2  450s
 278384 69980 22910.5906   84  295 23316.9995 21762.9997  6.66%  74.6  456s
 280686 71226 22960.7127   84  342 23316.9995 21765.8869  6.65%  74.7  460s
 283138 72527 22262.5917   86  300 23316.9995 21770.4202  6.63%  75.0  466s
 284761 73491 22974.7178   84  284 23316.9995 21773.1451  6.62%  75.2  470s
 286946 74596 22595.3679   79  432 23316.9995 21776.3293  6.61%  75.4  475s
 289411 75920     cutoff   85      23316.9995 21780.7994  6.59%  75.7  481s
 290817 77043     cutoff  100      23316.9995 21783.4498  6.58%  75.9  485s
 293930 78413 22964.5612   83  309 23316.9995 21787.3455  6.56%  76.1  490s
 301056 77459     cutoff   55      23316.9995 21797.7138  6.52%  75.8  495s
 308652 76127 21813.8598   49   36 23316.9995 21808.8598  6.47%  75.1  500s
 317421 73987 infeasible   49      23316.9995 21819.8598  6.42%  74.4  505s
 325852 72282 21869.8598   50   35 23316.9995 21833.9135  6.36%  73.7  511s
 332136 70736 21893.8598   49   28 23316.9995 21843.8598  6.32%  73.1  515s
 338507 70699 23167.3200   85  165 23316.9995 21857.1720  6.26%  72.6  522s
 340690 71402 21923.1442   80  431 23316.9995 21858.7191  6.25%  72.8  525s
 343228 72812 21997.2645   83  551 23316.9995 21861.8180  6.24%  72.9  530s
 345204 74336 23119.0000  100  219 23316.9995 21864.3009  6.23%  73.1  535s
 348429 75720 23199.9996   91  340 23316.9995 21866.8306  6.22%  73.4  541s
 350135 76697 23131.0000  108  167 23316.9995 21869.5307  6.21%  73.5  545s
 352327 77952 22020.9489   80  289 23316.9995 21871.1559  6.20%  73.7  550s
 354857 79076 infeasible   96      23316.9995 21873.0520  6.19%  73.9  555s
 356614 80328 23200.0000  103   75 23316.9995 21873.8598  6.19%  74.1  560s
 360205 82236 22074.3887   79  391 23316.9995 21875.5167  6.18%  74.2  566s
 363231 83894 22115.0450   75  332 23316.9995 21875.5167  6.18%  74.2  570s
 366418 85800 23109.3399   79  241 23316.9995 21876.5167  6.18%  74.3  575s
 369255 87197 23031.8598   82  342 23316.9995 21877.5463  6.17%  74.5  581s
 371167 88799 22191.0000  111  152 23316.9995 21878.5327  6.17%  74.6  585s
 374626 90452     cutoff  101      23316.9995 21880.0810  6.16%  74.7  590s
 376926 91720 23103.5935   93  388 23316.9995 21881.2502  6.16%  74.8  595s
 379783 93224 21900.8598   80  377 23316.9995 21882.8813  6.15%  75.0  601s
 384687 92633     cutoff   52      23316.9995 21886.9138  6.13%  74.8  605s
 391766 90708 21919.6247   55   24 23316.9995 21897.6247  6.09%  74.2  610s
 401480 88209     cutoff  109      23316.9995 21928.6352  5.95%  73.2  616s
 404143 89252 23302.9998  107  236 23316.9995 21929.7672  5.95%  73.3  620s
 405958 90635 22157.2021   84  431 23316.9995 21931.4689  5.94%  73.4  625s
 408862 92316 23291.7814  139   33 23316.9995 21932.8596  5.94%  73.5  630s

Cutting planes:
  Learned: 162
  Gomory: 29
  Cover: 200
  Implied bound: 72
  Clique: 340
  MIR: 156
  StrongCG: 11
  Flow cover: 3
  RLT: 33
  Relax-and-lift: 35

Explored 412395 nodes (30390598 simplex iterations) in 634.69 seconds (902.86 work units)
Thread count was 8 (of 8 available processors)

Solution count 10: 23317 23317 23317 ... 23321

Solve interrupted
Best objective 2.331699952349e+04, best bound 2.193491401309e+04, gap 5.9274%

User-callback calls 824649, time in user-callback 1.22 sec

Statistics for modelBNB_BSNH_BSAL_BPHD:
  Linear constraint matrix    : 21187 Constrs, 8010 Vars, 78795 NZs
  Variable types              : 3685 Continuous,
4325 Integer (167 Binary)
  Matrix coefficient range    : [ 1, 200 ]
  Objective coefficient range : [ 1, 382 ]
  Variable bound range        : [ 1, 199 ]
  RHS coefficient range       : [ 1, 549 ]
