
Gurobi 10.0.1 (mac64[arm]) logging started Mon Apr  8 01:05:40 2024

Set parameter LogFile to value "/Users/deniserings/Documents/zib/s-bahn-data/scripts/DeniseMA/processed/BNB_BSNH_BSAL_BPHD/Branching/BNB_BSNH_BSAL_BPHD_random0_subMBP202404072240.log"
Gurobi Optimizer version 10.0.1 build v10.0.1rc0 (mac64[arm])

CPU model: Apple M2
Thread count: 8 physical cores, 8 logical processors, using up to 8 threads

Optimize a model with 21187 rows, 8010 columns and 78795 nonzeros
Model fingerprint: 0x80e23455
Variable types: 3685 continuous, 4325 integer (167 binary)
Coefficient statistics:
  Matrix range     [1e+00, 2e+02]
  Objective range  [1e+00, 4e+02]
  Bounds range     [1e+00, 2e+02]
  RHS range        [1e+00, 5e+02]

Loaded user MIP start with objective 24675

Presolve removed 10015 rows and 2994 columns
Presolve time: 2.05s
Presolved: 11172 rows, 5016 columns, 46340 nonzeros
Found heuristic solution: objective 24674.999985
Variable types: 1621 continuous, 3395 integer (3395 binary)

Root relaxation: objective 2.087600e+04, 2912 iterations, 0.02 seconds (0.03 work units)

    Nodes    |    Current Node    |     Objective Bounds      |     Work
 Expl Unexpl |  Obj  Depth IntInf | Incumbent    BestBd   Gap | It/Node Time

     0     0 20876.0000    0  199 24675.0000 20876.0000  15.4%     -    2s
H    0     0                    24674.999891 20876.0000  15.4%     -    2s
     0     0 21006.7821    0  542 24674.9999 21006.7821  14.9%     -    2s
     0     0 21006.7821    0  537 24674.9999 21006.7821  14.9%     -    2s
     0     0 21010.4661    0  598 24674.9999 21010.4661  14.9%     -    2s
     0     0 21010.4661    0  518 24674.9999 21010.4661  14.9%     -    2s
     0     0 21011.3254    0  534 24674.9999 21011.3254  14.8%     -    2s
     0     0 21011.3254    0  506 24674.9999 21011.3254  14.8%     -    2s
     0     0 21011.3254    0  501 24674.9999 21011.3254  14.8%     -    2s
     0     0 21011.3254    0  475 24674.9999 21011.3254  14.8%     -    3s
     0     0 21011.3254    0  175 24674.9999 21011.3254  14.8%     -    3s
     0     0 21011.3254    0  285 24674.9999 21011.3254  14.8%     -    3s
     0     0 21012.6046    0  206 24674.9999 21012.6046  14.8%     -    3s
     0     0 21012.6046    0  167 24674.9999 21012.6046  14.8%     -    3s
H    0     0                    24674.999842 21012.6046  14.8%     -    3s
     3     4 21038.0000    2   29 24674.9998 21038.0000  14.7%  5360    5s
H  554   428                    24671.999935 21129.7500  14.4%  36.7    5s
H 1054   866                    24627.999984 21129.7500  14.2%  59.6    8s
  2657  2003 21151.0000   17   16 24628.0000 21151.0000  14.1%  43.2   10s
H 3348  2308                    24617.999984 21151.0000  14.1%  39.8   10s
  3880  1693 21236.7938   55  210 24618.0000 21236.5525  13.7%  64.1   30s
H 4219  1872                    23320.999971 21244.4728  8.90%  64.5   31s
H 5344  2102                    23320.999892 21244.4728  8.90%  59.5   32s
H 6467  2641                    23320.999858 21244.4728  8.90%  56.3   34s
  7939  3078 infeasible  133      23320.9999 21244.4728  8.90%  52.7   35s
H 9770  4362                    23320.997981 21244.4728  8.90%  52.1   37s
 13076  6258 21352.3561   97  157 23320.9980 21244.4728  8.90%  50.0   40s
 18518  9084 21994.5000  105  123 23320.9980 21244.4728  8.90%  49.9   45s
 23705 12069 22543.1637  104  130 23320.9980 21244.6365  8.90%  51.2   50s
 25564 13214 21795.8263   83  224 23320.9980 21244.8053  8.90%  54.8   55s
 31484 16115 22507.8746   96  141 23320.9980 21289.2603  8.71%  55.8   61s
 33368 16786 21842.7601   92  274 23320.9980 21292.8249  8.70%  57.0   65s
 40400 19535     cutoff   36      23320.9980 21339.6524  8.50%  57.8   70s
 42253 20664 22850.2132  100   98 23320.9980 21346.2617  8.47%  57.1   76s
 45340 22161 21521.0073   94  485 23320.9980 21350.1232  8.45%  59.9   81s
H47558 22628                    23320.997935 21350.5899  8.45%  62.1   84s
 47558 22941 21655.2167   43   40 23320.9979 21351.5620  8.44%  62.3   85s
 53792 25009 21374.2167   32   29 23320.9979 21374.2167  8.35%  60.5   96s
 55651 25892 21602.0000   75  273 23320.9979 21374.2167  8.35%  60.5  100s
 57757 27440 21821.5336   86  381 23320.9979 21375.9250  8.34%  62.0  106s
 59748 28510 22792.1900   89  210 23320.9979 21377.0376  8.34%  63.3  111s
 61196 26953 21377.2194   66  281 23320.9979 21377.2194  8.33%  64.1  135s
H61379 27051                    23316.999804 21377.2194  8.32%  64.5  136s
 66239 27053 21629.2819   53   40 23316.9998 21377.8739  8.32%  63.6  140s
H70485 27062                    23316.999788 21388.9891  8.27%  62.7  142s
 70841 27208 22231.7964   97  214 23316.9998 21388.9891  8.27%  62.7  145s
 71603 27468 22867.7697   89  228 23316.9998 21388.9891  8.27%  63.0  150s
 72701 27981 22798.7697  122   61 23316.9998 21388.9891  8.27%  63.7  155s
 74728 28415 22809.7697   89  171 23316.9998 21388.9891  8.27%  64.7  160s
 76153 28871 infeasible   85      23316.9998 21388.9891  8.27%  65.9  165s
 78347 29389 22740.8067   91  364 23316.9998 21388.9891  8.27%  66.9  170s
 83000 29778     cutoff   59      23316.9998 21400.4151  8.22%  67.3  175s
 91086 29459     cutoff   57      23316.9998 21459.2194  7.97%  66.1  180s
 93181 29895 22360.9065   83  262 23316.9998 21459.2194  7.97%  66.6  185s
 95854 30138     cutoff  104      23316.9998 21459.2194  7.97%  67.3  190s
 97778 31003 infeasible  139      23316.9998 21459.2194  7.97%  67.8  196s
 99043 31543 21639.2370   80  453 23316.9998 21459.2194  7.97%  68.6  200s
 101873 31969 21512.1502   84  457 23316.9998 21459.2194  7.97%  69.7  206s
 105627 31853 21554.8885   43   77 23316.9998 21459.4055  7.97%  70.3  210s
 113347 31081 21704.2194   46   24 23316.9998 21473.0390  7.91%  69.2  215s
 119089 31262 22838.9142   87  289 23316.9998 21485.8327  7.85%  68.3  220s
 119501 32089 21652.5796   84  436 23316.9998 21485.8327  7.85%  68.5  225s
 124191 31694 21668.1955   84  334 23316.9998 21485.8327  7.85%  69.3  230s
 126010 32159 22963.6133   92  168 23316.9998 21485.8327  7.85%  70.0  236s
 128660 32731 21679.4731   79  330 23316.9998 21485.8327  7.85%  70.7  242s
 130343 33555 22935.5963  106  145 23316.9998 21485.8327  7.85%  71.1  247s
 132445 33545 21971.5022   89  361 23316.9998 21485.8327  7.85%  71.5  250s
H134507 33612                    23316.999640 21485.8882  7.85%  71.9  252s
 138142 34378 21633.5249   48   70 23316.9996 21491.2749  7.83%  71.5  255s
 146076 35426 21687.5040   54   37 23316.9996 21509.5721  7.75%  70.6  260s
 154101 36452     cutoff   60      23316.9996 21517.2749  7.72%  69.6  265s
 155560 37292 23027.3171  109  144 23316.9996 21520.0941  7.71%  69.5  270s
 158319 37551 21764.4619   91  280 23316.9996 21527.0784  7.68%  70.2  275s
 160530 38182 21760.6126   85  373 23316.9996 21534.4564  7.64%  70.7  281s
 162203 39244 infeasible   78      23316.9996 21536.4283  7.64%  71.1  285s
 164978 41190 22180.8261   87  336 23316.9996 21542.5657  7.61%  71.7  292s
 167024 41821 23014.0000  101   95 23316.9996 21550.4459  7.58%  72.1  295s
 169437 43099 21635.3137   75  392 23316.9996 21556.5911  7.55%  72.7  300s
 171691 44343 22973.0000   94  107 23316.9996 21564.9715  7.51%  73.3  305s
 174153 45891 22878.0000   88  252 23316.9996 21571.6415  7.49%  73.9  311s
H175320 45891                    23316.999594 21575.1784  7.47%  74.1  311s
 180966 46513 21738.1784   56   25 23316.9996 21579.4139  7.45%  73.6  315s
 187917 47219 21753.1784   51   47 23316.9996 21586.1784  7.42%  72.8  320s
 195858 47578 21766.9609   51   33 23316.9996 21597.7849  7.37%  71.9  325s
 201559 48052 22107.2676   76  359 23316.9996 21607.6228  7.33%  71.2  330s
 203125 49587 21771.8482   91  476 23316.9996 21613.8716  7.30%  71.7  336s
 205909 50394 22948.1274   90  269 23316.9996 21619.1387  7.28%  72.1  340s
 208957 52022 23013.4154   99  141 23316.9996 21622.8478  7.27%  72.4  345s
 211273 53282 22031.2390   85  417 23316.9996 21630.2933  7.23%  72.9  350s
 213544 54552 22941.2676   89  238 23316.9996 21634.8830  7.21%  73.2  355s
 215842 55767 22925.2676   77  226 23316.9996 21640.8478  7.19%  73.6  360s
 218234 56954 23122.2676  101  149 23316.9996 21645.4368  7.17%  74.0  365s
 221160 58338 21787.1116   83  501 23316.9996 21652.4805  7.14%  74.2  370s
 222583 59235 22878.3238   78  290 23316.9996 21656.0805  7.12%  74.6  375s
 224786 60478 22921.1274   93  389 23316.9996 21663.2187  7.09%  75.0  380s
 228256 61522 21765.5875   46   28 23316.9996 21669.7310  7.06%  75.3  385s
 235735 61640 21828.8964   50   54 23316.9996 21683.5875  7.01%  74.5  390s
 244309 61576 21749.5875   50   33 23316.9996 21707.5875  6.90%  73.5  395s
 251854 61338 21813.7108   48   32 23316.9996 21713.5875  6.88%  72.8  400s
 257090 60903 21814.3241   56   60 23316.9996 21720.5875  6.85%  72.3  405s
H260960 60634                    23316.999523 21725.9994  6.82%  71.9  406s
 261481 61637 23115.4118  108   30 23316.9995 21726.9989  6.82%  72.1  411s
 263668 62799 23102.8118   99  192 23316.9995 21731.7639  6.80%  72.4  416s
 266718 64249 23063.4118  114  209 23316.9995 21737.4015  6.77%  72.7  421s
 268623 65304 22189.2711   82  297 23316.9995 21740.8967  6.76%  72.9  425s
 271203 66215 22987.4118   94  238 23316.9995 21748.5397  6.73%  73.4  431s
 272560 67287 23181.4118  101  167 23316.9995 21751.1724  6.72%  73.6  435s
 275160 68245 23189.4118   99  159 23316.9995 21757.2675  6.69%  74.0  441s
 276997 69075     cutoff   87      23316.9995 21760.8197  6.67%  74.3  445s
 279246 70846 21788.3418   90  383 23316.9995 21763.5510  6.66%  74.6  451s
 282031 72169 23066.6785   94  247 23316.9995 21769.2676  6.64%  74.9  456s
 283824 73050 infeasible   83      23316.9995 21771.2450  6.63%  75.1  460s
 285551 74175 23090.1811  105  160 23316.9995 21774.0744  6.62%  75.3  465s
 288278 75619 23170.0220  104  222 23316.9995 21778.5555  6.60%  75.6  470s
 290817 77043     cutoff  100      23316.9995 21783.4498  6.58%  75.9  476s
 292675 78095     cutoff   89      23316.9995 21786.0257  6.57%  76.1  480s
 298272 77810 21814.8598   45   30 23316.9995 21792.8598  6.54%  76.0  485s
 306780 76438     cutoff   54      23316.9995 21806.5016  6.48%  75.3  490s
 314745 74672 21823.8598   57   35 23316.9995 21815.8598  6.44%  74.6  495s
 323049 72736 21855.8598   46   20 23316.9995 21830.0123  6.38%  73.9  500s
 330115 71301     cutoff   55      23316.9995 21839.8598  6.34%  73.3  505s
 337919 69847 22147.0944   78  502 23316.9995 21856.8799  6.26%  72.5  511s
 340148 70977 23143.0888   88  208 23316.9995 21857.9707  6.26%  72.7  515s
 342828 72457     cutoff   97      23316.9995 21861.3706  6.24%  72.9  520s
 344605 73564     cutoff   86      23316.9995 21863.8598  6.23%  73.1  525s
 347597 75402 23100.0000   98  214 23316.9995 21866.3009  6.22%  73.3  531s
 350135 76697 23131.0000  108  167 23316.9995 21869.5307  6.21%  73.5  536s
 352327 77952 22020.9489   80  289 23316.9995 21871.1559  6.20%  73.7  541s
 354857 79076 infeasible   96      23316.9995 21873.0520  6.19%  73.9  546s
 356614 80328 23200.0000  103   75 23316.9995 21873.8598  6.19%  74.1  551s
 359562 81778 22129.6475  104  209 23316.9995 21875.3009  6.18%  74.2  555s
 363231 83894 22115.0450   75  332 23316.9995 21875.5167  6.18%  74.2  561s
 365236 85350 21908.7373   91  252 23316.9995 21876.3009  6.18%  74.3  565s
 368363 86954 22002.2310   91  213 23316.9995 21877.4035  6.17%  74.4  570s
 371167 88799 22191.0000  111  152 23316.9995 21878.5327  6.17%  74.6  576s
 373703 89986 23254.0900  102  215 23316.9995 21879.2025  6.17%  74.7  580s
 376926 91720 23103.5935   93  388 23316.9995 21881.2502  6.16%  74.8  586s
 379360 92900 infeasible   93      23316.9995 21882.3418  6.15%  74.9  590s
 383669 92911 21925.6247   55   17 23316.9995 21885.6247  6.14%  74.9  595s
 390605 91000     cutoff   52      23316.9995 21895.6247  6.10%  74.3  600s
 399651 88085     cutoff   55      23316.9995 21915.6247  6.01%  73.4  605s
 403633 89252 22154.2818   90  314 23316.9995 21929.3300  5.95%  73.2  610s
 405958 90635 22157.2021   84  431 23316.9995 21931.4689  5.94%  73.4  615s
 408862 92316 23291.7814  139   33 23316.9995 21932.8596  5.94%  73.5  620s
 411273 93931 23176.3217  113   30 23316.9995 21934.1254  5.93%  73.6  625s
 414627 95457 23215.3007  106  184 23316.9995 21936.1480  5.92%  73.7  631s

Cutting planes:
  Learned: 162
  Gomory: 29
  Cover: 200
  Implied bound: 72
  Clique: 340
  MIR: 156
  StrongCG: 11
  Flow cover: 3
  RLT: 33
  Relax-and-lift: 35

Explored 415281 nodes (30664065 simplex iterations) in 631.54 seconds (911.55 work units)
Thread count was 8 (of 8 available processors)

Solution count 10: 23317 23317 23317 ... 23321

Solve interrupted
Best objective 2.331699952349e+04, best bound 2.193656939230e+04, gap 5.9203%

User-callback calls 831276, time in user-callback 1.23 sec

Statistics for modelBNB_BSNH_BSAL_BPHD:
  Linear constraint matrix    : 21187 Constrs, 8010 Vars, 78795 NZs
  Variable types              : 3685 Continuous,
4325 Integer (167 Binary)
  Matrix coefficient range    : [ 1, 200 ]
  Objective coefficient range : [ 1, 382 ]
  Variable bound range        : [ 1, 199 ]
  RHS coefficient range       : [ 1, 549 ]
