
Gurobi 10.0.1 (mac64[arm]) logging started Thu Apr  4 19:56:46 2024

Set parameter LogFile to value "/Users/deniserings/Documents/zib/s-bahn-data/scripts/DeniseMA/processed/BGB_BWES/original/BGB_BWES_202404041628_start_sol.log"
Gurobi Optimizer version 10.0.1 build v10.0.1rc0 (mac64[arm])

CPU model: Apple M2
Thread count: 8 physical cores, 8 logical processors, using up to 8 threads

Optimize a model with 23649 rows, 9987 columns and 87844 nonzeros
Model fingerprint: 0x2eb52226
Variable types: 3270 continuous, 6717 integer (1378 binary)
Coefficient statistics:
  Matrix range     [1e+00, 2e+02]
  Objective range  [1e+00, 4e+02]
  Bounds range     [1e+00, 2e+02]
  RHS range        [1e+00, 5e+02]

Loaded user MIP start with objective 27841

Presolve removed 9727 rows and 2616 columns
Presolve time: 0.36s
Presolved: 13922 rows, 7371 columns, 55623 nonzeros
Variable types: 1909 continuous, 5462 integer (5462 binary)

Root relaxation: objective 2.329800e+04, 4660 iterations, 0.08 seconds (0.05 work units)

    Nodes    |    Current Node    |     Objective Bounds      |     Work
 Expl Unexpl |  Obj  Depth IntInf | Incumbent    BestBd   Gap | It/Node Time

     0     0 23298.0000    0  431 27841.0000 23298.0000  16.3%     -    0s
     0     0 23459.0616    0  968 27841.0000 23459.0616  15.7%     -    1s
     0     0 23459.0803    0  863 27841.0000 23459.0803  15.7%     -    1s
     0     0 23498.0464    0  994 27841.0000 23498.0464  15.6%     -    1s
     0     0 23498.0464    0  908 27841.0000 23498.0464  15.6%     -    1s
     0     0 23501.3333    0 1054 27841.0000 23501.3333  15.6%     -    2s
     0     0 23502.3333    0 1017 27841.0000 23502.3333  15.6%     -    2s
     0     0 23502.3333    0 1037 27841.0000 23502.3333  15.6%     -    2s
     0     0 23503.5365    0 1006 27841.0000 23503.5365  15.6%     -    3s
     0     0 23503.9614    0 1080 27841.0000 23503.9614  15.6%     -    3s
     0     0 23503.9614    0  984 27841.0000 23503.9614  15.6%     -    3s
     0     0 23504.0676    0 1085 27841.0000 23504.0676  15.6%     -    3s
     0     0 23504.1690    0 1006 27841.0000 23504.1690  15.6%     -    3s
     0     0 23504.1690    0  972 27841.0000 23504.1690  15.6%     -    3s
     0     0 23504.1690    0  977 27841.0000 23504.1690  15.6%     -    4s
     0     0 23504.1690    0  374 27841.0000 23504.1690  15.6%     -    4s
H    0     0                    27835.000000 23504.1690  15.6%     -    4s
     0     2 23504.1690    0  296 27835.0000 23504.1690  15.6%     -    5s
H  314   317                    27823.000000 23505.1702  15.5%  82.7    7s
H  317   317                    27820.000000 23505.1702  15.5%  83.2    7s
H 1007   980                    27806.000000 23505.1702  15.5%  46.6    9s
H 1014   988                    27805.000000 23505.1702  15.5%  46.6   10s
H 1015   988                    27393.000000 23505.1702  14.2%  46.6   10s
H 1655  1525                    27381.000000 23505.1702  14.2%  43.7   11s
  1662  1530 24505.0000   58  576 27381.0000 23505.1702  14.2%  43.5   15s
  1674  1538 23585.0922    7  526 27381.0000 23585.0922  13.9%  43.2   20s
  1683  1544 23589.9802    5  335 27381.0000 23589.9802  13.8%  43.0   25s
  1689  1548 23633.0000   37  377 27381.0000 23590.4615  13.8%  42.8   30s
H 1690  1471                    27354.000000 23590.7956  13.8%  42.8   31s
H 1692  1397                    27344.000000 23591.2910  13.7%  42.7   33s
H 1694  1328                    27333.000000 23594.6100  13.7%  42.7   33s
  1696  1330 23931.2737   30  614 27333.0000 23598.1027  13.7%  42.6   35s
H 1697  1262                    27324.000000 23598.1027  13.6%  42.6   36s
H 1699  1201                    27317.000000 23610.5001  13.6%  42.6   38s
  1702  1203 23611.4959   13  668 27317.0000 23611.4959  13.6%  42.5   40s
H 1704  1143                    27315.000000 23611.5415  13.6%  42.4   42s
  1710  1147 24563.0000  200  657 27315.0000 23614.1157  13.5%  42.3   45s
H 1711  1089                    27307.000000 23614.1157  13.5%  42.3   46s
H 1712  1034                    27299.000000 23614.7188  13.5%  42.2   47s
  1718  1038 23681.0000   62  384 27299.0000 23614.9003  13.5%  42.1   50s
  1724  1042 23651.0000   64  383 27299.0000 23614.9003  13.5%  42.0   55s
  1741  1055 23857.0000   22  436 27299.0000 23617.2369  13.5%   125   60s
  1749  1060 23633.0000   45  626 27299.0000 23619.7868  13.5%   124   65s
  1756  1065 23653.0000   99  455 27299.0000 23622.0880  13.5%   124   70s
H 1762  1015                    27293.000000 23626.9069  13.4%   123   75s
  1771  1021 24116.0000  144  352 27293.0000 23631.4625  13.4%   123   81s
H 1771   969                    27292.000000 23631.4630  13.4%   123   81s
  1777   973 24972.0000  229  396 27292.0000 23631.5486  13.4%   122   85s
  1783   977 23631.5486    5  319 27292.0000 23631.5486  13.4%   122   90s
  1789   981 23633.0000   37  380 27292.0000 23631.5486  13.4%   122   95s
  1800   989 23631.5486   13  545 27292.0000 23631.5486  13.4%   192  100s
  1805   993 23633.0000  107  425 27292.0000 23631.5486  13.4%   191  105s
  1809   995 23832.1952   21  456 27292.0000 23631.5486  13.4%   191  110s
  1815   999 23633.0000   23  384 27292.0000 23631.5486  13.4%   190  117s
  1832  1020 23633.0003   39  621 27292.0000 23632.2215  13.4%   232  120s
H 2080  1133                    27290.000000 23632.2215  13.4%   215  123s
H 2153  1135                    27282.000000 23632.2215  13.4%   210  125s
H 2488  1327                    27280.000000 23632.2215  13.4%   188  130s
H 2497  1280                    27277.000000 23632.2215  13.4%   187  130s
H 2923  1436                    27270.000000 23632.2215  13.3%   169  133s
  2973  1605 23661.0000  102  435 27270.0000 23632.2215  13.3%   167  135s
  3964  2173 23770.0000  149  266 27270.0000 23632.2215  13.3%   137  141s
  5584  3788 24388.1288  131  403 27270.0000 23632.8631  13.3%   107  146s
  6594  5119 23725.0000   71  596 27270.0000 23632.9849  13.3%  97.2  150s
  7812  5127 24444.2332   86  615 27270.0000 23632.9849  13.3%  88.3  156s
H 7813  5118                    27245.000000 23632.9849  13.3%  88.3  156s
  8220  5986 23734.0680   91  584 27245.0000 23632.9849  13.3%  88.2  161s
  9154  6595 23978.9848   61  436 27245.0000 23632.9849  13.3%  84.8  166s
 11420  8196 25022.9847  112  632 27245.0000 23632.9849  13.3%  76.3  172s
 11865  8612 infeasible  113      27245.0000 23632.9849  13.3%  76.4  175s
 14086 10293 23632.9849   51  615 27245.0000 23632.9849  13.3%  72.5  180s
 14478 10494 23633.0668   70  628 27245.0000 23632.9849  13.3%  72.3  185s
H14593 10494                    27235.000000 23632.9849  13.2%  72.7  185s
H14634 10375                    27038.000000 23632.9849  12.6%  72.8  185s
 14741 13299 infeasible   86      27038.0000 23632.9849  12.6%  72.9  199s
 18309 14193 23846.9847  105  442 27038.0000 23632.9849  12.6%  71.0  205s
H18424 14193                    27031.000000 23632.9849  12.6%  70.9  210s
H18669 14188                    27013.000000 23632.9849  12.5%  70.7  210s
 19527 14923 23633.2881   60  633 27013.0000 23632.9849  12.5%  69.3  216s
H19626 14923                    27003.000000 23632.9849  12.5%  69.2  216s
 20468 15943 25456.3447  152  374 27003.0000 23632.9849  12.5%  69.2  222s
H20700 15918                    26943.000000 23632.9849  12.3%  68.9  222s
 21843 16509 23859.7738   68  713 26943.0000 23632.9849  12.3%  68.3  228s
 22696 17982 25933.3666  102  401 26943.0000 23632.9849  12.3%  68.4  234s
H23164 17980                    26931.000000 23632.9849  12.2%  67.9  234s
H24613 18409                    26925.000000 23632.9849  12.2%  66.7  239s
H24831 18406                    26924.000000 23632.9849  12.2%  67.0  239s
 25224 19881 24078.0024   91  371 26924.0000 23632.9849  12.2%  67.3  245s
 27258 20354 23784.4533   79  629 26924.0000 23632.9849  12.2%  66.2  251s
 27825 22003 26072.6105  130  321 26924.0000 23632.9849  12.2%  66.8  257s
 28058 22003 25509.8393  111  409 26924.0000 23632.9849  12.2%  66.7  274s
 30145 22004 25734.0000  187  374 26924.0000 23632.9849  12.2%  65.6  322s
 30150 22007 25639.6942  118  755 26924.0000 23632.9849  12.2%  65.6  325s
 30154 22010 23640.9147   96  656 26924.0000 23632.9849  12.2%  65.6  331s
 30155 22011 25128.2757   87  452 26924.0000 23632.9849  12.2%  65.6  336s
 30158 22013 23634.4067   54  588 26924.0000 23632.9849  12.2%  65.6  341s
 30159 22013 24671.0976   86  478 26924.0000 23632.9849  12.2%  65.6  347s
 30162 22015 23633.4452   57  691 26924.0000 23632.9849  12.2%  65.5  352s
 30163 22016 24336.1154  116  423 26924.0000 23632.9849  12.2%  65.5  357s
 30165 22017 24687.0000  192  669 26924.0000 23632.9849  12.2%  65.5  362s
 30166 22018 24225.9847   87  449 26924.0000 23632.9849  12.2%  65.5  367s
 30167 22019 24129.0000   62  678 26924.0000 23632.9849  12.2%  65.5  372s
 30168 22019 25781.4906   81  577 26924.0000 23632.9849  12.2%  65.5  377s
 30169 22020 23633.9681   70  681 26924.0000 23632.9849  12.2%  65.5  381s
 30170 22021 23633.2861   71  558 26924.0000 23632.9849  12.2%  65.5  386s
 30171 22021 23731.5134  108  776 26924.0000 23632.9849  12.2%  65.5  390s
 30172 22022 23715.6067  101  609 26924.0000 23632.9849  12.2%  65.5  395s
 30174 22023 24263.1823   86  718 26924.0000 23632.9849  12.2%  65.5  405s
 30177 22028 23632.9849   50  500 26924.0000 23632.9849  12.2%  68.2  410s
 30421 22213 23723.2687   66  386 26924.0000 23632.9849  12.2%  68.2  415s
 30696 22383 23814.2894   84  422 26924.0000 23632.9849  12.2%  68.2  420s
H30912 21410                    26923.999984 23632.9849  12.2%  68.4  424s
 30994 21519 23819.3701  102  513 26924.0000 23632.9849  12.2%  68.4  425s
 31357 21677 25002.3701  123  447 26924.0000 23632.9849  12.2%  68.2  430s
 31730 21777 24927.0000  154  412 26924.0000 23632.9849  12.2%  68.7  436s
 32019 21942 23673.3736   77  578 26924.0000 23632.9849  12.2%  69.2  441s
 32417 22135 25206.5768  117  423 26924.0000 23632.9849  12.2%  69.4  446s
 32764 22305 23652.0195   58  726 26924.0000 23632.9849  12.2%  69.6  451s
H32818 21240                    26828.000000 23632.9849  11.9%  69.6  451s
H32915 20274                    26591.000000 23632.9849  11.1%  69.7  454s
H32964 19311                    26582.000000 23632.9849  11.1%  69.8  454s
 33035 19423 24000.0195   84  606 26582.0000 23632.9849  11.1%  70.0  457s
H33055 18518                    26576.000000 23632.9849  11.1%  70.0  457s
 33192 18604 24139.5205   98  615 26576.0000 23632.9849  11.1%  70.1  460s
 33626 18918 23776.0195   76  654 26576.0000 23632.9849  11.1%  70.6  467s
 33964 19046 infeasible  102      26576.0000 23632.9849  11.1%  70.9  471s
 34263 19710 23750.1557   62  594 26576.0000 23632.9849  11.1%  71.4  475s
 35519 19941 24378.2241   87  708 26576.0000 23632.9849  11.1%  72.3  484s
 36068 20863 24527.2457  101  640 26576.0000 23632.9849  11.1%  72.7  489s
 37551 20814 24370.1732  101  638 26576.0000 23632.9849  11.1%  72.4  495s
 38139 21961 24054.0729   76  589 26576.0000 23632.9849  11.1%  73.4  501s
 39878 21684 23690.0088   82  647 26576.0000 23632.9849  11.1%  74.0  507s
 40217 22059 23678.0971   64  748 26576.0000 23632.9849  11.1%  74.5  513s
H40316 21173                    26575.000000 23632.9849  11.1%  74.5  513s
 40855 22109 23690.6971   66  777 26575.0000 23632.9849  11.1%  75.4  520s
 42303 22091 23699.5237   67  769 26575.0000 23632.9849  11.1%  75.7  527s
H42897 21641                    26574.000000 23632.9849  11.1%  76.5  534s
 43543 22832 24937.9666  137  529 26574.0000 23632.9849  11.1%  77.7  542s
 44118 22640 24900.0391  131  575 26574.0000 23632.9849  11.1%  77.5  573s
 45471 22765 23826.8508   68  783 26574.0000 23632.9849  11.1%  77.9  581s
H45727 21908                    26540.000000 23632.9849  11.0%  78.3  581s
 46213 24090 23954.5506   62  741 26540.0000 23632.9849  11.0%  79.0  593s
 49213 23503 infeasible   95      26540.0000 23632.9849  11.0%  79.0  600s
 49747 23927 26069.9846  109  526 26540.0000 23632.9849  11.0%  79.5  608s
 50572 24333 infeasible  138      26540.0000 23632.9849  11.0%  80.1  616s
 51428 25638 24852.0177  118  444 26540.0000 23632.9849  11.0%  81.3  623s
 53573 25286 24390.4247   91  558 26540.0000 23632.9940  11.0%  81.8  631s
 54048 25701 24271.1117  101  642 26540.0000 23632.9940  11.0%  82.3  638s
 54808 26578 25242.8724  116  537 26540.0000 23633.0654  11.0%  83.1  645s
 56322 26627 23652.9424   69  812 26540.0000 23633.0654  11.0%  83.4  653s
 57014 27798 24462.0010  117  478 26540.0000 23633.0654  11.0%  84.4  661s
 59070 27531 24004.1554   99  572 26540.0000 23633.0971  11.0%  84.4  669s
 59683 27403 23831.0389   98  540 26540.0000 23633.0971  11.0%  85.2  680s
H59696 26666                    26525.000000 23633.0971  10.9%  85.3  680s
H59714 25452                    26226.000000 23633.0971  9.89%  85.3  680s
 59785 26050 23836.2776   79  737 26226.0000 23633.0971  9.89%  85.4  689s
H59800 25360                    26218.000000 23633.0971  9.86%  85.4  689s
H60588 25123                    26201.000000 23633.0971  9.80%  86.0  699s
H60867 24432                    26197.000000 23633.0971  9.79%  86.1  699s
H60966 23823                    26192.000000 23633.0971  9.77%  86.1  699s
H61128 23349                    26188.000000 23633.0971  9.76%  86.5  699s
 61489 24853 24286.0000  142  293 26188.0000 23633.0971  9.76%  86.9  713s
H62635 24852                    26187.000000 23633.0971  9.75%  87.4  713s
H63087 24850                    26184.000000 23633.0971  9.74%  87.5  713s
 63373 26248 23657.2857   61  752 26184.0000 23633.0971  9.74%  87.5  724s
 65125 27025 24571.5814   85  691 26184.0000 23633.0971  9.74%  88.5  733s
H65233 27025                    26183.999984 23633.0971  9.74%  88.6  733s
 66123 28809 24679.2117   77  669 26184.0000 23633.0971  9.74%  89.2  743s
 68474 29486 infeasible  106      26184.0000 23633.0971  9.74%  89.1  752s
 69322 30512 23759.3202   78  696 26184.0000 23633.0971  9.74%  89.5  760s
 70586 31266 23633.0971   68  737 26184.0000 23633.0971  9.74%  90.0  769s
 71577 32609 24173.8367   81  849 26184.0000 23633.0971  9.74%  90.3  778s
 73375 33264 infeasible  132      26184.0000 23633.0971  9.74%  90.4  787s
H74327 34635                    26154.999983 23633.0971  9.64%  90.8  795s
H76342 35135                    26138.000000 23633.0971  9.58%  90.6  804s
H76429 35132                    26137.000000 23633.0971  9.58%  90.7  804s
H76747 35097                    26120.999983 23633.0971  9.52%  91.0  804s
H76835 35083                    26112.000000 23633.0971  9.49%  91.0  804s
 76983 36458 25177.6207  115  615 26112.0000 23633.0971  9.49%  91.2  822s
 78739 38555 24085.1667  102  497 26112.0000 23633.0971  9.49%  92.3  835s
 81518 39154 infeasible   64      26112.0000 23633.0971  9.49%  92.1  844s
 82275 40907 25365.3055  105  631 26112.0000 23633.0971  9.49%  92.9  854s
 84634 41402 23639.0350   71  719 26112.0000 23633.0971  9.49%  92.7  862s
 85262 42331 24421.6909  118  605 26112.0000 23633.0971  9.49%  93.4  871s
 86444 44072 24070.0397   96  654 26112.0000 23633.0971  9.49%  93.6  880s
 88760 44660 23806.3650   80  672 26112.0000 23633.0971  9.49%  93.9  889s
 89491 46066 23669.3182   84  619 26112.0000 23633.0971  9.49%  94.4  897s
 91509 46484 23633.0971   63  786 26112.0000 23633.0971  9.49%  94.5  906s
 92095 48001 23636.4532   64  830 26112.0000 23633.0971  9.49%  94.8  927s
 94333 49943 23943.9308   71  740 26112.0000 23633.0971  9.49%  95.4  939s
 97216 50529 23733.3634   80  670 26112.0000 23633.0971  9.49%  95.2  944s
 98045 51823 24677.8079   85  640 26112.0000 23633.0971  9.49%  95.6  951s
 99815 52520 23939.7506   85  534 26112.0000 23633.0971  9.49%  95.5  960s
 100766 53838 26049.4049  133  448 26112.0000 23633.0971  9.49%  95.8  969s
 102819 54244 23633.0971   60  741 26112.0000 23633.0971  9.49%  95.6  978s
 103401 54844 25705.4024  113  565 26112.0000 23633.0971  9.49%  95.9  987s
 104241 55736 24033.6716   87  652 26112.0000 23633.0971  9.49%  96.3  997s
 105558 56618 24710.0000  103  477 26112.0000 23633.0971  9.49%  96.5 1003s
 106713 58273 25742.1430  145  272 26112.0000 23633.0971  9.49%  96.5 1009s
 108955 58595 23755.4909   66  816 26112.0000 23633.0971  9.49%  96.2 1012s
 109386 59134 24520.6169   87  604 26112.0000 23633.0971  9.49%  96.3 1016s
 110088 59930 23673.9329   79  786 26112.0000 23633.0971  9.49%  96.5 1021s
 111223 60643 23863.8971   72  699 26112.0000 23633.0971  9.49%  96.9 1026s
 112103 62023 23863.8971   75  792 26112.0000 23633.0971  9.49%  97.2 1032s
 114024 62564 23635.3693   67  719 26112.0000 23633.1092  9.49%  97.3 1037s
H114168 62557                    26109.000000 23633.1145  9.48%  97.3 1037s
 114695 63227 23687.2769   83  570 26109.0000 23633.1211  9.48%  97.6 1043s
 115595 64098 25597.6304  127  455 26109.0000 23633.1211  9.48%  97.7 1049s
H116702 64098                    26108.999908 23633.1211  9.48%  97.7 1049s
 116815 64607 infeasible   91      26108.9999 23633.1211  9.48%  97.7 1055s
H117522 65331                    26107.000000 23633.1243  9.48%  98.0 1061s
 118481 66183 24437.2658  129  458 26107.0000 23633.1243  9.48%  98.2 1067s
 119753 66715 infeasible  101      26107.0000 23633.1350  9.48%  98.4 1073s
 120525 67775 24171.2692   79  727 26107.0000 23633.1409  9.48%  98.8 1080s
 121975 68262 infeasible   78      26107.0000 23633.1722  9.48%  98.9 1085s
 122588 69601 infeasible  148      26107.0000 23633.1722  9.48%  99.1 1097s
 124467 71894 25996.0000  135  438 26107.0000 23633.1805  9.48%  99.2 1105s
 127700 72307 infeasible   93      26107.0000 23633.2629  9.48%  98.8 1112s
 128200 72972     cutoff  128      26107.0000 23633.2629  9.48%  99.0 1119s
 129118 73994 23635.6354   71  773 26107.0000 23633.2629  9.48%  99.2 1126s
 130528 74547     cutoff  132      26107.0000 23633.2629  9.48%  99.2 1133s
 131267 75402 24963.1777  120  399 26107.0000 23633.2629  9.48%   100 1140s
 132387 76641 24116.5005   74  566 26107.0000 23633.2629  9.48%   100 1146s
 134054 77288 23677.9366   69  644 26107.0000 23633.2783  9.48%   100 1154s
 134925 78003 24324.8136   98  670 26107.0000 23633.2882  9.48%   100 1162s
 135848 79422 23634.3479   67  750 26107.0000 23633.2882  9.48%   101 1169s
 137900 79960 24403.5590  110  515 26107.0000 23633.3380  9.48%   101 1175s
 138595 81408 23817.0929  100  543 26107.0000 23633.3409  9.48%   101 1187s
 140567 82422 24120.0403   85  653 26107.0000 23633.3409  9.48%   102 1195s
 141920 83454     cutoff  151      26107.0000 23633.4669  9.47%   102 1203s
 143365 84729 24100.6842   81  748 26107.0000 23633.4925  9.47%   102 1211s
 145053 85186 23637.2496   61  695 26107.0000 23633.5066  9.47%   102 1222s
 145645 86237 23938.9705   92  560 26107.0000 23633.5066  9.47%   103 1234s
 146988 87449 24417.2715  125  438 26107.0000 23633.5307  9.47%   103 1245s
 148661 88307 25086.2342  119  593 26107.0000 23633.5432  9.47%   103 1253s
 149821 88960 infeasible   75      26107.0000 23633.5609  9.47%   103 1263s
 150793 90749 23635.2692   69  753 26107.0000 23633.5963  9.47%   104 1274s
 153277 91266 23860.5172   92  609 26107.0000 23633.6497  9.47%   103 1280s
 154026 92146 24601.7155  133  383 26107.0000 23633.6561  9.47%   104 1290s
 155199 93606 24576.6933   85  646 26107.0000 23633.6679  9.47%   104 1303s
 157339 94526 24182.0000   97  561 26107.0000 23633.6953  9.47%   105 1316s
 158552 96491 24093.0389   99  564 26107.0000 23633.6953  9.47%   105 1329s
H160014 96440                    26097.000000 23633.6953  9.44%   105 1329s
 161281 97100 infeasible   92      26097.0000 23633.7600  9.44%   105 1339s
H161469 97093                    26094.000000 23633.7622  9.43%   105 1339s
 162175 97899 23638.4558   62  773 26094.0000 23633.8130  9.43%   105 1350s
H163291 98862                    26092.000000 23633.8233  9.42%   105 1361s
H164647 99524                    26040.000000 23633.8537  9.24%   105 1368s
H166062 100260                    26036.000000 23633.8971  9.23%   106 1379s
 167187 102070 24604.1486   94  489 26036.0000 23633.8971  9.23%   106 1391s
H167854 102028                    26032.000000 23633.8971  9.21%   106 1391s
 169589 102697 infeasible  135      26032.0000 23633.8971  9.21%   106 1400s
 170495 104068 23714.0167   91  681 26032.0000 23633.8971  9.21%   106 1412s
H171755 104044                    26030.000000 23633.8971  9.21%   106 1412s
 172168 105736 24191.6277  103  530 26030.0000 23633.8971  9.21%   106 1423s
 174626 106271 infeasible   80      26030.0000 23633.8971  9.21%   106 1432s
 175404 107163 23797.6355   87  739 26030.0000 23633.8971  9.21%   106 1440s
H176316 107143                    26029.000000 23633.8971  9.20%   106 1440s
 176619 107818 24794.4198  115  598 26029.0000 23633.8971  9.20%   106 1449s
 177540 109276 24077.5196   85  586 26029.0000 23633.8971  9.20%   106 1456s
H178038 109260                    26028.000000 23633.8971  9.20%   106 1456s
 179596 109679 24471.2274   97  639 26028.0000 23633.8971  9.20%   106 1465s
H179898 109668                    26027.000000 23633.8971  9.19%   106 1465s
 180165 110305     cutoff  132      26027.0000 23633.8971  9.19%   106 1474s
H180782 110265                    26025.000000 23633.8971  9.19%   106 1474s
 181039 111348 23634.0072   70  771 26025.0000 23633.8971  9.19%   106 1483s
 182498 112177 infeasible   94      26025.0000 23633.8971  9.19%   106 1492s
H182640 112156                    26024.000000 23633.8971  9.18%   106 1492s
H183001 112127                    26023.000000 23633.8971  9.18%   106 1492s
 183544 113553 25774.7769  122  560 26023.0000 23633.8971  9.18%   106 1501s
H184402 113535                    26021.000000 23633.8971  9.17%   106 1501s
 185792 114244 25372.8581  111  520 26021.0000 23633.8971  9.17%   106 1508s
H186357 114200                    26018.000000 23633.8971  9.16%   106 1508s
 186874 115380 23634.0072   69  818 26018.0000 23633.8971  9.16%   106 1519s
 188502 116193 23855.0389   76  568 26018.0000 23633.8991  9.16%   107 1530s
H189026 116187                    26017.000000 23633.8991  9.16%   107 1530s
 189501 117636 24270.0389   84  629 26017.0000 23633.8991  9.16%   107 1540s
H190306 117619                    26016.000000 23633.8991  9.16%   107 1540s
 191577 118142 infeasible  127      26016.0000 23633.9003  9.16%   107 1547s
 192339 118969 25192.9524  119  498 26016.0000 23633.9003  9.16%   107 1557s
 193419 120525 25541.8572  105  566 26016.0000 23633.9003  9.16%   107 1567s
H194765 120521                    26015.000000 23633.9003  9.15%   107 1567s
H195605 121144                    26014.000000 23633.9003  9.15%   107 1577s
H196219 121100                    26012.000000 23633.9003  9.14%   107 1577s
 196517 121726 24742.9439  114  446 26012.0000 23633.9003  9.14%   107 1585s
H196678 121718                    26011.000000 23633.9003  9.14%   107 1585s
 197494 122400 23884.9394   94  516 26011.0000 23633.9003  9.14%   107 1591s
 198427 123680 24909.0000  117  474 26011.0000 23633.9067  9.14%   107 1600s
H199932 123680                    26010.999997 23633.9169  9.14%   107 1600s
 200101 124231 infeasible  141      26011.0000 23633.9190  9.14%   107 1608s
 200873 125218 24076.8987   83  616 26011.0000 23633.9211  9.14%   108 1616s
 202148 126398 23636.7479   79  779 26011.0000 23633.9219  9.14%   107 1625s
H202306 126386                    26010.000000 23633.9219  9.14%   108 1625s
H203892 126729                    26009.000000 23633.9243  9.13%   108 1634s
H204417 126674                    26007.000000 23633.9409  9.12%   108 1634s
 204520 127222 23635.4072   63  715 26007.0000 23633.9443  9.12%   108 1643s
H204819 127222                    26006.999849 23633.9527  9.12%   108 1643s
 205215 127945 23665.0115   71  749 26006.9998 23633.9719  9.12%   108 1654s
H205579 127914                    26005.000000 23633.9719  9.12%   108 1654s
 206195 129056 23637.0195   70  713 26005.0000 23633.9805  9.12%   108 1664s
 207758 129861 25383.5704   96  533 26005.0000 23633.9805  9.12%   108 1675s
 208809 131530 25270.1776  124  476 26005.0000 23633.9805  9.12%   108 1685s
H209405 131518                    26004.000000 23633.9805  9.11%   108 1685s
 211104 132241 infeasible   89      26004.0000 23633.9805  9.11%   108 1694s
 211818 132241 infeasible   94      26004.0000 23633.9805  9.11%   108 1695s
 212084 132939 24459.3637  116  451 26004.0000 23633.9825  9.11%   108 1703s
 213072 134402 24195.6280   95  613 26004.0000 23633.9938  9.11%   108 1708s
 215084 135065 25951.5797  123  504 26004.0000 23633.9962  9.11%   108 1719s
 215989 135668 25738.7118  123  456 26004.0000 23634.0072  9.11%   108 1728s
 216880 136473 23833.8897   71  795 26004.0000 23634.0072  9.11%   109 1740s
 218016 138435 24494.8710  113  571 26004.0000 23634.0072  9.11%   109 1751s
 220690 139085 23716.5572   89  802 26004.0000 23634.0072  9.11%   109 1761s
 221623 139802 infeasible  154      26004.0000 23634.0072  9.11%   109 1773s
 222613 140515 25066.6032  114  536 26004.0000 23634.0072  9.11%   109 1785s
 223642 140864 23859.3751   76  698 26004.0000 23634.0072  9.11%   109 1798s
 224067 141744 23634.0072   76  716 26004.0000 23634.0072  9.11%   109 1811s
 225257 142547 infeasible  147      26004.0000 23634.0072  9.11%   110 1823s
 226441 144332 23635.9120   76  714 26004.0000 23634.0072  9.11%   110 1834s
 229032 145155 23927.0389  102  589 26004.0000 23634.0072  9.11%   110 1846s
 230137 145998 23634.0072   78  683 26004.0000 23634.0072  9.11%   110 1857s
 231326 147284 23992.6424   91  672 26004.0000 23634.0072  9.11%   110 1866s
 233291 147668 23973.0389   82  617 26004.0000 23634.0072  9.11%   110 1873s
 233762 148310 infeasible  148      26004.0000 23634.0072  9.11%   110 1878s
 234632 149826 23634.0686   69  736 26004.0000 23634.0072  9.11%   110 1886s
 236618 150326 24808.1221  120  501 26004.0000 23634.0072  9.11%   110 1894s
 237300 150841 23635.6654   76  873 26004.0000 23634.0072  9.11%   110 1902s
 238087 151885 24018.6562  105  633 26004.0000 23634.0072  9.11%   110 1908s
 239578 152510 24037.4131   79  671 26004.0000 23634.0072  9.11%   110 1916s
 240346 154074 24770.0389  100  435 26004.0000 23634.0072  9.11%   110 1925s
 242608 154680 23649.0072   84  727 26004.0000 23634.0072  9.11%   110 1934s
 243450 155308 25312.0573  174  295 26004.0000 23634.0072  9.11%   110 1941s
 244278 156390 24126.8105   94  568 26004.0000 23634.0072  9.11%   110 1949s
 245815 156970 24442.5408   79  725 26004.0000 23634.0072  9.11%   110 1957s
 246621 158098 24799.5733  132  473 26004.0000 23634.0072  9.11%   110 1971s
 248095 159971 24172.2919  112  647 26004.0000 23634.0072  9.11%   111 1984s
 250644 160577 infeasible  118      26004.0000 23634.0072  9.11%   110 1993s
 251482 161341 23824.9018   96  618 26004.0000 23634.0072  9.11%   110 2003s
 252501 162734 24420.0813  108  710 26004.0000 23634.0072  9.11%   111 2014s
 254478 163427 23634.0072   77  777 26004.0000 23634.0072  9.11%   110 2023s
 255332 164869 23757.0297   85  653 26004.0000 23634.0072  9.11%   111 2032s
 257319 165555 infeasible  130      26004.0000 23634.0072  9.11%   110 2041s
 258310 166168 infeasible  122      26004.0000 23634.0072  9.11%   111 2051s
 259248 167385 23774.0084   81  736 26004.0000 23634.0072  9.11%   111 2056s
 261111 167990 23908.9880   80  730 26004.0000 23634.0072  9.11%   111 2066s
 261934 168980 23842.1429   80  806 26004.0000 23634.0072  9.11%   111 2079s
 263344 171196 23821.8142   82  669 26004.0000 23634.0072  9.11%   111 2093s
 266449 171779 23634.0072   78  697 26004.0000 23634.0072  9.11%   111 2102s
 267229 172524 23836.0072   80  694 26004.0000 23634.0072  9.11%   111 2111s
 268252 174038 23700.1044   75  753 26004.0000 23634.0072  9.11%   111 2120s
 270248 174736 24082.0397  106  564 26004.0000 23634.0072  9.11%   111 2128s
 271164 175355 24262.9473   93  636 26004.0000 23634.0072  9.11%   111 2137s
 271987 176500 24515.9323  109  525 26004.0000 23634.0072  9.11%   111 2143s
 273623 177234 24009.4825   90  633 26004.0000 23634.0072  9.11%   111 2148s
 274495 178060 25469.8172  149  535 26004.0000 23634.0072  9.11%   111 2155s
H275597 179185                    26003.999972 23634.0072  9.11%   111 2164s
 277175 179709 25006.7188  123  553 26004.0000 23634.0072  9.11%   111 2172s
 277881 180397 25352.0144  114  460 26004.0000 23634.0072  9.11%   111 2181s
 278843 182028 23734.0072   72  708 26004.0000 23634.0072  9.11%   111 2191s
 281004 182448 24014.1546   81  723 26004.0000 23634.0072  9.11%   111 2199s
 281599 183230 24030.0072   86  827 26004.0000 23634.0072  9.11%   111 2209s
 282611 184353 24540.0580   94  605 26004.0000 23634.0072  9.11%   111 2219s
 284246 184895     cutoff   94      26004.0000 23634.0072  9.11%   111 2228s
 285214 185584 25634.6629  144  517 26004.0000 23634.0072  9.11%   111 2238s
 286167 186288 25364.2526  137  469 26004.0000 23634.0072  9.11%   111 2248s
 287199 187921 23759.0363   86  555 26004.0000 23634.0072  9.11%   111 2258s
 289420 188564 25814.2720  145  432 26004.0000 23634.0072  9.11%   111 2267s
 290344 189271 23964.5795   79  710 26004.0000 23634.0072  9.11%   111 2275s
 291337 191539 24008.7121   99  711 26004.0000 23634.0072  9.11%   111 2284s
 294430 191772 infeasible   90      26004.0000 23634.0072  9.11%   111 2291s
H294579 191772                    26003.995269 23634.0072  9.11%   111 2291s
 294827 192258 24293.7567  107  631 26003.9953 23634.0072  9.11%   111 2299s
 295628 192751 25748.3958  122  436 26003.9953 23634.0072  9.11%   111 2307s
 296325 193380 24605.8130  106  526 26003.9953 23634.0072  9.11%   111 2315s
 297276 194436 24839.1440   98  622 26003.9953 23634.0072  9.11%   111 2324s
 298781 195142 23825.5075   85  695 26003.9953 23634.0072  9.11%   111 2332s
 299744 196086 23749.0115   87  558 26003.9953 23634.0072  9.11%   111 2341s
 301127 196967 23772.6515  101  623 26003.9953 23634.0072  9.11%   111 2350s
 302317 198223 25144.0691  157  405 26003.9953 23634.0072  9.11%   111 2359s
 304234 198972 23718.5591   82  835 26003.9953 23634.0072  9.11%   111 2367s
 305388 199766 23723.0350   86  653 26003.9953 23634.0072  9.11%   111 2377s
 306592 200328 23897.0072   98  698 26003.9953 23634.0072  9.11%   111 2386s
 307450 201246 23808.0072   78  735 26003.9953 23634.0072  9.11%   111 2398s
 308762 202104 24229.0461   93  629 26003.9953 23634.0072  9.11%   111 2410s
 310048 203465 23843.2328   82  693 26003.9953 23634.0072  9.11%   111 2421s
 312041 204137 23712.1936   70  741 26003.9953 23634.0072  9.11%   111 2432s
 312956 204873 23829.9570   96  720 26003.9953 23634.0072  9.11%   111 2443s
 314044 206251 24942.8396   97  561 26003.9953 23634.0072  9.11%   111 2453s
 316012 207087 23669.9286   92  589 26003.9953 23634.0072  9.11%   111 2465s
 317042 207831 23764.2405  102  584 26003.9953 23634.0072  9.11%   111 2476s
 318055 208598 24368.6726  124  657 26003.9953 23634.0076  9.11%   111 2487s
H318192 208598                    26003.995257 23634.0076  9.11%   111 2487s
 319132 210054 25287.6335  110  613 26003.9953 23634.0076  9.11%   111 2497s
 321097 210782 23634.6439   74  723 26003.9953 23634.0076  9.11%   111 2503s
 321961 211697 25129.7382  148  413 26003.9953 23634.0229  9.11%   112 2516s
 323359 213311 23648.0632   72  729 26003.9953 23634.0323  9.11%   112 2528s
 325822 213962 23733.6421   69  803 26003.9953 23634.0478  9.11%   111 2537s
 326753 214554 24635.2465  115  594 26003.9953 23634.0489  9.11%   112 2547s
 327609 216104 24481.6265   93  617 26003.9953 23634.0494  9.11%   112 2557s
 329789 216853 23804.6463   74  746 26003.9953 23634.0494  9.11%   112 2566s
 330718 217835 25492.0391  123  447 26003.9953 23634.0494  9.11%   112 2575s
 332031 219003 24226.8848   99  551 26003.9953 23634.0494  9.11%   112 2585s
 333728 219427 23634.0494   75  821 26003.9953 23634.0494  9.11%   112 2593s
 334431 220014 infeasible  139      26003.9953 23634.0494  9.11%   112 2603s
 335277 221247 23965.0297   91  696 26003.9953 23634.0494  9.11%   112 2612s
 337298 221901 24253.8221  108  556 26003.9953 23634.0494  9.11%   112 2622s
 338184 222891 24037.0389   97  644 26003.9953 23634.0494  9.11%   112 2634s
 339535 224353 23849.2759   96  621 26003.9953 23634.0494  9.11%   112 2645s
 341592 224903 23947.9819   90  692 26003.9953 23634.0494  9.11%   112 2657s
 342485 225760 23883.1387   85  816 26003.9953 23634.0494  9.11%   112 2666s
 343598 227377 infeasible  136      26003.9953 23634.0494  9.11%   112 2672s
 346131 228015 23636.8136   81  821 26003.9953 23634.0494  9.11%   112 2678s
 347039 228822 infeasible  137      26003.9953 23634.0494  9.11%   112 2683s
 348019 230658 25374.9061  130  417 26003.9953 23634.0494  9.11%   112 2690s
 350650 231408 infeasible  107      26003.9953 23634.0494  9.11%   112 2697s
 351626 232236     cutoff  157      26003.9953 23634.0494  9.11%   112 2705s
 352782 233172 23649.6787  100  694 26003.9953 23634.0494  9.11%   112 2714s
 354229 233874 23708.7301  106  742 26003.9953 23634.0494  9.11%   112 2723s
 355118 235021 24585.9104  105  601 26003.9953 23634.0494  9.11%   112 2732s
 356846 235614 23989.1633   88  861 26003.9953 23634.0494  9.11%   112 2742s
 357753 236293 infeasible   89      26003.9953 23634.0494  9.11%   112 2749s
 358831 237044 infeasible  122      26003.9953 23634.0494  9.11%   112 2757s
 359762 238176 24417.6745  109  569 26003.9953 23634.0555  9.11%   112 2766s
 361519 238817 infeasible  107      26003.9953 23634.0572  9.11%   112 2776s
 362407 239587 infeasible   85      26003.9953 23634.0572  9.11%   112 2785s
 363494 240748 25153.0389  150  330 26003.9953 23634.0575  9.11%   112 2794s
 365182 241277 24019.2305   83  707 26003.9953 23634.0575  9.11%   112 2804s
 365954 241880 24547.5287   90  631 26003.9953 23634.0575  9.11%   112 2814s
 366876 242424 24903.0000  143  334 26003.9953 23634.0575  9.11%   112 2824s
 367678 243904 24265.6129  122  526 26003.9953 23634.0650  9.11%   112 2833s
 369789 244228 infeasible   98      26003.9953 23634.0699  9.11%   112 2839s
 370256 244769 23835.1717   84  709 26003.9953 23634.0711  9.11%   112 2847s
 371037 245217 23651.9613   79  747 26003.9953 23634.0872  9.11%   112 2855s
 371658 245937 24792.8370  110  480 26003.9953 23634.0882  9.11%   112 2865s
 372647 246678 24008.1971   99  638 26003.9953 23634.0906  9.11%   112 2875s
 373664 247903 23932.3781   74  693 26003.9953 23634.0906  9.11%   112 2884s
 375408 248570 23983.9601  102  690 26003.9953 23634.0906  9.11%   112 2890s

Cutting planes:
  Learned: 309
  Gomory: 487
  Cover: 1542
  Implied bound: 280
  Projected implied bound: 6
  Clique: 155
  MIR: 781
  StrongCG: 238
  Flow cover: 3697
  GUB cover: 7
  Inf proof: 20
  Zero half: 121
  Network: 38
  RLT: 199
  Relax-and-lift: 187

Explored 376382 nodes (42280512 simplex iterations) in 2890.97 seconds (2201.44 work units)
Thread count was 8 (of 8 available processors)

Solution count 10: 26004 26004 26004 ... 26011

Solve interrupted
Best objective 2.600399525720e+04, best bound 2.363409064992e+04, gap 9.1136%

User-callback calls 1259342, time in user-callback 6.63 sec

Statistics for modelBGB_BWES:
  Linear constraint matrix    : 23649 Constrs, 9987 Vars, 87844 NZs
  Variable types              : 3270 Continuous,
6717 Integer (1378 Binary)
  Matrix coefficient range    : [ 1, 200 ]
  Objective coefficient range : [ 1, 386 ]
  Variable bound range        : [ 1, 199 ]
  RHS coefficient range       : [ 1, 549 ]
