
Gurobi 10.0.1 (mac64[arm]) logging started Fri Apr  5 17:02:54 2024

Set parameter LogFile to value "/Users/deniserings/Documents/zib/s-bahn-data/scripts/DeniseMA/processed/BGB_BWES/RINS/BGB_BWES_202404051212_random3_0.9.log"
Gurobi Optimizer version 10.0.1 build v10.0.1rc0 (mac64[arm])

CPU model: Apple M2
Thread count: 8 physical cores, 8 logical processors, using up to 8 threads

Optimize a model with 23774 rows, 9987 columns and 90214 nonzeros
Model fingerprint: 0x501568fc
Variable types: 3270 continuous, 6717 integer (1378 binary)
Coefficient statistics:
  Matrix range     [1e+00, 4e+02]
  Objective range  [1e+00, 4e+02]
  Bounds range     [1e+00, 2e+02]
  RHS range        [1e+00, 3e+04]

User MIP start did not produce a new incumbent solution
User MIP start violates constraint objective_cutoff by 278.410000000

Presolve removed 10358 rows and 2831 columns
Presolve time: 0.17s
Presolved: 13416 rows, 7156 columns, 53298 nonzeros
Variable types: 1870 continuous, 5286 integer (5286 binary)

Root relaxation: objective 2.329800e+04, 4240 iterations, 0.03 seconds (0.04 work units)

    Nodes    |    Current Node    |     Objective Bounds      |     Work
 Expl Unexpl |  Obj  Depth IntInf | Incumbent    BestBd   Gap | It/Node Time

     0     0 23298.0000    0  373          - 23298.0000      -     -    0s
Another try with MIP start
     0     0 23298.0000    0  374          - 23298.0000      -     -    0s
     0     0 23460.8364    0  953          - 23460.8364      -     -    0s
     0     0 23460.8553    0  976          - 23460.8553      -     -    0s
     0     0 23492.1810    0  997          - 23492.1810      -     -    1s
     0     0 23504.3092    0 1033          - 23504.3092      -     -    1s
     0     0 23504.3092    0  961          - 23504.3092      -     -    1s
     0     0 23512.0000    0 1010          - 23512.0000      -     -    1s
     0     0 23512.0000    0  907          - 23512.0000      -     -    1s
     0     0 23512.0000    0 1089          - 23512.0000      -     -    1s
     0     0 23512.0000    0 1061          - 23512.0000      -     -    1s
     0     0 23512.0000    0  372          - 23512.0000      -     -    1s
     0     0 23512.0000    0  627          - 23512.0000      -     -    1s
     0     0 23512.0000    0  332          - 23512.0000      -     -    2s
     0     0 23512.0000    0  649          - 23512.0000      -     -    2s
     0     0 23512.0000    0  462          - 23512.0000      -     -    2s
     0     0 23512.0000    0  390          - 23512.0000      -     -    2s
     0     0 23512.0000    0  329          - 23512.0000      -     -    3s
     0     0 23512.0000    0  733          - 23512.0000      -     -    3s
     0     0 23512.0000    0  652          - 23512.0000      -     -    3s
     0     0 23512.0000    0  825          - 23512.0000      -     -    3s
     0     0 23512.0000    0  719          - 23512.0000      -     -    3s
     0     0 23512.4181    0  385          - 23512.4181      -     -    4s
     0     0 23513.4116    0  434          - 23513.4116      -     -    4s
     0     0 23513.4116    0  447          - 23513.4116      -     -    4s
     0     0 23518.3895    0  566          - 23518.3895      -     -    4s
     0     0 23518.3895    0  545          - 23518.3895      -     -    4s
     0     0 23518.3895    0  578          - 23518.3895      -     -    4s
     0     0 23518.3895    0  634          - 23518.3895      -     -    4s
     0     0 23518.7333    0  337          - 23518.7333      -     -    4s
     0     0 23518.7333    0  398          - 23518.7333      -     -    4s
     0     0 23518.7333    0  490          - 23518.7333      -     -    5s
     0     0 23518.7333    0  490          - 23518.7333      -     -    5s
     0     0 23518.7333    0  346          - 23518.7333      -     -    5s
     0     0 23518.7333    0  301          - 23518.7333      -     -    5s
     0     2 23518.7333    0  234          - 23518.7333      -     -    5s
  2700  2421 24040.0000   74  689          - 23561.0000      -  25.2   10s
  3061  2683 23641.0000   38  308          - 23570.7027      -  47.4   15s
  6968  4821 24039.0000  138  420          - 23571.0000      -  40.0   20s
 11746  8354 23633.0000   23  480          - 23632.1997      -  36.8   25s
 15722 12728 24018.0000   78  458          - 23633.0000      -  35.9   31s
 21651 16230 23653.0000   51  517          - 23633.0000      -  34.7   35s
 28315 21170 24070.0000   68  468          - 23633.0000      -  34.0   40s
 30217 21394 25790.0000  163  246          - 23633.0000      -  33.8   47s
 30531 26964 25642.6667  171  234          - 23633.0000      -  34.0   53s
 38279 27394 24138.0000   92  385          - 23633.0000      -  33.8   55s
 41830 30282 infeasible  129               - 23633.0000      -  33.9   60s
 45012 37839 24215.0000   41  602          - 23633.0000      -  34.4   68s
 52752 39365 24171.0000  103  354          - 23633.0000      -  34.6   70s
 59493 44135 23784.0000   75  557          - 23633.0000      -  34.6   76s
 64704 47292 23639.0000   26  578          - 23633.0000      -  34.6   80s
 70480 52378 23927.0000   72  558          - 23633.0000      -  34.5   86s
 72544 53408 23639.0000   52  490          - 23633.0000      -  34.6   90s
 75680 56712 23992.1772   71  475          - 23633.0000      -  34.5   95s
 81090 59443 infeasible  166               - 23633.0000      -  34.5  100s
 83066 61976 23699.0000   76  475          - 23633.0000      -  34.8  105s
 88346 65998 23790.0000  129  408          - 23633.0000      -  34.6  111s
 90431 67923 23780.0000   75  535          - 23633.0000      -  34.6  115s
 94145 70400 infeasible   58               - 23633.0000      -  34.4  120s
 97496 72000 infeasible   92               - 23633.0000      -  34.3  127s
 97841 72195 24987.0644   91  367          - 23633.0000      -  34.4  131s
 98732 73117 25363.0000  109  286          - 23633.0000      -  34.5  137s
 99260 73291 infeasible  114               - 23633.0000      -  34.6  140s
 101262 75973 24896.0000  131  319          - 23633.0000      -  34.6  146s
 103257 77351 24005.0000   68  433          - 23633.0000      -  34.6  150s
 106901 78889 23633.0000   42  575          - 23633.0000      -  34.4  156s
 108613 80493 23944.0000   77  425          - 23633.0000      -  34.4  161s
 110753 82008 25294.0000   97  458          - 23633.0000      -  34.4  166s
 112625 84353 24271.0000   81  452          - 23633.0000      -  34.4  171s
 114404 85684 24096.1351   54  440          - 23633.0000      -  34.5  175s
 117697 88257 23669.0000   70  501          - 23633.0000      -  34.4  181s
 119540 90145 23971.2800   49  474          - 23633.0000      -  34.4  185s
 124402 93514 24223.0000  117  388          - 23633.0000      -  34.2  191s
 127955 95917 23674.0000   44  602          - 23633.0000      -  34.1  195s
 131737 98656 24418.8949   81  470          - 23633.0000      -  34.1  201s
 133199 100136 24661.0951   99  434          - 23633.0000      -  34.1  205s
 137110 102192 23771.0000   54  514          - 23633.0000      -  34.1  212s
 139750 103926 infeasible  109               - 23633.0000      -  34.0  215s
 143693 106930 23633.0000   34  523          - 23633.0000      -  33.9  220s
 147154 110049 infeasible  146               - 23633.0000      -  33.8  225s
 150241 112937 23981.8225   90  499          - 23633.0000      -  33.8  231s
 154022 115942 24145.2116   84  464          - 23633.0000      -  33.8  236s
 157482 118407 25426.0291  143  354          - 23633.0000      -  33.8  240s
 160844 121032 23985.0000   44  585          - 23633.0000      -  33.8  245s
 162372 121170 infeasible  153               - 23633.0000      -  33.8  252s
 163355 123126 23999.0000  121  444          - 23633.0000      -  33.9  256s
 166860 124655 24630.8724   73  505          - 23633.0000      -  33.9  260s
 170867 128378 23933.1351  109  477          - 23633.0000      -  33.9  265s
 174350 131556 24885.0000  110  416          - 23633.0000      -  34.1  271s
 177938 134101 24737.9383  138  248          - 23633.0000      -  34.1  275s
 182803 136853 24794.6279  104  389          - 23633.0000      -  34.1  280s
 185787 140117 23926.0000   58  495          - 23633.0000      -  34.2  285s
 190330 143647 25177.5000  104  485          - 23633.0000      -  34.3  291s
 195132 147543 23901.0000   70  490          - 23633.0000      -  34.2  296s
 199218 150360 23895.0000   67  472          - 23633.0000      -  34.2  302s
 200953 151871 24002.0000   43  571          - 23633.0000      -  34.3  305s
 205823 155364 infeasible  105               - 23633.0000      -  34.3  310s
 210454 157973 infeasible  156               - 23633.0000      -  34.4  316s
 210752 163088 24181.0000   47  586          - 23633.0000      -  34.4  323s
 217834 163260 23648.0000   36  573          - 23633.0000      -  34.3  325s
 221284 166794 25870.2960  122  349          - 23633.0000      -  34.4  330s
 225931 170519 23696.0000   40  631          - 23633.0000      -  34.5  336s
 229722 173541 23677.0000   40  510          - 23633.0000      -  34.4  341s
 233702 176453 25864.0000  141  355          - 23633.0000      -  34.5  349s
 234931 176699 24680.0000   77  416          - 23633.0000      -  34.5  350s
 238837 180191 25316.4397  101  427          - 23633.0000      -  34.5  355s
 243433 183705 26583.0000  121  443          - 23633.0000      -  34.5  361s
 246563 186024 25473.0000  116  397          - 23633.0000      -  34.5  366s
 250883 188376 infeasible   84               - 23633.0000      -  34.5  370s
 255461 193023 23742.8602   38  535          - 23633.0000      -  34.6  376s
 258937 194887 23633.0000   34  609          - 23633.0000      -  34.6  380s
 261403 196680 24149.0000   38  590          - 23633.0000      -  34.7  390s
 263209 199365 24985.0000   92  392          - 23633.0000      -  34.8  395s
 269500 202854 infeasible  102               - 23633.0000      -  34.8  401s
 272979 205944 23633.0000   36  609          - 23633.0000      -  34.8  405s
 277330 209538 23847.0000   53  627          - 23633.0000      -  34.8  410s
 282100 213278 24555.0000   61  502          - 23633.0000      -  34.9  416s
 285194 219926 24378.8804   92  521          - 23633.0000      -  34.9  426s
 292713 221478 24106.0000   76  471          - 23633.0000      -  35.0  430s
 297492 225136 23885.0000   58  532          - 23633.0000      -  35.0  435s
 302602 228306 23886.7379   46  472          - 23633.0000      -  35.0  440s
 306542 232073 infeasible   82               - 23633.0000      -  35.0  446s
 309893 234595 24201.0000   65  498          - 23633.0000      -  35.0  450s
 312928 237033 23957.6469   40  659          - 23633.0000      -  35.1  455s
 316218 239704 25575.0000  155  252          - 23633.0000      -  35.1  460s
 321233 243295 25297.0000  119  481          - 23633.0000      -  35.1  466s
 325762 246738 25619.4820  145  283          - 23633.0000      -  35.1  471s
 330277 249265 24211.0000   75  481          - 23633.0000      -  35.1  475s
 332726 252050 23873.0000   46  593          - 23633.0000      -  35.2  480s
 335183 255415 23749.0000   38  597          - 23633.0000      -  35.3  485s
 340597 258654 24637.4060  119  391          - 23633.0000      -  35.2  491s
 344458 261378 25215.0000  156  359          - 23633.0000      -  35.2  495s
 349673 264208 infeasible   67               - 23633.0000      -  35.3  501s
 351691 266704 24067.6100   44  630          - 23633.0000      -  35.3  505s
 353336 266980 26650.0000  140  288          - 23633.0000      -  35.3  510s
 356368 269349 24479.0000   81  463          - 23633.0000      -  35.3  515s
 359840 272904 24833.0000   82  501          - 23633.0000      -  35.3  520s
 364725 275868 infeasible  109               - 23633.0000      -  35.3  526s
 367030 278591 23730.0567   52  508          - 23633.0000      -  35.3  530s
 372174 281803 infeasible   80               - 23633.0000      -  35.3  535s
 376412 285895 24679.7800   55  534          - 23633.0000      -  35.4  540s
 378589 289238 25613.5644  129  361          - 23633.0000      -  35.4  545s
 384171 290891 infeasible  161               - 23633.0000      -  35.4  551s
 387618 294106 24624.5143   75  504          - 23633.0000      -  35.4  555s
 390593 296721 25257.1764  135  301          - 23633.0000      -  35.4  560s
 392100 296790 24292.0000   57  466          - 23633.0000      -  35.4  566s
 393969 298436 infeasible   87               - 23633.0000      -  35.4  571s
 394273 303480 23755.7123   57  485          - 23633.0000      -  35.4  578s
 400834 303637 23850.1387   28  588          - 23633.0000      -  35.5  580s
 405451 307429 25083.7311  126  418          - 23633.0000      -  35.5  587s
 405718 308672 25325.4959  140  367          - 23633.0000      -  35.5  594s
 406289 308672 24824.0000  119  395          - 23633.0000      -  35.5  595s
 408778 310267 24227.0000   54  483          - 23633.0000      -  35.5  666s
 412352 314110 24604.0000   97  372          - 23633.0000      -  35.6  670s
 418006 318367 24601.0000   82  548          - 23633.0000      -  35.6  675s
 423168 321041 23848.0000   91  526          - 23633.0000      -  35.6  738s
 426307 323405 infeasible  148               - 23633.0000      -  35.6  740s
 432308 328171 24518.0000   90  447          - 23633.0000      -  35.6  745s
 438100 332628 infeasible   96               - 23633.0000      -  35.6  750s
 438348 338605 23823.0000   50  504          - 23633.0000      -  35.7  756s
 446582 340046 26334.5550  111  371          - 23633.0000      -  35.7  760s
 448005 340529 23788.0000   64  531          - 23633.0000      -  35.7  765s
 450538 342267 25393.1542  160  257          - 23633.0000      -  35.7  770s
 450780 343641 24181.0000   39  602          - 23633.0000      -  35.7  780s
 454568 349000 24230.0000   84  381          - 23633.0000      -  35.7  785s
 464539 354043 23633.0000   49  651          - 23633.0000      -  35.7  790s
 471434 358510 infeasible  153               - 23633.0000      -  35.7  795s
 474957 361152 infeasible  143               - 23633.0000      -  35.7  803s
 475032 361365 24093.0000   32  605          - 23633.0000      -  35.8  805s
 475521 363065 24427.4700   69  504          - 23633.0000      -  35.8  811s
 478874 364694 25439.0000  117  369          - 23633.0000      -  35.8 1136s
 482717 367324 26228.2804  168  282          - 23633.0000      -  35.8 1140s
 484696 373762 24462.0000   91  463          - 23633.0000      -  35.8 1146s
 495304 377176 25086.6704   65  559          - 23633.0000      -  35.9 1150s
 499259 381564 24167.0000   43  536          - 23633.0000      -  35.9 2117s

Cutting planes:
  Learned: 156
  Gomory: 147
  Cover: 470
  Implied bound: 53
  Projected implied bound: 8
  Clique: 113
  MIR: 233
  StrongCG: 118
  Flow cover: 1261
  Inf proof: 3
  Zero half: 43
  Network: 19
  RLT: 55
  Relax-and-lift: 56

Explored 501283 nodes (18039665 simplex iterations) in 2118.02 seconds (559.02 work units)
Thread count was 8 (of 8 available processors)

Solution count 0

Time limit reached
Best objective -, best bound 2.363300000000e+04, gap -

User-callback calls 1135868, time in user-callback 5.48 sec

Statistics for modelBGB_BWES:
  Linear constraint matrix    : 23774 Constrs, 9987 Vars, 90214 NZs
  Variable types              : 3270 Continuous,
6717 Integer (1378 Binary)
  Matrix coefficient range    : [ 1, 386 ]
  Objective coefficient range : [ 1, 386 ]
  Variable bound range        : [ 1, 199 ]
  RHS coefficient range       : [ 1, 27562.6 ]
