
Gurobi 10.0.1 (mac64[arm]) logging started Fri Apr  5 21:12:05 2024

Set parameter LogFile to value "/Users/deniserings/Documents/zib/s-bahn-data/scripts/DeniseMA/processed/BGB_BWES/RINS/BGB_BWES_202404051212_random2_0.6.log"
Gurobi Optimizer version 10.0.1 build v10.0.1rc0 (mac64[arm])

CPU model: Apple M2
Thread count: 8 physical cores, 8 logical processors, using up to 8 threads

Optimize a model with 23732 rows, 9987 columns and 90172 nonzeros
Model fingerprint: 0xe6c0636c
Variable types: 3270 continuous, 6717 integer (1378 binary)
Coefficient statistics:
  Matrix range     [1e+00, 4e+02]
  Objective range  [1e+00, 4e+02]
  Bounds range     [1e+00, 2e+02]
  RHS range        [1e+00, 3e+04]

User MIP start did not produce a new incumbent solution
User MIP start violates constraint objective_cutoff by 278.410000000

Presolve removed 10097 rows and 2764 columns
Presolve time: 0.16s
Presolved: 13635 rows, 7223 columns, 54468 nonzeros
Variable types: 1882 continuous, 5341 integer (5341 binary)

Root relaxation: objective 2.329800e+04, 4394 iterations, 0.04 seconds (0.04 work units)

    Nodes    |    Current Node    |     Objective Bounds      |     Work
 Expl Unexpl |  Obj  Depth IntInf | Incumbent    BestBd   Gap | It/Node Time

     0     0 23298.0000    0  368          - 23298.0000      -     -    0s
Another try with MIP start
     0     0 23459.0933    0 1014          - 23459.0933      -     -    0s
     0     0 23459.1062    0  880          - 23459.1062      -     -    0s
     0     0 23504.3192    0 1024          - 23504.3192      -     -    1s
     0     0 23509.3441    0  853          - 23509.3441      -     -    1s
     0     0 23509.3442    0  829          - 23509.3442      -     -    1s
     0     0 23512.6484    0  923          - 23512.6484      -     -    1s
     0     0 23512.7027    0  891          - 23512.7027      -     -    1s
     0     0 23521.3532    0  945          - 23521.3532      -     -    1s
     0     0 23521.6206    0  929          - 23521.6206      -     -    1s
     0     0 23521.6206    0 1007          - 23521.6206      -     -    1s
     0     0 23521.6394    0 1085          - 23521.6394      -     -    2s
     0     0 23521.6394    0 1104          - 23521.6394      -     -    2s
     0     0 23521.6394    0  959          - 23521.6394      -     -    2s
     0     0 23521.6394    0  337          - 23521.6394      -     -    2s
     0     2 23521.6394    0  328          - 23521.6394      -     -    3s
  1561  1528 23562.0000   35  740          - 23532.0394      -  45.9    5s
  2239  2041 24093.0000   61  379          - 23550.0000      -  43.0   10s
  2260  2055 23641.0000   25  631          - 23606.7433      -  42.6   15s
  2274  2065 24795.0000   58  532          - 23609.4375      -  42.3   20s
  2298  2082 24093.0000   69  321          - 23631.2253      -  96.1   25s
  2310  2090 24093.0000   59  341          - 23631.5322      -  95.6   30s
  3632  3037 23642.4024   83  425          - 23633.0000      -  63.4   35s
  7947  5743 24359.0000  135  406          - 23633.0000      -  42.3   40s
 14647 10167 infeasible  189               - 23633.0000      -  33.1   46s
 14858 13849 23790.3319   40  462          - 23633.0000      -  33.0   51s
 22336 16447 24458.8071   84  488          - 23633.0000      -  31.5   55s
 27149 20021 infeasible  110               - 23633.0000      -  31.9   60s
 29225 22092 infeasible  150               - 23633.0000      -  32.3   71s
 33749 25092 infeasible  132               - 23633.0000      -  31.9   75s
 37788 29346 23641.0000   84  431          - 23633.0000      -  31.8   80s
 42445 32902 23635.0000   37  493          - 23633.0000      -  32.3   85s
 48066 37379 23689.7191   56  507          - 23633.0000      -  32.4   90s
 53957 41281 24151.0000   59  516          - 23633.0000      -  32.5   97s
 56983 43712 24360.0909  150  363          - 23633.0000      -  32.5  100s
 62352 48219 23681.6258   44  559          - 23633.0000      -  32.5  105s
 68493 52072 infeasible  145               - 23633.0000      -  32.3  110s
 73825 55892 infeasible   71               - 23633.0000      -  32.6  115s
 77375 60530 23688.0000   75  485          - 23633.0000      -  32.7  121s
 83970 63560 infeasible  132               - 23633.0000      -  32.7  125s
 88983 67360 infeasible  151               - 23633.0000      -  32.7  130s
 92983 71637 23800.0000   74  427          - 23633.0000      -  32.7  135s
 99381 75298 infeasible  130               - 23633.0000      -  32.8  140s
 104283 79137 infeasible  169               - 23633.0000      -  33.0  145s
 107368 81294 23975.1884   82  366          - 23633.0000      -  33.2  152s
 107880 84061 24109.0000  122  297          - 23633.0000      -  33.3  155s
 113329 87137 24151.0000   59  546          - 23633.0000      -  33.3  160s
 117400 89160 24071.3910   62  512          - 23633.0000      -  33.4  165s
 120816 92935 23788.0000   95  421          - 23633.0000      -  33.4  170s
 124415 95446 23635.0644   46  643          - 23633.0000      -  33.4  176s
 127740 97801 24342.0715   73  525          - 23633.0000      -  33.4  181s
 132674 101654 24399.1704   79  509          - 23633.0000      -  33.5  185s
 135960 108033 23703.5000  131  384          - 23633.0000      -  33.5  193s
 142806 108280 23685.0000  109  437          - 23633.0000      -  33.5  195s
 147965 112546 24429.8389   55  526          - 23633.0000      -  33.6  200s
 151049 120044 24187.2800   65  602          - 23633.0000      -  33.7  208s
 158778 121477 24425.9950  124  346          - 23633.0000      -  33.8  210s
 163809 125171 24116.0000   78  370          - 23633.0000      -  33.8  215s
 170243 129263 infeasible  108               - 23633.0000      -  33.8  220s
 173596 132109 24995.0171  119  422          - 23633.0000      -  33.9  225s
 178105 136489 24174.1400   86  469          - 23633.0000      -  33.9  230s
 180166 141546 23977.0000   94  415          - 23633.0000      -  34.0  235s
 188301 144031 24430.1360   95  500          - 23633.0000      -  33.9  240s
 194819 148138 infeasible   62               - 23633.0000      -  34.0  246s
 195153 152857 25231.4457   75  438          - 23633.0000      -  34.1  250s
 204976 155697 24554.5160   99  395          - 23633.0000      -  34.1  255s
 210072 160619 24363.8800   91  520          - 23633.0000      -  34.2  260s
 211846 160958 24078.0903   78  497          - 23633.0000      -  34.3  265s
 215432 163679 infeasible  170               - 23633.0000      -  34.4  270s
 219877 168270 23655.0662   82  555          - 23633.0000      -  34.5  275s
 225391 171471 23688.3958   53  557          - 23633.0000      -  34.5  280s
 230492 175383 24607.2017  137  310          - 23633.0000      -  34.6  286s
 234984 179472 25753.0100  191  287          - 23633.0000      -  34.6  290s
 239309 181829 23924.2760   61  435          - 23633.0000      -  34.7  295s
 243181 185806 23771.0000   63  518          - 23633.0000      -  34.8  300s
 247880 189006 24715.4001   81  504          - 23633.0000      -  34.8  305s
 251188 191350 23803.0000   58  512          - 23633.0000      -  34.8  310s
 254468 193005 infeasible  178               - 23633.0000      -  34.9  315s
 256360 195335 23909.6667   50  580          - 23633.0000      -  35.0  320s
 260225 198138 23633.0000   47  583          - 23633.0000      -  35.1  325s
 263707 199814 23730.1773  109  551          - 23633.0000      -  35.1  331s
 267156 202519 23693.5906   43  616          - 23633.0000      -  35.1  335s
 270123 204774 23635.0000   73  473          - 23633.0000      -  35.3  340s
 273605 208656 23906.0000   55  439          - 23633.0000      -  35.3  346s
 277905 211478 24486.0682   72  552          - 23633.0000      -  35.4  351s
 281402 213136 24341.1682   81  475          - 23633.0000      -  35.4  355s
 284850 215772 infeasible  108               - 23633.0000      -  35.4  360s
 288414 218361 infeasible  100               - 23633.0000      -  35.4  365s
 290261 219624 23876.2763   64  512          - 23633.0000      -  35.4  371s
 290957 221619 23808.0176  107  414          - 23633.0000      -  35.5  375s
 296842 224805 infeasible   74               - 23633.0000      -  35.6  381s
 300274 227340 23635.0000   69  556          - 23633.0000      -  35.6  385s
 303961 231070 25001.0000  157  335          - 23633.0000      -  35.7  390s
 308987 233849 23663.0000   59  444          - 23633.0000      -  35.8  395s
 314357 238743 23853.7389   63  516          - 23633.0000      -  35.8  401s
 317527 240316 infeasible   79               - 23633.0000      -  35.9  405s
 317841 245076 24151.0000   65  498          - 23633.0000      -  35.9  411s
 324464 246638 25187.0000  120  398          - 23633.0000      -  36.1  415s
 329479 249357 23671.0644   42  486          - 23633.0000      -  36.1  420s
 333225 256338 23908.8685   65  483          - 23633.0000      -  36.2  428s
 339527 256775 23797.5630   80  449          - 23633.0000      -  36.3  430s
 343275 260424 24155.0000  101  471          - 23633.0000      -  36.3  435s
 348526 263389 23635.0000   60  592          - 23633.0000      -  36.5  444s
 348669 269677 23652.0000   77  486          - 23633.0000      -  36.5  461s
 360735 274528 24164.0000   77  478          - 23633.0000      -  36.9  466s
 366182 277448 23671.9953   57  598          - 23633.0000      -  37.0  470s
 372734 282206 24752.0000  115  411          - 23633.0000      -  37.0  475s
 378518 286621 23697.0644   81  467          - 23633.0000      -  37.0  480s
 384079 289744 infeasible  141               - 23633.0000      -  37.1  485s
 385956 291129 25317.8553  119  450          - 23633.0000      -  37.1  490s
 389218 294691 23774.0300   86  515          - 23633.0000      -  37.2  495s
 394452 297558 infeasible  120               - 23633.0000      -  37.3  500s
 394750 302065 25286.3140  156  394          - 23633.0000      -  37.4  505s
 403503 305214 23847.0644   78  369          - 23633.0000      -  37.5  510s
 409283 308974 23681.6225   51  559          - 23633.0000      -  37.6  515s
 413334 312379 23870.0644  100  510          - 23633.0000      -  37.7  520s
 418397 315559 infeasible   92               - 23633.0000      -  37.8  525s
 422238 319269 24232.1360   58  541          - 23633.0000      -  37.9  530s
 424355 321247 infeasible   75               - 23633.0000      -  37.9  538s
 426245 325093 26146.9420  144  249          - 23633.0000      -  38.0  543s
 433378 327736 infeasible   84               - 23633.0000      -  38.1  546s
 437221 330881 24191.0000   56  481          - 23633.0000      -  38.3  550s
 442993 334753 24037.0644   64  610          - 23633.0000      -  38.3  556s
 448029 337704 23736.2574   58  534          - 23633.0000      -  38.4  560s
 450991 340028 infeasible   81               - 23633.0000      -  38.4  565s
 454960 346036 23749.0000   65  582          - 23633.0000      -  38.5  572s
 459933 348002 23968.2156  101  381          - 23633.0000      -  38.6  576s
 462922 348993 23836.3319   64  668          - 23633.0000      -  38.6  581s
 466337 351709 23955.0000   73  548          - 23633.0000      -  38.7  586s
 470509 355003 infeasible   85               - 23633.0000      -  38.8  591s
 474748 358911 24148.5273   90  380          - 23633.0000      -  38.9  596s
 479633 361716 infeasible  120               - 23633.0000      -  38.9  600s
 483346 365433 24035.0000   75  465          - 23633.0000      -  39.0  605s
 488617 368480 infeasible   75               - 23633.0000      -  39.1  610s
 489003 368610 23859.8571   65  584          - 23633.0000      -  39.1  617s
H489144 366413                    26674.000000 23633.0000  11.4%  39.1  617s
H489151 365019                    26448.000000 23633.0000  10.6%  39.1  619s
H489178 364982                    26445.000000 23633.0000  10.6%  39.1  619s
 489402 365344 23749.0000   57  574 26445.0000 23633.0000  10.6%  39.1  620s
H490702 366090                    26441.000000 23633.0000  10.6%  39.2  623s
H490775 366005                    26431.000000 23633.0000  10.6%  39.2  623s
H491011 367103                    26405.000000 23633.0000  10.5%  39.2  625s
H492919 367342                    26386.000000 23633.0000  10.4%  39.2  627s
H492974 367329                    26385.000000 23633.0000  10.4%  39.2  627s
H493248 367175                    26365.000000 23633.0000  10.4%  39.2  627s
H493450 367389                    26364.000000 23633.0000  10.4%  39.2  629s
H493450 367297                    26353.000000 23633.0000  10.3%  39.2  629s
 493736 367559 23668.0644   61  513 26353.0000 23633.0000  10.3%  39.2  632s
H493760 367549                    26351.000000 23633.0000  10.3%  39.2  632s
H493964 367541                    26350.000000 23633.0000  10.3%  39.2  632s
H494039 367519                    26347.000000 23633.0000  10.3%  39.3  632s
H494069 367387                    26333.000000 23633.0000  10.3%  39.3  632s
H494139 367433                    26313.000000 23633.0000  10.2%  39.3  634s
H494291 367233                    26293.000000 23633.0000  10.1%  39.3  634s
 494362 367654 25412.0000  101  476 26293.0000 23633.0000  10.1%  39.3  637s
H494427 367642                    26291.000000 23633.0000  10.1%  39.3  637s
H495714 368934                    26288.000000 23633.0000  10.1%  39.3  639s
H496555 368790                    26271.000000 23633.0000  10.0%  39.3  642s
H496683 368662                    26253.000000 23633.0000  10.0%  39.3  642s
H496709 368970                    26248.000000 23633.0000  10.0%  39.3  644s
H496710 368797                    26233.000000 23633.0000  9.91%  39.3  644s
H497112 369297                    26194.000000 23633.0000  9.78%  39.4  647s
H498548 369630                    26193.000000 23633.0000  9.77%  39.4  649s
H498548 369420                    26179.000000 23633.0000  9.73%  39.4  649s
 498954 370238 25515.6359  101  463 26179.0000 23633.0000  9.73%  39.4  652s
 500049 370230 infeasible  221      26179.0000 23633.0000  9.73%  39.4  655s
 500073 376608 23635.8000   49  599 26179.0000 23633.0000  9.73%  39.4  678s
H500098 376099                    26141.000000 23633.0000  9.59%  39.4  678s
H508081 376754                    26139.000000 23633.0000  9.59%  39.8  683s
H508125 376746                    26138.000000 23633.0000  9.58%  39.8  683s
H508506 376686                    26134.000000 23633.0000  9.57%  39.8  683s
H508506 369507                    25792.000000 23633.0000  8.37%  39.8  683s
H509047 370865                    25778.000000 23633.0000  8.32%  39.9  688s
H511328 370680                    25772.000000 23633.0000  8.30%  39.9  688s
 511539 371338 23657.9889   63  633 25772.0000 23633.0000  8.30%  39.9  692s
H511623 371106                    25763.000000 23633.0000  8.27%  39.9  692s
H511755 369671                    25715.000000 23633.0000  8.10%  39.9  692s
 512445 371508 infeasible   97      25715.0000 23633.0000  8.10%  40.0  696s
H512446 371169                    25706.000000 23633.0000  8.06%  40.0  696s
H512446 370888                    25698.000000 23633.0000  8.04%  40.0  696s
H514899 370635                    25689.000000 23633.0000  8.00%  40.0  699s
 514911 376697 23845.0644   52  546 25689.0000 23633.0000  8.00%  40.0  711s
H514936 376667                    25688.000000 23633.0000  8.00%  40.0  711s
H516938 376570                    25685.000000 23633.0000  7.99%  40.1  711s
 522919 376566 infeasible  116      25685.0000 23633.0000  7.99%  40.2  715s
 523189 376989 infeasible   83      25685.0000 23633.0000  7.99%  40.3  720s
H523443 376965                    25684.000000 23633.0000  7.99%  40.3  720s
H523496 375971                    25651.000000 23633.0000  7.87%  40.3  723s
 523587 376356 infeasible   77      25651.0000 23633.0000  7.87%  40.3  725s
H523827 375770                    25636.000000 23633.0000  7.81%  40.3  725s
H524187 375280                    25614.000000 23633.0000  7.73%  40.4  728s
H524235 375213                    25612.000000 23633.0000  7.73%  40.4  728s
 524669 375330 infeasible   85      25612.0000 23633.0000  7.73%  40.4  731s
H524693 369739                    25476.000000 23633.0000  7.23%  40.4  731s
H524850 369440                    25464.000000 23633.0000  7.19%  40.4  734s
 525226 370167 23655.0000   67  552 25464.0000 23633.0000  7.19%  40.5  736s
H525507 370137                    25463.000000 23633.0000  7.19%  40.5  737s
H526199 370252                    25461.000000 23633.0000  7.18%  40.5  739s
H526309 370138                    25458.000000 23633.0000  7.17%  40.5  739s
 526449 370244     cutoff   78      25458.0000 23633.0000  7.17%  40.5  742s
 526636 370650 23633.2202   39  568 25458.0000 23633.0000  7.17%  40.6  745s
 528119 371848 24827.5756   72  477 25458.0000 23633.0000  7.17%  40.6  752s
H528627 371787                    25457.000000 23633.0000  7.17%  40.7  752s
 528665 372038 infeasible   51      25457.0000 23633.0000  7.17%  40.7  755s
H528866 371912                    25455.000000 23633.0000  7.16%  40.7  755s
 529851 373047 infeasible   83      25455.0000 23633.0000  7.16%  40.7  760s
 531129 374109 24025.7567   74  628 25455.0000 23633.0000  7.16%  40.8  766s
 532018 375717 23909.1414   84  432 25455.0000 23633.0000  7.16%  40.8  770s
 534913 377903 23858.7903   74  628 25455.0000 23633.0000  7.16%  40.9  777s
 537307 378171 24032.4428   66  515 25455.0000 23633.0000  7.16%  41.0  780s
 538248 379539 24171.0000   76  529 25455.0000 23633.0000  7.16%  41.1  786s
 539583 379796 23929.0644   77  473 25455.0000 23633.0000  7.16%  41.1  790s
 540812 381650 25350.8780   98  479 25455.0000 23633.0000  7.16%  41.2  797s
 542465 382723 23636.5647   48  641 25455.0000 23633.0000  7.16%  41.3  800s
 543787 382794 23656.2501   63  533 25455.0000 23633.0000  7.16%  41.3  805s
 543937 383134 24209.1360   79  501 25455.0000 23633.0000  7.16%  41.3  812s
H544281 383134                    25454.999997 23633.0000  7.16%  41.4  812s
 544326 383150 infeasible   81      25455.0000 23633.0000  7.16%  41.4  815s
 544348 389196 25135.4104   82  546 25455.0000 23633.0000  7.16%  41.4  839s
 552356 390774 24110.0863   76  585 25455.0000 23633.0000  7.16%  41.9  844s
 554518 391750 24024.9562   98  616 25455.0000 23633.0000  7.16%  42.0  848s
 555903 393552 23633.1204   57  677 25455.0000 23633.0000  7.16%  42.0  852s
 558504 395121 23806.2644   59  516 25455.0000 23633.0000  7.16%  42.1  856s
 560762 400747 23635.0644   55  540 25455.0000 23633.0000  7.16%  42.1  871s
 568770 400816 25020.4602  106  462 25455.0000 23633.0000  7.16%  42.4  875s
 570047 401748 24779.0000   78  464 25455.0000 23633.0000  7.16%  42.5  882s
 570748 403167 24149.0000   61  622 25455.0000 23633.0000  7.16%  42.6  887s
 572846 405020 23783.0821   60  520 25455.0000 23633.0000  7.16%  42.7  892s
 574694 405282 23847.0355   91  593 25455.0000 23633.0000  7.16%  42.7  895s
 576744 406732 25001.0000   97  377 25455.0000 23633.0000  7.16%  42.8  900s
 577029 407717 23739.0644   68  574 25455.0000 23633.0000  7.16%  42.8  907s
 578467 410572 24445.0000   69  473 25455.0000 23633.0000  7.16%  42.9  913s
 582491 410887 25296.0715   74  436 25455.0000 23633.0000  7.16%  43.1  916s
 583918 413047 infeasible  126      25455.0000 23633.0000  7.16%  43.1  922s
 585947 413646 infeasible   82      25455.0000 23633.0000  7.16%  43.2  925s
 588689 415028 infeasible   79      25455.0000 23633.0000  7.16%  43.3  931s
 589634 416277 24010.9485   84  560 25455.0000 23633.0000  7.16%  43.4  937s
 592517 417866 23717.0644   72  566 25455.0000 23633.0000  7.16%  43.6  941s
 592735 419458 24063.8860   96  425 25455.0000 23633.0000  7.16%  43.6  948s
 594932 421215 24265.0345   54  625 25455.0000 23633.0000  7.16%  43.7  952s
 597439 422320 23641.3197   79  579 25455.0000 23633.0000  7.16%  43.8  956s
 598913 423325 24309.7052   51  625 25455.0000 23633.0000  7.16%  43.9  960s
 602528 425360 23787.6634   60  623 25455.0000 23633.0000  7.16%  44.0  966s
 603865 427379 24187.0715   66  540 25455.0000 23633.0000  7.16%  44.1  973s
 605847 427971 infeasible   71      25455.0000 23633.0000  7.16%  44.2  976s
 608220 429175 infeasible  129      25455.0000 23633.0000  7.16%  44.3  981s
 608283 435319 23749.0000   66  563 25455.0000 23633.0000  7.16%  44.3 1002s
 616291 436965 23704.3755   75  586 25455.0000 23633.0000  7.16%  44.9 1007s
 618511 438064 infeasible  146      25455.0000 23633.0000  7.16%  45.0 1010s
H618989 432112                    25355.000000 23633.0000  6.79%  45.0 1011s
H620064 432320                    25342.000000 23633.0000  6.74%  45.0 1014s
H620800 432210                    25341.000000 23633.0000  6.74%  45.0 1014s
H620800 431814                    25337.000000 23633.0000  6.73%  45.0 1014s
H621671 432160                    25328.000000 23633.0000  6.69%  45.1 1017s
H623159 431847                    25323.000000 23633.0000  6.67%  45.1 1020s
 623189 437790 23794.0388   59  553 25323.0000 23633.0000  6.67%  45.1 1044s
H631197 438834                    25322.000000 23633.0000  6.67%  45.7 1048s
H632893 440111                    25321.000000 23633.0000  6.67%  45.8 1052s
 634758 441386 23797.6189   82  587 25321.0000 23633.0000  6.67%  45.8 1056s
 636938 442427 23635.0644   37  707 25321.0000 23633.0000  6.67%  45.9 1060s
 638548 448349 23635.0000   46  623 25321.0000 23633.0000  6.67%  46.0 1084s
 646556 450155 23724.0694   62  591 25321.0000 23633.0000  6.67%  46.6 1088s
 649003 450659 23635.0644   58  541 25321.0000 23633.0000  6.67%  46.6 1091s
 650782 452093 23780.0644   67  571 25321.0000 23633.0000  6.67%  46.7 1097s
 651579 453570 24490.0084  118  426 25321.0000 23633.0000  6.67%  46.8 1101s
 653768 459420 24459.1671   85  412 25321.0000 23633.0000  6.67%  46.9 1128s
 661776 460513 23801.5955   76  486 25321.0000 23633.0000  6.67%  47.4 1133s
 663315 461928 infeasible   80      25321.0000 23633.0000  6.67%  47.5 1137s
 665343 463258 24008.0415   54  645 25321.0000 23633.0000  6.67%  47.6 1141s
 669460 465155 23684.0225   51  584 25321.0000 23633.0000  6.67%  47.7 1147s
H669546 465155                    25320.999966 23633.0000  6.67%  47.7 1147s
 669656 469809 24235.1267   74  552 25321.0000 23633.0000  6.67%  47.7 1157s
 676127 469883 24001.0000   71  530 25321.0000 23633.0000  6.67%  47.9 1161s
 676897 470759 24587.7897   98  405 25321.0000 23633.0000  6.67%  48.0 1166s
 678235 471926 23633.0434   56  749 25321.0000 23633.0000  6.67%  48.1 1172s
 679088 473451 23671.0000   39  578 25321.0000 23633.0000  6.67%  48.1 1175s
 681786 474939 23777.0644   52  601 25321.0000 23633.0000  6.67%  48.2 1181s
H682245 474774                    25319.000000 23633.0000  6.66%  48.3 1181s
H683365 475313                    25318.000000 23633.0000  6.66%  48.3 1185s
 684338 477218 infeasible  158      25318.0000 23633.0000  6.66%  48.3 1191s
 687310 479168 25038.0000  168  201 25318.0000 23633.0000  6.66%  48.5 1198s
 689161 479413 24604.2705   92  425 25318.0000 23633.0000  6.66%  48.6 1201s
 689418 480101 24817.0283  119  404 25318.0000 23633.0000  6.66%  48.6 1205s
 692305 482006 24181.4244   86  569 25318.0000 23633.0000  6.66%  48.7 1211s
 693107 483672 25168.0000  147  169 25318.0000 23633.0000  6.66%  48.8 1215s
 695846 484637 23749.0000   53  677 25318.0000 23633.0000  6.66%  48.9 1221s
 696606 485904 24485.1671   99  446 25318.0000 23633.0000  6.66%  48.9 1225s
 698805 488556 24811.6510   95  387 25318.0000 23633.0000  6.66%  49.0 1234s
 702095 489049 23700.8723   72  536 25318.0000 23633.0000  6.66%  49.1 1237s
 702741 489620 24565.0000  118  330 25318.0000 23633.0000  6.66%  49.2 1240s
 704576 492037 24059.1671   86  423 25318.0000 23633.0000  6.66%  49.3 1248s
 706787 492684 23687.4444   56  631 25318.0000 23633.0000  6.66%  49.4 1252s
 707566 494057 24808.0131   96  428 25318.0000 23633.0000  6.66%  49.4 1255s
 709879 494898 23655.7419   64  706 25318.0000 23633.0000  6.66%  49.5 1263s
 710725 496457 25179.5850   84  436 25318.0000 23633.0000  6.66%  49.5 1266s
 713275 497976 23639.0000   60  564 25318.0000 23633.0000  6.66%  49.6 1274s
 715101 500087 24151.0434   55  650 25318.0000 23633.0000  6.66%  49.7 1280s
 719582 501803 23931.0000   51  515 25318.0000 23633.0000  6.66%  49.8 1287s
 720329 502962 23812.1174   58  504 25318.0000 23633.0000  6.66%  49.8 1290s
 722882 505158 24904.0715   64  490 25318.0000 23633.0000  6.66%  49.9 1297s
 725125 505409 24587.2284   86  605 25318.0000 23633.0000  6.66%  49.9 1300s
 726061 507504 25014.2136   96  414 25318.0000 23633.0000  6.66%  50.0 1306s
 728683 510193 23830.0000  100  409 25318.0000 23633.0000  6.66%  50.1 1313s
 731810 510516     cutoff   84      25318.0000 23633.0000  6.66%  50.1 1316s
 732942 512374 24197.0715   50  603 25318.0000 23633.0000  6.66%  50.2 1321s
 735008 513299 infeasible   85      25318.0000 23633.0000  6.66%  50.2 1327s
 735908 514775 24807.6906  121  441 25318.0000 23633.0000  6.66%  50.3 1330s
 738727 515828 24468.9171   94  460 25318.0000 23633.0000  6.66%  50.3 1335s
 740354 517708 23635.0644   43  658 25318.0000 23633.0000  6.66%  50.4 1341s
 742622 519435 24208.0000   59  598 25318.0000 23633.0000  6.66%  50.5 1347s
 744034 519454 23901.0715   46  704 25318.0000 23633.0000  6.66%  50.5 1350s
 744061 525679 24197.0715   47  658 25318.0000 23633.0000  6.66%  50.5 1371s
 752069 526938 25146.0000  155  196 25318.0000 23633.0000  6.66%  50.9 1376s
 753670 528015 infeasible   68      25318.0000 23633.0000  6.66%  50.9 1380s
 756713 531105 24994.1563  116  480 25318.0000 23633.0000  6.66%  51.0 1387s
 759737 533011 23635.0000   59  521 25318.0000 23633.0000  6.66%  51.0 1393s
 761782 533652 infeasible  161      25318.0000 23633.0000  6.66%  51.0 1395s
 764124 535285 23698.4468   48  740 25318.0000 23633.0000  6.66%  51.1 1401s
 764713 536045 24995.8357   66  382 25318.0000 23633.0000  6.66%  51.1 1405s
 765794 536675 infeasible   63      25318.0000 23633.0000  6.66%  51.1 1410s
 766622 537896 24268.4845   69  489 25318.0000 23633.0000  6.66%  51.2 1415s
 768399 538774 24241.0800   96  585 25318.0000 23633.0000  6.66%  51.2 1420s
 771362 541515 24811.6600  135  398 25318.0000 23633.0000  6.66%  51.3 1428s
 773061 542113 infeasible   95      25318.0000 23633.0000  6.66%  51.3 1432s
 773769 542145 23780.0000   56  574 25318.0000 23633.0000  6.66%  51.3 1435s
 773817 548182 23780.0000   59  526 25318.0000 23633.0000  6.66%  51.3 1459s
 781825 549537 infeasible  174      25318.0000 23633.0000  6.66%  51.6 1463s
 783844 550575 23980.2082   55  502 25318.0000 23633.0000  6.66%  51.6 1467s
 785275 551818 23805.6211   56  547 25318.0000 23633.0000  6.66%  51.7 1471s
 787062 552574 24177.2200   62  508 25318.0000 23633.0000  6.66%  51.7 1475s
 789032 553958 24503.3631   87  513 25318.0000 23633.0000  6.66%  51.7 1481s
 791515 555564 23668.3933   55  503 25318.0000 23633.0000  6.66%  51.8 1487s
 792145 556915 23951.0000   59  615 25318.0000 23633.0000  6.66%  51.8 1490s
 794739 558501 25270.7093   80  452 25318.0000 23633.0000  6.66%  51.9 1496s
 796382 558895 24300.7373   60  550 25318.0000 23633.0000  6.66%  51.9 1500s
 797826 560124 23633.0000   69  558 25318.0000 23633.0000  6.66%  51.9 1507s
 798671 561723 23757.0000   57  499 25318.0000 23633.0000  6.66%  52.0 1510s
 801556 562888 23683.7260   50  635 25318.0000 23633.0000  6.66%  52.0 1517s
 802487 563544 24361.3164   72  545 25318.0000 23633.0000  6.66%  52.1 1520s
 805350 565099 24248.3164   67  549 25318.0000 23633.0000  6.66%  52.1 1526s
 805683 566515 25309.9677   84  484 25318.0000 23633.0000  6.66%  52.1 1533s
 807630 567328 23633.0000   58  602 25318.0000 23633.0000  6.66%  52.2 1538s
H808650 567328                    25317.999990 23633.0000  6.66%  52.2 1538s
 808796 568286 23927.0000   59  553 25318.0000 23633.0000  6.66%  52.2 1543s
 810105 570560 24672.0715   68  493 25318.0000 23633.0000  6.66%  52.3 1548s
 813205 571194 23634.6967   45  615 25318.0000 23633.0000  6.66%  52.3 1552s
 814063 572686 infeasible  112      25318.0000 23633.0000  6.66%  52.4 1556s
 817032 574857 24031.9291   59  579 25318.0000 23633.0000  6.66%  52.4 1563s
 819123 575467 23633.0000   52  626 25318.0000 23633.0000  6.66%  52.5 1566s
 820891 576536 25222.4727  124  284 25318.0000 23633.0000  6.66%  52.5 1573s
 821494 576996 24197.0715   71  551 25318.0000 23633.0000  6.66%  52.5 1577s
 822170 578648 23930.2387   90  469 25318.0000 23633.0000  6.66%  52.6 1583s
 824528 579453 24176.0776   76  537 25318.0000 23633.0000  6.66%  52.6 1587s
 825534 580952 24719.6319  144  247 25318.0000 23633.0000  6.66%  52.6 1593s
 827674 581428 23797.0644   57  540 25318.0000 23633.0000  6.66%  52.7 1596s
 828301 582201 23646.7049   63  660 25318.0000 23633.0000  6.66%  52.7 1600s
 829873 583570 24356.0000   71  562 25318.0000 23633.0000  6.66%  52.8 1609s
 831196 584996 24436.0715   70  497 25318.0000 23633.0000  6.66%  52.8 1618s
 833208 585447 23749.0000   55  590 25318.0000 23633.0000  6.66%  52.8 1626s
 833860 587046 25245.0000   88  298 25318.0000 23633.0000  6.66%  52.9 1633s
 836207 587419 23751.0000   49  678 25318.0000 23633.0000  6.66%  52.9 1636s
 836698 588593 23633.0000   53  533 25318.0000 23633.0000  6.66%  52.9 1645s
 838285 590054 23633.0434   48  678 25318.0000 23633.0000  6.66%  53.0 1652s
 840780 590206 23633.0000   54  557 25318.0000 23633.0000  6.66%  53.0 1658s
 840971 590819 23651.2857   48  574 25318.0000 23633.0000  6.66%  53.0 1663s
 841840 592150 25148.7373   71  589 25318.0000 23633.0000  6.66%  53.0 1668s
 843631 592707 23723.0000   58  507 25318.0000 23633.0000  6.66%  53.1 1672s
 844410 594006 23751.8077   49  512 25318.0000 23633.0000  6.66%  53.1 1677s
 846126 594497 23699.0000   53  621 25318.0000 23633.0010  6.66%  53.1 1682s
 846744 595264 24501.5523   77  540 25318.0000 23633.0060  6.66%  53.2 1686s
 847830 595791 25160.0000   96  418 25318.0000 23633.0228  6.66%  53.2 1691s
 848621 596393 23969.8357   46  689 25318.0000 23633.0379  6.66%  53.3 1696s
 849454 597009 24067.9810   74  514 25318.0000 23633.0379  6.66%  53.3 1700s
 850261 598176 25099.3115  140  302 25318.0000 23633.0412  6.66%  53.4 1705s
 852166 600229 24729.9340   78  511 25318.0000 23633.0415  6.66%  53.5 1721s
 854681 601995 23635.8644   55  577 25318.0000 23633.0415  6.66%  53.6 1729s
 857201 603329 23635.7210   57  665 25318.0000 23633.0415  6.66%  53.7 1734s
 859011 603959 23999.8433   56  638 25318.0000 23633.0415  6.66%  53.7 1740s
 859954 604561 24185.2327   55  551 25318.0000 23633.0415  6.66%  53.7 1745s
 860783 606044 24334.0000   53  588 25318.0000 23633.0415  6.66%  53.8 1751s
 862907 606577 23636.6745   76  656 25318.0000 23633.0428  6.66%  53.8 1757s
 863618 607498 24325.6471   52  588 25318.0000 23633.0434  6.66%  53.9 1764s
 864943 608043 23633.0444   56  612 25318.0000 23633.0434  6.66%  53.9 1768s
 865783 609703 23685.8069   55  598 25318.0000 23633.0434  6.66%  54.0 1774s
 868171 610116 24312.5791  131  290 25318.0000 23633.0434  6.66%  54.0 1777s
 868694 610903 23634.5077   62  617 25318.0000 23633.0434  6.66%  54.0 1783s
 869752 612791 24775.1541   78  588 25318.0000 23633.0434  6.66%  54.1 1791s

Cutting planes:
  Learned: 321
  Gomory: 251
  Cover: 1733
  Implied bound: 240
  Projected implied bound: 14
  Clique: 202
  MIR: 812
  StrongCG: 190
  Flow cover: 4197
  GUB cover: 4
  Inf proof: 31
  Zero half: 144
  Network: 34
  RLT: 135
  Relax-and-lift: 127

Explored 872622 nodes (47324977 simplex iterations) in 1791.64 seconds (2200.89 work units)
Thread count was 8 (of 8 available processors)

Solution count 10: 25318 25318 25319 ... 25341

Solve interrupted
Best objective 2.531799999033e+04, best bound 2.363304344678e+04, gap 6.6552%

User-callback calls 2288104, time in user-callback 7.31 sec

Statistics for modelBGB_BWES:
  Linear constraint matrix    : 23732 Constrs, 9987 Vars, 90172 NZs
  Variable types              : 3270 Continuous,
6717 Integer (1378 Binary)
  Matrix coefficient range    : [ 1, 386 ]
  Objective coefficient range : [ 1, 386 ]
  Variable bound range        : [ 1, 199 ]
  RHS coefficient range       : [ 1, 27562.6 ]
