
Gurobi 10.0.1 (mac64[arm]) logging started Thu Apr  4 18:13:23 2024

Set parameter LogFile to value "/Users/deniserings/Documents/zib/s-bahn-data/scripts/DeniseMA/processed/BGB_BWES/RENS/BGB_BWES_subMBP_random1_0.6_202404041301.log"
Gurobi Optimizer version 10.0.1 build v10.0.1rc0 (mac64[arm])

CPU model: Apple M2
Thread count: 8 physical cores, 8 logical processors, using up to 8 threads

Optimize a model with 23829 rows, 9987 columns and 88024 nonzeros
Model fingerprint: 0x0ef5d26b
Variable types: 3270 continuous, 6717 integer (1378 binary)
Coefficient statistics:
  Matrix range     [1e+00, 2e+02]
  Objective range  [1e+00, 4e+02]
  Bounds range     [1e+00, 2e+02]
  RHS range        [1e+00, 5e+02]
Presolve removed 10532 rows and 2904 columns
Presolve time: 0.30s
Presolved: 13297 rows, 7083 columns, 52148 nonzeros
Variable types: 1846 continuous, 5237 integer (5237 binary)

Root relaxation: objective 2.329800e+04, 4352 iterations, 0.08 seconds (0.05 work units)

    Nodes    |    Current Node    |     Objective Bounds      |     Work
 Expl Unexpl |  Obj  Depth IntInf | Incumbent    BestBd   Gap | It/Node Time

     0     0 23298.0000    0  452          - 23298.0000      -     -    6s
     0     0 23298.0000    0  452          - 23298.0000      -     -    6s
     0     0 23348.0922    0  996          - 23348.0922      -     -    7s
     0     0 23348.1108    0  836          - 23348.1108      -     -    7s
     0     0 23348.1108    0  886          - 23348.1108      -     -    7s
     0     0 23478.6303    0 1037          - 23478.6303      -     -    7s
     0     0 23483.8305    0  879          - 23483.8305      -     -    7s
     0     0 23483.8305    0  956          - 23483.8305      -     -    7s
     0     0 23487.0135    0  946          - 23487.0135      -     -    7s
     0     0 23495.8450    0  916          - 23495.8450      -     -    7s
     0     0 23495.8450    0  922          - 23495.8450      -     -    7s
     0     0 23506.5635    0 1149          - 23506.5635      -     -    8s
     0     0 23506.5635    0 1083          - 23506.5635      -     -    8s
     0     0 23518.6115    0 1175          - 23518.6115      -     -    8s
     0     0 23518.7271    0 1022          - 23518.7271      -     -    8s
     0     0 23518.8790    0 1029          - 23518.8790      -     -    8s
     0     0 23518.8790    0 1033          - 23518.8790      -     -    8s
     0     0 23521.6216    0  989          - 23521.6216      -     -    9s
     0     0 23531.8790    0 1068          - 23531.8790      -     -    9s
     0     0 23531.8790    0 1024          - 23531.8790      -     -    9s
     0     0 23533.1101    0 1072          - 23533.1101      -     -    9s
     0     0 23534.1309    0 1110          - 23534.1309      -     -    9s
     0     0 23534.1309    0 1131          - 23534.1309      -     -    9s
     0     0 23534.9688    0 1044          - 23534.9688      -     -    9s
     0     0 23535.1670    0 1018          - 23535.1670      -     -   10s
     0     0 23535.1670    0  995          - 23535.1670      -     -   10s
     0     0 23535.1811    0 1058          - 23535.1811      -     -   42s
     0     0 23536.1670    0  948          - 23536.1670      -     -   42s
     0     0 23536.1670    0  986          - 23536.1670      -     -   42s
     0     0 23536.1670    0 1126          - 23536.1670      -     -   43s
     0     0 23536.1670    0 1014          - 23536.1670      -     -   43s
     0     0 23536.2093    0 1101          - 23536.2093      -     -   43s
     0     0 23536.2093    0  930          - 23536.2093      -     -   43s
     0     0 23536.5427    0 1045          - 23536.5427      -     -   43s
     0     0 23536.5427    0  910          - 23536.5427      -     -   43s
     0     0 23536.5427    0  925          - 23536.5427      -     -   44s
     0     0 23536.5427    0  399          - 23536.5427      -     -   44s
     0     0 23536.5427    0  363          - 23536.5427      -     -   46s
     0     0 23574.1752    0  828          - 23574.1752      -     -   46s
     0     0 23582.4515    0  771          - 23582.4515      -     -   47s
     0     0 23600.4944    0  685          - 23600.4944      -     -   47s
     0     0 23605.7568    0  687          - 23605.7568      -     -   55s
     0     0 23606.0101    0  682          - 23606.0101      -     -   55s
     0     0 23607.9630    0  685          - 23607.9630      -     -   55s
     0     0 23717.0000    0  725          - 23717.0000      -     -   56s
     0     0 23717.5410    0  766          - 23717.5410      -     -   56s
     0     0 23719.0417    0  761          - 23719.0417      -     -   56s
     0     0 23720.0497    0  836          - 23720.0497      -     -   56s
     0     0 23720.7019    0  809          - 23720.7019      -     -   56s
     0     0 23720.7019    0  806          - 23720.7019      -     -   56s
     0     0 23839.0271    0  704          - 23839.0271      -     -   56s
     0     0 23839.0271    0  666          - 23839.0271      -     -   56s
     0     0 23839.2025    0  695          - 23839.2025      -     -   56s
     0     0 23839.2025    0  632          - 23839.2025      -     -   56s
     0     0 23839.2025    0  727          - 23839.2025      -     -   57s
     0     0 23839.2025    0  380          - 23839.2025      -     -   57s
     0     2 23839.2025    0  377          - 23839.2025      -     -   58s
   658   668 24595.0000   55  526          - 23869.3333      -  36.1   60s
  3452  2983 24221.0000   49  592          - 23876.3333      -  26.0   65s
  3479  3001 24198.3333   17  728          - 23942.2904      -  25.8   70s
  3494  3011 24861.0000   91  695          - 23988.8596      -  25.7   75s
  3507  3020 24483.0000   45  789          - 23995.2607      -  25.6   80s
  3522  3030 24155.0000    7  380          - 24000.7848      -  25.5   85s
  3533  3046 24046.8533   13  401          - 24005.9267      -  50.6   90s
  4345  3567 24513.0000   46  490          - 24047.8265      -  50.6   95s
  5955  4387 24377.9618   18  430          - 24049.3719      -  48.3  100s
  7722  5215 24353.0000   24  450          - 24068.8672      -  46.0  105s
 10129  6782 25828.0000   69  393          - 24169.8823      -  46.8  110s
 13044  7815 infeasible  117               - 24170.2519      -  44.6  115s
 15013 11071 24523.0000   27  595          - 24189.0000      -  43.8  121s
 18299 12474 25952.0853  106  477          - 24231.7504      -  42.0  125s
 21973 14855 infeasible  102               - 24238.7863      -  40.8  130s
 25572 17749 24897.5947  101  400          - 24252.1200      -  40.1  135s
 27113 19140 25377.0000   64  462          - 24278.1200      -  40.4  140s
 29867 22489 24675.8235   48  568          - 24351.0000      -  39.7  161s
 33093 24379 25362.0000  105  321          - 24351.0000      -  39.9  165s
 37025 26732 25006.0000   44  558          - 24351.0000      -  39.1  170s
 39476 29407 25038.5600  146  432          - 24353.0000      -  39.2  175s
 41894 31129 24574.9218   63  517          - 24353.0000      -  39.6  180s
 45312 33286 infeasible  157               - 24353.0000      -  39.3  185s
 45572 37705 24505.0000   51  585          - 24353.0000      -  39.7  192s
 51572 37688 infeasible   77               - 24353.0000      -  39.0  195s
 53190 39079 24559.0000   55  510          - 24353.0000      -  39.2  200s
 56990 41901 25501.9706  105  432          - 24353.0000      -  39.1  205s
 59365 43902 infeasible  104               - 24353.2486      -  39.2  210s
 62255 46911 24537.4542   44  648          - 24354.1905      -  39.2  215s
 65833 48907 infeasible  152               - 24355.0000      -  39.2  220s
 69214 52111 25201.0000   43  537          - 24355.0000      -  39.5  225s
 73042 54291 infeasible   63               - 24355.3692      -  39.7  230s
 77064 57277 24513.5000   41  567          - 24356.2152      -  39.5  235s
 80485 59930 24974.0000   63  455          - 24357.0000      -  39.6  240s
 83344 62038 infeasible  156               - 24359.9403      -  39.7  245s
 85689 64693 24516.0000   25  595          - 24363.0000      -  40.1  250s
 87000 65260 24671.0000   56  583          - 24367.0000      -  40.2  255s
 89024 66701 24761.0000   26  622          - 24368.0000      -  40.6  260s
 91026 67868 24518.0000   24  785          - 24368.0000      -  40.8  265s
 91205 71684 24582.0000   32  729          - 24368.0000      -  41.0  271s
 96751 72888 24731.0000   77  495          - 24369.1509      -  41.0  275s
 99243 74051 24463.0000   20  633          - 24371.0000      -  41.2  280s
 101868 76020 infeasible   26               - 24371.0000      -  41.3  287s
 102159 76428 24699.0000   44  517          - 24371.0000      -  41.6  290s
 104822 79181 24555.0000   36  580          - 24371.4545      -  41.8  295s
 106181 82791 24647.0000   35  583          - 24372.6153      -  41.9  303s
 110721 82882 25057.0000   42  503          - 24372.6153      -  41.9  305s
 112414 84761 24606.0000   32  631          - 24373.0000      -  42.1  310s
 115193 87282 24691.0000   56  545          - 24373.0000      -  42.4  315s
 119156 90152 25815.1602  125  373          - 24373.0000      -  42.7  320s
 122674 92062 infeasible   87               - 24373.0000      -  43.1  325s
 123845 92862 24797.0000   27  634          - 24373.0180      -  43.3  330s
 125889 95331 24595.8812   26  665          - 24374.1608      -  43.5  335s
 129967 98368 24595.0000   39  582          - 24375.6244      -  43.8  341s
 132551 100154 24772.2148   34  655          - 24376.2152      -  44.1  345s
 135965 102196 25193.1640   62  474          - 24377.8000      -  44.2  350s
 138603 104172 25040.3047   24  690          - 24379.0000      -  44.3  355s
 141657 107148 24565.0000   29  620          - 24379.0488      -  44.3  360s
 144285 109352 24908.0000   63  443          - 24380.4303      -  44.4  365s
 147888 111372 infeasible   58               - 24381.5432      -  44.4  371s
 149839 112946 infeasible   88               - 24381.5958      -  44.5  375s
 153537 115806 24587.0000   25  616          - 24382.4428      -  44.5  381s
 154893 117742 24725.0000   42  473          - 24382.6756      -  44.6  385s
 158508 120249 24807.4960   48  460          - 24384.8115      -  44.7  391s
 160229 121120 infeasible   60               - 24386.4815      -  44.9  395s
 162635 123567 25488.6713   74  513          - 24387.8713      -  45.1  400s
 164920 124703 24556.8816   24  616          - 24389.0000      -  45.2  405s
 165206 125607 25082.0000   53  595          - 24389.0000      -  45.3  411s
 167104 128040 25150.0000   76  497          - 24389.0000      -  45.5  419s
 169689 128877 25751.3377   83  533          - 24390.9111      -  45.7  421s
 171212 130653 25147.6798   37  606          - 24392.0000      -  45.9  425s
 174836 132902 25272.1219   54  452          - 24392.9111      -  45.9  431s
 177669 135016 24606.0000   33  593          - 24393.9111      -  46.0  436s
 180605 136275 infeasible  217               - 24394.0719      -  46.0  441s
 180835 139315 24610.0000   26  643          - 24395.0000      -  46.1  447s
 185157 139572 24725.1219   51  538          - 24396.8140      -  46.3  450s
 187713 141537 infeasible   31               - 24397.4545      -  46.3  456s
 189981 143268 infeasible   79               - 24397.9707      -  46.4  460s
 192479 145183 25143.0000   49  690          - 24399.1469      -  46.7  466s
 194808 146891 infeasible   37               - 24400.1538      -  46.7  470s
 196494 150767 24625.0267   60  502          - 24401.4674      -  46.8  479s
 200273 150758 infeasible   61               - 24403.0000      -  46.9  487s
 200541 151079 25534.0000   51  609          - 24404.0000      -  47.1  490s
 202515 152811 infeasible  134               - 24404.4815      -  47.1  495s
 204567 154763 infeasible   71               - 24405.5705      -  47.1  500s
 207791 156598 24741.0000   77  567          - 24407.4815      -  47.2  506s
 210468 158589 infeasible   40               - 24411.2354      -  47.2  511s
 212290 161950 infeasible   64               - 24411.8260      -  47.3  518s
 215288 162181 24710.3915   46  585          - 24414.3237      -  47.2  520s
 216835 163807 25456.0000  107  341          - 24417.0000      -  47.3  525s
 218809 165605 24737.7804   25  588          - 24417.5161      -  47.5  531s
 221510 166887 infeasible  156               - 24417.5161      -  47.5  535s
 224439 169038 25477.1966   53  630          - 24419.0000      -  47.5  541s
 225918 170928 26439.1548   73  422          - 24419.0000      -  47.7  546s
 227564 173625 25489.0837   88  344          - 24419.0000      -  47.7  552s
 230788 173653 infeasible   73               - 24419.0000      -  47.6  556s
 231068 174134 25773.8200   94  343          - 24419.0000      -  47.7  560s
 233768 176016 25088.5889   47  564          - 24419.5161      -  47.6  565s
 236233 178468 24671.0000   37  616          - 24420.6833      -  47.8  571s
 238775 179548 24486.5161   19  684          - 24421.0000      -  47.9  576s
 241366 181439 25007.0000   45  596          - 24421.2392      -  47.9  581s
 242706 185760 24875.0000   61  495          - 24421.4857      -  48.0  592s
 247754 186199 25193.0000   64  541          - 24423.5161      -  48.2  595s
 249488 188317 24655.0000   48  606          - 24424.3560      -  48.2  600s
 252311 189400 24628.0000   35  644          - 24426.0655      -  48.2  605s
 253554 190937 24850.2474   75  518          - 24429.0000      -  48.4  610s
 256339 192299 25054.0000   85  278          - 24429.3105      -  48.3  619s
 256388 192508 25056.0000   85  285          - 24429.3105      -  48.4  621s
 257424 194213 24909.0000   45  509          - 24429.7672      -  48.4  626s
 260642 195661 infeasible   23               - 24432.0000      -  48.3  630s
 261938 197130 24638.0000   49  545          - 24432.0000      -  48.5  635s
 264258 198899 25201.0000   26  593          - 24434.0000      -  48.6  641s
 265829 199922 24755.2692   67  458          - 24435.2584      -  48.8  646s
 267290 201208 25321.2500   42  518          - 24436.0000      -  49.0  651s
 269647 202268 25264.5807   72  478          - 24437.0000      -  49.0  655s
 271708 204632 24862.8693   60  527          - 24437.0000      -  49.1  660s
 273129 208844 24701.8015   58  514          - 24437.0000      -  49.1  670s
 278806 210136 25194.7600   65  589          - 24437.0000      -  49.2  675s
 281669 211616 infeasible  194               - 24437.2648      -  49.2  680s
 284086 213207 24583.0862   35  676          - 24437.9661      -  49.3  685s
 285561 215154 24830.4286   36  489          - 24438.1608      -  49.4  691s
 288343 219288 24811.0000   33  565          - 24438.1769      -  49.4  701s
 292958 220607 25393.3048   60  446          - 24438.9119      -  49.5  706s
 295695 221993 24824.0000   87  377          - 24439.0000      -  49.5  710s
 297619 223140 24693.0000   30  574          - 24439.0000      -  49.6  721s
 297651 223140 infeasible  143               - 24439.0000      -  49.6  725s
 298357 224597 24965.0000   93  423          - 24439.0000      -  49.6  730s
 301298 226469 24841.2728   30  559          - 24440.0000      -  49.6  735s
 303091 227586 24692.0293   27  616          - 24440.2809      -  49.6  740s
 305909 229278 24691.6384   39  618          - 24440.5161      -  49.6  745s
 307811 231429 24560.4156   26  557          - 24441.6370      -  49.7  750s
 310621 232711 infeasible  108               - 24443.0000      -  49.8  755s
 313181 234430 infeasible   33               - 24443.8887      -  49.8  760s
 315840 237066 24902.7500   75  498          - 24445.6630      -  49.9  766s
 317150 238130 26131.7957  126  248          - 24445.6630      -  49.9  770s
 319877 239943 24477.1608   24  696          - 24447.0000      -  50.0  775s
 322550 241998 24987.0076   47  592          - 24447.3857      -  50.0  780s
 325855 243805 24676.7496   28  606          - 24448.6481      -  49.9  785s
 327897 245247 24585.0000   24  680          - 24450.4112      -  50.0  790s
 330339 247781 25895.0000   74  472          - 24451.2275      -  50.1  796s
 333053 249041 infeasible   82               - 24452.7419      -  50.1  800s
 335346 250656 25895.0000   79  377          - 24454.9119      -  50.1  806s
 337720 252210 25173.7496   39  782          - 24455.4186      -  50.2  811s
 339018 252995 24527.8926   21  712          - 24455.8153      -  50.3  819s
 339076 253251 24542.1430   22  700          - 24455.8153      -  50.3  820s
 340883 254611 25458.0000   97  433          - 24456.0000      -  50.3  826s
 342747 256332 25166.0000   46  544          - 24456.8394      -  50.5  831s
 345269 257458 24994.0031   29  655          - 24457.0000      -  50.5  836s
 346789 258619 24525.0000   25  716          - 24457.6902      -  50.6  840s
 347034 262017 24810.0000   51  572          - 24457.9119      -  50.6  847s
 352090 262294 24593.7842   46  687          - 24459.0000      -  50.6  850s
 353389 264000 25222.0000   87  445          - 24459.0000      -  50.7  855s
 355217 264960 24529.0000   49  725          - 24459.2077      -  50.8  860s
 357653 266991 25838.0000   72  465          - 24459.9119      -  50.9  865s
 360415 268137 infeasible   50               - 24460.0602      -  50.9  870s
 363073 269975 24573.2657   22  811          - 24461.0000      -  50.9  875s
 364095 271760 25303.0936   45  578          - 24461.0000      -  51.0  881s
 366910 272775 infeasible   37               - 24461.4356      -  51.0  885s
 368761 275043 24905.0000   35  645          - 24462.0997      -  51.1  890s
 370797 276419 25338.4510  104  388          - 24463.1792      -  51.2  896s
 373205 278310 24872.5000   48  517          - 24464.0000      -  51.2  901s
 374528 278326 24910.5195   36  777          - 24464.3909      -  51.2  911s
 375216 279117 26259.0000   75  443          - 24464.3909      -  51.3  916s
 376227 279827 24525.0000   45  707          - 24465.0000      -  51.4  920s
 378578 281996 25370.0000   48  526          - 24465.9712      -  51.5  925s
 381036 284105 25384.0000   66  446          - 24466.8814      -  51.5  931s
 383378 285725 25332.2527   95  408          - 24467.0000      -  51.5  935s
 385645 286999 25061.0000   54  565          - 24468.0000      -  51.6  940s
 387483 289078 24822.0861   56  553          - 24468.4815      -  51.6  945s
 390551 290965 26866.8800  150  192          - 24468.9119      -  51.6  950s
 391898 294868 24720.7934   36  604          - 24469.3404      -  51.6  960s
 397558 295368 25227.2536   50  583          - 24470.0000      -  51.6  965s
 400046 297932 24863.0000   48  449          - 24471.0000      -  51.7  971s
 401928 298541 26210.1966   58  553          - 24471.7698      -  51.7  976s
 404310 300352 25004.7496   40  673          - 24472.4195      -  51.8  981s
 406240 302057 infeasible   66               - 24474.0000      -  51.8  986s
 408611 303390 infeasible   31               - 24474.7496      -  51.9  990s
 410401 305473 24667.0000   35  552          - 24475.2045      -  51.9  996s
 412002 306539 24724.3918   91  474          - 24475.4545      -  52.0 1000s
 414665 308727 25326.1778  107  337          - 24475.8352      -  52.0 1005s
 417439 309954 infeasible   33               - 24476.7755      -  52.0 1010s
 419786 311635 25013.0000   33  706          - 24477.1608      -  52.1 1015s
 422344 313430 24523.7496   24  654          - 24477.5026      -  52.1 1021s
 424146 315611 25134.3531   71  632          - 24478.0000      -  52.1 1026s
 426098 316199 25840.0000   79  499          - 24478.7496      -  52.1 1030s
 428635 318008 24745.7362   66  478          - 24479.0000      -  52.1 1035s
 431509 319956 infeasible  133               - 24479.7600      -  52.2 1041s
 431694 320219 24761.2728   33  545          - 24480.2251      -  52.2 1048s
 432286 320717 25026.0000   51  452          - 24480.2251      -  52.2 1051s
 433904 321789 24717.0000   35  612          - 24480.6930      -  52.3 1055s
 436105 324477 24636.7496   27  645          - 24481.1836      -  52.3 1063s
 437782 324797 25507.0244  101  334          - 24481.5795      -  52.4 1066s
 440376 326774 infeasible  139               - 24482.6552      -  52.4 1071s
 441474 327611 infeasible   49               - 24483.0000      -  52.4 1075s
 443764 329040 24503.4399   38  682          - 24483.2002      -  52.4 1080s
 445826 331069 24881.0000   43  580          - 24484.0000      -  52.5 1085s
 447419 332073 26920.2337  103  402          - 24484.0000      -  52.6 1090s
 449990 333137 infeasible   65               - 24485.5187      -  52.7 1095s
 451738 334878 24927.0638   38  600          - 24486.1430      -  52.7 1100s
 454000 336132 25036.0000   72  447          - 24486.5161      -  52.7 1105s
 455619 337995 24928.1358   44  521          - 24487.7597      -  52.8 1110s
 457985 339803 26538.9749   89  413          - 24488.7326      -  52.8 1115s
 460734 340882 infeasible   47               - 24489.4156      -  52.8 1120s
 462529 342823 25061.1892   84  378          - 24489.9497      -  52.9 1126s
 463788 343215 25914.8681   90  340          - 24490.4713      -  53.0 1135s
 464671 344608 27047.8681  149  157          - 24491.0000      -  53.0 1141s
 467252 345982 24508.3291   26  613          - 24492.4342      -  53.0 1146s
 469528 348126 25115.0000   51  558          - 24492.8230      -  53.0 1151s
 472046 349278 24659.8862   31  637          - 24493.0000      -  53.0 1155s
 473423 351026 24676.3393   26  717          - 24494.5019      -  53.1 1160s
 476370 353092 24835.0000   45  547          - 24494.9119      -  53.0 1165s
 478866 354255 26373.0000   67  516          - 24495.6269      -  53.1 1170s
 480580 356630 25151.6666   63  480          - 24495.9119      -  53.1 1177s
 483131 357223 25799.0000   59  523          - 24496.0933      -  53.1 1180s
 485580 359025 infeasible   52               - 24496.9119      -  53.1 1185s
 487315 360619 25079.1416   52  656          - 24497.0000      -  53.1 1190s
 489489 362399 25399.0138  107  398          - 24497.8493      -  53.2 1195s
 491828 363708 infeasible   95               - 24499.0000      -  53.2 1200s
 493987 365318 24773.4972   40  574          - 24499.5432      -  53.2 1206s
 494489 366746 25517.7223  112  381          - 24500.5001      -  53.3 1212s
 496287 368876 26428.7673  149  259          - 24501.0000      -  53.3 1217s
 499250 369153 25156.3649   49  580          - 24501.0000      -  53.3 1220s
 501433 370714 infeasible   80               - 24501.0000      -  53.4 1225s
 503299 372829 24749.2800   61  613          - 24501.0000      -  53.5 1231s
 505159 374508 25521.2500   53  532          - 24501.0000      -  53.6 1237s
 506995 375619 26246.0000   67  552          - 24501.0000      -  53.6 1240s
 508852 379532 24741.0000   50  551          - 24501.0000      -  53.7 1251s
 513907 379529 infeasible  109               - 24501.0000      -  53.8 1261s
 514278 380222 25854.0000   56  519          - 24501.0000      -  53.8 1266s
 515468 382159 27062.0000  139  206          - 24501.0000      -  53.8 1272s
 517271 382491 26046.0000   90  361          - 24501.0000      -  53.8 1275s
 519425 384008 24747.0000   39  620          - 24501.0000      -  53.8 1280s
 521269 385879 24507.2657   29  790          - 24501.0000      -  53.9 1286s
 522768 386993 25809.0000   92  453          - 24501.0000      -  54.0 1291s
 524085 387397 24613.2208   25  648          - 24501.0000      -  54.1 1295s
 524581 389730 24740.2889   31  697          - 24501.0000      -  54.1 1301s
 528198 390939 25738.0000   76  537          - 24501.0000      -  54.3 1307s
 529465 391309 25796.0000   67  572          - 24501.0000      -  54.4 1310s
 532149 393744 25152.1224   68  651          - 24501.0000      -  54.4 1316s
 533800 395203 25603.2126   76  437          - 24501.0000      -  54.5 1322s
 535442 395428 24902.7496   30  601          - 24501.0000      -  54.5 1325s
 537411 396877 25223.9400   43  617          - 24501.0000      -  54.6 1331s
 539243 398261 infeasible   33               - 24501.0000      -  54.6 1336s
 539577 402129 24850.9695   71  516          - 24501.0000      -  54.7 1345s
 545410 402654 24925.0000   79  530          - 24501.1905      -  54.8 1350s
 546639 403977 25666.0000   71  425          - 24501.1905      -  54.8 1356s
 549528 405772 infeasible   26               - 24501.1905      -  54.8 1361s
 551062 407125 infeasible   60               - 24501.2029      -  54.9 1366s
 552904 408468 24630.7496   34  608          - 24501.3094      -  55.0 1372s
 553393 409944 24819.0000   61  488          - 24501.3094      -  55.0 1375s
 556836 411224 25271.7621   50  587          - 24501.4545      -  55.0 1380s
 558991 412942 infeasible   67               - 24501.5132      -  55.1 1386s
 560909 415058 25032.9224   35  703          - 24501.6337      -  55.1 1392s
 562652 416750 24750.1649   49  553          - 24501.6923      -  55.2 1397s
 565908 417917 infeasible   85               - 24502.8810      -  55.2 1402s
 567680 419175 infeasible   87               - 24503.0000      -  55.2 1406s
 569704 420450 24675.0000   46  635          - 24503.0000      -  55.3 1412s
 571710 421880 25126.1818   55  605          - 24503.0000      -  55.3 1416s
 573348 423094 24792.0000   41  639          - 24503.0000      -  55.3 1421s
 575187 424213 infeasible   59               - 24503.0000      -  55.4 1433s
 575245 424544 24533.5172   59  663          - 24503.0000      -  55.4 1436s
 576121 426381 25856.0000  106  303          - 24503.0000      -  55.5 1442s
 578164 426592 24643.0000   35  499          - 24503.0000      -  55.5 1445s
 580066 427988 infeasible   43               - 24503.0000      -  55.5 1450s
 582062 429938 24510.5629   57  662          - 24503.0000      -  55.6 1456s
 583504 431457 24942.0000   79  396          - 24503.0000      -  55.6 1461s
 585680 432997 infeasible   62               - 24503.0000      -  55.7 1470s
 587115 435407 25739.5644   67  501          - 24503.0000      -  55.8 1476s
 590914 437058 25463.0000   45  517          - 24503.0000      -  55.8 1481s
 593125 438463 24747.0119   57  495          - 24503.0000      -  55.8 1487s
 596571 439961 infeasible   56               - 24503.0000      -  55.8 1492s
 596910 440814 26052.1599   84  349          - 24503.0000      -  55.9 1495s
 598479 442401 25788.2416   84  415          - 24503.0000      -  56.0 1500s
 601936 443829 24574.3924   24  681          - 24503.0000      -  55.9 1505s
 603973 445333 25561.0000   66  584          - 24503.0000      -  56.0 1510s
 605464 447054 25369.3074   95  501          - 24503.0000      -  56.0 1515s
 607069 448815 24899.0000   79  511          - 24503.0000      -  56.1 1520s
 610151 449974 25187.0000   50  504          - 24503.0000      -  56.1 1526s
 612152 451378 infeasible   60               - 24503.0000      -  56.1 1531s
 614348 453099 infeasible   70               - 24503.0000      -  56.1 1536s
 615341 456501 24851.1305   70  559          - 24503.0000      -  56.2 1547s
 619663 456711 infeasible   75               - 24503.0000      -  56.3 1550s
 620470 458723 26637.3571  123  244          - 24503.0000      -  56.3 1556s
 623980 460080 24747.0124   73  562          - 24503.0000      -  56.3 1561s
 626446 461687 24769.0000   27  524          - 24503.0000      -  56.3 1567s
 628677 463272 24688.7496   45  583          - 24503.0000      -  56.3 1572s
 630929 465932 26251.0000   96  407          - 24503.0000      -  56.3 1577s
 632669 465975 24684.6308   39  681          - 24503.0000      -  56.3 1585s
 633082 466614 25593.0000   58  544          - 24503.0000      -  56.3 1590s
 635728 468676 infeasible   36               - 24503.0000      -  56.3 1596s
 637430 469812 25116.0000   33  567          - 24503.0000      -  56.4 1602s
 637790 471140 24601.0000   51  554          - 24503.0000      -  56.4 1605s
 641322 472687 24747.0000   43  618          - 24503.0000      -  56.4 1610s
 643240 474073 infeasible   80               - 24503.0000      -  56.4 1615s
 645540 476696 25341.1745  136  369          - 24503.0000      -  56.4 1621s
 647337 477371 24745.1137   50  649          - 24503.0000      -  56.5 1626s
 648920 478836 27460.0000  181  152          - 24503.0000      -  56.5 1632s
 649849 480247 28839.0000  214   82          - 24503.0000      -  56.6 1636s
 652360 482054 25813.0000   71  502          - 24503.0000      -  56.6 1642s
 654290 482528 infeasible  241               - 24503.0000      -  56.6 1645s
 656737 484104 24646.4400   68  501          - 24503.0000      -  56.6 1651s
 658785 485675 24629.6718   30  571          - 24503.0000      -  56.7 1656s
 661021 487484 infeasible  155               - 24503.1162      -  56.7 1662s
 661682 488658 24629.2657   26  697          - 24503.1792      -  56.7 1667s
 663203 489122 24877.0000   50  499          - 24503.1792      -  56.8 1672s
 663833 491317 24816.9092   33  715          - 24503.1792      -  56.8 1677s
 666829 491598 25611.0000   60  532          - 24503.1792      -  56.8 1680s
 667218 492257 26036.3115   90  457          - 24503.1792      -  56.9 1688s
 668169 492677 24584.9005   27  796          - 24503.1792      -  56.9 1692s
 668735 494474 24890.0264   51  580          - 24503.1792      -  56.9 1697s
 671224 494938 infeasible  159               - 24503.1792      -  56.9 1700s
 674006 496987 24530.8901   34  780          - 24503.1792      -  56.9 1707s
 674794 497561 24584.9005   28  774          - 24503.1792      -  57.0 1711s
 677377 499471 24920.2500   72  507          - 24503.1792      -  57.0 1715s
 678468 500519 24665.0714   34  649          - 24503.1792      -  57.0 1720s
 679988 501780 26507.0000  121  309          - 24503.1792      -  57.1 1725s
 681775 502978 25530.0000   53  597          - 24503.1792      -  57.1 1730s
 683533 504638 24995.5417   71  489          - 24503.1792      -  57.2 1735s
 685668 506061 24775.6674   37  633          - 24503.2152      -  57.2 1740s
 688643 507311 infeasible   76               - 24503.2152      -  57.2 1745s
 690767 509423 24588.7171   38  570          - 24503.2308      -  57.2 1751s
 692327 511597 25778.0000   78  357          - 24503.2834      -  57.3 1759s
 694841 512538 24869.3871   31  840          - 24503.5152      -  57.3 1761s
 696539 513988 25381.0000   44  530          - 24504.3227      -  57.3 1767s
 698894 514875 24592.8574   28  692          - 24505.0000      -  57.4 1772s
 699477 516148 25195.0000   52  475          - 24505.0000      -  57.4 1775s
 702376 517010 infeasible   89               - 24505.0000      -  57.4 1780s
 702691 517396 24746.0000   56  548          - 24505.0000      -  57.4 1789s
 703289 517790 24746.0000   57  549          - 24505.0000      -  57.4 1793s
 703721 518690 25035.0000   88  451          - 24505.0000      -  57.5 1796s
 705752 520716 24705.1136   54  669          - 24505.0000      -  57.5 1802s
 708138 521513 24702.2208   33  636          - 24505.0000      -  57.5 1807s
 710216 523620 25724.4200  124  465          - 24505.0000      -  57.5 1812s
 711780 524993 24751.1358   57  545          - 24505.0000      -  57.6 1817s
 714382 525932 24803.0000   44  580          - 24505.0000      -  57.6 1822s
 716655 528082 24843.0000   66  540          - 24505.0000      -  57.6 1827s
 718002 529623 26024.3459   96  417          - 24505.0000      -  57.6 1832s
 720954 530600 25262.0000   49  534          - 24505.0000      -  57.6 1837s
 721228 535072 25237.4193   68  516          - 24505.0000      -  57.7 1849s
 727442 535437 infeasible   74               - 24505.0000      -  57.7 1852s
 727863 535743 24765.0000   52  544          - 24505.0000      -  57.7 1855s
 729331 537936 26386.2095  150  251          - 24505.0000      -  57.8 1861s
 731569 539188 24885.7010   52  489          - 24505.0000      -  57.8 1867s
 733050 539426 24803.0000   42  493          - 24505.0000      -  57.8 1870s
 734823 541278 24833.6770   45  700          - 24505.0000      -  57.9 1876s
 736425 545485 25329.0000   65  553          - 24505.0000      -  58.0 1889s
 742119 545633 24643.0000   42  627          - 24505.0000      -  58.0 1892s
 742750 547245 24879.6303   89  480          - 24505.0000      -  58.0 1897s
 744820 548838 24769.1563   66  566          - 24505.0000      -  58.1 1902s
 746610 549084 24748.0611   62  488          - 24505.0000      -  58.1 1905s
 748520 550966 24593.3637   49  761          - 24505.0000      -  58.1 1911s
 749371 551067 infeasible  109               - 24505.0000      -  58.1 1919s
 749504 551423 25076.0000   53  529          - 24505.0000      -  58.1 1922s
 749918 552077 25480.3616   81  438          - 24505.0000      -  58.2 1925s
 752710 553575 infeasible  152               - 24505.0000      -  58.1 1930s
 753874 554493 24770.7496   38  738          - 24505.0000      -  58.2 1935s
 755622 556441 24676.7496   38  682          - 24505.0000      -  58.2 1940s
 757170 558021 24902.0000   56  531          - 24505.0000      -  58.3 1945s
 759219 559378 24625.4948   74  611          - 24505.0000      -  58.3 1950s
 761283 560663 25289.0930   77  530          - 24505.0000      -  58.3 1955s
 763943 561739 24586.3317   47  805          - 24505.0000      -  58.3 1960s
 765746 563058 infeasible   48               - 24505.0000      -  58.3 1966s
 766068 567348 24881.0000   68  569          - 24505.0000      -  58.4 1976s
 772611 567697 24848.0000   44  633          - 24505.0000      -  58.4 1980s
 774775 570141 26408.7297  180  121          - 24505.0000      -  58.4 1987s
 776530 571172 24789.4400   53  494          - 24505.0000      -  58.4 1991s
 777975 572320 24783.1798   57  590          - 24505.0000      -  58.4 1995s
 779530 573432 25385.0000   72  464          - 24505.0000      -  58.4 2000s
 782666 575066 25298.0000  113  301          - 24505.1242      -  58.4 2006s
 784898 577062 25519.1479  100  478          - 24505.2863      -  58.4 2010s
 787652 578774 24959.0000   40  508          - 24505.3785      -  58.4 2015s
 790061 580865 24747.5803   34  642          - 24505.3785      -  58.4 2021s
 791508 581773 25662.5199   75  555          - 24505.5147      -  58.4 2025s
 794157 583059 25060.9600   55  500          - 24506.0136      -  58.4 2031s
 795522 584117 infeasible   90               - 24506.7419      -  58.4 2037s
 795922 588206 25072.6942   73  414          - 24506.7496      -  58.4 2046s
 801554 588203 24573.2657   21  659          - 24507.2657      -  58.4 2058s
 801579 588436 24611.7496   23  631          - 24507.2657      -  58.4 2060s
 802158 589102 25693.3616   74  423          - 24507.2657      -  58.4 2065s
 803101 590476 26432.0120  110  280          - 24507.2657      -  58.4 2070s
 804843 592038 24994.0752   65  433          - 24507.2657      -  58.4 2076s
 808169 593560 infeasible   99               - 24507.2657      -  58.3 2082s
 808515 594766 24979.0000   62  368          - 24507.2800      -  58.4 2085s
 810554 598987 25641.0361   97  267          - 24507.2837      -  58.4 2097s
 816172 599517 25702.0000   83  540          - 24507.5056      -  58.4 2102s
 816551 600721 26646.7485  108  408          - 24507.7202      -  58.4 2105s
 820134 603320 24717.0000   42  553          - 24507.7382      -  58.4 2112s
 821722 603654 24717.0000   31  567          - 24507.7382      -  58.4 2115s
 823766 605276 24577.2593   37  664          - 24508.1209      -  58.4 2120s
 826316 607099 infeasible  109               - 24508.6263      -  58.4 2126s
 826743 610857 24874.6000   57  482          - 24508.6263      -  58.4 2134s
 831972 611123 infeasible   35               - 24508.7496      -  58.3 2136s
 832698 612468 25576.0000   74  390          - 24508.7496      -  58.3 2142s
 834105 613449 24883.0669  117  401          - 24508.7496      -  58.3 2145s
 836068 615036 25263.0000   51  487          - 24508.7496      -  58.4 2150s
 838430 616673 25726.7400   87  439          - 24508.7496      -  58.4 2155s
 840303 618167 24861.0000   59  508          - 24508.7496      -  58.4 2161s
 842400 622826 24620.8848   34  658          - 24508.7496      -  58.4 2174s
 848747 622987 24590.2208   22  610          - 24508.7496      -  58.3 2177s
 849278 624299 24805.0000   66  430          - 24508.7496      -  58.3 2181s
 850908 625602 25516.0000   79  415          - 24508.7496      -  58.3 2186s
 852860 627038 26186.5325  101  363          - 24508.7496      -  58.4 2192s
 855039 628861 24796.1640   54  521          - 24508.7496      -  58.4 2197s
 856877 629200 24758.6809   30  581          - 24508.7496      -  58.3 2200s
 857294 632195 24928.0000   64  482          - 24508.7496      -  58.3 2208s
 861654 632411 25156.0000   42  551          - 24508.9400      -  58.3 2211s
 861736 632411 infeasible   91               - 24508.9400      -  58.3 2217s
 861952 632859 25496.0000   69  441          - 24508.9400      -  58.3 2220s
 864276 635285 24795.1393   42  591          - 24508.9400      -  58.3 2226s
 866209 636664 25089.8800   70  430          - 24509.0000      -  58.4 2232s
 867761 637008 24550.0353   29  654          - 24509.0396      -  58.4 2235s
 869894 638711 24537.8592   28  665          - 24509.0396      -  58.4 2240s
 872057 640070 24650.3192   28  693          - 24509.2657      -  58.4 2246s
 872393 644428 24891.0000   69  435          - 24509.2657      -  58.4 2256s
 878746 644980 25989.9700   57  563          - 24509.2657      -  58.3 2261s
 879730 646741 25433.0000   50  527          - 24509.2657      -  58.4 2267s
 881278 647073 24587.3381   33  626          - 24509.2808      -  58.3 2270s
 883396 648381 24758.2647   40  536          - 24509.3702      -  58.3 2282s
 883882 648951 24589.0000   44  500          - 24509.3702      -  58.3 2287s
 884284 650383 24952.4444   71  565          - 24509.3702      -  58.3 2290s
 886676 651565 25178.2367   34  543          - 24509.3702      -  58.3 2297s
 888112 651953 24651.8474   34  622          - 24509.5161      -  58.3 2300s
 890562 654216 24518.0977   30  747          - 24509.8762      -  58.3 2306s
 892198 655881 25487.0000   51  537          - 24509.8762      -  58.3 2312s
 894504 657694 24661.0000   44  529          - 24510.1722      -  58.3 2317s
 896362 657897 infeasible  119               - 24510.4339      -  58.3 2320s
 898321 659352 24616.0618   27  674          - 24510.5690      -  58.3 2325s
 900461 661071 24517.4790   35  707          - 24510.7043      -  58.3 2330s
 902342 662324 24597.6086   26  674          - 24510.7496      -  58.3 2336s
 902706 666084 24899.0000   52  508          - 24510.7496      -  58.3 2345s
 908252 666648 24759.0000   52  530          - 24510.7496      -  58.3 2350s
 910561 669033 24567.6871   29  593          - 24510.7496      -  58.3 2356s
 912158 670274 25027.3404   38  594          - 24510.7496      -  58.3 2361s
 914108 671745 24675.9916   27  634          - 24510.7496      -  58.3 2367s
 915522 673066 24510.7496   33  765          - 24510.7496      -  58.3 2370s
 917566 677418 25101.0000   89  438          - 24510.7496      -  58.3 2382s
 923152 677564 24826.7496   33  670          - 24510.7496      -  58.2 2385s
 923751 679159 25054.3309   61  602          - 24510.7496      -  58.3 2390s
 925689 680354 25954.0000  108  379          - 24510.7496      -  58.3 2396s
 927549 681928 24510.7496   29  646          - 24510.7496      -  58.3 2402s
 929566 683428 24628.7496   35  599          - 24510.7496      -  58.3 2407s
 931245 683755 infeasible  102               - 24510.7496      -  58.3 2410s
 933088 685680 24693.7257   49  649          - 24510.7496      -  58.3 2415s
 934560 687461 24749.5000   64  500          - 24510.7496      -  58.3 2420s
 936989 688728 24651.6086   31  689          - 24510.7496      -  58.3 2426s
 938890 690068 25379.0000   39  494          - 24510.8513      -  58.3 2430s
 940780 691495 25017.0000   70  460          - 24510.9567      -  58.3 2436s
 940963 691495 26121.0000   81  405          - 24510.9732      -  58.3 2448s
 942346 691849 24578.6919   51  729          - 24511.0000      -  58.3 2451s
 942823 691906 24709.7501   29  597          - 24511.0000      -  58.4 2459s
 942902 692182 25104.9877   30  606          - 24511.0000      -  58.4 2460s
 945859 694395 24713.7496   56  589          - 24511.0000      -  58.4 2466s
 947848 696175 24602.1405   66  644          - 24511.0000      -  58.4 2470s
 950891 697886 infeasible  178               - 24511.1538      -  58.4 2475s
 952875 700071 infeasible   93               - 24511.2400      -  58.4 2480s
 954575 701624 25311.4839   66  480          - 24511.3404      -  58.4 2485s
 957718 702994 infeasible   66               - 24511.7496      -  58.4 2490s
 959635 704403 24891.3091   26  722          - 24511.8780      -  58.4 2495s
 961891 709323 25403.2917   53  475          - 24512.0574      -  58.4 2505s
 967279 710107 25959.9483  130  249          - 24512.1608      -  58.4 2510s
 969858 711836 infeasible  296               - 24512.5086      -  58.4 2516s
 971794 714087 24777.0000   45  539          - 24512.6900      -  58.4 2522s
 973812 715395 25723.6150   46  545          - 24512.9119      -  58.4 2527s
 975619 716579 25117.5992   66  566          - 24513.0000      -  58.5 2532s
 976958 716871 24849.1977   50  670          - 24513.0000      -  58.5 2535s
 977312 720676 25271.0000   88  431          - 24513.0000      -  58.5 2544s
 982553 720919 infeasible   92               - 24513.0000      -  58.5 2546s
 983304 722431 25672.1439   85  505          - 24513.0000      -  58.5 2552s
 984879 722696 24669.7851   38  841          - 24513.0000      -  58.5 2555s
 986471 723938 24817.3118   50  599          - 24513.0000      -  58.6 2560s
 988666 725280 infeasible  207               - 24513.0000      -  58.6 2565s
 989616 725964 24678.7496   33  727          - 24513.0000      -  58.7 2571s
 991760 727616 24921.0000   70  523          - 24513.0000      -  58.7 2577s
 992264 729890 25170.2500   98  449          - 24513.0000      -  58.7 2583s
 995586 730095 24761.7674   56  576          - 24513.0000      -  58.7 2585s
 996296 731598 24575.2396   43  770          - 24513.0094      -  58.7 2591s
 998100 732779 25242.0000   49  570          - 24513.2000      -  58.8 2596s
 999971 734384 25428.0000   85  440          - 24513.2496      -  58.8 2601s
 1001987 735855 24866.0000   69  470          - 24513.2496      -  58.8 2605s
 1004107 737036 27226.0482  158  168          - 24513.2499      -  58.7 2610s
 1007125 738130 infeasible  152               - 24513.5183      -  58.7 2624s
 1007156 744546 24600.2261   28  633          - 24513.5183      -  58.8 2665s
 1015164 746237 26223.6639  102  359          - 24513.9690      -  58.9 2672s
 1017540 748153 25220.1640   61  594          - 24514.6023      -  58.9 2677s
 1020133 750121 24671.6086   27  649          - 24515.0000      -  58.9 2682s
 1022853 751316 24579.0160   60  585          - 24515.0000      -  58.9 2685s
 1025945 753328 25761.9524  131  426          - 24515.2691      -  58.9 2690s
 1029491 755863 24582.1303   30  662          - 24515.5412      -  58.9 2696s
 1031975 757338 26367.1059   96  379          - 24516.0000      -  58.9 2700s
 1034372 759006 24916.7220   37  713          - 24516.0000      -  58.9 2706s
 1036292 760171 24588.0785   22  709          - 24516.0000      -  59.0 2711s
 1038017 761828 24749.7949   48  570          - 24516.0269      -  59.0 2716s
 1040663 763512 infeasible   42               - 24516.1000      -  59.0 2721s
 1042235 764926 24855.0000   46  495          - 24516.4785      -  59.1 2726s
 1044230 766103 25294.3600   45  484          - 24516.7755      -  59.1 2731s
 1046003 767644 24887.0000   46  563          - 24516.7755      -  59.1 2736s
 1049217 768827 24744.2944   49  656          - 24517.0000      -  59.1 2742s
 1051057 770271 24583.2496   34  688          - 24517.0000      -  59.1 2747s
 1052977 772167 24993.0000   45  612          - 24517.0000      -  59.1 2753s
 1054005 772587 25729.8294   46  607          - 24517.0000      -  59.1 2756s
 1054521 774464 26711.0000   87  354          - 24517.0000      -  59.2 2761s
 1057932 775511 24864.9386   44  650          - 24517.0000      -  59.2 2767s
 1058793 776093 26710.5988  119  297          - 24517.0000      -  59.2 2771s
 1061438 777469 24842.0000   45  653          - 24517.0870      -  59.2 2785s
 1061940 778294 infeasible   66               - 24517.0870      -  59.2 2792s
 1062474 779771 26072.1429   79  574          - 24517.1792      -  59.3 2795s
 1065027 781724 26658.0000  118  282          - 24517.1792      -  59.3 2802s
 1067252 782206 24819.7169   43  698          - 24517.2152      -  59.2 2805s
 1069915 784219 25089.5000   54  466          - 24517.2657      -  59.2 2810s
 1071868 786142 24964.0256   77  449          - 24517.2837      -  59.2 2816s
 1073316 787557 26215.1100   51  483          - 24517.3655      -  59.2 2821s
 1075233 789067 24958.7714   58  487          - 24517.6747      -  59.2 2826s
 1077881 789796 25073.6538   52  571          - 24517.8788      -  59.2 2831s
 1080197 791620 24763.8935   29  797          - 24518.0000      -  59.2 2836s
 1081249 791920 24679.4286   41  632          - 24518.0000      -  59.2 2841s
 1082786 792839 infeasible   44               - 24518.0000      -  59.3 2847s
 1083035 794768 24685.3938   44  665          - 24518.0000      -  59.3 2860s
 1085798 795835 24634.1126   28  578          - 24518.1126      -  59.5 2868s
 1087183 798657 24676.7496   27  658          - 24518.1162      -  59.5 2875s
 1091608 800604 25529.0000   48  537          - 24518.5269      -  59.5 2883s
 1093924 801077 infeasible   30               - 24518.7496      -  59.5 2887s
 1094565 802673 24776.6086   35  682          - 24518.7496      -  59.5 2891s
 1096873 803131 infeasible   95               - 24518.7496      -  59.5 2895s
 1099128 805149 infeasible   27               - 24518.7496      -  59.5 2900s
 1100650 806800 25314.4286   36  536          - 24518.7496      -  59.5 2905s
 1102967 808142 24730.7496   29  608          - 24519.0000      -  59.5 2910s
 1104756 809516 24949.1090   79  396          - 24519.0000      -  59.6 2915s
 1106906 811029 26137.6383  100  307          - 24519.0000      -  59.6 2920s
 1108711 812454 25277.7500   67  486          - 24519.0000      -  59.6 2926s
 1110885 813936 24601.7496   44  610          - 24519.0000      -  59.6 2931s
 1112474 814423 infeasible  131               - 24519.0000      -  59.6 2935s
 1113215 816720 25061.6086   26  607          - 24519.0084      -  59.6 2940s
 1116632 817518 25377.0000   51  520          - 24519.2392      -  59.6 2945s
 1117798 819216 26743.8695  159  192          - 24519.6244      -  59.6 2951s
 1120051 820941 25236.0000   39  633          - 24519.6244      -  59.7 2957s
 1122082 821269 24678.7496   34  687          - 24519.6244      -  59.6 2960s
 1124338 822881 26341.0000   70  447          - 24519.9119      -  59.7 2966s
 1124749 823254 26511.2085  114  380          - 24519.9119      -  59.7 2974s
 1125239 823718 infeasible  115               - 24520.0000      -  59.7 2977s
 1125851 825247 24886.9896   74  630          - 24520.0000      -  59.7 2981s
 1128347 829640 25392.3600   54  547          - 24520.1126      -  59.7 2994s
 1134104 829841 infeasible  113               - 24520.3362      -  59.7 2997s
 1134683 830733 25498.0000   88  457          - 24520.4653      -  59.7 3002s
 1135463 832246 25019.0000   57  542          - 24520.6639      -  59.7 3005s
 1137698 833376 25277.0000   64  494          - 24520.7496      -  59.7 3010s
 1139461 835090 24937.0000   75  369          - 24520.7496      -  59.7 3016s
 1142576 836208 24699.5061   40  634          - 24520.8017      -  59.7 3022s
 1143021 839275 25400.6912   60  462          - 24520.8452      -  59.7 3030s
 1147827 839837 24939.0000   98  413          - 24521.0000      -  59.7 3036s
 1149676 841993 24871.6696   37  727          - 24521.0000      -  59.7 3041s
 1151479 843123 24773.0000   60  463          - 24521.0000      -  59.7 3047s
 1153116 844487 24744.6701   55  520          - 24521.0000      -  59.8 3052s
 1154550 845077 25174.1121   77  605          - 24521.0000      -  59.8 3055s
 1155860 846670 25252.0000   51  636          - 24521.0000      -  59.8 3061s
 1158107 848691 24823.0000   57  515          - 24521.0000      -  59.8 3069s
 1160193 849034 infeasible   81               - 24521.0000      -  59.9 3073s
 1160602 850654 24838.0000   58  434          - 24521.0000      -  59.9 3077s
 1162741 851047 24526.7496   21  731          - 24521.0000      -  59.9 3081s
 1163198 851165 24923.0000   49  551          - 24521.0000      -  59.9 3091s
 1163361 851771 25849.0000   50  501          - 24521.0000      -  59.9 3095s
 1166537 853888 infeasible   45               - 24521.0127      -  59.9 3103s
 1166944 855459 25771.5833   73  509          - 24521.1276      -  59.9 3106s
 1169287 855781 25002.0000   63  522          - 24521.3707      -  59.9 3110s
 1171543 857446 24527.2041   22  724          - 24521.4545      -  59.9 3116s
 1172919 858591 25067.0221   45  637          - 24521.5132      -  60.0 3125s
 1173514 860815 25893.3077   60  590          - 24521.5161      -  60.0 3131s
 1176850 861168 25007.6004   30  545          - 24521.5161      -  60.0 3135s
 1179515 863225 infeasible   60               - 24521.8051      -  60.0 3141s
 1180031 864591 24625.9058   31  641          - 24521.9183      -  60.0 3145s
 1182206 866247 24529.0806   25  708          - 24522.0623      -  60.0 3151s
 1185073 867015 25848.0000   64  417          - 24522.0785      -  60.0 3158s
 1185471 868356 26602.1041   99  311          - 24522.0785      -  60.1 3161s
 1187593 870855 24586.7496   24  741          - 24522.1235      -  60.1 3175s
 1192954 872843 infeasible   76               - 24522.4325      -  60.1 3183s
 1193336 874221 25220.0000   58  569          - 24522.5844      -  60.1 3187s
 1195307 874527 infeasible   32               - 24522.6786      -  60.1 3190s
 1197641 876194 infeasible   31               - 24522.9119      -  60.1 3198s
 1198066 877888 25675.2500   67  534          - 24522.9119      -  60.2 3201s
 1201723 879084 25312.0256   60  578          - 24523.0000      -  60.1 3208s
 1202069 881665 24553.1533   27  785          - 24523.0000      -  60.2 3218s
 1205848 882192 24699.6246   27  658          - 24523.0000      -  60.2 3222s
 1206443 883967 25209.0000   85  525          - 24523.0000      -  60.2 3226s
 1209174 885621 27155.0000   83  414          - 24523.0000      -  60.2 3232s
 1211086 885997 24698.7496   24  733          - 24523.0000      -  60.2 3236s
 1213266 887580 infeasible  119               - 24523.0000      -  60.3 3242s
 1213748 888629 24988.6901   75  576          - 24523.0000      -  60.3 3245s
 1216777 889941 infeasible   72               - 24523.0000      -  60.3 3252s
 1217099 892448 25334.0000   60  595          - 24523.0000      -  60.3 3263s
 1220560 892821 24705.0000   48  513          - 24523.0000      -  60.3 3267s
 1220999 893772 25107.3667   87  501          - 24523.0000      -  60.3 3273s
 1222031 895982 25628.9333  138  315          - 24523.0000      -  60.3 3278s
 1225195 896479 24526.0000   33  613          - 24523.0000      -  60.3 3281s
 1225798 897829 25145.2712   32  779          - 24523.0000      -  60.3 3285s
 1228041 899312 25404.0000   65  518          - 24523.0000      -  60.3 3292s
 1229923 899601 infeasible  167               - 24523.0000      -  60.3 3295s
 1232269 901429 infeasible  108               - 24523.0000      -  60.4 3303s
 1232675 904197 24604.1687   29  686          - 24523.0000      -  60.4 3311s
 1236941 904839 25084.7704   64  508          - 24523.0000      -  60.4 3318s
 1237427 906326 26225.0000  113  245          - 24523.0000      -  60.5 3322s
 1239460 906831 infeasible   44               - 24523.0000      -  60.4 3325s
 1241357 909283 27220.6110  165  278          - 24523.0000      -  60.5 3332s
 1243323 909517 24933.0000   50  456          - 24523.0000      -  60.5 3335s
 1245651 911193 25714.0000   87  324          - 24523.2496      -  60.5 3342s
 1246019 912709 26089.7239  129  284          - 24523.2496      -  60.5 3345s
 1248590 915543 24809.0000   60  493          - 24523.4469      -  60.5 3355s
 1251891 915562 infeasible   69               - 24523.5870      -  60.5 3363s
 1251982 915938 24930.0680   34  595          - 24523.5870      -  60.5 3366s
 1252895 917738 26127.1537  103  307          - 24523.6552      -  60.5 3373s
 1254912 917871 infeasible   45               - 24523.7006      -  60.5 3376s
 1255778 919693 24701.0624   90  590          - 24523.7496      -  60.5 3382s
 1257644 919939 infeasible   88               - 24523.7496      -  60.5 3386s
 1259897 921257 24877.6339   54  755          - 24523.8102      -  60.5 3392s
 1260279 922641 25441.1347   86  528          - 24523.9046      -  60.5 3395s
 1262553 924175 26426.5975  103  425          - 24524.0000      -  60.5 3402s
 1264717 925054 25464.0611   64  516          - 24524.0000      -  60.6 3407s
 1265606 925330 24662.5223   33  759          - 24524.0000      -  60.6 3410s
 1267944 927038 24649.7496   30  828          - 24524.0000      -  60.6 3416s
 1269656 928268 24524.0785   26  695          - 24524.0785      -  60.6 3422s
 1269751 928268 infeasible   96               - 24524.0785      -  60.6 3426s
 1271284 929328 24591.8125   31  767          - 24524.0785      -  60.6 3433s
 1271619 929951 24700.0785   37  639          - 24524.0785      -  60.6 3436s
 1273052 931712 24591.6934   36  706          - 24524.0785      -  60.7 3443s
 1275142 931768 infeasible   60               - 24524.0785      -  60.7 3447s
 1275440 931975 24579.7496   32  720          - 24524.0785      -  60.7 3450s
 1277245 932823 infeasible   79               - 24524.0785      -  60.7 3456s
 1277499 934263 infeasible   37               - 24524.0785      -  60.7 3472s
 1279690 937382 26750.0000  166  142          - 24524.0785      -  60.8 3481s
 1284162 939149 25957.0000  114  260          - 24524.0785      -  60.8 3485s
 1287191 940259 24911.0000   63  477          - 24524.5150      -  60.8 3492s
 1288119 940818 24583.8896   34  657          - 24524.6105      -  60.8 3496s
 1289505 941922 24979.1219   37  579          - 24524.7484      -  60.9 3509s
 1290363 942381 24941.2873   62  601          - 24524.7484      -  60.9 3513s
 1290924 943951 25651.8134   75  499          - 24524.7496      -  60.9 3517s
 1293141 944207 24845.2390   42  707          - 24524.7496      -  60.9 3521s
 1293471 948438 25891.0000   70  476          - 24524.8048      -  60.9 3532s
 1299418 948665 25662.2857   46  632          - 24525.0000      -  60.9 3535s
 1300242 949575 infeasible   90               - 24525.0000      -  60.9 3541s
 1302655 951235 24785.0000   46  565          - 24525.0000      -  60.9 3547s
 1302984 952416 25434.8750   59  531          - 24525.0000      -  60.9 3550s
 1305775 953582 24986.0000   61  563          - 24525.0000      -  60.9 3555s
 1307549 954945 27618.1220  158  238          - 24525.0000      -  60.9 3562s
 1307947 955779 24688.7496   35  666          - 24525.0000      -  60.9 3565s
 1309474 957396 25105.0000   67  489          - 24525.0000      -  61.0 3573s
 1311463 957659 infeasible   66               - 24525.0000      -  61.0 3576s
 1313452 959203 25091.3739   33  648          - 24525.0000      -  61.0 3583s
 1313906 960565 25568.6100   65  506          - 24525.0000      -  61.0 3587s
 1315806 961735 25303.2857   55  693          - 24525.0000      -  61.0 3590s
 1317773 963162 25501.6123   62  566          - 24525.0000      -  61.1 3596s
 1319466 963406 25092.9030   37  616          - 24525.0383      -  61.1 3600s

Cutting planes:
  Learned: 206
  Gomory: 190
  Cover: 1047
  Implied bound: 106
  Projected implied bound: 20
  Clique: 148
  MIR: 632
  StrongCG: 184
  Flow cover: 2874
  GUB cover: 3
  Inf proof: 6
  Zero half: 97
  Network: 25
  RLT: 105
  Relax-and-lift: 76

Explored 1319809 nodes (80648843 simplex iterations) in 3600.10 seconds (2490.67 work units)
Thread count was 8 (of 8 available processors)

Solution count 0

Time limit reached
Best objective -, best bound 2.452503831552e+04, gap -

User-callback calls 3128321, time in user-callback 14.08 sec

Statistics for modelBGB_BWES:
  Linear constraint matrix    : 23829 Constrs, 9987 Vars, 88024 NZs
  Variable types              : 3270 Continuous,
6717 Integer (1378 Binary)
  Matrix coefficient range    : [ 1, 200 ]
  Objective coefficient range : [ 1, 386 ]
  Variable bound range        : [ 1, 199 ]
  RHS coefficient range       : [ 1, 549 ]
