
Gurobi 10.0.1 (mac64[arm]) logging started Thu Apr  4 17:31:26 2024

Set parameter LogFile to value "/Users/deniserings/Documents/zib/s-bahn-data/scripts/DeniseMA/processed/BGB_BWES/RENS/BGB_BWES_subMBP_random0_0.6_202404041301.log"
Gurobi Optimizer version 10.0.1 build v10.0.1rc0 (mac64[arm])

CPU model: Apple M2
Thread count: 8 physical cores, 8 logical processors, using up to 8 threads

Optimize a model with 23829 rows, 9987 columns and 88024 nonzeros
Model fingerprint: 0x363a05f2
Variable types: 3270 continuous, 6717 integer (1378 binary)
Coefficient statistics:
  Matrix range     [1e+00, 2e+02]
  Objective range  [1e+00, 4e+02]
  Bounds range     [1e+00, 2e+02]
  RHS range        [1e+00, 5e+02]
Presolve removed 10469 rows and 2873 columns
Presolve time: 0.34s
Presolved: 13360 rows, 7114 columns, 52371 nonzeros
Variable types: 1856 continuous, 5258 integer (5258 binary)

Root relaxation: objective 2.329800e+04, 4505 iterations, 0.09 seconds (0.05 work units)

    Nodes    |    Current Node    |     Objective Bounds      |     Work
 Expl Unexpl |  Obj  Depth IntInf | Incumbent    BestBd   Gap | It/Node Time

     0     0 23298.0000    0  397          - 23298.0000      -     -   12s
     0     0 23484.0916    0  929          - 23484.0916      -     -   13s
     0     0 23484.1160    0 1025          - 23484.1160      -     -   13s
     0     0 23504.0000    0  913          - 23504.0000      -     -   13s
     0     0 23504.0000    0  832          - 23504.0000      -     -   13s
     0     0 23504.0390    0  831          - 23504.0390      -     -   13s
     0     0 23504.0390    0  837          - 23504.0390      -     -   14s
     0     0 23505.3333    0  820          - 23505.3333      -     -   14s
     0     0 23505.3333    0  803          - 23505.3333      -     -   14s
     0     0 23505.3333    0  911          - 23505.3333      -     -   14s
     0     0 23505.3333    0  810          - 23505.3333      -     -   14s
     0     0 23505.3333    0  390          - 23505.3333      -     -   15s
     0     0 23505.3333    0  643          - 23505.3333      -     -   15s
     0     0 23505.3333    0  459          - 23505.3333      -     -   15s
     0     0 23505.3333    0  440          - 23505.3333      -     -   16s
     0     2 23505.3333    0  438          - 23505.3333      -     -   17s
   800   750 23569.0000   28  478          - 23540.0000      -  31.5   20s
  1713  1447 23821.0000   13  325          - 23540.0000      -  33.2   25s
  1724  1455 23854.1263   14  372          - 23854.1263      -  33.0   30s
  1735  1462 24251.0000   78  428          - 23874.5206      -  32.8   35s
  1743  1469 24505.0000   44  440          - 23876.2932      -  71.9   40s
  1756  1478 24073.4345   11  457          - 24073.4345      -  71.3   45s
  1764  1483 24093.0000   54  609          - 24076.1025      -  71.0   50s
  1771  1488 24299.0000   64  296          - 24092.9998      -  70.7   55s
  1782  1496 24395.0000   49  327          - 24093.0032      -   104   60s
  1788  1500 24094.2731   20  286          - 24094.2731      -   103   65s
  2407  1846 24094.6169   39  536          - 24094.6120      -  83.5   70s
  3210  2186 24095.0855   46  525          - 24094.6169      -  71.7   75s
  6104  3671 25143.0000  119  475          - 24094.6169      -  53.8   80s
  8567  5734 24504.5308   60  479          - 24094.7747      -  47.7   85s
 12016  7791 24607.3411   53  610          - 24094.9265      -  42.8   90s
 14802 10048 infeasible  196               - 24095.0083      -  40.3   95s
 18171 12750 24252.9998   44  626          - 24095.2091      -  38.6  100s
 21554 15344 infeasible  208               - 24095.2091      -  37.0  105s
 23414 16972 infeasible  178               - 24096.6086      -  37.4  110s
 27957 21044 24259.0000   88  535          - 24096.9230      -  36.6  115s
 29364 22578 24213.0035   54  538          - 24096.9998      -  36.4  136s
 31701 23989 25146.1941  159  386          - 24096.9998      -  35.8  140s
 34140 25933 24898.6667   80  515          - 24096.9998      -  35.1  145s
 38375 29196 24323.6664   67  472          - 24096.9998      -  34.1  150s
 43479 32298 infeasible  159               - 24097.0000      -  33.3  155s
 47030 35304 24405.0000   90  411          - 24097.0449      -  32.9  161s
 49279 37179 24102.9998   49  571          - 24097.0449      -  32.7  166s
 53387 40084 infeasible  128               - 24097.0449      -  32.3  171s
 55379 42820 24555.6667   72  450          - 24097.0449      -  32.4  175s
 59544 46109 24929.2300  179  383          - 24097.0449      -  32.1  180s
 63265 48638 24901.0000   75  545          - 24097.0449      -  32.0  185s
 67257 51847 24345.0000   70  471          - 24097.0449      -  32.0  191s
 68656 52091 24322.6973   56  592          - 24097.0449      -  32.0  195s
 71364 54903 24359.6667   75  458          - 24097.0452      -  32.3  200s
 75140 57089 infeasible   58               - 24097.0452      -  32.6  205s
 79215 59980 24734.8783   54  593          - 24097.2063      -  33.0  211s
 81091 62024 26526.1519  181  334          - 24097.2063      -  33.2  215s
 82161 62010 25248.4632   83  469          - 24097.3011      -  33.3  220s
 83924 64295 24184.9137   60  595          - 24097.8674      -  33.5  225s
 86620 66422 24497.9407   73  472          - 24098.1682      -  34.0  230s
 90349 69316 24416.9358   99  615          - 24098.5052      -  34.1  236s
 93104 71136 24357.0214   71  500          - 24098.5054      -  34.4  240s
 95939 73506 24759.0053   61  530          - 24098.6188      -  34.7  245s
 98763 75648 24901.4167   66  481          - 24099.3793      -  34.9  250s
 102557 78193 24270.9522   55  746          - 24100.6923      -  35.0  255s
 104823 79503 infeasible   70               - 24100.9998      -  35.4  260s
 105105 83748 25590.0000   82  451          - 24100.9998      -  35.4  266s
 111217 84328 infeasible  151               - 24101.0720      -  35.6  270s
 111829 84701 infeasible  166               - 24101.1339      -  35.7  276s
 113556 86933 24486.1647   67  498          - 24101.6509      -  36.0  281s
 116811 89420 25126.5667   88  439          - 24102.0767      -  36.0  285s
 120247 94264 24939.9808   64  578          - 24102.6873      -  36.1  295s
 125774 95806 24205.0000   55  570          - 24102.9998      -  36.4  300s
 129533 98722 25932.3418  135  452          - 24102.9998      -  36.5  305s
 133883 101048 infeasible  107               - 24103.0000      -  36.4  311s
 136233 105687 24463.6211   87  423          - 24103.0000      -  36.5  319s
 140542 105811 25965.0564  143  344          - 24103.0000      -  36.4  320s
 142534 107456 infeasible  223               - 24103.0000      -  36.4  325s
 145642 110492 24351.8245   60  566          - 24103.0426      -  36.5  331s
 147160 110807 24359.0053   61  506          - 24103.0426      -  36.5  336s
 149171 113343 25669.0000   90  486          - 24103.0524      -  36.5  340s
 152391 115808 24392.1682   62  544          - 24103.5316      -  36.6  345s
 155941 117765 24484.0000   86  373          - 24104.0767      -  36.7  350s
 159357 120509 24287.0000   74  557          - 24104.0767      -  36.7  356s
 162087 122888 24421.0000   63  504          - 24104.0767      -  36.8  360s
 165284 125518 24487.2120   82  549          - 24104.0769      -  36.7  365s
 168471 127388 24271.3602   73  485          - 24104.2345      -  36.8  370s
 172058 129435 infeasible  124               - 24104.8188      -  36.9  375s
 173625 130516 infeasible  131               - 24104.8188      -  36.9  382s
 174282 132139 24828.3487  107  393          - 24104.8188      -  36.9  386s
 177489 133850 24546.0000   90  462          - 24104.8191      -  36.8  390s
 179712 136177 24328.0132   62  593          - 24104.9230      -  36.9  396s
 182239 137922 24434.7640   57  640          - 24105.0081      -  37.0  400s
 186351 140238 infeasible  129               - 24105.0374      -  36.9  405s
 188994 142253 infeasible  122               - 24105.4515      -  37.1  410s
 191736 144820 25216.7541  110  473          - 24106.1396      -  37.2  415s
 194278 147155 25503.0035   94  462          - 24106.5391      -  37.3  420s
 197145 148324 24351.6667   57  500          - 24107.0374      -  37.4  425s
 200606 150837 infeasible  111               - 24107.2832      -  37.4  430s
 204048 153450 24838.0769   79  422          - 24107.7500      -  37.6  436s
 206319 156179 24419.8991   68  522          - 24108.0052      -  37.6  441s
 209433 157329 infeasible  108               - 24108.0140      -  37.6  445s
 209785 160922 24698.6227   60  562          - 24108.0140      -  37.6  451s
 215076 161475 24692.0000  121  284          - 24108.1261      -  37.7  455s
 218651 163922 24116.9137   45  616          - 24108.3832      -  37.6  460s
 220691 165303 infeasible  192               - 24108.3832      -  37.6  469s
 220776 165648 infeasible  196               - 24108.3832      -  37.7  471s
 222610 167981 24932.0000   93  495          - 24108.4391      -  37.8  476s
 224446 173191 24649.6719   80  431          - 24108.4391      -  37.9  486s
 231352 173609 25099.9759   66  489          - 24108.4696      -  37.9  490s
 233447 175898 24340.6719   66  540          - 24108.7462      -  37.9  495s
 236504 178262 24355.0214   70  474          - 24108.7970      -  38.0  500s
 239816 184001 24383.2120   79  455          - 24109.0857      -  38.0  510s
 246193 185523 25168.0000   87  450          - 24109.1456      -  38.0  515s
 249816 188350 24279.0050   47  637          - 24109.4132      -  38.0  521s
 252930 190047 25094.6881  106  386          - 24109.6570      -  38.0  525s
 255177 195672 24379.9221   71  432          - 24109.6836      -  38.0  536s
 261739 197312 24536.7523  115  405          - 24109.9233      -  38.0  540s
 264980 199582 24235.0000   50  557          - 24110.0156      -  38.1  546s
 267782 200978 25925.0000  138  428          - 24110.0156      -  38.1  554s
 268124 201175 26205.0000  139  414          - 24110.0156      -  38.1  556s
 270048 203565 25279.6881  110  428          - 24110.1353      -  38.2  561s
 273169 205243 24279.7716   45  581          - 24110.2645      -  38.2  565s
 275793 207930 24356.0053   59  511          - 24110.5167      -  38.3  570s
 278663 209255 infeasible  107               - 24110.7830      -  38.3  575s
 280579 211571 24542.5344   73  580          - 24110.9622      -  38.4  580s
 283794 213819 24204.1397   60  476          - 24110.9998      -  38.5  585s
 285636 216816 25556.4824  106  387          - 24111.0374      -  38.5  591s
 289447 217153 24401.6667   82  510          - 24111.2051      -  38.5  595s
 292782 220735 24488.6667   64  424          - 24111.7816      -  38.6  601s
 296026 222982 24121.0434   49  729          - 24112.0275      -  38.6  606s
 299086 225284 25220.4037   71  559          - 24112.6962      -  38.6  610s
 300738 229856 24681.0681  115  354          - 24112.7507      -  38.6  618s
 301491 229856 24954.0000   66  494          - 24112.8947      -  38.6  620s
 307347 230915 24801.0304   76  518          - 24112.9998      -  38.6  625s
 311539 233580 24499.1138   65  531          - 24113.0000      -  38.6  633s
 312148 234104 24369.7388   68  499          - 24113.0140      -  38.6  635s
 315760 239614 24335.0035   70  498          - 24113.0140      -  38.7  642s
 320481 241056 24439.7183  100  452          - 24113.0898      -  38.7  645s
 323777 243777 24500.2792   78  469          - 24113.6500      -  38.8  650s
 328868 247575 25181.6667  201  359          - 24114.3832      -  38.8  655s
 330974 251119 24540.3513   80  481          - 24114.3963      -  38.8  661s
 335569 252593 25263.6719   79  523          - 24114.6086      -  38.8  666s
 338184 254790 25110.0000  104  447          - 24114.6953      -  38.9  671s
 340139 256374 26153.6667  149  464          - 24114.9230      -  38.9  675s
 344097 259124 27139.0000  214  214          - 24115.0000      -  38.9  680s
 345907 264298 24785.7442   52  526          - 24115.0000      -  39.0  690s
 353193 266081 25103.0000   95  478          - 24115.1283      -  39.0  695s
 356799 268443 25903.9800  192  253          - 24115.5361      -  39.0  700s
 360088 271285 24805.7006   73  576          - 24115.8554      -  38.9  705s
 362047 272128 24924.7767  115  453          - 24115.8744      -  39.0  714s
 362722 272644 infeasible  188               - 24115.8744      -  38.9  717s
 363314 274965 24577.0053   87  489          - 24115.8820      -  39.0  720s
 368327 277627 25322.0000   89  446          - 24116.0000      -  38.9  726s
 371681 278966 24241.0000   58  527          - 24116.0000      -  38.9  730s
 374598 281218 infeasible   53               - 24116.0000      -  39.0  735s
 375041 284429 24528.0000  109  425          - 24116.0000      -  39.0  741s
 381528 286205 24127.0025   45  568          - 24116.0000      -  39.0  746s
 383384 287809 24238.0168   51  554          - 24116.0503      -  39.1  750s
 385715 290328 25081.0000   68  470          - 24116.1586      -  39.1  755s
 389049 293049 24385.0919   74  425          - 24116.2094      -  39.1  761s
 392692 295323 24673.0562   81  464          - 24116.5538      -  39.1  765s
 397321 298306 24482.6605   51  518          - 24116.5842      -  39.0  771s
 399292 300611 24634.0556  102  440          - 24116.6500      -  39.1  775s
 403886 303287 24241.0000   53  560          - 24116.9408      -  39.1  780s
 409906 307379 infeasible   53               - 24117.0702      -  39.0  791s
 410944 309642 26016.7351   90  427          - 24117.1231      -  39.1  796s
 415887 312137 infeasible   81               - 24117.5111      -  39.1  801s
 418436 315078 24232.3206   45  608          - 24117.5596      -  39.2  805s
 423588 318924 24448.8310   82  419          - 24117.7821      -  39.1  810s
 429651 322687 infeasible  125               - 24117.8854      -  39.1  816s
 432968 326481 25085.0214   89  527          - 24118.1231      -  39.1  820s
 437346 329224 24245.1852   76  516          - 24118.2308      -  39.1  825s
 441843 332707 24342.0395   68  587          - 24118.5807      -  39.1  830s
 445925 335862 24275.9316   90  520          - 24118.9000      -  39.1  835s
 447772 340173 24866.8310   74  515          - 24118.9087      -  39.1  843s
 453334 340565 24816.8310  121  425          - 24118.9622      -  39.1  845s
 456542 343028 infeasible   83               - 24119.0300      -  39.0  850s
 459826 346293 24599.0000   62  495          - 24119.0834      -  39.0  856s
 462620 348235 24324.8310  104  421          - 24119.2613      -  39.0  861s
 464239 350671 24731.3396  106  478          - 24119.3419      -  39.0  866s
 468625 352448 infeasible   81               - 24119.6528      -  39.0  871s
 472036 354922 infeasible   82               - 24119.7743      -  39.0  876s
 475178 357253 24213.7667   51  651          - 24119.8120      -  39.0  880s
 478113 359578 infeasible   68               - 24120.0410      -  39.0  885s
 478401 363951 25534.8095   80  547          - 24120.0633      -  39.0  892s
 484497 364186 25026.5374   70  482          - 24120.2453      -  39.0  898s
 484556 364416 25026.5374   69  517          - 24120.2453      -  39.0  901s
 486393 366529 24798.8310   67  537          - 24120.3699      -  39.0  905s
 489350 368860 24203.7410   48  584          - 24120.7070      -  39.0  911s
 492383 371293 27755.1072  194  191          - 24120.7070      -  39.0  915s
 494022 375617 24708.8672   77  562          - 24120.8569      -  39.1  923s
 499469 375771 infeasible  119               - 24121.0439      -  39.1  925s
 501588 378288 24937.5125   81  469          - 24121.1489      -  39.1  931s
 504065 380276 25086.9033  139  313          - 24121.1764      -  39.1  935s
 507331 381968 infeasible   69               - 24121.4370      -  39.1  940s
 509714 385728 25280.8310   83  451          - 24121.7106      -  39.1  946s
 514259 387315 26075.0177  153  355          - 24121.7972      -  39.1  951s
 517146 389505 25197.1643   80  532          - 24122.0499      -  39.1  955s
 520040 391769 26658.5214  103  377          - 24122.4124      -  39.1  966s
 521147 393608 27132.0214  158  283          - 24122.4124      -  39.1  970s
 524300 395929 24369.8095   66  508          - 24123.0000      -  39.1  976s
 527106 397242 24648.0879   52  594          - 24123.0374      -  39.1  980s
 530331 399769 25264.6667  149  393          - 24123.0708      -  39.1  985s
 533418 403033 24583.6495   62  549          - 24123.1313      -  39.2  991s
 536311 405002 24566.6667   73  439          - 24123.2689      -  39.2  995s
 539141 407349 infeasible  188               - 24123.4132      -  39.2 1001s
 542275 408731 24349.6667   56  529          - 24123.6080      -  39.2 1005s
 545231 411158 infeasible   79               - 24124.0200      -  39.2 1011s
 547371 413555 24402.1782   76  506          - 24124.3418      -  39.3 1015s
 550402 415677 25547.6667  107  461          - 24124.6889      -  39.3 1020s
 552704 417772 26795.0000  113  417          - 24124.9998      -  39.3 1025s
 556487 420282 25062.0316   77  380          - 24125.0120      -  39.3 1031s
 559310 422625 24366.1047   70  479          - 24125.4536      -  39.3 1035s
 562872 425296 24566.8095   99  452          - 24125.5550      -  39.3 1041s
 565461 427417 25231.3595   91  494          - 24125.5550      -  39.3 1045s
 569145 429212 infeasible   88               - 24125.7007      -  39.3 1050s
 569452 432992 24287.0000   61  524          - 24125.8028      -  39.3 1056s
 574273 432993 infeasible   80               - 24126.0253      -  39.3 1065s
H574327 432993                    32685.000000 24126.0380  26.2%  39.3 1065s
H574328 432814                    28989.000000 24126.0380  16.8%  39.3 1067s
H574336 432813                    28984.000000 24126.0380  16.8%  39.3 1067s
H574368 432751                    28736.000000 24126.0380  16.0%  39.3 1067s
H574376 432493                    28331.000000 24126.0380  14.8%  39.3 1067s
 574829 432986 25572.5859   96  479 28331.0000 24126.0380  14.8%  39.3 1070s
H575245 433262                    28328.000000 24126.0435  14.8%  39.3 1072s
H575469 433193                    28278.000000 24126.0435  14.7%  39.3 1072s
H575512 433810                    28246.000000 24126.0435  14.6%  39.3 1074s
H575873 433801                    28243.000000 24126.0465  14.6%  39.3 1074s
H575873 432579                    27831.000000 24126.0465  13.3%  39.3 1074s
 576432 432741 infeasible   62      27831.0000 24126.1728  13.3%  39.3 1077s
H576433 432664                    27805.000000 24126.1728  13.2%  39.3 1080s
H576484 432624                    27797.000000 24126.1728  13.2%  39.3 1080s
H576701 432984                    27768.000000 24126.1728  13.1%  39.3 1082s
H577298 432757                    27733.000000 24126.2234  13.0%  39.4 1086s
 577343 432914 24246.0116   56  611 27733.0000 24126.2234  13.0%  39.4 1090s
H577368 432886                    27728.000000 24126.2234  13.0%  39.4 1090s
H577394 432715                    27699.999786 24126.2234  12.9%  39.4 1090s
H577446 432688                    27697.000000 24126.2234  12.9%  39.4 1090s
H577551 432803                    27686.999780 24126.2234  12.9%  39.4 1097s
H577576 432521                    27657.000000 24126.2234  12.8%  39.4 1097s
H577628 432499                    27651.000000 24126.2234  12.7%  39.4 1097s
H577629 432418                    27641.000000 24126.2234  12.7%  39.4 1097s
H577705 432389                    27638.000000 24126.2234  12.7%  39.4 1097s
 577757 432550 26543.0000  106  430 27638.0000 24126.2234  12.7%  39.4 1103s
H577782 432550                    27637.999830 24126.2234  12.7%  39.4 1103s
H577808 432550                    27637.999824 24126.2234  12.7%  39.4 1103s
H577887 432391                    27617.999975 24126.2234  12.6%  39.4 1103s
H577915 432378                    27615.000000 24126.2234  12.6%  39.4 1104s
 577966 432515 26841.5900  132  373 27615.0000 24126.2234  12.6%  39.4 1109s
H578017 432504                    27611.999785 24126.2234  12.6%  39.4 1109s
H578072 430786                    27369.000000 24126.2234  11.8%  39.4 1109s
 578167 430918 26841.5900  158  348 27369.0000 24126.2234  11.8%  39.4 1115s
H578170 430884                    27367.000000 24126.2234  11.8%  39.4 1115s
H578244 427513                    27102.000000 24126.2234  11.0%  39.4 1115s
 578375 427688     cutoff  176      27102.0000 24126.3450  11.0%  39.4 1122s
H578380 427216                    27075.999780 24126.3450  10.9%  39.4 1122s
H578457 427114                    27068.000000 24126.3450  10.9%  39.4 1122s
 578583 427270 24489.9824   67  546 27068.0000 24126.3450  10.9%  39.4 1127s
H578588 426365                    27014.000000 24126.3450  10.7%  39.4 1127s
 578791 426540 25418.0517   82  495 27014.0000 24126.3450  10.7%  39.4 1132s
H578816 426520                    27012.000000 24126.3450  10.7%  39.4 1132s
H578998 426350                    27002.000000 24126.3450  10.6%  39.4 1132s
 578999 426525 26731.0000  108  324 27002.0000 24126.4576  10.6%  39.4 1138s
H579024 426525                    27001.999785 24126.4576  10.6%  39.4 1138s
H579096 426487                    27000.000000 24126.4576  10.6%  39.4 1138s
 579228 426653 24714.8138   59  601 27000.0000 24126.4576  10.6%  39.4 1145s
H579236 426624                    26999.000000 24126.4576  10.6%  39.4 1145s
H579314 426571                    26997.000000 24126.4576  10.6%  39.4 1145s
H579409 426487                    26991.000000 24126.4576  10.6%  39.4 1145s
 579436 426678 25749.0000   75  474 26991.0000 24126.4576  10.6%  39.4 1150s
H579445 426585                    26985.000000 24126.4576  10.6%  39.4 1150s
 579645 426774 26917.7439   85  397 26985.0000 24126.4721  10.6%  39.4 1155s
H579670 426596                    26975.000000 24126.4721  10.6%  39.4 1155s
H579783 426595                    26974.000000 24126.4721  10.6%  39.4 1155s
H579910 426963                    26972.000000 24126.5493  10.5%  39.5 1159s
H580362 426913                    26969.000000 24126.8555  10.5%  39.5 1159s
H580411 427354                    26966.000000 24126.8555  10.5%  39.5 1163s
H580690 422339                    26708.000000 24126.8948  9.66%  39.5 1163s
 581103 422791 25266.0500  115  452 26708.0000 24126.9430  9.66%  39.5 1167s
H581479 422791                    26707.999780 24126.9570  9.66%  39.5 1167s
 581733 423206 24267.0000   60  517 26707.9998 24126.9570  9.66%  39.5 1171s
 582237 423580 26634.0000   87  392 26707.9998 24127.0505  9.66%  39.6 1176s
 582763 423914 24979.0000   58  543 26707.9998 24127.1074  9.66%  39.6 1181s
H582854 423845                    26705.000000 24127.1074  9.65%  39.6 1181s
 583275 425242 24391.6500   53  606 26705.0000 24127.1074  9.65%  39.6 1185s
H585174 425235                    26704.999780 24127.3714  9.65%  39.7 1192s
H585180 425203                    26704.000000 24127.3714  9.65%  39.7 1192s
 585197 431274 24309.5899   58  533 26704.0000 24127.4440  9.65%  39.7 1238s
 593205 432427 25458.6990   84  515 26704.0000 24128.9998  9.64%  40.1 1246s
H594081 432427                    26703.999780 24129.0000  9.64%  40.2 1246s
 594808 433629 26638.1748  219  139 26703.9998 24129.1541  9.64%  40.2 1252s
 596458 434872 24164.4770   44  719 26703.9998 24129.6337  9.64%  40.2 1258s
 598126 436004 infeasible  109      26703.9998 24129.7688  9.64%  40.3 1265s
H599962 436270                    26703.000000 24129.9998  9.64%  40.4 1267s
 600067 437321 25442.7290   71  633 26703.0000 24129.9998  9.64%  40.4 1273s
H600278 437297                    26702.000000 24130.0767  9.63%  40.4 1273s
 601457 438206 infeasible   90      26702.0000 24130.0767  9.63%  40.4 1277s
H601970 438206                    26701.999780 24130.0767  9.63%  40.5 1277s
 602726 439098 25088.0525   82  575 26701.9998 24130.1683  9.63%  40.5 1281s
 603925 440091 25063.8095  100  472 26701.9998 24130.3220  9.63%  40.5 1286s
 605455 440134 24636.7495   99  396 26701.9998 24130.5769  9.63%  40.5 1291s
 605506 441278 24636.7495  100  368 26701.9998 24130.5807  9.63%  40.6 1295s
 607342 442428 26649.0000  101  419 26701.9998 24131.0000  9.63%  40.6 1302s
 608595 442867 24236.8148   48  666 26701.9998 24131.0909  9.63%  40.7 1306s
 609111 443439 26387.4256  116  371 26701.9998 24131.1942  9.63%  40.7 1310s
 610414 444772 24359.7752   52  586 26701.9998 24131.4997  9.63%  40.8 1318s
 611734 445023 infeasible   83      26701.9998 24131.8270  9.63%  40.8 1323s
 612126 445389 25034.0000   65  549 26701.9998 24132.0291  9.62%  40.9 1327s
 612601 446263 24455.4783   53  707 26701.9998 24132.0468  9.62%  40.9 1332s
 613742 446637 24709.9725   62  549 26701.9998 24132.0843  9.62%  41.0 1337s
 614438 448620 25227.0000   88  486 26701.9998 24132.1397  9.62%  41.0 1347s
 616862 448656 24271.3492   66  525 26701.9998 24132.5193  9.62%  41.2 1353s
 616904 448702 25663.9776   74  487 26701.9998 24132.5193  9.62%  41.2 1359s
 616954 449239 26331.8600   80  435 26701.9998 24132.5493  9.62%  41.2 1363s
 617615 449782 25360.5035   80  471 26701.9998 24132.7158  9.62%  41.2 1369s
 618359 450433 26370.4419   83  446 26701.9998 24132.9808  9.62%  41.3 1374s
 619231 451766 24233.1981   45  684 26701.9998 24133.0032  9.62%  41.3 1380s
 621607 452960 24656.9393   58  601 26701.9998 24133.6356  9.62%  41.4 1389s
 622679 453411 24433.6154   55  573 26701.9998 24134.0053  9.62%  41.4 1394s
 623307 454670 24265.4142   48  671 26701.9998 24134.1653  9.62%  41.5 1399s
 624982 455174 24729.0273   60  489 26701.9998 24134.4626  9.62%  41.6 1404s
 625663 456548 24336.1557   61  573 26701.9998 24135.0000  9.61%  41.6 1409s
 627679 457024 24355.8095   61  540 26701.9998 24135.0374  9.61%  41.7 1412s
 628273 457905 25028.0053   78  412 26701.9998 24135.5670  9.61%  41.7 1418s
 629454 458072 24265.0000   49  574 26701.9998 24135.6425  9.61%  41.8 1420s
H629589 458021                    26700.000000 24135.6425  9.60%  41.8 1420s
 629661 459359 25550.0000   84  370 26700.0000 24135.7822  9.60%  41.8 1430s
H629929 459359                    26699.999780 24135.7822  9.60%  41.8 1430s
 631406 460786 25674.5000  141  332 26699.9998 24136.0000  9.60%  41.9 1437s
 633578 461282 25442.0227   89  609 26699.9998 24136.4160  9.60%  42.0 1442s
 634310 461680 25425.1030   82  620 26699.9998 24136.5306  9.60%  42.1 1447s
 634977 462654 26392.4672  105  520 26699.9998 24136.5306  9.60%  42.1 1452s
 636378 463091 24311.0140   58  630 26699.9998 24136.6337  9.60%  42.2 1457s
 636923 464101 25008.0000   73  593 26699.9998 24136.6337  9.60%  42.2 1462s
 638225 464498     cutoff  105      26699.9998 24136.7054  9.60%  42.3 1467s
 638870 465579 24451.2156   68  443 26699.9998 24136.8947  9.60%  42.3 1472s
 640334 465660 24486.8095   85  425 26699.9998 24137.0000  9.60%  42.4 1479s
H640451 465267                    26685.999784 24137.0000  9.55%  42.4 1479s
 640460 465854 infeasible  106      26685.9998 24137.0000  9.55%  42.4 1485s
H640872 465689                    26679.000000 24137.0000  9.53%  42.4 1485s
 641222 466225 26026.8095  140  197 26679.0000 24137.0000  9.53%  42.5 1490s
H641667 466225                    26678.999780 24137.0000  9.53%  42.5 1490s
 641868 467452 26446.0000  202  122 26678.9998 24137.1723  9.53%  42.5 1496s
H643049 467388                    26678.000000 24137.1723  9.52%  42.5 1496s
H643522 467838                    26677.999780 24137.1928  9.52%  42.5 1502s
H644134 467900                    26673.999780 24137.1928  9.51%  42.6 1504s
 644342 468884 infeasible  125      26673.9998 24137.5947  9.51%  42.6 1514s
 645866 469889 24741.5344   79  620 26673.9998 24138.4738  9.51%  42.8 1522s
 647179 470716 25925.0000  119  296 26673.9998 24138.6512  9.50%  42.8 1530s
 648193 472106 25520.0000   90  428 26673.9998 24138.9998  9.50%  42.9 1537s
 650340 472426 24226.5921   47  643 26673.9998 24139.1127  9.50%  43.0 1543s
H650625 472025                    26663.000000 24139.1127  9.47%  43.1 1543s
 650783 472527 26452.3440   90  368 26663.0000 24139.1127  9.47%  43.1 1549s
 651565 474095 25791.2010   92  610 26663.0000 24139.3515  9.46%  43.1 1555s
 653646 474431 26542.7840  127  450 26663.0000 24139.9938  9.46%  43.2 1561s
H653718 474431                    26662.999780 24139.9938  9.46%  43.2 1561s
 654116 474812 26406.2892  105  384 26662.9998 24140.0144  9.46%  43.3 1567s
 654659 475362 25350.2696   68  449 26662.9998 24140.0703  9.46%  43.3 1574s
 655404 476768 24270.8095   54  463 26662.9998 24140.2211  9.46%  43.4 1580s
 657183 477203 infeasible  113      26662.9998 24140.5733  9.46%  43.5 1587s
 657824 477843 24306.3140   49  636 26662.9998 24140.6715  9.46%  43.5 1593s
 658635 477949 26113.9000   99  410 26662.9998 24140.9998  9.46%  43.6 1597s
 658804 481135 26131.0000  100  388 26662.9998 24140.9998  9.46%  43.6 1616s
 663257 481498 24262.4689   59  576 26662.9998 24141.2751  9.46%  43.8 1623s
 663782 482056 26524.0000  140  314 26662.9998 24141.8188  9.46%  43.9 1628s
 664541 482702 24258.5008   52  599 26662.9998 24141.9913  9.46%  44.0 1635s
 665475 483088 25830.0000  128  279 26662.9998 24142.0000  9.46%  44.0 1642s
H665592 482957                    26659.000000 24142.0000  9.44%  44.0 1642s
H666233 483486                    26658.999780 24142.0767  9.44%  44.1 1649s
H666996 484939                    26657.000000 24142.1200  9.43%  44.2 1656s
H669033 485193                    26656.999780 24142.6696  9.43%  44.3 1665s
 669424 485847 24482.1925   61  820 26656.9998 24142.8331  9.43%  44.3 1672s
 670288 486619 24680.5054   66  592 26656.9998 24142.8780  9.43%  44.4 1680s
 671288 488007 24431.3311   63  653 26656.9998 24143.2031  9.43%  44.5 1688s
 671761 488007 25199.8148   82  470 26656.9998 24143.2031  9.43%  44.5 1690s
 673519 489638 24227.2261   53  677 26656.9998 24143.2253  9.43%  44.6 1710s
 675660 491312 24298.7795   63  784 26656.9998 24143.2734  9.43%  44.8 1720s
 677872 492067 24278.8303   57  666 26656.9998 24143.7244  9.43%  44.9 1728s
 678869 493450 25089.8147   72  512 26656.9998 24143.7838  9.43%  44.9 1736s
 680796 494074 26437.0000  122  413 26656.9998 24144.0232  9.43%  45.0 1743s
 681569 494622 25584.8432   70  439 26656.9998 24144.0232  9.43%  45.1 1752s
H681752 494029                    26642.000000 24144.0232  9.38%  45.1 1752s
 682283 494965 24289.0140   50  644 26642.0000 24144.0232  9.38%  45.2 1760s
 683628 495561 24261.5475   53  656 26642.0000 24144.3492  9.37%  45.3 1772s
H684015 495561                    26641.999786 24144.3492  9.37%  45.3 1773s
H684016 495561                    26641.999780 24144.3492  9.37%  45.3 1773s
 684402 496367 24704.0289   58  584 26641.9998 24144.3492  9.37%  45.3 1782s
 685508 498004 26316.1108   95  427 26641.9998 24144.5842  9.37%  45.4 1791s
 687780 498087 24229.4175   52  572 26641.9998 24144.8577  9.37%  45.5 1795s
H687839 497072                    26616.000000 24144.8577  9.28%  45.5 1795s
 687893 499983 24472.5958   70  494 26616.0000 24144.8626  9.28%  45.5 1826s
H690785 499983                    26615.999780 24144.9828  9.28%  45.8 1826s
 691824 501469 25405.8481   76  498 26615.9998 24145.2719  9.28%  45.9 1837s
H692466 501329                    26613.000000 24145.3076  9.27%  45.9 1837s
 692830 501329 25046.0337  102  364 26613.0000 24145.3170  9.27%  45.9 1841s
H693998 502707                    26611.000000 24145.3739  9.27%  45.9 1850s
H694694 502675                    26610.000000 24145.4753  9.26%  46.0 1850s
 696028 502977 infeasible   99      26610.0000 24145.5569  9.26%  46.0 1861s
H696096 502977                    26609.999780 24145.7318  9.26%  46.1 1861s
 696444 503699 24311.9062   54  729 26609.9998 24145.8006  9.26%  46.1 1870s
 697445 504600 24342.2059   67  490 26609.9998 24145.8151  9.26%  46.2 1881s
H698195 504524                    26608.000000 24145.8346  9.25%  46.2 1881s
 698641 506469 24551.8527   53  698 26608.0000 24145.9260  9.25%  46.3 1889s
H699297 506469                    26607.999780 24145.9624  9.25%  46.3 1889s
 701096 507447 24225.8522   49  715 26607.9998 24145.9926  9.25%  46.3 1899s
H701544 507408                    26607.000000 24146.0076  9.25%  46.3 1899s
H702355 507929                    26606.999780 24146.0077  9.25%  46.4 1903s
 703064 508561 24334.3927   57  814 26606.9998 24146.0636  9.25%  46.4 1909s
 703865 509700 25546.0177   76  469 26606.9998 24146.0769  9.25%  46.4 1916s
 705459 510217 infeasible   73      26606.9998 24146.1074  9.25%  46.5 1924s
 706167 510761 infeasible   55      26606.9998 24146.2778  9.25%  46.6 1933s
 706884 512090 24787.7315   76  488 26606.9998 24146.2789  9.25%  46.6 1940s
 708809 512646 24289.0801   49  753 26606.9998 24146.4213  9.25%  46.7 1947s
 709569 513530 24335.0140   50  590 26606.9998 24146.4264  9.25%  46.8 1956s
 710795 514101 24289.0140   50  755 26606.9998 24146.4264  9.25%  46.9 1964s
 711653 514926 25477.0035   89  515 26606.9998 24146.4510  9.25%  47.0 1973s
 712734 516071 25485.7717   71  510 26606.9998 24146.6272  9.25%  47.0 1980s
 714422 516526 24289.0140   51  775 26606.9998 24146.6429  9.25%  47.1 1989s
 715014 517250 24947.9945   61  645 26606.9998 24146.6429  9.25%  47.2 1998s
 716104 517304 25207.0923   68  584 26606.9998 24146.6725  9.25%  47.3 2009s
 716183 518046 25891.3759   77  430 26606.9998 24146.6725  9.25%  47.3 2018s
 717324 518216 24994.0053   54  637 26606.9998 24146.7426  9.25%  47.4 2022s
 717539 520048 26296.6656   78  499 26606.9998 24146.7764  9.25%  47.5 2040s
 720124 521860 24603.0000   76  437 26606.9998 24147.0000  9.25%  47.6 2052s
 722566 523227 24393.4588   56  675 26606.9998 24147.0000  9.25%  47.7 2059s
 724348 523695 25342.0000   61  613 26606.9998 24147.0000  9.25%  47.7 2066s
 725070 524333 25616.0000  129  385 26606.9998 24147.1239  9.25%  47.8 2072s
 725873 525492 25955.0273  128  345 26606.9998 24147.2155  9.24%  47.9 2079s
 727541 525969 25409.3243   88  500 26606.9998 24147.3451  9.24%  48.0 2087s
 728374 526445 24339.5775   50  616 26606.9998 24147.4185  9.24%  48.1 2094s
 729071 526752 24855.0000  131  286 26606.9998 24147.4268  9.24%  48.1 2102s
 729557 527515 infeasible   47      26606.9998 24147.4268  9.24%  48.2 2110s
 730566 528663 24365.2173   53  521 26606.9998 24147.4276  9.24%  48.3 2118s
 732143 528839 infeasible   61      26606.9998 24147.6245  9.24%  48.4 2121s
 732357 530484 infeasible   66      26606.9998 24147.6251  9.24%  48.4 2138s
 734570 531817 26050.0000  120  355 26606.9998 24147.7972  9.24%  48.6 2149s
 736467 532524 24293.2172   50  700 26606.9998 24148.0486  9.24%  48.7 2159s
 737442 533841 24460.9123   53  711 26606.9998 24148.0811  9.24%  48.8 2168s
 739301 534660 24600.5897   53  709 26606.9998 24148.2560  9.24%  48.9 2177s
 740317 535261 26397.3729  102  366 26606.9998 24148.3076  9.24%  49.0 2187s
 741105 536275 25601.7356  102  451 26606.9998 24148.4060  9.24%  49.0 2196s
 742448 537735 24323.5018   58  538 26606.9998 24148.4575  9.24%  49.1 2205s
 744535 538354 24343.6719   56  650 26606.9998 24148.6160  9.24%  49.2 2213s
 745335 539343 25278.0932   78  503 26606.9998 24148.6672  9.24%  49.3 2223s
 746594 540072 24342.8417   48  681 26606.9998 24148.7033  9.24%  49.4 2225s
 747550 540772 25025.8030   91  476 26606.9998 24148.8495  9.24%  49.4 2230s
 748542 541243 infeasible  130      26606.9998 24149.0000  9.24%  49.5 2235s
 749200 542046 24996.1251  115  384 26606.9998 24149.0000  9.24%  49.5 2242s
 750384 542669 24532.8385   48  727 26606.9998 24149.2063  9.24%  49.6 2249s
 751164 543798 24616.8089   67  707 26606.9998 24149.2553  9.24%  49.6 2256s
 752800 544228 24316.5652   50  693 26606.9998 24149.3463  9.24%  49.7 2262s
 753412 544845 24347.0000   60  504 26606.9998 24149.4384  9.24%  49.8 2269s
 753597 544845 infeasible   51      26606.9998 24149.4384  9.24%  49.8 2276s
 754214 546275 25022.1783   54  764 26606.9998 24149.4384  9.24%  49.8 2283s
 756114 546568 infeasible  146      26606.9998 24149.7432  9.24%  49.9 2291s
 756549 547150 24346.0053   54  583 26606.9998 24150.0053  9.23%  49.9 2298s
 757406 547712 24293.0452   48  745 26606.9998 24150.1089  9.23%  50.0 2306s
 758210 548759 24557.2579   54  629 26606.9998 24150.3438  9.23%  50.1 2313s
 759640 549371 25985.1186  102  484 26606.9998 24150.6630  9.23%  50.2 2321s
 760454 549876 infeasible   96      26606.9998 24150.7082  9.23%  50.2 2329s
 761200 550474 24396.5462   52  708 26606.9998 24150.7363  9.23%  50.3 2332s
 762015 550856 24631.5385   57  597 26606.9998 24150.8543  9.23%  50.3 2339s
 762515 551434 infeasible   84      26606.9998 24150.9782  9.23%  50.4 2349s
 763379 552485 24605.0000   72  448 26606.9998 24151.1313  9.23%  50.5 2358s
 764845 553360 24293.2261   51  588 26606.9998 24151.4355  9.23%  50.6 2370s
 766077 554620 24481.3807   69  530 26606.9998 24151.6636  9.23%  50.7 2380s
 767917 555409 25301.4286   95  524 26606.9998 24151.9492  9.23%  50.8 2391s
 768966 556660 infeasible   79      26606.9998 24151.9624  9.23%  50.9 2400s
 770548 558057 24474.4642   68  613 26606.9998 24152.0000  9.23%  50.9 2410s
 772416 558536 infeasible  139      26606.9998 24152.0452  9.23%  51.0 2419s
 773110 559406 26455.8100   91  320 26606.9998 24152.0676  9.23%  51.1 2429s
 774255 560316 24512.6250   66  586 26606.9998 24152.1771  9.23%  51.2 2439s
 775534 561072 25933.2400  120  409 26606.9998 24152.4510  9.23%  51.3 2448s
 776593 561312 24553.0000   61  632 26606.9998 24152.4810  9.23%  51.4 2453s
 776919 563357 24240.4429   46  766 26606.9998 24152.4898  9.23%  51.4 2466s
 779709 563938 24795.4452   59  610 26606.9998 24152.7624  9.22%  51.5 2474s
 780498 564493 infeasible  121      26606.9998 24152.9237  9.22%  51.6 2483s
 781421 565163 24285.6706   60  569 26606.9998 24152.9583  9.22%  51.6 2491s
 782402 566059 24332.3606   52  668 26606.9998 24153.0644  9.22%  51.7 2500s

Cutting planes:
  Learned: 327
  Gomory: 335
  Cover: 2232
  Implied bound: 383
  Projected implied bound: 7
  Clique: 271
  MIR: 1097
  StrongCG: 161
  Flow cover: 4952
  GUB cover: 4
  Inf proof: 29
  Zero half: 124
  Network: 33
  RLT: 170
  Relax-and-lift: 165

Explored 783635 nodes (40675502 simplex iterations) in 2500.67 seconds (1688.63 work units)
Thread count was 8 (of 8 available processors)

Solution count 10: 26607 26607 26607 ... 26616

Solve interrupted
Best objective 2.660699964170e+04, best bound 2.415333227958e+04, gap 9.2219%

User-callback calls 1978194, time in user-callback 8.97 sec

Statistics for modelBGB_BWES:
  Linear constraint matrix    : 23829 Constrs, 9987 Vars, 88024 NZs
  Variable types              : 3270 Continuous,
6717 Integer (1378 Binary)
  Matrix coefficient range    : [ 1, 200 ]
  Objective coefficient range : [ 1, 386 ]
  Variable bound range        : [ 1, 199 ]
  RHS coefficient range       : [ 1, 549 ]
