
Gurobi 10.0.1 (mac64[arm]) logging started Thu Apr  4 16:08:34 2024

Set parameter LogFile to value "/Users/deniserings/Documents/zib/s-bahn-data/scripts/DeniseMA/processed/BGB_BWES/RENS/BGB_BWES_subMBP_random3_0.9_202404041301.log"
Gurobi Optimizer version 10.0.1 build v10.0.1rc0 (mac64[arm])

CPU model: Apple M2
Thread count: 8 physical cores, 8 logical processors, using up to 8 threads

Optimize a model with 23919 rows, 9987 columns and 88114 nonzeros
Model fingerprint: 0x821a66dc
Variable types: 3270 continuous, 6717 integer (1378 binary)
Coefficient statistics:
  Matrix range     [1e+00, 2e+02]
  Objective range  [1e+00, 4e+02]
  Bounds range     [1e+00, 2e+02]
  RHS range        [1e+00, 5e+02]
Presolve removed 10896 rows and 2986 columns
Presolve time: 0.14s
Presolved: 13023 rows, 7001 columns, 50851 nonzeros
Variable types: 1832 continuous, 5169 integer (5169 binary)

Root relaxation: objective 2.329800e+04, 4253 iterations, 0.04 seconds (0.04 work units)

    Nodes    |    Current Node    |     Objective Bounds      |     Work
 Expl Unexpl |  Obj  Depth IntInf | Incumbent    BestBd   Gap | It/Node Time

     0     0 23298.0000    0  418          - 23298.0000      -     -    0s
     0     0 23484.0939    0 1084          - 23484.0939      -     -    0s
     0     0 23484.0997    0 1022          - 23484.0997      -     -    0s
     0     0 23504.2234    0 1150          - 23504.2234      -     -    0s
     0     0 23508.0000    0  980          - 23508.0000      -     -    0s
     0     0 23508.0000    0  914          - 23508.0000      -     -    0s
     0     0 23514.7973    0 1085          - 23514.7973      -     -    1s
     0     0 23514.7973    0 1029          - 23514.7973      -     -    1s
     0     0 23521.9429    0 1069          - 23521.9429      -     -    1s
     0     0 23521.9429    0 1068          - 23521.9429      -     -    1s
     0     0 23521.9429    0 1118          - 23521.9429      -     -    1s
     0     0 23524.0000    0 1083          - 23524.0000      -     -    1s
     0     0 23524.0000    0  941          - 23524.0000      -     -    1s
     0     0 23524.0000    0  437          - 23524.0000      -     -    1s
     0     0 23524.0000    0  595          - 23524.0000      -     -    1s
     0     0 23524.0000    0  744          - 23524.0000      -     -    1s
     0     0 23524.0000    0  768          - 23524.0000      -     -    1s
     0     0 23524.0000    0  390          - 23524.0000      -     -    2s
     0     0 23524.0000    0  718          - 23524.0000      -     -    2s
     0     0 23524.0000    0  384          - 23524.0000      -     -    2s
     0     0 23524.0000    0  343          - 23524.0000      -     -    2s
     0     0 23524.0000    0  415          - 23524.0000      -     -    3s
     0     0 23524.0000    0  708          - 23524.0000      -     -    3s
     0     0 23524.0000    0  688          - 23524.0000      -     -    3s
     0     0 23524.0000    0  695          - 23524.0000      -     -    3s
     0     0 23524.0000    0  719          - 23524.0000      -     -    3s
     0     0 23524.9350    0  783          - 23524.9350      -     -    3s
     0     0 23524.9629    0  716          - 23524.9629      -     -    3s
     0     0 23533.8898    0  695          - 23533.8898      -     -    3s
     0     0 23533.8898    0  684          - 23533.8898      -     -    3s
     0     0 23535.2500    0  744          - 23535.2500      -     -    4s
     0     0 23535.2500    0  728          - 23535.2500      -     -    4s
     0     0 23535.2500    0  748          - 23535.2500      -     -    4s
     0     0 23535.2500    0  684          - 23535.2500      -     -    4s
     0     0 23535.2500    0  321          - 23535.2500      -     -    4s
     0     0 23535.2500    0  412          - 23535.2500      -     -    4s
     0     0 23535.3333    0  304          - 23535.3333      -     -    4s
     0     0 23535.3333    0  430          - 23535.3333      -     -    4s
     0     0 23535.3333    0  477          - 23535.3333      -     -    4s
     0     0 23535.3333    0  394          - 23535.3333      -     -    4s
     0     2 23551.7500    0  325          - 23551.7500      -     -    5s
  2925  2560 24316.0000   85  778          - 23740.3333      -  22.8   10s
  3109  2695 24535.0000   27  254          - 24142.5011      -  46.3   15s
  6999  4649 24502.5259   21  392          - 24194.8063      -  41.3   20s
 14060  8782 24810.0000   41  486          - 24312.4049      -  38.7   25s
 19053 13423 24665.0000   38  472          - 24375.9041      -  40.1   30s
 26959 18770 24491.2495   22  601          - 24471.0351      -  39.0   35s
 29964 20370 25392.3898   40  510          - 24499.1739      -  39.5   43s
 30103 26379 25334.3271   39  566          - 24501.2495      -  39.6   47s
 38576 26849 25786.1600  100  242          - 24538.9061      -  39.6   50s
 45076 37437 25338.0000  108  286          - 24551.0000      -  39.8   58s
 53151 37644 24629.0000   30  479          - 24551.0000      -  39.8   60s
 58561 42653 24673.9392   41  521          - 24551.0000      -  39.9   65s
 65909 48537 25560.1364   82  340          - 24551.0000      -  39.8   70s
 73172 54196 24811.0000  105  379          - 24551.0000      -  39.6   75s
 83200 60196 24672.0000   34  499          - 24551.0000      -  39.1   82s
 85379 61964 24616.3142   35  425          - 24551.0000      -  39.2   85s
 92647 68251 24722.0000   47  524          - 24551.0000      -  39.2   90s
 100581 73221 24840.0000   59  465          - 24551.0000      -  39.3   95s
 107469 79650 25054.0000   54  375          - 24551.0000      -  39.2  100s
 116505 85757 24770.2727   62  515          - 24551.0750      -  38.9  105s
 121674 94128 24855.1071   51  464          - 24551.0750      -  38.7  111s
 129888 95636 24840.0000   55  394          - 24551.1036      -  38.3  115s
 138819 101070 24734.1580   45  441          - 24551.3846      -  37.9  120s
 146699 108008 25151.3045   62  461          - 24551.5128      -  38.0  125s
 151924 114088 infeasible   90               - 24551.5128      -  38.0  130s
 163862 120052 24614.6452   38  577          - 24551.5128      -  37.8  135s
 167155 128187 24738.1263   43  482          - 24551.5128      -  37.9  141s
 178222 131027 infeasible  133               - 24551.5128      -  37.8  145s
 181904 136281 24916.0000   44  470          - 24551.5128      -  38.0  152s
 186067 138978 24896.0000   66  353          - 24551.5128      -  38.0  155s
 193857 142736 infeasible   65               - 24551.5128      -  38.0  160s
 198113 151806 25582.0000   78  392          - 24551.5217      -  38.0  168s
 206449 153326 25223.5900   72  400          - 24551.5266      -  37.8  170s
 212505 156882 infeasible   75               - 24551.5806      -  37.6  176s
 212788 162879 24787.0000   42  465          - 24551.6192      -  37.7  181s
 222578 164646 24659.4839   37  527          - 24551.6452      -  37.5  185s
 227826 168985 25013.0000   54  451          - 24551.6452      -  37.4  191s
 229460 172130 24601.2968   44  624          - 24551.6452      -  37.6  196s
 235091 175147 infeasible  106               - 24551.6990      -  37.6  201s
 237202 175600 24676.0000   61  333          - 24551.6990      -  37.6  206s
 240192 177727 infeasible   49               - 24551.6990      -  37.5  210s
 244530 181674 24609.2496   46  489          - 24552.1118      -  37.6  215s
 248210 183430 24563.9106   31  564          - 24552.8232      -  37.7  220s
 251432 186557 24855.0000   45  442          - 24553.0000      -  38.0  226s
 254266 188563 24745.8181   35  533          - 24553.0000      -  38.2  230s
 257458 190980 25009.0000   82  465          - 24553.0000      -  38.4  235s
 261074 194063 24682.0000   46  541          - 24553.0000      -  38.5  240s
 264923 196660 24738.1263   41  477          - 24553.0000      -  38.7  245s
 268487 199324 24765.1364   53  520          - 24553.0000      -  38.9  251s
 271886 201731 24780.0000   54  406          - 24553.0000      -  39.1  255s
 277711 204957 infeasible   37               - 24553.0000      -  39.2  260s
 280820 208137 25103.5682   51  486          - 24553.0000      -  39.3  265s
 284297 210841 24772.0000   76  475          - 24553.0000      -  39.5  270s
 286323 212115 24740.5875   47  470          - 24553.0000      -  39.5  275s
 290249 214971 24738.0020   60  449          - 24553.0000      -  39.7  281s
 293450 217643 24755.0020   53  569          - 24553.0000      -  39.8  285s
 299817 220812 24616.0000   30  699          - 24553.0000      -  39.9  290s
 303587 224790 25330.0000   40  441          - 24553.0000      -  40.0  295s
 307906 227541 24741.6913   71  443          - 24553.0000      -  40.1  300s
 312912 230303 infeasible   77               - 24553.0000      -  40.3  305s
 315358 231894 infeasible   64               - 24553.0000      -  40.4  313s
 315429 232165 24616.3921   36  484          - 24553.0000      -  40.4  315s
 318230 235004 24956.0000   44  419          - 24553.0000      -  40.5  320s
 322383 238031 24749.0000   51  515          - 24553.0000      -  40.6  326s
 325857 240008 infeasible   53               - 24553.0000      -  40.7  330s
 328211 242453 24682.0000   44  409          - 24553.0082      -  40.8  336s
 331614 244018 24619.0149   28  629          - 24553.0149      -  40.8  340s
 331908 248927 24794.0000   67  480          - 24553.0159      -  40.8  348s
 338674 249129 24616.1396   31  494          - 24553.0346      -  40.8  350s
 342239 251641 infeasible   88               - 24553.0626      -  40.9  356s
 345154 253786 infeasible   73               - 24553.1094      -  40.9  360s
 348258 256219 25442.0000   36  479          - 24553.1354      -  41.0  365s
 352324 259118 infeasible   99               - 24553.1439      -  41.0  370s
 355813 261599 infeasible   65               - 24553.2084      -  41.1  375s
 358467 264552 24836.0000   57  452          - 24553.2607      -  41.2  380s
 361990 270570 25147.4342   54  456          - 24553.4545      -  41.3  390s
 370154 271809 24680.6639   29  577          - 24553.6111      -  41.5  395s
 372199 273032 24708.1432   33  545          - 24553.6302      -  41.5  401s
 372807 274767 25464.2171   73  392          - 24553.6362      -  41.6  405s
 376437 280672 24752.3638   45  517          - 24553.9600      -  41.7  414s
 382796 280826 infeasible  182               - 24554.0516      -  41.6  416s
 384728 282279 infeasible   39               - 24554.2719      -  41.7  420s
 388579 286037 24927.8730   52  538          - 24554.4012      -  41.8  426s
 392824 288221 infeasible   54               - 24554.7017      -  41.8  430s
 395264 290927 24994.2966   77  428          - 24554.8511      -  41.9  435s
 399438 293003 24817.0000   85  457          - 24555.1354      -  42.0  441s
 401627 294620 24798.0000   46  477          - 24555.1354      -  42.1  445s
 405042 296856 25002.6550   43  590          - 24555.2343      -  42.2  450s
 406998 302399 25321.2958   60  529          - 24555.2949      -  42.3  462s
 413883 302888 25590.7288   61  367          - 24555.3801      -  42.4  466s
 416782 305717 24824.0000   46  466          - 24556.0155      -  42.5  471s
 420630 307652 25092.1451   43  619          - 24556.3024      -  42.5  475s
 422262 312474 25719.1200   55  488          - 24556.5951      -  42.6  483s
 427699 312468 24825.0000   37  547          - 24557.0920      -  42.6  489s
 427731 312649 24875.0000   38  544          - 24557.0920      -  42.6  490s
 428817 313566 25332.0000   54  512          - 24557.2341      -  42.7  495s
 432499 317075 25003.0000   44  483          - 24557.9333      -  42.8  501s
 435663 319032 24560.6136   30  678          - 24558.7930      -  42.8  505s
 437124 324010 25577.0000   56  482          - 24559.0355      -  42.9  513s
 444078 324366 24833.0000   62  490          - 24559.9316      -  43.1  516s
 446156 325596 25189.7300   52  542          - 24560.1200      -  43.2  521s
 448077 327033 24716.0000   35  589          - 24560.1200      -  43.4  525s
 451596 329633 infeasible   61               - 24560.4883      -  43.5  530s
 451851 334352 25221.6990   36  474          - 24560.4883      -  43.6  537s
 458607 334841 25538.0000   62  452          - 24560.6620      -  43.7  541s
 460732 336986 24841.8181   60  459          - 24561.0000      -  43.7  546s
 463622 338475 25751.6312   67  507          - 24561.0000      -  43.9  550s
 466838 340815 24635.3447   31  676          - 24561.0000      -  44.0  556s
 467102 344778 24770.0000   50  487          - 24561.0000      -  44.0  562s
 472984 345236 25414.1579   45  506          - 24561.0000      -  44.3  566s
 475218 347683 24848.3842   67  516          - 24561.0000      -  44.4  571s
 478679 350094 24903.0000   67  515          - 24561.0000      -  44.5  576s
 481992 352318 24576.0944   45  666          - 24561.0000      -  44.6  581s
 483475 354014 25042.0000   53  512          - 24561.0000      -  44.6  585s
 487041 355489 25492.0000   63  483          - 24561.0000      -  44.8  593s
H487214 355489                    32910.000000 24561.0000  25.4%  44.8  593s
 487523 355728 infeasible   56      32910.0000 24561.0000  25.4%  44.8  595s
H487527 355728                    29677.000000 24561.0000  17.2%  44.8  595s
H487527 355728                    29644.000000 24561.0000  17.1%  44.8  595s
H487574 355728                    29588.000000 24561.0000  17.0%  44.8  595s
 489936 357592 infeasible   54      29588.0000 24561.0000  17.0%  44.9  602s
H489938 357592                    29585.000000 24561.0000  17.0%  44.9  602s
H490187 357592                    29573.000000 24561.0000  16.9%  44.9  602s
H490355 358658                    29570.000000 24561.0000  16.9%  44.9  604s
 491012 358658 25698.0000   82  429 29570.0000 24561.0000  16.9%  44.9  605s
H491139 358658                    29567.000000 24561.0000  16.9%  44.9  605s
H492963 359795                    29558.000000 24561.0000  16.9%  45.0  610s
H493207 359795                    29511.000000 24561.0000  16.8%  45.0  610s
H493572 360113                    29507.000000 24561.0000  16.8%  45.0  613s
 493689 361300 26669.7512   72  514 29507.0000 24561.0035  16.8%  45.1  616s
H494035 361300                    29505.000000 24561.0035  16.8%  45.1  616s
H495385 361342                    29502.000000 24561.0227  16.7%  45.1  619s
H495414 361342                    29500.000000 24561.0227  16.7%  45.1  619s
 495431 361783 24886.3860   41  524 29500.0000 24561.0227  16.7%  45.1  622s
H495448 361783                    29494.000000 24561.0227  16.7%  45.1  622s
H495966 361942                    29486.000000 24561.0227  16.7%  45.1  625s
H496155 361923                    29289.000000 24561.0424  16.1%  45.1  625s
H496210 362050                    29282.000000 24561.0424  16.1%  45.1  628s
H496214 362050                    29278.000000 24561.0424  16.1%  45.1  628s
H496365 362049                    29246.000000 24561.0424  16.0%  45.1  628s
 496408 362354 25502.0472   48  501 29246.0000 24561.0494  16.0%  45.1  631s
H496434 362351                    29238.000000 24561.0494  16.0%  45.2  631s
H496673 362351                    29187.000000 24561.0750  15.8%  45.2  631s
H496869 362885                    29181.000000 24561.0944  15.8%  45.2  633s
H497028 362885                    29179.000000 24561.0944  15.8%  45.2  633s
 497530 364002 24617.7561   30  724 29179.0000 24561.0944  15.8%  45.2  636s
 499207 364527 26219.0000   96  392 29179.0000 24561.0979  15.8%  45.3  643s
 499724 366301 24561.7294   34  721 29179.0000 24561.1263  15.8%  45.3  647s
H500334 366292                    29172.000000 24561.1263  15.8%  45.3  647s
 502117 366808 infeasible   37      29172.0000 24561.2735  15.8%  45.4  651s
H502278 366807                    29167.000000 24561.2735  15.8%  45.4  651s
 503035 368205 27125.0000  111  287 29167.0000 24561.2924  15.8%  45.5  655s
H504757 368464                    29122.000000 24561.3965  15.7%  45.5  658s
H504825 368461                    29121.000000 24561.3965  15.7%  45.5  658s
 505031 369763 24682.9000   48  573 29121.0000 24561.3965  15.7%  45.5  662s
H505684 369761                    29100.000000 24561.3965  15.6%  45.5  662s
 506892 370219 infeasible   73      29100.0000 24561.5128  15.6%  45.5  666s
 507442 371677 24617.7268   30  649 29100.0000 24561.5128  15.6%  45.6  670s
*508093 371677             233    29085.000000 24561.5128  15.6%  45.6  670s
H509740 371981                    29070.000000 24561.5128  15.5%  45.7  674s
 509931 373141 27630.4055   75  340 29070.0000 24561.5128  15.5%  45.7  677s
H510334 373141                    29061.000000 24561.5128  15.5%  45.7  677s
H511839 373292                    29058.000000 24561.5128  15.5%  45.8  679s
 511857 375022 27097.9891   80  395 29058.0000 24561.5128  15.5%  45.8  690s
 514160 377227 24629.5511   27  694 29058.0000 24561.5968  15.5%  46.0  696s
 517160 377952 24794.7645   27  561 29058.0000 24561.6228  15.5%  46.1  701s
 518052 379393 27637.2777  116  340 29058.0000 24561.6269  15.5%  46.1  706s
 520182 379987 25181.9915   63  546 29058.0000 24561.6452  15.5%  46.2  710s
 521036 381804 25806.7663   79  451 29058.0000 24561.6912  15.5%  46.3  715s
 524117 384173 25325.0827   50  586 29058.0000 24561.6990  15.5%  46.4  723s
 526746 384390 24584.5000   47  590 29058.0000 24561.7066  15.5%  46.4  725s
 527057 384501 26488.0000   93  330 29058.0000 24561.7066  15.5%  46.4  734s
H527067 384501                    29052.000000 24561.7066  15.5%  46.4  734s
H527126 384501                    29050.000000 24561.7066  15.5%  46.4  734s
H527182 385044                    28569.000000 24561.7066  14.0%  46.4  747s
 528635 390835 25401.9844   84  437 28569.0000 24561.7151  14.0%  46.5  759s
 536416 391148 24893.3968   78  473 28569.0000 24561.7151  14.0%  46.6  762s
H536727 391148                    28560.000000 24561.7151  14.0%  46.7  762s
 536802 391572 25519.4874   53  471 28560.0000 24561.7151  14.0%  46.7  766s
 537943 393295 24817.0000   67  334 28560.0000 24561.7290  14.0%  46.8  772s
H538190 393283                    28544.000000 24561.7290  14.0%  46.8  772s
 539969 394327 24684.4874   47  516 28544.0000 24561.7455  14.0%  46.8  776s
 541669 396730 25237.8993   61  550 28544.0000 24561.8204  14.0%  46.9  785s
 545351 397499 infeasible   36      28544.0000 24561.9054  14.0%  47.1  792s
H545920 399006                    28541.000000 24561.9358  13.9%  47.2  797s
 548190 399535 24790.5823   33  563 28541.0000 24562.0169  13.9%  47.3  801s
 548889 401246 25118.5315   48  486 28541.0000 24562.0493  13.9%  47.3  806s
 551184 401847 25921.9780   98  444 28541.0000 24562.1558  13.9%  47.4  810s
 552715 403927 27458.4430   71  356 28541.0000 24562.2171  13.9%  47.5  817s
 554988 405203 25672.9607   49  557 28541.0000 24562.4550  13.9%  47.6  821s
 556966 406701 24663.4656   38  556 28541.0000 24562.5000  13.9%  47.7  832s
 558782 408841 24649.4615   32  646 28541.0000 24562.7388  13.9%  47.9  839s
 561951 410366 24600.6535   24  695 28541.0000 24562.9000  13.9%  48.0  844s
 563909 410808 24724.8042   41  841 28541.0000 24562.9091  13.9%  48.1  848s
 564502 411454 24839.9157   46  630 28541.0000 24562.9928  13.9%  48.2  852s
 565378 412604 24619.3118   33  717 28541.0000 24563.0000  13.9%  48.3  857s
 566848 413192 24669.7897   38  616 28541.0000 24563.0000  13.9%  48.4  861s
 567662 414378 26623.6886   90  176 28541.0000 24563.0000  13.9%  48.5  866s
 569446 414988 24739.6444   29  538 28541.0000 24563.0000  13.9%  48.6  871s
 570256 416440 24731.2857   32  526 28541.0000 24563.0000  13.9%  48.7  876s
 572504 418244 25429.0000   38  592 28541.0000 24563.0000  13.9%  48.9  886s
 574830 418871 24910.5077   40  659 28541.0000 24563.0000  13.9%  49.1  892s
H574967 418870                    28539.000000 24563.0000  13.9%  49.1  892s
 575597 419900 26404.5172  107  319 28539.0000 24563.0000  13.9%  49.2  897s
 577047 420559 25921.4874   60  478 28539.0000 24563.0000  13.9%  49.4  903s
 578018 422340 25939.6281   76  403 28539.0000 24563.0000  13.9%  49.5  908s
 580520 422877 infeasible   58      28539.0000 24563.0000  13.9%  49.7  914s
 581247 424171 26104.6473   58  518 28539.0000 24563.0000  13.9%  49.8  919s
 583108 424725 25082.7012   47  554 28539.0000 24563.0000  13.9%  49.9  924s
 583902 426505 24645.1865   31  694 28539.0000 24563.0000  13.9%  50.1  929s
 586321 426821 infeasible   87      28539.0000 24563.0000  13.9%  50.2  934s
 586887 426971 infeasible   67      28539.0000 24563.0000  13.9%  50.3  936s
 587202 427794 24640.1178   27  631 28539.0000 24563.0000  13.9%  50.3  944s
 588329 429886 25313.3246   49  518 28539.0000 24563.0000  13.9%  50.5  953s
 591509 430472 infeasible   43      28539.0000 24563.0000  13.9%  50.7  959s
 592251 431874 24688.3242   47  564 28539.0000 24563.0149  13.9%  50.8  965s
 594268 432423 24744.2190   38  571 28539.0000 24563.0413  13.9%  50.9  971s
 595116 434375 24868.2857   35  619 28539.0000 24563.0413  13.9%  51.1  977s
 597798 434905 24822.8181   44  571 28539.0000 24563.1134  13.9%  51.2  983s
 598642 436283 24668.4874   37  590 28539.0000 24563.1198  13.9%  51.2  989s
 600646 436773 infeasible   42      28539.0000 24563.2334  13.9%  51.3  994s
 601284 438735 25499.6312   51  490 28539.0000 24563.2334  13.9%  51.4  999s
 603981 438980 infeasible  114      28539.0000 24563.2473  13.9%  51.5 1001s
 604300 440124 24708.6281   45  472 28539.0000 24563.2473  13.9%  51.5 1008s
 605851 442345 28472.3757  108  166 28539.0000 24563.2473  13.9%  51.6 1015s
 609759 443733 24734.0576   32  655 28539.0000 24563.2695  13.9%  51.7 1025s
 611084 444176 24805.4219   30  561 28539.0000 24563.2965  13.9%  51.8 1031s
 611646 445343 26465.4935   90  334 28539.0000 24563.2965  13.9%  51.9 1037s
 613369 445824 25337.1899   54  549 28539.0000 24563.2965  13.9%  52.0 1042s
 613990 446953 25041.4656   54  577 28539.0000 24563.3086  13.9%  52.0 1048s
 615632 447420 24879.2857   44  467 28539.0000 24563.3243  13.9%  52.1 1052s
 616313 448774 27868.8650   80  325 28539.0000 24563.3303  13.9%  52.2 1057s
 618217 449185 infeasible   72      28539.0000 24563.4059  13.9%  52.3 1063s
 618848 449622 26020.2608   68  477 28539.0000 24563.4128  13.9%  52.4 1066s
 619522 450294 25095.0003   68  497 28539.0000 24563.4358  13.9%  52.4 1070s
 620372 451761 25792.6886   54  468 28539.0000 24563.4824  13.9%  52.5 1077s
 622459 452192 infeasible   63      28539.0000 24563.4968  13.9%  52.6 1083s
 623036 453279 24667.0447   24  673 28539.0000 24563.4968  13.9%  52.6 1090s
 624730 453850 24647.2384   26  711 28539.0000 24563.4968  13.9%  52.7 1097s
 625486 455226 24680.6434   25  738 28539.0000 24563.4968  13.9%  52.8 1103s
 627511 455798 infeasible   26      28539.0000 24563.4968  13.9%  52.9 1108s
 628274 456722 27602.3850   78  334 28539.0000 24563.4968  13.9%  52.9 1115s
 629552 457383 25052.2514   46  509 28539.0000 24563.4968  13.9%  53.0 1121s
 630377 458697 24670.9306   27  749 28539.0000 24563.5001  13.9%  53.1 1127s
 632397 459100 24730.9008   38  574 28539.0000 24563.5207  13.9%  53.2 1133s
 633136 460668 24684.9008   29  714 28539.0000 24563.5269  13.9%  53.3 1140s
 635586 462001 25138.5156   49  452 28539.0000 24563.5324  13.9%  53.4 1155s
 637258 463960 27784.7500   98  312 28539.0000 24563.5511  13.9%  53.6 1167s
 640182 464563 infeasible   32      28539.0000 24563.6111  13.9%  53.7 1174s
 641078 466110 25244.5613   71  408 28539.0000 24563.6207  13.9%  53.8 1181s
 643364 466665 infeasible   55      28539.0000 24563.6734  13.9%  53.8 1187s
 644178 468100 26497.0000   89  374 28539.0000 24563.6877  13.9%  53.9 1193s
 646036 468775 24677.7942   29  672 28539.0000 24563.6877  13.9%  54.0 1198s
 646920 470321 24703.3000   27  716 28539.0000 24563.6877  13.9%  54.1 1205s
 649155 470874 24637.9500   29  678 28539.0000 24563.7239  13.9%  54.1 1212s
 649863 471719 24871.4734   57  534 28539.0000 24563.7405  13.9%  54.2 1216s
 651241 472454 infeasible   71      28539.0000 24563.7524  13.9%  54.2 1220s
 652312 472769 24827.0000   47  651 28539.0000 24563.7677  13.9%  54.2 1225s
 652735 473799 24703.0000   32  644 28539.0000 24563.7721  13.9%  54.2 1230s
 654186 474130 infeasible   62      28539.0000 24563.8807  13.9%  54.3 1236s
 654661 474870 24631.3300   34  700 28539.0000 24563.8807  13.9%  54.3 1241s
 655710 475195 24924.0000   52  481 28539.0000 24563.9266  13.9%  54.4 1248s
 656198 475936 24765.4072   46  664 28539.0000 24563.9600  13.9%  54.4 1256s
 657345 476215 25902.7987   76  404 28539.0000 24564.0000  13.9%  54.5 1263s
 657821 476713 24583.9489   38  656 28539.0000 24564.0035  13.9%  54.6 1272s
 658539 477989 24733.5640   31  685 28539.0000 24564.1607  13.9%  54.7 1281s
 660254 478613 24695.0823   33  579 28539.0000 24564.2773  13.9%  54.7 1289s
 661031 479830 26567.0000   82  321 28539.0000 24564.3642  13.9%  54.8 1299s
 662754 480400 infeasible   32      28539.0000 24564.4076  13.9%  54.8 1308s
 663482 481999 25183.8772   38  599 28539.0000 24564.4171  13.9%  54.9 1318s
 665694 482231 24666.5000   29  623 28539.0000 24564.5000  13.9%  55.0 1324s
 665984 482849 25275.2663   63  418 28539.0000 24564.5000  13.9%  55.0 1362s
H666090 480433                    27980.000000 24564.5011  12.2%  55.0 1363s
H666856 478910                    27729.000000 24564.5620  11.4%  55.1 1363s
 666968 480875 25233.4455   36  576 27729.0000 24564.5859  11.4%  55.1 1388s
H669722 482935                    27692.000000 24564.6937  11.3%  55.3 1401s
H670056 482769                    27669.000000 24564.7043  11.2%  55.3 1401s
 672946 483724 24698.5023   40  603 27669.0000 24564.8076  11.2%  55.5 1410s
H673860 483695                    27664.000000 24564.8167  11.2%  55.6 1411s
 674121 485447 24744.0000   29  631 27664.0000 24564.8528  11.2%  55.6 1420s
*674924 485317             272    27649.000000 24564.9000  11.2%  55.6 1420s
 676743 485871 24776.9008   31  643 27649.0000 24564.9000  11.2%  55.7 1429s
 677593 486532 24771.3186   42  745 27649.0000 24564.9000  11.2%  55.9 1438s
H678391 486155                    27609.000000 24564.9000  11.0%  55.9 1438s
 678544 487873 25353.9314   54  571 27609.0000 24564.9000  11.0%  56.0 1447s
 681142 488086 24767.5427   41  644 27609.0000 24564.9418  11.0%  56.1 1451s
H681176 488027                    27600.000000 24564.9418  11.0%  56.1 1451s
 681415 488963 24709.1340   35  642 27600.0000 24564.9418  11.0%  56.1 1465s
 682820 490959 26682.8288   67  413 27600.0000 24565.0000  11.0%  56.3 1478s
H683687 490933                    27595.000000 24565.0000  11.0%  56.4 1478s
H686131 491320                    27577.000000 24565.0000  10.9%  56.5 1486s
 686895 491954 24925.7528   56  611 27577.0000 24565.0000  10.9%  56.6 1494s
 687853 493639 27257.0000   66  351 27577.0000 24565.0000  10.9%  56.7 1503s
H688054 493471                    27562.000000 24565.0000  10.9%  56.7 1503s
 690272 494143 24794.3000   31  682 27562.0000 24565.0750  10.9%  56.8 1511s
H690571 494045                    27552.000000 24565.0990  10.8%  56.8 1511s
 691149 494885 27496.9451   99  260 27552.0000 24565.0990  10.8%  56.8 1518s
 692411 495297 26184.9985   69  392 27552.0000 24565.1468  10.8%  56.9 1526s
H692809 495234                    27547.000000 24565.1468  10.8%  57.0 1527s
 693037 496338 24640.3372   32  556 27547.0000 24565.1784  10.8%  57.0 1535s
 694467 497071 24735.3165   34  637 27547.0000 24565.2662  10.8%  57.1 1544s
 695501 498842 24700.5323   34  675 27547.0000 24565.3128  10.8%  57.2 1552s
 698025 499139 25002.3250   68  445 27547.0000 24565.4019  10.8%  57.2 1556s
H698094 499129                    27546.000000 24565.4019  10.8%  57.2 1556s
 698369 500409 27180.9170  153  152 27546.0000 24565.4152  10.8%  57.3 1566s
 700077 501089 24625.9669   39  708 27546.0000 24565.5345  10.8%  57.4 1575s
 701072 503279 26319.5004   71  436 27546.0000 24565.5628  10.8%  57.5 1584s
 704277 503690 24888.6686   39  584 27546.0000 24565.6667  10.8%  57.5 1590s
H704729 499244                    27235.000000 24565.7069  9.80%  57.6 1591s
 704816 499803 24644.4213   32  789 27235.0000 24565.7476  9.80%  57.6 1598s
 705590 500540 24873.6640   49  544 27235.0000 24565.8466  9.80%  57.6 1606s
 706835 501132 infeasible   34      27235.0000 24566.0000  9.80%  57.7 1614s
 707577 501724 24619.9529   40  650 27235.0000 24566.0000  9.80%  57.8 1624s
 708406 502065 infeasible   55      27235.0000 24566.0000  9.80%  57.9 1633s
 708977 502638 24701.0000   47  457 27235.0000 24566.0000  9.80%  58.1 1644s
 709850 503201 27183.0000   79  315 27235.0000 24566.0000  9.80%  58.2 1654s
H710247 503143                    27232.000000 24566.0000  9.79%  58.2 1654s
 710708 503544 24622.5423   29  749 27232.0000 24566.0000  9.79%  58.3 1664s
 711335 503962 24566.5483   25  584 27232.0000 24566.0000  9.79%  58.4 1676s
 712111 504458 27154.6544   78  278 27232.0000 24566.0000  9.79%  58.5 1688s
 712880 504650 25824.9146   64  505 27232.0000 24566.0000  9.79%  58.7 1693s
 713185 505318 27078.6312   94  306 27232.0000 24566.0000  9.79%  58.7 1709s
 713608 505318 25126.0000   33  619 27232.0000 24566.0000  9.79%  58.8 1710s
 714287 506198 infeasible   29      27232.0000 24566.0000  9.79%  58.9 1731s
 715633 507133 24608.8340   25  735 27232.0000 24566.0000  9.79%  59.1 1752s
 716958 508145 24704.8985   42  737 27232.0000 24566.0000  9.79%  59.3 1772s
 718492 509723 24622.6190   31  695 27232.0000 24566.0000  9.79%  59.5 1791s
 720720 510586 25721.4455   49  553 27232.0000 24566.0000  9.79%  59.7 1809s
 722000 512546 24806.9210   33  572 27232.0000 24566.0839  9.79%  59.9 1828s
 724635 513464 26609.6361   99  304 27232.0000 24566.1830  9.79%  60.0 1844s
 725995 513555 25499.4337   48  516 27232.0000 24566.2036  9.79%  60.1 1865s
 726116 514595 infeasible   58      27232.0000 24566.2036  9.79%  60.1 1880s
 727515 514956 24819.1511   49  419 27232.0000 24566.2333  9.79%  60.2 1885s
 728002 516540 25216.2659   93  251 27232.0000 24566.2382  9.79%  60.3 1895s
 730476 517081 24643.9679   30  692 27232.0000 24566.4766  9.79%  60.4 1903s
 731244 517534 infeasible   57      27232.0000 24566.4874  9.79%  60.4 1913s
 731956 518719 26295.3557   54  468 27232.0000 24566.4874  9.79%  60.5 1922s
 733801 519264 24775.0089   40  572 27232.0000 24566.4874  9.79%  60.5 1932s
 734573 520217 24632.3254   27  761 27232.0000 24566.4874  9.79%  60.6 1941s
 736076 520879 25843.7008   70  444 27232.0000 24566.4874  9.79%  60.7 1951s
 736955 522026 24853.6303   42  741 27232.0000 24566.5172  9.79%  60.8 1960s
 738767 522535 24785.0000   33  512 27232.0000 24566.5476  9.79%  60.8 1969s
 739443 523205 24699.0000   45  423 27232.0000 24566.5476  9.79%  60.8 1979s
 740348 524456 26396.8246   78  426 27232.0000 24566.5476  9.79%  60.9 1988s
 742324 524683 25704.0366   55  474 27232.0000 24566.6656  9.79%  60.9 1994s
 742677 525620 24581.2744   25  656 27232.0000 24566.7273  9.79%  61.0 2010s
 744002 527882 25897.8181   69  289 27232.0000 24566.8061  9.79%  61.1 2025s
 747321 528368 infeasible   65      27232.0000 24566.9189  9.79%  61.1 2035s
 748045 528944 24653.7366   34  653 27232.0000 24567.0000  9.79%  61.2 2045s
 748844 529848 26488.8770   62  449 27232.0000 24567.0000  9.79%  61.3 2053s
 750239 530639 24643.5172   27  577 27232.0000 24567.0928  9.79%  61.4 2064s
 751289 531705 24878.8957   54  558 27232.0000 24567.1525  9.79%  61.4 2073s
 752885 532157 infeasible   26      27232.0000 24567.1999  9.79%  61.5 2084s
 753617 532668 26791.8103   85  360 27232.0000 24567.2202  9.79%  61.6 2094s
 754335 533358 27121.5315   96  241 27232.0000 24567.2963  9.79%  61.7 2105s
 755315 534654 24670.7248   31  677 27232.0000 24567.2963  9.79%  61.8 2116s
 757137 535061 24752.4878   38  540 27232.0000 24567.2963  9.79%  61.9 2121s
 757648 535750 24981.0000   62  420 27232.0000 24567.2963  9.79%  61.9 2132s
 758629 537082 25788.5500   46  450 27232.0000 24567.2963  9.79%  61.9 2145s
 760501 537864 24683.2678   38  686 27232.0000 24567.2963  9.79%  62.0 2158s
 761516 538615 24715.2514   47  672 27232.0000 24567.2963  9.79%  62.1 2169s
 762553 540209 26830.8246   87  312 27232.0000 24567.2963  9.79%  62.2 2180s
 764940 540769 24622.8243   34  775 27232.0000 24567.2963  9.79%  62.3 2190s
 765745 541340 26436.0000   71  397 27232.0000 24567.2963  9.79%  62.3 2200s
 766630 542276 24643.4149   30  683 27232.0000 24567.2963  9.79%  62.4 2209s
 767927 543109 24686.9683   34  663 27232.0000 24567.2963  9.79%  62.5 2219s
 769081 545171 25099.0000   65  339 27232.0000 24567.3234  9.79%  62.6 2228s
 772001 545337 infeasible   47      27232.0000 24567.4287  9.78%  62.6 2233s
 772235 547148 24794.2857   35  636 27232.0000 24567.4287  9.78%  62.6 2253s
 774650 548250 25215.8233   40  711 27232.0000 24567.5000  9.78%  62.8 2262s

Cutting planes:
  Learned: 289
  Gomory: 310
  Cover: 2304
  Implied bound: 420
  Projected implied bound: 37
  Clique: 249
  MIR: 1443
  StrongCG: 201
  Flow cover: 6173
  GUB cover: 9
  Inf proof: 21
  Zero half: 235
  Network: 41
  RLT: 187
  Relax-and-lift: 171

Explored 776322 nodes (48833554 simplex iterations) in 2262.26 seconds (2007.92 work units)
Thread count was 8 (of 8 available processors)

Solution count 10: 27232 27235 27546 ... 27609

Solve interrupted
Best objective 2.723200000000e+04, best bound 2.456757114252e+04, gap 9.7842%

User-callback calls 2022141, time in user-callback 8.70 sec

Statistics for modelBGB_BWES:
  Linear constraint matrix    : 23919 Constrs, 9987 Vars, 88114 NZs
  Variable types              : 3270 Continuous,
6717 Integer (1378 Binary)
  Matrix coefficient range    : [ 1, 200 ]
  Objective coefficient range : [ 1, 386 ]
  Variable bound range        : [ 1, 199 ]
  RHS coefficient range       : [ 1, 549 ]
