
Gurobi 10.0.1 (mac64[arm]) logging started Thu Apr  4 16:46:41 2024

Set parameter LogFile to value "/Users/deniserings/Documents/zib/s-bahn-data/scripts/DeniseMA/processed/BGB_BWES/RENS/BGB_BWES_subMBP_random4_0.9_202404041301.log"
Gurobi Optimizer version 10.0.1 build v10.0.1rc0 (mac64[arm])

CPU model: Apple M2
Thread count: 8 physical cores, 8 logical processors, using up to 8 threads

Optimize a model with 23919 rows, 9987 columns and 88114 nonzeros
Model fingerprint: 0x7896c46c
Variable types: 3270 continuous, 6717 integer (1378 binary)
Coefficient statistics:
  Matrix range     [1e+00, 2e+02]
  Objective range  [1e+00, 4e+02]
  Bounds range     [1e+00, 2e+02]
  RHS range        [1e+00, 5e+02]
Presolve removed 10827 rows and 2982 columns
Presolve time: 0.39s
Presolved: 13092 rows, 7005 columns, 51026 nonzeros
Variable types: 1834 continuous, 5171 integer (5171 binary)

Root relaxation: objective 2.329800e+04, 4242 iterations, 0.08 seconds (0.04 work units)

    Nodes    |    Current Node    |     Objective Bounds      |     Work
 Expl Unexpl |  Obj  Depth IntInf | Incumbent    BestBd   Gap | It/Node Time

     0     0 23298.0000    0  303          - 23298.0000      -     -   44s
     0     0 23484.1075    0  881          - 23484.1075      -     -   44s
     0     0 23484.1190    0  821          - 23484.1190      -     -   44s
     0     0 23509.0391    0 1013          - 23509.0391      -     -   44s
     0     0 23509.0391    0  882          - 23509.0391      -     -   44s
     0     0 23518.6269    0  967          - 23518.6269      -     -   45s
     0     0 23522.6187    0 1002          - 23522.6187      -     -   45s
     0     0 23522.6187    0 1058          - 23522.6187      -     -   45s
     0     0 23522.6187    0  918          - 23522.6187      -     -   45s
     0     0 23522.6187    0  919          - 23522.6187      -     -   45s
     0     0 23525.1846    0  968          - 23525.1846      -     -   46s
     0     0 23525.1846    0  963          - 23525.1846      -     -   46s
     0     0 23525.1846    0  931          - 23525.1846      -     -   46s
     0     0 23525.1846    0  899          - 23525.1846      -     -   46s
     0     0 23525.1846    0  380          - 23525.1846      -     -   47s
     0     0 23525.1846    0  563          - 23525.1846      -     -   50s
     0     0 23525.1846    0  438          - 23525.1846      -     -   50s
     0     0 23525.1846    0  423          - 23525.1846      -     -   50s
     0     2 23525.1846    0  405          - 23525.1846      -     -   51s
  1192  1172 24523.0000  112  723          - 23824.0000      -  28.7   55s
  1809  1513 24383.0000   51  329          - 24126.2403      -  34.5   60s
  1820  1520 24196.1165   12  605          - 24196.1165      -  34.3   65s
  1828  1528 24351.0000   16  290          - 24198.6136      -  30.5   70s
  2424  1897 24791.0000   54  323          - 24351.0000      -  34.2   75s
  4268  2717 24486.4303   25  549          - 24351.0000      -  34.1   80s
  6661  4312 24577.8967   30  506          - 24351.0000      -  36.1   85s
  9434  6726 24768.0000  132  506          - 24351.0000      -  35.3   90s
 12441  8643 24619.6004   31  531          - 24387.9358      -  33.7   95s
 14749 12441 24670.1575   36  561          - 24401.6514      -  33.9  102s
 18281 13278 24551.1831   33  483          - 24407.5042      -  33.2  105s
 20619 15736 25257.0000  128  242          - 24407.5042      -  33.2  110s
 24517 18037 infeasible  134               - 24434.9014      -  33.2  115s
 26713 20248 24675.0000   36  449          - 24442.9896      -  33.3  120s
 30086 22705 25123.0000  116  397          - 24449.6524      -  32.7  139s
 30718 22900 24761.3307   39  565          - 24449.6524      -  32.7  141s
 33629 24917 24882.8302   81  407          - 24449.6524      -  32.8  145s
 36144 27643 24714.0000   56  444          - 24467.0000      -  33.3  151s
 39552 30021 24501.0000   28  506          - 24474.8131      -  33.3  155s
 42951 31982 infeasible   57               - 24482.1616      -  33.5  160s
 46035 35981 25659.9652   52  550          - 24484.5085      -  33.5  166s
 48583 37116 24635.0000   54  494          - 24491.0291      -  33.5  170s
 50966 39350 24678.0000   41  503          - 24501.0000      -  33.6  175s
 54288 41872 24703.4917   47  514          - 24501.0000      -  33.7  180s
 57661 44292 24611.4519   35  608          - 24501.0000      -  33.8  185s
 59662 44851 24806.4324   55  487          - 24501.0000      -  33.9  190s
 60339 50250 25024.4917   63  435          - 24501.0000      -  34.0  199s
 67200 50432 infeasible  138               - 24501.0000      -  33.7  201s
 68851 52775 25013.4917   62  463          - 24501.0000      -  33.9  206s
 72359 54326 infeasible   75               - 24501.0000      -  33.7  210s
 75616 56971 infeasible   95               - 24501.0000      -  33.8  216s
 76064 60996 24807.4917   62  466          - 24501.0000      -  33.9  222s
 81600 62142 24973.4917   77  330          - 24501.0000      -  33.8  225s
 84695 64587 24607.0347   41  543          - 24501.0000      -  33.8  230s
 88201 66494 infeasible  116               - 24501.0000      -  34.0  235s
 92334 69443 25138.2098   92  389          - 24501.0000      -  33.9  240s
 94596 71203 25150.7143  134  245          - 24501.0000      -  34.1  247s
 95190 73010 24747.9907   49  418          - 24501.0000      -  34.1  250s
 99228 76147 25008.0612   71  377          - 24501.0000      -  34.1  256s
 102959 78321 25228.0000   85  394          - 24501.0000      -  34.0  261s
 106108 81223 infeasible  173               - 24501.0000      -  34.0  266s
 108092 82687 24694.6554   80  326          - 24501.0000      -  34.1  270s
 111585 85322 25454.0000   72  459          - 24501.0000      -  34.0  275s
 114984 87325 25550.0511  150  331          - 24501.0242      -  33.9  282s
 117664 88733 24656.1531   57  505          - 24501.0440      -  33.7  285s
 120752 92364 25360.0000   90  394          - 24501.1575      -  33.7  292s
 124177 93757 infeasible  100               - 24501.2074      -  33.6  295s
 127407 96986 24732.2667   42  482          - 24501.2756      -  33.6  301s
 129982 99083 24823.2434   36  616          - 24501.9627      -  33.6  305s
 131519 99452 24663.0000   39  500          - 24502.3556      -  33.6  312s
 132077 100823 24776.3144   51  536          - 24502.7100      -  33.7  315s
 136491 103895 infeasible   73               - 24503.0000      -  33.6  321s
 139852 106126 25608.7221  132  282          - 24503.0000      -  33.6  325s
 142493 108243 25930.4917   86  395          - 24503.0000      -  33.7  330s
 146631 111423 24929.0185   93  413          - 24503.0000      -  33.7  335s
 150738 113549 infeasible  173               - 24503.0000      -  33.5  340s
 153773 116558 24704.5670   29  578          - 24503.0000      -  33.6  345s
 156764 118760 24894.1994   39  486          - 24503.0000      -  33.6  350s
 161133 121270 24522.2756   32  638          - 24503.2756      -  33.6  356s
 162542 123195 24978.4917   91  332          - 24503.6309      -  33.7  360s
 166091 125140 25703.0000  160  252          - 24503.6309      -  33.7  365s
 166269 129217 25725.1073  162  254          - 24504.5400      -  33.7  371s
 172069 129638 25570.9388   73  432          - 24506.7510      -  33.8  375s
 174927 132079 25105.2937   86  423          - 24507.9246      -  33.8  381s
 176777 133238 25437.0000  134  347          - 24507.9246      -  33.8  389s
 176891 133401 infeasible  134               - 24507.9246      -  33.8  390s
 178497 135476 24507.9246   31  630          - 24507.9246      -  33.9  395s
 180841 139722 24803.9388   70  449          - 24508.2002      -  33.9  403s
 185664 140513 24692.2663   59  469          - 24508.4000      -  33.9  406s
 189072 143110 infeasible  100               - 24508.4468      -  33.9  411s
 192203 145062 25812.3784  109  391          - 24508.8000      -  33.9  415s
 194751 147005 infeasible   89               - 24511.5678      -  34.1  420s
 197449 148839 infeasible  154               - 24513.0000      -  34.2  425s
 200278 151641 24752.0000   49  422          - 24513.0000      -  34.4  430s
 203973 154304 24858.0000   64  511          - 24515.3858      -  34.4  436s
 206130 155445 24957.5745   81  555          - 24517.0000      -  34.5  440s
 208849 158072 24699.1244   48  410          - 24519.0000      -  34.6  445s
 210207 161564 24785.7273   49  508          - 24520.1616      -  34.6  452s
 215203 161852 24690.3138   39  523          - 24523.7845      -  34.7  455s
 217669 163674 infeasible   97               - 24524.3673      -  34.8  460s
 221291 167112 25681.0000  175  383          - 24526.5119      -  34.8  465s
 223539 168765 24723.3135   43  468          - 24529.1753      -  34.9  470s
 224630 169062 25271.3513  155  268          - 24529.9945      -  34.9  476s
 225018 170038 infeasible   55               - 24530.0000      -  34.9  483s
 226262 173689 24956.0000   53  456          - 24530.3138      -  35.0  489s
 231503 174665 24735.0000   53  425          - 24531.0000      -  35.0  491s
 235290 177308 25263.0000   95  382          - 24534.6154      -  34.9  495s
 238901 179326 24741.1137   43  522          - 24537.1279      -  34.9  500s
 241510 181229 24810.6923   42  521          - 24539.6419      -  35.0  505s
 244051 183032 24896.8982   79  384          - 24540.9435      -  35.1  510s
 246533 185769 24980.5116   58  457          - 24541.0000      -  35.2  516s
 249530 187806 24826.0796   58  552          - 24543.0000      -  35.2  520s
 253045 189602 infeasible  178               - 24543.7719      -  35.3  525s
 255209 191343 infeasible  101               - 24546.5086      -  35.4  530s
 258873 193865 infeasible   94               - 24547.0000      -  35.5  541s
 259440 195547 24764.0000   42  455          - 24547.0000      -  35.6  546s
 261407 196947 24614.0000   27  626          - 24547.0000      -  35.7  550s
 264512 199278 24768.0000   52  390          - 24547.0000      -  35.7  555s
 267548 201192 24826.1561   30  560          - 24547.0365      -  35.8  560s
 271140 203185 24740.1171   60  492          - 24547.0398      -  36.0  566s
 273909 205272 infeasible   68               - 24547.0444      -  36.1  571s
 275630 207227 24733.0502   46  478          - 24547.0469      -  36.2  575s
 277968 209211 24798.0448   37  487          - 24547.0469      -  36.3  580s
 281525 211773 24793.0473   53  591          - 24547.0499      -  36.4  586s
 284086 213679 24838.0000   30  501          - 24547.3149      -  36.4  590s
 287646 215755 24633.0000   31  648          - 24548.8219      -  36.5  596s
 291167 218369 24759.4588   46  603          - 24549.0436      -  36.5  601s
 292843 219866 24759.3135   33  515          - 24549.2756      -  36.6  605s
 297741 224206 25678.1397  157  263          - 24551.0000      -  36.7  610s
 299334 228825 24770.0000   58  482          - 24551.0000      -  36.7  616s
 306922 230269 infeasible   91               - 24551.0000      -  36.8  621s
 310045 232625 24831.0000   67  336          - 24551.0000      -  36.8  625s
 313218 236023 25903.4085  120  215          - 24551.0000      -  36.9  631s
 314739 236352 25329.0581   85  413          - 24551.0000      -  36.9  639s
H315074 236351                    32101.000000 24551.0000  23.5%  36.9  639s
H315225 238453                    28948.000000 24551.0000  15.2%  36.9  652s
H316219 238453                    28914.000000 24551.0000  15.1%  37.0  652s
 317843 242290 25388.0000   48  468 28914.0000 24551.0000  15.1%  37.0  660s
H323329 243427                    28911.000000 24551.0000  15.1%  37.1  664s
H323975 243427                    28907.000000 24551.0000  15.1%  37.1  664s
 324348 245230 24551.0000   24  672 28907.0000 24551.0000  15.1%  37.2  667s
H324573 245230                    28896.000000 24551.0000  15.0%  37.2  667s
H325113 245230                    28895.000000 24551.0000  15.0%  37.2  667s
 326571 246601 24563.4274   27  705 28895.0000 24551.0000  15.0%  37.2  670s
H326773 246601                    28892.000000 24551.0000  15.0%  37.2  670s
H328487 247759                    28889.000000 24551.0000  15.0%  37.2  673s
H328666 247759                    28887.000000 24551.0000  15.0%  37.2  674s
 330066 247942 25619.2344  101  483 28887.0000 24551.0000  15.0%  37.2  677s
H330237 247942                    28881.000000 24551.0000  15.0%  37.2  677s
 330326 249988 24592.4530   47  579 28881.0000 24551.0440  15.0%  37.2  687s
H330353 249988                    28880.000000 24551.0440  15.0%  37.2  687s
H330734 249977                    28872.000000 24551.0498  15.0%  37.2  687s
 332965 250475 infeasible   66      28872.0000 24551.0498  15.0%  37.3  692s
 333700 252001 24563.4772   39  647 28872.0000 24551.0498  15.0%  37.4  698s
 335913 252377 infeasible   85      28872.0000 24551.0498  15.0%  37.4  703s
 336458 253320 25923.0000   87  358 28872.0000 24551.2076  15.0%  37.5  709s
 337787 253771 24631.4274   40  502 28872.0000 24551.3129  15.0%  37.5  714s
 338392 256629 24688.0936   32  512 28872.0000 24551.3129  15.0%  37.5  720s
 342316 256684 24953.0000   55  481 28872.0000 24551.3129  15.0%  37.5  725s
 343043 259166 27617.1764   89  234 28872.0000 24551.3129  15.0%  37.5  733s
H344890 259166                    28869.000000 24551.3129  15.0%  37.5  733s
 345681 259265 infeasible   52      28869.0000 24551.3129  15.0%  37.5  736s
H345685 259265                    28862.000000 24551.3129  14.9%  37.5  736s
H345714 259265                    28856.000000 24551.3129  14.9%  37.5  736s
 345898 261771 25004.3412   53  562 28856.0000 24551.3129  14.9%  37.6  747s
H345899 261771                    28854.000000 24551.3129  14.9%  37.6  747s
H348747 261762                    28806.000000 24551.3129  14.8%  37.7  747s
H349163 263825                    28804.000000 24551.3129  14.8%  37.7  753s
H350274 263825                    28799.000000 24551.3129  14.7%  37.7  753s
 352063 265006 24551.4211   38  486 28799.0000 24551.3218  14.7%  37.7  756s
 353705 265411 25942.3619   73  370 28799.0000 24551.3220  14.7%  37.8  760s
H353801 265396                    28740.000000 24551.3220  14.6%  37.8  760s
H354218 266718                    28723.000000 24551.3220  14.5%  37.8  763s
 356211 267065 infeasible  107      28723.0000 24551.3220  14.5%  37.8  767s
H356215 267065                    28722.000000 24551.3220  14.5%  37.8  767s
H356402 267065                    28721.000000 24551.3220  14.5%  37.9  767s
H356512 267061                    28720.000000 24551.3220  14.5%  37.9  767s
 356740 267927 24551.3654   47  572 28720.0000 24551.3220  14.5%  37.9  771s
 358054 268198 24607.5702   40  496 28720.0000 24551.3220  14.5%  37.9  775s
 360746 269923 infeasible   42      28720.0000 24551.3344  14.5%  38.0  781s
H360852 269922                    28704.000000 24551.3344  14.5%  38.0  781s
 360982 271778 24693.3846   46  570 28704.0000 24551.3428  14.5%  38.0  792s
H362332 271699                    28598.000000 24551.3527  14.2%  38.2  793s
H363586 273332                    28582.000000 24551.3654  14.1%  38.3  799s
H363586 273315                    28562.000000 24551.3654  14.0%  38.3  799s
H364224 273315                    28558.000000 24551.3654  14.0%  38.3  799s
H364224 273313                    28556.000000 24551.3654  14.0%  38.3  799s
H364506 273287                    28536.000000 24551.3654  14.0%  38.3  799s
H365768 272962                    28293.000000 24551.3690  13.2%  38.3  799s
H366026 273458                    28274.000000 24551.3924  13.2%  38.3  803s
H366193 273454                    28269.000000 24551.3924  13.2%  38.3  803s
H366346 273377                    28241.000000 24551.3924  13.1%  38.3  804s
H366700 275518                    28233.000000 24551.3924  13.0%  38.4  808s
H367134 275511                    28229.000000 24551.4146  13.0%  38.3  808s
H367452 275505                    28225.000000 24551.4154  13.0%  38.4  809s
H367807 275503                    28224.000000 24551.4154  13.0%  38.3  809s
 369411 275774 infeasible   89      28224.0000 24551.4163  13.0%  38.3  813s
H369481 275768                    28220.000000 24551.4163  13.0%  38.4  813s
H369548 275760                    28212.000000 24551.4163  13.0%  38.4  813s
H369882 276912                    28204.000000 24551.4163  13.0%  38.4  817s
 371631 277073 infeasible  109      28204.0000 24551.4211  13.0%  38.5  821s
H371903 277069                    28199.000000 24551.4211  12.9%  38.6  821s
H371923 277046                    28191.000000 24551.4211  12.9%  38.6  821s
H371970 277280                    28186.000000 24551.4211  12.9%  38.6  825s
H371990 277251                    28183.000000 24551.4211  12.9%  38.6  825s
H371990 276395                    27807.000000 24551.4211  11.7%  38.6  825s
 372299 276756 25046.9804   53  623 27807.0000 24551.4211  11.7%  38.6  830s
 375032 278451 infeasible   53      27807.0000 24551.4211  11.7%  38.7  839s
H375037 277968                    27638.000000 24551.4211  11.2%  38.7  839s
H375397 277954                    27637.000000 24551.4211  11.2%  38.8  839s
 375513 278785 24785.0000   45  556 27637.0000 24551.4211  11.2%  38.8  841s
 378028 279779 infeasible   97      27637.0000 24551.4347  11.2%  38.8  845s
 380107 281312 infeasible   95      27637.0000 24551.4921  11.2%  38.9  851s
 382435 283449 24673.7055   51  565 27637.0000 24551.5578  11.2%  39.0  857s
 383888 283769 24647.4245   44  563 27637.0000 24551.5578  11.2%  39.1  860s
 386439 286069 25228.1731   88  514 27637.0000 24551.5578  11.2%  39.1  866s
H388511 286393                    27631.000000 24551.5578  11.1%  39.2  873s
H388515 286375                    27628.000000 24551.5578  11.1%  39.2  873s
 388540 286440 25992.6500   66  284 27628.0000 24551.5578  11.1%  39.2  876s
 389276 288464 24982.0000   65  427 27628.0000 24551.5578  11.1%  39.2  882s
 391334 288652 24571.9541   46  599 27628.0000 24551.5641  11.1%  39.2  885s
 391619 292945 25176.6021   49  548 27628.0000 24551.5641  11.1%  39.3  894s
 397663 293250 infeasible   70      27628.0000 24551.5702  11.1%  39.4  897s
 398522 294727 24712.0000   50  554 27628.0000 24551.5897  11.1%  39.4  902s
 400588 296218 25389.9306   64  419 27628.0000 24551.5906  11.1%  39.5  907s
 402291 296479 24611.6869   47  624 27628.0000 24551.6076  11.1%  39.5  910s
 404387 297879 24553.4245   45  491 27628.0000 24551.6090  11.1%  39.7  916s
 406645 299412 24725.5559   43  505 27628.0000 24551.6090  11.1%  39.7  922s
 407108 302130 24698.4603   50  562 27628.0000 24551.6503  11.1%  39.8  928s
 411016 302402 infeasible   40      27628.0000 24551.6688  11.1%  39.8  931s
 412020 304652 24920.6000   65  469 27628.0000 24551.6752  11.1%  39.9  938s
 414397 305655 25816.3280   83  434 27628.0000 24551.6780  11.1%  39.9  940s
 416253 307182 25318.4416   81  404 27628.0000 24551.6780  11.1%  39.9  946s
 419625 308493 24625.0000   44  470 27628.0000 24551.6780  11.1%  40.0  951s
 421766 310085 infeasible   69      27628.0000 24551.6780  11.1%  40.0  957s
 422281 312559 24552.0122   39  680 27628.0000 24551.6780  11.1%  40.1  963s
 425995 312911 infeasible   55      27628.0000 24551.6780  11.1%  40.1  965s
 428447 314486 infeasible  105      27628.0000 24551.6780  11.1%  40.1  971s
 430862 316102 infeasible  164      27628.0000 24551.6780  11.1%  40.1  976s
 432887 317694 25065.9946   62  506 27628.0000 24551.6923  11.1%  40.2  981s
 435091 319669 25059.2639   63  523 27628.0000 24551.6923  11.1%  40.2  987s
 437071 323355 24622.0000   46  489 27628.0000 24551.6923  11.1%  40.3  998s
 442139 323655 infeasible   85      27628.0000 24551.6923  11.1%  40.3 1000s
 442956 325125 24619.0000   43  525 27628.0000 24551.6923  11.1%  40.4 1006s
 445173 326574 24643.6818   47  616 27628.0000 24551.7020  11.1%  40.4 1012s
 446796 327489 24643.1646   44  648 27628.0000 24551.7499  11.1%  40.4 1015s
 448729 328904 26499.4685  101  307 27628.0000 24551.8012  11.1%  40.5 1020s
 450988 330573 27544.0000  105  275 27628.0000 24551.8638  11.1%  40.6 1026s
 453764 331633 infeasible   31      27628.0000 24551.9823  11.1%  40.6 1032s
 454210 333061 24666.1895   43  531 27628.0000 24552.0194  11.1%  40.7 1036s
 456881 334767 25479.7258   72  382 27628.0000 24552.0335  11.1%  40.7 1042s
 458742 335373 26095.1756  118  300 27628.0000 24552.0933  11.1%  40.8 1045s
 460261 337000 24768.8049   44  638 27628.0000 24552.2219  11.1%  40.9 1051s
 463346 338210 24634.2309   47  481 27628.0000 24552.3543  11.1%  41.0 1058s
 463940 339433 24805.0000   52  562 27628.0000 24552.4040  11.1%  41.0 1061s
 466420 340067 24673.6106   47  513 27628.0000 24552.5232  11.1%  41.1 1067s
 466883 341087 24973.0000   55  551 27628.0000 24552.5454  11.1%  41.2 1070s
 468774 343953 26192.5000  136  178 27628.0000 24552.6689  11.1%  41.3 1081s
 473298 344699 26999.7439   99  227 27628.0000 24552.9247  11.1%  41.4 1088s
 473821 346117 26094.7357   70  514 27628.0000 24552.9985  11.1%  41.5 1092s
 475944 346465 24619.0000   34  664 27628.0000 24553.0000  11.1%  41.5 1095s
 478133 348002 25021.0000   45  505 27628.0000 24553.0000  11.1%  41.6 1102s
 478695 349292 infeasible   62      27628.0000 24553.0000  11.1%  41.7 1105s
 481205 350893 24661.1379   46  688 27628.0000 24553.0000  11.1%  41.8 1112s
 482990 351529 24558.4764   55  641 27628.0000 24553.0000  11.1%  41.8 1115s
 484477 353696 24559.3339   40  605 27628.0000 24553.0000  11.1%  42.0 1122s
 487066 353990 24553.0000   24  613 27628.0000 24553.0000  11.1%  42.0 1125s
 488957 355232 24553.0000   30  612 27628.0000 24553.0000  11.1%  42.1 1132s
 489495 356536 24924.5927   58  446 27628.0000 24553.0000  11.1%  42.2 1136s
 491943 358158 24705.0000   52  569 27628.0000 24553.0000  11.1%  42.3 1143s
 493773 358725 infeasible   50      27628.0000 24553.0000  11.1%  42.3 1146s
 495137 360331 24619.0000   33  604 27628.0000 24553.0000  11.1%  42.4 1153s
 496961 360665 25921.2798   83  407 27628.0000 24553.0000  11.1%  42.5 1157s
 498657 361781 24567.2301   36  589 27628.0000 24553.0000  11.1%  42.6 1161s
 498961 363139 25020.5612   42  593 27628.0000 24553.0000  11.1%  42.6 1165s
 501100 364381 25965.0000   86  368 27628.0000 24553.0000  11.1%  42.7 1170s
 502896 365653 26021.6000   65  465 27628.0000 24553.0000  11.1%  42.8 1177s
 504436 365949 24705.3077   45  553 27628.0000 24553.0000  11.1%  42.8 1180s
 506630 367461 25386.7635   62  526 27628.0000 24553.0000  11.1%  42.9 1187s
 507036 368708 24625.0436   39  645 27628.0000 24553.0000  11.1%  42.9 1190s
 509263 370068 25151.1289   58  554 27628.0000 24553.0000  11.1%  43.0 1197s
 510776 370335 infeasible   40      27628.0000 24553.0000  11.1%  43.1 1201s
 511195 371614 24642.1367   35  600 27628.0000 24553.0000  11.1%  43.1 1205s
 513276 374849 25308.8393   49  475 27628.0000 24553.0000  11.1%  43.2 1217s
 517913 375137 24553.0000   33  680 27628.0000 24553.0000  11.1%  43.4 1220s
 518854 376490 26286.2674   84  442 27628.0000 24553.0000  11.1%  43.5 1228s
 520433 376841 infeasible   34      27628.0000 24553.0000  11.1%  43.5 1231s
 520985 378141 26654.0660  116  253 27628.0000 24553.0000  11.1%  43.6 1235s
 523412 379634 24619.0000   37  579 27628.0000 24553.0000  11.1%  43.7 1243s
 525172 380123 24954.7889   42  571 27628.0000 24553.0000  11.1%  43.7 1247s
 525763 381456 26108.1500   78  271 27628.0000 24553.0000  11.1%  43.8 1251s
 528168 382930 25192.0226   44  590 27628.0000 24553.0000  11.1%  43.8 1261s
 529970 383636     cutoff   86      27628.0000 24553.0000  11.1%  44.0 1266s
 530981 385930 24805.1066   46  538 27628.0000 24553.0000  11.1%  44.1 1272s
 534298 386279 infeasible  128      27628.0000 24553.0000  11.1%  44.1 1277s
 534867 387746 26395.0000   83  305 27628.0000 24553.0000  11.1%  44.2 1281s
 536981 388090 24902.8627   67  635 27628.0000 24553.0000  11.1%  44.2 1285s
 539581 390009 infeasible   35      27628.0000 24553.0000  11.1%  44.3 1294s
 540213 391268 27034.0000  103  172 27628.0000 24553.0000  11.1%  44.3 1298s
 542256 391542 infeasible   60      27628.0000 24553.0000  11.1%  44.4 1300s
 542596 394032 24687.3560   50  503 27628.0000 24553.0000  11.1%  44.4 1308s
 546281 394310 infeasible   78      27628.0000 24553.0000  11.1%  44.5 1313s
 546681 394827 24619.0000   39  515 27628.0000 24553.0000  11.1%  44.5 1317s
 547427 396200 24780.7985   42  625 27628.0000 24553.0000  11.1%  44.6 1321s
 549438 396618 infeasible   50      27628.0000 24553.0000  11.1%  44.6 1325s
 551709 398325 infeasible   46      27628.0000 24553.0000  11.1%  44.7 1333s
 552531 399545 25261.2838   41  490 27628.0000 24553.0000  11.1%  44.8 1337s
 554347 400135 25047.0855   46  652 27628.0000 24553.0000  11.1%  44.8 1341s
 555164 401234 25283.0000   46  501 27628.0000 24553.0000  11.1%  44.9 1345s
H556809 401372                    27627.999977 24553.0000  11.1%  45.0 1348s
 556892 403783 25573.1952   46  511 27628.0000 24553.0000  11.1%  45.0 1363s
 560237 405371 24623.4573   49  634 27628.0000 24553.0000  11.1%  45.1 1369s
 562675 406532 24575.6011   39  620 27628.0000 24553.0000  11.1%  45.2 1373s
 564461 407196 infeasible   55      27628.0000 24553.0000  11.1%  45.3 1378s
 565397 408289 25605.5590   56  611 27628.0000 24553.0000  11.1%  45.3 1382s
 566811 409030 25064.7013   33  551 27628.0000 24553.0000  11.1%  45.4 1387s
 567892 409631 24989.4348   40  597 27628.0000 24553.0000  11.1%  45.5 1391s
 568767 411275 24969.1965   49  533 27628.0000 24553.0000  11.1%  45.5 1396s
 571685 413175 infeasible   59      27628.0000 24553.0000  11.1%  45.6 1405s
H572865 413175                    27627.999949 24553.0000  11.1%  45.6 1405s
 574534 414782 25279.7775   58  446 27627.9999 24553.0000  11.1%  45.7 1413s
 576186 415356 24871.5172   46  512 27627.9999 24553.0000  11.1%  45.7 1418s
 576934 417010 25193.5724   46  569 27627.9999 24553.0000  11.1%  45.8 1422s
 579249 417379 infeasible   54      27627.9999 24553.0620  11.1%  45.8 1426s
 579843 418431 24622.1895   38  686 27627.9999 24553.1020  11.1%  45.9 1430s
H580886 418398                    27625.000000 24553.1272  11.1%  45.9 1430s
 582400 420073 24784.4456   55  501 27625.0000 24553.2893  11.1%  45.9 1438s
 584332 420464 infeasible   77      27625.0000 24553.3636  11.1%  45.9 1442s
 584908 421733 26184.7778   55  377 27625.0000 24553.3847  11.1%  46.0 1446s
 587317 422813 25269.8147   77  486 27625.0000 24553.4245  11.1%  46.1 1455s
 588348 424925 25350.7168   53  452 27625.0000 24553.4245  11.1%  46.1 1461s
 591651 425182 infeasible   42      27625.0000 24553.4566  11.1%  46.2 1465s
 593988 426830 24848.4126   46  659 27625.0000 24553.5496  11.1%  46.3 1473s
 594469 427874 26022.9949   61  412 27625.0000 24553.5783  11.1%  46.3 1477s
 596148 428192 infeasible   44      27625.0000 24553.6417  11.1%  46.4 1481s
 597069 429476 24571.0000   29  757 27625.0000 24553.6610  11.1%  46.4 1485s
 598998 430757 24612.3986   39  702 27625.0000 24553.7303  11.1%  46.5 1492s
 600628 431031 24763.0000   49  538 27625.0000 24553.7565  11.1%  46.5 1496s
 602479 432166 24603.7178   45  638 27625.0000 24553.8939  11.1%  46.6 1500s
 603076 433541 26222.6541   57  331 27625.0000 24554.0000  11.1%  46.6 1513s
 604858 435761 26557.8055   61  504 27625.0000 24554.0955  11.1%  46.8 1520s
 608056 436280 infeasible   74      27625.0000 24554.1442  11.1%  46.8 1525s
 608707 437978 25975.7838  103  238 27625.0000 24554.1489  11.1%  46.8 1531s
 611133 438443 24554.2346   43  639 27625.0000 24554.2185  11.1%  46.8 1536s
 613715 440197 25236.1541   54  661 27625.0000 24554.2346  11.1%  46.9 1543s
 614620 440603 24668.9340   42  694 27625.0000 24554.3439  11.1%  47.0 1547s
 615226 441946 26108.0000   74  367 27625.0000 24554.3439  11.1%  47.0 1552s
 617535 444280 24583.4274   33  641 27625.0000 24554.4585  11.1%  47.1 1566s
 620703 444802 24555.8987   41  647 27625.0000 24554.4863  11.1%  47.2 1571s
 621400 446413 26674.8882   58  470 27625.0000 24554.6082  11.1%  47.3 1577s
 623717 446945 infeasible   68      27625.0000 24554.7529  11.1%  47.4 1582s
 624503 448703 25443.3548   59  449 27625.0000 24554.7729  11.1%  47.4 1587s
 627191 449107 infeasible   36      27625.0000 24554.8572  11.1%  47.4 1592s
 627772 450578 24645.0000   41  561 27625.0000 24554.9591  11.1%  47.5 1596s
 629851 450954 infeasible  118      27625.0000 24555.0000  11.1%  47.5 1601s
 630433 452155 27472.3950  113  159 27625.0000 24555.0913  11.1%  47.5 1605s
H630569 452110                    27618.000000 24555.0913  11.1%  47.5 1605s
H632231 452102                    27617.000000 24555.1174  11.1%  47.6 1610s
H632232 447953                    27357.000000 24555.1174  10.2%  47.6 1610s
 632262 453279 25253.4627   64  549 27357.0000 24555.1174  10.2%  47.6 1661s
*639078 453252             186    27355.000000 24555.2289  10.2%  48.0 1661s
*639922 453124             213    27350.000000 24555.7180  10.2%  48.0 1661s
*639923 453074             213    27348.000000 24555.7180  10.2%  48.0 1661s
 640270 455336 26703.2991   90  263 27348.0000 24555.7516  10.2%  48.0 1669s
H640728 455310                    27347.000000 24555.7516  10.2%  48.1 1669s
H641709 454920                    27329.000000 24555.8000  10.1%  48.1 1669s
H643357 454900                    27328.000000 24555.8469  10.1%  48.1 1669s
 643685 456358 25012.5026   53  641 27328.0000 24555.9052  10.1%  48.1 1675s
 645947 457761 24882.9143   80  608 27328.0000 24556.0000  10.1%  48.2 1680s
 649256 459314 24890.4384   31  727 27328.0000 24556.0000  10.1%  48.2 1686s
H649355 458966                    27316.000000 24556.0000  10.1%  48.2 1686s
H649538 458767                    27307.000000 24556.0000  10.1%  48.2 1686s
 650478 459854 24584.7369   38  720 27307.0000 24556.0000  10.1%  48.3 1690s
 653592 461606 25050.6465   50  606 27307.0000 24556.0000  10.1%  48.3 1697s
 655033 462710 24895.0900   38  680 27307.0000 24556.0000  10.1%  48.3 1700s
H656656 463334                    27292.000000 24556.0000  10.0%  48.3 1704s
H657787 463241                    27286.000000 24556.0000  10.0%  48.3 1704s
 658016 464473 25115.5703   44  618 27286.0000 24556.0000  10.0%  48.3 1707s
 659840 464834 24573.9080   50  634 27286.0000 24556.0000  10.0%  48.3 1710s
 661880 466200 26055.0000   82  398 27286.0000 24556.0029  10.0%  48.4 1717s
 662328 467090 27046.8154  130  225 27286.0000 24556.0029  10.0%  48.4 1720s
H663687 467147                    27284.000000 24556.1833  10.0%  48.5 1723s
H663725 466954                    27275.000000 24556.1833  10.0%  48.5 1723s
 663890 468413 25776.5799   50  491 27275.0000 24556.2128  10.0%  48.5 1735s
 666423 470259 24782.9359   40  614 27275.0000 24556.3631  10.0%  48.6 1741s
 669386 470752 25412.0000   59  349 27275.0000 24556.4769  10.0%  48.7 1747s
 670145 472250 infeasible   53      27275.0000 24556.5211  10.0%  48.7 1752s
 672442 472527 infeasible   85      27275.0000 24556.5417  10.0%  48.7 1756s
 672989 473888 25489.3562   61  525 27275.0000 24556.5417  10.0%  48.8 1761s
 674970 474278 25103.7994   63  649 27275.0000 24556.6074  10.0%  48.8 1765s
 676546 475270 infeasible   60      27275.0000 24556.6990  10.0%  48.9 1774s
 677121 475325 25421.8341   42  638 27275.0000 24556.6990  10.0%  49.0 1782s
 677180 475930 24693.0163   46  532 27275.0000 24556.6990  10.0%  49.0 1786s
 677975 477465 26795.5089  104  206 27275.0000 24556.7183  10.0%  49.0 1792s
 680436 477818 24674.4102   39  718 27275.0000 24556.8356  10.0%  49.0 1795s
 680875 479307 26690.3669   89  342 27275.0000 24556.9025  10.0%  49.0 1800s
 684021 480570 25007.0269   47  539 27275.0000 24557.0405  10.0%  49.1 1807s
 684981 481246 25355.8635   43  628 27275.0000 24557.0700  10.0%  49.2 1811s
 685940 482724 26431.2000   64  444 27275.0000 24557.1667  10.0%  49.2 1815s
 688785 484861 26248.0000   66  246 27275.0000 24557.2139  10.0%  49.3 1823s
 691171 485400 24557.2139   32  563 27275.0000 24557.2139  10.0%  49.4 1827s
 691865 486799 24623.3066   35  679 27275.0000 24557.2139  10.0%  49.4 1832s
 693918 487953 25634.5814   69  499 27275.0000 24557.2139  10.0%  49.4 1835s
 695919 490065 25154.8916   81  385 27275.0000 24557.2139  10.0%  49.4 1845s
 699320 491902 26701.7000  101  279 27275.0000 24557.4296  10.0%  49.5 1852s
 701099 492330 infeasible  125      27275.0000 24557.5608  10.0%  49.6 1856s
 701726 493658 26868.0000  105  220 27275.0000 24557.6103  10.0%  49.6 1860s
 704193 495450 26714.0739   70  349 27275.0000 24557.7343  10.0%  49.7 1868s
H705983 495415                    27273.000000 24557.7793  10.0%  49.7 1868s
 706215 495405 24613.9246   38  577 27273.0000 24557.8511  10.0%  49.7 1879s
H706227 495359                    27271.000000 24557.8511  9.95%  49.7 1879s
H706232 492776                    27186.000000 24557.8511  9.67%  49.7 1879s
 706241 493238 24630.2865   39  600 27186.0000 24557.8634  9.67%  49.7 1884s
 706892 493661 24677.9330   47  714 27186.0000 24557.9246  9.67%  49.7 1889s
 707587 494553 25440.4358   50  444 27186.0000 24557.9568  9.67%  49.8 1894s
 708907 495138 24569.0000   30  566 27186.0000 24558.0239  9.67%  49.8 1900s
 709725 496175 24802.1515   52  585 27186.0000 24558.0374  9.67%  49.9 1905s
H711363 496253                    27185.000000 24558.2150  9.66%  49.9 1909s
 711564 498161 infeasible   61      27185.0000 24558.2350  9.66%  49.9 1928s
 714390 500146 25077.0106   50  597 27185.0000 24558.4604  9.66%  50.1 1937s
H717810 500877                    27180.000000 24558.6319  9.64%  50.1 1943s
 719072 501497 infeasible   55      27180.0000 24558.6807  9.64%  50.1 1949s
 719991 502777 25024.0878   42  574 27180.0000 24558.7772  9.64%  50.2 1954s
 721926 503240 infeasible   47      27180.0000 24559.0000  9.64%  50.2 1959s
 722646 504300 24560.7981   35  685 27180.0000 24559.0000  9.64%  50.3 1965s
 724293 504893 24559.0000   33  684 27180.0000 24559.0000  9.64%  50.3 1970s
 726769 506092 24663.7841   33  571 27180.0000 24559.0000  9.64%  50.4 1976s
 727043 507758 24938.9790   36  547 27180.0000 24559.0000  9.64%  50.4 1986s
 729349 510020 25971.2823   58  373 27180.0000 24559.0000  9.64%  50.6 1992s
 732528 510489 24575.9246   34  606 27180.0000 24559.0000  9.64%  50.6 1996s
 733304 511601 24641.9246   34  593 27180.0000 24559.0147  9.64%  50.6 2000s
 735504 513155 24781.6207   44  672 27180.0000 24559.2128  9.64%  50.7 2008s
 737459 513582 24607.8686   31  666 27180.0000 24559.3201  9.64%  50.8 2011s
 738147 513985 24690.8934   43  500 27180.0000 24559.3312  9.64%  50.8 2015s
 739909 515090 25761.0299   60  379 27180.0000 24559.3333  9.64%  50.9 2025s
 740564 516320 24865.7201   48  537 27180.0000 24559.3333  9.64%  50.9 2030s
 742834 517896 26070.0000   77  318 27180.0000 24559.3339  9.64%  51.0 2048s
 744986 520159 27149.4600   76  216 27180.0000 24559.4008  9.64%  51.1 2055s
 749780 521434 infeasible   46      27180.0000 24559.7000  9.64%  51.2 2063s
 750498 522643 26934.3333   93  305 27180.0000 24559.7661  9.64%  51.3 2067s
H750904 522578                    27179.000000 24559.7661  9.64%  51.3 2067s
 752307 523118 24669.9246   40  587 27179.0000 24559.7778  9.64%  51.3 2071s
 753046 524691 25685.8433   55  505 27179.0000 24559.8686  9.64%  51.3 2076s
 756187 526739 25265.2857   96  336 27179.0000 24559.8686  9.64%  51.3 2083s
 758313 527026 infeasible   34      27179.0000 24559.8686  9.64%  51.3 2085s
 758710 528047 26847.0000   96  216 27179.0000 24559.8686  9.64%  51.4 2092s
 760289 530903 24625.8686   45  514 27179.0000 24559.8686  9.64%  51.4 2098s
 763966 531304 25266.3339   42  533 27179.0000 24559.8686  9.64%  51.4 2101s
 764535 532446 24727.8686   42  540 27179.0000 24559.8686  9.64%  51.4 2106s
 766163 532785 infeasible   75      27179.0000 24559.8686  9.64%  51.4 2110s
 768244 534195 24741.0000   38  694 27179.0000 24559.8686  9.64%  51.5 2119s
 768727 535814 24919.7426   43  583 27179.0000 24559.8686  9.64%  51.5 2124s
 771257 536268 24717.8686   38  670 27179.0000 24559.8686  9.64%  51.5 2128s
 771903 537157 25490.2237   63  449 27179.0000 24559.8686  9.64%  51.5 2132s
 773259 537296 25180.8863   41  579 27179.0000 24560.0000  9.64%  51.5 2136s
 773573 538305 25189.3159   44  583 27179.0000 24560.0553  9.64%  51.6 2148s
 775175 540631 26427.0000   70  417 27179.0000 24560.1327  9.64%  51.7 2158s
 778789 540933 infeasible   59      27179.0000 24560.3986  9.63%  51.7 2163s
 779261 541519 24614.3986   31  665 27179.0000 24560.3986  9.63%  51.8 2170s
 780050 543072 25205.9020   52  569 27179.0000 24560.3986  9.63%  51.8 2177s
 782303 543449 24570.3986   33  675 27179.0000 24560.3986  9.63%  51.8 2182s
 782907 544799 25927.9156   55  486 27179.0000 24560.3986  9.63%  51.9 2189s
 784775 545178 infeasible   48      27179.0000 24560.3986  9.63%  51.9 2195s
 785375 545600 infeasible   53      27179.0000 24560.3986  9.63%  52.0 2201s
 786067 546980 26349.5390   67  319 27179.0000 24560.3986  9.63%  52.0 2206s
 788256 547094 infeasible   97      27179.0000 24560.3986  9.63%  52.0 2210s
 788457 549010 24978.3986   43  518 27179.0000 24560.3986  9.63%  52.0 2230s
 791109 550810 24818.0933   55  523 27179.0000 24560.3986  9.63%  52.2 2239s
 793851 552247 24735.7646   39  688 27179.0000 24560.5312  9.63%  52.2 2245s
 796445 552652 25203.3893   43  659 27179.0000 24560.6086  9.63%  52.2 2251s
 798286 554083 infeasible   55      27179.0000 24560.7317  9.63%  52.3 2260s
 799127 555582 25302.9470   44  463 27179.0000 24560.7717  9.63%  52.3 2266s
 801478 556094 25015.7200   39  577 27179.0000 24560.8040  9.63%  52.3 2272s
 802127 557356 26391.0000  116  276 27179.0000 24560.8040  9.63%  52.4 2278s
 804043 557614 24566.5412   45  609 27179.0000 24560.8040  9.63%  52.4 2282s
 804423 559115 24786.5053   50  538 27179.0000 24560.8904  9.63%  52.4 2292s
 806707 559785     cutoff   99      27179.0000 24560.9950  9.63%  52.5 2299s
 807678 561322 25661.4207   54  498 27179.0000 24561.0000  9.63%  52.5 2306s
 810029 561774 24563.7093   36  859 27179.0000 24561.0505  9.63%  52.6 2312s
 810693 563589 25104.2226   45  556 27179.0000 24561.1024  9.63%  52.6 2318s
 813251 564050 24717.0000   43  415 27179.0000 24561.2114  9.63%  52.6 2324s
 813840 564550 26027.5000   91  269 27179.0000 24561.2310  9.63%  52.7 2329s
 814596 565908 26067.9677   66  392 27179.0000 24561.2528  9.63%  52.7 2334s
 816526 566373 infeasible   60      27179.0000 24561.2935  9.63%  52.7 2339s
 817134 567685 24626.7845   38  675 27179.0000 24561.3445  9.63%  52.7 2345s
 819444 569043 24671.0000   38  513 27179.0000 24561.4514  9.63%  52.8 2360s
 821202 571243 infeasible   77      27179.0000 24561.4978  9.63%  52.8 2369s
 824402 571550 infeasible   78      27179.0000 24561.5552  9.63%  52.8 2374s
 824887 571912 25620.3742   45  528 27179.0000 24561.6103  9.63%  52.9 2380s
 825454 573151 25884.1525   62  481 27179.0000 24561.6445  9.63%  52.9 2385s
 827335 573645 24678.7062   36  565 27179.0000 24561.7498  9.63%  52.9 2390s
 828099 574526 24568.5976   46  674 27179.0000 24561.7629  9.63%  53.0 2396s
 829519 575006 24893.9246   50  453 27179.0000 24561.9601  9.63%  53.0 2401s
 830212 576303 26916.7500   91  186 27179.0000 24561.9797  9.63%  53.0 2407s
 832221 576629 24815.0000   37  545 27179.0000 24562.1445  9.63%  53.1 2412s
 832769 577276 25486.4492   50  579 27179.0000 24562.1969  9.63%  53.1 2418s
 833761 577912 24591.8686   40  673 27179.0000 24562.2527  9.63%  53.1 2421s
 834726 578284 24691.0000   44  548 27179.0000 24562.3788  9.63%  53.2 2426s
 835294 579575 24714.5000   47  559 27179.0000 24562.4034  9.63%  53.2 2433s
 837203 579993 27075.9087   80  404 27179.0000 24562.4861  9.63%  53.2 2439s
 837844 580853 25893.0000   85  233 27179.0000 24562.4914  9.63%  53.2 2445s
 839014 582216 25187.5032   48  577 27179.0000 24562.4980  9.63%  53.3 2451s
 841258 582524 24635.9241   49  663 27179.0000 24562.6335  9.63%  53.3 2456s
 841772 583141 25426.9481   50  586 27179.0000 24562.7354  9.63%  53.3 2462s
 842636 584368 26130.8161   59  473 27179.0000 24562.7872  9.63%  53.3 2468s
 844380 584872 25457.2564   83  382 27179.0000 24562.7872  9.63%  53.4 2473s
 845117 585852 24567.1288   46  708 27179.0000 24562.7872  9.63%  53.4 2479s
 846607 586317 infeasible   45      27179.0000 24562.7872  9.63%  53.4 2485s
 847264 587216 25739.0000   92  269 27179.0000 24562.7872  9.63%  53.5 2491s
 848583 587411 25246.0629   64  528 27179.0000 24562.8182  9.63%  53.5 2495s
 848920 588824 infeasible   52      27179.0000 24562.8269  9.63%  53.5 2509s
 851057 590892 24735.0167   46  555 27179.0000 24563.0000  9.63%  53.6 2517s
 854107 591452 24969.4625   67  562 27179.0000 24563.0000  9.63%  53.6 2523s
 854844 592706 25815.6712  106  264 27179.0000 24563.0000  9.63%  53.7 2529s
 856584 593274 infeasible   44      27179.0000 24563.0000  9.63%  53.7 2535s
 857421 594286 26805.0000  108  259 27179.0000 24563.0000  9.63%  53.7 2540s
 858921 594739 25115.0047   47  676 27179.0000 24563.0000  9.63%  53.8 2546s
 859595 595905 26662.0965   69  453 27179.0000 24563.0000  9.63%  53.8 2551s
 861320 596356 25200.2910   46  513 27179.0000 24563.1330  9.62%  53.8 2558s
 861986 597837 26260.0000   54  343 27179.0000 24563.1481  9.62%  53.9 2563s
 864177 598172 25604.5377   46  555 27179.0000 24563.1959  9.62%  53.9 2567s
 864628 599134 infeasible  112      27179.0000 24563.2135  9.62%  53.9 2577s
 866066 599941 infeasible   63      27179.0000 24563.2971  9.62%  54.0 2587s
 867275 601979 24807.8151   49  510 27179.0000 24563.4245  9.62%  54.0 2595s
 869828 602509 26304.3164  158  173 27179.0000 24563.4274  9.62%  54.1 2602s
 870659 603354 24659.8703   47  607 27179.0000 24563.4274  9.62%  54.1 2610s
 871825 604827 25656.4283   61  454 27179.0000 24563.4274  9.62%  54.1 2616s
 873879 605259 24631.9024   33  704 27179.0000 24563.4274  9.62%  54.2 2623s
 874655 606779 24568.4565   34  778 27179.0000 24563.4274  9.62%  54.2 2629s
 876781 607389 25165.2077   58  515 27179.0000 24563.4274  9.62%  54.2 2636s
 877620 608510 24631.4274   45  548 27179.0000 24563.4274  9.62%  54.3 2642s
 879259 608758 24631.0474   33  747 27179.0000 24563.4274  9.62%  54.3 2646s
 879629 609646 24631.4274   49  501 27179.0000 24563.4274  9.62%  54.4 2658s
 880950 611810 24564.1966   38  640 27179.0000 24563.4274  9.62%  54.4 2669s

Cutting planes:
  Learned: 319
  Gomory: 504
  Cover: 2851
  Implied bound: 742
  Projected implied bound: 21
  Clique: 405
  MIR: 952
  StrongCG: 85
  Flow cover: 4289
  GUB cover: 6
  Inf proof: 75
  Zero half: 200
  Network: 59
  RLT: 220
  Relax-and-lift: 283
  BQP: 1

Explored 883992 nodes (48260977 simplex iterations) in 2669.33 seconds (2016.07 work units)
Thread count was 8 (of 8 available processors)

Solution count 10: 27179 27180 27185 ... 27292

Solve interrupted
Best objective 2.717900000000e+04, best bound 2.456342739726e+04, gap 9.6235%

User-callback calls 2174481, time in user-callback 8.58 sec

Statistics for modelBGB_BWES:
  Linear constraint matrix    : 23919 Constrs, 9987 Vars, 88114 NZs
  Variable types              : 3270 Continuous,
6717 Integer (1378 Binary)
  Matrix coefficient range    : [ 1, 200 ]
  Objective coefficient range : [ 1, 386 ]
  Variable bound range        : [ 1, 199 ]
  RHS coefficient range       : [ 1, 549 ]
