
Gurobi 10.0.1 (mac64[arm]) logging started Thu Apr  4 13:01:35 2024

Set parameter LogFile to value "/Users/deniserings/Documents/zib/s-bahn-data/scripts/DeniseMA/processed/BGB_BWES/RENS/BGB_BWES_subMBP_random0_0.9_202404041301.log"
Gurobi Optimizer version 10.0.1 build v10.0.1rc0 (mac64[arm])

CPU model: Apple M2
Thread count: 8 physical cores, 8 logical processors, using up to 8 threads

Optimize a model with 23919 rows, 9987 columns and 88114 nonzeros
Model fingerprint: 0x1a37e71e
Variable types: 3270 continuous, 6717 integer (1378 binary)
Coefficient statistics:
  Matrix range     [1e+00, 2e+02]
  Objective range  [1e+00, 4e+02]
  Bounds range     [1e+00, 2e+02]
  RHS range        [1e+00, 5e+02]
Presolve removed 10897 rows and 2980 columns
Presolve time: 0.12s
Presolved: 13022 rows, 7007 columns, 50683 nonzeros
Variable types: 1832 continuous, 5175 integer (5175 binary)

Root relaxation: objective 2.329800e+04, 4262 iterations, 0.03 seconds (0.05 work units)

    Nodes    |    Current Node    |     Objective Bounds      |     Work
 Expl Unexpl |  Obj  Depth IntInf | Incumbent    BestBd   Gap | It/Node Time

     0     0 23298.0000    0  441          - 23298.0000      -     -    0s
     0     0 23459.0916    0  864          - 23459.0916      -     -    0s
     0     0 23459.1160    0  937          - 23459.1160      -     -    0s
     0     0 23481.7314    0  952          - 23481.7314      -     -    0s
     0     0 23492.6730    0  933          - 23492.6730      -     -    0s
     0     0 23492.6730    0  871          - 23492.6730      -     -    1s
     0     0 23504.9598    0  914          - 23504.9598      -     -    1s
     0     0 23508.2830    0  867          - 23508.2830      -     -    1s
     0     0 23508.7234    0  838          - 23508.7234      -     -    1s
     0     0 23508.7234    0  824          - 23508.7234      -     -    1s
     0     0 23520.5633    0 1097          - 23520.5633      -     -    1s
     0     0 23520.5633    0  951          - 23520.5633      -     -    1s
     0     0 23520.6310    0 1083          - 23520.6310      -     -    1s
     0     0 23520.6310    0 1039          - 23520.6310      -     -    1s
     0     0 23520.6311    0 1044          - 23520.6311      -     -    1s
     0     0 23520.6311    0  330          - 23520.6311      -     -    1s
     0     0 23520.6311    0  346          - 23520.6311      -     -    2s
     0     0 23520.6311    0  627          - 23520.6311      -     -    2s
     0     0 23520.6311    0  613          - 23520.6311      -     -    2s
     0     0 23520.6311    0  618          - 23520.6311      -     -    2s
     0     0 23522.7345    0  738          - 23522.7345      -     -    2s
     0     0 23535.9776    0  671          - 23535.9776      -     -    2s
     0     0 23535.9776    0  676          - 23535.9776      -     -    2s
     0     0 23539.8935    0  690          - 23539.8935      -     -    3s
     0     0 23540.0364    0  646          - 23540.0364      -     -    3s
     0     0 23540.0364    0  647          - 23540.0364      -     -    3s
     0     0 23540.7603    0  812          - 23540.7603      -     -    3s
     0     0 23545.3333    0  795          - 23545.3333      -     -    3s
     0     0 23545.3333    0  689          - 23545.3333      -     -    3s
     0     0 23545.3333    0  763          - 23545.3333      -     -    3s
     0     0 23545.3333    0  713          - 23545.3333      -     -    3s
     0     0 23551.5833    0  778          - 23551.5833      -     -    3s
     0     0 23558.3333    0  712          - 23558.3333      -     -    3s
     0     0 23558.3333    0  697          - 23558.3333      -     -    3s
     0     0 23558.3333    0  726          - 23558.3333      -     -    3s
     0     0 23558.3333    0  658          - 23558.3333      -     -    3s
     0     0 23558.3333    0  695          - 23558.3333      -     -    3s
     0     0 23558.3333    0  645          - 23558.3333      -     -    3s
     0     0 23558.3333    0  339          - 23558.3333      -     -    4s
     0     0 23558.3333    0  608          - 23558.3333      -     -    4s
     0     0 23565.3333    0  408          - 23565.3333      -     -    4s
     0     0 23565.3333    0  534          - 23565.3333      -     -    4s
     0     0 23565.3333    0  608          - 23565.3333      -     -    4s
     0     0 23565.3333    0  555          - 23565.3333      -     -    4s
     0     0 23565.3333    0  318          - 23565.3333      -     -    4s
     0     0 23565.3333    0  427          - 23565.3333      -     -    4s
     0     0 23572.9602    0  280          - 23572.9602      -     -    4s
     0     0 23573.1640    0  482          - 23573.1640      -     -    5s
     0     0 23573.1640    0  533          - 23573.1640      -     -    5s
     0     0 23576.3773    0  563          - 23576.3773      -     -    5s
     0     0 23576.6543    0  548          - 23576.6543      -     -    5s
     0     0 23576.9045    0  560          - 23576.9045      -     -    5s
     0     0 23577.0924    0  540          - 23577.0924      -     -    5s
     0     0 23577.0924    0  564          - 23577.0924      -     -    5s
     0     0 23578.7389    0  596          - 23578.7389      -     -    5s
     0     0 23578.7591    0  570          - 23578.7591      -     -    5s
     0     0 23578.9386    0  608          - 23578.9386      -     -    5s
     0     0 23578.9386    0  563          - 23578.9386      -     -    5s
     0     0 23578.9386    0  602          - 23578.9386      -     -    5s
     0     0 23578.9386    0  323          - 23578.9386      -     -    5s
     0     2 23578.9386    0  306          - 23578.9386      -     -    6s
  3208  2676 24839.0000  106  692          - 23681.6283      -  26.8   10s
  3247  2702 24723.0000   77  312          - 24011.4471      -  26.4   15s
  4645  3423 25726.1000   93  388          - 24180.7886      -  48.9   20s
 10049  5944 24710.2371   23  437          - 24237.6371      -  40.9   25s
 17450 11215 24658.0000   34  504          - 24336.0000      -  36.1   30s
 24045 17322 26098.0000   82  393          - 24361.0000      -  35.5   35s
 29695 20997 infeasible   72               - 24385.1610      -  34.6   45s
 35064 25694 25098.0000   53  501          - 24387.2831      -  34.4   50s
 43320 31919 24855.0000   31  538          - 24392.0000      -  33.8   55s
 48804 36133 24987.0000   74  394          - 24395.7423      -  33.7   60s
 56471 41400 24658.0390   72  430          - 24402.0591      -  33.2   65s
 63317 46379 infeasible   88               - 24404.3976      -  33.3   70s
 69348 51785 24695.0000   79  442          - 24408.2227      -  33.6   75s
 74146 59752 24677.6923   37  458          - 24412.6276      -  33.8   81s
 82165 60811 25239.8603   51  326          - 24414.0981      -  34.1   85s
 88193 65094 infeasible  104               - 24417.2342      -  34.6   90s
 93496 69393 24735.0000   34  542          - 24418.4667      -  35.0   95s
 99507 74371 24681.0000   49  483          - 24420.4837      -  35.3  100s
 104905 80561 24881.9790   36  568          - 24421.9885      -  35.6  106s
 109364 80879 24628.0000   48  469          - 24423.5744      -  35.8  110s
 115624 85513 24687.2026   45  501          - 24424.5209      -  36.0  115s
 120882 90098 24611.9568   42  483          - 24427.5718      -  36.3  120s
 127732 94500 infeasible   97               - 24430.4129      -  36.6  127s
 129288 96188 25547.0000   41  533          - 24430.6527      -  36.8  130s
 134883 100004 24503.0088   25  635          - 24432.7178      -  37.3  135s
 140611 104970 infeasible   44               - 24433.3408      -  37.6  140s
 146325 109263 25585.0000   96  478          - 24433.8039      -  37.9  145s
 149613 114530 24784.0000   39  545          - 24433.9648      -  38.0  150s
 158526 117700 24984.9900   79  407          - 24435.0546      -  38.3  155s
 160569 119860 24882.0000   47  364          - 24435.3408      -  38.4  160s
 164844 125303 26769.0000  103  377          - 24435.3408      -  38.6  166s
 171361 127825 24663.0000   53  414          - 24435.5823      -  38.9  170s
 177375 131487 25209.0000   41  526          - 24435.8760      -  39.1  178s
 177639 131872 24646.1948   40  482          - 24435.8760      -  39.2  180s
 179725 135855 24623.7624   37  503          - 24436.0739      -  39.4  185s
 186191 138850 25112.8901   58  480          - 24437.0777      -  39.7  190s
 190285 141240 25805.1456   59  504          - 24437.8208      -  39.9  195s
 194371 144319 24658.0000   34  472          - 24438.4127      -  40.1  200s
 199235 148705 24775.6160   58  448          - 24439.6530      -  40.4  205s
 203631 151252 25561.4304   80  449          - 24440.1221      -  40.7  210s
 206837 154256 26544.0743   97  357          - 24440.5292      -  41.0  215s
 210821 156813 26414.8896  107  399          - 24441.8380      -  41.1  220s
 214130 159367 24947.6131   55  548          - 24442.7117      -  41.4  225s
 218165 162094 24562.9573   32  549          - 24443.5828      -  41.7  230s
 220664 164630 24833.6530   45  478          - 24443.8160      -  41.9  235s
 225947 167670 infeasible   40               - 24445.5773      -  42.0  240s
 228929 170820 24747.0000   36  618          - 24446.3558      -  42.2  246s
 233013 173751 24531.6530   27  579          - 24447.4706      -  42.2  251s
 235794 175866 24752.0000   53  493          - 24447.8353      -  42.3  255s
 239819 178277 24605.6530   26  573          - 24448.6078      -  42.4  260s
 240148 181227 24883.6530   53  482          - 24448.7322      -  42.4  265s
 244076 181231 infeasible  104               - 24449.0000      -  42.5  272s
 244435 181741 24961.1022   52  556          - 24449.0000      -  42.6  275s
 246709 183370 infeasible   60               - 24449.2241      -  42.7  280s
 250213 185857 infeasible   52               - 24449.2651      -  42.8  285s
 252386 187561 infeasible   71               - 24449.2651      -  43.0  290s
 254811 192193 24653.2730   51  525          - 24449.2651      -  43.1  298s
 259454 192495 24871.6530   34  621          - 24449.4767      -  43.3  300s
 261935 195183 24704.6923   43  500          - 24449.7576      -  43.4  306s
 266031 197346 infeasible  116               - 24450.2734      -  43.4  310s
 268556 200019 24723.4995   35  530          - 24450.7684      -  43.5  315s
 270219 202481 25125.6530   60  527          - 24450.8986      -  43.6  320s
 274910 204564 24889.0000   40  567          - 24451.0420      -  43.6  325s
 278467 207229 24621.6923   50  511          - 24451.7966      -  43.8  331s
 280750 208888 24980.6923   33  646          - 24452.3722      -  44.0  335s
 284651 211337 24590.0000   29  553          - 24452.8205      -  44.0  340s
 287478 213437 24724.5286   31  678          - 24453.2556      -  44.2  345s
 290704 216427 25794.0807   81  442          - 24453.7966      -  44.3  350s
 293946 218269 24611.6530   34  647          - 24454.3394      -  44.5  355s
 296987 221030 25107.6530   55  510          - 24454.6530      -  44.5  360s
 299365 225347 24701.8390   35  591          - 24455.4250      -  44.7  368s
 304011 225675 24792.0000   58  421          - 24455.9423      -  44.8  373s
H304159 225675                    32192.000000 24455.9423  24.0%  44.8  373s
H304160 225798                    29094.000000 24455.9423  15.9%  44.8  375s
H304240 225798                    29084.000000 24455.9423  15.9%  44.8  375s
 305046 227036 24623.6530   45  535 29084.0000 24456.2772  15.9%  44.9  380s
H306304 227847                    29071.000000 24456.5122  15.9%  45.0  384s
H306506 227847                    29070.000000 24456.7888  15.9%  45.0  384s
 307088 227938 25117.2763   25  636 29070.0000 24457.0070  15.9%  45.0  387s
H307115 227935                    29050.000000 24457.0070  15.8%  45.0  387s
 307221 228131 25165.2119   38  605 29050.0000 24457.0070  15.8%  45.1  391s
H307272 228131                    29042.000000 24457.0070  15.8%  45.1  391s
H307431 228305                    29014.000000 24457.0070  15.7%  45.1  394s
H307639 228479                    29010.000000 24457.0070  15.7%  45.1  398s
H307665 228479                    29006.000000 24457.0070  15.7%  45.1  398s
H307837 228479                    29005.000000 24457.0070  15.7%  45.2  398s
 307856 228651 28076.2393  111  161 29005.0000 24457.2837  15.7%  45.2  400s
H307862 228651                    29003.999956 24457.2837  15.7%  45.2  400s
H307898 228651                    28997.000000 24457.2961  15.7%  45.2  400s
H308277 228855                    28992.000000 24457.2961  15.6%  45.2  403s
 308332 229135 24996.0000   62  527 28992.0000 24457.3056  15.6%  45.2  406s
H308714 230192                    28960.000000 24457.3056  15.5%  45.3  409s
 310074 230216 24463.2227   23  778 28960.0000 24457.8038  15.5%  45.3  413s
 310142 230611 infeasible   47      28960.0000 24457.8047  15.5%  45.4  416s
 311105 232005 24597.2409   37  541 28960.0000 24457.9380  15.5%  45.5  423s
 312484 232347 25204.6617   80  456 28960.0000 24458.1507  15.5%  45.6  426s
 314540 233626 infeasible   87      28960.0000 24458.7816  15.5%  45.7  431s
 314656 234901 25351.4920   44  549 28960.0000 24458.8266  15.5%  45.8  442s
H314841 234901                    28930.000000 24458.8266  15.5%  45.8  442s
 316348 237464 24823.0000   44  582 28930.0000 24459.1519  15.5%  46.1  451s
 319826 238387 24492.6555   29  688 28930.0000 24459.3123  15.5%  46.2  455s
 321667 239226 24546.3478   44  592 28930.0000 24459.6530  15.5%  46.4  463s
H322338 240232                    28929.000000 24459.8285  15.4%  46.5  469s
 323844 240563 24489.3189   23  611 28929.0000 24460.0342  15.4%  46.6  473s
H323922 240563                    28926.000000 24460.0342  15.4%  46.7  473s
 324261 241017 24537.4980   25  684 28926.0000 24460.0342  15.4%  46.7  477s
 324849 241740 24695.8198   33  605 28926.0000 24460.0342  15.4%  46.8  482s
 325909 242205 24503.7936   25  647 28926.0000 24460.5178  15.4%  46.9  486s
 326531 243345 infeasible   92      28926.0000 24460.6113  15.4%  47.0  491s
 328170 243766 24480.2033   27  675 28926.0000 24461.1016  15.4%  47.1  497s
 328728 244897 24546.7045   29  588 28926.0000 24461.2369  15.4%  47.3  502s
 330433 246239 24583.6530   28  640 28926.0000 24461.5882  15.4%  47.5  515s
 332043 248062 25824.4800  106  348 28926.0000 24461.8632  15.4%  47.8  523s
H332400 248062                    28925.999765 24461.8632  15.4%  47.9  523s
 334512 248584 infeasible   25      28925.9998 24462.3863  15.4%  48.0  528s
 335249 250324 24566.3071   29  654 28925.9998 24462.5946  15.4%  48.1  534s
 337675 250749 infeasible   51      28925.9998 24462.5946  15.4%  48.2  538s
 338220 251795 26845.4195   72  339 28925.9998 24462.5946  15.4%  48.3  541s
H339778 252198                    28923.999863 24463.1988  15.4%  48.4  545s
 340920 252976 24566.2196   23  718 28923.9999 24463.5776  15.4%  48.6  552s
 341402 254642 24476.0713   25  837 28923.9999 24463.6785  15.4%  48.7  555s
 344038 256136 25856.1635   51  421 28923.9999 24464.3936  15.4%  48.9  562s
 345587 256134 infeasible   28      28923.9999 24464.7774  15.4%  48.9  567s
H345592 256134                    28923.999859 24464.7774  15.4%  48.9  567s
H345603 256133                    28907.000000 24464.7774  15.4%  49.0  567s
H345604 256014                    28745.000000 24464.7774  14.9%  49.0  567s
 345605 261778 24488.2340   23  783 28745.0000 24464.7774  14.9%  49.0  621s
H349809 261380                    28338.000000 24465.0729  13.7%  49.6  621s
 353613 263279 27908.0000  160  142 28338.0000 24465.4001  13.7%  50.3  627s
 356320 264755 24579.8349   41  551 28338.0000 24465.4001  13.7%  50.4  632s
 358543 266195 24487.3439   23  743 28338.0000 24467.4515  13.7%  50.5  637s
 361730 267866 27089.0000  159  239 28338.0000 24468.0517  13.7%  50.7  642s
 362955 268621 24494.9863   21  713 28338.0000 24468.3765  13.7%  50.8  646s
H364015 268648                    28323.000000 24468.5378  13.6%  50.9  650s
H364016 268638                    28311.000000 24468.5378  13.6%  50.9  650s
H364019 268637                    28310.000000 24468.5378  13.6%  50.9  650s
H364020 268614                    28303.000000 24468.5378  13.5%  50.9  651s
H365815 270565                    28302.000000 24468.7238  13.5%  51.0  656s
 366835 270846 24576.5297   34  641 28302.0000 24468.7958  13.5%  51.1  660s
 368593 272100 24581.4444   24  779 28302.0000 24469.0000  13.5%  51.3  666s
 369590 273622 24858.4337   32  669 28302.0000 24469.1136  13.5%  51.5  673s
 371111 273945 24873.0000   53  467 28302.0000 24469.3350  13.5%  51.6  676s
 373296 275673 infeasible   29      28302.0000 24469.6174  13.5%  51.9  683s
 373930 276842 25968.9405   56  553 28302.0000 24469.6530  13.5%  52.0  686s
 375803 278032 24961.3254   64  576 28302.0000 24469.9788  13.5%  52.1  696s
 377172 279650 25058.4047   61  563 28302.0000 24470.1248  13.5%  52.3  702s
 379561 280229 24644.0765   29  660 28302.0000 24470.6518  13.5%  52.5  706s
 380293 280950 24728.5679   50  591 28302.0000 24470.7394  13.5%  52.6  710s
H380540 280908                    28278.000000 24470.7394  13.5%  52.6  710s
H380810 280844                    28240.000000 24470.8861  13.3%  52.6  710s
 381287 281322 infeasible   88      28240.0000 24470.9176  13.3%  52.6  715s
 381945 282666 24554.2001   30  650 28240.0000 24470.9176  13.3%  52.8  720s
 384442 284511 27245.3388   82  331 28240.0000 24471.1398  13.3%  53.0  728s
 386465 284953 24539.6561   30  712 28240.0000 24471.3245  13.3%  53.1  731s
 387033 286217 24692.3446   37  658 28240.0000 24471.5057  13.3%  53.2  735s
 389291 287008 24580.2448   25  663 28240.0000 24472.1463  13.3%  53.4  742s
 389891 288319 24498.5560   27  727 28240.0000 24472.2045  13.3%  53.5  746s
 391992 289591 25300.1706   43  567 28240.0000 24472.5741  13.3%  53.6  756s
 393585 291692 24718.3655   25  729 28240.0000 24472.7178  13.3%  53.8  762s
 396470 292067 24526.2061   26  622 28240.0000 24473.6445  13.3%  53.9  766s
 397516 293547 24875.9575   89  454 28240.0000 24473.8636  13.3%  54.1  773s
 399027 294148 infeasible   48      28240.0000 24474.4452  13.3%  54.2  777s
 399808 295365 25061.9289   42  562 28240.0000 24474.6127  13.3%  54.3  781s
 401494 295605 infeasible   35      28240.0000 24474.8903  13.3%  54.4  785s
 402870 296701 24848.0000   42  568 28240.0000 24475.0881  13.3%  54.6  793s
 403498 298173 25739.8354   49  578 28240.0000 24475.3178  13.3%  54.7  797s
 405476 298627 infeasible  122      28240.0000 24475.4529  13.3%  54.7  801s
 406076 299799 25508.5816   53  382 28240.0000 24475.7092  13.3%  54.8  805s
 407917 301209 24714.5465   27  604 28240.0000 24476.0541  13.3%  55.0  820s
 409843 303167 25787.8842   54  423 28240.0000 24476.0801  13.3%  55.2  827s
 412794 304007 24545.7692   30  628 28240.0000 24476.4296  13.3%  55.2  833s
 414093 304308 infeasible   34      28240.0000 24476.9148  13.3%  55.3  837s
 414553 305442 24488.3582   25  791 28240.0000 24477.0387  13.3%  55.4  841s
 416149 305804 24530.1718   28  750 28240.0000 24477.2772  13.3%  55.5  845s
 417481 307555 24973.1252   38  539 28240.0000 24477.3706  13.3%  55.7  853s
 419213 307934 infeasible   51      28240.0000 24477.9291  13.3%  55.7  857s
 419753 308322 26531.6274   60  410 28240.0000 24478.0458  13.3%  55.8  861s
 420375 309577 24913.5853   48  495 28240.0000 24478.4815  13.3%  55.9  866s
 422680 310772 25488.1130   50  552 28240.0000 24478.8818  13.3%  56.0  877s
 424136 312697 28174.8140   72  294 28240.0000 24479.0000  13.3%  56.3  884s
 426717 313397 25057.2989   48  358 28240.0000 24479.1612  13.3%  56.4  890s
 428598 315578 24556.9309   28  711 28240.0000 24479.4210  13.3%  56.7  900s
 430543 316132 25262.6636   47  562 28240.0000 24479.4734  13.3%  56.8  905s
 431337 317846 25433.7409   40  566 28240.0000 24479.5827  13.3%  56.9  911s
 433730 318423 24640.6834   25  754 28240.0000 24479.6882  13.3%  56.9  915s
 434522 319764 26121.3505   78  298 28240.0000 24479.7515  13.3%  57.0  920s
 436543 320201 infeasible   37      28240.0000 24480.1122  13.3%  57.1  925s
 437482 323010 24558.9909   28  814 28240.0000 24480.2467  13.3%  57.2  935s
 441518 323767 24850.0000   36  505 28240.0000 24480.8441  13.3%  57.4  942s
 442240 324399 24911.5665   32  602 28240.0000 24480.8903  13.3%  57.5  946s
 442988 325454 27043.0000   90  202 28240.0000 24480.9066  13.3%  57.5  950s
 445370 326988 24848.6176   37  567 28240.0000 24481.0232  13.3%  57.7  957s
 446896 327444 24682.7692   24  667 28240.0000 24481.2902  13.3%  57.8  961s
 447505 328752 24715.6302   43  618 28240.0000 24481.2902  13.3%  57.9  965s
 450104 330496 24534.0122   42  774 28240.0000 24481.5814  13.3%  58.0  973s
 451916 330825 24763.5002   38  673 28240.0000 24481.6938  13.3%  58.0  976s
 452321 331506 infeasible   90      28240.0000 24481.8058  13.3%  58.1  982s
 453297 333581 24821.3444   35  636 28240.0000 24481.9988  13.3%  58.2  992s
 456386 334128 24504.8324   26  597 28240.0000 24482.2100  13.3%  58.3  997s
 457128 334780 infeasible   33      28240.0000 24482.2931  13.3%  58.4 1003s
 458049 336310 24544.2488   32  701 28240.0000 24482.5616  13.3%  58.5 1009s
 460243 336638 24501.5078   27  654 28240.0000 24482.7290  13.3%  58.5 1015s
 460822 337891 26717.9107   75  322 28240.0000 24482.7409  13.3%  58.6 1020s
 462607 338521 infeasible   44      28240.0000 24482.8694  13.3%  58.7 1026s
 463435 339730 24585.5950   46  657 28240.0000 24483.0000  13.3%  58.7 1031s
 465189 340257 infeasible   34      28240.0000 24483.0190  13.3%  58.8 1036s
 465922 340851 26410.9799   60  371 28240.0000 24483.2455  13.3%  58.9 1041s
 467922 342472 infeasible   68      28240.0000 24483.4909  13.3%  59.0 1048s
 468960 342788 infeasible   55      28240.0000 24483.6530  13.3%  59.1 1052s
 469436 343265 26977.9559   53  432 28240.0000 24483.6667  13.3%  59.1 1056s
 470063 344638 24513.9636   28  637 28240.0000 24483.7530  13.3%  59.2 1061s
 472049 344971 infeasible   63      28240.0000 24483.9155  13.3%  59.3 1066s
 472561 345508 24595.9727   25  708 28240.0000 24483.9848  13.3%  59.4 1070s
 473272 346737 25536.6975   49  587 28240.0000 24484.0684  13.3%  59.5 1075s
 475091 347250 infeasible   96      28240.0000 24484.2641  13.3%  59.5 1080s
 475824 348560 26318.6603   69  423 28240.0000 24484.3783  13.3%  59.6 1085s
 477695 348990 infeasible   38      28240.0000 24484.6201  13.3%  59.6 1090s
 478317 349364 24680.0571   33  621 28240.0000 24484.7611  13.3%  59.7 1095s
H478357 349294                    28216.000000 24484.7611  13.2%  59.7 1096s
H478433 349267                    28210.000000 24484.7611  13.2%  59.7 1096s
 478822 349710 26702.2371   47  529 28210.0000 24484.8501  13.2%  59.8 1100s
 479455 350883 27141.1948   76  342 28210.0000 24484.9805  13.2%  59.9 1106s
 481076 351285 infeasible   49      28210.0000 24485.1495  13.2%  59.9 1111s
 482114 353610 25054.1215   44  485 28210.0000 24485.2149  13.2%  60.0 1120s
 485414 354557 27179.1729   88  328 28210.0000 24485.6530  13.2%  60.1 1129s
 486160 355900 26353.0048   91  411 28210.0000 24485.7213  13.2%  60.2 1134s
 488074 356339 24641.4928   30  505 28210.0000 24485.9417  13.2%  60.2 1139s
 488717 356812 24901.6859   33  587 28210.0000 24486.1217  13.2%  60.3 1144s
 489425 357867 24675.8023   39  679 28210.0000 24486.2320  13.2%  60.4 1149s
 490831 358396 24739.8350   34  671 28210.0000 24486.4246  13.2%  60.5 1154s
 491578 360043 26563.9725   65  416 28210.0000 24486.4928  13.2%  60.5 1159s
 493870 360583 25044.6548   27  703 28210.0000 24486.6374  13.2%  60.6 1164s
 494617 362207 26876.5426   75  394 28210.0000 24486.7611  13.2%  60.6 1170s
 497140 363459 24642.5273   29  579 28210.0000 24486.9980  13.2%  60.7 1182s
 498468 365347 24558.5097   37  627 28210.0000 24487.3024  13.2%  60.8 1192s
 501173 366148 infeasible   33      28210.0000 24487.3591  13.2%  60.9 1199s
 502214 367034 infeasible   52      28210.0000 24487.5217  13.2%  61.0 1206s
 503406 369167 24487.5217   36  766 28210.0000 24487.5217  13.2%  61.1 1213s
 506348 369753 infeasible  114      28210.0000 24487.5608  13.2%  61.1 1218s
 507132 370391 24868.0171   44  570 28210.0000 24487.7247  13.2%  61.2 1224s
 507986 372043 25137.0000   60  537 28210.0000 24487.8131  13.2%  61.3 1230s
 510528 372735 24961.5200   39  698 28210.0000 24487.9494  13.2%  61.3 1236s
H512009 373297                    28203.000000 24487.9700  13.2%  61.3 1239s
 512361 373750 infeasible   70      28203.0000 24488.0485  13.2%  61.3 1243s
 513001 375533 24722.7915   31  564 28203.0000 24488.1109  13.2%  61.4 1251s
 515475 375923 24818.6649   28  823 28203.0000 24488.2340  13.2%  61.5 1256s
 516047 376706 24753.7409   32  597 28203.0000 24488.2688  13.2%  61.5 1261s
 517078 378225 24918.0013   38  602 28203.0000 24488.4235  13.2%  61.6 1268s
 519133 378825 24603.4173   32  722 28203.0000 24488.6942  13.2%  61.6 1273s
 519949 380013 24605.8437   32  660 28203.0000 24488.7463  13.2%  61.7 1280s
 521862 380616 infeasible   31      28203.0000 24488.8475  13.2%  61.8 1286s
 522695 381113 infeasible  113      28203.0000 24488.8475  13.2%  61.8 1293s
 523445 382707 26555.5845   56  508 28203.0000 24489.0000  13.2%  61.9 1299s
 525592 383230 24667.8502   49  609 28203.0000 24489.1240  13.2%  61.9 1306s
 526760 385977 24955.5592   42  721 28203.0000 24489.2115  13.2%  62.0 1321s
 530143 386594 24507.2387   27  711 28203.0000 24489.3396  13.2%  62.1 1327s
 530918 387221 infeasible  109      28203.0000 24489.4005  13.2%  62.2 1332s
 531752 388591 25256.1948   62  463 28203.0000 24489.4449  13.2%  62.2 1339s
 533784 389290 24692.0000   32  600 28203.0000 24489.6586  13.2%  62.3 1345s
 534619 390397 26245.0000  115  273 28203.0000 24489.7482  13.2%  62.4 1350s
 536352 390968 24828.3632   39  544 28203.0000 24489.9537  13.2%  62.4 1355s
 537085 391612 24662.4294   38  708 28203.0000 24489.9941  13.2%  62.5 1361s
 537994 392686 24610.8521   30  705 28203.0000 24490.0947  13.2%  62.5 1366s
 539499 393232 infeasible   32      28203.0000 24490.1183  13.2%  62.6 1372s
 540297 393857 24701.8042   35  700 28203.0000 24490.2216  13.2%  62.7 1377s
 541249 394225 26279.0000   81  414 28203.0000 24490.3158  13.2%  62.8 1381s
 541693 395477 24597.3897   34  647 28203.0000 24490.3405  13.2%  62.8 1390s
 543379 396991 27601.1240   65  458 28203.0000 24490.4175  13.2%  62.9 1398s
 545604 397438 24533.0444   30  710 28203.0000 24490.4531  13.2%  63.0 1407s
 546153 398160 26207.5925   51  482 28203.0000 24490.4531  13.2%  63.1 1413s
 547170 399038 25494.0305   62  544 28203.0000 24490.6962  13.2%  63.1 1420s
 548386 400737 25081.5802   30  646 28203.0000 24490.9095  13.2%  63.2 1427s
 551063 401149 24550.9021   29  761 28203.0000 24491.1307  13.2%  63.3 1433s
 551736 401702 24967.1108   29  618 28203.0000 24491.2653  13.2%  63.4 1439s
 552473 403003 25333.5153   34  595 28203.0000 24491.3731  13.2%  63.5 1446s
 554284 403640 24828.0455   44  532 28203.0000 24491.5354  13.2%  63.6 1453s
 555196 404443 24522.3372   34  741 28203.0000 24491.7031  13.2%  63.6 1459s
 556237 405016 24669.5451   48  579 28203.0000 24491.7409  13.2%  63.7 1463s
 557066 405604 24720.3213   25  747 28203.0000 24491.8240  13.2%  63.8 1469s
 557915 406978 24796.4571   36  716 28203.0000 24491.8426  13.2%  63.9 1477s
 559739 407719 infeasible   51      28203.0000 24492.0173  13.2%  63.9 1483s
 560693 409686 24634.6306   30  722 28203.0000 24492.0378  13.2%  64.0 1490s
 563257 410107 24530.8126   54  604 28203.0000 24492.2446  13.2%  64.0 1496s
 563865 410672 24897.9266   29  679 28203.0000 24492.2928  13.2%  64.1 1502s
 564713 411551 25544.0795   42  620 28203.0000 24492.3592  13.2%  64.2 1509s
 565900 412663 26432.7021   60  350 28203.0000 24492.4256  13.2%  64.2 1515s
 567497 413203 24683.3372   44  739 28203.0000 24492.6578  13.2%  64.3 1522s
 568253 413884 26564.8821   57  458 28203.0000 24492.6941  13.2%  64.4 1528s
 569180 414709 25405.6777   34  680 28203.0000 24492.7854  13.2%  64.5 1535s
 570258 416571 24742.2977   34  624 28203.0000 24492.9615  13.2%  64.5 1542s
 573065 416881 infeasible  109      28203.0000 24493.1897  13.2%  64.6 1546s
 573568 418034 27174.0000  107  248 28203.0000 24493.3456  13.2%  64.6 1556s
 575046 419914 26457.5000   78  356 28203.0000 24493.4417  13.2%  64.8 1563s
 577934 420374 25995.5682   71  464 28203.0000 24493.5915  13.2%  64.8 1569s
 578579 421034 25032.1948   76  393 28203.0000 24493.6530  13.2%  64.8 1575s
 579479 422142 26399.7464   65  472 28203.0000 24493.6530  13.2%  64.9 1581s
 581016 422661 26784.0000  104  317 28203.0000 24493.7158  13.2%  65.0 1587s
 581785 423245 24567.0000   22  660 28203.0000 24493.7692  13.2%  65.1 1594s
 582651 424280 25648.2241   39  506 28203.0000 24493.7692  13.2%  65.1 1601s
 584173 424726 25875.2048   64  597 28203.0000 24493.8169  13.2%  65.2 1608s
 584790 425376 24712.3907   24  834 28203.0000 24493.9980  13.2%  65.3 1614s
 585657 426745 26430.0021   88  305 28203.0000 24494.0930  13.2%  65.4 1621s
 587690 427148 25566.1323   40  566 28203.0000 24494.1618  13.2%  65.4 1625s
 588264 427924 24562.4019   29  816 28203.0000 24494.2729  13.2%  65.5 1633s
 589378 429456 25902.0964   46  498 28203.0000 24494.3556  13.1%  65.6 1642s
 591696 429990 infeasible   89      28203.0000 24494.5220  13.1%  65.7 1649s
 592455 430589 26153.9021   47  524 28203.0000 24494.5919  13.1%  65.7 1656s
 593289 431196 24778.1948   35  559 28203.0000 24494.7060  13.1%  65.9 1664s
 594084 432937 25448.6871   68  410 28203.0000 24494.7238  13.1%  66.0 1672s
 596362 433721 infeasible   40      28203.0000 24494.7904  13.1%  66.0 1680s
 597459 434426 24609.8230   25  645 28203.0000 24494.8816  13.1%  66.1 1687s
 598412 436271 25116.1814   41  626 28203.0000 24494.9537  13.1%  66.2 1695s
 601102 436825 infeasible   47      28203.0000 24495.2169  13.1%  66.3 1702s
 601853 437730 25072.0000   67  373 28203.0000 24495.2626  13.1%  66.3 1709s
 603058 438384 24777.3009   40  608 28203.0000 24495.3319  13.1%  66.4 1713s
 603975 439259 24703.2867   44  536 28203.0000 24495.4505  13.1%  66.4 1718s
 605183 439719 infeasible  110      28203.0000 24495.5122  13.1%  66.4 1724s
 605866 440642 24587.7866   31  768 28203.0000 24495.6190  13.1%  66.5 1730s
 607133 441214 infeasible   50      28203.0000 24495.6530  13.1%  66.6 1737s
 607946 442088 24779.5997   30  577 28203.0000 24495.6530  13.1%  66.7 1745s
 609096 442621 25040.6007   41  619 28203.0000 24495.6530  13.1%  66.7 1752s
 609948 443610 24698.3939   29  659 28203.0000 24495.6530  13.1%  66.8 1759s
 611266 444329 infeasible   44      28203.0000 24495.6530  13.1%  66.9 1767s
 612254 446007 24672.0000   37  661 28203.0000 24495.6530  13.1%  67.0 1775s
 614716 446759 infeasible   46      28203.0000 24495.7692  13.1%  67.1 1783s
 615778 447462 24617.6483   30  808 28203.0000 24495.8450  13.1%  67.2 1792s
 616742 449171 25410.6186   38  490 28203.0000 24495.9064  13.1%  67.3 1801s
 619149 449434 24544.3202   25  724 28203.0000 24496.2736  13.1%  67.3 1806s
 619531 450619 25279.1521   56  543 28203.0000 24496.3585  13.1%  67.3 1819s
H620009 446643                    27805.000000 24496.3645  11.9%  67.3 1820s
H621116 448005                    27794.000000 24496.4464  11.9%  67.4 1832s
 623386 448995 24666.1268   25  681 27794.0000 24496.5926  11.9%  67.5 1841s
 624652 449716 25023.1470   37  728 27794.0000 24496.6530  11.9%  67.6 1849s
 625689 450701 24619.0761   41  730 27794.0000 24496.8294  11.9%  67.7 1857s
 627100 451247 26808.1042   61  519 27794.0000 24496.9726  11.9%  67.8 1865s
 627911 451857 26674.0344   63  441 27794.0000 24497.0936  11.9%  67.8 1873s
 628899 452712 26653.3166   66  475 27794.0000 24497.1981  11.9%  68.0 1882s
 630133 453499 infeasible   31      27794.0000 24497.3826  11.9%  68.1 1891s
 631248 455258 25349.2376   52  562 27794.0000 24497.4724  11.9%  68.2 1901s
H634096 452884                    27627.000000 24497.5608  11.3%  68.3 1904s
 634162 454103 24517.5894   29  774 27627.0000 24497.5608  11.3%  68.3 1924s
H635090 452960                    27562.000000 24497.6585  11.1%  68.4 1924s
 635882 453757 27192.0000   78  326 27562.0000 24497.8671  11.1%  68.4 1937s
H636111 453688                    27557.000000 24497.8671  11.1%  68.5 1937s
H636457 453497                    27546.000000 24497.8904  11.1%  68.5 1937s
 637151 454841 24644.3214   29  697 27546.0000 24497.9565  11.1%  68.6 1949s
H637354 450536                    27346.000000 24497.9565  10.4%  68.5 1950s
 638968 451305 infeasible   88      27346.0000 24498.4134  10.4%  68.7 1961s
 640236 452472 24921.7409   41  573 27346.0000 24498.7157  10.4%  68.8 1973s
 641750 453350 infeasible   30      27346.0000 24498.9142  10.4%  69.0 1985s
 643166 454990 25424.3397   61  413 27346.0000 24499.1328  10.4%  69.1 1996s
 645451 455899 24499.3640   33  619 27346.0000 24499.3640  10.4%  69.2 2007s
 646797 456906 26487.0000  102  288 27346.0000 24499.4087  10.4%  69.4 2019s
 648229 458117 26737.2665   63  406 27346.0000 24499.4733  10.4%  69.5 2031s
 650485 459337 24976.0000   35  682 27346.0000 24499.7674  10.4%  69.6 2044s
 651793 460836 25202.9488   46  563 27346.0000 24499.8525  10.4%  69.7 2054s
 653988 461286 24593.4099   29  691 27346.0000 24500.1667  10.4%  69.8 2061s
 654612 462049 24663.4099   28  600 27346.0000 24500.2873  10.4%  69.9 2069s
 655747 462592 25606.1839   62  358 27346.0000 24500.3871  10.4%  70.0 2077s
 656564 463347 24562.2047   27  677 27346.0000 24500.5663  10.4%  70.1 2086s
 657695 464180 24741.0444   39  841 27346.0000 24500.6302  10.4%  70.2 2096s
 658897 464730 26132.9402   51  388 27346.0000 24500.6713  10.4%  70.3 2104s
 659749 465869 25328.0000   50  424 27346.0000 24500.8127  10.4%  70.4 2115s
H659892 464207                    27287.000000 24500.8127  10.2%  70.4 2115s
 661292 465106 24828.4194   46  491 27287.0000 24500.9405  10.2%  70.5 2123s
H661797 464707                    27273.000000 24500.9822  10.2%  70.5 2123s
 662677 465734 24714.3125   47  675 27273.0000 24501.0000  10.2%  70.6 2134s
 663958 466625 24572.7855   24  752 27273.0000 24501.0445  10.2%  70.7 2145s
 665217 466950 26709.3052   68  465 27273.0000 24501.1205  10.2%  70.8 2150s
 665698 467976 24671.9575   30  654 27273.0000 24501.2016  10.2%  70.8 2162s
H667174 469593                    27260.000000 24501.3645  10.1%  71.0 2174s
 669936 470271 infeasible   28      27260.0000 24501.6530  10.1%  71.0 2183s
H670650 469739                    27244.000000 24501.7370  10.1%  71.1 2183s
 670821 471205 25117.7272   28  725 27244.0000 24501.7370  10.1%  71.1 2192s
 672595 472856 25054.0250   24  755 27244.0000 24501.7370  10.1%  71.1 2201s
 674801 473499 25818.6249   65  443 27244.0000 24501.9104  10.1%  71.1 2209s
H674926 473131                    27234.000000 24501.9104  10.0%  71.1 2210s
 675707 473828 25704.3256   46  601 27234.0000 24501.9585  10.0%  71.2 2217s
 676667 474682 26405.9333   69  424 27234.0000 24502.0893  10.0%  71.3 2224s
H677080 474539                    27230.000000 24502.0998  10.0%  71.3 2224s
 677788 475552 24879.7420   47  561 27230.0000 24502.2692  10.0%  71.3 2232s
H679308 476042                    27227.000000 24502.3724  10.0%  71.4 2240s
H679512 475912                    27223.000000 24502.4761  10.0%  71.4 2240s
 680575 476899 24820.6249   40  524 27223.0000 24502.6998  10.0%  71.5 2255s
 681562 478084 24716.2432   35  610 27223.0000 24502.8615  10.0%  71.6 2271s
 683175 478952 25965.1553   93  389 27223.0000 24502.9239  10.0%  71.7 2284s
 684477 480197 24506.9222   25  819 27223.0000 24503.1229  10.0%  71.9 2295s
 686190 481410 24628.9168   31  686 27223.0000 24503.3259  10.0%  72.0 2308s
 687788 483046 24611.4726   29  736 27223.0000 24503.4335  10.0%  72.1 2320s
 690165 484017 24585.5738   27  686 27223.0000 24503.7370  10.0%  72.2 2331s
 691544 484992 24568.0564   31  804 27223.0000 24503.9207  10.0%  72.3 2341s
 692895 485777 25290.0323   32  624 27223.0000 24504.1968  10.0%  72.3 2351s
 694055 487474 26189.7928   61  549 27223.0000 24504.4268  10.0%  72.5 2362s
 696605 487917 infeasible   30      27223.0000 24504.5607  10.0%  72.5 2366s
 697162 488866 infeasible   47      27223.0000 24504.5819  10.0%  72.6 2378s
 698441 489860 26492.9558   86  413 27223.0000 24504.9079  10.0%  72.7 2389s
 700045 490968 24677.2454   47  659 27223.0000 24505.1129  10.0%  72.8 2401s
 701708 491783 25452.0938   43  611 27223.0000 24505.2360  10.0%  72.9 2411s
 702876 492541 24848.3328   40  646 27223.0000 24505.2628  10.0%  73.0 2422s
 704036 493283 24746.9222   23  656 27223.0000 24505.3743  10.0%  73.1 2435s
 705201 494279 24644.9168   30  616 27223.0000 24505.5604  10.0%  73.2 2446s
 706558 495284 24863.1948   42  529 27223.0000 24505.6525  10.0%  73.3 2459s
 707942 496209 infeasible   28      27223.0000 24505.7543  10.0%  73.4 2471s
 709202 498251 24854.5303   37  534 27223.0000 24505.7683  10.0%  73.5 2484s
 711986 498641 24692.3524   29  529 27223.0000 24505.8015  10.0%  73.6 2489s
 712540 499442 infeasible   43      27223.0000 24505.8781  10.0%  73.6 2501s
 713679 500609 24778.9930   35  692 27223.0000 24505.9277  10.0%  73.7 2514s
 715228 502084 25173.7381   44  663 27223.0000 24506.0008  10.0%  73.8 2526s
 717293 502922 24562.9222   31  751 27223.0000 24506.0008  10.0%  73.8 2537s
 718443 503781 24920.5159   42  673 27223.0000 24506.0344  10.0%  73.9 2548s
 719727 504420 25043.0467   41  584 27223.0000 24506.1682  10.0%  74.0 2560s
 720654 505176 infeasible   59      27223.0000 24506.2659  10.0%  74.1 2573s
 721827 506108 24660.4246   37  722 27223.0000 24506.4676  10.0%  74.2 2586s
 723146 508300 24650.7409   31  681 27223.0000 24506.4693  10.0%  74.3 2599s
 726508 508503 24569.4082   31  683 27223.0000 24506.7913  10.0%  74.3 2604s
 726778 509978     cutoff   83      27223.0000 24506.8197  10.0%  74.3 2624s
 728904 511632 24702.2001   34  567 27223.0000 24506.9222  10.0%  74.5 2638s
 730960 513449 27020.5636   66  398 27223.0000 24506.9222  10.0%  74.6 2650s
 733669 514522 24525.9405   30  655 27223.0000 24506.9694  10.0%  74.6 2660s
 734991 515001 24510.5565   27  788 27223.0000 24506.9694  10.0%  74.7 2669s
 735836 515785 24573.6483   29  713 27223.0000 24507.0335  10.0%  74.8 2678s
 737013 516684 24946.1948   56  443 27223.0000 24507.2211  10.0%  74.9 2688s
*737682 514703             169    27174.000000 24507.2341  9.81%  74.9 2688s
H738351 515463                    27166.000000 24507.3255  9.79%  75.0 2698s
H739529 515463                    27165.999988 24507.3478  9.79%  75.0 2698s
 739693 516300 24610.9181   28  636 27166.0000 24507.3478  9.79%  75.0 2708s
*740448 516262             213    27165.000000 24507.3478  9.78%  75.0 2708s
*740449 515559             213    27148.000000 24507.3478  9.73%  75.0 2708s
 741027 515787 25031.2122   66  458 27148.0000 24507.3478  9.73%  75.1 2713s
H741559 516503                    27147.000000 24507.4403  9.72%  75.1 2723s
H741784 516431                    27146.000000 24507.4403  9.72%  75.1 2723s
 742762 517598 24745.7940   20  681 27146.0000 24507.6902  9.72%  75.2 2736s
 744363 518535 26973.0069   61  386 27146.0000 24507.8306  9.72%  75.3 2749s
 745642 519713 24617.9950   25  794 27146.0000 24507.9303  9.72%  75.4 2760s
 747239 521252 24697.5217   37  641 27146.0000 24508.0658  9.72%  75.5 2770s
 749580 521888 infeasible   73      27146.0000 24508.2001  9.72%  75.6 2781s
H749720 521853                    27145.000000 24508.2001  9.71%  75.6 2782s
 750488 522691 24670.8209   32  723 27145.0000 24508.3241  9.71%  75.7 2792s
H750723 522422                    27140.000000 24508.3499  9.70%  75.7 2792s
 751618 523267 infeasible   39      27140.0000 24508.3893  9.70%  75.8 2802s
 752843 524022 25447.2371   42  554 27140.0000 24508.5745  9.70%  75.8 2814s
 754006 524731 24686.7188   30  714 27140.0000 24508.7746  9.70%  76.0 2827s
 755119 525623 infeasible   47      27140.0000 24508.7915  9.69%  76.1 2839s
 756393 526248 25312.2387   54  612 27140.0000 24508.8579  9.69%  76.2 2844s
 757354 526558 25430.4955   37  708 27140.0000 24508.9181  9.69%  76.2 2852s
 757861 527373 25042.1750   41  572 27140.0000 24509.0302  9.69%  76.2 2862s
 758999 528287 25777.9109   49  566 27140.0000 24509.1410  9.69%  76.3 2875s
 760321 529872 24552.8049   21  852 27140.0000 24509.2464  9.69%  76.4 2888s
 762643 530637 25840.3963   48  606 27140.0000 24509.5283  9.69%  76.5 2899s
 763748 531728 24740.7618   25  663 27140.0000 24509.6149  9.69%  76.5 2909s
 765235 531863 24618.8636   34  707 27140.0000 24509.6775  9.69%  76.6 2921s
 765482 532753     cutoff   60      27140.0000 24509.6775  9.69%  76.6 2931s
 766772 533539 infeasible   37      27140.0000 24509.7918  9.69%  76.7 2941s
 767862 534259 24606.8383   29  770 27140.0000 24509.9146  9.69%  76.8 2953s
 768990 534790 24531.9996   34  729 27140.0000 24510.0000  9.69%  76.9 2964s
H769736 534766                    27139.000000 24510.1244  9.69%  77.0 2965s
 769842 535598 25089.4554   55  743 27139.0000 24510.1244  9.69%  77.0 2976s
 771143 535976 24837.3636   32  685 27139.0000 24510.2898  9.69%  77.1 2981s
 771743 536674 25548.7212   55  438 27139.0000 24510.3273  9.69%  77.2 2993s
 772918 537538 24554.3121   32  745 27139.0000 24510.4203  9.69%  77.3 3006s
 774429 538690 24556.0813   30  830 27139.0000 24510.6659  9.68%  77.4 3019s
 776043 539326 25008.0321   38  644 27139.0000 24510.8478  9.68%  77.5 3033s
 776977 540157 25501.6151   52  612 27139.0000 24510.9553  9.68%  77.5 3043s
 778162 540952 24989.4724   37  752 27139.0000 24511.0020  9.68%  77.6 3056s
 779348 541735 24701.4520   28  670 27139.0000 24511.0881  9.68%  77.8 3068s
 780529 542514 25908.0000   76  363 27139.0000 24511.2428  9.68%  77.9 3081s
 781706 543551 24594.1552   31  752 27139.0000 24511.3932  9.68%  78.0 3095s
 783204 544667 24785.1686   32  733 27139.0000 24511.5081  9.68%  78.1 3110s
 784774 545605 24555.8025   29  785 27139.0000 24511.7256  9.68%  78.2 3124s
 786103 546083 24693.9477   27  784 27139.0000 24511.8295  9.68%  78.4 3130s
H786335 545961                    27136.000000 24511.8295  9.67%  78.4 3130s
 786725 547468 25860.5864   47  526 27136.0000 24511.9861  9.67%  78.4 3142s
 788843 548185 24758.6625   28  639 27136.0000 24512.2034  9.67%  78.4 3152s
 789808 548914 24620.1158   31  700 27136.0000 24512.3275  9.67%  78.5 3162s
 790922 549794 25811.0351   55  508 27136.0000 24512.4097  9.67%  78.5 3172s
 792146 550812 25928.1086   66  460 27136.0000 24512.6007  9.67%  78.6 3184s
 793626 551736 24581.5528   24  867 27136.0000 24512.8311  9.67%  78.6 3195s
 794926 552984 24541.4625   28  812 27136.0000 24512.8566  9.67%  78.7 3206s
 796730 553776 24602.0488   26  862 27136.0000 24512.9899  9.67%  78.7 3216s
 797830 554488 24713.7500   36  612 27136.0000 24513.0101  9.67%  78.8 3226s
 798883 555100 25065.8257   41  563 27136.0000 24513.0609  9.67%  78.9 3237s
 799780 555898 25126.4545   55  682 27136.0000 24513.1505  9.67%  79.0 3248s
 800960 556246 24659.6821   31  617 27136.0000 24513.1712  9.67%  79.0 3253s
 801514 557482 24767.5329   36  638 27136.0000 24513.3044  9.67%  79.1 3265s
 803191 558062     cutoff   79      27136.0000 24513.3553  9.66%  79.1 3275s
 804138 558961 25970.3768   49  493 27136.0000 24513.4780  9.66%  79.2 3287s
 805326 559891 24997.1010   34  679 27136.0000 24513.6161  9.66%  79.3 3298s
 806730 560830 24630.1569   25  616 27136.0000 24513.7566  9.66%  79.4 3310s
 808120 561649 24550.6223   28  721 27136.0000 24513.9250  9.66%  79.5 3322s
 809271 562471 26068.1796   50  503 27136.0000 24514.0000  9.66%  79.6 3334s
 810519 563176 25600.7295   55  514 27136.0000 24514.0687  9.66%  79.7 3345s
 811631 564084 25061.7206   32  572 27136.0000 24514.1573  9.66%  79.8 3359s
 813024 564898 25877.2477   58  381 27136.0000 24514.2644  9.66%  79.9 3371s
 814206 565989 infeasible   48      27136.0000 24514.3936  9.66%  80.0 3382s
 815703 566823 25627.5601   51  592 27136.0000 24514.4203  9.66%  80.0 3388s
 817035 567253 24678.1948   43  496 27136.0000 24514.5087  9.66%  80.0 3394s
 817715 567934 25480.1894   55  507 27136.0000 24514.6210  9.66%  80.1 3403s
 818721 569087 24607.4059   26  842 27136.0000 24514.6738  9.66%  80.1 3412s
 820428 569586 infeasible   30      27136.0000 24514.8010  9.66%  80.2 3421s
 821410 570113 24561.0000   25  660 27136.0000 24514.8743  9.66%  80.3 3433s
H821526 570113                    27135.999961 24514.8743  9.66%  80.3 3433s
H822186 570075                    27135.000000 24514.9703  9.66%  80.3 3433s
 822237 570755 24738.3942   24  735 27135.0000 24515.0000  9.66%  80.3 3443s
 823215 571516 25401.8783   26  749 27135.0000 24515.0696  9.66%  80.4 3454s
H823394 571265                    27129.000000 24515.0696  9.64%  80.4 3454s
H824070 571187                    27127.000000 24515.1071  9.63%  80.4 3454s
 824419 571741 26704.0000  147  219 27127.0000 24515.2191  9.63%  80.5 3464s
 825291 572514 infeasible   38      27127.0000 24515.3605  9.63%  80.5 3475s
 826485 573344 25895.0000   47  603 27127.0000 24515.5304  9.63%  80.6 3486s
 827661 573986 infeasible   44      27127.0000 24515.6181  9.63%  80.7 3498s
 828585 574828 25789.9717   57  566 27127.0000 24515.6530  9.63%  80.8 3509s
 829735 576024 infeasible   94      27127.0000 24515.6530  9.63%  80.9 3522s
 831337 576974 24638.3462   29  627 27127.0000 24515.7272  9.63%  80.9 3527s
 832600 577645 24712.8095   48  599 27127.0000 24515.8133  9.63%  80.9 3535s
 833486 578028 24578.6358   34  666 27127.0000 24515.8780  9.63%  81.0 3542s
 834071 578632 24530.5842   34  636 27127.0000 24515.9434  9.63%  81.0 3551s
 834981 579189 24789.7146   47  572 27127.0000 24516.0119  9.63%  81.1 3561s
 835910 579944 infeasible   35      27127.0000 24516.1150  9.62%  81.2 3571s
 837084 580765 26220.7273   48  480 27127.0000 24516.1484  9.62%  81.2 3583s
 838404 581556 25198.5670   84  407 27127.0000 24516.2620  9.62%  81.3 3594s
 839540 582162 24731.5415   34  568 27127.0000 24516.3270  9.62%  81.4 3600s

Cutting planes:
  Learned: 314
  Gomory: 383
  Cover: 2812
  Implied bound: 612
  Projected implied bound: 27
  Clique: 289
  MIR: 1931
  StrongCG: 215
  Flow cover: 7549
  GUB cover: 3
  Inf proof: 38
  Zero half: 213
  Network: 38
  RLT: 258
  Relax-and-lift: 263

Explored 840373 nodes (68449540 simplex iterations) in 3600.10 seconds (4286.53 work units)
Thread count was 8 (of 8 available processors)

Solution count 10: 27127 27129 27135 ... 27147

Time limit reached
Best objective 2.712700000000e+04, best bound 2.451643951974e+04, gap 9.6235%

User-callback calls 2746481, time in user-callback 10.28 sec

Statistics for modelBGB_BWES:
  Linear constraint matrix    : 23919 Constrs, 9987 Vars, 88114 NZs
  Variable types              : 3270 Continuous,
6717 Integer (1378 Binary)
  Matrix coefficient range    : [ 1, 200 ]
  Objective coefficient range : [ 1, 386 ]
  Variable bound range        : [ 1, 199 ]
  RHS coefficient range       : [ 1, 549 ]
