
Gurobi 10.0.1 (mac64[arm]) logging started Thu Apr  4 14:01:41 2024

Set parameter LogFile to value "/Users/deniserings/Documents/zib/s-bahn-data/scripts/DeniseMA/processed/BGB_BWES/RENS/BGB_BWES_subMBP_random1_0.9_202404041301.log"
Gurobi Optimizer version 10.0.1 build v10.0.1rc0 (mac64[arm])

CPU model: Apple M2
Thread count: 8 physical cores, 8 logical processors, using up to 8 threads

Optimize a model with 23919 rows, 9987 columns and 88114 nonzeros
Model fingerprint: 0x4ed965d3
Variable types: 3270 continuous, 6717 integer (1378 binary)
Coefficient statistics:
  Matrix range     [1e+00, 2e+02]
  Objective range  [1e+00, 4e+02]
  Bounds range     [1e+00, 2e+02]
  RHS range        [1e+00, 5e+02]
Presolve removed 10930 rows and 2993 columns
Presolve time: 0.12s
Presolved: 12989 rows, 6994 columns, 50566 nonzeros
Variable types: 1826 continuous, 5168 integer (5168 binary)

Root relaxation: objective 2.329800e+04, 4332 iterations, 0.04 seconds (0.05 work units)

    Nodes    |    Current Node    |     Objective Bounds      |     Work
 Expl Unexpl |  Obj  Depth IntInf | Incumbent    BestBd   Gap | It/Node Time

     0     0 23298.0000    0  350          - 23298.0000      -     -    0s
     0     0 23462.6314    0  959          - 23462.6314      -     -    0s
     0     0 23462.6558    0  933          - 23462.6558      -     -    0s
     0     0 23498.3572    0 1128          - 23498.3572      -     -    0s
     0     0 23498.3572    0 1106          - 23498.3572      -     -    0s
     0     0 23498.3572    0  966          - 23498.3572      -     -    0s
     0     0 23511.8249    0 1063          - 23511.8249      -     -    1s
     0     0 23511.8884    0  962          - 23511.8884      -     -    1s
     0     0 23512.7250    0 1011          - 23512.7250      -     -    1s
     0     0 23514.6204    0  889          - 23514.6204      -     -    1s
     0     0 23514.6204    0  892          - 23514.6204      -     -    1s
     0     0 23533.3333    0  867          - 23533.3333      -     -    1s
     0     0 23535.3333    0  964          - 23535.3333      -     -    1s
     0     0 23535.3333    0  932          - 23535.3333      -     -    1s
     0     0 23535.3333    0 1032          - 23535.3333      -     -    1s
     0     0 23535.3333    0  845          - 23535.3333      -     -    1s
     0     0 23535.3333    0 1035          - 23535.3333      -     -    2s
     0     0 23535.3333    0 1033          - 23535.3333      -     -    2s
     0     0 23535.3333    0  368          - 23535.3333      -     -    2s
     0     0 23535.3333    0  624          - 23535.3333      -     -    2s
     0     0 23535.3333    0  386          - 23535.3333      -     -    2s
     0     0 23535.3333    0  350          - 23535.3333      -     -    3s
     0     0 23535.3333    0  318          - 23535.3333      -     -    4s
     0     0 23535.3333    0  680          - 23535.3333      -     -    4s
     0     0 23535.3333    0  640          - 23535.3333      -     -    4s
     0     0 23535.3333    0  591          - 23535.3333      -     -    4s
     0     0 23536.0000    0  723          - 23536.0000      -     -    4s
     0     0 23536.2791    0  696          - 23536.2791      -     -    4s
     0     0 23536.7614    0  664          - 23536.7614      -     -    4s
     0     0 23536.7614    0  645          - 23536.7614      -     -    4s
     0     0 23550.8467    0  715          - 23550.8467      -     -    4s
     0     0 23551.1951    0  687          - 23551.1951      -     -    4s
     0     0 23551.1951    0  641          - 23551.1951      -     -    4s
     0     0 23552.2710    0  722          - 23552.2710      -     -    5s
     0     0 23552.6304    0  713          - 23552.6304      -     -    5s
     0     0 23552.6304    0  709          - 23552.6304      -     -    5s
     0     0 23552.6576    0  698          - 23552.6576      -     -    5s
     0     0 23552.6592    0  719          - 23552.6592      -     -    5s
     0     0 23555.2666    0  714          - 23555.2666      -     -    5s
     0     0 23555.2666    0  681          - 23555.2666      -     -    5s
     0     0 23557.3260    0  703          - 23557.3260      -     -    5s
     0     0 23557.3260    0  725          - 23557.3260      -     -    5s
     0     0 23557.7105    0  709          - 23557.7105      -     -    5s
     0     0 23557.7105    0  697          - 23557.7105      -     -    5s
     0     0 23557.7105    0  673          - 23557.7105      -     -    6s
     0     0 23557.7105    0  305          - 23557.7105      -     -    6s
     0     2 23557.7105    0  287          - 23557.7105      -     -    6s
  3492  2930 24242.3337    8  773          - 23917.5943      -  20.5   10s
  3565  2988 24417.3719   17  247          - 24327.3719      -  36.4   15s
  5178  4060 24407.3719   18  404          - 24354.9997      -  37.3   20s
  8617  5684 infeasible   75               - 24400.9997      -  35.9   25s
 12532  7252 24507.5705   56  443          - 24426.4463      -  36.0   30s
 14862  9197 24620.9277   28  463          - 24437.9997      -  35.8   35s
 15092 14849 25079.9997   41  427          - 24437.9997      -  36.3   42s
 22844 15002 24867.9997   53  422          - 24437.9997      -  33.5   45s
 26441 17796 24728.9997   28  493          - 24437.9997      -  33.0   50s
 29548 20231 25258.9997   54  446          - 24437.9997      -  32.8   61s
 29789 26174 25384.9997   62  461          - 24437.9997      -  33.2   67s
 38014 26507 24856.9997   50  495          - 24437.9997      -  32.6   70s
 42129 29693 infeasible  106               - 24437.9997      -  32.7   75s
 45429 33840 24791.9997   59  432          - 24437.9997      -  33.0   81s
 49633 36659 25002.9999   58  460          - 24437.9997      -  32.9   85s
 54928 39756 24934.9997   82  331          - 24437.9997      -  32.7   90s
 59331 43735 25238.9088  159  258          - 24437.9997      -  32.9   95s
 63016 45890 infeasible  113               - 24437.9997      -  32.9  101s
 65211 48692 25022.0000   94  307          - 24437.9997      -  33.4  105s
 70606 52715 26022.1428   95  369          - 24437.9997      -  33.4  110s
 75007 57604 24716.9997   85  358          - 24438.5464      -  33.5  116s
 79737 58689 infeasible   38               - 24439.6857      -  34.0  120s
 83219 61319 24712.9997   59  486          - 24439.9997      -  34.4  125s
 87732 65539 25142.8533   48  510          - 24439.9997      -  34.5  130s
 90240 70748 25088.9997   58  458          - 24439.9997      -  34.6  137s
 96013 70814 24702.1218   37  548          - 24444.0597      -  34.8  140s
 98898 73031 24981.8201   34  567          - 24444.0597      -  35.0  145s
 101745 75894 25480.7200   92  515          - 24444.6686      -  35.2  150s
 103945 76777 infeasible  136               - 24446.3239      -  35.4  156s
 105435 82665 infeasible   74               - 24447.9997      -  35.9  165s
 113753 84904 24721.9907   51  539          - 24447.9997      -  36.4  170s
 117781 88108 24629.2852   35  549          - 24448.3244      -  36.5  175s
 120121 94110 24903.8148   60  513          - 24449.1491      -  36.7  183s
 127064 94275 infeasible   54               - 24449.9997      -  36.7  185s
 128908 96408 24827.0000   43  430          - 24450.2912      -  36.9  190s
 132458 98374 infeasible   82               - 24454.1234      -  37.2  195s
 134402 100683 25046.7495   35  500          - 24454.9997      -  37.5  200s
 137833 103229 25008.1237   50  585          - 24456.9997      -  37.8  205s
 141666 106218 24714.9997   39  486          - 24457.9997      -  38.0  210s
 143019 106463 25408.3747  133  248          - 24457.9997      -  38.0  215s
 147726 109935 infeasible   80               - 24459.9997      -  38.2  220s
 151261 112680 24704.7493   29  596          - 24460.7493      -  38.3  225s
 155317 115743 25201.8857   38  580          - 24460.7493      -  38.2  230s
 158979 119385 25495.9997   59  536          - 24463.2350      -  38.3  235s
 162960 122414 25665.7417   79  419          - 24465.7493      -  38.4  240s
 164464 125768 24912.0000   39  502          - 24465.7493      -  38.5  245s
 168880 126028 24871.6052   54  420          - 24466.1234      -  38.5  251s
 170822 128071 26881.0000  154  182          - 24466.9997      -  38.6  255s
 174234 130859 25534.0000   83  532          - 24469.8896      -  38.8  260s
 177818 133042 24789.0000   42  442          - 24469.9997      -  39.1  265s
 179853 137844 25641.0000  133  239          - 24469.9997      -  39.2  272s
 186050 138910 infeasible  132               - 24471.9997      -  39.1  275s
 189626 141722 infeasible  110               - 24475.5889      -  39.1  280s
 194375 145404 24795.8583   35  605          - 24475.7493      -  39.1  285s
 199801 149398 infeasible  178               - 24477.0000      -  39.0  290s
 202355 152101 24821.7293   47  460          - 24479.9997      -  39.2  295s
 206839 155321 26359.0000  119  345          - 24480.7424      -  39.2  300s
 209574 160263 25057.9063   30  482          - 24482.0000      -  39.3  307s
 215885 161914 24707.0000   65  500          - 24482.0000      -  39.2  310s
 219736 164189 24746.7493   49  567          - 24482.9997      -  39.2  318s
 220540 165473 24750.9997   65  503          - 24483.0604      -  39.3  320s
 224116 173198 24709.8889   65  613          - 24483.9997      -  39.3  330s
 235312 176456 26373.3961   94  321          - 24485.9997      -  39.2  336s
 238090 178448 25287.6545   55  516          - 24486.4155      -  39.3  340s
 242063 180938 24626.9997   42  484          - 24486.9997      -  39.4  345s
 246091 184653 25052.9997   46  458          - 24488.7645      -  39.4  350s
 250948 188311 27201.0000  149  265          - 24491.7493      -  39.3  355s
 253555 189823 24869.0000   45  479          - 24492.7493      -  39.3  361s
 255057 194650 26406.5000  111  361          - 24492.7493      -  39.3  368s
 261593 196394 25381.0000  145  397          - 24493.8874      -  39.1  370s
 266464 199903 25581.0000  119  390          - 24494.1720      -  39.1  376s
 270153 202052 25109.7493   31  538          - 24495.9997      -  39.1  380s
 273947 205569 24964.7493   24  643          - 24496.8212      -  39.1  385s
 277623 208527 24650.0184   36  600          - 24497.7493      -  39.2  390s
 281494 211173 24942.1429   77  470          - 24499.7493      -  39.2  395s
 284041 216212 25232.0870   72  310          - 24500.0943      -  39.3  402s
 289608 216720 24931.0000   77  406          - 24501.7493      -  39.4  408s
 290083 217044 24982.8882   94  389          - 24501.7493      -  39.4  410s
 294589 221163 25790.9999   94  389          - 24503.9997      -  39.4  415s
 298498 228220 25629.0000   58  452          - 24505.0392      -  39.6  425s
 307356 230801 25041.0000   60  521          - 24505.9126      -  39.6  431s
 310334 232842 24767.7493   58  610          - 24506.0000      -  39.6  435s
 313419 238185 24798.1935   69  481          - 24507.0000      -  39.7  442s
 319348 239188 24867.2921   56  457          - 24507.9997      -  39.6  445s
 323510 241716 24910.3043   54  521          - 24508.7493      -  39.7  450s
 328033 245775 24929.7320   51  475          - 24509.7493      -  39.7  455s
 332008 248517 25190.1053   77  402          - 24509.9997      -  39.8  460s
 335296 251229 26061.0000   90  350          - 24509.9997      -  39.8  465s
 339689 253612 infeasible  119               - 24511.7493      -  39.8  471s
 341861 255769 24701.9997   68  414          - 24512.9997      -  39.7  475s
 346071 259148 25599.0000   83  360          - 24513.9997      -  39.9  480s
 350456 261869 25677.8750  159  233          - 24514.5087      -  39.9  485s
 353821 264785 25100.0000   80  464          - 24515.0000      -  39.9  490s
 358536 268458 24886.9997   48  490          - 24515.7493      -  39.9  495s
 363643 271819 infeasible  102               - 24517.2632      -  39.9  500s
 368279 274641 infeasible  140               - 24518.0000      -  39.9  505s
 371135 276897 25424.5185   42  539          - 24519.7496      -  39.9  513s
 372033 278175 25192.0000   64  418          - 24519.9997      -  40.0  515s
 376124 281127 24897.9997   60  429          - 24519.9997      -  40.0  520s
 379803 283716 24746.0532   45  434          - 24520.3379      -  40.1  525s
 383920 287093 24946.7493   42  591          - 24521.7116      -  40.1  530s
 389051 290941 25725.1703   51  511          - 24521.7493      -  40.0  535s
 393293 293750 24723.2959   54  521          - 24522.8438      -  40.0  540s
 396979 296247 25373.5319   71  603          - 24523.9997      -  40.1  545s
 401387 298954 24805.0000   48  557          - 24523.9997      -  40.2  550s
 403889 300788 infeasible   54               - 24523.9997      -  40.3  555s
 404075 304889 24823.0532   46  537          - 24523.9997      -  40.4  560s
 410613 306688 25134.9997   75  310          - 24525.6354      -  40.5  565s
 413686 308170 25284.9997   99  330          - 24525.8212      -  40.5  571s
 416151 310434 infeasible  130               - 24526.0000      -  40.5  575s
 420139 313782 24905.9997   65  403          - 24526.9997      -  40.5  580s
 425329 316330 24981.6141   30  672          - 24528.3379      -  40.5  585s
 429289 319334 infeasible   87               - 24530.0897      -  40.5  590s
 433079 322124 infeasible   60               - 24531.7493      -  40.6  595s
 435488 325541 25847.0000  135  214          - 24532.9997      -  40.6  600s
 440858 328753 24795.6667   58  500          - 24535.4162      -  40.6  605s
 446020 332541 24829.7500   44  576          - 24536.0870      -  40.5  610s
 450009 335451 26165.6082  171  242          - 24537.0163      -  40.5  615s
 455129 338467 24736.7493   43  593          - 24537.9997      -  40.5  620s
 459430 341383 24683.7493   44  591          - 24539.3092      -  40.5  625s
 462832 344789 25298.7495   32  440          - 24540.3611      -  40.5  630s
 465234 346493 24901.4029   40  615          - 24540.9997      -  40.6  638s
 466545 347225 24914.6757   42  593          - 24540.9997      -  40.6  642s
 467507 350568 24798.9997   52  474          - 24540.9997      -  40.6  646s
 474404 353546 24756.6263   28  534          - 24543.1131      -  40.6  650s
 479576 357358 24788.0532   65  464          - 24543.1131      -  40.6  656s
 483917 359679 25436.3573   27  560          - 24543.1131      -  40.5  660s
 487162 362354 24607.1131   28  631          - 24543.1131      -  40.6  665s
 491827 365672 24791.0000   43  521          - 24545.8823      -  40.6  670s
 494920 368840 26852.0000  157  310          - 24546.2657      -  40.6  675s
 499426 372316 27422.9997  166  263          - 24547.1850      -  40.6  680s
 503242 375303 24754.5803   41  461          - 24547.1850      -  40.6  685s
 508006 378063 25329.1394   61  463          - 24547.1850      -  40.5  690s
 509788 382724 25079.2924   34  545          - 24547.2899      -  40.5  696s
 516843 384804 infeasible   67               - 24547.7493      -  40.4  700s
 520466 387998 25658.1625  129  363          - 24547.9997      -  40.5  705s
 524591 390536 24920.7493   39  569          - 24548.0000      -  40.5  711s
 528206 393232 24816.0000   50  440          - 24549.7493      -  40.6  715s
 531351 396253 25640.3166   66  409          - 24550.2346      -  40.6  720s
 535318 398951 24993.3859   58  517          - 24551.0000      -  40.7  725s
 539337 404273 25193.0000   72  383          - 24551.8713      -  40.7  733s
 544263 404317 24924.1425   60  456          - 24552.9125      -  40.7  736s
 546072 406445 25893.0000  133  402          - 24554.0597      -  40.7  740s
 549959 408700 25956.6055  106  370          - 24554.9997      -  40.7  745s
 553376 412024 24716.0532   61  560          - 24555.7493      -  40.7  751s
 555041 416361 24644.4461   43  560          - 24555.7493      -  40.7  759s
 560297 416364 24762.0532   45  446          - 24555.7493      -  40.6  768s
 560587 416831 infeasible   52               - 24555.7493      -  40.6  770s
 561641 418846 25473.0000   53  519          - 24555.7493      -  40.7  775s
 564915 421175 27138.5684  104  402          - 24555.7493      -  40.6  780s
 569592 427837 24910.6175   54  424          - 24555.7493      -  40.6  791s
 577409 429658 infeasible   83               - 24555.7493      -  40.5  796s
 580393 432103 infeasible   87               - 24555.7493      -  40.5  800s
 585024 435562 25484.9997   40  451          - 24555.7493      -  40.5  806s
 585354 438898 25589.9997   90  364          - 24555.7493      -  40.5  810s
 591563 440837 24873.9997   42  464          - 24555.7493      -  40.4  815s
 594352 442884 24922.3015   56  456          - 24556.3239      -  40.4  820s
 598727 445375 24606.9377   27  617          - 24556.7493      -  40.4  825s
 601463 447989 infeasible   74               - 24556.7493      -  40.5  831s
 604790 450082 24819.0532   45  539          - 24557.7493      -  40.5  836s
 607901 452341 infeasible   66               - 24557.9997      -  40.5  840s
 610503 455244 26021.0000  108  359          - 24558.5185      -  40.6  845s
 615465 458910 27276.0600  148  429          - 24559.8212      -  40.5  851s
 618377 461079 24792.1252   35  531          - 24559.8212      -  40.5  855s
 622364 464242 24815.4381   51  479          - 24559.8212      -  40.5  861s
 625411 466661 24827.6686   46  401          - 24559.8212      -  40.5  865s
 629395 469360 25201.9997   86  314          - 24559.9278      -  40.5  870s
 633641 471924 25690.7541   75  317          - 24560.7853      -  40.5  875s
 636972 474658 25523.1553   71  406          - 24562.0669      -  40.5  880s
 639379 476830 25041.9997   68  544          - 24563.4293      -  40.6  885s
 643299 478772 24949.7493   37  568          - 24564.0597      -  40.6  890s
 645775 483064 25431.9935   67  576          - 24564.8212      -  40.6  897s
 649372 484003 25196.1901   52  478          - 24564.8212      -  40.6  900s
 652068 486257 25424.4999   60  595          - 24565.7206      -  40.7  905s
 656695 489717 24837.2096   22  635          - 24565.7493      -  40.6  911s
 660115 492124 infeasible   68               - 24565.7493      -  40.6  916s
 663215 494395 25135.9845   37  510          - 24565.7493      -  40.6  920s
 665681 495489 infeasible   49               - 24566.0000      -  40.7  926s
 667824 497156 infeasible   67               - 24566.7398      -  40.7  930s
 670702 499273 25197.7493   31  574          - 24567.0997      -  40.8  935s
 674185 502837 25475.9997   56  481          - 24567.8668      -  40.8  940s
 677390 505269 25346.4917   54  538          - 24568.0000      -  40.8  945s
 680955 507728 24864.1040   42  497          - 24569.3496      -  40.8  950s
 685233 510193 infeasible   68               - 24569.8916      -  40.8  955s
 688776 513441 infeasible   79               - 24569.9997      -  40.9  960s
 691886 515827 24623.8212   26  619          - 24570.1637      -  40.9  965s
 694856 518161 25754.9997  119  237          - 24570.8281      -  40.9  970s
 699723 520883 25092.3786   31  565          - 24571.1076      -  40.9  975s
 702860 523991 24800.9997   38  498          - 24571.7493      -  40.9  980s
 705290 524968 infeasible  162               - 24571.9997      -  40.9  987s
 705424 529285 24757.7493   37  626          - 24571.9997      -  40.9 1002s
 710987 531242 25059.7493   25  632          - 24572.7498      -  41.1 1006s
 717324 535226 25389.0000  132  384          - 24573.9997      -  41.2 1011s
 722432 537696 24980.7493   29  586          - 24574.5647      -  41.1 1015s
 724447 539558 25375.7935   48  603          - 24575.1886      -  41.1 1022s
 726870 541787 24995.9997   37  537          - 24575.7493      -  41.1 1025s
 731030 544221 25866.0000   74  389          - 24575.7493      -  41.1 1030s
 734295 547483 24887.7493   28  514          - 24575.7493      -  41.1 1035s
 738808 550315 infeasible  102               - 24575.8382      -  41.1 1041s
 742373 553580 26860.0000  146  226          - 24576.7399      -  41.1 1045s
 743760 553692 25437.0000   81  379          - 24576.9216      -  41.1 1051s
 745550 555398 25954.0000  105  375          - 24577.1038      -  41.2 1055s
 749224 557863 24755.0532   45  527          - 24577.7493      -  41.1 1060s
 753265 561253 25097.0000   77  426          - 24578.2125      -  41.2 1065s
 757098 563784 infeasible   73               - 24579.1778      -  41.2 1070s
 759370 566030 24724.3846   51  461          - 24579.8382      -  41.2 1075s
 763452 568314 25064.2448   41  481          - 24580.0913      -  41.2 1080s
 766648 575175 25002.9997   57  399          - 24581.0443      -  41.2 1089s
 773015 575333 24888.7493   28  574          - 24581.8807      -  41.2 1090s
 775795 577415 25618.0000   52  491          - 24582.3274      -  41.2 1095s
 779451 580877 26494.2857  101  344          - 24583.1131      -  41.2 1100s
 783314 583829 24759.1946   51  458          - 24583.6765      -  41.2 1106s
 786081 585055 infeasible  134               - 24583.9997      -  41.2 1110s
 789939 587689 infeasible  115               - 24584.6655      -  41.2 1116s
 792574 590088 25062.0000   64  381          - 24585.7493      -  41.2 1120s
 796270 592388 infeasible  122               - 24585.7493      -  41.2 1129s
 796421 598618 24812.7493   38  611          - 24585.7493      -  41.2 1148s
 804175 600691 25231.1133   30  572          - 24585.9997      -  41.4 1151s
 809220 603616 infeasible   57               - 24587.0000      -  41.4 1155s
 815588 607551 26416.1818   89  421          - 24587.7722      -  41.4 1160s
 820220 610593 24814.7496   37  509          - 24588.2674      -  41.4 1165s
 825044 613450 infeasible  102               - 24589.7119      -  41.3 1170s
 826549 617797 24963.9997   49  597          - 24589.8212      -  41.4 1177s
 831323 618110 24705.7496   29  467          - 24590.5084      -  41.4 1180s
 834343 620184 24805.7496   30  603          - 24590.9998      -  41.4 1189s
 834631 620528 infeasible   36               - 24590.9998      -  41.4 1190s
 836890 623091 25241.0000  107  317          - 24591.7118      -  41.4 1195s
 840916 625237 25292.9760   23  592          - 24591.7493      -  41.4 1200s
 844767 628020 infeasible   65               - 24591.7722      -  41.4 1205s
 847843 631031 24820.9586   46  563          - 24591.9997      -  41.4 1211s
 850779 633304 24824.7496   47  582          - 24592.3212      -  41.4 1215s
 854847 636345 25963.0000   97  311          - 24592.7493      -  41.4 1220s
 856085 640405 26116.9997   81  301          - 24592.7493      -  41.4 1228s
 861770 641603 25505.0000   51  591          - 24592.7493      -  41.5 1231s
 864479 643721 24857.7493   63  585          - 24594.0317      -  41.5 1235s
 868458 646262 25664.0000   73  446          - 24595.5669      -  41.5 1241s
 872121 648319 infeasible   68               - 24595.9216      -  41.5 1245s
 874790 650304 24998.0000   50  431          - 24596.0209      -  41.5 1250s
 879075 653564 24910.9997   67  422          - 24596.4519      -  41.5 1255s
 882830 656392 infeasible  133               - 24597.9997      -  41.5 1260s
 884513 658505 25156.0532   58  500          - 24598.2954      -  41.6 1265s
 888877 661433 24864.2319   52  555          - 24599.3024      -  41.6 1271s
 891922 663774 25274.0000   84  387          - 24599.7493      -  41.6 1275s
 896682 666511 infeasible   38               - 24600.7493      -  41.6 1281s
 899412 668590 24665.1131   37  480          - 24601.8210      -  41.6 1285s
 902397 671429 25509.0000   64  523          - 24602.5668      -  41.6 1290s
 906909 673970 24907.1881   55  448          - 24603.1850      -  41.6 1295s
 911021 677359 25368.7143   59  479          - 24603.7493      -  41.6 1300s
 913736 678957 25224.9997   47  333          - 24603.8792      -  41.6 1305s
 917128 682239 24700.0000   39  459          - 24604.7899      -  41.7 1311s
 920825 684098 infeasible   82               - 24604.9997      -  41.7 1315s
 923712 687021 25164.0000   67  472          - 24605.0046      -  41.7 1320s
 928697 689777 infeasible  101               - 24605.9997      -  41.7 1330s
 929446 691226 25057.1003   38  526          - 24606.0416      -  41.7 1335s
 930904 695172 25308.1003   46  454          - 24606.1853      -  41.7 1341s
 937603 697205 24788.0000   74  438          - 24607.1131      -  41.7 1346s
 941362 699488 infeasible  132               - 24607.1131      -  41.7 1350s
 944340 702361 24886.1003   48  484          - 24607.1131      -  41.7 1355s
 948430 704930 infeasible  179               - 24607.1131      -  41.7 1360s
 951542 708052 24964.1003   71  423          - 24607.1131      -  41.7 1365s
 955791 711251 24860.0000   58  443          - 24607.1131      -  41.7 1370s
 960625 714008 24715.0000   47  464          - 24607.2304      -  41.7 1376s
 960837 718093 25452.6512   69  402          - 24607.8253      -  41.7 1381s
 966584 719478 25136.2727   73  495          - 24609.0184      -  41.7 1385s
 971194 722725 24816.0000   78  343          - 24609.2880      -  41.7 1391s
 974611 725154 24748.7493   48  613          - 24610.3150      -  41.7 1395s
 976206 729610 25538.5000   51  473          - 24610.7493      -  41.7 1403s
 981988 730049 25090.9970   39  510          - 24611.1850      -  41.7 1406s
 984966 732337 25531.2439   70  408          - 24611.1850      -  41.7 1410s
 988419 734913 25367.0000   87  398          - 24611.1850      -  41.7 1415s
 992005 737483 infeasible  151               - 24611.1850      -  41.7 1420s
 995137 740731 24841.0000   68  473          - 24611.1850      -  41.7 1426s
 998562 743011 25941.0000  103  412          - 24611.2894      -  41.7 1431s
 1000001 744759 25775.6667   65  461          - 24611.2894      -  41.7 1435s
 1003701 747407 24739.2151   54  499          - 24611.2894      -  41.7 1440s
 1007196 749988 25649.3227   59  506          - 24611.2899      -  41.7 1445s
 1010009 750978 infeasible   79               - 24611.2944      -  41.7 1453s
 1010220 751380 24824.1810   39  508          - 24611.2944      -  41.7 1455s
 1012558 753158 infeasible   75               - 24611.2944      -  41.7 1460s
 1016103 755631 25401.9023   35  590          - 24611.2944      -  41.7 1465s
 1019207 757918 infeasible   69               - 24611.4292      -  41.7 1470s
 1021980 760036 25363.0000   68  354          - 24611.5125      -  41.7 1475s
 1025831 762970 25389.6077   56  527          - 24611.5627      -  41.8 1481s
 1029804 765914 infeasible   45               - 24611.7493      -  41.7 1486s
 1033105 768430 24675.8587   29  582          - 24611.7493      -  41.7 1490s
 1036655 770817 24611.8587   25  588          - 24611.7493      -  41.7 1495s
 1036948 775202 24725.3883   51  493          - 24611.7493      -  41.8 1501s
 1043730 776639 24797.0000   48  446          - 24611.8371      -  41.7 1505s
 1047245 779103 24840.5681   58  474          - 24611.8587      -  41.8 1511s
 1050282 780725 infeasible   33               - 24611.9036      -  41.8 1515s
 1053649 783049 26111.0000   72  336          - 24612.0332      -  41.8 1520s
 1056581 785303 25325.1853   31  543          - 24612.3204      -  41.8 1525s
 1058562 787723 24941.9997   42  441          - 24612.4031      -  41.8 1530s
 1061834 790256 24852.9997   58  512          - 24612.9179      -  41.9 1536s
 1065389 792849 24793.1091   56  443          - 24613.1850      -  41.9 1540s
 1068730 795043 24958.0000   64  431          - 24613.6271      -  41.9 1545s
 1071854 797241 25478.9997   67  381          - 24613.9917      -  41.9 1550s
 1076289 799783 infeasible  125               - 24613.9997      -  41.9 1556s
 1079444 802215 24761.9997   64  541          - 24614.0000      -  42.0 1561s
 1082788 804630 25685.3573   35  590          - 24614.2317      -  42.0 1566s
 1083083 808924 25782.0000   60  490          - 24614.3325      -  42.0 1572s
 1089523 809468 25349.0000   63  368          - 24614.8013      -  42.0 1576s
 1091743 811808 25073.3635   38  586          - 24614.9997      -  42.0 1581s
 1094582 814044 25919.9997   91  414          - 24615.0716      -  42.0 1586s
 1096052 814202 27525.8387  103  435          - 24615.1135      -  42.0 1593s
 1096576 814633 25049.5051   64  408          - 24615.2034      -  42.0 1595s
 1098854 816905 25079.2311   61  428          - 24615.2944      -  42.0 1600s
 1102459 818849 infeasible   98               - 24615.4085      -  42.0 1605s
 1105891 821964 25904.0000   94  392          - 24615.5642      -  42.0 1610s
 1108358 823967 25141.6846   44  633          - 24615.7493      -  42.0 1615s
 1110786 825884 25076.1091   43  555          - 24615.7493      -  42.1 1620s
 1115228 828343 infeasible   28               - 24615.8214      -  42.1 1626s
 1116080 829985 25190.9997   87  368          - 24615.8587      -  42.1 1630s
 1119682 831774 infeasible   63               - 24615.8922      -  42.1 1635s
 1121531 834023 25736.4286   91  318          - 24615.9646      -  42.1 1640s
 1125179 836539 25038.2037   58  398          - 24616.2439      -  42.1 1645s
 1129873 839006 infeasible   52               - 24616.9997      -  42.1 1651s
 1131919 841453 24864.6493   46  547          - 24617.1201      -  42.1 1655s
 1135290 843915 25411.9935   45  542          - 24617.2876      -  42.1 1660s
 1137974 845875 25269.0000   84  444          - 24617.7645      -  42.1 1665s
 1141268 848310 24836.3639   46  447          - 24617.9997      -  42.2 1670s
 1144594 849780 infeasible   74               - 24618.0775      -  42.2 1675s
 1147869 852293 24822.3279   46  552          - 24618.0775      -  42.2 1680s
 1151516 854892 infeasible   66               - 24618.0775      -  42.2 1685s
 1155025 857641 25523.0000   57  487          - 24618.0775      -  42.2 1690s
 1158485 860144 infeasible  121               - 24618.1020      -  42.2 1695s
 1158750 860388 24932.0000   47  475          - 24618.1020      -  42.2 1701s
 1159412 861071 25056.0000   63  466          - 24618.1020      -  42.2 1705s
 1163223 864492 26057.1170   82  424          - 24618.1521      -  42.2 1710s
 1166949 866575 24626.6383   33  572          - 24618.6797      -  42.2 1716s
 1169668 869225 25361.0000  105  284          - 24618.8715      -  42.2 1721s
 1172695 870592 24734.7493   33  574          - 24618.9997      -  42.3 1725s
 1172978 874630 25119.5714   58  432          - 24618.9997      -  42.3 1731s
 1178691 875074 25431.0000   54  450          - 24618.9997      -  42.3 1735s
 1181213 877085 25005.6575   39  554          - 24618.9997      -  42.4 1741s
 1184818 879726 infeasible   99               - 24618.9997      -  42.4 1746s
 1186757 881148 infeasible  108               - 24618.9997      -  42.5 1750s
 1188793 883387 25959.0000   71  493          - 24618.9997      -  42.5 1755s
 1192151 885555 24625.0775   26  617          - 24618.9997      -  42.5 1761s
 1193576 887227 26091.5714   72  624          - 24618.9997      -  42.6 1765s
 1197199 889746 25828.0000   53  459          - 24618.9997      -  42.6 1770s
 1200810 892239 24818.0000   56  497          - 24618.9997      -  42.6 1776s
 1202988 894664 25535.0000   58  492          - 24618.9997      -  42.7 1781s
 1205938 896013 24845.0000   52  482          - 24618.9997      -  42.7 1785s
 1210089 898931 infeasible  124               - 24618.9997      -  42.7 1791s
 1211744 900505 26146.9730   80  355          - 24618.9997      -  42.8 1795s
 1215071 903036 25345.0000   44  567          - 24618.9997      -  42.8 1800s
 1218245 904020 24625.0775   28  604          - 24618.9997      -  42.8 1808s
 1218318 910226 24639.3279   29  565          - 24618.9997      -  42.8 1836s
 1226326 912177 25414.0000   94  363          - 24618.9997      -  43.0 1841s
 1228907 914603 25340.2265   45  585          - 24618.9997      -  43.1 1845s
 1235847 918068 26383.3588  136  300          - 24618.9997      -  43.1 1851s
 1240050 921330 25262.5166  119  319          - 24618.9997      -  43.1 1856s
 1243469 923739 24649.9121   45  614          - 24618.9997      -  43.2 1860s
 1247227 926534 24691.0775   33  697          - 24618.9997      -  43.2 1865s
 1252653 930222 25194.0000   86  410          - 24618.9997      -  43.2 1871s
 1255198 932535 25393.8291   46  515          - 24618.9997      -  43.2 1875s
 1258156 934507 25195.9997   80  339          - 24618.9997      -  43.2 1880s
 1260219 934984 25470.3279   42  613          - 24618.9997      -  43.2 1887s
 1260572 935511 25801.0000   65  418          - 24618.9997      -  43.3 1890s
 1262900 938088 24956.0000   57  548          - 24618.9997      -  43.3 1895s
 1265092 940276 26299.0000  130  241          - 24618.9997      -  43.3 1900s
 1269453 942163 infeasible   65               - 24618.9997      -  43.3 1905s
 1273323 944906 24906.9564   32  592          - 24618.9997      -  43.3 1911s
 1275173 946449 24625.0775   38  667          - 24618.9997      -  43.4 1915s
 1277702 949212 25026.0000   70  458          - 24618.9997      -  43.4 1920s
 1281182 951598 25487.7189   64  403          - 24618.9999      -  43.4 1925s
 1284576 953779 25687.0000   60  527          - 24619.0886      -  43.4 1930s
 1287445 955883 25601.0000   61  436          - 24619.2604      -  43.4 1935s
 1290479 957419 infeasible  170               - 24619.4862      -  43.4 1940s
 1292948 959554 24782.3289   33  675          - 24619.5696      -  43.5 1946s
 1294849 960735 24695.1020   30  652          - 24619.6086      -  43.5 1950s
 1295149 964750 25278.0000   60  473          - 24619.6086      -  43.5 1958s
 1301322 965153 25382.0000   44  527          - 24619.7493      -  43.5 1961s
 1303326 966640 infeasible  140               - 24619.7493      -  43.5 1965s
 1306621 969023 24690.3279   31  621          - 24619.7493      -  43.5 1970s
 1309203 970963 25042.7777   47  559          - 24619.7493      -  43.6 1975s
 1312683 974104 25534.0000   41  504          - 24619.7493      -  43.6 1981s
 1315387 975538 infeasible   55               - 24619.7493      -  43.6 1985s
 1317545 977904 infeasible   62               - 24619.7493      -  43.6 1990s
 1321396 981055 24982.0000   83  383          - 24619.7493      -  43.7 1996s
 1325048 986121 25034.0000   54  516          - 24619.7493      -  43.7 2004s
 1330072 986118 24658.1330   28  619          - 24619.7493      -  43.7 2010s
 1331202 988246 25758.0000  115  286          - 24619.7493      -  43.7 2015s
 1336916 991406 infeasible   84               - 24619.8587      -  43.7 2021s
 1339090 993918 24937.7496   42  648          - 24619.9624      -  43.7 2025s
 1341083 999084 24967.6192   65  455          - 24620.0000      -  43.8 2032s
 1348521 999725 25650.0000   62  480          - 24620.0775      -  43.7 2036s
 1351984 1002240 infeasible   40               - 24620.0775      -  43.7 2040s
 1355451 1005831 25018.0000   78  387          - 24620.0775      -  43.8 2045s
 1359934 1008304 24676.0775   40  563          - 24620.0775      -  43.8 2050s
 1363944 1011170 24620.0775   29  613          - 24620.0775      -  43.8 2056s
 1367782 1014068 infeasible  106               - 24620.0775      -  43.8 2060s
 1371412 1016656 25442.3801   36  512          - 24620.0775      -  43.8 2065s
 1374829 1019177 25969.0000   82  384          - 24620.0775      -  43.8 2070s
 1378153 1021950 24715.9997   53  484          - 24620.0775      -  43.8 2075s
 1381255 1025031 26396.0000   61  431          - 24620.0775      -  43.8 2080s
 1385522 1026930 25369.7496   35  473          - 24620.0775      -  43.8 2085s
 1385851 1031368 25494.6186   64  482          - 24620.0775      -  43.8 2090s
 1391882 1031354 infeasible  101               - 24620.0775      -  43.8 2095s
 1392886 1033357 26640.0000   86  429          - 24620.0775      -  43.9 2100s
 1396863 1036271 24620.0775   34  599          - 24620.0775      -  43.8 2105s
 1402276 1039143 infeasible   87               - 24620.0775      -  43.8 2110s
 1404700 1041989 24735.5574   64  510          - 24620.1020      -  43.8 2115s
 1409554 1045537 25261.0000   62  547          - 24620.1020      -  43.8 2121s
 1413436 1048041 24768.0000   87  409          - 24620.1020      -  43.8 2125s
 1418240 1050925 infeasible   54               - 24620.1020      -  43.8 2130s
 1421779 1053508 25475.0000   62  518          - 24620.1020      -  43.8 2135s
 1425073 1056234 25273.7764  104  324          - 24620.1720      -  43.9 2140s
 1428269 1059254 25142.0000   58  465          - 24620.4235      -  43.9 2146s
 1431664 1065018 25054.2545   51  532          - 24620.5975      -  43.9 2155s
 1439898 1066678 24695.6091   45  575          - 24620.9997      -  43.9 2160s
 1443489 1069298 24683.2426   41  549          - 24620.9997      -  43.9 2166s
 1445710 1071874 25371.0000   59  436          - 24620.9997      -  44.0 2170s
 1447639 1076039 24819.6842   74  471          - 24620.9997      -  44.0 2177s
 1453513 1076036 25144.8888   40  559          - 24620.9997      -  44.0 2184s
 1453538 1076237 25016.8888   40  627          - 24620.9997      -  44.0 2185s
 1454823 1077310 27008.5455   82  377          - 24620.9997      -  44.0 2191s
 1457789 1080267 24681.7637   42  596          - 24621.1225      -  44.1 2196s
 1461533 1081853 24909.5833   43  501          - 24621.3468      -  44.1 2200s
 1465310 1084657 infeasible  189               - 24621.5647      -  44.1 2205s
 1466826 1086972 27227.0000  139  117          - 24621.7116      -  44.1 2210s
 1471318 1089427 24995.0000   72  345          - 24621.7493      -  44.2 2216s
 1474351 1091626 24973.0000   72  428          - 24621.7493      -  44.2 2220s
 1477225 1093358 25114.3568   62  541          - 24621.7493      -  44.2 2225s
 1477566 1097696 25258.0000   73  460          - 24621.7493      -  44.2 2230s
 1485803 1100412 25238.0213   36  541          - 24621.9906      -  44.2 2235s
 1490444 1103118 24687.0898   31  523          - 24622.0775      -  44.2 2240s
 1493031 1105140 26557.0000   74  384          - 24622.0775      -  44.2 2245s
 1496260 1107432 infeasible   87               - 24622.1913      -  44.2 2250s
 1500109 1110259 infeasible   85               - 24622.5534      -  44.2 2255s
 1504122 1114057 25681.0000   66  374          - 24622.8047      -  44.3 2261s
 1506949 1116363 25859.0000  102  323          - 24623.0716      -  44.3 2265s
 1511761 1118763 infeasible   59               - 24623.2520      -  44.3 2270s
 1515314 1121227 infeasible   64               - 24623.6777      -  44.3 2275s
 1517115 1123664 24933.9997   59  403          - 24623.8212      -  44.3 2280s
 1522097 1126454 24755.3281   47  438          - 24623.8212      -  44.3 2286s
 1522432 1130403 24913.0318   76  448          - 24623.8212      -  44.3 2291s
 1528212 1132069 25544.0000   79  365          - 24623.8212      -  44.4 2295s
 1531052 1134198 25520.0000   41  460          - 24623.8212      -  44.4 2300s
 1532786 1134195 infeasible  116               - 24623.8799      -  44.4 2307s
 1533135 1134822 25702.0000   65  423          - 24623.8799      -  44.4 2310s
 1535015 1137121 26599.5400   88  362          - 24623.9997      -  44.4 2315s
 1538476 1139387 24866.0000   54  440          - 24623.9997      -  44.4 2320s
 1541969 1141073 25004.4708   54  522          - 24623.9997      -  44.5 2325s
 1545574 1143705 infeasible   33               - 24623.9997      -  44.5 2330s
 1548177 1145602 infeasible   51               - 24623.9997      -  44.5 2335s
 1550765 1147815 24703.9899   49  510          - 24623.9997      -  44.5 2340s
 1551924 1151135 25410.9998   57  497          - 24623.9997      -  44.6 2346s
 1556802 1153153 25974.0000   98  374          - 24624.0775      -  44.6 2351s
 1560789 1155961 25108.1847   64  387          - 24624.0775      -  44.6 2356s
 1564492 1158614 24880.9243   65  462          - 24624.1020      -  44.6 2360s
 1567851 1161153 25265.0000   66  414          - 24624.1494      -  44.6 2365s
 1571758 1163966 24680.4666   31  553          - 24624.1494      -  44.6 2370s
 1575454 1166334 25021.0000   58  444          - 24624.1494      -  44.6 2375s
 1579770 1169846 24705.3279   32  577          - 24624.1739      -  44.6 2381s
 1581598 1174713 25207.0000   90  324          - 24624.4310      -  44.6 2389s
 1588578 1174951 24625.1020   28  623          - 24624.7493      -  44.6 2390s
 1590909 1177288 infeasible   80               - 24624.7493      -  44.6 2395s
 1593670 1179147 24625.1020   29  597          - 24624.7493      -  44.7 2400s
 1597829 1181641 infeasible   57               - 24624.8586      -  44.7 2406s
 1600239 1184961 24972.1429   73  520          - 24624.8983      -  44.7 2411s
 1604345 1187355 26606.0000   69  363          - 24625.0000      -  44.7 2415s
 1608608 1189639 25243.7085   52  525          - 24625.0775      -  44.7 2421s
 1612037 1192151 25203.0000   62  536          - 24625.0775      -  44.7 2425s
 1612342 1196435 25278.0000   84  451          - 24625.0775      -  44.7 2431s
 1618139 1196415 infeasible  172               - 24625.0775      -  44.7 2438s
 1618193 1196716 24755.6452   41  564          - 24625.0775      -  44.7 2440s
 1619915 1199195 25154.0000   63  380          - 24625.0775      -  44.7 2446s
 1623640 1200812 26087.6622   36  588          - 24625.0775      -  44.7 2450s
 1627397 1203523 infeasible   94               - 24625.0775      -  44.7 2455s
 1627681 1208037 25841.0000   47  517          - 24625.0775      -  44.8 2462s
 1634121 1208494 24852.0000   52  448          - 24625.0775      -  44.8 2465s
 1636512 1210331 infeasible   72               - 24625.0775      -  44.8 2470s
 1640716 1213189 infeasible  104               - 24625.0775      -  44.8 2475s
 1644238 1215779 infeasible   72               - 24625.0775      -  44.8 2480s
 1646981 1218227 25647.9600   48  515          - 24625.0775      -  44.8 2485s
 1649423 1220882 24625.0775   30  669          - 24625.0775      -  44.8 2491s
 1651937 1221993 24714.0000   53  405          - 24625.0775      -  44.9 2495s
 1655455 1224792 24852.1847   60  508          - 24625.0775      -  44.9 2501s
 1657042 1226576 24794.1518   51  531          - 24625.0775      -  44.9 2505s
 1660971 1229276 25712.0000   52  462          - 24625.0775      -  44.9 2510s
 1665193 1232051 24716.0582   65  477          - 24625.0775      -  44.9 2515s
 1669091 1234762 24979.4027   41  631          - 24625.0775      -  44.9 2520s
 1673548 1237393 24762.6452   51  537          - 24625.0775      -  44.9 2526s
 1676425 1239423 infeasible   52               - 24625.0775      -  44.9 2530s
 1678541 1242124 24723.3279   35  470          - 24625.0775      -  45.0 2535s
 1682424 1244781 25681.0000   73  424          - 24625.0775      -  44.9 2540s
 1686343 1247752 26292.0000  111  299          - 24625.0775      -  45.0 2546s
 1690147 1253211 25767.0000   70  391          - 24625.0775      -  45.0 2555s
 1696224 1255037 25686.0000   72  360          - 24625.0775      -  45.0 2560s
 1700146 1257758 24724.6667   54  478          - 24625.0775      -  45.0 2565s
 1701629 1257789 infeasible   65               - 24625.0775      -  45.0 2571s
 1702500 1259741 25577.0000   53  375          - 24625.0775      -  45.0 2575s
 1704602 1264060 25502.0000   40  450          - 24625.0775      -  45.0 2584s
 1710397 1264391 24625.0775   29  665          - 24625.0775      -  45.0 2589s
 1710762 1264731 24819.2732   58  448          - 24625.0775      -  45.0 2590s
 1715249 1268877 25185.9600   54  460          - 24625.0775      -  45.0 2595s
 1718803 1270932 24793.0311   58  422          - 24625.0775      -  45.0 2600s
 1724829 1274664 infeasible   62               - 24625.0775      -  45.0 2605s
 1729966 1279090 25335.0210   56  533          - 24625.0775      -  45.0 2610s
 1733926 1283287 24811.1474   38  582          - 24625.0775      -  45.0 2616s
 1738542 1284802 24922.3279   35  590          - 24625.0775      -  45.0 2620s
 1742683 1288701 24934.0000   57  414          - 24625.0775      -  45.0 2625s
 1746600 1291998 24814.0000   56  388          - 24625.0775      -  45.1 2630s
 1750160 1295402 24732.1245   45  453          - 24625.0775      -  45.1 3443s
 1753139 1295638 infeasible   61               - 24625.0775      -  45.1 3445s
 1755529 1297663 24625.5975   29  637          - 24625.0775      -  45.1 3451s
 1759010 1301186 26743.5714   78  311          - 24625.0775      -  45.1 3455s
 1762937 1302645 24833.0000   73  495          - 24625.0775      -  45.1 3462s
 1762951 1308828 infeasible   75               - 24625.0775      -  45.1 3479s
 1770959 1311576 25344.8888   35  550          - 24625.0775      -  45.2 3482s
 1775086 1313601 25125.4110   70  356          - 24625.0775      -  45.2 3485s
 1784653 1319322 24888.1200   79  412          - 24625.0775      -  45.2 3490s
 1792776 1325169 24977.0000   59  410          - 24625.0775      -  45.2 3495s
 1798215 1329332 25221.9997   62  476          - 24625.1001      -  45.2 3500s
 1804918 1334144 25483.0000   74  447          - 24625.1020      -  45.2 3505s
 1808070 1338806 24886.7303   57  423          - 24625.1020      -  45.2 3511s
 1815100 1341734 24626.6937   40  630          - 24625.1020      -  45.2 3515s
 1818802 1344386 25428.0000   48  509          - 24625.1020      -  45.2 3520s
 1824157 1348747 25572.0000   68  543          - 24625.1020      -  45.2 3525s
 1829867 1351731 26063.0000   77  351          - 24625.1020      -  45.2 3530s
 1834001 1355623 infeasible   57               - 24625.1020      -  45.2 3535s
 1840390 1359512 25020.2857   73  460          - 24625.1020      -  45.2 3540s
 1843156 1362382 25394.8571   50  464          - 24625.1020      -  45.2 3545s
 1849618 1366251 24681.0775   34  593          - 24625.1412      -  45.2 3550s
 1853302 1371040 25186.7496   44  551          - 24625.2720      -  45.2 3557s
 1856527 1371040 25445.2265   44  461          - 24625.3722      -  45.3 3562s
 1857524 1372331 27369.3404   90  349          - 24625.3722      -  45.3 3565s
 1862494 1375678 24844.7985   33  542          - 24625.4975      -  45.3 3570s
 1866996 1378901 25325.9760   29  546          - 24625.5618      -  45.3 3575s
 1872403 1382769 25385.0000   67  407          - 24625.6784      -  45.3 3580s
 1876613 1385844 infeasible   67               - 24625.7331      -  45.3 3585s
 1882007 1389525 24726.0000   54  553          - 24625.7496      -  45.3 3591s
 1882341 1393680 24990.0000   73  463          - 24625.7637      -  45.3 3595s
 1891277 1396209 24791.3505   46  502          - 24625.8215      -  45.3 3600s

Cutting planes:
  Learned: 198
  Gomory: 272
  Cover: 1378
  Implied bound: 200
  Projected implied bound: 7
  Clique: 204
  MIR: 442
  StrongCG: 75
  Flow cover: 2025
  GUB cover: 2
  Inf proof: 21
  Zero half: 65
  Network: 27
  RLT: 143
  Relax-and-lift: 109
  BQP: 1
  PSD: 1

Explored 1891713 nodes (85738400 simplex iterations) in 3600.03 seconds (2513.99 work units)
Thread count was 8 (of 8 available processors)

Solution count 0

Time limit reached
Best objective -, best bound 2.462582147533e+04, gap -

User-callback calls 4424994, time in user-callback 20.27 sec

Statistics for modelBGB_BWES:
  Linear constraint matrix    : 23919 Constrs, 9987 Vars, 88114 NZs
  Variable types              : 3270 Continuous,
6717 Integer (1378 Binary)
  Matrix coefficient range    : [ 1, 200 ]
  Objective coefficient range : [ 1, 386 ]
  Variable bound range        : [ 1, 199 ]
  RHS coefficient range       : [ 1, 549 ]
