
Gurobi 10.0.1 (mac64[arm]) logging started Thu Apr  4 19:13:26 2024

Set parameter LogFile to value "/Users/deniserings/Documents/zib/s-bahn-data/scripts/DeniseMA/processed/BGB_BWES/RENS/BGB_BWES_subMBP_random2_0.6_202404041301.log"
Gurobi Optimizer version 10.0.1 build v10.0.1rc0 (mac64[arm])

CPU model: Apple M2
Thread count: 8 physical cores, 8 logical processors, using up to 8 threads

Optimize a model with 23829 rows, 9987 columns and 88024 nonzeros
Model fingerprint: 0x97c79f8e
Variable types: 3270 continuous, 6717 integer (1378 binary)
Coefficient statistics:
  Matrix range     [1e+00, 2e+02]
  Objective range  [1e+00, 4e+02]
  Bounds range     [1e+00, 2e+02]
  RHS range        [1e+00, 5e+02]
Presolve removed 10557 rows and 2920 columns
Presolve time: 0.32s
Presolved: 13272 rows, 7067 columns, 52115 nonzeros
Variable types: 1843 continuous, 5224 integer (5224 binary)

Root relaxation: objective 2.329800e+04, 4560 iterations, 0.11 seconds (0.07 work units)

    Nodes    |    Current Node    |     Objective Bounds      |     Work
 Expl Unexpl |  Obj  Depth IntInf | Incumbent    BestBd   Gap | It/Node Time

     0     0 23298.0000    0  422          - 23298.0000      -     -    0s
     0     0 23462.6331    0  942          - 23462.6331      -     -    1s
     0     0 23462.6388    0  834          - 23462.6388      -     -    1s
     0     0 23498.0000    0  889          - 23498.0000      -     -    1s
     0     0 23498.0000    0  861          - 23498.0000      -     -    1s
     0     0 23505.7699    0 1103          - 23505.7699      -     -    2s
     0     0 23505.7699    0 1046          - 23505.7699      -     -    2s
     0     0 23509.1314    0 1087          - 23509.1314      -     -    2s
     0     0 23510.8457    0 1102          - 23510.8457      -     -    2s
     0     0 23510.8457    0 1098          - 23510.8457      -     -    2s
     0     0 23516.6667    0 1060          - 23516.6667      -     -    3s
     0     0 23516.6667    0  912          - 23516.6667      -     -    3s
     0     0 23516.6667    0  903          - 23516.6667      -     -    4s
     0     0 23516.6667    0  890          - 23516.6667      -     -    4s
     0     0 23516.6667    0  393          - 23516.6667      -     -    5s
     0     0 23516.6667    0  480          - 23516.6667      -     -    5s
     0     0 23516.6667    0  410          - 23516.6667      -     -    5s
     0     0 23516.6667    0  566          - 23516.6667      -     -    5s
     0     0 23516.6667    0  419          - 23516.6667      -     -    6s
     0     0 23516.6667    0  417          - 23516.6667      -     -    6s
     0     0 23521.6667    0  336          - 23521.6667      -     -    7s
     0     0 23521.6667    0  741          - 23521.6667      -     -    8s
     0     0 23521.6667    0  723          - 23521.6667      -     -    8s
     0     0 23521.6667    0  714          - 23521.6667      -     -    8s
     0     0 23521.6667    0  725          - 23521.6667      -     -    8s
     0     0 23525.8927    0  780          - 23525.8927      -     -    8s
     0     0 23527.8935    0  721          - 23527.8935      -     -    9s
     0     0 23527.8935    0  799          - 23527.8935      -     -    9s
     0     0 23540.5720    0  804          - 23540.5720      -     -    9s
     0     0 23540.5720    0  767          - 23540.5720      -     -    9s
     0     0 23553.5884    0  759          - 23553.5884      -     -    9s
     0     0 23553.6221    0  730          - 23553.6221      -     -    9s
     0     0 23556.3333    0  727          - 23556.3333      -     -   10s
     0     0 23560.0000    0  705          - 23560.0000      -     -   10s
     0     0 23560.0000    0  661          - 23560.0000      -     -   10s
     0     0 23560.0000    0  863          - 23560.0000      -     -   10s
     0     0 23560.0000    0  739          - 23560.0000      -     -   10s
     0     0 23560.0000    0  845          - 23560.0000      -     -   10s
     0     0 23560.0000    0  726          - 23560.0000      -     -   10s
     0     0 23560.0000    0  325          - 23560.0000      -     -   11s
     0     0 23560.0000    0  420          - 23560.0000      -     -   11s
     0     0 23560.0000    0  337          - 23560.0000      -     -   12s
     0     0 23560.0000    0  496          - 23560.0000      -     -   12s
     0     0 23560.0000    0  384          - 23560.0000      -     -   13s
     0     0 23560.0000    0  351          - 23560.0000      -     -   13s
     0     2 23560.0000    0  339          - 23560.0000      -     -   14s
   251   272 24201.0000   22  386          - 23832.4900      -  37.4   15s
  2066  1810 24269.0000   17  734          - 23832.4900      -  25.5   20s
  2088  1825 24201.0000   14  287          - 23975.2837      -  25.2   25s
  2924  2339 infeasible   61               - 24176.7487      -  50.9   30s
  4394  3138 24651.8000   33  447          - 24177.0594      -  45.2   35s
  7112  4400 24435.2858   21  484          - 24186.6865      -  39.2   40s
  9582  6257 24761.0000   56  394          - 24186.6865      -  37.8   45s
 12276  8343 infeasible  134               - 24189.5312      -  35.6   50s
 14775 10484 25251.0000   50  587          - 24190.7998      -  35.9   57s
 14950 12337 25242.0000   55  560          - 24193.4437      -  36.0   61s
 17709 14072 24630.7778   43  489          - 24199.5312      -  36.0   65s
 21236 16596 24654.4891   50  472          - 24201.0000      -  35.5   71s
 24201 18541 25029.7994   47  556          - 24201.0000      -  35.3   75s
 29830 23274 27776.0000  213  235          - 24201.0000      -  33.7   91s
 33524 24997 infeasible   68               - 24201.0000      -  33.7   95s
 37746 29338 24969.0000   35  547          - 24201.0000      -  33.6  100s
 40546 30656 24860.3697   47  653          - 24201.0000      -  33.7  105s
 43654 33569 24813.0000   76  388          - 24201.0000      -  34.2  110s
 49038 37934 24732.6571   46  525          - 24201.2200      -  33.4  115s
 53791 41714 24978.6345   42  539          - 24202.7014      -  33.2  120s
 59770 46332 25442.0000   71  542          - 24203.9955      -  32.7  125s
 62600 47863 24984.0000   68  553          - 24205.5000      -  32.6  130s
 67406 52515 24885.0000   55  527          - 24207.7429      -  32.5  135s
 72358 56134 24725.0000   38  443          - 24210.9978      -  32.2  140s
 74932 61091 25959.7600  151  286          - 24211.0000      -  32.1  145s
 84499 64490 infeasible  102               - 24212.6404      -  31.3  150s
 87903 67202 24592.8712   22  484          - 24213.9741      -  31.5  155s
 92550 70758 24633.7407   33  558          - 24216.8670      -  31.3  160s
 96850 74096 infeasible   94               - 24220.7778      -  31.2  165s
 99158 76818 24518.0171   29  548          - 24222.6765      -  31.4  170s
 103293 79380 24508.2591   23  552          - 24225.0356      -  31.3  175s
 107801 82656 infeasible  143               - 24227.4472      -  31.2  182s
 109510 84010 infeasible  140               - 24228.6272      -  31.2  185s
 112147 86954 24883.7429   30  566          - 24232.1313      -  31.2  190s
 115912 89806 25006.0690  104  537          - 24235.1004      -  31.3  195s
 119896 93680 24781.7100   40  550          - 24237.0000      -  31.3  200s
 124758 95632 infeasible  152               - 24241.0000      -  31.2  205s
 128486 99330 24776.0000   36  578          - 24245.5087      -  31.2  210s
 134743 103430 24822.3236   25  571          - 24249.9840      -  31.1  215s
 141331 108348 24686.5555   30  483          - 24254.2537      -  30.9  220s
 145649 112359 24778.0000   40  494          - 24260.2264      -  31.0  225s
 149477 118721 24824.5297   43  491          - 24267.4549      -  31.0  231s
 155173 119034 24755.0000   34  500          - 24270.2991      -  30.9  235s
 160386 123752 24685.9331   47  410          - 24273.5336      -  31.0  240s
 165381 127462 24620.7778   26  567          - 24275.0141      -  31.1  245s
 168737 129345 24751.8567   60  489          - 24276.9518      -  31.1  250s
 174110 134112 24737.0000   30  580          - 24287.7038      -  31.2  255s
 178579 141202 24879.2358   45  542          - 24293.6199      -  31.1  262s
 186155 142279 infeasible  124               - 24301.2131      -  31.1  265s
 191101 146253 24855.8000   42  533          - 24308.3987      -  31.1  270s
 194059 151201 25277.0000   44  647          - 24313.2680      -  31.2  275s
 201512 154138 25220.2247   48  548          - 24330.8646      -  31.1  282s
 204596 157184 24568.1553   34  583          - 24338.4672      -  31.1  285s
 210481 160761 infeasible  120               - 24344.8450      -  31.1  290s
 216213 165186 infeasible   92               - 24350.7778      -  31.2  295s
 220421 168474 infeasible  123               - 24351.0000      -  31.4  300s
 223506 173651 24995.0000   76  448          - 24351.0000      -  31.6  306s
 229119 174923 infeasible  136               - 24354.1393      -  31.7  310s
 232173 177463 24596.6162   33  505          - 24356.4705      -  31.7  318s
 232902 178099 24616.6344   52  473          - 24357.0986      -  31.8  320s
 235755 180031 infeasible   78               - 24359.1400      -  31.9  325s
 238665 182713 26179.0000  118  430          - 24359.1400      -  32.0  330s
 242596 185639 25240.7778   45  588          - 24360.0043      -  32.0  335s
 246122 187464 infeasible   84               - 24361.0000      -  32.1  340s
 249539 190149 infeasible  208               - 24361.0324      -  32.2  345s
 252476 192929 24920.7778   34  484          - 24365.0141      -  32.3  350s
 253668 196691 24757.0194   53  525          - 24368.9630      -  32.3  356s
 260159 198383 24666.4886   70  565          - 24372.3436      -  32.3  360s
 263522 200172 infeasible   94               - 24374.5420      -  32.4  369s
 263579 200292 24623.9166   57  642          - 24374.5420      -  32.4  370s
 266269 202866 25228.2927   56  554          - 24375.4353      -  32.4  375s
 269999 205571 25481.4980   67  492          - 24377.7529      -  32.5  380s
 273329 207409 infeasible   56               - 24379.7085      -  32.5  385s
 275990 210189 24557.3584   50  526          - 24380.7778      -  32.6  390s
 280148 212523 infeasible   91               - 24381.8746      -  32.6  395s
 283208 214916 24491.1078   28  608          - 24383.0000      -  32.7  401s
 283406 218928 24625.7778   50  506          - 24383.0619      -  32.7  407s
 289226 219228 24419.6313   42  626          - 24384.8995      -  32.8  410s
 292788 222002 24665.0000   35  655          - 24385.3591      -  32.8  415s
 294725 224023 24862.5521   41  603          - 24387.0000      -  33.0  420s
 298645 226985 24703.2939   26  588          - 24388.2827      -  33.0  425s
 302379 228701 infeasible  141               - 24389.1635      -  33.0  437s
 302775 229930 25628.0000   78  489          - 24390.1907      -  33.1  440s
 306633 232587 24730.6275   56  593          - 24391.9856      -  33.1  445s
 309945 234476 24704.2782   50  607          - 24393.0000      -  33.1  450s
 312713 237040 24739.9331   26  558          - 24396.0756      -  33.2  455s
 314160 239602 25518.9850   57  490          - 24396.4508      -  33.2  460s
 320106 242269 25444.0000   60  535          - 24399.2628      -  33.2  465s
 323754 244285 infeasible  178               - 24401.4998      -  33.2  470s
 327099 246896 infeasible  101               - 24402.9177      -  33.2  475s
 330880 249800 25532.7778  101  294          - 24404.7778      -  33.2  480s
 333360 252192 24738.6930   32  635          - 24405.9347      -  33.3  485s
 337321 254272 infeasible  103               - 24410.7943      -  33.3  490s
 340980 256961 24994.5408   43  558          - 24413.4328      -  33.3  495s
 343250 258759 infeasible   59               - 24417.3448      -  33.4  500s
 347201 261574 26605.7486  110  391          - 24419.6313      -  33.4  505s
 349729 264137 25153.0000   51  487          - 24424.4041      -  33.5  510s
 353242 266753 24623.3584   52  564          - 24425.9082      -  33.5  515s
 355628 267797 24568.9082   26  696          - 24426.3665      -  33.5  521s
 357197 269592 25770.8730  116  511          - 24426.9705      -  33.5  525s
 358492 272686 25565.7135   80  531          - 24428.2653      -  33.5  530s
 364775 274626 24708.9331   28  607          - 24432.7274      -  33.6  535s
 367390 277285 25036.0636   35  584          - 24435.8134      -  33.7  541s
 370809 279080 infeasible  166               - 24436.2335      -  33.7  545s
 373424 283483 24565.5714   40  576          - 24436.7778      -  33.8  557s
 377376 283926 26135.9952   92  302          - 24436.7778      -  33.9  561s
 380945 286446 infeasible   45               - 24438.1304      -  33.9  566s
 383768 288624 24840.1304   33  635          - 24438.1304      -  34.1  571s
 386816 290955 24574.8824   22  562          - 24438.2543      -  34.1  575s
 389910 293031 infeasible  183               - 24438.5002      -  34.1  580s
 392786 295358 24586.7778   44  517          - 24438.8091      -  34.1  585s
 395879 298273 24502.7778   40  536          - 24438.9101      -  34.1  591s
 398406 300253 24722.7778   37  434          - 24439.7730      -  34.1  595s
 401988 302669 24865.0527   39  576          - 24440.1304      -  34.2  600s
 404283 303652 infeasible   73               - 24440.6585      -  34.2  611s
 404780 305251 24567.5138   69  490          - 24440.7522      -  34.3  615s
 408044 307280 25049.7778   63  596          - 24441.1226      -  34.3  620s
 411986 310052 26575.8065  121  462          - 24441.9356      -  34.3  625s
 414423 311858 24670.7778   29  634          - 24442.7778      -  34.3  630s
 417737 313999 infeasible  100               - 24443.0250      -  34.4  635s
 421042 316697 24724.0225   49  493          - 24444.3914      -  34.4  641s
 423705 318522 24582.1760   57  465          - 24444.8749      -  34.5  645s
 427681 320955 24685.9573   45  554          - 24445.3584      -  34.5  650s
 430448 323770 24605.8849   47  500          - 24446.5080      -  34.5  656s
 433131 328046 24547.9331   29  577          - 24447.0000      -  34.5  662s
 439614 330340 26094.5212  152  329          - 24447.3585      -  34.5  665s
 441927 331454 24609.6771   63  603          - 24448.1304      -  34.5  671s
 444755 333383 24538.7360   24  611          - 24448.7869      -  34.6  675s
 447357 336176 24969.6039   64  470          - 24448.7869      -  34.6  681s
 449784 337091 infeasible  132               - 24451.3448      -  34.6  691s
 450259 338476 24706.1267   62  533          - 24451.3448      -  34.7  695s
 454454 340824 infeasible   97               - 24451.3671      -  34.7  701s
 456978 343378 24898.2617   40  695          - 24452.7479      -  34.7  706s
 459337 345009 24568.7778   43  513          - 24453.2939      -  34.7  710s
 463017 347647 25853.0884  117  396          - 24453.3584      -  34.8  715s
 466104 349644 26419.7778   89  451          - 24454.3939      -  34.8  720s
 468282 351740 24528.7360   43  463          - 24455.0870      -  34.9  726s
 471710 353570 infeasible  118               - 24456.8475      -  34.9  731s
 474543 356357 25391.7778   56  513          - 24457.3869      -  34.9  736s
 477033 357498 infeasible   90               - 24457.4239      -  35.0  740s
 477210 361235 24694.9331   25  522          - 24458.2974      -  35.0  746s
 482681 361601 24774.7778   39  631          - 24460.0908      -  35.1  750s
 485371 364244 24611.3584   42  530          - 24460.1553      -  35.1  755s
 488959 366990 25152.7778   68  562          - 24461.2939      -  35.1  760s
 492262 368743 25155.7778   62  609          - 24461.9178      -  35.1  765s
 492396 372118 25515.7778   64  575          - 24462.1400      -  35.2  773s
 496928 372335 25034.7778   61  491          - 24463.9900      -  35.3  775s
 498829 374553 24923.0389   35  609          - 24464.7360      -  35.3  780s
 502962 376880 24962.2191   56  516          - 24465.7989      -  35.4  786s
 503546 377113 24916.0000   44  555          - 24467.1525      -  35.4  790s
 506285 379203 infeasible   81               - 24467.2939      -  35.4  795s
 509327 382024 24607.0937   46  504          - 24467.3584      -  35.5  801s
 511953 383305 infeasible  103               - 24467.3584      -  35.5  805s
 514856 385300 24557.3584   27  560          - 24467.3584      -  35.5  811s
 516514 386666 infeasible   75               - 24467.3584      -  35.6  815s
 517476 387226 25872.9082   67  413          - 24467.3584      -  35.6  824s
 517767 387482 25968.9082   68  430          - 24467.3584      -  35.6  826s
 519738 389129 24637.7778   64  420          - 24469.4670      -  35.7  831s
 522124 391223 24663.2858   30  607          - 24469.8019      -  35.7  836s
 523665 393627 25593.4979   75  565          - 24470.1304      -  35.7  841s
 527119 394891 24666.0889   60  598          - 24471.1957      -  35.8  846s
 529490 396579 24854.9722   50  522          - 24472.6466      -  35.9  850s
 532283 398172 26572.1977  151  221          - 24473.0000      -  35.9  855s
 534585 400359 24931.3584   40  601          - 24473.3869      -  36.0  861s
 537004 402087 24689.8802   56  494          - 24473.8156      -  36.1  866s
 539159 403765 24691.0142   64  555          - 24474.2929      -  36.1  870s
 541451 405448 25328.3410   71  428          - 24474.6715      -  36.2  875s
 543685 407340 24605.9331   25  564          - 24476.7778      -  36.3  881s
 546733 409051 26157.7778   87  385          - 24477.0000      -  36.4  886s
 549657 411342 24703.5806   48  596          - 24477.2200      -  36.4  891s
 552516 412810 25158.0000   53  573          - 24477.2200      -  36.5  896s
 553290 414022 24677.8000   40  645          - 24477.2200      -  36.6  902s
 554496 415848 24605.7519   22  617          - 24477.2200      -  36.6  905s
 558988 418267 24831.1432   56  622          - 24477.5161      -  36.7  911s
 560354 419390 24761.3584   58  487          - 24477.5161      -  36.7  915s
 563575 421438 infeasible   77               - 24477.5161      -  36.7  920s
 566137 422460 infeasible   57               - 24478.2004      -  36.8  933s
 566182 422671 24714.6466   27  639          - 24478.2004      -  36.8  935s
 566917 423960 26126.2533   75  482          - 24478.7775      -  36.9  940s
 568445 427547 24828.7111   37  629          - 24479.2088      -  36.9  948s
 573226 427626 infeasible   85               - 24479.6658      -  37.0  950s
 574867 428904 24751.7044   41  533          - 24479.9517      -  37.1  955s
 576840 431004 25107.0000   56  522          - 24480.5147      -  37.1  960s
 579304 432735 25489.0000   75  560          - 24481.4181      -  37.1  965s
 581967 434242 24632.8651   28  598          - 24481.7074      -  37.2  970s
 584562 436102 24632.8651   30  608          - 24481.8198      -  37.2  975s
 586167 438137 25525.6154   75  480          - 24483.0000      -  37.3  980s
 590157 440417 infeasible   96               - 24483.7429      -  37.3  986s
 591781 442379 25267.0000   48  614          - 24484.1424      -  37.4  991s
 594359 444150 24714.1553   57  605          - 24484.5423      -  37.5  996s
 596661 446025 25210.9178   99  438          - 24484.7325      -  37.5 1001s
 599028 451625 24765.1256   46  593          - 24484.8824      -  37.6 1012s
 605864 451912 infeasible   39               - 24485.4889      -  37.6 1015s
 607478 453228 24762.9082   32  613          - 24485.9906      -  37.6 1020s
 609841 454919 24699.9331   41  565          - 24486.6550      -  37.7 1026s
 612530 457785 25092.2778   66  422          - 24486.6601      -  37.8 1030s
 615083 459693 24637.5161   25  668          - 24487.1601      -  37.8 1036s
 617964 460897 infeasible   87               - 24487.2745      -  37.9 1041s
 619830 462343 24775.7778   37  613          - 24487.2939      -  37.9 1045s
 622608 464407 infeasible   74               - 24487.3945      -  38.0 1050s
 625291 467003 25715.0000   70  465          - 24487.5806      -  38.0 1056s
 627935 469039 25649.0000   52  556          - 24488.2943      -  38.1 1061s
 629404 472870 24924.0747   64  418          - 24488.3939      -  38.1 1070s
 634583 474333 24659.5485   64  398          - 24488.4492      -  38.1 1075s
 638192 476548 24522.5138   30  568          - 24488.4492      -  38.1 1081s
 640533 478490 24609.5664   47  500          - 24488.5688      -  38.2 1085s
 643176 480223 infeasible   40               - 24489.3697      -  38.2 1090s
 644259 484526 24883.5806   48  550          - 24489.7519      -  38.2 1099s
 645034 484526 25851.6236   89  485          - 24489.8164      -  38.2 1100s
 650286 485505 25266.1005   86  482          - 24490.6177      -  38.3 1105s
 651226 485601 24982.0794   48  538          - 24490.6415      -  38.3 1112s
 651631 486792 24697.7519   32  572          - 24490.7778      -  38.3 1116s
 654339 487993 infeasible   43               - 24491.1078      -  38.4 1121s
 657029 489921 24768.7778   41  590          - 24491.3746      -  38.5 1125s
 658906 491300 24940.3584   46  585          - 24491.5560      -  38.5 1130s
 659166 494210 25185.1936   59  567          - 24491.6863      -  38.5 1136s
 663350 494631 24588.7496   32  599          - 24492.1182      -  38.6 1140s
 666438 496893 25500.7778   59  541          - 24492.5417      -  38.6 1146s
 669215 498909 24662.0633   30  750          - 24492.6217      -  38.6 1151s
 670405 499918 infeasible   63               - 24492.6217      -  38.6 1155s
 672331 501964 24750.5537   51  528          - 24492.6217      -  38.7 1160s
 675965 504180 25243.0000   62  573          - 24492.9256      -  38.7 1166s
 678248 505726 infeasible   86               - 24493.0161      -  38.7 1171s
 680898 507496 infeasible  132               - 24493.4574      -  38.7 1182s
 681203 507901 25425.3664   64  571          - 24493.5268      -  38.8 1186s
 683124 510057 25006.7798   46  581          - 24493.7449      -  38.8 1191s
 685834 511455 infeasible  182               - 24494.4243      -  38.8 1195s
 688060 513220 infeasible  153               - 24494.6905      -  38.9 1201s
 688395 515819 25074.1939   27  600          - 24494.6905      -  38.9 1205s
 692314 517226 25220.7778   59  543          - 24494.9007      -  38.9 1210s
 695175 519363 24949.9082   50  588          - 24495.4243      -  38.9 1215s
 697843 521103 24793.9082   50  580          - 24495.5729      -  38.9 1220s
 701384 523726 24604.1194   35  793          - 24495.8442      -  39.0 1225s
 703910 525070 infeasible   46               - 24496.3505      -  39.0 1231s
 705909 526729 infeasible   48               - 24496.7111      -  39.0 1235s
 708051 528928 25660.7921   64  531          - 24496.7778      -  39.0 1240s
 710885 531152 25698.0000  119  392          - 24497.2200      -  39.1 1246s
 712466 532631 24736.3584   65  520          - 24497.3584      -  39.1 1250s
 715650 535056 25182.9082   50  434          - 24497.6601      -  39.2 1257s
 718740 536331 infeasible  184               - 24498.0120      -  39.2 1261s
 720677 538423 24543.5138   43  514          - 24498.4492      -  39.2 1265s
 723695 540733 24729.9331   47  489          - 24498.4492      -  39.3 1271s
 725491 542050 24670.2412   46  565          - 24498.4492      -  39.3 1275s
 727263 543518 25039.9331   40  611          - 24498.4696      -  39.4 1280s
 730838 546078 24847.9331   56  472          - 24498.5138      -  39.4 1286s
 733780 547070 infeasible   64               - 24498.5138      -  39.4 1291s
 736117 548793 infeasible   74               - 24498.5138      -  39.4 1296s
 738081 550468 24989.9331   69  491          - 24498.5138      -  39.4 1300s
 738733 550622 24773.9331   63  475          - 24498.5138      -  39.5 1307s
 738926 551079 infeasible   65               - 24498.5138      -  39.5 1310s
 740237 553391 25111.7778  109  293          - 24498.5138      -  39.5 1316s
 744348 554818 24498.5138   29  574          - 24498.5138      -  39.5 1321s
 746832 557037 25187.9331   57  551          - 24498.5138      -  39.5 1326s
 748063 561823 25440.9331   56  544          - 24498.5138      -  39.5 1338s
 754657 561962 infeasible   69               - 24498.5138      -  39.6 1340s
 755243 562616 25273.9331   45  557          - 24498.5138      -  39.6 1345s
 758695 564943 infeasible   44               - 24498.5138      -  39.7 1352s
 760717 566477 24668.6735   57  571          - 24498.5138      -  39.7 1356s
 762605 568614 24561.9338   34  594          - 24498.5138      -  39.7 1361s
 764176 570251 24633.7577   59  528          - 24498.5138      -  39.8 1366s
 766740 571742 24621.5664   55  473          - 24498.5138      -  39.8 1371s
 768353 573249 25127.9268   60  584          - 24498.5138      -  39.8 1375s
 770512 574690 24545.0023   56  586          - 24498.5138      -  39.9 1380s
 772802 575607 24498.5138   40  533          - 24498.5138      -  39.9 1386s
 775093 577081 24511.1444   35  633          - 24498.5138      -  39.9 1391s
 777012 579248 infeasible   60               - 24498.5138      -  40.0 1396s
 778802 583427 24876.0609   83  337          - 24498.5138      -  40.0 1407s
 784479 583582 infeasible   55               - 24498.5138      -  40.0 1410s
 785542 585395 25809.8278  120  287          - 24498.5138      -  40.1 1417s
 787203 586258 24498.5138   38  584          - 24498.5138      -  40.1 1420s
 790121 587473 24959.9331   41  609          - 24498.5138      -  40.2 1431s
 790466 588043 25338.1873   62  531          - 24498.5138      -  40.2 1436s
 791421 590283 25411.5590   65  596          - 24498.5138      -  40.3 1442s
 793842 591045 25160.3586   39  593          - 24498.5138      -  40.2 1445s
 795271 592542 24589.9331   53  584          - 24498.5138      -  40.3 1450s
 797465 593963 24594.5074   56  562          - 24498.5138      -  40.3 1455s
 800559 595223 24633.9114   54  552          - 24498.5138      -  40.4 1460s
 802916 597293 26092.3462   80  429          - 24498.5138      -  40.4 1465s
 804427 598282 infeasible   74               - 24498.5138      -  40.4 1471s
 806778 599775 24554.8416   54  525          - 24498.5138      -  40.4 1476s
 809105 601440 infeasible   72               - 24498.5138      -  40.5 1481s
 809362 605421 25270.9331   91  307          - 24498.5138      -  40.5 1490s
 815286 606046 24651.9331   61  482          - 24498.5138      -  40.6 1496s
 817461 607525 24554.5579   40  694          - 24498.5138      -  40.6 1500s
 819527 610030 24505.9138   33  606          - 24498.5138      -  40.6 1505s
 821457 611492 24723.9331   63  459          - 24498.5138      -  40.6 1510s
 823416 612679 24619.5458   52  488          - 24498.5138      -  40.7 1515s
 825152 617613 24764.0636   56  556          - 24498.5138      -  40.7 1527s
 831598 617805 infeasible   94               - 24498.5138      -  40.8 1530s
 832246 618579 infeasible   66               - 24498.5138      -  40.8 1535s
 834617 620829 24813.9331   59  473          - 24498.5138      -  40.8 1540s
 836226 622154 24772.7853   69  518          - 24498.5138      -  40.8 1546s
 838041 623789 25368.5590   63  389          - 24498.5138      -  40.9 1550s
 840318 628032 25235.1590   63  490          - 24498.5138      -  40.9 1557s
 846030 628266 infeasible  101               - 24498.5138      -  41.0 1560s
 846664 629889 24777.7004   51  474          - 24498.5138      -  41.0 1565s
 848896 631331 25932.0000  156  141          - 24498.5138      -  41.0 1570s
 850849 632696 24574.5138   53  489          - 24498.5138      -  41.0 1575s
 852748 633910 25231.9331   62  536          - 24498.5138      -  41.1 1580s
 855816 639018 24851.9331   63  462          - 24498.5138      -  41.1 1594s
 861428 639283 25539.1948   42  690          - 24498.5138      -  41.2 1597s
 862274 641282 26424.1913   98  321          - 24498.5138      -  41.2 1602s
 864286 641513 24554.5579   38  643          - 24498.5138      -  41.2 1605s
 866298 643087 24520.8382   41  681          - 24498.5138      -  41.2 1610s
 868401 644601 infeasible   81               - 24498.5138      -  41.3 1615s
 870892 646272 infeasible  165               - 24498.5138      -  41.3 1620s
 871287 648688 25493.2816   69  425          - 24498.5138      -  41.3 1626s
 874933 648837 25458.4426   56  542          - 24498.5138      -  41.3 1634s
 875108 649205 24840.0701   56  530          - 24498.5138      -  41.3 1636s
 876349 650674 26267.7778  124  229          - 24498.5138      -  41.4 1642s
 877417 651054 infeasible   75               - 24498.5138      -  41.4 1646s
 879901 653758 25227.9331   58  547          - 24498.5138      -  41.5 1652s
 881636 654003 24979.5998   39  584          - 24498.5138      -  41.5 1655s
 883803 655595 infeasible   77               - 24498.5138      -  41.5 1661s
 886389 657913 25017.9331   48  598          - 24498.5138      -  41.5 1667s
 887714 659684 25148.9331   67  509          - 24498.5138      -  41.6 1673s
 889845 659932 24617.3338   39  649          - 24498.5138      -  41.6 1676s
 892417 662138 25733.0760  155  330          - 24498.5138      -  41.6 1681s
 893323 662199 26710.7778  183  204          - 24498.5138      -  41.6 1689s
 893406 662634 26710.7778  184  204          - 24498.5138      -  41.6 1692s
 893951 663430 25014.3341   42  487          - 24498.5138      -  41.6 1695s
 895511 665340 24717.0565   36  693          - 24498.5138      -  41.7 1701s
 898009 666750 25125.8966   56  445          - 24498.5138      -  41.7 1706s
 899691 668322 25481.9538   72  514          - 24498.5138      -  41.8 1712s
 901818 673363 25406.9331   51  555          - 24498.5138      -  41.8 1726s
 908787 673758 25064.4136   95  435          - 24498.5138      -  41.9 1731s
 909469 674296 24735.3607   43  681          - 24498.5138      -  41.9 1735s
 912614 677309 24838.3677   54  494          - 24498.5138      -  41.9 1740s
 914440 678548 24554.6609   33  600          - 24498.5138      -  42.0 1745s
 916196 679705 24925.3730   62  465          - 24498.5138      -  42.0 1750s
 918105 681396 25303.8031   72  476          - 24498.5138      -  42.0 1755s
 920046 682900 26003.9331   72  571          - 24498.5138      -  42.0 1760s
 922060 684102 24908.9331   38  550          - 24498.5138      -  42.1 1765s
 924411 685159 24507.5879   60  555          - 24498.5138      -  42.1 1770s
 926675 686919 26584.6353  186  216          - 24498.5138      -  42.1 1775s
 927885 688550 24723.1311   50  492          - 24498.5138      -  42.2 1780s
 929891 688876 24842.9331   46  456          - 24498.5138      -  42.2 1793s
 929901 689244 24972.9331   47  444          - 24498.5138      -  42.2 1795s
 931006 691103 26182.7778  121  147          - 24498.5138      -  42.2 1801s
 933679 692080 27254.0000  240   36          - 24498.5138      -  42.2 1805s
H933808 690482                    27720.000000 24498.5138  11.6%  42.2 1805s
H934055 691077                    27699.000000 24498.5138  11.6%  42.2 1807s
H934142 690903                    27678.000000 24498.5138  11.5%  42.2 1807s
H934424 690783                    27659.000000 24498.5138  11.4%  42.2 1808s
 934913 691223 24755.9331   55  511 27659.0000 24498.5138  11.4%  42.2 1810s
H935837 692821                    27656.000000 24498.5138  11.4%  42.3 1816s
H937577 693085                    27653.000000 24498.5138  11.4%  42.2 1819s
H937577 693075                    27651.000000 24498.5138  11.4%  42.2 1819s
H937620 692997                    27641.000000 24498.5138  11.4%  42.2 1819s
 938029 693749 24708.1302   59  423 27641.0000 24498.5138  11.4%  42.2 1822s
H938255 693722                    27636.000000 24498.5138  11.4%  42.3 1823s
 939112 693942 infeasible   62      27636.0000 24498.5138  11.4%  42.3 1826s
H939156 693933                    27633.000000 24498.5138  11.3%  42.3 1826s
H940170 694709                    27625.000000 24498.5138  11.3%  42.3 1829s
H940310 694709                    27624.999987 24498.5138  11.3%  42.3 1829s
 940510 694909 24620.5138   44  574 27625.0000 24498.5138  11.3%  42.3 1833s
 940744 694948 25050.9331   57  475 27625.0000 24498.5138  11.3%  42.3 1838s
H940749 694710                    27587.000000 24498.5138  11.2%  42.3 1838s
 940788 694966 25082.9331   60  469 27587.0000 24498.5138  11.2%  42.3 1842s
H940793 694865                    27573.000000 24498.5138  11.2%  42.3 1842s
H940834 694843                    27568.000000 24498.5138  11.1%  42.3 1842s
 941145 695002 26340.0270   74  353 27568.0000 24498.5138  11.1%  42.3 1846s
H941173 694577                    27494.000000 24498.5138  10.9%  42.3 1847s
 941373 694684 26972.9331   98  272 27494.0000 24498.5138  10.9%  42.3 1853s
H941409 694644                    27488.000000 24498.5138  10.9%  42.3 1853s
H941442 694490                    27455.000000 24498.5138  10.8%  42.3 1853s
 941602 694542 24673.9331   44  544 27455.0000 24498.5138  10.8%  42.3 1858s
H941603 694451                    27441.000000 24498.5138  10.7%  42.3 1858s
 941701 694548 24673.9331   45  534 27441.0000 24498.5138  10.7%  42.3 1863s
H941812 693960                    27360.000000 24498.5138  10.5%  42.3 1863s
 941834 694136 25274.2815   56  525 27360.0000 24498.5138  10.5%  42.3 1871s
H941883 694099                    27354.000000 24498.5138  10.4%  42.3 1871s
H941908 694056                    27348.000000 24498.5138  10.4%  42.3 1871s
 942036 694510 25676.0135   80  477 27348.0000 24498.5138  10.4%  42.3 1876s
H942132 694425                    27340.000000 24498.5138  10.4%  42.3 1876s
 942599 694865 25398.1516   47  418 27340.0000 24498.5138  10.4%  42.3 1880s
H943304 695195                    27339.000000 24498.5138  10.4%  42.4 1885s
H943556 694473                    27282.000000 24498.5138  10.2%  42.4 1885s
 943674 695811 26368.9331  123  310 27282.0000 24498.5138  10.2%  42.4 1890s
H943938 695794                    27280.000000 24498.5138  10.2%  42.4 1890s
 945281 696122 25518.4847   52  555 27280.0000 24498.5138  10.2%  42.4 1895s
H945595 696100                    27279.000000 24498.5138  10.2%  42.4 1895s
H945853 696282                    27278.000000 24498.5138  10.2%  42.4 1898s
H945962 696254                    27276.000000 24498.5138  10.2%  42.4 1898s
 945980 698369 25253.4999   57  470 27276.0000 24498.5138  10.2%  42.4 1910s
H946675 698367                    27275.000000 24498.5138  10.2%  42.4 1911s
 948689 698960 26484.5590   85  267 27275.0000 24498.5138  10.2%  42.5 1917s
 949468 700694 26727.9331   96  254 27275.0000 24498.5138  10.2%  42.5 1925s
 952122 701103 24818.7920   37  548 27275.0000 24498.5138  10.2%  42.5 1930s
 952612 702411 24870.9331   56  391 27275.0000 24498.5138  10.2%  42.5 1936s
 954509 702968 infeasible   52      27275.0000 24498.5138  10.2%  42.5 1942s
 955222 704206 24703.9482   38  595 27275.0000 24498.5138  10.2%  42.5 1948s
 957132 704707 infeasible   72      27275.0000 24498.5138  10.2%  42.5 1954s
 957766 705439 24736.1032   42  595 27275.0000 24498.5284  10.2%  42.6 1960s
 958940 705822 24509.4405   34  695 27275.0000 24498.5341  10.2%  42.6 1965s
 959417 707277 infeasible   32      27275.0000 24498.5341  10.2%  42.6 1971s
 961436 707281 infeasible   76      27275.0000 24498.5341  10.2%  42.6 1975s
 961468 710376 25194.4332   78  374 27275.0000 24498.5341  10.2%  42.6 2077s
H964055 706131                    27038.000000 24498.5341  9.39%  42.7 2078s
 965431 707970 26655.2665  102  302 27038.0000 24498.5341  9.39%  42.7 2107s
H966832 707651                    27023.000000 24498.5341  9.34%  42.8 2107s
 968253 709489 26173.9331   63  430 27023.0000 24498.5481  9.34%  42.9 2128s
H968475 709429                    27020.000000 24498.5481  9.33%  42.9 2128s
 970853 713078 25190.2882   62  573 27020.0000 24498.5872  9.33%  42.9 2147s
 976308 713105 infeasible   68      27020.0000 24498.5872  9.33%  43.0 2151s
H976312 713087                    27019.000000 24498.5872  9.33%  43.0 2151s
 976361 719040 24684.1832   44  658 27019.0000 24498.5872  9.33%  43.0 2206s
H984369 720542                    27018.000000 24498.6258  9.32%  43.3 2215s
 986735 722120 24958.2220   32  692 27018.0000 24498.6609  9.32%  43.3 2223s
 989030 723300 24847.3547   52  531 27018.0000 24498.6609  9.32%  43.3 2229s
 990889 723783 24732.1553   23  823 27018.0000 24498.6715  9.32%  43.4 2232s
 991566 724906 infeasible   41      27018.0000 24498.6715  9.32%  43.4 2238s
 993241 725837 24608.3380   32  592 27018.0000 24498.6866  9.32%  43.4 2242s
 994796 726917 infeasible   60      27018.0000 24498.7050  9.32%  43.4 2247s
 996348 727800 24901.6150   74  505 27018.0000 24498.7090  9.32%  43.5 2251s
 997605 728897 25316.9718   67  470 27018.0000 24498.7360  9.32%  43.5 2255s
 999006 729905 25176.5026   75  432 27018.0000 24498.7360  9.32%  43.5 2260s
 1001788 731927 24555.7218   36  678 27018.0000 24498.7360  9.32%  43.6 2267s
 1003224 732719 24631.2323   69  455 27018.0000 24498.7360  9.32%  43.6 2271s
 1004250 733275 24847.5841   37  629 27018.0000 24498.7360  9.32%  43.7 2275s
 1006576 735069 24662.3013   52  550 27018.0000 24498.7360  9.32%  43.8 2282s
 1007407 735461 infeasible  103      27018.0000 24498.7360  9.32%  43.8 2286s
 1007971 736909 24789.0013   47  537 27018.0000 24498.7360  9.32%  43.8 2292s
 1010086 737572 24554.7760   34  681 27018.0000 24498.7360  9.32%  43.9 2296s
 1010961 738993 24843.1652   54  582 27018.0000 24498.7360  9.32%  43.9 2301s
 1012854 739424 24571.0576   44  759 27018.0000 24498.7360  9.32%  43.9 2306s
 1013391 739729 24929.0885   46  544 27018.0000 24498.7360  9.32%  43.9 2311s
 1013823 740268 24586.1553   28  629 27018.0000 24498.7360  9.32%  43.9 2316s
 1014525 741895 24879.5745   46  632 27018.0000 24498.7360  9.32%  44.0 2322s
 1016739 742546 infeasible  166      27018.0000 24498.7360  9.32%  44.0 2327s
 1017628 743614 24564.7760   30  711 27018.0000 24498.7360  9.32%  44.1 2331s
 1019459 743992 25408.4526   48  553 27018.0000 24498.7360  9.32%  44.1 2336s
 1019977 745011 25352.8628   45  645 27018.0000 24498.7360  9.32%  44.1 2341s
 1022367 746161 infeasible   45      27018.0000 24498.7502  9.32%  44.2 2347s
 1022740 747248 26624.5706  100  374 27018.0000 24498.7502  9.32%  44.2 2352s
 1024355 747632 24605.5671   38  645 27018.0000 24498.7502  9.32%  44.2 2356s
 1024859 748586 26343.0597  164  122 27018.0000 24498.7502  9.32%  44.2 2361s
 1026345 749126 24498.7760   24  624 27018.0000 24498.7502  9.32%  44.3 2365s
 1027049 750428 24588.3020   27  721 27018.0000 24498.7502  9.32%  44.3 2370s
 1028959 751061 24802.9788   63  400 27018.0000 24498.7751  9.32%  44.3 2375s
 1031623 753696 24549.6707   27  717 27018.0000 24498.7760  9.32%  44.4 2384s
 1033266 754109 25210.4674   48  612 27018.0000 24498.7760  9.32%  44.4 2389s
 1033838 755445 24618.1553   30  634 27018.0000 24498.7760  9.32%  44.4 2393s
 1035663 755904 24802.1553   46  538 27018.0000 24498.7760  9.32%  44.4 2397s
 1036228 756959 25814.1553   87  307 27018.0000 24498.7760  9.32%  44.4 2400s
 1037612 757771 24852.8167   38  587 27018.0000 24498.7787  9.32%  44.5 2406s
 1038736 759562 25062.6619   53  555 27018.0000 24498.7822  9.32%  44.5 2412s
 1041015 760049 24525.6680   34  792 27018.0000 24498.7822  9.32%  44.5 2417s
 1041639 761706 25167.1553   51  626 27018.0000 24498.7822  9.32%  44.6 2422s
 1043912 762343 infeasible   57      27018.0000 24498.7822  9.32%  44.6 2427s
 1044664 763814 24774.9662   55  600 27018.0000 24498.7822  9.32%  44.6 2431s
 1046685 764970 24728.1553   50  508 27018.0000 24498.8248  9.32%  44.6 2436s
 1048362 765470 infeasible   83      27018.0000 24498.8405  9.32%  44.6 2441s
 1049023 766654 26782.5168  113  203 27018.0000 24498.8589  9.32%  44.7 2445s
 1052138 767848 26440.1553   93  347 27018.0000 24498.9069  9.32%  44.7 2451s
 1052494 768874 25644.8999   67  492 27018.0000 24498.9326  9.32%  44.7 2455s
 1054271 770050 25233.4336   49  672 27018.0000 24498.9635  9.32%  44.7 2462s
 1056353 771565 26928.0754  101  322 27018.0000 24498.9981  9.32%  44.8 2467s
 1057790 771948 infeasible   75      27018.0000 24499.0084  9.32%  44.8 2473s
 1058309 773115 25460.9331   57  449 27018.0000 24499.0288  9.32%  44.8 2477s
 1059893 773494 infeasible   64      27018.0000 24499.0659  9.32%  44.9 2481s
 1060417 774774 25898.2750   63  549 27018.0000 24499.1095  9.32%  44.9 2485s
 1063072 776436 25274.9331  103  301 27018.0000 24499.1444  9.32%  44.9 2494s
 1064724 777612 24941.4869   40  613 27018.0000 24499.2975  9.32%  44.9 2497s
 1066312 777829 24745.8565   28  703 27018.0000 24499.4021  9.32%  45.0 2500s
 1066592 779460 24903.7100   44  671 27018.0000 24499.4021  9.32%  45.0 2512s
 1068798 781347 25213.1474   31  571 27018.0000 24499.5132  9.32%  45.0 2519s
 1071512 782511 24559.4525   56  726 27018.0000 24499.6621  9.32%  45.1 2524s
 1073197 783062 25411.5640  109  314 27018.0000 24499.7786  9.32%  45.1 2529s
 1073944 784122 26038.6970  101  361 27018.0000 24499.8843  9.32%  45.1 2533s
 1075658 784816 infeasible   45      27018.0000 24499.9331  9.32%  45.2 2536s
 1076546 786209 24625.9445   43  721 27018.0000 24499.9331  9.32%  45.2 2541s
 1078520 786688 24625.9484   39  621 27018.0000 24499.9331  9.32%  45.2 2546s
 1079247 787993 25915.0133   69  451 27018.0000 24499.9331  9.32%  45.3 2551s
 1081488 790445 26550.3618   97  301 27018.0000 24499.9331  9.32%  45.3 2560s
 1085228 791877 24684.6776   60  580 27018.0000 24499.9331  9.32%  45.4 2565s
 1087313 794077 26722.7831   96  290 27018.0000 24499.9331  9.32%  45.4 2570s
 1091127 795675 infeasible   50      27018.0000 24499.9331  9.32%  45.5 2576s
 1093413 797435 26636.6834   86  559 27018.0000 24499.9331  9.32%  45.5 2583s
 1094111 798923 24833.9331   56  502 27018.0000 24499.9331  9.32%  45.6 2586s
 1096491 801339 24943.1842   39  543 27018.0000 24499.9331  9.32%  45.6 2593s
 1099534 801783 24962.2731   57  565 27018.0000 24499.9331  9.32%  45.7 2595s
 1100936 803264 24671.9331   40  579 27018.0000 24499.9331  9.32%  45.7 2601s
H1101777 803224                    27017.000000 24499.9571  9.32%  45.7 2601s
 1103052 804873 25127.3212   56  481 27017.0000 24500.0803  9.32%  45.7 2609s
H1103237 804421                    27001.000000 24500.0803  9.26%  45.8 2609s
 1104639 805700 24619.1553   33  557 27001.0000 24500.1553  9.26%  45.8 2613s
H1105078 805585                    26997.000000 24500.1553  9.25%  45.8 2613s
H1105691 805466                    26994.000000 24500.1553  9.24%  45.8 2613s
 1106240 805886 infeasible   92      26994.0000 24500.1553  9.24%  45.8 2617s
 1106876 806965 25479.5644   58  484 26994.0000 24500.1553  9.24%  45.8 2620s
H1107060 806742                    26989.000000 24500.1553  9.22%  45.8 2620s
H1107262 806626                    26986.000000 24500.1553  9.21%  45.8 2620s
H1108489 806848                    26984.000000 24500.1553  9.20%  45.9 2624s
H1108585 806750                    26981.000000 24500.1553  9.19%  45.9 2624s
 1108912 807726 25778.6825   58  520 26981.0000 24500.1553  9.19%  45.9 2628s
 1110323 808131 25144.5843   41  637 26981.0000 24500.1597  9.19%  45.9 2631s
H1110378 808101                    26980.000000 24500.1597  9.19%  45.9 2631s
H1110490 807811                    26972.000000 24500.1597  9.16%  45.9 2631s
 1112244 809090 25246.9331   76  454 26972.0000 24500.1859  9.16%  45.9 2635s
 1113222 810609 26767.8096   69  406 26972.0000 24500.1869  9.16%  46.0 2640s
 1115266 812022 24593.6526   31  763 26972.0000 24500.2598  9.16%  46.0 2646s
 1117611 813636 24636.7778   33  644 26972.0000 24500.3121  9.16%  46.1 2652s
 1119147 814060 infeasible   53      26972.0000 24500.3939  9.16%  46.1 2656s
 1121305 815606 25656.0120   43  579 26972.0000 24500.4371  9.16%  46.1 2662s
 1121986 816847 24594.0165   48  615 26972.0000 24500.5293  9.16%  46.2 2665s
 1124620 818741 24960.1304   46  525 26972.0000 24500.7111  9.16%  46.2 2671s
 1127285 819986 24908.4378   51  505 26972.0000 24500.8200  9.16%  46.2 2676s
 1128022 821223 26661.7778  101  327 26972.0000 24500.8235  9.16%  46.3 2680s
 1130714 823049 25539.7331   54  448 26972.0000 24500.9640  9.16%  46.3 2686s
 1132335 823457 26927.3224   99  329 26972.0000 24501.1416  9.16%  46.3 2690s
 1134909 825320 24502.6770   24  650 26972.0000 24501.2939  9.16%  46.4 2696s
 1137141 826732 24759.2638   26  726 26972.0000 24501.2939  9.16%  46.4 2703s
H1137189 826675                    26971.000000 24501.2939  9.16%  46.4 2703s
 1137563 827091 26385.0588   49  454 26971.0000 24501.2939  9.16%  46.5 2707s
 1138162 828148 24692.7778   34  572 26971.0000 24501.2939  9.16%  46.5 2710s
 1140134 829602 25754.3828   68  518 26971.0000 24501.2939  9.16%  46.5 2717s
 1141849 832152 24782.7778   53  517 26971.0000 24501.2939  9.16%  46.6 2731s
 1144704 833333 24557.4701   27  697 26971.0000 24501.2939  9.16%  46.7 2737s
 1146359 834619 24764.0778   35  631 26971.0000 24501.2939  9.16%  46.7 2742s
 1148247 835585 24502.7778   30  527 26971.0000 24501.2939  9.16%  46.8 2748s
 1149616 836181 24692.8778   33  614 26971.0000 24501.2939  9.16%  46.8 2754s
 1150393 837686 25343.5086   45  599 26971.0000 24501.2939  9.16%  46.9 2758s
 1152488 838428 infeasible  211      26971.0000 24501.2939  9.16%  46.9 2764s
 1153430 840033 24850.7974   54  578 26971.0000 24501.2939  9.16%  46.9 2770s
 1155390 840557 24791.7778   34  565 26971.0000 24501.2939  9.16%  46.9 2776s
 1156986 842054 24510.0096   29  702 26971.0000 24501.2939  9.16%  47.0 2783s
 1158126 842500 25695.2912   76  420 26971.0000 24501.3584  9.16%  47.0 2788s
 1158718 843931 24774.8536   50  591 26971.0000 24501.3584  9.16%  47.0 2794s
 1160895 844390 25918.9013   65  429 26971.0000 24501.3584  9.16%  47.1 2799s
 1161525 845572 25224.7778   36  575 26971.0000 24501.3584  9.16%  47.1 2803s
 1163202 846173 infeasible   69      26971.0000 24501.3584  9.16%  47.1 2807s
 1164024 847413 24786.4306   36  652 26971.0000 24501.3584  9.16%  47.2 2810s
 1165757 847899 infeasible   97      26971.0000 24501.3584  9.16%  47.2 2816s
 1166431 849106 24574.9541   36  702 26971.0000 24501.3584  9.16%  47.2 2820s
 1168132 849859 24603.9944   48  688 26971.0000 24501.3584  9.16%  47.3 2826s
 1169057 850931 24557.4701   28  645 26971.0000 24501.3584  9.16%  47.3 2830s
 1170612 851033 24784.4204   38  628 26971.0000 24501.3584  9.16%  47.3 2835s
H1170780 843847                    26848.000000 24501.3584  8.74%  47.3 2836s
 1170781 846919 24676.1918   35  631 26848.0000 24501.3584  8.74%  47.3 2859s
H1171351 846585                    26843.000000 24501.3584  8.72%  47.3 2859s
 1174800 847817 infeasible   86      26843.0000 24501.3584  8.72%  47.5 2863s
 1176787 849343 24832.1075   57  516 26843.0000 24501.3584  8.72%  47.5 2867s
 1178924 850115 infeasible   65      26843.0000 24501.3584  8.72%  47.6 2870s
H1180444 851236                    26842.000000 24501.3584  8.72%  47.6 2874s
 1181561 852427 infeasible   75      26842.0000 24501.3584  8.72%  47.6 2878s
 1183288 853164 24799.7365   46  555 26842.0000 24501.3584  8.72%  47.6 2883s
 1184236 854664 24868.7778   61  511 26842.0000 24501.3584  8.72%  47.7 2888s
 1186312 854922 24557.3985   25  650 26842.0000 24501.3584  8.72%  47.7 2890s
 1186600 857882 24695.7190   46  582 26842.0000 24501.3584  8.72%  47.7 2899s
 1190468 858263 infeasible   52      26842.0000 24501.3584  8.72%  47.8 2902s
 1191079 858685 24664.6398   29  581 26842.0000 24501.3584  8.72%  47.8 2905s
 1193602 860451 24726.7763   41  732 26842.0000 24501.3584  8.72%  47.9 2912s
 1194168 861625 25479.6914   47  604 26842.0000 24501.3584  8.72%  47.9 2915s
 1196355 863089 25856.7836   60  542 26842.0000 24501.3584  8.72%  48.0 2921s
 1198055 863650 infeasible   78      26842.0000 24501.3584  8.72%  48.0 2925s
 1200906 865610 infeasible  159      26842.0000 24501.3584  8.72%  48.0 2930s
 1201312 867690 25287.1737   43  643 26842.0000 24501.3584  8.72%  48.0 2938s
 1204239 868034 24668.0798   32  655 26842.0000 24501.3584  8.72%  48.1 2941s
 1204707 868634 26356.0320   49  548 26842.0000 24501.3584  8.72%  48.1 2945s
 1207050 870178 24834.0541   45  516 26842.0000 24501.3584  8.72%  48.2 2953s
H1207668 870136                    26841.000000 24501.3584  8.72%  48.2 2953s
 1207902 870784 24697.0400   49  594 26841.0000 24501.3584  8.72%  48.2 2957s
 1208765 871720 26663.0560  107  377 26841.0000 24501.3584  8.72%  48.2 2961s
 1210140 872585 24557.3985   35  603 26841.0000 24501.3584  8.72%  48.3 2965s
 1212916 874346 24745.6544   45  541 26841.0000 24501.3584  8.72%  48.3 2973s
 1213612 875954 25172.4102   84  303 26841.0000 24501.3584  8.72%  48.4 2977s
 1216131 877323 24921.1730   34  585 26841.0000 24501.3584  8.72%  48.4 2987s
 1217842 879440 24663.8372   48  635 26841.0000 24501.3584  8.72%  48.5 2992s
 1220739 880065 24844.7923   50  751 26841.0000 24501.3584  8.72%  48.5 2996s
 1223327 881630 25105.8529   63  570 26841.0000 24501.3584  8.72%  48.6 3003s
 1223962 882904 25929.2836   83  323 26841.0000 24501.3584  8.72%  48.6 3006s
 1225927 883354 24736.3160   42  692 26841.0000 24501.3584  8.72%  48.7 3010s
 1228172 885020 infeasible   70      26841.0000 24501.3584  8.72%  48.7 3019s
 1228906 886632 26470.4921   61  462 26841.0000 24501.3584  8.72%  48.7 3024s
 1231141 886974 infeasible   60      26841.0000 24501.3584  8.72%  48.8 3027s
 1231561 889049 26715.7310   87  381 26841.0000 24501.3584  8.72%  48.8 3035s
 1235133 890217 24815.7778   45  485 26841.0000 24501.3584  8.72%  48.8 3044s
 1236063 891589 24570.0006   40  620 26841.0000 24501.3584  8.72%  48.8 3048s
 1237952 892345 24815.3778   39  728 26841.0000 24501.3584  8.72%  48.8 3052s
 1239033 892887 infeasible   52      26841.0000 24501.3584  8.72%  48.9 3056s
 1239776 893953 24674.8177   45  559 26841.0000 24501.3584  8.72%  48.9 3061s
 1241286 894491 infeasible   77      26841.0000 24501.3584  8.72%  48.9 3065s
 1242046 895729 24558.7778   35  661 26841.0000 24501.3584  8.72%  49.0 3070s
 1243701 896336 24862.4638   38  680 26841.0000 24501.3584  8.72%  49.0 3075s
 1246332 897652 infeasible   77      26841.0000 24501.3584  8.72%  49.0 3083s
 1246446 901165 25850.6166   57  499 26841.0000 24501.3584  8.72%  49.0 3112s
H1250400 900473                    26830.000000 24501.3584  8.68%  49.2 3113s
 1251007 902718 24837.0505   37  617 26830.0000 24501.3584  8.68%  49.2 3121s
 1254057 903889 24820.1753   61  616 26830.0000 24501.3584  8.68%  49.2 3127s
 1255665 905239 24844.5884   47  651 26830.0000 24501.3584  8.68%  49.2 3132s
 1257586 906565 25095.6778   54  588 26830.0000 24501.3584  8.68%  49.3 3137s
 1259420 907355 24563.9918   30  555 26830.0000 24501.3584  8.68%  49.3 3142s
 1260495 907821 infeasible   66      26830.0000 24501.3584  8.68%  49.3 3145s
 1261985 908760 25307.5865   31  597 26830.0000 24501.3584  8.68%  49.4 3150s
 1265114 911113 24628.5266   40  680 26830.0000 24501.3584  8.68%  49.4 3156s
 1267208 912661 24629.4667   35  645 26830.0000 24501.3584  8.68%  49.5 3161s
 1269433 914533 25326.7778   34  597 26830.0000 24501.3584  8.68%  49.5 3166s
 1272043 916452 24625.2666   39  677 26830.0000 24501.3584  8.68%  49.6 3171s
 1273609 918343 24640.9760   35  686 26830.0000 24501.3584  8.68%  49.6 3178s
 1275385 918799 infeasible   31      26830.0000 24501.3584  8.68%  49.6 3183s
 1275993 919390 24706.7778   28  553 26830.0000 24501.3584  8.68%  49.7 3186s
 1276880 920043 24710.5387   54  595 26830.0000 24501.3584  8.68%  49.7 3191s
 1277766 920679 26496.9129   58  344 26830.0000 24501.3584  8.68%  49.7 3196s
 1278637 922579 24918.3271   49  479 26830.0000 24501.3584  8.68%  49.7 3202s
 1281147 923049 24679.7778   48  536 26830.0000 24501.3584  8.68%  49.8 3207s
 1281787 924281 25652.7778  107  322 26830.0000 24501.3584  8.68%  49.8 3212s
 1283521 924808 infeasible  106      26830.0000 24501.3584  8.68%  49.8 3216s
 1284228 924928 24736.9766   48  544 26830.0000 24501.3584  8.68%  49.8 3223s
 1284378 925734 infeasible   84      26830.0000 24501.3584  8.68%  49.8 3228s
 1285440 927180 24633.1281   43  633 26830.0000 24501.3584  8.68%  49.8 3233s
 1287253 927612 24570.0566   34  589 26830.0000 24501.3584  8.68%  49.9 3238s
 1287362 927612 infeasible  139      26830.0000 24501.3584  8.68%  49.9 3241s
 1287868 928835 24611.0278   33  551 26830.0000 24501.3644  8.68%  49.9 3245s
 1289552 929144 infeasible   56      26830.0000 24501.3985  8.68%  49.9 3251s
 1289987 929903 infeasible   51      26830.0000 24501.3985  8.68%  49.9 3256s
 1292125 931760 24598.0458   30  660 26830.0000 24501.3985  8.68%  49.9 3262s
 1293530 932185 25800.2995   61  411 26830.0000 24501.3985  8.68%  50.0 3266s
 1294104 933404 24503.2275   27  630 26830.0000 24501.3985  8.68%  50.0 3270s
 1296189 934602 24867.8960   37  634 26830.0000 24501.3985  8.68%  50.0 3277s
 1297538 935057 infeasible   81      26830.0000 24501.3985  8.68%  50.0 3281s
 1298124 936633 24776.7778   49  564 26830.0000 24501.3985  8.68%  50.0 3285s
 1300741 937987 25770.0778   53  537 26830.0000 24501.3985  8.68%  50.0 3292s
 1302131 938585 24614.7778   25  601 26830.0000 24501.3985  8.68%  50.0 3296s
 1302809 939956 26730.1471   76  336 26830.0000 24501.3985  8.68%  50.0 3300s
 1306142 941387 infeasible   91      26830.0000 24501.3985  8.68%  50.0 3308s
 1306505 944074 25275.8054   34  598 26830.0000 24501.3985  8.68%  50.1 3319s
 1310130 944586 24834.7814   42  512 26830.0000 24501.3985  8.68%  50.1 3324s
 1310773 945242 24502.7778   31  594 26830.0000 24501.3985  8.68%  50.1 3329s
 1311489 946533 25336.7778   87  282 26830.0000 24501.3985  8.68%  50.1 3334s
 1313629 947862 25368.7726   55  509 26830.0000 24501.3985  8.68%  50.1 3339s
 1315486 948354 24574.6063   24  636 26830.0000 24501.3985  8.68%  50.1 3343s
 1316086 949391 25202.7778   54  434 26830.0000 24501.3985  8.68%  50.1 3347s
 1317546 949715 24501.4701   26  663 26830.0000 24501.3985  8.68%  50.1 3354s
 1318019 950849 24501.3985   24  698 26830.0000 24501.3985  8.68%  50.2 3359s
 1319637 951565 26716.6579   57  460 26830.0000 24501.3985  8.68%  50.2 3363s
 1320529 952715 24686.7778   30  636 26830.0000 24501.3985  8.68%  50.2 3368s
 1322165 953247 24710.7778   41  555 26830.0000 24501.3985  8.68%  50.2 3371s
 1322987 953849 24726.7778   46  568 26830.0000 24501.3985  8.68%  50.2 3376s
 1323770 955837 26706.0937   78  336 26830.0000 24501.3985  8.68%  50.2 3383s
 1326468 956290 24764.7778   32  665 26830.0000 24501.3985  8.68%  50.2 3387s
 1327011 957626 26201.7778   96  330 26830.0000 24501.3985  8.68%  50.2 3392s
 1328911 958292 infeasible   69      26830.0000 24501.3985  8.68%  50.3 3397s
 1329835 959005 26421.7778  102  264 26830.0000 24501.3985  8.68%  50.3 3402s
 1330877 960348 24964.8616   54  360 26830.0000 24501.3985  8.68%  50.3 3406s
 1332830 960873 24660.7778   26  531 26830.0000 24501.3985  8.68%  50.3 3411s
 1333515 962037     cutoff   94      26830.0000 24501.3985  8.68%  50.3 3415s
 1335235 962851 24574.6063   25  657 26830.0000 24501.4047  8.68%  50.3 3420s
 1337766 964131 24574.7778   29  623 26830.0000 24501.4047  8.68%  50.3 3427s
 1338109 966832 24596.7778   23  622 26830.0000 24501.4047  8.68%  50.3 3439s
 1342045 967139 25038.7778   26  663 26830.0000 24501.4657  8.68%  50.4 3445s
 1342447 967768 26474.4499   51  464 26830.0000 24501.4657  8.68%  50.4 3450s
 1343277 968434 24574.7778   26  513 26830.0000 24501.4657  8.68%  50.4 3456s
 1344162 969824 24625.7778   24  605 26830.0000 24501.4701  8.68%  50.4 3461s
 1346240 970379 infeasible   55      26830.0000 24501.4742  8.68%  50.4 3466s
 1347042 971207 24683.6207   23  716 26830.0000 24501.5029  8.68%  50.5 3472s
 1348114 972817 24620.6207   23  754 26830.0000 24501.5161  8.68%  50.5 3477s
 1350307 973255 infeasible  149      26830.0000 24501.5452  8.68%  50.5 3482s
 1350914 974306 24505.3522   26  629 26830.0000 24501.5806  8.68%  50.5 3487s
 1352635 974611 24614.8997   36  629 26830.0000 24501.6599  8.68%  50.5 3490s
 1353006 976207 26461.8543  118  281 26830.0000 24501.6667  8.68%  50.6 3499s
 1355268 976816 24638.6102   31  712 26830.0000 24501.7823  8.68%  50.6 3506s
 1356165 978302 26213.2660   61  456 26830.0000 24501.8532  8.68%  50.6 3512s
 1358475 978954 infeasible   51      26830.0000 24501.9331  8.68%  50.7 3518s
 1359371 980693 25066.7778   44  515 26830.0000 24501.9635  8.68%  50.7 3524s
 1361768 980737 infeasible   39      26830.0000 24502.0398  8.68%  50.7 3528s
 1361990 981282 24613.7137   37  602 26830.0000 24502.1194  8.68%  50.7 3534s
 1362729 981566 24789.4332   37  687 26830.0000 24502.1378  8.68%  50.8 3541s
 1363163 981566 26299.9331   73  367 26830.0000 24502.1659  8.68%  50.8 3547s
 1363259 982165 24563.0269   41  667 26830.0000 24502.1659  8.68%  50.8 3553s
 1364192 982787 24605.0000   35  665 26830.0000 24502.2507  8.68%  50.8 3559s
 1365060 984501 24740.8288   54  706 26830.0000 24502.3040  8.68%  50.8 3565s
 1367854 987243 25600.1543   89  338 26830.0000 24502.4687  8.68%  50.9 3578s
 1371569 987650 24698.7778   29  660 26830.0000 24502.5627  8.67%  50.9 3583s
 1372103 987940 infeasible   53      26830.0000 24502.6211  8.67%  50.9 3587s
 1372568 988284 24641.1115   45  507 26830.0000 24502.6815  8.67%  50.9 3592s
 1373060 989987 25766.4218   51  552 26830.0000 24502.7331  8.67%  51.0 3597s
 1375373 990137 24912.1387   58  549 26830.0000 24502.7377  8.67%  51.0 3600s

Cutting planes:
  Learned: 351
  Gomory: 366
  Cover: 2959
  Implied bound: 636
  Projected implied bound: 20
  Clique: 260
  MIR: 818
  StrongCG: 79
  Flow cover: 3657
  GUB cover: 4
  Inf proof: 45
  Zero half: 147
  Network: 30
  RLT: 183
  Relax-and-lift: 181
  BQP: 1

Explored 1375592 nodes (70176258 simplex iterations) in 3600.16 seconds (2595.00 work units)
Thread count was 8 (of 8 available processors)

Solution count 10: 26830 26841 26842 ... 26984

Time limit reached
Best objective 2.683000000000e+04, best bound 2.450273772225e+04, gap 8.6741%

User-callback calls 3294042, time in user-callback 14.02 sec

Statistics for modelBGB_BWES:
  Linear constraint matrix    : 23829 Constrs, 9987 Vars, 88024 NZs
  Variable types              : 3270 Continuous,
6717 Integer (1378 Binary)
  Matrix coefficient range    : [ 1, 200 ]
  Objective coefficient range : [ 1, 386 ]
  Variable bound range        : [ 1, 199 ]
  RHS coefficient range       : [ 1, 549 ]
