
Gurobi 10.0.1 (mac64[arm]) logging started Sun Apr  7 15:29:33 2024

Set parameter LogFile to value "/Users/deniserings/Documents/zib/s-bahn-data/scripts/DeniseMA/processed/BGB_BWES/Branching/BGB_BWES_other alternatives_subMBP202404071201.log"
Gurobi Optimizer version 10.0.1 build v10.0.1rc0 (mac64[arm])

CPU model: Apple M2
Thread count: 8 physical cores, 8 logical processors, using up to 8 threads

Optimize a model with 23686 rows, 9987 columns and 87881 nonzeros
Model fingerprint: 0xecffe23f
Variable types: 4407 continuous, 5580 integer (241 binary)
Coefficient statistics:
  Matrix range     [1e+00, 2e+02]
  Objective range  [1e+00, 4e+02]
  Bounds range     [1e+00, 2e+02]
  RHS range        [1e+00, 5e+02]

Loaded user MIP start with objective 27841

Presolve removed 10848 rows and 3190 columns
Presolve time: 0.15s
Presolved: 12838 rows, 6797 columns, 50458 nonzeros
Found heuristic solution: objective 27840.999315
Variable types: 2191 continuous, 4606 integer (4606 binary)

Root relaxation: objective 2.340000e+04, 3898 iterations, 0.03 seconds (0.03 work units)

    Nodes    |    Current Node    |     Objective Bounds      |     Work
 Expl Unexpl |  Obj  Depth IntInf | Incumbent    BestBd   Gap | It/Node Time

     0     0 23399.9993    0  251 27840.9993 23399.9993  16.0%     -    0s
     0     0 23406.0593    0  720 27840.9993 23406.0593  15.9%     -    0s
     0     0 23406.0593    0  662 27840.9993 23406.0593  15.9%     -    0s
     0     0 23422.4887    0  728 27840.9993 23422.4887  15.9%     -    0s
     0     0 23469.9993    0  642 27840.9993 23469.9993  15.7%     -    0s
     0     0 23606.9993    0  748 27840.9993 23606.9993  15.2%     -    1s
     0     0 23606.9993    0  706 27840.9993 23606.9993  15.2%     -    1s
     0     0 23606.9993    0  742 27840.9993 23606.9993  15.2%     -    1s
     0     0 23606.9993    0  685 27840.9993 23606.9993  15.2%     -    1s
H    0     0                    27840.999242 23606.9993  15.2%     -    1s
     0     0 23606.9993    0  187 27840.9992 23606.9993  15.2%     -    1s
     0     0 23606.9993    0  342 27840.9992 23606.9993  15.2%     -    1s
     0     0 23606.9993    0  243 27840.9992 23606.9993  15.2%     -    1s
     0     0 23606.9993    0  215 27840.9992 23606.9993  15.2%     -    1s
H    0     0                    27840.999210 23606.9993  15.2%     -    1s
     0     2 23606.9993    0  215 27840.9992 23606.9993  15.2%     -    2s
H  114   115                    27829.999315 23632.9993  15.1%   140    2s
H  115   115                    27616.999305 23632.9993  14.4%   140    2s
H  147   151                    27598.999300 23632.9993  14.4%   119    3s
H  148   151                    27591.999305 23632.9993  14.3%   119    3s
H  153   151                    27567.999305 23632.9993  14.3%   116    3s
H  523   447                    27563.999310 23632.9993  14.3%  63.1    4s
H  524   447                    27563.999305 23632.9993  14.3%  63.2    4s
H  528   447                    27550.999310 23632.9993  14.2%  63.3    4s
H  629   544                    27543.999300 23632.9993  14.2%  58.1    4s
H  631   544                    27542.999291 23632.9993  14.2%  58.0    4s
H  635   544                    27524.997511 23632.9993  14.1%  57.8    4s
   839   775 24183.3743   15  691 27524.9975 23632.9993  14.1%  53.6    5s
H 1486  1223                    27521.999315 23632.9993  14.1%  43.4    5s
  1505  1236 23796.9993   11  411 27521.9993 23657.5076  14.0%  42.9   10s
H 1505  1173                    27517.999315 23657.5076  14.0%  42.9   10s
H 1505  1114                    27517.999157 23657.5076  14.0%  42.9   10s
H 1508  1060                    27509.999275 23661.9383  14.0%  42.8   11s
H 1511  1009                    27491.999286 23662.1169  13.9%  42.7   12s
H 1513   959                    27491.999033 23662.3340  13.9%  42.6   13s
H 1731  1058                    27484.999295 23662.3631  13.9%  71.7   15s
H 1732  1011                    27480.999305 23662.3631  13.9%  71.7   15s
H 1734   967                    27480.999295 23662.3631  13.9%  71.7   15s
H 1735   925                    27474.999305 23662.3631  13.9%  71.6   15s
H 1781   918                    27461.999305 23662.3631  13.8%  70.8   15s
H 1782   881                    27456.999304 23662.3631  13.8%  70.8   15s
  3448  2021 23684.9768   22  378 27456.9993 23662.3631  13.8%  58.8   20s
  5601  3958 24759.9993   53  395 27456.9993 23662.4401  13.8%  56.8   25s
  8330  5608 24713.3672   35  332 27456.9993 23662.4564  13.8%  54.2   30s
H 8359  5608                    27456.999270 23662.4564  13.8%  54.4   30s
H 8396  5608                    27456.999235 23662.4564  13.8%  54.7   30s
H 8451  5720                    27411.999305 23662.4564  13.7%  54.7   30s
H10234  7252                    27411.999297 23662.6573  13.7%  54.6   34s
 10626  7317 23714.6544   24  472 27411.9993 23662.8297  13.7%  54.6   35s
H10770  7438                    27411.999260 23662.8297  13.7%  55.4   36s
H11761  8176                    27409.999315 23663.4401  13.7%  54.2   37s
H11785  8176                    27391.999295 23663.4401  13.6%  54.6   37s
 12800  9037 23880.9993   42  387 27391.9993 23663.5689  13.6%  54.6   40s
H12826  9037                    27391.999290 23663.5689  13.6%  54.5   40s
H13194  9481                    27389.999310 23663.5689  13.6%  54.9   41s
 15231 10843 24070.4165   25  434 27389.9993 23666.9227  13.6%  54.9   45s
 15338 12770 25192.9965   44  398 27389.9993 23666.9227  13.6%  55.5   51s
 18752 14038 24058.3530   29  547 27389.9993 23670.1993  13.6%  56.8   55s
 22022 16268 infeasible   92      27389.9993 23673.8473  13.6%  56.3   61s
 23811 17364 24854.1391   49  336 27389.9993 23675.4689  13.6%  56.4   65s
 27045 19742 infeasible   26      27389.9993 23675.4689  13.6%  56.0   71s
H27523 19788                    27389.999281 23675.5376  13.6%  56.4   74s
 27533 20046 24938.2501   31  384 27389.9993 23675.5376  13.6%  56.4   76s
H27633 20046                    27389.999278 23675.5376  13.6%  56.4   76s
H27747 20046                    27389.999262 23675.5376  13.6%  56.4   76s
 28552 22368 24465.4583   57  303 27389.9993 23675.5376  13.6%  56.7   81s
 31193 22369 23686.9993   30  215 27389.9993 23675.5376  13.6%  55.5   97s
 31204 22376 25125.4411   69  441 27389.9993 23675.5376  13.6%  55.5  100s
H31207 21258                    27389.999113 23675.9993  13.6%  55.5  105s
H31209 20197                    27388.999310 23675.9993  13.6%  55.5  107s
 31212 20199 25294.0284   64  338 27388.9993 23675.9993  13.6%  55.5  110s
H31212 19189                    27388.999216 23675.9993  13.6%  55.5  111s
H31214 18230                    27388.999089 23675.9993  13.6%  55.5  112s
 31473 18512 23675.9993   44  253 27388.9991 23675.9993  13.6%  57.0  115s
 32338 18990 24064.9993   51  468 27388.9991 23675.9993  13.6%  57.6  121s
 32869 19207 23676.0931   40  380 27388.9991 23675.9993  13.6%  57.9  125s
 33682 19710 24527.8818   86  258 27388.9991 23675.9993  13.6%  58.4  130s
H33886 18730                    27388.998126 23675.9993  13.6%  58.4  130s
H33992 17829                    27388.998028 23675.9993  13.6%  58.5  130s
 35570 18707 24083.4098   55  431 27388.9980 23675.9993  13.6%  59.0  135s
 36539 19246 23678.1796   37  494 27388.9980 23675.9993  13.6%  60.3  140s
 37899 20862 24321.7948   85  191 27388.9980 23675.9993  13.6%  61.4  146s
 40620 20662 24528.4993   63  428 27388.9980 23675.9993  13.6%  62.4  151s
 42501 21346 infeasible   65      27388.9980 23675.9993  13.6%  63.7  158s
 42975 21682 26911.9947   68  276 27388.9980 23675.9993  13.6%  64.4  162s
 43691 22735 23676.8847   38  572 27388.9980 23675.9993  13.6%  65.2  167s
H45095 21444                    27388.996806 23675.9993  13.6%  65.8  167s
 45397 21638 23677.1260   35  502 27388.9968 23675.9993  13.6%  65.8  171s
 45746 22247 23697.7631   48  410 27388.9968 23675.9993  13.6%  66.6  175s
 46762 22971 23836.3765   55  360 27388.9968 23675.9993  13.6%  67.4  180s

Cutting planes:
  Learned: 6
  Gomory: 298
  Cover: 727
  Implied bound: 80
  Projected implied bound: 8
  Clique: 109
  MIR: 244
  StrongCG: 143
  Flow cover: 1127
  Inf proof: 8
  Zero half: 9
  Network: 18
  RLT: 53
  Relax-and-lift: 87

Explored 48219 nodes (3290400 simplex iterations) in 180.84 seconds (242.42 work units)
Thread count was 8 (of 8 available processors)

Solution count 10: 27389 27389 27389 ... 27390

Solve interrupted
Best objective 2.738899680592e+04, best bound 2.367599931352e+04, gap 13.5565%

User-callback calls 161329, time in user-callback 0.52 sec

Statistics for modelBGB_BWES:
  Linear constraint matrix    : 23686 Constrs, 9987 Vars, 87881 NZs
  Variable types              : 4407 Continuous,
5580 Integer (241 Binary)
  Matrix coefficient range    : [ 1, 200 ]
  Objective coefficient range : [ 1, 386 ]
  Variable bound range        : [ 1, 199 ]
  RHS coefficient range       : [ 1, 549 ]

Gurobi 10.0.1 (mac64[arm]) logging started Sun Apr  7 15:32:35 2024

Set parameter LogFile to value "/Users/deniserings/Documents/zib/s-bahn-data/scripts/DeniseMA/processed/BGB_BWES/Branching/BGB_BWES_other alternatives_subMBP202404071201.log"
Gurobi Optimizer version 10.0.1 build v10.0.1rc0 (mac64[arm])

CPU model: Apple M2
Thread count: 8 physical cores, 8 logical processors, using up to 8 threads

Optimize a model with 23668 rows, 9987 columns and 87863 nonzeros
Model fingerprint: 0x6af8e4f1
Variable types: 4407 continuous, 5580 integer (241 binary)
Coefficient statistics:
  Matrix range     [1e+00, 2e+02]
  Objective range  [1e+00, 4e+02]
  Bounds range     [1e+00, 2e+02]
  RHS range        [1e+00, 5e+02]

Loaded user MIP start with objective 27841

Presolve removed 10176 rows and 2799 columns
Presolve time: 0.12s
Presolved: 13492 rows, 7188 columns, 52809 nonzeros
Found heuristic solution: objective 27840.998785
Variable types: 2343 continuous, 4845 integer (4845 binary)

Root relaxation: objective 2.330600e+04, 4313 iterations, 0.03 seconds (0.03 work units)

    Nodes    |    Current Node    |     Objective Bounds      |     Work
 Expl Unexpl |  Obj  Depth IntInf | Incumbent    BestBd   Gap | It/Node Time

     0     0 23305.9988    0  250 27840.9988 23305.9988  16.3%     -    0s
H    0     0                    27840.998415 23305.9988  16.3%     -    0s
     0     0 23356.0452    0  770 27840.9984 23356.0452  16.1%     -    0s
     0     0 23356.0575    0  794 27840.9984 23356.0575  16.1%     -    0s
     0     0 23356.0575    0  788 27840.9984 23356.0575  16.1%     -    0s
     0     0 23427.9988    0  798 27840.9984 23427.9988  15.9%     -    0s
     0     0 23427.9988    0  801 27840.9984 23427.9988  15.9%     -    0s
     0     0 23430.3465    0  860 27840.9984 23430.3465  15.8%     -    1s
     0     0 23430.3465    0  796 27840.9984 23430.3465  15.8%     -    1s
H    0     0                    27840.998404 23430.3465  15.8%     -    1s
     0     0 23586.0278    0  745 27840.9984 23586.0278  15.3%     -    1s
     0     0 23586.0278    0  729 27840.9984 23586.0278  15.3%     -    1s
     0     0 23586.0278    0  810 27840.9984 23586.0278  15.3%     -    1s
H    0     0                    27840.998248 23586.0278  15.3%     -    1s
     0     0 23586.0278    0  845 27840.9982 23586.0278  15.3%     -    1s
     0     0 23586.0278    0  259 27840.9982 23586.0278  15.3%     -    2s
     0     0 23586.0278    0  428 27840.9982 23586.0278  15.3%     -    2s
     0     0 23586.0278    0  289 27840.9982 23586.0278  15.3%     -    2s
     0     0 23586.0278    0  521 27840.9982 23586.0278  15.3%     -    2s
     0     0 23586.0278    0  303 27840.9982 23586.0278  15.3%     -    3s
     0     0 23586.0278    0  258 27840.9982 23586.0278  15.3%     -    3s
     0     0 23586.0278    0  189 27840.9982 23586.0278  15.3%     -    3s
     0     0 23586.0278    0  515 27840.9982 23586.0278  15.3%     -    3s
     0     0 23586.5063    0  558 27840.9982 23586.5063  15.3%     -    4s
     0     0 23586.5063    0  559 27840.9982 23586.5063  15.3%     -    4s
     0     0 23624.0349    0  556 27840.9982 23624.0349  15.1%     -    4s
     0     0 23624.0349    0  481 27840.9982 23624.0349  15.1%     -    4s
     0     0 23624.0476    0  512 27840.9982 23624.0476  15.1%     -    4s
     0     0 23624.0476    0  499 27840.9982 23624.0476  15.1%     -    4s
     0     0 23625.3612    0  539 27840.9982 23625.3612  15.1%     -    4s
     0     0 23625.6278    0  510 27840.9982 23625.6278  15.1%     -    4s
     0     0 23625.6278    0  478 27840.9982 23625.6278  15.1%     -    4s
     0     0 23625.6278    0  465 27840.9982 23625.6278  15.1%     -    5s
     0     0 23625.6278    0  501 27840.9982 23625.6278  15.1%     -    5s
     0     0 23625.6278    0  493 27840.9982 23625.6278  15.1%     -    5s
     0     0 23625.6278    0  460 27840.9982 23625.6278  15.1%     -    5s
     0     0 23625.6278    0  222 27840.9982 23625.6278  15.1%     -    5s
     0     0 23625.6278    0  300 27840.9982 23625.6278  15.1%     -    5s
     0     0 23625.6278    0  201 27840.9982 23625.6278  15.1%     -    6s
     0     0 23625.6278    0  243 27840.9982 23625.6278  15.1%     -    6s
H    0     0                    27834.998434 23625.6278  15.1%     -    6s
H    0     0                    27834.998395 23625.6278  15.1%     -    6s
     0     0 23625.6278    0  174 27834.9984 23625.6278  15.1%     -    6s
     0     0 23625.6278    0  317 27834.9984 23625.6278  15.1%     -    6s
H    0     0                    27834.998353 23625.6278  15.1%     -    6s
     0     0 23625.6278    0  213 27834.9984 23625.6278  15.1%     -    6s
H    0     0                    27834.998342 23625.6278  15.1%     -    6s
     0     0 23625.6278    0  200 27834.9983 23625.6278  15.1%     -    6s
H    0     0                    27834.998190 23625.6278  15.1%     -    6s
     0     2 23625.6278    0  195 27834.9982 23625.6278  15.1%     -    7s
H  288   399                    27825.998404 23626.0278  15.1%  67.8    8s
H  361   399                    27821.998237 23626.0278  15.1%  63.6    8s
H  477   510                    27812.998419 23626.0278  15.1%  53.7    8s
H  491   510                    27812.998287 23626.0278  15.1%  53.2    8s
H  505   510                    27794.998389 23626.0278  15.0%  52.1    8s
   685   672 24238.9988   67  403 27794.9984 23626.0278  15.0%  44.2   10s
H  686   672                    27770.998435 23626.0278  14.9%  44.1   10s
H  688   672                    27740.998440 23626.0278  14.8%  44.0   10s
H  717   800                    27731.998778 23626.0278  14.8%  43.3   11s
H  762   800                    27731.998435 23626.0278  14.8%  42.7   11s
H  815   800                    27716.998774 23626.0278  14.8%  42.2   11s
H 1856  1618                    27714.998774 23626.0278  14.8%  34.1   13s
H 1857  1618                    27714.998433 23626.0278  14.8%  34.2   13s
H 1861  1618                    27712.998774 23626.0278  14.7%  34.3   13s
H 1863  1618                    27712.998496 23626.0278  14.7%  34.4   13s
  1872  1624 24042.9988   52  548 27712.9985 23628.0278  14.7%  34.2   15s
  1889  1636 24291.9988   97  252 27712.9985 23628.3082  14.7%  33.9   20s
  1911  1652 23842.9988   13  184 27712.9985 23628.3082  14.7%  59.8   25s
H 1924  1577                    27712.998169 23628.6185  14.7%  59.4   28s
  1931  1581 23674.0706   15  402 27712.9982 23629.8382  14.7%  59.2   30s
H 1940  1507                    27709.998501 23633.0464  14.7%  58.9   32s
H 1945  1435                    27709.998479 23633.0475  14.7%  58.8   33s
  1955  1443 23633.0633    4  492 27709.9985 23633.0633  14.7%  91.1   35s
  1971  1454 23980.9988   67  301 27709.9985 23635.3020  14.7%  90.4   40s
  1999  1474 24291.9988  111  526 27709.9985 23636.3026  14.7%   104   45s
  2011  1482 23842.9988   13  290 27709.9985 23636.3026  14.7%   103   50s
H 2012  1407                    27709.997756 23636.3026  14.7%   103   50s
H 2195  1461                    27708.998273 23639.9476  14.7%   127   53s
H 2197  1401                    27707.998501 23639.9476  14.7%   127   54s
H 2249  1369                    27697.998781 23639.9476  14.7%   125   54s
  2276  1399 23696.0727   67  357 27697.9988 23639.9476  14.7%   124   55s
H 2618  1540                    27697.998498 23639.9476  14.7%   113   58s
H 2623  1482                    27684.998781 23639.9476  14.6%   113   58s
H 2632  1430                    27682.998501 23639.9476  14.6%   113   58s
  2954  1627 24304.6321  100  447 27682.9985 23639.9476  14.6%   106   60s
H 3891  1972                    27682.998449 23639.9476  14.6%  91.2   63s
H 3909  1917                    27682.998437 23639.9476  14.6%  91.2   63s
  4642  2233 23639.9476   60  325 27682.9984 23639.9476  14.6%  82.6   65s
H 4650  2183                    27667.998501 23639.9476  14.6%  82.5   65s
H 5423  3065                    27667.998491 23639.9476  14.6%  76.9   67s
H 5718  3065                    27667.998454 23639.9476  14.6%  74.3   67s
H 6818  3958                    27666.998780 23639.9476  14.6%  67.5   70s
H 6818  3958                    27666.998471 23639.9476  14.6%  67.5   70s
H 6878  3958                    27665.998501 23639.9476  14.6%  67.0   70s
H 7896  4576                    27665.998420 23639.9476  14.6%  62.4   72s
  8149  5651 25769.9988  112  332 27665.9984 23639.9476  14.6%  62.9   75s
 10360  6528 23867.4008   89  403 27665.9984 23639.9476  14.6%  58.1   81s
H10368  6559                    27664.998780 23639.9476  14.5%  58.1   82s
H10379  6559                    27653.998501 23639.9476  14.5%  58.2   82s
 10704  7001 25184.4148  115  372 27653.9985 23639.9476  14.5%  58.0   85s
H12970  8430                    27652.998501 23639.9476  14.5%  54.0   88s
 13174  8509 24065.5158   86  464 27652.9985 23639.9476  14.5%  53.7   90s
 15447 10197 23639.9923   72  518 27652.9985 23639.9691  14.5%  52.5   97s
 15731 12646 24694.6630   96  469 27652.9985 23639.9691  14.5%  54.5  107s
H18573 12646                    27652.998471 23639.9691  14.5%  57.1  107s
 19013 13593 23639.9923   72  470 27652.9985 23639.9691  14.5%  57.3  111s
H20062 13593                    27651.998501 23639.9691  14.5%  57.2  111s
 20211 14054 infeasible   76      27651.9985 23639.9691  14.5%  57.1  116s
 20838 16459 24523.4148  124  415 27651.9985 23639.9691  14.5%  58.1  121s
H24220 16672                    27651.998471 23639.9691  14.5%  56.4  124s
 24406 17031 25162.1093  127  311 27651.9985 23639.9691  14.5%  56.7  128s
 24962 18713 24405.4291   95  433 27651.9985 23639.9696  14.5%  57.3  132s
 27512 18820 infeasible  162      27651.9985 23639.9750  14.5%  57.2  136s
H27518 18820                    27651.998435 23639.9750  14.5%  57.3  136s
 28108 20198 23822.6151   91  483 27651.9984 23639.9750  14.5%  57.9  143s
 29730 20283 23640.0494   73  466 27651.9984 23639.9750  14.5%  58.7  148s
H29839 20283                    27651.998406 23639.9750  14.5%  58.8  148s
 29849 20791 23755.1548   94  450 27651.9984 23639.9750  14.5%  58.9  151s
 30566 20792 25651.4720  139  258 27651.9984 23639.9750  14.5%  59.3  174s
 30571 20795 25701.4148  111  561 27651.9984 23639.9750  14.5%  59.2  175s
 30578 20800 24352.4254  145  505 27651.9984 23639.9750  14.5%  59.2  181s

Cutting planes:
  Learned: 2
  Gomory: 166
  Cover: 263
  Implied bound: 80
  Projected implied bound: 2
  Clique: 73
  MIR: 208
  StrongCG: 96
  Flow cover: 860
  GUB cover: 2
  Zero half: 6
  Network: 10
  RLT: 31
  Relax-and-lift: 60

Explored 30578 nodes (1892482 simplex iterations) in 181.14 seconds (159.13 work units)
Thread count was 8 (of 8 available processors)

Solution count 10: 27652 27652 27652 ... 27666

Solve interrupted
Best objective 2.765199840640e+04, best bound 2.363997496762e+04, gap 14.5090%

User-callback calls 127217, time in user-callback 0.43 sec

Statistics for modelBGB_BWES:
  Linear constraint matrix    : 23668 Constrs, 9987 Vars, 87863 NZs
  Variable types              : 4407 Continuous,
5580 Integer (241 Binary)
  Matrix coefficient range    : [ 1, 200 ]
  Objective coefficient range : [ 1, 386 ]
  Variable bound range        : [ 1, 199 ]
  RHS coefficient range       : [ 1, 549 ]

Gurobi 10.0.1 (mac64[arm]) logging started Sun Apr  7 15:35:36 2024

Set parameter LogFile to value "/Users/deniserings/Documents/zib/s-bahn-data/scripts/DeniseMA/processed/BGB_BWES/Branching/BGB_BWES_other alternatives_subMBP202404071201.log"
Gurobi Optimizer version 10.0.1 build v10.0.1rc0 (mac64[arm])

CPU model: Apple M2
Thread count: 8 physical cores, 8 logical processors, using up to 8 threads

Optimize a model with 23659 rows, 9987 columns and 87854 nonzeros
Model fingerprint: 0xccec6cd0
Variable types: 4407 continuous, 5580 integer (241 binary)
Coefficient statistics:
  Matrix range     [1e+00, 2e+02]
  Objective range  [1e+00, 4e+02]
  Bounds range     [1e+00, 2e+02]
  RHS range        [1e+00, 5e+02]

Loaded user MIP start with objective 27841

Presolve removed 10007 rows and 2711 columns
Presolve time: 0.14s
Presolved: 13652 rows, 7276 columns, 53978 nonzeros
Found heuristic solution: objective 27840.998616
Variable types: 2404 continuous, 4872 integer (4872 binary)

Root relaxation: objective 2.329800e+04, 4338 iterations, 0.03 seconds (0.03 work units)

    Nodes    |    Current Node    |     Objective Bounds      |     Work
 Expl Unexpl |  Obj  Depth IntInf | Incumbent    BestBd   Gap | It/Node Time

     0     0 23297.9986    0  278 27840.9986 23297.9986  16.3%     -    0s
H    0     0                    27840.998449 23297.9986  16.3%     -    0s
     0     0 23305.4111    0  817 27840.9984 23305.4111  16.3%     -    0s
     0     0 23305.4111    0  789 27840.9984 23305.4111  16.3%     -    0s
     0     0 23369.9986    0  853 27840.9984 23369.9986  16.1%     -    0s
     0     0 23372.0301    0  808 27840.9984 23372.0301  16.1%     -    1s
     0     0 23372.0301    0  780 27840.9984 23372.0301  16.1%     -    1s
H    0     0                    27840.998316 23372.0301  16.1%     -    1s
     0     0 23445.2546    0  963 27840.9983 23445.2546  15.8%     -    1s
H    0     0                    27840.998254 23445.2546  15.8%     -    1s
     0     0 23445.2546    0  941 27840.9983 23445.2546  15.8%     -    1s
     0     0 23568.0269    0  944 27840.9983 23568.0269  15.3%     -    1s
     0     0 23568.0269    0  906 27840.9983 23568.0269  15.3%     -    1s
     0     0 23568.0269    0  938 27840.9983 23568.0269  15.3%     -    1s
     0     0 23568.0269    0  817 27840.9983 23568.0269  15.3%     -    2s
H    0     0                    27840.998251 23568.0269  15.3%     -    2s
H    0     0                    27840.998166 23568.0269  15.3%     -    2s
     0     0 23568.0269    0  287 27840.9982 23568.0269  15.3%     -    2s
     0     0 23568.0269    0  443 27840.9982 23568.0269  15.3%     -    2s
     0     0 23568.0269    0  257 27840.9982 23568.0269  15.3%     -    3s
H    0     0                    27834.998250 23568.0269  15.3%     -    3s
     0     0 23568.0269    0  301 27834.9983 23568.0269  15.3%     -    3s
H    0     0                    27834.998206 23568.0269  15.3%     -    4s
     0     0 23568.0269    0  311 27834.9982 23568.0269  15.3%     -    4s
H    0     0                    27821.998606 23568.0269  15.3%     -    4s
     0     0 23568.0269    0  439 27821.9986 23568.0269  15.3%     -    4s
H    0     0                    27821.998250 23568.2503  15.3%     -    4s
H    0     0                    27813.998243 23568.2503  15.3%     -    4s
     0     0 23568.2503    0  259 27813.9982 23568.2503  15.3%     -    4s
     0     0 23568.2503    0  259 27813.9982 23568.2503  15.3%     -    4s
     0     0 23568.2503    0  204 27813.9982 23568.2503  15.3%     -    5s
     0     0 23570.2557    0  580 27813.9982 23570.2557  15.3%     -    5s
     0     0 23570.2557    0  613 27813.9982 23570.2557  15.3%     -    5s
     0     0 23593.2483    0  658 27813.9982 23593.2483  15.2%     -    6s
H    0     0                    27807.998602 23593.2483  15.2%     -    6s
     0     0 23593.2483    0  621 27807.9986 23593.2483  15.2%     -    6s
     0     0 23593.2483    0  647 27807.9986 23593.2483  15.2%     -    6s
     0     0 23593.2483    0  655 27807.9986 23593.2483  15.2%     -    6s
     0     0 23593.2483    0  194 27807.9986 23593.2483  15.2%     -    7s
     0     0 23593.2483    0  313 27807.9986 23593.2483  15.2%     -    7s
     0     0 23593.2483    0  217 27807.9986 23593.2483  15.2%     -    7s
     0     0 23593.2483    0  308 27807.9986 23593.2483  15.2%     -    7s
H    0     0                    27805.998611 23593.2483  15.2%     -    8s
     0     0 23593.2483    0  194 27805.9986 23593.2483  15.2%     -    8s
     0     0 23593.2483    0  180 27805.9986 23593.2483  15.2%     -    8s
H    0     0                    27805.998604 23593.2483  15.2%     -    8s
     0     2 23593.2483    0  168 27805.9986 23593.2483  15.2%     -    8s
H  157   163                    27805.998299 23593.2483  15.2%  92.3    9s
H  157   163                    27805.998219 23593.2483  15.2%  92.3    9s
H  194   203                    27802.998299 23593.2483  15.1%  79.8   10s
H  238   245                    27753.998299 23593.2483  15.0%  70.1   13s
H  241   245                    27733.998299 23593.2483  14.9%  69.9   13s
   459   487 23684.9986   41  414 27733.9983 23593.2483  14.9%  51.7   15s
H 1293  1249                    27720.998299 23593.2483  14.9%  33.2   17s
H 1294  1249                    27717.998238 23593.2483  14.9%  33.1   17s
H 1306  1255                    27704.998299 23593.2483  14.8%  33.0   18s
H 1307  1255                    27696.998299 23593.2483  14.8%  33.0   18s
H 1310  1255                    27695.998299 23593.2483  14.8%  33.0   18s
  2777  2587 25854.9986  239  209 27695.9983 23593.2483  14.8%  28.2   20s
H 3104  2734                    27695.998237 23593.2483  14.8%  28.1   21s
  3120  2745 25193.9986  193  470 27695.9982 23632.9986  14.7%  27.9   25s
  3127  2750 25568.9986  215  234 27695.9982 23632.9986  14.7%  27.9   30s
  3138  2759 24569.9986   99  532 27695.9982 23632.9986  14.7%  42.6   35s
  3150  2767 23647.9986   87  225 27695.9982 23633.4602  14.7%  42.5   40s
  3162  2775 23791.9986  126  464 27695.9982 23633.6688  14.7%  42.3   45s
  3168  2779 23748.9986  117  413 27695.9982 23633.6688  14.7%  42.2   50s
H 3350  2835                    27687.998557 23633.6993  14.6%  69.2   55s
H 3536  2740                    27685.998557 23633.6993  14.6%  67.6   59s
  3544  2873 23636.2532   45  246 27685.9986 23633.6993  14.6%  67.5   61s
  4086  3232 25477.9986   82  288 27685.9986 23633.6993  14.6%  65.6   65s
H 4350  3211                    27685.998381 23633.6993  14.6%  64.2   67s
  5597  3714 23633.6993   31  360 27685.9984 23633.6993  14.6%  56.8   70s
H 5740  3632                    27685.998325 23633.6993  14.6%  56.9   74s
  5768  3909 23633.7169   57  371 27685.9983 23633.6993  14.6%  56.8   75s
H 7681  4765                    27671.998613 23633.6993  14.6%  49.6   79s
H 7814  4613                    27671.998557 23633.6993  14.6%  49.3   79s
  8193  4733 24640.7776  129  387 27671.9986 23633.6993  14.6%  49.1   81s
H 8760  4751                    27671.998493 23633.6993  14.6%  49.0   83s
  8909  5772 23633.6993   34  500 27671.9985 23633.6993  14.6%  48.8   85s
 11902  7095 24999.8255   79  513 27671.9985 23633.6993  14.6%  48.5   92s
 12188  7576 26233.1057  111  447 27671.9985 23633.6993  14.6%  49.4   95s
H12417  7576                    27671.998475 23633.6993  14.6%  49.5   95s
H12940  7776                    27671.998438 23633.6993  14.6%  49.9   97s
 14145  8622 infeasible   78      27671.9984 23633.6993  14.6%  49.4  102s
 14562 10618 24289.8786   72  463 27671.9984 23633.6993  14.6%  51.2  106s
 16883 10853 23633.6993   47  562 27671.9984 23633.6993  14.6%  51.2  110s
 18023 12599 23656.2276   80  460 27671.9984 23633.6993  14.6%  52.7  116s
 19488 12652 23653.7316   39  485 27671.9984 23633.6993  14.6%  53.1  120s
 19925 14058 23653.6993   66  489 27671.9984 23633.6993  14.6%  53.9  125s
 22436 15570 23660.1167   55  553 27671.9984 23633.6993  14.6%  54.0  130s
 23617 16190 23793.0259   56  437 27671.9984 23633.6993  14.6%  55.2  136s
 25728 17566 23633.6993   56  496 27671.9984 23633.6993  14.6%  56.3  142s
H25847 17483                    27413.998557 23633.6993  13.8%  56.6  142s
 25967 17519 23633.7213   46  452 27413.9986 23633.6993  13.8%  56.9  146s
H25969 17519                    27410.998556 23633.6993  13.8%  56.9  146s
H25973 17519                    27409.998557 23633.6993  13.8%  56.9  146s
 26675 19223 25334.1300  142  290 27409.9986 23633.6993  13.8%  57.4  153s
H28139 19223                    27409.998550 23633.6993  13.8%  57.4  153s
 28254 20095 24108.2367   57  481 27409.9985 23633.6993  13.8%  57.3  156s
 29351 20096 24023.0867   87  259 27409.9985 23633.6993  13.8%  57.7  178s
 29359 20101 24923.3648  128  632 27409.9985 23633.6993  13.8%  57.7  180s

Cutting planes:
  Learned: 5
  Gomory: 143
  Cover: 218
  Implied bound: 58
  Projected implied bound: 4
  Clique: 49
  MIR: 109
  StrongCG: 87
  Flow cover: 594
  Inf proof: 2
  Zero half: 2
  Network: 5
  RLT: 22
  Relax-and-lift: 54

Explored 29359 nodes (1748436 simplex iterations) in 180.09 seconds (135.54 work units)
Thread count was 8 (of 8 available processors)

Solution count 10: 27410 27410 27411 ... 27686

Solve interrupted
Best objective 2.740999854991e+04, best bound 2.363369929066e+04, gap 13.7771%

User-callback calls 114529, time in user-callback 0.54 sec

Statistics for modelBGB_BWES:
  Linear constraint matrix    : 23659 Constrs, 9987 Vars, 87854 NZs
  Variable types              : 4407 Continuous,
5580 Integer (241 Binary)
  Matrix coefficient range    : [ 1, 200 ]
  Objective coefficient range : [ 1, 386 ]
  Variable bound range        : [ 1, 199 ]
  RHS coefficient range       : [ 1, 549 ]

Gurobi 10.0.1 (mac64[arm]) logging started Sun Apr  7 15:38:37 2024

Set parameter LogFile to value "/Users/deniserings/Documents/zib/s-bahn-data/scripts/DeniseMA/processed/BGB_BWES/Branching/BGB_BWES_other alternatives_subMBP202404071201.log"
Gurobi Optimizer version 10.0.1 build v10.0.1rc0 (mac64[arm])

CPU model: Apple M2
Thread count: 8 physical cores, 8 logical processors, using up to 8 threads

Optimize a model with 23654 rows, 9987 columns and 87849 nonzeros
Model fingerprint: 0x73b07fe0
Variable types: 4407 continuous, 5580 integer (241 binary)
Coefficient statistics:
  Matrix range     [1e+00, 2e+02]
  Objective range  [1e+00, 4e+02]
  Bounds range     [1e+00, 2e+02]
  RHS range        [1e+00, 5e+02]

Loaded user MIP start with objective 27841

Presolve removed 9934 rows and 2660 columns
Presolve time: 0.13s
Presolved: 13720 rows, 7327 columns, 54074 nonzeros
Found heuristic solution: objective 27840.998448
Variable types: 2434 continuous, 4893 integer (4893 binary)

Root relaxation: objective 2.329800e+04, 4379 iterations, 0.03 seconds (0.04 work units)

    Nodes    |    Current Node    |     Objective Bounds      |     Work
 Expl Unexpl |  Obj  Depth IntInf | Incumbent    BestBd   Gap | It/Node Time

     0     0 23297.9984    0  236 27840.9984 23297.9984  16.3%     -    0s
     0     0 23459.4910    0  665 27840.9984 23459.4910  15.7%     -    0s
H    0     0                    27840.998187 23459.4910  15.7%     -    0s
     0     0 23459.4910    0  675 27840.9982 23459.4910  15.7%     -    0s
     0     0 23525.9984    0 1002 27840.9982 23525.9984  15.5%     -    0s
H    0     0                    27840.998182 23525.9984  15.5%     -    0s
     0     0 23526.0307    0  997 27840.9982 23526.0307  15.5%     -    0s
     0     0 23526.0307    0  870 27840.9982 23526.0307  15.5%     -    1s
     0     0 23526.0307    0  845 27840.9982 23526.0307  15.5%     -    1s
     0     0 23531.9984    0  808 27840.9982 23531.9984  15.5%     -    1s
     0     0 23531.9984    0  737 27840.9982 23531.9984  15.5%     -    1s
H    0     0                    27840.998173 23531.9984  15.5%     -    1s
     0     0 23531.9984    0  887 27840.9982 23531.9984  15.5%     -    1s
     0     0 23531.9984    0  871 27840.9982 23531.9984  15.5%     -    1s
     0     0 23531.9984    0  185 27840.9982 23531.9984  15.5%     -    2s
H    0     0                    27840.998168 23531.9984  15.5%     -    2s
     0     0 23531.9984    0  468 27840.9982 23531.9984  15.5%     -    2s
     0     0 23531.9984    0  172 27840.9982 23531.9984  15.5%     -    2s
H    0     0                    27839.998168 23531.9984  15.5%     -    2s
     0     0 23531.9984    0  305 27839.9982 23531.9984  15.5%     -    2s
H    0     0                    27839.998129 23531.9984  15.5%     -    3s
     0     0 23531.9984    0  251 27839.9981 23531.9984  15.5%     -    3s
     0     0 23531.9984    0  188 27839.9981 23531.9984  15.5%     -    3s
     0     2 23531.9984    0  169 27839.9981 23531.9984  15.5%     -    3s
H   77    86                    27839.998117 23535.9984  15.5%   244    4s
H  118   124                    27821.998168 23535.9984  15.4%   168    4s
H  119   124                    27812.998117 23535.9984  15.4%   167    4s
H  155   164                    27794.998173 23535.9984  15.3%   134    5s
H  159   164                    27794.998168 23535.9984  15.3%   133    5s
H  195   204                    27793.998168 23535.9984  15.3%   117    5s
H  203   212                    27793.998029 23535.9984  15.3%   114    5s
H  969   917                    27789.998173 23535.9984  15.3%  44.9    8s
H  970   917                    27789.998168 23535.9984  15.3%  44.9    8s
H  971   917                    27783.998168 23535.9984  15.3%  44.9    8s
H  975   917                    27782.998168 23535.9984  15.3%  44.9    8s
  1625  1481 23607.9984   12  815 27782.9982 23535.9984  15.3%  40.3   10s
H 1627  1481                    27763.998173 23535.9984  15.2%  40.3   10s
H 2051  1846                    27763.998168 23535.9984  15.2%  38.0   12s
  2057  1850 23824.9984   39  201 27763.9982 23543.7004  15.2%  37.8   15s
  2072  1860 23632.9984   37  219 27763.9982 23564.9821  15.1%  37.6   20s
  2089  1873 23957.9984   87  250 27763.9982 23569.0029  15.1%  67.0   25s
  2099  1880 25048.9984  205  258 27763.9982 23569.0029  15.1%  66.7   30s
  2375  2065 24095.8454   48  462 27763.9982 23570.9984  15.1%  58.7   35s
  3746  3041 24174.5995  125  528 27763.9982 23570.9984  15.1%  53.4   40s
  4955  3667 23712.9984   65  508 27763.9982 23570.9984  15.1%  52.9   45s
  6732  4327 24106.9984  126  409 27763.9982 23582.1908  15.1%  50.4   51s
H 6765  4221                    27745.998449 23582.1908  15.0%  50.5   51s
H 6802  4121                    27745.998360 23582.1908  15.0%  50.7   53s
H 6804  4035                    27744.998318 23582.1908  15.0%  50.7   53s
H 6810  3992                    27741.998373 23582.1908  15.0%  50.7   53s
  7064  4622 24248.2000   83  512 27741.9984 23624.3463  14.8%  50.9   55s
H 8285  5226                    27725.998389 23624.3463  14.8%  48.5   59s
H 8286  5226                    27697.997346 23624.3463  14.7%  48.5   59s
  8467  5488 25001.9984   79  492 27697.9973 23624.3463  14.7%  48.6   60s
 12411  9442 24099.4635   72  554 27697.9973 23624.3463  14.7%  43.5   65s
 14570 11589 23839.0957   70  541 27697.9973 23624.3698  14.7%  42.2   70s
 18414 13145 23624.3736   48  546 27697.9973 23624.3698  14.7%  41.9   75s
 20954 14977 23624.3736   49  522 27697.9973 23624.3698  14.7%  43.8   81s
H21547 14975                    27438.998389 23624.3698  13.9%  45.0   86s
H21554 14942                    27217.998390 23624.3698  13.2%  45.1   86s
 22045 15795 26673.0244  110  323 27217.9984 23624.3698  13.2%  45.8   91s
H22657 15843                    27209.998449 23624.3698  13.2%  46.2   94s
H22677 15843                    27209.998389 23624.3698  13.2%  46.2   94s
 22723 17034 24119.5769   83  421 27209.9984 23624.3698  13.2%  46.2   96s
 24404 17099 infeasible   58      27209.9984 23624.3698  13.2%  47.0  100s
H24407 17095                    27206.998389 23624.3698  13.2%  47.0  100s
 25021 18846 23923.3192   64  563 27206.9984 23624.3698  13.2%  48.2  106s
 27690 20122 24994.3698   67  355 27206.9984 23624.3698  13.2%  49.3  112s
 28977 20490 24094.9495   50  544 27206.9984 23624.3698  13.2%  49.9  115s
 29486 20491 23993.5166   61  188 27206.9984 23624.3698  13.2%  50.7  135s
 29495 20497 25861.0606  103  247 27206.9984 23624.3698  13.2%  50.7  140s
H29498 19473                    27206.998334 23624.3698  13.2%  50.7  146s
H29500 18500                    27206.998329 23624.3698  13.2%  50.7  149s
H29501 17576                    27206.997645 23624.3698  13.2%  50.7  151s
H29503 16698                    27181.998389 23624.3698  13.1%  50.7  154s
H29503 15863                    27181.998346 23624.3698  13.1%  50.7  154s
H29504 15070                    27175.998389 23624.3698  13.1%  50.7  156s
H29506 14317                    27175.998363 23624.3698  13.1%  50.7  158s
H29507 13602                    27175.998331 23624.3698  13.1%  50.7  161s
H29507 12921                    27172.998388 23624.3698  13.1%  50.7  161s
H29509 12276                    27172.998044 23624.3698  13.1%  50.7  162s
 29618 12443 23624.3698   47  473 27172.9980 23624.3698  13.1%  52.9  165s
H29955 11995                    27150.998389 23624.3698  13.0%  53.0  167s
 30099 12207 23624.3698   74  447 27150.9984 23624.3698  13.0%  53.0  170s
H30335 11712                    27150.998307 23624.3698  13.0%  53.2  172s
H30428 11127                    27150.998241 23624.3698  13.0%  53.3  172s
 30808 11448 24453.6441  114  370 27150.9982 23624.3698  13.0%  53.3  175s
 31483 11685 24560.4871  141  392 27150.9982 23624.3698  13.0%  53.1  180s
H31677 11094                    27149.998389 23624.3698  13.0%  53.2  180s

Cutting planes:
  Learned: 1
  Gomory: 180
  Cover: 293
  Implied bound: 57
  Projected implied bound: 1
  Clique: 72
  MIR: 77
  StrongCG: 98
  Flow cover: 600
  GUB cover: 1
  Inf proof: 1
  Zero half: 6
  Network: 10
  RLT: 19
  Relax-and-lift: 61

Explored 31743 nodes (1801500 simplex iterations) in 180.86 seconds (162.70 work units)
Thread count was 8 (of 8 available processors)

Solution count 10: 27150 27151 27151 ... 27182

Solve interrupted
Best objective 2.714999838921e+04, best bound 2.362436975698e+04, gap 12.9857%

User-callback calls 129828, time in user-callback 0.45 sec

Statistics for modelBGB_BWES:
  Linear constraint matrix    : 23654 Constrs, 9987 Vars, 87849 NZs
  Variable types              : 4407 Continuous,
5580 Integer (241 Binary)
  Matrix coefficient range    : [ 1, 200 ]
  Objective coefficient range : [ 1, 386 ]
  Variable bound range        : [ 1, 199 ]
  RHS coefficient range       : [ 1, 549 ]

Gurobi 10.0.1 (mac64[arm]) logging started Sun Apr  7 15:41:39 2024

Set parameter LogFile to value "/Users/deniserings/Documents/zib/s-bahn-data/scripts/DeniseMA/processed/BGB_BWES/Branching/BGB_BWES_other alternatives_subMBP202404071201.log"
Gurobi Optimizer version 10.0.1 build v10.0.1rc0 (mac64[arm])

CPU model: Apple M2
Thread count: 8 physical cores, 8 logical processors, using up to 8 threads

Optimize a model with 23652 rows, 9987 columns and 87847 nonzeros
Model fingerprint: 0x301891c0
Variable types: 4407 continuous, 5580 integer (241 binary)
Coefficient statistics:
  Matrix range     [1e+00, 2e+02]
  Objective range  [1e+00, 4e+02]
  Bounds range     [1e+00, 2e+02]
  RHS range        [1e+00, 5e+02]

Loaded user MIP start with objective 27841

Presolve removed 9866 rows and 2624 columns
Presolve time: 0.26s
Presolved: 13786 rows, 7363 columns, 54372 nonzeros
Found heuristic solution: objective 27840.998494
Variable types: 2448 continuous, 4915 integer (4915 binary)

Root relaxation: objective 2.329800e+04, 4618 iterations, 0.06 seconds (0.04 work units)

    Nodes    |    Current Node    |     Objective Bounds      |     Work
 Expl Unexpl |  Obj  Depth IntInf | Incumbent    BestBd   Gap | It/Node Time

     0     0 23297.9985    0  273 27840.9985 23297.9985  16.3%     -    0s
H    0     0                    27840.998458 23297.9985  16.3%     -    0s
     0     0 23459.3049    0  723 27840.9985 23459.3049  15.7%     -    0s
H    0     0                    27840.998444 23459.3049  15.7%     -    1s
     0     0 23459.3049    0  686 27840.9984 23459.3049  15.7%     -    1s
     0     0 23504.2853    0  809 27840.9984 23504.2853  15.6%     -    1s
H    0     0                    27840.998440 23504.3486  15.6%     -    1s
     0     0 23504.3486    0  714 27840.9984 23504.3486  15.6%     -    1s
     0     0 23504.3486    0  713 27840.9984 23504.3486  15.6%     -    1s
     0     0 23510.2612    0  876 27840.9984 23510.2612  15.6%     -    1s
     0     0 23510.2612    0  841 27840.9984 23510.2612  15.6%     -    1s
     0     0 23510.2612    0  900 27840.9984 23510.2612  15.6%     -    1s
     0     0 23510.2612    0  871 27840.9984 23510.2612  15.6%     -    1s
H    0     0                    27840.997989 23510.2612  15.6%     -    2s
     0     0 23510.2612    0  255 27840.9980 23510.2612  15.6%     -    2s
     0     0 23510.2612    0  391 27840.9980 23510.2612  15.6%     -    2s
H    0     0                    27834.998474 23510.2612  15.5%     -    2s
     0     0 23510.2612    0  217 27834.9985 23510.2612  15.5%     -    3s
     0     0 23510.2612    0  653 27834.9985 23510.2612  15.5%     -    3s
     0     0 23510.2612    0  265 27834.9985 23510.2612  15.5%     -    3s
     0     0 23510.2612    0  512 27834.9985 23510.2612  15.5%     -    3s
H    0     0                    27834.998440 23510.2612  15.5%     -    3s
     0     0 23510.2612    0  235 27834.9984 23510.2612  15.5%     -    4s
     0     0 23510.2612    0  234 27834.9984 23510.2612  15.5%     -    4s
     0     2 23510.2612    0  224 27834.9984 23510.2612  15.5%     -    4s
    47    59 23514.2612    7  601 27834.9984 23510.2612  15.5%   404    5s
H   97   120                    27834.998433 23510.2612  15.5%   240    5s
H  102   120                    27834.998335 23510.2612  15.5%   230    5s
H  173   185                    27834.998330 23510.2612  15.5%   151    5s
H  175   185                    27807.998093 23510.2612  15.5%   149    5s
H  240   245                    27803.998445 23510.2612  15.4%   121    6s
H  241   245                    27798.998418 23510.2612  15.4%   120    6s
H  293   302                    27796.998445 23510.2612  15.4%   107    7s
H  294   302                    27793.998440 23510.2612  15.4%   106    7s
H  295   302                    27784.998445 23510.2612  15.4%   106    7s
H  602   596                    27781.998483 23510.2612  15.4%  67.4    8s
  1252  1233 24294.9985  113  599 27781.9985 23510.2612  15.4%  47.7   10s
H 1678  1532                    27773.998480 23510.2612  15.4%  44.9   11s
H 1679  1532                    27773.998439 23510.2612  15.4%  44.9   11s
H 1681  1532                    27773.998412 23510.2612  15.4%  45.0   11s
H 1683  1532                    27772.998481 23510.2612  15.3%  45.0   11s
H 1686  1539                    27765.998445 23510.2612  15.3%  45.1   11s
H 1693  1539                    27759.998445 23510.2612  15.3%  45.1   11s
H 2055  1841                    27759.998439 23510.2612  15.3%  46.5   13s
  2063  1847 24274.9985  210  384 27759.9984 23558.9985  15.1%  46.3   15s
H 2070  1758                    27759.998237 23569.0021  15.1%  46.2   17s
H 2076  1673                    27759.998157 23580.9796  15.1%  46.0   18s
  2082  1677 23588.4339   20  232 27759.9982 23588.4339  15.0%  45.9   20s
H 2084  1595                    27752.998454 23590.9985  15.0%  45.8   21s
H 2085  1515                    27752.998407 23590.9985  15.0%  45.8   21s
H 2087  1440                    27751.998454 23590.9985  15.0%  45.8   22s
H 2088  1368                    27751.998404 23590.9985  15.0%  45.8   23s
H 2088  1299                    27742.998413 23590.9985  15.0%  45.8   23s
H 2088  1233                    27736.998490 23590.9985  14.9%  45.8   23s
H 2090  1173                    27736.998454 23590.9985  14.9%  45.7   24s
H 2092  1114                    27736.998411 23590.9985  14.9%  45.7   24s
H 2092  1058                    27733.998491 23590.9985  14.9%  45.7   24s
  2094  1059 23794.9985   28  489 27733.9985 23590.9985  14.9%  45.6   25s
H 2094  1006                    27733.998338 23590.9985  14.9%  45.6   25s
  2113  1021 24216.9985   99  264 27733.9983 23590.9985  14.9%  89.6   30s
  2126  1032 23590.9985   24  224 27733.9983 23590.9985  14.9%   116   35s
  2375  1181 infeasible   41      27733.9983 23590.9985  14.9%   116   40s
H 2382  1127                    27726.998419 23590.9985  14.9%   116   40s
H 2570  1187                    27726.997059 23590.9985  14.9%   111   41s
H 2878  1317                    27726.997029 23590.9985  14.9%   104   43s
  3266  1522 infeasible   93      27726.9970 23592.1319  14.9%  96.9   45s
  5977  3426 26005.9985  136  406 27726.9970 23592.1319  14.9%  71.0   50s
  8422  5278 infeasible  102      27726.9970 23592.1319  14.9%  61.9   55s
H 9569  6115                    27461.998454 23592.1319  14.1%  58.4   57s
 10959  7507 23593.8283   40  596 27461.9985 23592.1319  14.1%  54.1   60s
H11027  7507                    27461.997239 23592.1319  14.1%  54.0   60s
H12947  9431                    27461.997150 23592.1319  14.1%  51.3   64s
 13330  9939 23660.9985   79  475 27461.9972 23592.1319  14.1%  50.6   66s
 15440 11375 23612.3997   41  617 27461.9972 23592.1319  14.1%  49.2   70s
 15748 14234 24131.8876   69  428 27461.9972 23592.1319  14.1%  49.7   75s
H19639 14233                    27448.998491 23592.1319  14.1%  49.2   78s
 19964 15012 24627.0193   82  407 27448.9985 23592.1319  14.1%  49.5   81s
H22605 16883                    27448.998455 23592.1319  14.1%  48.8   85s
H22767 16883                    27448.998415 23592.1319  14.1%  48.8   85s
H22817 16883                    27448.998334 23592.1319  14.1%  48.9   85s
H24528 18226                    27433.998454 23592.1319  14.0%  50.6   93s
H24542 18196                    27387.998454 23592.1319  13.9%  50.6   93s
H24616 18602                    27387.998391 23592.1319  13.9%  50.5   95s
H24661 18559                    27355.997411 23592.1319  13.8%  50.6   95s
 25091 19469 24136.0068   54  444 27355.9974 23592.1319  13.8%  50.5  100s
H25232 19468                    27354.998454 23592.1319  13.8%  50.5  100s
H25314 19417                    27328.998454 23592.1319  13.7%  50.6  100s
 26980 21324 23699.1321   61  468 27328.9985 23592.1319  13.7%  51.0  105s
H27161 21322                    27324.998454 23592.1319  13.7%  51.0  105s
H28842 21541                    27324.998406 23592.1319  13.7%  50.5  108s
H29010 21499                    27299.998384 23592.1319  13.6%  50.8  108s
 29124 22089 23653.1365   42  429 27299.9984 23592.1319  13.6%  51.0  111s
H31988 23619                    27294.998454 23592.1319  13.6%  50.9  133s
 31995 23624 24177.4089   73  254 27294.9985 23592.1319  13.6%  50.9  136s
H31997 22443                    27294.998210 23592.1319  13.6%  50.9  141s
H31998 21322                    27294.998133 23592.1319  13.6%  50.9  142s
H32000 20256                    27294.998089 23592.1319  13.6%  50.9  146s
 32003 20258 26703.3244  192  288 27294.9981 23592.1319  13.6%  50.8  151s
 32005 20260 24108.0875   71  340 27294.9981 23592.1319  13.6%  50.8  155s
H32005 19247                    27288.998490 23592.1319  13.5%  50.8  157s
H32005 18284                    27288.998392 23592.1319  13.5%  50.8  157s
 32008 18286 23634.2336   42  493 27288.9984 23592.1319  13.5%  50.8  162s
 32009 18286 24314.0548  145  266 27288.9984 23592.1319  13.5%  50.8  165s
 32012 18288 24418.9916   61  316 27288.9984 23592.1319  13.5%  50.8  171s
 32135 18467 23701.2049   49  405 27288.9984 23592.1319  13.5%  53.2  175s
 32558 18748 23842.9985   79  480 27288.9984 23592.1319  13.5%  53.5  182s
H32569 17831                    27288.998378 23592.1319  13.5%  53.5  182s
H32597 16951                    27288.998287 23592.1319  13.5%  53.5  182s

Cutting planes:
  Learned: 1
  Gomory: 202
  Cover: 211
  Implied bound: 42
  Projected implied bound: 1
  Clique: 46
  MIR: 88
  StrongCG: 121
  Flow cover: 573
  GUB cover: 2
  Inf proof: 4
  Zero half: 4
  Network: 11
  RLT: 25
  Relax-and-lift: 38

Explored 32722 nodes (1790745 simplex iterations) in 182.26 seconds (175.38 work units)
Thread count was 8 (of 8 available processors)

Solution count 10: 27289 27289 27289 ... 27325

Solve interrupted
Best objective 2.728899828757e+04, best bound 2.359213194927e+04, gap 13.5471%

User-callback calls 133649, time in user-callback 0.41 sec

Statistics for modelBGB_BWES:
  Linear constraint matrix    : 23652 Constrs, 9987 Vars, 87847 NZs
  Variable types              : 4407 Continuous,
5580 Integer (241 Binary)
  Matrix coefficient range    : [ 1, 200 ]
  Objective coefficient range : [ 1, 386 ]
  Variable bound range        : [ 1, 199 ]
  RHS coefficient range       : [ 1, 549 ]

Gurobi 10.0.1 (mac64[arm]) logging started Sun Apr  7 15:44:42 2024

Set parameter LogFile to value "/Users/deniserings/Documents/zib/s-bahn-data/scripts/DeniseMA/processed/BGB_BWES/Branching/BGB_BWES_other alternatives_subMBP202404071201.log"
Gurobi Optimizer version 10.0.1 build v10.0.1rc0 (mac64[arm])

CPU model: Apple M2
Thread count: 8 physical cores, 8 logical processors, using up to 8 threads

Optimize a model with 23651 rows, 9987 columns and 87846 nonzeros
Model fingerprint: 0xb85c3a50
Variable types: 4407 continuous, 5580 integer (241 binary)
Coefficient statistics:
  Matrix range     [1e+00, 2e+02]
  Objective range  [1e+00, 4e+02]
  Bounds range     [1e+00, 2e+02]
  RHS range        [1e+00, 5e+02]

Loaded user MIP start with objective 27841

Presolve removed 9768 rows and 2618 columns
Presolve time: 0.19s
Presolved: 13883 rows, 7369 columns, 54902 nonzeros
Found heuristic solution: objective 27840.998570
Variable types: 2452 continuous, 4917 integer (4917 binary)

Root relaxation: objective 2.329800e+04, 4643 iterations, 0.05 seconds (0.04 work units)

    Nodes    |    Current Node    |     Objective Bounds      |     Work
 Expl Unexpl |  Obj  Depth IntInf | Incumbent    BestBd   Gap | It/Node Time

     0     0 23297.9986    0  249 27840.9986 23297.9986  16.3%     -    0s
     0     0 23297.9986    0  249 27840.9986 23297.9986  16.3%     -    0s
H    0     0                    27840.998444 23297.9986  16.3%     -    0s
     0     0 23484.3136    0  710 27840.9984 23484.3136  15.6%     -    0s
H    0     0                    27840.998408 23484.3136  15.6%     -    0s
     0     0 23484.3136    0  736 27840.9984 23484.3136  15.6%     -    0s
     0     0 23519.9986    0  752 27840.9984 23519.9986  15.5%     -    1s
     0     0 23520.2220    0  736 27840.9984 23520.2220  15.5%     -    1s
     0     0 23522.1414    0  893 27840.9984 23522.1414  15.5%     -    1s
     0     0 23522.1414    0  766 27840.9984 23522.1414  15.5%     -    1s
H    0     0                    27840.998403 23557.9986  15.4%     -    2s
     0     0 23557.9986    0  893 27840.9984 23557.9986  15.4%     -    2s
     0     0 23557.9986    0  848 27840.9984 23557.9986  15.4%     -    2s
     0     0 23558.0255    0  792 27840.9984 23558.0255  15.4%     -    2s
     0     0 23558.0255    0  841 27840.9984 23558.0255  15.4%     -    2s
H    0     0                    27840.998394 23558.0255  15.4%     -    2s
     0     0 23558.0255    0  906 27840.9984 23558.0255  15.4%     -    2s
     0     0 23558.0255    0  834 27840.9984 23558.0255  15.4%     -    2s
H    0     0                    27840.998270 23558.0285  15.4%     -    3s
H    0     0                    27840.997889 23558.0285  15.4%     -    3s
H    0     0                    27834.998545 23558.0285  15.4%     -    3s
     0     0 23558.0285    0  227 27834.9985 23558.0285  15.4%     -    3s
     0     0 23558.0285    0  355 27834.9985 23558.0285  15.4%     -    3s
     0     0 23558.2395    0  517 27834.9985 23558.2395  15.4%     -    3s
     0     0 23558.2395    0  227 27834.9985 23558.2395  15.4%     -    3s
     0     0 23558.2395    0  269 27834.9985 23558.2395  15.4%     -    4s
     0     0 23558.2395    0  545 27834.9985 23558.2395  15.4%     -    4s
     0     0 23558.4741    0  578 27834.9985 23558.4741  15.4%     -    4s
     0     0 23558.4842    0  562 27834.9985 23558.4842  15.4%     -    4s
     0     0 23559.6652    0  614 27834.9985 23559.6652  15.4%     -    5s
     0     0 23559.6652    0  569 27834.9985 23559.6652  15.4%     -    5s
     0     0 23560.5121    0  575 27834.9985 23560.5121  15.4%     -    5s
     0     0 23560.5142    0  546 27834.9985 23560.5142  15.4%     -    5s
     0     0 23560.5142    0  586 27834.9985 23560.5142  15.4%     -    5s
     0     0 23560.5142    0  566 27834.9985 23560.5142  15.4%     -    5s
     0     0 23560.5142    0  542 27834.9985 23560.5142  15.4%     -    5s
     0     0 23560.5142    0  479 27834.9985 23560.5142  15.4%     -    6s
     0     0 23560.5142    0  204 27834.9985 23560.5142  15.4%     -    6s
     0     0 23560.5142    0  230 27834.9985 23560.5142  15.4%     -    6s
     0     0 23560.5142    0  154 27834.9985 23560.5142  15.4%     -    7s
     0     0 23560.5142    0  231 27834.9985 23560.5142  15.4%     -    7s
H    0     0                    27834.998389 23560.5142  15.4%     -    7s
     0     0 23560.5142    0  190 27834.9984 23560.5142  15.4%     -    7s
     0     0 23560.5142    0  190 27834.9984 23560.5142  15.4%     -    7s
H    0     0                    27834.997770 23560.5142  15.4%     -    7s
     0     2 23560.5142    0  190 27834.9978 23560.5142  15.4%     -    8s
H  304   363                    27807.998558 23561.0142  15.3%  55.1    9s
   377   522 23628.9986   34  302 27807.9986 23561.0142  15.3%  49.1   10s
H  420   522                    27807.996258 23561.0142  15.3%  46.6   10s
H  550   576                    27764.998389 23561.0142  15.1%  41.3   12s
H  600   644                    27764.998359 23561.0142  15.1%  39.2   12s
H  629   644                    27764.998275 23561.0142  15.1%  38.5   12s
H  634   644                    27764.998258 23561.0142  15.1%  38.6   12s
H  650   644                    27758.998319 23561.0142  15.1%  38.1   12s
H 1780  1619                    27737.998360 23563.0142  15.1%  29.6   15s
H 1782  1619                    27730.998373 23563.0142  15.0%  29.8   15s
  2819  2478 23570.9986   17  204 27730.9984 23569.0018  15.0%  29.3   20s
H 2822  2355                    27730.998267 23569.0018  15.0%  29.2   23s
H 2826  2239                    27730.998258 23569.0018  15.0%  29.2   25s
H 3006  2252                    27713.998449 23570.9986  14.9%  45.4   29s
  3146  2352 23632.9986   30  258 27713.9984 23570.9986  14.9%  44.6   30s
H 3190  2257                    27713.998427 23570.9986  14.9%  44.5   30s
H 3192  2155                    27713.998367 23570.9986  14.9%  44.5   30s
H 3193  2058                    27713.998335 23570.9986  14.9%  44.5   30s
H 3292  2031                    27707.998449 23570.9986  14.9%  43.9   31s
H 4047  2320                    27707.998442 23570.9986  14.9%  42.6   35s
H 4048  2237                    27707.998289 23570.9986  14.9%  42.6   35s
H 4050  2157                    27707.998190 23570.9986  14.9%  42.6   35s
H 4667  2411                    27702.998449 23570.9986  14.9%  41.2   36s
H 4680  2335                    27696.998449 23570.9986  14.9%  41.2   36s
H 5689  2766                    27696.998420 23570.9986  14.9%  39.3   39s
  6200  3285 24767.2962   80  322 27696.9984 23570.9986  14.9%  38.9   40s
H 7419  4539                    27696.998373 23632.9986  14.7%  36.4   42s
H 9657  5932                    27696.998316 23632.9986  14.7%  32.1   44s
H 9866  5932                    27696.998313 23632.9986  14.7%  32.2   44s
  9893  6450 23640.9986   48  500 27696.9983 23632.9986  14.7%  32.2   45s
 13933 10356 24724.9986  102  298 27696.9983 23632.9986  14.7%  32.4   51s
H15792 11011                    27691.998449 23632.9986  14.7%  31.8   52s
 16801 13135 24563.3938   59  402 27691.9984 23632.9986  14.7%  32.6   57s
 21326 14992 23755.9986   44  366 27691.9984 23632.9986  14.7%  32.0   60s
H21412 14992                    27689.998449 23632.9986  14.7%  32.1   60s
H21502 15305                    27689.998435 23632.9986  14.7%  32.3   62s
H21504 15303                    27682.998441 23632.9986  14.6%  32.3   62s
H21768 15302                    27678.998564 23632.9986  14.6%  32.3   62s
 22319 17268 23665.4532   44  447 27678.9986 23632.9986  14.6%  32.9   65s
H24458 17626                    27678.998449 23632.9986  14.6%  32.9   67s
H24846 17625                    27676.998449 23632.9986  14.6%  33.1   67s
H25019 18067                    27669.998449 23632.9986  14.6%  33.3   69s
H25232 17899                    27418.998449 23632.9986  13.8%  33.3   69s
 25481 18291 23632.9986   26  412 27418.9984 23632.9986  13.8%  33.3   71s
 28184 21133 23632.9986   23  394 27418.9984 23632.9986  13.8%  33.4   75s
H28450 21129                    27415.998449 23632.9986  13.8%  33.3   75s
H29931 21129                    27415.998327 23632.9986  13.8%  33.1   87s
 29940 21135 23761.5481   43  660 27415.9983 23632.9986  13.8%  33.1   90s
 29943 21137 24206.9255   86  193 27415.9983 23632.9986  13.8%  33.1   95s
 29947 21140 24121.9092   78  165 27415.9983 23632.9986  13.8%  33.1  100s
 29953 21144 24066.0214   78  398 27415.9983 23632.9986  13.8%  33.1  106s
 29957 21147 24689.7004   72  461 27415.9983 23632.9986  13.8%  33.1  110s
 29964 21151 23640.9986   55  392 27415.9983 23632.9986  13.8%  33.1  116s
 29969 21155 23633.0259   67  218 27415.9983 23632.9986  13.8%  33.0  121s
 29972 21157 23633.0205   40  396 27415.9983 23632.9986  13.8%  33.0  126s
 29974 21158 25592.0205   84  404 27415.9983 23632.9986  13.8%  33.0  131s
 30008 21190 23632.9986   28  280 27415.9983 23632.9986  13.8%  36.2  135s
H30296 20338                    27415.998266 23632.9986  13.8%  36.3  136s
H30356 19352                    27409.998432 23632.9986  13.8%  36.4  139s
 30363 19394 23916.2932   50  383 27409.9984 23632.9986  13.8%  36.4  140s
H30365 18438                    27408.998509 23632.9986  13.8%  36.4  140s
H30395 17521                    27407.998509 23632.9986  13.8%  36.4  140s
H30512 16772                    27407.998463 23632.9986  13.8%  36.5  142s
H30524 15949                    27407.998086 23632.9986  13.8%  36.5  142s
H30585 15150                    27407.997423 23632.9986  13.8%  36.5  142s
 30598 15306 24023.9986   62  374 27407.9974 23632.9986  13.8%  36.5  145s
 31505 15714 23632.9986   48  375 27407.9974 23632.9986  13.8%  37.0  150s
 32328 16116 23632.9986   37  257 27407.9974 23632.9986  13.8%  37.3  155s
H32588 15614                    27407.997189 23632.9986  13.8%  37.3  157s
H32632 14897                    27407.995919 23632.9986  13.8%  37.3  157s
 33502 15737 24253.3849   85  318 27407.9959 23632.9986  13.8%  37.5  161s
 35156 16538 24603.1906   81  273 27407.9959 23632.9986  13.8%  37.6  167s
H35242 15839                    27349.998509 23632.9986  13.6%  37.5  167s
 36020 16553 infeasible  164      27349.9985 23632.9986  13.6%  37.3  170s
H37955 16511                    27347.998509 23632.9986  13.6%  37.6  173s
 38916 16618 24016.6625   75  467 27347.9985 23632.9986  13.6%  37.5  176s
H39462 16042                    27345.998509 23632.9986  13.6%  38.5  180s
H39463 15413                    27249.998509 23632.9986  13.3%  38.5  180s
H39472 14856                    27233.998509 23632.9986  13.2%  38.5  180s

Cutting planes:
  Learned: 7
  Gomory: 207
  Cover: 296
  Implied bound: 68
  Projected implied bound: 7
  Clique: 59
  MIR: 163
  StrongCG: 113
  Flow cover: 886
  Inf proof: 1
  Zero half: 6
  Network: 4
  RLT: 28
  Relax-and-lift: 64

Explored 39748 nodes (1561721 simplex iterations) in 180.64 seconds (157.14 work units)
Thread count was 8 (of 8 available processors)

Solution count 10: 27234 27250 27346 ... 27408

Solve interrupted
Best objective 2.723399850961e+04, best bound 2.363299856960e+04, gap 13.2224%

User-callback calls 151410, time in user-callback 0.53 sec

Statistics for modelBGB_BWES:
  Linear constraint matrix    : 23651 Constrs, 9987 Vars, 87846 NZs
  Variable types              : 4407 Continuous,
5580 Integer (241 Binary)
  Matrix coefficient range    : [ 1, 200 ]
  Objective coefficient range : [ 1, 386 ]
  Variable bound range        : [ 1, 199 ]
  RHS coefficient range       : [ 1, 549 ]
