
Gurobi 10.0.1 (mac64[arm]) logging started Sun Apr  7 23:08:35 2024

Set parameter LogFile to value "/Users/deniserings/Documents/zib/s-bahn-data/scripts/DeniseMA/processed/BBKS_BWT/Branching/BBKS_BWT_random2_subMBP202404072240.log"
Gurobi Optimizer version 10.0.1 build v10.0.1rc0 (mac64[arm])

CPU model: Apple M2
Thread count: 8 physical cores, 8 logical processors, using up to 8 threads

Optimize a model with 10189 rows, 4381 columns and 42483 nonzeros
Model fingerprint: 0x415acf78
Variable types: 1762 continuous, 2619 integer (444 binary)
Coefficient statistics:
  Matrix range     [1e+00, 2e+02]
  Objective range  [1e+00, 4e+02]
  Bounds range     [1e+00, 2e+02]
  RHS range        [1e+00, 5e+02]

Loaded user MIP start with objective 10495

Presolve removed 4298 rows and 1574 columns
Presolve time: 0.08s
Presolved: 5891 rows, 2807 columns, 26626 nonzeros
Found heuristic solution: objective 10494.999849
Variable types: 964 continuous, 1843 integer (1843 binary)

Root relaxation: objective 9.438031e+03, 1379 iterations, 0.01 seconds (0.02 work units)

    Nodes    |    Current Node    |     Objective Bounds      |     Work
 Expl Unexpl |  Obj  Depth IntInf | Incumbent    BestBd   Gap | It/Node Time

     0     0 9438.03100    0   64 10494.9998 9438.03100  10.1%     -    0s
     0     0 9477.01681    0  151 10494.9998 9477.01681  9.70%     -    0s
     0     0 9485.54311    0  153 10494.9998 9485.54311  9.62%     -    0s
     0     0 9486.53540    0  139 10494.9998 9486.53540  9.61%     -    0s
     0     0 9486.58620    0  139 10494.9998 9486.58620  9.61%     -    0s
     0     0 9486.68275    0  139 10494.9998 9486.68275  9.61%     -    0s
     0     0 9535.91036    0  141 10494.9998 9535.91036  9.14%     -    0s
     0     0 9536.42902    0  122 10494.9998 9536.42902  9.13%     -    0s
     0     0 9536.42902    0  132 10494.9998 9536.42902  9.13%     -    0s
     0     0 9595.79617    0  166 10494.9998 9595.79617  8.57%     -    0s
     0     0 9596.54610    0  143 10494.9998 9596.54610  8.56%     -    0s
     0     0 9596.98220    0  155 10494.9998 9596.98220  8.56%     -    0s
     0     0 9598.23779    0  146 10494.9998 9598.23779  8.54%     -    0s
     0     0 9599.17520    0  158 10494.9998 9599.17520  8.54%     -    0s
     0     0 9599.17520    0  159 10494.9998 9599.17520  8.54%     -    0s
     0     0 9602.79907    0  153 10494.9998 9602.79907  8.50%     -    0s
     0     0 9607.90092    0  118 10494.9998 9607.90092  8.45%     -    0s
     0     0 9611.28090    0  123 10494.9998 9611.28090  8.42%     -    0s
     0     0 9613.01153    0  107 10494.9998 9613.01153  8.40%     -    0s
     0     0 9613.01153    0  102 10494.9998 9613.01153  8.40%     -    0s
     0     0 9614.75495    0  120 10494.9998 9614.75495  8.39%     -    0s
     0     0 9614.75495    0  104 10494.9998 9614.75495  8.39%     -    0s
     0     0 9616.42161    0  111 10494.9998 9616.42161  8.37%     -    0s
     0     0 9616.42161    0  109 10494.9998 9616.42161  8.37%     -    0s
     0     0 9616.42161    0  103 10494.9998 9616.42161  8.37%     -    0s
H    0     0                    10492.999849 9616.42161  8.35%     -    0s
     0     0 9616.42161    0   87 10492.9998 9616.42161  8.35%     -    0s
     0     0 9616.42161    0   39 10492.9998 9616.42161  8.35%     -    0s
     0     0 9616.42161    0   43 10492.9998 9616.42161  8.35%     -    1s
     0     0 9616.42161    0   50 10492.9998 9616.42161  8.35%     -    1s
     0     0 9616.42161    0   75 10492.9998 9616.42161  8.35%     -    1s
     0     0 9616.42161    0   60 10492.9998 9616.42161  8.35%     -    1s
     0     0 9616.42161    0   59 10492.9998 9616.42161  8.35%     -    1s
     0     2 9634.55576    0   52 10492.9998 9634.55576  8.18%     -    1s
H   32    30                    10462.999849 9704.07827  7.25%   106    1s
H  366   263                    10207.999846 9713.28623  4.85%  33.7    1s
H  378   269                    10207.999817 9714.50618  4.83%  33.2    1s
* 1277   691              48    10199.999849 9911.99984  2.82%  23.8    2s
H 1287   696                    10199.998851 9911.99984  2.82%  23.7    2s
H 1533   837                    10192.999849 9927.99985  2.60%  22.8    2s
  1604   894 10033.2058   20   32 10192.9998 10033.0496  1.57%  29.2    5s
H 2221  1060                    10192.999817 10033.0496  1.57%  31.6    5s
H 3212  1407                    10192.999784 10033.0496  1.57%  32.8    6s
  7851  4066 10171.1842   33   25 10192.9998 10066.9998  1.24%  36.8   10s
 16034  8390 10158.9998   28   33 10192.9998 10087.9998  1.03%  40.9   15s
 24493 12057 infeasible   41      10192.9998 10090.9998  1.00%  42.2   20s
 29466 13530 10158.9998   28   59 10192.9998 10090.9998  1.00%  42.7   28s
 29476 13537 10119.9998   37   70 10192.9998 10090.9998  1.00%  42.7   30s
 29489 13545 10158.9998   32   38 10192.9998 10090.9998  1.00%  42.6   35s
 29501 13553 10159.9998   61   53 10192.9998 10090.9998  1.00%  42.6   40s
 29513 13561 10134.9998   41   61 10192.9998 10090.9998  1.00%  42.6   45s
 29527 13571 10172.9998   39   65 10192.9998 10090.9998  1.00%  42.6   50s
H29530 12893                    10192.999753 10090.9998  1.00%  42.6   52s
 29538 12898 10158.9998   26   78 10192.9998 10090.9998  1.00%  42.6   55s
 29572 12921 10154.9998   53   75 10192.9998 10090.9998  1.00%  42.5   60s
 29916 13094 10152.9998   59   45 10192.9998 10090.9998  1.00%  44.2   65s
H30585 12578                    10192.999603 10090.9998  1.00%  44.1   65s
 34859 13180     cutoff   39      10192.9996 10090.9998  1.00%  44.2   70s
 42952 14575     cutoff   45      10192.9996 10090.9998  1.00%  43.9   75s
 50642 14727 10130.9998   45   38 10192.9996 10092.9998  0.98%  43.3   80s
 59686 15383 10174.9150   45   23 10192.9996 10110.9998  0.80%  43.0   85s
 68756 15845 10187.9998   60   20 10192.9996 10117.2876  0.74%  42.9   90s
 76988 18206 10179.3739   46   41 10192.9996 10128.9998  0.63%  42.9   95s
 84837 20720 10162.0433   48   17 10192.9996 10134.9998  0.57%  42.9  100s
 94495 23846 infeasible   48      10192.9996 10134.9998  0.57%  42.4  105s
 101837 26091     cutoff   46      10192.9996 10134.9998  0.57%  42.1  110s
 110157 28541 10171.7672   55   28 10192.9996 10134.9998  0.57%  41.9  115s
 119030 31093 10179.9998   49   40 10192.9996 10134.9998  0.57%  41.8  120s
 126834 32825 10160.6628   49   58 10192.9996 10135.9998  0.56%  41.7  125s
 134726 34251 10137.2330   51   43 10192.9996 10136.9998  0.55%  41.4  130s
 142325 34883 10187.9998   63   29 10192.9996 10138.3811  0.54%  41.5  135s
 149010 34829     cutoff   55      10192.9996 10143.9998  0.48%  41.8  140s
 155747 36848 10143.9998   49   27 10192.9996 10143.9998  0.48%  41.7  145s
 163402 38224 infeasible   49      10192.9996 10144.9998  0.47%  41.6  150s
 171401 37375 10188.9998   60   32 10192.9996 10151.6983  0.41%  41.8  155s
 177449 37732 infeasible   60      10192.9996 10154.9998  0.37%  41.8  160s
 185210 38396 10190.4765   66   35 10192.9996 10154.9998  0.37%  41.7  165s
 190862 37906 10183.8181   52   48 10192.9996 10158.9998  0.33%  41.6  170s
 196962 38121     cutoff   53      10192.9996 10158.9998  0.33%  41.8  175s
 202749 38177 10161.5723   50   30 10192.9996 10158.9998  0.33%  42.0  180s

Cutting planes:
  Learned: 1
  Gomory: 62
  Cover: 705
  Implied bound: 35
  Projected implied bound: 3
  Clique: 5
  MIR: 244
  StrongCG: 10
  Flow cover: 1043
  GUB cover: 48
  Inf proof: 22
  Zero half: 99
  Network: 1
  RLT: 60
  Relax-and-lift: 36

Explored 204301 nodes (8597639 simplex iterations) in 180.79 seconds (207.70 work units)
Thread count was 8 (of 8 available processors)

Solution count 10: 10193 10193 10193 ... 10463

Solve interrupted
Best objective 1.019299960348e+04, best bound 1.015899983474e+04, gap 0.3336%

User-callback calls 457158, time in user-callback 0.86 sec

Statistics for modelBBKS_BWT:
  Linear constraint matrix    : 10189 Constrs, 4381 Vars, 42483 NZs
  Variable types              : 1762 Continuous,
2619 Integer (444 Binary)
  Matrix coefficient range    : [ 1, 200 ]
  Objective coefficient range : [ 1, 382 ]
  Variable bound range        : [ 1, 199 ]
  RHS coefficient range       : [ 1, 549 ]

Gurobi 10.0.1 (mac64[arm]) logging started Sun Apr  7 23:11:36 2024

Set parameter LogFile to value "/Users/deniserings/Documents/zib/s-bahn-data/scripts/DeniseMA/processed/BBKS_BWT/Branching/BBKS_BWT_random2_subMBP202404072240.log"
Gurobi Optimizer version 10.0.1 build v10.0.1rc0 (mac64[arm])

CPU model: Apple M2
Thread count: 8 physical cores, 8 logical processors, using up to 8 threads

Optimize a model with 10179 rows, 4381 columns and 42473 nonzeros
Model fingerprint: 0x05e7c36f
Variable types: 1762 continuous, 2619 integer (444 binary)
Coefficient statistics:
  Matrix range     [1e+00, 2e+02]
  Objective range  [1e+00, 4e+02]
  Bounds range     [1e+00, 2e+02]
  RHS range        [1e+00, 5e+02]

Loaded user MIP start with objective 10495

Presolve removed 4004 rows and 1387 columns
Presolve time: 0.11s
Presolved: 6175 rows, 2994 columns, 27942 nonzeros
Found heuristic solution: objective 10494.999001
Variable types: 1018 continuous, 1976 integer (1976 binary)

Root relaxation: objective 9.096170e+03, 1655 iterations, 0.02 seconds (0.02 work units)

    Nodes    |    Current Node    |     Objective Bounds      |     Work
 Expl Unexpl |  Obj  Depth IntInf | Incumbent    BestBd   Gap | It/Node Time

     0     0 9096.16958    0   87 10494.9990 9096.16958  13.3%     -    0s
     0     0 9116.83465    0  226 10494.9990 9116.83465  13.1%     -    0s
     0     0 9116.83465    0  226 10494.9990 9116.83465  13.1%     -    0s
     0     0 9157.76721    0  230 10494.9990 9157.76721  12.7%     -    0s
     0     0 9157.76726    0  216 10494.9990 9157.76726  12.7%     -    0s
     0     0 9157.76726    0  207 10494.9990 9157.76726  12.7%     -    0s
     0     0 9157.76726    0  191 10494.9990 9157.76726  12.7%     -    0s
     0     0 9157.80247    0  109 10494.9990 9157.80247  12.7%     -    0s
     0     0 9157.80257    0  126 10494.9990 9157.80257  12.7%     -    0s
     0     0 9159.34245    0  189 10494.9990 9159.34245  12.7%     -    0s
     0     0 9159.34765    0  178 10494.9990 9159.34765  12.7%     -    0s
H    0     0                    10494.998959 9159.34765  12.7%     -    0s
     0     0 9163.00323    0  188 10494.9990 9163.00323  12.7%     -    0s
     0     0 9164.45997    0  200 10494.9990 9164.45997  12.7%     -    0s
     0     0 9164.45997    0  191 10494.9990 9164.45997  12.7%     -    0s
     0     0 9164.99100    0  185 10494.9990 9164.99100  12.7%     -    0s
     0     0 9165.09738    0  193 10494.9990 9165.09738  12.7%     -    0s
     0     0 9165.09738    0  189 10494.9990 9165.09738  12.7%     -    1s
     0     0 9169.62095    0  197 10494.9990 9169.62095  12.6%     -    1s
     0     0 9169.63244    0  203 10494.9990 9169.63244  12.6%     -    1s
     0     0 9169.67730    0  189 10494.9990 9169.67730  12.6%     -    1s
     0     0 9169.68299    0  215 10494.9990 9169.68299  12.6%     -    1s
     0     0 9169.68299    0  207 10494.9990 9169.68299  12.6%     -    1s
     0     0 9169.68299    0  165 10494.9990 9169.68299  12.6%     -    1s
     0     2 9179.68299    0  143 10494.9990 9179.68299  12.5%     -    1s
  1537   919 10270.9990   61  139 10494.9990 9236.54486  12.0%  35.6    5s
H 3402  1609                    10408.998999 9236.54486  11.3%  41.2    7s
* 3836  1657             136    10396.998997 9236.54486  11.2%  40.8    8s
* 4568  1927             139    10306.998998 9259.78627  10.2%  39.3    8s
  6568  3366 10180.9990   88   58 10306.9990 9355.28094  9.23%  37.8   10s
* 6659  3300             174    10282.999000 9355.28094  9.02%  37.9   10s
H 6786  2400                    10118.999000 9355.28094  7.55%  37.8   10s
H 7147  2582                    10115.999000 9405.23267  7.03%  37.6   10s
H 7271  2568                    10109.999000 9405.23267  6.97%  37.4   10s
H 7344  2532                    10100.999000 9413.96919  6.80%  37.4   10s
H 7356  2532                    10100.998943 9413.96919  6.80%  37.4   10s
H 7388  2532                    10100.998921 9413.96919  6.80%  37.4   10s
H 7423  2532                    10100.998914 9413.96919  6.80%  37.4   10s
H 7506  2351                    10076.998999 9428.04581  6.44%  37.3   10s
H 7535  2346                    10075.998999 9428.04581  6.43%  37.3   10s
H 7588  1502                    9882.9989993 9428.04581  4.60%  37.4   11s
H10646  3335                    9881.9989993 9477.99900  4.09%  35.6   12s
 13826  5242 9783.99900   47   65 9881.99900 9481.71011  4.05%  34.7   15s
*14800  5751             116    9879.9989998 9489.77023  3.95%  34.5   15s
H15775  6012                    9870.9989993 9499.99899  3.76%  34.4   16s
H19471  8353                    9870.9989435 9509.99900  3.66%  34.5   18s
H19682  8353                    9870.9989190 9509.99900  3.66%  34.4   18s
 22658 10329 9747.19850   46   42 9870.99892 9528.04581  3.47%  34.2   20s
 29321 13479 9863.99900   52   32 9870.99892 9586.99900  2.88%  34.6   29s
 31159 14080 9830.98791   48   76 9870.99892 9603.58979  2.71%  34.8   30s
*38446 17290              83    9868.9989968 9648.03139  2.24%  35.2   34s
 38952 17764 9672.87898   35   70 9868.99900 9648.03139  2.24%  35.1   35s
H39666 18003                    9867.9989993 9648.03139  2.23%  35.1   36s
 46630 22705 9755.99900   42   60 9867.99900 9650.11236  2.21%  34.4   40s
 56251 28350     cutoff   61      9867.99900 9655.11236  2.16%  33.8   45s
 65120 33246 9825.99900   49   49 9867.99900 9668.05489  2.03%  33.7   50s
 74853 39083 9809.99900   63   50 9867.99900 9671.99900  1.99%  33.4   55s
 84474 44102 9830.10888   56   56 9867.99900 9677.99900  1.93%  33.5   60s
 94189 49306 9841.99900   46   21 9867.99900 9678.07997  1.92%  33.5   65s
H99891 52225                    9867.9989975 9679.99899  1.91%  33.6   68s
H100372 52448                    9867.9989663 9679.99899  1.91%  33.6   68s
H100427 52448                    9867.9988776 9679.99899  1.91%  33.6   68s
 102079 53659 9753.99899   44   64 9867.99888 9679.99900  1.91%  33.6   70s
 111624 59072 9790.99900   51   53 9867.99888 9682.97255  1.88%  33.8   75s
 121541 64723 9818.99900   44   59 9867.99888 9688.02250  1.82%  33.8   80s
 130355 69653 9795.99900   49   50 9867.99888 9695.99900  1.74%  34.1   85s
 139395 74969 9838.14863   57   38 9867.99888 9697.99900  1.72%  34.1   90s
 149605 80723 9774.01217   38   60 9867.99888 9697.99900  1.72%  34.1   95s
 158270 85279 9734.82730   43   52 9867.99888 9698.11236  1.72%  34.5  100s
 167761 90296     cutoff   52      9867.99888 9699.99900  1.70%  34.5  105s
 176300 94473 9723.99900   32   53 9867.99888 9703.99900  1.66%  34.6  110s
H177291 94476                    9867.9988571 9704.13586  1.66%  34.6  110s
H177292 94476                    9867.9988211 9704.13586  1.66%  34.5  110s
 184650 98965 9718.06130   38   42 9867.99882 9706.05489  1.64%  34.6  115s
 193931 104125     cutoff   55      9867.99882 9706.32762  1.64%  34.6  120s
 201932 108452 9777.99900   43   36 9867.99882 9708.03139  1.62%  34.6  125s
 210319 113738 9728.04510   42   58 9867.99882 9708.11236  1.62%  34.6  130s
 221411 119250     cutoff   59      9867.99882 9709.99890  1.60%  34.5  135s
 230607 124375 9776.99900   51   57 9867.99882 9709.99899  1.60%  34.5  140s
 240322 129737 9796.99900   58   53 9867.99882 9709.99900  1.60%  34.6  145s
 248737 134265 9732.99900   42   46 9867.99882 9709.99900  1.60%  34.6  150s
 257398 138874 infeasible   57      9867.99882 9709.99900  1.60%  34.7  155s
 267070 143743 infeasible   56      9867.99882 9710.27297  1.60%  34.7  160s
 275438 147964 9829.99900   68   50 9867.99882 9711.02250  1.59%  34.8  165s
 283257 151543 9728.18389   33   56 9867.99882 9713.99900  1.56%  34.9  170s
 292969 156239 9822.99900   36   46 9867.99882 9715.99900  1.54%  34.9  175s
 300512 160106 9749.99900   41   41 9867.99882 9717.99900  1.52%  34.9  180s
 308994 163806 infeasible   68      9867.99882 9718.02250  1.52%  35.1  185s
 317904 168167 9738.11236   41   54 9867.99882 9718.11236  1.52%  35.3  190s
 326738 172420 9718.30336   32   64 9867.99882 9718.20217  1.52%  35.3  195s
 334111 176217 9752.99899   44   51 9867.99882 9719.99899  1.50%  35.4  200s
 343367 180725 9809.99900   43   39 9867.99882 9719.99899  1.50%  35.4  205s
 352754 185597 infeasible   73      9867.99882 9719.99900  1.50%  35.4  210s
 361961 189732     cutoff   58      9867.99882 9720.22200  1.50%  35.3  215s
 370572 194219 9753.99899   41   47 9867.99882 9722.06130  1.48%  35.3  220s
 380316 199060 infeasible   51      9867.99882 9722.99900  1.47%  35.3  225s
 389051 202939     cutoff   35      9867.99882 9723.99900  1.46%  35.3  230s
 396820 205879 9804.99900   39   53 9867.99882 9725.99900  1.44%  35.4  235s
 403884 209402 9849.99900   59   24 9867.99882 9726.05489  1.44%  35.6  240s
 413526 213772     cutoff   45      9867.99882 9726.11236  1.44%  35.5  245s
 422031 217439 9747.99899   39   42 9867.99882 9727.99899  1.42%  35.5  250s
 430228 221236     cutoff   60      9867.99882 9727.99900  1.42%  35.6  255s
 437781 224654 9829.99900   44   40 9867.99882 9727.99900  1.42%  35.7  260s
 447018 228811 9799.34134   42   54 9867.99882 9727.99900  1.42%  35.8  265s
 455344 232803     cutoff   54      9867.99882 9728.03139  1.42%  35.8  270s
 464092 237685 9776.99900   47   57 9867.99882 9728.03139  1.42%  35.8  275s
 470596 241606 9800.99895   39   45 9867.99882 9728.03139  1.42%  35.8  280s
 479049 246404 9811.03139   38   42 9867.99882 9728.03139  1.42%  35.8  285s
 488441 250881     cutoff   52      9867.99882 9728.11236  1.42%  35.8  290s
 495722 254529 9799.01193   38   46 9867.99882 9728.15193  1.42%  35.8  295s
 505117 258861 9732.38496   43   47 9867.99882 9728.39502  1.41%  35.8  300s
 512813 262557 9852.99899   47   30 9867.99882 9729.99899  1.40%  35.9  305s
 521356 267108 9816.54423   47   35 9867.99882 9729.99899  1.40%  35.9  310s
 529026 270869     cutoff   57      9867.99882 9729.99899  1.40%  35.9  315s
 537878 275179     cutoff   59      9867.99882 9729.99899  1.40%  35.9  320s
 546827 279328 9815.99900   52   30 9867.99882 9729.99900  1.40%  35.9  325s
 555061 283636 9838.99900   45   44 9867.99882 9729.99900  1.40%  36.0  330s
 562404 287403     cutoff   55      9867.99882 9729.99900  1.40%  36.0  335s
 571222 291433 9825.99900   59   40 9867.99882 9730.19850  1.40%  36.0  340s
 580065 295616 9792.99899   51   42 9867.99882 9730.30202  1.40%  35.9  345s
 590210 299630 9777.36264   47   43 9867.99882 9731.02250  1.39%  35.9  350s
 599099 303940 9819.05062   37   20 9867.99882 9731.59062  1.38%  35.9  355s
 607726 308006     cutoff   62      9867.99882 9731.99900  1.38%  35.9  360s
 616120 311613 9795.02250   41   47 9867.99882 9732.02250  1.38%  35.8  365s
 624419 315410 9848.43944   43   32 9867.99882 9732.99899  1.37%  35.8  370s
 634177 319662     cutoff   48      9867.99882 9732.99900  1.37%  35.9  375s
 640569 322741 9804.99900   57   33 9867.99882 9732.99900  1.37%  35.9  380s
 649884 326721 infeasible   63      9867.99882 9732.99900  1.37%  35.9  385s
 658654 330599 9851.99900   40   46 9867.99882 9732.99900  1.37%  35.9  390s
 666130 333985 9743.52410   43   50 9867.99882 9732.99900  1.37%  35.9  395s
 675729 337703 infeasible   50      9867.99882 9733.18990  1.37%  36.0  400s
 685280 340719 9860.99900   61   25 9867.99882 9733.74438  1.36%  35.9  405s
 694698 344252     cutoff   53      9867.99882 9734.05163  1.36%  35.9  410s
 703702 347642 9854.05163   58   50 9867.99882 9734.47565  1.35%  35.9  415s
 712887 350994 9857.99900   47   39 9867.99882 9735.99899  1.34%  35.9  420s
H721123 353820                    9867.9987921 9735.99900  1.34%  35.8  424s
 721385 354211 9833.39950   51   32 9867.99879 9735.99900  1.34%  35.8  425s
H724367 355108                    9867.9987462 9736.02250  1.34%  35.9  427s
H726620 356445                    9867.9985848 9736.11236  1.34%  35.9  429s
 727787 356917 9858.11236   40   28 9867.99858 9736.11236  1.34%  35.9  430s
 736764 360127 9806.04534   36   36 9867.99858 9737.94465  1.32%  35.9  435s
 743434 362858 9844.01371   41   64 9867.99858 9737.99900  1.32%  35.9  440s
 753072 366909 9762.64658   47   60 9867.99858 9738.11236  1.32%  36.0  445s
 762050 370153     cutoff   49      9867.99858 9738.43899  1.31%  35.9  450s
 770998 373942 9845.99900   57   58 9867.99858 9739.99899  1.30%  35.9  455s
 779585 377819 infeasible   70      9867.99858 9739.99900  1.30%  35.9  460s
 788541 381176 9838.99900   62   52 9867.99858 9740.02250  1.30%  35.9  465s
 797154 384017 9818.38090   49   61 9867.99858 9740.99899  1.29%  35.9  470s
 806163 387805 9819.04887   42   60 9867.99858 9741.99899  1.28%  35.9  475s
 815472 391511     cutoff   57      9867.99858 9741.99900  1.28%  35.9  480s
 825285 395705 9836.18948   56   44 9867.99858 9741.99900  1.28%  35.9  485s
 831399 398263 9805.05568   36   45 9867.99858 9742.03139  1.28%  35.9  490s
 840328 401352 9811.35473   45   71 9867.99858 9742.99899  1.27%  35.9  495s
 848391 404660 infeasible   46      9867.99858 9742.99900  1.27%  35.9  500s
 857649 408066 9839.06196   50   59 9867.99858 9743.99900  1.26%  35.9  505s
 866197 411249 9783.05149   33   85 9867.99858 9745.02799  1.25%  35.9  510s
 873370 413837 infeasible   43      9867.99858 9745.99900  1.24%  36.0  515s
 883172 417324 9765.99900   55   38 9867.99858 9745.99900  1.24%  36.0  520s
 889872 419214 9820.21665   32   75 9867.99858 9745.99900  1.24%  36.1  525s
H890469 419214                    9867.9985504 9745.99900  1.24%  36.1  525s
H891908 419715                    9867.9984523 9745.99900  1.24%  36.2  527s
 894575 420780 9809.11236   42   43 9867.99845 9746.01686  1.24%  36.2  530s
 902912 423860 9809.11236   37   36 9867.99845 9746.11236  1.24%  36.3  535s
 911652 426120 9833.05503   58   52 9867.99845 9746.31370  1.23%  36.3  540s
 919705 428808 9832.54969   58   49 9867.99845 9747.08402  1.23%  36.3  545s
 927294 431401 infeasible   53      9867.99845 9747.99899  1.22%  36.3  550s
 935467 434535 infeasible   42      9867.99845 9747.99900  1.22%  36.4  555s
 942823 437237 9778.01367   35   39 9867.99845 9747.99900  1.22%  36.4  560s
 951830 441121 infeasible   71      9867.99845 9748.01217  1.22%  36.4  565s
 960799 445195 9835.05669   55   47 9867.99845 9748.03139  1.22%  36.4  570s
 968416 448382 9844.06378   48   41 9867.99845 9748.03139  1.22%  36.4  575s
 976797 452276 9805.03139   45   55 9867.99845 9748.03139  1.22%  36.4  580s
 985378 456256 9748.23273   37   59 9867.99845 9748.03139  1.22%  36.4  585s
 992691 459688 9773.03256   37   76 9867.99845 9748.03900  1.22%  36.4  590s
 1001959 462809 9845.03139   47   29 9867.99845 9748.23273  1.21%  36.4  595s
 1010408 465486 9770.99900   38   34 9867.99845 9748.99900  1.21%  36.4  600s
 1018944 468739 infeasible   60      9867.99845 9749.99899  1.20%  36.4  605s
 1026395 471810 9786.99900   43   30 9867.99845 9749.99900  1.20%  36.4  610s

Cutting planes:
  Learned: 5
  Gomory: 98
  Cover: 972
  Implied bound: 114
  Projected implied bound: 3
  Clique: 12
  MIR: 201
  StrongCG: 16
  Flow cover: 408
  GUB cover: 20
  Inf proof: 34
  Zero half: 14
  Network: 8
  RLT: 109
  Relax-and-lift: 63

Explored 1027799 nodes (37412564 simplex iterations) in 610.18 seconds (705.37 work units)
Thread count was 8 (of 8 available processors)

Solution count 10: 9868 9868 9868 ... 9868

Solve interrupted
Best objective 9.867998452342e+03, best bound 9.749998996386e+03, gap 1.1958%

User-callback calls 2196954, time in user-callback 4.04 sec

Statistics for modelBBKS_BWT:
  Linear constraint matrix    : 10179 Constrs, 4381 Vars, 42473 NZs
  Variable types              : 1762 Continuous,
2619 Integer (444 Binary)
  Matrix coefficient range    : [ 1, 200 ]
  Objective coefficient range : [ 1, 382 ]
  Variable bound range        : [ 1, 199 ]
  RHS coefficient range       : [ 1, 549 ]
