
Gurobi 10.0.1 (mac64[arm]) logging started Sun Apr  7 23:21:48 2024

Set parameter LogFile to value "/Users/deniserings/Documents/zib/s-bahn-data/scripts/DeniseMA/processed/BBKS_BWT/Branching/BBKS_BWT_random3_subMBP202404072240.log"
Gurobi Optimizer version 10.0.1 build v10.0.1rc0 (mac64[arm])

CPU model: Apple M2
Thread count: 8 physical cores, 8 logical processors, using up to 8 threads

Optimize a model with 10189 rows, 4381 columns and 42483 nonzeros
Model fingerprint: 0xb99b3f93
Variable types: 1762 continuous, 2619 integer (444 binary)
Coefficient statistics:
  Matrix range     [1e+00, 2e+02]
  Objective range  [1e+00, 4e+02]
  Bounds range     [1e+00, 2e+02]
  RHS range        [1e+00, 5e+02]

Loaded user MIP start with objective 10495

Presolve removed 4298 rows and 1574 columns
Presolve time: 0.08s
Presolved: 5891 rows, 2807 columns, 26626 nonzeros
Found heuristic solution: objective 10494.999849
Variable types: 964 continuous, 1843 integer (1843 binary)

Root relaxation: objective 9.438031e+03, 1379 iterations, 0.01 seconds (0.02 work units)

    Nodes    |    Current Node    |     Objective Bounds      |     Work
 Expl Unexpl |  Obj  Depth IntInf | Incumbent    BestBd   Gap | It/Node Time

     0     0 9438.03100    0   64 10494.9998 9438.03100  10.1%     -    0s
     0     0 9477.01681    0  151 10494.9998 9477.01681  9.70%     -    0s
     0     0 9485.54311    0  153 10494.9998 9485.54311  9.62%     -    0s
     0     0 9486.53540    0  139 10494.9998 9486.53540  9.61%     -    0s
     0     0 9486.58620    0  139 10494.9998 9486.58620  9.61%     -    0s
     0     0 9486.68275    0  139 10494.9998 9486.68275  9.61%     -    0s
     0     0 9535.91036    0  141 10494.9998 9535.91036  9.14%     -    0s
     0     0 9536.42902    0  122 10494.9998 9536.42902  9.13%     -    0s
     0     0 9536.42902    0  132 10494.9998 9536.42902  9.13%     -    0s
     0     0 9595.79617    0  166 10494.9998 9595.79617  8.57%     -    0s
     0     0 9596.54610    0  143 10494.9998 9596.54610  8.56%     -    0s
     0     0 9596.98220    0  155 10494.9998 9596.98220  8.56%     -    0s
     0     0 9598.23779    0  146 10494.9998 9598.23779  8.54%     -    0s
     0     0 9599.17520    0  158 10494.9998 9599.17520  8.54%     -    0s
     0     0 9599.17520    0  159 10494.9998 9599.17520  8.54%     -    0s
     0     0 9602.79907    0  153 10494.9998 9602.79907  8.50%     -    0s
     0     0 9607.90092    0  118 10494.9998 9607.90092  8.45%     -    0s
     0     0 9611.28090    0  123 10494.9998 9611.28090  8.42%     -    0s
     0     0 9613.01153    0  107 10494.9998 9613.01153  8.40%     -    0s
     0     0 9613.01153    0  102 10494.9998 9613.01153  8.40%     -    0s
     0     0 9614.75495    0  120 10494.9998 9614.75495  8.39%     -    0s
     0     0 9614.75495    0  104 10494.9998 9614.75495  8.39%     -    0s
     0     0 9616.42161    0  111 10494.9998 9616.42161  8.37%     -    0s
     0     0 9616.42161    0  109 10494.9998 9616.42161  8.37%     -    0s
     0     0 9616.42161    0  103 10494.9998 9616.42161  8.37%     -    0s
H    0     0                    10492.999849 9616.42161  8.35%     -    0s
     0     0 9616.42161    0   87 10492.9998 9616.42161  8.35%     -    0s
     0     0 9616.42161    0   39 10492.9998 9616.42161  8.35%     -    0s
     0     0 9616.42161    0   43 10492.9998 9616.42161  8.35%     -    0s
     0     0 9616.42161    0   50 10492.9998 9616.42161  8.35%     -    1s
     0     0 9616.42161    0   75 10492.9998 9616.42161  8.35%     -    1s
     0     0 9616.42161    0   60 10492.9998 9616.42161  8.35%     -    1s
     0     0 9616.42161    0   59 10492.9998 9616.42161  8.35%     -    1s
     0     2 9634.55576    0   52 10492.9998 9634.55576  8.18%     -    1s
H   32    30                    10462.999849 9704.07827  7.25%   106    1s
H  366   263                    10207.999846 9713.28623  4.85%  33.7    1s
H  378   269                    10207.999817 9714.50618  4.83%  33.2    1s
* 1277   691              48    10199.999849 9911.99984  2.82%  23.8    2s
H 1287   696                    10199.998851 9911.99984  2.82%  23.7    2s
H 1533   837                    10192.999849 9927.99985  2.60%  22.8    2s
  1596   882 10033.0496   20   33 10192.9998 10033.0496  1.57%  29.3    5s
H 2221  1060                    10192.999817 10033.0496  1.57%  31.6    5s
H 3212  1407                    10192.999784 10033.0496  1.57%  32.8    6s
  7851  4066 10171.1842   33   25 10192.9998 10066.9998  1.24%  36.8   10s
 16034  8390 10158.9998   28   33 10192.9998 10087.9998  1.03%  40.9   15s
 23107 11633     cutoff   40      10192.9998 10090.9998  1.00%  42.2   20s
 29466 13530 10158.9998   28   59 10192.9998 10090.9998  1.00%  42.7   29s
 29474 13535 10114.7519   41   54 10192.9998 10090.9998  1.00%  42.7   30s
 29487 13544 10159.9998   61   48 10192.9998 10090.9998  1.00%  42.6   35s
 29499 13552 10134.9998   37   45 10192.9998 10090.9998  1.00%  42.6   40s
 29511 13560 10164.9998   37   61 10192.9998 10090.9998  1.00%  42.6   45s
 29524 13569 10110.9998   36   76 10192.9998 10090.9998  1.00%  42.6   50s
H29530 12893                    10192.999753 10090.9998  1.00%  42.6   53s
 29536 12897 10119.9998   32   76 10192.9998 10090.9998  1.00%  42.6   55s
 29564 12915 10159.9998   39   77 10192.9998 10090.9998  1.00%  42.5   60s
 29673 12985 10090.9998   33   40 10192.9998 10090.9998  1.00%  44.2   65s
H30585 12578                    10192.999603 10090.9998  1.00%  44.1   66s
 33816 13164 10139.0085   39   41 10192.9996 10090.9998  1.00%  44.1   70s
 40975 14524 10130.9998   44   41 10192.9996 10090.9998  1.00%  43.8   75s
 47616 14765     cutoff   42      10192.9996 10091.6092  0.99%  43.7   80s
 57652 15030 10147.9364   34   29 10192.9996 10107.4120  0.84%  43.1   85s
 66145 15425 10167.5656   38   57 10192.9996 10110.9998  0.80%  42.8   90s
 74093 17479 10164.9998   40   40 10192.9996 10124.9998  0.67%  42.9   95s
 82318 19740 10177.9998   54   24 10192.9996 10134.9998  0.57%  43.0  100s
 90374 22528 10159.8310   49   34 10192.9996 10134.9998  0.57%  42.6  105s
 99043 25290 10162.0433   55   33 10192.9996 10134.9998  0.57%  42.2  110s
 107622 27700 10134.9998   54   24 10192.9996 10134.9998  0.57%  42.0  115s
 115269 29969 10136.9468   48   28 10192.9996 10134.9998  0.57%  41.8  120s
 122714 31972 10184.1205   58   32 10192.9996 10135.0997  0.57%  41.8  125s
 132186 33603 10161.8303   49   33 10192.9996 10136.8415  0.55%  41.5  130s
 139760 34834 10185.9998   64   30 10192.9996 10137.3714  0.55%  41.5  135s
 146096 34667 10171.9998   45   23 10192.9996 10140.0837  0.52%  41.7  140s
 153012 35994 10145.7912   52   34 10192.9996 10143.9998  0.48%  41.8  145s
 159891 37971 infeasible   54      10192.9996 10143.9998  0.48%  41.7  150s
 167942 37826 infeasible   59      10192.9996 10148.3332  0.44%  41.6  155s
 174803 37401 10156.7672   53   27 10192.9996 10154.5418  0.38%  41.8  160s
 181315 38214     cutoff   58      10192.9996 10154.9998  0.37%  41.8  165s
 189024 37807 infeasible   50      10192.9996 10158.0904  0.34%  41.5  170s
 194495 38038     cutoff   37      10192.9996 10158.9998  0.33%  41.7  175s
 199788 38146 10180.5405   58   36 10192.9996 10158.9998  0.33%  41.9  180s

Cutting planes:
  Learned: 1
  Gomory: 62
  Cover: 699
  Implied bound: 35
  Projected implied bound: 3
  Clique: 5
  MIR: 244
  StrongCG: 10
  Flow cover: 1036
  GUB cover: 48
  Inf proof: 22
  Zero half: 99
  Network: 1
  RLT: 60
  Relax-and-lift: 36

Explored 201302 nodes (8453249 simplex iterations) in 180.55 seconds (204.82 work units)
Thread count was 8 (of 8 available processors)

Solution count 10: 10193 10193 10193 ... 10463

Solve interrupted
Best objective 1.019299960348e+04, best bound 1.015899983474e+04, gap 0.3336%

User-callback calls 451444, time in user-callback 0.86 sec

Statistics for modelBBKS_BWT:
  Linear constraint matrix    : 10189 Constrs, 4381 Vars, 42483 NZs
  Variable types              : 1762 Continuous,
2619 Integer (444 Binary)
  Matrix coefficient range    : [ 1, 200 ]
  Objective coefficient range : [ 1, 382 ]
  Variable bound range        : [ 1, 199 ]
  RHS coefficient range       : [ 1, 549 ]

Gurobi 10.0.1 (mac64[arm]) logging started Sun Apr  7 23:24:49 2024

Set parameter LogFile to value "/Users/deniserings/Documents/zib/s-bahn-data/scripts/DeniseMA/processed/BBKS_BWT/Branching/BBKS_BWT_random3_subMBP202404072240.log"
Gurobi Optimizer version 10.0.1 build v10.0.1rc0 (mac64[arm])

CPU model: Apple M2
Thread count: 8 physical cores, 8 logical processors, using up to 8 threads

Optimize a model with 10179 rows, 4381 columns and 42473 nonzeros
Model fingerprint: 0x7a512704
Variable types: 1762 continuous, 2619 integer (444 binary)
Coefficient statistics:
  Matrix range     [1e+00, 2e+02]
  Objective range  [1e+00, 4e+02]
  Bounds range     [1e+00, 2e+02]
  RHS range        [1e+00, 5e+02]

Loaded user MIP start with objective 10495

Presolve removed 4042 rows and 1422 columns
Presolve time: 0.09s
Presolved: 6137 rows, 2959 columns, 27882 nonzeros
Found heuristic solution: objective 10494.999826
Variable types: 1013 continuous, 1946 integer (1946 binary)

Root relaxation: objective 9.096170e+03, 1499 iterations, 0.01 seconds (0.02 work units)

    Nodes    |    Current Node    |     Objective Bounds      |     Work
 Expl Unexpl |  Obj  Depth IntInf | Incumbent    BestBd   Gap | It/Node Time

     0     0 9096.17040    0   79 10494.9998 9096.17040  13.3%     -    0s
     0     0 9116.50509    0  180 10494.9998 9116.50509  13.1%     -    0s
     0     0 9116.50509    0  165 10494.9998 9116.50509  13.1%     -    0s
     0     0 9141.62757    0  214 10494.9998 9141.62757  12.9%     -    0s
     0     0 9170.50760    0  196 10494.9998 9170.50760  12.6%     -    0s
     0     0 9170.50760    0  192 10494.9998 9170.50760  12.6%     -    0s
     0     0 9259.24206    0  161 10494.9998 9259.24206  11.8%     -    0s
     0     0 9259.34345    0  143 10494.9998 9259.34345  11.8%     -    0s
     0     0 9259.34345    0  139 10494.9998 9259.34345  11.8%     -    0s
     0     0 9293.03350    0  171 10494.9998 9293.03350  11.5%     -    0s
     0     0 9294.09896    0  148 10494.9998 9294.09896  11.4%     -    0s
     0     0 9297.62059    0  140 10494.9998 9297.62059  11.4%     -    0s
     0     0 9297.62059    0  145 10494.9998 9297.62059  11.4%     -    0s
     0     0 9297.91037    0  181 10494.9998 9297.91037  11.4%     -    0s
     0     0 9297.91037    0  159 10494.9998 9297.91037  11.4%     -    0s
     0     0 9298.08999    0  153 10494.9998 9298.08999  11.4%     -    0s
     0     0 9298.10254    0  143 10494.9998 9298.10254  11.4%     -    0s
     0     0 9299.29426    0  145 10494.9998 9299.29426  11.4%     -    0s
     0     0 9299.31478    0  122 10494.9998 9299.31478  11.4%     -    0s
     0     0 9299.33838    0  119 10494.9998 9299.33838  11.4%     -    0s
     0     0 9299.39753    0  113 10494.9998 9299.39753  11.4%     -    0s
     0     0 9299.41749    0  112 10494.9998 9299.41749  11.4%     -    0s
     0     0 9299.41749    0  134 10494.9998 9299.41749  11.4%     -    0s
     0     0 9299.41749    0  117 10494.9998 9299.41749  11.4%     -    0s
     0     0 9299.41749    0  122 10494.9998 9299.41749  11.4%     -    1s
     0     0 9299.41749    0   53 10494.9998 9299.41749  11.4%     -    1s
     0     2 9299.41749    0   51 10494.9998 9299.41749  11.4%     -    1s
H   52    56                    9935.9998264 9329.17780  6.11%   132    1s
H  115    97                    9933.9998264 9329.17780  6.09%  77.5    1s
H  123   104                    9933.9998203 9329.17780  6.09%  74.8    1s
H  373   278                    9922.9998264 9329.29233  5.98%  45.5    1s
H  406   302                    9918.9998264 9329.29233  5.95%  45.1    1s
*  639   474              71    9897.9998264 9335.87456  5.68%  37.8    2s
  1510  1036 9859.99983   15  103 9897.99983 9359.08559  5.44%  30.1    5s
H 1520   989                    9897.9996788 9363.72709  5.40%  30.0    6s
H 1557   960                    9897.9996162 9395.40220  5.08%  43.3    6s
* 3202  1327              79    9880.9998264 9411.72566  4.75%  40.1    9s
H 3523  1226                    9868.9998264 9411.72566  4.63%  39.9    9s
  3687  1329 9838.35825   44   42 9868.99983 9429.87174  4.45%  39.8   10s
H 4577  1616                    9867.9998264 9445.87573  4.28%  40.0   10s
H 8962  3426                    9867.9997938 9532.31426  3.40%  42.1   14s
  9896  3813     cutoff   62      9867.99979 9548.03303  3.24%  42.5   15s
H10436  4025                    9867.9997287 9561.37857  3.11%  42.8   15s
H11801  4390                    9867.9994290 9594.40561  2.77%  43.1   16s
H15907  5782                    9867.9993636 9630.56286  2.41%  42.9   19s
 16241  6351 9744.18987   26   98 9867.99936 9635.38725  2.36%  42.9   20s
 23681 10632 9791.04956   38  100 9867.99936 9660.58490  2.10%  41.9   25s
 29357 13372 9797.99983   44   50 9867.99936 9678.00338  1.93%  41.8   35s
 31403 18014 9791.99983   43   39 9867.99936 9678.34779  1.92%  41.6   40s
 44276 22151 infeasible   34      9867.99936 9700.04956  1.70%  41.8   45s
 52014 26380 9761.01830   41   63 9867.99936 9708.00445  1.62%  42.7   50s
 59576 30467 9714.61430   31   94 9867.99936 9709.84790  1.60%  43.9   55s
 66966 34506 9833.99983   46   59 9867.99936 9712.20352  1.58%  44.3   60s
 74597 38396 9837.99983   48   61 9867.99936 9714.90891  1.55%  44.5   65s
 82207 42107 9807.99983   43   56 9867.99936 9722.68065  1.47%  44.9   70s
 89355 45327 9779.01830   33   76 9867.99936 9726.35225  1.44%  45.3   75s
 97363 49672 9818.99982   50   68 9867.99936 9728.01830  1.42%  45.7   80s
 104619 53089 infeasible   38      9867.99936 9728.03924  1.42%  45.9   85s
 112726 56780 9783.99983   42   33 9867.99936 9730.00233  1.40%  45.8   90s
 119817 60188 9777.03924   35   52 9867.99936 9731.01368  1.39%  45.9   95s
 127858 64268 9847.99983   48   66 9867.99936 9732.99983  1.37%  46.0  100s
 135659 68381 9823.02195   41   57 9867.99936 9734.00445  1.36%  45.9  105s
 142718 71211 infeasible   35      9867.99936 9735.36088  1.34%  45.9  110s
 150930 75370 9827.99983   55   64 9867.99936 9735.99983  1.34%  45.7  115s
 158316 78977 9813.70447   36   50 9867.99936 9738.20352  1.32%  45.7  120s
 164493 82087 9812.04177   36   35 9867.99936 9741.04956  1.29%  45.8  125s
 171965 85479 9774.99983   42   53 9867.99936 9741.04956  1.29%  46.2  130s
 178821 88514 9837.99983   49   39 9867.99936 9741.18267  1.29%  46.4  135s
 185662 91888 9841.60876   47   46 9867.99936 9743.03924  1.27%  46.6  140s
 194079 95239 9774.99983   35   31 9867.99936 9743.20967  1.26%  46.5  145s
 200244 98711 9809.99983   47   63 9867.99936 9744.46487  1.25%  46.5  150s
 208225 103420 9831.71411   36   25 9867.99936 9744.73864  1.25%  46.5  155s
 216155 106891 9840.99982   47   34 9867.99936 9744.73864  1.25%  46.3  160s
 222389 109738 9842.99983   44   47 9867.99936 9744.99982  1.25%  46.3  165s
 229420 113209 infeasible   37      9867.99936 9746.01404  1.24%  46.3  170s
 237156 116910 9806.05033   46   62 9867.99936 9746.49983  1.23%  46.3  175s
 243591 120531 9785.99983   45   50 9867.99936 9746.49983  1.23%  46.5  180s
 251267 124449 9785.99983   46   71 9867.99936 9747.51040  1.22%  46.5  185s
 257755 127357 9852.99983   46   59 9867.99936 9747.99983  1.22%  46.4  190s
 265439 131299 9779.71411   41   52 9867.99936 9748.59526  1.21%  46.5  195s
 272337 134610 infeasible   52      9867.99936 9750.01663  1.20%  46.4  200s
 279916 138074 9854.99983   46   27 9867.99936 9751.00979  1.19%  46.5  205s
 286974 141185     cutoff   49      9867.99936 9752.77029  1.17%  46.5  210s
 295037 144795 9753.09387   41   46 9867.99936 9752.99983  1.17%  46.3  215s
 302194 147978 9842.43233   58   24 9867.99936 9754.99983  1.15%  46.3  220s
 309299 151333 9830.07996   58   53 9867.99936 9757.85736  1.12%  46.4  225s
 316081 154152     cutoff   45      9867.99936 9759.53983  1.10%  46.5  230s
 322854 156600 9836.99983   41   36 9867.99936 9759.73408  1.10%  46.4  235s
 329679 159829     cutoff   52      9867.99936 9760.28554  1.09%  46.4  240s
 336886 163297 9823.99983   44   37 9867.99936 9761.00856  1.08%  46.5  245s
 342229 165480 9781.01830   44   61 9867.99936 9761.01404  1.08%  46.6  250s
 348030 168110 9825.01375   45   69 9867.99936 9761.01830  1.08%  46.8  255s
 354036 170674 9836.99983   38   19 9867.99936 9761.01830  1.08%  47.0  260s
 361449 173826 9762.74983   41   38 9867.99936 9761.01830  1.08%  47.2  265s
 366631 175820 9805.01300   49   61 9867.99936 9761.03139  1.08%  47.2  270s
 373986 178809 9848.59684   44   49 9867.99936 9761.10629  1.08%  47.3  276s
 380307 181519     cutoff   49      9867.99936 9761.26967  1.08%  47.2  280s
 387575 184692 9855.99983   41   31 9867.99936 9761.99983  1.07%  47.3  285s
 393519 187604 9762.73864   37   40 9867.99936 9762.46487  1.07%  47.4  290s
 399200 190639 9833.02142   41   25 9867.99936 9762.55746  1.07%  47.4  295s
 405948 193410 9836.48536   47   45 9867.99936 9762.74983  1.07%  47.4  300s
 413538 196432 9775.03310   42   45 9867.99936 9762.76228  1.07%  47.4  305s
 419288 199191 infeasible   46      9867.99936 9762.99982  1.06%  47.4  310s
 426817 202462 9835.99983   42   40 9867.99936 9763.04330  1.06%  47.5  315s
 433730 205198 9844.99982   41   67 9867.99936 9763.32840  1.06%  47.5  321s
 441343 208109 9796.99983   43   68 9867.99936 9763.71411  1.06%  47.5  325s
 447507 210657 9810.98884   55   43 9867.99936 9764.46487  1.05%  47.5  330s
 454692 214155 9786.07674   42   43 9867.99936 9764.57868  1.05%  47.6  335s
 461084 216804 infeasible   49      9867.99936 9764.99982  1.04%  47.6  340s
 469061 219952     cutoff   58      9867.99936 9765.11814  1.04%  47.6  345s
 476421 222961 infeasible   49      9867.99936 9765.99983  1.03%  47.6  350s
 482643 225619 9837.99983   43   33 9867.99936 9765.99983  1.03%  47.5  355s
 489754 228847 9847.99982   64   42 9867.99936 9765.99983  1.03%  47.5  360s
 497201 231897 9814.39296   58   73 9867.99936 9765.99983  1.03%  47.5  365s
 503524 234578 9860.83656   48   35 9867.99936 9765.99983  1.03%  47.5  370s
 511464 237826 9768.11373   42   39 9867.99936 9765.99983  1.03%  47.5  375s
 517289 240568 9838.01090   53   24 9867.99936 9765.99983  1.03%  47.5  380s
 524833 244100 infeasible   51      9867.99936 9765.99983  1.03%  47.5  385s
 531156 246803 9853.99983   53   29 9867.99936 9765.99983  1.03%  47.5  390s
 538425 250084 9837.99983   65   34 9867.99936 9765.99983  1.03%  47.5  395s
 545680 252994 9765.99983   39   31 9867.99936 9765.99983  1.03%  47.5  400s
 551811 255505 9833.99983   41   26 9867.99936 9765.99983  1.03%  47.5  405s
 559130 258844 9851.99983   40   17 9867.99936 9765.99983  1.03%  47.5  410s
 566686 262058 9833.99983   41   25 9867.99936 9765.99983  1.03%  47.6  415s
 573025 265074 9809.99983   52   46 9867.99936 9765.99983  1.03%  47.6  420s
 578896 267868     cutoff   54      9867.99936 9765.99983  1.03%  47.6  425s
 586720 271161 infeasible   62      9867.99936 9765.99983  1.03%  47.6  430s
 593347 274082 9854.99983   54   28 9867.99936 9765.99983  1.03%  47.6  435s
 599132 276771 infeasible   42      9867.99936 9765.99983  1.03%  47.7  440s
 606284 279994 9840.60876   60   48 9867.99936 9765.99983  1.03%  47.7  445s
 612454 282845 9785.99983   45   39 9867.99936 9765.99983  1.03%  47.7  450s
 620358 286426 9837.49481   53   33 9867.99936 9765.99983  1.03%  47.7  455s
H621454 286426                    9867.9993624 9765.99983  1.03%  47.7  455s
 625789 288720 9805.99983   49   37 9867.99936 9765.99983  1.03%  47.7  460s
 633060 291926 9837.99983   47   30 9867.99936 9765.99983  1.03%  47.7  465s
 639168 294711     cutoff   46      9867.99936 9765.99983  1.03%  47.8  470s
 646557 298106 9848.19076   62   42 9867.99936 9765.99983  1.03%  47.8  475s
 652780 300957 9785.99983   40   67 9867.99936 9765.99983  1.03%  47.8  480s
 660334 304433 9845.99983   57   42 9867.99936 9765.99983  1.03%  47.8  485s
 667956 307776 infeasible   65      9867.99936 9765.99983  1.03%  47.7  490s
 674593 310339 9836.99983   45   25 9867.99936 9766.02221  1.03%  47.7  495s
 681173 312633 9785.99983   41   38 9867.99936 9766.09966  1.03%  47.7  500s
 688978 315424 9836.99983   43   32 9867.99936 9766.09966  1.03%  47.6  505s
 695847 318315     cutoff   52      9867.99936 9766.09966  1.03%  47.6  510s
 704021 321420 9836.99983   51   32 9867.99936 9766.10539  1.03%  47.5  515s
 711310 324083 9841.04330   47   35 9867.99936 9766.17695  1.03%  47.5  520s
 717339 326366 9841.16188   44   45 9867.99936 9766.22205  1.03%  47.5  525s
 724923 329031     cutoff   50      9867.99936 9766.27255  1.03%  47.4  530s
 731511 331781 9783.99983   43   50 9867.99936 9766.42995  1.03%  47.4  535s
 738802 335132 9854.99983   64   26 9867.99936 9766.57996  1.03%  47.4  540s
 746216 338086 9788.98884   46   47 9867.99936 9766.91914  1.02%  47.4  545s
 751959 340164     cutoff   52      9867.99936 9767.03924  1.02%  47.4  550s
 757887 342311 9851.99983   44   36 9867.99936 9767.26047  1.02%  47.4  555s
 766027 345226 9828.01887   57   35 9867.99936 9767.88296  1.01%  47.4  560s
 771741 347120 9819.99983   60   21 9867.99936 9767.99983  1.01%  47.5  565s
 779176 349641 9837.99983   41   36 9867.99936 9768.02006  1.01%  47.5  570s
 785534 351688 9837.99983   43   25 9867.99936 9768.07996  1.01%  47.4  575s
 791904 353970 9836.99983   44   30 9867.99936 9768.08983  1.01%  47.4  580s
 799532 356864 9850.79321   54   17 9867.99936 9768.11373  1.01%  47.4  585s
 807040 359262 9862.99983   67   29 9867.99936 9768.13483  1.01%  47.3  590s
 814399 361843 9856.05569   53   22 9867.99936 9768.22001  1.01%  47.2  595s
 821109 364523 infeasible   54      9867.99936 9768.48814  1.01%  47.2  600s

Cutting planes:
  Learned: 8
  Gomory: 92
  Cover: 731
  Implied bound: 89
  Projected implied bound: 6
  Clique: 11
  MIR: 305
  StrongCG: 27
  Flow cover: 1053
  GUB cover: 15
  Inf proof: 22
  Zero half: 25
  Network: 5
  RLT: 56
  Relax-and-lift: 35

Explored 824249 nodes (38941382 simplex iterations) in 601.86 seconds (703.45 work units)
Thread count was 8 (of 8 available processors)

Solution count 10: 9868 9868 9868 ... 9898

Solve interrupted
Best objective 9.867999362431e+03, best bound 9.768719110078e+03, gap 1.0061%

User-callback calls 1764097, time in user-callback 3.29 sec

Statistics for modelBBKS_BWT:
  Linear constraint matrix    : 10179 Constrs, 4381 Vars, 42473 NZs
  Variable types              : 1762 Continuous,
2619 Integer (444 Binary)
  Matrix coefficient range    : [ 1, 200 ]
  Objective coefficient range : [ 1, 382 ]
  Variable bound range        : [ 1, 199 ]
  RHS coefficient range       : [ 1, 549 ]
