
Gurobi 10.0.1 (mac64[arm]) logging started Sun Apr  7 22:55:23 2024

Set parameter LogFile to value "/Users/deniserings/Documents/zib/s-bahn-data/scripts/DeniseMA/processed/BBKS_BWT/Branching/BBKS_BWT_random1_subMBP202404072240.log"
Gurobi Optimizer version 10.0.1 build v10.0.1rc0 (mac64[arm])

CPU model: Apple M2
Thread count: 8 physical cores, 8 logical processors, using up to 8 threads

Optimize a model with 10189 rows, 4381 columns and 42483 nonzeros
Model fingerprint: 0x5e9f4291
Variable types: 1762 continuous, 2619 integer (444 binary)
Coefficient statistics:
  Matrix range     [1e+00, 2e+02]
  Objective range  [1e+00, 4e+02]
  Bounds range     [1e+00, 2e+02]
  RHS range        [1e+00, 5e+02]

Loaded user MIP start with objective 10495

Presolve removed 4298 rows and 1574 columns
Presolve time: 0.08s
Presolved: 5891 rows, 2807 columns, 26626 nonzeros
Found heuristic solution: objective 10494.999849
Variable types: 964 continuous, 1843 integer (1843 binary)

Root relaxation: objective 9.438031e+03, 1379 iterations, 0.01 seconds (0.02 work units)

    Nodes    |    Current Node    |     Objective Bounds      |     Work
 Expl Unexpl |  Obj  Depth IntInf | Incumbent    BestBd   Gap | It/Node Time

     0     0 9438.03100    0   64 10494.9998 9438.03100  10.1%     -    0s
     0     0 9477.01681    0  151 10494.9998 9477.01681  9.70%     -    0s
     0     0 9485.54311    0  153 10494.9998 9485.54311  9.62%     -    0s
     0     0 9486.53540    0  139 10494.9998 9486.53540  9.61%     -    0s
     0     0 9486.58620    0  139 10494.9998 9486.58620  9.61%     -    0s
     0     0 9486.68275    0  139 10494.9998 9486.68275  9.61%     -    0s
     0     0 9535.91036    0  141 10494.9998 9535.91036  9.14%     -    0s
     0     0 9536.42902    0  122 10494.9998 9536.42902  9.13%     -    0s
     0     0 9536.42902    0  132 10494.9998 9536.42902  9.13%     -    0s
     0     0 9595.79617    0  166 10494.9998 9595.79617  8.57%     -    0s
     0     0 9596.54610    0  143 10494.9998 9596.54610  8.56%     -    0s
     0     0 9596.98220    0  155 10494.9998 9596.98220  8.56%     -    0s
     0     0 9598.23779    0  146 10494.9998 9598.23779  8.54%     -    0s
     0     0 9599.17520    0  158 10494.9998 9599.17520  8.54%     -    0s
     0     0 9599.17520    0  159 10494.9998 9599.17520  8.54%     -    0s
     0     0 9602.79907    0  153 10494.9998 9602.79907  8.50%     -    0s
     0     0 9607.90092    0  118 10494.9998 9607.90092  8.45%     -    0s
     0     0 9611.28090    0  123 10494.9998 9611.28090  8.42%     -    0s
     0     0 9613.01153    0  107 10494.9998 9613.01153  8.40%     -    0s
     0     0 9613.01153    0  102 10494.9998 9613.01153  8.40%     -    0s
     0     0 9614.75495    0  120 10494.9998 9614.75495  8.39%     -    0s
     0     0 9614.75495    0  104 10494.9998 9614.75495  8.39%     -    0s
     0     0 9616.42161    0  111 10494.9998 9616.42161  8.37%     -    0s
     0     0 9616.42161    0  109 10494.9998 9616.42161  8.37%     -    0s
     0     0 9616.42161    0  103 10494.9998 9616.42161  8.37%     -    0s
H    0     0                    10492.999849 9616.42161  8.35%     -    0s
     0     0 9616.42161    0   87 10492.9998 9616.42161  8.35%     -    0s
     0     0 9616.42161    0   39 10492.9998 9616.42161  8.35%     -    0s
     0     0 9616.42161    0   43 10492.9998 9616.42161  8.35%     -    1s
     0     0 9616.42161    0   50 10492.9998 9616.42161  8.35%     -    1s
     0     0 9616.42161    0   75 10492.9998 9616.42161  8.35%     -    1s
     0     0 9616.42161    0   60 10492.9998 9616.42161  8.35%     -    1s
     0     0 9616.42161    0   59 10492.9998 9616.42161  8.35%     -    1s
     0     2 9634.55576    0   52 10492.9998 9634.55576  8.18%     -    1s
H   32    30                    10462.999849 9704.07827  7.25%   106    1s
H  366   263                    10207.999846 9713.28623  4.85%  33.7    1s
H  378   269                    10207.999817 9714.50618  4.83%  33.2    1s
* 1277   691              48    10199.999849 9911.99984  2.82%  23.8    2s
H 1287   696                    10199.998851 9911.99984  2.82%  23.7    2s
H 1533   837                    10192.999849 9927.99985  2.60%  22.8    2s
  1717   948 10090.9998   28   46 10192.9998 10033.0496  1.57%  29.6    5s
H 2221  1060                    10192.999817 10033.0496  1.57%  31.6    5s
H 3212  1407                    10192.999784 10033.0496  1.57%  32.8    6s
  8936  4659 10168.9998   44   40 10192.9998 10067.9998  1.23%  37.1   10s
 16885  8650 10136.5879   44   38 10192.9998 10088.0414  1.03%  40.8   15s
 25700 12593     cutoff   37      10192.9998 10090.9998  1.00%  42.4   20s
 29466 13530 10158.9998   28   59 10192.9998 10090.9998  1.00%  42.7   26s
 29480 13539 10158.9998   35   58 10192.9998 10090.9998  1.00%  42.6   30s
 29494 13549 10134.9998   37   61 10192.9998 10090.9998  1.00%  42.6   35s
 29507 13557 10162.9998   30   65 10192.9998 10090.9998  1.00%  42.6   40s
 29519 13565 10179.9998   34   48 10192.9998 10090.9998  1.00%  42.6   45s
H29530 12893                    10192.999753 10090.9998  1.00%  42.6   49s
 29532 12894 10156.9998   28   65 10192.9998 10090.9998  1.00%  42.6   50s
 29555 12909 10134.9998   36   53 10192.9998 10090.9998  1.00%  42.5   55s
 29595 12936 10162.3217   35   65 10192.9998 10090.9998  1.00%  42.5   60s
H30585 12578                    10192.999603 10090.9998  1.00%  44.1   62s
 32862 13095 10172.9637   43   49 10192.9996 10090.9998  1.00%  44.2   65s
 39974 14374 10159.9522   42   20 10192.9996 10090.9998  1.00%  43.8   70s
 47616 14765     cutoff   42      10192.9996 10091.6092  0.99%  43.7   75s
 58524 15168 10159.9998   53   35 10192.9996 10110.9998  0.80%  43.0   80s
 67057 15473 infeasible   52      10192.9996 10112.2131  0.79%  42.7   85s
 75959 17971     cutoff   47      10192.9996 10128.9998  0.63%  42.9   90s
 84837 20720 10162.0433   48   17 10192.9996 10134.9998  0.57%  42.9   95s
 93003 23447 10161.1275   56   27 10192.9996 10134.9998  0.57%  42.5  100s
 101837 26091     cutoff   46      10192.9996 10134.9998  0.57%  42.1  105s
 110157 28541 10171.7672   55   28 10192.9996 10134.9998  0.57%  41.9  110s
 119030 31093 10179.9998   49   40 10192.9996 10134.9998  0.57%  41.8  115s
 128100 33123 10178.9998   54   19 10192.9996 10135.9998  0.56%  41.6  120s
 135987 34519     cutoff   61      10192.9996 10136.9998  0.55%  41.5  125s
 142726 34827     cutoff   64      10192.9996 10138.4308  0.54%  41.5  130s
 150329 34996 10183.9998   58   30 10192.9996 10143.9998  0.48%  41.9  135s
 158459 37593 10164.9998   52   26 10192.9996 10143.9998  0.48%  41.7  140s
 166874 37882     cutoff   58      10192.9996 10146.9998  0.45%  41.6  145s
 173520 37255     cutoff   51      10192.9996 10152.9998  0.39%  41.9  150s
 181315 38214     cutoff   58      10192.9996 10154.9998  0.37%  41.8  155s
 189024 37807 infeasible   50      10192.9996 10158.0904  0.34%  41.5  160s
 194495 38038     cutoff   37      10192.9996 10158.9998  0.33%  41.7  165s
 199788 38146 10180.5405   58   36 10192.9996 10158.9998  0.33%  41.9  170s
 207429 38363 10160.5216   39   15 10192.9996 10158.9998  0.33%  42.1  176s
 212224 38225 10160.4129   42   17 10192.9996 10158.9998  0.33%  42.2  182s

Cutting planes:
  Learned: 1
  Gomory: 62
  Cover: 725
  Implied bound: 37
  Projected implied bound: 3
  Clique: 5
  MIR: 252
  StrongCG: 10
  Flow cover: 1069
  GUB cover: 48
  Inf proof: 22
  Zero half: 101
  Network: 1
  RLT: 61
  Relax-and-lift: 37

Explored 215590 nodes (9123144 simplex iterations) in 182.22 seconds (219.35 work units)
Thread count was 8 (of 8 available processors)

Solution count 10: 10193 10193 10193 ... 10463

Solve interrupted
Best objective 1.019299960348e+04, best bound 1.015899983474e+04, gap 0.3336%

User-callback calls 476315, time in user-callback 0.88 sec

Statistics for modelBBKS_BWT:
  Linear constraint matrix    : 10189 Constrs, 4381 Vars, 42483 NZs
  Variable types              : 1762 Continuous,
2619 Integer (444 Binary)
  Matrix coefficient range    : [ 1, 200 ]
  Objective coefficient range : [ 1, 382 ]
  Variable bound range        : [ 1, 199 ]
  RHS coefficient range       : [ 1, 549 ]

Gurobi 10.0.1 (mac64[arm]) logging started Sun Apr  7 22:58:26 2024

Set parameter LogFile to value "/Users/deniserings/Documents/zib/s-bahn-data/scripts/DeniseMA/processed/BBKS_BWT/Branching/BBKS_BWT_random1_subMBP202404072240.log"
Gurobi Optimizer version 10.0.1 build v10.0.1rc0 (mac64[arm])

CPU model: Apple M2
Thread count: 8 physical cores, 8 logical processors, using up to 8 threads

Optimize a model with 10179 rows, 4381 columns and 42473 nonzeros
Model fingerprint: 0xb882a254
Variable types: 1762 continuous, 2619 integer (444 binary)
Coefficient statistics:
  Matrix range     [1e+00, 2e+02]
  Objective range  [1e+00, 4e+02]
  Bounds range     [1e+00, 2e+02]
  RHS range        [1e+00, 5e+02]

Loaded user MIP start with objective 10495

Presolve removed 3923 rows and 1321 columns
Presolve time: 0.10s
Presolved: 6256 rows, 3060 columns, 30490 nonzeros
Found heuristic solution: objective 10494.999266
Variable types: 1030 continuous, 2030 integer (2030 binary)

Root relaxation: objective 9.096170e+03, 1743 iterations, 0.02 seconds (0.02 work units)

    Nodes    |    Current Node    |     Objective Bounds      |     Work
 Expl Unexpl |  Obj  Depth IntInf | Incumbent    BestBd   Gap | It/Node Time

     0     0 9096.16984    0   89 10494.9993 9096.16984  13.3%     -    0s
     0     0 9104.54734    0  222 10494.9993 9104.54734  13.2%     -    0s
     0     0 9104.54734    0  223 10494.9993 9104.54734  13.2%     -    0s
     0     0 9104.57144    0  212 10494.9993 9104.57144  13.2%     -    0s
     0     0 9104.60383    0  210 10494.9993 9104.60383  13.2%     -    0s
     0     0 9104.60674    0  210 10494.9993 9104.60674  13.2%     -    0s
     0     0 9129.31528    0  203 10494.9993 9129.31528  13.0%     -    0s
     0     0 9129.45906    0  182 10494.9993 9129.45906  13.0%     -    0s
     0     0 9130.25101    0  244 10494.9993 9130.25101  13.0%     -    0s
     0     0 9130.58832    0  221 10494.9993 9130.58832  13.0%     -    0s
     0     0 9130.63175    0  220 10494.9993 9130.63175  13.0%     -    0s
     0     0 9130.67099    0  223 10494.9993 9130.67099  13.0%     -    0s
     0     0 9130.67099    0  223 10494.9993 9130.67099  13.0%     -    0s
H    0     0                    10494.999217 9130.67099  13.0%     -    0s
     0     0 9132.07677    0  205 10494.9992 9132.07677  13.0%     -    0s
     0     0 9132.29784    0  197 10494.9992 9132.29784  13.0%     -    0s
     0     0 9132.29784    0  192 10494.9992 9132.29784  13.0%     -    0s
     0     0 9133.85596    0  176 10494.9992 9133.85596  13.0%     -    0s
     0     0 9134.25936    0  176 10494.9992 9134.25936  13.0%     -    0s
     0     0 9134.27949    0  181 10494.9992 9134.27949  13.0%     -    0s
     0     0 9134.28167    0  183 10494.9992 9134.28167  13.0%     -    0s
     0     0 9134.81243    0  203 10494.9992 9134.81243  13.0%     -    0s
H    0     0                    10494.999143 9134.81243  13.0%     -    0s
     0     0 9134.82308    0  220 10494.9991 9134.82308  13.0%     -    0s
     0     0 9134.83453    0  238 10494.9991 9134.83453  13.0%     -    0s
     0     0 9134.83453    0  233 10494.9991 9134.83453  13.0%     -    0s
     0     0 9135.00599    0  214 10494.9991 9135.00599  13.0%     -    0s
     0     0 9135.00713    0  220 10494.9991 9135.00713  13.0%     -    0s
     0     0 9135.69032    0  209 10494.9991 9135.69032  13.0%     -    0s
     0     0 9135.71315    0  230 10494.9991 9135.71315  13.0%     -    0s
     0     0 9135.71729    0  223 10494.9991 9135.71729  13.0%     -    0s
     0     0 9135.71898    0  203 10494.9991 9135.71898  13.0%     -    0s
     0     0 9135.71961    0  210 10494.9991 9135.71961  13.0%     -    0s
     0     0 9135.74300    0  213 10494.9991 9135.74300  13.0%     -    1s
     0     0 9135.74300    0  147 10494.9991 9135.74300  13.0%     -    1s
     0     2 9135.74300    0  134 10494.9991 9135.74300  13.0%     -    1s
  1542  1197 9216.30259   17  149 10494.9991 9194.45317  12.4%  39.5    5s
H 1735  1220                    10476.999187 9194.45317  12.2%  40.3    5s
H 1898  1235                    10476.999158 9194.45317  12.2%  39.6    6s
H 1902  1181                    10476.999146 9194.45317  12.2%  39.5    6s
H 2936  1564                    10476.998934 9217.20986  12.0%  37.8    7s
H 3955  1999                    10471.999187 9223.49688  11.9%  38.6    7s
H 4693  1552                    10139.999257 9228.37630  8.99%  41.2    8s
H 4851  1656                    10139.999172 9242.15747  8.85%  41.8    9s
H 4903  1656                    10139.999155 9245.17812  8.82%  42.2    9s
  5845  2281 9975.50224   31   72 10139.9992 9252.65468  8.75%  42.8   10s
H 6031  2329                    10134.999261 9252.72522  8.71%  43.0   10s
H 6053  2228                    10119.999261 9252.72522  8.57%  42.9   10s
H 6237  2332                    10110.999259 9253.50049  8.48%  43.3   10s
H 7313  3072                    10108.999265 9253.50049  8.46%  43.7   11s
H 7331  3070                    10108.999257 9253.50049  8.46%  43.7   11s
H 7810  3247                    10098.999259 9290.15956  8.01%  43.4   12s
H 7815  1757                    9874.9992605 9290.15956  5.92%  43.5   12s
H 8374  1934                    9874.9992589 9308.11828  5.74%  44.7   12s
H 8386  1931                    9874.9992571 9329.64226  5.52%  44.7   12s
H 8394  1931                    9874.9991853 9330.39820  5.51%  44.7   12s
H 8397  1931                    9874.9991576 9330.39820  5.51%  44.8   12s
H 8413  1931                    9874.9991104 9330.39820  5.51%  44.9   12s
H 9482  2599                    9870.9992609 9351.03776  5.27%  45.4   13s
H 9505  2597                    9870.9991627 9351.03776  5.27%  45.4   13s
H 9531  2597                    9870.9990973 9351.03776  5.27%  45.3   13s
 10892  3327 9686.90224   28   71 9870.99910 9395.42631  4.82%  45.8   15s
 15912  5430 9850.58605   72   73 9870.99910 9458.72579  4.18%  48.9   20s
 21507  7992 9686.90224   29   78 9870.99910 9558.87926  3.16%  51.7   25s
 26773 10354 infeasible   27      9870.99910 9610.14282  2.64%  52.8   30s
 29469 11776 9840.13781   49   86 9870.99910 9613.21262  2.61%  52.9   38s
 31208 12402 9845.99926   63   66 9870.99910 9623.21802  2.51%  53.1   40s
 37958 16187 9836.37895   40   96 9870.99910 9636.90624  2.37%  54.3   45s
 44037 19613 infeasible   60      9870.99910 9648.90224  2.25%  54.4   50s
 51481 23787 9705.01001   33   83 9870.99910 9654.83544  2.19%  54.1   55s
 58358 27908 9707.04572   33   74 9870.99910 9658.90224  2.15%  54.0   60s
 65142 32055 9774.04572   41   59 9870.99910 9664.56558  2.09%  53.6   65s
H67128 32821                    9870.9990562 9666.13574  2.08%  53.4   66s
H67717 32904                    9867.9991875 9666.93260  2.04%  53.5   67s
H68981 33844                    9867.9991196 9668.01347  2.03%  53.5   68s
H69637 33844                    9867.9991132 9668.40830  2.02%  53.5   68s
 71553 35371 infeasible   53      9867.99911 9670.83544  2.00%  53.4   70s
 78922 39940 9856.99926   68   45 9867.99911 9672.83544  1.98%  52.8   75s
 86496 44342 9731.32955   41   77 9867.99911 9677.41021  1.93%  52.6   80s
 93819 48881 9705.04572   39   47 9867.99911 9680.41020  1.90%  52.5   85s
 100563 52728 9685.04572   34   70 9867.99911 9683.90223  1.87%  52.4   90s
 107034 56641 9785.99926   50   71 9867.99911 9685.04571  1.85%  52.3   95s
H107639 56641                    9867.9990777 9685.04571  1.85%  52.3   95s
H107759 56641                    9867.9990535 9685.04571  1.85%  52.3   95s
 113721 61244     cutoff   68      9867.99905 9685.04572  1.85%  52.2  100s
 120763 65518 9685.04572   37   77 9867.99905 9685.04572  1.85%  52.0  105s
 128288 69838 9859.39202   46   52 9867.99905 9685.04572  1.85%  51.7  110s
 135626 74575 9743.04571   37   81 9867.99905 9685.04572  1.85%  51.6  115s
 141673 78528 9860.99926   64   71 9867.99905 9685.04572  1.85%  51.4  120s
 149379 83604     cutoff   45      9867.99905 9685.04572  1.85%  51.1  125s
 157162 88253 9821.97058  100   37 9867.99905 9685.04572  1.85%  50.7  130s
 164829 93251 infeasible   59      9867.99905 9685.04572  1.85%  50.2  135s
 172185 97586 9831.30968   83   34 9867.99905 9685.04572  1.85%  50.0  140s
 179705 102407 9838.64150   63   49 9867.99905 9685.04572  1.85%  49.8  145s
 187437 106948 9763.55025   46   79 9867.99905 9685.04572  1.85%  49.7  150s
 194772 111133 9743.04560   50   62 9867.99905 9685.04572  1.85%  49.6  155s
 201171 114658 9827.99926   62   39 9867.99905 9685.04572  1.85%  49.6  160s
 208455 119053 infeasible   65      9867.99905 9685.04572  1.85%  49.6  165s
H211848 120358                    9867.9989137 9685.04572  1.85%  49.5  167s
 215537 122886 9793.09623   47   90 9867.99891 9685.04572  1.85%  49.5  170s
 222214 126923 9787.76187   58   42 9867.99891 9685.04572  1.85%  49.4  175s
H226479 128954                    9867.9988656 9685.04572  1.85%  49.3  178s
 227906 130400 9838.05053   53   90 9867.99887 9685.04572  1.85%  49.3  180s
H228048 130400                    9867.9988587 9685.04572  1.85%  49.3  180s
 235553 134720 9839.99926   69   41 9867.99886 9685.04572  1.85%  49.2  185s
 242268 138639 9727.04561   41   62 9867.99886 9685.04573  1.85%  49.2  190s
 250148 143154 9840.04573   53   60 9867.99886 9685.05847  1.85%  49.1  195s
 256729 146744 9830.17603   72   57 9867.99886 9685.08156  1.85%  49.0  200s
 263463 150199 9763.04572   49   69 9867.99886 9685.24522  1.85%  49.0  205s
 269308 153932 9685.55378   33   66 9867.99886 9685.55378  1.85%  49.0  210s
H272428 155031                    9867.9988573 9685.55378  1.85%  48.9  211s
 276979 158485 9766.04572   49   59 9867.99886 9685.55378  1.85%  48.8  215s
 283347 162124 9726.32542   37   63 9867.99886 9685.55379  1.85%  48.6  220s
 291498 166829 infeasible   59      9867.99886 9685.55379  1.85%  48.5  225s
 298692 170852 9830.99926   65   52 9867.99886 9685.55379  1.85%  48.4  230s
 306318 175231 9810.04572   52   97 9867.99886 9685.72315  1.85%  48.3  235s
 313435 179333 9861.99925   67   52 9867.99886 9686.34845  1.84%  48.3  240s
 319593 182789 infeasible   40      9867.99886 9686.83544  1.84%  48.2  245s
 326568 187139 9823.99926   41   56 9867.99886 9686.90224  1.84%  48.3  250s
 333160 191292     cutoff   61      9867.99886 9687.04560  1.83%  48.2  255s
 340478 195103 9687.04572   34   72 9867.99886 9687.04572  1.83%  48.2  260s
H340775 195103                    9867.9988451 9687.04572  1.83%  48.2  260s
 347722 199793 9789.99926   47   65 9867.99885 9687.04572  1.83%  48.0  265s
H350794 200961                    9867.9988394 9687.04572  1.83%  48.0  267s
 354737 204133 9858.99926   56   35 9867.99884 9687.05379  1.83%  48.0  270s
 361440 207737 9771.04573   46   59 9867.99884 9687.41021  1.83%  47.9  275s
 368404 212150 9846.01615   68   76 9867.99884 9687.70089  1.83%  47.8  280s
 376142 216318 9796.53224   40   70 9867.99884 9687.75898  1.83%  47.8  285s
 382309 220078 infeasible   36      9867.99884 9688.04571  1.82%  47.8  290s
 390190 224410 9768.99926   56   74 9867.99884 9688.04572  1.82%  47.8  295s
 397538 228525     cutoff   53      9867.99884 9688.04572  1.82%  47.8  300s
 403742 232377 9766.14645   35   61 9867.99884 9688.04572  1.82%  47.8  305s
 411378 236801 9784.04572   47   66 9867.99884 9688.04572  1.82%  47.8  310s
 417503 240669 9756.04572   41   50 9867.99884 9688.04572  1.82%  47.8  315s
 425067 245303 infeasible   32      9867.99884 9688.04572  1.82%  47.7  320s
 431191 248459 9756.04573   33   70 9867.99884 9688.04572  1.82%  47.8  325s
 437749 252532 9797.99926   56   60 9867.99884 9688.04572  1.82%  47.7  330s
 445631 256853 9805.99926   53   44 9867.99884 9688.04573  1.82%  47.7  335s
 453081 260742 infeasible   57      9867.99884 9688.04573  1.82%  47.7  340s
 460605 264673 9782.41770   47   61 9867.99884 9688.04573  1.82%  47.7  345s
 467662 268648 infeasible   51      9867.99884 9688.04573  1.82%  47.7  350s
 475118 272583 9708.04573   43   74 9867.99884 9688.04573  1.82%  47.7  355s
 481578 275881 9826.36831   44   66 9867.99884 9688.04573  1.82%  47.7  360s
 488829 279364 9831.04572   38   55 9867.99884 9688.04573  1.82%  47.8  365s
 495085 282749 9831.99926   49   63 9867.99884 9688.04573  1.82%  47.8  370s
 502402 286582 9866.99926   64   77 9867.99884 9688.04573  1.82%  47.8  375s
 508900 290529 9822.99926   48   64 9867.99884 9688.04573  1.82%  47.9  380s
 515749 294240 9862.99926   48   36 9867.99884 9688.04573  1.82%  47.9  385s
 522179 297541 infeasible   64      9867.99884 9688.04573  1.82%  47.9  390s
 530323 301114 9822.04572   51   76 9867.99884 9688.04588  1.82%  47.9  395s
 536416 304618 infeasible   69      9867.99884 9688.14376  1.82%  47.9  400s
 542022 307427 9748.00401   41   77 9867.99884 9688.28132  1.82%  47.9  405s
 549503 311386 9761.04572   34   74 9867.99884 9688.60495  1.82%  48.0  410s
 555896 314810 9755.95751   45   61 9867.99884 9688.87331  1.82%  48.0  415s
 562065 318433 9790.43282   45   83 9867.99884 9689.04572  1.81%  48.0  420s
 569633 322628     cutoff   53      9867.99884 9689.07575  1.81%  48.0  425s
 575172 325798 9750.05679   42   65 9867.99884 9689.31103  1.81%  48.0  430s
 581743 329124 9821.99926   53   49 9867.99884 9689.72314  1.81%  48.1  435s
 587697 332662 9743.04560   50   64 9867.99884 9689.99925  1.80%  48.1  440s
 595216 336849 9790.14644   51   81 9867.99884 9690.04572  1.80%  48.1  445s
 601103 339656 9839.11120   55   70 9867.99884 9690.06533  1.80%  48.2  450s
 606685 342885 9806.31120   74   91 9867.99884 9690.43102  1.80%  48.2  455s
 614236 346943 infeasible   59      9867.99884 9690.78497  1.80%  48.3  460s
 620460 350091 9804.01001   55   76 9867.99884 9691.05680  1.79%  48.3  465s
 626808 353313 9783.99926   41   44 9867.99884 9691.54841  1.79%  48.3  470s
 634098 357335     cutoff   57      9867.99884 9692.04572  1.78%  48.4  475s
 640415 360979 infeasible   48      9867.99884 9692.04573  1.78%  48.4  480s
 646967 364400 9837.99926   52   52 9867.99884 9692.04573  1.78%  48.4  485s
 653234 367802 9769.99926   38   51 9867.99884 9692.29686  1.78%  48.4  490s
 660367 371343 9695.77828   37   71 9867.99884 9692.70089  1.78%  48.5  495s
 665459 374573 9837.30229   54   60 9867.99884 9693.04571  1.77%  48.5  500s
 672114 378470 9694.86062   46   66 9867.99884 9693.04572  1.77%  48.5  505s
 679116 382698 9866.99926   80   62 9867.99884 9693.04572  1.77%  48.5  510s
 685667 386554 9861.99926   58   50 9867.99884 9693.04572  1.77%  48.5  515s
H688147 387293                    9867.9987914 9693.04572  1.77%  48.5  516s
 691416 389970     cutoff   45      9867.99879 9693.04572  1.77%  48.5  520s
 697726 393186 9833.06541   85   67 9867.99879 9693.04572  1.77%  48.5  525s
 703948 396664 infeasible   57      9867.99879 9693.10130  1.77%  48.5  530s
 711361 400189 9837.31969   58   74 9867.99879 9693.32928  1.77%  48.6  535s
 717516 403648 9756.04572   40   59 9867.99879 9693.59514  1.77%  48.6  540s
 723623 406792 9807.04573   40   48 9867.99879 9693.92346  1.76%  48.7  545s
 729326 410107 9834.99926   59   66 9867.99879 9694.04572  1.76%  48.7  550s
 736030 413853 9762.04572   42   61 9867.99879 9694.04572  1.76%  48.7  555s
 742686 417903     cutoff   66      9867.99879 9694.04572  1.76%  48.7  560s
 750201 422089 9841.04571   47   72 9867.99879 9694.04572  1.76%  48.7  565s
 756324 425881 9714.04572   44   63 9867.99879 9694.04572  1.76%  48.7  570s
 762020 429157 9850.99927   69   52 9867.99879 9694.04573  1.76%  48.7  575s
 768504 432479 9852.99926   68   35 9867.99879 9694.08156  1.76%  48.7  580s
 775487 436438 infeasible   70      9867.99879 9694.34411  1.76%  48.7  585s
 781652 439667 infeasible   34      9867.99879 9694.64102  1.76%  48.8  590s
 787667 442927 9763.04572   45   70 9867.99879 9694.93808  1.75%  48.8  595s
 793528 446282 9848.99926   55   56 9867.99879 9695.04572  1.75%  48.8  601s
 799270 449583 9821.58632   61   67 9867.99879 9695.23205  1.75%  48.9  605s

Cutting planes:
  Learned: 15
  Gomory: 140
  Cover: 919
  Implied bound: 120
  Projected implied bound: 5
  Clique: 14
  MIR: 223
  StrongCG: 19
  Flow cover: 594
  GUB cover: 14
  Inf proof: 22
  Zero half: 8
  Mod-K: 2
  Network: 5
  RLT: 95
  Relax-and-lift: 40

Explored 803968 nodes (39296372 simplex iterations) in 608.82 seconds (755.44 work units)
Thread count was 8 (of 8 available processors)

Solution count 10: 9868 9868 9868 ... 9868

Solve interrupted
Best objective 9.867998789582e+03, best bound 9.695410204199e+03, gap 1.7490%

User-callback calls 1752563, time in user-callback 3.38 sec

Statistics for modelBBKS_BWT:
  Linear constraint matrix    : 10179 Constrs, 4381 Vars, 42473 NZs
  Variable types              : 1762 Continuous,
2619 Integer (444 Binary)
  Matrix coefficient range    : [ 1, 200 ]
  Objective coefficient range : [ 1, 382 ]
  Variable bound range        : [ 1, 199 ]
  RHS coefficient range       : [ 1, 549 ]
