
Gurobi 10.0.1 (mac64[arm]) logging started Sat Mar 30 01:18:00 2024

Set parameter LogFile to value "/Users/deniserings/Documents/zib/s-bahn-data/scripts/DeniseMA/processed/BPKW_BKRW_BSNF_O/RINS/BPKW_BKRW_BSNF_O_202403292026_other alternatives_0.6.log"
Gurobi Optimizer version 10.0.1 build v10.0.1rc0 (mac64[arm])

CPU model: Apple M2
Thread count: 8 physical cores, 8 logical processors, using up to 8 threads

Optimize a model with 4432 rows, 2168 columns and 16367 nonzeros
Model fingerprint: 0x477437d7
Variable types: 838 continuous, 1330 integer (358 binary)
Coefficient statistics:
  Matrix range     [1e+00, 4e+02]
  Objective range  [1e+00, 4e+02]
  Bounds range     [1e+00, 2e+02]
  RHS range        [1e+00, 1e+04]

User MIP start did not produce a new incumbent solution
User MIP start violates constraint objective_cutoff by 97.980000000

Presolve removed 2212 rows and 872 columns
Presolve time: 0.04s
Presolved: 2220 rows, 1296 columns, 9209 nonzeros
Variable types: 441 continuous, 855 integer (855 binary)

Root relaxation: objective 8.790000e+03, 829 iterations, 0.01 seconds (0.01 work units)
Another try with MIP start

    Nodes    |    Current Node    |     Objective Bounds      |     Work
 Expl Unexpl |  Obj  Depth IntInf | Incumbent    BestBd   Gap | It/Node Time

     0     0 8790.00000    0   50          - 8790.00000      -     -    0s
     0     0 8790.71572    0   77          - 8790.71572      -     -    0s
     0     0 8800.36434    0   69          - 8800.36434      -     -    0s
     0     0 8821.00000    0   88          - 8821.00000      -     -    0s
     0     0 8826.95030    0  102          - 8826.95030      -     -    0s
     0     0 8826.95030    0  116          - 8826.95030      -     -    0s
     0     0 8845.59264    0   98          - 8845.59264      -     -    0s
     0     0 8850.18523    0   90          - 8850.18523      -     -    0s
     0     0 8850.18523    0   95          - 8850.18523      -     -    0s
     0     0 8850.18523    0  150          - 8850.18523      -     -    0s
     0     0 8850.18523    0  120          - 8850.18523      -     -    0s
     0     0 8850.29440    0  149          - 8850.29440      -     -    0s
     0     0 8850.29440    0  151          - 8850.29440      -     -    0s
     0     0 8853.00841    0  112          - 8853.00841      -     -    0s
     0     0 8853.02106    0  114          - 8853.02106      -     -    0s
     0     0 8927.36434    0  115          - 8927.36434      -     -    0s
     0     0 8927.36434    0  118          - 8927.36434      -     -    0s
     0     0 8927.36434    0   97          - 8927.36434      -     -    0s
     0     0 8927.36434    0  105          - 8927.36434      -     -    0s
     0     0 8941.07143    0   62          - 8941.07143      -     -    0s
     0     0 8941.07143    0   64          - 8941.07143      -     -    0s
     0     0 8941.07143    0   52          - 8941.07143      -     -    0s
     0     0 8941.07143    0   62          - 8941.07143      -     -    0s
     0     0 8941.07143    0   82          - 8941.07143      -     -    0s
     0     0 8941.07143    0   81          - 8941.07143      -     -    0s
     0     0 8941.07143    0   63          - 8941.07143      -     -    0s
     0     0 8941.07143    0   60          - 8941.07143      -     -    0s
     0     2 8941.07143    0   56          - 8941.07143      -     -    0s
 24419 18562 9243.57143   38   46          - 8987.57143      -  13.3    5s
 29593 22051 9658.80323   52   95          - 9150.32268      -  13.3   10s
 43519 28469 infeasible   52               - 9245.96000      -  15.4   15s
 72441 40838 9453.53419   53   59          - 9270.00000      -  17.6   20s
 92109 48928 9501.73059   58   41          - 9270.00000      -  21.0   25s
 108783 60052 9648.00000   75   34          - 9270.00000      -  22.2   30s
 135485 79718 9598.00000   73   36          - 9270.00000      -  22.6   35s
 161900 96866 9280.29505   49   32          - 9271.56295      -  23.3   40s
 183788 113108 9309.96349   40   22          - 9272.00000      -  23.5   45s
 208434 130143 9623.00000   68   16          - 9273.06227      -  23.7   50s
 234458 148379 9416.02198   45   90          - 9274.24998      -  23.8   55s
 267459 171614 9613.77703   50   19          - 9276.11553      -  23.6   60s
 294223 191000 9426.58517   45   90          - 9276.99998      -  23.7   65s
 318518 208497 9500.69658   58   36          - 9277.04600      -  23.8   70s
 346798 227591 9516.45729   54   45          - 9278.88345      -  23.6   75s
 374046 246012 9425.16844   49   84          - 9280.14760      -  23.5   80s
 409018 270345 9407.02077   39   83          - 9281.99431      -  23.2   85s
 440878 291757 9344.00000   45   41          - 9283.87104      -  22.9   90s
 477959 316734 9473.30909   66   37          - 9286.47200      -  22.5   95s
 510099 339765 9288.38283   38   91          - 9288.30527      -  22.3  100s
 542231 362142 9505.00000   58   43          - 9290.00000      -  22.2  105s
 569361 380187 9589.63262   47   59          - 9290.33844      -  22.1  110s
 600549 403820 9430.00000   57   52          - 9292.00000      -  22.0  115s
 639266 430596 infeasible   60               - 9292.53943      -  21.7  120s
 670433 452800 9294.72674   56   39          - 9293.83638      -  21.5  125s
 706745 478433 9653.00000   58   27          - 9294.99998      -  21.3  130s
 738736 500103 9435.91712   49   54          - 9296.29435      -  21.2  135s
 773784 523885 9579.14414   71   21          - 9297.32741      -  21.1  140s
 804183 545228 9557.13161   59   35          - 9298.40809      -  21.0  145s
 839763 571624 9436.26263   58   33          - 9298.99998      -  20.8  150s
 871473 592304 infeasible   67               - 9300.09450      -  20.7  155s
 905953 616455 9430.71241   61   69          - 9301.49285      -  20.6  160s
 942927 641645 9404.00000   56   29          - 9302.85532      -  20.4  165s
 970588 660316 9346.64270   52   72          - 9303.43216      -  20.5  170s
 995637 677481 9405.26166   46   41          - 9303.95768      -  20.5  175s
 1028300 700838 9671.09684   53   50          - 9304.05245      -  20.5  180s
 1064329 724645 9410.15237   52   48          - 9305.08167      -  20.4  185s
 1088441 741027 9594.00000   62    9          - 9305.57002      -  20.4  190s
 1124971 764618 9548.05130   74   47          - 9306.60870      -  20.3  195s
 1158951 788373 9568.40015   65   52          - 9307.54970      -  20.2  200s
 1195474 812960 9442.53000   49   22          - 9308.52422      -  20.1  205s
 1225122 834225 9313.55354   58   78          - 9309.67445      -  20.1  210s
 1256174 856955 9542.60000   63   16          - 9309.96349      -  20.1  215s
 1292448 882329 9495.92009   67   58          - 9310.20419      -  20.0  220s
 1326140 904252 9570.99750   59   42          - 9310.99750      -  20.0  225s
 1350815 922045 9653.20081   79   58          - 9311.00000      -  20.0  230s
 1384825 944994 9549.00000   63    7          - 9311.21869      -  20.0  235s
 1418566 968157 9500.83638   55   40          - 9311.67234      -  19.9  240s
 1452364 991416 9534.00000   73   39          - 9311.99999      -  19.9  245s
 1483787 1013596 9483.96349   42   34          - 9312.00000      -  19.8  250s
 1518509 1037548 9602.79000   67   26          - 9312.45985      -  19.8  255s
 1552121 1060631 infeasible   83               - 9312.96427      -  19.7  260s
 1584148 1082297 9460.05570   61   67          - 9313.44069      -  19.7  265s
 1617520 1104168 9495.83210   61   43          - 9313.99999      -  19.7  270s
 1645917 1123792 9569.58638   65   42          - 9314.27545      -  19.6  275s
 1680816 1147644 9435.34980   47   44          - 9314.99998      -  19.6  280s
 1709661 1167538 9548.49955   64   73          - 9315.41670      -  19.6  285s
 1742795 1190473 9322.99998   54   16          - 9316.00000      -  19.5  290s
 1775234 1212433 infeasible   76               - 9316.21487      -  19.5  295s
 1803084 1230998 9319.41442   58   35          - 9316.72866      -  19.5  300s
 1839719 1255353 9336.48927   46  103          - 9317.18135      -  19.5  305s
 1874062 1278993 9392.00000   59   20          - 9317.83414      -  19.4  310s
 1901881 1297072 9566.27000   66   13          - 9317.99998      -  19.4  315s
 1931127 1317793 9494.74170   54   20          - 9318.36694      -  19.5  320s
 1962972 1339137 9483.32224   56   52          - 9318.96040      -  19.4  325s
 2000695 1364555 9484.00000   60   13          - 9319.05573      -  19.4  330s
 2023947 1381127 9511.36310   63   27          - 9319.37338      -  19.4  335s
 2061538 1406467 9497.00000   73   22          - 9319.86936      -  19.3  340s
 2095892 1429714 9659.16502   59   71          - 9320.21917      -  19.3  345s
 2125766 1448962 9533.00000   57   51          - 9320.75319      -  19.3  350s
 2159875 1470909 9468.00000   46   10          - 9321.06911      -  19.3  355s
 2189135 1489648 9483.69000   62   16          - 9321.42545      -  19.3  360s
 2223258 1513239 9416.07586   55   90          - 9322.00000      -  19.2  365s
 2260122 1537691 9606.00000   61   34          - 9322.54505      -  19.2  370s
 2290734 1556865 9505.08989   69   30          - 9322.99998      -  19.2  375s
 2324825 1579665 9494.73783   47   46          - 9323.58677      -  19.1  380s
 2354140 1599530 infeasible   71               - 9323.80598      -  19.1  385s
 2389450 1623346 9486.01124   61   43          - 9324.03822      -  19.1  390s
 2425426 1647652 9561.39377   74   59          - 9324.57714      -  19.0  395s
 2446492 1666313 9576.53307   60   21          - 9324.98637      -  19.0  400s
 2483243 1686437 9360.25055   52  109          - 9325.56492      -  19.0  405s
 2517789 1709599 9451.88223   53   45          - 9326.05571      -  19.0  410s
 2542486 1724990 9571.15656   59   48          - 9326.22042      -  19.0  415s
 2577741 1748427 9416.34190   58   44          - 9326.83550      -  18.9  420s
 2615453 1773651 9368.59500   52   44          - 9327.16443      -  18.9  425s
 2651280 1798182 9473.60870   60   32          - 9327.76027      -  18.9  430s
 2678225 1815568 9393.49754   60   21          - 9327.99998      -  18.9  435s
 2713544 1839462 9468.00000   57   32          - 9328.36739      -  18.8  440s
 2747411 1862021 9387.85966   64   53          - 9328.78598      -  18.8  445s
 2778442 1883381 9548.78304   58   51          - 9328.98000      -  18.8  450s
 2815391 1907974 9496.42391   50   63          - 9329.28930      -  18.8  455s
 2851953 1931815 9475.34414   56   34          - 9329.57070      -  18.7  460s
 2884776 1953513 9505.44922   58   97          - 9329.97149      -  18.7  465s
 2908721 1970302 9472.00000   51   17          - 9330.10048      -  18.7  470s
 2941717 1992569 9377.94881   56   46          - 9330.39441      -  18.7  475s
 2966588 2009202 9558.40102   73   50          - 9330.69191      -  18.7  480s
 3002317 2033795 9567.00000   62   26          - 9330.99998      -  18.7  485s
 3033830 2052871 9632.22221   45   30          - 9331.00000      -  18.7  490s
 3067760 2076039 9467.85831   49   30          - 9331.24854      -  18.6  495s
 3095271 2094542 9386.77781   53   82          - 9331.62609      -  18.6  500s
 3128951 2117268 9415.83638   63   21          - 9331.81408      -  18.6  505s
 3159774 2137996 9475.50461   58   49          - 9332.02165      -  18.6  510s
 3185339 2154517 9612.36234   61   31          - 9332.33736      -  18.6  515s
 3220130 2177752 9622.00000   65   41          - 9332.90000      -  18.6  520s
 3251036 2199445 9603.00000   64   38          - 9332.90000      -  18.6  525s
 3280034 2217468 9606.00000   67   25          - 9333.00964      -  18.6  530s
 3314587 2240266 9533.83638   64   23          - 9333.26348      -  18.6  535s
 3344785 2259399 9335.00022   47   77          - 9333.76718      -  18.6  540s
 3376754 2281598 9593.97149   63   54          - 9334.00000      -  18.6  545s
 3409267 2302322 9458.73224   69   46          - 9334.04544      -  18.6  550s
 3446852 2327712 9650.22521   79   36          - 9334.40000      -  18.6  555s
 3475131 2345636 infeasible   47               - 9334.67637      -  18.6  560s
 3509965 2370584 9698.00000   81   47          - 9334.92373      -  18.6  565s
 3542021 2391836 9625.00000   71   31          - 9335.00000      -  18.6  570s
 3566728 2408451 9495.23000   52   27          - 9335.16242      -  18.6  575s
 3605573 2434134 9537.37307   68   48          - 9335.45991      -  18.6  580s
 3641312 2457723 9579.10778   80   18          - 9335.84451      -  18.6  585s
 3677121 2481890 9684.98913   84   26          - 9335.93111      -  18.5  590s
 3705275 2500686 9683.58487   72   51          - 9336.00000      -  18.5  595s
 3739126 2523751 9632.00000   44   42          - 9336.00000      -  18.6  600s

Cutting planes:
  Learned: 67
  Gomory: 269
  Cover: 35
  Implied bound: 30
  Projected implied bound: 2
  Clique: 6
  MIR: 51
  StrongCG: 2
  Flow cover: 169
  Zero half: 4
  Network: 1
  RLT: 24
  Relax-and-lift: 9

Explored 3739744 nodes (69431582 simplex iterations) in 600.13 seconds (761.50 work units)
Thread count was 8 (of 8 available processors)

Solution count 0

Solve interrupted
Best objective -, best bound 9.335999998927e+03, gap -

User-callback calls 7628003, time in user-callback 20.03 sec

Statistics for modelBPKW_BKRW_BSNF_O:
  Linear constraint matrix    : 4432 Constrs, 2168 Vars, 16367 NZs
  Variable types              : 838 Continuous,
1330 Integer (358 Binary)
  Matrix coefficient range    : [ 1, 368 ]
  Objective coefficient range : [ 1, 368 ]
  Variable bound range        : [ 1, 199 ]
  RHS coefficient range       : [ 1, 9700.02 ]
