
Gurobi 10.0.1 (mac64[arm]) logging started Sat Mar 30 00:57:59 2024

Set parameter LogFile to value "/Users/deniserings/Documents/zib/s-bahn-data/scripts/DeniseMA/processed/BPKW_BKRW_BSNF_O/RINS/BPKW_BKRW_BSNF_O_202403292026_other alternatives_0.9.log"
Gurobi Optimizer version 10.0.1 build v10.0.1rc0 (mac64[arm])

CPU model: Apple M2
Thread count: 8 physical cores, 8 logical processors, using up to 8 threads

Optimize a model with 4442 rows, 2168 columns and 16377 nonzeros
Model fingerprint: 0x77b476c1
Variable types: 838 continuous, 1330 integer (358 binary)
Coefficient statistics:
  Matrix range     [1e+00, 4e+02]
  Objective range  [1e+00, 4e+02]
  Bounds range     [1e+00, 2e+02]
  RHS range        [1e+00, 1e+04]

User MIP start did not produce a new incumbent solution
User MIP start violates constraint objective_cutoff by 97.980000000

Presolve removed 2262 rows and 892 columns
Presolve time: 0.03s
Presolved: 2180 rows, 1276 columns, 8946 nonzeros
Variable types: 433 continuous, 843 integer (843 binary)

Root relaxation: objective 8.790000e+03, 790 iterations, 0.01 seconds (0.01 work units)
Another try with MIP start

    Nodes    |    Current Node    |     Objective Bounds      |     Work
 Expl Unexpl |  Obj  Depth IntInf | Incumbent    BestBd   Gap | It/Node Time

     0     0 8790.00000    0   61          - 8790.00000      -     -    0s
     0     0 8790.71572    0  144          - 8790.71572      -     -    0s
     0     0 8790.71572    0  131          - 8790.71572      -     -    0s
     0     0 8810.51859    0  118          - 8810.51859      -     -    0s
     0     0 8810.51859    0  123          - 8810.51859      -     -    0s
     0     0 8814.81096    0   97          - 8814.81096      -     -    0s
     0     0 8818.32660    0  114          - 8818.32660      -     -    0s
     0     0 8818.32660    0  108          - 8818.32660      -     -    0s
     0     0 8841.51859    0  103          - 8841.51859      -     -    0s
     0     0 8841.51859    0  103          - 8841.51859      -     -    0s
     0     0 8841.51859    0   97          - 8841.51859      -     -    0s
     0     0 8841.51859    0   96          - 8841.51859      -     -    0s
     0     0 8846.18674    0  110          - 8846.18674      -     -    0s
     0     0 8856.93181    0  117          - 8856.93181      -     -    0s
     0     0 8857.18595    0  118          - 8857.18595      -     -    0s
     0     0 8857.18595    0  124          - 8857.18595      -     -    0s
     0     0 8858.32751    0  119          - 8858.32751      -     -    0s
     0     0 8858.32751    0  122          - 8858.32751      -     -    0s
     0     0 8866.15789    0  118          - 8866.15789      -     -    0s
     0     0 8866.15789    0  114          - 8866.15789      -     -    0s
     0     0 8866.15789    0  114          - 8866.15789      -     -    0s
     0     0 8866.15789    0  114          - 8866.15789      -     -    0s
     0     0 8881.65789    0   71          - 8881.65789      -     -    0s
     0     0 8881.65789    0   84          - 8881.65789      -     -    0s
     0     0 8891.21850    0   94          - 8891.21850      -     -    0s
     0     0 8891.21850    0   93          - 8891.21850      -     -    0s
     0     0 8891.21850    0  103          - 8891.21850      -     -    0s
     0     0 8891.21850    0  108          - 8891.21850      -     -    0s
     0     0 8891.21850    0   93          - 8891.21850      -     -    0s
     0     0 8891.21850    0   92          - 8891.21850      -     -    0s
     0     2 8891.21850    0   92          - 8891.21850      -     -    0s
 15269  9943 9637.90666   45   39          - 9272.73261      -  13.7    5s
 36616 24505 9549.65759   63   20          - 9287.76194      -  13.6   10s
 74079 47829 9611.59500   50   27          - 9296.94424      -  14.6   15s
 109931 69482 9553.25093   56   73          - 9308.00000      -  15.1   20s
 137468 85492 9541.55177   35   93          - 9314.46650      -  15.6   25s
 175397 107132 9639.59500   54   29          - 9325.42740      -  15.9   30s
 208948 126485 9611.00000   42   43          - 9331.36325      -  16.1   35s
 240830 143775 9549.03915   41   81          - 9336.74904      -  16.4   40s
 271576 160442 9440.72816   34   59          - 9341.00000      -  16.5   45s
 309215 180954 9413.46300   35   61          - 9345.79500      -  16.6   50s
 337021 195098 9621.46763   65   31          - 9348.79618      -  16.7   55s
 371974 213369 infeasible   68               - 9353.00000      -  16.8   60s
 395461 224586 9699.59500   70   32          - 9355.00000      -  17.0   65s
 426973 240434 9471.38000   39   54          - 9357.42814      -  17.2   70s
 461809 257348 9499.08531   42   57          - 9360.59440      -  17.2   75s
 491554 272078 9405.43048   50   55          - 9363.76000      -  17.3   80s
 523499 286936 9519.00000   51   48          - 9365.88889      -  17.3   85s
 554235 301344 9514.40000   57   39          - 9368.00000      -  17.3   90s
 587305 316029 9572.00000   62   21          - 9370.09581      -  17.3   95s
 617760 330519 9465.15389   53   56          - 9372.01845      -  17.3  100s
 644985 342848 9388.32051   58   50          - 9374.31151      -  17.4  105s
 678987 358434 9571.00000   45   44          - 9376.78193      -  17.4  110s
 707783 370472 9540.59324   57   21          - 9378.56194      -  17.4  115s
 739940 385152 9548.59500   54   30          - 9380.11844      -  17.5  120s
 774537 400158 9699.05951   50   44          - 9382.90000      -  17.4  125s
 803770 413553 9666.71000   59   32          - 9384.95008      -  17.5  130s
 832835 426789 9667.00000   40   27          - 9386.80988      -  17.5  135s
 867152 441491 infeasible   50               - 9388.59500      -  17.5  140s
 892859 453124 9442.54211   53   24          - 9389.94500      -  17.5  145s
 925457 466924 infeasible   56               - 9391.27885      -  17.5  150s
 959793 482252 9499.30929   39   55          - 9393.05022      -  17.5  155s
 987779 494421 9699.00000   47   17          - 9395.00000      -  17.5  160s
 1021816 508877 9683.32500   62   28          - 9396.81050      -  17.5  165s
 1054487 522837 9623.40000   54   40          - 9398.68908      -  17.5  170s
 1083590 534167 9580.51530   45   42          - 9400.27765      -  17.5  175s
 1114993 547727 9416.84688   47   54          - 9402.00000      -  17.5  180s
 1142460 558736 9518.59500   45   39          - 9403.11960      -  17.6  185s
 1174220 571088 9542.00000   41   16          - 9405.00000      -  17.6  190s
 1202555 582792 9696.94000   43   24          - 9406.68712      -  17.6  195s
 1233864 594888 9642.00000   49   42          - 9408.00000      -  17.6  200s
 1260933 606274 9466.11139   48   47          - 9409.58073      -  17.7  205s
 1293353 619311 9565.00000   45   21          - 9411.00000      -  17.7  210s
 1317922 629233 infeasible   48               - 9411.89907      -  17.7  215s
 1344780 638940 9587.00000   46   33          - 9413.00000      -  17.8  220s
 1369952 649045 infeasible   47               - 9414.39649      -  17.8  225s
 1399280 660547 9616.00000   55   44          - 9416.00000      -  17.8  230s
 1423594 669937 9635.00000   51   32          - 9417.29412      -  17.9  235s
 1453605 681256 infeasible   46               - 9418.77714      -  17.9  240s
 1479087 690293 infeasible   56               - 9420.00000      -  17.9  245s
 1508113 701496 9620.72323   46   47          - 9421.00000      -  17.9  250s
 1532570 711410 infeasible   65               - 9422.20000      -  18.0  255s
 1561026 721389 infeasible   59               - 9423.59500      -  18.0  260s
 1585189 730762 9548.00000   41   91          - 9424.78380      -  18.0  265s
 1610110 740311 9580.86000   42   65          - 9426.00000      -  18.0  270s
 1637244 749544 9540.94614   43   72          - 9427.52705      -  18.0  275s
 1660188 758324 9680.75276   55   85          - 9428.53043      -  18.0  280s
 1688053 768355 infeasible   53               - 9430.00000      -  18.1  285s
 1712341 776747 9644.00000   47   31          - 9431.00000      -  18.1  290s
 1738614 786162 infeasible   41               - 9432.40813      -  18.1  295s
 1766438 795904 infeasible   50               - 9433.02509      -  18.1  300s
 1791116 804272 9583.17933   48   42          - 9434.26994      -  18.2  305s
 1814298 812402 9607.00191   50   32          - 9435.67045      -  18.2  310s
 1839760 819834 infeasible   48               - 9437.07618      -  18.3  315s
 1860851 826363 9640.59500   53   41          - 9438.59499      -  18.3  320s
 1884421 832524 infeasible   57               - 9440.00000      -  18.4  325s
 1903569 836443 infeasible   48               - 9441.54136      -  18.5  330s
 1926341 841588 9565.16536   45   45          - 9443.00000      -  18.6  335s
 1945696 846891 9668.29000   45   24          - 9444.49857      -  18.7  340s
 1967461 851544 9698.00000   50   35          - 9446.00000      -  18.7  345s
 1986061 855295 9572.80393   43   58          - 9447.68132      -  18.8  350s
 2007608 859866 infeasible   63               - 9449.15326      -  18.9  355s
 2031722 865414 9613.35383   52   26          - 9450.85131      -  19.0  360s
 2050260 868755 infeasible   57               - 9452.07618      -  19.0  365s
 2074633 874402 9531.59500   50   31          - 9453.59500      -  19.1  370s
 2092956 878000 infeasible   48               - 9455.00000      -  19.2  375s
 2118041 883118 infeasible   46               - 9457.00191      -  19.2  380s
 2140454 888762 9578.59500   39   38          - 9458.59500      -  19.3  385s
 2165494 893947 infeasible   45               - 9460.22332      -  19.4  390s
 2188443 899772 9646.90646   47   70          - 9461.79003      -  19.4  395s
 2215631 906037 9699.59500   60   27          - 9463.59500      -  19.4  400s
 2240137 911342 9699.38028   51   43          - 9465.05862      -  19.5  405s
 2264618 917462 infeasible   55               - 9466.70318      -  19.5  410s
 2288927 922992 infeasible   55               - 9468.35586      -  19.6  415s
 2311740 927315 9666.00191   52   41          - 9470.01190      -  19.6  420s
 2337680 933598 infeasible   62               - 9471.83970      -  19.7  425s
 2359377 938011 9593.59500   46   38          - 9473.39649      -  19.7  430s
 2385833 944617 9540.94536   58   50          - 9475.00000      -  19.8  435s
 2411534 949856 infeasible   57               - 9476.84127      -  19.8  440s
 2432211 954668 infeasible   52               - 9478.00000      -  19.9  445s
 2458084 960100 infeasible   57               - 9479.86000      -  19.9  450s
 2482284 965393 9483.23646   43   54          - 9481.59500      -  19.9  455s
 2506466 970019 9557.29374   43   52          - 9483.02265      -  20.0  460s
 2528214 974498 infeasible   65               - 9484.59500      -  20.0  465s
 2553886 980098 infeasible   55               - 9486.41315      -  20.1  470s
 2579638 984744 9663.06450   53   17          - 9488.06316      -  20.1  475s
 2601484 989647 9634.59500   61   32          - 9489.49274      -  20.1  480s
 2627438 995825 infeasible   46               - 9490.83626      -  20.1  485s
 2654859 1002171 9577.61968   61   53          - 9492.12508      -  20.2  490s
 2675546 1006540 9694.59500   56   30          - 9493.59500      -  20.2  495s
 2700348 1010442 9675.39649   46   37          - 9495.05763      -  20.2  500s
 2725431 1015979 9496.80486   43   78          - 9496.74588      -  20.3  505s
 2747671 1020228 infeasible   46               - 9498.00000      -  20.3  510s
 2773806 1025372 infeasible   56               - 9499.54286      -  20.3  515s
 2794924 1028767 infeasible   63               - 9500.78404      -  20.4  520s
 2820879 1033598 9682.94536   42   51          - 9502.21000      -  20.4  525s
 2843402 1037300 9669.94536   53   40          - 9504.00000      -  20.4  530s
 2867585 1041771 infeasible   49               - 9505.26576      -  20.4  535s
 2892436 1045619 9644.65700   41   71          - 9506.79500      -  20.5  540s
 2912434 1048765 9622.27430   51   57          - 9507.99383      -  20.5  545s
 2937902 1053253 infeasible   49               - 9509.29429      -  20.5  550s
 2963751 1060860 9552.79500   37   56          - 9510.25636      -  20.5  555s
 2984793 1064520 9639.39649   41   63          - 9511.64163      -  20.6  560s
 3010359 1069294 9535.34671   50   69          - 9513.00000      -  20.6  565s
 3036706 1075098 9590.49110   37   72          - 9514.01846      -  20.6  570s
 3059932 1078598 infeasible   39               - 9515.40249      -  20.6  575s
 3080399 1082870 9578.59500   57   28          - 9516.59500      -  20.6  580s
 3106548 1088009 infeasible   48               - 9517.85915      -  20.6  585s
 3131970 1092124 infeasible   53               - 9519.00000      -  20.7  590s
 3152230 1095387 9648.11317   43   60          - 9520.21405      -  20.7  595s
 3179768 1101529 infeasible   39               - 9521.15500      -  20.7  600s

Cutting planes:
  Learned: 62
  Gomory: 114
  Cover: 183
  Implied bound: 18
  Clique: 7
  MIR: 167
  StrongCG: 13
  Flow cover: 767
  Inf proof: 6
  Zero half: 3
  Network: 5
  RLT: 16
  Relax-and-lift: 12

Explored 3180827 nodes (65833700 simplex iterations) in 600.13 seconds (792.65 work units)
Thread count was 8 (of 8 available processors)

Solution count 0

Solve interrupted
Best objective -, best bound 9.521277654761e+03, gap -

User-callback calls 6502449, time in user-callback 16.80 sec

Statistics for modelBPKW_BKRW_BSNF_O:
  Linear constraint matrix    : 4442 Constrs, 2168 Vars, 16377 NZs
  Variable types              : 838 Continuous,
1330 Integer (358 Binary)
  Matrix coefficient range    : [ 1, 368 ]
  Objective coefficient range : [ 1, 368 ]
  Variable bound range        : [ 1, 199 ]
  RHS coefficient range       : [ 1, 9700.02 ]
