
Gurobi 10.0.1 (mac64[arm]) logging started Sat Mar 30 01:08:00 2024

Set parameter LogFile to value "/Users/deniserings/Documents/zib/s-bahn-data/scripts/DeniseMA/processed/BPKW_BKRW_BSNF_O/RINS/BPKW_BKRW_BSNF_O_202403292026_slack_0.9.log"
Gurobi Optimizer version 10.0.1 build v10.0.1rc0 (mac64[arm])

CPU model: Apple M2
Thread count: 8 physical cores, 8 logical processors, using up to 8 threads

Optimize a model with 4441 rows, 2168 columns and 16376 nonzeros
Model fingerprint: 0x335eac69
Variable types: 838 continuous, 1330 integer (358 binary)
Coefficient statistics:
  Matrix range     [1e+00, 4e+02]
  Objective range  [1e+00, 4e+02]
  Bounds range     [1e+00, 2e+02]
  RHS range        [1e+00, 1e+04]

User MIP start did not produce a new incumbent solution
User MIP start violates constraint objective_cutoff by 97.980000000

Presolve removed 2274 rows and 902 columns
Presolve time: 0.04s
Presolved: 2167 rows, 1266 columns, 8901 nonzeros
Variable types: 429 continuous, 837 integer (837 binary)

Root relaxation: objective 8.790000e+03, 687 iterations, 0.01 seconds (0.01 work units)

    Nodes    |    Current Node    |     Objective Bounds      |     Work
 Expl Unexpl |  Obj  Depth IntInf | Incumbent    BestBd   Gap | It/Node Time

     0     0 8790.00000    0   69          - 8790.00000      -     -    0s
Another try with MIP start
     0     0 8790.00000    0  136          - 8790.00000      -     -    0s
     0     0 8790.00000    0  141          - 8790.00000      -     -    0s
     0     0 8917.51810    0   56          - 8917.51810      -     -    0s
     0     0 8917.51810    0   56          - 8917.51810      -     -    0s
     0     0 8917.51810    0   71          - 8917.51810      -     -    0s
     0     0 8917.51810    0   81          - 8917.51810      -     -    0s
     0     0 8917.51810    0   76          - 8917.51810      -     -    0s
     0     0 8922.57941    0  136          - 8922.57941      -     -    0s
     0     0 8922.57941    0  140          - 8922.57941      -     -    0s
     0     0 8925.37513    0  112          - 8925.37513      -     -    0s
     0     0 8925.37513    0  132          - 8925.37513      -     -    0s
     0     0 8925.37513    0  167          - 8925.37513      -     -    0s
     0     0 8925.46723    0  122          - 8925.46723      -     -    0s
     0     0 8925.46723    0  117          - 8925.46723      -     -    0s
     0     0 8925.55056    0   59          - 8925.55056      -     -    0s
     0     0 8925.55056    0  106          - 8925.55056      -     -    0s
     0     0 8925.55056    0   95          - 8925.55056      -     -    0s
     0     0 8925.55056    0   76          - 8925.55056      -     -    0s
     0     0 8926.55056    0   64          - 8926.55056      -     -    0s
     0     0 8926.55056    0   76          - 8926.55056      -     -    0s
     0     0 8926.57474    0   78          - 8926.57474      -     -    0s
     0     0 8926.57474    0   89          - 8926.57474      -     -    0s
     0     0 8926.57474    0   91          - 8926.57474      -     -    0s
     0     0 8926.57474    0   57          - 8926.57474      -     -    0s
     0     2 8926.57474    0   57          - 8926.57474      -     -    0s
  4978  2440 infeasible   55               - 9195.40798      -  17.1    5s
 29513 18563 9539.00000   61   15          - 9256.17328      -  16.9   11s
 52037 32074 9447.32626   39   79          - 9274.51500      -  17.3   15s
 82804 48784 infeasible   49               - 9293.73641      -  17.6   20s
 116001 67473 9524.97599   42   29          - 9304.29521      -  17.4   25s
 146888 83523 9395.01538   47   40          - 9314.00000      -  17.4   30s
 183651 102880 9491.60265   43   48          - 9322.05405      -  17.3   35s
 213027 117677 9669.00000   49   18          - 9331.00000      -  17.7   40s
 240050 130114 9462.00000   40   48          - 9337.00000      -  18.0   45s
 275364 148372 9534.45926   62   24          - 9341.00000      -  18.0   50s
 307312 164223 9646.00000   54   16          - 9345.00000      -  18.0   55s
 333026 176552 9347.00000   45   26          - 9347.00000      -  18.0   60s
 364698 192104 9668.19715   62   38          - 9350.53333      -  18.2   65s
 398961 207481 infeasible   63               - 9354.87575      -  18.1   70s
 430903 222244 infeasible   37               - 9357.33472      -  18.0   75s
 457199 234167 9563.54386   40   57          - 9359.62517      -  18.1   80s
 493253 251070 infeasible   49               - 9362.39568      -  17.9   85s
 522250 262969 9457.21287   39   78          - 9366.00000      -  17.9   90s
 553090 277621 9584.57899   47   68          - 9369.00595      -  18.0   95s
 581580 289849 9587.51208   59   83          - 9371.81207      -  17.9  100s
 614095 303815 9662.62000   62   17          - 9374.35705      -  17.9  105s
 643646 316853 9521.29158   47   47          - 9377.09104      -  17.9  110s
 669417 327623 9481.59239   35   69          - 9379.82071      -  18.0  115s
 704107 342591 9587.58427   45   27          - 9382.82819      -  17.9  120s
 739551 356990 9677.40348   58   53          - 9385.66417      -  17.9  125s
 763808 367273 9405.00000   54   29          - 9387.94372      -  17.9  130s
 798089 381197 9533.70071   60   52          - 9390.66667      -  18.0  135s
 825421 392213 9430.93352   43   92          - 9392.95521      -  18.0  140s
 857975 404808 infeasible   52               - 9395.03732      -  18.0  145s
 882801 414963 9476.00000   60   43          - 9397.11282      -  18.0  150s
 916390 428125 9454.21109   47   76          - 9399.73246      -  18.0  155s
 948866 440478 9601.17986   42   42          - 9402.17986      -  18.0  160s
 971876 451108 9606.00000   49   27          - 9404.00000      -  18.1  165s
 1005473 461016 9618.33333   45   65          - 9406.64681      -  18.1  170s
 1037878 472945 9686.73038   50   62          - 9409.00000      -  18.2  175s
 1064691 482854 9616.27185   52   50          - 9411.67064      -  18.2  180s
 1097126 493845 infeasible   45               - 9414.50052      -  18.2  185s
 1124733 503845 infeasible   61               - 9417.00000      -  18.2  190s
 1157874 515491 9534.37495   36   88          - 9419.25096      -  18.2  195s
 1187196 525172 infeasible   57               - 9421.82051      -  18.2  200s
 1218954 536952 9571.63609   40   31          - 9424.00000      -  18.2  205s
 1251264 548957 infeasible   57               - 9426.04513      -  18.2  210s
 1277425 559238 9506.70414   54   71          - 9428.17986      -  18.2  215s
 1309867 571058 9634.63609   43   56          - 9430.64926      -  18.2  220s
 1341856 582085 infeasible   49               - 9433.14147      -  18.2  225s
 1367480 590566 9684.57143   60   34          - 9435.00000      -  18.3  230s
 1399899 600941 9684.35019   44   53          - 9437.48276      -  18.3  235s
 1431809 611511 infeasible   49               - 9439.76453      -  18.3  240s
 1459103 620559 infeasible   53               - 9442.00000      -  18.3  245s
 1490029 630570 infeasible   55               - 9444.13944      -  18.3  250s
 1521779 640807 9585.00000   46   47          - 9446.79303      -  18.3  255s
 1546677 649498 9466.00000   43   48          - 9448.58266      -  18.3  260s
 1577102 657240 9656.17610   50   94          - 9450.30855      -  18.3  265s
 1604179 665538 9643.53184   52   35          - 9452.19767      -  18.3  270s
 1632924 674908 infeasible   61               - 9454.00000      -  18.3  275s
 1664465 684822 9594.04387   42   63          - 9456.81640      -  18.3  280s
 1688713 692381 infeasible   58               - 9458.66667      -  18.3  285s
 1720325 702112 9642.00000   65   28          - 9461.00000      -  18.3  290s
 1752671 712158 infeasible   49               - 9463.28043      -  18.3  295s
 1780649 720275 infeasible   38               - 9465.51408      -  18.4  300s
 1802281 725397 9683.00000   63   34          - 9466.94479      -  18.4  305s
 1829470 732705 9534.60503   49   68          - 9469.13696      -  18.4  310s
 1857009 740841 infeasible   51               - 9471.55997      -  18.4  315s
 1879125 746731 infeasible   57               - 9473.36000      -  18.4  320s
 1906515 753936 9527.87560   61   38          - 9475.99215      -  18.5  325s
 1933980 761441 infeasible   48               - 9477.97461      -  18.5  330s
 1958129 768084 9596.00000   50   33          - 9480.00000      -  18.5  335s
 1986010 775806 infeasible   59               - 9482.14683      -  18.5  340s
 2013650 783078 9653.81005   49   47          - 9484.51500      -  18.5  345s
 2038041 789223 9668.86860   59   19          - 9486.68399      -  18.5  350s
 2066338 796293 9635.16217   36   88          - 9488.74505      -  18.5  355s
 2088771 802187 infeasible   46               - 9490.54487      -  18.6  360s
 2117169 809516 9534.24450   47   46          - 9492.88468      -  18.6  365s
 2140758 815215 9611.37670   52   47          - 9494.48025      -  18.6  370s
 2166081 821747 infeasible   48               - 9496.66568      -  18.6  375s
 2193704 829159 9607.08838   56   42          - 9498.86675      -  18.6  380s
 2220915 835531 9683.00000   53   35          - 9501.00000      -  18.6  385s
 2243476 840232 9650.58502   60   60          - 9502.88297      -  18.6  390s
 2270854 846267 9647.63609   52   43          - 9504.77793      -  18.6  395s
 2298328 852210 infeasible   55               - 9506.97599      -  18.7  400s
 2320364 857001 9560.63336   55   58          - 9508.36199      -  18.7  405s
 2346804 862213 9647.00000   51   28          - 9510.96502      -  18.7  410s
 2370717 866730 9531.66252   36   49          - 9512.92667      -  18.7  415s
 2393286 870967 infeasible   60               - 9514.66290      -  18.7  420s
 2421056 876579 infeasible   54               - 9516.85401      -  18.8  425s
 2442096 880199 9656.00000   56   43          - 9518.00000      -  18.7  430s
 2466258 884798 9656.81251   52   79          - 9519.61404      -  18.8  435s
 2491103 889718 9678.00000   57   38          - 9521.00000      -  18.8  440s
 2508731 892655 infeasible   50               - 9522.62500      -  18.8  445s
 2524689 895773 infeasible   72               - 9523.86047      -  18.8  450s
 2548680 900218 9652.07204   50   79          - 9525.00000      -  18.8  455s
 2572678 904944 9679.63079   61   39          - 9526.56364      -  18.8  460s
 2590788 908293 9582.19644   59   33          - 9527.95000      -  18.8  465s
 2614796 912400 infeasible   40               - 9529.00000      -  18.9  470s
 2638324 916629 9680.63609   46   61          - 9530.42050      -  18.9  475s
 2656423 919643 9695.00000   66   21          - 9531.34508      -  18.9  480s
 2680469 923022 infeasible   52               - 9533.21170      -  18.9  485s
 2703612 925769 9616.80427   56   57          - 9535.00000      -  18.9  490s
 2727072 928486 9648.48032   50   62          - 9536.31387      -  19.0  495s
 2746390 931212 9607.35292   42   39          - 9537.73613      -  19.0  500s
 2769970 933407 infeasible   58               - 9539.19699      -  19.0  505s
 2788808 935697 9678.63532   68   10          - 9540.99631      -  19.0  510s
 2809778 937686 9691.68317   49   51          - 9542.00000      -  19.0  515s
 2828683 938684 infeasible   63               - 9544.00000      -  19.1  520s
 2849291 939102 infeasible   53               - 9545.75674      -  19.1  525s
 2866583 938599 9672.47019   42   68          - 9547.50000      -  19.1  530s
 2886776 938581 9655.19944   66   55          - 9549.33333      -  19.2  535s
 2899887 938576 infeasible   59               - 9550.53268      -  19.2  540s
 2921864 939416 infeasible   69               - 9552.00000      -  19.2  545s
 2942033 939251 infeasible   85               - 9554.00000      -  19.3  550s
 2961347 939001 infeasible   60               - 9555.61151      -  19.3  555s
 2981790 938748 infeasible   72               - 9557.24634      -  19.3  560s
 3002595 938871 9695.00000   50   43          - 9559.00000      -  19.4  565s
 3019046 938884 9580.17937   51   69          - 9560.00000      -  19.4  570s
 3037152 938539 9670.00000   55   30          - 9561.72346      -  19.4  575s
 3058504 938513 9676.11884   48   65          - 9563.00000      -  19.4  580s
 3073781 939422 infeasible   59               - 9564.00000      -  19.5  585s
 3094236 939310 infeasible   57               - 9565.82195      -  19.5  590s
 3113715 938021 infeasible   54               - 9567.24406      -  19.6  595s
 3133690 936881 9687.00000   51   19          - 9569.00000      -  19.6  600s

Cutting planes:
  Learned: 46
  Gomory: 118
  Cover: 176
  Implied bound: 41
  Projected implied bound: 2
  Clique: 7
  MIR: 364
  StrongCG: 16
  Flow cover: 1191
  Inf proof: 23
  Zero half: 11
  Network: 1
  RLT: 21
  Relax-and-lift: 24

Explored 3135473 nodes (61461863 simplex iterations) in 600.31 seconds (758.94 work units)
Thread count was 8 (of 8 available processors)

Solution count 0

Solve interrupted
Best objective -, best bound 9.569064433999e+03, gap -

User-callback calls 6401539, time in user-callback 16.74 sec

Statistics for modelBPKW_BKRW_BSNF_O:
  Linear constraint matrix    : 4441 Constrs, 2168 Vars, 16376 NZs
  Variable types              : 838 Continuous,
1330 Integer (358 Binary)
  Matrix coefficient range    : [ 1, 368 ]
  Objective coefficient range : [ 1, 368 ]
  Variable bound range        : [ 1, 199 ]
  RHS coefficient range       : [ 1, 9700.02 ]
