
Gurobi 10.0.1 (mac64[arm]) logging started Sat Mar 30 01:28:00 2024

Set parameter LogFile to value "/Users/deniserings/Documents/zib/s-bahn-data/scripts/DeniseMA/processed/BPKW_BKRW_BSNF_O/RINS/BPKW_BKRW_BSNF_O_202403292026_slack_0.6.log"
Gurobi Optimizer version 10.0.1 build v10.0.1rc0 (mac64[arm])

CPU model: Apple M2
Thread count: 8 physical cores, 8 logical processors, using up to 8 threads

Optimize a model with 4432 rows, 2168 columns and 16367 nonzeros
Model fingerprint: 0x1a3ce4f7
Variable types: 838 continuous, 1330 integer (358 binary)
Coefficient statistics:
  Matrix range     [1e+00, 4e+02]
  Objective range  [1e+00, 4e+02]
  Bounds range     [1e+00, 2e+02]
  RHS range        [1e+00, 1e+04]

User MIP start did not produce a new incumbent solution
User MIP start violates constraint objective_cutoff by 97.980000000

Presolve removed 2252 rows and 896 columns
Presolve time: 0.04s
Presolved: 2180 rows, 1272 columns, 8943 nonzeros
Variable types: 429 continuous, 843 integer (843 binary)

Root relaxation: objective 8.790000e+03, 729 iterations, 0.01 seconds (0.01 work units)

    Nodes    |    Current Node    |     Objective Bounds      |     Work
 Expl Unexpl |  Obj  Depth IntInf | Incumbent    BestBd   Gap | It/Node Time

     0     0 8790.00000    0   45          - 8790.00000      -     -    0s
Another try with MIP start
     0     0 8790.00000    0   47          - 8790.00000      -     -    0s
     0     0 8801.16788    0  115          - 8801.16788      -     -    0s
     0     0 8801.16788    0  118          - 8801.16788      -     -    0s
     0     0 8828.96955    0  108          - 8828.96955      -     -    0s
     0     0 8845.17778    0  116          - 8845.17778      -     -    0s
     0     0 8845.17778    0  111          - 8845.17778      -     -    0s
     0     0 8882.33885    0  108          - 8882.33885      -     -    0s
     0     0 8882.33885    0  114          - 8882.33885      -     -    0s
     0     0 8882.35919    0  110          - 8882.35919      -     -    0s
     0     0 8884.22761    0  112          - 8884.22761      -     -    0s
     0     0 8884.46291    0  102          - 8884.46291      -     -    0s
     0     0 8884.46291    0  104          - 8884.46291      -     -    0s
     0     0 8884.46291    0  103          - 8884.46291      -     -    0s
     0     0 8884.59134    0   95          - 8884.59134      -     -    0s
     0     0 8884.59134    0  100          - 8884.59134      -     -    0s
     0     0 8887.25022    0  105          - 8887.25022      -     -    0s
     0     0 8887.25022    0  107          - 8887.25022      -     -    0s
     0     0 8902.15892    0  100          - 8902.15892      -     -    0s
     0     0 8902.15892    0   98          - 8902.15892      -     -    0s
     0     0 8902.15892    0   98          - 8902.15892      -     -    0s
     0     0 8902.15892    0   99          - 8902.15892      -     -    0s
     0     0 8902.15892    0   63          - 8902.15892      -     -    0s
     0     0 8902.15892    0   73          - 8902.15892      -     -    0s
     0     0 8902.15892    0   50          - 8902.15892      -     -    0s
     0     0 8902.15892    0   63          - 8902.15892      -     -    0s
     0     0 8902.15892    0   58          - 8902.15892      -     -    0s
     0     0 8902.15892    0   58          - 8902.15892      -     -    0s
     0     2 8902.15892    0   58          - 8902.15892      -     -    0s
 14424  9957 9332.00000   36   41          - 9245.15040      -  16.6    5s
 34502 24404 infeasible   33               - 9251.43312      -  16.2   10s
 68103 48224 9566.00000   46   30          - 9260.00000      -  16.1   15s
 102262 71023 9355.04896   41   66          - 9265.22119      -  16.3   20s
 133311 90632 9668.80000   46   32          - 9269.21951      -  16.3   25s
 170434 115140 9342.29483   29   59          - 9273.14777      -  16.4   30s
 207143 139295 9474.41814   40   55          - 9275.58917      -  16.5   35s
 240099 161605 9696.00000   61   13          - 9277.95773      -  16.4   40s
 269175 183931 9588.17986   35   64          - 9280.27709      -  16.4   46s
 310667 205947 9583.50560   55   47          - 9282.58814      -  16.3   50s
 347958 229198 9332.79335   39   55          - 9285.82798      -  16.3   55s
 379016 248957 9668.38000   58    6          - 9288.40308      -  16.3   60s
 416711 273342 9365.92555   29   53          - 9291.72176      -  16.3   65s
 453977 296429 infeasible   52               - 9294.45828      -  16.3   70s
 484878 315586 infeasible   44               - 9296.38000      -  16.4   75s
 516006 333632 9454.52381   38   33          - 9298.54116      -  16.5   80s
 548789 353813 9697.00000   68   17          - 9300.69814      -  16.5   85s
 580581 372620 9441.66667   32   57          - 9303.15803      -  16.5   90s
 615736 393024 infeasible   48               - 9305.57547      -  16.6   95s
 647052 411074 9611.10456   54   36          - 9307.73051      -  16.6  100s
 675579 427096 infeasible   43               - 9310.00000      -  16.7  105s
 710804 448108 9653.00000   62   11          - 9312.00000      -  16.7  110s
 746691 468322 9679.29412   34   70          - 9314.55267      -  16.8  115s
 778717 486672 9516.00000   42   25          - 9317.07814      -  16.8  120s
 808399 503155 9653.60000   63   44          - 9319.75212      -  16.8  125s
 842520 523492 9439.00250   53   18          - 9322.00000      -  16.9  130s
 876727 543722 9490.93322   45   35          - 9324.00000      -  16.9  135s
 906898 561476 infeasible   36               - 9325.52880      -  16.9  140s
 940779 579946 9611.66667   44   28          - 9327.66983      -  17.0  145s
 966881 593382 infeasible   63               - 9330.00000      -  17.0  150s
 1003775 614693 9531.17661   34   45          - 9331.45054      -  17.0  155s
 1038744 635323 9689.92617   54   55          - 9333.25716      -  17.0  160s
 1069496 652307 9471.00000   37   21          - 9335.00000      -  17.0  165s
 1101522 668686 9465.00000   33   44          - 9336.80143      -  17.0  170s
 1135650 688835 9488.26785   43   56          - 9339.07010      -  17.1  175s
 1161630 706953 9689.66667   54   35          - 9340.68000      -  17.1  180s
 1201157 725019 9583.00000   70   39          - 9342.67381      -  17.1  185s
 1231930 742088 9654.00000   59   37          - 9344.61151      -  17.0  190s
 1270183 763447 9569.69683   55   68          - 9346.93216      -  17.0  195s
 1299669 778969 infeasible   74               - 9348.79703      -  17.0  200s
 1337206 799080 9634.00000   46   47          - 9351.38000      -  17.0  205s
 1375080 820419 infeasible   61               - 9353.46264      -  17.0  210s
 1408297 838702 9648.00000   52   25          - 9355.19923      -  17.0  215s
 1446364 858631 9561.00000   47   61          - 9357.64727      -  16.9  220s
 1477013 875400 infeasible   65               - 9358.77580      -  16.9  225s
 1513947 895329 9502.78417   41   49          - 9360.71841      -  16.9  230s
 1552566 915993 9579.00000   57   23          - 9363.00000      -  16.9  235s
 1577346 929095 9471.97677   32   79          - 9364.67667      -  16.9  240s
 1616266 949741 9637.00000   68   25          - 9367.00000      -  16.9  245s
 1654125 969581 9679.00000   60   26          - 9368.80236      -  16.9  250s
 1690736 989443 9650.73429   43   36          - 9371.00000      -  16.9  255s
 1723634 1006001 9567.00000   44   39          - 9373.01336      -  16.9  260s
 1760337 1023727 9548.78000   51   42          - 9375.00000      -  16.8  265s
 1794779 1040990 infeasible   32               - 9377.28590      -  16.8  270s
 1831367 1060196 infeasible   59               - 9378.71734      -  16.8  275s
 1860772 1074858 9693.00000   49   52          - 9380.66667      -  16.8  280s
 1896288 1092352 infeasible   39               - 9383.00000      -  16.8  285s
 1917434 1105661 9538.00000   58   51          - 9384.00000      -  16.8  290s
 1961563 1124261 9624.00000   55   19          - 9387.02452      -  16.8  295s
 1997348 1141820 infeasible   56               - 9389.16800      -  16.8  300s
 2033810 1159539 9519.26340   48   63          - 9391.77572      -  16.8  305s
 2062769 1174475 9697.66667   36   39          - 9393.14156      -  16.8  310s
 2099829 1193504 9582.00000   69   19          - 9395.00000      -  16.8  315s
 2131003 1208012 9617.00000   57   32          - 9396.59796      -  16.8  320s
 2166529 1225179 infeasible   43               - 9398.66667      -  16.8  325s
 2203160 1242543 9545.00000   28   22          - 9400.53883      -  16.8  330s
 2234220 1258182 9614.43077   36   43          - 9402.00000      -  16.8  335s
 2271442 1275504 9630.76882   64   38          - 9404.00000      -  16.8  340s
 2300269 1290328 infeasible   44               - 9405.33989      -  16.8  345s
 2337183 1307906 9632.00000   58   22          - 9407.86611      -  16.8  350s
 2373917 1325422 infeasible   35               - 9409.87836      -  16.8  355s
 2410932 1343808 9455.85737   32   85          - 9411.01775      -  16.7  360s
 2442126 1358870 9483.00000   34   48          - 9412.18409      -  16.7  365s
 2477332 1375693 infeasible   52               - 9413.98670      -  16.7  370s
 2509770 1391899 9610.00000   58   43          - 9415.00000      -  16.8  375s
 2536484 1405092 9665.01252   49   37          - 9416.08253      -  16.8  380s
 2571062 1421042 9679.00000   52   15          - 9417.02583      -  16.8  385s
 2605240 1436631 9682.06452   59   23          - 9418.37821      -  16.8  390s
 2631842 1449369 9697.00000   31   40          - 9419.14483      -  16.8  395s
 2666054 1465798 infeasible   37               - 9420.32608      -  16.8  400s
 2701689 1483518 9440.08245   37   44          - 9421.89000      -  16.8  405s
 2729487 1495911 infeasible   50               - 9422.63536      -  16.8  410s
 2764631 1512607 infeasible   37               - 9423.97711      -  16.8  415s
 2800370 1529093 9670.06286   40   31          - 9425.00000      -  16.8  420s
 2826573 1541977 9689.00000   56   11          - 9426.00000      -  16.8  425s
 2861242 1558989 9515.36986   38   51          - 9426.62739      -  16.8  430s
 2894846 1575037 9530.38098   43   30          - 9427.74873      -  16.8  435s
 2922922 1587133 9632.00000   53   44          - 9428.38000      -  16.8  440s
 2956918 1603063 9487.00000   47   39          - 9429.47653      -  16.8  445s
 2992419 1619075 9469.00000   40   53          - 9430.00000      -  16.8  450s
 3020321 1632542 9493.20000   49   31          - 9430.57921      -  16.8  455s
 3054891 1648547 infeasible   60               - 9431.55239      -  16.8  460s
 3078710 1660191 9617.17750   32   66          - 9432.00000      -  16.8  465s
 3114388 1677570 9467.44828   45   56          - 9432.92063      -  16.8  470s
 3148147 1691985 9611.00000   48   54          - 9433.89000      -  16.8  475s
 3174039 1704767 9639.00000   71   12          - 9434.25407      -  16.8  480s
 3205571 1720422 9584.00000   69   16          - 9435.00000      -  16.8  485s
 3227972 1731314 9671.58632   41   45          - 9435.46423      -  16.8  490s
 3261697 1747304 infeasible   61               - 9436.11498      -  16.8  495s
 3293087 1761776 infeasible   55               - 9436.69814      -  16.8  500s
 3320583 1775205 infeasible   45               - 9437.08315      -  16.8  505s
 3353031 1789490 9574.00000   56   36          - 9438.00000      -  16.8  510s
 3386442 1805181 9663.00000   55   30          - 9438.83808      -  16.8  515s
 3413932 1817674 9685.57000   58   18          - 9439.65091      -  16.9  520s
 3446954 1832030 9442.10227   38   41          - 9440.10227      -  16.9  525s
 3474868 1845388 9614.81773   41   63          - 9440.87962      -  16.9  530s
 3506995 1861433 9521.66667   38   44          - 9441.46437      -  16.9  535s
 3532141 1873482 9658.00000   39   38          - 9442.00000      -  16.9  540s
 3567375 1889777 9619.87090   62   17          - 9442.38000      -  16.9  545s
 3598267 1903937 infeasible   35               - 9443.17750      -  16.9  550s
 3631101 1919450 9493.00000   33   34          - 9444.00000      -  16.9  555s
 3657368 1932440 9599.22078   44   15          - 9444.61217      -  16.9  560s
 3691094 1948090 9503.00000   34   32          - 9445.42750      -  16.9  565s
 3720233 1959931 infeasible   46               - 9446.00000      -  16.9  570s
 3747760 1973402 9583.38000   40    6          - 9446.38000      -  16.9  575s
 3779103 1988480 infeasible   42               - 9447.00000      -  16.9  580s
 3811887 2003906 9590.29630   61   37          - 9447.46800      -  16.9  585s
 3836015 2014047 9644.00000   50   38          - 9448.00000      -  16.9  590s
 3868848 2027954 9689.00000   55   32          - 9448.60282      -  16.9  595s
 3901694 2042823 9517.00000   36   33          - 9449.34914      -  16.9  600s

Cutting planes:
  Learned: 51
  Gomory: 152
  Cover: 146
  Implied bound: 27
  Clique: 4
  MIR: 79
  StrongCG: 5
  Flow cover: 268
  Inf proof: 9
  Zero half: 2
  Network: 5
  RLT: 20
  Relax-and-lift: 34

Explored 3903164 nodes (66170183 simplex iterations) in 600.19 seconds (798.66 work units)
Thread count was 8 (of 8 available processors)

Solution count 0

Solve interrupted
Best objective -, best bound 9.449380000000e+03, gap -

User-callback calls 7949138, time in user-callback 20.62 sec

Statistics for modelBPKW_BKRW_BSNF_O:
  Linear constraint matrix    : 4432 Constrs, 2168 Vars, 16367 NZs
  Variable types              : 838 Continuous,
1330 Integer (358 Binary)
  Matrix coefficient range    : [ 1, 368 ]
  Objective coefficient range : [ 1, 368 ]
  Variable bound range        : [ 1, 199 ]
  RHS coefficient range       : [ 1, 9700.02 ]
