
Gurobi 10.0.1 (linux64) logging started Sun Mar 31 23:53:40 2024

Set parameter LogFile to value "/data/optimi/optimi/kombadon/drings/SBahn/s-bahn-data/scripts/DeniseMA/processed/BBKS_BWT/RINS/BBKS_BWT_202403312232_random2_0.6.log"
Gurobi Optimizer version 10.0.1 build v10.0.1rc0 (linux64)

CPU model: Intel(R) Xeon(R) CPU E3-1270 v6 @ 3.80GHz, instruction set [SSE2|AVX|AVX2]
Thread count: 4 physical cores, 8 logical processors, using up to 8 threads

Optimize a model with 10395 rows, 4381 columns and 43607 nonzeros
Model fingerprint: 0xe49f5fe7
Variable types: 1295 continuous, 3086 integer (911 binary)
Coefficient statistics:
  Matrix range     [1e+00, 4e+02]
  Objective range  [1e+00, 4e+02]
  Bounds range     [1e+00, 2e+02]
  RHS range        [1e+00, 1e+04]

User MIP start did not produce a new incumbent solution
User MIP start violates constraint objective_cutoff by 104.950000000

Presolve removed 3935 rows and 1271 columns
Presolve time: 0.12s
Presolved: 6460 rows, 3110 columns, 28655 nonzeros
Variable types: 770 continuous, 2340 integer (2340 binary)

Root relaxation: objective 8.872000e+03, 2111 iterations, 0.03 seconds (0.03 work units)
Another try with MIP start

    Nodes    |    Current Node    |     Objective Bounds      |     Work
 Expl Unexpl |  Obj  Depth IntInf | Incumbent    BestBd   Gap | It/Node Time

     0     0 8872.00000    0  167          - 8872.00000      -     -    0s
     0     0 8872.00000    0  294          - 8872.00000      -     -    0s
     0     0 8872.00000    0  244          - 8872.00000      -     -    0s
     0     0 8872.00000    0  124          - 8872.00000      -     -    0s
     0     0 8872.00000    0  219          - 8872.00000      -     -    0s
     0     0 8872.00000    0  155          - 8872.00000      -     -    1s
     0     0 8872.00000    0  216          - 8872.00000      -     -    1s
     0     0 8872.00000    0  186          - 8872.00000      -     -    1s
     0     0 8872.00000    0  267          - 8872.00000      -     -    1s
     0     0 8872.00000    0  205          - 8872.00000      -     -    1s
     0     0 8872.00000    0  190          - 8872.00000      -     -    1s
     0     2 8872.00000    0  176          - 8872.00000      -     -    2s
  1399  1098 9480.00000   49  111          - 8896.21413      -  12.4    5s
  7497  5179 infeasible   66               - 9011.33333      -  24.2   10s
 14339 10466 9253.00000   26  168          - 9028.00000      -  25.0   15s
 21392 15631 9516.00000   58  190          - 9036.00000      -  24.7   24s
 21394 15632 9492.00000   65  185          - 9036.00000      -  24.7   25s
 21423 15652 9502.04420   75  321          - 9142.41355      -  24.7   30s
 21430 15656 9200.00000   57  251          - 9142.41875      -  24.7   35s
H21431 14873                    10134.000000 9142.41875  9.78%  24.7   36s
H21894 14379                    10124.000000 9142.71092  9.69%  26.1   39s
 22071 14494 9841.00000   84   68 10124.0000 9142.71092  9.69%  26.2   40s
H22093 13778                    10120.000000 9142.71092  9.66%  26.2   40s
H22534 13303                    10105.000000 9142.86787  9.52%  26.7   41s
H22906 12780                    10070.000000 9143.34959  9.20%  27.0   42s
H23233 12372                    10066.000000 9143.36189  9.17%  27.1   43s
 23751 12545 9145.38046   36  236 10066.0000 9143.51892  9.16%  27.5   45s
H25616 12362                    9943.0000000 9144.33599  8.03%  28.8   49s
H25685 11890                    9938.0000000 9144.33599  7.99%  28.8   49s
H25751 11309                    9925.0000000 9144.36136  7.87%  28.9   49s
H25802 10783                    9920.0000000 9144.36136  7.82%  28.9   49s
 25927 10873 infeasible   50      9920.00000 9144.36136  7.82%  29.0   50s
H26004 10314                    9897.0000000 9144.36136  7.60%  29.1   50s
H28695 10471                    9868.0000000 9145.56275  7.32%  30.7   55s
 30796 10801 9258.88647   46  196 9868.00000 9146.36428  7.31%  32.2   60s
 32914 11039 9295.08130   43  204 9868.00000 9146.95820  7.31%  33.9   65s
 35438 11734 9826.30258   52  119 9868.00000 9149.71870  7.28%  35.4   70s
 40497 12908 9374.09718   36  235 9868.00000 9150.87272  7.27%  35.5   75s
 43858 13602 9720.86801   50  124 9868.00000 9157.09304  7.20%  35.9   80s
 47791 14481 infeasible   47      9868.00000 9158.08411  7.19%  36.7   85s
 50774 15952 9170.32049   50  200 9868.00000 9158.08411  7.19%  37.6   90s
 54741 17607 9798.05249   61  189 9868.00000 9158.10673  7.19%  38.1   95s
 56919 18504 9746.02999   53  174 9868.00000 9158.14433  7.19%  38.8  100s
 60808 20440 9180.00870   45  172 9868.00000 9158.20783  7.19%  39.0  105s
 63514 22273 9440.00876   49  165 9868.00000 9158.30242  7.19%  39.4  110s
 67453 24061 9766.47976   50  161 9868.00000 9158.35806  7.19%  39.6  115s
 71162 25954 9374.00000   42  215 9868.00000 9158.62839  7.19%  39.6  120s
 74857 28315 9614.81339   46  208 9868.00000 9158.80522  7.19%  39.7  126s
 78071 29595 infeasible   49      9868.00000 9158.80525  7.19%  39.9  130s
 81351 31267 9335.25975   49  134 9868.00000 9158.80526  7.19%  40.0  135s
 84635 32348 9158.80556   53  167 9868.00000 9158.80551  7.19%  40.2  140s
 87080 33198 infeasible   57      9868.00000 9158.80556  7.19%  40.7  145s
 89794 34606 infeasible   75      9868.00000 9158.86484  7.19%  41.0  150s
 93062 35911     cutoff   61      9868.00000 9158.91892  7.19%  41.2  155s
 95705 36884 9582.15918   49  125 9868.00000 9158.91926  7.19%  41.5  160s
 98991 38653 9192.75545   54  247 9868.00000 9159.01228  7.18%  41.7  165s
 102876 40235 infeasible   51      9868.00000 9159.36281  7.18%  41.6  170s
 105447 41292 9547.43369   47  128 9868.00000 9159.80935  7.18%  41.8  175s
 108655 42407 9694.09133   49  176 9868.00000 9160.00000  7.17%  42.2  180s
 111077 43434 9616.00000   46  128 9868.00000 9160.00000  7.17%  42.4  185s
 115001 44986 9710.00000   49  113 9868.00000 9160.00000  7.17%  42.4  190s
 118109 46268 9204.14821   46  171 9868.00000 9160.00000  7.17%  42.4  195s
 121303 47611 9444.95509   55  176 9868.00000 9160.09804  7.17%  42.6  200s
 124067 48421 9633.05456   57  181 9868.00000 9160.30166  7.17%  42.9  205s
 126898 49640 infeasible   49      9868.00000 9160.35115  7.17%  43.1  210s
 129990 50808 9180.36547   53  166 9868.00000 9160.56135  7.17%  43.2  215s
 133048 52646 9212.79952   45  238 9868.00000 9160.96874  7.16%  43.3  220s
 136489 53635 9738.21413   62  133 9868.00000 9161.64738  7.16%  43.4  225s
 138769 54568 9791.13427   52  138 9868.00000 9161.87239  7.16%  43.6  230s
 141705 55825     cutoff   54      9868.00000 9162.07132  7.15%  43.9  235s
 144750 56817 9193.41753   37  240 9868.00000 9162.45703  7.15%  44.1  240s
 147880 58095 9526.18315   51  154 9868.00000 9162.93125  7.15%  44.2  245s
 150742 59174     cutoff   61      9868.00000 9163.55366  7.14%  44.2  250s
 153489 60054 9636.00870   53  119 9868.00000 9163.80000  7.14%  44.4  255s
 156382 61133 9590.04317   49  192 9868.00000 9164.66791  7.13%  44.4  260s
 159484 62271 9402.63415   52  180 9868.00000 9165.22927  7.12%  44.6  265s
 162097 63185 infeasible   50      9868.00000 9165.65150  7.12%  44.7  270s
 164428 64198 9196.00000   41  187 9868.00000 9166.26374  7.11%  44.8  275s
 167642 65717 9360.00000   45  166 9868.00000 9166.63415  7.11%  44.9  280s
 170712 66678 9702.06747   56  101 9868.00000 9167.17275  7.10%  45.0  285s
 173935 67754 9765.32065   60  122 9868.00000 9168.00000  7.09%  45.2  290s
 176114 68527     cutoff   46      9868.00000 9168.00000  7.09%  45.4  295s
 179219 69592 9168.00000   43  153 9868.00000 9168.00000  7.09%  45.5  300s
 181536 70720 9470.00000   52  142 9868.00000 9168.00000  7.09%  45.6  305s
 184738 71712 infeasible   55      9868.00000 9168.00000  7.09%  45.7  310s
 187782 72975 9568.26385   47  137 9868.00000 9168.00000  7.09%  45.8  315s
 190400 73927 9474.02150   51  141 9868.00000 9168.11370  7.09%  45.8  320s
 193331 74831 9307.50762   49  172 9868.00000 9168.36939  7.09%  46.0  326s
 196266 75946 9626.71459   47  199 9868.00000 9168.88017  7.08%  46.1  330s
 199475 77128 9436.00000   51  132 9868.00000 9169.44822  7.08%  46.1  335s
 201489 77666 9608.00000   51  183 9868.00000 9170.09286  7.07%  46.2  340s
 204408 78662 9510.16332   47  132 9868.00000 9170.70673  7.07%  46.4  345s
 207686 79871 9216.00870   45  128 9868.00000 9171.56751  7.06%  46.4  350s
 209933 80818 9729.63128   53  181 9868.00000 9171.72947  7.06%  46.5  355s
 214162 82365 9798.00000   63   61 9868.00000 9172.16794  7.05%  46.4  360s
 217849 83897 9232.31042   43  205 9868.00000 9173.07800  7.04%  46.3  365s
 220613 85368 infeasible   47      9868.00000 9173.80181  7.03%  46.3  370s
 223943 86326 9778.98610   52  149 9868.00000 9174.47198  7.03%  46.2  375s
 227657 87959 9400.00870   49  156 9868.00000 9175.60870  7.02%  46.2  380s
 230858 89200 9480.94633   45  140 9868.00000 9176.53995  7.01%  46.2  385s
 234245 90660 9596.00000   50  133 9868.00000 9178.00364  6.99%  46.2  390s
 237262 91843 9725.74496   52  146 9868.00000 9178.00870  6.99%  46.2  395s
 240548 93210 9602.00000   63  111 9868.00000 9178.00870  6.99%  46.1  400s
 243557 94346 9430.11422   59  171 9868.00000 9178.00870  6.99%  46.1  405s
 247160 95918 9554.00000   53  156 9868.00000 9178.00870  6.99%  46.1  410s
 250737 97746 infeasible   48      9868.00000 9178.00876  6.99%  46.0  415s
 253938 99705 9836.00000   87   56 9868.00000 9178.00876  6.99%  45.9  420s
 257576 101145 infeasible   60      9868.00000 9178.00876  6.99%  46.0  425s
 260872 102597 9782.01802   58  153 9868.00000 9178.00926  6.99%  45.9  430s
 265269 104540 9712.00876   53  139 9868.00000 9178.12246  6.99%  45.7  435s
 269116 106076     cutoff   56      9868.00000 9178.12246  6.99%  45.6  440s
 272362 107394 9406.14161   54  195 9868.00000 9178.14161  6.99%  45.6  445s
 275432 108532 9694.94633   54  147 9868.00000 9178.20783  6.99%  45.5  450s
 279853 110272 9615.08889   51  128 9868.00000 9178.55486  6.99%  45.4  455s
 283176 111604 9714.02999   47  117 9868.00000 9178.80556  6.98%  45.3  460s
 287575 113426 9576.21505   54  170 9868.00000 9179.17824  6.98%  45.2  465s
 291835 115090 9538.00000   52  108 9868.00000 9180.00000  6.97%  45.2  470s
 295481 116645 9236.03249   44  175 9868.00000 9180.00000  6.97%  45.2  475s
 299775 118298 9208.14071   49  201 9868.00000 9180.02150  6.97%  45.1  480s
 302748 119391 9530.00000   50  154 9868.00000 9180.07541  6.97%  45.2  485s
 306784 121005 9201.12801   43  179 9868.00000 9180.16937  6.97%  45.2  490s
 310590 122638 9658.00000   52  137 9868.00000 9180.30166  6.97%  45.1  495s
 315517 124442 9588.08048   47  177 9868.00000 9180.47376  6.97%  45.0  500s
 319328 125884 infeasible   43      9868.00000 9180.80526  6.96%  45.0  505s
 322937 127070     cutoff   53      9868.00000 9180.94633  6.96%  45.0  510s
 326879 128377 9646.00000   51   85 9868.00000 9181.15543  6.96%  45.0  515s
 330066 129471 infeasible   63      9868.00000 9181.60870  6.96%  45.0  520s
 333926 130726 9734.00000   56  142 9868.00000 9182.00000  6.95%  45.0  525s
 337742 132414 9818.00000   66  122 9868.00000 9182.09804  6.95%  45.0  530s
 342591 134291 infeasible   55      9868.00000 9182.44593  6.95%  44.9  535s
 346612 135950 9413.66265   49  172 9868.00000 9182.52215  6.95%  44.8  540s
 350458 137519 9406.18985   53  178 9868.00000 9182.89843  6.94%  44.8  545s
 354745 139041 9840.00000   59  109 9868.00000 9183.30023  6.94%  44.8  550s
 357758 139874     cutoff   53      9868.00000 9183.71006  6.93%  44.8  555s
 362147 141515 9184.37541   44  173 9868.00000 9184.09565  6.93%  44.8  560s
 366268 143139 9832.47976   52  118 9868.00000 9184.37541  6.93%  44.8  565s
 369401 144464 9722.00000   54  123 9868.00000 9184.65030  6.92%  44.8  570s
 374135 145886 9186.00870   44  182 9868.00000 9185.38519  6.92%  44.7  575s
 377449 147523 9434.18991   49  217 9868.00000 9186.00529  6.91%  44.7  580s
 381801 148838 infeasible   52      9868.00000 9186.14121  6.91%  44.7  585s
 386052 150838 9802.52474   48  111 9868.00000 9186.47982  6.91%  44.7  590s
 389798 152214 infeasible   47      9868.00000 9186.80556  6.90%  44.6  595s
 393994 154418 9666.94633   52  195 9868.00000 9187.01916  6.90%  44.6  600s
 398846 156371 9281.47114   43  163 9868.00000 9187.62484  6.89%  44.5  605s
 402728 157954 9810.50179   52  143 9868.00000 9188.00000  6.89%  44.5  610s
 405719 158942 9430.11370   50  186 9868.00000 9188.00000  6.89%  44.5  615s
 410258 160858 9830.00000   56   85 9868.00000 9188.14161  6.89%  44.5  620s
 414024 162590 9554.20941   51  120 9868.00000 9188.37859  6.89%  44.5  625s
 417456 163984 9698.00000   48  113 9868.00000 9188.89321  6.88%  44.5  630s
 421021 165443 9299.11746   52  201 9868.00000 9189.27491  6.88%  44.5  635s
 425185 166944 9636.25989   51  183 9868.00000 9189.90071  6.87%  44.5  640s
 429165 168290 9190.45067   50  196 9868.00000 9190.45067  6.87%  44.5  645s
 432271 169229 9650.70465   50  145 9868.00000 9191.01489  6.86%  44.5  650s
 435833 170515 9492.23129   55  169 9868.00000 9191.68310  6.85%  44.5  655s

Cutting planes:
  Learned: 217
  Gomory: 378
  Cover: 116
  Implied bound: 26
  Projected implied bound: 20
  Clique: 22
  MIR: 81
  StrongCG: 13
  Flow cover: 307
  Zero half: 21
  Network: 9
  RLT: 52
  Relax-and-lift: 9

Explored 437098 nodes (19499495 simplex iterations) in 656.09 seconds (968.14 work units)
Thread count was 8 (of 8 available processors)

Solution count 10: 9868 9897 9920 ... 10120

Solve interrupted
Best objective 9.868000000000e+03, best bound 9.191901549340e+03, gap 6.8514%

User-callback calls 1124739, time in user-callback 3.01 sec

Statistics for modelBBKS_BWT:
  Linear constraint matrix    : 10395 Constrs, 4381 Vars, 43607 NZs
  Variable types              : 1295 Continuous,
3086 Integer (911 Binary)
  Matrix coefficient range    : [ 1, 382 ]
  Objective coefficient range : [ 1, 382 ]
  Variable bound range        : [ 1, 199 ]
  RHS coefficient range       : [ 1, 10390 ]
