
Gurobi 10.0.1 (linux64) logging started Sun Mar 31 23:42:46 2024

Set parameter LogFile to value "/data/optimi/optimi/kombadon/drings/SBahn/s-bahn-data/scripts/DeniseMA/processed/BBKS_BWT/RINS/BBKS_BWT_202403312232_random1_0.6.log"
Gurobi Optimizer version 10.0.1 build v10.0.1rc0 (linux64)

CPU model: Intel(R) Xeon(R) CPU E3-1270 v6 @ 3.80GHz, instruction set [SSE2|AVX|AVX2]
Thread count: 4 physical cores, 8 logical processors, using up to 8 threads

Optimize a model with 10395 rows, 4381 columns and 43607 nonzeros
Model fingerprint: 0xc37143fb
Variable types: 1295 continuous, 3086 integer (911 binary)
Coefficient statistics:
  Matrix range     [1e+00, 4e+02]
  Objective range  [1e+00, 4e+02]
  Bounds range     [1e+00, 2e+02]
  RHS range        [1e+00, 1e+04]

User MIP start did not produce a new incumbent solution
User MIP start violates constraint objective_cutoff by 104.950000000

Presolve removed 3906 rows and 1248 columns
Presolve time: 0.12s
Presolved: 6489 rows, 3133 columns, 29094 nonzeros
Variable types: 776 continuous, 2357 integer (2357 binary)

Root relaxation: objective 8.872000e+03, 2051 iterations, 0.03 seconds (0.03 work units)
Another try with MIP start

    Nodes    |    Current Node    |     Objective Bounds      |     Work
 Expl Unexpl |  Obj  Depth IntInf | Incumbent    BestBd   Gap | It/Node Time

     0     0 8872.00000    0  148          - 8872.00000      -     -    0s
     0     0 8872.00000    0  269          - 8872.00000      -     -    0s
     0     0 8872.00000    0  302          - 8872.00000      -     -    0s
     0     0 8898.21019    0  180          - 8898.21019      -     -    0s
     0     0 8898.58554    0  239          - 8898.58554      -     -    0s
     0     0 8898.58554    0  296          - 8898.58554      -     -    0s
     0     0 8910.67441    0  295          - 8910.67441      -     -    0s
     0     0 8913.99320    0  254          - 8913.99320      -     -    0s
     0     0 8913.99320    0  258          - 8913.99320      -     -    0s
     0     0 8927.86315    0  344          - 8927.86315      -     -    1s
     0     0 8928.93177    0  322          - 8928.93177      -     -    1s
     0     0 8928.93177    0  311          - 8928.93177      -     -    1s
     0     0 8933.50664    0  305          - 8933.50664      -     -    1s
     0     0 8933.50664    0  293          - 8933.50664      -     -    1s
     0     0 8936.52432    0  247          - 8936.52432      -     -    1s
     0     0 8936.52432    0  259          - 8936.52432      -     -    1s
     0     0 8939.18988    0  298          - 8939.18988      -     -    1s
     0     0 8939.18988    0  351          - 8939.18988      -     -    1s
     0     0 8939.18988    0  274          - 8939.18988      -     -    1s
     0     0 8939.18988    0  379          - 8939.18988      -     -    1s
     0     0 8939.18988    0  144          - 8939.18988      -     -    1s
     0     0 8939.18988    0  235          - 8939.18988      -     -    1s
     0     0 8939.21760    0  205          - 8939.21760      -     -    2s
     0     0 8939.21760    0  139          - 8939.21760      -     -    2s
     0     2 8939.21760    0  139          - 8939.21760      -     -    2s
  1222  1027 9318.00000   41  169          - 9096.56965      -  12.1    5s
  6356  4611 9324.00000   38  165          - 9096.56965      -  27.4   10s
 12503  9424 9512.11940   57  136          - 9096.56965      -  28.8   15s
 18543 13807 infeasible   57               - 9096.56965      -  29.0   20s
 20771 15229 9692.00000   58  139          - 9096.56965      -  28.6   27s
 20787 15240 9428.00000   79  312          - 9096.56965      -  28.6   30s
H20790 14479                    10225.000000 9096.56965  11.0%  28.5   31s
 20797 14483 9890.00000   77  249 10225.0000 9096.56965  11.0%  28.5   35s
H20800 13760                    10171.000000 9096.56965  10.6%  28.5   37s
H20804 13075                    10151.000000 9096.56965  10.4%  28.5   39s
H20806 12421                    10150.000000 9096.56965  10.4%  28.5   40s
H20808 11801                    10141.000000 9096.56965  10.3%  28.5   40s
 20850 11834 9196.32426   30  237 10141.0000 9138.25565  9.89%  29.4   45s
H21052 11360                    9892.0000000 9138.25565  7.62%  29.9   46s
H21091 10819                    9877.0000000 9138.25565  7.48%  30.0   46s
H21201 10341                    9874.0000000 9138.25565  7.45%  30.1   46s
 22150 10733 9811.43657   39  195 9874.00000 9138.47608  7.45%  31.0   50s
H22346 10222                    9869.0000000 9138.50295  7.40%  31.1   50s
H23411 10035                    9868.0000000 9138.90120  7.39%  32.0   52s
 24635 10279 9274.31646   46  190 9868.00000 9139.53158  7.38%  33.2   55s
 27329 10965 9301.20636   52  165 9868.00000 9141.18588  7.37%  35.2   60s
 31262 11762 infeasible   49      9868.00000 9142.94209  7.35%  36.6   65s
 34512 12785 9342.42271   50  171 9868.00000 9145.32818  7.32%  37.8   70s
 37263 13101 9728.90286   43  160 9868.00000 9148.64108  7.29%  38.9   75s
 41565 13892 9158.94505   41  191 9868.00000 9151.68813  7.26%  39.2   80s
 45689 14379     cutoff   49      9868.00000 9157.37688  7.20%  39.4   85s
 48925 15322 9370.29078   52  123 9868.00000 9158.30592  7.19%  40.0   90s
 53090 17734 9386.37241   38  162 9868.00000 9159.63526  7.18%  40.3   95s
 57141 19470 9806.65847   52  182 9868.00000 9160.17993  7.17%  40.6  100s
 60499 21352 9644.00000   48  132 9868.00000 9160.35842  7.17%  40.9  105s
 64684 23440     cutoff   49      9868.00000 9160.62159  7.17%  41.0  110s
 68703 25131 9183.44197   48  228 9868.00000 9160.91464  7.17%  41.0  115s
 72004 26143 9194.27463   47  208 9868.00000 9161.36202  7.16%  41.4  120s
 75888 27843 infeasible   62      9868.00000 9162.08508  7.15%  41.8  125s
 79320 29411 infeasible   50      9868.00000 9162.57033  7.15%  41.8  130s
 83062 31005 9603.75945   59  111 9868.00000 9162.98003  7.14%  41.9  135s
 86814 32751 9694.00000   70   74 9868.00000 9163.77993  7.14%  42.1  140s
 90618 34426 9186.05842   45  171 9868.00000 9164.96715  7.12%  42.3  145s
 94046 35902 9644.35000   47  124 9868.00000 9166.24554  7.11%  42.4  150s
 97746 37407 infeasible   58      9868.00000 9167.15789  7.10%  42.7  155s
 101283 38752 9194.64282   47  210 9868.00000 9168.52667  7.09%  43.0  160s
 104584 40135 9618.60255   45  121 9868.00000 9169.49586  7.08%  43.2  165s
 107366 41190 9387.43685   41  210 9868.00000 9170.70652  7.07%  43.5  170s
 110859 42708 9579.80000   46  178 9868.00000 9171.86465  7.05%  43.6  175s
 114351 44143 9266.00000   51  168 9868.00000 9173.59860  7.04%  43.8  180s
 119180 45894 infeasible   63      9868.00000 9174.75819  7.03%  43.7  185s
 122959 47415 infeasible   49      9868.00000 9176.20465  7.01%  43.8  190s
 126863 49202 9349.96099   42  206 9868.00000 9177.49668  7.00%  43.8  195s
 130654 51072 9379.46983   45  202 9868.00000 9178.89028  6.98%  43.9  200s
 135367 52732 9452.93478   56  145 9868.00000 9180.00000  6.97%  43.9  205s
 140197 54999 9456.00000   59  160 9868.00000 9180.19342  6.97%  43.7  210s
 144560 56867 9790.73608   43  192 9868.00000 9180.47000  6.97%  43.6  215s
 147843 58128 9605.03816   54  179 9868.00000 9181.01102  6.96%  43.9  220s
 152127 60250 9186.90364   45  201 9868.00000 9182.00000  6.95%  43.8  225s
 156592 61894 9508.01852   55  133 9868.00000 9182.24000  6.95%  43.8  230s
 159796 63835 9194.80674   40  211 9868.00000 9182.47537  6.95%  43.7  235s
 164972 65294 infeasible   52      9868.00000 9182.86369  6.94%  43.6  240s
 168962 66998 infeasible   48      9868.00000 9183.47463  6.94%  43.6  245s
 173601 68868 infeasible   54      9868.00000 9184.13688  6.93%  43.5  250s
 177645 70305 9660.07671   45  171 9868.00000 9185.11737  6.92%  43.6  255s
 181061 72181 9396.00000   43  191 9868.00000 9186.01664  6.91%  43.7  260s
 186178 73818     cutoff   50      9868.00000 9186.80000  6.90%  43.5  265s
 190205 75280     cutoff   60      9868.00000 9187.57706  6.90%  43.6  270s
 194399 77373 9430.21413   52  155 9868.00000 9188.05473  6.89%  43.5  275s
 198865 79360 infeasible   78      9868.00000 9188.17188  6.89%  43.4  280s
 203363 81381 9460.35842   51  131 9868.00000 9188.42412  6.89%  43.3  285s
 208208 84168 9388.70911   48  132 9868.00000 9188.55652  6.89%  43.1  290s
 212915 86208 9436.24434   47  159 9868.00000 9188.94543  6.88%  42.9  295s
 217378 87855 9462.41841   46  175 9868.00000 9189.37628  6.88%  42.8  300s
 222676 89931     cutoff   61      9868.00000 9189.99197  6.87%  42.7  305s
 226672 91694 9812.00000   57   98 9868.00000 9190.32586  6.87%  42.6  310s
 231416 93558 9828.75000   51  111 9868.00000 9190.76208  6.86%  42.5  315s
 236502 95865 infeasible   59      9868.00000 9191.46417  6.86%  42.3  320s
 240970 97862 9556.00000   55   93 9868.00000 9192.28139  6.85%  42.3  325s
 245856 100103 infeasible   48      9868.00000 9192.86464  6.84%  42.1  330s
 249819 101619 9630.00000   57  116 9868.00000 9193.48889  6.84%  42.1  335s
 254608 103641 9363.00000   44  118 9868.00000 9194.39559  6.83%  42.0  340s
 258867 105119 9236.72750   49  187 9868.00000 9195.15209  6.82%  42.0  345s
 262864 107001 9349.00000   47  136 9868.00000 9196.04137  6.81%  42.0  350s
 266840 108687 9844.00000   54  102 9868.00000 9196.36032  6.81%  42.0  355s
 270960 110237 9318.21505   56  145 9868.00000 9196.70040  6.80%  41.9  360s
 275823 112263 infeasible   56      9868.00000 9197.29713  6.80%  41.9  365s
 279671 113985 9560.00000   50  107 9868.00000 9197.91452  6.79%  41.8  370s
 283939 115580 9630.21356   56  127 9868.00000 9198.62228  6.78%  41.8  375s
 288036 117443     cutoff   44      9868.00000 9199.44523  6.77%  41.8  380s
 292836 119342 9660.00000   47  134 9868.00000 9200.00000  6.77%  41.7  385s
 297028 121012 infeasible   50      9868.00000 9200.37453  6.77%  41.7  390s
 300301 122256 9418.38442   48  155 9868.00000 9200.74052  6.76%  41.8  395s
 305099 124197     cutoff   52      9868.00000 9201.48877  6.75%  41.7  400s
 308413 125752 9298.00000   50  151 9868.00000 9202.00000  6.75%  41.7  405s
 313848 127829 9230.09119   48  153 9868.00000 9202.09119  6.75%  41.7  410s
 318034 129563 9568.24590   53  139 9868.00000 9202.20711  6.75%  41.6  415s
 322873 131835     cutoff   61      9868.00000 9202.45082  6.74%  41.5  420s
 327367 133543 9699.27830   48  136 9868.00000 9202.75000  6.74%  41.5  425s
 330715 135168 9224.06208   44  187 9868.00000 9203.10842  6.74%  41.5  430s
 335856 137147 9650.57831   60  137 9868.00000 9203.75741  6.73%  41.4  435s
 339878 139151 9692.00000   59  103 9868.00000 9204.25954  6.73%  41.4  440s
 344515 140511 9658.22643   54  155 9868.00000 9204.69062  6.72%  41.3  445s
 348101 142093 9628.19475   47  148 9868.00000 9205.42355  6.71%  41.3  450s
 352695 143898 9269.13405   47  180 9868.00000 9206.01319  6.71%  41.3  455s
 356806 145631 9206.44871   35  282 9868.00000 9206.41825  6.70%  41.3  460s
 360900 147790 9648.00000   47  178 9868.00000 9206.61721  6.70%  41.2  465s
 365719 149779 infeasible   56      9868.00000 9207.02906  6.70%  41.2  470s
 369975 151600 9676.19578   43  180 9868.00000 9207.67095  6.69%  41.2  475s
 374296 153289 9208.38997   45  187 9868.00000 9208.00000  6.69%  41.2  480s
 378803 155562 9712.77232   59  127 9868.00000 9208.05473  6.69%  41.1  485s
 384036 157740 9324.06525   46  126 9868.00000 9208.10179  6.69%  41.0  490s
 389250 160128     cutoff   58      9868.00000 9208.29002  6.69%  40.9  495s
 393036 161682 9414.91450   51  106 9868.00000 9208.36939  6.68%  40.9  500s
 397554 164067 9813.02475   52  133 9868.00000 9208.46643  6.68%  40.8  505s
 402353 165766 9784.00000   56   81 9868.00000 9208.55652  6.68%  40.8  510s
 406322 167335     cutoff   51      9868.00000 9208.68124  6.68%  40.8  515s
 410392 169241 9758.02371   52  158 9868.00000 9208.76923  6.68%  40.7  520s
 415379 171204 9223.18858   46  203 9868.00000 9208.94675  6.68%  40.7  525s
 418777 172715 9542.65000   47  121 9868.00000 9209.12344  6.68%  40.7  530s
 423143 174475 9783.88000   67   50 9868.00000 9209.40862  6.67%  40.6  535s
 427956 176445 9453.86613   56  132 9868.00000 9209.80000  6.67%  40.6  540s
 432312 178507 9454.00000   53  135 9868.00000 9210.05063  6.67%  40.6  545s
 436603 179953 infeasible   44      9868.00000 9210.19565  6.67%  40.5  550s
 440847 181611 9426.34169   54  142 9868.00000 9210.44741  6.66%  40.5  555s
 445136 183412 9545.93423   47  167 9868.00000 9210.64540  6.66%  40.5  560s
 448847 185530 9760.00000   54  107 9868.00000 9210.76923  6.66%  40.5  565s
 453700 187073 9842.80272   62  109 9868.00000 9211.03802  6.66%  40.4  570s
 458339 188823 9673.48299   60   96 9868.00000 9211.17347  6.66%  40.3  575s
 462964 190519 infeasible   62      9868.00000 9211.51289  6.65%  40.3  580s
 466272 192049 9309.32570   46  159 9868.00000 9211.87327  6.65%  40.3  585s
 471213 193471 9760.91531   58  166 9868.00000 9212.32476  6.64%  40.3  590s
 475738 195207 9608.75442   57  162 9868.00000 9212.67882  6.64%  40.2  595s
 479740 196643 9257.08022   44  173 9868.00000 9213.04498  6.64%  40.2  600s
 483981 198265 infeasible   56      9868.00000 9213.51496  6.63%  40.2  605s
 487877 200009 9217.07775   48  207 9868.00000 9214.00000  6.63%  40.2  610s
 492046 201430 9654.35842   52  141 9868.00000 9214.19342  6.63%  40.2  615s
 497316 203406 infeasible   47      9868.00000 9214.45156  6.62%  40.1  620s
 501879 205218 9736.00000   66  113 9868.00000 9214.70588  6.62%  40.1  625s
 505813 206890 9819.01988   52  139 9868.00000 9215.07557  6.62%  40.1  630s
 510846 209156 infeasible   45      9868.00000 9215.68555  6.61%  40.0  635s
 514579 210785 9452.00000   58  108 9868.00000 9216.05473  6.61%  40.0  640s
 519797 213566 9780.98901   93   84 9868.00000 9216.05473  6.61%  39.9  645s
 524761 215803 9442.00000   48  124 9868.00000 9216.06253  6.61%  39.9  650s

Cutting planes:
  Learned: 228
  Gomory: 318
  Cover: 128
  Implied bound: 28
  Projected implied bound: 11
  Clique: 23
  MIR: 79
  StrongCG: 16
  Flow cover: 298
  Zero half: 25
  Network: 5
  RLT: 33
  Relax-and-lift: 9

Explored 528641 nodes (21105691 simplex iterations) in 653.28 seconds (943.26 work units)
Thread count was 8 (of 8 available processors)

Solution count 10: 9868 9869 9874 ... 10225

Solve interrupted
Best objective 9.868000000000e+03, best bound 9.216086528885e+03, gap 6.6063%

User-callback calls 1277586, time in user-callback 3.15 sec

Statistics for modelBBKS_BWT:
  Linear constraint matrix    : 10395 Constrs, 4381 Vars, 43607 NZs
  Variable types              : 1295 Continuous,
3086 Integer (911 Binary)
  Matrix coefficient range    : [ 1, 382 ]
  Objective coefficient range : [ 1, 382 ]
  Variable bound range        : [ 1, 199 ]
  RHS coefficient range       : [ 1, 10390 ]
