
Gurobi 10.0.1 (linux64) logging started Sun Mar 31 22:44:15 2024

Set parameter LogFile to value "/data/optimi/optimi/kombadon/drings/SBahn/s-bahn-data/scripts/DeniseMA/processed/BBKS_BWT/RINS/BBKS_BWT_202403312232_random1_0.9.log"
Gurobi Optimizer version 10.0.1 build v10.0.1rc0 (linux64)

CPU model: Intel(R) Xeon(R) CPU E3-1270 v6 @ 3.80GHz, instruction set [SSE2|AVX|AVX2]
Thread count: 4 physical cores, 8 logical processors, using up to 8 threads

Optimize a model with 10509 rows, 4381 columns and 43721 nonzeros
Model fingerprint: 0x76cd4287
Variable types: 1295 continuous, 3086 integer (911 binary)
Coefficient statistics:
  Matrix range     [1e+00, 4e+02]
  Objective range  [1e+00, 4e+02]
  Bounds range     [1e+00, 2e+02]
  RHS range        [1e+00, 1e+04]

User MIP start did not produce a new incumbent solution
User MIP start violates constraint objective_cutoff by 104.950000000

Presolve removed 4089 rows and 1346 columns
Presolve time: 0.10s
Presolved: 6420 rows, 3035 columns, 27761 nonzeros
Variable types: 770 continuous, 2265 integer (2265 binary)

Root relaxation: objective 8.872000e+03, 1846 iterations, 0.03 seconds (0.03 work units)
Another try with MIP start

    Nodes    |    Current Node    |     Objective Bounds      |     Work
 Expl Unexpl |  Obj  Depth IntInf | Incumbent    BestBd   Gap | It/Node Time

     0     0 8872.00000    0  127          - 8872.00000      -     -    0s
     0     0 8872.00000    0  294          - 8872.00000      -     -    0s
     0     0 8872.00000    0  293          - 8872.00000      -     -    0s
     0     0 8895.01651    0  154          - 8895.01651      -     -    0s
     0     0 8895.01651    0  215          - 8895.01651      -     -    0s
     0     0 8900.10425    0  304          - 8900.10425      -     -    0s
     0     0 8900.10425    0  342          - 8900.10425      -     -    0s
     0     0 8905.78979    0  329          - 8905.78979      -     -    0s
     0     0 8905.78979    0  287          - 8905.78979      -     -    0s
     0     0 8905.78979    0  306          - 8905.78979      -     -    0s
     0     0 8905.85556    0  325          - 8905.85556      -     -    1s
     0     0 8905.85860    0  318          - 8905.85860      -     -    1s
     0     0 8905.86436    0  194          - 8905.86436      -     -    1s
     0     0 8905.86436    0  237          - 8905.86436      -     -    1s
     0     0 8906.72928    0  311          - 8906.72928      -     -    1s
     0     0 8906.73312    0  339          - 8906.73312      -     -    1s
     0     0 8906.73641    0  338          - 8906.73641      -     -    1s
     0     0 8984.00000    0  310          - 8984.00000      -     -    1s
     0     0 8984.00000    0  350          - 8984.00000      -     -    1s
     0     0 8984.00000    0  353          - 8984.00000      -     -    1s
     0     0 8984.00000    0  352          - 8984.00000      -     -    1s
     0     0 8984.00000    0  308          - 8984.00000      -     -    1s
     0     0 8984.00000    0  359          - 8984.00000      -     -    1s
     0     0 8984.00000    0  316          - 8984.00000      -     -    1s
     0     0 8984.00000    0  297          - 8984.00000      -     -    1s
     0     0 8984.00000    0  351          - 8984.00000      -     -    2s
     0     0 8984.00000    0  192          - 8984.00000      -     -    2s
     0     2 8984.00000    0  175          - 8984.00000      -     -    2s
  1047   872 9008.50921   13  205          - 9008.50921      -   9.3    5s
  4646  2788 9120.14481   20  208          - 9120.14481      -  36.6   10s
 10329  6858 infeasible   65               - 9120.25517      -  35.1   15s
 16578 11440 infeasible   54               - 9122.68698      -  33.7   20s
 20988 14348 9614.00000   66  192          - 9125.27130      -  32.9   29s
 20991 14350 9258.81720   34  273          - 9125.27130      -  32.9   30s
H21006 13641                    10272.000000 9140.21199  11.0%  32.9   35s
H21007 12960                    10251.000000 9140.21563  10.8%  32.9   35s
H21007 12311                    10206.000000 9140.21563  10.4%  32.9   35s
H21010 11697                    10197.000000 9140.21563  10.4%  32.9   37s
H21010 11112                    10193.000000 9140.21563  10.3%  32.9   37s
 21015 11115 9267.44489   36  276 10193.0000 9140.43184  10.3%  32.9   40s
 21022 11120 9169.14481   18  301 10193.0000 9140.43184  10.3%  32.8   45s
 21037 11130 9852.04313   53  248 10193.0000 9140.90970  10.3%  32.8   50s
 22080 11537 9160.96618   34  198 10193.0000 9141.17580  10.3%  34.4   55s
 23634 12061 9480.34526   39  156 10193.0000 9151.37162  10.2%  35.1   60s
 26772 13305 10038.0000   81   65 10193.0000 9158.39199  10.2%  36.4   65s
 30174 14439 10086.0000   48   80 10193.0000 9159.73326  10.1%  36.9   70s
H31288 11579                    9888.0000000 9160.00000  7.36%  37.2   72s
H31895 10918                    9886.0000000 9160.00000  7.34%  37.3   73s
H32009 10284                    9869.0000000 9160.00000  7.18%  37.3   73s
 33733 10492 9748.01252   49  113 9869.00000 9160.26686  7.18%  37.2   75s
 36986 11007 9258.36939   40  167 9869.00000 9161.33309  7.17%  37.9   80s
 39895 11196 9455.42557   46  105 9869.00000 9163.25993  7.15%  38.6   85s
H43013 10875                    9868.0000000 9166.00601  7.11%  39.0   89s
 43072 10992 9349.26764   38  170 9868.00000 9166.20080  7.11%  39.0   90s
 46662 11298 9182.88889   37  169 9868.00000 9170.24133  7.07%  39.3   95s
 50147 12030 9432.18282   38  166 9868.00000 9174.65490  7.03%  39.6  100s
 53345 13239 9659.74400   52  100 9868.00000 9178.00000  6.99%  39.9  105s
 56672 14516 9190.00000   36  133 9868.00000 9180.00000  6.97%  40.1  110s
 60512 16028 9328.00000   38  170 9868.00000 9180.00000  6.97%  40.6  115s
 64577 17385 9273.22024   36  202 9868.00000 9180.40098  6.97%  40.5  120s
 68300 18811 9848.36939   49   91 9868.00000 9181.43266  6.96%  40.5  125s
 72179 20402 9800.00000   48  105 9868.00000 9182.47934  6.95%  40.7  130s
 76281 21801 9388.09000   42  175 9868.00000 9183.67490  6.93%  40.6  135s
 80514 23338 9188.82913   40  180 9868.00000 9185.50238  6.92%  40.6  140s
 84306 24436 infeasible   47      9868.00000 9188.94533  6.88%  40.8  145s
 87851 25484 9278.00000   40  188 9868.00000 9191.63266  6.85%  40.9  150s
 91747 26555 9830.70675   46  155 9868.00000 9194.72734  6.82%  41.0  155s
 95244 27371 infeasible   44      9868.00000 9197.79512  6.79%  41.1  160s
 98678 28278 9211.38335   36  193 9868.00000 9200.00000  6.77%  41.3  165s
 102408 29410 9584.48440   47  157 9868.00000 9201.37391  6.76%  41.4  170s
 106104 30392 9625.15728   42  125 9868.00000 9203.00328  6.74%  41.5  175s
 109131 30947 9812.00000   43  109 9868.00000 9206.70753  6.70%  41.7  180s
 112821 31730 infeasible   44      9868.00000 9208.71693  6.68%  41.9  185s
 115707 32425 9697.19385   43  110 9868.00000 9210.36939  6.66%  42.0  190s
 118746 33034 infeasible   43      9868.00000 9212.45578  6.64%  42.0  195s
 122471 33709 infeasible   60      9868.00000 9216.19957  6.61%  42.3  200s
 125802 34493 9410.44244   41  160 9868.00000 9221.04350  6.56%  42.4  205s
 129486 35102 infeasible   50      9868.00000 9226.18282  6.50%  42.5  210s
 133703 36242 9624.22222   49  113 9868.00000 9230.00000  6.47%  42.4  215s
 137151 37108 infeasible   60      9868.00000 9235.97778  6.40%  42.4  220s
 141172 38115 9478.00000   49  123 9868.00000 9244.00000  6.32%  42.4  225s
 145375 39121 9709.98919   51  123 9868.00000 9251.42532  6.25%  42.3  230s
 149298 40132 9608.78507   44  147 9868.00000 9258.50295  6.18%  42.3  235s
 153369 41126 9686.00000   41  146 9868.00000 9266.01339  6.10%  42.2  240s
 158230 42780 9472.63985   37  153 9868.00000 9272.00000  6.04%  42.1  245s
 162164 44120 9632.17002   55   79 9868.00000 9277.35477  5.99%  42.0  250s
 166336 45614 infeasible   50      9868.00000 9278.81248  5.97%  41.9  255s
 170660 46807 9499.34826   42  130 9868.00000 9286.00000  5.90%  41.8  260s
 174757 48115     cutoff   48      9868.00000 9288.41975  5.87%  41.7  265s
 179255 49681 9783.00000   74   66 9868.00000 9293.00100  5.83%  41.5  270s
 184394 51601     cutoff   60      9868.00000 9296.50615  5.79%  41.2  275s
 189282 53277 9782.00000   54   84 9868.00000 9299.79535  5.76%  41.0  280s
 193446 54565 9632.00000   55  112 9868.00000 9303.50000  5.72%  40.8  285s
 197356 55671 9498.00000   44  150 9868.00000 9306.44720  5.69%  40.8  290s
 201990 57089 9330.40995   44  158 9868.00000 9309.85432  5.66%  40.7  295s
 206029 58109 infeasible   51      9868.00000 9313.07598  5.62%  40.6  300s
 211291 60069 9524.00000   45  121 9868.00000 9316.00000  5.59%  40.4  305s
 215764 61470 9321.88735   45  231 9868.00000 9317.67425  5.58%  40.2  310s
 220229 63061     cutoff   46      9868.00000 9319.72971  5.56%  40.1  315s
 224484 64113 9794.20888   55  127 9868.00000 9321.63978  5.54%  40.0  320s
 228506 65222 9494.00000   48  133 9868.00000 9323.95571  5.51%  39.9  325s
 233013 66489 infeasible   53      9868.00000 9326.16670  5.49%  39.8  330s
 237685 67775 infeasible   44      9868.00000 9327.17793  5.48%  39.7  335s
 241934 69029 9838.00000   78   95 9868.00000 9328.27486  5.47%  39.7  340s
 245972 69906 9421.41353   42  139 9868.00000 9329.73096  5.45%  39.6  345s
 249896 70740 9606.63985   42  144 9868.00000 9332.25352  5.43%  39.6  350s
 253771 71537 infeasible   42      9868.00000 9335.37559  5.40%  39.6  355s
 257647 72636 infeasible   50      9868.00000 9336.90667  5.38%  39.6  360s
 262109 73795 9816.00000   56   83 9868.00000 9339.71760  5.35%  39.4  365s
 266575 75080 9754.00000   47   98 9868.00000 9342.25352  5.33%  39.3  370s
 270562 76117 9696.00000   54   78 9868.00000 9345.72971  5.29%  39.3  375s
 275858 77721 9700.00000   49  124 9868.00000 9347.76391  5.27%  39.1  380s
 280546 78942 9700.00000   44  106 9868.00000 9350.50000  5.24%  39.0  385s
 284800 80051 9456.00000   46  131 9868.00000 9354.39741  5.20%  38.9  390s
 289004 80980 infeasible   53      9868.00000 9358.00000  5.17%  38.9  395s
 292860 81967 9866.04511   44  113 9868.00000 9362.09721  5.13%  38.9  400s
 296926 82961 9418.65947   43  165 9868.00000 9366.13355  5.09%  38.8  405s
 301668 84175 infeasible   63      9868.00000 9369.08383  5.06%  38.7  410s
 305134 85037 9760.00000   54  150 9868.00000 9371.90055  5.03%  38.7  415s
 309642 86168 9656.00000   51  102 9868.00000 9377.85973  4.97%  38.6  420s
 313453 87175 9756.20652   60   76 9868.00000 9380.59534  4.94%  38.6  425s
 317998 88592 9684.00000   46  133 9868.00000 9382.74498  4.92%  38.5  430s
 322345 89853 9744.00000   45  105 9868.00000 9386.00000  4.88%  38.4  435s
 326566 90933 infeasible   44      9868.00000 9388.49512  4.86%  38.4  440s
 330602 91893 9410.89352   41  168 9868.00000 9390.16906  4.84%  38.4  445s
 334596 93021 9820.00000   60   69 9868.00000 9392.15590  4.82%  38.3  450s
 339027 94114 9614.39385   43  126 9868.00000 9395.45702  4.79%  38.2  455s
 343219 95213 infeasible   46      9868.00000 9396.70719  4.78%  38.2  460s
 347519 96461 9836.00000   49  107 9868.00000 9398.62681  4.76%  38.2  465s
 352184 97958 9530.00000   48  129 9868.00000 9400.88298  4.73%  38.1  470s
 356623 99229 9794.00000   51  132 9868.00000 9403.31206  4.71%  38.1  475s
 360543 100265 9718.00000   56   90 9868.00000 9406.00000  4.68%  38.0  480s
 364461 101282 9462.00000   44  132 9868.00000 9408.00000  4.66%  38.0  485s
 368164 102797 9597.00000   47  160 9868.00000 9408.00000  4.66%  38.0  490s
 373250 104448 9646.00000   47  112 9868.00000 9408.13355  4.66%  37.9  495s
 377714 105974 9474.37807   48  117 9868.00000 9408.17496  4.66%  37.8  500s
 381559 106903 9803.17409   49  138 9868.00000 9408.36939  4.66%  37.8  505s
 385840 107834     cutoff   43      9868.00000 9409.21940  4.65%  37.8  510s
 390414 108753 9462.00000   46  118 9868.00000 9410.03996  4.64%  37.8  515s
 393714 109456     cutoff   56      9868.00000 9410.67885  4.63%  37.8  520s
 398524 110634 infeasible   54      9868.00000 9412.00000  4.62%  37.7  525s
 402281 111791 9774.00000   65   51 9868.00000 9413.93477  4.60%  37.7  530s
 406759 113199 9803.52785   41   99 9868.00000 9415.85739  4.58%  37.6  535s
 411804 114692 9566.17698   44  148 9868.00000 9416.21913  4.58%  37.5  540s
 416401 115852     cutoff   48      9868.00000 9416.78386  4.57%  37.5  545s
 420652 117081 9744.00000   51  121 9868.00000 9418.18617  4.56%  37.4  550s
 424024 117526     cutoff   52      9868.00000 9418.52515  4.55%  37.5  555s
 428331 118647 9524.00000   49  137 9868.00000 9420.10420  4.54%  37.5  560s
 432093 119464 infeasible   50      9868.00000 9422.00000  4.52%  37.4  565s
 436439 120796 infeasible   51      9868.00000 9422.18282  4.52%  37.4  570s
 440120 121533 9606.00000   39  126 9868.00000 9422.90667  4.51%  37.4  575s
 444260 122435     cutoff   53      9868.00000 9424.54638  4.49%  37.4  580s
 448272 123386 9823.00000   69   42 9868.00000 9426.80897  4.47%  37.4  585s
 452421 124025 infeasible   66      9868.00000 9428.00000  4.46%  37.4  590s
 455805 124536 infeasible   62      9868.00000 9428.00000  4.46%  37.5  595s
 459361 125129 infeasible   47      9868.00000 9428.00000  4.46%  37.5  600s
 463006 125683     cutoff   49      9868.00000 9428.00000  4.46%  37.5  605s
 467359 126761 infeasible   48      9868.00000 9429.21940  4.45%  37.5  610s
 470926 127584 9578.00000   53  123 9868.00000 9430.00000  4.44%  37.5  615s
 475268 128499 9662.00000   55  114 9868.00000 9430.26686  4.44%  37.4  620s
 479316 129289 9656.00000   51  113 9868.00000 9432.00000  4.42%  37.4  625s
 482803 129987 9780.81899   57  108 9868.00000 9433.24476  4.41%  37.4  630s
 487354 131459     cutoff   54      9868.00000 9434.24273  4.40%  37.4  635s
 492087 132785 9711.00000   66   73 9868.00000 9436.00000  4.38%  37.3  640s
 496321 133846 infeasible   56      9868.00000 9436.00000  4.38%  37.3  645s
 500259 134964 9494.00000   49  130 9868.00000 9436.06406  4.38%  37.3  650s
 505381 136607 9716.00000   52  110 9868.00000 9436.16670  4.38%  37.2  655s
 510161 138048 9624.00000   51   92 9868.00000 9437.56897  4.36%  37.1  660s
 514446 138991 infeasible   51      9868.00000 9438.26385  4.35%  37.1  665s
 518551 139767     cutoff   44      9868.00000 9440.00000  4.34%  37.1  670s
 522244 140415 infeasible   47      9868.00000 9440.52515  4.33%  37.1  675s
 526615 141611 9622.00000   51  120 9868.00000 9442.00000  4.32%  37.0  680s
 530758 142724 9810.00000   58   97 9868.00000 9442.69596  4.31%  37.0  685s

Cutting planes:
  Learned: 218
  Gomory: 437
  Cover: 110
  Implied bound: 21
  Projected implied bound: 18
  Clique: 17
  MIR: 85
  StrongCG: 11
  Flow cover: 268
  GUB cover: 1
  Zero half: 10
  Network: 11
  RLT: 53
  Relax-and-lift: 11

Explored 535105 nodes (19850260 simplex iterations) in 689.76 seconds (969.15 work units)
Thread count was 8 (of 8 available processors)

Solution count 9: 9868 9869 9886 ... 10272

Solve interrupted
Best objective 9.868000000000e+03, best bound 9.444123456790e+03, gap 4.2955%

User-callback calls 1322226, time in user-callback 3.68 sec

Statistics for modelBBKS_BWT:
  Linear constraint matrix    : 10509 Constrs, 4381 Vars, 43721 NZs
  Variable types              : 1295 Continuous,
3086 Integer (911 Binary)
  Matrix coefficient range    : [ 1, 382 ]
  Objective coefficient range : [ 1, 382 ]
  Variable bound range        : [ 1, 199 ]
  RHS coefficient range       : [ 1, 10390 ]
