
Gurobi 10.0.1 (mac64[arm]) logging started Mon Apr  8 05:07:07 2024

Set parameter LogFile to value "/Users/deniserings/Documents/zib/s-bahn-data/scripts/DeniseMA/processed/BWKS_medium_september/Branching/BWKS_medium_september_random1_subMBP202404072240.log"
Gurobi Optimizer version 10.0.1 build v10.0.1rc0 (mac64[arm])

CPU model: Apple M2
Thread count: 8 physical cores, 8 logical processors, using up to 8 threads

Optimize a model with 9849 rows, 4887 columns and 48727 nonzeros
Model fingerprint: 0x998f0ca5
Variable types: 1864 continuous, 3023 integer (825 binary)
Coefficient statistics:
  Matrix range     [1e+00, 2e+02]
  Objective range  [1e+00, 4e+02]
  Bounds range     [1e+00, 2e+02]
  RHS range        [1e+00, 5e+02]

Loaded user MIP start with objective 9484

Presolve removed 3855 rows and 1401 columns
Presolve time: 0.08s
Presolved: 5994 rows, 3486 columns, 33154 nonzeros
Found heuristic solution: objective 9483.9998138
Variable types: 1175 continuous, 2311 integer (2311 binary)

Root relaxation: objective 8.450000e+03, 1845 iterations, 0.02 seconds (0.05 work units)

    Nodes    |    Current Node    |     Objective Bounds      |     Work
 Expl Unexpl |  Obj  Depth IntInf | Incumbent    BestBd   Gap | It/Node Time

     0     0 8449.99981    0   83 9483.99981 8449.99981  10.9%     -    0s
     0     0 8449.99981    0  114 9483.99981 8449.99981  10.9%     -    0s
     0     0 8449.99981    0  113 9483.99981 8449.99981  10.9%     -    0s
     0     0 8449.99981    0   64 9483.99981 8449.99981  10.9%     -    0s
     0     0 8449.99981    0   74 9483.99981 8449.99981  10.9%     -    0s
     0     0 8449.99981    0   52 9483.99981 8449.99981  10.9%     -    0s
     0     0 8449.99981    0   57 9483.99981 8449.99981  10.9%     -    1s
     0     0 8449.99981    0   43 9483.99981 8449.99981  10.9%     -    1s
     0     0 8449.99981    0   47 9483.99981 8449.99981  10.9%     -    1s
H    0     0                    9483.9994821 8449.99981  10.9%     -    1s
     0     0 8449.99981    0   36 9483.99948 8449.99981  10.9%     -    1s
     0     0 8449.99981    0   47 9483.99948 8449.99981  10.9%     -    1s
     0     0 8449.99981    0   52 9483.99948 8449.99981  10.9%     -    1s
     0     0 8449.99981    0   60 9483.99948 8449.99981  10.9%     -    1s
     0     0 8449.99981    0   42 9483.99948 8449.99981  10.9%     -    1s
     0     0 8449.99981    0   49 9483.99948 8449.99981  10.9%     -    1s
     0     0 8449.99981    0   39 9483.99948 8449.99981  10.9%     -    2s
     0     0 8449.99981    0   45 9483.99948 8449.99981  10.9%     -    2s
     0     0 8449.99981    0   42 9483.99948 8449.99981  10.9%     -    2s
     0     0 8449.99981    0   33 9483.99948 8449.99981  10.9%     -    2s
     0     2 8449.99981    0   33 9483.99948 8449.99981  10.9%     -    2s
H  525   553                    9481.9997345 8449.99981  10.9%  32.0    3s
H  706   647                    9481.9997254 8449.99981  10.9%  30.6    4s
  1605  1357 8535.99981    9   33 9481.99973 8449.99981  10.9%  26.9    5s
H 1610  1291                    9316.9998138 8449.99981  9.31%  26.8    6s
H 1613  1229                    9309.9998138 8449.99981  9.24%  26.8    6s
H 1616  1169                    9254.9998138 8449.99981  8.70%  26.7    7s
H 1617  1111                    9252.9997494 8449.99981  8.68%  26.7    7s
H 1617  1055                    9242.9998138 8449.99981  8.58%  26.7    7s
H 1617  1002                    9238.9998138 8449.99981  8.54%  26.7    7s
H 1627   958                    9238.9997616 8450.10615  8.54%  26.5    8s
H 1627   910                    9185.9998138 8450.10615  8.01%  26.5    8s
H 1628   864                    9185.9997276 8450.10615  8.01%  26.5    8s
H 1631   822                    9185.9996927 8450.10615  8.01%  26.5    9s
  1798  1026 8458.22336   23   58 9185.99969 8450.10615  8.01%  43.5   10s
H 2071  1053                    9131.9998138 8450.10615  7.47%  42.1   10s
H 2171  1088                    8884.9997679 8450.10615  4.89%  41.5   11s
H 2224  1033                    8884.9996571 8450.10615  4.89%  41.2   11s
H 2225   960                    8821.9998138 8450.10615  4.22%  41.2   12s
H 2226   925                    8808.9998138 8450.10615  4.07%  41.2   12s
H 2250  1002                    8808.9996986 8450.10615  4.07%  41.0   13s
H 2322   947                    8808.9996111 8450.10615  4.07%  40.4   13s
H 2340   912                    8808.9990025 8450.10615  4.07%  40.3   13s
H 2359   877                    8783.9997358 8450.10615  3.80%  40.1   13s
H 2378   844                    8782.9998138 8450.10615  3.79%  40.0   13s
H 3406  1428                    8782.9996920 8450.10615  3.79%  38.2   14s
H 3419  1415                    8775.9998138 8450.10615  3.71%  38.2   14s
H 3420  1415                    8775.9997063 8450.10615  3.71%  38.2   14s
  3995  2002 8580.99981   53  131 8775.99971 8450.10615  3.71%  37.6   15s
H 4353  2010                    8775.9996261 8450.10615  3.71%  37.3   15s
H 4355  1989                    8770.9997824 8450.10615  3.66%  37.4   15s
H 5582  3015                    8770.9996966 8450.10615  3.66%  36.6   16s
H 6832  3800                    8770.9987907 8450.10615  3.66%  36.1   18s
  8227  5092 8450.10768   22  103 8770.99879 8450.10615  3.66%  36.0   20s
 14385  9600 8570.22335   39   75 8770.99879 8450.10615  3.66%  35.9   25s
 19868 14357 8670.99981   73   69 8770.99879 8450.10615  3.66%  35.3   30s
H23572 16179                    8770.9987844 8450.10615  3.66%  34.7   34s
 23651 17090 8689.99981   42   95 8770.99878 8450.10615  3.66%  34.7   35s
 28860 20912 8552.06392   42   85 8770.99878 8450.10615  3.66%  34.0   40s
 30216 22192 8464.17065   48   90 8770.99878 8450.10615  3.66%  34.0   46s
 35630 25414 8688.99981   67   53 8770.99878 8450.10656  3.66%  34.0   50s
H38453 27213                    8766.9998138 8450.10768  3.61%  34.1   51s
H40660 28417                    8766.9997767 8450.10768  3.61%  33.9   53s
 42310 29693 8527.99981   60   77 8766.99978 8450.10798  3.61%  34.0   55s
H42646 29693                    8766.9997298 8450.10798  3.61%  34.0   55s
H42954 29766                    8766.9996927 8450.10798  3.61%  34.0   56s
H43441 30411                    8766.9996461 8450.10798  3.61%  34.0   57s
H45573 32587                    8763.9998138 8450.10798  3.58%  34.0   59s
 46816 33680 8476.33290   59   67 8763.99981 8450.10809  3.58%  34.2   60s
H48543 34291                    8763.9997764 8450.10809  3.58%  34.1   61s
H50739 35930                    8761.9998138 8450.10809  3.56%  34.3   62s
H51680 36391                    8761.9997782 8450.10809  3.56%  34.2   63s
H51707 36391                    8761.9997489 8450.10809  3.56%  34.2   63s
H51964 36391                    8761.9997474 8450.10809  3.56%  34.3   63s
 53917 38113 8719.99981  131   76 8761.99975 8450.10809  3.56%  34.2   65s
H54376 38113                    8761.9997450 8450.10809  3.56%  34.3   65s
 59194 42029 8723.99981  101   55 8761.99974 8450.10809  3.56%  34.5   70s
H61561 43390                    8761.9997091 8450.10809  3.56%  34.7   72s
H62540 43390                    8761.9996983 8450.10809  3.56%  34.8   72s
 65413 46494 8749.10655   48   70 8761.99970 8450.10809  3.56%  34.8   76s
 70977 50127 8450.10809   47   88 8761.99970 8450.10809  3.56%  34.9   80s
H78248 54065                    8761.9996609 8450.10809  3.56%  34.9   84s
 78292 55205 8470.23324   58   56 8761.99966 8450.10809  3.56%  34.9   85s
H79937 55477                    8761.9995435 8450.10809  3.56%  34.8   86s
 85266 59604 8558.28690   40   58 8761.99954 8450.10828  3.56%  35.0   90s
H88879 62086                    8761.9995287 8450.10828  3.56%  35.0   93s
 90205 63571 8707.22702  155   38 8761.99953 8450.10869  3.56%  35.2   95s
H90565 63111                    8756.9998138 8450.10869  3.50%  35.2   95s
 96347 67219 8450.17218   46   75 8756.99981 8450.10900  3.50%  35.2  100s
H97910 68181                    8755.9998138 8450.10900  3.49%  35.4  103s
 99148 69807 8659.99981  109   54 8755.99981 8450.10962  3.49%  35.4  105s
 108159 76569 8677.99981   69   59 8755.99981 8450.11097  3.49%  35.2  110s
 115122 81566 8663.99981   52   89 8755.99981 8450.12531  3.49%  35.5  115s
 121468 86226 infeasible  123      8755.99981 8450.12531  3.49%  35.4  120s
H124798 87725                    8755.9997803 8450.12531  3.49%  35.3  122s
 128619 91223 8749.97373  109   62 8755.99978 8450.14054  3.49%  35.3  125s
H129874 91364                    8755.9997354 8450.16091  3.49%  35.3  126s
 134942 96000 8717.81643  162   47 8755.99974 8450.17024  3.49%  35.2  130s
 140677 99945 infeasible   74      8755.99974 8450.17065  3.49%  35.2  135s
 148277 104071 8535.55099   70   62 8755.99974 8450.17065  3.49%  35.2  141s
 152819 108286 8626.17065   36   66 8755.99974 8450.17065  3.49%  35.1  145s
 160687 113819 8536.21388   37   86 8755.99974 8450.17065  3.49%  34.9  150s
 168236 118870 8465.60224   55   76 8755.99974 8450.17065  3.49%  34.9  155s
 174502 123103     cutoff   70      8755.99974 8450.17065  3.49%  34.9  160s
H174648 123103                    8755.9996985 8450.17065  3.49%  34.9  160s
 181279 128714 8450.17157   55   85 8755.99970 8450.17065  3.49%  34.9  165s
H185041 130438                    8755.9996626 8450.17065  3.49%  34.8  167s
 186913 132634 8505.35889   71   89 8755.99966 8450.17065  3.49%  34.8  170s
 195300 139002 8559.00378   68   64 8755.99966 8450.17141  3.49%  34.5  176s
 203010 143790 8669.99981  101   47 8755.99966 8450.17157  3.49%  34.4  180s
 209999 148741 8548.10655   55   68 8755.99966 8450.17157  3.49%  34.3  185s
 217260 153734 8620.73408  126   65 8755.99966 8450.17157  3.49%  34.1  190s
 223829 157986 8494.11511   74   63 8755.99966 8450.17157  3.49%  34.1  195s
 229578 161976 8617.54713   81   69 8755.99966 8450.17157  3.49%  34.0  200s
 236266 166559 8553.81235   60   90 8755.99966 8450.17157  3.49%  33.8  205s
 243114 171967 8702.74464  131   56 8755.99966 8450.17157  3.49%  33.8  210s
 251669 177832 8540.38273   37   75 8755.99966 8450.17178  3.49%  33.6  215s
 255206 184233 8704.99981  104   73 8755.99966 8450.17178  3.49%  33.5  222s
 264706 186131 8451.16929   53   96 8755.99966 8450.17178  3.49%  33.5  225s
 272381 191225 8705.99981  127   61 8755.99966 8450.17178  3.49%  33.4  230s
 279673 195647 8536.56542   70  104 8755.99966 8450.17178  3.49%  33.4  235s
 286378 199250 8471.23491   74  100 8755.99966 8450.17178  3.49%  33.5  240s
 294517 204635     cutoff   79      8755.99966 8450.17178  3.49%  33.4  245s
H294716 205015                    8755.9996404 8450.17178  3.49%  33.4  246s
 300043 209164 infeasible  129      8755.99964 8450.17178  3.49%  33.3  250s
 306047 213489 8651.40445   58   68 8755.99964 8450.17178  3.49%  33.2  255s
 314990 219167 8585.77363  134   65 8755.99964 8450.17178  3.49%  33.1  260s
 322257 224256     cutoff   66      8755.99964 8450.17218  3.49%  33.0  265s
 330134 229045 infeasible  117      8755.99964 8450.17218  3.49%  33.0  270s
H332505 230150                    8755.9996052 8450.17218  3.49%  33.1  272s
 336363 232674 8462.51331   75   88 8755.99961 8450.17218  3.49%  33.1  275s
H336365 232674                    8755.9978914 8450.17218  3.49%  33.1  275s
 342897 237498 8550.23324   68   85 8755.99789 8450.17218  3.49%  33.0  280s
 347562 241374 8741.57223   95   80 8755.99789 8450.17218  3.49%  33.0  285s
 356629 246981 8739.99981  119   38 8755.99789 8450.17218  3.49%  33.0  290s
 362395 249994 8496.68491   79   68 8755.99789 8450.17218  3.49%  33.0  295s
 370445 255857 8625.37836  103   71 8755.99789 8450.17218  3.49%  33.0  300s
 376829 260081 8672.99981   90   50 8755.99789 8450.17218  3.49%  33.0  305s
 383908 265507 8484.61956   71   66 8755.99789 8450.17218  3.49%  33.0  310s
 390842 269623     cutoff   76      8755.99789 8450.17218  3.49%  33.1  315s
 397073 274187 8504.89410   87   64 8755.99789 8450.17218  3.49%  33.1  320s
 403411 278699 8732.99981  109   60 8755.99789 8450.17218  3.49%  33.1  325s
 410239 283012 8591.23324   86   73 8755.99789 8450.17218  3.49%  33.1  330s
H415620 285714                    8755.9978570 8450.17218  3.49%  33.1  333s
 417217 287493 8521.99981   67   59 8755.99786 8450.17218  3.49%  33.1  335s
 423947 291080 8642.90559  114   57 8755.99786 8450.17218  3.49%  33.1  340s
 428518 295071 8747.99981  112   48 8755.99786 8450.17218  3.49%  33.2  345s
 435641 299562 8559.30103   81   58 8755.99786 8450.17218  3.49%  33.2  350s
 443334 304252 8655.00249   83   76 8755.99786 8450.17218  3.49%  33.2  355s
 450735 309187     cutoff   77      8755.99786 8450.17218  3.49%  33.2  360s
 458434 313701 infeasible  125      8755.99786 8450.17218  3.49%  33.2  365s
 463754 316904 8533.33315   72   59 8755.99786 8450.17218  3.49%  33.2  370s
 470316 321436 8580.30818   85   90 8755.99786 8450.17218  3.49%  33.3  375s
 476843 325670 8638.53212  136   64 8755.99786 8450.17218  3.49%  33.3  380s
 482559 330265 8700.83250  124   62 8755.99786 8450.17218  3.49%  33.3  385s
 491021 335267 infeasible   84      8755.99786 8450.17218  3.49%  33.3  390s
 496593 338222 8496.44517   88  107 8755.99786 8450.17218  3.49%  33.4  395s
 503361 341322 8696.99981   82   54 8755.99786 8450.17218  3.49%  33.5  400s
 510155 346668 8460.17218   58   72 8755.99786 8450.17218  3.49%  33.5  405s
 516151 350709 8510.22875   90   83 8755.99786 8450.17218  3.49%  33.5  410s
 524665 355763 8669.99981  111   55 8755.99786 8450.17218  3.49%  33.6  415s
 527483 361856 8706.80655  258   55 8755.99786 8450.17218  3.49%  33.6  424s
 535491 361926 8548.10655   78   87 8755.99786 8450.17218  3.49%  33.6  425s
 541919 366653 8738.15111  115   59 8755.99786 8450.17218  3.49%  33.7  430s
 547542 370224 8671.99981  107   74 8755.99786 8450.17218  3.49%  33.7  435s
 554102 374727 8694.99981  151   48 8755.99786 8450.17218  3.49%  33.7  440s
 561081 379079 8497.99981   88   66 8755.99786 8450.17218  3.49%  33.8  445s
 565275 381505     cutoff   89      8755.99786 8450.17218  3.49%  33.8  450s
 572659 386487 8450.17218   77   83 8755.99786 8450.17218  3.49%  33.8  455s
 579718 390896 infeasible   93      8755.99786 8450.17218  3.49%  33.8  460s
 585547 393832 8450.17218   61   65 8755.99786 8450.17218  3.49%  33.8  465s
 592140 397766 8646.99981  125   71 8755.99786 8450.17218  3.49%  33.9  470s
 598792 401874 infeasible   67      8755.99786 8450.17218  3.49%  33.9  475s
 605597 406453 8566.99981   88   63 8755.99786 8450.17218  3.49%  33.9  480s
 612192 410489 8724.00270  104   92 8755.99786 8450.17218  3.49%  34.0  485s
 619200 414835 8644.99981  130   51 8755.99786 8450.17218  3.49%  34.0  491s
 623169 417134 8511.65131   76   78 8755.99786 8450.17218  3.49%  34.0  495s
 630677 423067 8456.17065   56   92 8755.99786 8450.17218  3.49%  34.0  500s
 639098 428160 8746.46013  114   62 8755.99786 8450.17218  3.49%  33.9  505s
 646900 433376 infeasible  173      8755.99786 8450.17218  3.49%  33.9  510s
 651506 436625 8472.10655   72   79 8755.99786 8450.17218  3.49%  33.9  516s
 659083 441765     cutoff   55      8755.99786 8450.17312  3.49%  33.9  520s
 663562 448323 8706.00423   73   73 8755.99786 8450.17312  3.49%  33.9  529s
 671570 448560 infeasible   68      8755.99786 8450.17312  3.49%  34.0  530s
 678353 452711 8629.00135   96   61 8755.99786 8450.17507  3.49%  33.9  535s
 684691 456618 8482.32575   63   99 8755.99786 8450.17518  3.49%  33.9  540s
 691048 461873 8482.17597   54   95 8755.99786 8450.17667  3.49%  33.9  545s
 698359 467387 infeasible   60      8755.99786 8450.17813  3.49%  33.9  550s
 704672 472130 8729.65358  165   42 8755.99786 8450.17813  3.49%  33.9  555s
 708754 479880 8585.93771   79   59 8755.99786 8450.17813  3.49%  33.9  562s
 719509 482767 8490.10655   80   86 8755.99786 8450.17813  3.49%  33.8  565s
 726386 487672 8590.19107   62   84 8755.99786 8450.17813  3.49%  33.8  570s
 733094 492214 8466.51146   53   70 8755.99786 8450.17813  3.49%  33.8  575s
 739693 496349 8556.05263   56   96 8755.99786 8450.17813  3.49%  33.8  580s
 747714 502174 8666.74464  120   56 8755.99786 8450.17853  3.49%  33.7  585s
 753705 506220 8708.10655   89   66 8755.99786 8450.17853  3.49%  33.7  590s
 760360 511331     cutoff   93      8755.99786 8450.17853  3.49%  33.7  595s
 767232 516000 8704.99981  196   52 8755.99786 8450.17853  3.49%  33.7  600s
 772874 518712 8732.22347   56   81 8755.99786 8450.17853  3.49%  33.7  605s

Cutting planes:
  Learned: 1
  Gomory: 48
  Cover: 520
  Implied bound: 96
  Projected implied bound: 1
  Clique: 5
  MIR: 58
  StrongCG: 2
  Flow cover: 254
  GUB cover: 29
  Inf proof: 7
  Zero half: 4
  Network: 1
  RLT: 112
  Relax-and-lift: 28

Explored 777592 nodes (26266489 simplex iterations) in 609.71 seconds (774.99 work units)
Thread count was 8 (of 8 available processors)

Solution count 10: 8756 8756 8756 ... 8757

Solve interrupted
Best objective 8.755997857008e+03, best bound 8.450178534832e+03, gap 3.4927%

User-callback calls 1797199, time in user-callback 3.54 sec

Statistics for modelBWKS_medium_september:
  Linear constraint matrix    : 9849 Constrs, 4887 Vars, 48727 NZs
  Variable types              : 1864 Continuous,
3023 Integer (825 Binary)
  Matrix coefficient range    : [ 1, 200 ]
  Objective coefficient range : [ 1, 396 ]
  Variable bound range        : [ 1, 199 ]
  RHS coefficient range       : [ 1, 549 ]
