
Gurobi 10.0.1 (mac64[arm]) logging started Mon Apr  8 05:27:28 2024

Set parameter LogFile to value "/Users/deniserings/Documents/zib/s-bahn-data/scripts/DeniseMA/processed/BWKS_medium_september/Branching/BWKS_medium_september_random3_subMBP202404072240.log"
Gurobi Optimizer version 10.0.1 build v10.0.1rc0 (mac64[arm])

CPU model: Apple M2
Thread count: 8 physical cores, 8 logical processors, using up to 8 threads

Optimize a model with 9849 rows, 4887 columns and 48727 nonzeros
Model fingerprint: 0x80991266
Variable types: 1864 continuous, 3023 integer (825 binary)
Coefficient statistics:
  Matrix range     [1e+00, 2e+02]
  Objective range  [1e+00, 4e+02]
  Bounds range     [1e+00, 2e+02]
  RHS range        [1e+00, 5e+02]

Loaded user MIP start with objective 9484

Presolve removed 3855 rows and 1401 columns
Presolve time: 0.07s
Presolved: 5994 rows, 3486 columns, 33154 nonzeros
Found heuristic solution: objective 9483.9998138
Variable types: 1175 continuous, 2311 integer (2311 binary)

Root relaxation: objective 8.450000e+03, 1845 iterations, 0.02 seconds (0.05 work units)

    Nodes    |    Current Node    |     Objective Bounds      |     Work
 Expl Unexpl |  Obj  Depth IntInf | Incumbent    BestBd   Gap | It/Node Time

     0     0 8449.99981    0   83 9483.99981 8449.99981  10.9%     -    0s
     0     0 8449.99981    0  114 9483.99981 8449.99981  10.9%     -    0s
     0     0 8449.99981    0  113 9483.99981 8449.99981  10.9%     -    0s
     0     0 8449.99981    0   64 9483.99981 8449.99981  10.9%     -    0s
     0     0 8449.99981    0   74 9483.99981 8449.99981  10.9%     -    0s
     0     0 8449.99981    0   52 9483.99981 8449.99981  10.9%     -    0s
     0     0 8449.99981    0   57 9483.99981 8449.99981  10.9%     -    1s
     0     0 8449.99981    0   43 9483.99981 8449.99981  10.9%     -    1s
     0     0 8449.99981    0   47 9483.99981 8449.99981  10.9%     -    1s
H    0     0                    9483.9994821 8449.99981  10.9%     -    1s
     0     0 8449.99981    0   36 9483.99948 8449.99981  10.9%     -    1s
     0     0 8449.99981    0   47 9483.99948 8449.99981  10.9%     -    1s
     0     0 8449.99981    0   52 9483.99948 8449.99981  10.9%     -    1s
     0     0 8449.99981    0   60 9483.99948 8449.99981  10.9%     -    1s
     0     0 8449.99981    0   42 9483.99948 8449.99981  10.9%     -    1s
     0     0 8449.99981    0   49 9483.99948 8449.99981  10.9%     -    1s
     0     0 8449.99981    0   39 9483.99948 8449.99981  10.9%     -    2s
     0     0 8449.99981    0   45 9483.99948 8449.99981  10.9%     -    2s
     0     0 8449.99981    0   42 9483.99948 8449.99981  10.9%     -    2s
     0     0 8449.99981    0   33 9483.99948 8449.99981  10.9%     -    2s
     0     2 8449.99981    0   33 9483.99948 8449.99981  10.9%     -    2s
H  525   553                    9481.9997345 8449.99981  10.9%  32.0    3s
H  706   647                    9481.9997254 8449.99981  10.9%  30.6    4s
  1605  1357 8535.99981    9   33 9481.99973 8449.99981  10.9%  26.9    5s
H 1610  1291                    9316.9998138 8449.99981  9.31%  26.8    6s
H 1613  1229                    9309.9998138 8449.99981  9.24%  26.8    7s
H 1616  1169                    9254.9998138 8449.99981  8.70%  26.7    7s
H 1617  1111                    9252.9997494 8449.99981  8.68%  26.7    7s
H 1617  1055                    9242.9998138 8449.99981  8.58%  26.7    7s
H 1617  1002                    9238.9998138 8449.99981  8.54%  26.7    7s
H 1627   958                    9238.9997616 8450.10615  8.54%  26.5    8s
H 1627   910                    9185.9998138 8450.10615  8.01%  26.5    8s
H 1628   864                    9185.9997276 8450.10615  8.01%  26.5    8s
H 1631   822                    9185.9996927 8450.10615  8.01%  26.5    9s
  1751   950 8484.44472   21   50 9185.99969 8450.10615  8.01%  43.9   10s
H 2071  1053                    9131.9998138 8450.10615  7.47%  42.1   10s
H 2171  1088                    8884.9997679 8450.10615  4.89%  41.5   11s
H 2224  1033                    8884.9996571 8450.10615  4.89%  41.2   11s
H 2225   960                    8821.9998138 8450.10615  4.22%  41.2   12s
H 2226   925                    8808.9998138 8450.10615  4.07%  41.2   12s
H 2250  1002                    8808.9996986 8450.10615  4.07%  41.0   12s
H 2322   947                    8808.9996111 8450.10615  4.07%  40.4   12s
H 2340   912                    8808.9990025 8450.10615  4.07%  40.3   12s
H 2359   877                    8783.9997358 8450.10615  3.80%  40.1   12s
H 2378   844                    8782.9998138 8450.10615  3.79%  40.0   12s
H 3406  1428                    8782.9996920 8450.10615  3.79%  38.2   13s
H 3419  1415                    8775.9998138 8450.10615  3.71%  38.2   13s
H 3420  1415                    8775.9997063 8450.10615  3.71%  38.2   13s
  4349  2010 8633.99981  109   64 8775.99971 8450.10615  3.71%  37.3   15s
H 4353  2010                    8775.9996261 8450.10615  3.71%  37.3   15s
H 4355  1989                    8770.9997824 8450.10615  3.66%  37.4   15s
H 5582  3015                    8770.9996966 8450.10615  3.66%  36.6   16s
H 6832  3800                    8770.9987907 8450.10615  3.66%  36.1   18s
  9214  5837 8538.12531   29   71 8770.99879 8450.10615  3.66%  36.9   20s
 14656 10757 8570.22335   40   73 8770.99879 8450.10615  3.66%  36.3   25s
 21141 14366 8620.15721   46   93 8770.99879 8450.10615  3.66%  34.8   30s
H23572 16179                    8770.9987844 8450.10615  3.66%  34.7   33s
 24916 17730 8734.99981   87   61 8770.99878 8450.10615  3.66%  34.6   36s
 30216 22192 8464.17065   48   90 8770.99878 8450.10615  3.66%  34.0   45s
 38315 27255 8450.17065   33   96 8770.99878 8450.10768  3.66%  34.1   50s
H38453 27213                    8766.9998138 8450.10768  3.61%  34.1   50s
H40660 28417                    8766.9997767 8450.10768  3.61%  33.9   51s
H42646 29693                    8766.9997298 8450.10798  3.61%  34.0   53s
 42872 29766 8528.05040   61   82 8766.99973 8450.10798  3.61%  34.0   55s
H42954 29766                    8766.9996927 8450.10798  3.61%  34.0   55s
H43441 30411                    8766.9996461 8450.10798  3.61%  34.0   56s
H45573 32587                    8763.9998138 8450.10798  3.58%  34.0   57s
H48543 34291                    8763.9997764 8450.10809  3.58%  34.1   59s
 49239 35196 8607.99981  114   49 8763.99978 8450.10809  3.58%  34.2   60s
H50739 35930                    8761.9998138 8450.10809  3.56%  34.3   61s
H51680 36391                    8761.9997782 8450.10809  3.56%  34.2   62s
H51707 36391                    8761.9997489 8450.10809  3.56%  34.2   62s
H51964 36391                    8761.9997474 8450.10809  3.56%  34.3   62s
H54376 38113                    8761.9997450 8450.10809  3.56%  34.3   63s
 55704 39701 8450.11097   42   89 8761.99974 8450.10809  3.56%  34.4   66s
 61435 43390 8711.99981   86   78 8761.99974 8450.10809  3.56%  34.7   71s
H61561 43390                    8761.9997091 8450.10809  3.56%  34.7   71s
H62540 43390                    8761.9996983 8450.10809  3.56%  34.8   71s
 67223 46792     cutoff  105      8761.99970 8450.10809  3.56%  34.7   75s
 75244 53215 8651.99981   61   82 8761.99970 8450.10809  3.56%  35.0   80s
H78248 54065                    8761.9996609 8450.10809  3.56%  34.9   82s
H79937 55477                    8761.9995435 8450.10809  3.56%  34.8   84s
 81630 57118 8583.99981  107   39 8761.99954 8450.10809  3.56%  34.7   85s
 87331 61785 8585.99981   88   72 8761.99954 8450.10828  3.56%  35.0   90s
H88879 62086                    8761.9995287 8450.10828  3.56%  35.0   91s
H90565 63111                    8756.9998138 8450.10869  3.50%  35.2   92s
 93063 65609 8468.00135   29   80 8756.99981 8450.10900  3.50%  35.3   95s
 97905 68261 8617.99981   88   50 8756.99981 8450.10900  3.50%  35.4  101s
H97910 68181                    8755.9998138 8450.10900  3.49%  35.4  101s
 102049 72161 8558.99981   46   68 8755.99981 8450.10962  3.49%  35.4  105s
 110650 78274 8715.11159   55   66 8755.99981 8450.11097  3.49%  35.3  110s
 117304 83003 infeasible  181      8755.99981 8450.12531  3.49%  35.5  115s
H124798 87725                    8755.9997803 8450.12531  3.49%  35.3  119s
 124934 88709 infeasible   71      8755.99978 8450.12531  3.49%  35.3  120s
H129874 91364                    8755.9997354 8450.16091  3.49%  35.3  124s
 129987 91842 8604.10614   43   78 8755.99974 8450.16091  3.49%  35.3  125s
 137340 97639 infeasible   81      8755.99974 8450.17024  3.49%  35.3  130s
 144087 102194 8540.17065   37   76 8755.99974 8450.17065  3.49%  35.2  135s
 149796 105992 infeasible   40      8755.99974 8450.17065  3.49%  35.1  140s
 156268 110727 8686.08224  145   71 8755.99974 8450.17065  3.49%  35.1  145s
 163864 116268 8660.03559   73   65 8755.99974 8450.17065  3.49%  34.9  150s
 171802 121837 8706.45696  101   73 8755.99974 8450.17065  3.49%  34.8  155s
H174648 123103                    8755.9996985 8450.17065  3.49%  34.9  158s
 177382 125653 8496.17157   47   83 8755.99970 8450.17065  3.49%  34.9  160s
 184643 130438 8672.99981  136   71 8755.99970 8450.17065  3.49%  34.8  165s
H185041 130438                    8755.9996626 8450.17065  3.49%  34.8  165s
 192030 136061 8701.99981   73   72 8755.99966 8450.17141  3.49%  34.6  170s
 199095 140738 8566.99981   74   61 8755.99966 8450.17141  3.49%  34.4  175s
 206131 146076 8671.98130  107   65 8755.99966 8450.17157  3.49%  34.3  180s
 211920 150567 8470.17218   68  100 8755.99966 8450.17157  3.49%  34.2  185s
 221285 156261 8633.30997  195   46 8755.99966 8450.17157  3.49%  34.1  190s
 227940 160899 8450.91619   66   80 8755.99966 8450.17157  3.49%  34.0  195s
 236128 165620 infeasible   68      8755.99966 8450.17157  3.49%  33.8  201s
 241173 170553 8510.25416   60   88 8755.99966 8450.17157  3.49%  33.7  205s
 249296 176222 8450.17178   56   62 8755.99966 8450.17178  3.49%  33.7  210s
 255206 184233 8704.99981  104   73 8755.99966 8450.17178  3.49%  33.5  218s
 263214 184343 8669.99981   69   60 8755.99966 8450.17178  3.49%  33.5  220s
 270683 190333 8604.14524   67   77 8755.99966 8450.17178  3.49%  33.4  225s
 278590 195029 8705.79426  170   48 8755.99966 8450.17178  3.49%  33.4  230s
 286378 199250 8471.23491   74  100 8755.99966 8450.17178  3.49%  33.5  236s
 286509 204572 infeasible   77      8755.99966 8450.17178  3.49%  33.5  240s
H294716 205015                    8755.9996404 8450.17178  3.49%  33.4  242s
 298737 208694 8586.17114  119   68 8755.99964 8450.17178  3.49%  33.3  245s
 305763 212480 8670.57032  191   54 8755.99964 8450.17178  3.49%  33.2  250s
 313489 218612 8584.78499  150   84 8755.99964 8450.17178  3.49%  33.1  255s
 321303 223288 8607.60251  159   54 8755.99964 8450.17178  3.49%  33.0  261s
 326967 227257 8622.10808   65   81 8755.99964 8450.17218  3.49%  33.0  265s
H332505 230150                    8755.9996052 8450.17218  3.49%  33.1  268s
 332608 232579 8450.29887   72   91 8755.99961 8450.17218  3.49%  33.1  270s
H336365 232674                    8755.9978914 8450.17218  3.49%  33.1  272s
 340978 236385 8561.61520   79   72 8755.99789 8450.17218  3.49%  33.0  275s
 347562 241374 8741.57223   95   80 8755.99789 8450.17218  3.49%  33.0  281s
 354134 245227 8658.11713   95   66 8755.99789 8450.17218  3.49%  33.1  285s
 362395 249994 8496.68491   79   68 8755.99789 8450.17218  3.49%  33.0  291s
 362437 255392 8497.45144   80   68 8755.99789 8450.17218  3.49%  33.0  296s
 373820 257773 8555.10405   73   84 8755.99789 8450.17218  3.49%  33.0  300s
 380074 263344 8693.99981  101   76 8755.99789 8450.17218  3.49%  33.0  305s
 388023 267597 8472.23324   66   85 8755.99789 8450.17218  3.49%  33.1  310s
 395696 273057 8621.90941   90   79 8755.99789 8450.17218  3.49%  33.1  316s
 399338 275835     cutoff   59      8755.99789 8450.17218  3.49%  33.1  320s
 408026 281708 8465.73679   88   77 8755.99789 8450.17218  3.49%  33.1  325s
 414106 285434 8542.25717   76   57 8755.99789 8450.17218  3.49%  33.1  330s
H415620 285714                    8755.9978570 8450.17218  3.49%  33.1  331s
 419640 289322 8710.65395  126   52 8755.99786 8450.17218  3.49%  33.1  335s
 423959 291483 infeasible  115      8755.99786 8450.17218  3.49%  33.1  340s
 431670 296753 8475.34124   73   97 8755.99786 8450.17218  3.49%  33.1  345s
 437106 300394 8450.17218   63   73 8755.99786 8450.17218  3.49%  33.2  350s
 444516 304899 8644.10943   72   58 8755.99786 8450.17218  3.49%  33.2  355s
 452268 309685 8557.99981   77   65 8755.99786 8450.17218  3.49%  33.2  360s
 458987 314688 8493.68151   78   81 8755.99786 8450.17218  3.49%  33.2  365s
 463958 317513 8533.33315   74   60 8755.99786 8450.17218  3.49%  33.2  370s
 471186 322402 8543.23477   71   67 8755.99786 8450.17218  3.49%  33.3  375s
 477613 326672 8537.78153   82   77 8755.99786 8450.17218  3.49%  33.3  380s
 485115 331432 8666.99981  115   65 8755.99786 8450.17218  3.49%  33.3  385s
 492683 336008 8450.21542   70   85 8755.99786 8450.17218  3.49%  33.4  390s
 498022 338876 8538.37782   69   90 8755.99786 8450.17218  3.49%  33.4  395s
 503361 341322 8696.99981   82   54 8755.99786 8450.17218  3.49%  33.5  400s
 510155 346668 8460.17218   58   72 8755.99786 8450.17218  3.49%  33.5  405s
 517687 351404 8610.56286   84   83 8755.99786 8450.17218  3.49%  33.5  410s
 524665 355763 8669.99981  111   55 8755.99786 8450.17218  3.49%  33.6  415s
 527483 361856 8706.80655  258   55 8755.99786 8450.17218  3.49%  33.6  424s
 535491 361926 8548.10655   78   87 8755.99786 8450.17218  3.49%  33.6  425s
 541919 366653 8738.15111  115   59 8755.99786 8450.17218  3.49%  33.7  430s
 548970 371097 8620.34210   91   73 8755.99786 8450.17218  3.49%  33.7  435s
 555643 375556 8725.29924  260   27 8755.99786 8450.17218  3.49%  33.7  440s
 561081 379079 8497.99981   88   66 8755.99786 8450.17218  3.49%  33.8  445s
 566762 382357 8545.21993   81   81 8755.99786 8450.17218  3.49%  33.8  450s
 572659 386487 8450.17218   77   83 8755.99786 8450.17218  3.49%  33.8  455s
 581283 391684 8592.39043   84   97 8755.99786 8450.17218  3.49%  33.8  460s
 586816 394858 infeasible   72      8755.99786 8450.17218  3.49%  33.9  465s
 593402 398616 8649.10852   80   70 8755.99786 8450.17218  3.49%  33.9  470s
 600048 402648 8586.23324   90   73 8755.99786 8450.17218  3.49%  33.9  475s
 606997 407281 8678.99981  222   55 8755.99786 8450.17218  3.49%  33.9  480s
 613542 410836 8713.99981   93   54 8755.99786 8450.17218  3.49%  34.0  485s
 619200 414835 8644.99981  130   51 8755.99786 8450.17218  3.49%  34.0  490s
 623853 418357 8619.99981   92   86 8755.99786 8450.17218  3.49%  34.0  495s
 632466 423633 8677.99981  104   71 8755.99786 8450.17218  3.49%  33.9  500s
 640386 429100 8610.10655   74   63 8755.99786 8450.17218  3.49%  33.9  505s
 648128 434276 infeasible  136      8755.99786 8450.17218  3.49%  33.9  510s
 651506 436625 8472.10655   72   79 8755.99786 8450.17218  3.49%  33.9  515s
 660696 442605 8516.29734   66   82 8755.99786 8450.17312  3.49%  33.9  520s
 663562 448323 8706.00423   73   73 8755.99786 8450.17312  3.49%  33.9  528s
 671917 449473 8556.17024   49   78 8755.99786 8450.17353  3.49%  34.0  530s
 678741 456550 8629.00135   97   65 8755.99786 8450.17507  3.49%  33.9  537s
 684783 457549 8482.44053   64   93 8755.99786 8450.17518  3.49%  33.9  540s
 694073 464051 8668.99981  106   58 8755.99786 8450.17748  3.49%  33.9  545s
 701277 468501 8597.99981   84   68 8755.99786 8450.17813  3.49%  33.9  551s
 707495 474094 8494.50416   51   73 8755.99786 8450.17813  3.49%  33.9  555s
 708754 479880 8585.93771   79   59 8755.99786 8450.17813  3.49%  33.9  561s
 720713 483832 8694.80194  140   54 8755.99786 8450.17813  3.49%  33.8  565s
 727475 487817 8543.73992   61   63 8755.99786 8450.17813  3.49%  33.8  570s
 734996 494168 8657.99981   78   60 8755.99786 8450.17813  3.49%  33.8  575s
 739706 502000     cutoff   58      8755.99786 8450.17813  3.49%  33.8  583s
 749185 503390 8545.15937   75  100 8755.99786 8450.17853  3.49%  33.7  585s
 755070 508265 8588.15937   98  107 8755.99786 8450.17853  3.49%  33.7  590s
 761785 512180 8645.99981  111   54 8755.99786 8450.17853  3.49%  33.7  595s
 770095 517687 8598.74464  120   58 8755.99786 8450.17853  3.49%  33.7  600s
 773107 519181 8450.17853   74   94 8755.99786 8450.17853  3.49%  33.7  605s

Cutting planes:
  Learned: 1
  Gomory: 48
  Cover: 520
  Implied bound: 96
  Projected implied bound: 1
  Clique: 5
  MIR: 58
  StrongCG: 2
  Flow cover: 254
  GUB cover: 29
  Inf proof: 7
  Zero half: 4
  Network: 1
  RLT: 112
  Relax-and-lift: 28

Explored 777592 nodes (26266489 simplex iterations) in 608.94 seconds (774.99 work units)
Thread count was 8 (of 8 available processors)

Solution count 10: 8756 8756 8756 ... 8757

Solve interrupted
Best objective 8.755997857008e+03, best bound 8.450178534832e+03, gap 3.4927%

User-callback calls 1798687, time in user-callback 3.53 sec

Statistics for modelBWKS_medium_september:
  Linear constraint matrix    : 9849 Constrs, 4887 Vars, 48727 NZs
  Variable types              : 1864 Continuous,
3023 Integer (825 Binary)
  Matrix coefficient range    : [ 1, 200 ]
  Objective coefficient range : [ 1, 396 ]
  Variable bound range        : [ 1, 199 ]
  RHS coefficient range       : [ 1, 549 ]
