
Gurobi 10.0.1 (mac64[arm]) logging started Mon Apr  8 04:56:57 2024

Set parameter LogFile to value "/Users/deniserings/Documents/zib/s-bahn-data/scripts/DeniseMA/processed/BWKS_medium_september/Branching/BWKS_medium_september_random0_subMBP202404072240.log"
Gurobi Optimizer version 10.0.1 build v10.0.1rc0 (mac64[arm])

CPU model: Apple M2
Thread count: 8 physical cores, 8 logical processors, using up to 8 threads

Optimize a model with 9849 rows, 4887 columns and 48727 nonzeros
Model fingerprint: 0xaaff62b6
Variable types: 1864 continuous, 3023 integer (825 binary)
Coefficient statistics:
  Matrix range     [1e+00, 2e+02]
  Objective range  [1e+00, 4e+02]
  Bounds range     [1e+00, 2e+02]
  RHS range        [1e+00, 5e+02]

Loaded user MIP start with objective 9484

Presolve removed 3855 rows and 1401 columns
Presolve time: 0.08s
Presolved: 5994 rows, 3486 columns, 33154 nonzeros
Found heuristic solution: objective 9483.9998138
Variable types: 1175 continuous, 2311 integer (2311 binary)

Root relaxation: objective 8.450000e+03, 1845 iterations, 0.02 seconds (0.05 work units)

    Nodes    |    Current Node    |     Objective Bounds      |     Work
 Expl Unexpl |  Obj  Depth IntInf | Incumbent    BestBd   Gap | It/Node Time

     0     0 8449.99981    0   83 9483.99981 8449.99981  10.9%     -    0s
     0     0 8449.99981    0  114 9483.99981 8449.99981  10.9%     -    0s
     0     0 8449.99981    0  113 9483.99981 8449.99981  10.9%     -    0s
     0     0 8449.99981    0   64 9483.99981 8449.99981  10.9%     -    0s
     0     0 8449.99981    0   74 9483.99981 8449.99981  10.9%     -    0s
     0     0 8449.99981    0   52 9483.99981 8449.99981  10.9%     -    0s
     0     0 8449.99981    0   57 9483.99981 8449.99981  10.9%     -    1s
     0     0 8449.99981    0   43 9483.99981 8449.99981  10.9%     -    1s
     0     0 8449.99981    0   47 9483.99981 8449.99981  10.9%     -    1s
H    0     0                    9483.9994821 8449.99981  10.9%     -    1s
     0     0 8449.99981    0   36 9483.99948 8449.99981  10.9%     -    1s
     0     0 8449.99981    0   47 9483.99948 8449.99981  10.9%     -    1s
     0     0 8449.99981    0   52 9483.99948 8449.99981  10.9%     -    1s
     0     0 8449.99981    0   60 9483.99948 8449.99981  10.9%     -    1s
     0     0 8449.99981    0   42 9483.99948 8449.99981  10.9%     -    1s
     0     0 8449.99981    0   49 9483.99948 8449.99981  10.9%     -    1s
     0     0 8449.99981    0   39 9483.99948 8449.99981  10.9%     -    2s
     0     0 8449.99981    0   45 9483.99948 8449.99981  10.9%     -    2s
     0     0 8449.99981    0   42 9483.99948 8449.99981  10.9%     -    2s
     0     0 8449.99981    0   33 9483.99948 8449.99981  10.9%     -    2s
     0     2 8449.99981    0   33 9483.99948 8449.99981  10.9%     -    2s
H  525   553                    9481.9997345 8449.99981  10.9%  32.0    3s
H  706   647                    9481.9997254 8449.99981  10.9%  30.6    4s
  1605  1357 8535.99981    9   33 9481.99973 8449.99981  10.9%  26.9    5s
H 1610  1291                    9316.9998138 8449.99981  9.31%  26.8    6s
H 1613  1229                    9309.9998138 8449.99981  9.24%  26.8    6s
H 1616  1169                    9254.9998138 8449.99981  8.70%  26.7    7s
H 1617  1111                    9252.9997494 8449.99981  8.68%  26.7    7s
H 1617  1055                    9242.9998138 8449.99981  8.58%  26.7    7s
H 1617  1002                    9238.9998138 8449.99981  8.54%  26.7    7s
H 1627   958                    9238.9997616 8450.10615  8.54%  26.5    8s
H 1627   910                    9185.9998138 8450.10615  8.01%  26.5    8s
H 1628   864                    9185.9997276 8450.10615  8.01%  26.5    8s
H 1631   822                    9185.9996927 8450.10615  8.01%  26.5    9s
  1714   887 8450.23741   19   48 9185.99969 8450.10615  8.01%  44.2   10s
H 2071  1053                    9131.9998138 8450.10615  7.47%  42.1   10s
H 2171  1088                    8884.9997679 8450.10615  4.89%  41.5   11s
H 2224  1033                    8884.9996571 8450.10615  4.89%  41.2   11s
H 2225   960                    8821.9998138 8450.10615  4.22%  41.2   12s
H 2226   925                    8808.9998138 8450.10615  4.07%  41.2   12s
H 2250  1002                    8808.9996986 8450.10615  4.07%  41.0   12s
H 2322   947                    8808.9996111 8450.10615  4.07%  40.4   12s
H 2340   912                    8808.9990025 8450.10615  4.07%  40.3   12s
H 2359   877                    8783.9997358 8450.10615  3.80%  40.1   12s
H 2378   844                    8782.9998138 8450.10615  3.79%  40.0   12s
H 3406  1428                    8782.9996920 8450.10615  3.79%  38.2   13s
H 3419  1415                    8775.9998138 8450.10615  3.71%  38.2   13s
H 3420  1415                    8775.9997063 8450.10615  3.71%  38.2   13s
  4349  2010 8633.99981  109   64 8775.99971 8450.10615  3.71%  37.3   15s
H 4353  2010                    8775.9996261 8450.10615  3.71%  37.3   15s
H 4355  1989                    8770.9997824 8450.10615  3.66%  37.4   15s
H 5582  3015                    8770.9996966 8450.10615  3.66%  36.6   16s
H 6832  3800                    8770.9987907 8450.10615  3.66%  36.1   18s
  9214  5837 8538.12531   29   71 8770.99879 8450.10615  3.66%  36.9   20s
 14656 10757 8570.22335   40   73 8770.99879 8450.10615  3.66%  36.3   25s
 21141 14366 8620.15721   46   93 8770.99879 8450.10615  3.66%  34.8   30s
H23572 16179                    8770.9987844 8450.10615  3.66%  34.7   33s
 24916 17730 8734.99981   87   61 8770.99878 8450.10615  3.66%  34.6   36s
 30216 22192 8464.17065   48   90 8770.99878 8450.10615  3.66%  34.0   45s
 38315 27255 8450.17065   33   96 8770.99878 8450.10768  3.66%  34.1   50s
H38453 27213                    8766.9998138 8450.10768  3.61%  34.1   50s
H40660 28417                    8766.9997767 8450.10768  3.61%  33.9   52s
H42646 29693                    8766.9997298 8450.10798  3.61%  34.0   53s
 42872 29766 8528.05040   61   82 8766.99973 8450.10798  3.61%  34.0   55s
H42954 29766                    8766.9996927 8450.10798  3.61%  34.0   55s
H43441 30411                    8766.9996461 8450.10798  3.61%  34.0   56s
H45573 32587                    8763.9998138 8450.10798  3.58%  34.0   58s
H48543 34291                    8763.9997764 8450.10809  3.58%  34.1   59s
 49239 35196 8607.99981  114   49 8763.99978 8450.10809  3.58%  34.2   60s
H50739 35930                    8761.9998138 8450.10809  3.56%  34.3   61s
H51680 36391                    8761.9997782 8450.10809  3.56%  34.2   62s
H51707 36391                    8761.9997489 8450.10809  3.56%  34.2   62s
H51964 36391                    8761.9997474 8450.10809  3.56%  34.3   62s
H54376 38113                    8761.9997450 8450.10809  3.56%  34.3   64s
 55704 39701 8450.11097   42   89 8761.99974 8450.10809  3.56%  34.4   65s
 61435 43390 8711.99981   86   78 8761.99974 8450.10809  3.56%  34.7   71s
H61561 43390                    8761.9997091 8450.10809  3.56%  34.7   71s
H62540 43390                    8761.9996983 8450.10809  3.56%  34.8   71s
 67666 47932 8747.99981  103   59 8761.99970 8450.10809  3.56%  34.8   75s
 75244 53215 8651.99981   61   82 8761.99970 8450.10809  3.56%  35.0   80s
H78248 54065                    8761.9996609 8450.10809  3.56%  34.9   82s
H79937 55477                    8761.9995435 8450.10809  3.56%  34.8   83s
 81630 57118 8583.99981  107   39 8761.99954 8450.10809  3.56%  34.7   85s
 88703 62086 8749.99981  298   42 8761.99954 8450.10828  3.56%  35.0   90s
H88879 62086                    8761.9995287 8450.10828  3.56%  35.0   90s
H90565 63111                    8756.9998138 8450.10869  3.50%  35.2   92s
 94425 67041 8659.99981   76   68 8756.99981 8450.10900  3.50%  35.3   95s
 97905 68261 8617.99981   88   50 8756.99981 8450.10900  3.50%  35.4  100s
H97910 68181                    8755.9998138 8450.10900  3.49%  35.4  100s
 103511 73271 8473.96998   66   96 8755.99981 8450.10979  3.49%  35.5  105s
 111749 78797 8734.02798   76   84 8755.99981 8450.11097  3.49%  35.4  110s
 118692 84014 8635.99981   81   62 8755.99981 8450.12531  3.49%  35.4  115s
H124798 87725                    8755.9997803 8450.12531  3.49%  35.3  118s
 126378 89416 8556.10746   55   78 8755.99978 8450.12753  3.49%  35.3  120s
H129874 91364                    8755.9997354 8450.16091  3.49%  35.3  123s
 132294 93798 8450.27438   32   73 8755.99974 8450.17024  3.49%  35.3  125s
 140456 99052 8520.10808   59   78 8755.99974 8450.17065  3.49%  35.2  131s
 146819 104055 8516.06623   69   72 8755.99974 8450.17065  3.49%  35.2  135s
 150936 107294 8705.21794  136   47 8755.99974 8450.17065  3.49%  35.1  140s
 159176 112889 infeasible   89      8755.99974 8450.17065  3.49%  35.0  145s
 166871 118441     cutoff   47      8755.99974 8450.17065  3.49%  34.9  150s
 174392 122736 8570.38916   64   98 8755.99974 8450.17065  3.49%  34.9  155s
H174648 123103                    8755.9996985 8450.17065  3.49%  34.9  156s
 180159 127253 8622.17065   59   96 8755.99970 8450.17065  3.49%  34.9  160s
H185041 130438                    8755.9996626 8450.17065  3.49%  34.8  163s
 186078 131491 8640.77322   56   75 8755.99966 8450.17065  3.49%  34.8  165s
 193643 137606 8522.16021   62   79 8755.99966 8450.17141  3.49%  34.5  170s
 201481 142814 infeasible  104      8755.99966 8450.17141  3.49%  34.4  175s
 209999 148741 8548.10655   55   68 8755.99966 8450.17157  3.49%  34.3  180s
 215557 153105 8597.22283  156   54 8755.99966 8450.17157  3.49%  34.1  185s
 222361 157389 8463.98019   61  106 8755.99966 8450.17157  3.49%  34.1  190s
 229578 161976 8617.54713   81   69 8755.99966 8450.17157  3.49%  34.0  195s
 236266 166559 8553.81235   60   90 8755.99966 8450.17157  3.49%  33.8  200s
 243114 171967 8702.74464  131   56 8755.99966 8450.17157  3.49%  33.8  205s
 251669 177832 8540.38273   37   75 8755.99966 8450.17178  3.49%  33.6  210s
 255206 184233 8704.99981  104   73 8755.99966 8450.17178  3.49%  33.5  217s
 264706 186131 8451.16929   53   96 8755.99966 8450.17178  3.49%  33.5  220s
 272381 191225 8705.99981  127   61 8755.99966 8450.17178  3.49%  33.4  225s
 279673 195647 8536.56542   70  104 8755.99966 8450.17178  3.49%  33.4  230s
 286378 199250 8471.23491   74  100 8755.99966 8450.17178  3.49%  33.5  235s
 294517 204635     cutoff   79      8755.99966 8450.17178  3.49%  33.4  240s
H294716 205015                    8755.9996404 8450.17178  3.49%  33.4  241s
 300043 209164 infeasible  129      8755.99964 8450.17178  3.49%  33.3  245s
 306047 213489 8651.40445   58   68 8755.99964 8450.17178  3.49%  33.2  250s
 314990 219167 8585.77363  134   65 8755.99964 8450.17178  3.49%  33.1  255s
 321303 223288 8607.60251  159   54 8755.99964 8450.17178  3.49%  33.0  260s
 328500 228500 infeasible   82      8755.99964 8450.17218  3.49%  33.0  265s
H332505 230150                    8755.9996052 8450.17218  3.49%  33.1  268s
 332608 232579 8450.29887   72   91 8755.99961 8450.17218  3.49%  33.1  270s
H336365 232674                    8755.9978914 8450.17218  3.49%  33.1  271s
 342304 236776     cutoff   65      8755.99789 8450.17218  3.49%  33.0  275s
 347562 241374 8741.57223   95   80 8755.99789 8450.17218  3.49%  33.0  281s
 355699 245885 8528.48594   76   81 8755.99789 8450.17218  3.49%  33.1  285s
 362395 249994 8496.68491   79   68 8755.99789 8450.17218  3.49%  33.0  291s
 362437 255392 8497.45144   80   68 8755.99789 8450.17218  3.49%  33.0  295s
 374044 258672 8534.10715   63   60 8755.99789 8450.17218  3.49%  33.0  300s
 381901 264179 8487.12678   75   82 8755.99789 8450.17218  3.49%  33.0  305s
 388522 268674 infeasible  103      8755.99789 8450.17218  3.49%  33.1  310s
 395696 273057 8621.90941   90   79 8755.99789 8450.17218  3.49%  33.1  315s
 400934 277132 8556.17870   69   66 8755.99789 8450.17218  3.49%  33.1  320s
 409479 281720 8609.99981   92   54 8755.99789 8450.17218  3.49%  33.1  326s
 415480 285714 infeasible  150      8755.99789 8450.17218  3.49%  33.1  330s
H415620 285714                    8755.9978570 8450.17218  3.49%  33.1  330s
 421856 291076 8519.99981   76   62 8755.99786 8450.17218  3.49%  33.1  336s
 426263 293472 8580.95626   71   75 8755.99786 8450.17218  3.49%  33.1  340s
 432943 296969 8724.06828  158   56 8755.99786 8450.17218  3.49%  33.2  345s
 439694 301691 8482.17218   75   78 8755.99786 8450.17218  3.49%  33.2  350s
 445568 305290     cutoff   75      8755.99786 8450.17218  3.49%  33.2  355s
 452931 310678 8663.47759  176   67 8755.99786 8450.17218  3.49%  33.2  360s
 460464 315561 8654.99981  151   57 8755.99786 8450.17218  3.49%  33.2  365s
 464903 318406 8655.99981   93   56 8755.99786 8450.17218  3.49%  33.2  370s
 472590 323309 8606.00270   87   70 8755.99786 8450.17218  3.49%  33.3  375s
 479089 327452 8698.99981  126   50 8755.99786 8450.17218  3.49%  33.3  380s
 486844 332027 8536.47313   85   85 8755.99786 8450.17218  3.49%  33.3  385s
 492683 336008 8450.21542   70   85 8755.99786 8450.17218  3.49%  33.4  390s
 498022 338876 8538.37782   69   90 8755.99786 8450.17218  3.49%  33.4  395s
 503361 341322 8696.99981   82   54 8755.99786 8450.17218  3.49%  33.5  400s
 510155 346668 8460.17218   58   72 8755.99786 8450.17218  3.49%  33.5  405s
 516151 350709 8510.22875   90   83 8755.99786 8450.17218  3.49%  33.5  410s
 523338 355054 infeasible  132      8755.99786 8450.17218  3.49%  33.5  415s
 527483 361856 8706.80655  258   55 8755.99786 8450.17218  3.49%  33.6  424s
 535491 361926 8548.10655   78   87 8755.99786 8450.17218  3.49%  33.6  426s
 541073 365948 8604.01554   84   69 8755.99786 8450.17218  3.49%  33.7  430s
 547378 369320 8671.99981  106   74 8755.99786 8450.17218  3.49%  33.7  435s
 554102 374727 8694.99981  151   48 8755.99786 8450.17218  3.49%  33.7  440s
 559463 378076 infeasible   63      8755.99786 8450.17218  3.49%  33.7  445s
 565267 380639 8606.10655   88   72 8755.99786 8450.17218  3.49%  33.8  450s
 571502 385543 8456.11096   74   79 8755.99786 8450.17218  3.49%  33.8  455s
 578784 389878 infeasible  103      8755.99786 8450.17218  3.49%  33.8  460s
 585547 393832 8450.17218   61   65 8755.99786 8450.17218  3.49%  33.8  465s
 592140 397766 8646.99981  125   71 8755.99786 8450.17218  3.49%  33.9  470s
 597448 401104 8698.99981  148   55 8755.99786 8450.17218  3.49%  33.9  475s
 603348 405409 8722.99981  103   57 8755.99786 8450.17218  3.49%  33.9  480s
 609674 408866 8665.73778  147   76 8755.99786 8450.17218  3.49%  33.9  485s
 618048 414050 8540.99981   97   93 8755.99786 8450.17218  3.49%  34.0  490s
 622845 416697 8705.16182  155   62 8755.99786 8450.17218  3.49%  34.0  495s
 628717 421815 8556.21542   53   99 8755.99786 8450.17218  3.49%  34.0  500s
 638729 427332 8752.99981   65   53 8755.99786 8450.17218  3.49%  33.9  505s
 646244 432566 8744.17075  259   63 8755.99786 8450.17218  3.49%  33.9  510s
 650753 435508 8518.93904   81  104 8755.99786 8450.17218  3.49%  33.9  515s
 657438 440630 8657.99981   81   78 8755.99786 8450.17312  3.49%  33.9  520s
 663554 443557 8706.00423   72   85 8755.99786 8450.17312  3.49%  33.9  525s
 663562 448323 8706.00423   73   73 8755.99786 8450.17312  3.49%  33.9  530s
 677672 452430 8668.59035   96   72 8755.99786 8450.17486  3.49%  33.9  535s
 678741 456550 8629.00135   97   65 8755.99786 8450.17507  3.49%  33.9  540s
 690367 460898     cutoff  158      8755.99786 8450.17597  3.49%  33.9  545s
 697289 466090 8671.99981  134   49 8755.99786 8450.17813  3.49%  33.9  550s
 702721 470151 infeasible  100      8755.99786 8450.17813  3.49%  33.9  555s
 708754 479880 8585.93771   79   59 8755.99786 8450.17813  3.49%  33.9  564s
 717006 480763 8633.99981  121   55 8755.99786 8450.17813  3.49%  33.8  565s
 723640 486088 8588.99981  112   67 8755.99786 8450.17813  3.49%  33.8  570s
 731720 491681 8581.99981   76   64 8755.99786 8450.17813  3.49%  33.8  575s
 739693 496349 8556.05263   56   96 8755.99786 8450.17813  3.49%  33.8  581s
 739706 502000     cutoff   58      8755.99786 8450.17813  3.49%  33.8  586s
 752385 506176 8463.42316   66   72 8755.99786 8450.17853  3.49%  33.7  590s
 759141 509776 8451.35742   54   80 8755.99786 8450.17853  3.49%  33.7  595s
 766452 514988 infeasible   74      8755.99786 8450.17853  3.49%  33.7  600s
 772874 518712 8732.22347   56   81 8755.99786 8450.17853  3.49%  33.7  606s

Cutting planes:
  Learned: 1
  Gomory: 48
  Cover: 520
  Implied bound: 95
  Projected implied bound: 1
  Clique: 5
  MIR: 58
  StrongCG: 2
  Flow cover: 254
  GUB cover: 29
  Inf proof: 7
  Zero half: 4
  Network: 1
  RLT: 112
  Relax-and-lift: 28

Explored 775327 nodes (26186226 simplex iterations) in 609.02 seconds (772.24 work units)
Thread count was 8 (of 8 available processors)

Solution count 10: 8756 8756 8756 ... 8757

Solve interrupted
Best objective 8.755997857008e+03, best bound 8.450178534832e+03, gap 3.4927%

User-callback calls 1790912, time in user-callback 3.50 sec

Statistics for modelBWKS_medium_september:
  Linear constraint matrix    : 9849 Constrs, 4887 Vars, 48727 NZs
  Variable types              : 1864 Continuous,
3023 Integer (825 Binary)
  Matrix coefficient range    : [ 1, 200 ]
  Objective coefficient range : [ 1, 396 ]
  Variable bound range        : [ 1, 199 ]
  RHS coefficient range       : [ 1, 549 ]
