
Gurobi 10.0.1 (mac64[arm]) logging started Sat Mar 30 02:19:15 2024

Set parameter LogFile to value "/Users/deniserings/Documents/zib/s-bahn-data/scripts/DeniseMA/processed/BWKS_medium_september/RINS/BWKS_medium_september_202403292026_slack_0.6.log"
Gurobi Optimizer version 10.0.1 build v10.0.1rc0 (mac64[arm])

CPU model: Apple M2
Thread count: 8 physical cores, 8 logical processors, using up to 8 threads

Optimize a model with 10306 rows, 4887 columns and 50195 nonzeros
Model fingerprint: 0x79551478
Variable types: 1358 continuous, 3529 integer (1331 binary)
Coefficient statistics:
  Matrix range     [1e+00, 4e+02]
  Objective range  [1e+00, 4e+02]
  Bounds range     [1e+00, 2e+02]
  RHS range        [1e+00, 9e+03]

User MIP start did not produce a new incumbent solution
User MIP start violates constraint objective_cutoff by 94.840000000

Presolve removed 4070 rows and 1363 columns
Presolve time: 0.06s
Presolved: 6236 rows, 3524 columns, 33279 nonzeros
Variable types: 873 continuous, 2651 integer (2651 binary)

Root relaxation: objective 8.158000e+03, 2142 iterations, 0.04 seconds (0.10 work units)

    Nodes    |    Current Node    |     Objective Bounds      |     Work
 Expl Unexpl |  Obj  Depth IntInf | Incumbent    BestBd   Gap | It/Node Time

     0     0 8158.00000    0  258          - 8158.00000      -     -    0s
Another try with MIP start
     0     0 8161.12034    0  352          - 8161.12034      -     -    0s
     0     0 8161.12034    0  317          - 8161.12034      -     -    0s
     0     0 8180.00000    0  309          - 8180.00000      -     -    0s
     0     0 8180.00000    0  329          - 8180.00000      -     -    0s
     0     0 8211.89704    0  339          - 8211.89704      -     -    0s
     0     0 8212.19868    0  330          - 8212.19868      -     -    0s
     0     0 8212.19868    0  311          - 8212.19868      -     -    0s
     0     0 8218.68441    0  356          - 8218.68441      -     -    0s
     0     0 8224.07166    0  347          - 8224.07166      -     -    0s
     0     0 8224.07166    0  349          - 8224.07166      -     -    0s
     0     0 8224.53887    0  328          - 8224.53887      -     -    1s
     0     0 8224.53887    0  337          - 8224.53887      -     -    1s
     0     0 8224.53887    0  335          - 8224.53887      -     -    1s
     0     0 8224.53887    0  341          - 8224.53887      -     -    1s
     0     0 8224.53887    0  238          - 8224.53887      -     -    1s
     0     0 8224.53887    0  238          - 8224.53887      -     -    1s
     0     0 8224.53887    0  226          - 8224.53887      -     -    1s
     0     0 8224.53887    0  231          - 8224.53887      -     -    1s
     0     0 8224.53887    0  189          - 8224.53887      -     -    1s
     0     0 8224.53887    0  255          - 8224.53887      -     -    1s
     0     0 8224.53887    0  135          - 8224.53887      -     -    2s
     0     0 8224.53887    0  175          - 8224.53887      -     -    2s
     0     0 8224.53887    0  148          - 8224.53887      -     -    2s
     0     0 8224.53887    0  133          - 8224.53887      -     -    2s
     0     2 8224.53887    0  132          - 8224.53887      -     -    2s
  2033  1804 8450.20747   21  155          - 8450.00000      -   5.5    5s
H 7632  4706                    9193.0000000 8450.00000  8.08%  25.6    8s
H 8687  5734                    9192.0000000 8450.00000  8.07%  25.2    9s
H 9756  6167                    9168.0000000 8450.00000  7.83%  25.2    9s
  9920  6369 9114.00000   59  113 9168.00000 8450.00000  7.83%  25.2   10s
H10378  6517                    9143.0000000 8450.00000  7.58%  25.3   10s
H10722  6492                    9132.0000000 8450.00000  7.47%  25.2   11s
H10722  4211                    8846.0000000 8450.00000  4.48%  25.2   11s
H12181  5447                    8836.0000000 8450.00000  4.37%  25.5   11s
H12268  5435                    8831.0000000 8450.00000  4.31%  25.4   11s
H13885  6113                    8829.0000000 8450.00000  4.29%  26.1   12s
 20349 10634 8688.00000   36  125 8829.00000 8450.00000  4.29%  26.4   15s
H27852 13625                    8828.0000000 8450.00000  4.28%  27.3   18s
H27859 13397                    8796.0000000 8450.00000  3.93%  27.3   18s
 29826 14373 8604.71454   79  133 8796.00000 8450.06410  3.93%  27.6   23s
 29838 14381 8702.25000   36  214 8796.00000 8450.06410  3.93%  27.5   25s
 29853 14391 8565.83425   36  163 8796.00000 8450.06410  3.93%  27.5   30s
H29854 13671                    8791.0000000 8450.06410  3.88%  27.5   31s
H29854 12987                    8786.0000000 8450.06410  3.82%  27.5   31s
 30946 13539 8696.00000   68   80 8786.00000 8450.22124  3.82%  28.1   35s
 39038 17182 8648.00000   93   68 8786.00000 8451.46722  3.81%  28.7   40s
 46995 20991 8459.43939   48  141 8786.00000 8451.48458  3.81%  28.9   45s
 59300 24946     cutoff   52      8786.00000 8451.77854  3.80%  28.1   50s
 69768 29101 8573.47155   73  105 8786.00000 8457.33333  3.74%  27.9   55s
H75248 31975                    8781.0000000 8457.33333  3.69%  27.7   57s
 78633 35279 8632.00000  116   85 8781.00000 8457.33333  3.69%  27.9   60s
 90926 44083 infeasible   75      8781.00000 8457.40845  3.69%  27.9   65s
 103953 53271 8670.00000   86   65 8781.00000 8457.42581  3.68%  27.7   70s
 115389 61178 8457.46722   45  159 8781.00000 8457.46722  3.68%  27.7   75s
H122211 65416                    8776.0000000 8457.46722  3.63%  27.7   78s
 126350 69203 8688.00000   79   80 8776.00000 8457.48083  3.63%  27.7   80s
 139967 78232 infeasible   91      8776.00000 8457.48083  3.63%  27.5   85s
 153099 87441 8751.00000  139   58 8776.00000 8457.58816  3.63%  27.2   90s
 164805 95571 8458.34446   46  173 8776.00000 8458.34446  3.62%  27.2   95s
 176936 104257 8650.00000  117   91 8776.00000 8459.33333  3.61%  27.2  100s
 189727 113300 8493.33333   46  112 8776.00000 8459.33333  3.61%  27.2  105s
 200894 121103 8686.00000   58  128 8776.00000 8459.33333  3.61%  27.5  110s
 211071 128595 8754.67492   92  139 8776.00000 8459.33333  3.61%  27.7  115s
 220721 135112 8670.00000   90  118 8776.00000 8459.33333  3.61%  27.9  120s
 231574 142787 8498.00000   65  112 8776.00000 8459.33333  3.61%  28.1  125s
 245296 152128 8630.74758   74   97 8776.00000 8459.33333  3.61%  28.0  130s
 257698 160596 8631.00000   94  124 8776.00000 8459.33333  3.61%  28.0  135s
 270667 169749 8644.00000   59   85 8776.00000 8459.33333  3.61%  28.0  140s
 283346 178374 8714.00000   73   79 8776.00000 8459.33333  3.61%  28.0  145s
 295477 187497 8680.47021   66   99 8776.00000 8459.33333  3.61%  28.1  150s
 307462 195510 8692.00000   80   84 8776.00000 8459.33333  3.61%  28.1  155s
 320769 203906 8507.86226   55  167 8776.00000 8459.33333  3.61%  28.0  160s
 332717 212006 8513.16455   66  109 8776.00000 8459.33333  3.61%  28.0  165s
 345688 219978 8755.60118  129  123 8776.00000 8459.33333  3.61%  27.9  170s
 356748 227873 8470.03819   50  108 8776.00000 8459.33333  3.61%  27.9  175s
 368191 236015 8478.00000   47   87 8776.00000 8459.33333  3.61%  27.9  180s
 380858 244191 8496.47823   54  134 8776.00000 8459.33333  3.61%  27.8  185s
 393073 251281     cutoff   60      8776.00000 8459.33333  3.61%  27.7  190s
 405423 258955 8479.41880   57  186 8776.00000 8459.33333  3.61%  27.6  195s
 415195 264680 8495.40502   66  143 8776.00000 8459.33333  3.61%  27.7  200s
 424424 270824 8668.00000   97   68 8776.00000 8459.35069  3.61%  27.7  205s
 436128 278552     cutoff   71      8776.00000 8459.35069  3.61%  27.8  210s
 448336 287162 8524.01736   77  136 8776.00000 8459.35069  3.61%  27.8  215s
 460251 295806 8500.00000   61  111 8776.00000 8459.35069  3.61%  27.7  220s
 473076 303990 infeasible  129      8776.00000 8459.35069  3.61%  27.6  225s
 484940 310995 8599.88390   72  110 8776.00000 8459.35069  3.61%  27.6  230s
 494287 317786 8592.54629   79  126 8776.00000 8459.35069  3.61%  27.6  235s
 507310 326534 8736.90608  113   85 8776.00000 8459.35069  3.61%  27.6  240s
 519459 334806 8651.67986   81  100 8776.00000 8459.39475  3.61%  27.5  245s
 532910 344215 infeasible   57      8776.00000 8459.40845  3.61%  27.6  250s
 543190 351332 8605.33333   58   92 8776.00000 8459.40845  3.61%  27.6  255s
 556415 360406 8506.42581   60  128 8776.00000 8459.40845  3.61%  27.6  260s
 567566 368371 8497.40845   55  163 8776.00000 8459.40845  3.61%  27.6  265s
H571116 369326                    8775.9999922 8459.40845  3.61%  27.6  266s
 578144 374973 8459.40845   41  141 8775.99999 8459.40845  3.61%  27.6  270s
 588662 382069 8545.40845   60  144 8775.99999 8459.40845  3.61%  27.6  275s
 600912 390468 infeasible   77      8775.99999 8459.40845  3.61%  27.6  280s
 614171 399320 infeasible  113      8775.99999 8459.40845  3.61%  27.6  285s
 623913 406121 8744.00000   86   87 8775.99999 8459.40845  3.61%  27.6  290s
 638313 415512 8768.33333   61  122 8775.99999 8459.40845  3.61%  27.5  295s
 651086 423843 8649.00000   84   82 8775.99999 8459.40845  3.61%  27.5  300s
 662521 430981 8459.40845   45  147 8775.99999 8459.40845  3.61%  27.5  306s
 669965 436506 8462.47917   53  173 8775.99999 8459.40845  3.61%  27.5  310s
 680373 442831 8757.04322  116  155 8775.99999 8459.40845  3.61%  27.6  315s
 693113 451077 8459.40845   52  157 8775.99999 8459.40845  3.61%  27.5  320s
 705532 460022 8750.00000  130   30 8775.99999 8459.40845  3.61%  27.5  325s
 718029 467884 8615.33333   56  135 8775.99999 8459.40845  3.61%  27.5  330s
 730157 476081 infeasible   84      8775.99999 8459.40845  3.61%  27.4  335s
 743553 485458     cutoff   63      8775.99999 8459.40845  3.61%  27.4  340s
 755615 493725 8575.00000   55  119 8775.99999 8459.40845  3.61%  27.3  345s
 768144 502219     cutoff  140      8775.99999 8459.40845  3.61%  27.3  350s
 782499 510773 8647.40845   68  123 8775.99999 8459.40845  3.61%  27.2  355s
 796196 519013 8688.00000  101  101 8775.99999 8459.40845  3.61%  27.2  360s
 807293 525807 infeasible  129      8775.99999 8459.40845  3.61%  27.1  365s
 820851 534732 8600.00000   67  153 8775.99999 8459.42146  3.61%  27.1  370s
 832072 541611 8656.02991   69  138 8775.99999 8459.42581  3.61%  27.1  375s
 841661 547443 8513.42581   57  136 8775.99999 8459.42581  3.61%  27.1  380s
 853957 555298 8758.00000   93   52 8775.99999 8459.43882  3.61%  27.0  385s
 866988 564048 8479.45250   55  147 8775.99999 8459.45250  3.61%  27.0  390s
 880846 573184 8602.67986   68  111 8775.99999 8459.47215  3.61%  27.0  395s
 891415 580748 8643.55556   67   74 8775.99999 8459.48083  3.61%  27.0  400s
 902265 587635 infeasible   96      8775.99999 8459.48083  3.61%  27.1  405s
 913927 595270 8632.01736   58  117 8775.99999 8459.48083  3.61%  27.1  410s
 926713 603981 8626.00000   91  110 8775.99999 8459.48083  3.61%  27.1  415s
 937372 610884 8520.33333   63  119 8775.99999 8459.48083  3.61%  27.1  420s
 948313 617429 8645.63566   71  111 8775.99999 8459.48479  3.61%  27.1  425s
 960730 625918 8548.00000   66   68 8775.99999 8459.49819  3.61%  27.1  430s
 972079 632687 8524.00000   52  105 8775.99999 8459.53594  3.61%  27.1  435s
 985154 641018 8478.85412   75  109 8775.99999 8459.66834  3.60%  27.1  440s
 997705 648697 8460.27209   47  140 8775.99999 8459.87438  3.60%  27.0  445s
 1010045 656040 infeasible   64      8775.99999 8460.17303  3.60%  27.0  450s
 1019490 661622 infeasible   97      8775.99999 8460.19697  3.60%  27.0  455s
 1029907 668545 8594.92265   97   97 8775.99999 8460.20170  3.60%  27.0  460s
 1041523 675699 8542.65217   72  109 8775.99999 8460.27209  3.60%  27.0  465s
 1054077 683926 8497.40845   53  150 8775.99999 8460.27209  3.60%  27.0  470s
 1063307 690239 8542.00000   65   97 8775.99999 8460.27209  3.60%  27.0  475s
 1075054 697579 8532.71908   63  151 8775.99999 8460.27209  3.60%  27.0  480s
 1086186 704569 8499.33333   51  102 8775.99999 8460.28509  3.60%  27.0  485s
 1097896 711748     cutoff  102      8775.99999 8460.55146  3.59%  26.9  490s
 1109015 718869 8511.35069   61  178 8775.99999 8460.89746  3.59%  26.9  495s
 1119216 725460     cutoff   93      8775.99999 8461.17150  3.59%  26.9  500s
 1131587 732761 infeasible  101      8775.99999 8461.33915  3.59%  26.9  505s
 1143933 739813 infeasible   71      8775.99999 8461.43882  3.58%  26.9  510s
 1155597 747811 8512.16873   56  102 8775.99999 8461.91052  3.58%  26.9  515s
 1168519 756607 8484.00000   59   84 8775.99999 8462.00111  3.58%  26.9  520s
 1181408 764815 infeasible   97      8775.99999 8462.07512  3.58%  26.9  525s
 1194167 773569 8738.00000  105   84 8775.99999 8462.07512  3.58%  26.8  530s
 1207255 782237     cutoff   65      8775.99999 8462.09248  3.58%  26.8  535s
 1220123 789649 8747.89966  126   98 8775.99999 8462.09248  3.58%  26.8  540s
 1229100 795785 8681.00000   72  124 8775.99999 8462.09248  3.58%  26.8  545s
 1239939 802552 8761.00000   89  104 8775.99999 8462.09248  3.58%  26.8  550s
 1250725 809738 8479.42146   46  149 8775.99999 8462.12834  3.58%  26.8  555s
 1264608 817965 8534.55506   78  106 8775.99999 8462.14749  3.58%  26.8  560s
 1274941 825295 8499.27273   52  145 8775.99999 8462.14749  3.58%  26.8  565s
 1289017 834177 infeasible   75      8775.99999 8462.16485  3.58%  26.7  570s
 1299148 841027 8572.00000   92  103 8775.99999 8462.26266  3.57%  26.7  575s
 1311498 849189 8600.89503   69   95 8775.99999 8462.32258  3.57%  26.7  580s
 1323820 856496 8549.19379   59  184 8775.99999 8462.32258  3.57%  26.7  585s
 1335881 863999 8582.01736   56  117 8775.99999 8462.33994  3.57%  26.7  590s
 1349445 872669 8508.07512   59  117 8775.99999 8462.39770  3.57%  26.7  595s
 1359994 879438 8729.00000  150   85 8775.99999 8462.39770  3.57%  26.7  600s
 1371555 886696 8570.00000   56  117 8775.99999 8462.39770  3.57%  26.6  605s
 1384058 894616     cutoff  108      8775.99999 8462.39770  3.57%  26.6  610s
 1395273 901723 8470.00000   54  150 8775.99999 8462.42992  3.57%  26.6  615s
 1405461 908328 8745.00000  153   76 8775.99999 8462.56293  3.57%  26.6  620s
 1418415 915844 8714.00000   99   67 8775.99999 8462.73969  3.57%  26.6  625s
 1427568 922409 8671.00000  113   98 8775.99999 8462.95611  3.57%  26.6  630s
 1439239 929982 8692.00000  104   69 8775.99999 8463.21210  3.56%  26.6  635s
 1451117 936282 infeasible   84      8775.99999 8463.27789  3.56%  26.6  640s
 1463471 945313 8516.03819   47  134 8775.99999 8463.33333  3.56%  26.6  645s
 1476733 954157 8525.20000   50  147 8775.99999 8463.37152  3.56%  26.6  650s
 1487828 962112 8635.82633   94  107 8775.99999 8463.40845  3.56%  26.6  655s
 1500630 970263 8522.00000   80   97 8775.99999 8463.40845  3.56%  26.6  660s
 1512525 977572 8684.05006   98  108 8775.99999 8463.40845  3.56%  26.5  665s
 1522837 984278 8688.00000   83   86 8775.99999 8463.46722  3.56%  26.6  670s
 1532560 991832 8597.65969   51  104 8775.99999 8463.48083  3.56%  26.6  675s

Cutting planes:
  Learned: 136
  Gomory: 131
  Cover: 13
  Implied bound: 18
  Projected implied bound: 6
  Clique: 3
  MIR: 29
  StrongCG: 2
  Flow cover: 101
  GUB cover: 1
  Zero half: 11
  Network: 1
  RLT: 37
  Relax-and-lift: 7

Explored 1541405 nodes (41015595 simplex iterations) in 678.42 seconds (872.97 work units)
Thread count was 8 (of 8 available processors)

Solution count 10: 8776 8776 8781 ... 8836

Solve interrupted
Best objective 8.775999992183e+03, best bound 8.463480825959e+03, gap 3.5611%

User-callback calls 3257630, time in user-callback 4.91 sec

Statistics for modelBWKS_medium_september:
  Linear constraint matrix    : 10306 Constrs, 4887 Vars, 50195 NZs
  Variable types              : 1358 Continuous,
3529 Integer (1331 Binary)
  Matrix coefficient range    : [ 1, 396 ]
  Objective coefficient range : [ 1, 396 ]
  Variable bound range        : [ 1, 199 ]
  RHS coefficient range       : [ 1, 9389.16 ]
