
Gurobi 10.0.1 (mac64[arm]) logging started Mon Apr  8 06:26:31 2024

Set parameter LogFile to value "/Users/deniserings/Documents/zib/s-bahn-data/scripts/DeniseMA/processed/BGB_BWES/Branching/BGB_BWES_random3_subMBP202404072240.log"
Gurobi Optimizer version 10.0.1 build v10.0.1rc0 (mac64[arm])

CPU model: Apple M2
Thread count: 8 physical cores, 8 logical processors, using up to 8 threads

Optimize a model with 23687 rows, 9987 columns and 87882 nonzeros
Model fingerprint: 0x333d329d
Variable types: 4407 continuous, 5580 integer (241 binary)
Coefficient statistics:
  Matrix range     [1e+00, 2e+02]
  Objective range  [1e+00, 4e+02]
  Bounds range     [1e+00, 2e+02]
  RHS range        [1e+00, 5e+02]

Loaded user MIP start with objective 27841

Presolve removed 10851 rows and 3190 columns
Presolve time: 0.12s
Presolved: 12836 rows, 6797 columns, 50281 nonzeros
Found heuristic solution: objective 27840.999315
Variable types: 2191 continuous, 4606 integer (4606 binary)

Root relaxation: objective 2.340000e+04, 3947 iterations, 0.02 seconds (0.02 work units)

    Nodes    |    Current Node    |     Objective Bounds      |     Work
 Expl Unexpl |  Obj  Depth IntInf | Incumbent    BestBd   Gap | It/Node Time

     0     0 23399.9993    0  291 27840.9993 23399.9993  16.0%     -    0s
H    0     0                    27840.998516 23456.0222  15.8%     -    0s
     0     0 23456.0222    0  800 27840.9985 23456.0222  15.8%     -    0s
H    0     0                    27834.999305 23456.0222  15.7%     -    0s
     0     0 23456.0222    0  779 27834.9993 23456.0222  15.7%     -    0s
     0     0 23597.0064    0  928 27834.9993 23597.0064  15.2%     -    0s
     0     0 23597.0549    0  821 27834.9993 23597.0549  15.2%     -    0s
     0     0 23597.0565    0  797 27834.9993 23597.0565  15.2%     -    0s
     0     0 23599.1143    0  908 27834.9993 23599.1143  15.2%     -    1s
     0     0 23599.1143    0  905 27834.9993 23599.1143  15.2%     -    1s
     0     0 23599.1143    0  784 27834.9993 23599.1143  15.2%     -    1s
     0     0 23599.7828    0  893 27834.9993 23599.7828  15.2%     -    1s
     0     0 23599.7828    0  815 27834.9993 23599.7828  15.2%     -    1s
     0     0 23599.7828    0  839 27834.9993 23599.7828  15.2%     -    1s
     0     0 23599.7828    0  893 27834.9993 23599.7828  15.2%     -    1s
     0     0 23599.7828    0  307 27834.9993 23599.7828  15.2%     -    1s
     0     0 23599.7828    0  364 27834.9993 23599.7828  15.2%     -    2s
     0     0 23599.7828    0  293 27834.9993 23599.7828  15.2%     -    2s
     0     0 23599.7828    0  443 27834.9993 23599.7828  15.2%     -    2s
H    0     0                    27831.999021 23599.7828  15.2%     -    2s
     0     0 23599.7828    0  269 27831.9990 23599.7828  15.2%     -    2s
H    0     0                    27820.999175 23599.7828  15.2%     -    3s
     0     0 23599.7828    0  359 27820.9992 23599.7828  15.2%     -    3s
H    0     0                    27818.999305 23602.7511  15.2%     -    3s
H    0     0                    27818.999275 23602.7511  15.2%     -    3s
H    0     0                    27817.999305 23602.7511  15.2%     -    3s
H    0     0                    27817.999294 23602.7511  15.2%     -    3s
     0     0 23602.7511    0  252 27817.9993 23602.7511  15.2%     -    3s
     0     0 23602.7511    0  413 27817.9993 23602.7511  15.2%     -    3s
     0     0 23605.7511    0  539 27817.9993 23605.7511  15.1%     -    3s
     0     0 23605.7511    0  568 27817.9993 23605.7511  15.1%     -    3s
     0     0 23605.7511    0  718 27817.9993 23605.7511  15.1%     -    3s
H    0     0                    27811.999305 23605.7511  15.1%     -    3s
     0     0 23605.7511    0  692 27811.9993 23605.7511  15.1%     -    3s
H    0     0                    27805.999305 23605.7511  15.1%     -    4s
     0     0 23605.7511    0  243 27805.9993 23605.7511  15.1%     -    4s
     0     0 23605.7511    0  342 27805.9993 23605.7511  15.1%     -    4s
H    0     0                    27802.999305 23605.7511  15.1%     -    4s
     0     0 23605.7511    0  289 27802.9993 23605.7511  15.1%     -    4s
     0     0 23605.7511    0  289 27802.9993 23605.7511  15.1%     -    4s
     0     0 23605.7511    0  173 27802.9993 23605.7511  15.1%     -    5s
     0     0 23607.1104    0  441 27802.9993 23607.1104  15.1%     -    5s
     0     0 23607.7493    0  422 27802.9993 23607.7493  15.1%     -    5s
     0     0 23607.7493    0  412 27802.9993 23607.7493  15.1%     -    5s
     0     0 23611.8106    0  460 27802.9993 23611.8106  15.1%     -    5s
     0     0 23612.5384    0  424 27802.9993 23612.5384  15.1%     -    5s
     0     0 23612.5384    0  386 27802.9993 23612.5384  15.1%     -    5s
     0     0 23628.0356    0  435 27802.9993 23628.0356  15.0%     -    5s
     0     0 23629.0211    0  416 27802.9993 23629.0211  15.0%     -    5s
     0     0 23629.0211    0  407 27802.9993 23629.0211  15.0%     -    5s
     0     0 23629.0211    0  402 27802.9993 23629.0211  15.0%     -    5s
     0     0 23629.0211    0  412 27802.9993 23629.0211  15.0%     -    5s
     0     0 23629.0211    0  486 27802.9993 23629.0211  15.0%     -    6s
     0     0 23629.0211    0  454 27802.9993 23629.0211  15.0%     -    6s
     0     0 23629.0211    0  183 27802.9993 23629.0211  15.0%     -    6s
     0     0 23629.0211    0  268 27802.9993 23629.0211  15.0%     -    6s
     0     0 23629.0211    0  228 27802.9993 23629.0211  15.0%     -    6s
     0     0 23629.0211    0  303 27802.9993 23629.0211  15.0%     -    6s
     0     0 23629.0211    0  194 27802.9993 23629.0211  15.0%     -    6s
     0     0 23629.0211    0  193 27802.9993 23629.0211  15.0%     -    7s
     0     2 23629.0211    0  179 27802.9993 23629.0211  15.0%     -    7s
H  163   169                    27787.999315 23629.0211  15.0%  76.8    7s
H  202   210                    27757.999305 23629.0211  14.9%  65.5    8s
H  212   218                    27757.999267 23629.0211  14.9%  63.7    8s
H  214   218                    27757.999249 23629.0211  14.9%  64.1    8s
H  462   458                    27753.999305 23629.0211  14.9%  47.2    9s
   685   733 23655.9993   55  321 27753.9993 23629.0211  14.9%  40.8   10s
H 1104  1066                    27753.999204 23629.0211  14.9%  33.7   10s
  2006  1792 26149.9993  168  511 27753.9992 23639.0573  14.8%  30.0   15s
  2045  1819 23836.4438   34  537 27753.9992 23671.7077  14.7%  43.3   20s
  2063  1831 23949.9994   38  310 27753.9992 23671.9944  14.7%  43.0   25s
  2092  1852 23798.9993   21  163 27753.9992 23675.9993  14.7%  68.6   30s
  2118  1870 24990.9993  126  231 27753.9992 23675.9993  14.7%  87.6   35s
  2238  1959 23851.9993   56  365 27753.9992 23678.6584  14.7%   108   40s
H 2363  1940                    27732.999305 23678.6584  14.6%   106   41s
H 2529  1904                    27729.999305 23678.6584  14.6%   103   43s
  3034  2194 23866.2493  133  316 27729.9993 23678.6584  14.6%  92.8   45s
  6381  4430 23844.3938   92  327 27729.9993 23779.9993  14.2%  62.3   50s
 12150  8274 infeasible   98      27729.9993 23779.9993  14.2%  47.8   55s
H13932  9872                    27727.999305 23779.9993  14.2%  47.5   58s
H15270 11004                    27726.999305 23779.9993  14.2%  47.8   62s
H15777 11004                    27722.999305 23779.9993  14.2%  48.3   62s
H16969 14104                    27720.999305 23779.9993  14.2%  49.1   67s
H20826 14529                    27719.999305 23779.9993  14.2%  46.8   68s
 20858 15026 24237.1739  112  406 27719.9993 23779.9993  14.2%  46.8   70s
H24433 17809                    27719.999263 23779.9993  14.2%  46.3   74s
 25417 18222 23779.9993   95  444 27719.9993 23779.9993  14.2%  46.4   75s
H25941 19178                    27719.999255 23779.9993  14.2%  47.0   77s
H26760 19178                    27719.999213 23779.9993  14.2%  46.6   77s
 28600 20394 23779.9993   61  410 27719.9992 23779.9993  14.2%  46.5   81s
H28929 20394                    27719.999062 23779.9993  14.2%  47.0   81s
 29460 20695 24754.1835  117  289 27719.9991 23779.9993  14.2%  47.0   98s
 29468 20700 24548.3722   90  561 27719.9991 23779.9993  14.2%  47.0  100s
 29473 20704 24079.7798  129  246 27719.9991 23779.9993  14.2%  47.0  106s
H29474 19668                    27719.997993 23779.9993  14.2%  47.0  109s
 29476 19670 26014.7723  165  483 27719.9980 23779.9993  14.2%  47.0  111s
 29479 19672 24742.3583  104  300 27719.9980 23779.9993  14.2%  47.0  115s
 29855 19909 23847.9993   84  433 27719.9980 23779.9993  14.2%  49.3  120s
 30440 20216 24761.5143  135  137 27719.9980 23779.9993  14.2%  50.4  125s
 31144 20649 23955.9993   69  428 27719.9980 23779.9993  14.2%  51.9  130s
 32206 21848 24449.0411  124  345 27719.9980 23779.9993  14.2%  53.3  135s
 34820 22065 infeasible  154      27719.9980 23779.9993  14.2%  55.0  141s
H35343 21114                    27506.999305 23779.9993  13.5%  56.8  143s
 35428 21731 23779.9993   78  456 27506.9993 23779.9993  13.5%  57.0  145s
 36855 22812 25768.3660  103  375 27506.9993 23779.9993  13.5%  60.1  150s
H37284 21734                    27506.999299 23779.9993  13.5%  60.1  150s
H37751 20690                    27471.999218 23779.9993  13.4%  60.5  150s
H38859 20832                    27453.999305 23779.9993  13.4%  62.1  155s
H40561 19798                    27146.999315 23779.9993  12.4%  62.8  158s
 40917 20262 25051.9993  103  380 27146.9993 23779.9993  12.4%  63.2  161s
H41009 19447                    27099.999315 23779.9993  12.3%  63.3  161s
H41188 18658                    27096.999315 23779.9993  12.2%  63.4  161s
H42403 18902                    27095.999315 23779.9993  12.2%  65.8  167s
H42537 18204                    27091.999315 23779.9993  12.2%  65.9  167s
H43144 17265                    26695.999219 23779.9993  10.9%  66.3  167s
H43771 16790                    26691.999315 23779.9993  10.9%  66.9  170s
H43852 16180                    26666.999315 23779.9993  10.8%  67.0  170s
H45131 16336                    26641.999315 23779.9993  10.7%  69.9  179s
H45204 15797                    26628.999315 23779.9993  10.7%  70.0  179s
 45864 16397 25981.9498  121  303 26628.9993 23779.9993  10.7%  70.6  185s
H46489 15705                    26621.999315 23779.9993  10.7%  71.5  185s
 47088 16494 infeasible   95      26621.9993 23779.9993  10.7%  72.6  191s
 48546 17507 24653.9699   76  565 26621.9993 23779.9993  10.7%  75.0  197s
H49344 16781                    26617.999315 23779.9993  10.7%  75.6  197s
 50690 17170 24127.5825   82  482 26617.9993 23779.9993  10.7%  76.3  202s
 51832 17658 24779.9993   80  392 26617.9993 23779.9993  10.7%  77.8  208s
H52324 17061                    26616.999315 23779.9993  10.7%  78.2  208s
 53054 18305 23936.4594   75  566 26616.9993 23779.9993  10.7%  79.0  213s
H53836 17939                    26611.999213 23779.9993  10.6%  79.4  213s
H54960 17910                    26591.999315 23779.9993  10.6%  79.6  213s
H55155 18559                    26587.999315 23779.9993  10.6%  79.7  219s
H56184 19249                    26582.999275 23779.9993  10.5%  80.7  224s
H57170 20880                    26579.999315 23779.9993  10.5%  81.7  230s
 59637 21378 24304.6981   77  484 26579.9993 23779.9993  10.5%  82.6  235s
H59694 21374                    26576.999315 23779.9993  10.5%  82.7  235s
 60309 22371 26064.0668  118  190 26576.9993 23779.9993  10.5%  83.2  244s
H60870 22370                    26575.999315 23779.9993  10.5%  83.8  244s
H60870 22370                    26575.999068 23779.9993  10.5%  83.8  244s
 61803 24535 25076.5869  103  236 26575.9991 23779.9993  10.5%  85.0  252s
H62340 24535                    26575.999014 23779.9993  10.5%  85.3  252s
 65029 25100 23779.9993   67  506 26575.9990 23779.9993  10.5%  86.3  257s
H65133 25100                    26575.999006 23779.9993  10.5%  86.3  257s
H65238 25100                    26575.998994 23779.9993  10.5%  86.3  257s
H65389 25100                    26575.998972 23779.9993  10.5%  86.5  257s
*65773 24809             243    26483.999315 23779.9993  10.2%  86.6  257s
 65888 25413 infeasible   94      26483.9993 23779.9993  10.2%  86.7  262s
H66110 25374                    26478.999315 23779.9993  10.2%  86.8  262s
H66225 25248                    26449.999315 23779.9993  10.1%  86.9  262s
H66844 25199                    26435.999315 23779.9993  10.0%  87.4  262s
H66914 25548                    26431.999315 23779.9993  10.0%  87.5  267s
H67047 25515                    26421.999315 23779.9993  10.0%  87.7  267s
 67488 26237 23779.9993   81  546 26421.9993 23779.9993  10.0%  88.2  272s
H68515 27006                    26409.999315 23779.9993  10.0%  89.4  278s
H68515 26996                    26406.999315 23779.9993  9.95%  89.4  278s
 69847 28353 24102.9211   79  398 26406.9993 23779.9993  9.95%  90.1  283s
H70029 28321                    26398.999315 23779.9993  9.92%  90.1  283s
 71824 29037 25566.2859   83  356 26398.9993 23779.9993  9.92%  90.5  289s
H72755 29032                    26397.999315 23779.9993  9.92%  91.4  289s
 72897 29710 23940.1731   80  560 26397.9993 23779.9993  9.92%  91.5  294s
H72990 29710                    26396.999315 23779.9993  9.91%  91.5  294s
H73385 29703                    26395.999315 23779.9993  9.91%  91.6  294s
H73519 29685                    26392.999315 23779.9993  9.90%  91.6  294s
 73859 30881 23779.9993   76  542 26392.9993 23779.9993  9.90%  91.8  299s
H75678 31503                    26390.999315 23779.9993  9.89%  92.6  304s
H76563 32388                    26389.999315 23779.9993  9.89%  93.3  311s
H77874 34102                    26388.999315 23779.9993  9.89%  94.4  317s
H80665 34538                    26388.999276 23779.9993  9.89%  94.1  322s
H80749 34406                    26363.999315 23779.9993  9.80%  94.1  322s
 81305 35117 23836.9993   82  390 26363.9993 23779.9993  9.80%  94.8  327s
 82313 35607 26242.2625  113  229 26363.9993 23779.9993  9.80%  95.5  332s
H82850 35569                    26356.999315 23779.9993  9.78%  96.0  332s
 83028 36241 23779.9993   77  551 26356.9993 23779.9993  9.78%  96.1  337s
 84010 37854 24222.4668   66  538 26356.9993 23779.9993  9.78%  96.9  342s
H85554 37854                    26356.999276 23779.9993  9.78%  96.7  342s
 86428 38433 24524.8602   76  500 26356.9993 23779.9993  9.78%  96.7  347s
 87253 38900 25199.9993  102  430 26356.9993 23779.9993  9.78%  97.3  352s
 88028 39527 25669.2259   84  327 26356.9993 23779.9993  9.78%  97.8  357s
 88967 41109 23779.9993   73  549 26356.9993 23779.9993  9.78%  98.5  362s
 91313 41548 23779.9993   69  512 26356.9993 23779.9993  9.78%  98.3  367s
 92040 42342 24014.5208   88  423 26356.9993 23779.9993  9.78%  98.8  375s
H92168 40293                    26110.999270 23779.9993  8.93%  98.9  375s
 93355 41561 23779.9993   73  393 26110.9993 23779.9993  8.93%   100  383s
 95205 43641 23779.9993   82  517 26110.9993 23779.9993  8.93%   100  390s
H97136 43641                    26110.999258 23779.9993  8.93%   100  390s
 98133 43990 25313.2275   88  403 26110.9993 23779.9993  8.93%   100  395s
 98752 44523 23904.2312   92  450 26110.9993 23779.9993  8.93%   101  400s
H98920 44523                    26110.999255 23779.9993  8.93%   101  400s
H99080 44523                    26110.999247 23779.9993  8.93%   101  400s
 99599 45266 24906.0144  111  354 26110.9992 23779.9993  8.93%   101  405s
H99748 45266                    26110.996026 23779.9993  8.93%   101  405s
 100720 46334 23779.9993   69  529 26110.9960 23779.9993  8.93%   102  411s
 102242 47064 25208.6570   93  331 26110.9960 23779.9993  8.93%   102  416s
 103271 47628 24303.1603   83  419 26110.9960 23779.9993  8.93%   102  422s
 104118 48604 25231.9160   87  371 26110.9960 23779.9993  8.93%   103  428s
 105624 49196 23779.9993   82  482 26110.9960 23779.9993  8.93%   103  434s
 106466 49839 25006.0620   76  420 26110.9960 23779.9993  8.93%   104  439s
 107481 51045 23779.9993   94  460 26110.9960 23779.9993  8.93%   104  445s
 109325 51958 23779.9993   80  557 26110.9960 23779.9993  8.93%   104  450s
 110561 52621 24558.3522  101  369 26110.9960 23779.9993  8.93%   104  455s
 111632 53176 23779.9993   75  454 26110.9960 23779.9993  8.93%   105  460s
 112437 53833 infeasible  101      26110.9960 23779.9993  8.93%   105  466s
 113503 53886 23898.6389   89  338 26110.9960 23779.9993  8.93%   105  473s
 113566 54660 23940.8234   96  342 26110.9960 23779.9993  8.93%   105  478s
 114716 55230     cutoff   83      26110.9960 23779.9993  8.93%   106  484s
 115615 55915 infeasible   95      26110.9960 23779.9993  8.93%   106  490s
 116611 56992 25247.9993  152  104 26110.9960 23779.9993  8.93%   107  496s
H116649 54076                    25890.999315 23779.9993  8.15%   107  496s
H116698 53556                    25847.999315 23779.9993  8.00%   107  496s
*116740 53292             280    25824.998419 23779.9993  7.92%   107  496s
H118093 53019                    25770.999287 23779.9993  7.73%   107  503s
H119131 53803                    25768.999260 23779.9993  7.72%   108  509s
H119307 53777                    25766.999175 23779.9993  7.71%   108  509s
H119619 53586                    25757.999260 23779.9993  7.68%   108  509s
H120465 54392                    25757.999189 23779.9993  7.68%   108  516s
H121521 54373                    25755.999315 23779.9993  7.67%   108  516s
H121626 54310                    25750.999209 23779.9993  7.65%   108  516s
 121802 54935 23779.9993   85  454 25750.9992 23779.9993  7.65%   108  521s
 122966 56451 24967.4765  109  332 25750.9992 23779.9993  7.65%   109  526s
H123291 56404                    25747.999315 23779.9993  7.64%   108  526s
 125430 56914 infeasible  106      25747.9993 23779.9993  7.64%   108  530s
H126035 56914                    25747.999286 23779.9993  7.64%   108  530s
 126847 58208 24076.9993   83  378 25747.9993 23779.9993  7.64%   109  538s
 128101 59458     cutoff   94      25747.9993 23779.9993  7.64%   109  542s
 129944 60005 24339.5521   85  521 25747.9993 23779.9993  7.64%   109  547s
 130822 60494     cutoff  122      25747.9993 23779.9993  7.64%   109  551s
 131613 61083 23938.6993   87  393 25747.9993 23779.9993  7.64%   110  555s
 132477 62153 24085.9993   79  438 25747.9993 23779.9993  7.64%   110  560s
 134303 62737 23779.9993   66  572 25747.9993 23779.9993  7.64%   110  565s
 136114 64488 23783.9993   75  450 25747.9993 23779.9993  7.64%   111  573s
 137945 64985 infeasible   74      25747.9993 23779.9993  7.64%   111  578s
 138895 65834 23780.7835   77  584 25747.9993 23779.9993  7.64%   111  585s
 140204 67126 infeasible  109      25747.9993 23779.9993  7.64%   112  591s
 142377 67665 23779.9993   74  572 25747.9993 23779.9993  7.64%   112  596s
 143304 68262 23779.9993   85  407 25747.9993 23779.9993  7.64%   112  601s
 144296 68982 25597.4725   86  446 25747.9993 23779.9993  7.64%   113  607s
 145380 70339 23779.9993   77  470 25747.9993 23779.9993  7.64%   113  612s
 147433 70944 24069.5681   81  442 25747.9993 23779.9993  7.64%   113  618s
 148365 71496 23783.7310   74  504 25747.9993 23779.9993  7.64%   113  624s
 149211 72046 24263.9993   77  522 25747.9993 23779.9993  7.64%   114  629s
 150333 73546 23779.9993   77  437 25747.9993 23779.9993  7.64%   114  635s
 152688 74176 23779.9993   86  430 25747.9993 23779.9993  7.64%   114  640s
 153597 74924 infeasible   89      25747.9993 23779.9993  7.64%   115  647s
 154782 75772 24385.3329  113  307 25747.9993 23779.9993  7.64%   115  653s
 156052 76816 25302.4363  100  335 25747.9993 23779.9993  7.64%   115  660s
 157677 77585 23779.9993   70  501 25747.9993 23779.9993  7.64%   116  667s
 158851 78856 24119.5535   81  549 25747.9993 23779.9993  7.64%   116  673s
 160929 79608 23779.9993   69  564 25747.9993 23779.9993  7.64%   117  679s
 162112 80377 23909.1526   85  459 25747.9993 23779.9993  7.64%   117  685s
 163473 81133 23779.9993   76  540 25747.9993 23779.9993  7.64%   117  692s
 164817 81857 23779.9993   70  592 25747.9993 23779.9993  7.64%   117  697s
 165860 83259 25185.3614   88  597 25747.9993 23779.9993  7.64%   118  703s
 168025 83754 24174.9645   86  433 25747.9993 23779.9993  7.64%   118  708s
 168842 84526 23779.9993   81  628 25747.9993 23779.9993  7.64%   118  716s
 170090 85503 24053.9993   86  486 25747.9993 23779.9993  7.64%   119  723s
 171488 87355 24558.5835   70  556 25747.9993 23779.9993  7.64%   120  730s
 174213 87822 24025.3518   89  444 25747.9993 23779.9993  7.64%   119  736s
 175028 88579 23779.9993   77  464 25747.9993 23779.9993  7.64%   120  742s
 176199 89212 25274.9765   99  360 25747.9993 23779.9993  7.64%   120  747s
 177251 89911 23779.9993   76  511 25747.9993 23779.9993  7.64%   120  753s
 178260 90731 23779.9993   85  491 25747.9993 23779.9993  7.64%   121  759s
 179446 91843 25406.2107  102  432 25747.9993 23779.9993  7.64%   121  765s
 181183 92643 23779.9993   72  510 25747.9993 23779.9993  7.64%   121  771s

Cutting planes:
  Learned: 23
  Gomory: 425
  Cover: 1509
  Implied bound: 331
  Projected implied bound: 10
  Clique: 174
  MIR: 410
  StrongCG: 199
  Flow cover: 2163
  GUB cover: 4
  Inf proof: 35
  Zero half: 13
  Network: 32
  RLT: 109
  Relax-and-lift: 154

Explored 182375 nodes (22248282 simplex iterations) in 771.62 seconds (1092.71 work units)
Thread count was 8 (of 8 available processors)

Solution count 10: 25748 25748 25751 ... 25825

Solve interrupted
Best objective 2.574799928650e+04, best bound 2.377999931452e+04, gap 7.6433%

User-callback calls 611339, time in user-callback 1.65 sec

Statistics for modelBGB_BWES:
  Linear constraint matrix    : 23687 Constrs, 9987 Vars, 87882 NZs
  Variable types              : 4407 Continuous,
5580 Integer (241 Binary)
  Matrix coefficient range    : [ 1, 200 ]
  Objective coefficient range : [ 1, 386 ]
  Variable bound range        : [ 1, 199 ]
  RHS coefficient range       : [ 1, 549 ]
