
Gurobi 10.0.1 (mac64[arm]) logging started Mon Apr 29 17:31:05 2024

Set parameter LogFile to value "/Users/deniserings/Documents/zib/s-bahn-data/scripts/DeniseMA/processed/BBOS_BWIN_BTG/Branching/BBOS_BWIN_BTG_slack_subMBP202404291712.log"
Gurobi Optimizer version 10.0.1 build v10.0.1rc0 (mac64[arm])

CPU model: Apple M2
Thread count: 8 physical cores, 8 logical processors, using up to 8 threads

Optimize a model with 3981 rows, 2210 columns and 14469 nonzeros
Model fingerprint: 0xef332dec
Variable types: 1213 continuous, 997 integer (100 binary)
Coefficient statistics:
  Matrix range     [1e+00, 2e+02]
  Objective range  [1e+00, 4e+02]
  Bounds range     [1e+00, 2e+02]
  RHS range        [1e+00, 5e+02]

Loaded user MIP start with objective 10210

Presolve removed 2436 rows and 1092 columns
Presolve time: 1.51s
Presolved: 1545 rows, 1118 columns, 6624 nonzeros
Variable types: 591 continuous, 527 integer (527 binary)

Root relaxation: objective 9.169213e+03, 530 iterations, 0.01 seconds (0.00 work units)

    Nodes    |    Current Node    |     Objective Bounds      |     Work
 Expl Unexpl |  Obj  Depth IntInf | Incumbent    BestBd   Gap | It/Node Time

     0     0 9169.21279    0   47 10209.9991 9169.21279  10.2%     -    1s
     0     0 9754.20334    0   61 10209.9991 9754.20334  4.46%     -    1s
     0     0 9754.23193    0   65 10209.9991 9754.23193  4.46%     -    2s
     0     0 9762.01731    0   89 10209.9991 9762.01731  4.39%     -    2s
     0     0 9762.02910    0   87 10209.9991 9762.02910  4.39%     -    2s
     0     0 9797.95775    0   81 10209.9991 9797.95775  4.04%     -    2s
     0     0 9797.95775    0   76 10209.9991 9797.95775  4.04%     -    2s
     0     0 9798.99980    0   57 10209.9991 9798.99980  4.03%     -    2s
     0     0 9799.14169    0   84 10209.9991 9799.14169  4.02%     -    2s
     0     0 9799.14169    0   79 10209.9991 9799.14169  4.02%     -    2s
     0     0 9799.14169    0   79 10209.9991 9799.14169  4.02%     -    3s
     0     0 9799.14169    0   78 10209.9991 9799.14169  4.02%     -    3s
     0     0 9799.14169    0   50 10209.9991 9799.14169  4.02%     -    3s
   594   394 9819.14207    2   23 10209.9991 9819.14207  3.83%  11.3    5s
H 1152   774                    10209.998215 9838.99992  3.63%  10.2    7s
  4190  2126 infeasible    9      10209.9982 9868.99999  3.34%   8.4   10s
H 5050  2350                    10209.998169 9880.99999  3.22%   9.5   14s
  7258  2918 9909.00000   43   20 10209.9982 9880.99999  3.22%   9.3   15s
 19597  6155 9930.72413   77   23 10209.9982 9880.99999  3.22%  10.6   20s
 34374 13340 9962.31080   26   23 10209.9982 9880.99999  3.22%  10.8   25s
 53319 18547 9908.99999   37    4 10209.9982 9888.99999  3.14%  11.2   30s
 74780 26094 9888.99999   36    2 10209.9982 9888.99999  3.14%  11.4   35s
H77605 26438                    10209.998136 9888.99999  3.14%  11.3   35s
 77706 26509 9888.99999   23   13 10209.9981 9888.99999  3.14%  11.5   60s
 96278 31651     cutoff   32      10209.9981 9891.51427  3.12%  11.8   65s
 124592 38259 9913.77272   38    6 10209.9981 9909.00000  2.95%  11.9   70s
 149379 44662 9978.37087   31    3 10209.9981 9909.70786  2.94%  12.0   75s
 179475 52334 9919.73421   58   15 10209.9981 9909.99998  2.94%  12.0   80s
 213775 62309 9915.52630   69   13 10209.9981 9909.99998  2.94%  11.8   85s
 230528 72696 10009.7979   59   23 10209.9981 9909.99998  2.94%  12.0   90s
 273565 85670 9944.71344   72   13 10209.9981 9909.99999  2.94%  12.0   95s
 292224 97590 9981.57394   49   13 10209.9981 9910.40908  2.93%  12.0  100s
 316605 106959 9918.88216   38    3 10209.9981 9911.43535  2.92%  12.0  105s
H350163 111517                    10209.998082 9911.43535  2.92%  12.0  108s
 355878 115655 9991.11046   40   18 10209.9981 9911.61627  2.92%  12.0  110s
 371179 125544 9934.72149   62   20 10209.9981 9912.05864  2.92%  12.0  115s
 389279 136630 10034.0000   96   15 10209.9981 9913.53160  2.90%  12.0  120s
 428647 143793 9922.74875   41    5 10209.9981 9914.12903  2.90%  12.1  125s
 458667 154893     cutoff   60      10209.9981 9915.56098  2.88%  12.1  130s
 473488 162573 10044.8081   74   17 10209.9981 9917.86126  2.86%  12.2  135s
 482872 168418 9983.99999   78    7 10209.9981 9917.99999  2.86%  12.1  140s
 487687 171421 9996.71507   82   10 10209.9981 9918.38181  2.86%  12.1  145s
 491889 173651 10033.8621   89   12 10209.9981 9918.66538  2.85%  12.1  150s
 498004 175584 9989.21701   42    4 10209.9981 9919.21701  2.85%  12.1  155s
 518891 177426 9922.91664   39    6 10209.9981 9922.76599  2.81%  12.1  160s
 539608 178613 9971.44527   42    4 10209.9981 9929.07616  2.75%  12.1  165s
 551519 182845 10058.3608   90    9 10209.9981 9935.43433  2.69%  12.1  170s
 560574 187110     cutoff   78      10209.9981 9937.93560  2.66%  12.1  175s
 566934 190293 10009.2841   76   19 10209.9981 9939.36081  2.65%  12.1  180s

Cutting planes:
  Learned: 10
  Gomory: 1
  Cover: 11
  Implied bound: 14
  Clique: 11
  MIR: 25
  StrongCG: 1
  Flow cover: 3
  Network: 3
  RLT: 11
  Relax-and-lift: 4

Explored 567495 nodes (6894340 simplex iterations) in 181.24 seconds (54.33 work units)
Thread count was 8 (of 8 available processors)

Solution count 5: 10210 10210 10210 ... 10210

Solve interrupted
Best objective 1.020999808197e+04, best bound 9.939360809593e+03, gap 2.6507%

User-callback calls 1135606, time in user-callback 4.65 sec

Statistics for modelBBOS_BWIN_BTG:
  Linear constraint matrix    : 3981 Constrs, 2210 Vars, 14469 NZs
  Variable types              : 1213 Continuous,
997 Integer (100 Binary)
  Matrix coefficient range    : [ 1, 200 ]
  Objective coefficient range : [ 1, 396 ]
  Variable bound range        : [ 1, 199 ]
  RHS coefficient range       : [ 1, 549 ]

Gurobi 10.0.1 (mac64[arm]) logging started Mon Apr 29 17:34:06 2024

Set parameter LogFile to value "/Users/deniserings/Documents/zib/s-bahn-data/scripts/DeniseMA/processed/BBOS_BWIN_BTG/Branching/BBOS_BWIN_BTG_slack_subMBP202404291712.log"
Gurobi Optimizer version 10.0.1 build v10.0.1rc0 (mac64[arm])

CPU model: Apple M2
Thread count: 8 physical cores, 8 logical processors, using up to 8 threads

Optimize a model with 3981 rows, 2210 columns and 14469 nonzeros
Model fingerprint: 0xef332dec
Variable types: 1213 continuous, 997 integer (100 binary)
Coefficient statistics:
  Matrix range     [1e+00, 2e+02]
  Objective range  [1e+00, 4e+02]
  Bounds range     [1e+00, 2e+02]
  RHS range        [1e+00, 5e+02]

Loaded user MIP start with objective 10210

Presolve removed 2436 rows and 1092 columns
Presolve time: 0.49s
Presolved: 1545 rows, 1118 columns, 6624 nonzeros
Variable types: 591 continuous, 527 integer (527 binary)

Root relaxation: objective 9.169213e+03, 530 iterations, 0.01 seconds (0.00 work units)

    Nodes    |    Current Node    |     Objective Bounds      |     Work
 Expl Unexpl |  Obj  Depth IntInf | Incumbent    BestBd   Gap | It/Node Time

     0     0 9169.21279    0   47 10209.9991 9169.21279  10.2%     -    0s
     0     0 9754.20334    0   61 10209.9991 9754.20334  4.46%     -    0s
     0     0 9754.23193    0   65 10209.9991 9754.23193  4.46%     -    0s
     0     0 9762.01731    0   89 10209.9991 9762.01731  4.39%     -    0s
     0     0 9762.02910    0   87 10209.9991 9762.02910  4.39%     -    0s
     0     0 9797.95775    0   81 10209.9991 9797.95775  4.04%     -    0s
     0     0 9797.95775    0   76 10209.9991 9797.95775  4.04%     -    0s
     0     0 9798.99980    0   57 10209.9991 9798.99980  4.03%     -    1s
     0     0 9799.14169    0   84 10209.9991 9799.14169  4.02%     -    1s
     0     0 9799.14169    0   79 10209.9991 9799.14169  4.02%     -    1s
     0     0 9799.14169    0   79 10209.9991 9799.14169  4.02%     -    1s
     0     0 9799.14169    0   78 10209.9991 9799.14169  4.02%     -    1s
     0     0 9799.14169    0   50 10209.9991 9799.14169  4.02%     -    1s
H 1152   774                    10209.998215 9838.99992  3.63%  10.2    2s
  4497  2091 9880.99999   11   35 10209.9982 9880.99999  3.22%   9.5    6s
H 5050  2350                    10209.998169 9880.99999  3.22%   9.5    7s
 12787  4044 9880.99999   35    3 10209.9982 9880.99999  3.22%  10.0   10s
 33751 11978 9919.47025   40   25 10209.9982 9880.99999  3.22%  10.8   15s
 53319 18547 9908.99999   37    4 10209.9982 9888.99999  3.14%  11.2   20s
H77605 26438                    10209.998136 9888.99999  3.14%  11.3   23s
 77706 26509 9888.99999   23   13 10209.9981 9888.99999  3.14%  11.5   40s
 93024 31208 9891.51427   30    8 10209.9981 9891.51427  3.12%  11.8   45s
 123333 38066 10027.8616   29    5 10209.9981 9909.00000  2.95%  11.9   50s
 149379 44662 9978.37087   31    3 10209.9981 9909.70786  2.94%  12.0   55s
 179475 52334 9919.73421   58   15 10209.9981 9909.99998  2.94%  12.0   60s
 209979 60500 9988.45359   38    7 10209.9981 9909.99998  2.94%  11.8   65s
 224322 69271 9969.99998   69   12 10209.9981 9909.99998  2.94%  12.0   70s
 246824 79846     cutoff   43      10209.9981 9909.99999  2.94%  12.0   75s
 276992 87968     cutoff   56      10209.9981 9910.01145  2.94%  12.0   80s
 289067 95732 9973.99999   59   24 10209.9981 9910.40908  2.93%  12.0   85s
 302239 103601 10001.0000   89   17 10209.9981 9911.20183  2.93%  12.0   90s
 344409 111058 9911.43535   38    2 10209.9981 9911.43535  2.92%  12.0   95s
H350163 111517                    10209.998082 9911.43535  2.92%  12.0   95s
 366240 122381 9982.66666   84   16 10209.9981 9911.62821  2.92%  12.0  100s
 382208 132202 9970.84623   54   13 10209.9981 9912.91339  2.91%  12.0  105s
 404323 141153     cutoff   48      10209.9981 9914.12903  2.90%  12.1  110s
 447814 148821 10006.0237   58   17 10209.9981 9914.48632  2.89%  12.1  115s
 465883 158746 10035.0000   97   20 10209.9981 9916.39168  2.88%  12.1  120s
 484896 169662 9975.79999   82   13 10209.9981 9918.05701  2.86%  12.1  125s
 521734 177694     cutoff   42      10209.9981 9922.87961  2.81%  12.1  130s
 560574 187110     cutoff   78      10209.9981 9937.93560  2.66%  12.1  135s
 575804 194826 9989.91466   72   11 10209.9981 9940.46759  2.64%  12.2  140s
 590702 202436 9981.34569   77   27 10209.9981 9942.26127  2.62%  12.3  145s
 638791 208377     cutoff   42      10209.9981 9947.40711  2.57%  12.3  150s
 658870 214826     cutoff   68      10209.9981 9948.99999  2.56%  12.3  155s
 676633 224758     cutoff   80      10209.9981 9948.99999  2.56%  12.3  160s
 692054 234309 9952.36027   53   32 10209.9981 9948.99999  2.56%  12.3  165s
 737889 235191 9948.99999   44    3 10209.9981 9948.99999  2.56%  12.3  170s
 759294 240669     cutoff   51      10209.9981 9949.00000  2.56%  12.3  175s
 776058 250987 10018.0000   59   14 10209.9981 9949.03266  2.56%  12.3  180s

Cutting planes:
  Learned: 10
  Gomory: 1
  Cover: 11
  Implied bound: 14
  Clique: 11
  MIR: 25
  StrongCG: 1
  Flow cover: 3
  Network: 3
  RLT: 11
  Relax-and-lift: 4

Explored 777189 nodes (9593598 simplex iterations) in 180.43 seconds (73.09 work units)
Thread count was 8 (of 8 available processors)

Solution count 5: 10210 10210 10210 ... 10210

Solve interrupted
Best objective 1.020999808197e+04, best bound 9.949036825774e+03, gap 2.5559%

User-callback calls 1553816, time in user-callback 4.83 sec

Statistics for modelBBOS_BWIN_BTG:
  Linear constraint matrix    : 3981 Constrs, 2210 Vars, 14469 NZs
  Variable types              : 1213 Continuous,
997 Integer (100 Binary)
  Matrix coefficient range    : [ 1, 200 ]
  Objective coefficient range : [ 1, 396 ]
  Variable bound range        : [ 1, 199 ]
  RHS coefficient range       : [ 1, 549 ]
