
Gurobi 10.0.1 (mac64[arm]) logging started Sun Apr  7 14:51:23 2024

Set parameter LogFile to value "/Users/deniserings/Documents/zib/s-bahn-data/scripts/DeniseMA/processed/BPKW_BKRW_BSNF_O/Branching/BPKW_BKRW_BSNF_O_slack_subMBP202404071201.log"
Gurobi Optimizer version 10.0.1 build v10.0.1rc0 (mac64[arm])

CPU model: Apple M2
Thread count: 8 physical cores, 8 logical processors, using up to 8 threads

Optimize a model with 4424 rows, 2168 columns and 15776 nonzeros
Model fingerprint: 0x3446fa65
Variable types: 1130 continuous, 1038 integer (66 binary)
Coefficient statistics:
  Matrix range     [1e+00, 2e+02]
  Objective range  [1e+00, 4e+02]
  Bounds range     [1e+00, 2e+02]
  RHS range        [1e+00, 5e+02]

Loaded user MIP start with objective 9798

Presolve removed 2423 rows and 1010 columns
Presolve time: 0.04s
Presolved: 2001 rows, 1158 columns, 7848 nonzeros
Found heuristic solution: objective 9797.9991610
Variable types: 478 continuous, 680 integer (680 binary)

Root relaxation: objective 9.179999e+03, 564 iterations, 0.00 seconds (0.00 work units)

    Nodes    |    Current Node    |     Objective Bounds      |     Work
 Expl Unexpl |  Obj  Depth IntInf | Incumbent    BestBd   Gap | It/Node Time

     0     0 9179.99916    0   43 9797.99916 9179.99916  6.31%     -    0s
H    0     0                    9797.9991165 9179.99916  6.31%     -    0s
     0     0 9179.99916    0   75 9797.99912 9179.99916  6.31%     -    0s
     0     0 9179.99916    0   86 9797.99912 9179.99916  6.31%     -    0s
     0     0 9179.99916    0   49 9797.99912 9179.99916  6.31%     -    0s
     0     0 9179.99916    0   63 9797.99912 9179.99916  6.31%     -    0s
     0     0 9179.99916    0   14 9797.99912 9179.99916  6.31%     -    0s
H    0     0                    9797.9991136 9179.99916  6.31%     -    0s
     0     0 9179.99916    0   16 9797.99911 9179.99916  6.31%     -    0s
     0     0 9187.21614    0   26 9797.99911 9187.21614  6.23%     -    0s
     0     0 9187.21614    0   26 9797.99911 9187.21614  6.23%     -    0s
     0     0 9187.21614    0   83 9797.99911 9187.21614  6.23%     -    0s
     0     0 9187.21614    0   82 9797.99911 9187.21614  6.23%     -    0s
     0     0 9187.21614    0   32 9797.99911 9187.21614  6.23%     -    0s
     0     0 9187.21614    0   32 9797.99911 9187.21614  6.23%     -    0s
     0     0 9187.21614    0   24 9797.99911 9187.21614  6.23%     -    0s
     0     0 9187.21614    0   78 9797.99911 9187.21614  6.23%     -    0s
     0     0 9187.21614    0   78 9797.99911 9187.21614  6.23%     -    0s
     0     0 9213.99916    0   51 9797.99911 9213.99916  5.96%     -    0s
     0     0 9214.01372    0   72 9797.99911 9214.01372  5.96%     -    0s
     0     0 9214.01372    0   74 9797.99911 9214.01372  5.96%     -    0s
     0     0 9214.01372    0   77 9797.99911 9214.01372  5.96%     -    0s
     0     0 9214.01372    0   76 9797.99911 9214.01372  5.96%     -    0s
     0     0 9214.01372    0   71 9797.99911 9214.01372  5.96%     -    0s
     0     0 9214.01372    0   71 9797.99911 9214.01372  5.96%     -    0s
     0     2 9214.01372    0   43 9797.99911 9214.01372  5.96%     -    0s
H   68    70                    9797.9990751 9242.02500  5.67%  17.4    0s
H 1673  1053                    9792.9991610 9259.99916  5.44%   9.3    0s
H 1676  1002                    9792.9991566 9259.99916  5.44%   9.3    1s
H 7079  3177                    9792.9991531 9321.72948  4.81%  10.5    2s
 20777  9516 9590.84662   36   15 9792.99915 9370.99916  4.31%  10.1    5s
 29623 12508 9590.99916   45   99 9792.99915 9393.99916  4.07%  10.8   10s
H29627 11884                    9792.9991029 9393.99916  4.07%  10.8   10s
 35211 10528     cutoff   48      9792.99910 9681.99916  1.13%  12.4   15s

Cutting planes:
  Learned: 2
  Gomory: 55
  Cover: 80
  Implied bound: 15
  Projected implied bound: 1
  Clique: 6
  MIR: 42
  StrongCG: 13
  Flow cover: 139
  Inf proof: 7
  Network: 2
  RLT: 10
  Relax-and-lift: 12

Explored 36591 nodes (466750 simplex iterations) in 15.45 seconds (11.10 work units)
Thread count was 8 (of 8 available processors)

Solution count 10: 9793 9793 9793 ... 9798

Optimal solution found (tolerance 1.00e-04)
Best objective 9.793000000000e+03, best bound 9.792999102881e+03, gap 0.0000%

User-callback calls 80934, time in user-callback 0.20 sec

Statistics for modelBPKW_BKRW_BSNF_O:
  Linear constraint matrix    : 4424 Constrs, 2168 Vars, 15776 NZs
  Variable types              : 1130 Continuous,
1038 Integer (66 Binary)
  Matrix coefficient range    : [ 1, 200 ]
  Objective coefficient range : [ 1, 368 ]
  Variable bound range        : [ 1, 199 ]
  RHS coefficient range       : [ 1, 549 ]

Gurobi 10.0.1 (mac64[arm]) logging started Sun Apr  7 14:51:38 2024

Set parameter LogFile to value "/Users/deniserings/Documents/zib/s-bahn-data/scripts/DeniseMA/processed/BPKW_BKRW_BSNF_O/Branching/BPKW_BKRW_BSNF_O_slack_subMBP202404071201.log"
Gurobi Optimizer version 10.0.1 build v10.0.1rc0 (mac64[arm])

CPU model: Apple M2
Thread count: 8 physical cores, 8 logical processors, using up to 8 threads

Optimize a model with 4418 rows, 2168 columns and 15770 nonzeros
Model fingerprint: 0xa6ad8654
Variable types: 1130 continuous, 1038 integer (66 binary)
Coefficient statistics:
  Matrix range     [1e+00, 2e+02]
  Objective range  [1e+00, 4e+02]
  Bounds range     [1e+00, 2e+02]
  RHS range        [1e+00, 5e+02]

Loaded user MIP start with objective 9798

Presolve removed 2240 rows and 920 columns
Presolve time: 0.11s
Presolved: 2178 rows, 1248 columns, 8613 nonzeros
Found heuristic solution: objective 9797.9992389
Variable types: 535 continuous, 713 integer (713 binary)

Root relaxation: objective 8.799999e+03, 740 iterations, 0.01 seconds (0.01 work units)

    Nodes    |    Current Node    |     Objective Bounds      |     Work
 Expl Unexpl |  Obj  Depth IntInf | Incumbent    BestBd   Gap | It/Node Time

     0     0 8799.99924    0   62 9797.99924 8799.99924  10.2%     -    0s
H    0     0                    9797.9992346 8799.99924  10.2%     -    0s
     0     0 8888.79215    0   57 9797.99923 8888.79215  9.28%     -    0s
     0     0 8926.99924    0   57 9797.99923 8926.99924  8.89%     -    0s
     0     0 8957.99924    0   85 9797.99923 8957.99924  8.57%     -    0s
     0     0 8957.99924    0   76 9797.99923 8957.99924  8.57%     -    0s
     0     0 8957.99924    0   77 9797.99923 8957.99924  8.57%     -    0s
     0     0 8957.99924    0   74 9797.99923 8957.99924  8.57%     -    0s
H    0     0                    9797.9991916 8957.99924  8.57%     -    0s
     0     0 8957.99924    0   77 9797.99919 8957.99924  8.57%     -    0s
     0     0 8957.99924    0   29 9797.99919 8957.99924  8.57%     -    0s
     0     0 9179.99924    0   44 9797.99919 9179.99924  6.31%     -    0s
     0     0 9190.80818    0   85 9797.99919 9190.80818  6.20%     -    0s
     0     0 9190.80818    0   81 9797.99919 9190.80818  6.20%     -    0s
     0     0 9191.93014    0   59 9797.99919 9191.93014  6.19%     -    0s
     0     0 9191.93014    0   56 9797.99919 9191.93014  6.19%     -    0s
     0     0 9200.12942    0   41 9797.99919 9200.12942  6.10%     -    0s
     0     0 9202.90036    0   56 9797.99919 9202.90036  6.07%     -    0s
     0     0 9202.90036    0   56 9797.99919 9202.90036  6.07%     -    0s
     0     0 9202.90036    0   57 9797.99919 9202.90036  6.07%     -    0s
     0     0 9202.90036    0   63 9797.99919 9202.90036  6.07%     -    0s
     0     0 9202.90036    0   55 9797.99919 9202.90036  6.07%     -    0s
     0     0 9202.90036    0   81 9797.99919 9202.90036  6.07%     -    0s
     0     0 9202.90036    0   17 9797.99919 9202.90036  6.07%     -    0s
     0     0 9202.90036    0   45 9797.99919 9202.90036  6.07%     -    0s
     0     0 9202.90036    0   20 9797.99919 9202.90036  6.07%     -    0s
     0     0 9202.90036    0   20 9797.99919 9202.90036  6.07%     -    0s
     0     2 9202.90036    0   20 9797.99919 9202.90036  6.07%     -    0s
H   74    80                    9797.9991505 9213.99924  5.96%  25.6    0s
H  123   139                    9797.9989763 9213.99924  5.96%  23.3    1s
H  669   548                    9792.9991916 9213.99924  5.91%  17.9    1s
H  874   688                    9792.9990889 9213.99924  5.91%  17.3    1s
  5612  3160 9602.15924   24   44 9792.99909 9216.87694  5.88%  24.0    5s
H14163  8236                    9770.9992374 9233.99924  5.50%  23.4    8s
 16379  9620 9702.99924   37   38 9770.99924 9237.08245  5.46%  24.0   10s
 27767 14867 9409.17628   28   76 9770.99924 9268.90488  5.14%  25.4   15s
 29439 15163 9487.40872   34   19 9770.99924 9271.22924  5.11%  25.6   20s
H29446 14409                    9770.9991559 9271.22924  5.11%  25.6   20s
H29587 13755                    9770.9991547 9271.22924  5.11%  25.7   21s
H29807 13117                    9770.9991335 9271.22924  5.11%  25.8   22s
 33833 13770 9462.33280   44   51 9770.99913 9367.50347  4.13%  26.0   25s
 43595 14161     cutoff   54      9770.99913 9410.89076  3.69%  26.1   30s
 52421 13843 9552.05359   46   42 9770.99913 9433.04163  3.46%  26.3   35s
H52626 13124                    9770.9991324 9433.04163  3.46%  26.3   35s
 61622 12927 9723.13228   48   86 9770.99913 9452.22450  3.26%  26.3   40s
 71939 13684 9679.75362   44   63 9770.99913 9473.02101  3.05%  26.4   45s
 81733 15582     cutoff   48      9770.99913 9490.45067  2.87%  26.4   50s
 92294 17678 9750.36368   38   55 9770.99913 9507.62833  2.70%  26.4   55s
 101630 18754 9627.99923   39   25 9770.99913 9523.73371  2.53%  26.5   60s
 110891 19392     cutoff   42      9770.99913 9543.45737  2.33%  26.6   65s
 119986 19485 9643.19282   43   73 9770.99913 9563.57895  2.12%  26.7   70s
 130384 20486 9727.72244   47   33 9770.99913 9578.18034  1.97%  26.5   75s
 140534 20349 9616.02729   57   52 9770.99913 9602.02929  1.73%  26.6   80s
 150684 20037 9647.51785   58   30 9770.99913 9617.99924  1.57%  26.5   85s
 160213 19921 9763.64816   55   24 9770.99913 9629.67622  1.45%  26.5   90s
 170567 18456     cutoff   58      9770.99913 9646.99924  1.27%  26.5   95s
 180667 16237     cutoff   36      9770.99913 9663.99924  1.10%  26.5  100s
 191216 12419     cutoff   40      9770.99913 9686.99924  0.86%  26.4  105s
 200078  9634     cutoff   53      9770.99913 9701.99924  0.71%  26.4  110s
 209304  5781 9729.03661   48   41 9770.99913 9724.82402  0.47%  26.3  115s
 217057  3382     cutoff   58      9770.99913 9737.82896  0.34%  26.2  120s
 226012   797     cutoff   68      9770.99913 9753.99924  0.17%  26.0  125s

Cutting planes:
  Learned: 10
  Gomory: 183
  Cover: 447
  Implied bound: 57
  Projected implied bound: 1
  Clique: 7
  MIR: 188
  StrongCG: 11
  Flow cover: 618
  GUB cover: 1
  Inf proof: 27
  Zero half: 4
  Network: 7
  RLT: 36
  Relax-and-lift: 30

Explored 228141 nodes (5912036 simplex iterations) in 125.70 seconds (100.59 work units)
Thread count was 8 (of 8 available processors)

Solution count 10: 9771 9771 9771 ... 9798

Optimal solution found (tolerance 1.00e-04)
Best objective 9.771000000000e+03, best bound 9.771000000000e+03, gap 0.0000%

User-callback calls 483319, time in user-callback 1.40 sec

Statistics for modelBPKW_BKRW_BSNF_O:
  Linear constraint matrix    : 4418 Constrs, 2168 Vars, 15770 NZs
  Variable types              : 1130 Continuous,
1038 Integer (66 Binary)
  Matrix coefficient range    : [ 1, 200 ]
  Objective coefficient range : [ 1, 368 ]
  Variable bound range        : [ 1, 199 ]
  RHS coefficient range       : [ 1, 549 ]

Gurobi 10.0.1 (mac64[arm]) logging started Sun Apr  7 14:53:44 2024

Set parameter LogFile to value "/Users/deniserings/Documents/zib/s-bahn-data/scripts/DeniseMA/processed/BPKW_BKRW_BSNF_O/Branching/BPKW_BKRW_BSNF_O_slack_subMBP202404071201.log"
Gurobi Optimizer version 10.0.1 build v10.0.1rc0 (mac64[arm])

CPU model: Apple M2
Thread count: 8 physical cores, 8 logical processors, using up to 8 threads

Optimize a model with 4415 rows, 2168 columns and 15767 nonzeros
Model fingerprint: 0x6c27cbc6
Variable types: 1130 continuous, 1038 integer (66 binary)
Coefficient statistics:
  Matrix range     [1e+00, 2e+02]
  Objective range  [1e+00, 4e+02]
  Bounds range     [1e+00, 2e+02]
  RHS range        [1e+00, 5e+02]

Loaded user MIP start with objective 9798

Presolve removed 2152 rows and 869 columns
Presolve time: 0.13s
Presolved: 2263 rows, 1299 columns, 9240 nonzeros
Found heuristic solution: objective 9797.9992389
Variable types: 569 continuous, 730 integer (730 binary)

Root relaxation: objective 8.799999e+03, 847 iterations, 0.01 seconds (0.01 work units)

    Nodes    |    Current Node    |     Objective Bounds      |     Work
 Expl Unexpl |  Obj  Depth IntInf | Incumbent    BestBd   Gap | It/Node Time

     0     0 8799.99924    0   39 9797.99924 8799.99924  10.2%     -    0s
H    0     0                    9797.9992346 8799.99924  10.2%     -    0s
H    0     0                    9797.9991944 8799.99924  10.2%     -    0s
     0     0 8830.99924    0  111 9797.99919 8830.99924  9.87%     -    0s
     0     0 8830.99924    0  109 9797.99919 8830.99924  9.87%     -    0s
     0     0 8924.99855    0  103 9797.99919 8924.99855  8.91%     -    0s
     0     0 8924.99855    0  109 9797.99919 8924.99855  8.91%     -    0s
     0     0 8964.99855    0   84 9797.99919 8964.99855  8.50%     -    0s
     0     0 8964.99855    0  118 9797.99919 8964.99855  8.50%     -    0s
H    0     0                    9797.9991931 8964.99855  8.50%     -    0s
H    0     0                    9797.9991916 8964.99855  8.50%     -    0s
     0     0 8964.99855    0   42 9797.99919 8964.99855  8.50%     -    0s
     0     0 8964.99855    0   46 9797.99919 8964.99855  8.50%     -    0s
     0     0 8964.99855    0   35 9797.99919 8964.99855  8.50%     -    0s
     0     0 8964.99855    0   31 9797.99919 8964.99855  8.50%     -    0s
H    0     0                    9792.9992346 8964.99855  8.46%     -    0s
     0     0 8996.99855    0   18 9792.99923 8996.99855  8.13%     -    0s
     0     0 8996.99855    0   19 9792.99923 8996.99855  8.13%     -    0s
     0     0 8996.99855    0   23 9792.99923 8996.99855  8.13%     -    0s
     0     0 8996.99855    0   28 9792.99923 8996.99855  8.13%     -    0s
     0     0 9028.99855    0   19 9792.99923 9028.99855  7.80%     -    0s
     0     0 9028.99855    0   22 9792.99923 9028.99855  7.80%     -    0s
H    0     0                    9792.9991916 9028.99855  7.80%     -    0s
     0     0 9028.99855    0   22 9792.99919 9028.99855  7.80%     -    0s
     0     0 9028.99855    0   20 9792.99919 9028.99855  7.80%     -    0s
     0     0 9179.99924    0   25 9792.99919 9179.99924  6.26%     -    0s
     0     0 9186.99855    0   61 9792.99919 9186.99855  6.19%     -    0s
     0     0 9186.99855    0   60 9792.99919 9186.99855  6.19%     -    0s
     0     0 9186.99855    0   46 9792.99919 9186.99855  6.19%     -    0s
     0     0 9186.99855    0   42 9792.99919 9186.99855  6.19%     -    0s
     0     0 9186.99855    0   11 9792.99919 9186.99855  6.19%     -    0s
     0     0 9186.99855    0   14 9792.99919 9186.99855  6.19%     -    1s
     0     0 9186.99855    0    6 9792.99919 9186.99855  6.19%     -    1s
     0     0 9186.99855    0   13 9792.99919 9186.99855  6.19%     -    1s
     0     0 9186.99855    0   10 9792.99919 9186.99855  6.19%     -    1s
     0     0 9186.99855    0    6 9792.99919 9186.99855  6.19%     -    1s
     0     0 9186.99855    0    8 9792.99919 9186.99855  6.19%     -    1s
     0     0 9186.99855    0    9 9792.99919 9186.99855  6.19%     -    1s
     0     0 9186.99855    0    9 9792.99919 9186.99855  6.19%     -    1s
     0     2 9186.99855    0    9 9792.99919 9186.99855  6.19%     -    1s
H  699   707                    9792.9991472 9186.99855  6.19%  18.7    1s
H  717   707                    9785.9991916 9186.99855  6.12%  18.7    1s
H 1495  1127                    9785.9991903 9193.99200  6.05%  16.4    2s
H 2324  1458                    9776.9991916 9193.99200  5.96%  19.3    3s
H 3423  1796                    9770.9991916 9193.99200  5.91%  19.1    4s
  3428  1823 9575.10080   53   48 9770.99919 9193.99200  5.91%  19.2    5s
H 5463  2545                    9770.9991739 9193.99200  5.91%  19.5    6s
 10547  5849 9443.58440   48   30 9770.99917 9194.05113  5.90%  21.0   10s
H12465  7065                    9770.9989965 9195.33062  5.89%  21.4   11s
 21650 13248 9392.40094   47   29 9770.99900 9206.45379  5.78%  21.3   15s
 29659 17329 9279.28105   31   20 9770.99900 9213.99200  5.70%  21.3   21s
 30601 17804 9462.94296   39   61 9770.99900 9223.99924  5.60%  21.8   25s
H30665 16923                    9770.9989567 9223.99924  5.60%  21.9   25s
 38730 19289 9733.99924   66   29 9770.99896 9259.44700  5.24%  23.2   30s
 50364 21938     cutoff   73      9770.99896 9334.46350  4.47%  24.3   35s
 63592 25829 9374.34082   47   46 9770.99896 9363.07078  4.17%  24.7   40s
 76686 28685 9550.38082   53   28 9770.99896 9365.01596  4.15%  25.3   45s
 87794 33836 9569.99924   62   29 9770.99896 9368.59966  4.12%  25.7   50s
 98935 39885 9510.50199   57   42 9770.99896 9374.52450  4.06%  25.7   55s
 111516 46611 9760.99924   62   32 9770.99896 9380.61685  4.00%  26.0   60s
 123624 53050 9393.82336   51   44 9770.99896 9383.21125  3.97%  26.4   65s
 134185 58321 9683.99924   64   23 9770.99896 9384.31733  3.96%  26.6   70s
 146306 63705 9514.69211   66   36 9770.99896 9387.82189  3.92%  26.8   75s
 159070 70255 9692.99924   75   30 9770.99896 9391.28097  3.89%  26.9   80s
 170694 76008 9708.99924   94   17 9770.99896 9393.60313  3.86%  27.2   85s
 182011 81567     cutoff   61      9770.99896 9395.79918  3.84%  27.3   90s
 192528 87141 9484.31377   75   29 9770.99896 9396.40730  3.83%  27.5   95s
 204731 93764 9695.11119   55   47 9770.99896 9397.15434  3.83%  27.5  100s
 214882 99536 9431.27725   66   59 9770.99896 9397.62911  3.82%  27.7  105s
 226148 105308 9533.04875   62   49 9770.99896 9398.26141  3.81%  27.9  110s
 235255 109171 9720.43594   74   43 9770.99896 9399.01089  3.81%  28.0  115s
 245849 114533 9723.25659   58   40 9770.99896 9400.14548  3.80%  28.1  120s
 256193 119116 9506.99924   62   33 9770.99896 9401.46208  3.78%  28.3  125s
 265268 122460 9578.82739   58   50 9770.99896 9402.14262  3.78%  28.5  130s
 275301 125983 9635.66816   60   91 9770.99896 9403.36086  3.76%  28.8  135s
 283922 129457 9518.67377   43   59 9770.99896 9405.13421  3.74%  29.0  140s
 294658 134967     cutoff   72      9770.99896 9406.59669  3.73%  29.1  145s
 304232 139325 9627.15797   45   34 9770.99896 9407.40161  3.72%  29.2  150s
 314044 143200 9705.99924   77   22 9770.99896 9408.15748  3.71%  29.4  155s
 323125 147272 9456.79232   59   52 9770.99896 9409.27201  3.70%  29.5  160s
 334039 152142 9423.36465   48   63 9770.99896 9410.46179  3.69%  29.7  165s
 342272 155258 9722.51786   44   23 9770.99896 9410.99924  3.68%  29.7  170s
 349401 159118 9505.69274   68   76 9770.99896 9411.01367  3.68%  29.8  175s
 356749 162535 9470.74131   57   52 9770.99896 9411.14431  3.68%  30.1  180s

Cutting planes:
  Learned: 4
  Gomory: 155
  Cover: 506
  Implied bound: 47
  Clique: 7
  MIR: 166
  StrongCG: 13
  Flow cover: 631
  Inf proof: 21
  Zero half: 1
  Network: 6
  RLT: 35
  Relax-and-lift: 35

Explored 358128 nodes (10784585 simplex iterations) in 180.53 seconds (145.77 work units)
Thread count was 8 (of 8 available processors)

Solution count 10: 9771 9771 9771 ... 9793

Solve interrupted
Best objective 9.770998956701e+03, best bound 9.411293356432e+03, gap 3.6814%

User-callback calls 759821, time in user-callback 2.12 sec

Statistics for modelBPKW_BKRW_BSNF_O:
  Linear constraint matrix    : 4415 Constrs, 2168 Vars, 15767 NZs
  Variable types              : 1130 Continuous,
1038 Integer (66 Binary)
  Matrix coefficient range    : [ 1, 200 ]
  Objective coefficient range : [ 1, 368 ]
  Variable bound range        : [ 1, 199 ]
  RHS coefficient range       : [ 1, 549 ]

Gurobi 10.0.1 (mac64[arm]) logging started Sun Apr  7 14:56:45 2024

Set parameter LogFile to value "/Users/deniserings/Documents/zib/s-bahn-data/scripts/DeniseMA/processed/BPKW_BKRW_BSNF_O/Branching/BPKW_BKRW_BSNF_O_slack_subMBP202404071201.log"
Gurobi Optimizer version 10.0.1 build v10.0.1rc0 (mac64[arm])

CPU model: Apple M2
Thread count: 8 physical cores, 8 logical processors, using up to 8 threads

Optimize a model with 4413 rows, 2168 columns and 15765 nonzeros
Model fingerprint: 0xca50749a
Variable types: 1130 continuous, 1038 integer (66 binary)
Coefficient statistics:
  Matrix range     [1e+00, 2e+02]
  Objective range  [1e+00, 4e+02]
  Bounds range     [1e+00, 2e+02]
  RHS range        [1e+00, 5e+02]

Loaded user MIP start with objective 9798

Presolve removed 2098 rows and 841 columns
Presolve time: 0.11s
Presolved: 2315 rows, 1327 columns, 9613 nonzeros
Found heuristic solution: objective 9797.9992389
Variable types: 589 continuous, 738 integer (738 binary)

Root relaxation: objective 8.799999e+03, 918 iterations, 0.01 seconds (0.01 work units)

    Nodes    |    Current Node    |     Objective Bounds      |     Work
 Expl Unexpl |  Obj  Depth IntInf | Incumbent    BestBd   Gap | It/Node Time

     0     0 8799.99924    0   39 9797.99924 8799.99924  10.2%     -    0s
H    0     0                    9797.9992361 8830.99924  9.87%     -    0s
     0     0 8830.99924    0  100 9797.99924 8830.99924  9.87%     -    0s
H    0     0                    9797.9992346 8830.99924  9.87%     -    0s
     0     0 8830.99924    0   94 9797.99923 8830.99924  9.87%     -    0s
     0     0 8888.30495    0  110 9797.99923 8888.30495  9.28%     -    0s
     0     0 8928.30495    0   83 9797.99923 8928.30495  8.88%     -    0s
     0     0 8928.30495    0   78 9797.99923 8928.30495  8.88%     -    0s
     0     0 8928.30495    0   78 9797.99923 8928.30495  8.88%     -    0s
     0     0 8928.30495    0   59 9797.99923 8928.30495  8.88%     -    0s
     0     0 8928.30495    0   51 9797.99923 8928.30495  8.88%     -    0s
     0     0 8928.30495    0   70 9797.99923 8928.30495  8.88%     -    0s
H    0     0                    9797.9991916 8928.30495  8.88%     -    0s
     0     0 8928.30495    0   59 9797.99919 8928.30495  8.88%     -    0s
     0     0 9055.30495    0   25 9797.99919 9055.30495  7.58%     -    0s
     0     0 9055.30495    0   27 9797.99919 9055.30495  7.58%     -    0s
     0     0 9055.30495    0   40 9797.99919 9055.30495  7.58%     -    0s
     0     0 9055.30495    0   41 9797.99919 9055.30495  7.58%     -    0s
     0     0 9121.80424    0   40 9797.99919 9121.80424  6.90%     -    0s
     0     0 9147.99924    0   40 9797.99919 9147.99924  6.63%     -    0s
     0     0 9179.99924    0   28 9797.99919 9179.99924  6.31%     -    0s
     0     0 9180.64210    0   62 9797.99919 9180.64210  6.30%     -    0s
     0     0 9180.64210    0   60 9797.99919 9180.64210  6.30%     -    0s
     0     0 9187.05907    0   59 9797.99919 9187.05907  6.24%     -    0s
     0     0 9187.10084    0   56 9797.99919 9187.10084  6.23%     -    0s
     0     0 9187.55924    0   44 9797.99919 9187.55924  6.23%     -    0s
     0     0 9187.55924    0   47 9797.99919 9187.55924  6.23%     -    0s
     0     0 9187.55924    0   33 9797.99919 9187.55924  6.23%     -    0s
     0     0 9187.55924    0   14 9797.99919 9187.55924  6.23%     -    0s
     0     2 9187.55924    0   14 9797.99919 9187.55924  6.23%     -    0s
H  434   460                    9797.9991756 9187.55924  6.23%  20.7    1s
H  789   654                    9790.9991916 9187.55924  6.16%  18.8    1s
H 2102  1520                    9790.9991902 9188.07312  6.16%  21.6    3s
H 2561  1587                    9790.9991890 9188.07312  6.16%  21.9    3s
H 4586  2321                    9785.9992361 9188.07312  6.11%  21.2    4s
  5930  3344 9419.63474   68   42 9785.99924 9188.07312  6.11%  21.2    5s
H 6806  3790                    9785.9992215 9188.07312  6.11%  21.9    5s
 14186  9131 9733.99924   35   35 9785.99922 9188.31084  6.11%  24.1   10s
H18621 11901                    9785.9991705 9190.17064  6.09%  24.5   11s
 25576 17270 9571.39820   42   38 9785.99917 9197.74687  6.01%  24.5   15s
 29838 19285 9285.26517   31   44 9785.99917 9223.99924  5.74%  24.3   20s
 31271 19917 9360.10446   37   62 9785.99917 9227.62054  5.71%  25.0   25s
 38787 22929 9545.99924   57   31 9785.99917 9233.17906  5.65%  26.1   30s
H40068 22202                    9784.9992368 9234.92980  5.62%  26.1   30s
 50478 25723 9568.70576   68    6 9784.99924 9249.36926  5.47%  27.0   35s
H51421 24412                    9771.9992375 9250.07730  5.34%  27.0   35s
H52564 24293                    9771.9992360 9250.72669  5.33%  26.9   36s
H59461 25201                    9770.9992368 9253.11755  5.30%  27.2   39s
 59471 30296 9504.54526   42   65 9770.99924 9253.41032  5.30%  27.2   43s
 70468 29189 9413.49442   44   71 9770.99924 9268.25399  5.15%  27.3   45s
 85710 36245 9614.84214   47   46 9770.99924 9280.03325  5.02%  27.0   50s
 101795 46733 9338.08156   33   62 9770.99924 9294.46718  4.88%  26.9   55s
 117845 57057 9689.99924   90   12 9770.99924 9312.25000  4.70%  26.8   60s
 133743 66569 9585.55184   58   30 9770.99924 9319.40461  4.62%  26.8   65s
 148441 76251 9463.53037   40   36 9770.99924 9329.05361  4.52%  26.6   70s
 162555 84992 infeasible   87      9770.99924 9333.63371  4.48%  26.6   75s
 176557 93795 9678.79377   62   18 9770.99924 9339.17918  4.42%  26.6   80s
 188171 101107 9570.16426   55   37 9770.99924 9344.44841  4.37%  26.4   85s
 200694 109092 9510.15986   45   35 9770.99924 9348.76675  4.32%  26.5   90s
 214999 118163     cutoff   67      9770.99924 9351.15158  4.30%  26.4   95s
 226770 125227 infeasible   63      9770.99924 9354.88118  4.26%  26.5  100s
*229087 126625              86    9770.9992353 9355.19764  4.26%  26.5  100s
 237635 131727 9761.11729   41   36 9770.99924 9357.88118  4.23%  26.5  105s
 249641 139217 9572.31719   60   17 9770.99924 9360.13754  4.20%  26.6  110s
 262924 147471 9735.00625   61   30 9770.99924 9362.53436  4.18%  26.6  115s
 275609 155227 9583.81410   61   35 9770.99924 9364.18213  4.16%  26.6  120s
 285356 161149 9472.51321   41   63 9770.99924 9365.77206  4.15%  26.8  125s
 295211 167209 9701.52855   66    6 9770.99924 9367.71280  4.13%  26.8  130s
 308208 174850 9561.99924   47  109 9770.99924 9369.31358  4.11%  26.9  135s
 318148 180273 9528.11729   88   49 9770.99924 9370.88118  4.09%  26.9  140s
 329246 186746 9654.71154   75   63 9770.99924 9372.03084  4.08%  26.9  145s
 339365 192380 9710.87497   56   38 9770.99924 9373.82338  4.06%  26.9  150s
 350456 198564 9494.99924   42   26 9770.99924 9375.12058  4.05%  27.0  155s
 360328 204355 9637.09880   50   51 9770.99924 9376.36953  4.04%  27.1  160s
 370042 210121 9464.08881   46   68 9770.99924 9377.40804  4.03%  27.2  165s
 378288 215502 infeasible   83      9770.99924 9378.72314  4.01%  27.2  170s
 389646 221746 9702.16368   54   28 9770.99924 9379.53856  4.01%  27.2  175s
 399155 227028 9603.97981   46   44 9770.99924 9380.86589  3.99%  27.3  180s

Cutting planes:
  Learned: 2
  Gomory: 245
  Cover: 587
  Implied bound: 25
  Projected implied bound: 2
  Clique: 8
  MIR: 192
  StrongCG: 3
  Flow cover: 756
  Inf proof: 22
  Zero half: 1
  Network: 2
  RLT: 56
  Relax-and-lift: 22
  BQP: 1

Explored 400186 nodes (10917755 simplex iterations) in 180.42 seconds (146.67 work units)
Thread count was 8 (of 8 available processors)

Solution count 10: 9771 9771 9772 ... 9791

Solve interrupted
Warning: max constraint violation (1.4170e-06) exceeds tolerance
Warning: max bound violation (1.4150e-06) exceeds tolerance
Best objective 9.770999235488e+03, best bound 9.380944874697e+03, gap 3.9920%

User-callback calls 846209, time in user-callback 2.35 sec

Statistics for modelBPKW_BKRW_BSNF_O:
  Linear constraint matrix    : 4413 Constrs, 2168 Vars, 15765 NZs
  Variable types              : 1130 Continuous,
1038 Integer (66 Binary)
  Matrix coefficient range    : [ 1, 200 ]
  Objective coefficient range : [ 1, 368 ]
  Variable bound range        : [ 1, 199 ]
  RHS coefficient range       : [ 1, 549 ]
