
Gurobi 10.0.1 (mac64[arm]) logging started Thu Mar 28 19:10:02 2024

Set parameter LogFile to value "/Users/deniserings/Documents/zib/s-bahn-data/scripts/DeniseMA/processed/BBUP_O/original/LP_based/BBUP_O_lp.log"
Gurobi Optimizer version 10.0.1 build v10.0.1rc0 (mac64[arm])

CPU model: Apple M2
Thread count: 8 physical cores, 8 logical processors, using up to 8 threads

Optimize a model with 14315 rows, 5774 columns and 53171 nonzeros
Model fingerprint: 0xdb98afb6
Variable types: 2515 continuous, 3259 integer (3259 binary)
Coefficient statistics:
  Matrix range     [1e+00, 2e+02]
  Objective range  [1e+00, 4e+02]
  Bounds range     [1e+00, 2e+02]
  RHS range        [1e+00, 5e+02]
Presolve removed 6204 rows and 1801 columns
Presolve time: 0.09s
Presolved: 8111 rows, 3973 columns, 32002 nonzeros
Variable types: 1279 continuous, 2694 integer (2694 binary)

Root relaxation: objective 1.323019e+04, 2931 iterations, 0.02 seconds (0.02 work units)

    Nodes    |    Current Node    |     Objective Bounds      |     Work
 Expl Unexpl |  Obj  Depth IntInf | Incumbent    BestBd   Gap | It/Node Time

     0     0 13230.1881    0  101          - 13230.1881      -     -    0s
     0     0 13230.1881    0  450          - 13230.1881      -     -    0s
     0     0 13230.1881    0  472          - 13230.1881      -     -    0s
     0     0 13230.1881    0   72          - 13230.1881      -     -    0s
     0     0 13230.1881    0  121          - 13230.1881      -     -    0s
     0     0 13230.1881    0  161          - 13230.1881      -     -    0s
     0     0 13230.1881    0  284          - 13230.1881      -     -    0s
     0     0 13230.1881    0  138          - 13230.1881      -     -    0s
     0     0 13230.1881    0  278          - 13230.1881      -     -    0s
     0     0 13230.1881    0  110          - 13230.1881      -     -    0s
     0     0 13230.1881    0  110          - 13230.1881      -     -    1s
     0     2 13230.1881    0  110          - 13230.1881      -     -    1s
* 2341  2012             257    13899.842097 13230.1881  4.82%  21.2    2s
H 2522  1692                    13681.647208 13230.1881  3.30%  20.9    3s
  2537  1687 13293.5047    6  135 13681.6472 13230.3315  3.30%  20.8    5s
H 2652  1688                    13681.510822 13230.3315  3.30%  28.7    5s
H 2655  1606                    13680.318251 13230.3315  3.29%  28.7    5s
H 2695  1560                    13680.122800 13230.3315  3.29%  28.5    5s
H 2696  1486                    13679.838534 13230.3315  3.29%  28.5    5s
H 2698  1418                    13678.989294 13230.3315  3.28%  28.5    5s
H 2700  1351                    13676.838810 13230.3315  3.26%  28.5    5s
H 2738  1316                    13665.145551 13230.3315  3.18%  28.3    5s
H 2740  1257                    13647.357484 13230.3315  3.06%  28.3    5s
H 2862  1308                    13645.558208 13230.3315  3.04%  28.1    6s
H 2872  1251                    13644.094821 13230.3315  3.03%  28.1    6s
H 2874  1199                    13629.531518 13230.3315  2.93%  28.1    6s
H 2880  1149                    13604.369212 13230.3315  2.75%  28.2    6s
H 2893  1108                    13563.869383 13230.3315  2.46%  28.1    6s
H 2895  1063                    13518.637912 13230.3315  2.13%  28.1    6s
H 2898  1021                    13509.735392 13230.3315  2.07%  28.1    6s
H 4449  1732                    13485.237100 13230.3315  1.89%  27.6    7s
H 4538  1671                    13475.506206 13230.3315  1.82%  27.5    8s
H 4539  1625                    13465.593637 13230.3315  1.75%  27.6    8s
H 5860  2655                    13432.603617 13230.3315  1.51%  28.1    9s
  6128  2936 13234.9231   35  204 13432.6036 13230.3315  1.51%  28.0   10s
H 7660  4183                    13426.110740 13230.3315  1.46%  27.9   11s
H 7733  4156                    13422.578932 13230.3315  1.43%  28.0   11s
H 7840  4124                    13417.468725 13230.3315  1.39%  27.9   11s
H 8189  4124                    13417.205857 13230.3315  1.39%  27.8   11s
H10151  5649                    13412.816235 13230.3315  1.36%  27.7   12s
H11717  6569                    13410.630166 13230.3315  1.34%  28.2   14s
H11971  6548                    13408.939256 13230.3315  1.33%  28.6   14s
 12392  7817 13287.1620   74  191 13408.9393 13230.3315  1.33%  29.0   15s
H15178  8834                    13405.830624 13230.3315  1.31%  29.6   16s
H15200  8830                    13404.885379 13230.3315  1.30%  29.7   16s
H15200  8830                    13404.883445 13230.3315  1.30%  29.7   16s
H15200  8764                    13402.425493 13230.3315  1.28%  29.7   16s
H15206  8759                    13401.902309 13230.3315  1.28%  29.7   16s
 15211 14200 13265.8945   39  243 13401.9023 13230.3315  1.28%  29.8   24s
 23219 14218 13352.3314   48  257 13401.9023 13230.3315  1.28%  33.4   26s
H23220 14088                    13397.754217 13230.3315  1.25%  33.4   26s
H23220 14051                    13396.675330 13230.3315  1.24%  33.4   26s
H23253 13010                    13380.014427 13230.3315  1.12%  33.5   26s
H23253 12765                    13376.763253 13230.3315  1.09%  33.5   26s
H23429 10061                    13327.518408 13230.3315  0.73%  33.5   29s
H24079  9886                    13325.209658 13230.3315  0.71%  33.9   29s
H24322  9833                    13324.863092 13230.3315  0.71%  34.0   29s
H24323  8306                    13295.861571 13230.3315  0.49%  34.0   30s
H25450  7549                    13284.805377 13230.3315  0.41%  34.8   30s
H27607  6762                    13260.189607 13230.3315  0.23%  36.3   33s
H28614  7020                    13259.450637 13230.3315  0.22%  37.6   34s
 29735  7020 13236.2238   69  110 13259.4506 13230.3315  0.22%  38.7   35s
H30025  6748                    13259.441143 13230.3315  0.22%  39.5   39s
H30027  6414                    13257.324266 13230.3315  0.20%  39.5   39s
 30208  6500 13236.2239   56  263 13257.3243 13230.3315  0.20%  39.5   40s
H30429  6205                    13253.887094 13230.3315  0.18%  39.6   41s
H30438  5901                    13253.037000 13230.3315  0.17%  39.6   41s
 32023  6990 13236.3358   66  246 13253.0370 13230.3315  0.17%  40.6   45s
H33235  6253                    13252.048940 13230.3315  0.16%  40.8   46s
 34811  7053 13236.7601  109  189 13252.0489 13230.3315  0.16%  42.4   50s
H38555  6696                    13251.971579 13230.3315  0.16%  44.8   54s
 38592  6866 infeasible   60      13251.9716 13230.3315  0.16%  44.9   55s
H39502  6803                    13251.945644 13230.3315  0.16%  46.0   56s
H40042  6402                    13251.842348 13230.3315  0.16%  46.5   58s
H40722  6611                    13251.768385 13230.3315  0.16%  47.1   61s
 42357  6803 13230.3315   52  230 13251.7684 13230.3315  0.16%  48.5   66s
*42536  6562             137    13251.408969 13230.3315  0.16%  48.5   66s
 45204  7594     cutoff   61      13251.4090 13230.3315  0.16%  49.3   84s
H45211  7554                    13251.048286 13230.3315  0.16%  49.4   84s
 45640  8237 13240.9312   50  314 13251.0483 13230.3315  0.16%  49.8   88s
H47721  8091                    13248.703202 13230.3315  0.14%  51.9   91s
H48066  8087                    13248.630869 13230.3315  0.14%  52.0   91s
H48552  8082                    13248.594703 13230.3315  0.14%  52.1   91s
H48559  9683                    13248.592443 13230.3315  0.14%  52.1   95s
*49364  9644             114    13248.527674 13230.3315  0.14%  52.1   95s
*53157 10297             141    13247.742015 13230.3315  0.13%  51.7   97s
H54405 10680                    13246.728709 13230.3315  0.12%  51.5   99s
H54633 10039                    13245.022749 13230.3315  0.11%  51.5   99s
H55058  6759                    13238.377013 13230.3315  0.06%  51.7   99s
H55247  6471                    13237.975698 13230.3315  0.06%  51.8   99s
 56225  6449     cutoff   85      13237.9757 13230.3315  0.06%  51.9  100s
H57628  5696                    13236.282759 13230.3315  0.04%  52.5  102s
H59458  5675                    13236.174312 13230.3315  0.04%  53.7  104s
 59705  5653 13234.9765   84  110 13236.1743 13230.3315  0.04%  53.9  105s
H59953  5457                    13235.481958 13230.3315  0.04%  54.3  109s
 60004  5457 13230.3315   59   75 13235.4820 13230.3315  0.04%  54.4  110s
H60417  5222                    13235.405127 13230.3315  0.04%  54.7  112s
 61146  5157 infeasible   75      13235.4051 13230.3315  0.04%  54.9  115s
 61659  5250 13230.7802   66  172 13235.4051 13230.3315  0.04%  55.4  120s
 65205  5009 13231.0302   83   50 13235.4051 13230.3315  0.04%  55.9  126s
 68693  4963     cutoff   88      13235.4051 13230.3315  0.04%  56.1  130s
 74083  3718 infeasible   58      13235.4051 13230.3315  0.04%  57.1  137s
 74125  3820 13230.3315   64  151 13235.4051 13230.3315  0.04%  57.2  142s
 76129  4173 13232.4515   74  148 13235.4051 13230.3315  0.04%  58.1  146s
 79536  4268     cutoff   72      13235.4051 13230.3315  0.04%  58.4  150s
 85169  5605     cutoff   71      13235.4051 13230.3315  0.04%  59.0  156s
 89925  5799 infeasible   78      13235.4051 13230.3315  0.04%  58.5  161s
 91803  6443     cutoff   71      13235.4051 13230.3315  0.04%  58.7  166s
 102207  7393 13230.4552   69  145 13235.4051 13230.4552  0.04%  56.6  170s
 111601  8093 13232.5950   86  157 13235.4051 13230.6137  0.04%  54.8  175s
 120484  8586 13232.2058   67  177 13235.4051 13230.8324  0.03%  54.0  180s
 127390  8624 infeasible   69      13235.4051 13230.9981  0.03%  53.3  185s
 136227  9503 13231.1508   55  261 13235.4051 13231.1172  0.03%  52.9  190s
 143806  9564 infeasible   68      13235.4051 13231.2587  0.03%  52.5  195s
 151587  9255 13231.6176   65  202 13235.4051 13231.5660  0.03%  52.0  200s
 160141  8358     cutoff   70      13235.4051 13231.7958  0.03%  51.5  205s
 167548  8050 infeasible   83      13235.4051 13231.9743  0.03%  51.1  210s
 174486  7621 infeasible   54      13235.4051 13232.1365  0.02%  51.1  215s
 182447  7127 13232.3315   75   88 13235.4051 13232.3105  0.02%  50.6  220s
 191185  6048 13232.4404   79  176 13235.4051 13232.4404  0.02%  50.0  225s
 199334  4332 infeasible   73      13235.4051 13232.6747  0.02%  49.7  230s
 205773  2741     cutoff   68      13235.4051 13232.9859  0.02%  49.4  235s
 210259   721     cutoff   69      13235.4051 13233.6374  0.01%  49.6  240s

Cutting planes:
  Learned: 22
  Gomory: 57
  Cover: 411
  Implied bound: 15
  Projected implied bound: 5
  Clique: 167
  MIR: 26
  StrongCG: 31
  Flow cover: 73
  GUB cover: 10
  Inf proof: 4
  Network: 20
  RLT: 8
  Relax-and-lift: 21

Explored 212404 nodes (10544646 simplex iterations) in 241.63 seconds (365.32 work units)
Thread count was 8 (of 8 available processors)

Solution count 10: 13235.4 13235.4 13235.5 ... 13247.7

Optimal solution found (tolerance 1.00e-04)
Best objective 1.323540512711e+04, best bound 1.323452627945e+04, gap 0.0066%

User-callback calls 505005, time in user-callback 0.78 sec

Statistics for modelBBUP_O:
  Linear constraint matrix    : 14315 Constrs, 5774 Vars, 53171 NZs
  Variable types              : 2515 Continuous,
3259 Integer (3259 Binary)
  Matrix coefficient range    : [ 1, 200 ]
  Objective coefficient range : [ 1, 384 ]
  Variable bound range        : [ 1, 199 ]
  RHS coefficient range       : [ 1, 549 ]
