
Gurobi 10.0.1 (linux64) logging started Mon Apr  1 12:13:33 2024

Set parameter LogFile to value "/data/optimi/optimi/kombadon/drings/SBahn/s-bahn-data/scripts/DeniseMA/processed/BBUP_W/RINS/BBUP_W_202403312232_random2_0.6.log"
Gurobi Optimizer version 10.0.1 build v10.0.1rc0 (linux64)

CPU model: Intel(R) Xeon(R) CPU E3-1270 v6 @ 3.80GHz, instruction set [SSE2|AVX|AVX2]
Thread count: 4 physical cores, 8 logical processors, using up to 8 threads

Optimize a model with 12178 rows, 5181 columns and 45960 nonzeros
Model fingerprint: 0x8eafb2f5
Variable types: 1726 continuous, 3455 integer (649 binary)
Coefficient statistics:
  Matrix range     [1e+00, 4e+02]
  Objective range  [1e+00, 4e+02]
  Bounds range     [1e+00, 2e+02]
  RHS range        [1e+00, 1e+04]

User MIP start did not produce a new incumbent solution
User MIP start violates constraint objective_cutoff by 150.830000000

Presolve removed 5633 rows and 1771 columns
Presolve time: 0.13s
Presolved: 6545 rows, 3410 columns, 25378 nonzeros
Variable types: 933 continuous, 2477 integer (2477 binary)

Root relaxation: objective 1.268804e+04, 2424 iterations, 0.02 seconds (0.02 work units)
Another try with MIP start

    Nodes    |    Current Node    |     Objective Bounds      |     Work
 Expl Unexpl |  Obj  Depth IntInf | Incumbent    BestBd   Gap | It/Node Time

     0     0 12688.0447    0  122          - 12688.0447      -     -    0s
     0     0 12726.0000    0  386          - 12726.0000      -     -    0s
     0     0 12726.0000    0  382          - 12726.0000      -     -    0s
     0     0 12755.6086    0  436          - 12755.6086      -     -    0s
     0     0 12756.2712    0  440          - 12756.2712      -     -    0s
     0     0 12756.2712    0  426          - 12756.2712      -     -    0s
     0     0 12756.3620    0  513          - 12756.3620      -     -    0s
     0     0 12756.3620    0  506          - 12756.3620      -     -    0s
     0     0 12756.3644    0  479          - 12756.3644      -     -    0s
     0     0 12756.3644    0  434          - 12756.3644      -     -    0s
     0     0 12756.3644    0  519          - 12756.3644      -     -    0s
     0     0 12756.3644    0  172          - 12756.3644      -     -    1s
     0     0 12756.3644    0  133          - 12756.3644      -     -    1s
     0     0 12756.3644    0  313          - 12756.3644      -     -    1s
     0     0 12756.3644    0  308          - 12756.3644      -     -    1s
     0     0 12756.3644    0  344          - 12756.3644      -     -    1s
     0     0 12756.3820    0  429          - 12756.3820      -     -    1s
     0     0 12756.3820    0  384          - 12756.3820      -     -    1s
     0     0 12758.8820    0  378          - 12758.8820      -     -    1s
     0     0 12758.8820    0  382          - 12758.8820      -     -    1s
     0     0 12758.8820    0  434          - 12758.8820      -     -    2s
     0     0 12758.8820    0  396          - 12758.8820      -     -    2s
     0     0 12758.8820    0  209          - 12758.8820      -     -    2s
     0     0 12758.8820    0  224          - 12758.8820      -     -    2s
     0     0 12758.8820    0  202          - 12758.8820      -     -    2s
     0     0 12758.8820    0  209          - 12758.8820      -     -    2s
     0     0 12758.8820    0  115          - 12758.8820      -     -    2s
     0     0 12758.8820    0  170          - 12758.8820      -     -    2s
     0     0 12758.8820    0  161          - 12758.8820      -     -    3s
     0     0 12758.8820    0  136          - 12758.8820      -     -    3s
     0     2 12758.8820    0  107          - 12758.8820      -     -    3s
  1175   975 12869.0000   48  322          - 12768.0000      -  24.1    5s
  1225  1009 14521.0000  110  205          - 12789.6601      -  23.1   10s
  4188  2293 13747.0000   91   82          - 12804.0000      -  40.5   15s
  9422  5976 12869.0000   35  302          - 12810.5773      -  36.2   20s
 14873  9569 infeasible   59               - 12810.5773      -  34.4   25s
 19360 13092 13069.0536   33  274          - 12810.5773      -  34.9   30s
 20774 13928 12932.5773   31  284          - 12810.5773      -  34.9   40s
 24281 16660 13103.0000   48  246          - 12810.5773      -  35.6   45s
 29449 19800 14331.0000   63  114          - 12810.5773      -  36.6   50s
 33023 22301 13549.0000   70   98          - 12810.5773      -  37.4   55s
 36426 24847 13944.9455   80   49          - 12810.5773      -  38.9   60s
 40858 27351 13859.8961   79  128          - 12810.5773      -  39.6   65s
 44593 30014 13351.5256   61  152          - 12810.5773      -  40.2   70s
 47837 32674 12920.0000   31  319          - 12810.5773      -  40.7   75s
 52602 35448 12871.0000   30  312          - 12810.5773      -  41.4   80s
 56647 38403 13767.0717   56  151          - 12811.4954      -  41.9   85s
 61014 40970 13480.0000   51  195          - 12811.6732      -  42.2   90s
 62970 42501 13954.0000   77   51          - 12811.6732      -  42.5   95s
 67205 45558 13039.0000   50  234          - 12811.6732      -  42.8  100s
 72074 48120 12995.0000   29  277          - 12811.6732      -  43.0  105s
 76250 51041 12823.2857   36  360          - 12812.2910      -  43.3  110s
 81115 54036 infeasible   50               - 12813.0628      -  43.5  115s
 84385 56680 12814.7955   32  346          - 12813.0628      -  43.7  120s
 90344 60236 infeasible   70               - 12813.0628      -  44.0  125s
 94664 63020 infeasible   48               - 12813.0628      -  44.1  130s
 98443 65373 12927.0000   39  218          - 12813.0628      -  44.3  135s
 101979 68109 13144.6972   41  237          - 12813.0628      -  44.5  140s
 105426 71177 13348.7955   35  295          - 12813.0628      -  44.5  145s
 111791 74045 12869.0000   38  220          - 12813.0670      -  44.6  150s
 115974 76307 12915.1885   40  289          - 12814.2761      -  44.7  155s
 119209 78582 12814.7955   39  333          - 12814.7955      -  44.7  160s
 122742 81108 12972.2795   46  331          - 12814.7955      -  44.9  165s
 126989 85297 13136.9654   53  223          - 12814.7955      -  45.1  172s
 131459 86719 14783.0000  103   23          - 12814.7955      -  45.3  175s
 135917 89137 14762.0000   56  136          - 12814.7955      -  45.5  180s
 137222 91747 13298.7154   57  260          - 12814.7955      -  45.5  187s
 142905 94147 12890.0000   38  292          - 12814.7955      -  45.9  190s
 147416 96828 12854.4729   35  340          - 12814.7955      -  46.0  195s
 151719 99293 13313.3922   53  283          - 12814.7955      -  46.2  200s
 153187 100834 14031.9647   60   65          - 12814.7955      -  46.3  205s
 157858 104839 13793.0418   52  252          - 12814.7955      -  46.3  211s
 162732 106143 infeasible   58               - 12814.7955      -  46.4  215s
 166850 108695 infeasible   71               - 12814.7955      -  46.6  220s
 170845 111809 14083.0000   49  192          - 12814.7955      -  46.6  225s
 176242 114760 13193.8580   42  358          - 12814.7955      -  46.7  230s
 178580 117842 13577.4763   53  229          - 12814.7955      -  46.8  235s
 184223 119654 infeasible   76               - 12814.7955      -  46.8  240s
 188137 122293 14414.0000   76  141          - 12814.7955      -  47.0  245s
 191718 125018 14285.2434   57  194          - 12814.7955      -  47.2  250s
 194409 126335 infeasible   61               - 12814.7955      -  47.3  255s
 198834 129219 infeasible   51               - 12814.7955      -  47.3  260s
 201942 132004 14565.0000   80  139          - 12814.7955      -  47.6  265s
 207383 135311 infeasible   81               - 12814.7955      -  47.6  270s
 212613 138187 13487.1294   45  205          - 12814.8084      -  47.5  275s
 214908 139929 14372.0000   76   54          - 12815.0628      -  47.6  280s
 219890 143322 12913.0000   39  233          - 12816.2368      -  47.6  285s
 224612 145949 12945.3514   31  337          - 12816.6651      -  47.7  290s
 228482 148946 13474.0205   67  212          - 12817.4227      -  47.8  295s
 232562 151318 13666.5425   59  158          - 12817.8508      -  47.9  300s
 236432 154074 12996.0000   41  305          - 12818.3139      -  47.9  305s
 239656 156166 13398.0182   29  306          - 12818.7955      -  47.9  310s
 244359 158477 13370.7955   56  310          - 12819.8488      -  47.9  315s
 248560 161316 infeasible   41               - 12820.6000      -  47.9  320s
 251349 163235 12984.0213   56  233          - 12821.4334      -  48.0  325s
 255804 166063 13843.8318   54  126          - 12822.6592      -  48.1  330s
 260121 168819 13638.0000   62  181          - 12823.2857      -  48.1  335s
 263167 172380 13472.7201   43  205          - 12823.7041      -  48.2  343s
 267191 173785 13685.9754   68  227          - 12824.5940      -  48.3  345s
 271034 175997 13612.8801   49  174          - 12824.8500      -  48.4  351s
 273872 177717 infeasible   64               - 12824.8500      -  48.4  355s
 278137 180240 infeasible   58               - 12824.8500      -  48.5  360s
 282883 183244 13458.0000   68  132          - 12824.8500      -  48.5  365s
 286306 185745 13703.4166   36  301          - 12825.3055      -  48.6  370s
 288643 186869 13552.5553   53  185          - 12825.3055      -  48.7  375s
 292537 189901 14102.0000   65  155          - 12825.4456      -  48.7  380s
 298003 192769 14125.0000   61  238          - 12825.4456      -  48.6  385s
 302403 195433 infeasible   61               - 12826.1355      -  48.7  390s
 306991 198137 infeasible  105               - 12827.1813      -  48.7  395s
 309153 200036 13481.1764   63  175          - 12828.1732      -  48.7  400s
 314183 202999 12937.0000   30  305          - 12829.1218      -  48.6  405s
 315559 205418 13200.0000   53  203          - 12829.8164      -  48.6  410s
 322292 208085 12902.0000   32  402          - 12832.6000      -  48.7  415s
 325919 209845 12985.2274   69  223          - 12834.0000      -  48.7  420s
 327925 212370 12916.8825   42  318          - 12834.7955      -  48.9  426s
 334025 215051 12834.8825   42  308          - 12834.7955      -  48.8  430s
 338056 218123 13476.3427   77  163          - 12834.7955      -  48.9  435s
 340349 219661 13904.0209   66  123          - 12834.7955      -  48.9  440s
 344192 221569 12890.0000   33  264          - 12834.7955      -  49.0  445s
 347682 224324 13485.2301   61  228          - 12834.7955      -  49.1  450s
 352522 227365 12836.5226   40  350          - 12834.7955      -  49.1  455s
 357159 230225 13099.9826   43  308          - 12834.7955      -  49.1  460s
 361370 233076 13496.9205   59  254          - 12834.7955      -  49.1  465s
 365528 235631 13543.0000   47  220          - 12834.7955      -  49.1  470s
 367979 236898 12834.8825   35  352          - 12834.7955      -  49.1  475s
 372260 239675 13034.7934   45  275          - 12834.7955      -  49.1  480s
 376269 242560 13286.9034   55  244          - 12834.7955      -  49.1  485s
 380922 245090 14922.0000  128   32          - 12834.7955      -  49.1  490s
 385517 247913 infeasible   55               - 12834.7955      -  49.1  495s
 389807 250700 13030.9786   43  303          - 12834.7955      -  49.1  500s
 394328 253820 13437.1270   65  172          - 12834.7955      -  49.1  505s
 399293 256570 infeasible   50               - 12834.7955      -  49.0  510s
 400609 257668 13413.2919   44  351          - 12834.7955      -  49.1  515s
 404719 260505 14474.4925   91  143          - 12834.7955      -  49.1  520s
 409609 263465 12846.9059   35  312          - 12834.7955      -  49.1  525s
 414551 266512 infeasible   46               - 12834.7955      -  49.0  530s
 419199 269620 12989.2455   47  350          - 12834.7955      -  49.0  535s
 422670 272655 13308.0000   61  108          - 12834.7955      -  49.0  540s
 427938 275427 13445.6943   52  193          - 12834.7955      -  49.0  545s
 432570 278740 13479.0000   64  252          - 12834.7955      -  48.9  550s
 434390 279527 infeasible  105               - 12834.7955      -  48.9  555s
 438808 282794 14045.9676   89  190          - 12834.7955      -  48.9  560s
 443279 285775 13428.0000   48  211          - 12834.7955      -  48.9  565s
 447592 288249 12834.8825   32  256          - 12834.7955      -  48.9  570s
 451103 290928 13591.0000   55  178          - 12834.7955      -  48.9  575s
 454306 292515 12919.9034   41  330          - 12834.7955      -  48.9  580s
 457012 294656 13478.2117   56  160          - 12834.7955      -  49.0  585s
 461520 297537 13213.9560   52  239          - 12834.7955      -  49.0  590s
 465686 299903 infeasible   71               - 12834.7995      -  49.0  595s
 469983 302755 13019.0792   46  355          - 12834.7995      -  49.0  600s
 474635 305209 infeasible   56               - 12834.8768      -  48.9  605s
 478395 308224 14466.4659   89   60          - 12834.8825      -  49.0  610s
 481828 309911 13472.1075   61  119          - 12834.8825      -  48.9  615s
 486258 312757 14321.0000   73   86          - 12834.8825      -  48.9  620s
 491216 315604 12848.0875   35  242          - 12834.8825      -  48.8  625s
 496255 318851 infeasible   52               - 12834.8825      -  48.8  630s
 500191 321741 12883.6270   48  223          - 12834.8825      -  48.8  635s
 504175 324599 13371.3542   56  206          - 12834.8825      -  48.8  641s
 507291 326118 13022.5752   44  344          - 12834.8825      -  48.8  645s
 512233 329083 13721.0000   89  118          - 12834.8825      -  48.8  650s
 517362 332227 infeasible   70               - 12834.8825      -  48.8  655s
 521336 335198 12863.1267   43  302          - 12834.8825      -  48.8  660s
 525657 338279 infeasible   79               - 12834.8825      -  48.8  665s
 531118 341245 12911.1266   39  259          - 12834.8825      -  48.7  670s
 535693 344228 infeasible   66               - 12834.8825      -  48.7  675s
 538184 345649 13145.8679   47  215          - 12834.8825      -  48.7  680s
 542387 348175 infeasible   50               - 12834.8825      -  48.6  685s
 546804 352125 13838.5600   64  187          - 12834.8825      -  48.6  691s
 551777 354362 13432.3601   51  220          - 12834.8825      -  48.6  695s
 556753 357188 13666.0912   57  318          - 12834.8825      -  48.6  700s
 562141 360642 infeasible   62               - 12834.8825      -  48.5  705s
 566732 363629 infeasible   52               - 12834.8825      -  48.5  710s
 571504 366528 infeasible   52               - 12834.8825      -  48.4  715s
 574093 368071 14340.0364   69   77          - 12834.8825      -  48.4  720s
 577294 370476 13459.5829   56  300          - 12834.8825      -  48.5  725s
 582883 373417 14160.0000  102   85          - 12834.8865      -  48.4  730s
 586788 376141 13226.6859   60  262          - 12834.8908      -  48.4  735s
 591514 379356 13033.0752   55  248          - 12834.9406      -  48.4  740s
 595301 381316 13699.4963   50  273          - 12834.9826      -  48.4  745s
 598562 384385 14321.8636   87   85          - 12834.9826      -  48.3  750s
 604351 386811 13645.4754   60  182          - 12834.9826      -  48.3  755s
 609020 389821 13019.2008   46  321          - 12834.9826      -  48.3  762s
 609927 392179 13263.3553   63  247          - 12834.9826      -  48.4  766s
 616154 394359 infeasible   69               - 12834.9826      -  48.3  770s
 619721 397896 13338.5496   52  242          - 12834.9826      -  48.3  775s
 625301 400572 12848.4754   48  317          - 12834.9826      -  48.3  780s
 629745 403901 13126.4181   49  182          - 12834.9826      -  48.3  785s
 634153 406587 12965.4794   40  272          - 12834.9826      -  48.3  790s
 638913 409157 14238.0000   92   66          - 12834.9826      -  48.3  795s
 642612 411705 12870.4754   46  270          - 12834.9826      -  48.3  801s
 645111 413837 12928.9963   52  294          - 12834.9826      -  48.3  805s
 650558 416699 infeasible   64               - 12834.9826      -  48.3  810s
 655010 419698 14498.0000   91  114          - 12834.9826      -  48.3  815s
 656944 420884 14753.3214   75  109          - 12834.9826      -  48.3  820s
 661585 423969 13424.2212   60  276          - 12834.9826      -  48.3  825s
 664384 426669 13522.0248   43  362          - 12835.0280      -  48.4  830s
 669084 429160 13263.0000   60  148          - 12835.2198      -  48.4  835s
 673487 431808 13605.0000   54  159          - 12835.6915      -  48.4  840s
 678533 434836 13650.3801   44  319          - 12836.1900      -  48.4  845s
 683295 437535 infeasible   95               - 12836.4514      -  48.3  850s
 686496 439637 13909.1603   60  286          - 12836.4514      -  48.4  856s
 688626 441422 14281.7059   58   94          - 12836.5384      -  48.4  860s
 693892 445046 12839.0752   48  350          - 12836.7955      -  48.3  866s
 698590 447242 13583.6177   46  284          - 12836.8825      -  48.3  870s
 702724 449618 12932.5991   44  269          - 12837.0752      -  48.3  875s
 705924 452114 12871.0752   60  331          - 12837.0752      -  48.4  880s
 709307 453886 infeasible   57               - 12837.0752      -  48.4  885s
 712844 456193 infeasible   44               - 12837.0752      -  48.4  890s
 716607 458803 12977.2707   45  303          - 12837.0752      -  48.4  895s
 719582 460423 12837.0752   52  259          - 12837.0752      -  48.4  900s
 723683 462870 infeasible   57               - 12837.0752      -  48.5  905s
 724881 465851 13029.0752   44  267          - 12837.0752      -  48.5  910s
 731209 468073 13671.5526   80  127          - 12837.0752      -  48.5  915s
 732753 468746 13138.5401   51  166          - 12837.0752      -  48.5  920s
 735884 471256 14302.0000   82  116          - 12837.0752      -  48.5  925s
 739827 473210 14387.0661   93   91          - 12837.0752      -  48.6  930s
 742678 475322 infeasible   47               - 12837.0752      -  48.6  935s
 745728 477964 13958.0000   78  118          - 12837.0752      -  48.7  940s
 750152 480170 14893.0881   95   66          - 12837.0752      -  48.7  945s
 753297 482216 13142.0849   54  203          - 12837.0752      -  48.8  950s
 756473 484150 13604.0000   65   85          - 12837.0752      -  48.8  955s
 757658 485697 13108.7093   56  280          - 12837.0752      -  48.9  960s
 762571 487602 infeasible   61               - 12837.0752      -  48.9  965s
 766132 489989 infeasible  101               - 12837.0752      -  48.9  970s
 769146 492198 13593.0085   52  268          - 12837.0752      -  49.0  975s
 772776 494298 infeasible   87               - 12837.0752      -  49.0  980s
 774460 495158 13743.0752   48  194          - 12837.0752      -  49.0  985s
 777276 498673 13109.0752   45  244          - 12837.0752      -  49.1  994s
 780696 499022 13710.0000   65   99          - 12837.0752      -  49.1  995s
 784002 500970 13358.2244   66  149          - 12837.0752      -  49.2 1000s
 787254 502975 infeasible   79               - 12837.0752      -  49.2 1005s
 789840 504974 12998.3768   59  258          - 12837.0752      -  49.3 1010s
 793641 507089 13421.8252   63  296          - 12837.0752      -  49.3 1015s
 796750 509424 14296.4217   81  108          - 12837.0752      -  49.4 1020s
 799619 510973 14151.0000   82  177          - 12837.0752      -  49.4 1026s
 800749 512499 13024.0000   57  242          - 12837.0752      -  49.4 1030s
 804273 514320 13235.1136   47  304          - 12837.0752      -  49.5 1035s
 807877 515949 13490.4666   61  269          - 12837.0752      -  49.5 1040s
 809351 518310 13763.0000   72  158          - 12837.0752      -  49.6 1045s
 813780 520326 13790.6533   53  316          - 12837.0752      -  49.7 1050s
 817777 522323 14108.0000   85   85          - 12837.0752      -  49.7 1055s
 820104 525087 13418.5872   44  378          - 12837.0752      -  49.7 1061s
 824048 525961 13748.2013   56  220          - 12837.0752      -  49.8 1069s
 824101 526255 13779.9644   56  180          - 12837.0752      -  49.8 1070s
 826743 527810 infeasible   80               - 12837.0752      -  49.9 1075s
 829661 529957 12960.4754   55  351          - 12837.0752      -  49.9 1080s
 832866 531959 12998.0539   61  370          - 12837.0752      -  50.0 1085s
 837168 534047 13979.0000   47  227          - 12837.0752      -  50.0 1090s
 840165 535819 infeasible   61               - 12837.0752      -  50.1 1095s
 842824 537722 13007.7970   42  351          - 12837.0752      -  50.2 1100s
 845933 539402 12857.9539   44  381          - 12837.0752      -  50.2 1105s
 848293 540717 infeasible   51               - 12837.0752      -  50.3 1110s
 849912 542332 13896.7616   70  228          - 12837.0752      -  50.3 1115s
 853752 544311 13716.3998   73   86          - 12837.0752      -  50.4 1120s
 856500 546365 13461.1183   46  210          - 12837.0752      -  50.4 1125s
 859990 548135 infeasible   59               - 12837.0752      -  50.5 1130s
 862375 550125 12837.0752   44  377          - 12837.0752      -  50.5 1135s
 866064 552220 13205.0925   52  418          - 12837.0752      -  50.6 1140s
 868887 554361 12841.2903   54  349          - 12837.0752      -  50.6 1145s
 871408 555688 13180.5250   46  263          - 12837.0752      -  50.7 1150s
 874268 557548 13976.0538   68  184          - 12837.0752      -  50.7 1155s
 875334 557857 13965.0752   68  198          - 12837.0752      -  50.7 1160s
 878058 559517 infeasible   54               - 12837.0752      -  50.8 1165s
 880995 561374 12887.1723   48  317          - 12837.0752      -  50.9 1170s
 883499 563770 14140.4848   64  224          - 12837.0752      -  50.9 1177s
 885538 564961 12915.0249   45  337          - 12837.0752      -  51.0 1180s
 890075 567096 infeasible   64               - 12837.0752      -  51.0 1185s
 892825 569181 14002.6051   52  185          - 12837.0752      -  51.0 1190s
 896434 571227 13817.3953   59  144          - 12837.0752      -  51.1 1195s
 899923 573400 14377.7284   62  130          - 12837.0752      -  51.1 1200s
 902615 574941 13461.2211   49  252          - 12837.0792      -  51.2 1205s
 904510 575866 infeasible   68               - 12837.0792      -  51.2 1210s
 906828 577345 13337.6371   48  221          - 12837.0792      -  51.3 1215s
 908667 579042 12860.5388   64  329          - 12837.0794      -  51.4 1221s
 910308 579365 14310.1696   68  127          - 12837.0817      -  51.4 1226s
 912299 581055 13892.5404   73  191          - 12837.1136      -  51.5 1230s
 915106 582776 13632.3980   48  335          - 12837.1302      -  51.5 1235s
 918303 584496 14513.0000   60   82          - 12837.1333      -  51.6 1240s
 921510 586054 infeasible   55               - 12837.1545      -  51.6 1245s
 925153 588276 infeasible   92               - 12837.2134      -  51.6 1250s
 928370 590187 13361.4353   47  245          - 12837.2139      -  51.7 1255s
 931683 592441 12867.7720   50  283          - 12837.2139      -  51.7 1260s
 935225 594509 13628.3749   51  317          - 12837.2139      -  51.7 1265s
 939034 596187 13546.4754   38  193          - 12837.2139      -  51.7 1271s
 939793 596836 infeasible   68               - 12837.2139      -  51.8 1275s
 942745 598716 13135.4231   38  377          - 12837.2139      -  51.8 1280s
 945427 600617 14036.0004   83   92          - 12837.2139      -  51.9 1285s
 948757 602662 12839.2302   55  384          - 12837.2263      -  51.9 1290s
 952507 604312 infeasible   58               - 12837.2522      -  51.9 1295s
 955406 606051 infeasible   57               - 12837.2670      -  52.0 1300s
 957211 608322 12871.5296   64  342          - 12837.2670      -  52.0 1307s
 959974 609299 14776.4049   92   70          - 12837.2670      -  52.1 1310s
 963146 611289 13196.1479   61  230          - 12837.2670      -  52.1 1315s
 965107 612495 13296.2901   54  362          - 12837.2766      -  52.2 1321s
 967551 614573 13511.8440   64  256          - 12837.2863      -  52.2 1328s
*968544 415512             120    14012.000000 12837.2863  8.38%  52.2 1328s
H969767 409534                    13993.000000 12837.3002  8.26%  52.3 1330s
 970803 410492 13044.9724   38  357 13993.0000 12837.3220  8.26%  52.3 1335s
 972629 411135 12838.3316   47  364 13993.0000 12837.3620  8.26%  52.4 1340s
 974004 411800 13867.6921   70  150 13993.0000 12837.3674  8.26%  52.5 1345s
 975892 412124 13035.3033   58  370 13993.0000 12837.4451  8.26%  52.6 1351s
 976424 412496 13529.0105   61  198 13993.0000 12837.4939  8.26%  52.7 1355s
H976585 411285                    13988.000000 12837.4939  8.22%  52.7 1355s
 978064 411647 infeasible   63      13988.0000 12837.5590  8.22%  52.8 1361s
 978541 411810 infeasible   63      13988.0000 12837.6052  8.22%  52.8 1365s
 979492 412234 13416.1169   53  267 13988.0000 12837.6279  8.22%  52.9 1371s
 981251 412961 13237.5042   36  367 13988.0000 12837.7955  8.22%  53.0 1376s
 982026 413279 13496.5649   51  327 13988.0000 12837.8946  8.22%  53.1 1381s
 982847 413688 13495.3356   58  254 13988.0000 12838.1073  8.22%  53.2 1387s
 983383 413819 13068.0851   51  350 13988.0000 12838.1073  8.22%  53.3 1390s
 984133 414119 12925.6875   48  423 13988.0000 12838.2082  8.22%  53.4 1395s
 986027 414951 infeasible   50      13988.0000 12838.3316  8.22%  53.5 1402s
 986453 415040 13335.4717   59  317 13988.0000 12838.4358  8.22%  53.5 1405s
 987324 415371 infeasible   54      13988.0000 12838.6027  8.22%  53.6 1410s
 988702 415760 13495.6591   52  324 13988.0000 12838.7252  8.22%  53.8 1415s
 988762 416122 infeasible   60      13988.0000 12838.7252  8.22%  53.8 1422s
 989904 416284 13663.3667   44  329 13988.0000 12838.7311  8.22%  53.9 1427s
 990464 416317 13429.3715   42  266 13988.0000 12838.7311  8.22%  54.0 1433s
 990654 416345 13608.8081   50  188 13988.0000 12838.7311  8.22%  54.0 1439s
 990878 416613 13606.0260   58  196 13988.0000 12838.7311  8.22%  54.1 1445s
 991674 416782 12933.9646   44  398 13988.0000 12838.7955  8.22%  54.2 1450s
 992388 417069 13345.3075   53  357 13988.0000 12838.8896  8.21%  54.3 1456s
 993146 417364 13369.4710   52  326 13988.0000 12838.9732  8.21%  54.4 1461s
 993964 417784 13228.9330   57  354 13988.0000 12839.0752  8.21%  54.5 1466s
 994861 418067 13604.4161   42  347 13988.0000 12839.0752  8.21%  54.6 1470s
 995639 418262 12860.3878   48  507 13988.0000 12839.1355  8.21%  54.6 1475s
 996301 418682 13620.1889   47  368 13988.0000 12839.1355  8.21%  54.7 1480s
 998035 418872 13457.0113   44  437 13988.0000 12839.2316  8.21%  54.9 1487s
 998511 419170 13326.1985   56  405 13988.0000 12839.2862  8.21%  55.0 1491s
 999356 419384 infeasible   49      13988.0000 12839.3317  8.21%  55.1 1497s
 1000002 419553 13344.5705   55  218 13988.0000 12839.4417  8.21%  55.2 1501s
 1000601 419851     cutoff   56      13988.0000 12839.5952  8.21%  55.2 1505s
 1002054 420263 12949.4570   44  394 13988.0000 12839.7955  8.21%  55.4 1513s
 1002598 420821 13373.5680   41  262 13988.0000 12839.8355  8.21%  55.4 1516s
 1004326 421209 13359.9317   33  317 13988.0000 12839.9785  8.21%  55.6 1523s
 1004816 421389     cutoff   52      13988.0000 12840.0752  8.21%  55.6 1526s
 1005827 421675 13256.0231   48  336 13988.0000 12840.2108  8.21%  55.7 1533s
 1006356 421809 13766.4169   37  507 13988.0000 12840.4203  8.20%  55.8 1536s
 1007261 422192 13276.2068   60  207 13988.0000 12840.6000  8.20%  55.9 1543s
 1007767 422486 12890.1918   39  377 13988.0000 12840.6000  8.20%  56.0 1546s
 1008330 422878 12890.2080   40  489 13988.0000 12840.6000  8.20%  56.0 1550s
 1009732 423588 13910.6974   51  315 13988.0000 12840.6000  8.20%  56.1 1561s
 1010679 424245 13453.7908   46  383 13988.0000 12840.6348  8.20%  56.2 1565s
 1012576 424632 13129.9927   49  491 13988.0000 12840.7955  8.20%  56.3 1571s
 1013505 425236 13742.3418   48  312 13988.0000 12840.7955  8.20%  56.4 1576s
 1014675 425521 13227.0072   42  259 13988.0000 12840.8762  8.20%  56.5 1582s
 1015153 425718 13821.0000   65  236 13988.0000 12840.9244  8.20%  56.6 1585s
 1016304 426230 13450.1192   51  159 13988.0000 12841.0752  8.20%  56.7 1592s
 1017013 426320 13021.1454   56  332 13988.0000 12841.1123  8.20%  56.7 1595s
 1017847 426586 13649.1177   57  184 13988.0000 12841.2670  8.20%  56.9 1601s
 1018697 426750 13015.2029   47  303 13988.0000 12841.3722  8.20%  57.0 1607s
 1019069 427001 13010.3932   48  318 13988.0000 12841.4456  8.20%  57.0 1611s
 1020128 427182 13942.4246   54  326 13988.0000 12841.6274  8.20%  57.1 1615s
 1020234 427386 infeasible   49      13988.0000 12841.6390  8.20%  57.1 1620s
 1020877 427590 12991.5132   58  363 13988.0000 12841.8000  8.19%  57.2 1625s
 1022031 428089 13293.1448   41  287 13988.0000 12842.0254  8.19%  57.4 1634s
 1022722 428338 infeasible   39      13988.0000 12842.0752  8.19%  57.5 1639s
 1023402 428497 13703.1915   67  165 13988.0000 12842.0752  8.19%  57.5 1643s
 1024107 428678 13268.9507   46  441 13988.0000 12842.1368  8.19%  57.6 1648s
 1024697 428828 12932.4598   45  557 13988.0000 12842.2139  8.19%  57.7 1652s
 1025286 428998 infeasible   55      13988.0000 12842.4049  8.19%  57.8 1657s
 1025782 429102 13885.8540   49  352 13988.0000 12842.4754  8.19%  57.9 1661s
 1026206 429247 12926.8269   39  417 13988.0000 12842.4754  8.19%  57.9 1665s
 1026664 429490 infeasible   45      13988.0000 12842.4754  8.19%  58.0 1670s
 1027262 429747 13031.9991   41  363 13988.0000 12842.4754  8.19%  58.1 1675s
 1028639 430279 13623.7206   50  222 13988.0000 12842.4754  8.19%  58.2 1684s
 1029207 430508 13296.2176   36  281 13988.0000 12842.4754  8.19%  58.3 1689s
 1029772 430733 12946.6625   45  523 13988.0000 12842.4754  8.19%  58.4 1694s
 1030309 430931 12938.1918   45  300 13988.0000 12842.4754  8.19%  58.5 1699s
 1030936 430944 infeasible   46      13988.0000 12842.4754  8.19%  58.6 1700s
 1031018 431332 13575.1824   37  282 13988.0000 12842.4754  8.19%  58.6 1707s
 1031994 431593 12924.3867   45  468 13988.0000 12842.4754  8.19%  58.7 1711s
 1032622 431769     cutoff   66      13988.0000 12842.4754  8.19%  58.8 1716s
 1033229 432031 13846.4117   44  252 13988.0000 12842.4754  8.19%  58.8 1720s
 1033951 432224 infeasible   36      13988.0000 12842.4754  8.19%  58.9 1725s
 1035185 432712 12969.9397   47  447 13988.0000 12842.4754  8.19%  59.1 1734s
 1035850 432941 13606.6186   41  416 13988.0000 12842.4754  8.19%  59.1 1739s
 1036446 433180 13338.9374   50  180 13988.0000 12842.4754  8.19%  59.2 1743s
 1037110 433357 13392.3757   49  364 13988.0000 12842.4754  8.19%  59.3 1748s
 1037658 433561     cutoff   45      13988.0000 12842.4754  8.19%  59.4 1752s
 1038188 433774 13363.0515   44  403 13988.0000 12842.4754  8.19%  59.5 1757s
 1038811 434098 13450.8318   52  174 13988.0000 12842.4754  8.19%  59.5 1762s
 1039546 434416 12918.9824   41  431 13988.0000 12842.4754  8.19%  59.6 1766s
 1040337 434711     cutoff   52      13988.0000 12842.4754  8.19%  59.7 1771s
 1040972 434969 12940.2558   48  306 13988.0000 12842.4754  8.19%  59.7 1775s
 1041696 435315 13301.4569   49  456 13988.0000 12842.4754  8.19%  59.8 1782s
 1042494 435645 13593.6737   47  316 13988.0000 12842.4754  8.19%  59.9 1787s
 1043217 436037 13057.1702   54  450 13988.0000 12842.4754  8.19%  60.0 1792s
 1044090 436263 13376.9559   45  260 13988.0000 12842.4754  8.19%  60.1 1796s
 1044693 436430 13317.6327   48  393 13988.0000 12842.4754  8.19%  60.2 1800s

Cutting planes:
  Learned: 123
  Gomory: 181
  Cover: 1510
  Implied bound: 360
  Projected implied bound: 31
  Clique: 161
  MIR: 572
  StrongCG: 133
  Flow cover: 2382
  GUB cover: 14
  Inf proof: 21
  Zero half: 32
  Network: 38
  RLT: 53
  Relax-and-lift: 96

Explored 1045117 nodes (62939181 simplex iterations) in 1800.02 seconds (2945.32 work units)
Thread count was 8 (of 8 available processors)

Solution count 3: 13988 13993 14012 

Time limit reached
Best objective 1.398800000000e+04, best bound 1.284247543754e+04, gap 8.1893%

User-callback calls 2611285, time in user-callback 8.52 sec

Statistics for modelBBUP_W:
  Linear constraint matrix    : 12178 Constrs, 5181 Vars, 45960 NZs
  Variable types              : 1726 Continuous,
3455 Integer (649 Binary)
  Matrix coefficient range    : [ 1, 384 ]
  Objective coefficient range : [ 1, 384 ]
  Variable bound range        : [ 1, 199 ]
  RHS coefficient range       : [ 1, 14932.2 ]
