
Gurobi 10.0.1 (linux64) logging started Mon Apr  1 13:00:23 2024

Set parameter LogFile to value "/data/optimi/optimi/kombadon/drings/SBahn/s-bahn-data/scripts/DeniseMA/processed/BBUP_W/RINS/BBUP_W_202403312232_random4_0.6.log"
Gurobi Optimizer version 10.0.1 build v10.0.1rc0 (linux64)

CPU model: Intel(R) Xeon(R) CPU E3-1270 v6 @ 3.80GHz, instruction set [SSE2|AVX|AVX2]
Thread count: 4 physical cores, 8 logical processors, using up to 8 threads

Optimize a model with 12178 rows, 5181 columns and 45960 nonzeros
Model fingerprint: 0xbf6450c4
Variable types: 1726 continuous, 3455 integer (649 binary)
Coefficient statistics:
  Matrix range     [1e+00, 4e+02]
  Objective range  [1e+00, 4e+02]
  Bounds range     [1e+00, 2e+02]
  RHS range        [1e+00, 1e+04]

User MIP start did not produce a new incumbent solution
User MIP start violates constraint objective_cutoff by 150.830000000

Presolve removed 5638 rows and 1774 columns
Presolve time: 0.14s
Presolved: 6540 rows, 3407 columns, 25293 nonzeros
Variable types: 933 continuous, 2474 integer (2474 binary)

Root relaxation: objective 1.268804e+04, 2382 iterations, 0.02 seconds (0.01 work units)
Another try with MIP start

    Nodes    |    Current Node    |     Objective Bounds      |     Work
 Expl Unexpl |  Obj  Depth IntInf | Incumbent    BestBd   Gap | It/Node Time

     0     0 12688.0447    0  128          - 12688.0447      -     -    0s
     0     0 12705.2585    0  447          - 12705.2585      -     -    0s
     0     0 12763.4087    0  447          - 12763.4087      -     -    0s
     0     0 12770.0754    0  475          - 12770.0754      -     -    0s
     0     0 12770.0754    0  441          - 12770.0754      -     -    0s
     0     0 12770.0754    0  418          - 12770.0754      -     -    0s
     0     0 12770.0754    0  460          - 12770.0754      -     -    0s
     0     0 12770.0754    0  484          - 12770.0754      -     -    0s
     0     0 12770.0754    0  493          - 12770.0754      -     -    0s
     0     0 12774.0106    0  453          - 12774.0106      -     -    1s
     0     0 12774.0106    0  139          - 12774.0106      -     -    1s
     0     0 12774.0106    0  263          - 12774.0106      -     -    1s
     0     0 12774.0106    0  170          - 12774.0106      -     -    1s
     0     0 12774.0106    0  151          - 12774.0106      -     -    1s
     0     0 12774.0106    0  140          - 12774.0106      -     -    1s
     0     0 12774.0106    0  296          - 12774.0106      -     -    1s
     0     0 12774.0106    0  275          - 12774.0106      -     -    2s
     0     0 12774.0106    0  280          - 12774.0106      -     -    2s
     0     0 12774.0106    0  322          - 12774.0106      -     -    2s
     0     0 12774.0106    0  258          - 12774.0106      -     -    2s
     0     0 12774.0106    0  321          - 12774.0106      -     -    2s
     0     0 12774.0106    0  348          - 12774.0106      -     -    2s
     0     0 12774.0106    0  343          - 12774.0106      -     -    2s
     0     0 12774.0106    0  356          - 12774.0106      -     -    2s
     0     0 12774.0106    0  400          - 12774.0106      -     -    2s
     0     0 12775.3333    0  378          - 12775.3333      -     -    2s
     0     0 12775.3333    0  376          - 12775.3333      -     -    2s
     0     0 12777.0000    0  418          - 12777.0000      -     -    2s
     0     0 12777.0000    0  421          - 12777.0000      -     -    2s
     0     0 12777.0000    0  347          - 12777.0000      -     -    2s
     0     0 12777.0000    0  359          - 12777.0000      -     -    2s
     0     0 12777.0000    0  178          - 12777.0000      -     -    2s
     0     0 12777.0000    0  208          - 12777.0000      -     -    2s
     0     0 12777.0000    0  205          - 12777.0000      -     -    3s
     0     0 12777.0000    0  241          - 12777.0000      -     -    3s
     0     0 12777.0000    0  155          - 12777.0000      -     -    3s
     0     0 12777.0000    0  210          - 12777.0000      -     -    3s
     0     0 12777.0000    0  163          - 12777.0000      -     -    3s
     0     0 12777.0000    0  143          - 12777.0000      -     -    3s
     0     2 12777.0000    0  142          - 12777.0000      -     -    3s
  1108   850 12795.0000   43  127          - 12795.0000      -  21.5    5s
  1980  1307 14243.0000  108   52          - 12804.0000      -  40.4   10s
  7496  4488 12804.0000   17  211          - 12804.0000      -  31.0   15s
 13045  8231 infeasible   99               - 12804.0000      -  30.3   20s
 18536 12225 12804.0000   42  212          - 12804.0000      -  30.9   25s
 20669 13251 12812.0000   55  258          - 12804.0000      -  30.6   34s
 21505 14330 infeasible   64               - 12804.0000      -  31.3   35s
 26856 17118 13164.0000   50  297          - 12804.0000      -  32.7   40s
 31920 20383 infeasible   50               - 12804.0000      -  33.2   45s
 34932 22616 12928.0000   61  219          - 12804.0000      -  33.8   50s
 41741 26187 infeasible   58               - 12804.0000      -  34.5   55s
 47792 30539 12870.0000   42  253          - 12804.0000      -  34.5   60s
 55262 34726 13203.0625   70  172          - 12804.0000      -  34.4   66s
 58177 37075 13112.6083   54  269          - 12804.0000      -  34.7   70s
 63230 42657 13220.0000   51  259          - 12804.0000      -  34.9   76s
 70740 45306 13793.0000   50  223          - 12804.0000      -  35.1   80s
 76964 49507 13366.6083   35  287          - 12804.2857      -  35.2   85s
 83161 53579 13940.7309   77  156          - 12806.6673      -  35.2   90s
 88048 56634 infeasible   64               - 12807.2872      -  35.5   95s
 93564 60658 14755.0012   96  104          - 12808.8442      -  35.8  100s
 99657 64205 12886.0000   34  310          - 12808.8442      -  35.7  105s
 105595 69717 13899.0000   54  187          - 12808.8442      -  35.7  110s
 109876 70981 13143.0000   54  172          - 12808.8442      -  35.7  115s
 115849 74911 12886.0000   26  315          - 12808.8442      -  35.7  120s
 121747 79079 12977.0000   38  296          - 12808.8442      -  35.8  125s
 126424 83796 12812.4108   35  342          - 12808.8442      -  35.9  131s
 134494 86370 infeasible   64               - 12808.8442      -  35.8  136s
 137010 90579 13558.1905   55  207          - 12809.3642      -  35.9  140s
 145116 93099 14714.0000   97   74          - 12811.8355      -  36.0  146s
 149259 96013 13589.0000   68  186          - 12812.4108      -  36.1  150s
 154692 99442 14823.1857   85   71          - 12812.4108      -  36.3  155s
 157261 101139 13842.4828   59  149          - 12812.4176      -  36.5  160s
 161493 103482 12890.1847   26  363          - 12812.8442      -  36.8  165s
 165448 106466 13079.7483   63  244          - 12813.6083      -  37.4  170s
 169152 109351 12919.2857   47  291          - 12813.6083      -  37.9  175s
 172333 111055 13711.2007   44  328          - 12813.6083      -  38.3  180s
 175563 113674 12936.0000   35  344          - 12813.6083      -  38.8  185s
 177946 114671 14320.0000   65  108          - 12813.6083      -  38.9  190s
 181277 117480 13966.0000   54  204          - 12813.6083      -  39.4  195s
 185491 119545 infeasible   46               - 12813.6083      -  39.7  200s
 189075 121917 infeasible   42               - 12813.6083      -  40.2  205s
 192883 124606 infeasible   84               - 12813.6083      -  40.5  210s
 196015 127217 13464.0071   44  260          - 12813.6083      -  40.9  215s
 199935 129526 13072.5400   36  258          - 12813.6083      -  41.2  220s
 204607 131992 infeasible   85               - 12813.6083      -  41.6  227s
 206051 133358 12907.9482   36  356          - 12813.6083      -  41.7  230s
 210465 135839 12857.9837   32  283          - 12813.6083      -  42.1  235s
 214295 138232 infeasible   49               - 12813.6083      -  42.3  240s
 217931 140615 13041.9739   29  265          - 12813.6083      -  42.7  245s
 221111 142932 13007.0000   45  332          - 12813.6083      -  43.0  250s
 223152 143831 12814.8717   37  348          - 12813.6083      -  43.2  255s
 226828 146293 13112.2036   37  293          - 12813.6083      -  43.4  260s
 230247 149006 12915.0000   33  307          - 12813.6083      -  43.8  265s
 232371 151386 13311.0000   45  278          - 12813.6083      -  43.9  270s
 238014 153552 13196.4700   47  354          - 12813.6083      -  44.3  275s
 241363 156268 13014.0000   35  366          - 12813.6083      -  44.6  280s
 244714 158499 13110.9837   42  272          - 12813.7117      -  44.8  285s
 248428 160904 14884.1899   47  186          - 12813.8431      -  45.1  290s
 251410 162894 13122.5510   28  473          - 12813.9837      -  45.2  295s
 254876 164961 12889.1234   27  328          - 12813.9837      -  45.4  301s
 258956 167346 infeasible   36               - 12813.9837      -  45.4  305s
 263163 170154 infeasible   90               - 12813.9837      -  45.5  310s
 267251 172843 13829.0000   41  271          - 12813.9837      -  45.6  315s
 269377 174206 infeasible   78               - 12813.9837      -  45.7  320s
 272978 176698 12940.7818   25  432          - 12813.9837      -  45.8  325s
 275343 180583 13911.6559   36  272          - 12813.9837      -  45.8  331s
 281074 182171 13267.5914   49  279          - 12813.9837      -  46.0  335s
 285087 185102 13861.7210   46  382          - 12813.9837      -  46.1  340s
 289141 187303 12855.0914   36  299          - 12813.9837      -  46.2  345s
 290537 188312 13233.0231   52  260          - 12813.9837      -  46.3  350s
 294689 191333 13569.6093   57  142          - 12813.9837      -  46.4  355s
 296666 194385 13273.2193   32  310          - 12813.9837      -  46.5  360s
 302609 196142 infeasible   90               - 12813.9837      -  46.6  365s
 306726 198927 infeasible   93               - 12813.9837      -  46.8  370s
 309742 200855 14155.0000   50  285          - 12813.9837      -  46.9  376s
 312486 203182 14574.0000   89   62          - 12813.9837      -  46.9  380s
 316058 205432 12870.0000   49  309          - 12813.9837      -  47.0  385s
 321483 208419 12874.4893   23  375          - 12813.9837      -  47.1  390s
 324648 210952 12929.3766   38  330          - 12813.9837      -  47.2  395s
 328884 213677 13022.7889   51  238          - 12813.9837      -  47.2  400s
 332455 215936 infeasible  111               - 12813.9837      -  47.4  405s
 334632 217392 13490.3459   46  283          - 12813.9837      -  47.4  410s
 338662 220034 12883.8325   45  262          - 12813.9837      -  47.5  415s
 342427 222332 infeasible   50               - 12813.9837      -  47.7  420s
 346257 225076 13119.0914   49  345          - 12813.9837      -  47.8  425s
 348297 225850 infeasible   62               - 12813.9837      -  47.8  430s
 351677 228496 13713.0000   42  202          - 12813.9837      -  47.9  435s
 355721 230702 12854.3300   22  420          - 12813.9837      -  48.0  440s
 359449 233269 13546.2000   39  233          - 12813.9837      -  48.0  445s
 363407 235766 12951.1234   42  390          - 12813.9837      -  48.1  450s
 367280 238659 12833.1234   27  392          - 12813.9837      -  48.2  455s
 371493 241038 12879.1459   33  346          - 12813.9837      -  48.3  460s
 375364 244057 13827.7326   78  186          - 12813.9837      -  48.3  465s
 379515 246673 13250.4338   44  308          - 12813.9837      -  48.4  470s
 383509 248672 13585.7177   43  287          - 12813.9837      -  48.4  476s
 385455 250178 infeasible   57               - 12813.9837      -  48.5  480s
 389488 252775 13923.0000   56  228          - 12813.9837      -  48.5  485s
 393649 255859 13636.0000   50  251          - 12813.9837      -  48.6  490s
 397537 258145 13324.6264   64  223          - 12813.9837      -  48.6  495s
 401360 261137 13225.2785   56  252          - 12813.9837      -  48.7  500s
 405236 263475 12948.9985   33  355          - 12813.9837      -  48.7  505s
 409340 266076 13527.5626   42  246          - 12813.9837      -  48.8  510s
 413489 268916 infeasible   70               - 12813.9837      -  48.9  515s
 415616 270601 13574.0075   75  248          - 12813.9837      -  48.9  520s
 419141 272908 13354.0000   56  263          - 12814.0602      -  49.0  525s
 422243 274575 12886.0000   45  309          - 12814.0602      -  49.1  530s
 425401 276785 14254.4416   92   86          - 12814.0602      -  49.3  535s
 428772 278560 13230.0536   43  455          - 12814.0870      -  49.4  540s
 432518 281040 13033.2119   53  298          - 12814.0870      -  49.5  545s
 434984 282556 12834.3891   32  356          - 12814.0870      -  49.5  550s
 438688 285140 infeasible   52               - 12814.1475      -  49.5  555s
 442283 289621 13239.0166   46  230          - 12814.1948      -  49.6  561s
 447309 291071 12839.5656   41  356          - 12814.1948      -  49.5  565s
 451865 293440 13475.7943   46  207          - 12814.3275      -  49.5  570s
 455404 295672 infeasible   42               - 12814.3275      -  49.6  575s
 459656 298136 13782.4700   50  266          - 12814.3275      -  49.6  580s
 463191 300194 infeasible   52               - 12814.3275      -  49.6  586s
 463196 302863 12850.9368   42  258          - 12814.3275      -  49.6  595s
 471162 305909 13914.0518   82  178          - 12814.3275      -  49.9  600s
 474212 308735 13186.0000   52  346          - 12814.3454      -  49.9  605s
 480696 310918 infeasible   44               - 12814.5378      -  49.9  610s
 484477 313434 infeasible   53               - 12814.6732      -  50.0  615s
 488447 315882 infeasible   46               - 12814.8337      -  50.0  620s
 491653 317921 12886.0000   44  349          - 12814.8861      -  50.1  625s
 494317 319357 infeasible   65               - 12814.9702      -  50.2  631s
 496686 321243 14138.0000   89  106          - 12814.9702      -  50.2  635s
*499999 263064             119    14091.000000 12815.0454  9.06%  50.2  638s
H500019 262560                    14085.000000 12815.0454  9.02%  50.2  639s
H500208 262362                    14083.000000 12815.0454  9.00%  50.2  639s
 500372 262405 13077.0718   43  407 14083.0000 12815.0454  9.00%  50.2  640s
H501416 262813                    14082.000000 12815.0454  9.00%  50.3  643s
 502008 263187 infeasible   30      14082.0000 12815.1642  9.00%  50.3  645s
 503265 264023 13888.1755   64  277 14082.0000 12815.4969  8.99%  50.4  650s
H503965 264013                    14080.000000 12815.6083  8.98%  50.5  652s
H504456 263700                    14076.000000 12815.6544  8.95%  50.6  654s
 504506 263838 14000.8042   43  284 14076.0000 12815.7050  8.95%  50.6  655s
 505453 264284 infeasible   42      14076.0000 12815.9590  8.95%  50.7  661s
 507188 264967 infeasible   51      14076.0000 12816.1948  8.95%  50.9  666s
 507868 265549 13977.4793   43  286 14076.0000 12816.6083  8.95%  51.0  670s
 508991 265862 13977.7205   28  357 14076.0000 12816.9480  8.94%  51.2  675s
 510338 266557 infeasible   48      14076.0000 12817.0000  8.94%  51.4  680s
 511218 267037 13181.5000   43  308 14076.0000 12817.0544  8.94%  51.6  686s
 511980 267624 13954.0523   40  227 14076.0000 12817.9217  8.94%  51.8  692s
 513009 267813 infeasible   44      14076.0000 12818.0000  8.94%  51.9  695s
 514178 268265 12847.9683   23  391 14076.0000 12818.6083  8.93%  52.1  702s
 514937 268868 12986.6243   39  426 14076.0000 12818.9466  8.93%  52.3  707s
 515721 269307 12946.4519   29  459 14076.0000 12818.9837  8.93%  52.4  715s
 516929 269898 13311.0000   41  356 14076.0000 12819.7035  8.93%  52.7  720s
 518425 269982 14017.0000   50  257 14076.0000 12820.0870  8.92%  52.9  727s
 518539 270212 12978.0000   40  289 14076.0000 12820.1083  8.92%  52.9  730s
 519406 270669 13908.0000   41  200 14076.0000 12820.5298  8.92%  53.1  737s
 520033 270905 13440.3185   30  353 14076.0000 12820.8442  8.92%  53.2  741s
 520546 271112 13646.6183   41  206 14076.0000 12820.8442  8.92%  53.4  745s
 521489 271518 infeasible   59      14076.0000 12821.2840  8.91%  53.6  753s
 521992 271910 13666.0000   49  216 14076.0000 12821.6083  8.91%  53.8  757s
 522745 272184 12905.0000   33  436 14076.0000 12821.6083  8.91%  53.9  760s
 523792 272602 13549.8259   32  246 14076.0000 12821.9837  8.91%  54.2  768s
H523975 272512                    14075.000000 12821.9837  8.90%  54.2  768s
H524377 272487                    14072.000000 12821.9837  8.88%  54.3  771s
H524555 272374                    14071.000000 12821.9837  8.88%  54.3  771s
 525178 272482 12925.0000   35  307 14071.0000 12822.0288  8.88%  54.4  775s
H525652 267888                    14027.000000 12822.6083  8.59%  54.6  778s
 526045 268734 13366.5254   52  323 14027.0000 12823.2687  8.58%  54.7  796s
 528463 269234 13976.0000   35  274 14027.0000 12824.0645  8.58%  55.4  801s
 529524 269371 infeasible   44      14027.0000 12824.4088  8.57%  55.5  805s
 530414 269733 12884.5613   57  373 14027.0000 12825.2000  8.57%  55.8  813s
 530908 269889 13416.5000   27  340 14027.0000 12825.7500  8.56%  56.0  817s
 531428 269990 13290.1714   39  308 14027.0000 12826.0000  8.56%  56.1  820s
 532292 270299 13345.5172   54  322 14027.0000 12826.9480  8.56%  56.4  828s
 532930 270440 13988.0000   39  178 14027.0000 12827.5602  8.55%  56.5  832s
 533347 270660 12957.1251   35  423 14027.0000 12827.9837  8.55%  56.7  837s
 533906 270971 13228.7231   36  246 14027.0000 12827.9837  8.55%  56.8  842s
 534855 271174 13118.9115   54  298 14027.0000 12828.3432  8.55%  57.0  846s
 535369 271460 13907.0000   66  168 14027.0000 12828.8442  8.54%  57.2  850s
 536027 271843 infeasible   49      14027.0000 12828.9837  8.54%  57.3  855s
 536948 272143 13503.3595   43  265 14027.0000 12829.3275  8.54%  57.5  861s
 537540 272387 13357.4310   54  354 14027.0000 12829.4309  8.54%  57.7  866s
 538219 272681 13843.3857   32  299 14027.0000 12829.9837  8.53%  57.9  871s
 538909 272890 13999.0000   59  205 14027.0000 12829.9837  8.53%  58.0  875s
 539420 273111 13493.7112   51  257 14027.0000 12829.9837  8.53%  58.2  880s
 540081 273314 infeasible   39      14027.0000 12830.3275  8.53%  58.4  885s
 540708 273593 13435.1263   48  231 14027.0000 12830.3275  8.53%  58.6  891s
 541407 273803 12873.8497   34  505 14027.0000 12830.3275  8.53%  58.7  895s
 542002 274063 12851.2518   46  525 14027.0000 12830.6917  8.53%  58.9  900s
 542561 274391 13863.8839   28  321 14027.0000 12830.9480  8.53%  59.1  905s
 543294 275037 13293.0119   58  206 14027.0000 12830.9892  8.53%  59.3  910s
 544639 275279 infeasible   35      14027.0000 12830.9892  8.53%  59.4  915s
 545815 275614 13724.6925   39  231 14027.0000 12831.1665  8.53%  59.7  924s
 546271 275851 12878.0364   41  488 14027.0000 12831.3867  8.52%  59.8  928s
 546807 275990 12895.2334   45  481 14027.0000 12831.4078  8.52%  60.0  933s
 547320 276391 12942.9766   34  405 14027.0000 12831.5638  8.52%  60.2  946s
 548687 276858 13087.0000   51  323 14027.0000 12832.8185  8.51%  60.7  952s
 549616 277209 13921.3826   46  291 14027.0000 12833.1234  8.51%  60.8  958s
 550347 277467 infeasible   63      14027.0000 12833.1234  8.51%  61.0  963s
 550945 277773 infeasible   36      14027.0000 12833.1234  8.51%  61.1  968s
 551584 278051 13133.4310   31  335 14027.0000 12833.1234  8.51%  61.3  973s
 552254 278282 12872.4310   26  417 14027.0000 12833.1234  8.51%  61.5  979s
 552850 278585 12926.3050   42  367 14027.0000 12833.1234  8.51%  61.6  984s
 553469 278946 12998.9804   44  198 14027.0000 12833.1234  8.51%  61.8  989s
 554278 279230 13127.0000   39  311 14027.0000 12833.1234  8.51%  62.0  994s
 554957 279528 infeasible   36      14027.0000 12833.1234  8.51%  62.1  999s
 555564 279766 12872.6830   33  504 14027.0000 12833.1234  8.51%  62.2 1004s
 556133 280057 13333.7437   45  286 14027.0000 12833.1234  8.51%  62.4 1010s
 556701 280396 12872.4310   23  496 14027.0000 12833.1234  8.51%  62.5 1015s
 557358 280820 13006.0878   30  485 14027.0000 12833.1234  8.51%  62.6 1020s
 558295 281128 12872.4310   26  459 14027.0000 12833.1234  8.51%  62.8 1028s
 558957 281538 13053.2744   36  434 14027.0000 12833.1234  8.51%  63.0 1036s
 559930 281897 13853.4964   33  269 14027.0000 12833.1234  8.51%  63.2 1042s
 560654 282233 13737.2300   31  260 14027.0000 12833.1234  8.51%  63.4 1048s
 561369 282525 12889.0000   28  344 14027.0000 12833.1234  8.51%  63.6 1054s
 562068 282812 13082.0000   44  302 14027.0000 12833.1234  8.51%  63.7 1060s
 562764 283167 12910.5357   27  412 14027.0000 12833.1234  8.51%  63.9 1066s
 563446 283574 12960.4310   30  488 14027.0000 12833.1234  8.51%  64.0 1073s
 564240 283870 13415.1552   45  232 14027.0000 12833.1234  8.51%  64.2 1078s
 564877 284223 13116.4310   34  411 14027.0000 12833.1234  8.51%  64.3 1084s
 565592 284465 infeasible   52      14027.0000 12833.1234  8.51%  64.5 1089s
 566127 284711 12938.0000   51  248 14027.0000 12833.1234  8.51%  64.6 1095s
 566658 285003 13260.4042   36  478 14027.0000 12833.1234  8.51%  64.8 1101s
 567280 285304 13588.9231   35  217 14027.0000 12833.1234  8.51%  64.9 1107s
 567953 285569 12872.4310   39  322 14027.0000 12833.1234  8.51%  65.1 1113s
 568661 286047 12923.4996   29  367 14027.0000 12833.1234  8.51%  65.3 1122s
 569525 286284 12889.2867   26  406 14027.0000 12833.1234  8.51%  65.5 1128s
 570071 286570 12988.4310   30  489 14027.0000 12833.1234  8.51%  65.7 1134s
 570732 286803 13628.5372   47  330 14027.0000 12833.1234  8.51%  65.9 1140s
 571270 287133 13755.0404   59  356 14027.0000 12833.1234  8.51%  66.1 1147s
 571986 287463 12900.7069   25  453 14027.0000 12833.1234  8.51%  66.2 1154s
 572662 287779 13400.4310   37  301 14027.0000 12833.1234  8.51%  66.4 1160s
 573435 288079 12889.0000   32  477 14027.0000 12833.1234  8.51%  66.6 1166s
 574043 288338 13261.4306   41  396 14027.0000 12833.1234  8.51%  66.8 1173s
 574629 288610 13160.3529   43  283 14027.0000 12833.1234  8.51%  66.9 1179s
 575190 288851 infeasible   44      14027.0000 12833.1234  8.51%  67.1 1185s
 575780 289163 12872.8497   23  375 14027.0000 12833.1234  8.51%  67.3 1192s
 576484 289510 13009.4208   41  301 14027.0000 12833.1234  8.51%  67.5 1199s
 577308 289787 12878.0613   41  402 14027.0000 12833.1234  8.51%  67.6 1206s
 577888 290082 12985.9507   46  430 14027.0000 12833.1234  8.51%  67.8 1212s
 578493 290360 12872.4310   30  440 14027.0000 12833.1234  8.51%  68.0 1219s
 579096 290461 12918.0349   31  469 14027.0000 12833.1234  8.51%  68.2 1221s
 579257 290646 13930.9310   33  336 14027.0000 12833.1234  8.51%  68.2 1225s
 579754 290890     cutoff   49      14027.0000 12833.1234  8.51%  68.3 1230s
 580341 291208 13928.0380   45  158 14027.0000 12833.1234  8.51%  68.4 1235s
 580933 291493 12872.8531   45  530 14027.0000 12833.1234  8.51%  68.5 1241s
 581483 291807 13967.0000   62   88 14027.0000 12833.1234  8.51%  68.7 1246s
 582111 292102 12872.9013   43  353 14027.0000 12833.1234  8.51%  68.8 1252s
 582689 292408 13467.4500   38  187 14027.0000 12833.1234  8.51%  69.0 1258s
 583287 292620 12960.7847   34  455 14027.0000 12833.1234  8.51%  69.1 1263s
 583805 292899 13737.4128   35  345 14027.0000 12833.1234  8.51%  69.3 1269s
 584454 293218 infeasible   46      14027.0000 12833.1234  8.51%  69.5 1275s
 585106 293439 13315.8139   29  394 14027.0000 12833.1234  8.51%  69.6 1281s
 585666 293778 13295.1719   29  394 14027.0000 12833.1234  8.51%  69.8 1287s
 586426 294004 13297.7730   30  508 14027.0000 12833.1234  8.51%  69.9 1293s
 587078 294267 12916.0139   35  454 14027.0000 12833.1234  8.51%  70.1 1299s
 587787 294501 13218.7017   29  454 14027.0000 12833.1234  8.51%  70.3 1305s
 588325 294811 13041.2438   33  534 14027.0000 12833.1234  8.51%  70.4 1311s
 589044 295021     cutoff   34      14027.0000 12833.1234  8.51%  70.6 1317s
 589758 295220 13180.0862   50  255 14027.0000 12833.1287  8.51%  70.8 1323s
 590200 295412 13596.5928   38  413 14027.0000 12833.1663  8.51%  70.9 1329s
 590814 295648 12873.0790   29  492 14027.0000 12833.2268  8.51%  71.1 1336s
 591363 295860 12909.0790   29  359 14027.0000 12833.2268  8.51%  71.3 1342s
 592024 296062 12910.4310   29  428 14027.0000 12833.2268  8.51%  71.4 1349s
 592612 296428 12875.1783   40  422 14027.0000 12833.2634  8.51%  71.7 1355s
 593380 296708 13481.2778   52  220 14027.0000 12833.2634  8.51%  71.8 1361s
 594001 296924 12941.8220   34  443 14027.0000 12833.2634  8.51%  72.0 1367s
 594575 297189 infeasible   50      14027.0000 12833.2634  8.51%  72.2 1373s
 595248 297422 13094.0545   30  211 14027.0000 12833.2634  8.51%  72.4 1379s

Cutting planes:
  Learned: 126
  Gomory: 187
  Cover: 1654
  Implied bound: 318
  Projected implied bound: 30
  Clique: 181
  MIR: 712
  StrongCG: 145
  Flow cover: 2770
  GUB cover: 9
  Inf proof: 20
  Zero half: 47
  Network: 25
  RLT: 80
  Relax-and-lift: 120

Explored 595826 nodes (43251076 simplex iterations) in 1379.90 seconds (2524.26 work units)
Thread count was 8 (of 8 available processors)

Solution count 10: 14027 14071 14072 ... 14091

Solve interrupted
Best objective 1.402700000000e+04, best bound 1.283326337738e+04, gap 8.5103%

User-callback calls 1610410, time in user-callback 5.19 sec

Statistics for modelBBUP_W:
  Linear constraint matrix    : 12178 Constrs, 5181 Vars, 45960 NZs
  Variable types              : 1726 Continuous,
3455 Integer (649 Binary)
  Matrix coefficient range    : [ 1, 384 ]
  Objective coefficient range : [ 1, 384 ]
  Variable bound range        : [ 1, 199 ]
  RHS coefficient range       : [ 1, 14932.2 ]
