
Gurobi 10.0.1 (linux64) logging started Mon Apr  1 09:18:54 2024

Set parameter LogFile to value "/data/optimi/optimi/kombadon/drings/SBahn/s-bahn-data/scripts/DeniseMA/processed/BBUP_W/RINS/BBUP_W_202403312232_random1_0.9.log"
Gurobi Optimizer version 10.0.1 build v10.0.1rc0 (linux64)

CPU model: Intel(R) Xeon(R) CPU E3-1270 v6 @ 3.80GHz, instruction set [SSE2|AVX|AVX2]
Thread count: 4 physical cores, 8 logical processors, using up to 8 threads

Optimize a model with 12186 rows, 5181 columns and 45968 nonzeros
Model fingerprint: 0xb4afb3ee
Variable types: 1726 continuous, 3455 integer (649 binary)
Coefficient statistics:
  Matrix range     [1e+00, 4e+02]
  Objective range  [1e+00, 4e+02]
  Bounds range     [1e+00, 2e+02]
  RHS range        [1e+00, 1e+04]

User MIP start did not produce a new incumbent solution
User MIP start violates constraint objective_cutoff by 150.830000000

Presolve removed 5692 rows and 1798 columns
Presolve time: 0.13s
Presolved: 6494 rows, 3383 columns, 25275 nonzeros
Variable types: 929 continuous, 2454 integer (2454 binary)

Root relaxation: objective 1.268804e+04, 2332 iterations, 0.02 seconds (0.01 work units)

    Nodes    |    Current Node    |     Objective Bounds      |     Work
 Expl Unexpl |  Obj  Depth IntInf | Incumbent    BestBd   Gap | It/Node Time

     0     0 12688.0447    0  168          - 12688.0447      -     -    0s
Another try with MIP start
     0     0 12688.0447    0  206          - 12688.0447      -     -    0s
     0     0 12734.0000    0  539          - 12734.0000      -     -    0s
     0     0 12734.0000    0  508          - 12734.0000      -     -    0s
     0     0 12756.2736    0  436          - 12756.2736      -     -    0s
     0     0 12756.3444    0  371          - 12756.3444      -     -    0s
     0     0 12756.3444    0  368          - 12756.3444      -     -    0s
     0     0 12757.8707    0  456          - 12757.8707      -     -    0s
     0     0 12757.8707    0  418          - 12757.8707      -     -    0s
     0     0 12767.2030    0  353          - 12767.2030      -     -    0s
     0     0 12767.2030    0  413          - 12767.2030      -     -    0s
     0     0 12767.2030    0  312          - 12767.2030      -     -    0s
     0     0 12767.2030    0  323          - 12767.2030      -     -    0s
     0     0 12767.7318    0  183          - 12767.7318      -     -    1s
     0     0 12767.7318    0  262          - 12767.7318      -     -    1s
     0     0 12767.7318    0  168          - 12767.7318      -     -    1s
     0     0 12767.7318    0  203          - 12767.7318      -     -    1s
     0     0 12768.0000    0  215          - 12768.0000      -     -    1s
     0     0 12768.0000    0  199          - 12768.0000      -     -    1s
     0     0 12768.0000    0  142          - 12768.0000      -     -    2s
     0     0 12768.0000    0  327          - 12768.0000      -     -    2s
     0     0 12768.0000    0  328          - 12768.0000      -     -    2s
     0     0 12768.0000    0  328          - 12768.0000      -     -    2s
     0     0 12768.0000    0  396          - 12768.0000      -     -    2s
     0     0 12768.0000    0  339          - 12768.0000      -     -    2s
     0     0 12768.0000    0  298          - 12768.0000      -     -    2s
     0     0 12768.0000    0  294          - 12768.0000      -     -    2s
     0     0 12768.0000    0  325          - 12768.0000      -     -    2s
     0     0 12768.0000    0  367          - 12768.0000      -     -    2s
     0     0 12768.0000    0  317          - 12768.0000      -     -    2s
     0     0 12768.0000    0  302          - 12768.0000      -     -    2s
     0     0 12768.0000    0  307          - 12768.0000      -     -    2s
     0     0 12769.9969    0  374          - 12769.9969      -     -    2s
     0     0 12770.0458    0  347          - 12770.0458      -     -    2s
     0     0 12770.0458    0  385          - 12770.0458      -     -    2s
     0     0 12770.0738    0  337          - 12770.0738      -     -    2s
     0     0 12770.0738    0  385          - 12770.0738      -     -    2s
     0     0 12770.2402    0  372          - 12770.2402      -     -    2s
     0     0 12771.3475    0  352          - 12771.3475      -     -    2s
     0     0 12771.3922    0  312          - 12771.3922      -     -    2s
     0     0 12771.4105    0  311          - 12771.4105      -     -    2s
     0     0 12771.4972    0  325          - 12771.4972      -     -    3s
     0     0 12771.4990    0  362          - 12771.4990      -     -    3s
     0     0 12771.5134    0  292          - 12771.5134      -     -    3s
     0     0 12771.5134    0  299          - 12771.5134      -     -    3s
     0     0 12771.5145    0  320          - 12771.5145      -     -    3s
     0     0 12771.5145    0  302          - 12771.5145      -     -    3s
     0     0 12771.5368    0  394          - 12771.5368      -     -    3s
     0     0 12771.5368    0  133          - 12771.5368      -     -    3s
     0     2 12771.5368    0  133          - 12771.5368      -     -    3s
  1044   802 13218.0000   59  319          - 12804.0000      -  19.8    5s
  2125  1299 infeasible  118               - 12823.2857      -  38.0   10s
  7685  4582 12864.0000   28  210          - 12826.7467      -  30.2   15s
 12935  8471 12893.0000   61  252          - 12827.9714      -  31.3   20s
 19200 12302 12929.0000   48  293          - 12846.2930      -  30.8   25s
 20487 13137 12864.0000   34  248          - 12848.7467      -  30.5   33s
 22573 14400 14180.1434   68  127          - 12864.0000      -  30.7   35s
 27116 17027 13253.5900   64  147          - 12864.0000      -  31.1   40s
 30995 20168 12879.0000   52  233          - 12864.0000      -  31.6   46s
 37182 22106 infeasible   91               - 12864.0000      -  32.9   50s
 40491 24137 13929.0000   62  136          - 12864.0000      -  34.1   55s
 43468 25816 13792.9622   66  132          - 12864.0000      -  35.6   60s
 47124 28089 12864.0000   33  313          - 12864.0000      -  36.3   65s
 52002 30721 12884.0000   37  264          - 12864.0000      -  36.8   70s
 56576 33497 14557.0000  111   21          - 12864.0000      -  37.4   75s
 60709 35820 infeasible  116               - 12864.0000      -  38.0   80s
 62758 38227 13949.8400   92  124          - 12864.0000      -  38.6   85s
 69495 41470 14796.8148   83   75          - 12864.0000      -  38.8   90s
 73487 45679 13323.0000   61  150          - 12864.0000      -  39.0   96s
 78288 46696 13528.0000   51  192          - 12864.0000      -  39.6  100s
 82195 49251 13616.2000   54  233          - 12864.0000      -  39.8  105s
 87236 52150 13675.8065   69  154          - 12864.0000      -  40.2  110s
 91825 54897 infeasible   47               - 12864.0000      -  40.6  115s
 96163 57952 13327.5026   49  187          - 12864.0000      -  41.0  120s
 100854 60373 13703.0001   63  107          - 12864.0000      -  41.3  126s
 103972 62324 infeasible   88               - 12864.0000      -  41.4  130s
 108530 65633 13537.3214   53  238          - 12866.0000      -  41.6  135s
 113577 68717 12893.0501   43  311          - 12867.2857      -  41.8  140s
 118451 71671 13544.0600   53  238          - 12867.4519      -  41.8  145s
 123332 74378 13815.0997   85  114          - 12869.0000      -  41.9  150s
 125812 77889 13644.0256   68  166          - 12869.4345      -  42.0  155s
 130476 78569 13242.0000   50  166          - 12870.0000      -  42.1  160s
 134828 80873 infeasible   54               - 12870.0000      -  42.5  165s
 138696 83288 13255.0784   60  228          - 12870.0000      -  42.9  170s
 144225 86321 infeasible   72               - 12870.0000      -  43.1  175s
 147541 89351 12873.4519   50  362          - 12870.0000      -  43.3  180s
 152909 91913 13931.3218   68  170          - 12870.0000      -  43.5  185s
 157292 94589 14638.0000   78  105          - 12870.0000      -  43.8  190s
 161654 97165 13450.0000   58  262          - 12870.0000      -  44.0  195s
 163970 98155 14239.9400   99  134          - 12870.0000      -  44.1  200s
 167996 100742 12904.0000   41  300          - 12870.0000      -  44.4  205s
 172192 103147 14166.6066   77  219          - 12870.0000      -  44.7  210s
 176481 105973 12888.1429   44  222          - 12871.0000      -  44.9  215s
 180562 108035 12892.0000   41  248          - 12872.0000      -  45.0  220s
 184182 110552 13056.0000   42  263          - 12873.4519      -  45.2  225s
 188934 112936 13059.1570   36  282          - 12873.4519      -  45.3  230s
 191922 115328 12890.0000   49  278          - 12873.4519      -  45.5  235s
 193526 116461 13528.0000   60  173          - 12873.4519      -  45.6  240s
 198198 118626 13996.0000   61  203          - 12874.0000      -  45.8  245s
 202497 121103 infeasible   48               - 12875.4495      -  45.9  250s
 205866 123300 12972.7762   43  336          - 12876.3749      -  46.1  255s
 209921 125611 infeasible   60               - 12878.0000      -  46.4  260s
 213386 127382 infeasible   58               - 12879.0000      -  46.5  266s
 216078 129191 13689.1667   63  191          - 12880.5000      -  46.7  270s
 219623 131275 14917.0000   81   69          - 12882.0000      -  47.0  275s
 223590 133585 infeasible   87               - 12882.0000      -  47.1  281s
 225153 134754 13217.1514   51  292          - 12882.0000      -  47.2  285s
 228815 136938 12902.1514   28  388          - 12882.0000      -  47.5  290s
 232365 139227 14406.0394   64  132          - 12883.0000      -  47.7  295s
 236471 141680 13142.6614   42  277          - 12884.0000      -  47.7  300s
 240017 143671 13854.2100   77   76          - 12884.0000      -  47.7  305s
 243019 146541 14007.6346   90  120          - 12884.0000      -  47.8  311s
 248207 148060 13096.0442   63  187          - 12884.0000      -  47.7  315s
 253114 151028 infeasible   54               - 12884.0000      -  47.7  320s
 256355 153106 13302.2100   38  306          - 12884.0000      -  47.9  325s
 259494 154709 13803.0568   64  143          - 12884.0000      -  48.1  331s
 262410 156463 infeasible   62               - 12884.0000      -  48.2  335s
 266848 159033 13269.0000   53  223          - 12884.0000      -  48.3  340s
 269943 160998 infeasible   59               - 12884.0000      -  48.5  345s
 273355 163258 14586.0000   71  105          - 12884.0000      -  48.6  351s
 275613 165073 14474.0000   64   86          - 12884.0000      -  48.7  356s
 279766 166876 infeasible   46               - 12884.0000      -  48.7  360s
 283863 169348 infeasible   49               - 12884.0000      -  48.8  365s
 286420 170790 infeasible   56               - 12884.0000      -  48.9  370s
 289497 172708 13262.0000   37  232          - 12884.0000      -  49.1  375s
 292579 175024 14599.4108   61  155          - 12884.0000      -  49.2  380s
 295770 177279 13821.8966   95  125          - 12884.0000      -  49.2  385s
 298263 178275 13550.6447   43  233          - 12884.0000      -  49.3  390s
 301330 180464 14722.0000   65  105          - 12884.0000      -  49.5  395s
 304890 182634 13330.0000   53  250          - 12884.0000      -  49.7  400s
 308186 184339 13954.9200   44  221          - 12884.0000      -  49.8  405s
 311197 186568 13488.0000   43  182          - 12884.0000      -  50.0  410s
 313627 187461 infeasible   53               - 12884.0000      -  50.1  415s
 316188 189124 13488.2179   53  262          - 12884.0000      -  50.3  420s
 319076 191178 13344.1527   44  278          - 12884.0000      -  50.5  425s
 322840 193224 13262.0000   40  329          - 12884.0000      -  50.6  430s
 325197 194485 infeasible   53               - 12884.0000      -  50.7  435s
 326590 197006 14006.0000   41  250          - 12884.0000      -  50.8  440s
 331309 198061 13284.0000   62  261          - 12884.0000      -  51.0  446s
 333619 200038 13424.0000   49  227          - 12884.0000      -  51.1  450s
 337475 201861 infeasible   60               - 12884.0000      -  51.2  455s
 340881 204188 13471.2420   54  207          - 12884.0000      -  51.2  460s
 344426 205917 infeasible   53               - 12884.0000      -  51.3  465s
 347286 208349 13262.0000   43  274          - 12884.0000      -  51.5  471s
 350901 209840 14249.0000   32  255          - 12884.0000      -  51.6  475s
 354578 211895 infeasible   78               - 12884.0000      -  51.7  480s
 355367 212600 14929.1682   88   98          - 12884.0000      -  51.7  485s
 357538 214834 13881.0025   47  263          - 12884.0000      -  51.8  490s
 362040 216686 13266.9355   35  313          - 12884.0000      -  51.9  495s
 366196 218932 infeasible   56               - 12884.0000      -  51.9  500s
 368493 221493 14601.0000   76   58          - 12884.0000      -  52.0  505s
 372839 222872 infeasible   94               - 12884.0000      -  52.1  510s
 376589 225286 14564.0000   66  161          - 12884.5318      -  52.2  515s
 380388 227488 14175.0000   63  146          - 12885.0000      -  52.3  520s
 384253 229815 13263.0000   36  306          - 12885.0000      -  52.3  525s
 387949 231825 infeasible   56               - 12885.1629      -  52.4  530s
 389010 234056 13367.5000   52  207          - 12885.4815      -  52.5  535s
 392081 234391 13763.1607   70  117          - 12885.9440      -  52.6  540s
 394702 236365 13756.0000   54  136          - 12886.0000      -  52.8  545s
 398479 238074 12906.0000   43  203          - 12886.0000      -  52.8  550s
 401246 239875 14470.0380   64   97          - 12886.0000      -  53.0  555s
 404404 242308 13901.0000   66  116          - 12886.0000      -  53.1  560s
 408552 244242 infeasible   74               - 12886.0000      -  53.1  565s
 411709 246313 infeasible   55               - 12886.0000      -  53.2  570s
 414896 248595 14201.6667   81   94          - 12886.0000      -  53.3  575s
 418137 250230 infeasible   58               - 12886.0000      -  53.4  580s
 419449 251406 13264.0000   47  296          - 12886.0000      -  53.5  585s
 423510 253567 13262.0000   38  306          - 12886.0000      -  53.5  590s
 426068 255236 14235.0000   65   72          - 12886.0000      -  53.7  595s
 429543 257472 13395.2500   61  346          - 12886.0000      -  53.7  600s
 432852 259425 infeasible   57               - 12886.0000      -  53.9  605s
 435125 260897 13972.2308   75  141          - 12886.0000      -  54.0  611s
 437844 262861 13531.4114   53  322          - 12886.0000      -  54.0  615s
 441610 265416 13473.8116   68  208          - 12886.1053      -  54.1  621s
 443630 265830 12907.0000   36  251          - 12886.6376      -  54.1  625s
 446163 267407 infeasible   46               - 12887.0000      -  54.1  630s
 449075 269204 13667.9040   55  242          - 12887.7800      -  54.2  635s
 452792 272695 13573.0000   46  202          - 12887.8002      -  54.2  642s
 456199 273746 13900.0000   85   93          - 12888.0000      -  54.3  645s
 460094 275633 infeasible   69               - 12888.0556      -  54.3  650s
 463581 279027 13561.0000   56  185          - 12889.0000      -  54.4  657s
 466442 279801 13267.0000   35  315          - 12889.0000      -  54.4  660s
 468803 281152 13397.6567   46  293          - 12889.0000      -  54.5  665s
 471737 283212 13268.0000   54  331          - 12889.0000      -  54.7  670s
 474567 284939 13277.5000   59  252          - 12889.0000      -  54.7  675s
 476623 286171 13267.0000   44  250          - 12889.0000      -  54.8  680s
 478032 287263 14436.0000   58  142          - 12889.2000      -  54.9  685s
 482452 289655 infeasible   86               - 12890.0000      -  54.9  690s
 484758 291889 13268.0000   59  261          - 12890.0000      -  55.0  696s
 488254 293331 13736.1149   56  204          - 12890.0000      -  55.1  700s
 492142 295285 infeasible   36               - 12890.0000      -  55.2  705s
 494896 296891 infeasible   60               - 12890.0000      -  55.3  710s
 497720 299334 13950.6170   60  244          - 12890.0000      -  55.4  716s
 501454 300964 infeasible   60               - 12890.0000      -  55.4  720s
 502911 301960 13268.0000   45  339          - 12890.0000      -  55.5  725s
 505922 303603 13643.1434   46  278          - 12890.0000      -  55.5  730s
 506005 304758 13268.0000   53  301          - 12890.0000      -  55.6  735s
 509404 306503 13284.3800   65  260          - 12890.0000      -  55.8  740s
 512916 308488 14663.4179   89   68          - 12890.0000      -  55.9  745s
 516508 310086 13268.0000   47  274          - 12890.0000      -  56.0  750s
 519088 311596 infeasible   65               - 12890.0000      -  56.1  755s
 520119 312881 14082.0000   83   65          - 12890.0000      -  56.2  760s
 523873 315242 14617.0000   94   64          - 12890.0000      -  56.2  765s
 527009 318236 13997.0000   58  172          - 12890.0000      -  56.3  772s
 531160 319520 13320.0000   37  347          - 12890.0000      -  56.3  775s
 534095 321526 14654.0645   71  174          - 12890.0000      -  56.4  780s
 536880 323292 13514.0000   56  273          - 12890.0000      -  56.5  785s
 539819 324735 14222.0000   69  225          - 12890.0000      -  56.6  790s
 541840 325935 14089.0000   73  161          - 12890.0000      -  56.7  795s
 544665 327704 infeasible   57               - 12890.0000      -  56.7  800s
 547262 329661 14034.0202   89  118          - 12890.0000      -  56.8  805s
 548302 331066 14011.0000   66  103          - 12890.0000      -  56.9  811s
 552092 332111 13603.4100   56  320          - 12890.0000      -  57.0  817s
 553230 333187 infeasible   94               - 12890.0000      -  57.1  820s
 556507 334935 infeasible   55               - 12890.0000      -  57.1  825s
 559170 337264 13272.8846   47  475          - 12890.0000      -  57.2  831s
 562102 338356 13820.5741   81  156          - 12890.0000      -  57.3  835s
 564310 339786 infeasible   67               - 12890.0000      -  57.4  840s
 567408 342182 14279.1637   73  171          - 12890.0000      -  57.5  845s
 569920 344325 13983.0836   43  230          - 12890.0000      -  57.5  852s
 573158 345463 13711.7306   73  262          - 12890.0000      -  57.6  856s
 576391 347329 infeasible   49               - 12890.0000      -  57.7  860s
 577116 347891 13484.3810   50  244          - 12890.0000      -  57.7  865s
 580246 351085 13658.0000   64  130          - 12890.0000      -  57.8  873s
 583161 351654 14242.0615   96  179          - 12890.0000      -  57.8  875s
 585474 353276 13268.0000   48  347          - 12890.0000      -  57.9  880s
 588942 354645 infeasible   66               - 12890.0000      -  57.9  885s
 592354 356733 13269.1053   56  285          - 12890.0000      -  58.0  890s
 594891 358484 13310.0000   53  279          - 12890.0000      -  58.1  895s
 597115 359405 13268.0000   60  322          - 12890.0000      -  58.1  900s
 599403 361051 14434.0000   66  210          - 12890.0000      -  58.2  905s
 601584 362836 14743.0001   85   71          - 12890.0000      -  58.2  910s
 605891 364581 infeasible   73               - 12890.0000      -  58.3  915s
 608370 366613 14159.0000   91  100          - 12890.0000      -  58.4  920s
 610822 367406 14395.0000   56  158          - 12890.0000      -  58.4  925s
 612825 369043 14396.0000   87  148          - 12890.0000      -  58.4  930s
 616399 371259 13706.0000   63  313          - 12890.0000      -  58.4  935s
 619384 372782 infeasible   49               - 12890.2200      -  58.5  940s
 621926 374356 13306.0000   36  359          - 12890.3871      -  58.6  945s
 625849 376782 13770.0000   55  151          - 12890.3871      -  58.6  950s
 629374 378976 13263.5503   52  350          - 12890.6957      -  58.6  955s
 633009 381020 infeasible   68               - 12891.0000      -  58.6  960s
 635786 382887 13745.9437   55  287          - 12891.5935      -  58.7  965s
 638821 384211 14290.3743   76  105          - 12892.0000      -  58.7  970s
 640191 384949 14789.3543   56  205          - 12892.0000      -  58.8  975s
 643067 386627 13408.0000   40  308          - 12892.0000      -  58.8  980s
 646740 388676 13540.3157   51  228          - 12892.0000      -  58.8  985s
 648953 390548 14368.0198  104   68          - 12892.5200      -  58.9  990s
 652449 392791 13724.3888   52  250          - 12892.8055      -  58.9  995s
 654441 395328 13851.0000   93  138          - 12892.8055      -  58.9 1000s
 659387 397490 13943.8522   77  138          - 12892.9909      -  58.9 1005s
 663039 399252 12975.0000   37  372          - 12893.0000      -  59.0 1010s
 664872 400465 infeasible   52               - 12893.0000      -  59.0 1016s
 665249 401552 14079.7848   58  169          - 12893.0000      -  59.0 1020s
 669501 403759 infeasible   45               - 12893.0000      -  59.2 1025s
 672763 405341 12962.8675   40  345          - 12893.0000      -  59.2 1031s
 675404 406795 infeasible   63               - 12893.0000      -  59.3 1035s
 677635 408724 12927.1934   50  356          - 12893.0000      -  59.3 1040s
 681193 410399 infeasible   51               - 12893.4519      -  59.4 1045s
 684372 412637 12897.9157   40  435          - 12894.0000      -  59.4 1050s
 688296 414302 13659.0009   63  266          - 12894.0000      -  59.4 1055s
 690385 415497 13650.0000   40  293          - 12894.0000      -  59.5 1061s
 692140 417262 13411.3354   56  188          - 12894.0000      -  59.5 1065s
 696214 419132 13276.9561   55  320          - 12894.2620      -  59.5 1070s
 699975 421432 13779.0060   53  255          - 12894.9456      -  59.5 1075s
 702347 422681 13004.2520   39  305          - 12895.0000      -  59.5 1080s
 705148 424364 infeasible   61               - 12895.1988      -  59.6 1085s
 708796 426609 infeasible   63               - 12896.0000      -  59.6 1090s
 711218 428265 14929.0000   71   71          - 12896.0000      -  59.7 1095s
 713886 430155 14683.1018   72  229          - 12896.0000      -  59.7 1100s
 717228 431510 13538.3368   54  293          - 12896.0173      -  59.7 1106s
 717237 434516 13662.3368   53  273          - 12896.0173      -  59.8 1117s
 722895 436452 13746.7400   71  240          - 12896.1938      -  59.9 1120s
 728771 439588 13277.4677   34  391          - 12896.3422      -  59.8 1125s
 732325 441437 14851.0000   72   31          - 12897.0000      -  59.8 1130s
 735548 443771 13039.0000   45  318          - 12897.0000      -  59.8 1135s
 738497 446786 14210.6667   72  104          - 12897.0000      -  59.9 1142s
 741842 447868 13534.1080   45  354          - 12897.0000      -  59.9 1145s
 744909 449330 13869.8934   66  170          - 12897.0000      -  59.9 1151s
 746416 450648 13308.4660   42  426          - 12897.0000      -  59.9 1155s
 750325 453060 13071.8055   54  204          - 12897.4519      -  59.9 1160s
 752717 454955 14476.4141   56  200          - 12897.7255      -  60.0 1165s
 755596 456527 14551.0000   82   73          - 12898.0000      -  60.0 1170s
 759053 458656 13332.0000   52  303          - 12898.8055      -  60.0 1175s
 763461 461251 14047.0000   58  154          - 12899.0000      -  60.0 1180s
 767123 463400 13405.0003   46  234          - 12899.0003      -  60.0 1185s
 768729 464289 13653.9695   77   93          - 12899.0720      -  60.0 1190s
 772018 466529 13229.3314   48  306          - 12900.0000      -  60.0 1195s
 775229 468210 13220.0000   42  313          - 12900.0000      -  60.1 1200s
 778086 469736 13310.4888   44  289          - 12900.0000      -  60.1 1205s
 781013 472026 13590.0000   53  209          - 12900.2763      -  60.2 1212s
 782718 473317 13281.0196   26  440          - 12900.5000      -  60.2 1215s
 786778 474767 infeasible   70               - 12901.0000      -  60.2 1221s
 788769 476307 13963.1236   44  326          - 12901.0000      -  60.2 1225s
 791712 480224 infeasible   55               - 12901.1053      -  60.2 1232s
 796018 480779 13448.1511   60  244          - 12901.7424      -  60.2 1235s
 799997 482844 infeasible   91               - 12902.0000      -  60.2 1240s
 802195 485362 13460.0426   60  214          - 12902.0000      -  60.2 1245s
 806787 487392 13308.0000   46  348          - 12902.1514      -  60.2 1250s
 809656 489368 13430.6667   57  293          - 12902.1514      -  60.2 1255s
 812653 492677 13308.0000   41  302          - 12902.1514      -  60.2 1262s
 816197 493222 13408.0000   54  213          - 12902.1514      -  60.2 1266s
 817911 495015 14528.7874   81   72          - 12902.1514      -  60.2 1270s
 821263 496782 13308.0000   29  347          - 12902.1514      -  60.2 1275s
 823410 499059 13360.0000   51  307          - 12902.1699      -  60.3 1280s
 827445 501075 13674.1500   53  246          - 12902.3802      -  60.3 1285s
 831322 502994 14063.0792   57  251          - 12902.4543      -  60.3 1290s
 834286 504740 14090.0100   91   99          - 12902.4543      -  60.3 1295s
 836084 505824 13546.0000   55  294          - 12902.4800      -  60.3 1300s
 839638 508094 13468.1608   50  225          - 12902.7525      -  60.3 1305s
 842619 509930 infeasible   84               - 12903.0000      -  60.3 1310s
 846376 512034 14864.5606   71  122          - 12903.0000      -  60.3 1315s
 849801 514070 13515.7744   63  335          - 12904.0000      -  60.3 1320s
 853165 515767 13282.0000   45  394          - 12904.0000      -  60.3 1325s
 855096 516392 14645.4691   73  112          - 12904.0000      -  60.4 1330s
 857319 517758 infeasible   49               - 12904.0000      -  60.4 1335s
 859662 519779 13282.3989   38  398          - 12904.0000      -  60.4 1340s
 863765 522036 14225.3085   73  215          - 12904.0196      -  60.4 1345s
 867433 524393 14548.0000   66  201          - 12904.0196      -  60.4 1350s
 871454 526379 14907.4167  107   70          - 12904.4952      -  60.4 1355s
 874645 528878 14136.6872   47  139          - 12904.6058      -  60.4 1360s
 877542 530866 14444.6023   76  120          - 12904.6058      -  60.4 1365s
 881547 533329 14624.4647   74  139          - 12904.7144      -  60.4 1370s
 884642 534732 13328.6845   45  236          - 12905.0000      -  60.4 1375s
 888538 537110 13190.2007   55  286          - 12905.1514      -  60.4 1380s
 890404 538489 13161.4820   30  303          - 12905.1514      -  60.4 1385s
 893860 540641 13262.0000   30  424          - 12905.5000      -  60.4 1390s
 896684 543284 14742.2234   55  167          - 12906.0000      -  60.4 1396s
 899595 543849 14660.3244   69  135          - 12906.0000      -  60.4 1400s
 902675 545756 infeasible   67               - 12906.0000      -  60.5 1405s
 906810 547932 infeasible   75               - 12906.0000      -  60.4 1410s
 909514 549870 13177.9496   50  378          - 12906.0173      -  60.5 1415s
 912997 551840 13017.0000   43  280          - 12906.8370      -  60.5 1420s
 916808 553918 13666.0000   44  182          - 12907.0000      -  60.4 1425s
 920138 556115 13390.4370   45  308          - 12907.8100      -  60.5 1430s
 922098 556964 13965.0000   56  104          - 12908.0000      -  60.5 1435s
 925293 558863 infeasible  114               - 12908.0725      -  60.5 1440s
 927592 560657 12946.2640   52  235          - 12909.0000      -  60.5 1445s
 931383 562801 13243.3780   42  252          - 12909.0028      -  60.6 1450s
 934652 564254 infeasible   55               - 12910.0000      -  60.6 1455s
 937481 566012 infeasible   60               - 12910.0000      -  60.6 1460s
 940754 568128 13582.0000   65  204          - 12910.0000      -  60.6 1465s
 942655 568809 13298.0000   47  258          - 12910.0000      -  60.6 1470s
 945134 570714 14287.0000   67   91          - 12910.0000      -  60.7 1475s
 948848 572383 12981.6171   41  265          - 12910.0527      -  60.7 1480s
 950995 574499 13262.0000   38  355          - 12910.4163      -  60.7 1485s
 955144 576182 13456.0000   80  274          - 12911.0000      -  60.7 1490s
 957408 578047 14148.0013   62  134          - 12911.0443      -  60.7 1495s
 962584 580555 13262.0000   43  303          - 12912.0000      -  60.7 1500s
 964369 581844 13290.0000   50  308          - 12912.0000      -  60.7 1505s
 967399 583625 14164.4507   49  130          - 12912.0000      -  60.7 1510s
 970181 586387 13868.0000   60  183          - 12912.0446      -  60.7 1515s
 974648 587688 infeasible   56               - 12912.8181      -  60.7 1520s
 976909 589124 13291.0000   44  378          - 12913.0000      -  60.7 1525s
 978456 590219 13291.0000   37  341          - 12913.0000      -  60.8 1530s
 980985 592898 14154.6667   73  194          - 12913.0000      -  60.8 1536s
 984402 593859 infeasible   67               - 12913.0000      -  60.8 1540s
 987177 595609 13371.0000   60  265          - 12913.0000      -  60.8 1545s
 990649 597722 13291.0753   43  419          - 12913.0000      -  60.8 1550s
 993854 599771 13291.0000   51  298          - 12913.0000      -  60.9 1555s
 996322 601695 14101.9405   53  275          - 12913.0000      -  60.9 1560s
 1000502 603721 infeasible   62               - 12913.0196      -  60.9 1566s
 1002050 604838 13148.9051   44  408          - 12913.1514      -  60.9 1570s
 1006274 607454 14229.0000   56  227          - 12914.0000      -  60.9 1575s
 1009859 609994 13313.6720   44  356          - 12914.0000      -  60.9 1580s
 1012881 611759 14171.2342   66  210          - 12914.0000      -  60.9 1586s
 1015418 612889 13914.5906   58  269          - 12914.0000      -  60.9 1591s
 1016271 614310 14261.2370   64   96          - 12914.0000      -  60.9 1595s
 1020765 616309 13291.0000   40  348          - 12914.0025      -  60.9 1600s
 1023827 617857 infeasible   63               - 12914.8000      -  61.0 1605s
 1026018 619823 13427.0184   70  221          - 12915.0000      -  61.0 1610s
 1029548 621150 14388.0000   76  219          - 12915.0000      -  61.0 1615s
 1032650 622934 infeasible   39               - 12915.0000      -  61.1 1620s
 1034937 624121 infeasible   56               - 12915.2485      -  61.1 1626s
 1034970 626737 infeasible   57               - 12915.4188      -  61.1 1637s
 1040520 628393 infeasible   89               - 12916.0000      -  61.2 1640s
 1046041 631349 12958.0000   42  223          - 12916.0000      -  61.2 1645s
 1049524 633262 infeasible   73               - 12916.0000      -  61.2 1650s
 1051719 635156 13326.2520   48  328          - 12916.0000      -  61.2 1655s
 1055118 637111 13377.0000   40  351          - 12916.0000      -  61.2 1660s
 1057931 638808 13703.0000   56  225          - 12916.1667      -  61.2 1665s
 1061000 640167 13283.4929   51  302          - 12916.9714      -  61.3 1670s
 1061762 641093 14310.5942   62  275          - 12917.0000      -  61.3 1675s
 1065196 643078 infeasible   88               - 12917.0000      -  61.3 1680s
 1069185 645284 13271.0000   43  311          - 12917.0000      -  61.3 1685s
 1072297 647299 14728.0000   70  167          - 12917.0000      -  61.3 1690s
 1075170 649276 14682.0000   97   33          - 12917.0000      -  61.3 1695s
 1078655 652260 14502.0000   82   77          - 12917.0000      -  61.3 1701s
 1082480 653309 13411.0353   45  318          - 12917.0000      -  61.3 1705s
 1085248 655261 14694.4150   60  123          - 12917.3871      -  61.3 1710s
 1088904 658126 14280.5024   84  143          - 12918.0000      -  61.3 1716s
 1090812 658395 13599.0352   59  179          - 12918.0000      -  61.3 1720s
 1093644 660344 13491.0205   55  275          - 12918.2667      -  61.4 1725s
 1097404 662151 infeasible   41               - 12919.0000      -  61.3 1730s
 1100518 664098 13934.0000   58  138          - 12919.0886      -  61.3 1735s
 1104213 666305 14282.3499   70  208          - 12920.0000      -  61.3 1740s
 1107600 667975 13301.0000   30  345          - 12920.0000      -  61.3 1745s
 1110164 670670 13270.8055   40  327          - 12920.7100      -  61.4 1751s
 1113014 671000 13300.0000   44  354          - 12921.0000      -  61.3 1755s
 1115845 673044 13459.4582   62  198          - 12922.0000      -  61.3 1760s
 1119448 674801 14245.3032   61  275          - 12922.0000      -  61.3 1765s
 1123309 677147 13959.7500   62  150          - 12922.0000      -  61.3 1770s
 1125914 679202 13730.0000   78  157          - 12922.0000      -  61.4 1775s
 1130220 681304 13306.1667   39  276          - 12922.5386      -  61.3 1780s
 1133793 683288 infeasible   97               - 12923.0000      -  61.3 1785s
 1137306 685250 infeasible  105               - 12923.0000      -  61.3 1790s
 1140369 686820 infeasible   41               - 12923.0476      -  61.3 1795s
 1143829 688847 infeasible   71               - 12924.0000      -  61.3 1800s

Cutting planes:
  Learned: 61
  Gomory: 109
  Cover: 666
  Implied bound: 91
  Projected implied bound: 12
  Clique: 104
  MIR: 225
  StrongCG: 109
  Flow cover: 949
  GUB cover: 8
  Inf proof: 14
  Zero half: 5
  Network: 28
  RLT: 29
  Relax-and-lift: 45

Explored 1143973 nodes (70188662 simplex iterations) in 1800.00 seconds (2917.69 work units)
Thread count was 8 (of 8 available processors)

Solution count 0

Time limit reached
Best objective -, best bound 1.292400000000e+04, gap -

User-callback calls 2789447, time in user-callback 9.20 sec

Statistics for modelBBUP_W:
  Linear constraint matrix    : 12186 Constrs, 5181 Vars, 45968 NZs
  Variable types              : 1726 Continuous,
3455 Integer (649 Binary)
  Matrix coefficient range    : [ 1, 384 ]
  Objective coefficient range : [ 1, 384 ]
  Variable bound range        : [ 1, 199 ]
  RHS coefficient range       : [ 1, 14932.2 ]
