
Gurobi 10.0.1 (linux64) logging started Mon Apr  1 11:13:31 2024

Set parameter LogFile to value "/data/optimi/optimi/kombadon/drings/SBahn/s-bahn-data/scripts/DeniseMA/processed/BBUP_W/RINS/BBUP_W_202403312232_random0_0.6.log"
Gurobi Optimizer version 10.0.1 build v10.0.1rc0 (linux64)

CPU model: Intel(R) Xeon(R) CPU E3-1270 v6 @ 3.80GHz, instruction set [SSE2|AVX|AVX2]
Thread count: 4 physical cores, 8 logical processors, using up to 8 threads

Optimize a model with 12178 rows, 5181 columns and 45960 nonzeros
Model fingerprint: 0xde07aaa2
Variable types: 1726 continuous, 3455 integer (649 binary)
Coefficient statistics:
  Matrix range     [1e+00, 4e+02]
  Objective range  [1e+00, 4e+02]
  Bounds range     [1e+00, 2e+02]
  RHS range        [1e+00, 1e+04]

User MIP start did not produce a new incumbent solution
User MIP start violates constraint objective_cutoff by 150.830000000

Presolve removed 5633 rows and 1771 columns
Presolve time: 0.14s
Presolved: 6545 rows, 3410 columns, 25368 nonzeros
Variable types: 933 continuous, 2477 integer (2477 binary)

Root relaxation: objective 1.268804e+04, 2364 iterations, 0.02 seconds (0.02 work units)
Another try with MIP start

    Nodes    |    Current Node    |     Objective Bounds      |     Work
 Expl Unexpl |  Obj  Depth IntInf | Incumbent    BestBd   Gap | It/Node Time

     0     0 12688.0447    0  185          - 12688.0447      -     -    0s
     0     0 12707.1530    0  513          - 12707.1530      -     -    0s
     0     0 12707.1530    0  511          - 12707.1530      -     -    0s
     0     0 12750.5786    0  526          - 12750.5786      -     -    0s
     0     0 12750.5786    0  434          - 12750.5786      -     -    0s
     0     0 12755.4670    0  537          - 12755.4670      -     -    0s
     0     0 12755.4670    0  480          - 12755.4670      -     -    0s
     0     0 12757.1016    0  579          - 12757.1016      -     -    0s
     0     0 12757.1296    0  548          - 12757.1296      -     -    0s
     0     0 12757.2002    0  529          - 12757.2002      -     -    0s
     0     0 12757.2002    0  523          - 12757.2002      -     -    0s
     0     0 12757.2002    0  609          - 12757.2002      -     -    0s
     0     0 12757.2002    0  559          - 12757.2002      -     -    0s
     0     0 12757.2002    0  602          - 12757.2002      -     -    1s
     0     0 12757.2002    0  153          - 12757.2002      -     -    1s
     0     0 12757.2002    0  110          - 12757.2002      -     -    1s
     0     0 12757.2002    0  326          - 12757.2002      -     -    1s
     0     0 12758.1353    0  328          - 12758.1353      -     -    1s
     0     0 12758.1353    0  330          - 12758.1353      -     -    1s
     0     0 12767.0841    0  361          - 12767.0841      -     -    1s
     0     0 12767.6874    0  308          - 12767.6874      -     -    1s
     0     0 12767.8707    0  294          - 12767.8707      -     -    1s
     0     0 12767.8707    0  292          - 12767.8707      -     -    1s
     0     0 12770.7304    0  339          - 12770.7304      -     -    2s
     0     0 12771.3940    0  285          - 12771.3940      -     -    2s
     0     0 12771.9193    0  316          - 12771.9193      -     -    2s
     0     0 12771.9193    0  311          - 12771.9193      -     -    2s
     0     0 12773.9237    0  318          - 12773.9237      -     -    2s
     0     0 12774.3640    0  287          - 12774.3640      -     -    2s
     0     0 12774.3640    0  273          - 12774.3640      -     -    2s
     0     0 12775.2731    0  278          - 12775.2731      -     -    2s
     0     0 12775.2731    0  306          - 12775.2731      -     -    2s
     0     0 12775.2731    0  318          - 12775.2731      -     -    2s
     0     0 12775.2731    0  299          - 12775.2731      -     -    2s
     0     0 12775.2731    0  157          - 12775.2731      -     -    2s
     0     0 12775.2731    0  224          - 12775.2731      -     -    2s
     0     0 12775.2731    0  189          - 12775.2731      -     -    2s
     0     0 12775.2731    0  255          - 12775.2731      -     -    2s
     0     0 12775.2731    0  150          - 12775.2731      -     -    2s
     0     0 12775.2731    0  131          - 12775.2731      -     -    2s
     0     2 12775.2731    0  112          - 12775.2731      -     -    3s
  1042   773 12906.0000   15  364          - 12795.0000      -  19.4    5s
  3591  2073 12963.0000   28  178          - 12804.0000      -  32.7   10s
 10338  6686 infeasible   87               - 12804.0000      -  28.4   15s
 16476 11093 12878.0000   30  279          - 12806.6471      -  27.2   20s
 20920 13635 infeasible   74               - 12806.6471      -  27.3   29s
 20996 16012 12870.0000   65  225          - 12806.6471      -  27.4   31s
 26853 18030 13009.0000   33  318          - 12813.6083      -  28.2   35s
 31340 22887 14055.0000   97  159          - 12818.3414      -  29.1   40s
 37709 25565 13069.0000   40  287          - 12823.2857      -  30.0   45s
 43672 29452 13334.0000   70  109          - 12833.6083      -  30.2   50s
 49369 33410 13480.0000   51  197          - 12845.6083      -  30.5   55s
 51989 35969 14003.0000   78   99          - 12850.6444      -  30.7   60s
 59317 40134 12939.0000   54  228          - 12863.6083      -  31.0   65s
 63681 43433 13131.0000   63  195          - 12868.0829      -  31.8   70s
 68603 46736 13213.0000   49  234          - 12869.0000      -  32.3   75s
 74722 50358 13107.6326   57  228          - 12869.0000      -  32.6   80s
 77342 52247 13796.0000   55  138          - 12869.0000      -  33.0   85s
 82728 55814 infeasible  108               - 12869.0000      -  33.3   90s
 88420 59490 infeasible   56               - 12869.0000      -  33.7   95s
 93356 63058 13757.0000   94  138          - 12869.0000      -  34.0  100s
 97139 65192 14333.1032   56  140          - 12869.0000      -  34.3  105s
 101487 67932 13852.6923   53  152          - 12869.0000      -  34.7  110s
 103997 71688 13476.0000   47  268          - 12869.0000      -  35.0  115s
 109695 72901 infeasible   42               - 12869.0000      -  35.3  120s
 113597 75248 12886.0000   33  308          - 12869.0000      -  35.8  125s
 117853 77938 12893.9355   44  354          - 12869.0000      -  36.2  130s
 121386 80594 13965.0000   73   98          - 12869.0000      -  36.9  135s
 125520 84717 12991.7879   55  277          - 12869.0000      -  37.4  143s
 128582 84725 13977.1041   92   83          - 12869.0000      -  38.0  145s
 130774 86291 12958.2704   40  267          - 12869.0000      -  38.4  150s
 134506 88604 13203.0000   77  121          - 12869.0000      -  38.9  155s
 137945 91262 12939.9675   57  297          - 12869.0000      -  39.5  160s
 141613 93701 12938.2248   55  297          - 12869.0000      -  40.0  165s
 145689 96402 13656.8439   72  130          - 12869.0000      -  40.4  170s
 149290 98710 13029.2704   42  267          - 12869.0000      -  40.7  175s
 152332 100455 13281.3649   44  376          - 12869.0000      -  41.0  180s
 156321 102818 14143.0000   66   98          - 12869.0000      -  41.4  185s
 160412 105256 infeasible   79               - 12869.0000      -  41.8  190s
 163578 107126 infeasible   49               - 12869.0000      -  42.1  195s
 167103 109281 infeasible   70               - 12869.0000      -  42.5  200s
 171518 111983 infeasible   57               - 12869.0000      -  42.7  205s
 175243 114760 13634.4838   69  120          - 12869.0000      -  42.9  210s
 177774 116124 12871.2704   49  334          - 12869.0000      -  43.0  215s
 181855 118702 13740.6787   74  163          - 12869.0000      -  43.3  220s
 185141 121173 13001.2704   31  265          - 12869.0000      -  43.6  225s
 188751 124370 12903.2704   27  371          - 12869.0000      -  43.9  231s
 192929 125735 infeasible   59               - 12869.0000      -  44.1  236s
 195298 127925 14109.3554   63  155          - 12869.0000      -  44.3  240s
 199872 130896 13347.0074   63  164          - 12869.0000      -  44.5  245s
 203978 133123 infeasible   50               - 12869.0000      -  44.7  250s
 206471 134709 12983.2704   31  325          - 12869.0000      -  44.8  255s
 209687 138411 13415.1970   51  179          - 12869.0000      -  45.0  261s
 213728 139962 13338.8711   60  240          - 12869.0000      -  45.3  265s
 218042 142373 infeasible   63               - 12869.0000      -  45.5  270s
 222111 145112 13274.5378   76  198          - 12869.0000      -  45.6  275s
 225673 147542 13031.2704   59  271          - 12869.0000      -  45.7  281s
 228433 149472 12871.2704   50  317          - 12869.0000      -  45.9  285s
 232576 151931 13041.2704   67  242          - 12869.0000      -  46.0  290s
 235371 153575 infeasible   87               - 12869.0000      -  46.2  295s
 239771 156508 infeasible   53               - 12869.0000      -  46.3  300s
 241534 157786 infeasible  132               - 12869.0000      -  46.5  305s
 244654 160269 12893.1449   50  310          - 12869.0000      -  46.7  310s
 249235 162603 infeasible   74               - 12869.0000      -  46.7  315s
 252739 165858 13747.0000   67   72          - 12869.0000      -  46.9  320s
 257267 167966 12879.9380   52  510          - 12869.0000      -  47.0  325s
 260528 170279 12913.2704   31  341          - 12869.0000      -  47.2  330s
 262838 173689 14462.6704   63  149          - 12869.0000      -  47.1  342s
 268469 175703 12941.0830   70  330          - 12869.0000      -  47.6  345s
 273421 179222 13053.2704   38  341          - 12869.0000      -  47.6  350s
 278398 181374 13838.6087   84  189          - 12869.0000      -  47.8  355s
 282076 183515 13043.9852   54  199          - 12869.0000      -  47.9  360s
 286797 186121 14516.0000  112   36          - 12869.0000      -  48.0  366s
 288637 187463 13020.2704   47  313          - 12869.0000      -  48.0  370s
 292305 190166 13149.4147   40  314          - 12869.0000      -  48.1  375s
 296820 192597 13316.3578   52  257          - 12869.0000      -  48.2  380s
 299594 194983 13123.7058   46  368          - 12869.0000      -  48.3  385s
 303572 196970 13710.0589   91  110          - 12869.0000      -  48.4  390s
 304848 199896 13032.2704   50  332          - 12869.0000      -  48.4  396s
 309267 200397 12882.2704   31  430          - 12869.0000      -  48.6  400s
 313141 202818 13294.1415   49  224          - 12869.0821      -  48.7  405s
 317196 205568 13425.3717   78  114          - 12869.5714      -  48.7  410s
 321745 208348 13187.0752   40  259          - 12870.0000      -  48.7  415s
 325232 210444 13732.0720   98  208          - 12870.0000      -  48.8  420s
 328094 212095 13123.3180   59  282          - 12870.0000      -  48.9  425s
 332094 214821 13632.3609   85  145          - 12870.0000      -  48.9  430s
 335629 217338 13455.6942   60  230          - 12870.0000      -  49.0  435s
 339064 219506 13382.5697   47  339          - 12870.0000      -  49.1  440s
 342659 222019 13022.2704   59  277          - 12870.0000      -  49.2  445s
 346572 224054 13020.6190   47  216          - 12870.0000      -  49.2  450s
 350175 226593 13887.6323   72  158          - 12870.0000      -  49.3  456s
 352931 228564 13022.2704   32  393          - 12870.0000      -  49.4  460s
 356451 230882 13139.7684   48  201          - 12870.0000      -  49.5  465s
 359258 233312 13802.7995   84  103          - 12870.0000      -  49.6  470s
 363434 235519 13022.2704   43  346          - 12870.0000      -  49.7  475s
 367449 238163 12872.2704   51  240          - 12870.0000      -  49.8  480s
 368358 240297 12965.2704   38  333          - 12870.0000      -  49.8  488s
 372629 242262 13092.6990   62  252          - 12870.0000      -  50.0  491s
 377641 244778 13241.5904   51  221          - 12870.0000      -  50.0  495s
 381929 247761 12924.6094   56  222          - 12870.0000      -  50.0  500s
 385576 249646 13570.0000   92  112          - 12870.0000      -  50.0  506s
 388215 251860 13429.3109   82  211          - 12870.0000      -  50.1  510s
 392548 254509 14074.0000   60  177          - 12870.0000      -  50.0  515s
 397155 257217 infeasible   75               - 12870.0000      -  50.0  520s
 401968 260331 12872.2704   47  363          - 12870.0000      -  50.1  525s
 404684 262757 13127.7456   78  220          - 12870.0000      -  50.1  530s
 409689 265623 infeasible   83               - 12870.0000      -  50.1  535s
 413640 267795 13822.4857   83  133          - 12871.0000      -  50.1  540s
 417369 269987 13057.2704   37  329          - 12871.0000      -  50.2  546s
 420036 271717 13092.1532   69  241          - 12871.2704      -  50.2  550s
 424663 274437 12923.3329   41  350          - 12871.2704      -  50.2  555s
 428282 277195 12929.1946   31  355          - 12871.2704      -  50.2  560s
 431801 279201 13025.3329   61  259          - 12871.2704      -  50.3  565s
 436202 282352 12965.4398   32  390          - 12871.2704      -  50.3  570s
 438434 283541 12968.7585   38  355          - 12871.2704      -  50.3  575s
 442287 285812 12871.3329   41  337          - 12871.2704      -  50.3  580s
 446539 288804 12977.7585   47  357          - 12871.2704      -  50.3  585s
 451338 291491 12977.3329   47  321          - 12871.2704      -  50.3  590s
 453563 293328 13738.2273   68  172          - 12871.2704      -  50.3  596s
 457517 295630 14530.0000   78   91          - 12871.2704      -  50.3  600s
 461075 298416 13672.3647   64  196          - 12871.2704      -  50.3  605s
 465170 300575 infeasible   51               - 12871.2704      -  50.3  610s
 469057 303066 infeasible  103               - 12871.2704      -  50.4  615s
 473169 305883 13021.3329   47  365          - 12871.2704      -  50.4  620s
 476413 307695 infeasible   73               - 12871.2704      -  50.3  625s
 479470 309897 13021.3329   40  265          - 12871.2704      -  50.3  630s
 482959 312801 12879.3329   44  222          - 12871.2704      -  50.4  635s
 486985 315357 12952.8530   54  414          - 12871.2704      -  50.3  640s
 491894 318072 infeasible   96               - 12871.2704      -  50.3  645s
 495690 321074 13134.7585   25  396          - 12871.2704      -  50.3  650s
 499829 323249 infeasible   83               - 12871.2704      -  50.3  655s
 503150 325224 infeasible   55               - 12871.2704      -  50.3  660s
 505731 327116 12871.3329   33  233          - 12871.2704      -  50.4  665s
 509334 330012 13012.1688   61  194          - 12871.2704      -  50.4  670s
 514223 332547 12871.3329   33  282          - 12871.2704      -  50.3  675s
 518436 335130 12871.3329   31  263          - 12871.2704      -  50.3  680s
 522278 338047 14030.0000   73  126          - 12871.2704      -  50.4  685s
 526683 341038 14496.6154   95   75          - 12871.2704      -  50.4  690s
 528671 342060 13411.7226   57  180          - 12871.2704      -  50.4  695s
 533076 344884 13061.3329   52  371          - 12871.2704      -  50.3  700s
 537597 347359 12871.3329   53  233          - 12871.2704      -  50.3  705s
 542150 350132 13002.8570   61  235          - 12871.2704      -  50.3  710s
 544704 351799 infeasible   73               - 12871.2704      -  50.3  715s
 548268 355026 13890.1372   68  161          - 12871.2704      -  50.3  720s
 553789 357418 infeasible   98               - 12871.2704      -  50.2  725s
 557410 360044 13582.2812   63   98          - 12871.2704      -  50.2  730s
 560395 361573 12871.3329   43  305          - 12871.2704      -  50.2  735s
 563542 363990 13055.3329   54  268          - 12871.2704      -  50.2  740s
 567824 366644 13561.6467   50  284          - 12871.2704      -  50.2  745s
 571765 369383 12932.3880   47  320          - 12871.2704      -  50.2  750s
 576590 371954 12914.1336   47  300          - 12871.2704      -  50.2  755s
 581552 374737 12871.3329   46  367          - 12871.2704      -  50.2  760s
 585336 377434 13546.0785   73  222          - 12871.2704      -  50.2  765s
 589177 379628 infeasible   44               - 12871.2704      -  50.2  771s
 590328 381507 14326.0000   86  152          - 12871.2704      -  50.2  775s
 595303 384033 13509.5000   44  234          - 12871.2704      -  50.2  780s
 600146 386952 12871.3329   29  400          - 12871.2704      -  50.2  785s
 603653 389533 13035.9052   51  325          - 12871.2704      -  50.2  790s
 608413 392785 12998.2933   48  278          - 12871.2704      -  50.2  795s
 610513 395798 13684.7148   68  193          - 12871.2704      -  50.2  800s
 617028 397951 infeasible   74               - 12871.2704      -  50.2  805s
 619201 399974 13021.0612   68  201          - 12871.2704      -  50.2  810s
 623975 402695 infeasible   62               - 12871.2704      -  50.1  815s
 627705 405661 13317.8709   59  236          - 12871.2704      -  50.1  820s
 632195 409525 13771.3765   84  115          - 12871.2704      -  50.1  826s
 637022 411064 13329.3379   61  228          - 12871.2704      -  50.1  830s
 638768 412628 14543.9580   70  105          - 12871.2704      -  50.1  835s
 643138 415985 12871.3329   35  341          - 12871.2704      -  50.1  841s
 648384 418713 13880.8288   50  214          - 12871.2704      -  50.0  845s
 653089 421432 13196.3329   50  171          - 12871.2704      -  50.0  850s
 657287 423942 14109.4753   87  113          - 12871.2704      -  50.0  855s
 661226 426458 infeasible   42               - 12871.2704      -  50.0  860s
 664517 428858 14182.7242   65  146          - 12871.2704      -  50.0  865s
 667875 430918 13283.7585   45  204          - 12871.2704      -  50.0  870s
 671484 433322 13279.0000   62  148          - 12871.2704      -  50.1  875s
 675806 435696 infeasible   80               - 12871.2704      -  50.1  880s
 680130 438753 12871.6197   53  265          - 12871.2704      -  50.1  885s
 682377 440261 13157.6061   63  191          - 12871.2704      -  50.0  890s
 686803 442972 14137.0000   97   69          - 12871.2704      -  50.0  895s
 691242 445569 infeasible   80               - 12871.2704      -  50.0  900s
 695211 448218 infeasible   42               - 12871.2704      -  50.1  905s
 699149 450663 13021.3329   75  331          - 12871.2704      -  50.0  910s
 702331 453279 infeasible   78               - 12871.2704      -  50.0  915s
 706614 456124 13040.5628   39  252          - 12871.2704      -  50.0  920s
 711055 458675 13013.3329   31  333          - 12871.2704      -  50.0  925s
 713198 460084 infeasible   92               - 12871.2704      -  50.0  930s
 716237 463345 12900.3329   51  283          - 12871.2704      -  50.1  935s
 721819 465800 infeasible   63               - 12871.2704      -  50.0  940s
 726083 468965 13642.0007   98   97          - 12871.2704      -  50.0  945s
 730485 471511 14153.0000   90   78          - 12871.2704      -  50.0  950s
 735006 474865 13913.0000   82  100          - 12871.2704      -  50.0  955s
 739308 477413 12871.3329   69  248          - 12871.2704      -  50.0  960s
 741783 478589 13137.2598   48  267          - 12871.2704      -  50.0  965s
 745490 481469 12871.3329   64  238          - 12871.2704      -  50.0  970s
 750347 484026 13233.1336   69  184          - 12871.2704      -  50.0  975s
 754457 486846 13379.0404   62  234          - 12871.2704      -  50.0  980s
 757917 489100 infeasible   87               - 12871.2704      -  50.0  985s
 761688 491917 13216.1949   56  212          - 12871.2704      -  50.0  990s
 766498 494399 13548.2610   92  227          - 12871.2704      -  50.0  995s
 769812 496283 12929.3329   50  357          - 12871.2704      -  50.0 1001s
 769829 499201 12929.3329   51  373          - 12871.2704      -  50.0 1011s
 776529 501686 13197.3329   36  292          - 12871.2704      -  50.1 1015s
 782452 504996 14036.3041   68  136          - 12871.2704      -  50.1 1020s
 786836 507930 13119.8054   55  102          - 12871.2704      -  50.1 1025s
 791119 511334 14267.0000   42  217          - 12871.2704      -  50.1 1030s
 795789 513432 13256.0516   48  230          - 12871.2704      -  50.1 1035s
 800100 516132 13104.8862   41  313          - 12871.2704      -  50.1 1040s
 804565 518799 13479.0399   55  273          - 12871.2704      -  50.1 1045s
 806924 520848 14450.1260   68  140          - 12871.2704      -  50.0 1050s
 811789 523740 13031.7081   56  384          - 12871.2704      -  50.0 1055s
 815569 526415 12877.4380   70  342          - 12871.2704      -  50.0 1060s
 819526 528932 13784.0000   67  105          - 12871.2704      -  50.1 1065s
 822625 533190 12881.3329   52  296          - 12871.2704      -  50.0 1077s
 828040 534793 13829.6454   75  219          - 12871.2704      -  50.1 1080s
 833325 539517 13828.0476   65  130          - 12871.2704      -  50.1 1086s
 838323 541045 14324.9758   35  342          - 12871.2704      -  50.1 1090s
 841682 542775 13025.3212   39  272          - 12871.2704      -  50.1 1095s
 847100 546221 infeasible   66               - 12871.2704      -  50.0 1100s
 851296 548890 12871.6864   57  323          - 12871.2754      -  50.0 1105s
 852963 549689 12953.3329   66  263          - 12871.2897      -  50.0 1110s
 857779 552587 13433.6060   81  204          - 12871.3206      -  50.0 1115s
 861277 555091 13775.0000   84  103          - 12871.3329      -  50.0 1120s
 864788 557373 13529.9153   61  156          - 12871.3329      -  50.0 1125s
 868783 559356 12998.4729   61  218          - 12871.3329      -  50.0 1130s
 872592 561759 infeasible   76               - 12871.3329      -  50.0 1135s
 875902 563686 infeasible   51               - 12871.3329      -  50.1 1140s
 879472 566525 13141.0000   68  216          - 12871.3329      -  50.1 1145s
 883367 568323 13972.7350   57  234          - 12871.3329      -  50.1 1150s
 885837 570094 13019.8054   55  331          - 12871.3329      -  50.2 1155s
 889323 571703 12913.0867   32  351          - 12871.3329      -  50.2 1161s
 890338 573100 13325.0000   65   79          - 12871.3329      -  50.3 1165s
 893279 574835 13368.1764   41  274          - 12871.3329      -  50.3 1170s
 897051 576956 14143.8378   63  169          - 12871.3329      -  50.3 1175s
 899642 578875 13651.1561   57  124          - 12871.3329      -  50.4 1180s
 903106 580898 13384.2124   80  168          - 12871.3329      -  50.4 1185s
 906647 582664 13808.1323   59  248          - 12871.3329      -  50.4 1190s
 907831 585093 13029.4874   63  282          - 12871.3329      -  50.5 1196s
 912404 586372 infeasible   57               - 12871.3329      -  50.5 1200s
 914699 588346 12889.0000   62  319          - 12871.3329      -  50.6 1205s
 918523 589937 14595.0000   94  133          - 12871.3329      -  50.6 1210s
 921294 592001 13292.0000   75  220          - 12871.3329      -  50.6 1215s
 924856 593617 13122.0478   83  237          - 12871.3329      -  50.7 1220s
 928466 595987 infeasible   72               - 12871.3329      -  50.7 1225s
 928957 597682 12873.5288   70  356          - 12871.3329      -  50.7 1234s
 931263 598730 13102.7442   80  256          - 12871.3329      -  50.8 1236s
 935367 600605 infeasible   68               - 12871.3329      -  50.8 1240s
 939225 602685 infeasible   68               - 12871.3329      -  50.8 1245s
 942236 604585 13275.5265   59  125          - 12871.3329      -  50.8 1250s
 945680 606775 13468.9508   54  236          - 12871.3329      -  50.9 1255s
 948642 608617 infeasible   53               - 12871.3329      -  50.9 1260s
 949722 609775 14210.6656   87   99          - 12871.3329      -  51.0 1265s
 953184 612060 13982.4823   79  218          - 12871.3329      -  51.0 1270s
 956072 613791 14111.0000   96  125          - 12871.3329      -  51.0 1275s
 958928 615659 14678.0000   90   13          - 12871.3329      -  51.1 1280s
 962218 618047 13879.5081   86  132          - 12871.3329      -  51.1 1286s
 964735 619492 14439.0000   93   53          - 12871.3329      -  51.2 1290s
 967957 620918 12904.3329   43  351          - 12871.3329      -  51.2 1296s
 969601 622223 13574.8054   75  207          - 12871.3329      -  51.2 1300s
 971077 624093 12969.6428   65  320          - 12871.3329      -  51.3 1305s
 975604 626015 13117.4128   61  289          - 12871.3329      -  51.3 1310s
 978105 627592 13595.3329   48  202          - 12871.3329      -  51.4 1315s
 980665 629576 13798.2826   73  176          - 12871.3329      -  51.4 1320s
 983917 631512 13730.1417   58  265          - 12871.3329      -  51.5 1325s
 987760 633601 13085.3329   43  327          - 12871.3329      -  51.5 1330s
 989914 634880 infeasible   69               - 12871.3329      -  51.5 1335s
H990145 498929                    14050.000000 12871.3329  8.39%  51.5 1336s
H990286 492496                    14017.000000 12871.3329  8.17%  51.6 1337s
H990318 489388                    14001.000000 12871.3329  8.07%  51.6 1337s
 990723 489643 12871.3329   52  320 14001.0000 12871.3329  8.07%  51.6 1340s
H991354 489523                    13999.000000 12871.3329  8.06%  51.6 1341s
H991622 489547                    13997.000000 12871.3329  8.04%  51.7 1343s
H991767 489480                    13996.999996 12871.3329  8.04%  51.7 1343s
H991923 488038                    13990.000000 12871.3329  8.00%  51.7 1343s
 992311 488647 13857.4072   39  418 13990.0000 12871.3329  8.00%  51.7 1349s
 993434 489135 12988.8689   58  345 13990.0000 12871.3329  8.00%  51.8 1351s
 994742 489846     cutoff   48      13990.0000 12871.3329  8.00%  51.8 1356s
H995764 489669                    13988.000000 12871.3329  7.98%  51.9 1359s
 996000 490375 13632.2414   56  133 13988.0000 12871.3329  7.98%  51.9 1362s
 997471 490700 13180.5578   36  303 13988.0000 12871.3329  7.98%  52.0 1366s
H997568 490644                    13987.999996 12871.3329  7.98%  52.0 1366s
 998254 491050 12871.3329   43  306 13988.0000 12871.3329  7.98%  52.0 1371s
 999123 491568 13609.7932   83  181 13988.0000 12871.3329  7.98%  52.1 1377s
 999893 491947 12968.7585   34  352 13988.0000 12871.3329  7.98%  52.1 1382s
 1000272 492506 12971.3151   56  329 13988.0000 12871.3329  7.98%  52.2 1385s
 1001723 492877 12959.2400   46  292 13988.0000 12871.3329  7.98%  52.2 1391s
 1002588 493113     cutoff   54      13988.0000 12871.3329  7.98%  52.3 1396s
 1002625 494431 13048.3329   50  311 13988.0000 12871.3329  7.98%  52.3 1409s
 1004081 494431 infeasible   44      13988.0000 12871.3329  7.98%  52.4 1410s
 1006467 495451 infeasible   59      13988.0000 12871.3329  7.98%  52.5 1416s
H1007213 495691                    13987.999885 12871.3329  7.98%  52.6 1419s
 1007657 495854 12871.4102   43  387 13987.9999 12871.3329  7.98%  52.6 1423s
 1007941 495952 infeasible   58      13987.9999 12871.3329  7.98%  52.6 1427s
 1008142 496136 13312.7245   56  287 13987.9999 12871.3329  7.98%  52.6 1430s
 1008875 496580 13730.5773   69  228 13987.9999 12871.3329  7.98%  52.7 1438s
 1009320 496827     cutoff   51      13987.9999 12871.3329  7.98%  52.7 1442s
 1009811 497111 12917.6263   33  397 13987.9999 12871.3329  7.98%  52.8 1445s
 1010840 497782 13500.1800   71  237 13987.9999 12871.3329  7.98%  52.9 1453s
 1011475 498012 12929.2626   54  398 13987.9999 12871.3329  7.98%  52.9 1457s
 1011907 498243 12961.7113   51  521 13987.9999 12871.3329  7.98%  53.0 1461s
 1012366 498627 13263.2169   42  362 13987.9999 12871.3329  7.98%  53.0 1465s
 1013141 500680 12926.4800   49  440 13987.9999 12871.3329  7.98%  53.1 1489s
 1017145 501297 13229.7094   68  324 13987.9999 12871.3329  7.98%  53.4 1493s
 1018349 501766 13048.2765   49  330 13987.9999 12871.3329  7.98%  53.5 1497s
 1019176 501963 infeasible   56      13987.9999 12871.3329  7.98%  53.5 1500s
 1019899 502321 infeasible   52      13987.9999 12871.3329  7.98%  53.6 1507s
 1020352 502343 13301.8439   41  237 13987.9999 12871.3329  7.98%  53.6 1511s
 1020386 502371     cutoff   47      13987.9999 12871.3329  7.98%  53.6 1515s
 1020430 502392     cutoff   54      13987.9999 12871.3329  7.98%  53.6 1520s
 1020863 502810 infeasible   48      13987.9999 12871.3329  7.98%  53.7 1527s
 1021457 503020 13869.8517   47  270 13987.9999 12871.3329  7.98%  53.7 1531s
 1022006 503218 infeasible   43      13987.9999 12871.3329  7.98%  53.7 1535s
 1022973 503661 13022.8764   43  334 13987.9999 12871.3329  7.98%  53.8 1543s
 1023536 504279 infeasible   69      13987.9999 12871.3329  7.98%  53.9 1549s
 1024571 504434 13732.1485   67  189 13987.9999 12871.3329  7.98%  54.0 1552s
 1024961 504806 12871.3329   29  300 13987.9999 12871.3329  7.98%  54.0 1556s
 1025707 505097 13027.8500   46  366 13987.9999 12871.3329  7.98%  54.1 1560s
 1026940 505848 13723.9289   36  297 13987.9999 12871.3329  7.98%  54.2 1568s
 1027642 506185 13217.0467   50  360 13987.9999 12871.3329  7.98%  54.2 1572s
 1028354 506434 13589.3329   42  228 13987.9999 12871.3329  7.98%  54.3 1575s
 1029433 506839 13307.2603   52  350 13987.9999 12871.3329  7.98%  54.4 1583s
 1029937 507124 13037.7640   46  418 13987.9999 12871.3329  7.98%  54.4 1587s
 1030495 507821 13137.1350   45  307 13987.9999 12871.3329  7.98%  54.5 1591s
 1031954 508092 13532.1723   60  337 13987.9999 12871.3329  7.98%  54.5 1595s
 1032953 508512 13059.2736   42  356 13987.9999 12871.3329  7.98%  54.6 1602s
 1033399 508919 12913.1582   40  461 13987.9999 12871.3329  7.98%  54.7 1605s
H1033752 508919                    13987.999851 12871.3329  7.98%  54.7 1605s
 1034297 509412 13377.4450   47  315 13987.9999 12871.3329  7.98%  54.7 1612s
 1035257 510028 12929.3329   37  408 13987.9999 12871.3329  7.98%  54.8 1616s
 1036898 510384 13103.9361   29  322 13987.9999 12871.3329  7.98%  54.9 1622s
 1037293 510627 12944.1777   56  373 13987.9999 12871.3329  7.98%  55.0 1626s
 1038524 511130 13046.2151   62  360 13987.9999 12871.3329  7.98%  55.1 1632s
 1038814 511313 13384.2652   48  151 13987.9999 12871.3329  7.98%  55.1 1636s
 1039627 511673 13013.1967   38  464 13987.9999 12871.3329  7.98%  55.2 1643s
 1040035 511926 13509.3212   66  265 13987.9999 12871.3329  7.98%  55.2 1647s
 1040513 512147 13606.4168   66  269 13987.9999 12871.3329  7.98%  55.3 1651s
 1041002 512323 infeasible   50      13987.9999 12871.3329  7.98%  55.3 1655s
 1041843 512704 13724.5614   51  255 13987.9999 12871.3329  7.98%  55.4 1663s
 1042494 512976 13412.3367   47  270 13987.9999 12871.3329  7.98%  55.5 1667s
 1043047 513217 13601.6469   38  301 13987.9999 12871.3329  7.98%  55.5 1671s
 1043585 513483 13389.0000   47  354 13987.9999 12871.3329  7.98%  55.6 1675s
 1044230 514007 13853.7452   58  210 13987.9999 12871.3329  7.98%  55.7 1680s
 1045357 514545 infeasible   51      13987.9999 12871.3329  7.98%  55.7 1687s
 1046355 515104 13196.7434   44  427 13987.9999 12871.3329  7.98%  55.8 1690s
 1047801 515489 12901.0792   49  328 13987.9999 12871.3329  7.98%  55.9 1697s
 1048183 515731 13346.7929   57  306 13987.9999 12871.3329  7.98%  56.0 1701s
 1049223 516321 12948.8074   57  407 13987.9999 12871.3329  7.98%  56.0 1708s
 1049940 516827 13332.7191   49  269 13987.9999 12871.3329  7.98%  56.1 1714s
 1050956 517074 13600.3251   54  181 13987.9999 12871.3329  7.98%  56.2 1717s
 1051548 517321 12966.4104   45  357 13987.9999 12871.3329  7.98%  56.2 1721s
 1052029 517578 13259.0207   49  384 13987.9999 12871.3329  7.98%  56.2 1725s
 1053071 518001 12983.0000   52  365 13987.9999 12871.3329  7.98%  56.3 1732s
 1053567 518235 13945.7611   59  336 13987.9999 12871.3329  7.98%  56.4 1735s
 1054520 518640 13101.5035   53  248 13987.9999 12871.3329  7.98%  56.5 1743s
 1054953 518794     cutoff   43      13987.9999 12871.3329  7.98%  56.6 1747s
 1055344 519050 13112.2219   54  329 13987.9999 12871.3329  7.98%  56.6 1751s
 1055827 520841     cutoff   50      13987.9999 12871.3329  7.98%  56.6 1778s
 1059831 521345 13167.7005   54  272 13987.9999 12871.3329  7.98%  57.1 1782s
 1060770 521506 infeasible   50      13987.9999 12871.3329  7.98%  57.1 1786s
 1061149 521708 12875.8415   34  528 13987.9999 12871.3329  7.98%  57.2 1790s
H1061350 521708                    13987.999801 12871.3329  7.98%  57.2 1790s
 1061576 521919 infeasible   56      13987.9998 12871.3329  7.98%  57.2 1795s
 1062523 522159 13460.4278   52  245 13987.9998 12871.3329  7.98%  57.3 1800s

Cutting planes:
  Learned: 113
  Gomory: 174
  Cover: 1506
  Implied bound: 324
  Projected implied bound: 18
  Clique: 152
  MIR: 496
  StrongCG: 135
  Flow cover: 2343
  GUB cover: 6
  Inf proof: 17
  Zero half: 18
  Network: 20
  RLT: 43
  Relax-and-lift: 99

Explored 1062527 nodes (60878941 simplex iterations) in 1800.02 seconds (2895.22 work units)
Thread count was 8 (of 8 available processors)

Solution count 10: 13988 13988 13988 ... 14001

Time limit reached
Best objective 1.398799980144e+04, best bound 1.287133293808e+04, gap 7.9830%

User-callback calls 2670845, time in user-callback 8.67 sec

Statistics for modelBBUP_W:
  Linear constraint matrix    : 12178 Constrs, 5181 Vars, 45960 NZs
  Variable types              : 1726 Continuous,
3455 Integer (649 Binary)
  Matrix coefficient range    : [ 1, 384 ]
  Objective coefficient range : [ 1, 384 ]
  Variable bound range        : [ 1, 199 ]
  RHS coefficient range       : [ 1, 14932.2 ]
