
Gurobi 10.0.1 (linux64) logging started Mon Apr  1 08:48:54 2024

Set parameter LogFile to value "/data/optimi/optimi/kombadon/drings/SBahn/s-bahn-data/scripts/DeniseMA/processed/BBUP_W/RINS/BBUP_W_202403312232_random0_0.9.log"
Gurobi Optimizer version 10.0.1 build v10.0.1rc0 (linux64)

CPU model: Intel(R) Xeon(R) CPU E3-1270 v6 @ 3.80GHz, instruction set [SSE2|AVX|AVX2]
Thread count: 4 physical cores, 8 logical processors, using up to 8 threads

Optimize a model with 12186 rows, 5181 columns and 45968 nonzeros
Model fingerprint: 0xf3118159
Variable types: 1726 continuous, 3455 integer (649 binary)
Coefficient statistics:
  Matrix range     [1e+00, 4e+02]
  Objective range  [1e+00, 4e+02]
  Bounds range     [1e+00, 2e+02]
  RHS range        [1e+00, 1e+04]

User MIP start did not produce a new incumbent solution
User MIP start violates constraint objective_cutoff by 150.830000000

Presolve removed 5695 rows and 1800 columns
Presolve time: 0.13s
Presolved: 6491 rows, 3381 columns, 25267 nonzeros
Variable types: 929 continuous, 2452 integer (2452 binary)

Root relaxation: objective 1.268804e+04, 2345 iterations, 0.02 seconds (0.02 work units)
Another try with MIP start

    Nodes    |    Current Node    |     Objective Bounds      |     Work
 Expl Unexpl |  Obj  Depth IntInf | Incumbent    BestBd   Gap | It/Node Time

     0     0 12688.0447    0  128          - 12688.0447      -     -    0s
     0     0 12706.3550    0  506          - 12706.3550      -     -    0s
     0     0 12706.3550    0  468          - 12706.3550      -     -    0s
     0     0 12795.2796    0  516          - 12795.2796      -     -    0s
     0     0 12795.2796    0  569          - 12795.2796      -     -    0s
     0     0 12795.3758    0  518          - 12795.3758      -     -    0s
     0     0 12795.3758    0  481          - 12795.3758      -     -    0s
     0     0 12795.3909    0  516          - 12795.3909      -     -    0s
     0     0 12795.3909    0  137          - 12795.3909      -     -    0s
     0     0 12795.3909    0  129          - 12795.3909      -     -    1s
     0     0 12795.3909    0  305          - 12795.3909      -     -    1s
     0     0 12795.3909    0  286          - 12795.3909      -     -    1s
     0     0 12795.3909    0  287          - 12795.3909      -     -    1s
     0     0 12795.3909    0  297          - 12795.3909      -     -    1s
     0     0 12795.3909    0  282          - 12795.3909      -     -    1s
     0     0 12795.3934    0  310          - 12795.3934      -     -    1s
     0     0 12795.3934    0  151          - 12795.3934      -     -    1s
     0     2 12795.3934    0  131          - 12795.3934      -     -    2s
  1089   879 13026.0000   68  298          - 12869.0000      -  22.0    5s
  1236  1004 12869.0000   45  115          - 12869.0000      -  59.0   10s
  5778  3886 13665.0000   86  157          - 12869.0000      -  35.7   15s
 10325  8905 12963.8953   86   83          - 12869.0000      -  35.1   22s
 16614 10511 13143.6492   75  129          - 12869.0000      -  33.2   25s
 20468 13410 12872.4519   47  224          - 12869.0000      -  33.3   36s
 24707 16133 13564.0766   89  177          - 12869.0000      -  33.9   40s
 29848 19081 14382.0000  120   31          - 12869.0000      -  33.8   45s
 34950 22319 13123.0000   84  266          - 12869.0000      -  33.9   51s
 38243 25102 13344.1700   81  230          - 12869.0000      -  34.4   55s
 44590 28774 infeasible  115               - 12869.0000      -  34.7   60s
 50663 32992 13698.9613   65  156          - 12869.0000      -  34.8   65s
 56636 36613 infeasible   59               - 12869.0000      -  34.9   70s
 61034 39384 13047.0000   48  275          - 12869.0000      -  35.0   75s
 67240 43032 13107.0000   74  203          - 12869.1800      -  35.0   80s
 73217 47191 13595.0723   71  211          - 12870.2500      -  35.1   85s
 78105 50044 14085.0000  110  148          - 12872.4519      -  35.2   90s
 82070 52652 12988.0000   66  244          - 12872.4519      -  35.5   95s
 87110 55920 13348.0000   81  250          - 12872.4519      -  35.8  100s
 92034 59323 13256.0000   67  144          - 12876.0000      -  36.2  105s
 97910 62738 13711.8838   84  184          - 12878.0000      -  36.3  110s
 101634 64743 12916.0000   67  226          - 12879.8169      -  36.6  115s
 106760 67874 12910.0000   62  225          - 12881.6623      -  36.9  120s
 111053 69985 infeasible  114               - 12884.0000      -  37.2  125s
 115191 72850 13459.0000   67  212          - 12884.5106      -  37.4  130s
 120482 75934 13179.9394   52  275          - 12888.7472      -  37.7  135s
 124851 81280 12893.9160   61  254          - 12889.0000      -  38.0  142s
 129991 82562 13131.8788   76  177          - 12889.0000      -  38.1  145s
 134978 85912 13055.4519   68  195          - 12889.0000      -  38.2  150s
 138362 87390 infeasible   82               - 12889.0000      -  38.4  155s
 143430 90501 13031.0000   67  258          - 12889.0000      -  38.6  160s
 147295 93552 14216.0000   76  136          - 12889.0000      -  38.9  165s
 149707 95073 14501.0000   91  101          - 12889.0000      -  39.2  170s
 154112 97491 12973.1550   65  332          - 12889.0000      -  39.4  175s
 158427 99872 13255.0000   58  241          - 12889.0000      -  39.8  180s
 162686 102565 13442.4259   66  256          - 12889.0000      -  40.2  185s
 166468 104749 infeasible   85               - 12889.0000      -  40.5  190s
 169935 106825 infeasible   87               - 12889.0000      -  40.9  196s
 171737 108088 14057.3146   87  148          - 12889.0000      -  41.1  200s
 175409 110796 13661.0000   81  219          - 12889.0000      -  41.5  205s
 179557 113417 13074.2200   64  258          - 12889.0000      -  41.9  210s
 183696 115520 13665.0000   62  173          - 12889.0000      -  42.2  215s
 187693 117862 13364.3137   63  271          - 12889.0000      -  42.5  220s
 191104 120082 infeasible   99               - 12889.0000      -  42.9  225s
 194346 121996 13487.0000   58  276          - 12889.0000      -  43.2  231s
 195462 123269 14352.2500  100  189          - 12889.0000      -  43.5  235s
 199667 125286 13287.0000   53  237          - 12889.0000      -  43.8  240s
 203364 127477 13515.0000   52  263          - 12889.0000      -  44.2  245s
 206850 129913 13750.2254   85  216          - 12889.0000      -  44.4  250s
 210581 131976 14367.1053   92  121          - 12889.0000      -  44.7  255s
 214351 134185 13134.0000   71  199          - 12889.0000      -  45.0  260s
 215994 135371 infeasible   60               - 12889.0000      -  45.3  265s
 219292 137832 13488.0000   82  186          - 12889.0000      -  45.5  270s
 223612 140133 12989.0000   42  300          - 12889.0000      -  45.8  275s
 227448 142693 13813.7156   76  129          - 12889.0000      -  46.0  280s
 230989 144641 infeasible   70               - 12889.0000      -  46.1  286s
 232739 146454 13940.0000   76  144          - 12889.0000      -  46.3  290s
 236964 148722 13798.9530   75  346          - 12889.0000      -  46.5  295s
 239466 151520 13549.0000   73  190          - 12889.0000      -  46.7  300s
 244142 153419 13433.0950   76  290          - 12889.0000      -  46.9  305s
 247559 155639 14201.0000   82   78          - 12889.0000      -  47.2  310s
 251715 158033 13856.8214   88  200          - 12889.0000      -  47.4  315s
 254588 159612 14440.0825   89  111          - 12889.0000      -  47.5  320s
 257525 162056 14713.0000   93   69          - 12889.0000      -  47.6  325s
 260771 164694 13955.8039   77  208          - 12889.0000      -  47.8  330s
 265204 166603 13996.0000   78  160          - 12889.0000      -  47.9  335s
 269030 168961 14192.8214   82   89          - 12889.0000      -  48.1  340s
 270911 171445 12921.4629   57  322          - 12889.0000      -  48.2  345s
 276616 173697 14587.9167   70  188          - 12889.0000      -  48.5  350s
 279795 175727 14128.0000   87  111          - 12889.0000      -  48.6  355s
 281608 178356 13441.2400   70  329          - 12889.0000      -  48.7  360s
 285851 178900 13133.0000   65  261          - 12889.0000      -  48.8  365s
 289690 181337 12909.0000   54  304          - 12889.0000      -  48.9  370s
 291876 184464 13721.0000   72  165          - 12889.0000      -  49.0  375s
 296705 186301 13475.0000   62  259          - 12889.0000      -  49.2  380s
 300894 188532 13051.8000   49  301          - 12889.0000      -  49.4  385s
 303917 190655 12909.0000   49  347          - 12889.0000      -  49.6  390s
 307386 192989 12936.4519   70  295          - 12889.0000      -  49.7  395s
 312017 195368 infeasible   58               - 12889.0000      -  49.8  400s
 314449 197330 12999.0363   74  239          - 12889.0000      -  50.0  405s
 317529 198657 12912.6890   59  358          - 12889.0000      -  50.1  410s
 320214 200760 12975.5397   63  317          - 12889.0000      -  50.2  415s
 323475 203422 12909.0000   47  352          - 12889.0000      -  50.4  420s
 327795 205234 12964.0902   50  323          - 12889.0000      -  50.5  425s
 331271 207342 13411.8966   71  260          - 12889.0526      -  50.6  430s
 334405 210315 14319.0000   92  112          - 12889.1200      -  50.7  435s
 338668 211314 12975.2156   67  339          - 12889.1800      -  50.8  440s
 341505 213208 13334.9952   65  330          - 12889.1800      -  50.9  445s
 345352 216411 13435.0000   76  249          - 12889.2250      -  50.9  451s
 349343 218411 13364.2518   89  217          - 12889.3656      -  51.0  455s
 354096 221116 14571.2000   84   80          - 12889.4500      -  51.0  460s
 358629 223160 14147.0000   86  164          - 12889.9367      -  51.0  466s
 359471 224290 13518.0173   72  231          - 12890.0000      -  51.1  470s
 363575 226192 13009.5707   74  280          - 12890.8788      -  51.2  475s
 366639 229371 13681.0000   70  205          - 12891.0000      -  51.2  480s
 371374 231295 13779.1992   82  155          - 12891.4129      -  51.3  485s
 375461 233371 infeasible   64               - 12891.8071      -  51.3  490s
 379782 236095 13920.7143   82  208          - 12892.2286      -  51.4  495s
 383029 238337 12991.8500   66  339          - 12892.4105      -  51.5  500s
 385622 240455 13379.0000   69  176          - 12892.4519      -  51.6  505s
 389515 242536 12909.0000   47  332          - 12892.4519      -  51.6  510s
 391723 244159 14091.2530   62  154          - 12892.4519      -  51.7  515s
 395102 246425 infeasible   63               - 12892.4519      -  51.7  520s
 398704 249636 13901.0000   85  198          - 12892.4519      -  51.8  526s
 402580 251066 infeasible   52               - 12892.4519      -  51.8  530s
 405823 253732 14375.2054  112   86          - 12892.4519      -  51.9  535s
 408827 256163 13458.0000   68  215          - 12892.4519      -  52.0  541s
 411061 257851 13035.0000   86  261          - 12892.4519      -  52.1  545s
 415311 259681 14364.0916   75  168          - 12892.4519      -  52.2  550s
 418064 262062 13697.0000   73  250          - 12892.5518      -  52.3  555s
 422136 263985 14438.0000   97   90          - 12892.6379      -  52.4  560s
 425414 266328 12983.0000   71  233          - 12892.7767      -  52.5  565s
 427500 267177 12966.4105   66  262          - 12892.8867      -  52.5  570s
 429940 269024 13291.3358   57  275          - 12893.0000      -  52.6  575s
 433311 270678 12916.9950   65  308          - 12893.0000      -  52.7  580s
 435572 272305 14188.0000   82  116          - 12893.0000      -  52.9  585s
 439380 274378 12910.0567   62  296          - 12893.2857      -  53.0  590s
 440988 276235 13053.8113   84  223          - 12893.4015      -  53.0  595s
 445844 278695 13046.9214   63  421          - 12893.8612      -  53.2  600s
 449975 280870 12964.0000   67  227          - 12894.3527      -  53.2  605s
 453027 283278 13947.0000   69  155          - 12894.4345      -  53.3  610s
 457040 285283 infeasible   70               - 12895.0000      -  53.4  615s
 459349 286573 14050.0000   80  172          - 12895.1374      -  53.5  620s
 462173 288341 infeasible   97               - 12895.5714      -  53.5  625s
 465306 290437 13447.0000   92  178          - 12896.0000      -  53.6  630s
 468616 292230 infeasible   76               - 12896.0000      -  53.7  635s
 471985 294264 infeasible   58               - 12896.0024      -  53.8  640s
 473085 296161 13103.3382   68  238          - 12896.2662      -  53.9  645s
 476910 297129 infeasible   89               - 12896.7000      -  54.0  650s
 479920 299376 infeasible   80               - 12896.7232      -  54.0  655s
 483773 301913 13287.0000   60  284          - 12896.7232      -  54.1  660s
 487077 303962 infeasible   99               - 12896.8298      -  54.1  665s
 490309 306439 14014.0000   65  152          - 12897.0000      -  54.2  670s
 494369 308574 infeasible  107               - 12897.0000      -  54.2  675s
 498307 310724 infeasible   80               - 12897.4956      -  54.3  680s
 501251 312257 infeasible   72               - 12897.7209      -  54.4  685s
 504844 314654 13451.0000   82  180          - 12898.0000      -  54.5  690s
 506525 316683 13081.6050   64  223          - 12898.0000      -  54.5  695s
 511959 318770 14438.0849   77  212          - 12898.6256      -  54.5  700s
 515158 321207 13805.2000   80  118          - 12899.0000      -  54.6  705s
 519072 323577 13716.0000   64  204          - 12899.1390      -  54.6  710s
 521886 324945 12991.0000   58  273          - 12899.4696      -  54.7  715s
 524535 327019 13441.0000   60  256          - 12899.6892      -  54.7  720s
 528912 329471 infeasible   79               - 12899.7291      -  54.7  725s
 531820 331800 13964.0000   73  223          - 12899.7291      -  54.8  730s
 535428 334222 13287.0000   55  319          - 12899.7291      -  54.9  735s
 539613 336439 13507.0000   63  255          - 12899.8617      -  54.9  740s
 542537 338682 13747.0000   71  231          - 12900.0905      -  55.0  745s
 545337 340056 infeasible   93               - 12900.5728      -  55.0  750s
 548819 342070 infeasible   77               - 12901.0000      -  55.1  755s
 550363 342922 14140.0354   70  221          - 12901.0000      -  55.2  760s
 552904 344463 infeasible   67               - 12901.0000      -  55.3  765s
 556225 346409 13397.3202   76  226          - 12901.0000      -  55.4  770s
 557271 347657 13287.0000   70  266          - 12901.0000      -  55.4  775s
 560698 350052 14365.0727  100   50          - 12901.0000      -  55.7  781s
 562941 350531 infeasible   77               - 12901.1276      -  55.7  785s
 566176 352666 13903.9200   61  205          - 12901.2148      -  55.8  790s
 568346 355075 13443.0000   77  205          - 12901.2148      -  55.9  796s
 572555 356682 13183.4335   63  250          - 12901.4105      -  56.0  800s
 576438 358642 13665.1541   70  239          - 12901.6702      -  56.0  805s
 579253 360869 14475.0000   96   67          - 12901.8621      -  56.0  811s
 581551 362343 13660.0177   73  235          - 12902.3248      -  56.1  815s
 585681 364340 13802.0000   78  192          - 12902.7986      -  56.2  820s
 588517 365632 12906.4105   71  344          - 12903.0000      -  56.3  826s
 589821 366533 13027.4419   65  304          - 12903.0000      -  56.3  830s
 593035 368626 14427.3553   75  236          - 12903.1535      -  56.4  835s
 596812 370675 13179.1944   62  297          - 12903.5778      -  56.4  840s
 600237 372976 13062.6209   81  290          - 12904.0000      -  56.5  845s
 604084 375300 13353.5727   66  238          - 12904.0000      -  56.5  850s
 607112 377424 13486.9072   66  283          - 12904.0000      -  56.6  855s
 611096 379434 infeasible   69               - 12904.0000      -  56.6  860s
 614657 381938 14643.0000   92  145          - 12904.0000      -  56.6  865s
 616442 383053 13701.0000   87   91          - 12904.2552      -  56.7  870s
 619666 385064 12973.3512   60  339          - 12904.4519      -  56.7  875s
 623732 387158 infeasible  112               - 12904.9851      -  56.7  880s
 627459 389391 13401.0000   74  122          - 12905.0000      -  56.8  885s
 630654 391738 13038.0420   70  234          - 12905.3248      -  56.8  890s
 632697 393643 12967.4105   91  192          - 12905.4960      -  56.8  895s
 635276 394358 13470.0000   87  169          - 12905.9000      -  56.9  901s
 638816 396787 12930.1845   50  418          - 12906.0615      -  56.9  905s
 641631 398688 14476.6568   98   85          - 12906.3304      -  57.0  910s
 644661 400265 13359.1318   75  290          - 12906.7479      -  57.1  915s
 648362 402174 14909.2451   76  112          - 12907.4105      -  57.1  920s
 651229 404125 13539.9982   60  288          - 12907.4956      -  57.2  925s
 654085 406038 12908.9259   56  411          - 12907.8312      -  57.3  930s
 658377 408369 13923.4162   94   85          - 12908.4396      -  57.3  935s
 660742 410046 13959.3221   71  199          - 12908.8008      -  57.3  940s
 663636 413215 13270.8143   66  296          - 12908.9259      -  57.4  947s
 666581 413385 13577.0420   80  166          - 12909.0000      -  57.4  950s
 667849 414404 12919.0000   49  368          - 12909.0000      -  57.5  955s
 670655 416637 14574.0000   87  129          - 12909.0000      -  57.6  961s
 672976 418168 13875.3323   76  233          - 12909.0000      -  57.7  965s
 675905 419810 14299.3023   96   39          - 12909.0000      -  57.7  970s
 678610 421806 12909.0000   61  296          - 12909.0000      -  57.8  975s
 682171 423359 12909.0000   69  221          - 12909.0000      -  57.8  980s
 685032 425321 13459.6638   56  302          - 12909.0000      -  57.9  985s
 688381 427260 infeasible  119               - 12909.0000      -  58.0  991s
 690605 428955 13709.8636   76  252          - 12909.0000      -  58.0  995s
 694247 430792 13003.8057   57  336          - 12909.0000      -  58.1 1000s
 695166 433125 14323.0000   71  167          - 12909.0000      -  58.1 1013s
 698013 434110 12909.0000   49  412          - 12909.0000      -  58.3 1015s
 703300 436565 13151.0000   85  271          - 12909.0000      -  58.3 1021s
 705562 438654 13943.0000   83  175          - 12909.0000      -  58.4 1026s
 708701 439583 13540.3325   82  247          - 12909.0000      -  58.5 1030s
 711471 441540 13361.0000   70  309          - 12909.0000      -  58.5 1035s
 713922 442759 12911.0000   73  334          - 12909.0000      -  58.6 1040s
 716356 444246 infeasible   88               - 12909.0000      -  58.7 1045s
 717737 445067 13364.0000   63  293          - 12909.0000      -  58.8 1051s
 718133 446374 12952.5545   51  364          - 12909.0000      -  58.9 1055s
 721844 447793 infeasible   71               - 12909.0000      -  58.9 1060s
 724434 449779 12909.0000   67  235          - 12909.0000      -  59.0 1065s
 726676 451022 13165.0000   61  313          - 12909.0000      -  59.1 1070s
 729690 452534 infeasible  105               - 12909.0000      -  59.2 1075s
 732001 454396 12909.0000   60  186          - 12909.0000      -  59.3 1080s
 734662 455775 13782.5892   75  319          - 12909.0000      -  59.4 1085s
 737412 458183 12909.0000   67  238          - 12909.0000      -  59.4 1092s
 739289 458938 13481.0648   66  328          - 12909.0000      -  59.5 1095s
 741765 460746 14803.1461   72  100          - 12909.0000      -  59.6 1101s
 743331 461153 14791.8768  107   58          - 12909.0000      -  59.6 1106s
 745264 462209 13501.5726   51  333          - 12909.0000      -  59.7 1110s
 748065 464744 13631.0000   83  297          - 12909.0000      -  59.8 1117s
 750199 465641 12953.3295   68  255          - 12909.0000      -  59.9 1120s
 752826 467043 12909.0000   54  419          - 12909.0000      -  59.9 1125s
 755988 468646 13905.0000   78  192          - 12909.0000      -  60.0 1130s
 758375 470157 14519.0000   96   71          - 12909.0000      -  60.1 1135s
 761161 472206 14728.0000   83  162          - 12909.0000      -  60.1 1140s
 764127 473502 infeasible   76               - 12909.0000      -  60.2 1145s
 765864 474482 infeasible   65               - 12909.0000      -  60.3 1151s
 766561 475013 13017.0000   59  368          - 12909.0000      -  60.3 1155s
 768297 476416 13678.5771   77  333          - 12909.0000      -  60.4 1160s
 770276 477847 infeasible   74               - 12909.0000      -  60.6 1166s
 772860 478777 infeasible   77               - 12909.0000      -  60.7 1171s
 774770 480311 14029.6728   67  190          - 12909.0000      -  60.7 1175s
 777031 481440 14845.0000   85   87          - 12909.0000      -  60.9 1181s
 777938 481806 14859.0000  102   47          - 12909.0000      -  60.9 1185s
 779386 482834 13861.0000   55  243          - 12909.0000      -  61.0 1190s
 780946 484488 13940.0000   74  176          - 12909.0000      -  61.1 1196s
 783120 485427 12931.4708   78  284          - 12909.0000      -  61.2 1200s
 785500 486891 14687.0000  103  113          - 12909.0000      -  61.3 1205s
 787443 487827 13165.0000   51  314          - 12909.0000      -  61.4 1210s
 790147 490033 12950.7711   53  346          - 12909.0000      -  61.5 1218s
 791501 490316 12915.0260   55  452          - 12909.0000      -  61.6 1220s
 792775 491435 13987.0000   79  217          - 12909.0000      -  61.6 1226s
 794247 492535 14266.8165   75  133          - 12909.0000      -  61.7 1230s
 796318 493632 13745.1808   81  277          - 12909.0000      -  61.8 1235s
 799017 495211 14067.0000   84  154          - 12909.0000      -  62.0 1241s
 800979 496424 14276.0000  100   35          - 12909.0000      -  62.1 1245s
 803282 497392 13345.0000   53  447          - 12909.0000      -  62.1 1250s
 805211 498489 infeasible   73               - 12909.0000      -  62.2 1255s
 805785 498980 13665.0000   53  303          - 12909.0000      -  62.3 1260s
 807683 500593 14416.9038   89  100          - 12909.0000      -  62.4 1266s
 809825 501634 infeasible   63               - 12909.0000      -  62.5 1270s
 811245 502945 13733.0000   68  206          - 12909.0000      -  62.5 1275s
 814026 504209 13995.0000   73  209          - 12909.0000      -  62.7 1280s
 816264 505559 13293.2210   66  316          - 12909.0000      -  62.8 1286s
 818076 506603 13329.7638   66  357          - 12909.0000      -  62.9 1290s
 820503 507994 infeasible   90               - 12909.0000      -  63.0 1296s
 821523 509055 13121.0000   49  337          - 12909.0000      -  63.0 1301s
 824306 510168 13973.2221   57  300          - 12909.0000      -  63.2 1305s
 826047 511741 13477.0000   57  308          - 12909.0000      -  63.3 1311s
 827405 512272 13722.0355   74  232          - 12909.0000      -  63.3 1316s
 829109 513279 12947.7044   56  310          - 12909.0000      -  63.4 1320s
 831547 514696 13287.0000   61  381          - 12909.0000      -  63.5 1325s
 833187 515938 13346.3199   69  321          - 12909.0000      -  63.6 1331s
 834830 516790 13315.0000   66  327          - 12909.0000      -  63.7 1335s
 836234 518238 14184.7251   79  135          - 12909.0000      -  63.8 1340s
 838851 519563 13665.0000   63  374          - 12909.0000      -  63.9 1346s
 841063 520549 14905.4378  122   32          - 12909.0000      -  64.0 1350s
 842120 521789 13493.5714   67  366          - 12909.0000      -  64.0 1355s
 843795 522387 infeasible   79               - 12909.0000      -  64.1 1361s
 844577 523310 13287.0000   55  384          - 12909.0000      -  64.2 1365s
 847355 524398 13287.0000   45  394          - 12909.0000      -  64.3 1370s
 849972 525972 infeasible   86               - 12909.0000      -  64.4 1376s
 851521 527062 14868.1463  103  101          - 12909.0000      -  64.5 1380s
 853327 528408 13954.0000   73  142          - 12909.0000      -  64.6 1385s
 856119 529949 13454.0000   70  256          - 12909.0000      -  64.7 1390s
 858159 531324 14836.9205  103   45          - 12909.0000      -  64.7 1395s
 860098 531947 infeasible   81               - 12909.0000      -  64.8 1400s
 861136 533160 13753.4989   66  255          - 12909.0000      -  64.9 1405s
 863444 534209 13668.8931   61  298          - 12909.0000      -  65.0 1410s
 865393 535476 13875.0000   67  141          - 12909.0000      -  65.0 1415s
 867094 536526 13757.0432   73  318          - 12909.0000      -  65.1 1420s
 869396 537865 infeasible   91               - 12909.0000      -  65.2 1425s
 871634 539283 infeasible   93               - 12909.0000      -  65.4 1431s
 873393 540738 infeasible   66               - 12909.0000      -  65.4 1436s
 874596 541706 14011.0000   67  168          - 12909.0000      -  65.5 1441s
 875950 541948 13882.7036   75  162          - 12909.0000      -  65.6 1446s
 876772 543253 13600.9999   58  297          - 12909.0000      -  65.6 1450s
 879945 544889 14273.0000   98   80          - 12909.0000      -  65.7 1456s
 881937 545564 13681.9953   64  256          - 12909.0000      -  65.8 1460s
 884127 546994 infeasible   62               - 12909.0000      -  65.9 1466s
 885694 547996 13374.1738   74  282          - 12909.0000      -  66.0 1470s
 887617 549539 13939.9949   69  177          - 12909.0000      -  66.1 1476s
 890110 550665 13665.0000   66  356          - 12909.0000      -  66.2 1480s
 892146 552011 13493.5582   56  391          - 12909.0000      -  66.3 1486s
 893827 552853 13672.0839   65  222          - 12909.0000      -  66.3 1492s
 894210 553390 13833.3539   62  243          - 12909.0000      -  66.4 1495s
 896154 554746 infeasible   56               - 12909.0000      -  66.5 1501s
 898359 555858 13917.0000   76  241          - 12909.0000      -  66.6 1506s
 900002 557326 14110.0000  100   32          - 12909.0000      -  66.7 1510s
 902565 558486 14262.2319   89  174          - 12909.0000      -  66.7 1516s
 903823 559383 13740.4400   79  178          - 12909.0000      -  66.8 1520s
 906059 561190 13668.0000   64  238          - 12909.0000      -  66.9 1525s
 907308 561999 13977.5085   59  226          - 12909.0000      -  67.0 1530s
 910464 563331 13891.3895   90  251          - 12909.0000      -  67.1 1536s
 911272 564386 13472.6154   82  324          - 12909.0000      -  67.1 1540s
 913685 565548 14013.0000   90  113          - 12909.0000      -  67.2 1545s
 915903 566982 13778.0127   49  284          - 12909.0000      -  67.3 1550s
 918132 568220 infeasible   69               - 12909.0000      -  67.3 1555s
 920342 569751 13395.0000   53  426          - 12909.0000      -  67.4 1560s
 921917 570817 13985.0000   59  238          - 12909.0000      -  67.5 1565s
 922960 571282 13665.0000   57  289          - 12909.0000      -  67.5 1571s
 924336 572201 13876.1922   73  391          - 12909.0000      -  67.6 1575s
 925900 573358 13856.3997   71  288          - 12909.0000      -  67.7 1580s
 928100 574808 13823.0000   80  159          - 12909.0000      -  67.8 1587s
 929141 575601 13759.0000   74  252          - 12909.0000      -  67.8 1590s
 931052 576818 13666.4481   73  224          - 12909.0000      -  67.9 1595s
 933498 577757 14798.0000   78   77          - 12909.0000      -  68.0 1600s
 936409 579433 infeasible   56               - 12909.0000      -  68.1 1606s
 937362 579841 13669.0000   55  261          - 12909.0000      -  68.1 1610s
 938422 580870 13849.7200   77  206          - 12909.0000      -  68.2 1615s
 940439 582138 14254.2200   82  129          - 12909.0000      -  68.3 1620s
 942988 583486 14830.1075   72   71          - 12909.0000      -  68.3 1625s
 944903 584769 13692.0000   73  212          - 12909.0000      -  68.4 1630s
 947046 586162 14109.0000   69  276          - 12909.0000      -  68.5 1635s
 949063 588246 14011.4258   74  192          - 12909.0000      -  68.5 1641s
 951745 589202 13530.6876   62  365          - 12909.0000      -  68.6 1645s
 953848 590059 infeasible   70               - 12909.0000      -  68.6 1650s
 954821 590729 13287.0000   68  345          - 12909.0000      -  68.7 1656s
 956284 591643 13686.0800   63  288          - 12909.0000      -  68.7 1660s
 958584 592996 13287.0000   63  289          - 12909.0000      -  68.8 1665s
 959943 594239 13751.0000   63  244          - 12909.0000      -  68.9 1670s
 962407 595410 13947.0000   62  254          - 12909.0000      -  68.9 1675s
 965288 596958 infeasible   71               - 12909.0000      -  69.0 1680s
 967662 598334 13407.7378   68  287          - 12909.0000      -  69.1 1686s
 968293 598612 13303.6667   57  399          - 12909.0000      -  69.1 1690s
 970121 599889 13302.0000   50  326          - 12909.0000      -  69.2 1695s
 971506 601165 13381.0000   63  393          - 12909.0000      -  69.2 1701s
 972613 602213 13490.5523   90  310          - 12909.0000      -  69.3 1705s
 975830 604040 14151.3197   60  208          - 12909.0000      -  69.4 1711s
 978108 604981 13287.5400   57  309          - 12909.0000      -  69.4 1715s
 980542 606479 13375.9664   57  329          - 12909.0000      -  69.5 1721s
 981782 607463 14280.0000   62  171          - 12909.0000      -  69.6 1725s
 983836 608761 13713.0000   67  226          - 12909.0000      -  69.6 1730s
 985508 609657 infeasible   76               - 12909.0000      -  69.7 1736s
 987394 611127 13612.9807   72  249          - 12909.0000      -  69.8 1741s
 989708 612064 13287.0000   46  418          - 12909.0000      -  69.8 1745s
 991021 613367 13978.4231   70  258          - 12909.0000      -  69.9 1753s
 991993 614619 13714.4838   70  242          - 12909.0000      -  69.9 1756s
 994627 615685 13348.2099   63  284          - 12909.0000      -  70.0 1761s
 996414 616501 13868.0000   69  229          - 12909.0000      -  70.1 1765s
 997927 617438 13667.3133   62  327          - 12909.0000      -  70.2 1770s
 1000872 619066 infeasible   61               - 12909.0000      -  70.2 1776s
 1002070 619482 13287.0472   66  347          - 12909.0000      -  70.3 1780s
 1003296 621000 14011.2655   61  155          - 12909.0000      -  70.3 1786s
 1005779 622341 13312.5000   55  438          - 12909.0000      -  70.4 1791s
 1007956 623440 13665.0000   66  237          - 12909.0000      -  70.4 1795s
 1010204 624675 13290.9664   55  301          - 12909.0000      -  70.5 1800s

Cutting planes:
  Learned: 73
  Gomory: 147
  Cover: 926
  Implied bound: 77
  Projected implied bound: 11
  Clique: 115
  MIR: 242
  StrongCG: 109
  Flow cover: 1033
  GUB cover: 9
  Inf proof: 12
  Zero half: 12
  Network: 20
  RLT: 29
  Relax-and-lift: 43

Explored 1010401 nodes (71245308 simplex iterations) in 1800.00 seconds (2988.88 work units)
Thread count was 8 (of 8 available processors)

Solution count 0

Time limit reached
Best objective -, best bound 1.290900000000e+04, gap -

User-callback calls 2543413, time in user-callback 8.34 sec

Statistics for modelBBUP_W:
  Linear constraint matrix    : 12186 Constrs, 5181 Vars, 45968 NZs
  Variable types              : 1726 Continuous,
3455 Integer (649 Binary)
  Matrix coefficient range    : [ 1, 384 ]
  Objective coefficient range : [ 1, 384 ]
  Variable bound range        : [ 1, 199 ]
  RHS coefficient range       : [ 1, 14932.2 ]
