
Gurobi 10.0.1 (linux64) logging started Mon Apr  1 12:43:35 2024

Set parameter LogFile to value "/data/optimi/optimi/kombadon/drings/SBahn/s-bahn-data/scripts/DeniseMA/processed/BBUP_W/RINS/BBUP_W_202403312232_random3_0.6.log"
Gurobi Optimizer version 10.0.1 build v10.0.1rc0 (linux64)

CPU model: Intel(R) Xeon(R) CPU E3-1270 v6 @ 3.80GHz, instruction set [SSE2|AVX|AVX2]
Thread count: 4 physical cores, 8 logical processors, using up to 8 threads

Optimize a model with 12178 rows, 5181 columns and 45960 nonzeros
Model fingerprint: 0x190126fe
Variable types: 1726 continuous, 3455 integer (649 binary)
Coefficient statistics:
  Matrix range     [1e+00, 4e+02]
  Objective range  [1e+00, 4e+02]
  Bounds range     [1e+00, 2e+02]
  RHS range        [1e+00, 1e+04]

User MIP start did not produce a new incumbent solution
User MIP start violates constraint objective_cutoff by 150.830000000

Presolve removed 5677 rows and 1794 columns
Presolve time: 0.13s
Presolved: 6501 rows, 3387 columns, 25226 nonzeros
Variable types: 929 continuous, 2458 integer (2458 binary)

Root relaxation: objective 1.268804e+04, 2335 iterations, 0.01 seconds (0.01 work units)
Another try with MIP start

    Nodes    |    Current Node    |     Objective Bounds      |     Work
 Expl Unexpl |  Obj  Depth IntInf | Incumbent    BestBd   Gap | It/Node Time

     0     0 12688.0447    0  110          - 12688.0447      -     -    0s
     0     0 12734.0000    0  386          - 12734.0000      -     -    0s
     0     0 12734.0000    0  390          - 12734.0000      -     -    0s
     0     0 12738.0403    0  445          - 12738.0403      -     -    0s
     0     0 12738.0403    0  390          - 12738.0403      -     -    0s
     0     0 12738.0403    0  514          - 12738.0403      -     -    0s
     0     0 12741.7385    0  449          - 12741.7385      -     -    0s
     0     0 12741.7385    0  442          - 12741.7385      -     -    0s
     0     0 12745.4051    0  474          - 12745.4051      -     -    0s
     0     0 12745.4051    0  519          - 12745.4051      -     -    0s
     0     0 12745.4051    0  535          - 12745.4051      -     -    1s
     0     0 12745.4051    0  475          - 12745.4051      -     -    1s
     0     0 12745.4051    0  196          - 12745.4051      -     -    1s
     0     0 12745.4051    0  331          - 12745.4051      -     -    1s
     0     0 12752.2050    0  225          - 12752.2050      -     -    1s
     0     0 12752.2050    0  175          - 12752.2050      -     -    1s
     0     0 12752.2050    0  137          - 12752.2050      -     -    2s
     0     0 12752.2050    0  285          - 12752.2050      -     -    2s
     0     0 12752.2050    0  268          - 12752.2050      -     -    2s
     0     0 12752.2050    0  261          - 12752.2050      -     -    2s
     0     0 12754.6748    0  349          - 12754.6748      -     -    2s
     0     0 12754.7523    0  328          - 12754.7523      -     -    2s
     0     0 12754.7523    0  320          - 12754.7523      -     -    2s
     0     0 12757.4726    0  404          - 12757.4726      -     -    2s
     0     0 12757.4726    0  371          - 12757.4726      -     -    2s
     0     0 12757.4726    0  387          - 12757.4726      -     -    2s
     0     0 12757.4726    0  393          - 12757.4726      -     -    2s
     0     0 12757.6269    0  206          - 12757.6269      -     -    2s
     0     0 12757.6269    0  281          - 12757.6269      -     -    2s
     0     0 12758.1322    0  297          - 12758.1322      -     -    2s
     0     0 12758.1322    0  299          - 12758.1322      -     -    2s
     0     0 12758.1322    0  321          - 12758.1322      -     -    3s
     0     0 12758.1322    0  343          - 12758.1322      -     -    3s
     0     0 12758.1403    0  183          - 12758.1403      -     -    3s
     0     0 12760.0000    0  237          - 12760.0000      -     -    3s
     0     0 12760.0000    0  376          - 12760.0000      -     -    3s
     0     0 12760.0000    0  366          - 12760.0000      -     -    3s
     0     0 12760.0000    0  312          - 12760.0000      -     -    3s
     0     0 12760.0000    0  314          - 12760.0000      -     -    3s
     0     0 12760.0000    0  191          - 12760.0000      -     -    3s
     0     2 12760.0000    0  190          - 12760.0000      -     -    3s
  1054   865 12782.0000   46  109          - 12770.4425      -  25.4    5s
  3955  2363 13709.0000  105   89          - 12778.0000      -  30.7   10s
 10271  7392 13270.2167   83  193          - 12778.0000      -  28.4   15s
 16806 11564 infeasible   84               - 12787.0000      -  27.5   20s
 20833 14260 13440.0000   89  114          - 12795.0000      -  27.2   28s
 23781 16756 14432.0000  104   77          - 12798.0000      -  26.7   30s
 31308 21618 13090.0000   75  144          - 12798.0000      -  26.5   35s
 36699 26105 12846.0000   32  245          - 12798.0000      -  26.7   40s
 42556 29489 13120.0000   51  179          - 12798.0000      -  26.5   45s
 49635 34737 14355.8635   89   58          - 12798.0000      -  26.7   50s
 56197 38554 14113.0000  105   83          - 12798.0000      -  27.0   55s
 61999 42365 13776.4884   52  177          - 12798.0000      -  27.4   60s
 67530 45557 13035.0000   70  290          - 12798.0000      -  27.8   65s
 71867 48372 14338.0000  104  175          - 12798.0000      -  28.5   70s
 77006 51812 infeasible   84               - 12798.0000      -  29.1   75s
 83694 55632 infeasible   93               - 12798.0000      -  29.4   80s
 88266 58651 13685.8604   60  253          - 12798.0000      -  30.0   85s
 92565 61295 12817.0000   56  283          - 12798.0000      -  30.4   90s
 97447 64774 13402.1467   59  284          - 12798.0000      -  30.9   95s
 103389 67849 13654.6440   79  247          - 12798.0000      -  31.3  100s
 105572 70866 13868.0000   74  155          - 12798.0000      -  31.6  105s
 111150 73007 12914.0000   53  339          - 12798.0000      -  32.3  110s
 115357 75860 14025.6983   75  206          - 12798.0000      -  32.9  115s
 120580 78717 14869.7241  109   94          - 12798.0000      -  33.4  121s
 123163 80892 13306.0000   57  251          - 12798.0000      -  33.7  125s
 126951 84302 13797.0000   96   71          - 12798.0000      -  34.0  130s
 133163 86988 12844.2651   48  451          - 12798.0000      -  34.4  135s
 137648 89505 14402.3801   63  271          - 12798.0000      -  34.9  140s
 140412 91328 13038.0000   72  323          - 12798.0000      -  35.4  145s
 144779 93978 14419.5110   83  215          - 12798.0000      -  35.7  150s
 148883 97249 14725.0000   67  154          - 12798.0000      -  36.2  155s
 152728 99706 13292.0000   36  347          - 12798.0000      -  36.7  160s
 156709 102305 12878.0000   39  327          - 12798.0000      -  37.1  165s
 159175 104901 13260.1469   77  235          - 12798.0000      -  37.4  171s
 163390 106366 infeasible   99               - 12798.0000      -  37.7  175s
 166185 108645 13327.6500   62  281          - 12798.0000      -  38.2  180s
 169390 111687 13642.0000   65  220          - 12798.0000      -  38.5  186s
 173494 113255 13434.3580   67  270          - 12798.0000      -  39.1  190s
 175582 114793 13719.4286   64  287          - 12798.0000      -  39.3  195s
 179482 116916 12798.0000   54  388          - 12798.0000      -  39.8  200s
 182715 118789 12798.0000   28  430          - 12798.0000      -  40.1  206s
 185314 120640 13426.8392   69  240          - 12798.0000      -  40.4  210s
 188819 122859 13302.4717   51  293          - 12798.0000      -  40.8  215s
 191299 124594 12798.0000   49  403          - 12798.0000      -  41.1  220s
 194383 126825 13007.5854   49  370          - 12798.0000      -  41.6  225s
 197893 128519 14268.0000   93   96          - 12798.0000      -  42.0  231s
 199105 130077 13394.7866   54  245          - 12798.0000      -  42.2  235s
 201472 132553 12888.0000   65  250          - 12798.0000      -  42.4  240s
 206588 134405 13600.0000   79  272          - 12798.0000      -  42.9  245s
 209498 136745 13131.4037   60  322          - 12798.0000      -  43.2  250s
 212366 138162 13239.0992   57  279          - 12798.0000      -  43.6  255s
 215437 140197 13177.4805   57  341          - 12798.0000      -  43.9  260s
 218109 142478 12798.0000   54  370          - 12798.0000      -  44.2  265s
 221446 144017 13350.5607   60  360          - 12798.0000      -  44.5  270s
 223045 146322 13484.0000   59  295          - 12798.0000      -  44.6  275s
 227467 148476 13578.0000   76  236          - 12798.0000      -  45.0  280s
 230355 150411 13246.0000   64  339          - 12798.0000      -  45.3  285s
 232560 151283 14168.7500   86  108          - 12798.0000      -  45.5  290s
 235739 153360 13558.0000   85  246          - 12798.0000      -  45.8  295s
 239028 155572 13210.5053   51  247          - 12798.0000      -  46.2  300s
 242244 157627 infeasible   65               - 12798.0000      -  46.5  305s
 244811 160707 13244.3358   57  335          - 12798.0000      -  46.7  311s
 248613 161737 13149.0000   49  343          - 12798.0000      -  47.0  316s
H248646 137761                    14292.000000 12798.0000  10.5%  47.0  316s
H248647 129646                    14114.000000 12798.0000  9.32%  47.0  317s
H248706 128832                    14095.000000 12798.0000  9.20%  47.0  317s
 249756 129426 infeasible   70      14095.0000 12798.0000  9.20%  47.2  320s
H250864 129988                    14093.000000 12798.0000  9.19%  47.3  323s
H251450 129505                    14079.000000 12798.0000  9.10%  47.5  324s
H251502 128386                    14047.000000 12798.0000  8.89%  47.5  325s
H252366 127992                    14039.000000 12798.0000  8.84%  47.6  327s
 252906 128348 12798.0000   40  397 14039.0000 12798.0000  8.84%  47.8  330s
 254070 129143     cutoff   51      14039.0000 12798.0000  8.84%  48.2  336s
 255210 129601 13075.5922   61  345 14039.0000 12798.0000  8.84%  48.5  341s
 256041 130138 12937.0128   57  279 14039.0000 12798.0000  8.84%  48.8  347s
 256593 131016 13712.6327   60  207 14039.0000 12798.0000  8.84%  49.0  350s
 258734 131412 13164.0033   59  300 14039.0000 12798.0000  8.84%  49.5  356s
 259458 131789 13774.0573   65  247 14039.0000 12798.0000  8.84%  49.9  361s
 260754 132436 13242.2377   42  399 14039.0000 12798.0000  8.84%  50.3  366s
 261556 133034 13176.6172   45  398 14039.0000 12798.0000  8.84%  50.6  370s
 262698 133477 13390.2298   63  360 14039.0000 12798.0000  8.84%  50.9  375s
 264155 134186 13365.8727   55  324 14039.0000 12798.0000  8.84%  51.3  380s
 264748 134537     cutoff   35      14039.0000 12798.0000  8.84%  51.6  385s
 265195 135885 infeasible   62      14039.0000 12798.0000  8.84%  51.8  405s
H265216 134516                    14012.000000 12798.0000  8.66%  51.8  405s
H265224 134434                    14010.000000 12798.0000  8.65%  51.8  405s
 268570 135024 13670.2099   45  273 14010.0000 12798.0000  8.65%  53.1  413s
 269271 135792 13778.0000   49  271 14010.0000 12798.0000  8.65%  53.4  417s
 270752 136020 13176.3858   50  402 14010.0000 12798.0000  8.65%  53.7  420s
 271858 137254 13858.7614   65  349 14010.0000 12798.0000  8.65%  54.1  427s
 273883 137637 13176.0000   41  340 14010.0000 12798.0000  8.65%  54.5  432s
 274322 137834 13307.3732   79  245 14010.0000 12798.0000  8.65%  54.7  435s
 275697 138584     cutoff   55      14010.0000 12798.0000  8.65%  55.1  442s
 276423 139348 13246.9373   62  374 14010.0000 12798.0000  8.65%  55.4  446s
 278126 139646 13271.6331   57  299 14010.0000 12798.0000  8.65%  55.8  451s
 278896 140504 13228.7380   42  348 14010.0000 12798.0000  8.65%  56.1  456s
 280494 140836 13176.0000   37  408 14010.0000 12798.0000  8.65%  56.3  461s
 281735 141463 13932.2842   52  281 14010.0000 12798.0000  8.65%  56.7  465s
 282549 142102 13216.2419   71  415 14010.0000 12798.0000  8.65%  56.9  470s
 284667 142759 13804.2151   63  330 14010.0000 12798.0936  8.65%  57.2  476s
 285366 143586 13179.7369   54  319 14010.0000 12798.1276  8.65%  57.4  481s
 286695 143966 infeasible   55      14010.0000 12798.2068  8.65%  57.6  487s
 287563 144830 13949.0127   73  200 14010.0000 12798.2304  8.65%  57.9  491s
 289583 145058 13176.4023   48  409 14010.0000 12798.4803  8.65%  58.3  495s
 290586 145563 13518.4197   64  311 14010.0000 12798.6845  8.65%  58.6  501s
 292056 146187 13337.5013   49  422 14010.0000 12798.8972  8.64%  58.9  506s
 292739 146750 13316.8652   75  397 14010.0000 12799.0000  8.64%  59.2  511s
 294076 147075 13561.7146   53  250 14010.0000 12799.0573  8.64%  59.4  515s
 295500 147791 infeasible   80      14010.0000 12799.1463  8.64%  59.7  520s
 296956 148375 13880.2099   66  247 14010.0000 12799.5156  8.64%  60.0  525s
 297076 148631     cutoff   65      14010.0000 12799.5550  8.64%  60.1  530s
 299717 149668 infeasible   57      14010.0000 12800.0000  8.64%  60.5  535s
 300664 150061 13310.0347   55  502 14010.0000 12800.0986  8.64%  60.9  542s
 301880 150592 13436.6188   52  354 14010.0000 12800.2938  8.63%  61.1  546s
 303142 151173 infeasible   47      14010.0000 12800.4425  8.63%  61.3  550s
H303379 151173                    14009.999839 12800.5128  8.63%  61.4  550s
 303783 151599 13391.7974   64  443 14009.9998 12800.6496  8.63%  61.5  555s
 305247 152400 13490.1728   54  309 14009.9998 12801.0072  8.63%  61.9  562s
 306409 152630 13210.2248   54  444 14009.9998 12801.2513  8.63%  62.1  567s
 307057 152974 13401.8196   73  421 14009.9998 12801.5731  8.63%  62.4  571s
 307828 153242 13182.5082   55  417 14009.9998 12801.5731  8.63%  62.6  577s
 308391 154036 13363.0936   65  340 14009.9998 12801.5731  8.63%  62.8  580s
 310248 154354 13308.1596   44  343 14009.9998 12801.9174  8.62%  63.2  586s
 311306 154622 13869.3851   62  213 14009.9998 12802.0000  8.62%  63.5  591s
 312376 155084 infeasible   59      14009.9998 12802.4800  8.62%  63.8  596s
 314188 155938 infeasible   60      14009.9998 12803.1677  8.61%  64.1  601s
 314933 156548 13708.5372   70  155 14009.9998 12803.6361  8.61%  64.3  606s
H315998 156716                    14009.999830 12804.0000  8.61%  64.5  608s
 316194 156899 13182.3055   50  363 14009.9998 12804.0000  8.61%  64.6  611s
 317441 157545 13322.0000   63  263 14009.9998 12804.0000  8.61%  64.9  616s
 318245 157854 13210.3182   48  392 14009.9998 12804.0000  8.61%  65.1  620s
 319687 158468 13329.3152   54  368 14009.9998 12804.0000  8.61%  65.4  626s
 320356 159049 13228.7944   61  430 14009.9998 12804.2304  8.61%  65.6  631s
 321580 159289     cutoff   73      14009.9998 12804.9565  8.60%  65.8  635s
 322582 159999 13433.5950   50  317 14009.9998 12805.4603  8.60%  66.1  641s
 323789 160479 13931.0000   73  221 14009.9998 12806.0000  8.59%  66.3  646s
 324844 160952 13655.4703   64  334 14009.9998 12806.5178  8.59%  66.6  651s
 325997 161408 13321.1815   66  319 14009.9998 12806.9918  8.59%  66.9  656s
 327249 161738 13185.2951   65  409 14009.9998 12807.0337  8.59%  67.1  661s
 328730 162433 13254.0000   48  319 14009.9998 12808.0000  8.58%  67.4  668s
 329478 162816 13419.2529   60  282 14009.9998 12808.0000  8.58%  67.6  671s
 330680 163348     cutoff   68      14009.9998 12808.7267  8.57%  67.9  676s
 331860 163619 infeasible   56      14009.9998 12809.4216  8.57%  68.1  681s
 333474 164294 13212.7230   50  354 14009.9998 12810.0000  8.57%  68.4  686s
 334296 164926 13409.7299   52  340 14009.9998 12810.0000  8.57%  68.6  690s
 335823 165200 13798.8321   82  199 14009.9998 12811.0000  8.56%  68.8  695s
 337272 165768 infeasible   75      14009.9998 12811.0000  8.56%  69.1  700s
 338484 166565 13355.4283   48  368 14009.9998 12811.0000  8.56%  69.4  706s
 339564 166777 13817.7032   57  316 14009.9998 12811.6039  8.55%  69.5  710s
 340597 167243 13500.0172   60  334 14009.9998 12812.8005  8.55%  69.9  717s
 341187 167702 13702.8624   70  263 14009.9998 12813.0000  8.54%  70.0  720s
 342565 167965 13225.8751   45  409 14009.9998 12814.0000  8.54%  70.3  726s
 343658 168826 13213.6304   43  520 14009.9998 12814.8450  8.53%  70.6  732s
 345032 169666 13564.6001   45  282 14009.9998 12815.0000  8.53%  70.8  737s
 345982 169903 13306.0167   33  373 14009.9998 12815.0000  8.53%  70.9  740s
 347396 170854 13617.3198   67  284 14009.9998 12815.0000  8.53%  71.1  745s
 349107 171878 infeasible   56      14009.9998 12815.0000  8.53%  71.4  751s
 349922 172335 13250.6674   59  454 14009.9998 12815.4483  8.53%  71.5  755s
 350798 172768 13756.0000   69  348 14009.9998 12815.9302  8.52%  71.7  760s
 352224 173896 13240.0420   52  293 14009.9998 12817.2981  8.51%  71.9  767s
 353993 174161     cutoff   63      14009.9998 12818.0000  8.51%  72.1  771s
 354639 174783 13298.0211   44  256 14009.9998 12818.0000  8.51%  72.2  775s
 356239 175179 13395.7213   55  197 14009.9998 12818.0000  8.51%  72.5  781s
 357646 175800 13370.1763   75  197 14009.9998 12818.0000  8.51%  72.6  785s
 358332 176113 13487.0420   58  272 14009.9998 12818.0000  8.51%  72.8  790s
 359665 176640 13198.6651   66  491 14009.9998 12818.0000  8.51%  73.1  796s
 360685 177160 13845.5175   70  341 14009.9998 12818.4908  8.50%  73.3  802s
 362374 177883 13573.3198   50  319 14009.9998 12819.0332  8.50%  73.5  806s
 363043 178222 infeasible   61      14009.9998 12820.0000  8.49%  73.6  810s
 363951 178674 infeasible   57      14009.9998 12820.0000  8.49%  73.8  815s
 365302 179283     cutoff   59      14009.9998 12820.0000  8.49%  74.0  820s
 366125 179756 13413.2582   55  273 14009.9998 12820.0000  8.49%  74.2  825s
 367218 180279 13443.1744   45  361 14009.9998 12820.0000  8.49%  74.4  830s
 368381 180580     cutoff   71      14009.9998 12820.0000  8.49%  74.6  835s
 369947 181502     cutoff   73      14009.9998 12820.0149  8.49%  74.7  840s
 370887 181988 infeasible   56      14009.9998 12820.5463  8.49%  74.9  848s
 371603 182841 13200.0812   38  461 14009.9998 12821.0000  8.49%  75.1  851s
 373537 183062 13568.9757   51  308 14009.9998 12821.2342  8.49%  75.3  855s
 374317 183400     cutoff   52      14009.9998 12821.6252  8.48%  75.4  861s
 375091 184113 infeasible   73      14009.9998 12822.0000  8.48%  75.6  866s
 376347 184318 13236.7384   38  318 14009.9998 12822.6099  8.48%  75.7  870s
 377342 185127 13422.2308   54  250 14009.9998 12823.0000  8.47%  76.0  877s
 378740 185320 13408.7416   53  417 14009.9998 12823.7778  8.47%  76.1  881s
 379444 185855 13789.5193   67  318 14009.9998 12824.0000  8.47%  76.2  886s
 380325 186483 13226.0574   28  499 14009.9998 12824.0000  8.47%  76.4  890s
 381235 186847 13927.5955   42  340 14009.9998 12824.0000  8.47%  76.5  895s
 383478 187702 13419.3084   59  397 14009.9998 12825.0000  8.46%  76.8  900s
 384250 188117 13746.4083   59  261 14009.9998 12825.8224  8.45%  76.9  906s
 385493 188555 13004.0283   52  286 14009.9998 12826.0048  8.45%  77.1  910s
 386466 189044 13376.7971   80  245 14009.9998 12827.0000  8.44%  77.3  916s
 387465 189636 13374.7213   75  226 14009.9998 12827.7500  8.44%  77.5  921s
 388689 189860 13648.1469   67  216 14009.9998 12828.0000  8.44%  77.7  926s
 389341 190052 infeasible   61      14009.9998 12828.0000  8.44%  77.9  931s
 390163 190428 13290.0000   71  185 14009.9998 12828.0000  8.44%  78.1  936s
 391145 191143 13228.9814   53  234 14009.9998 12828.0000  8.44%  78.3  941s
 392483 191535 13900.3368   84  243 14009.9998 12828.0000  8.44%  78.5  948s
 393421 191986 13951.7600   78  203 14009.9998 12828.0000  8.44%  78.7  951s
 394884 192554 13257.0089   58  368 14009.9998 12828.0000  8.44%  78.9  957s
 395898 192667 infeasible   63      14009.9998 12828.0000  8.44%  79.0  960s
 396759 193003 13833.1675   67  225 14009.9998 12828.0000  8.44%  79.2  965s
 398436 193739 13592.9541   58  179 14009.9998 12828.0000  8.44%  79.4  971s
 399328 194040 13322.2419   56  263 14009.9998 12828.2218  8.44%  79.6  976s
 400876 194591 13178.9814   46  449 14009.9998 12828.3315  8.43%  79.7  981s
 401610 194857 13209.9814   40  455 14009.9998 12829.0000  8.43%  79.9  985s
 402775 195333 13521.8548   63  348 14009.9998 12830.0000  8.42%  80.2  993s
 403411 195574 13784.6469   53  140 14009.9998 12830.0000  8.42%  80.3  996s
 404617 196090 13333.6686   61  373 14009.9998 12830.0000  8.42%  80.6 1002s
 405589 196428 13957.5819   69  166 14009.9998 12831.0000  8.42%  80.8 1007s

Cutting planes:
  Learned: 86
  Gomory: 115
  Cover: 1133
  Implied bound: 174
  Projected implied bound: 15
  Clique: 161
  MIR: 375
  StrongCG: 96
  Flow cover: 1349
  GUB cover: 10
  Inf proof: 15
  Zero half: 10
  Network: 17
  RLT: 34
  Relax-and-lift: 50

Explored 406272 nodes (32873224 simplex iterations) in 1007.76 seconds (1683.61 work units)
Thread count was 8 (of 8 available processors)

Solution count 10: 14010 14010 14010 ... 14114

Solve interrupted
Best objective 1.400999983001e+04, best bound 1.283130377872e+04, gap 8.4132%

User-callback calls 1145704, time in user-callback 3.49 sec

Statistics for modelBBUP_W:
  Linear constraint matrix    : 12178 Constrs, 5181 Vars, 45960 NZs
  Variable types              : 1726 Continuous,
3455 Integer (649 Binary)
  Matrix coefficient range    : [ 1, 384 ]
  Objective coefficient range : [ 1, 384 ]
  Variable bound range        : [ 1, 199 ]
  RHS coefficient range       : [ 1, 14932.2 ]
