
Gurobi 10.0.1 (mac64[arm]) logging started Mon Apr  8 04:47:42 2024

Set parameter LogFile to value "/Users/deniserings/Documents/zib/s-bahn-data/scripts/DeniseMA/processed/BPKW_BKRW_BSNF_O/Branching/BPKW_BKRW_BSNF_O_random4_subMBP202404072240.log"
Gurobi Optimizer version 10.0.1 build v10.0.1rc0 (mac64[arm])

CPU model: Apple M2
Thread count: 8 physical cores, 8 logical processors, using up to 8 threads

Optimize a model with 4425 rows, 2168 columns and 15777 nonzeros
Model fingerprint: 0x2593ded7
Variable types: 1130 continuous, 1038 integer (66 binary)
Coefficient statistics:
  Matrix range     [1e+00, 2e+02]
  Objective range  [1e+00, 4e+02]
  Bounds range     [1e+00, 2e+02]
  RHS range        [1e+00, 5e+02]

Loaded user MIP start with objective 9798

Presolve removed 2424 rows and 1010 columns
Presolve time: 0.04s
Presolved: 2001 rows, 1158 columns, 7848 nonzeros
Found heuristic solution: objective 9797.9991610
Variable types: 478 continuous, 680 integer (680 binary)

Root relaxation: objective 9.179999e+03, 564 iterations, 0.00 seconds (0.00 work units)

    Nodes    |    Current Node    |     Objective Bounds      |     Work
 Expl Unexpl |  Obj  Depth IntInf | Incumbent    BestBd   Gap | It/Node Time

     0     0 9179.99916    0   43 9797.99916 9179.99916  6.31%     -    0s
H    0     0                    9797.9991165 9179.99916  6.31%     -    0s
     0     0 9179.99916    0   75 9797.99912 9179.99916  6.31%     -    0s
     0     0 9179.99916    0   86 9797.99912 9179.99916  6.31%     -    0s
     0     0 9179.99916    0   49 9797.99912 9179.99916  6.31%     -    0s
     0     0 9179.99916    0   63 9797.99912 9179.99916  6.31%     -    0s
     0     0 9179.99916    0   14 9797.99912 9179.99916  6.31%     -    0s
     0     0 9179.99916    0   16 9797.99912 9179.99916  6.31%     -    0s
     0     0 9187.21614    0   26 9797.99912 9187.21614  6.23%     -    0s
H    0     0                    9797.9991136 9187.21614  6.23%     -    0s
     0     0 9187.21614    0   26 9797.99911 9187.21614  6.23%     -    0s
     0     0 9187.21614    0   83 9797.99911 9187.21614  6.23%     -    0s
     0     0 9187.21614    0   82 9797.99911 9187.21614  6.23%     -    0s
     0     0 9187.21614    0   32 9797.99911 9187.21614  6.23%     -    0s
     0     0 9187.21614    0   32 9797.99911 9187.21614  6.23%     -    0s
     0     0 9187.21614    0   24 9797.99911 9187.21614  6.23%     -    0s
     0     0 9187.21614    0   78 9797.99911 9187.21614  6.23%     -    0s
     0     0 9187.21614    0   78 9797.99911 9187.21614  6.23%     -    0s
     0     0 9213.99916    0   51 9797.99911 9213.99916  5.96%     -    0s
     0     0 9214.01372    0   72 9797.99911 9214.01372  5.96%     -    0s
     0     0 9214.01372    0   74 9797.99911 9214.01372  5.96%     -    0s
     0     0 9214.01372    0   77 9797.99911 9214.01372  5.96%     -    0s
     0     0 9214.01372    0   76 9797.99911 9214.01372  5.96%     -    0s
     0     0 9214.01372    0   71 9797.99911 9214.01372  5.96%     -    0s
     0     0 9214.01372    0   71 9797.99911 9214.01372  5.96%     -    0s
     0     2 9214.01372    0   43 9797.99911 9214.01372  5.96%     -    0s
H   68    70                    9797.9990751 9242.02500  5.67%  17.4    0s
H 1694  1065                    9792.9991610 9259.99916  5.44%   9.2    0s
H 1697  1013                    9792.9991566 9259.99916  5.44%   9.2    0s
 24946  9159     cutoff   37      9792.99916 9407.77423  3.93%  14.6    5s
H29375  9281                    9792.9991555 9445.77877  3.55%  15.2    9s
 29558  9335 9560.99916   37   20 9792.99916 9445.77877  3.55%  15.3   10s
H29573  8865                    9792.9991531 9445.77877  3.55%  15.3   10s

Cutting planes:
  Learned: 8
  Gomory: 48
  Cover: 61
  Implied bound: 12
  Clique: 5
  MIR: 25
  StrongCG: 7
  Flow cover: 134
  GUB cover: 1
  Inf proof: 5
  Zero half: 2
  Network: 2
  RLT: 7
  Relax-and-lift: 10

Explored 32987 nodes (523969 simplex iterations) in 10.94 seconds (11.31 work units)
Thread count was 8 (of 8 available processors)

Solution count 10: 9793 9793 9793 ... 9798

Optimal solution found (tolerance 1.00e-04)
Best objective 9.793000000000e+03, best bound 9.792999153067e+03, gap 0.0000%

User-callback calls 72171, time in user-callback 0.13 sec

Statistics for modelBPKW_BKRW_BSNF_O:
  Linear constraint matrix    : 4425 Constrs, 2168 Vars, 15777 NZs
  Variable types              : 1130 Continuous,
1038 Integer (66 Binary)
  Matrix coefficient range    : [ 1, 200 ]
  Objective coefficient range : [ 1, 368 ]
  Variable bound range        : [ 1, 199 ]
  RHS coefficient range       : [ 1, 549 ]

Gurobi 10.0.1 (mac64[arm]) logging started Mon Apr  8 04:47:53 2024

Set parameter LogFile to value "/Users/deniserings/Documents/zib/s-bahn-data/scripts/DeniseMA/processed/BPKW_BKRW_BSNF_O/Branching/BPKW_BKRW_BSNF_O_random4_subMBP202404072240.log"
Gurobi Optimizer version 10.0.1 build v10.0.1rc0 (mac64[arm])

CPU model: Apple M2
Thread count: 8 physical cores, 8 logical processors, using up to 8 threads

Optimize a model with 4418 rows, 2168 columns and 15770 nonzeros
Model fingerprint: 0x4bc2d076
Variable types: 1130 continuous, 1038 integer (66 binary)
Coefficient statistics:
  Matrix range     [1e+00, 2e+02]
  Objective range  [1e+00, 4e+02]
  Bounds range     [1e+00, 2e+02]
  RHS range        [1e+00, 5e+02]

Loaded user MIP start with objective 9798

Presolve removed 2456 rows and 1049 columns
Presolve time: 0.06s
Presolved: 1962 rows, 1119 columns, 8009 nonzeros
Found heuristic solution: objective 9797.9994275
Variable types: 472 continuous, 647 integer (647 binary)

Root relaxation: objective 9.179999e+03, 729 iterations, 0.01 seconds (0.01 work units)

    Nodes    |    Current Node    |     Objective Bounds      |     Work
 Expl Unexpl |  Obj  Depth IntInf | Incumbent    BestBd   Gap | It/Node Time

     0     0 9179.99943    0   25 9797.99943 9179.99943  6.31%     -    0s
H    0     0                    9797.9993835 9179.99943  6.31%     -    0s
     0     0 9183.58782    0   55 9797.99938 9183.58782  6.27%     -    0s
     0     0 9183.58782    0   55 9797.99938 9183.58782  6.27%     -    0s
     0     0 9184.53276    0   63 9797.99938 9184.53276  6.26%     -    0s
     0     0 9184.53276    0   46 9797.99938 9184.53276  6.26%     -    0s
     0     0 9184.53276    0   51 9797.99938 9184.53276  6.26%     -    0s
     0     0 9184.53276    0   39 9797.99938 9184.53276  6.26%     -    0s
     0     0 9184.53276    0   29 9797.99938 9184.53276  6.26%     -    0s
     0     0 9184.53276    0   56 9797.99938 9184.53276  6.26%     -    0s
H    0     0                    9797.9993799 9184.53276  6.26%     -    0s
     0     0 9184.53276    0    7 9797.99938 9184.53276  6.26%     -    0s
     0     0 9184.53276    0   13 9797.99938 9184.53276  6.26%     -    0s
     0     0 9184.53276    0   21 9797.99938 9184.53276  6.26%     -    0s
     0     0 9184.53276    0   72 9797.99938 9184.53276  6.26%     -    0s
     0     0 9184.53276    0   36 9797.99938 9184.53276  6.26%     -    0s
     0     0 9184.53276    0   32 9797.99938 9184.53276  6.26%     -    0s
     0     2 9184.53276    0   24 9797.99938 9184.53276  6.26%     -    0s
H  141   124                    9792.9994230 9184.53276  6.21%  14.9    0s
H  262   257                    9792.9993809 9184.53276  6.21%  13.3    0s
H  271   257                    9792.9993291 9184.53276  6.21%  13.4    0s
H 6169  3584                    9785.9994271 9221.99237  5.76%  15.5    3s
H 6881  4079                    9785.9993804 9233.03150  5.65%  15.8    4s
 11155  6974 9667.99943   64   38 9785.99938 9254.01208  5.44%  16.6    5s
 29553 17933 9635.99943   57   32 9785.99938 9299.34515  4.97%  18.4   10s
H29576 17050                    9785.9993730 9299.34515  4.97%  18.4   12s
H29592 16207                    9785.9993694 9299.34515  4.97%  18.4   13s
H29596 15399                    9785.9993587 9299.34515  4.97%  18.4   13s
H29597 14628                    9785.9993279 9299.34515  4.97%  18.4   13s
 29611 14638 9524.19800   63   98 9785.99933 9299.34515  4.97%  18.4   15s
H30689 14320                    9785.9993081 9299.34515  4.97%  19.3   19s
 30777 14372 9299.34515   40   51 9785.99931 9299.34515  4.97%  19.3   20s
H31696 13925                    9785.9990860 9299.34515  4.97%  19.4   20s
H35240 14410                    9785.9990824 9310.70890  4.86%  20.1   21s
 48570 17694 9470.55668   43   57 9785.99908 9339.40287  4.56%  21.4   25s
 67750 22586 9484.40904   71   48 9785.99908 9343.99942  4.52%  22.6   30s
 89769 34113 9498.88831   51   57 9785.99908 9352.52488  4.43%  22.9   35s
 109748 44522 9758.99942   72   40 9785.99908 9363.99943  4.31%  23.1   40s
 129498 54316 9704.25922   52   40 9785.99908 9376.67215  4.18%  23.4   45s
 152487 66060 9553.99055   54   27 9785.99908 9396.94176  3.98%  23.5   50s
 174680 76858 9592.99942   83   13 9785.99908 9418.31757  3.76%  23.5   55s
 196743 86955 9601.02680   74   60 9785.99908 9443.33952  3.50%  23.4   60s
 217153 96262 9717.06638   52   34 9785.99908 9473.78869  3.19%  23.3   65s
 233075 102885     cutoff   89      9785.99908 9474.99942  3.18%  23.8   70s
 249374 110928     cutoff   69      9785.99908 9474.99942  3.18%  24.4   75s
 269667 119965 9527.99942   85   19 9785.99908 9474.99942  3.18%  24.5   80s
 286639 128068     cutoff   77      9785.99908 9474.99942  3.18%  24.7   85s
 304234 136652 9474.99942   50   24 9785.99908 9474.99942  3.18%  24.9   90s
 322554 145266     cutoff   79      9785.99908 9474.99942  3.18%  25.1   95s
 338485 152923 9779.99942   70   22 9785.99908 9475.03125  3.18%  25.2  100s
 355745 159739 9530.01942   66   48 9785.99908 9475.33850  3.17%  25.4  105s
 372807 167132 9512.26967   63   62 9785.99908 9475.68990  3.17%  25.4  110s
 389304 174000 9720.99942   85   38 9785.99908 9476.42319  3.16%  25.4  115s
 405383 180421 9580.28968   68   45 9785.99908 9476.99942  3.16%  25.6  120s
 418640 185776 9568.51817   63   68 9785.99908 9477.65695  3.15%  25.7  125s
 433937 191556     cutoff   84      9785.99908 9479.20972  3.13%  25.9  130s
 449880 198102 infeasible   79      9785.99908 9479.99942  3.13%  25.9  135s
 463787 204616 9569.19724   75   56 9785.99908 9479.99942  3.13%  26.1  140s
 478260 210971 9704.99942   77   41 9785.99908 9479.99942  3.13%  26.2  145s
 492173 216805 9514.99942   64   26 9785.99908 9479.99942  3.13%  26.4  150s
 505628 223010 9589.59094   85   29 9785.99908 9479.99942  3.13%  26.6  155s
 520362 229310 infeasible   93      9785.99908 9479.99942  3.13%  26.8  160s
 532837 234999 9529.49966   82   54 9785.99908 9479.99942  3.13%  26.9  165s
 546167 240971     cutoff   82      9785.99908 9479.99942  3.13%  27.1  170s
 560938 247117 9753.99942   85   46 9785.99908 9479.99942  3.13%  27.2  175s
 574335 253453 9720.99942   83   13 9785.99908 9479.99942  3.13%  27.4  180s

Cutting planes:
  Learned: 3
  Gomory: 148
  Cover: 643
  Implied bound: 21
  Projected implied bound: 1
  Clique: 5
  MIR: 156
  StrongCG: 7
  Flow cover: 772
  GUB cover: 3
  Inf proof: 38
  Zero half: 5
  Network: 2
  RLT: 23
  Relax-and-lift: 25

Explored 575650 nodes (15793993 simplex iterations) in 180.02 seconds (227.81 work units)
Thread count was 8 (of 8 available processors)

Solution count 10: 9786 9786 9786 ... 9793

Solve interrupted
Best objective 9.785999082467e+03, best bound 9.479999424928e+03, gap 3.1269%

User-callback calls 1208157, time in user-callback 1.99 sec

Statistics for modelBPKW_BKRW_BSNF_O:
  Linear constraint matrix    : 4418 Constrs, 2168 Vars, 15770 NZs
  Variable types              : 1130 Continuous,
1038 Integer (66 Binary)
  Matrix coefficient range    : [ 1, 200 ]
  Objective coefficient range : [ 1, 368 ]
  Variable bound range        : [ 1, 199 ]
  RHS coefficient range       : [ 1, 549 ]

Gurobi 10.0.1 (mac64[arm]) logging started Mon Apr  8 04:50:54 2024

Set parameter LogFile to value "/Users/deniserings/Documents/zib/s-bahn-data/scripts/DeniseMA/processed/BPKW_BKRW_BSNF_O/Branching/BPKW_BKRW_BSNF_O_random4_subMBP202404072240.log"
Gurobi Optimizer version 10.0.1 build v10.0.1rc0 (mac64[arm])

CPU model: Apple M2
Thread count: 8 physical cores, 8 logical processors, using up to 8 threads

Optimize a model with 4415 rows, 2168 columns and 15767 nonzeros
Model fingerprint: 0xd7de3c16
Variable types: 1130 continuous, 1038 integer (66 binary)
Coefficient statistics:
  Matrix range     [1e+00, 2e+02]
  Objective range  [1e+00, 4e+02]
  Bounds range     [1e+00, 2e+02]
  RHS range        [1e+00, 5e+02]

Loaded user MIP start with objective 9798

Presolve removed 2418 rows and 1026 columns
Presolve time: 0.06s
Presolved: 1997 rows, 1142 columns, 8111 nonzeros
Found heuristic solution: objective 9797.9995541
Variable types: 491 continuous, 651 integer (651 binary)

Root relaxation: objective 9.180000e+03, 749 iterations, 0.01 seconds (0.01 work units)

    Nodes    |    Current Node    |     Objective Bounds      |     Work
 Expl Unexpl |  Obj  Depth IntInf | Incumbent    BestBd   Gap | It/Node Time

     0     0 9179.99955    0   25 9797.99955 9179.99955  6.31%     -    0s
H    0     0                    9797.9994243 9179.99955  6.31%     -    0s
     0     0 9179.99955    0   86 9797.99942 9179.99955  6.31%     -    0s
     0     0 9179.99955    0   82 9797.99942 9179.99955  6.31%     -    0s
     0     0 9179.99955    0   43 9797.99942 9179.99955  6.31%     -    0s
     0     0 9179.99955    0   48 9797.99942 9179.99955  6.31%     -    0s
     0     0 9179.99955    0   27 9797.99942 9179.99955  6.31%     -    0s
H    0     0                    9797.9994206 9179.99955  6.31%     -    0s
     0     0 9179.99955    0   30 9797.99942 9179.99955  6.31%     -    0s
     0     0 9179.99955    0   27 9797.99942 9179.99955  6.31%     -    0s
     0     0 9179.99955    0   27 9797.99942 9179.99955  6.31%     -    0s
H    0     0                    9797.9994046 9179.99955  6.31%     -    0s
     0     2 9179.99955    0   25 9797.99940 9179.99955  6.31%     -    0s
H  661   622                    9792.9994206 9179.99955  6.26%  17.9    0s
H  726   622                    9792.9993820 9179.99955  6.26%  17.4    0s
H 1453  1177                    9792.9993659 9179.99955  6.26%  16.7    0s
H 3101  1825                    9785.9994652 9226.41662  5.72%  24.3    4s
  5723  3149 9615.99955   64   54 9785.99947 9245.38043  5.52%  22.3    5s
H16276  9689                    9785.9994624 9254.73780  5.43%  20.0    6s
H21380 13184                    9785.9994170 9265.05898  5.32%  19.9    8s
H21564 13184                    9785.9994052 9265.37514  5.32%  19.9    8s
 29442 17651 9423.99955   91   27 9785.99941 9271.69212  5.26%  19.9   11s
H29454 16775                    9785.9992632 9271.69212  5.26%  19.9   12s
 29679 16910 9365.94519   74   40 9785.99926 9271.69212  5.26%  20.3   15s
H30542 16348                    9785.9992619 9271.69212  5.26%  20.3   15s
 58400 25738 9343.99955   80   29 9785.99926 9302.81187  4.94%  18.6   20s
 94900 40333 9339.99955   82   70 9785.99926 9324.02669  4.72%  18.3   25s
 137840 65186     cutoff  101      9785.99926 9330.99955  4.65%  17.9   30s
 170473 82337 9345.62153   87   28 9785.99926 9331.22295  4.65%  18.2   35s
 210745 105089 9582.10526   85   36 9785.99926 9336.29740  4.60%  18.0   40s
 248025 121462 9349.99955   85   30 9785.99926 9339.99955  4.56%  17.9   45s
 290124 145401 9471.11494   89   34 9785.99926 9343.52896  4.52%  17.7   50s
 323219 160013 infeasible   79      9785.99926 9343.99955  4.52%  17.8   55s
 358381 175894 9717.99955  118   26 9785.99926 9343.99955  4.52%  18.0   60s
 395151 193417 infeasible  105      9785.99926 9344.99955  4.51%  18.0   65s
 432888 213017     cutoff  102      9785.99926 9346.07314  4.50%  18.0   70s
 467062 228360 9697.60001  100   38 9785.99926 9348.11868  4.47%  18.0   75s
 505904 247827 infeasible   92      9785.99926 9349.99955  4.46%  17.9   80s
 545458 268388 9646.99955   84   35 9785.99926 9350.99955  4.45%  17.8   85s
 581078 287765 9487.04054   91   37 9785.99926 9350.99955  4.45%  17.9   90s
 618288 307074 9716.99955  101   26 9785.99926 9350.99955  4.45%  17.9   95s
 655225 325704 9701.99955   89   39 9785.99926 9351.59488  4.44%  17.8  100s
 691178 343971 9763.24479  105   23 9785.99926 9352.99955  4.42%  17.8  105s
 730292 362549     cutoff  102      9785.99926 9353.83386  4.42%  17.7  110s
 770523 382517 9491.99955   87   20 9785.99926 9355.99955  4.39%  17.7  115s
 816431 409086 infeasible  101      9785.99926 9355.99955  4.39%  17.5  120s
 859498 433714 9693.99955   84   48 9785.99926 9355.99955  4.39%  17.3  125s
 900295 456620 infeasible   96      9785.99926 9356.99955  4.38%  17.3  130s
 937717 476241 9677.99955   96   37 9785.99926 9357.99955  4.37%  17.2  135s
 979557 500506     cutoff  102      9785.99926 9358.22034  4.37%  17.2  140s
 1019478 520366 9565.05710   98   34 9785.99926 9359.99955  4.35%  17.1  145s
H1025392 523157                    9785.9992473 9359.99955  4.35%  17.1  145s
H1028348 524405                    9785.9992460 9359.99955  4.35%  17.1  146s
H1028403 524405                    9785.9991934 9359.99955  4.35%  17.1  146s
 1056846 539373 infeasible   97      9785.99919 9359.99955  4.35%  17.1  150s
 1096551 557210 9729.85118  105   18 9785.99919 9360.74309  4.35%  17.1  155s
 1132534 575657 9598.99955  115   20 9785.99919 9361.33289  4.34%  17.0  160s
 1174485 599427     cutoff  115      9785.99919 9361.99955  4.33%  17.0  165s
H1195090 610021                    9785.9990932 9362.00459  4.33%  17.0  167s
 1218038 623974 9533.99955   93   16 9785.99909 9362.50909  4.33%  16.9  170s
 1269410 654718 9753.99955   95   19 9785.99909 9363.38993  4.32%  16.8  175s
 1311688 675683 9632.49955  103   36 9785.99909 9363.99955  4.31%  16.7  180s

Cutting planes:
  Learned: 2
  Gomory: 46
  Cover: 37
  Implied bound: 21
  Clique: 2
  MIR: 18
  StrongCG: 4
  Flow cover: 107
  Inf proof: 1
  Zero half: 2
  Network: 2
  RLT: 3
  Relax-and-lift: 11

Explored 1312938 nodes (21970467 simplex iterations) in 180.07 seconds (216.39 work units)
Thread count was 8 (of 8 available processors)

Solution count 10: 9786 9786 9786 ... 9786

Solve interrupted
Best objective 9.785999093180e+03, best bound 9.363999554081e+03, gap 4.3123%

User-callback calls 2691160, time in user-callback 4.37 sec

Statistics for modelBPKW_BKRW_BSNF_O:
  Linear constraint matrix    : 4415 Constrs, 2168 Vars, 15767 NZs
  Variable types              : 1130 Continuous,
1038 Integer (66 Binary)
  Matrix coefficient range    : [ 1, 200 ]
  Objective coefficient range : [ 1, 368 ]
  Variable bound range        : [ 1, 199 ]
  RHS coefficient range       : [ 1, 549 ]

Gurobi 10.0.1 (mac64[arm]) logging started Mon Apr  8 04:53:54 2024

Set parameter LogFile to value "/Users/deniserings/Documents/zib/s-bahn-data/scripts/DeniseMA/processed/BPKW_BKRW_BSNF_O/Branching/BPKW_BKRW_BSNF_O_random4_subMBP202404072240.log"
Gurobi Optimizer version 10.0.1 build v10.0.1rc0 (mac64[arm])

CPU model: Apple M2
Thread count: 8 physical cores, 8 logical processors, using up to 8 threads

Optimize a model with 4413 rows, 2168 columns and 15765 nonzeros
Model fingerprint: 0x2bfc5319
Variable types: 1130 continuous, 1038 integer (66 binary)
Coefficient statistics:
  Matrix range     [1e+00, 2e+02]
  Objective range  [1e+00, 4e+02]
  Bounds range     [1e+00, 2e+02]
  RHS range        [1e+00, 5e+02]

Loaded user MIP start with objective 9798

Presolve removed 2392 rows and 1012 columns
Presolve time: 0.11s
Presolved: 2021 rows, 1156 columns, 8301 nonzeros
Found heuristic solution: objective 9797.9995428
Variable types: 501 continuous, 655 integer (655 binary)

Root relaxation: objective 9.180000e+03, 764 iterations, 0.01 seconds (0.01 work units)

    Nodes    |    Current Node    |     Objective Bounds      |     Work
 Expl Unexpl |  Obj  Depth IntInf | Incumbent    BestBd   Gap | It/Node Time

     0     0 9179.99954    0   44 9797.99954 9179.99954  6.31%     -    0s
     0     0 9179.99954    0   45 9797.99954 9179.99954  6.31%     -    0s
H    0     0                    9797.9994093 9179.99954  6.31%     -    0s
     0     0 9179.99954    0   91 9797.99941 9179.99954  6.31%     -    0s
     0     0 9179.99954    0   89 9797.99941 9179.99954  6.31%     -    0s
     0     0 9179.99954    0   17 9797.99941 9179.99954  6.31%     -    0s
     0     0 9179.99954    0   19 9797.99941 9179.99954  6.31%     -    0s
     0     0 9179.99954    0   32 9797.99941 9179.99954  6.31%     -    0s
     0     0 9179.99954    0   36 9797.99941 9179.99954  6.31%     -    0s
     0     0 9179.99954    0   26 9797.99941 9179.99954  6.31%     -    0s
     0     0 9179.99954    0   26 9797.99941 9179.99954  6.31%     -    0s
     0     2 9179.99954    0   26 9797.99941 9179.99954  6.31%     -    0s
H  235   254                    9797.9993625 9179.99954  6.31%  24.1    0s
H  506   491                    9792.9994093 9179.99954  6.26%  21.2    0s
H 2039  1445                    9785.9994552 9221.08649  5.77%  27.9    2s
H 2304  1487                    9785.9994021 9221.08649  5.77%  27.3    2s
H 2314  1427                    9785.9993992 9221.08649  5.77%  27.3    2s
H 3333  1745                    9785.9993064 9221.90839  5.76%  25.8    3s
 12251  7523 9651.26315   54   30 9785.99931 9254.66960  5.43%  22.6    5s
 29835 19091 9388.01411   54   38 9785.99931 9294.44581  5.02%  20.3   10s
 29906 19139 9333.20771   35   93 9785.99931 9294.44581  5.02%  20.3   15s
 39763 21927 infeasible   50      9785.99931 9378.92521  4.16%  22.2   20s
 59959 26830     cutoff   74      9785.99931 9449.69096  3.44%  23.8   25s
 80655 32389 9479.99954   53   23 9785.99931 9460.42773  3.33%  24.5   30s
 99171 39564     cutoff   74      9785.99931 9467.53687  3.25%  25.1   35s
 120882 51110     cutoff   77      9785.99931 9471.99954  3.21%  25.4   40s
 139141 60352     cutoff   66      9785.99931 9471.99954  3.21%  26.0   45s
 156295 67772 9472.37268   72   27 9785.99931 9471.99954  3.21%  26.6   50s
 173780 75351 9503.63699   72   48 9785.99931 9471.99954  3.21%  27.2   55s
 191930 82905     cutoff   78      9785.99931 9471.99954  3.21%  27.4   60s
 210461 90778 9491.99954   79   33 9785.99931 9471.99954  3.21%  27.6   65s
 228496 97904 9491.99954   64   31 9785.99931 9471.99954  3.21%  27.9   70s
 244383 104257 9764.99954   76   46 9785.99931 9471.99954  3.21%  28.0   75s
 263003 112217 9475.13173   65   54 9785.99931 9471.99954  3.21%  28.1   80s
 278834 119618 9520.99954   64   34 9785.99931 9471.99954  3.21%  28.3   85s
 296626 127773 9554.15904   72   61 9785.99931 9471.99954  3.21%  28.4   90s
 310459 133921     cutoff   80      9785.99931 9471.99954  3.21%  28.5   95s
 326939 139804 9474.01852   68   36 9785.99931 9472.03665  3.21%  28.6  100s
 342180 145555 9618.81518   75   38 9785.99931 9472.09123  3.21%  28.7  105s
 358575 150470     cutoff   72      9785.99931 9472.11955  3.21%  28.7  110s
 374078 155986 9473.87454   66   22 9785.99931 9472.15354  3.21%  28.7  115s
 390821 162264 9722.59608   80   37 9785.99931 9472.16236  3.21%  28.6  120s
 407809 168414 9753.99954   73   19 9785.99931 9472.19892  3.21%  28.6  125s
 424528 174486     cutoff   77      9785.99931 9472.23747  3.21%  28.5  130s
 439533 180176 infeasible   73      9785.99931 9472.28956  3.21%  28.5  135s
 456331 185912 9606.61954   88   39 9785.99931 9472.37862  3.20%  28.4  140s
 471708 191926     cutoff   88      9785.99931 9472.46870  3.20%  28.5  145s
H484633 196116                    9785.9990835 9472.54330  3.20%  28.6  149s
H485848 196637                    9785.9990151 9472.55807  3.20%  28.6  149s
 486540 197242 9514.95287   72   12 9785.99902 9472.56646  3.20%  28.6  150s
 503578 203545 9532.99954   79   17 9785.99902 9472.63898  3.20%  28.6  155s
 519459 208306 9627.99954   71   31 9785.99902 9472.75836  3.20%  28.6  160s
 533715 213437 9758.99954   69   14 9785.99902 9472.89019  3.20%  28.7  165s
 549298 219217 9753.99954   68   13 9785.99902 9472.99954  3.20%  28.7  170s
 564653 225162     cutoff   76      9785.99902 9473.15093  3.20%  28.7  175s
 581066 230753 9494.23987   76   33 9785.99902 9473.22250  3.20%  28.7  180s

Cutting planes:
  Learned: 9
  Gomory: 162
  Cover: 650
  Implied bound: 32
  Clique: 3
  MIR: 205
  StrongCG: 8
  Flow cover: 713
  GUB cover: 1
  Inf proof: 38
  Zero half: 4
  Network: 1
  RLT: 45
  Relax-and-lift: 36

Explored 582212 nodes (16697614 simplex iterations) in 180.10 seconds (217.25 work units)
Thread count was 8 (of 8 available processors)

Solution count 10: 9786 9786 9786 ... 9798

Solve interrupted
Best objective 9.785999015254e+03, best bound 9.473225882210e+03, gap 3.1961%

User-callback calls 1223928, time in user-callback 2.03 sec

Statistics for modelBPKW_BKRW_BSNF_O:
  Linear constraint matrix    : 4413 Constrs, 2168 Vars, 15765 NZs
  Variable types              : 1130 Continuous,
1038 Integer (66 Binary)
  Matrix coefficient range    : [ 1, 200 ]
  Objective coefficient range : [ 1, 368 ]
  Variable bound range        : [ 1, 199 ]
  RHS coefficient range       : [ 1, 549 ]
