
Gurobi 10.0.1 (linux64) logging started Mon Apr  1 03:45:54 2024

Set parameter LogFile to value "/data/optimi/optimi/kombadon/drings/SBahn/s-bahn-data/scripts/DeniseMA/processed/BNB_BSNH_BSAL_BPHD/RINS/BNB_BSNH_BSAL_BPHD_202403312232_random3_0.9.log"
Gurobi Optimizer version 10.0.1 build v10.0.1rc0 (linux64)

CPU model: Intel(R) Xeon(R) CPU E3-1270 v6 @ 3.80GHz, instruction set [SSE2|AVX|AVX2]
Thread count: 4 physical cores, 8 logical processors, using up to 8 threads

Optimize a model with 21244 rows, 8010 columns and 80713 nonzeros
Model fingerprint: 0x2ab09745
Variable types: 2735 continuous, 5275 integer (1117 binary)
Coefficient statistics:
  Matrix range     [1e+00, 4e+02]
  Objective range  [1e+00, 4e+02]
  Bounds range     [1e+00, 2e+02]
  RHS range        [1e+00, 2e+04]

User MIP start did not produce a new incumbent solution
User MIP start violates constraint objective_cutoff by 246.750000000

Presolve removed 9321 rows and 2538 columns
Presolve time: 0.19s
Presolved: 11923 rows, 5472 columns, 50206 nonzeros
Variable types: 1527 continuous, 3945 integer (3945 binary)

Root relaxation: objective 2.028400e+04, 3039 iterations, 0.03 seconds (0.03 work units)

    Nodes    |    Current Node    |     Objective Bounds      |     Work
 Expl Unexpl |  Obj  Depth IntInf | Incumbent    BestBd   Gap | It/Node Time

     0     0 20284.0000    0  246          - 20284.0000      -     -    0s
Another try with MIP start
     0     0 20334.5286    0  671          - 20334.5286      -     -    0s
     0     0 20334.5286    0  522          - 20334.5286      -     -    0s
     0     0 20340.0000    0  724          - 20340.0000      -     -    1s
     0     0 20340.0000    0  601          - 20340.0000      -     -    1s
     0     0 20405.2188    0  590          - 20405.2188      -     -    1s
     0     0 20405.2188    0  594          - 20405.2188      -     -    1s
     0     0 20453.0000    0  561          - 20453.0000      -     -    1s
     0     0 20453.0000    0  561          - 20453.0000      -     -    1s
     0     0 20454.2890    0  557          - 20454.2890      -     -    1s
     0     0 20455.7989    0  573          - 20455.7989      -     -    1s
     0     0 20455.7989    0  553          - 20455.7989      -     -    1s
     0     0 20463.2359    0  577          - 20463.2359      -     -    1s
     0     0 20463.2359    0  617          - 20463.2359      -     -    1s
     0     0 20463.2359    0  550          - 20463.2359      -     -    1s
     0     0 20463.2359    0  509          - 20463.2359      -     -    1s
     0     0 20463.2359    0  256          - 20463.2359      -     -    2s
     0     0 20463.2359    0  465          - 20463.2359      -     -    2s
     0     0 20463.2359    0  256          - 20463.2359      -     -    2s
     0     0 20463.2359    0  238          - 20463.2359      -     -    2s
     0     2 20463.2359    0  212          - 20463.2359      -     -    3s
   617   597 21002.0000   65  199          - 20610.1580      -  25.3    5s
  1118  1004 21405.0000  145  401          - 20835.5192      -  23.4   10s
  1914  1524 21666.4288  107  192          - 20950.2709      -  35.5   15s
  5213  3559 22027.0000  145  196          - 20977.8180      -  29.3   20s
 10052  7605 22619.1845  172  196          - 20991.9096      -  26.4   25s
 13765 10645 infeasible  103               - 20995.4028      -  26.0   30s
 16907 13452 21196.6348   43  299          - 20997.4291      -  26.7   35s
 20523 15933 infeasible  155               - 20997.4291      -  27.0   48s
 20670 17614 21040.7373   40  334          - 20997.4935      -  27.2   50s
H23967 18434                    24224.250000 20998.7566  13.3%  27.2   52s
H23978 18298                    23731.000000 20998.7566  11.5%  27.2   53s
H23993 18298                    23730.000000 20998.7566  11.5%  27.3   53s
 24641 18866 infeasible  102      23730.0000 21000.0971  11.5%  28.2   55s
H24700 18596                    23467.000000 21002.2719  10.5%  28.3   55s
H24827 18821                    23457.000000 21003.8405  10.5%  28.4   55s
H25286 19224                    23449.000000 21003.8405  10.4%  28.6   56s
H25603 19301                    23448.000000 21004.7777  10.4%  28.6   57s
H25647 19355                    23447.000000 21004.7777  10.4%  28.6   57s
H25662 19355                    23445.000000 21004.7777  10.4%  28.7   57s
H25720 19659                    23444.000000 21004.7777  10.4%  28.7   58s
H26074 19695                    23428.000000 21004.7777  10.3%  28.7   59s
 26307 19878 infeasible  116      23428.0000 21004.7777  10.3%  29.0   60s
 28623 21636 21869.1651   45  435 23428.0000 21005.8566  10.3%  30.5   65s
 31035 23401 22097.1550   76  311 23428.0000 21007.4291  10.3%  32.1   70s
 33442 25210 22267.7964   71  304 23428.0000 21011.5672  10.3%  33.4   75s
 35434 26951 21443.1952   57  299 23428.0000 21018.6133  10.3%  34.7   80s
 37472 28592 23402.1550   63  241 23428.0000 21018.8845  10.3%  35.5   85s
 39184 29729 21154.9558   30  418 23428.0000 21023.3751  10.3%  36.2   90s
H39917 30005                    23399.000000 21025.6884  10.1%  36.4   91s
H41064 31098                    23398.000000 21025.7551  10.1%  36.9   94s
 41331 31495 22396.0638  100  161 23398.0000 21025.7551  10.1%  37.0   95s
H41612 31467                    23391.000000 21025.7551  10.1%  37.1   95s
 43681 33201 21382.9857   47  471 23391.0000 21025.7551  10.1%  37.7  100s
 45589 34583 21074.1361   39  568 23391.0000 21025.7551  10.1%  38.6  105s
 46988 35773 21381.1550   61  324 23391.0000 21025.9619  10.1%  39.3  110s
 49257 37461 22407.1550   60  282 23391.0000 21030.0937  10.1%  40.1  115s
 51202 38869 21541.5439   45  339 23391.0000 21037.2835  10.1%  41.1  120s
 53049 40331 22390.0712   89  202 23391.0000 21038.7551  10.1%  41.9  126s
 54960 41801 21105.9135   38  551 23391.0000 21040.1107  10.1%  42.3  130s
 56661 43037 21948.6351   57  407 23391.0000 21040.7551  10.0%  42.8  135s
 58800 44334 21186.9751   29  462 23391.0000 21045.1426  10.0%  43.8  140s
 60994 46011 21174.9390   19  521 23391.0000 21048.2693  10.0%  44.0  145s
 62558 48004 21839.2738   47  320 23391.0000 21048.2693  10.0%  43.9  150s
 65025 49180 23008.3139   40  348 23391.0000 21049.4890  10.0%  44.3  155s
H66697 50226                    23365.000000 21049.4890  9.91%  44.4  159s
 66894 51018 21628.7445   68  315 23365.0000 21049.4890  9.91%  44.5  161s
 69362 52453 infeasible  144      23365.0000 21049.4890  9.91%  44.5  166s
 71603 54038 21429.5708   69  176 23365.0000 21049.4890  9.91%  44.6  170s
 73124 56104 22964.5708   61  257 23365.0000 21049.4922  9.91%  44.9  176s
 75701 57360 21059.1541   46  385 23365.0000 21049.4922  9.91%  45.0  180s
 77583 58885 21752.5338   54  361 23365.0000 21049.4922  9.91%  45.4  186s
 79705 59958 21154.7596   24  600 23365.0000 21049.5271  9.91%  45.5  190s
 81083 61384 21473.1550   82  239 23365.0000 21049.5909  9.91%  45.7  195s
 83383 62730 22400.5708   54  216 23365.0000 21049.7737  9.91%  46.0  201s
H84598 63354                    23364.999989 21049.7737  9.91%  46.1  204s
 84720 63663 21575.0816   37  378 23365.0000 21049.7737  9.91%  46.1  206s
 86326 64730 23123.9298   84  227 23365.0000 21049.7737  9.91%  46.2  210s
 87697 66343 22277.5708   44  337 23365.0000 21049.7737  9.91%  46.5  215s
 90391 68180 21216.5708   53  337 23365.0000 21049.9940  9.91%  46.7  221s
 92347 69343 infeasible   30      23365.0000 21050.8439  9.90%  47.0  226s
 94422 71150 22271.5125   52  324 23365.0000 21051.2188  9.90%  47.2  231s
 95755 71959 23111.5826   53  320 23365.0000 21051.6024  9.90%  47.4  235s
 97610 73087 21949.4135   38  371 23365.0000 21052.0733  9.90%  47.7  241s
 99556 74224 21964.5708   43  432 23365.0000 21053.1139  9.89%  47.9  246s
 100740 75051 21392.5708   53  363 23365.0000 21053.6327  9.89%  48.1  250s
 102259 76425 21142.6110   40  417 23365.0000 21054.4542  9.89%  48.3  255s
 104134 77615 21099.6882   34  509 23365.0000 21054.5906  9.89%  48.7  261s
 105953 79308 21757.2745   34  573 23365.0000 21055.4922  9.88%  48.8  266s
 107812 80154 22786.9837  143  112 23365.0000 21055.7737  9.88%  49.0  270s
 109717 81677 21428.2661   49  482 23365.0000 21056.0733  9.88%  49.4  276s
 111240 83205 21140.1826   41  540 23365.0000 21056.4922  9.88%  49.7  280s
 113279 84266 21163.4286   31  455 23365.0000 21057.0440  9.88%  49.8  285s
 114920 85471 21809.4187   40  477 23365.0000 21057.4135  9.88%  50.1  291s
 116419 86611 21268.7593   40  526 23365.0000 21057.4135  9.88%  50.3  296s
 117873 88030 23244.9804  100  170 23365.0000 21057.4709  9.88%  50.6  301s
 119040 88830 22190.3357   83  327 23365.0000 21057.4734  9.88%  50.7  305s
 121021 89964 22405.3608  116  202 23365.0000 21057.5063  9.88%  50.9  310s
 122486 91284 21155.2305   45  410 23365.0000 21057.9344  9.87%  51.2  316s
 124974 92741 23282.1093  103  127 23365.0000 21058.1445  9.87%  51.3  321s
 125605 93583 21256.3220   35  554 23365.0000 21058.1626  9.87%  51.3  325s
 127710 94614 21137.6679   34  622 23365.0000 21058.7557  9.87%  51.7  330s
 129443 95848 21535.4452   57  362 23365.0000 21059.1541  9.87%  51.9  335s
 130625 96453 21138.5708   55  347 23365.0000 21059.1541  9.87%  52.0  340s
 132047 97561 21824.1550   81  275 23365.0000 21059.4135  9.87%  52.1  345s
 133912 98932 21149.2305   43  456 23365.0000 21059.7398  9.87%  52.3  350s
 135196 100105 21544.4098   40  494 23365.0000 21060.2992  9.86%  52.5  355s
 136014 101162 22774.5913   77  333 23365.0000 21060.5939  9.86%  52.7  361s
 138482 102451 21940.5708   50  320 23365.0000 21061.8766  9.86%  53.1  366s
 139677 103220 21747.0164   57  382 23365.0000 21062.0439  9.86%  53.3  370s
 141679 104196 21766.5708   55  308 23365.0000 21062.3115  9.86%  53.5  376s
 143071 105299 22049.5325   40  447 23365.0000 21062.6155  9.85%  53.7  381s
 144536 106423 21116.2225   42  489 23365.0000 21063.2752  9.85%  54.0  385s
 146283 107506 22827.5610   91  206 23365.0000 21063.8263  9.85%  54.1  390s
 147444 108580 22245.4142   81  277 23365.0000 21064.1374  9.85%  54.4  396s
 148901 109469 21160.3648   50  338 23365.0000 21065.1541  9.84%  54.6  400s
 150206 110451 21375.8643   33  481 23365.0000 21065.4537  9.84%  54.8  405s
 151710 111411 21169.7296   23  520 23365.0000 21066.3152  9.84%  55.1  410s
 153054 112392 21230.8018   24  679 23365.0000 21066.8973  9.84%  55.3  416s
 154244 113079 21625.7116   53  334 23365.0000 21067.3261  9.83%  55.5  420s
 155675 114191 21235.7296   34  464 23365.0000 21068.3419  9.83%  55.7  425s
 157002 114729 21239.7059   30  348 23365.0000 21068.8018  9.83%  55.8  430s
 157022 117666 21493.7059   32  352 23365.0000 21068.8018  9.83%  55.8  446s
 161540 118633 22488.2548   76  289 23365.0000 21068.9364  9.83%  56.5  451s
 162748 119349 22756.4354   66  305 23365.0000 21069.3629  9.83%  56.7  456s
 163960 120627 22365.9333   37  398 23365.0000 21069.8527  9.82%  56.9  460s
 165640 121702 22380.4768   61  302 23365.0000 21069.9142  9.82%  57.1  465s
 167990 122920 21205.9735   32  526 23365.0000 21070.0564  9.82%  57.3  471s
 169412 124157 infeasible   38      23365.0000 21070.0833  9.82%  57.4  476s
 171004 125241 21740.7571   50  386 23365.0000 21070.3114  9.82%  57.4  480s
 172366 126468 21088.7056   21  655 23365.0000 21070.4590  9.82%  57.7  485s
 174050 127369 21429.4532   45  514 23365.0000 21070.6903  9.82%  57.8  491s
 175094 128311 22991.9091   62  207 23365.0000 21070.9503  9.82%  58.0  496s
 176650 129362     cutoff  100      23365.0000 21071.1501  9.82%  58.0  500s
 178443 130775 21158.7864   43  370 23365.0000 21071.4174  9.82%  58.1  505s
 179923 132235 21906.1550   96  162 23365.0000 21071.6707  9.82%  58.3  511s
 181894 133220 infeasible   92      23365.0000 21072.1238  9.81%  58.4  516s
 183276 134440 22140.9533   36  409 23365.0000 21072.3883  9.81%  58.6  521s
 184408 135092 22987.1664  111  143 23365.0000 21072.4731  9.81%  58.8  525s
 186064 136149 infeasible   63      23365.0000 21072.5356  9.81%  59.0  531s
 187218 137056 21739.5735   29  480 23365.0000 21072.6611  9.81%  59.0  535s
 188862 138100     cutoff   60      23365.0000 21072.9475  9.81%  59.2  541s
 190043 139367 21384.8343   40  696 23365.0000 21073.1512  9.81%  59.3  547s
 191308 140274 23055.2774   50  352 23365.0000 21073.3977  9.81%  59.4  552s
 192619 141108 21075.8831   27  512 23365.0000 21073.6176  9.81%  59.5  556s
 193752 141904 21300.4684   40  671 23365.0000 21073.7811  9.81%  59.7  560s
 194887 142883 23235.3337   71  217 23365.0000 21074.0379  9.81%  59.9  565s
 196217 143672 21507.4297   54  354 23365.0000 21074.2021  9.80%  60.0  570s
 198214 144906 21342.2985   32  353 23365.0000 21074.4253  9.80%  60.1  576s
 199669 145945 21333.6696   24  552 23365.0000 21074.4433  9.80%  60.1  580s
 200850 147197 21116.3760   30  499 23365.0000 21074.4463  9.80%  60.2  585s
 202565 148417 21260.3387   26  490 23365.0000 21074.4463  9.80%  60.3  592s
 203733 149583 21433.5961   42  337 23365.0000 21074.5966  9.80%  60.3  596s
 205299 150395 22215.3162   55  404 23365.0000 21074.8229  9.80%  60.4  601s
 206336 151339 21846.0400   50  337 23365.0000 21074.9385  9.80%  60.5  605s
 208566 152633 21096.5468   25  747 23365.0000 21075.1960  9.80%  60.5  611s
 210152 153760 21219.0750   48  446 23365.0000 21075.4822  9.80%  60.6  615s
 211789 155136 23266.5906   73  376 23365.0000 21075.6615  9.80%  60.7  621s
 212701 155763 21093.8308   25  532 23365.0000 21075.8790  9.80%  60.8  626s
 214497 156845 22513.4041   59  256 23365.0000 21075.8790  9.80%  60.8  630s
 216400 158695 21593.5552   45  374 23365.0000 21075.8790  9.80%  60.9  636s
 217800 159160 21075.9011   28  494 23365.0000 21075.8790  9.80%  60.9  640s
 218835 160128 21278.1533   35  525 23365.0000 21075.8831  9.80%  60.9  646s
 219937 161010 21378.2046   31  581 23365.0000 21075.8831  9.80%  60.9  650s
 221791 162190 21573.7533   51  391 23365.0000 21075.8969  9.80%  60.9  655s
 223210 163228 21077.8308   31  560 23365.0000 21075.8980  9.80%  61.0  661s
 224643 164282 21093.7533   31  458 23365.0000 21075.9011  9.80%  61.0  665s
 226438 165629 21732.1617   48  336 23365.0000 21075.9011  9.80%  61.1  671s
 227675 166662 infeasible   42      23365.0000 21075.9011  9.80%  61.1  675s
 229329 168061 21889.7533   61  335 23365.0000 21075.9011  9.80%  61.2  681s
 230737 169060 21163.7533   34  450 23365.0000 21075.9011  9.80%  61.1  685s
 232948 170269 21077.8308   30  533 23365.0000 21075.9011  9.80%  61.2  691s
 234501 171844 23244.7533   39  387 23365.0000 21075.9011  9.80%  61.2  696s
 235855 172721 21075.9011   33  597 23365.0000 21075.9011  9.80%  61.2  700s
 237395 173619 21958.4041   52  292 23365.0000 21075.9011  9.80%  61.2  705s
 239097 175029 21846.3639   65  192 23365.0000 21075.9011  9.80%  61.3  710s
 240397 176030 22163.7533   48  333 23365.0000 21075.9011  9.80%  61.3  716s
 241530 176973 22137.1469   85  286 23365.0000 21075.9011  9.80%  61.3  721s
 242977 177786 23310.8084   71  283 23365.0000 21076.2000  9.80%  61.4  726s
 244826 178799 21195.8600   26  705 23365.0000 21076.2864  9.80%  61.5  731s
 246354 179888 22842.1932   46  369 23365.0000 21076.3640  9.80%  61.5  735s
 248195 181276 22353.6160   50  307 23365.0000 21076.6082  9.79%  61.6  741s
 249143 181816 21094.4277   30  569 23365.0000 21076.7189  9.79%  61.7  745s
 249992 182740 22939.9715   80  274 23365.0000 21076.7189  9.79%  61.8  750s
 252277 184064 infeasible  134      23365.0000 21077.0030  9.79%  62.0  756s
 253974 185175 23148.5439   74  275 23365.0000 21077.0951  9.79%  62.0  760s

Cutting planes:
  Learned: 218
  Gomory: 395
  Cover: 2029
  Implied bound: 561
  Projected implied bound: 35
  Clique: 286
  MIR: 566
  StrongCG: 94
  Flow cover: 2343
  GUB cover: 5
  Inf proof: 30
  Zero half: 67
  Network: 38
  RLT: 110
  Relax-and-lift: 217

Explored 254224 nodes (15814041 simplex iterations) in 760.72 seconds (1212.11 work units)
Thread count was 8 (of 8 available processors)

Solution count 10: 23365 23365 23391 ... 23448

Solve interrupted
Best objective 2.336499998883e+04, best bound 2.107717464855e+04, gap 9.7917%

User-callback calls 694391, time in user-callback 2.15 sec

Statistics for modelBNB_BSNH_BSAL_BPHD:
  Linear constraint matrix    : 21244 Constrs, 8010 Vars, 80713 NZs
  Variable types              : 2735 Continuous,
5275 Integer (1117 Binary)
  Matrix coefficient range    : [ 1, 382 ]
  Objective coefficient range : [ 1, 382 ]
  Variable bound range        : [ 1, 199 ]
  RHS coefficient range       : [ 1, 24428.3 ]
