
Gurobi 10.0.1 (linux64) logging started Mon Apr  1 02:44:06 2024

Set parameter LogFile to value "/data/optimi/optimi/kombadon/drings/SBahn/s-bahn-data/scripts/DeniseMA/processed/BNB_BSNH_BSAL_BPHD/RINS/BNB_BSNH_BSAL_BPHD_202403312232_random0_0.9.log"
Gurobi Optimizer version 10.0.1 build v10.0.1rc0 (linux64)

CPU model: Intel(R) Xeon(R) CPU E3-1270 v6 @ 3.80GHz, instruction set [SSE2|AVX|AVX2]
Thread count: 4 physical cores, 8 logical processors, using up to 8 threads

Optimize a model with 21244 rows, 8010 columns and 80713 nonzeros
Model fingerprint: 0xa4c3c60c
Variable types: 2735 continuous, 5275 integer (1117 binary)
Coefficient statistics:
  Matrix range     [1e+00, 4e+02]
  Objective range  [1e+00, 4e+02]
  Bounds range     [1e+00, 2e+02]
  RHS range        [1e+00, 2e+04]

User MIP start did not produce a new incumbent solution
User MIP start violates constraint objective_cutoff by 246.750000000

Presolve removed 9539 rows and 2537 columns
Presolve time: 0.22s
Presolved: 11705 rows, 5473 columns, 48693 nonzeros
Variable types: 1530 continuous, 3943 integer (3943 binary)

Root relaxation: objective 2.027400e+04, 3053 iterations, 0.03 seconds (0.03 work units)

    Nodes    |    Current Node    |     Objective Bounds      |     Work
 Expl Unexpl |  Obj  Depth IntInf | Incumbent    BestBd   Gap | It/Node Time

     0     0 20274.0000    0  246          - 20274.0000      -     -    0s
Another try with MIP start
     0     0 20337.1249    0  769          - 20337.1249      -     -    1s
     0     0 20337.1249    0  715          - 20337.1249      -     -    1s
     0     0 20384.5287    0  748          - 20384.5287      -     -    1s
     0     0 20384.5287    0  693          - 20384.5287      -     -    1s
     0     0 20469.3179    0  711          - 20469.3179      -     -    1s
     0     0 20475.2030    0  691          - 20475.2030      -     -    1s
     0     0 20475.2030    0  583          - 20475.2030      -     -    1s
     0     0 20479.9774    0  590          - 20479.9774      -     -    2s
     0     0 20494.2631    0  625          - 20494.2631      -     -    2s
     0     0 20494.2631    0  627          - 20494.2631      -     -    2s
     0     0 20494.4853    0  669          - 20494.4853      -     -    2s
     0     0 20494.4853    0  694          - 20494.4853      -     -    2s
     0     0 20494.4853    0  605          - 20494.4853      -     -    2s
     0     0 20494.4853    0  601          - 20494.4853      -     -    2s
     0     0 20520.2039    0  278          - 20520.2039      -     -    2s
     0     0 20520.2039    0  491          - 20520.2039      -     -    2s
     0     0 20520.2039    0  465          - 20520.2039      -     -    2s
     0     0 20520.2039    0  543          - 20520.2039      -     -    3s
     0     0 20520.2039    0  545          - 20520.2039      -     -    3s
     0     0 20520.2039    0  595          - 20520.2039      -     -    3s
     0     0 20520.2039    0  619          - 20520.2039      -     -    3s
     0     0 20535.9774    0  622          - 20535.9774      -     -    3s
     0     0 20535.9774    0  681          - 20535.9774      -     -    3s
     0     0 20535.9774    0  755          - 20535.9774      -     -    3s
     0     0 20535.9774    0  210          - 20535.9774      -     -    4s
     0     0 20535.9774    0  178          - 20535.9774      -     -    4s
     0     0 20535.9774    0  492          - 20535.9774      -     -    5s
     0     0 20535.9774    0  490          - 20535.9774      -     -    5s
     0     0 20535.9774    0  472          - 20535.9774      -     -    5s
     0     0 20535.9774    0  481          - 20535.9774      -     -    5s
     0     0 20535.9774    0  561          - 20535.9774      -     -    5s
     0     0 20535.9774    0  497          - 20535.9774      -     -    5s
     0     0 20535.9774    0  498          - 20535.9774      -     -    5s
     0     0 20535.9774    0  480          - 20535.9774      -     -    5s
     0     0 20535.9774    0  551          - 20535.9774      -     -    5s
     0     0 20535.9774    0  499          - 20535.9774      -     -    6s
     0     0 20535.9774    0  512          - 20535.9774      -     -    6s
     0     0 20535.9774    0  491          - 20535.9774      -     -    6s
     0     0 20535.9774    0  269          - 20535.9774      -     -    6s
     0     0 20535.9774    0  316          - 20535.9774      -     -    6s
     0     0 20535.9774    0  279          - 20535.9774      -     -    6s
     0     0 20535.9774    0  251          - 20535.9774      -     -    6s
     0     0 20535.9836    0  285          - 20535.9836      -     -    7s
     0     0 20535.9836    0  250          - 20535.9836      -     -    7s
     0     2 20535.9836    0  216          - 20535.9836      -     -    7s
  1193  1003 20854.0200   17  210          - 20617.0000      -  18.2   10s
  1228  1026 22173.0000  113  676          - 20639.7009      -  17.7   15s
  1312  1088 20726.8166   25  234          - 20697.4364      -  57.3   20s
  2888  1985 23346.6239  131  128          - 20697.4364      -  42.6   25s
  6159  4274 22404.0000  106  253          - 20725.3657      -  32.6   30s
 10713  8264 21052.5025   35  456          - 20762.4471      -  28.8   35s
 13966 10409 22207.7568  125  225          - 20804.5051      -  28.0   40s
 17330 12870 21625.3100   85  293          - 20812.4703      -  28.3   45s
 21009 16100 21288.5061   52  355          - 20819.1302      -  27.4   61s
 23989 18342 21301.2237   61  343          - 20828.2972      -  27.0   65s
 28096 21705 22256.3646   84  355          - 20836.6991      -  27.2   70s
 31232 23961 21052.8194   23  578          - 20839.3323      -  27.4   75s
 35312 27296 infeasible   85               - 20849.2198      -  27.1   80s
 39216 30505 20882.7441   30  608          - 20854.5033      -  27.2   85s
 43153 33664 21788.3646   85  339          - 20859.4187      -  27.4   90s
 46822 36487 21573.5265   92  379          - 20865.9326      -  27.5   95s
 50010 39237 21590.7631  107  271          - 20871.5066      -  27.5  100s
 53080 42226 21460.5603   41  318          - 20885.0034      -  27.7  105s
 57273 45221 21750.0980   98  273          - 20898.7123      -  28.2  110s
 60332 47694 23373.3333  167  129          - 20909.6709      -  28.3  115s
 63862 50477 21253.9826   56  449          - 20918.0240      -  28.3  120s
 67802 54007 21179.5817   35  416          - 20925.4039      -  28.4  125s
 71979 57157 21277.9249   39  378          - 20932.1849      -  28.4  130s
 75498 59670 infeasible   84               - 20935.1216      -  28.5  135s
 79343 62723 21109.4859   28  482          - 20936.3084      -  28.5  140s
 83534 66094 21053.3938   30  505          - 20938.0060      -  28.6  145s
 86511 68942 21736.6667   82  395          - 20939.0694      -  28.6  150s
 91260 72286 21086.2784   26  548          - 20942.1756      -  28.5  155s
 93881 74604 21186.8222   51  492          - 20943.6270      -  28.6  160s
 97703 77382 22486.8757  129  210          - 20945.1235      -  28.7  165s
 101236 80450 21895.0000  115  265          - 20946.5438      -  28.8  170s
 105859 83452 22063.7955   83  342          - 20949.4943      -  28.9  175s
 110000 86952 21337.1907   59  374          - 20951.3403      -  28.9  180s
 114239 90476 21506.0313   47  390          - 20953.6759      -  28.9  185s
 115544 91306 22144.8294  103  174          - 20954.0609      -  29.0  190s
 119964 94839 infeasible  149               - 20955.9527      -  29.0  195s
 123764 97765 21405.8676   37  393          - 20957.1483      -  29.2  200s
 127992 101500 21226.4969   34  434          - 20959.7347      -  29.1  205s
 132047 104695 21486.6087   66  386          - 20960.8921      -  29.2  210s
 136444 108147 21652.4673  117  328          - 20962.4697      -  29.3  215s
 140392 111018 22039.8141  101  243          - 20963.3807      -  29.4  220s
 143794 113859 22293.3124   84  338          - 20964.8095      -  29.5  225s
 146900 116264 22054.0000  123  225          - 20965.6895      -  29.5  231s
 149358 118332 21634.1850   87  220          - 20966.5854      -  29.6  235s
 153474 121703 21075.5481   30  534          - 20968.7435      -  29.6  240s
 156899 124835 infeasible   66               - 20969.5809      -  29.7  245s
 161026 128147 22614.8646   94  224          - 20971.0181      -  29.8  250s
 165265 131204 22963.3646  123  224          - 20972.9190      -  29.8  255s
 168354 133583 21266.4596   33  513          - 20974.6069      -  29.8  260s
 172303 137130 21563.3646   48  394          - 20976.5703      -  29.9  265s
 176436 140389 21371.4247   37  418          - 20978.4697      -  29.9  270s
 179051 142647 21569.7516   73  477          - 20979.9466      -  29.9  275s
 183238 146029 22472.8683  120  217          - 20980.7506      -  30.0  280s
 187388 149394 21429.8947   91  365          - 20981.7236      -  30.0  285s
 189412 153044 21279.3886   45  477          - 20982.2229      -  30.0  290s
 192833 153266 22321.3646  119  200          - 20982.6826      -  30.0  295s
 196361 156139 22795.2166  116  268          - 20984.2867      -  30.1  300s
 199839 160549 21506.4130   97  269          - 20984.9682      -  30.1  307s
 204058 162510 21336.2276   80  297          - 20986.8133      -  30.1  310s
 207920 165657 21190.7139   42  491          - 20988.1470      -  30.2  315s
 212129 168700 infeasible   67               - 20989.5099      -  30.2  320s
 215934 172123 22188.3646  129  233          - 20990.2123      -  30.3  325s
 220501 175368 21374.1612   66  433          - 20992.0068      -  30.2  330s
 224379 178514 22768.6429  137  148          - 20993.3517      -  30.3  336s
 227527 181160 21447.0776   63  402          - 20995.0904      -  30.3  340s
 231024 184364 21486.3646   82  353          - 20996.1657      -  30.4  345s
 232966 185864 21953.7894  121  313          - 20996.5376      -  30.4  350s
 237920 189144 21212.5430   27  524          - 20998.2898      -  30.4  355s
 242513 192747 21194.8552   28  527          - 20999.4518      -  30.3  360s
 246678 196381 21490.7641   70  333          - 21000.7145      -  30.3  365s
 250667 199472 23175.0592  137  135          - 21001.4370      -  30.3  370s
 254641 202978 21865.2771  114  235          - 21002.2851      -  30.3  375s
 259318 206202 infeasible   71               - 21003.4187      -  30.4  380s
 261394 207890 21260.5769   65  393          - 21003.8917      -  30.4  386s
 263057 209717 21393.5400   65  385          - 21003.9830      -  30.4  390s
 267788 213128 22838.2000  141  171          - 21005.2710      -  30.4  395s
 271992 216400 infeasible  183               - 21006.2980      -  30.4  400s
 276226 220045 21244.2117   49  426          - 21006.9221      -  30.4  405s
 280519 223606 22332.2580  160  166          - 21007.4943      -  30.4  410s
 284254 226283 infeasible  118               - 21008.0709      -  30.5  415s
 288362 229859 21570.1472   96  295          - 21008.6120      -  30.5  420s
 292122 232861 21312.4542   64  434          - 21009.4897      -  30.6  425s
 296176 235882 21252.0664   57  452          - 21010.7862      -  30.6  430s
 299683 238708 21192.0776   35  527          - 21011.7739      -  30.7  435s
 303407 242233 21914.0347  109  281          - 21012.8298      -  30.7  440s
 307740 245186 22510.6558  106  313          - 21013.5670      -  30.7  445s
 311224 248305 22358.1941  140  198          - 21014.0943      -  30.8  450s
 314690 250670 22619.4493   93  254          - 21015.0126      -  30.8  457s
 316685 252668 infeasible  156               - 21015.6045      -  30.8  460s
 321106 255977 21294.7130   27  546          - 21016.6546      -  30.8  465s
 324788 259006 21709.5768   96  310          - 21017.2055      -  30.8  470s
 329094 262037 22478.7500  134  170          - 21018.0984      -  30.9  475s
 332877 265244 21289.2519   43  447          - 21019.1067      -  30.9  480s
 336656 268174 21353.0776   38  455          - 21020.0395      -  31.0  485s
 339882 270900 22873.2000  124  182          - 21020.9954      -  31.0  490s
 343970 274083 21265.2226   77  396          - 21021.9693      -  31.1  495s
 347798 277106 22264.7548  123  167          - 21022.6393      -  31.2  500s
 350493 278816 infeasible  116               - 21023.0413      -  31.2  507s
 351056 279789 21987.3646  100  219          - 21023.0413      -  31.3  510s
 354623 282637 21878.5455   66  290          - 21024.0161      -  31.3  515s
 358494 285752 23216.0000  141  109          - 21024.3753      -  31.4  520s
 362945 289276 21485.0000   67  314          - 21024.8681      -  31.4  525s
 365689 293504 21346.0786   65  455          - 21025.6457      -  31.5  531s
 370583 295332 21318.7130   36  554          - 21026.7085      -  31.5  535s
 374298 298238 21413.0776   50  402          - 21027.1400      -  31.6  540s
 378338 301101 21261.3298   36  469          - 21027.7095      -  31.6  545s
 382295 304553 24285.3656   95  293          - 21027.8681      -  31.6  550s
 386095 307528 21376.5303   98  345          - 21027.8729      -  31.7  555s
 390347 310639 22744.1082  116  202          - 21027.9198      -  31.7  560s
 394344 313456 21158.7277   31  534          - 21028.0853      -  31.8  565s
 397558 316520 21490.8681   47  544          - 21028.6481      -  31.8  570s
 401339 319310 21456.8756   96  410          - 21029.7274      -  31.8  575s
 405696 322222 infeasible  138               - 21030.2938      -  31.9  580s
 409272 325392 21555.1796   86  377          - 21030.7431      -  31.9  585s
 412457 327535 infeasible   90               - 21031.5832      -  32.0  591s
 414234 329256 infeasible  128               - 21031.9267      -  32.0  595s
 418058 332646 21685.5776   71  345          - 21032.6596      -  32.0  600s
 421725 335281 21359.0600   37  414          - 21033.2828      -  32.1  605s
 425645 338435 21184.5495   51  559          - 21033.7274      -  32.1  610s
 429245 341046 21552.7645   79  319          - 21034.0753      -  32.2  615s
 433394 344341 21329.0776   44  396          - 21034.9653      -  32.2  620s
 436820 347176 21349.7130   43  501          - 21035.5213      -  32.2  625s
 440459 349987 21484.0748   65  420          - 21036.2397      -  32.3  630s
 444392 352946 infeasible   69               - 21036.7676      -  32.3  635s
 448008 355795 21590.0266   95  351          - 21037.4057      -  32.4  640s
 449316 356741 21423.0776   63  374          - 21037.9108      -  32.4  645s
 453051 359861 23757.7586  152  177          - 21038.9335      -  32.4  650s
 456635 362811 21145.5510   32  653          - 21039.5068      -  32.5  655s
 459500 365734 infeasible   98               - 21040.0933      -  32.5  660s
 463341 368016 21095.7130   35  524          - 21040.2454      -  32.6  665s
 466936 371057 infeasible   92               - 21040.7359      -  32.7  670s
 470601 373887 21298.0862   36  530          - 21041.0482      -  32.7  675s
 474043 376673 21646.1510   89  397          - 21041.4943      -  32.8  680s
 477973 379578 22621.2246  111  258          - 21041.6541      -  32.8  685s
H478780 374103                    23944.250000 21041.6839  12.1%  32.8  686s
H478791 370886                    23736.000000 21041.6839  11.4%  32.8  687s
H478791 365782                    23477.000000 21041.6839  10.4%  32.8  687s
 479549 366389 21238.0146   59  469 23477.0000 21041.7359  10.4%  32.8  690s
H480990 367872                    23468.000000 21041.7364  10.3%  32.9  695s
H481603 366330                    23406.000000 21041.7364  10.1%  32.9  695s
H481991 366645                    23386.000000 21041.7364  10.0%  33.0  698s
H482847 366740                    23379.000000 21041.7368  10.0%  33.0  700s
H483806 367479                    23373.000000 21041.7368  10.0%  33.0  703s
 484389 367615 21236.7142   29  506 23373.0000 21041.9548  10.0%  33.1  705s
H484430 367438                    23368.000000 21041.9548  10.0%  33.1  705s
H485018 368203                    23367.000000 21042.1845  9.95%  33.1  707s
H485434 368288                    23365.000000 21042.3063  9.94%  33.1  709s
H485584 368251                    23364.000000 21042.3063  9.94%  33.1  709s
H485622 368729                    23363.000000 21042.3063  9.93%  33.1  711s
 486984 369408 21271.8810   68  381 23363.0000 21042.5363  9.93%  33.2  716s
 487788 369977 21342.8267   38  512 23363.0000 21042.6447  9.93%  33.2  720s
H487949 369816                    23358.000000 21042.7130  9.91%  33.2  720s
 488784 370679 22171.1936   58  345 23358.0000 21042.7130  9.91%  33.3  726s
 489282 371072 21187.4872   45  449 23358.0000 21042.7987  9.91%  33.3  731s
H490085 371153                    23345.000000 21042.8058  9.86%  33.4  733s
 490297 371307 21480.6872   55  475 23345.0000 21042.8058  9.86%  33.4  735s
 491552 372828 21147.3065   50  608 23345.0000 21043.0776  9.86%  33.5  742s
 492669 373449 21223.5715   57  423 23345.0000 21043.2479  9.86%  33.5  745s
 494336 374460     cutoff   82      23345.0000 21043.5319  9.86%  33.6  751s
 495332 375298 21236.9094   31  555 23345.0000 21043.7139  9.86%  33.7  755s
 496962 377004 23041.0733   56  281 23345.0000 21043.7359  9.86%  33.8  761s
 499081 378707 21273.5051   39  534 23345.0000 21044.2463  9.86%  33.9  766s
 500271 379577 21643.7900   71  405 23345.0000 21044.4163  9.85%  34.0  770s
H501182 379696                    23344.999910 21044.5336  9.85%  34.0  771s
 502075 381017 21317.6994   36  670 23344.9999 21044.6646  9.85%  34.1  775s
 503965 382095 21578.0408   41  506 23344.9999 21045.1761  9.85%  34.2  781s
 505557 383602 infeasible   45      23344.9999 21045.4943  9.85%  34.4  786s
 506478 384597 21388.5728   52  464 23344.9999 21045.5351  9.85%  34.5  790s
 508876 386261 23034.5100  114  247 23344.9999 21045.8762  9.85%  34.6  796s
 510633 387384 21210.2922   30  533 23344.9999 21046.2979  9.85%  34.7  801s
 511855 389683 21257.4176   49  477 23344.9999 21046.4404  9.85%  34.8  810s
 514426 390116 21537.7900   50  539 23344.9999 21046.7936  9.84%  35.0  815s
 514500 390467 22037.7154   68  317 23344.9999 21046.7936  9.84%  35.0  820s
 515941 391520 21232.2951   49  525 23344.9999 21046.9468  9.84%  35.1  825s
 517770 393314 21099.6919   26  740 23344.9999 21047.2833  9.84%  35.2  831s
 519842 394740 21520.8623   48  469 23344.9999 21047.5199  9.84%  35.4  836s
 520963 395572 21280.0650   38  475 23344.9999 21047.7655  9.84%  35.5  840s
 522976 396859 infeasible   90      23344.9999 21048.1108  9.84%  35.6  846s
 524449 398278 22959.0194   58  278 23344.9999 21048.4496  9.84%  35.7  851s
 525766 399303 21469.3211   35  583 23344.9999 21048.9208  9.84%  35.8  855s
 527669 400428 21055.3289   34  545 23344.9999 21049.2323  9.83%  36.0  860s
 528900 401534     cutoff   41      23344.9999 21049.4921  9.83%  36.1  866s
 529849 401973 21195.0976   30  600 23344.9999 21049.6161  9.83%  36.2  870s
 531461 403264 21052.9080   29  582 23344.9999 21049.8826  9.83%  36.3  876s
 533227 404605 21574.4097   59  494 23344.9999 21050.1545  9.83%  36.4  880s
 534387 405848 21322.4488   52  523 23344.9999 21050.2833  9.83%  36.5  885s
 536182 407007 21240.6989   29  685 23344.9999 21050.5534  9.83%  36.6  890s
 537736 408430 21486.3865   50  545 23344.9999 21051.0788  9.83%  36.7  895s
 539302 409541 22052.2022   74  326 23344.9999 21051.3599  9.82%  36.9  900s
 541389 410967 21395.7569   34  649 23344.9999 21051.7633  9.82%  37.0  905s
 543166 412368 21533.1035   41  525 23344.9999 21052.0909  9.82%  37.1  911s
 544573 413687 21265.2106   51  529 23344.9999 21052.2568  9.82%  37.2  916s
 545466 414511 21341.7046   47  654 23344.9999 21052.2573  9.82%  37.3  920s
 547390 415504 21257.7407   30  624 23344.9999 21052.4707  9.82%  37.4  925s
 548821 416844 23296.5922   55  403 23344.9999 21052.8194  9.82%  37.5  931s
 550474 417875 21295.5704   40  455 23344.9999 21053.0836  9.82%  37.7  936s
 551646 418628 22913.1370   50  345 23344.9999 21053.3614  9.82%  37.7  940s
 553078 419865 21169.7181   28  589 23344.9999 21053.5764  9.82%  37.9  945s
 554900 421132 21316.8633   33  626 23344.9999 21053.7413  9.81%  38.0  951s
 555886 421899 21305.0750   47  490 23344.9999 21053.9348  9.81%  38.0  955s
 557410 423436 infeasible   95      23344.9999 21054.4168  9.81%  38.2  960s
 558592 424174 21560.2083   77  384 23344.9999 21054.6894  9.81%  38.3  965s
 560531 425265 21427.5029   51  493 23344.9999 21055.0681  9.81%  38.4  971s
 561629 426217 infeasible   81      23344.9999 21055.3333  9.81%  38.5  975s
 562836 427321 23043.3769   85  267 23344.9999 21055.4497  9.81%  38.6  980s
 564575 429507 22720.6400   65  240 23344.9999 21055.4497  9.81%  38.7  987s
 566604 430118 infeasible  127      23344.9999 21055.4497  9.81%  38.8  991s
 568061 431166 21072.5367   36  551 23344.9999 21055.7039  9.81%  38.9  995s
 569744 432917 21507.2502   66  398 23344.9999 21055.7621  9.81%  38.9 1001s
 570930 433952 21643.5282   45  429 23344.9999 21055.8201  9.81%  39.0 1005s
 573201 435147 22769.9124   82  281 23344.9999 21056.0450  9.80%  39.1 1011s
 574265 436039 21632.3370   38  617 23344.9999 21056.1201  9.80%  39.2 1015s
 575499 437156 infeasible  112      23344.9999 21056.1777  9.80%  39.3 1020s
 577492 438256 23009.0000   94  129 23344.9999 21056.2754  9.80%  39.4 1026s
 578560 439191 21098.0783   31  536 23344.9999 21056.3313  9.80%  39.5 1031s
 579872 440332 21117.8014   29  753 23344.9999 21056.4665  9.80%  39.6 1035s
 581088 441132 22339.1092   73  343 23344.9999 21056.5845  9.80%  39.6 1040s
 582200 442074 infeasible   61      23344.9999 21056.7000  9.80%  39.7 1045s
 584097 443620 21253.6339   27  505 23344.9999 21057.0968  9.80%  39.9 1051s
 585482 444842 22735.6721   69  419 23344.9999 21057.1519  9.80%  39.9 1056s
 587154 445756 21066.6857   35  645 23344.9999 21057.1728  9.80%  40.0 1061s
 588460 447088 22346.9318   62  286 23344.9999 21057.3034  9.80%  40.1 1066s
 589593 447761 21135.2938   39  579 23344.9999 21057.4111  9.80%  40.1 1070s
 591107 448901 21174.0073   31  669 23344.9999 21057.7057  9.80%  40.3 1076s
 591975 449657 21058.4612   33  588 23344.9999 21057.7758  9.80%  40.3 1080s
 594025 451064 21979.3039   54  532 23344.9999 21057.9468  9.80%  40.5 1087s
 595444 451907 21094.0816   25  553 23344.9999 21058.1321  9.80%  40.5 1090s
 596798 453088 21410.2465   38  537 23344.9999 21058.3582  9.79%  40.6 1095s
 598409 454935 21270.3327   39  459 23344.9999 21058.4612  9.79%  40.7 1102s
 600516 456044 infeasible   37      23344.9999 21058.4612  9.79%  40.7 1106s
 601875 457263 23036.0000  102  235 23344.9999 21058.4612  9.79%  40.8 1112s
 602792 458218 22038.3602   65  461 23344.9999 21058.4744  9.79%  40.9 1116s
 604565 459108 21748.7228   43  533 23344.9999 21058.4744  9.79%  40.9 1120s
 606095 460747 23093.3533   63  351 23344.9999 21058.4744  9.79%  41.0 1127s
 607184 461221 23115.3401   76  269 23344.9999 21058.4744  9.79%  41.0 1130s
 609908 462941 21289.5535   45  560 23344.9999 21058.4744  9.79%  41.1 1136s
 611021 463777 21489.5575   53  503 23344.9999 21058.4744  9.79%  41.2 1140s
 611848 464486 23073.0409   62  415 23344.9999 21058.4744  9.79%  41.2 1146s
 612688 465262 23313.7369   93  112 23344.9999 21058.4744  9.79%  41.2 1150s
 614912 466613 infeasible   47      23344.9999 21058.5053  9.79%  41.3 1156s
 616269 467415 21058.5353   49  575 23344.9999 21058.5053  9.79%  41.4 1160s
 617814 468651 21062.5053   52  574 23344.9999 21058.5053  9.79%  41.5 1166s
 619150 469603 22767.7247   67  384 23344.9999 21058.5890  9.79%  41.5 1170s
 620984 471137 21152.7344   45  531 23344.9999 21058.6024  9.79%  41.6 1176s
 622100 472114 23099.0000  100   96 23344.9999 21058.6516  9.79%  41.7 1181s
 623402 473012 21590.1094   45  534 23344.9999 21058.6516  9.79%  41.8 1185s
 625312 473894 21488.5133   52  485 23344.9999 21058.6846  9.79%  41.8 1191s
 626729 475667 22858.1100  102  272 23344.9999 21058.7021  9.79%  41.9 1199s
 628202 475824 21058.8213   46  590 23344.9999 21058.7035  9.79%  42.0 1201s
 628827 476974 21139.7862   32  479 23344.9999 21058.7344  9.79%  42.0 1205s
 630342 478018 21163.4010   48  499 23344.9999 21058.7344  9.79%  42.1 1210s
 632576 479496 22204.0967   60  474 23344.9999 21058.7344  9.79%  42.2 1216s
 633887 480391 21504.5029   49  411 23344.9999 21058.7478  9.79%  42.2 1220s
 635171 480824 21311.8050   35  562 23344.9999 21058.8004  9.79%  42.3 1226s
 635955 481835 23127.3969   89  150 23344.9999 21058.8213  9.79%  42.4 1231s
 637738 482869 21230.8575   54  475 23344.9999 21058.8213  9.79%  42.4 1235s
 639679 484017 infeasible  110      23344.9999 21058.8338  9.79%  42.5 1241s
 640975 484833 21897.2589   54  547 23344.9999 21058.8338  9.79%  42.5 1245s
 642598 485853 22586.4562   79  301 23344.9999 21058.8807  9.79%  42.6 1251s
 643599 486564 infeasible  125      23344.9999 21058.8807  9.79%  42.7 1255s
 645169 488013 23116.0428   74  286 23344.9999 21059.0454  9.79%  42.7 1261s
 646457 488799 22571.2187   60  326 23344.9999 21059.1044  9.79%  42.8 1265s
 647885 490146 22842.8395   51  288 23344.9999 21059.1474  9.79%  42.9 1273s
 648957 490706 21082.6474   42  496 23344.9999 21059.1474  9.79%  42.9 1276s
 650184 491774 23273.1739   92  268 23344.9999 21059.3084  9.79%  43.0 1281s
 651671 492824 21446.9392   40  405 23344.9999 21059.3764  9.79%  43.1 1286s
 653319 493908 22593.6472   56  343 23344.9999 21059.3920  9.79%  43.1 1291s
 654459 494451 22312.2387   71  371 23344.9999 21059.5428  9.79%  43.2 1296s
 655313 495314 23168.7413   79  213 23344.9999 21059.5441  9.79%  43.3 1300s
 656733 496385 22097.2756   42  629 23344.9999 21059.5441  9.79%  43.3 1305s
 658736 497315 21059.5669   33  597 23344.9999 21059.5669  9.79%  43.3 1311s
 659515 498345 21299.5669   38  578 23344.9999 21059.5669  9.79%  43.4 1315s
 660838 499162 21060.4372   36  624 23344.9999 21059.5669  9.79%  43.5 1320s
 662955 500420 22403.0618   55  483 23344.9999 21059.5669  9.79%  43.6 1327s
 664241 501391 infeasible  113      23344.9999 21059.5669  9.79%  43.6 1331s

Cutting planes:
  Learned: 163
  Gomory: 260
  Cover: 1542
  Implied bound: 377
  Projected implied bound: 33
  Clique: 218
  MIR: 887
  StrongCG: 206
  Flow cover: 3609
  GUB cover: 3
  Inf proof: 11
  Zero half: 112
  Network: 21
  RLT: 139
  Relax-and-lift: 191
  PSD: 2

Explored 665380 nodes (29102321 simplex iterations) in 1334.07 seconds (1943.26 work units)
Thread count was 8 (of 8 available processors)

Solution count 10: 23345 23345 23358 ... 23379

Solve interrupted
Best objective 2.334499990993e+04, best bound 2.105956688164e+04, gap 9.7898%

User-callback calls 1653758, time in user-callback 5.30 sec

Statistics for modelBNB_BSNH_BSAL_BPHD:
  Linear constraint matrix    : 21244 Constrs, 8010 Vars, 80713 NZs
  Variable types              : 2735 Continuous,
5275 Integer (1117 Binary)
  Matrix coefficient range    : [ 1, 382 ]
  Objective coefficient range : [ 1, 382 ]
  Variable bound range        : [ 1, 199 ]
  RHS coefficient range       : [ 1, 24428.3 ]
