
Gurobi 10.0.1 (linux64) logging started Mon Apr  1 05:16:05 2024

Set parameter LogFile to value "/data/optimi/optimi/kombadon/drings/SBahn/s-bahn-data/scripts/DeniseMA/processed/BNB_BSNH_BSAL_BPHD/RINS/BNB_BSNH_BSAL_BPHD_202403312232_random3_0.6.log"
Gurobi Optimizer version 10.0.1 build v10.0.1rc0 (linux64)

CPU model: Intel(R) Xeon(R) CPU E3-1270 v6 @ 3.80GHz, instruction set [SSE2|AVX|AVX2]
Thread count: 4 physical cores, 8 logical processors, using up to 8 threads

Optimize a model with 21214 rows, 8010 columns and 80683 nonzeros
Model fingerprint: 0xedfc8d0c
Variable types: 2735 continuous, 5275 integer (1117 binary)
Coefficient statistics:
  Matrix range     [1e+00, 4e+02]
  Objective range  [1e+00, 4e+02]
  Bounds range     [1e+00, 2e+02]
  RHS range        [1e+00, 2e+04]

User MIP start did not produce a new incumbent solution
User MIP start violates constraint objective_cutoff by 246.750000000

Presolve removed 9098 rows and 2445 columns
Presolve time: 0.20s
Presolved: 12116 rows, 5565 columns, 50951 nonzeros
Variable types: 1540 continuous, 4025 integer (4025 binary)

Root relaxation: objective 2.028400e+04, 3219 iterations, 0.03 seconds (0.03 work units)

    Nodes    |    Current Node    |     Objective Bounds      |     Work
 Expl Unexpl |  Obj  Depth IntInf | Incumbent    BestBd   Gap | It/Node Time

     0     0 20284.0000    0  288          - 20284.0000      -     -    0s
Another try with MIP start
     0     0 20334.5286    0  617          - 20334.5286      -     -    0s
     0     0 20334.5286    0  629          - 20334.5286      -     -    0s
     0     0 20397.2188    0  792          - 20397.2188      -     -    1s
     0     0 20397.2188    0  677          - 20397.2188      -     -    1s
     0     0 20439.2533    0  621          - 20439.2533      -     -    1s
     0     0 20439.2533    0  597          - 20439.2533      -     -    1s
     0     0 20453.0000    0  662          - 20453.0000      -     -    1s
     0     0 20453.0000    0  622          - 20453.0000      -     -    1s
     0     0 20453.0000    0  641          - 20453.0000      -     -    1s
     0     0 20453.0000    0  652          - 20453.0000      -     -    1s
     0     0 20453.0000    0  300          - 20453.0000      -     -    2s
     0     0 20453.0000    0  583          - 20453.0000      -     -    2s
     0     0 20453.0000    0  282          - 20453.0000      -     -    2s
     0     0 20453.0000    0  240          - 20453.0000      -     -    2s
     0     2 20453.0000    0  227          - 20453.0000      -     -    3s
   611   594 20807.0000   22  311          - 20586.0000      -  30.9    5s
  1098   973 21029.0000   40  321          - 20615.0574      -  26.2   10s
  1483  1226 21439.1300   57  219          - 20643.3953      -  36.6   15s
  3752  2364 infeasible  139               - 20702.7568      -  31.4   20s
  7967  5819 infeasible  127               - 20755.1305      -  29.6   25s
 11324  8838 21173.1229   42  201          - 20775.1719      -  28.8   30s
 15829 12167 22770.1300  116  170          - 20795.2267      -  28.0   35s
 20107 15474 21385.9750   73  262          - 20821.9295      -  28.4   40s
 20704 16073 22108.0000   95  263          - 20824.7995      -  28.4   51s
 22756 17788 21177.9015   55  287          - 20835.0785      -  27.9   55s
 27395 21698 21878.0834  105  217          - 20859.8979      -  27.9   60s
 31432 25111 infeasible   79               - 20879.3596      -  27.9   65s
 35969 28360 21771.6300  133  256          - 20891.2267      -  27.8   70s
 40139 31438 21311.1300   74  273          - 20897.2267      -  27.9   75s
 43816 34720 21735.0000  114  230          - 20900.0967      -  28.3   80s
 48612 38543 22275.1786  159  147          - 20916.8421      -  28.2   85s
 49446 39272 21510.4473   69  305          - 20916.8421      -  28.2   90s
 53614 42395 22609.3333  197  147          - 20920.0300      -  28.4   95s
 57990 46133 22962.0000  154  163          - 20922.1300      -  28.5  100s
 62428 49601 23844.9114  185  102          - 20926.0309      -  28.4  105s
 66861 52702 infeasible   99               - 20926.0309      -  28.5  110s
 70572 55953 21526.3097  109  263          - 20926.2267      -  28.6  115s
 75364 59486 21867.9009  135  192          - 20928.9009      -  28.5  120s
 79779 63348 infeasible   75               - 20928.9009      -  28.5  125s
 83517 65973 21361.7518   60  344          - 20928.9009      -  28.4  132s
 84807 68394 21068.7819   30  474          - 20928.9009      -  28.5  136s
 90354 71368 infeasible  142               - 20929.0967      -  28.3  140s
 94387 74664 22118.8961   97  293          - 20933.1300      -  28.4  145s
 98731 78085 22296.0420  100  260          - 20936.0023      -  28.4  150s
 104073 81961 21492.0114   63  271          - 20937.0023      -  28.3  155s
 109100 85948 22810.0000  149  251          - 20937.0059      -  28.2  160s
 110143 86784 21828.4248  109  357          - 20937.0059      -  28.2  165s
 114471 90258 infeasible  174               - 20941.3641      -  28.2  170s
 118484 93771 21202.7356   42  392          - 20946.7888      -  28.3  175s
 123707 97736 21161.0023   55  414          - 20952.0967      -  28.2  180s
 128967 101859 21608.0000  132  287          - 20955.4461      -  28.1  185s
 133184 105620 22097.0000  109  273          - 20959.1352      -  28.1  190s
 137766 108998 infeasible  151               - 20962.2267      -  28.1  195s
 142356 112892 21769.7300  132  300          - 20962.2267      -  28.1  200s
 146500 117166 21477.6335   50  318          - 20963.0360      -  28.0  205s
 152049 120321 21653.0000  143  154          - 20966.1823      -  27.9  210s
 156657 124201 21671.7300   87  327          - 20967.3596      -  27.9  215s
 160337 126642 21517.0083   73  342          - 20970.0000      -  27.8  220s
 165490 131159 21588.1329   64  388          - 20971.1352      -  27.9  225s
 170377 134881 21618.0000  140  284          - 20973.9009      -  27.8  230s
 175262 138425 infeasible  135               - 20978.0309      -  27.8  235s
 179827 142137 21464.6386   70  305          - 20979.6316      -  27.8  240s
 183710 145669 21923.6478   72  287          - 20982.0000      -  27.7  245s
 188179 149377 21366.4598   90  286          - 20982.1300      -  27.7  250s
 190328 151464 21420.8380   71  299          - 20984.1300      -  27.8  255s
 196095 155661 21416.1436   56  332          - 20986.0309      -  27.7  260s
 200794 159019 23892.3518  139  138          - 20987.2267      -  27.8  265s
 204738 162334 22359.0978  150  170          - 20988.4545      -  27.9  270s
 207839 164814 21100.4483   39  370          - 20990.4478      -  27.9  275s
 212747 169138 22882.4540  146  217          - 20992.7323      -  27.9  280s
 217501 172797 21217.9823   35  383          - 20992.7323      -  27.9  285s
 222370 176421 21343.5150   54  305          - 20994.0967      -  27.9  290s
 225993 179575 21440.2996  115  271          - 20995.0403      -  28.0  295s
 230319 182819 infeasible  146               - 20995.5718      -  28.0  300s
 233242 185603 21453.9595   76  354          - 20996.5549      -  28.1  305s
 238175 189381 21384.4326   57  404          - 20999.0238      -  28.1  310s
 242788 193163 21111.3305   50  448          - 21001.0309      -  28.2  315s
 243698 193687 21649.6709  139  280          - 21001.0309      -  28.2  320s
 247902 197473 21239.6810   79  327          - 21001.7323      -  28.2  325s
 253325 201312 21097.7323   44  428          - 21003.9351      -  28.2  330s
 257738 205363 21974.2297   86  333          - 21004.2167      -  28.2  335s
 261609 209043 21140.9123   53  355          - 21005.1850      -  28.2  340s
 267617 213013 21485.6285   75  335          - 21006.9150      -  28.2  345s
 272116 216841 infeasible  104               - 21008.0309      -  28.2  350s
 277286 220834 infeasible   99               - 21008.7984      -  28.1  355s
 281641 223912 23572.4040  186  156          - 21009.8040      -  28.1  362s
 282842 225109 21832.4773  105  301          - 21009.9009      -  28.2  365s
 287302 228644 infeasible  171               - 21009.9009      -  28.2  370s
 292101 232797 23773.9009  175  170          - 21010.5764      -  28.2  375s
 296856 236611 22577.6601  146  207          - 21010.9009      -  28.3  380s
 301909 239955 21810.0000  128  241          - 21011.0967      -  28.3  385s
 306258 243453 21511.7217   64  391          - 21011.9561      -  28.3  390s
 311229 247348 21298.9254   45  471          - 21012.0412      -  28.3  395s
 315552 250594 21205.0640   45  489          - 21013.3549      -  28.4  400s
 319850 254348 23903.6309  180  137          - 21014.1305      -  28.4  405s
 323655 257548 21207.4107   42  454          - 21016.1300      -  28.5  410s
 327806 260792 21801.0000   95  312          - 21016.1851      -  28.5  415s
 329811 261932 21485.9950   38  407          - 21017.0249      -  28.5  420s
 331788 263997 21987.2676  127  261          - 21017.1851      -  28.6  425s
 336507 267656 21373.4816   52  354          - 21017.2267      -  28.6  430s
 340846 271080 21467.6417   48  413          - 21017.8627      -  28.7  435s
 345144 274195 23275.7300  124  194          - 21018.1300      -  28.7  440s
 349362 277879 21861.9094  109  272          - 21018.8135      -  28.8  445s
 353760 281140 22829.9009  145  190          - 21020.1015      -  28.8  450s
 358130 284483 21470.0023   35  511          - 21021.0000      -  28.9  455s
 362223 287677 21211.9151   24  566          - 21022.1300      -  28.9  460s
 366721 292045 21150.3950   62  435          - 21023.0007      -  28.9  466s
 371154 294666 21338.4148   80  431          - 21024.7660      -  29.0  470s
 375791 298061 23317.1713   94  259          - 21024.7660      -  29.0  475s
 380262 301819 22295.1111  123  293          - 21025.2267      -  29.0  480s
 384363 305306 21284.6138   45  472          - 21026.7347      -  29.1  485s
 388074 307906 infeasible  102               - 21028.0309      -  29.1  490s
 392383 311361 infeasible  115               - 21028.9009      -  29.2  495s
 396800 315292 21223.9032   62  352          - 21030.3294      -  29.2  500s
 401521 318865 21143.4086   46  345          - 21030.3294      -  29.2  505s
 405978 322023 21756.1670   62  335          - 21031.2048      -  29.2  510s
 408405 324977 21362.6332   58  377          - 21032.0594      -  29.2  515s
 412562 327503 23303.4355  194   92          - 21033.1299      -  29.3  520s
 416824 330718 21435.3743   62  402          - 21034.3576      -  29.3  525s
 420939 334149 22268.7633   89  254          - 21035.9999      -  29.3  530s
 425538 337736 21800.6309  141  178          - 21036.9009      -  29.4  535s
 429580 340375 infeasible   96               - 21037.9636      -  29.4  540s
 430653 341321 21244.7614   68  526          - 21038.2413      -  29.4  545s
 434309 344293 infeasible   66               - 21041.0309      -  29.4  550s
 438911 347574 infeasible  142               - 21041.9009      -  29.4  555s
 442820 351273 21347.7327   56  365          - 21042.8515      -  29.5  560s
 447614 354983 21215.9952   85  319          - 21043.9009      -  29.5  565s
 452650 358915 22203.8891  173  175          - 21044.8173      -  29.4  570s
 456951 362462 21322.9015   63  456          - 21045.0365      -  29.5  575s
 461303 365933 21489.8262   43  473          - 21045.1536      -  29.5  580s
 465812 369403 22027.2986   69  323          - 21046.8004      -  29.5  585s
 470437 372781 21296.4276   43  482          - 21047.3791      -  29.5  590s
 474478 376364 21190.0023   38  510          - 21048.0000      -  29.5  595s
 479390 380172 22528.9009  140  203          - 21049.0989      -  29.6  600s
 483756 383576 21651.9130   97  295          - 21050.0000      -  29.6  605s
 488259 386978 21362.0059   58  423          - 21050.0000      -  29.6  610s
H488972 385881                    24296.250000 21050.0000  13.4%  29.6  613s
H489017 379317                    23803.000000 21050.0309  11.6%  29.6  614s
 489207 379549 21770.0208   69  406 23803.0000 21050.0309  11.6%  29.7  615s
H489344 379747                    23790.000000 21050.0309  11.5%  29.7  615s
 492369 381832 infeasible  203      23790.0000 21050.9032  11.5%  29.7  620s
H493042 381945                    23768.000000 21050.9921  11.4%  29.7  622s
H493100 381930                    23759.000000 21050.9921  11.4%  29.7  623s
H493255 381880                    23754.000000 21050.9921  11.4%  29.7  623s
H493295 382185                    23741.000000 21050.9921  11.3%  29.7  624s
H493961 381951                    23729.000000 21050.9922  11.3%  29.7  626s
H494040 382047                    23723.000000 21050.9922  11.3%  29.7  628s
H494192 381756                    23709.000000 21050.9933  11.2%  29.7  628s
H494293 382065                    23707.000000 21050.9933  11.2%  29.7  629s
 494704 382232 21450.0131   69  322 23707.0000 21051.0000  11.2%  29.7  630s
H494949 381437                    23650.000000 21051.0000  11.0%  29.7  632s
H495613 381309                    23641.000000 21051.1851  11.0%  29.7  633s
 495696 381539 21533.0032   36  462 23641.0000 21051.1851  11.0%  29.7  635s
H495829 381522                    23639.000000 21051.1851  10.9%  29.7  635s
H497096 374453                    23305.000000 21051.5599  9.67%  29.7  639s
 497097 374775 22063.7432   53  417 23305.0000 21051.7270  9.67%  29.7  641s
H497226 374703                    23301.000000 21051.7323  9.65%  29.7  641s
 498593 375676 21508.4828   40  460 23301.0000 21051.7323  9.65%  29.8  645s
 499927 377083 21433.0267   35  449 23301.0000 21052.1352  9.65%  29.8  650s
 501707 378590 22565.6411   97  212 23301.0000 21052.6566  9.65%  29.9  655s
 502608 381114 infeasible   95      23301.0000 21052.7221  9.65%  29.9  664s
 505888 381672 21415.9009   63  362 23301.0000 21053.0000  9.65%  30.1  666s
 506951 382469 22472.5755   97  246 23301.0000 21053.0309  9.65%  30.1  670s
 509084 383937 infeasible   64      23301.0000 21053.1300  9.65%  30.2  675s
 510688 384701 21057.7360   32  429 23301.0000 21053.1300  9.65%  30.3  681s
 511426 385864 21171.7336   39  418 23301.0000 21053.1300  9.65%  30.4  686s
 513786 387349 22494.0000  111  283 23301.0000 21053.1352  9.65%  30.5  690s
 516444 389732 21311.0035   38  469 23301.0000 21053.1352  9.65%  30.6  695s
 518752 391390 23288.0000  202   21 23301.0000 21053.8628  9.64%  30.7  700s
 520944 393016 22401.8377   83  334 23301.0000 21054.1300  9.64%  30.8  705s
 523104 394926 21066.9044   45  476 23301.0000 21054.8930  9.64%  30.9  710s
 525793 397001 22958.3997  156  126 23301.0000 21054.8930  9.64%  31.0  715s
 528623 398800 21059.7335   22  619 23301.0000 21055.1300  9.64%  31.2  721s
 530464 399999 22101.6936   60  372 23301.0000 21055.5162  9.64%  31.3  726s
 531701 401243 22945.0000  162   78 23301.0000 21055.8352  9.64%  31.3  730s
 533845 402913 22777.8692  108  157 23301.0000 21056.0023  9.63%  31.5  735s
 535695 404339 21417.5111   80  337 23301.0000 21056.0023  9.63%  31.6  740s
 537390 406165 21110.0000   69  393 23301.0000 21056.0023  9.63%  31.7  745s
 540229 407827 infeasible   53      23301.0000 21056.0023  9.63%  31.8  750s
 541689 408880 21743.0000   87  325 23301.0000 21056.0023  9.63%  31.9  755s
 544605 411530 21416.0000   59  438 23301.0000 21056.0035  9.63%  32.1  761s
 545787 413305 22517.3253  101  215 23301.0000 21056.0035  9.63%  32.1  768s
 548069 414210 21912.0000   66  361 23301.0000 21056.0035  9.63%  32.2  770s
 550548 416052 21503.4592   46  362 23301.0000 21056.0035  9.63%  32.3  776s
 553239 417683 21063.4562   50  462 23301.0000 21056.0035  9.63%  32.4  780s
 554968 419321 21212.0035   44  428 23301.0000 21056.0035  9.63%  32.5  785s
 557967 420986 22354.3980   85  278 23301.0000 21056.0035  9.63%  32.6  791s
 559651 422743 21951.5000   74  251 23301.0000 21056.0035  9.63%  32.7  796s
 562066 423904 22182.6931   79  251 23301.0000 21056.0035  9.63%  32.7  801s
 563619 425321 21491.0000   90  169 23301.0000 21056.0035  9.63%  32.8  805s
 566373 426772 22099.0588   65  337 23301.0000 21056.0035  9.63%  33.0  810s
 567891 428637 21056.0477   43  488 23301.0000 21056.0035  9.63%  33.0  816s
 570437 429879 21677.0000   53  353 23301.0000 21056.0035  9.63%  33.1  820s
 572661 431408 infeasible   71      23301.0000 21056.0035  9.63%  33.3  826s
 574224 432789 21083.0533   50  372 23301.0000 21056.0035  9.63%  33.3  830s
 575677 433650 21076.3214   55  384 23301.0000 21056.0035  9.63%  33.4  835s
 577048 435537 21473.5107   64  377 23301.0000 21056.0035  9.63%  33.5  840s
 579618 436791 22867.0000   79  234 23301.0000 21056.0043  9.63%  33.6  845s
 581816 437797 21100.0000   43  470 23301.0000 21056.0044  9.63%  33.7  850s
 583568 439370 21508.8502   65  366 23301.0000 21056.0044  9.63%  33.8  856s
 585251 440851 22936.0000   61  254 23301.0000 21056.0044  9.63%  33.9  860s
 587657 442335 22145.0711   38  397 23301.0000 21056.0051  9.63%  34.0  866s
 589302 443920 21216.0334   57  324 23301.0000 21056.0051  9.63%  34.1  871s
 591655 445170 21057.6444   40  609 23301.0000 21056.0051  9.63%  34.2  876s
 593244 446397 22401.5997   90  232 23301.0000 21056.0051  9.63%  34.3  880s
 595311 447704 21056.0196   35  569 23301.0000 21056.0051  9.63%  34.4  885s
 597297 449135 21076.0000   47  469 23301.0000 21056.0051  9.63%  34.5  890s
 599222 450524 21093.0000   35  456 23301.0000 21056.0051  9.63%  34.6  895s
 600780 452126 21975.8000   69  482 23301.0000 21056.0051  9.63%  34.7  900s
 603296 453462 21985.0282   80  301 23301.0000 21056.0051  9.63%  34.8  905s
 605087 454913 21475.0415   59  337 23301.0000 21056.0051  9.63%  34.9  910s
 607097 456287 21217.7900   43  502 23301.0000 21056.0051  9.63%  35.0  915s
 608288 459618 22288.0000   61  272 23301.0000 21056.0051  9.63%  35.1  934s
 612292 460389 21231.7034   68  465 23301.0000 21056.0051  9.63%  35.4  937s
 614477 461476 21138.4807   62  343 23301.0000 21056.0059  9.63%  35.5  941s
 616073 462995 21076.0000   46  524 23301.0000 21056.0060  9.63%  35.6  945s
 618491 464176 21076.0000   48  411 23301.0000 21056.0060  9.63%  35.7  950s
 620696 465779 21103.3400   45  583 23301.0000 21056.0060  9.63%  35.7  955s
 622872 467208 21291.4016   80  473 23301.0000 21056.0060  9.63%  35.8  960s
 624389 468290 21389.4312   62  343 23301.0000 21056.0060  9.63%  35.9  965s
 626775 469779 21189.0523   34  536 23301.0000 21056.0060  9.63%  36.0  971s
 627977 470849 infeasible   61      23301.0000 21056.0064  9.63%  36.0  975s
 629399 472497 21709.0514   67  299 23301.0000 21056.0069  9.63%  36.1  981s
 631099 473608 21637.0216   86  430 23301.0000 21056.0075  9.63%  36.2  985s
 633820 474946 infeasible  102      23301.0000 21056.0125  9.63%  36.3  990s
 635600 476255 21819.0000   57  318 23301.0000 21056.0125  9.63%  36.4  995s
 636923 477123     cutoff  108      23301.0000 21056.0130  9.63%  36.5 1000s
 639326 478771 21533.8708   57  422 23301.0000 21056.0135  9.63%  36.6 1006s
 641101 480235 22836.0000   70  336 23301.0000 21056.0173  9.63%  36.7 1011s
 643075 481347 infeasible   98      23301.0000 21056.0174  9.63%  36.8 1015s
 645406 482881 infeasible   78      23301.0000 21056.0174  9.63%  36.9 1021s
 646922 484272 22031.0000   81  341 23301.0000 21056.0196  9.63%  36.9 1025s
 649062 485891 21076.7456   48  482 23301.0000 21056.0196  9.63%  37.0 1031s
 649950 488866 21552.0376   66  399 23301.0000 21056.0196  9.63%  37.1 1045s
 654883 489984 21076.0000   61  520 23301.0000 21056.0196  9.63%  37.3 1050s
 657088 491248 21298.1150   44  537 23301.0000 21056.0196  9.63%  37.4 1055s
 659178 493202 21064.7418   42  393 23301.0000 21056.0196  9.63%  37.5 1061s
 661526 494433 21492.6987   77  347 23301.0000 21056.0196  9.63%  37.6 1066s
 663245 495467 infeasible   83      23301.0000 21056.0196  9.63%  37.6 1070s
 664733 496510 22689.0000  107  147 23301.0000 21056.0196  9.63%  37.7 1075s
 666613 498139 21237.0000   50  319 23301.0000 21056.0196  9.63%  37.7 1080s
 669146 500055 21718.0196   72  366 23301.0000 21056.0196  9.63%  37.8 1086s
 671558 501540 21942.5592   89  321 23301.0000 21056.0196  9.63%  37.9 1090s
 673353 503129 21346.0000   54  424 23301.0000 21056.0196  9.63%  37.9 1095s
 675787 504650 21076.0000   56  401 23301.0000 21056.0196  9.63%  38.0 1100s
 678043 506312 21315.1398   68  292 23301.0000 21056.0196  9.63%  38.0 1105s
 680136 507695 21238.6094   56  373 23301.0000 21056.0196  9.63%  38.1 1112s
 681937 508577 21056.0388   43  524 23301.0000 21056.0196  9.63%  38.1 1116s
 683947 509950 21263.0000   45  306 23301.0000 21056.0196  9.63%  38.2 1120s
 685393 511407 21155.2585   39  518 23301.0000 21056.0196  9.63%  38.2 1125s
 687843 512989 21271.0360   58  387 23301.0000 21056.0196  9.63%  38.3 1130s
 690120 514528 21998.0000   76  454 23301.0000 21056.0196  9.63%  38.4 1136s
 692134 515700 21137.4439   48  474 23301.0000 21056.0196  9.63%  38.4 1140s
 693707 517339 21488.0012   63  278 23301.0000 21056.0196  9.63%  38.5 1146s
 696040 518363 22635.8853   53  281 23301.0000 21056.0196  9.63%  38.6 1150s
H696842 518883                    23300.999937 21056.0196  9.63%  38.6 1152s
H697017 518873                    23300.999913 21056.0196  9.63%  38.6 1154s
 697023 519043 21076.0000   50  459 23300.9999 21056.0196  9.63%  38.6 1156s
 698379 519961 infeasible   67      23300.9999 21056.0196  9.63%  38.7 1161s
 699957 521635 21854.6023   57  493 23300.9999 21056.0196  9.63%  38.8 1166s
 702123 522548     cutoff  106      23300.9999 21056.0196  9.63%  38.8 1170s
 703417 523991 23220.0135   71  216 23300.9999 21056.0196  9.63%  38.9 1176s
 705615 525070 22151.4964   86  321 23300.9999 21056.0196  9.63%  39.0 1181s
 707021 526291 23018.0000  112  191 23300.9999 21056.0196  9.63%  39.0 1185s
 709216 527721 infeasible   56      23300.9999 21056.0196  9.63%  39.1 1190s
 710557 528569 21813.3209   47  510 23300.9999 21056.0196  9.63%  39.2 1195s
 712836 530127     cutoff  141      23300.9999 21056.0196  9.63%  39.2 1200s
 714484 531738 22579.7318   63  311 23300.9999 21056.0196  9.63%  39.3 1206s
 716662 532826 21716.5366   53  467 23300.9999 21056.0196  9.63%  39.3 1210s
 718779 534248 21079.9247   61  486 23300.9999 21056.0196  9.63%  39.4 1215s
 720344 535559 21704.0556   55  418 23300.9999 21056.0196  9.63%  39.4 1220s
 722385 537126 21962.5000   86  222 23300.9999 21056.0196  9.63%  39.5 1225s
 723830 538260 21056.0388   51  483 23300.9999 21056.0196  9.63%  39.6 1231s
H724532 466086                    22497.000000 21056.0196  6.41%  39.6 1231s
 725593 466436     cutoff   90      22497.0000 21056.0196  6.41%  39.6 1235s
*727013 401112             167    22097.000000 21056.0196  4.71%  39.7 1239s
 727686 401193 21056.8046   42  404 22097.0000 21056.0205  4.71%  39.7 1241s
*728171 399259             157    22084.000000 21056.0208  4.65%  39.7 1243s
 728864 399379 21181.7048   55  385 22084.0000 21056.0208  4.65%  39.8 1245s
 730505 400470 21669.0000   60  308 22084.0000 21056.0212  4.65%  39.9 1251s
 731788 401212 infeasible   91      22084.0000 21056.0212  4.65%  39.9 1255s
 733637 402728 21668.0000   77  291 22084.0000 21056.0221  4.65%  40.0 1260s
 734723 403484 21149.4695   58  495 22084.0000 21056.0221  4.65%  40.0 1266s
 737237 404485 21116.7018   61  445 22084.0000 21056.0229  4.65%  40.2 1271s
 738347 405168     cutoff   56      22084.0000 21056.0229  4.65%  40.3 1275s
 739587 406016 21068.8435   38  480 22084.0000 21056.0229  4.65%  40.4 1280s
 741145 407347 21208.9821   62  447 22084.0000 21056.0254  4.65%  40.5 1286s
 742389 408102 21076.0000   42  525 22084.0000 21056.0286  4.65%  40.5 1290s
 744302 409057 21766.0000   56  401 22084.0000 21056.0318  4.65%  40.7 1296s
 745619 409701 21228.4444   76  354 22084.0000 21056.0379  4.65%  40.7 1300s
 746759 410659 21637.1044   81  292 22084.0000 21056.0387  4.65%  40.8 1305s
 748362 411527 21266.0388   69  415 22084.0000 21056.0388  4.65%  40.9 1310s
H748445 411322                    22083.000000 21056.0388  4.65%  40.9 1310s
 749208 411881 21100.5674   65  424 22083.0000 21056.0388  4.65%  40.9 1315s
 751140 413036 21948.6412   50  362 22083.0000 21056.0388  4.65%  41.0 1322s
 752147 413933 21231.3390   59  336 22083.0000 21056.0388  4.65%  41.1 1327s
 753826 414759 infeasible   47      22083.0000 21056.0388  4.65%  41.1 1331s
 755155 415664 21671.0173   74  333 22083.0000 21056.0388  4.65%  41.2 1336s
 756458 416264 21773.0000   74  232 22083.0000 21056.0388  4.65%  41.2 1340s
 757877 416923 21125.5724   42  506 22083.0000 21056.0388  4.65%  41.3 1345s
 759012 417588 21765.0951   53  490 22083.0000 21056.0400  4.65%  41.4 1350s
 760213 418614 21058.3978   43  456 22083.0000 21056.0437  4.65%  41.5 1356s
 761982 419468 21805.3636   61  356 22083.0000 21056.0477  4.65%  41.6 1361s
 763298 420358 21600.9400   88  227 22083.0000 21056.0477  4.65%  41.7 1366s
 764723 421286 21082.1290   42  460 22083.0000 21056.0477  4.65%  41.7 1370s
 766041 422105 21157.3768   54  381 22083.0000 21056.0477  4.65%  41.8 1375s
 767004 422788 21387.6963   65  398 22083.0000 21056.0477  4.65%  41.8 1380s
 769344 423717 21132.9856   65  421 22083.0000 21056.0573  4.65%  42.0 1385s
 770389 424378 21387.7051   50  415 22083.0000 21056.0602  4.65%  42.0 1390s
 771994 425508 21959.0800   57  382 22083.0000 21056.0721  4.65%  42.1 1397s
 773110 426511 21355.1686   60  485 22083.0000 21056.0846  4.65%  42.2 1401s
 774518 427340 21820.1902   77  334 22083.0000 21056.1126  4.65%  42.3 1406s
 775859 428218 21899.1800   76  376 22083.0000 21056.1232  4.65%  42.3 1410s
 777566 428841 21457.1596   67  346 22083.0000 21056.1367  4.65%  42.4 1416s
 779027 429761 21072.9466   45  485 22083.0000 21056.1401  4.65%  42.5 1420s
 780457 430960 21149.5304   51  439 22083.0000 21056.1513  4.65%  42.5 1426s
 782704 432026 21108.0000   65  345 22083.0000 21056.1950  4.65%  42.6 1431s
 783682 432659 21161.0000   48  395 22083.0000 21056.2037  4.65%  42.6 1435s
 785088 433976 21766.0000   63  413 22083.0000 21056.2038  4.65%  42.7 1441s
 786217 434748 21642.4795   64  457 22083.0000 21056.2071  4.65%  42.8 1445s
 788413 435689 21057.8319   53  434 22083.0000 21056.2263  4.65%  42.8 1451s
 789677 436622 21307.7300   50  403 22083.0000 21056.2267  4.65%  42.9 1456s
 790593 437333 21086.9408   54  528 22083.0000 21056.2423  4.65%  43.0 1460s
 792426 438178 21151.0376   71  375 22083.0000 21056.3001  4.65%  43.1 1466s
 793639 438940 21880.0000   66  254 22083.0000 21056.3490  4.65%  43.1 1470s
 795255 440357 21077.6970   44  486 22083.0000 21056.3585  4.65%  43.2 1476s
 796458 440999 22015.9400   69  360 22083.0000 21056.3585  4.65%  43.2 1480s
 798423 441849 21058.0922   34  540 22083.0000 21056.3585  4.65%  43.3 1485s
 799749 442844 21616.0119   45  426 22083.0000 21056.3585  4.65%  43.4 1492s
 800158 443639 21530.1056   66  353 22083.0000 21056.3585  4.65%  43.4 1495s
 802771 444762 21058.6583   38  651 22083.0000 21056.3585  4.65%  43.5 1501s
 804196 445483 21317.1733   65  500 22083.0000 21056.3585  4.65%  43.5 1506s
 804719 446395 21923.8000   57  322 22083.0000 21056.3585  4.65%  43.5 1510s
 806796 447403 21092.5397   54  445 22083.0000 21056.3585  4.65%  43.6 1516s
 808529 448584 21339.3575   56  327 22083.0000 21056.3585  4.65%  43.7 1521s
 809416 449466 21450.8676   56  529 22083.0000 21056.3585  4.65%  43.7 1527s
 811167 450336 21110.0000   51  428 22083.0000 21056.3585  4.65%  43.8 1531s
 812443 451066 21058.6279   52  606 22083.0000 21056.3835  4.65%  43.8 1535s
 813559 451942 21062.7358   32  512 22083.0000 21056.3850  4.65%  43.9 1540s
 815817 452961 21255.0504   50  632 22083.0000 21056.3974  4.65%  44.0 1546s
 817148 453830     cutoff  109      22083.0000 21056.4239  4.65%  44.1 1550s
 818084 454451 21062.5255   35  563 22083.0000 21056.4273  4.65%  44.1 1555s
 819467 455274 21085.3134   69  521 22083.0000 21056.4376  4.65%  44.2 1560s
 820743 456226 21177.8171   28  568 22083.0000 21056.4405  4.65%  44.3 1565s
 821734 457157 21480.2074   54  456 22083.0000 21056.4553  4.65%  44.3 1570s
 823541 457874 22038.2060   63  262 22083.0000 21056.4752  4.65%  44.4 1576s
 824823 458693 21125.0852   58  534 22083.0000 21056.4839  4.65%  44.5 1581s
 826175 459571 21417.8312   65  383 22083.0000 21056.5136  4.65%  44.6 1585s
 827887 460883 21110.0000   64  314 22083.0000 21056.5340  4.65%  44.6 1591s
 829105 461759 21156.0000   46  435 22083.0000 21056.5486  4.65%  44.7 1596s
 830275 462598 22043.0000   68  397 22083.0000 21056.5669  4.65%  44.7 1600s
 832562 463656 21759.5823   46  504 22083.0000 21056.5669  4.65%  44.8 1606s
 833935 464429 infeasible  102      22083.0000 21056.5669  4.65%  44.9 1610s
 835270 465531 21222.0173   70  391 22083.0000 21056.5669  4.65%  44.9 1616s
 836322 466300 21117.6970   54  403 22083.0000 21056.5669  4.65%  45.0 1620s
 837604 467086 21185.6744   63  490 22083.0000 21056.5742  4.65%  45.0 1625s
 839928 468270 infeasible   54      22083.0000 21056.6048  4.65%  45.1 1631s
 841228 469209 21088.1026   35  482 22083.0000 21056.6211  4.65%  45.1 1637s
 841795 469801 21678.4480   47  395 22083.0000 21056.6222  4.65%  45.2 1641s
 843220 470776 21484.1252   53  353 22083.0000 21056.6230  4.65%  45.3 1646s
 844604 471724 21151.0279   37  454 22083.0000 21056.6230  4.65%  45.4 1652s
 845561 471935 21268.8102   79  334 22083.0000 21056.6230  4.65%  45.4 1655s
 846374 472868     cutoff   46      22083.0000 21056.6230  4.65%  45.5 1660s
 847772 473837 21957.7701   89  244 22083.0000 21056.6264  4.65%  45.6 1666s
 849330 474498 21057.0842   53  626 22083.0000 21056.6291  4.65%  45.7 1671s
 850430 475294 21321.4023   53  500 22083.0000 21056.6291  4.65%  45.7 1676s
 851583 475813 21212.6016   51  535 22083.0000 21056.6400  4.65%  45.8 1682s
 852345 476823 21519.0216   78  331 22083.0000 21056.6482  4.65%  45.8 1686s
 854321 477510     cutoff   55      22083.0000 21056.6821  4.65%  45.9 1690s
 855506 478316 21092.0000   54  464 22083.0000 21056.7139  4.65%  45.9 1695s
 857788 479557 infeasible  109      22083.0000 21056.7300  4.65%  46.0 1701s
 858917 480210 21279.0000   71  292 22083.0000 21056.7300  4.65%  46.1 1705s
 860206 481069 21057.8853   44  534 22083.0000 21056.7300  4.65%  46.1 1710s
 862006 482210 21533.5753   72  380 22083.0000 21056.7327  4.65%  46.2 1715s
 863613 483151 21336.6309   48  402 22083.0000 21056.7663  4.65%  46.2 1721s
 864389 483726     cutoff   67      22083.0000 21056.7843  4.65%  46.3 1725s
 865374 484447 21096.3585   42  427 22083.0000 21056.7942  4.65%  46.4 1730s
 866972 485365 infeasible  106      22083.0000 21056.7945  4.65%  46.4 1735s
 868689 486455 21224.6364   56  303 22083.0000 21056.8008  4.65%  46.5 1741s
 869833 487050 21115.1397   41  415 22083.0000 21056.8008  4.65%  46.6 1746s
 871178 487899 21110.2524   50  398 22083.0000 21056.8119  4.65%  46.6 1751s
 872972 488899 21140.1875   60  338 22083.0000 21056.8166  4.65%  46.6 1755s
 873104 489674 21089.2458   56  426 22083.0000 21056.8166  4.65%  46.6 1760s
 875413 490666 21246.1350   71  399 22083.0000 21056.8218  4.65%  46.7 1765s
 877401 491745 21353.0400   57  450 22083.0000 21056.8755  4.65%  46.8 1771s
 878448 492470 21894.4296   62  474 22083.0000 21056.9004  4.65%  46.8 1775s
 880103 493745 21522.0000   54  373 22083.0000 21056.9220  4.65%  46.9 1782s
 881270 494461 21432.0000   60  378 22083.0000 21056.9391  4.65%  46.9 1786s
 882321 494742 21059.2200   57  507 22083.0000 21056.9391  4.65%  47.0 1790s
 883863 495730 21237.0137   52  582 22083.0000 21056.9391  4.65%  47.0 1799s
 884684 495860 21938.6815   73  347 22083.0000 21056.9411  4.65%  47.1 1800s

Cutting planes:
  Learned: 210
  Gomory: 357
  Cover: 2025
  Implied bound: 567
  Projected implied bound: 28
  Clique: 296
  MIR: 540
  StrongCG: 92
  Flow cover: 2241
  GUB cover: 11
  Inf proof: 24
  Zero half: 88
  Network: 30
  RLT: 101
  Relax-and-lift: 252

Explored 884921 nodes (41722045 simplex iterations) in 1800.02 seconds (2744.79 work units)
Thread count was 8 (of 8 available processors)

Solution count 10: 22083 22084 22097 ... 23641

Time limit reached
Best objective 2.208300000000e+04, best bound 2.105694810855e+04, gap 4.6463%

User-callback calls 2187454, time in user-callback 6.57 sec

Statistics for modelBNB_BSNH_BSAL_BPHD:
  Linear constraint matrix    : 21214 Constrs, 8010 Vars, 80683 NZs
  Variable types              : 2735 Continuous,
5275 Integer (1117 Binary)
  Matrix coefficient range    : [ 1, 382 ]
  Objective coefficient range : [ 1, 382 ]
  Variable bound range        : [ 1, 199 ]
  RHS coefficient range       : [ 1, 24428.3 ]
