
Gurobi 10.0.1 (linux64) logging started Mon Apr  1 04:29:39 2024

Set parameter LogFile to value "/data/optimi/optimi/kombadon/drings/SBahn/s-bahn-data/scripts/DeniseMA/processed/BNB_BSNH_BSAL_BPHD/RINS/BNB_BSNH_BSAL_BPHD_202403312232_random1_0.6.log"
Gurobi Optimizer version 10.0.1 build v10.0.1rc0 (linux64)

CPU model: Intel(R) Xeon(R) CPU E3-1270 v6 @ 3.80GHz, instruction set [SSE2|AVX|AVX2]
Thread count: 4 physical cores, 8 logical processors, using up to 8 threads

Optimize a model with 21214 rows, 8010 columns and 80683 nonzeros
Model fingerprint: 0xc83f75ee
Variable types: 2735 continuous, 5275 integer (1117 binary)
Coefficient statistics:
  Matrix range     [1e+00, 4e+02]
  Objective range  [1e+00, 4e+02]
  Bounds range     [1e+00, 2e+02]
  RHS range        [1e+00, 2e+04]

User MIP start did not produce a new incumbent solution
User MIP start violates constraint objective_cutoff by 246.750000000

Presolve removed 8918 rows and 2495 columns
Presolve time: 0.19s
Presolved: 12296 rows, 5515 columns, 52233 nonzeros
Variable types: 1536 continuous, 3979 integer (3979 binary)

Root relaxation: objective 2.028400e+04, 3445 iterations, 0.04 seconds (0.04 work units)
Another try with MIP start

    Nodes    |    Current Node    |     Objective Bounds      |     Work
 Expl Unexpl |  Obj  Depth IntInf | Incumbent    BestBd   Gap | It/Node Time

     0     0 20284.0000    0  202          - 20284.0000      -     -    0s
     0     0 20335.5155    0  733          - 20335.5155      -     -    0s
     0     0 20335.5155    0  656          - 20335.5155      -     -    0s
     0     0 20397.4079    0  746          - 20397.4079      -     -    1s
     0     0 20397.4079    0  673          - 20397.4079      -     -    1s
     0     0 20447.5823    0  620          - 20447.5823      -     -    1s
     0     0 20447.6225    0  723          - 20447.6225      -     -    1s
     0     0 20450.1474    0  670          - 20450.1474      -     -    1s
     0     0 20450.1718    0  589          - 20450.1718      -     -    1s
     0     0 20450.1718    0  669          - 20450.1718      -     -    1s
     0     0 20450.1718    0  688          - 20450.1718      -     -    1s
     0     0 20450.1718    0  631          - 20450.1718      -     -    1s
     0     0 20450.1718    0  244          - 20450.1718      -     -    2s
     0     2 20450.1718    0  210          - 20450.1718      -     -    2s
  1439  1299 20716.0000   26  224          - 20609.0200      -  30.1    5s
  1461  1314 20955.0000   82  520          - 20738.2464      -  29.7   10s
  1784  1543 21299.9603   59  216          - 20816.7596      -  35.4   15s
  3968  2870 22900.2143  202  126          - 20816.7849      -  31.8   20s
  7021  4731 21268.6004   57  289          - 20910.9583      -  31.1   25s
 10318  8024 21575.2494  129  234          - 20920.5532      -  30.9   30s
 13717 10485 21481.3726   69  276          - 20921.3966      -  31.0   35s
 17975 13952 23671.3726  178  125          - 20928.5276      -  31.5   40s
 19802 15695 21317.0187   58  323          - 20933.2093      -  31.6   45s
 20879 16220 22008.4654  109  302          - 20935.1811      -  31.4   57s
 23382 18404 22171.3726  116  276          - 20935.3043      -  31.2   60s
 27491 21714 infeasible  159               - 20938.3374      -  31.2   65s
 31531 25371 21177.0026   45  499          - 20939.8409      -  31.1   70s
 33056 26419 21695.8492   67  371          - 20940.0823      -  31.3   75s
 37342 29997 21984.0666  140  246          - 20943.6294      -  31.1   80s
 41811 34028 21383.7754   76  350          - 20946.8400      -  31.3   85s
 45331 36593 22228.7960  123  250          - 20947.6635      -  31.3   90s
 49404 40006 21523.4328   79  343          - 20951.1340      -  31.4   95s
 52327 42562 21299.2227   55  358          - 20953.7850      -  31.7  100s
 57055 46139 21680.4743   96  313          - 20956.1400      -  31.7  105s
 60858 49223 22331.6485  130  287          - 20957.0037      -  31.7  110s
 64466 52626 22116.3692   92  275          - 20959.5958      -  31.8  115s
 68573 55519 21165.2909   68  360          - 20961.3344      -  31.7  120s
 72717 59205 21067.9769   29  404          - 20966.6615      -  31.8  125s
 76807 62509 21427.3480   40  366          - 20969.0980      -  31.8  130s
 79382 65002 21291.3264   83  382          - 20969.3062      -  31.9  135s
 83484 68199 21135.6332   38  365          - 20971.1898      -  32.0  140s
 87845 71369 infeasible  133               - 20972.2499      -  32.1  145s
 91430 74299 21517.8302   50  459          - 20972.8252      -  32.2  151s
 94221 76552 21159.2493   40  357          - 20974.0915      -  32.2  155s
 98346 79901 22764.3218  120  267          - 20975.1937      -  32.2  160s
 102227 83358 21337.4087   48  377          - 20977.7231      -  32.3  165s
H105882 85548                    24177.000000 20978.7996  13.2%  32.3  169s
H106137 84497                    23901.000000 20978.7996  12.2%  32.3  169s
H106151 84493                    23899.000000 20978.7996  12.2%  32.3  169s
 106166 84667 21228.4126   38  379 23899.0000 20978.7996  12.2%  32.3  170s
H107621 85999                    23895.000000 20978.9471  12.2%  32.3  172s
H107991 86098                    23885.000000 20979.5173  12.2%  32.2  173s
H107991 85852                    23816.000000 20979.5173  11.9%  32.2  173s
H108443 86144                    23809.000000 20979.8745  11.9%  32.3  173s
H108541 86348                    23802.000000 20979.9574  11.9%  32.3  174s
 108798 86409 22537.6586   79  333 23802.0000 20979.9574  11.9%  32.3  175s
H108842 86407                    23800.000000 20979.9574  11.8%  32.3  175s
H108957 86343                    23733.000000 20980.0352  11.6%  32.3  175s
H109103 86262                    23713.000000 20980.0352  11.5%  32.3  176s
H109198 86351                    23711.000000 20980.0352  11.5%  32.4  177s
 110071 87102 21632.6265   32  367 23711.0000 20981.4620  11.5%  32.5  180s
 111839 88683 22870.9047   78  335 23711.0000 20982.7476  11.5%  32.7  185s
H112978 89383                    23700.000000 20983.7620  11.5%  33.0  188s
H113736 90056                    23679.000000 20983.7620  11.4%  33.1  190s
H113824 90055                    23678.000000 20983.9962  11.4%  33.1  190s
H114875 90741                    23672.000000 20984.8249  11.4%  33.2  193s
 115143 91138 21507.8794   67  343 23672.0000 20984.9482  11.4%  33.3  195s
H115669 91483                    23654.000000 20985.3180  11.3%  33.3  196s
H115974 90191                    23332.000000 20985.8204  10.1%  33.4  197s
H116359 90627                    23328.000000 20985.9650  10.0%  33.4  198s
 116991 91363 21881.3124   63  305 23328.0000 20986.1394  10.0%  33.5  200s
H117160 91323                    23319.000000 20986.1394  10.0%  33.5  200s
H118047 91599                    23307.000000 20986.4276  10.0%  33.6  201s
H118757 92083                    23297.000000 20986.8439  9.92%  33.7  203s
 119132 92844 21409.9037   58  475 23297.0000 20987.2867  9.91%  33.8  205s
 121751 94440 21146.0202   28  532 23297.0000 20989.9183  9.90%  34.1  210s
 123627 96222 22351.0244   75  335 23297.0000 20991.8308  9.89%  34.5  215s
 125761 97889 21100.2027   37  585 23297.0000 20993.6862  9.89%  34.9  220s
 128049 99274 21504.6657   53  355 23297.0000 20995.2168  9.88%  35.3  225s
 130624 101256 21400.0791   39  471 23297.0000 20996.7953  9.87%  35.6  230s
 132305 102399 21280.5396   35  526 23297.0000 20996.7953  9.87%  35.8  235s
 134126 104339 21629.9736   78  342 23297.0000 20997.9009  9.87%  36.1  240s
 136884 105885 21122.7539   50  405 23297.0000 20997.9139  9.87%  36.3  245s
 139025 107535 20997.9997   32  541 23297.0000 20997.9997  9.87%  36.5  250s
 140933 109136 21065.8568   45  391 23297.0000 20997.9997  9.87%  36.8  255s
 143338 111091 21165.1831   56  395 23297.0000 20997.9997  9.87%  37.0  261s
 144857 112138 22486.6969   73  250 23297.0000 20997.9997  9.87%  37.3  265s
 147153 113712 21091.9994   47  330 23297.0000 20997.9997  9.87%  37.6  270s
 148697 115295 22623.3218   66  265 23297.0000 20998.0030  9.87%  37.9  275s
 150847 116285 21335.1510   47  401 23297.0000 20998.0695  9.87%  38.1  280s
 152963 118224 22030.8499   41  440 23297.0000 20998.2339  9.87%  38.5  286s
 154925 119211 infeasible   67      23297.0000 20998.2373  9.87%  38.8  291s
 156582 120811 22731.6118   83  189 23297.0000 20998.2373  9.87%  39.0  295s
 159217 122226 20998.4926   39  611 23297.0000 20998.2587  9.87%  39.2  301s
 160712 123553     cutoff   50      23297.0000 20998.2919  9.87%  39.4  305s
 162834 124971 22697.7575  105  138 23297.0000 20998.3359  9.87%  39.7  310s
 164768 126536 22245.0526   68  343 23297.0000 20998.3547  9.87%  39.9  316s
 166883 127662 21823.8222   47  392 23297.0000 20998.3547  9.87%  40.1  320s
 168105 129504 23227.3218   93  237 23297.0000 20998.3874  9.87%  40.3  327s
 170282 130400 22610.7151   81  271 23297.0000 20998.4232  9.87%  40.5  331s
 171917 131352 21328.1258   34  299 23297.0000 20998.4380  9.87%  40.7  335s
 173717 133053 22638.3881   45  322 23297.0000 20998.4380  9.87%  41.0  340s
 176063 134356 22944.6150   81  287 23297.0000 20998.4380  9.87%  41.2  345s
 177680 135823 22486.7126   53  232 23297.0000 20998.4380  9.87%  41.3  350s
 180653 137608 21014.4375   46  425 23297.0000 20998.4406  9.87%  41.6  355s
 182090 138684 20998.4921   39  557 23297.0000 20998.4427  9.87%  41.7  360s
 184226 140462 infeasible   51      23297.0000 20998.4496  9.87%  41.8  366s
 186018 141503 infeasible   86      23297.0000 20998.4562  9.87%  42.0  370s
 187901 142890 22596.2748   75  327 23297.0000 20998.4937  9.87%  42.2  376s
 189486 144116 21029.0023   45  366 23297.0000 20998.5024  9.87%  42.4  380s
 191308 145344 23124.6855   83  263 23297.0000 20998.5054  9.87%  42.5  385s
 193407 146810 21031.1819   45  441 23297.0000 20998.5472  9.87%  42.7  391s
 194932 147896 infeasible   48      23297.0000 20998.5567  9.87%  42.9  395s
 196097 148981 23172.9983   87  150 23297.0000 20998.6117  9.87%  43.1  400s
 198540 150368 infeasible   44      23297.0000 20998.6577  9.87%  43.3  405s
 199575 151499 22256.9306   46  229 23297.0000 20998.6992  9.87%  43.5  411s
 201475 152452 20998.7826   36  510 23297.0000 20998.7031  9.87%  43.6  415s
 203266 153988 21463.9175   50  426 23297.0000 20998.7051  9.87%  43.8  420s
H204466 112315                    22297.000000 20998.7090  5.82%  43.8  421s
H204468 101441                    22097.000000 20998.7090  4.97%  43.8  421s
 205606 102012 21696.2859   46  467 22097.0000 20998.7526  4.97%  44.0  426s
 206698 102548     cutoff   48      22097.0000 20998.7766  4.97%  44.2  430s
 207951 103135 21583.1793   48  485 22097.0000 20998.8131  4.97%  44.5  435s
 209316 103885 21976.4872   52  326 22097.0000 20998.9698  4.97%  44.8  440s
 210700 104500 21794.6626   50  406 22097.0000 20999.0942  4.97%  45.2  445s
 211297 105329 21464.7729   50  409 22097.0000 20999.1310  4.97%  45.4  450s
 214086 106470 infeasible   58      22097.0000 20999.2388  4.97%  45.8  456s
 215841 107336 21528.8251   43  487 22097.0000 20999.2621  4.97%  45.9  460s
 217445 108158 21451.6683   34  566 22097.0000 20999.4705  4.97%  46.2  466s
 217931 108426 21173.3056   61  410 22097.0000 20999.5985  4.97%  46.4  470s
 219438 109522 22049.6075   81  271 22097.0000 20999.8025  4.97%  46.7  476s
 220514 110007 21002.4224   45  428 22097.0000 20999.8783  4.97%  46.9  481s
 221331 110784 22036.7883   52  266 22097.0000 20999.9024  4.96%  47.1  485s
 223820 111514 21000.4090   27  548 22097.0000 21000.0878  4.96%  47.4  491s
 225285 112540 infeasible   46      22097.0000 21000.0878  4.96%  47.6  495s
 226661 113311     cutoff   49      22097.0000 21000.0878  4.96%  47.8  500s
 228518 114788 21830.7133   38  382 22097.0000 21000.0878  4.96%  48.0  506s
 229856 115644 21055.0559   38  557 22097.0000 21000.0878  4.96%  48.2  511s
 231046 116411 21008.6634   45  608 22097.0000 21000.0878  4.96%  48.3  516s
 232720 117311 22050.3777   61  344 22097.0000 21000.0932  4.96%  48.5  520s
 235250 118282 21282.8404   45  314 22097.0000 21000.1229  4.96%  48.8  526s
 236397 118986     cutoff   84      22097.0000 21000.1323  4.96%  48.9  530s
 237774 120055 21006.2988   42  448 22097.0000 21000.1323  4.96%  49.2  536s
 239025 120793 21688.0594   44  362 22097.0000 21000.1323  4.96%  49.3  540s
 240751 121385 21553.6401   56  474 22097.0000 21000.1323  4.96%  49.6  546s
 241918 122453 22004.9563   39  380 22097.0000 21000.1323  4.96%  49.7  552s
 243182 122895 21279.0385   42  430 22097.0000 21000.1323  4.96%  49.9  556s
 244103 123435 21071.4559   40  572 22097.0000 21000.1323  4.96%  50.1  560s
 245220 124237 21042.1548   44  481 22097.0000 21000.1323  4.96%  50.4  566s
 246732 125179 21000.3254   35  533 22097.0000 21000.1505  4.96%  50.5  570s
 248187 126020     cutoff   58      22097.0000 21000.1536  4.96%  50.7  575s
 250705 127053     cutoff   47      22097.0000 21000.1666  4.96%  50.9  582s
 252152 127764 21148.1163   35  468 22097.0000 21000.1904  4.96%  51.0  585s
 253192 128469 21683.4984   52  327 22097.0000 21000.2308  4.96%  51.2  591s
 254679 129281     cutoff   39      22097.0000 21000.2686  4.96%  51.4  596s
 256304 130224 21255.1900   38  465 22097.0000 21000.2860  4.96%  51.5  601s
 257613 130861 21834.0778   56  397 22097.0000 21000.2988  4.96%  51.6  606s
 258337 131556 21525.8348   47  345 22097.0000 21000.2988  4.96%  51.8  611s
 259612 132288     cutoff   48      22097.0000 21000.3007  4.96%  51.9  616s
 260929 132577 21000.6727   43  604 22097.0000 21000.3199  4.96%  52.1  620s
 262471 133496 21159.6938   34  546 22097.0000 21000.3249  4.96%  52.3  626s
 263891 134089 21572.7637   50  448 22097.0000 21000.3254  4.96%  52.4  631s
 265182 134836 21002.8615   39  512 22097.0000 21000.3254  4.96%  52.5  636s
 266387 135424     cutoff   44      22097.0000 21000.3254  4.96%  52.6  640s
 267264 135889 infeasible   52      22097.0000 21000.3254  4.96%  52.8  645s
 268993 137148 21982.6417   54  332 22097.0000 21000.3254  4.96%  53.0  651s
 270207 137963 21002.3527   34  546 22097.0000 21000.3254  4.96%  53.1  656s
 271514 138432     cutoff   42      22097.0000 21000.3254  4.96%  53.2  661s
 272641 139408 21769.1083   99  246 22097.0000 21000.3254  4.96%  53.3  665s
 273971 140005 21719.9023   60  372 22097.0000 21000.3254  4.96%  53.3  670s
 275283 141280 21102.2827   37  526 22097.0000 21000.3254  4.96%  53.5  676s
 277105 141685 21778.6140   50  386 22097.0000 21000.3254  4.96%  53.6  680s
 278406 142352     cutoff   66      22097.0000 21000.3254  4.96%  53.7  685s
 279136 143076 21291.3696   46  439 22097.0000 21000.3254  4.96%  53.8  690s
 281446 144018 21973.1757   60  377 22097.0000 21000.3254  4.96%  54.0  697s
 282838 144758 infeasible   46      22097.0000 21000.3255  4.96%  54.1  701s
 284156 145292 infeasible   49      22097.0000 21000.3256  4.96%  54.2  705s
 284337 145731 21600.3023   64  258 22097.0000 21000.3256  4.96%  54.2  710s
 286544 146721 21891.5754   54  326 22097.0000 21000.3297  4.96%  54.4  716s
 288115 147584     cutoff   56      22097.0000 21000.3297  4.96%  54.5  721s
 289274 148200 21026.7774   36  549 22097.0000 21000.3355  4.96%  54.6  726s
 290172 148691 21783.9907   56  367 22097.0000 21000.3422  4.96%  54.8  731s
 291493 149400     cutoff   45      22097.0000 21000.3460  4.96%  54.9  736s
 292321 149991 21137.3250   41  534 22097.0000 21000.3525  4.96%  55.1  741s
 293441 150308     cutoff   45      22097.0000 21000.3527  4.96%  55.2  745s
 294361 150676 21975.4569   45  465 22097.0000 21000.3535  4.96%  55.4  750s
 295272 151120     cutoff   65      22097.0000 21000.3559  4.96%  55.5  755s
 296566 151797 infeasible   42      22097.0000 21000.3622  4.96%  55.7  761s
 298023 152413 21140.8054   44  508 22097.0000 21000.3712  4.96%  55.8  766s
 298853 152789     cutoff   42      22097.0000 21000.3885  4.96%  56.0  772s
 299370 153368 21343.2492   40  544 22097.0000 21000.3943  4.96%  56.1  775s
 300819 153689 21576.0613   45  434 22097.0000 21000.4026  4.96%  56.2  780s
 301961 154346 21404.2141   47  431 22097.0000 21000.4239  4.96%  56.3  786s
 303242 154804 21209.2396   41  475 22097.0000 21000.4377  4.96%  56.5  791s
 304741 155440 21305.0618   39  443 22097.0000 21000.4718  4.96%  56.6  796s
 304954 155881 22080.9368   51  512 22097.0000 21000.4793  4.96%  56.6  800s
 306898 156748 21492.7238   46  375 22097.0000 21000.5122  4.96%  56.8  807s
 307378 156885 21927.6563   56  340 22097.0000 21000.5283  4.96%  56.9  810s
 308413 157625 21179.1734   50  441 22097.0000 21000.5560  4.96%  57.0  815s
 309744 158113 21330.8688   53  392 22097.0000 21000.5993  4.96%  57.2  821s
 311339 158836 21020.7607   49  572 22097.0000 21000.6158  4.96%  57.3  827s
 311849 159048 21430.1876   51  387 22097.0000 21000.6197  4.96%  57.4  830s
 312932 159601 21665.4751   55  422 22097.0000 21000.6497  4.96%  57.5  835s
 314042 160419 21245.4705   50  393 22097.0000 21000.6692  4.96%  57.7  841s
 315179 160762 21683.7029   50  438 22097.0000 21000.6938  4.96%  57.8  847s
 315780 161205 21944.7515   50  334 22097.0000 21000.7245  4.96%  57.9  851s
 317258 162025 21612.1406   43  385 22097.0000 21000.7513  4.96%  58.1  858s
 318292 162387     cutoff   57      22097.0000 21000.7731  4.96%  58.1  861s
 320089 163290 21623.6096   37  409 22097.0000 21000.7834  4.96%  58.2  867s
 320965 164033 21008.4412   44  528 22097.0000 21000.7834  4.96%  58.3  872s
 321992 164285 21635.3299   43  415 22097.0000 21000.7838  4.96%  58.3  875s
 323145 164711 21224.6551   56  413 22097.0000 21000.8128  4.96%  58.4  880s
 324141 165139 21807.7258   46  524 22097.0000 21000.8328  4.96%  58.6  885s
 325188 165628 21508.0618   42  453 22097.0000 21000.9000  4.96%  58.7  890s
 326496 166228     cutoff   49      22097.0000 21000.9294  4.96%  58.8  895s
 327292 166555 21486.3930   42  457 22097.0000 21000.9424  4.96%  58.9  900s
 328659 167386 21168.5839   45  465 22097.0000 21000.9811  4.96%  59.0  905s
 329518 167935 21598.0710   46  438 22097.0000 21001.0249  4.96%  59.1  910s
 330549 168263 21006.8591   38  587 22097.0000 21001.0812  4.96%  59.2  915s
 331356 168750 22007.1563   38  441 22097.0000 21001.1191  4.96%  59.4  921s
 332415 169061 21015.9511   44  578 22097.0000 21001.1625  4.96%  59.5  926s
 333456 170056 21040.0383   46  449 22097.0000 21001.2324  4.96%  59.6  932s
 334651 170352 infeasible   60      22097.0000 21001.3092  4.96%  59.7  935s
 335978 170854 21467.3016   40  419 22097.0000 21001.3560  4.96%  59.7  940s
 336972 171564 21389.1640   44  400 22097.0000 21001.4588  4.96%  59.8  946s
 337548 172273 21209.1454   30  634 22097.0000 21001.5079  4.96%  59.9  950s
 339334 172631 21751.0860   51  341 22097.0000 21001.5634  4.96%  60.0  955s
 340335 173878 21193.4794   56  373 22097.0000 21001.6269  4.96%  60.1  962s
 342073 174459 21005.8752   38  614 22097.0000 21001.6695  4.96%  60.1  966s
 343204 175129 21219.7475   49  413 22097.0000 21001.7363  4.96%  60.3  972s
 344406 175494 21508.1032   44  510 22097.0000 21001.7958  4.96%  60.4  976s
 345386 175877 22035.4787   44  400 22097.0000 21001.8543  4.96%  60.5  981s
 346340 176257 21246.8702   44  478 22097.0000 21001.9492  4.96%  60.6  986s
 347288 176813 21022.4269   47  524 22097.0000 21002.0218  4.96%  60.7  992s
 347811 177185 21442.1160   64  287 22097.0000 21002.1273  4.95%  60.8  995s
 349032 177858 21264.6899   59  370 22097.0000 21002.2807  4.95%  61.0 1002s
 350160 178304 21105.4232   50  301 22097.0000 21002.3948  4.95%  61.0 1005s
 352006 179126 infeasible   85      22097.0000 21002.4406  4.95%  61.0 1011s
 353204 179679 21330.2796   41  544 22097.0000 21002.5028  4.95%  61.1 1016s
 354114 180429 21019.8400   36  638 22097.0000 21002.6250  4.95%  61.2 1022s

Cutting planes:
  Learned: 199
  Gomory: 392
  Cover: 1968
  Implied bound: 782
  Projected implied bound: 31
  Clique: 280
  MIR: 500
  StrongCG: 84
  Flow cover: 2100
  GUB cover: 8
  Inf proof: 34
  Zero half: 62
  Network: 32
  RLT: 99
  Relax-and-lift: 245

Explored 355035 nodes (21811960 simplex iterations) in 1049.11 seconds (1600.60 work units)
Thread count was 8 (of 8 available processors)

Solution count 10: 22097 22297 23297 ... 23678

Solve interrupted
Best objective 2.209700000000e+04, best bound 2.100265614635e+04, gap 4.9525%

User-callback calls 939312, time in user-callback 2.78 sec

Statistics for modelBNB_BSNH_BSAL_BPHD:
  Linear constraint matrix    : 21214 Constrs, 8010 Vars, 80683 NZs
  Variable types              : 2735 Continuous,
5275 Integer (1117 Binary)
  Matrix coefficient range    : [ 1, 382 ]
  Objective coefficient range : [ 1, 382 ]
  Variable bound range        : [ 1, 199 ]
  RHS coefficient range       : [ 1, 24428.3 ]
