
Gurobi 10.0.1 (linux64) logging started Mon Apr  1 03:29:51 2024

Set parameter LogFile to value "/data/optimi/optimi/kombadon/drings/SBahn/s-bahn-data/scripts/DeniseMA/processed/BNB_BSNH_BSAL_BPHD/RINS/BNB_BSNH_BSAL_BPHD_202403312232_random2_0.9.log"
Gurobi Optimizer version 10.0.1 build v10.0.1rc0 (linux64)

CPU model: Intel(R) Xeon(R) CPU E3-1270 v6 @ 3.80GHz, instruction set [SSE2|AVX|AVX2]
Thread count: 4 physical cores, 8 logical processors, using up to 8 threads

Optimize a model with 21244 rows, 8010 columns and 80713 nonzeros
Model fingerprint: 0x633deaba
Variable types: 2735 continuous, 5275 integer (1117 binary)
Coefficient statistics:
  Matrix range     [1e+00, 4e+02]
  Objective range  [1e+00, 4e+02]
  Bounds range     [1e+00, 2e+02]
  RHS range        [1e+00, 2e+04]

User MIP start did not produce a new incumbent solution
User MIP start violates constraint objective_cutoff by 246.750000000

Presolve removed 9559 rows and 2549 columns
Presolve time: 0.20s
Presolved: 11685 rows, 5461 columns, 48713 nonzeros
Variable types: 1525 continuous, 3936 integer (3936 binary)

Root relaxation: objective 2.028400e+04, 3044 iterations, 0.03 seconds (0.03 work units)
Another try with MIP start

    Nodes    |    Current Node    |     Objective Bounds      |     Work
 Expl Unexpl |  Obj  Depth IntInf | Incumbent    BestBd   Gap | It/Node Time

     0     0 20284.0000    0  234          - 20284.0000      -     -    0s
     0     0 20336.3979    0  655          - 20336.3979      -     -    1s
     0     0 20336.3979    0  609          - 20336.3979      -     -    1s
     0     0 20344.2009    0  678          - 20344.2009      -     -    1s
     0     0 20344.5978    0  727          - 20344.5978      -     -    1s
     0     0 20423.6228    0  710          - 20423.6228      -     -    1s
     0     0 20427.4829    0  668          - 20427.4829      -     -    1s
     0     0 20427.4829    0  722          - 20427.4829      -     -    1s
     0     0 20486.3222    0  785          - 20486.3222      -     -    1s
     0     0 20486.3222    0  610          - 20486.3222      -     -    1s
     0     0 20486.4985    0  719          - 20486.4985      -     -    1s
     0     0 20486.4985    0  663          - 20486.4985      -     -    1s
     0     0 20486.8687    0  795          - 20486.8687      -     -    2s
     0     0 20486.8687    0  249          - 20486.8687      -     -    2s
     0     2 20486.8687    0  230          - 20486.8687      -     -    2s
  1490  1340 20739.7320   11  204          - 20618.8356      -  22.3    5s
  1506  1351 20997.0000   37  373          - 20706.5008      -  22.1   10s
  1527  1368 20981.9715   10  397          - 20886.2608      -  38.2   15s
  2406  1917 21402.6893   46  254          - 20894.0759      -  36.8   20s
  5268  3235 21288.2250   42  302          - 20938.5925      -  32.3   25s
  8850  6033 21214.2164   34  346          - 21003.4266      -  29.7   30s
 12580  8780 21084.0848   29  402          - 21006.2220      -  29.2   35s
 15208 11131 21364.8380   49  312          - 21006.4299      -  29.7   40s
 18584 13862 21159.2244   39  464          - 21013.6608      -  29.8   45s
 20780 15361 infeasible  125               - 21015.0673      -  29.5   59s
 21080 15683 22789.6400   89  292          - 21015.5662      -  29.7   60s
 24240 18166 22111.7457   63  335          - 21033.0263      -  30.0   65s
 27858 21209 21488.9747   70  325          - 21055.2321      -  29.8   70s
 31174 25689 21551.4288   55  309          - 21080.3714      -  29.4   77s
 35571 26721 infeasible   94               - 21080.3714      -  29.5   80s
 38907 29790 21409.5242   60  326          - 21080.3714      -  29.2   85s
 41933 33884 21118.6333   46  399          - 21080.3782      -  29.0   91s
 46301 35466 21989.1442   77  303          - 21080.3945      -  29.1   95s
 50531 38607 21215.0133   41  404          - 21080.4308      -  29.0  100s
 54721 41512 22994.0000  147  121          - 21080.4308      -  28.8  105s
 58994 44638 infeasible   93               - 21080.5852      -  28.9  110s
 62512 47892 21603.6400   71  229          - 21080.5852      -  29.0  115s
 64467 50581 22657.0000  120  172          - 21080.5852      -  29.0  120s
 69408 53462 21162.4036   53  364          - 21080.5852      -  28.8  125s
H72515 53085                    23528.000000 21080.5852  10.4%  28.6  128s
H72930 53239                    23512.000000 21080.6072  10.3%  28.7  129s
H72994 53121                    23470.000000 21080.6072  10.2%  28.7  129s
 73879 53845 21279.6811   42  353 23470.0000 21080.6319  10.2%  28.6  130s
 75994 55440 21102.3272   43  377 23470.0000 21080.6319  10.2%  29.1  135s
H76786 55912                    23466.000000 21080.6319  10.2%  29.6  138s
H76960 55912                    23465.000000 21080.6319  10.2%  29.7  138s
H77107 56133                    23464.000000 21080.6319  10.2%  29.8  140s
H77846 56678                    23460.000000 21080.6319  10.1%  30.4  143s
 78217 56898 21724.6838   34  416 23460.0000 21080.6319  10.1%  30.6  145s
H78379 56841                    23447.000000 21080.6319  10.1%  30.7  145s
 79490 58025 21266.8362   39  474 23447.0000 21080.6319  10.1%  31.2  150s
H80428 58184                    23418.000000 21080.6319  10.0%  31.6  152s
H81362 58733                    23400.000000 21080.6319  9.91%  32.0  156s
H81965 59012                    23399.000000 21080.6319  9.91%  32.5  158s
 82110 59676 21987.0332   52  452 23399.0000 21080.6319  9.91%  32.6  160s
H82398 59668                    23395.000000 21080.6319  9.89%  32.6  160s
H83485 59922                    23393.000000 21080.6319  9.88%  32.9  162s
 84344 60578 22998.0568   65  234 23393.0000 21080.6319  9.88%  33.3  165s
H84371 60573                    23392.000000 21080.6319  9.88%  33.3  165s
 84458 61483 21319.3501   41  580 23392.0000 21080.6319  9.88%  33.4  170s
 86423 62359 21102.5210   33  587 23392.0000 21080.6319  9.88%  34.5  175s
H86684 62356                    23390.000000 21080.6319  9.87%  34.7  176s
 88093 63466 22272.9123   49  408 23390.0000 21080.6319  9.87%  35.2  181s
 89224 64281 infeasible   29      23390.0000 21080.6319  9.87%  35.7  185s
 90493 65180 21093.2249   25  603 23390.0000 21080.6319  9.87%  36.3  190s
 91454 65894 21123.2127   29  656 23390.0000 21080.6319  9.87%  36.9  195s
 92978 66958 21177.8839   28  705 23390.0000 21080.6319  9.87%  37.4  200s
 94513 68267 22991.7490   53  249 23390.0000 21080.6319  9.87%  38.4  207s
 95459 69018 21145.8270   24  616 23390.0000 21080.6319  9.87%  38.8  212s
 97467 70105 21164.3994   34  513 23390.0000 21080.6319  9.87%  39.6  217s
 98540 70868 21848.5619   28  493 23390.0000 21080.6319  9.87%  40.2  221s
 99739 71648 21096.3818   27  540 23390.0000 21080.6319  9.87%  40.8  226s
 100145 71993 23363.4555   76  127 23390.0000 21080.6319  9.87%  41.0  232s
 101565 72967 21383.7149   40  495 23390.0000 21080.6319  9.87%  41.6  237s
 102012 73611 21270.4302   36  591 23390.0000 21080.6319  9.87%  41.9  240s
 103431 74622 23165.9555   81  198 23390.0000 21080.6319  9.87%  42.3  245s
 104707 75501 21255.5383   43  493 23390.0000 21080.6319  9.87%  42.9  250s
 105857 76295 21482.3818   32  570 23390.0000 21080.6319  9.87%  43.3  256s
 108024 77336 infeasible   57      23390.0000 21080.6319  9.87%  44.3  262s
 108472 77923 21134.9936   39  571 23390.0000 21080.6319  9.87%  44.5  265s
 109849 78702 21111.7780   36  638 23390.0000 21080.6319  9.87%  45.1  270s
 111051 79584 21119.5021   34  670 23390.0000 21080.6319  9.87%  45.6  276s
 112275 80556 22590.1952   52  321 23390.0000 21080.6319  9.87%  46.2  282s
 113684 81405     cutoff   75      23390.0000 21080.6319  9.87%  46.7  287s
 114643 81727 21323.9613   33  628 23390.0000 21080.6319  9.87%  46.9  290s
 115707 82624 23349.4555  117   89 23390.0000 21080.6319  9.87%  47.3  295s
 117102 83534 21353.2613   39  484 23390.0000 21080.6319  9.87%  47.8  301s
 117566 84246 21937.7219   35  323 23390.0000 21080.6319  9.87%  48.1  305s
 119041 85316 21242.2293   38  519 23390.0000 21080.6319  9.87%  48.6  310s
 120425 86231 21132.1457   40  582 23390.0000 21080.6319  9.87%  49.0  315s
 121792 87063 22406.7110   91  167 23390.0000 21080.6319  9.87%  49.4  320s
 122983 87799 22334.1921   32  460 23390.0000 21080.6319  9.87%  49.8  325s
 124329 88612 21134.3785   37  571 23390.0000 21080.6319  9.87%  50.2  330s
 125551 89462 21150.3336   32  570 23390.0000 21080.6319  9.87%  50.6  335s
 126899 90626 21131.4938   23  589 23390.0000 21080.6319  9.87%  51.2  342s
 127532 91219 21595.3205   56  405 23390.0000 21080.6319  9.87%  51.5  345s
 128878 92198 21320.9011   31  545 23390.0000 21080.6319  9.87%  52.0  352s
 129814 92511 22902.1096   62  345 23390.0000 21080.6319  9.87%  52.2  355s
 131534 93724 22656.7397   40  378 23390.0000 21080.6319  9.87%  52.6  360s
H131857 93338                    23365.000000 21080.6319  9.78%  52.7  360s
 132693 94205 infeasible   43      23365.0000 21080.6319  9.78%  53.0  366s
 133846 94877 21561.6799   31  456 23365.0000 21080.6319  9.78%  53.4  371s
 134873 95885 21396.1031   30  621 23365.0000 21080.6319  9.78%  53.7  376s
 136373 96920 infeasible   30      23365.0000 21080.6319  9.78%  54.0  381s
 137366 97445 21273.2345   39  567 23365.0000 21080.6319  9.78%  54.3  385s
 138780 98353 21142.1520   31  709 23365.0000 21080.6319  9.78%  54.6  391s
 139791 99108 21316.6357   40  499 23365.0000 21080.6319  9.78%  55.0  396s
 141078 99819 21097.9134   29  659 23365.0000 21080.6319  9.78%  55.3  402s
 142210 100531 infeasible   30      23365.0000 21080.6319  9.78%  55.7  407s
 142585 101104 21239.6627   28  487 23365.0000 21080.6319  9.78%  55.8  410s
 143888 101739 23347.4316   67  204 23365.0000 21080.6319  9.78%  56.2  415s
 145027 102738     cutoff   71      23365.0000 21080.6319  9.78%  56.6  421s
 146202 103617 infeasible   46      23365.0000 21080.6319  9.78%  56.9  427s
 147016 103977 21305.2047   28  562 23365.0000 21080.6319  9.78%  57.1  430s
 147753 104705 21266.5060   28  600 23365.0000 21080.6319  9.78%  57.4  435s
 149108 105750 22224.4305   48  487 23365.0000 21080.6320  9.78%  57.9  442s
 150367 106073 21097.9501   32  633 23365.0000 21080.6320  9.78%  58.0  445s
 151653 106868 21099.6257   30  671 23365.0000 21080.6324  9.78%  58.4  451s
 153106 107853 22766.1221   63  291 23365.0000 21080.6324  9.78%  58.7  456s
 154194 108405 21524.8716   51  329 23365.0000 21080.6324  9.78%  59.0  462s
 155558 109200 21114.6708   38  625 23365.0000 21080.6330  9.78%  59.4  467s
 155946 109547 21574.2895   49  552 23365.0000 21080.6333  9.78%  59.5  470s
 157032 110178 22550.4316   71  276 23365.0000 21080.6353  9.78%  59.8  476s
 158390 110830 22782.4316   68  205 23365.0000 21080.6423  9.78%  60.0  481s
 158578 111554 21388.5963   40  550 23365.0000 21080.6437  9.78%  60.1  486s
 160607 112730 22761.7129   57  319 23365.0000 21080.6522  9.78%  60.5  492s
 161836 113638 21393.4817   35  516 23365.0000 21080.6522  9.78%  60.8  497s
 163207 114420 22934.5216   85  214 23365.0000 21080.6522  9.78%  61.0  502s
 164357 115282 21288.5720   29  736 23365.0000 21080.6522  9.78%  61.3  507s
 165634 115983     cutoff   88      23365.0000 21080.6522  9.78%  61.5  512s
 166763 116816 21499.3279   38  634 23365.0000 21080.6522  9.78%  61.8  517s
 167649 117077 21464.9974   35  747 23365.0000 21080.6522  9.78%  61.9  520s
 168946 117984 23039.6880   52  265 23365.0000 21080.6522  9.78%  62.3  526s
 169782 118685 21856.5809   33  616 23365.0000 21080.6522  9.78%  62.5  532s
 170831 119506 21452.5303   41  518 23365.0000 21080.6522  9.78%  62.7  537s
 171601 119855 21322.8766   33  649 23365.0000 21080.6522  9.78%  62.9  540s
 173063 120810 22937.8198   80  320 23365.0000 21080.6522  9.78%  63.1  546s
 174357 121641 21875.2754   29  653 23365.0000 21080.6522  9.78%  63.3  551s
 175467 122432 21290.1734   29  729 23365.0000 21080.6522  9.78%  63.6  556s
 176629 123354 21191.5479   56  378 23365.0000 21080.6563  9.78%  63.8  562s
 177141 123765 23336.2475   76  259 23365.0000 21080.6582  9.78%  63.9  565s
 178121 124595 21105.5547   33  474 23365.0000 21080.6591  9.78%  64.2  571s
 179396 125114 21570.7609   33  601 23365.0000 21080.6640  9.78%  64.4  575s
 180245 126054 22698.7692   40  372 23365.0000 21080.6740  9.78%  64.6  582s
 181657 126734 infeasible   37      23365.0000 21080.6959  9.78%  64.8  587s
 182218 127276 23208.4316  100   72 23365.0000 21080.6959  9.78%  64.9  590s
 183396 127964 23151.4316   54  243 23365.0000 21080.7060  9.78%  65.2  596s
 184402 128555 22152.4316   57  219 23365.0000 21080.7252  9.78%  65.5  602s
 185044 128934 22088.8024   30  588 23365.0000 21080.7265  9.78%  65.6  605s
 186462 129870 22207.9621   56  474 23365.0000 21080.7443  9.78%  65.8  612s
 186965 130435 22638.0340   43  361 23365.0000 21080.7692  9.78%  65.9  615s
 188293 131323 21117.2991   30  713 23365.0000 21080.8080  9.78%  66.1  621s
 189180 131601 21519.4029   30  629 23365.0000 21080.8080  9.78%  66.3  625s
 190354 132247 21155.3547   28  650 23365.0000 21080.8083  9.78%  66.6  630s
 190520 133033 21125.8287   26  668 23365.0000 21080.8083  9.78%  66.6  636s
 191621 133733 21617.1045   38  473 23365.0000 21080.8209  9.78%  66.9  640s
 193316 134463 21545.7897   24  672 23365.0000 21080.9669  9.78%  67.2  646s
 194702 135351 21756.7650   52  450 23365.0000 21081.0208  9.78%  67.4  652s
 195160 135703 21970.4580   36  510 23365.0000 21081.0728  9.77%  67.5  655s
 196255 136363 21257.0843   49  470 23365.0000 21081.1350  9.77%  67.8  662s
 197282 137022 22709.4234   49  421 23365.0000 21081.1355  9.77%  68.1  668s
 198031 137368 23288.3246   49  486 23365.0000 21081.1553  9.77%  68.3  671s
 198524 137914 21368.3910   34  655 23365.0000 21081.1843  9.77%  68.5  675s
 199788 138615 21347.5291   35  476 23365.0000 21081.2955  9.77%  68.7  681s
 200337 139069 21106.1879   23  631 23365.0000 21081.3148  9.77%  68.8  685s
 201423 139818 21107.9901   27  648 23365.0000 21081.3296  9.77%  69.0  690s
 202554 140764 21413.0882   29  538 23365.0000 21081.3296  9.77%  69.1  696s
 203905 141700 21107.4233   32  538 23365.0000 21081.3423  9.77%  69.4  702s
 204795 142084 22569.7244   51  299 23365.0000 21081.3480  9.77%  69.5  705s
 205923 142918 infeasible   43      23365.0000 21081.4060  9.77%  69.7  711s
 206420 143555 22178.6086   28  499 23365.0000 21081.4443  9.77%  69.8  715s
 207683 144013 21504.5458   39  534 23365.0000 21081.4804  9.77%  69.9  721s
 208837 144877 21407.2023   35  462 23365.0000 21081.5107  9.77%  70.2  727s
 209305 145290 21358.9998   29  652 23365.0000 21081.5107  9.77%  70.3  730s
 210356 145947 21112.6739   35  611 23365.0000 21081.5304  9.77%  70.5  737s
 210869 146644 22694.7245   47  254 23365.0000 21081.5304  9.77%  70.6  741s
 212083 147382 21573.9556   39  630 23365.0000 21081.5304  9.77%  70.8  749s
H213041 147938                    23364.999885 21081.5304  9.77%  71.0  753s
 213886 148405 21412.4562   43  670 23364.9999 21081.5309  9.77%  71.1  757s
 214562 148982 21146.6852   36  582 23364.9999 21081.5439  9.77%  71.2  762s
 215562 149282 23092.0000   72  267 23364.9999 21081.6121  9.77%  71.4  765s
 217136 150376 21437.2632   45  655 23364.9999 21081.6595  9.77%  71.6  773s
 217674 151052 23241.4820   59  305 23364.9999 21081.6968  9.77%  71.7  776s
 218697 151446 infeasible   49      23364.9999 21081.7709  9.77%  71.7  780s
 219691 152237 21314.9065   33  752 23364.9999 21081.8134  9.77%  72.0  786s
 220415 152600 21364.6246   32  578 23364.9999 21081.8720  9.77%  72.1  790s
 221853 153583 22946.4316   72  212 23364.9999 21081.9350  9.77%  72.2  796s
 222819 154157 21176.1338   27  582 23364.9999 21082.0313  9.77%  72.4  801s
 223919 154927 21338.0414   44  692 23364.9999 21082.5336  9.77%  72.6  808s
 224458 155377 21402.6105   34  750 23364.9999 21082.6278  9.77%  72.7  811s
 225751 155976 23018.3434   54  318 23364.9999 21082.7339  9.77%  72.9  818s
 226242 156342     cutoff   39      23364.9999 21082.7339  9.77%  73.0  821s
 227281 156900 21662.3469   37  606 23364.9999 21083.3060  9.77%  73.3  828s
 227802 157245 21139.3573   24  651 23364.9999 21083.4036  9.77%  73.4  831s
 228294 157622 23260.2501   85  341 23364.9999 21083.4036  9.77%  73.5  835s
 229395 158447 21135.8929   31  540 23364.9999 21083.6162  9.76%  73.8  842s
 230111 158897 infeasible   45      23364.9999 21083.6784  9.76%  73.9  846s
 230747 159531 23248.0000   74  219 23364.9999 21083.7564  9.76%  73.9  850s
 232139 160759 23335.2515   71  310 23364.9999 21084.1315  9.76%  74.1  857s
 233419 162005 22505.1307   39  355 23364.9999 21084.2473  9.76%  74.2  869s
 234978 162644 21306.6799   20  559 23364.9999 21084.3492  9.76%  74.4  872s
 235839 163396 21428.6214   33  790 23364.9999 21084.6319  9.76%  74.6  876s
 236906 163705 23242.4842   84  198 23364.9999 21084.6522  9.76%  74.7  880s
 237975 164441 22714.9301   55  403 23364.9999 21084.8080  9.76%  74.8  887s
 238397 165013 22159.3010   35  554 23364.9999 21084.9090  9.76%  75.0  890s
 239664 165951 22943.6551   61  267 23364.9999 21084.9951  9.76%  75.1  897s
 240513 166437 21514.8700   36  433 23364.9999 21085.1191  9.76%  75.2  901s
 241859 167297 21509.4771   34  608 23364.9999 21085.1191  9.76%  75.4  908s
 242355 167821 21381.3866   38  504 23364.9999 21085.1191  9.76%  75.4  911s
H242954 167821                    23364.999881 21085.1191  9.76%  75.5  911s
 243090 168220 21185.5496   45  366 23364.9999 21085.1191  9.76%  75.5  915s
H244272 168817                    23364.999867 21085.1694  9.76%  75.7  919s
 244504 169366 22788.3961   60  272 23364.9999 21085.1914  9.76%  75.7  923s
 245236 169649 21251.1969   52  507 23364.9999 21085.1914  9.76%  75.8  926s
 246092 170457 21170.3150   40  568 23364.9999 21085.1914  9.76%  75.8  932s
 246872 170728 21790.9919   41  403 23364.9999 21085.1914  9.76%  75.9  935s
 247791 171375 21246.9713   24  660 23364.9999 21085.1914  9.76%  76.0  942s
 248317 171956 21150.4706   35  593 23364.9999 21085.1914  9.76%  76.1  945s
 249702 172675 22842.4310   80  207 23364.9999 21085.2951  9.76%  76.2  951s
 250659 173276 22647.4413   46  374 23364.9999 21085.3028  9.76%  76.3  956s
 251547 173810 21369.4313   51  423 23364.9999 21085.4633  9.76%  76.5  961s

Cutting planes:
  Learned: 199
  Gomory: 337
  Cover: 1855
  Implied bound: 487
  Projected implied bound: 37
  Clique: 234
  MIR: 836
  StrongCG: 244
  Flow cover: 3436
  GUB cover: 14
  Inf proof: 20
  Zero half: 124
  Mod-K: 1
  Network: 27
  RLT: 166
  Relax-and-lift: 302
  BQP: 1

Explored 252031 nodes (19331819 simplex iterations) in 961.91 seconds (1604.79 work units)
Thread count was 8 (of 8 available processors)

Solution count 10: 23365 23365 23365 ... 23400

Solve interrupted
Best objective 2.336499986670e+04, best bound 2.108567895601e+04, gap 9.7553%

User-callback calls 744850, time in user-callback 2.52 sec

Statistics for modelBNB_BSNH_BSAL_BPHD:
  Linear constraint matrix    : 21244 Constrs, 8010 Vars, 80713 NZs
  Variable types              : 2735 Continuous,
5275 Integer (1117 Binary)
  Matrix coefficient range    : [ 1, 382 ]
  Objective coefficient range : [ 1, 382 ]
  Variable bound range        : [ 1, 199 ]
  RHS coefficient range       : [ 1, 24428.3 ]
