
Gurobi 10.0.1 (linux64) logging started Mon Apr  1 05:46:07 2024

Set parameter LogFile to value "/data/optimi/optimi/kombadon/drings/SBahn/s-bahn-data/scripts/DeniseMA/processed/BNB_BSNH_BSAL_BPHD/RINS/BNB_BSNH_BSAL_BPHD_202403312232_random4_0.6.log"
Gurobi Optimizer version 10.0.1 build v10.0.1rc0 (linux64)

CPU model: Intel(R) Xeon(R) CPU E3-1270 v6 @ 3.80GHz, instruction set [SSE2|AVX|AVX2]
Thread count: 4 physical cores, 8 logical processors, using up to 8 threads

Optimize a model with 21214 rows, 8010 columns and 80683 nonzeros
Model fingerprint: 0x5506f701
Variable types: 2735 continuous, 5275 integer (1117 binary)
Coefficient statistics:
  Matrix range     [1e+00, 4e+02]
  Objective range  [1e+00, 4e+02]
  Bounds range     [1e+00, 2e+02]
  RHS range        [1e+00, 2e+04]

User MIP start did not produce a new incumbent solution
User MIP start violates constraint objective_cutoff by 246.750000000

Presolve removed 8803 rows and 2385 columns
Presolve time: 0.20s
Presolved: 12411 rows, 5625 columns, 52308 nonzeros
Variable types: 1553 continuous, 4072 integer (4072 binary)

Root relaxation: objective 2.026800e+04, 3413 iterations, 0.04 seconds (0.03 work units)

    Nodes    |    Current Node    |     Objective Bounds      |     Work
 Expl Unexpl |  Obj  Depth IntInf | Incumbent    BestBd   Gap | It/Node Time

     0     0 20268.0000    0  266          - 20268.0000      -     -    0s
Another try with MIP start
     0     0 20336.8133    0  696          - 20336.8133      -     -    0s
     0     0 20336.8133    0  695          - 20336.8133      -     -    0s
     0     0 20336.8133    0  697          - 20336.8133      -     -    0s
     0     0 20336.9137    0  687          - 20336.9137      -     -    0s
     0     0 20336.9137    0  663          - 20336.9137      -     -    0s
     0     0 20378.7093    0  596          - 20378.7093      -     -    1s
     0     0 20378.7495    0  562          - 20378.7495      -     -    1s
     0     0 20378.7495    0  514          - 20378.7495      -     -    1s
     0     0 20439.7974    0  646          - 20439.7974      -     -    1s
     0     0 20439.7974    0  654          - 20439.7974      -     -    1s
     0     0 20470.2890    0  728          - 20470.2890      -     -    1s
     0     0 20470.4239    0  712          - 20470.4239      -     -    1s
     0     0 20470.4239    0  652          - 20470.4239      -     -    1s
     0     0 20470.4346    0  508          - 20470.4346      -     -    1s
     0     0 20470.4346    0  643          - 20470.4346      -     -    1s
     0     0 20470.8132    0  692          - 20470.8132      -     -    2s
     0     0 20470.8132    0  661          - 20470.8132      -     -    2s
     0     0 20470.8132    0  629          - 20470.8132      -     -    2s
     0     0 20470.8132    0  251          - 20470.8132      -     -    2s
     0     2 20470.8132    0  241          - 20470.8132      -     -    2s
  1031   919 20612.0000    5  262          - 20513.1755      -  28.6    5s
  1053   934 20802.0000   24  343          - 20776.2725      -  28.0   10s
  1080   953 20797.0200   40  379          - 20796.5842      -  77.1   15s
  1100   967 20847.0445   35  497          - 20847.0445      -  75.7   20s
  1694  1371 21758.0481   99  311          - 20895.1207      -  73.9   25s
  4190  2809 21319.9686   63  241          - 20898.5191      -  50.1   30s
  7804  5720 23590.9900  162  144          - 20903.2002      -  40.5   35s
 11664  9102 22630.0000  127  205          - 20911.6452      -  36.2   40s
 16433 12768 21586.0239   63  301          - 20951.0924      -  33.9   45s
 20067 15813 21573.0000   78  308          - 20963.9643      -  33.5   50s
 20898 16996 22370.0000  161  182          - 20963.9643      -  33.4   64s
 21664 17063 infeasible  208               - 20967.3337      -  33.0   65s
 25825 20800 21891.5602   71  435          - 20971.7247      -  32.3   70s
 30233 24026 21230.3533   40  408          - 20979.5030      -  31.7   75s
 33895 27245 21663.0000  103  246          - 20988.5876      -  31.5   80s
 38006 30673 21301.5804   36  445          - 20999.7224      -  31.4   85s
H40592 32233                    24265.250000 21002.3609  13.4%  31.3   87s
H40631 31926                    23955.000000 21002.3609  12.3%  31.3   88s
H40631 31442                    23628.000000 21002.3609  11.1%  31.3   88s
H40639 31321                    23580.000000 21002.3609  10.9%  31.3   88s
 41217 31885 21699.8200   81  325 23580.0000 21002.4834  10.9%  31.3   90s
H41701 32032                    23500.000000 21005.5137  10.6%  31.4   90s
H41823 32148                    23497.000000 21006.2386  10.6%  31.4   91s
H42941 33013                    23482.000000 21008.8894  10.5%  31.8   93s
H42997 33006                    23477.000000 21008.8894  10.5%  31.8   93s
H43229 33306                    23466.000000 21011.4274  10.5%  31.8   94s
H43322 33304                    23465.000000 21012.2729  10.5%  31.9   94s
H43406 33216                    23442.000000 21012.7042  10.4%  31.9   94s
H43494 33407                    23437.000000 21012.7042  10.3%  31.9   95s
H43579 33393                    23430.000000 21012.7125  10.3%  31.9   95s
H43722 33825                    23424.000000 21012.7125  10.3%  31.9   96s
H44333 33908                    23419.000000 21014.3966  10.3%  32.2   97s
H44587 34260                    23399.000000 21014.3966  10.2%  32.4   98s
H44869 34432                    23392.000000 21015.9565  10.2%  32.4   99s
 45123 34468 21743.0000   58  339 23392.0000 21015.9565  10.2%  32.5  100s
H45125 34466                    23389.000000 21015.9565  10.1%  32.5  100s
H45201 34575                    23383.000000 21015.9565  10.1%  32.5  101s
H45535 35024                    23380.000000 21016.1926  10.1%  32.7  102s
 46390 35913 22307.5000  116  200 23380.0000 21016.6997  10.1%  33.1  105s
H47180 36369                    23371.000000 21018.2050  10.1%  33.4  106s
 48694 37743 21465.4075   70  326 23371.0000 21022.6908  10.0%  33.9  110s
 51503 39705 21538.3167   61  397 23371.0000 21029.1862  10.0%  34.6  115s
 53511 41226 22487.0000   79  382 23371.0000 21032.8514  10.0%  35.6  120s
 56554 43209 infeasible   77      23371.0000 21036.7346  10.0%  36.2  125s
H57385 43686                    23369.000000 21036.8142  10.0%  36.5  127s
 58028 44242 21254.0000   54  446 23369.0000 21039.2359  10.0%  36.9  130s
 59792 46044 23184.2143  120  125 23369.0000 21043.4979  10.0%  37.7  135s
 61992 47701 22490.5718   71  348 23369.0000 21043.6201  10.0%  38.3  140s
 64326 49251 21217.7192   52  419 23369.0000 21047.6201  9.93%  38.6  145s
 66201 50426 21053.2877   42  552 23369.0000 21053.2877  9.91%  39.3  150s
 68003 52050 22738.9592  120  170 23369.0000 21054.3966  9.90%  40.2  155s
 69688 53464 21528.0723   63  367 23369.0000 21055.1165  9.90%  40.8  160s
 70914 54143 23178.0000  138  132 23369.0000 21058.0524  9.89%  41.2  165s
 72662 55609 21211.3265   44  414 23369.0000 21058.0530  9.89%  41.6  170s
 75077 57583 23136.4747  128  142 23369.0000 21058.0664  9.89%  41.8  175s
 77475 59064 21252.9686   52  317 23369.0000 21058.0664  9.89%  42.0  180s
 79696 60551 infeasible   50      23369.0000 21058.0664  9.89%  42.3  185s
 81461 62061 21286.3422   55  424 23369.0000 21058.0664  9.89%  42.6  190s
 84050 63578 21262.5718   56  425 23369.0000 21058.0791  9.89%  42.8  195s
H84235 63550                    23364.000000 21058.1376  9.87%  42.8  195s
 85706 64900 21077.1821   49  492 23364.0000 21058.2600  9.87%  42.9  200s
H86154 65029                    23361.000000 21058.2600  9.86%  43.0  201s
H86222 64990                    23354.000000 21058.2600  9.83%  43.0  201s
H87097 65818                    23350.000000 21058.2600  9.81%  43.3  204s
 87473 66368 21080.5293   50  509 23350.0000 21058.2600  9.81%  43.3  205s
 89609 67321 21421.9818   60  458 23350.0000 21058.2600  9.81%  43.5  210s
 91593 68825 infeasible  128      23350.0000 21058.2600  9.81%  43.9  215s
 92799 69938 22834.0000  100  101 23350.0000 21058.2600  9.81%  44.2  220s
 93875 71342 23147.8197   83  246 23350.0000 21058.2600  9.81%  44.4  225s
 96323 72454 22448.9744   63  280 23350.0000 21058.2796  9.81%  44.7  230s
 99092 73618 21366.0437   55  344 23350.0000 21058.4582  9.81%  45.0  235s
 100718 75001 22734.0000  100  191 23350.0000 21058.5677  9.81%  45.2  240s
 102417 75645 21058.6945   44  452 23350.0000 21058.6945  9.81%  45.5  245s
H102435 75526                    23342.000000 21058.6945  9.78%  45.5  245s
H103146 76470                    23337.000000 21058.6945  9.76%  45.7  250s
 105371 77586 21058.6945   47  524 23337.0000 21058.6945  9.76%  46.0  256s
 107077 78675 21354.6945   55  387 23337.0000 21058.6945  9.76%  46.2  260s
 108743 80188 22098.6945   70  411 23337.0000 21058.6945  9.76%  46.4  265s
 110616 81333 21132.6945   56  444 23337.0000 21058.6945  9.76%  46.6  270s
 113139 82806 21222.6945   61  396 23337.0000 21058.6945  9.76%  46.9  276s
 115211 83967 infeasible   89      23337.0000 21058.6945  9.76%  47.0  280s
 117104 85262 22670.0000   69  305 23337.0000 21058.6945  9.76%  47.2  285s
 118769 86227 22384.1048   52  342 23337.0000 21058.6945  9.76%  47.5  290s
 121185 88055 23072.0000   73  247 23337.0000 21058.6945  9.76%  47.7  296s
 123107 89040 21193.0296   58  273 23337.0000 21058.6945  9.76%  47.8  300s
 124790 90425 21058.6945   50  492 23337.0000 21058.6945  9.76%  48.0  305s
 126962 91763 22281.2208   55  449 23337.0000 21058.6945  9.76%  48.1  310s
 129380 93246 22306.6945   50  320 23337.0000 21058.6945  9.76%  48.2  316s
 131046 94197 infeasible   70      23337.0000 21058.6945  9.76%  48.3  320s
 133196 95498 infeasible   51      23337.0000 21058.6945  9.76%  48.6  326s
 134835 96817 22380.6945   62  339 23337.0000 21058.6945  9.76%  48.6  330s
 135822 98051 21134.2545   61  397 23337.0000 21058.6945  9.76%  48.7  335s
 139106 99255 infeasible   57      23337.0000 21058.6945  9.76%  48.8  341s
 140437 100421 23325.2657   87  248 23337.0000 21058.6945  9.76%  49.0  345s
 142301 101464 22741.2657   82  289 23337.0000 21058.6945  9.76%  49.1  350s
 143982 102855 22302.6945   57  335 23337.0000 21058.6945  9.76%  49.3  355s
 146250 104576 21289.5783   59  542 23337.0000 21058.6945  9.76%  49.5  362s
 147811 105085 22800.0000   83  255 23337.0000 21058.6945  9.76%  49.6  366s
 148747 106027     cutoff   76      23337.0000 21058.6945  9.76%  49.7  370s
 150687 107246 23174.7500   71  283 23337.0000 21058.6945  9.76%  49.9  376s
 152122 107993 infeasible   59      23337.0000 21058.6945  9.76%  50.0  380s
 154085 109105 infeasible   62      23337.0000 21058.6945  9.76%  50.2  385s
 155814 110533 22690.7477   82  248 23337.0000 21058.6945  9.76%  50.5  391s
 156972 111652 22680.6945   70  361 23337.0000 21058.6945  9.76%  50.5  395s
 158948 112368 21064.6945   63  544 23337.0000 21058.6945  9.76%  50.7  400s
 160716 113463 23149.2657   81  317 23337.0000 21058.6945  9.76%  50.9  405s
 162351 114658 22196.9073   66  355 23337.0000 21058.6945  9.76%  51.1  411s
 163585 115236 21220.4215   58  483 23337.0000 21058.6945  9.76%  51.3  415s
 164995 115970 21106.6945   60  395 23337.0000 21058.6945  9.76%  51.5  421s
 166223 116696 21090.6945   60  472 23337.0000 21058.6945  9.76%  51.7  425s
 167850 118364 21292.3113   56  489 23337.0000 21058.6945  9.76%  51.8  431s
 169500 118691 22551.2448   66  323 23337.0000 21058.6945  9.76%  52.0  435s
 171100 119812 21066.2185   57  520 23337.0000 21058.6945  9.76%  52.2  440s
 173110 120877 22649.0000   75  327 23337.0000 21058.6945  9.76%  52.3  445s
 174685 121916 21149.3059   54  417 23337.0000 21058.6945  9.76%  52.5  451s
 176034 123160 22036.5484   58  400 23337.0000 21058.6945  9.76%  52.7  456s
 177245 123899 22901.6945   72  302 23337.0000 21058.6945  9.76%  52.8  460s
 178949 124915 21358.6945   60  352 23337.0000 21058.6945  9.76%  53.1  467s
 179572 125173 22523.9153   62  363 23337.0000 21058.6945  9.76%  53.2  470s
 181143 126106 infeasible   70      23337.0000 21058.6945  9.76%  53.3  476s
 182323 126853 23286.0000   79  296 23337.0000 21058.6945  9.76%  53.5  481s
 183355 127901 21060.7345   40  606 23337.0000 21058.7046  9.76%  53.7  487s
 184791 128850 21349.4537   53  536 23337.0000 21058.7283  9.76%  53.8  492s
 186011 129144 21966.0000   89  266 23337.0000 21058.7509  9.76%  53.9  495s
 186983 130365 22953.0000  115  109 23337.0000 21058.7515  9.76%  53.9  500s
 188536 131125 22758.7500   76  365 23337.0000 21058.7729  9.76%  54.0  505s
 190727 132018 23042.7447   96  343 23337.0000 21058.8070  9.76%  54.0  511s
 191654 132844 23193.0000   82  208 23337.0000 21058.8302  9.76%  54.2  515s
 192931 133589 21799.1841   62  480 23337.0000 21058.8804  9.76%  54.3  520s
 194959 134621 infeasible   89      23337.0000 21058.9728  9.76%  54.6  526s
 195984 135193 22476.4745   59  454 23337.0000 21059.0205  9.76%  54.7  530s
 196864 135734 22452.0643   67  302 23337.0000 21059.0403  9.76%  54.9  535s
 197765 136175 21064.0576   56  554 23337.0000 21059.0690  9.76%  55.0  540s
 199051 137145 21342.8508   54  546 23337.0000 21059.1347  9.76%  55.3  545s
 199888 137681 22498.9301   53  399 23337.0000 21059.1793  9.76%  55.5  550s
 201057 138115 23263.0000   71  322 23337.0000 21059.2585  9.76%  55.7  555s
 201824 139152 21228.1832   44  666 23337.0000 21059.2855  9.76%  55.9  561s
 203506 140047 21395.6667   52  473 23337.0000 21059.3952  9.76%  56.1  567s
 204985 141042 21134.0853   55  667 23337.0000 21059.4945  9.76%  56.2  572s
 206390 141581 21445.1841   57  466 23337.0000 21059.5693  9.76%  56.4  576s
 207460 142549 21771.3827   87  320 23337.0000 21059.6181  9.76%  56.6  581s
 208807 143093 21148.8851   50  496 23337.0000 21059.6181  9.76%  56.7  585s
 209704 144199 23223.0000   78  260 23337.0000 21059.6320  9.76%  56.9  591s
 211301 144718 22358.0000   59  306 23337.0000 21059.6829  9.76%  57.0  595s
 212246 145333 23249.6205   64  290 23337.0000 21059.7074  9.76%  57.2  600s
 213599 146111 21071.2597   53  635 23337.0000 21059.8284  9.76%  57.4  605s
 214693 146844 22373.3296   66  364 23337.0000 21059.8878  9.76%  57.5  610s
 216104 147700 21109.1841   60  540 23337.0000 21059.9745  9.76%  57.7  615s
 217073 148412     cutoff   75      23337.0000 21059.9923  9.76%  57.8  620s
 218008 149324 22691.5789   97  270 23337.0000 21060.0271  9.76%  58.0  625s
 219164 150071 21069.4475   45  658 23337.0000 21060.0702  9.76%  58.2  634s
 220256 150814 22781.0000   65  326 23337.0000 21060.1369  9.76%  58.3  638s
 221459 151160 21709.9219   57  543 23337.0000 21060.1945  9.76%  58.5  642s
 222024 151660 21777.1841   61  504 23337.0000 21060.2262  9.76%  58.6  645s
 223617 152880 21357.7806   63  501 23337.0000 21060.2848  9.76%  58.7  651s
 225086 153446 22408.8068   70  492 23337.0000 21060.3153  9.76%  58.9  656s
 226137 154389 21062.7253   61  608 23337.0000 21060.3691  9.76%  59.1  662s
 227580 155225 21138.2622   46  643 23337.0000 21060.4473  9.76%  59.3  667s
 228394 155626 21968.2928   62  502 23337.0000 21060.4774  9.75%  59.4  670s
 229980 156839 22560.1841   60  345 23337.0000 21060.5475  9.75%  59.6  678s
 230822 157431 23289.9168   86  255 23337.0000 21060.5778  9.75%  59.7  681s
 232191 158086 23270.1786   92  307 23337.0000 21060.6740  9.75%  59.8  686s
 233362 159118 22455.1841   71  301 23337.0000 21060.7250  9.75%  60.0  692s
 234617 159414 21061.3001   43  666 23337.0000 21060.7656  9.75%  60.0  695s
 235831 160227 21110.7441   52  512 23337.0000 21060.8069  9.75%  60.1  700s
 236619 160685 22717.2471   95  249 23337.0000 21060.8644  9.75%  60.2  705s
 237723 161373 22490.6667   75  346 23337.0000 21060.8977  9.75%  60.3  710s
 238783 162104 22782.0000   70  274 23337.0000 21060.9925  9.75%  60.5  715s
 240328 163050 21807.9204   51  583 23337.0000 21060.9925  9.75%  60.7  723s
 240786 163720 23211.0000   71  280 23337.0000 21061.0320  9.75%  60.8  728s
 241843 164297 23127.2471   90  224 23337.0000 21061.1119  9.75%  61.0  731s
 243595 165302 23130.0000   98  403 23337.0000 21061.1862  9.75%  61.2  737s
 244126 165935 22505.4439   69  455 23337.0000 21061.1862  9.75%  61.3  740s
 245738 167205 23138.0000  166   29 23337.0000 21061.1869  9.75%  61.3  745s
 247403 167996 21626.4865   52  711 23337.0000 21061.2591  9.75%  61.4  750s
 248712 169043 21063.1320   49  720 23337.0000 21061.3001  9.75%  61.5  755s
 250019 169962 22800.0000   69  392 23337.0000 21061.3001  9.75%  61.5  760s
 251999 170983 23016.2868   97  316 23337.0000 21061.3001  9.75%  61.7  766s
 253045 171719 21460.8023   64  563 23337.0000 21061.3001  9.75%  61.8  772s
 254542 172583     cutoff  130      23337.0000 21061.3001  9.75%  61.9  777s
 254856 172939 22320.9325   58  442 23337.0000 21061.3001  9.75%  62.0  780s
 256275 173850 21611.4185   57  609 23337.0000 21061.3001  9.75%  62.1  785s
 257556 174795 21076.9325   47  531 23337.0000 21061.3001  9.75%  62.2  791s
 258617 175324 23024.0000   84  467 23337.0000 21061.3001  9.75%  62.3  797s
 258945 175891 21311.2611   53  702 23337.0000 21061.3001  9.75%  62.3  800s
 260199 176756 23280.2327   93  274 23337.0000 21061.3001  9.75%  62.5  805s
 261453 177677 23158.0000   87  373 23337.0000 21061.3001  9.75%  62.5  810s
 263426 178426 21435.6707   54  538 23337.0000 21061.3001  9.75%  62.6  815s
 263909 179090 21131.6767   44  741 23337.0000 21061.3001  9.75%  62.7  820s
 265095 180020 23154.0000   83  334 23337.0000 21061.3019  9.75%  62.8  825s
 266344 180931 21421.9325   51  509 23337.0000 21061.3197  9.75%  62.9  830s
 267805 181802 21064.6823   49  730 23337.0000 21061.3537  9.75%  63.0  836s
 269153 182595 21294.1228   55  611 23337.0000 21061.3632  9.75%  63.1  841s
 270391 183336 22743.1841   74  307 23337.0000 21061.4054  9.75%  63.2  846s
 271518 183740 22778.0000   61  432 23337.0000 21061.4712  9.75%  63.3  851s

Cutting planes:
  Learned: 185
  Gomory: 256
  Cover: 1768
  Implied bound: 679
  Projected implied bound: 47
  Clique: 221
  MIR: 660
  StrongCG: 219
  Flow cover: 2813
  GUB cover: 12
  Inf proof: 30
  Zero half: 66
  Network: 25
  RLT: 128
  Relax-and-lift: 253

Explored 271742 nodes (17273370 simplex iterations) in 851.08 seconds (1351.44 work units)
Thread count was 8 (of 8 available processors)

Solution count 10: 23337 23342 23350 ... 23383

Solve interrupted
Best objective 2.333700000000e+04, best bound 2.106147657467e+04, gap 9.7507%

User-callback calls 746794, time in user-callback 2.19 sec

Statistics for modelBNB_BSNH_BSAL_BPHD:
  Linear constraint matrix    : 21214 Constrs, 8010 Vars, 80683 NZs
  Variable types              : 2735 Continuous,
5275 Integer (1117 Binary)
  Matrix coefficient range    : [ 1, 382 ]
  Objective coefficient range : [ 1, 382 ]
  Variable bound range        : [ 1, 199 ]
  RHS coefficient range       : [ 1, 24428.3 ]
