
Gurobi 10.0.1 (mac64[arm]) logging started Mon Apr  1 03:02:25 2024

Set parameter LogFile to value "/Users/deniserings/Documents/zib/s-bahn-data/scripts/DeniseMA/processed/BPKW_BKRW_BSNF_O/RENS/BPKW_BKRW_BSNF_O_subMBP_random2_0.6_202403312233.log"
Gurobi Optimizer version 10.0.1 build v10.0.1rc0 (mac64[arm])

CPU model: Apple M2
Thread count: 8 physical cores, 8 logical processors, using up to 8 threads

Optimize a model with 4451 rows, 2168 columns and 15803 nonzeros
Model fingerprint: 0xe1443b82
Variable types: 838 continuous, 1330 integer (358 binary)
Coefficient statistics:
  Matrix range     [1e+00, 2e+02]
  Objective range  [1e+00, 4e+02]
  Bounds range     [1e+00, 2e+02]
  RHS range        [1e+00, 5e+02]
Presolve removed 2518 rows and 1078 columns
Presolve time: 0.08s
Presolved: 1933 rows, 1090 columns, 7742 nonzeros
Variable types: 358 continuous, 732 integer (732 binary)

Root relaxation: objective 9.180000e+03, 622 iterations, 0.00 seconds (0.01 work units)

    Nodes    |    Current Node    |     Objective Bounds      |     Work
 Expl Unexpl |  Obj  Depth IntInf | Incumbent    BestBd   Gap | It/Node Time

     0     0 9180.00000    0   38          - 9180.00000      -     -    0s
H    0     0                    11242.000000 9180.00000  18.3%     -    0s
     0     0 9180.00000    0   89 11242.0000 9180.00000  18.3%     -    0s
H    0     0                    10703.000000 9180.00000  14.2%     -    0s
     0     0 9180.00000    0   94 10703.0000 9180.00000  14.2%     -    0s
     0     0 9182.86115    0   47 10703.0000 9182.86115  14.2%     -    0s
     0     0 9182.86115    0   51 10703.0000 9182.86115  14.2%     -    0s
     0     0 9190.94812    0  102 10703.0000 9190.94812  14.1%     -    0s
     0     0 9190.94812    0   92 10703.0000 9190.94812  14.1%     -    0s
H    0     0                    10639.000000 9190.94812  13.6%     -    0s
     0     0 9191.33333    0   72 10639.0000 9191.33333  13.6%     -    0s
     0     0 9191.33333    0   67 10639.0000 9191.33333  13.6%     -    0s
     0     0 9191.33333    0   87 10639.0000 9191.33333  13.6%     -    0s
H    0     0                    10003.000000 9191.33333  8.11%     -    0s
     0     0 9191.33333    0   86 10003.0000 9191.33333  8.11%     -    0s
     0     0 9191.33333    0   43 10003.0000 9191.33333  8.11%     -    0s
     0     0 9191.33333    0   54 10003.0000 9191.33333  8.11%     -    0s
     0     0 9191.33333    0   44 10003.0000 9191.33333  8.11%     -    0s
     0     0 9191.33333    0   44 10003.0000 9191.33333  8.11%     -    0s
     0     2 9191.33333    0   38 10003.0000 9191.33333  8.11%     -    0s
H   50    64                    9957.0000000 9200.00000  7.60%  31.1    0s
H   62    64                    9955.0000000 9200.00000  7.58%  26.7    0s
H  121   138                    9900.0000000 9200.00000  7.07%  21.9    0s
H  174   241                    9864.0000000 9200.00000  6.73%  19.4    0s
H  675   597                    9852.0000000 9200.00000  6.62%  14.3    0s
H  696   596                    9849.0000000 9200.00000  6.59%  14.4    0s
H  702   596                    9842.0000000 9200.00000  6.52%  14.4    0s
H 1282  1048                    9833.0000000 9200.00000  6.44%  13.7    0s
H 1290  1047                    9828.0000000 9200.00000  6.39%  13.7    0s
H 1485  1129                    9822.0000000 9200.00000  6.33%  13.7    0s
H 1588  1149                    9801.0000000 9242.63000  5.70%  21.4    2s
H 1629  1119                    9798.0000000 9242.66154  5.67%  21.5    2s
H 5087  2296                    9793.0000000 9244.81478  5.60%  21.5    4s
  8511  4249 9402.35927   40   98 9793.00000 9251.81792  5.53%  21.4    5s
 26733 15194 9273.32505   45   62 9793.00000 9264.00000  5.40%  21.7   10s
 29662 16326 9721.00000   52  153 9793.00000 9264.65857  5.40%  21.7   15s
 29699 16351 9337.73780   46  197 9793.00000 9264.65857  5.40%  21.7   20s
 29738 16377 9635.32802   57  146 9793.00000 9264.65857  5.40%  21.7   25s
 29876 16475 9447.27363   45   87 9793.00000 9265.32582  5.39%  22.8   30s
 41983 19603 9485.20897   50   57 9793.00000 9331.69187  4.71%  23.4   35s
 62909 23488     cutoff   63      9793.00000 9413.20256  3.88%  23.1   40s
 83449 28417 9554.00000   69   39 9793.00000 9428.87392  3.72%  23.2   45s
 102179 37248 9614.00000   54   47 9793.00000 9436.45997  3.64%  23.3   50s
 120483 46206 9513.36100   54  118 9793.00000 9442.50405  3.58%  23.4   55s
 136246 53653 9695.45696   56   88 9793.00000 9447.12992  3.53%  23.4   60s
 154102 62010 9549.45541   64   22 9793.00000 9451.27784  3.49%  23.6   65s
 172095 70199     cutoff   72      9793.00000 9455.31886  3.45%  23.6   70s
 188377 76819 9472.83969   60   57 9793.00000 9458.77160  3.41%  23.7   75s
 203854 83114 9506.23656   57   60 9793.00000 9462.27633  3.38%  23.8   80s
 217412 88325 9620.00000   56   37 9793.00000 9464.87041  3.35%  23.8   85s
 232473 93855 9738.49954   59   50 9793.00000 9468.52880  3.31%  24.0   90s
 246329 99158 9506.57611   51   44 9793.00000 9471.67278  3.28%  24.1   95s
 260186 104013 infeasible   80      9793.00000 9474.29560  3.25%  24.1  100s
 274789 109605 9542.72802   54   97 9793.00000 9476.88939  3.23%  24.2  105s
 289109 114588 9563.07930   57   71 9793.00000 9479.44051  3.20%  24.2  110s
 302784 119484     cutoff   58      9793.00000 9482.00000  3.18%  24.3  115s
 315064 123662     cutoff   70      9793.00000 9484.27297  3.15%  24.4  120s
 327438 127621 9516.00000   72   51 9793.00000 9486.00000  3.13%  24.5  125s
 340356 131648 9774.00000   66   72 9793.00000 9487.78586  3.12%  24.6  130s
 353091 135637 9729.67000   63   58 9793.00000 9489.87266  3.10%  24.6  135s
 365828 139975 9633.48486   75   38 9793.00000 9491.55850  3.08%  24.7  140s
 378205 143713 9764.00000   69   21 9793.00000 9492.16708  3.07%  24.8  145s
 389965 147657 9757.00000   57   61 9793.00000 9493.71031  3.06%  24.9  150s
 401738 151397 9535.87715   66   32 9793.00000 9495.50000  3.04%  25.0  155s
 413856 155216 9610.00000   68   53 9793.00000 9497.00000  3.02%  25.0  160s
 425885 158954 9655.36401   69   63 9793.00000 9498.00000  3.01%  25.1  165s
 437864 162141     cutoff   66      9793.00000 9499.71089  2.99%  25.2  170s
 449239 165260     cutoff   70      9793.00000 9501.29412  2.98%  25.3  175s
 460802 168685 9639.00000   56   77 9793.00000 9502.59539  2.97%  25.4  180s
 472074 172081 9708.00000   59   39 9793.00000 9503.55048  2.96%  25.4  185s
 483523 174911     cutoff   66      9793.00000 9505.09510  2.94%  25.5  190s
 495004 177910 9589.58262   63   59 9793.00000 9506.33328  2.93%  25.6  195s
 506875 181537 9765.00000   62   48 9793.00000 9507.81962  2.91%  25.6  200s
 518612 184566     cutoff   65      9793.00000 9509.13408  2.90%  25.7  205s
 529200 187478 9651.52000   68   54 9793.00000 9510.67814  2.88%  25.7  210s
 540933 190497 9762.55056   62   42 9793.00000 9511.70308  2.87%  25.8  215s
 553517 194146 9674.51785   55   43 9793.00000 9512.80294  2.86%  25.8  220s
 565514 197559 9703.05596   58   54 9793.00000 9514.00000  2.85%  25.8  225s
 576210 200491 9684.76190   70   44 9793.00000 9515.16667  2.84%  25.9  230s
 586690 203384 9564.09510   61   54 9793.00000 9516.21485  2.83%  26.0  235s
 597769 206618     cutoff   67      9793.00000 9517.29586  2.82%  26.0  240s
 610245 209804 9723.36212   75   52 9793.00000 9518.52454  2.80%  26.0  245s
 620752 212846     cutoff   62      9793.00000 9519.36652  2.79%  26.1  250s
 633005 215798 9701.00000   62   69 9793.00000 9520.95794  2.78%  26.1  255s
 643400 219013     cutoff   56      9793.00000 9521.82401  2.77%  26.1  260s
 655044 222012     cutoff   72      9793.00000 9522.44308  2.76%  26.2  265s
 665689 224514 9584.68511   57   99 9793.00000 9523.23769  2.75%  26.2  270s
 677458 227931 9536.46026   58   65 9793.00000 9524.00000  2.75%  26.2  275s
 689259 230781 9643.64583   65   55 9793.00000 9524.92957  2.74%  26.2  280s
 700942 233958 9621.11548   63   91 9793.00000 9525.95767  2.73%  26.2  285s
 712612 236867     cutoff   73      9793.00000 9526.12409  2.73%  26.2  290s
 723520 239555 9611.65517   68   65 9793.00000 9527.00000  2.72%  26.2  295s
 735214 242529 9528.00000   60   39 9793.00000 9527.70370  2.71%  26.2  300s
 745245 244922 9611.67046   58   91 9793.00000 9528.50221  2.70%  26.2  305s
 756794 247757     cutoff   62      9793.00000 9529.36179  2.69%  26.2  310s
 767406 250155 9749.08645   54   56 9793.00000 9530.43513  2.68%  26.3  315s
 776285 252796 9719.17145   53   58 9793.00000 9531.05460  2.67%  26.3  320s
 788598 255383 9533.10000   58   85 9793.00000 9532.05947  2.66%  26.3  325s
 799939 258194 9650.91974   63   40 9793.00000 9533.02100  2.65%  26.3  330s
 811292 260712 9671.38331   68   61 9793.00000 9534.00000  2.64%  26.4  335s
 823512 263502 9768.00800   61   31 9793.00000 9535.05984  2.63%  26.4  340s
 834372 265809     cutoff   66      9793.00000 9536.11944  2.62%  26.4  345s
 845254 268138 9719.00000   69   33 9793.00000 9537.10532  2.61%  26.4  350s
 856224 270580 9697.00000   66   60 9793.00000 9538.18100  2.60%  26.4  355s
 866738 272736 infeasible   58      9793.00000 9539.00000  2.59%  26.5  360s
 879167 275424 9722.28531   57  113 9793.00000 9540.13517  2.58%  26.5  365s
 889036 277608 9781.00000   66   34 9793.00000 9541.00000  2.57%  26.5  370s
 901862 280115 9678.00000   70   67 9793.00000 9541.79611  2.57%  26.5  375s
 911875 282265 9543.37469   63   56 9793.00000 9542.29243  2.56%  26.5  380s
 922501 284388 9592.65501   76  125 9793.00000 9543.17647  2.55%  26.5  385s
 933248 286606     cutoff   68      9793.00000 9544.00000  2.54%  26.5  390s
 942468 288721 9593.98018   69   57 9793.00000 9544.69239  2.54%  26.5  395s
 953673 290942 9742.96466   67   64 9793.00000 9545.73941  2.52%  26.6  400s
 964273 292815 infeasible   65      9793.00000 9546.35611  2.52%  26.6  405s
 974674 294673 9724.72455   74   17 9793.00000 9547.00000  2.51%  26.6  410s
 985143 296429 9722.00000   81   11 9793.00000 9548.00000  2.50%  26.6  415s
 994156 298546     cutoff   69      9793.00000 9548.59049  2.50%  26.6  420s
 1005229 300685 9659.34783   63   77 9793.00000 9549.31034  2.49%  26.6  425s
 1015944 302953 9772.64045   72   36 9793.00000 9550.12409  2.48%  26.7  430s
 1024353 304667     cutoff   64      9793.00000 9550.92919  2.47%  26.7  435s
 1034521 307091 9706.00000   76   41 9793.00000 9551.36000  2.47%  26.7  440s
 1043971 308804 9670.15505   53   77 9793.00000 9552.00000  2.46%  26.7  445s
 1055227 311117 9739.00000   65   71 9793.00000 9553.00000  2.45%  26.7  450s
 1066259 313229     cutoff   66      9793.00000 9553.97183  2.44%  26.7  455s
 1077072 315476     cutoff   70      9793.00000 9554.93927  2.43%  26.8  460s
 1088457 317575 9671.30902   51  123 9793.00000 9555.61379  2.42%  26.8  465s
 1099245 319958 9725.25368   58   66 9793.00000 9556.24390  2.42%  26.8  470s
 1108768 321631 9660.58491   62  102 9793.00000 9557.00000  2.41%  26.8  475s
 1117896 323533 9692.65000   58   51 9793.00000 9557.29479  2.41%  26.8  480s
 1126400 324987 9784.00000   61   31 9793.00000 9558.00000  2.40%  26.8  485s
 1137047 326914 9592.38500   59   66 9793.00000 9559.00000  2.39%  26.8  490s
 1148115 328583 9715.00000   64   50 9793.00000 9560.00000  2.38%  26.9  495s
 1158998 330488 9702.72216   71   53 9793.00000 9560.94921  2.37%  26.9  500s
 1170056 332559 9688.52000   64   43 9793.00000 9561.72198  2.36%  26.9  505s
 1180964 334172 9689.00000   67   76 9793.00000 9562.60000  2.35%  26.9  510s
 1190513 335698 9774.00000   80   31 9793.00000 9563.29412  2.35%  26.9  515s
 1199419 336934 9663.50700   70   43 9793.00000 9564.03348  2.34%  26.9  520s
 1210390 338632 9703.95741   65   42 9793.00000 9565.00000  2.33%  27.0  525s
 1220225 340418 9641.90246   72   62 9793.00000 9565.79904  2.32%  27.0  530s
 1230977 342075 9728.63963   74   57 9793.00000 9566.48125  2.31%  27.0  535s
 1241708 343853 9718.24561   60   33 9793.00000 9567.12837  2.31%  27.0  540s
 1251431 345462 9688.01149   70   14 9793.00000 9568.00000  2.30%  27.0  545s
 1262617 347400     cutoff   52      9793.00000 9568.72370  2.29%  27.0  550s
 1273765 349289 9736.58770   77   80 9793.00000 9569.51612  2.28%  27.0  555s
 1281107 350655 9643.68606   64   99 9793.00000 9570.00000  2.28%  27.0  560s
 1292582 353064 9717.84596   59   75 9793.00000 9570.67332  2.27%  27.0  565s
 1303282 354808 9600.16000   71   24 9793.00000 9571.51332  2.26%  27.1  570s
 1312670 356193     cutoff   71      9793.00000 9572.00000  2.26%  27.1  575s
 1323717 357740     cutoff   64      9793.00000 9573.00000  2.25%  27.1  580s
 1333720 359168     cutoff   69      9793.00000 9573.78095  2.24%  27.1  585s
 1344733 360908 9725.00000   61   41 9793.00000 9574.52253  2.23%  27.1  590s
 1353660 362505 9736.00000   69   47 9793.00000 9575.00000  2.23%  27.2  595s
 1364369 364218     cutoff   77      9793.00000 9575.80039  2.22%  27.2  600s

Cutting planes:
  Learned: 52
  Gomory: 169
  Cover: 831
  Implied bound: 79
  Clique: 2
  MIR: 467
  StrongCG: 17
  Flow cover: 1421
  GUB cover: 3
  Inf proof: 79
  Zero half: 21
  Network: 5
  RLT: 44
  Relax-and-lift: 36

Explored 1373106 nodes (37316188 simplex iterations) in 604.37 seconds (801.39 work units)
Thread count was 8 (of 8 available processors)

Solution count 10: 9793 9798 9801 ... 9864

Solve interrupted
Best objective 9.793000000000e+03, best bound 9.576333278809e+03, gap 2.2125%

User-callback calls 2894502, time in user-callback 4.88 sec

Statistics for modelBPKW_BKRW_BSNF_O:
  Linear constraint matrix    : 4451 Constrs, 2168 Vars, 15803 NZs
  Variable types              : 838 Continuous,
1330 Integer (358 Binary)
  Matrix coefficient range    : [ 1, 200 ]
  Objective coefficient range : [ 1, 368 ]
  Variable bound range        : [ 1, 199 ]
  RHS coefficient range       : [ 1, 549 ]
