
Gurobi 10.0.1 (mac64[arm]) logging started Mon Apr  1 02:29:09 2024

Set parameter LogFile to value "/Users/deniserings/Documents/zib/s-bahn-data/scripts/DeniseMA/processed/BPKW_BKRW_BSNF_O/RENS/BPKW_BKRW_BSNF_O_subMBP_random0_0.9_202403312233.log"
Gurobi Optimizer version 10.0.1 build v10.0.1rc0 (mac64[arm])

CPU model: Apple M2
Thread count: 8 physical cores, 8 logical processors, using up to 8 threads

Optimize a model with 4471 rows, 2168 columns and 15823 nonzeros
Model fingerprint: 0xd55ce3da
Variable types: 838 continuous, 1330 integer (358 binary)
Coefficient statistics:
  Matrix range     [1e+00, 2e+02]
  Objective range  [1e+00, 4e+02]
  Bounds range     [1e+00, 2e+02]
  RHS range        [1e+00, 5e+02]
Presolve removed 2569 rows and 1095 columns
Presolve time: 0.06s
Presolved: 1902 rows, 1073 columns, 7584 nonzeros
Variable types: 352 continuous, 721 integer (721 binary)

Root relaxation: objective 9.180000e+03, 650 iterations, 0.00 seconds (0.01 work units)

    Nodes    |    Current Node    |     Objective Bounds      |     Work
 Expl Unexpl |  Obj  Depth IntInf | Incumbent    BestBd   Gap | It/Node Time

     0     0 9180.00000    0   45          - 9180.00000      -     -    0s
H    0     0                    10771.000000 9180.00000  14.8%     -    0s
     0     0 9180.00000    0   84 10771.0000 9180.00000  14.8%     -    0s
H    0     0                    10662.000000 9180.00000  13.9%     -    0s
     0     0 9180.00000    0   68 10662.0000 9180.00000  13.9%     -    0s
H    0     0                    10650.000000 9180.00000  13.8%     -    0s
     0     0 9180.00000    0   22 10650.0000 9180.00000  13.8%     -    0s
H    0     0                    9970.0000000 9180.00000  7.92%     -    0s
     0     0 9180.00000    0   30 9970.00000 9180.00000  7.92%     -    0s
     0     0 9180.00000    0   36 9970.00000 9180.00000  7.92%     -    0s
     0     0 9180.00000    0   34 9970.00000 9180.00000  7.92%     -    0s
     0     0 9180.00000    0   20 9970.00000 9180.00000  7.92%     -    0s
     0     0 9180.00000    0   15 9970.00000 9180.00000  7.92%     -    0s
     0     0 9180.00000    0   26 9970.00000 9180.00000  7.92%     -    0s
     0     0 9180.00000    0   23 9970.00000 9180.00000  7.92%     -    0s
     0     2 9180.00000    0   22 9970.00000 9180.00000  7.92%     -    0s
H   34    40                    9969.0000000 9180.00000  7.91%  21.1    0s
H   38    40                    9933.0000000 9180.00000  7.58%  20.3    0s
H  209   254                    9929.0000000 9180.00000  7.54%  16.4    0s
H  209   254                    9885.0000000 9180.00000  7.13%  16.4    0s
H  253   254                    9861.0000000 9180.00000  6.91%  14.8    0s
H  393   347                    9855.0000000 9180.00000  6.85%  13.3    0s
H  590   499                    9797.0000000 9180.00000  6.30%  12.7    0s
H 1004   665                    9776.0000000 9180.00000  6.10%  13.7    0s
H 1625   896                    9771.0000000 9276.65785  5.06%  18.1    2s
  2065  1171 9334.57275   72   36 9771.00000 9303.80531  4.78%  28.6    5s
 29046 13212 9428.62339   62   62 9771.00000 9401.15838  3.79%  19.2   10s
 29832 13236 9665.00000   87  154 9771.00000 9401.54992  3.78%  19.2   15s
 29876 13266 9609.00000   79  159 9771.00000 9401.54992  3.78%  19.2   20s
 29990 13350 9401.54992   69  116 9771.00000 9401.54992  3.78%  19.9   25s
 45281 16671     cutoff  107      9771.00000 9429.72893  3.49%  20.7   30s
 63538 18485 9628.15593   87   14 9771.00000 9441.97421  3.37%  21.2   35s
 81324 23462 9639.00000   93   15 9771.00000 9455.54931  3.23%  21.7   40s
 97413 29085 9479.08751   82   25 9771.00000 9468.23077  3.10%  22.0   45s
 112888 34101     cutoff   91      9771.00000 9478.16275  3.00%  22.5   50s
 125967 37911 9709.79492   98   68 9771.00000 9485.91970  2.92%  22.8   55s
 141537 42212     cutoff   81      9771.00000 9495.00000  2.82%  23.1   60s
 156896 45806 9539.65877   84   26 9771.00000 9503.97746  2.73%  23.4   65s
 172700 49394 9657.00474   81   52 9771.00000 9509.17475  2.68%  23.6   70s
 187991 52840 9588.51500   88   32 9771.00000 9516.49180  2.60%  23.7   75s
 201098 55316 9737.00000   89    4 9771.00000 9522.00000  2.55%  23.8   80s
 215538 57950 9656.01446   82   31 9771.00000 9527.51820  2.49%  23.9   85s
 227841 60045 9717.00000   90   21 9771.00000 9533.00000  2.44%  24.1   90s
 240595 62529 9752.00000   90    4 9771.00000 9538.00000  2.38%  24.2   95s
 254635 64561 9635.52202   92   48 9771.00000 9543.79043  2.33%  24.3  100s
 267684 66063 infeasible   86      9771.00000 9550.00000  2.26%  24.4  105s
 280681 67744     cutoff   83      9771.00000 9556.00000  2.20%  24.5  110s
 292877 68538 9711.00000   85   18 9771.00000 9562.52003  2.13%  24.6  115s
 305557 68967 9605.65877   81   30 9771.00000 9569.11111  2.07%  24.8  120s
 318938 69455 9653.24500   92   58 9771.00000 9576.00000  2.00%  24.9  125s
 332988 69030     cutoff   93      9771.00000 9584.74566  1.91%  25.1  130s
 345165 68178     cutoff   83      9771.00000 9592.59943  1.83%  25.2  135s
 358368 66992     cutoff   87      9771.00000 9602.61538  1.72%  25.4  140s
 370821 65626     cutoff   87      9771.00000 9611.45026  1.63%  25.4  145s
 384059 63377     cutoff   82      9771.00000 9623.00000  1.51%  25.5  150s
 396873 61476     cutoff   91      9771.00000 9633.81013  1.40%  25.6  155s
*398397 61476              98    9770.9999929 9633.90127  1.40%  25.5  155s
 410448 60195     cutoff   90      9770.99999 9639.20444  1.35%  25.6  160s
 423963 57045 9706.42322   88   41 9770.99999 9650.02757  1.24%  25.6  165s
 437328 54476     cutoff   85      9770.99999 9659.00000  1.15%  25.7  170s
 450907 51078 9750.19839   81   64 9770.99999 9668.00000  1.05%  25.7  175s
 462744 47977     cutoff   85      9770.99999 9675.00000  0.98%  25.7  180s
 475822 43332     cutoff   83      9770.99999 9684.25386  0.89%  25.7  185s
 488590 39761 9744.00000   89   12 9770.99999 9692.00000  0.81%  25.7  190s
 503140 35286     cutoff   79      9770.99999 9700.00000  0.73%  25.8  195s
 515795 31296 9736.02577   87   14 9770.99999 9706.40946  0.66%  25.8  200s
 529322 26613 9751.56651   79   44 9770.99999 9714.96078  0.57%  25.8  205s
 541797 21998 9723.69717   75   76 9770.99999 9721.21009  0.51%  25.8  210s
 555386 16675 9736.20000   95   45 9770.99999 9729.99997  0.42%  25.8  215s
 569218 10411     cutoff   85      9770.99999 9739.85674  0.32%  25.7  220s
 583524  2903     cutoff   85      9770.99999 9755.70000  0.16%  25.7  225s

Cutting planes:
  Learned: 56
  Gomory: 233
  Cover: 566
  Implied bound: 71
  Clique: 4
  MIR: 259
  StrongCG: 7
  Flow cover: 890
  Inf proof: 37
  Zero half: 7
  Network: 7
  RLT: 62
  Relax-and-lift: 34

Explored 588852 nodes (15086445 simplex iterations) in 226.80 seconds (301.91 work units)
Thread count was 8 (of 8 available processors)

Solution count 10: 9771 9771 9771 ... 9933

Optimal solution found (tolerance 1.00e-04)
Best objective 9.771000000000e+03, best bound 9.770999992877e+03, gap 0.0000%

User-callback calls 1231746, time in user-callback 1.92 sec

Statistics for modelBPKW_BKRW_BSNF_O:
  Linear constraint matrix    : 4471 Constrs, 2168 Vars, 15823 NZs
  Variable types              : 838 Continuous,
1330 Integer (358 Binary)
  Matrix coefficient range    : [ 1, 200 ]
  Objective coefficient range : [ 1, 368 ]
  Variable bound range        : [ 1, 199 ]
  RHS coefficient range       : [ 1, 549 ]
