
Gurobi 10.0.1 (mac64[arm]) logging started Mon Apr  1 02:42:12 2024

Set parameter LogFile to value "/Users/deniserings/Documents/zib/s-bahn-data/scripts/DeniseMA/processed/BPKW_BKRW_BSNF_O/RENS/BPKW_BKRW_BSNF_O_subMBP_random0_0.6_202403312233.log"
Gurobi Optimizer version 10.0.1 build v10.0.1rc0 (mac64[arm])

CPU model: Apple M2
Thread count: 8 physical cores, 8 logical processors, using up to 8 threads

Optimize a model with 4451 rows, 2168 columns and 15803 nonzeros
Model fingerprint: 0xf436f9e9
Variable types: 838 continuous, 1330 integer (358 binary)
Coefficient statistics:
  Matrix range     [1e+00, 2e+02]
  Objective range  [1e+00, 4e+02]
  Bounds range     [1e+00, 2e+02]
  RHS range        [1e+00, 5e+02]
Presolve removed 2524 rows and 1081 columns
Presolve time: 0.09s
Presolved: 1927 rows, 1087 columns, 7772 nonzeros
Variable types: 357 continuous, 730 integer (730 binary)

Root relaxation: objective 9.180000e+03, 707 iterations, 0.01 seconds (0.01 work units)

    Nodes    |    Current Node    |     Objective Bounds      |     Work
 Expl Unexpl |  Obj  Depth IntInf | Incumbent    BestBd   Gap | It/Node Time

     0     0 9180.00000    0   28          - 9180.00000      -     -    0s
H    0     0                    10867.000000 9180.00000  15.5%     -    0s
H    0     0                    10734.000000 9180.00000  14.5%     -    0s
H    0     0                    10642.000000 9180.00000  13.7%     -    0s
     0     0 9180.00000    0  107 10642.0000 9180.00000  13.7%     -    0s
     0     0 9180.00000    0   99 10642.0000 9180.00000  13.7%     -    0s
     0     0 9180.00000    0   24 10642.0000 9180.00000  13.7%     -    0s
     0     0 9180.00000    0   54 10642.0000 9180.00000  13.7%     -    0s
     0     0 9180.00000    0   19 10642.0000 9180.00000  13.7%     -    0s
     0     0 9180.00000    0   20 10642.0000 9180.00000  13.7%     -    0s
     0     0 9180.00000    0   18 10642.0000 9180.00000  13.7%     -    0s
     0     0 9180.00000    0   19 10642.0000 9180.00000  13.7%     -    0s
     0     0 9180.00000    0   11 10642.0000 9180.00000  13.7%     -    0s
H    0     0                    9868.0000000 9180.00000  6.97%     -    0s
     0     0 9180.00000    0   19 9868.00000 9180.00000  6.97%     -    0s
     0     0 9180.00000    0   19 9868.00000 9180.00000  6.97%     -    0s
     0     0 9180.00000    0   26 9868.00000 9180.00000  6.97%     -    0s
     0     0 9180.00000    0   21 9868.00000 9180.00000  6.97%     -    0s
     0     0 9180.00000    0   21 9868.00000 9180.00000  6.97%     -    0s
     0     2 9180.00000    0   21 9868.00000 9180.00000  6.97%     -    0s
H  233   287                    9820.0000000 9180.00000  6.52%  16.9    0s
H  285   287                    9819.0000000 9180.00000  6.51%  15.5    0s
H  582   535                    9806.0000000 9180.00000  6.38%  14.7    0s
H  583   535                    9798.0000000 9180.00000  6.31%  14.7    0s
H 1606  1218                    9793.0000000 9235.10920  5.70%  20.4    3s
  3124  1974 9256.96137   61   70 9793.00000 9256.38999  5.48%  24.3    5s
H18574 10541                    9771.0000000 9290.63012  4.92%  18.1    8s
 27962 15992     cutoff   72      9771.00000 9296.38999  4.86%  17.9   10s
 29991 16534 9491.72973  100   47 9771.00000 9303.00679  4.79%  17.8   15s
 39900 19072 9763.00000   76   66 9771.00000 9406.00000  3.74%  20.5   20s
 57924 21697 9770.00000   97   34 9771.00000 9416.00000  3.63%  23.4   25s
 75029 23299     cutoff   89      9771.00000 9425.33333  3.54%  25.0   30s
 89921 27757 9467.58577   93   55 9771.00000 9432.80000  3.46%  26.1   35s
 107456 34026 9469.51984   80  147 9771.00000 9442.36569  3.36%  26.7   40s
 122988 40268     cutoff   99      9771.00000 9450.00000  3.29%  27.1   45s
 139783 46709     cutoff   91      9771.00000 9454.17791  3.24%  27.6   50s
 155679 52622 9534.02500   79   35 9771.00000 9459.00000  3.19%  28.1   55s
 171402 58278 9718.17266   91   99 9771.00000 9461.00000  3.17%  28.5   60s
 187812 63573     cutoff   91      9771.00000 9464.73528  3.13%  28.9   65s
 202567 68018 9602.53418   90   93 9771.00000 9468.22463  3.10%  29.0   70s
 220038 74227 9737.28653   87  144 9771.00000 9471.49392  3.07%  29.1   75s
 235112 78316 9681.77572  103   53 9771.00000 9475.18787  3.03%  29.3   80s
 247577 81966 9755.45000  100   35 9771.00000 9478.31737  3.00%  29.4   85s
 262661 86439 9482.00000   81   45 9771.00000 9480.43097  2.97%  29.6   90s
 277990 90819 9531.92052   80   82 9771.00000 9483.08176  2.95%  29.7   95s
 291534 94258 9542.00000   76   35 9771.00000 9485.28889  2.92%  29.9  100s
 305759 97667     cutoff   91      9771.00000 9488.23581  2.89%  30.0  105s
 319450 101405     cutoff   90      9771.00000 9490.00000  2.88%  30.2  110s
 333229 104889 9502.44625   90   51 9771.00000 9492.00000  2.86%  30.3  115s
 347772 108148 9749.02611   93   65 9771.00000 9494.82070  2.83%  30.4  120s
 359193 110908 9561.76471   85   62 9771.00000 9496.61930  2.81%  30.5  125s
 373648 114173 9551.74742   67  108 9771.00000 9499.08866  2.78%  30.5  130s
 388114 117299 9730.77000   94   30 9771.00000 9501.00000  2.76%  30.6  135s
 401995 120114 9677.29466   87  124 9771.00000 9503.54884  2.74%  30.7  140s
 414481 122422 9739.00000   74   42 9771.00000 9505.60000  2.72%  30.7  145s
 426383 124563 9680.75862   88   50 9771.00000 9507.09222  2.70%  30.8  150s
 441533 128273 9683.17000   87   47 9771.00000 9509.48944  2.68%  30.8  155s
 453677 130772 9519.15000   93   22 9771.00000 9510.99998  2.66%  30.8  160s
 467725 133898 9745.00000   93   29 9771.00000 9513.00000  2.64%  30.8  165s
 480414 137015     cutoff   91      9771.00000 9514.44000  2.63%  30.9  170s
 495415 140612 9615.05383   92   75 9771.00000 9516.36474  2.61%  31.0  175s
 509019 143268 9716.36459  105   59 9771.00000 9518.78421  2.58%  31.0  180s
 521643 147209 9703.00000   81   42 9771.00000 9520.00000  2.57%  31.0  185s
 535558 150734     cutoff   99      9771.00000 9521.44353  2.55%  31.0  190s
 549445 153990 9750.12078   78   34 9771.00000 9523.00000  2.54%  31.1  195s
 562274 156973 9710.89831   97   28 9771.00000 9524.70429  2.52%  31.1  200s
 573569 159121 9717.00000  107   18 9771.00000 9526.32333  2.50%  31.2  205s
 586356 161688 9746.00000   84   45 9771.00000 9528.00000  2.49%  31.2  210s
 600555 165084 9656.45098   82   64 9771.00000 9529.26779  2.47%  31.2  215s
 612530 167678 9687.91739   81   52 9771.00000 9530.58273  2.46%  31.2  220s
 625968 170209 9670.32608   75   77 9771.00000 9532.21010  2.44%  31.2  225s
 639604 172410 9733.65000   88   38 9771.00000 9534.00000  2.43%  31.3  230s
 653246 174960 9724.24000   91   47 9771.00000 9535.76000  2.41%  31.3  235s
 665047 177336 9585.32707   94   84 9771.00000 9537.00000  2.39%  31.3  240s
 675959 179381 9601.20347   89   56 9771.00000 9538.31315  2.38%  31.3  245s
 690803 182147 9718.00000   88   63 9771.00000 9540.00000  2.36%  31.3  250s
 703658 184611 9715.00000   85   45 9771.00000 9541.24948  2.35%  31.3  255s
 716892 186901 9556.48418   83   44 9771.00000 9543.00000  2.33%  31.3  260s
 728556 188769 9756.78003   83   55 9771.00000 9544.00513  2.32%  31.3  265s
 742497 191251     cutoff  100      9771.00000 9545.89000  2.30%  31.3  270s
 756131 193684 infeasible   94      9771.00000 9547.00000  2.29%  31.3  275s
 769721 195766 9586.77043   73   52 9771.00000 9548.24062  2.28%  31.3  280s
 782553 197603 9623.46000   76   29 9771.00000 9549.48139  2.27%  31.3  285s
 796242 199419     cutoff   97      9771.00000 9551.00000  2.25%  31.3  290s
 808644 200806     cutoff   80      9771.00000 9552.76000  2.23%  31.3  295s
 820948 202178 9671.00000   88   35 9771.00000 9554.15000  2.22%  31.3  300s
 833364 203720 9660.56522   90   47 9771.00000 9556.00000  2.20%  31.4  305s
 846309 205552 9711.00000   92   35 9771.00000 9557.03460  2.19%  31.4  310s
 859455 206834 infeasible   78      9771.00000 9558.94669  2.17%  31.4  315s
 871697 208457 9713.46496   78   46 9771.00000 9560.07937  2.16%  31.4  320s
 884907 210120     cutoff   88      9771.00000 9561.68010  2.14%  31.4  325s
 896291 211381 9695.86003   93  126 9771.00000 9563.03460  2.13%  31.5  330s
 907384 212275     cutoff   93      9771.00000 9564.50000  2.11%  31.5  335s
 920638 213482 9761.13736   87   33 9771.00000 9566.00000  2.10%  31.5  340s
 931594 214677 9729.23197   92   21 9771.00000 9567.21500  2.09%  31.5  345s
 945222 216117 9674.50148   84   46 9771.00000 9569.00000  2.07%  31.5  350s
 957059 217529 9751.00000   86   24 9771.00000 9570.07194  2.06%  31.6  355s
 970816 218950 9659.16462   79   70 9771.00000 9571.90110  2.04%  31.6  360s
 983461 220420 9673.00000   84   33 9771.00000 9573.11941  2.03%  31.6  365s
 996852 221666 9743.00000   84   14 9771.00000 9575.00000  2.01%  31.6  370s
 1008335 222325 9621.36299   81   60 9771.00000 9576.63394  1.99%  31.6  375s
 1021287 223804 9751.98871   80   37 9771.00000 9578.02561  1.97%  31.6  380s
 1033749 225087 9722.79137   86   56 9771.00000 9579.52160  1.96%  31.6  385s
 1045976 225934     cutoff   83      9771.00000 9581.23513  1.94%  31.6  390s
 1059367 227386 9740.99999   97   38 9771.00000 9583.00000  1.92%  31.6  395s
 1071450 228160 9697.00000   84   40 9771.00000 9584.81309  1.91%  31.6  400s
 1083215 228928 9706.22647   73  123 9771.00000 9586.51649  1.89%  31.6  405s
 1094200 230084     cutoff   92      9771.00000 9588.00000  1.87%  31.6  410s
 1106512 231155 9699.10554  100   83 9771.00000 9589.32392  1.86%  31.6  415s
 1118711 232089 9626.40741   90   34 9771.00000 9591.00000  1.84%  31.6  420s
 1132093 232706     cutoff   90      9771.00000 9592.88760  1.82%  31.6  425s
 1143605 233600 9726.00000   88   30 9771.00000 9594.34286  1.81%  31.6  430s
 1155971 234521 9741.00000   89   42 9771.00000 9596.00000  1.79%  31.6  435s
 1169775 235120 9762.50000   90   29 9771.00000 9597.79951  1.77%  31.6  440s
 1182239 236111     cutoff  101      9771.00000 9599.08738  1.76%  31.6  445s
 1194012 236831 9724.28005   75  123 9771.00000 9600.50000  1.74%  31.6  450s
 1205630 237264 9709.00000   85   39 9771.00000 9602.06711  1.73%  31.6  455s
 1219410 238104 9652.09091   81   75 9771.00000 9604.00000  1.71%  31.6  460s
 1229437 238137     cutoff   84      9771.00000 9605.31373  1.70%  31.6  465s
 1241953 238675 9607.70184   89   60 9771.00000 9607.08219  1.68%  31.6  470s
 1253722 238953 9617.96296   78   69 9771.00000 9608.82556  1.66%  31.6  475s
 1266073 239131 9675.13725   84   51 9771.00000 9610.54545  1.64%  31.6  480s
 1279358 239584     cutoff   90      9771.00000 9612.24627  1.62%  31.6  485s
 1293184 239658 infeasible   85      9771.00000 9614.20046  1.60%  31.6  490s
 1303415 240310 infeasible   84      9771.00000 9615.50034  1.59%  31.6  495s
 1316175 240977 9713.26039   85   85 9771.00000 9617.00000  1.58%  31.6  500s
 1328678 241222 9762.16088   79   48 9771.00000 9618.60500  1.56%  31.6  505s
 1340413 241855     cutoff   79      9771.00000 9620.00000  1.55%  31.6  510s
 1353116 242175 9635.85168   77   60 9771.00000 9621.70548  1.53%  31.6  515s
 1365690 242838 9769.14394   81   24 9771.00000 9623.00000  1.51%  31.5  520s
 1376691 243513 9675.00000   79   72 9771.00000 9624.00000  1.50%  31.5  525s
 1388914 244385     cutoff   96      9771.00000 9625.40635  1.49%  31.5  530s
 1402214 244913     cutoff   95      9771.00000 9627.00000  1.47%  31.5  535s
 1414643 245142 9693.33692   84   28 9771.00000 9628.60910  1.46%  31.5  540s
 1426369 245012 infeasible   98      9771.00000 9630.00000  1.44%  31.5  545s
 1439470 245651 9692.00000   90   57 9771.00000 9631.33366  1.43%  31.5  550s
 1452278 246348 9653.00000   85   30 9771.00000 9632.98597  1.41%  31.4  555s
 1465499 247255 9688.00000   85   38 9771.00000 9634.00000  1.40%  31.5  560s
 1474698 248527 9690.00000   82   44 9771.00000 9634.16949  1.40%  31.5  565s
H1474891 248526                    9770.9999912 9634.16949  1.40%  31.5  565s
 1485390 249822     cutoff   92      9770.99999 9635.00000  1.39%  31.5  570s
 1496109 252133 9708.25472   89   47 9770.99999 9635.00000  1.39%  31.5  575s
 1507890 254690 9732.00000   83   26 9770.99999 9635.00000  1.39%  31.5  580s
 1518470 257208     cutoff   98      9770.99999 9635.00000  1.39%  31.5  585s
 1531338 260185     cutoff   92      9770.99999 9635.00000  1.39%  31.5  590s
 1543572 262801 9674.30438   93   65 9770.99999 9635.31925  1.39%  31.5  595s
 1557446 264824 9646.00000   91   19 9770.99999 9636.00000  1.38%  31.5  600s
 1571050 266300 infeasible  104      9770.99999 9637.00000  1.37%  31.5  605s

Cutting planes:
  Learned: 82
  Gomory: 262
  Cover: 858
  Implied bound: 92
  Clique: 4
  MIR: 226
  StrongCG: 6
  Flow cover: 776
  GUB cover: 1
  Inf proof: 60
  Zero half: 7
  Network: 6
  RLT: 59
  Relax-and-lift: 39

Explored 1581286 nodes (49731553 simplex iterations) in 608.56 seconds (735.17 work units)
Thread count was 8 (of 8 available processors)

Solution count 10: 9771 9771 9793 ... 10734

Solve interrupted
Best objective 9.770999991216e+03, best bound 9.637370242215e+03, gap 1.3676%

User-callback calls 3299187, time in user-callback 5.24 sec

Statistics for modelBPKW_BKRW_BSNF_O:
  Linear constraint matrix    : 4451 Constrs, 2168 Vars, 15803 NZs
  Variable types              : 838 Continuous,
1330 Integer (358 Binary)
  Matrix coefficient range    : [ 1, 200 ]
  Objective coefficient range : [ 1, 368 ]
  Variable bound range        : [ 1, 199 ]
  RHS coefficient range       : [ 1, 549 ]
