
Gurobi 10.0.1 (mac64[arm]) logging started Mon Apr  1 02:37:52 2024

Set parameter LogFile to value "/Users/deniserings/Documents/zib/s-bahn-data/scripts/DeniseMA/processed/BPKW_BKRW_BSNF_O/RENS/BPKW_BKRW_BSNF_O_subMBP_random3_0.9_202403312233.log"
Gurobi Optimizer version 10.0.1 build v10.0.1rc0 (mac64[arm])

CPU model: Apple M2
Thread count: 8 physical cores, 8 logical processors, using up to 8 threads

Optimize a model with 4471 rows, 2168 columns and 15823 nonzeros
Model fingerprint: 0xc31393d5
Variable types: 838 continuous, 1330 integer (358 binary)
Coefficient statistics:
  Matrix range     [1e+00, 2e+02]
  Objective range  [1e+00, 4e+02]
  Bounds range     [1e+00, 2e+02]
  RHS range        [1e+00, 5e+02]
Presolve removed 2571 rows and 1094 columns
Presolve time: 0.07s
Presolved: 1900 rows, 1074 columns, 7578 nonzeros
Variable types: 352 continuous, 722 integer (722 binary)

Root relaxation: objective 9.180000e+03, 632 iterations, 0.00 seconds (0.01 work units)

    Nodes    |    Current Node    |     Objective Bounds      |     Work
 Expl Unexpl |  Obj  Depth IntInf | Incumbent    BestBd   Gap | It/Node Time

     0     0 9180.00000    0   21          - 9180.00000      -     -    0s
H    0     0                    10635.000000 9180.00000  13.7%     -    0s
H    0     0                    10173.000000 9180.00000  9.76%     -    0s
H    0     0                    10078.000000 9180.00000  8.91%     -    0s
     0     0 9181.09325    0   83 10078.0000 9181.09325  8.90%     -    0s
H    0     0                    10051.000000 9181.09325  8.65%     -    0s
     0     0 9181.09325    0   89 10051.0000 9181.09325  8.65%     -    0s
     0     0 9203.25743    0   86 10051.0000 9203.25743  8.43%     -    0s
     0     0 9203.25743    0   81 10051.0000 9203.25743  8.43%     -    0s
H    0     0                    9990.0000000 9203.25743  7.88%     -    0s
H    0     0                    9986.0000000 9214.00000  7.73%     -    0s
     0     0 9214.00000    0   71 9986.00000 9214.00000  7.73%     -    0s
H    0     0                    9982.0000000 9214.00000  7.69%     -    0s
     0     0 9214.00000    0   62 9982.00000 9214.00000  7.69%     -    0s
     0     0 9214.00000    0   42 9982.00000 9214.00000  7.69%     -    0s
H    0     0                    9927.0000000 9214.00000  7.18%     -    0s
     0     0 9214.00000    0   41 9927.00000 9214.00000  7.18%     -    0s
     0     0 9214.00000    0   39 9927.00000 9214.00000  7.18%     -    0s
     0     0 9214.00000    0   41 9927.00000 9214.00000  7.18%     -    0s
     0     0 9214.00000    0   50 9927.00000 9214.00000  7.18%     -    0s
     0     0 9214.00000    0   65 9927.00000 9214.00000  7.18%     -    0s
     0     0 9214.00000    0   23 9927.00000 9214.00000  7.18%     -    0s
     0     0 9214.00000    0   31 9927.00000 9214.00000  7.18%     -    0s
H    0     0                    9918.0000000 9214.00000  7.10%     -    0s
     0     0 9214.00000    0   29 9918.00000 9214.00000  7.10%     -    0s
     0     0 9214.00000    0   29 9918.00000 9214.00000  7.10%     -    0s
     0     2 9214.00000    0   29 9918.00000 9214.00000  7.10%     -    0s
H   72    69                    9915.0000000 9214.00000  7.07%  24.1    0s
H  122   121                    9820.0000000 9214.00000  6.17%  22.0    0s
H  128   121                    9815.0000000 9214.00000  6.12%  21.4    0s
H  188   163                    9812.0000000 9214.00000  6.09%  19.1    0s
H  240   220                    9810.0000000 9214.00000  6.08%  17.8    0s
H  252   220                    9805.0000000 9214.00000  6.03%  17.4    0s
* 1143   922              57    9802.0000000 9214.00000  6.00%  13.5    0s
H 1517  1010                    9800.0000000 9214.00000  5.98%  12.9    0s
H 1552   981                    9793.0000000 9219.56666  5.86%  12.6    2s
  1640  1041 9712.00000   60  121 9793.00000 9222.95154  5.82%  20.7    5s
  9391  4515 9728.44216   61   64 9793.00000 9246.86507  5.58%  22.2   10s
 29405 13887 9592.16216   68   29 9793.00000 9288.81216  5.15%  19.9   16s
 29451 13918 9302.31185   59   89 9793.00000 9288.81216  5.15%  19.9   20s
 30167 14271     cutoff   98      9793.00000 9288.81216  5.15%  20.5   25s
 47483 16354     cutoff   88      9793.00000 9379.16216  4.23%  20.9   30s
 67245 16934 9755.09216   84   26 9793.00000 9421.88793  3.79%  21.3   35s
 85967 21592 9467.16216   71   27 9793.00000 9451.16216  3.49%  21.6   40s
 102179 26176     cutoff   71      9793.00000 9481.16216  3.18%  22.1   45s
 117609 29993 9682.43095   68   76 9793.00000 9505.19676  2.94%  22.7   50s
 134112 34001 9637.43095   78   61 9793.00000 9531.16216  2.67%  22.9   55s
 151228 38301 9682.43095   79   58 9793.00000 9551.43095  2.47%  22.9   60s
 168535 41971 9691.45855   84   74 9793.00000 9569.43095  2.28%  22.9   65s
 184847 45355 9688.43095   77   54 9793.00000 9583.27788  2.14%  22.9   70s
 201910 48082     cutoff   80      9793.00000 9598.16216  1.99%  22.8   75s
 217534 49259 9634.08797   80   53 9793.00000 9614.38797  1.82%  22.8   80s
 232861 49860     cutoff   75      9793.00000 9630.91045  1.66%  22.8   85s
 247711 49764     cutoff   78      9793.00000 9647.25703  1.49%  22.9   90s
 262243 49805 9754.71555   74   65 9793.00000 9660.91045  1.35%  22.8   95s
 279066 50038 9700.49200   94   22 9793.00000 9672.08797  1.23%  22.7  100s
 296465 51663     cutoff   83      9793.00000 9683.82529  1.11%  22.4  105s
 314954 51937 9780.08797   90   33 9793.00000 9693.16216  1.02%  22.1  110s
 329115 52441     cutoff   78      9793.00000 9700.08797  0.95%  21.9  115s
 346212 51230 9781.96700   95   12 9793.00000 9709.16216  0.86%  21.7  120s
 364416 50668 9744.59832   89   29 9793.00000 9716.43095  0.78%  21.4  125s
 384966 50560     cutoff   79      9793.00000 9724.08797  0.70%  21.1  130s
 402901 49476 9732.34797   85   42 9793.00000 9730.67219  0.64%  20.9  135s
 421570 49195     cutoff   90      9793.00000 9736.08797  0.58%  20.6  140s
 441503 47412 9789.96700   85    8 9793.00000 9741.08797  0.53%  20.3  145s
 459979 44193 9784.13719   93   20 9793.00000 9746.08797  0.48%  20.1  150s
 476199 41939 9777.08797   84   35 9793.00000 9750.43095  0.43%  19.9  155s
 496429 38428     cutoff   87      9793.00000 9756.08797  0.38%  19.7  160s
 515346 34501     cutoff   78      9793.00000 9761.96700  0.32%  19.5  165s
 533798 26507     cutoff   98      9793.00000 9767.96700  0.26%  19.3  170s
 552516 13936     cutoff   89      9793.00000 9777.96700  0.15%  19.1  175s

Cutting planes:
  Learned: 55
  Gomory: 129
  Cover: 470
  Implied bound: 64
  Clique: 4
  MIR: 266
  StrongCG: 19
  Flow cover: 950
  Inf proof: 34
  Zero half: 7
  Network: 9
  RLT: 38
  Relax-and-lift: 41

Explored 569912 nodes (10785026 simplex iterations) in 178.74 seconds (209.06 work units)
Thread count was 8 (of 8 available processors)

Solution count 10: 9793 9793 9800 ... 9915

Optimal solution found (tolerance 1.00e-04)
Best objective 9.793000000000e+03, best bound 9.793000000000e+03, gap 0.0000%

User-callback calls 1186255, time in user-callback 1.86 sec

Statistics for modelBPKW_BKRW_BSNF_O:
  Linear constraint matrix    : 4471 Constrs, 2168 Vars, 15823 NZs
  Variable types              : 838 Continuous,
1330 Integer (358 Binary)
  Matrix coefficient range    : [ 1, 200 ]
  Objective coefficient range : [ 1, 368 ]
  Variable bound range        : [ 1, 199 ]
  RHS coefficient range       : [ 1, 549 ]
