
Gurobi 10.0.1 (mac64[arm]) logging started Mon Apr  1 03:12:31 2024

Set parameter LogFile to value "/Users/deniserings/Documents/zib/s-bahn-data/scripts/DeniseMA/processed/BPKW_BKRW_BSNF_O/RENS/BPKW_BKRW_BSNF_O_subMBP_random3_0.6_202403312233.log"
Gurobi Optimizer version 10.0.1 build v10.0.1rc0 (mac64[arm])

CPU model: Apple M2
Thread count: 8 physical cores, 8 logical processors, using up to 8 threads

Optimize a model with 4451 rows, 2168 columns and 15803 nonzeros
Model fingerprint: 0x03efecbc
Variable types: 838 continuous, 1330 integer (358 binary)
Coefficient statistics:
  Matrix range     [1e+00, 2e+02]
  Objective range  [1e+00, 4e+02]
  Bounds range     [1e+00, 2e+02]
  RHS range        [1e+00, 5e+02]
Presolve removed 2478 rows and 1052 columns
Presolve time: 0.08s
Presolved: 1973 rows, 1116 columns, 8041 nonzeros
Variable types: 369 continuous, 747 integer (747 binary)

Root relaxation: objective 9.180000e+03, 668 iterations, 0.00 seconds (0.01 work units)

    Nodes    |    Current Node    |     Objective Bounds      |     Work
 Expl Unexpl |  Obj  Depth IntInf | Incumbent    BestBd   Gap | It/Node Time

     0     0 9180.00000    0   21          - 9180.00000      -     -    0s
H    0     0                    11136.000000 9180.00000  17.6%     -    0s
H    0     0                    10784.000000 9180.00000  14.9%     -    0s
H    0     0                    10758.000000 9180.00000  14.7%     -    0s
H    0     0                    10721.000000 9180.00000  14.4%     -    0s
H    0     0                    10691.000000 9191.16788  14.0%     -    0s
     0     0 9191.16788    0   72 10691.0000 9191.16788  14.0%     -    0s
     0     0 9191.16788    0   73 10691.0000 9191.16788  14.0%     -    0s
     0     0 9197.00000    0   56 10691.0000 9197.00000  14.0%     -    0s
     0     0 9197.00000    0   50 10691.0000 9197.00000  14.0%     -    0s
     0     0 9197.00000    0   63 10691.0000 9197.00000  14.0%     -    0s
     0     0 9197.00000    0   52 10691.0000 9197.00000  14.0%     -    0s
H    0     0                    10607.000000 9197.00000  13.3%     -    0s
     0     0 9197.00000    0   36 10607.0000 9197.00000  13.3%     -    0s
     0     0 9197.00000    0   42 10607.0000 9197.00000  13.3%     -    0s
H    0     0                    10338.000000 9197.00000  11.0%     -    0s
H    0     0                    10053.000000 9197.00000  8.51%     -    0s
     0     0 9197.00000    0   14 10053.0000 9197.00000  8.51%     -    0s
     0     0 9197.00000    0   51 10053.0000 9197.00000  8.51%     -    0s
     0     0 9197.00000    0   24 10053.0000 9197.00000  8.51%     -    0s
     0     0 9197.00000    0   24 10053.0000 9197.00000  8.51%     -    0s
     0     2 9197.00000    0   22 10053.0000 9197.00000  8.51%     -    0s
H   31    40                    10024.000000 9197.00000  8.25%  37.1    0s
H  100   118                    9927.0000000 9197.00000  7.35%  29.0    0s
H  203   211                    9916.0000000 9197.00000  7.25%  21.7    0s
H  260   262                    9894.0000000 9197.00000  7.04%  20.5    0s
H  263   262                    9837.0000000 9197.00000  6.51%  20.5    0s
H 1620  1172                    9824.0000000 9214.79433  6.20%  15.3    1s
H 1645  1128                    9821.0000000 9221.95718  6.10%  15.1    2s
H 1645  1071                    9819.0000000 9221.95718  6.08%  15.1    2s
H 1650  1020                    9811.0000000 9221.95718  6.00%  15.1    2s
H 1683   991                    9796.0000000 9224.62662  5.83%  21.2    3s
  1715  1013 9309.00000   52   69 9796.00000 9224.87555  5.83%  27.4    5s
H15111  7913                    9793.0000000 9279.18495  5.25%  23.5    9s
 15119  9445 9280.61401   53   72 9793.00000 9279.57802  5.24%  23.5   10s
 30145 15755 9782.00000   72   24 9793.00000 9300.49065  5.03%  22.5   15s
 32212 16593 9645.62749   89   59 9793.00000 9375.75927  4.26%  22.9   20s
 51242 20954 9521.11561   86   33 9793.00000 9425.34789  3.75%  23.6   25s
 70089 24024 9440.01408   68   76 9793.00000 9440.01408  3.60%  24.6   30s
 90670 31049 9491.73793   79   56 9793.00000 9445.30769  3.55%  24.9   35s
 109092 39453     cutoff   76      9793.00000 9451.29313  3.49%  25.1   40s
 128398 48447 9486.00000   81   34 9793.00000 9458.58794  3.41%  25.3   45s
 141611 53831     cutoff   82      9793.00000 9459.00000  3.41%  26.3   50s
 157714 59538 infeasible   76      9793.00000 9460.52766  3.39%  27.0   55s
 172209 65491 9480.00000   73   53 9793.00000 9462.39306  3.38%  27.3   61s
 183693 70062     cutoff   73      9793.00000 9464.00000  3.36%  27.5   65s
 197869 75594 9759.38878   69  150 9793.00000 9464.86683  3.35%  27.5   70s
 213093 80737 infeasible   81      9793.00000 9465.60350  3.34%  27.6   75s
 225563 86003 9774.00000   86   14 9793.00000 9466.55465  3.33%  27.8   80s
 239413 90907 9539.76652   70   74 9793.00000 9467.79953  3.32%  27.9   85s
 254548 97233 9560.00000   72   53 9793.00000 9468.83722  3.31%  28.0   90s
 269669 102868 9524.04208   79   68 9793.00000 9470.51266  3.29%  28.1   95s
 284038 108417 9509.09393   75   20 9793.00000 9471.72342  3.28%  28.2  100s
 298874 113843     cutoff   92      9793.00000 9472.85763  3.27%  28.2  105s
 312845 119398 9474.45011   82   48 9793.00000 9473.68072  3.26%  28.3  110s
 327397 125483 9520.10085   76   56 9793.00000 9474.80350  3.25%  28.3  115s
 341788 130809 9788.36282  101   37 9793.00000 9475.00578  3.25%  28.4  120s
 354771 136066 9507.81405   63  111 9793.00000 9475.68011  3.24%  28.5  125s
 370684 142566 9478.06365   79   84 9793.00000 9476.19852  3.23%  28.5  130s
 384688 147899 9743.94045   69   62 9793.00000 9476.95081  3.23%  28.5  135s
 398736 153454 9670.19365   86  110 9793.00000 9477.64662  3.22%  28.6  140s
 413352 159048 9528.59155   69   66 9793.00000 9478.44118  3.21%  28.6  145s
 426588 164933 9546.11644   76   85 9793.00000 9479.30307  3.20%  28.6  150s
 439951 169797 9521.00000   73   26 9793.00000 9479.98190  3.20%  28.6  155s
 453322 174321 9668.21216   84   88 9793.00000 9480.00000  3.20%  28.8  160s
 464342 178133 9647.00000   86   65 9793.00000 9480.16897  3.19%  28.9  165s
 476107 181924 9493.12299   70   60 9793.00000 9480.57325  3.19%  29.0  170s
 489144 186315 9559.70104   76  121 9793.00000 9481.00000  3.19%  29.1  175s
 501301 190652 9500.00000   86   55 9793.00000 9481.35557  3.18%  29.1  180s
 512810 194321 9507.00000   81   53 9793.00000 9481.78088  3.18%  29.2  185s
 525349 199087 9646.00000   77   25 9793.00000 9482.25167  3.17%  29.3  190s
 540260 204928     cutoff   91      9793.00000 9482.96554  3.17%  29.2  195s
 554482 210136 9549.07743   82   33 9793.00000 9483.62190  3.16%  29.2  200s
 567002 214385     cutoff   74      9793.00000 9484.10315  3.15%  29.3  205s
 578703 218559 9776.00000   85   17 9793.00000 9484.61297  3.15%  29.4  210s
 591977 223296 9588.07577   88   67 9793.00000 9485.00000  3.15%  29.4  215s
 605244 227710     cutoff   86      9793.00000 9485.24467  3.14%  29.4  220s
 616931 231497 9485.85891   66   80 9793.00000 9485.71386  3.14%  29.5  225s
 630508 236126 9683.61224   88   28 9793.00000 9486.25061  3.13%  29.5  230s
 643706 240607 9714.00000   78   66 9793.00000 9486.71782  3.13%  29.5  235s
 656268 244929 9535.00000   83   58 9793.00000 9487.00000  3.12%  29.6  240s
 667027 248703 9633.63636   87   68 9793.00000 9487.06357  3.12%  29.6  245s
 679513 253596 9530.12273   74   58 9793.00000 9487.42918  3.12%  29.6  250s
 693209 257975 9551.00000   77   35 9793.00000 9487.95982  3.11%  29.6  255s
 706597 263035     cutoff   68      9793.00000 9488.27933  3.11%  29.6  260s
 719443 267478     cutoff   90      9793.00000 9488.79339  3.11%  29.6  265s
 731779 271558 9574.80100   77  104 9793.00000 9489.15459  3.10%  29.6  270s
 743905 276501 9549.00000   84   63 9793.00000 9489.57729  3.10%  29.7  275s
 756400 280416 9491.87179   77   94 9793.00000 9490.00000  3.09%  29.7  280s
 768327 284268 9511.45455   88   48 9793.00000 9490.19900  3.09%  29.7  285s
 780059 287913     cutoff   74      9793.00000 9490.52653  3.09%  29.8  290s
 790925 291538 9549.00000   77   29 9793.00000 9490.97769  3.08%  29.8  295s
 803930 295615 9639.68571   88   34 9793.00000 9491.35595  3.08%  29.8  300s
 812911 300257 9515.98226   79   91 9793.00000 9491.68806  3.08%  29.9  306s
 825237 302687 9641.00000   83   40 9793.00000 9492.00000  3.07%  29.9  310s
 837743 306574 9586.45165   76  102 9793.00000 9492.27863  3.07%  30.0  315s
 848694 310150     cutoff   86      9793.00000 9492.68756  3.07%  30.0  320s
 861033 313919 9586.00000   91   26 9793.00000 9493.00000  3.06%  30.1  325s
 872696 317685 9657.54152   80   30 9793.00000 9493.18808  3.06%  30.1  330s
 880856 320492 9757.00000   74   76 9793.00000 9493.42683  3.06%  30.1  335s
 894012 324943 9553.80000   80   53 9793.00000 9493.79830  3.06%  30.2  340s
 904911 328308 infeasible   90      9793.00000 9494.00000  3.05%  30.2  345s
 916226 331824 9611.00000   85   61 9793.00000 9494.18752  3.05%  30.3  350s
 927389 335416 9657.25421   71   85 9793.00000 9494.51051  3.05%  30.3  355s
 938404 339154 9577.07186   73  100 9793.00000 9494.90544  3.04%  30.3  360s
 948324 342656 9547.00000   76   34 9793.00000 9495.00000  3.04%  30.3  365s
 961151 347085 9788.74053   73   64 9793.00000 9495.07535  3.04%  30.3  370s
 972273 350467 9738.14598   92   47 9793.00000 9495.33228  3.04%  30.4  375s
 982128 353942 9554.00000   85   19 9793.00000 9495.58628  3.04%  30.4  380s
 993799 357813     cutoff   80      9793.00000 9495.90674  3.03%  30.4  385s
 1004539 361145 9518.49718   69   61 9793.00000 9496.00000  3.03%  30.5  390s
 1014689 363864 9718.19753   87   73 9793.00000 9496.14789  3.03%  30.5  395s
 1024062 367048     cutoff   88      9793.00000 9496.38606  3.03%  30.6  400s
 1034164 370122 9726.01446   80   75 9793.00000 9496.64392  3.03%  30.6  405s
 1045021 373210 9574.02449   71  103 9793.00000 9496.98549  3.02%  30.6  410s
 1055463 376528 9524.37288   76   50 9793.00000 9497.16720  3.02%  30.7  415s
 1066199 379762     cutoff   72      9793.00000 9497.46464  3.02%  30.7  420s
 1076513 382794 9545.67292   77   49 9793.00000 9497.83047  3.01%  30.8  425s
 1087470 385710 infeasible   86      9793.00000 9498.00000  3.01%  30.8  430s
 1096298 388890 9588.18831   87   63 9793.00000 9498.00000  3.01%  30.9  435s
 1107725 392027 9673.26277   72   63 9793.00000 9498.31024  3.01%  30.9  440s
 1118978 395475 9508.04613   76   57 9793.00000 9498.67793  3.01%  30.9  445s
 1128168 398362     cutoff   84      9793.00000 9498.98198  3.00%  31.0  450s
 1137874 401032 9575.36702   78   66 9793.00000 9499.04613  3.00%  31.0  455s
 1148010 403906 9500.69503   69   46 9793.00000 9499.30006  3.00%  31.0  460s
 1159179 407256 9588.84962   66   73 9793.00000 9499.61542  3.00%  31.1  465s
 1170371 410649 9710.28883   89  103 9793.00000 9499.98099  2.99%  31.1  470s
 1180046 413200 infeasible   80      9793.00000 9500.00000  2.99%  31.1  475s
 1189709 416262 9500.00000   80   33 9793.00000 9500.00000  2.99%  31.2  480s
 1201101 419351 9577.07397   90   74 9793.00000 9500.10283  2.99%  31.2  485s
 1210361 421729 9528.49641   87   63 9793.00000 9500.25116  2.99%  31.3  490s
 1221992 425373 9570.67584   79   59 9793.00000 9500.55060  2.99%  31.3  495s
 1231744 427924 9506.43779   74   93 9793.00000 9500.78261  2.98%  31.3  500s
 1242324 431057 9522.13730   72  109 9793.00000 9501.00000  2.98%  31.3  506s
 1250394 433887 9699.00000   75   75 9793.00000 9501.00000  2.98%  31.4  510s
 1260656 437091 9715.74754   93   74 9793.00000 9501.03934  2.98%  31.4  515s
 1269746 440144     cutoff   80      9793.00000 9501.18071  2.98%  31.4  520s
 1280159 443138 9694.55639   83   51 9793.00000 9501.37263  2.98%  31.5  525s
 1289917 445945 9741.00000   85   55 9793.00000 9501.69075  2.97%  31.5  530s
 1299838 448650 9719.99999   91   41 9793.00000 9501.96806  2.97%  31.5  535s
H1307089 450379                    9792.9999941 9502.03999  2.97%  31.6  538s
 1309190 451277 9551.00000   71   34 9792.99999 9502.11238  2.97%  31.6  540s
 1320098 454695 9519.14514   69   49 9792.99999 9502.31579  2.97%  31.6  545s
 1330316 457683 9522.77991   72   93 9792.99999 9502.58814  2.97%  31.6  550s
 1338951 460129     cutoff   80      9792.99999 9502.84209  2.96%  31.6  555s
*1344156 461612              85    9792.9999909 9503.00000  2.96%  31.6  557s
 1348845 462863 9555.00000   81   29 9792.99999 9503.00000  2.96%  31.6  560s
 1358999 465398 9503.33333   70   58 9792.99999 9503.20349  2.96%  31.7  565s
 1367786 468046     cutoff   96      9792.99999 9503.43446  2.96%  31.7  570s
 1377755 470795     cutoff   83      9792.99999 9503.69493  2.95%  31.7  575s
 1387665 473287 9571.71233   88   64 9792.99999 9504.00000  2.95%  31.7  580s
 1397267 475975 9741.13351   78   72 9792.99999 9504.13978  2.95%  31.8  585s
 1406923 478866 9704.00000   92   29 9792.99999 9504.47284  2.95%  31.8  590s
 1416840 481756 9749.36571   79  109 9792.99999 9504.72355  2.94%  31.8  595s
 1426419 484240     cutoff   84      9792.99999 9505.00000  2.94%  31.8  600s
 1436013 487312 9532.00000   79   40 9792.99999 9505.00000  2.94%  31.9  605s
 1445289 490181 infeasible   79      9792.99999 9505.00000  2.94%  31.9  610s

Cutting planes:
  Learned: 115
  Gomory: 175
  Cover: 930
  Implied bound: 59
  Projected implied bound: 3
  Clique: 15
  MIR: 553
  StrongCG: 15
  Flow cover: 1900
  GUB cover: 2
  Inf proof: 60
  Zero half: 7
  Network: 4
  RLT: 48
  Relax-and-lift: 31

Explored 1446636 nodes (46158696 simplex iterations) in 610.37 seconds (740.89 work units)
Thread count was 8 (of 8 available processors)

Solution count 10: 9793 9793 9793 ... 9894

Solve interrupted
Warning: max bound violation (9.1102e-06) exceeds tolerance
Best objective 9.792999991028e+03, best bound 9.505012110727e+03, gap 2.9408%

User-callback calls 3040921, time in user-callback 5.04 sec

Statistics for modelBPKW_BKRW_BSNF_O:
  Linear constraint matrix    : 4451 Constrs, 2168 Vars, 15803 NZs
  Variable types              : 838 Continuous,
1330 Integer (358 Binary)
  Matrix coefficient range    : [ 1, 200 ]
  Objective coefficient range : [ 1, 368 ]
  Variable bound range        : [ 1, 199 ]
  RHS coefficient range       : [ 1, 549 ]
