
Gurobi 10.0.1 (mac64[arm]) logging started Mon Apr  1 02:52:21 2024

Set parameter LogFile to value "/Users/deniserings/Documents/zib/s-bahn-data/scripts/DeniseMA/processed/BPKW_BKRW_BSNF_O/RENS/BPKW_BKRW_BSNF_O_subMBP_random1_0.6_202403312233.log"
Gurobi Optimizer version 10.0.1 build v10.0.1rc0 (mac64[arm])

CPU model: Apple M2
Thread count: 8 physical cores, 8 logical processors, using up to 8 threads

Optimize a model with 4451 rows, 2168 columns and 15803 nonzeros
Model fingerprint: 0xd0cd6fe4
Variable types: 838 continuous, 1330 integer (358 binary)
Coefficient statistics:
  Matrix range     [1e+00, 2e+02]
  Objective range  [1e+00, 4e+02]
  Bounds range     [1e+00, 2e+02]
  RHS range        [1e+00, 5e+02]
Presolve removed 2530 rows and 1084 columns
Presolve time: 0.11s
Presolved: 1921 rows, 1084 columns, 7718 nonzeros
Variable types: 355 continuous, 729 integer (729 binary)

Root relaxation: objective 9.180000e+03, 648 iterations, 0.00 seconds (0.01 work units)

    Nodes    |    Current Node    |     Objective Bounds      |     Work
 Expl Unexpl |  Obj  Depth IntInf | Incumbent    BestBd   Gap | It/Node Time

     0     0 9180.00000    0   45          - 9180.00000      -     -    0s
H    0     0                    11948.000000 9180.00000  23.2%     -    0s
H    0     0                    11155.000000 9180.00000  17.7%     -    0s
H    0     0                    10911.000000 9181.64075  15.8%     -    0s
     0     0 9181.64075    0  137 10911.0000 9181.64075  15.8%     -    0s
H    0     0                    10839.000000 9181.64075  15.3%     -    0s
     0     0 9181.64075    0  134 10839.0000 9181.64075  15.3%     -    0s
     0     0 9198.00000    0  111 10839.0000 9198.00000  15.1%     -    0s
H    0     0                    10755.000000 9198.00000  14.5%     -    0s
     0     0 9198.00000    0  108 10755.0000 9198.00000  14.5%     -    0s
H    0     0                    10696.000000 9198.00000  14.0%     -    0s
     0     0 9198.00000    0   57 10696.0000 9198.00000  14.0%     -    0s
H    0     0                    10373.000000 9198.00000  11.3%     -    0s
     0     0 9198.00000    0   47 10373.0000 9198.00000  11.3%     -    0s
     0     0 9198.00000    0   38 10373.0000 9198.00000  11.3%     -    0s
     0     0 9198.00000    0   73 10373.0000 9198.00000  11.3%     -    0s
     0     0 9198.00000    0   76 10373.0000 9198.00000  11.3%     -    0s
     0     0 9198.00000    0   90 10373.0000 9198.00000  11.3%     -    0s
     0     0 9198.00000    0   50 10373.0000 9198.00000  11.3%     -    0s
     0     0 9198.00000    0   45 10373.0000 9198.00000  11.3%     -    0s
     0     2 9198.00000    0   45 10373.0000 9198.00000  11.3%     -    0s
H   16    23                    10106.000000 9198.00000  8.98%  40.4    0s
H   31    39                    10080.000000 9198.00000  8.75%  28.9    0s
H   72    75                    10048.000000 9198.00000  8.46%  21.8    0s
H  102   151                    10043.000000 9198.00000  8.41%  17.4    0s
H  281   304                    10005.000000 9198.00000  8.07%  14.3    0s
H  440   391                    10004.000000 9198.00000  8.06%  13.5    0s
H  461   403                    9945.0000000 9198.00000  7.51%  13.3    0s
H  464   403                    9942.0000000 9198.00000  7.48%  13.4    0s
H  570   495                    9924.0000000 9198.00000  7.32%  13.6    0s
H  619   521                    9910.0000000 9198.00000  7.18%  13.6    0s
H  623   519                    9867.0000000 9198.00000  6.78%  13.6    0s
H  630   519                    9837.0000000 9198.00000  6.50%  13.7    0s
H  775   597                    9816.0000000 9198.00000  6.30%  13.7    0s
H  776   594                    9777.0000000 9198.00000  5.92%  13.7    0s
H 1657  1016                    9771.0000000 9253.71968  5.29%  19.3    3s
  1707  1049 9263.82710    6   60 9771.00000 9263.82710  5.19%  18.8    5s
  8567  4241 9730.14280   62   75 9771.00000 9300.22879  4.82%  26.2   10s
 27401 14936 9345.58462   53  116 9771.00000 9320.20101  4.61%  25.6   15s
 30368 15943 9646.89880   84  147 9771.00000 9324.20101  4.57%  25.7   20s
 33171 16806 9436.05600   62  114 9771.00000 9396.14359  3.84%  27.1   25s
 48446 19725 9459.04763   67   72 9771.00000 9414.81642  3.65%  28.6   30s
 64086 21828 9720.10000   80  117 9771.00000 9425.89470  3.53%  30.0   35s
 80483 25140 9453.32833   76   71 9771.00000 9434.34161  3.45%  30.2   40s
 96380 32438 9681.00000   79   24 9771.00000 9440.96007  3.38%  30.4   45s
 110352 38198 9630.43503   85   83 9771.00000 9446.38407  3.32%  30.6   50s
 125672 44524 9452.78478   62   91 9771.00000 9451.52861  3.27%  30.8   55s
 139687 50152 9606.99104   85   31 9771.00000 9456.53402  3.22%  30.9   60s
 153505 55524 9483.19737   81   65 9771.00000 9460.39823  3.18%  30.9   65s
 167920 61240 9624.63137   79   56 9771.00000 9463.69859  3.15%  30.9   70s
 183816 67603 9724.00000   92   59 9771.00000 9467.31598  3.11%  30.7   75s
 197326 72789 9475.84851   82  136 9771.00000 9470.18062  3.08%  30.7   80s
 211023 77609 9503.72764   76  147 9771.00000 9473.07750  3.05%  30.7   85s
 224220 82549 9520.29895   64   78 9771.00000 9475.86604  3.02%  30.8   90s
 238537 87503 9735.29101   82   54 9771.00000 9478.85033  2.99%  30.8   95s
 251544 92436 9503.05596   66  150 9771.00000 9480.55179  2.97%  30.8  100s
*264578 97296              79    9770.9999932 9482.64534  2.95%  30.7  104s
 265478 97511 9596.05344   83   85 9770.99999 9482.85182  2.95%  30.7  105s
 278202 102020 9492.39439   81   53 9770.99999 9484.91557  2.93%  30.7  110s
 291142 107005 9523.90498   76   49 9770.99999 9486.83077  2.91%  30.7  115s
 304128 111235 9713.00000   93   26 9770.99999 9489.00167  2.89%  30.7  120s
 318710 116152 9511.46568   71   83 9770.99999 9490.94739  2.87%  30.6  125s
 332027 120411 9650.12398   77   50 9770.99999 9492.90233  2.85%  30.6  130s
 344764 124208 9565.30471   86  117 9770.99999 9494.70747  2.83%  30.6  135s
 358031 128213 9668.00000   91    7 9770.99999 9496.32468  2.81%  30.6  140s
 370433 132184 9684.90996   78   37 9770.99999 9498.02341  2.79%  30.6  145s
 382358 135474 9542.49750   81  101 9770.99999 9499.68069  2.78%  30.6  150s
 394937 138861 9694.00000   85   22 9770.99999 9501.15993  2.76%  30.6  155s
 406114 142223 9650.87368   70   42 9770.99999 9502.57120  2.75%  30.6  160s
 418099 145387 9620.00000   77   44 9770.99999 9504.00000  2.73%  30.6  165s
 430758 148693 9738.00000   84    7 9770.99999 9505.29685  2.72%  30.6  170s
 442787 151757     cutoff   84      9770.99999 9506.99492  2.70%  30.7  175s
 454606 154669 9632.78022   82   34 9770.99999 9508.55520  2.69%  30.7  180s
 465856 157561 9540.68320   77  108 9770.99999 9509.98939  2.67%  30.7  185s
 479241 160936 9568.17670   72   61 9770.99999 9511.44174  2.66%  30.7  190s
 491071 163927 infeasible   79      9770.99999 9513.06531  2.64%  30.7  195s
 503187 166988 9699.00000   78   46 9770.99999 9514.66667  2.62%  30.8  200s
 514101 169831     cutoff   77      9770.99999 9515.79378  2.61%  30.8  205s
 526560 173149 9563.59514   79   98 9770.99999 9517.04850  2.60%  30.8  210s
 537665 175845 9527.60741   75   66 9770.99999 9518.25316  2.59%  30.8  215s
 548731 178586 9686.37321   77   82 9770.99999 9519.65553  2.57%  30.8  220s
 561207 181816 9634.55000   77   78 9770.99999 9521.01609  2.56%  30.9  225s
 573086 184499 9571.84790   75   42 9770.99999 9522.23810  2.55%  30.9  230s
 583840 187238     cutoff   88      9770.99999 9523.35882  2.53%  30.9  235s
 596126 190139     cutoff   96      9770.99999 9524.63285  2.52%  30.9  240s
 607879 192651 9587.84387   87   34 9770.99999 9525.97050  2.51%  30.9  245s
 619203 195044 9718.00000   95   18 9770.99999 9527.14068  2.50%  30.9  250s
 630789 197457 9701.03917   76  103 9770.99999 9528.48062  2.48%  30.9  255s
 642530 200182 9571.70812   79   28 9770.99999 9529.71928  2.47%  30.9  260s
 653413 202200 9549.02510   77   50 9770.99999 9531.00000  2.46%  30.9  265s
 665187 204515 infeasible   89      9770.99999 9532.33100  2.44%  30.9  270s
 677582 207014 infeasible   97      9770.99999 9533.81543  2.43%  30.9  275s
 688625 209295     cutoff   89      9770.99999 9534.94792  2.42%  30.9  280s
 700675 211524 9681.00000   84   29 9770.99999 9536.10413  2.40%  31.0  285s
 711525 213401 9743.35882   88   36 9770.99999 9537.41147  2.39%  31.0  290s
 722530 215285     cutoff   92      9770.99999 9538.94485  2.37%  31.0  295s
 734925 217614     cutoff   87      9770.99999 9540.03049  2.36%  31.0  300s
 743119 219042 9712.25000   91   38 9770.99999 9540.84211  2.36%  31.0  305s
 755953 221528 9659.00000   79   59 9770.99999 9542.05596  2.34%  31.1  310s
 767049 223597 9705.71587   74   80 9770.99999 9543.21168  2.33%  31.1  315s
 778881 225770 9641.71053   83   28 9770.99999 9544.47934  2.32%  31.1  320s
 789739 227720     cutoff   85      9770.99999 9545.71718  2.31%  31.1  325s
 801156 229695     cutoff   72      9770.99999 9546.82340  2.29%  31.1  330s
 813657 231624 9698.56538   83   72 9770.99999 9548.03067  2.28%  31.1  335s
 824966 233655 9718.00000   91   20 9770.99999 9549.24513  2.27%  31.1  340s
 835836 235128 infeasible   89      9770.99999 9550.71446  2.25%  31.1  345s
 845044 237148 9695.00000   80   25 9770.99999 9551.51000  2.25%  31.1  352s
 858732 238358 9558.63463   75   95 9770.99999 9552.43377  2.24%  31.1  355s
 870861 240089 9744.08510   78   78 9770.99999 9553.85227  2.22%  31.1  360s
 882288 241862     cutoff   93      9770.99999 9554.85548  2.21%  31.1  365s
 894181 243524     cutoff   82      9770.99999 9556.06531  2.20%  31.1  370s
 903378 244994 9683.00000   81   39 9770.99999 9557.10753  2.19%  31.1  375s
 914606 246588 9709.00000   81   31 9770.99999 9558.49905  2.17%  31.2  380s
 925803 248212 9686.30233   85   29 9770.99999 9559.46149  2.16%  31.2  385s
 937926 249888     cutoff   90      9770.99999 9560.85371  2.15%  31.2  390s
 947887 251292 9720.45192   79   54 9770.99999 9561.86387  2.14%  31.2  395s
 960055 253012 9603.62434   75   65 9770.99999 9563.00000  2.13%  31.2  400s
 970148 254377 9679.09669   75   73 9770.99999 9564.03450  2.12%  31.2  405s
 980509 255627 9700.60716   81   64 9770.99999 9565.10753  2.11%  31.3  410s
 992727 256906 9585.20678   85   49 9770.99999 9566.66521  2.09%  31.3  415s
 1002946 258359 infeasible   81      9770.99999 9567.75000  2.08%  31.3  420s
 1012234 259262 9612.00000   78   69 9770.99999 9568.75506  2.07%  31.4  425s
 1023644 260761 9754.00000   84   28 9770.99999 9570.00000  2.06%  31.4  430s
 1033807 262020     cutoff   84      9770.99999 9571.01488  2.05%  31.4  435s
 1044211 263305 9579.78862   75   68 9770.99999 9572.10114  2.04%  31.4  440s
 1053650 264363     cutoff   98      9770.99999 9573.22581  2.02%  31.5  445s
 1064666 265794 9704.77457   87   81 9770.99999 9574.51884  2.01%  31.5  450s
 1075455 266776 9658.39403   85   50 9770.99999 9575.92178  2.00%  31.5  455s
 1086798 267885 9751.00000   79   54 9770.99999 9577.03895  1.99%  31.5  460s
 1096688 268834     cutoff   78      9770.99999 9578.26872  1.97%  31.5  465s
 1107109 270009 infeasible   87      9770.99999 9579.45513  1.96%  31.6  470s
 1116968 270885 9728.00000   84   52 9770.99999 9580.60968  1.95%  31.6  475s
 1127616 271627 9696.00000   84   18 9770.99999 9582.00000  1.93%  31.6  480s
 1137511 272449 9732.53266   82   76 9770.99999 9583.09547  1.92%  31.6  485s
 1146852 273038 9769.00000   78   47 9770.99999 9584.40000  1.91%  31.7  490s
 1156630 274047     cutoff   86      9770.99999 9585.53503  1.90%  31.7  495s
 1167660 274837     cutoff   83      9770.99999 9587.00000  1.88%  31.7  500s
 1176408 275470     cutoff   82      9770.99999 9588.14477  1.87%  31.8  505s
 1185790 276275 9663.44156   78   89 9770.99999 9589.28947  1.86%  31.8  510s
 1197063 277444 9740.00000   82   26 9770.99999 9590.40151  1.85%  31.8  516s
 1204805 278005 9627.91774   78   86 9770.99999 9591.41043  1.84%  31.8  520s
 1216138 278686 9711.44526   80   52 9770.99999 9592.91400  1.82%  31.9  525s
 1225885 279226 9733.00000   89   17 9770.99999 9594.00000  1.81%  31.9  530s
 1236288 279954 9599.97039   72  110 9770.99999 9595.03212  1.80%  31.9  535s
 1247079 280612     cutoff   79      9770.99999 9596.28166  1.79%  31.9  540s
 1256853 281164 9725.53594   74  115 9770.99999 9597.63475  1.77%  31.9  545s
 1267342 281838 9670.00000   90   11 9770.99999 9598.75512  1.76%  31.9  550s
 1277432 282214     cutoff   84      9770.99999 9600.00000  1.75%  32.0  555s
 1286900 282632 9621.10005   70  104 9770.99999 9601.00000  1.74%  32.0  560s
 1297205 283033 9664.24390   77   83 9770.99999 9602.13455  1.73%  32.0  565s
 1306615 283388     cutoff   84      9770.99999 9603.46152  1.71%  32.0  570s
 1316216 283687     cutoff   75      9770.99999 9604.66320  1.70%  32.0  575s
 1325729 284189 9660.04533   75   64 9770.99999 9605.84212  1.69%  32.1  580s
 1335151 284463     cutoff   76      9770.99999 9607.00000  1.68%  32.1  585s
 1345864 285016 9698.60224   89   63 9770.99999 9608.10753  1.67%  32.1  590s
 1353585 285196 infeasible   93      9770.99999 9609.26193  1.66%  32.1  595s
 1364096 285508     cutoff   85      9770.99999 9610.66667  1.64%  32.2  600s

Cutting planes:
  Learned: 83
  Gomory: 256
  Cover: 895
  Implied bound: 88
  Clique: 3
  MIR: 466
  StrongCG: 22
  Flow cover: 1490
  GUB cover: 1
  Inf proof: 52
  Zero half: 2
  Network: 7
  RLT: 45
  Relax-and-lift: 31

Explored 1373290 nodes (44215640 simplex iterations) in 604.33 seconds (776.44 work units)
Thread count was 8 (of 8 available processors)

Solution count 10: 9771 9771 9777 ... 9945

Solve interrupted
Warning: max bound violation (6.7530e-06) exceeds tolerance
Best objective 9.770999993440e+03, best bound 9.612000000000e+03, gap 1.6273%

User-callback calls 2868453, time in user-callback 4.69 sec

Statistics for modelBPKW_BKRW_BSNF_O:
  Linear constraint matrix    : 4451 Constrs, 2168 Vars, 15803 NZs
  Variable types              : 838 Continuous,
1330 Integer (358 Binary)
  Matrix coefficient range    : [ 1, 200 ]
  Objective coefficient range : [ 1, 368 ]
  Variable bound range        : [ 1, 199 ]
  RHS coefficient range       : [ 1, 549 ]
