
Gurobi 10.0.1 (mac64[arm]) logging started Wed Mar 27 14:35:41 2024

Set parameter LogFile to value "/Users/deniserings/Documents/zib/s-bahn-data/scripts/DeniseMA/processed/BBUP_W/original/BBUP_W_2024-03-27 12:04_equality.log"
Gurobi Optimizer version 10.0.1 build v10.0.1rc0 (mac64[arm])

CPU model: Apple M2
Thread count: 8 physical cores, 8 logical processors, using up to 8 threads

Optimize a model with 12162 rows, 5181 columns and 44767 nonzeros
Model fingerprint: 0xbb0d32fe
Variable types: 1726 continuous, 3455 integer (649 binary)
Coefficient statistics:
  Matrix range     [1e+00, 2e+02]
  Objective range  [1e+00, 4e+02]
  Bounds range     [1e+00, 2e+02]
  RHS range        [1e+00, 5e+02]
Presolve removed 5883 rows and 1927 columns
Presolve time: 0.10s
Presolved: 6279 rows, 3254 columns, 24036 nonzeros
Variable types: 924 continuous, 2330 integer (2330 binary)

Root relaxation: objective 1.268804e+04, 2028 iterations, 0.01 seconds (0.01 work units)

    Nodes    |    Current Node    |     Objective Bounds      |     Work
 Expl Unexpl |  Obj  Depth IntInf | Incumbent    BestBd   Gap | It/Node Time

     0     0 12688.0447    0  141          - 12688.0447      -     -    0s
     0     0 12734.0000    0  327          - 12734.0000      -     -    0s
     0     0 12734.0000    0  352          - 12734.0000      -     -    0s
     0     0 12734.0712    0  401          - 12734.0712      -     -    0s
     0     0 12743.8635    0  436          - 12743.8635      -     -    0s
     0     0 12743.8635    0  442          - 12743.8635      -     -    0s
     0     0 12757.5132    0  433          - 12757.5132      -     -    0s
     0     0 12757.9544    0  461          - 12757.9544      -     -    0s
     0     0 12757.9544    0  469          - 12757.9544      -     -    0s
     0     0 12767.9604    0  428          - 12767.9604      -     -    0s
     0     0 12767.9604    0  368          - 12767.9604      -     -    0s
     0     0 12767.9604    0  397          - 12767.9604      -     -    0s
     0     0 12767.9604    0  304          - 12767.9604      -     -    1s
     0     0 12767.9604    0  156          - 12767.9604      -     -    1s
     0     0 12767.9604    0  199          - 12767.9604      -     -    1s
     0     0 12767.9604    0  123          - 12767.9604      -     -    1s
     0     0 12767.9604    0  197          - 12767.9604      -     -    1s
     0     0 12767.9937    0  104          - 12767.9937      -     -    1s
     0     0 12767.9937    0  153          - 12767.9937      -     -    1s
     0     0 12768.8245    0  269          - 12768.8245      -     -    1s
     0     0 12768.8245    0  233          - 12768.8245      -     -    1s
     0     0 12768.8712    0  386          - 12768.8712      -     -    1s
     0     0 12768.9053    0  381          - 12768.9053      -     -    1s
     0     0 12768.9053    0  413          - 12768.9053      -     -    1s
     0     0 12768.9053    0  462          - 12768.9053      -     -    2s
     0     0 12768.9053    0  143          - 12768.9053      -     -    2s
     0     0 12768.9053    0  104          - 12768.9053      -     -    2s
     0     0 12768.9053    0  280          - 12768.9053      -     -    2s
     0     0 12768.9053    0  303          - 12768.9053      -     -    2s
     0     0 12768.9053    0  290          - 12768.9053      -     -    2s
     0     0 12768.9053    0  291          - 12768.9053      -     -    2s
     0     0 12768.9053    0  335          - 12768.9053      -     -    3s
     0     0 12768.9053    0  411          - 12768.9053      -     -    3s
     0     0 12768.9053    0  427          - 12768.9053      -     -    3s
     0     0 12768.9053    0  381          - 12768.9053      -     -    3s
     0     0 12768.9053    0   86          - 12768.9053      -     -    3s
     0     0 12768.9053    0  187          - 12768.9053      -     -    3s
     0     0 12768.9053    0   85          - 12768.9053      -     -    3s
     0     0 12768.9053    0  144          - 12768.9053      -     -    4s
     0     0 12768.9053    0  106          - 12768.9053      -     -    4s
     0     0 12768.9053    0  106          - 12768.9053      -     -    4s
     0     2 12768.9053    0   93          - 12768.9053      -     -    4s
   299   260 12778.0000   29  292          - 12778.0000      -  49.5    5s
  1569  1193 12786.0000   41  115          - 12778.0000      -  28.3   10s
* 3408  2010             149    15194.000000 12778.0000  15.9%  41.4   13s
H 4015  2148                    15191.000000 12778.0000  15.9%  39.7   14s
H 4092  2276                    15189.000000 12778.0000  15.9%  41.1   14s
H 4184  2194                    15159.000000 12778.0000  15.7%  41.0   14s
H 4309  2103                    15113.000000 12778.0000  15.5%  40.6   14s
H 4343  2112                    15110.000000 12778.0000  15.4%  40.8   14s
H 4379  2109                    15094.000000 12778.0000  15.3%  40.9   14s
H 4393  2219                    15087.000000 12778.0000  15.3%  41.3   15s
H 4539  2262                    15085.000000 12778.0000  15.3%  41.7   15s
H 4552  2261                    15063.000000 12778.0000  15.2%  41.8   15s
H 4705  2333                    15058.000000 12778.0000  15.1%  43.0   16s
  5445  2875 infeasible   89      15058.0000 12778.0000  15.1%  44.1   20s
H 5887  3122                    14986.000000 12778.0000  14.7%  44.4   22s
H 5888  3172                    14980.000000 12778.0000  14.7%  44.5   23s
H 5890  3172                    14972.000000 12778.0000  14.7%  44.6   23s
  7126  4042 12780.1508   37  343 14972.0000 12778.0000  14.7%  46.3   25s
H 7341  4094                    14971.000000 12778.0000  14.6%  46.5   25s
H 7425  4140                    14966.000000 12778.0000  14.6%  46.6   27s
H 7461  4143                    14965.000000 12778.0000  14.6%  47.0   28s
  8566  4904 12844.1508   26  287 14965.0000 12778.0000  14.6%  48.3   30s
 10639  6785 13114.0000   52  232 14965.0000 12779.5167  14.6%  50.7   35s
 13424  7885 12780.1508   34  219 14965.0000 12780.1508  14.6%  50.3   40s
 14700  9140 infeasible   42      14965.0000 12780.1508  14.6%  50.5   46s
 18668 10993 infeasible   52      14965.0000 12780.1508  14.6%  50.2   51s
 19508 12087 13788.2000   67  152 14965.0000 12780.1508  14.6%  51.4   57s
 21336 12508 13166.9943   40  259 14965.0000 12780.1508  14.6%  51.7   63s
H21350 12508                    14964.999834 12780.1508  14.6%  51.7   63s
 21353 12949 13245.1848   42  210 14964.9998 12780.1508  14.6%  51.7   65s
 22607 14416 14814.0000   87   38 14964.9998 12780.1508  14.6%  52.4   70s
 25252 15226 13683.2679   39  247 14964.9998 12780.1508  14.6%  52.4   76s
 27746 16797 12834.1508   35  203 14964.9998 12780.1508  14.6%  52.5   81s
 29176 17158 13995.0000   91  143 14964.9998 12780.1508  14.6%  53.0   99s
 29185 17164 12982.4727   77  338 14964.9998 12780.1508  14.6%  53.0  100s
 29198 17173 13540.2758   75  453 14964.9998 12780.1508  14.6%  53.0  105s
 29206 17178 13849.0000   80  291 14964.9998 12781.4307  14.6%  53.0  110s
 29216 17185 14071.0000   51  373 14964.9998 12781.7656  14.6%  53.0  115s
 29228 17193 12792.1508   45  425 14964.9998 12782.0865  14.6%  52.9  120s
 29234 17197 13066.0000   77  261 14964.9998 12782.1758  14.6%  52.9  125s
 29242 17202 14492.0000   70  111 14964.9998 12782.2398  14.6%  52.9  131s
 29252 17209 12887.2857   54  218 14964.9998 12782.5795  14.6%  52.9  135s
 29265 17217 12887.2857   59  141 14964.9998 12783.0325  14.6%  52.9  140s
 29278 17226 13880.6364   59  214 14964.9998 12783.4482  14.6%  52.9  145s
 29293 17236 12790.1508   41  214 14964.9998 12783.9039  14.6%  52.8  150s
 29305 17244 12871.1508   46  198 14964.9998 12784.0939  14.6%  52.8  155s
 29320 17254 13470.1727   42  207 14964.9998 12784.4063  14.6%  52.8  160s
 29333 17263 13385.1132   45  255 14964.9998 12784.7619  14.6%  52.8  165s
 29343 17269 12972.1508   33  313 14964.9998 12784.8148  14.6%  52.7  170s
 29351 17275 14036.7500   80  311 14964.9998 12784.9202  14.6%  52.7  175s
 29361 17281 13852.3602   46  250 14964.9998 12784.9403  14.6%  52.7  180s
 29941 17627 13149.0402   56  179 14964.9998 12784.9403  14.6%  56.6  185s
 30607 17861 13216.9403   50  308 14964.9998 12784.9403  14.6%  57.0  190s
 31321 18270 12987.0280   48  310 14964.9998 12784.9403  14.6%  58.1  196s
 32160 18554 13525.5400   53  309 14964.9998 12784.9403  14.6%  59.4  200s
 33720 19222 12948.9880   32  319 14964.9998 12784.9403  14.6%  62.2  206s
 34541 19585 14120.2831   84   88 14964.9998 12784.9403  14.6%  63.5  212s
 35257 19967 infeasible   50      14964.9998 12784.9403  14.6%  64.7  215s
 37348 20917 12784.9403   40  379 14964.9998 12784.9403  14.6%  66.0  220s
 39415 20977 14697.3398   91   93 14964.9998 12784.9403  14.6%  68.5  227s
 39949 21691 12824.4715   43  406 14964.9998 12784.9403  14.6%  69.5  231s
 41997 21927 12786.9403   32  398 14964.9998 12784.9403  14.6%  71.8  238s
 42782 22391 12784.9403   32  454 14964.9998 12784.9403  14.6%  73.2  242s
H43204 21381                    14957.000000 12784.9403  14.5%  73.7  242s
 43852 21746 14608.3640   79  136 14957.0000 12784.9403  14.5%  74.4  247s
 44767 22128 13420.9050   62  244 14957.0000 12784.9403  14.5%  75.6  253s
 45928 22575 12958.9047   57  396 14957.0000 12784.9403  14.5%  77.6  259s
 47236 22865 13456.0000   44  338 14957.0000 12784.9403  14.5%  79.1  265s
 48365 23421 13707.8482   45  208 14957.0000 12784.9403  14.5%  80.5  271s
 49750 24074 12899.9978   47  359 14957.0000 12784.9403  14.5%  81.9  278s
 51473 24317 14170.2503   35  289 14957.0000 12784.9403  14.5%  82.7  285s
 52741 24618 14297.8888   51  129 14957.0000 12784.9403  14.5%  83.7  292s
 53850 24831 14166.5285   48  143 14957.0000 12784.9403  14.5%  85.0  300s
 54814 25205 13072.8777   43  340 14957.0000 12784.9403  14.5%  86.5  310s
 55947 25633 12881.6637   41  338 14957.0000 12784.9403  14.5%  87.7  319s
 57210 25918 13650.1960   49  294 14957.0000 12784.9403  14.5%  88.5  327s
 58313 25558 12816.1787   55  434 14957.0000 12784.9403  14.5%  89.8  330s
 58325 25566 13136.9403   41  263 14957.0000 12784.9403  14.5%  89.8  336s
 58329 25569 14899.2714   76  250 14957.0000 12784.9403  14.5%  89.8  340s
 58538 25709 12815.0000   52  355 14957.0000 12795.0000  14.5%  90.5  345s
 58899 25869 12885.0926   48  350 14957.0000 12798.9474  14.4%  90.5  350s
 59463 26100 infeasible   65      14957.0000 12799.8008  14.4%  90.5  355s
 59890 26261 14430.1993   63  249 14957.0000 12799.8008  14.4%  90.8  360s
 60497 26530 12849.4198   54  292 14957.0000 12799.8008  14.4%  90.8  365s
 61477 26751 13059.8008   54  358 14957.0000 12799.8008  14.4%  90.4  371s
 61778 27068 13237.1097   58  251 14957.0000 12799.8008  14.4%  90.8  376s
 62885 27463 12809.3008   57  375 14957.0000 12799.8008  14.4%  90.7  382s
 63317 27952 12819.8008   65  393 14957.0000 12799.8008  14.4%  91.0  386s
 64374 28073 13003.8180   56  411 14957.0000 12799.8008  14.4%  91.1  391s
 65049 28667 12800.6447   52  510 14957.0000 12799.8008  14.4%  91.4  395s
 66843 28924 13473.4915   59  271 14957.0000 12799.8008  14.4%  92.2  404s
 67663 29098 13451.7500   59  233 14957.0000 12799.8008  14.4%  92.6  408s
 68380 29643 12820.0637   54  415 14957.0000 12799.8008  14.4%  93.2  415s
 69645 29710 infeasible   74      14957.0000 12799.8008  14.4%  93.7  421s
 70460 30041 13584.9497   56  296 14957.0000 12799.8008  14.4%  94.3  426s
 71376 31155 13751.3985   57  448 14957.0000 12799.8008  14.4%  94.9  432s
 73689 30815 14225.0000   93   98 14957.0000 12799.8008  14.4%  94.5  438s
 74483 31416 12799.8180   52  518 14957.0000 12799.8008  14.4%  95.2  446s
 75849 31474 14088.5380   67  213 14957.0000 12799.8180  14.4%  95.9  455s
 76748 31941 12799.8180   49  449 14957.0000 12799.8180  14.4%  96.9  462s
 78006 32407 13285.6650   61  353 14957.0000 12799.8180  14.4%  97.8  470s
 79442 32729 13597.0204   56  316 14957.0000 12799.8180  14.4%  98.7  478s
 80702 33323 12830.6532   52  450 14957.0000 12799.8180  14.4%   100  486s
 82447 33334 12960.9906   54  444 14957.0000 12799.8180  14.4%   100  493s
 83560 33839 13358.5007   58  302 14957.0000 12799.8180  14.4%   101  501s
 84908 34033 12806.7182   53  425 14957.0000 12799.8180  14.4%   102  510s
 86014 34614 13963.3220   71  163 14957.0000 12799.8180  14.4%   103  517s
 87477 34887 13871.3296   56  214 14957.0000 12799.8180  14.4%   104  525s
 88804 34972 13041.5342   57  309 14957.0000 12799.8180  14.4%   104  532s
 89782 35440 13495.9460   56  200 14957.0000 12799.8180  14.4%   105  539s
 90985 36052 13344.4847   53  287 14957.0000 12799.8180  14.4%   106  548s
 92520 36345 12800.1047   52  429 14957.0000 12799.8180  14.4%   107  555s
 93790 36996 13149.5220   57  308 14957.0000 12799.8180  14.4%   107  563s
 95494 37067 13942.2752   56  168 14957.0000 12799.8180  14.4%   108  571s
 96691 37410 12990.2093   63  409 14957.0000 12799.8180  14.4%   108  578s
 97851 37808 12812.0850   56  521 14957.0000 12799.8180  14.4%   109  586s
H98846 30621                    14306.000000 12799.8180  10.5%   110  586s
 99031 31043     cutoff   99      14306.0000 12799.8180  10.5%   110  592s
H99036 27012                    14116.000000 12799.8180  9.32%   110  592s
H99219 25428                    14092.000000 12799.8180  9.17%   110  592s
H99449 24098                    14080.000000 12799.8180  9.09%   110  592s
 100215 24182 13714.8233   59  323 14080.0000 12799.8180  9.09%   111  599s
H100888 22892                    14078.000000 12799.8180  9.08%   111  599s
H100996 21366                    14049.000000 12799.8180  8.89%   111  599s
H101175 20918                    14043.000000 12799.8180  8.85%   112  606s
H101175 19766                    14027.000000 12799.8180  8.75%   112  606s
H102264 19035                    14021.000000 12799.8180  8.71%   112  613s
H102404 18144                    14019.000000 12799.8180  8.70%   113  613s
 103367 18271 13400.7459   56  420 14019.0000 12799.8180  8.70%   113  619s
 104207 18743 12976.1873   62  334 14019.0000 12799.8180  8.70%   114  628s
H104799 18706                    14017.000000 12799.8180  8.68%   115  628s
 105518 19376 13424.9253   59  369 14017.0000 12799.8180  8.68%   115  636s
 106820 20064 12799.8180   54  448 14017.0000 12799.8180  8.68%   116  644s
H107664 20045                    14016.000000 12799.8180  8.68%   116  644s
 108027 20788 13965.3761   88   85 14016.0000 12799.8180  8.68%   117  652s
H109340 21305                    14014.000000 12799.8180  8.66%   117  659s
 110427 21810 13264.6777   54  421 14014.0000 12799.8180  8.66%   118  667s
 111437 22466 12945.0070   51  341 14014.0000 12799.8180  8.66%   119  675s
 112782 23030 13600.9474   60  187 14014.0000 12799.8180  8.66%   120  682s
 113959 23551 13188.4234   56  306 14014.0000 12799.8463  8.66%   121  690s
 115063 24187 infeasible   60      14014.0000 12800.0170  8.66%   121  697s
 116371 24737 infeasible   63      14014.0000 12800.2099  8.66%   122  707s
 117448 25101 13116.5067   55  434 14014.0000 12800.4501  8.66%   122  716s
 118392 25387 13224.0845   64  230 14014.0000 12800.8439  8.66%   123  726s
 119067 26000 12913.1707   56  487 14014.0000 12801.2718  8.65%   124  735s
 120334 26946 infeasible   57      14014.0000 12802.0436  8.65%   124  742s
 122054 27216 infeasible   62      14014.0000 12803.8180  8.64%   124  746s
 122577 27307 13138.8022   53  426 14014.0000 12804.4334  8.63%   124  752s
 122743 27694 13373.9810   66  201 14014.0000 12804.4334  8.63%   124  759s
 123359 28200 13469.4715   60  420 14014.0000 12805.0070  8.63%   125  765s
 124287 28453 12858.4687   57  448 14014.0000 12805.0070  8.63%   125  770s
 124962 28817 13585.6787   68  230 14014.0000 12805.0779  8.63%   125  776s
 125690 29155 12810.5901   47  462 14014.0000 12805.6279  8.62%   126  781s
 126409 29563 13346.6379   61  281 14014.0000 12806.0749  8.62%   126  788s
 127283 29851 13453.9909   63  374 14014.0000 12806.9713  8.61%   126  796s
 127937 30231 13693.0257   74  268 14014.0000 12807.4528  8.61%   127  803s
 128717 30629     cutoff   67      14014.0000 12808.0224  8.61%   127  809s
 129620 30980 infeasible   66      14014.0000 12808.6360  8.60%   127  815s
 130406 31499 13908.7968   72  183 14014.0000 12809.2980  8.60%   128  821s
 131373 31847 13530.6568   60  264 14014.0000 12809.9671  8.59%   128  828s
 132211 32301 12904.5901   53  398 14014.0000 12810.5901  8.59%   128  835s
 132995 32643 12821.1917   53  394 14014.0000 12810.5901  8.59%   128  841s
 133844 33040 13243.8706   68  217 14014.0000 12810.5901  8.59%   129  848s
 134723 33506 12810.5901   52  508 14014.0000 12810.5901  8.59%   129  855s
 135576 33891 13146.9316   53  470 14014.0000 12810.5901  8.59%   129  863s
 136348 34314 13355.1971   60  185 14014.0000 12810.5901  8.59%   130  870s
 137179 34830 13319.6831   56  304 14014.0000 12810.5901  8.59%   130  877s
 138255 35396 infeasible   59      14014.0000 12810.5901  8.59%   130  886s
 139256 35942 13850.4765   92   65 14014.0000 12810.5901  8.59%   131  894s
 140303 36497     cutoff   97      14014.0000 12810.5901  8.59%   131  902s
 141391 36961     cutoff   69      14014.0000 12810.9311  8.58%   131  909s
 142314 37525 13926.5064   67  213 14014.0000 12811.5544  8.58%   132  915s
 143378 38043 13326.2428   54  386 14014.0000 12812.6225  8.57%   132  923s
 144333 38468 13851.7990   71  187 14014.0000 12813.1111  8.57%   132  929s
 145113 38837 13187.3882   61  284 14014.0000 12813.9307  8.56%   133  939s
H145640 38837                    14013.999984 12814.1576  8.56%   133  939s
 145982 39247 12951.0433   53  431 14014.0000 12814.5085  8.56%   133  948s
 146796 39637 13601.6994   56  223 14014.0000 12814.5085  8.56%   133  956s
 147590 39974 12814.5085   52  478 14014.0000 12814.5085  8.56%   134  963s
 148168 40635 infeasible   53      14014.0000 12814.5085  8.56%   134  974s
 149388 41254 13063.4915   51  418 14014.0000 12814.5085  8.56%   135  985s
 150581 41910 13919.9676   75  185 14014.0000 12814.5085  8.56%   135  997s
 151873 42376 13494.6704   59  401 14014.0000 12815.0000  8.56%   135 1008s
 152790 43066 infeasible   80      14014.0000 12815.3180  8.55%   136 1018s
 154098 43495 infeasible   52      14014.0000 12815.3820  8.55%   136 1027s
 154903 44101 12933.4367   53  350 14014.0000 12815.3820  8.55%   137 1036s
 155993 44641 12815.3820   50  366 14014.0000 12815.3820  8.55%   137 1046s
 157043 45179 12978.4982   52  389 14014.0000 12815.3820  8.55%   137 1057s
 158067 45714 12885.3820   49  401 14014.0000 12815.3820  8.55%   137 1067s
 159043 46119 12815.3820   47  376 14014.0000 12815.3820  8.55%   138 1077s
 159944 46664 12842.7987   48  416 14014.0000 12815.3820  8.55%   138 1087s
 160960 47179 13544.5807   58  393 14014.0000 12815.3820  8.55%   139 1098s
 161947 47899 12839.0832   63  429 14014.0000 12815.9292  8.55%   139 1109s
 163296 48304 12897.1249   57  196 14014.0000 12815.9292  8.55%   139 1116s
 164180 48712 13832.3114   55  439 14014.0000 12817.0476  8.54%   139 1123s
 165013 49022 13114.9400   56  332 14014.0000 12817.8180  8.54%   140 1132s
 165717 49365 12922.0865   61  282 14014.0000 12818.3623  8.53%   140 1140s
 166528 49678 13054.6213   56  364 14014.0000 12819.0686  8.53%   140 1149s
 167248 50037 13027.5839   60  383 14014.0000 12819.4198  8.52%   141 1158s
H167533 50037                    14013.999931 12819.4221  8.52%   141 1158s
 167876 50460 13232.4775   59  229 14013.9999 12819.6308  8.52%   141 1166s
 168685 50807 12844.1961   45  440 14013.9999 12819.8180  8.52%   141 1175s
 169435 51139 13383.0418   62  237 14013.9999 12819.8180  8.52%   142 1184s
 170359 51734 12831.0407   48  508 14013.9999 12819.9312  8.52%   143 1193s
 171514 52333 13939.0070   76  172 14013.9999 12821.0597  8.51%   143 1203s
 172643 52843 12979.9381   53  357 14013.9999 12821.3694  8.51%   143 1211s
 173777 53430 13990.3358   70  183 14013.9999 12822.0338  8.51%   144 1220s
 175054 54055 13034.7831   55  190 14013.9999 12822.7227  8.50%   144 1229s
 176144 54436 13445.7320   57  208 14013.9999 12823.9538  8.49%   144 1238s
 176866 55044 12834.3781   45  420 14013.9999 12824.1277  8.49%   144 1248s
 178016 55507 12902.6675   57  387 14013.9999 12825.0070  8.48%   144 1255s
 178892 56095 12912.8623   53  313 14013.9999 12825.4010  8.48%   145 1265s
 180081 56589 13686.5744   96  137 14013.9999 12825.8517  8.48%   145 1274s
 181030 56950 12831.0407   53  405 14013.9999 12825.8517  8.48%   145 1285s
 181680 57560 12933.7742   51  407 14013.9999 12825.8517  8.48%   145 1295s
 182843 57977 12831.0743   56  348 14013.9999 12825.9971  8.48%   146 1306s
 183646 58431 infeasible   72      14013.9999 12826.2487  8.48%   146 1314s
 184722 58957 13071.0445   53  384 14013.9999 12826.2487  8.48%   146 1324s
 185752 59598 12826.2487   51  457 14013.9999 12826.2487  8.48%   146 1333s
 187002 60199 infeasible   54      14013.9999 12826.2487  8.48%   147 1346s
 188132 60794 13232.8696   54  359 14013.9999 12826.2487  8.48%   147 1357s
 189334 61432 12857.4021   59  467 14013.9999 12826.2487  8.48%   147 1367s
 190780 61960 13962.6159   83  131 14013.9999 12826.4499  8.47%   147 1375s
 191886 62557 13438.1988   63  192 14013.9999 12827.1702  8.47%   148 1383s
 193068 62966 13016.4808   71  136 14013.9999 12827.3820  8.47%   148 1389s
 193822 63598 12986.4689   54  435 14013.9999 12827.6904  8.47%   148 1397s
 195032 64090 12972.9263   51  322 14013.9999 12828.4689  8.46%   148 1403s
 196001 64555 12996.3228   55  373 14013.9999 12829.0428  8.46%   148 1410s
 197000 64880 13085.3124   62  451 14013.9999 12829.4798  8.45%   148 1418s
 197914 65319 13285.4557   61  345 14013.9999 12829.8517  8.45%   149 1425s
 198833 65948 infeasible   50      14013.9999 12830.1961  8.45%   149 1433s
 199871 66517 13426.7183   63  271 14013.9999 12830.1961  8.45%   149 1442s
 200908 67113 infeasible   54      14013.9999 12830.1961  8.45%   150 1451s
 202020 67824 12853.6378   54  456 14013.9999 12830.2455  8.45%   150 1460s
 203381 68402 12832.9996   55  444 14013.9999 12830.2455  8.45%   150 1470s
 204579 69115 infeasible   58      14013.9999 12830.2455  8.45%   150 1479s
 205812 69610 13039.7791   54  272 14013.9999 12830.6007  8.44%   150 1488s
 206824 70006 12912.9922   50  503 14013.9999 12831.0407  8.44%   150 1497s
 207588 70285 12843.0407   54  406 14013.9999 12831.0407  8.44%   151 1504s
 208117 71024 infeasible   70      14013.9999 12831.0407  8.44%   151 1522s
 209521 71544 12859.8191   53  466 14013.9999 12831.0407  8.44%   151 1536s
 210536 72029 infeasible   65      14013.9999 12831.0407  8.44%   152 1548s
 211589 72830 12846.9038   56  403 14013.9999 12831.0407  8.44%   152 1560s
 213161 73559 infeasible   76      14013.9999 12831.0743  8.44%   152 1570s
 214639 74176 13654.8845   60  215 14013.9999 12831.0743  8.44%   152 1579s
 215974 74822 12918.0140   56  388 14013.9999 12833.1021  8.43%   152 1591s
 217396 75637 13297.0720   62  237 14013.9999 12833.7406  8.42%   152 1601s
 218927 76187 13985.7299   76  165 14013.9999 12833.9530  8.42%   152 1609s
 220024 76597 12846.3781   58  361 14013.9999 12834.3781  8.42%   152 1618s
 220771 77082 12846.3781   48  449 14013.9999 12834.3781  8.42%   152 1627s
 221641 77594 12856.7412   52  390 14013.9999 12834.3781  8.42%   153 1635s
 222559 77961 12883.2500   58  382 14013.9999 12834.4165  8.42%   153 1642s
 223400 78456 13011.4248   57  238 14013.9999 12834.8997  8.41%   153 1652s
 224417 78871 13218.1692   66  540 14013.9999 12835.1399  8.41%   153 1660s
 225288 79195     cutoff   86      14013.9999 12835.3820  8.41%   153 1669s
 226298 79690 12836.3092   53  413 14013.9999 12835.7519  8.41%   153 1677s
 227232 80178 13063.6712   55  428 14013.9999 12835.8399  8.41%   153 1685s
 228173 80617 13096.6532   54  373 14013.9999 12836.2487  8.40%   153 1693s
 228978 80894 infeasible   53      14013.9999 12836.2487  8.40%   154 1701s
 229551 81480 13450.1856   58  228 14013.9999 12836.2487  8.40%   154 1711s
 230670 82169 12983.9770   57  298 14013.9999 12836.5728  8.40%   154 1720s
 231938 82655 13212.8222   53  423 14013.9999 12837.4519  8.40%   154 1729s
 232870 83230 12987.1793   53  340 14013.9999 12837.9163  8.39%   154 1738s
 233925 83809 12922.2511   53  417 14013.9999 12838.2487  8.39%   154 1749s
 235086 84280 12883.4182   57  363 14013.9999 12838.7416  8.39%   154 1759s
 236157 84855 12929.2797   58  497 14013.9999 12839.2500  8.38%   155 1771s
 237240 85210 13384.0229   70  180 14013.9999 12839.6258  8.38%   155 1783s
 237944 85710 12910.9830   52  389 14013.9999 12839.6976  8.38%   155 1796s
 239112 86067 13626.3833   67  129 14013.9999 12840.0708  8.38%   155 1806s
 240038 86468     cutoff   72      14013.9999 12840.7546  8.37%   155 1819s
 240999 86981 13565.8080   71  295 14013.9999 12841.3694  8.37%   155 1828s
 242049 87488 12937.3670   55  324 14013.9999 12841.8432  8.36%   155 1837s
 243063 87892 13376.6501   58  204 14013.9999 12842.1991  8.36%   156 1848s
 243991 88379 12932.3235   54  431 14013.9999 12842.5150  8.36%   156 1860s

Cutting planes:
  Learned: 202
  Gomory: 318
  Cover: 2185
  Implied bound: 642
  Projected implied bound: 42
  Clique: 135
  MIR: 754
  StrongCG: 153
  Flow cover: 2717
  GUB cover: 22
  Inf proof: 24
  Zero half: 26
  Network: 76
  RLT: 162
  Relax-and-lift: 221

Explored 245150 nodes (38282993 simplex iterations) in 1860.26 seconds (1739.91 work units)
Thread count was 8 (of 8 available processors)

Solution count 10: 14014 14014 14014 ... 14049

Solve interrupted
Best objective 1.401399993070e+04, best bound 1.284304070518e+04, gap 8.3556%

User-callback calls 976495, time in user-callback 5.27 sec

Statistics for modelBBUP_W:
  Linear constraint matrix    : 12162 Constrs, 5181 Vars, 44767 NZs
  Variable types              : 1726 Continuous,
3455 Integer (649 Binary)
  Matrix coefficient range    : [ 1, 200 ]
  Objective coefficient range : [ 1, 384 ]
  Variable bound range        : [ 1, 199 ]
  RHS coefficient range       : [ 1, 549 ]
