
Gurobi 10.0.1 (linux64) logging started Mon Apr  1 13:23:24 2024

Set parameter LogFile to value "/data/optimi/optimi/kombadon/drings/SBahn/s-bahn-data/scripts/DeniseMA/processed/BPKW_BKRW_BSNF_O/RINS/BPKW_BKRW_BSNF_O_202403312232_random0_0.9.log"
Gurobi Optimizer version 10.0.1 build v10.0.1rc0 (linux64)

CPU model: Intel(R) Xeon(R) CPU E3-1270 v6 @ 3.80GHz, instruction set [SSE2|AVX|AVX2]
Thread count: 4 physical cores, 8 logical processors, using up to 8 threads

Optimize a model with 4441 rows, 2168 columns and 16376 nonzeros
Model fingerprint: 0x20b8faad
Variable types: 838 continuous, 1330 integer (358 binary)
Coefficient statistics:
  Matrix range     [1e+00, 4e+02]
  Objective range  [1e+00, 4e+02]
  Bounds range     [1e+00, 2e+02]
  RHS range        [1e+00, 1e+04]

User MIP start did not produce a new incumbent solution
User MIP start violates constraint objective_cutoff by 97.980000000

Presolve removed 2266 rows and 894 columns
Presolve time: 0.04s
Presolved: 2175 rows, 1274 columns, 8942 nonzeros
Variable types: 429 continuous, 845 integer (845 binary)

Root relaxation: objective 8.790000e+03, 765 iterations, 0.01 seconds (0.01 work units)
Another try with MIP start

    Nodes    |    Current Node    |     Objective Bounds      |     Work
 Expl Unexpl |  Obj  Depth IntInf | Incumbent    BestBd   Gap | It/Node Time

     0     0 8790.00000    0   58          - 8790.00000      -     -    0s
     0     0 8790.71572    0  134          - 8790.71572      -     -    0s
     0     0 8790.71572    0  133          - 8790.71572      -     -    0s
     0     0 8798.57143    0  129          - 8798.57143      -     -    0s
     0     0 8798.57143    0  136          - 8798.57143      -     -    0s
     0     0 8798.57143    0   84          - 8798.57143      -     -    0s
     0     0 8798.57143    0  116          - 8798.57143      -     -    0s
     0     0 8800.81152    0   64          - 8800.81152      -     -    0s
     0     0 8802.25342    0   67          - 8802.25342      -     -    0s
     0     0 8802.25342    0   67          - 8802.25342      -     -    0s
     0     0 8809.26694    0   99          - 8809.26694      -     -    0s
     0     0 8809.26694    0  104          - 8809.26694      -     -    0s
     0     0 8829.96526    0   72          - 8829.96526      -     -    0s
     0     0 8831.81729    0   76          - 8831.81729      -     -    0s
     0     0 8832.07143    0   68          - 8832.07143      -     -    0s
     0     0 8832.07143    0   78          - 8832.07143      -     -    0s
     0     0 8832.72932    0   98          - 8832.72932      -     -    0s
     0     0 8832.72932    0   99          - 8832.72932      -     -    0s
     0     0 8832.72932    0   93          - 8832.72932      -     -    0s
     0     0 8832.72932    0   90          - 8832.72932      -     -    0s
     0     0 8832.72932    0   61          - 8832.72932      -     -    0s
     0     0 8832.72932    0   71          - 8832.72932      -     -    0s
     0     0 8832.72932    0   44          - 8832.72932      -     -    0s
     0     0 8832.72932    0   48          - 8832.72932      -     -    0s
     0     0 8832.72932    0   74          - 8832.72932      -     -    0s
     0     0 8832.72932    0   74          - 8832.72932      -     -    0s
     0     2 8832.72932    0   58          - 8832.72932      -     -    0s
  7120  4557 9222.00173   29   93          - 9181.02573      -  14.6    5s
 29487 20730 9647.00000   68   19          - 9228.63324      -  14.9   11s
 44308 30574 9530.80093   55   36          - 9244.73807      -  15.0   15s
 68977 47237 9570.78419   45   45          - 9266.66667      -  14.7   20s
 99319 67439 9485.67500   46   34          - 9288.20000      -  14.5   25s
 126365 85721 9412.19420   47   42          - 9301.82657      -  14.2   30s
 152840 103084 infeasible   54               - 9311.00000      -  14.1   35s
 182480 122810 9564.59362   57   26          - 9321.31900      -  14.0   40s
 209894 141168 9568.00000   44   19          - 9328.20371      -  14.0   45s
 236097 158714 9544.99312   39   58          - 9334.12307      -  13.9   50s
 266224 178213 infeasible   47               - 9339.47858      -  13.8   55s
 290484 194007 9691.00000   55   36          - 9343.00000      -  13.8   60s
 319703 211996 9370.81552   48   44          - 9348.32936      -  13.8   65s
 347320 229080 9663.69725   63   17          - 9352.90000      -  13.8   70s
 374213 246183 9422.82727   45   90          - 9357.63852      -  13.7   75s
 405644 265332 infeasible   53               - 9362.24733      -  13.7   80s
 430040 280024 9507.78607   51   33          - 9366.25096      -  13.7   85s
 457422 296389 9505.63790   43   51          - 9369.59500      -  13.7   90s
 485971 313796 infeasible   46               - 9372.77998      -  13.7   95s
 511987 329866 9534.00000   37   37          - 9376.00000      -  13.6  100s
 536038 345129 9516.13653   49   62          - 9378.59500      -  13.6  105s
 566265 362841 infeasible   40               - 9381.90693      -  13.6  110s
 596213 380734 9695.23484   38   40          - 9385.02784      -  13.6  115s
 620901 395346 9682.00000   73   19          - 9387.00000      -  13.6  120s
 650560 412703 9639.00000   62   29          - 9389.59500      -  13.6  125s
 679033 429183 9497.61151   41   74          - 9392.08682      -  13.6  130s
 704397 443293 9638.00000   56   14          - 9395.21179      -  13.5  135s
 735097 460701 9568.00000   37   24          - 9398.00000      -  13.5  140s
 765012 478298 9585.35391   55   32          - 9400.36240      -  13.5  145s
 789855 492437 9531.00000   67   13          - 9402.00034      -  13.5  150s
 820250 510436 9532.00000   59   34          - 9404.80391      -  13.5  155s
 847269 525463 9575.22196   64   23          - 9407.59500      -  13.5  160s
 871500 539538 9572.00000   48   25          - 9409.98928      -  13.5  165s
 901154 556114 9628.00000   56   35          - 9412.73735      -  13.5  170s
 925364 570307 9547.00000   46   26          - 9414.76954      -  13.4  175s
 955532 587901 9691.62687   63   33          - 9417.00000      -  13.4  180s
 985579 603958 9587.46190   56   56          - 9419.38929      -  13.4  185s
 1009007 617163 9629.15193   47   66          - 9420.69349      -  13.4  190s
 1039161 634733 9526.00000   58   55          - 9423.29683      -  13.4  195s
 1069511 652458 9568.00000   47   39          - 9425.59500      -  13.4  200s
 1098968 668833 9635.00000   62   44          - 9427.59500      -  13.3  205s
 1121176 681567 9534.15180   47   35          - 9429.59500      -  13.3  210s
 1151711 697998 infeasible   63               - 9431.59500      -  13.3  215s
 1180444 714303 9591.03460   49   36          - 9434.00000      -  13.3  220s
 1210287 730241 9539.59826   47   32          - 9436.00735      -  13.3  225s
 1230955 742116 9456.97531   47   22          - 9437.80754      -  13.3  230s
 1260647 758747 9693.00000   57   41          - 9439.63255      -  13.3  235s
 1290103 774511 9541.00000   59   25          - 9441.59500      -  13.3  240s
 1320225 791428 9593.61916   61   31          - 9443.25012      -  13.3  245s
 1349757 807614 9552.44988   39   69          - 9445.08981      -  13.3  250s
 1373516 820290 9693.00000   64   12          - 9446.72417      -  13.3  255s
 1402405 835733 9537.00000   58   34          - 9448.29000      -  13.3  260s
 1429024 848873 9505.00971   52   56          - 9450.00000      -  13.3  265s
 1451694 861600 9615.00000   58   45          - 9451.59500      -  13.3  270s
 1480860 876678 9698.00000   72   12          - 9453.59500      -  13.3  275s
 1510413 892742 9513.49465   51   31          - 9455.04352      -  13.3  280s
 1532031 904639 9602.28000   66   27          - 9456.40625      -  13.3  285s
 1560385 919887 9558.60000   48   40          - 9458.57407      -  13.3  290s
 1583380 932236 9550.61151   44   39          - 9459.88981      -  13.3  295s
 1610955 946559 9603.00000   44   48          - 9461.59500      -  13.3  300s
 1640557 961593 9627.00000   47   11          - 9463.00000      -  13.3  305s
 1667874 975196 9606.00000   47   26          - 9465.00000      -  13.3  310s
 1694024 989942 9497.00000   58   20          - 9465.62500      -  13.3  315s
 1721625 1003703 9489.23844   52   19          - 9467.00000      -  13.3  320s
 1750706 1019216 9568.48262   61   35          - 9468.25000      -  13.3  325s
 1772648 1030588 9647.00000   53   29          - 9469.46243      -  13.3  330s
 1802088 1046155 9474.52465   39   44          - 9470.98421      -  13.3  335s
 1828660 1058952 9472.02209   56   23          - 9472.00000      -  13.3  340s
 1847146 1068800 9634.00000   53   30          - 9472.00000      -  13.3  345s
 1870037 1079267 9644.57067   41   51          - 9472.00000      -  13.3  350s
 1892279 1089411 infeasible   70               - 9472.00000      -  13.3  355s
 1914360 1100085 9498.00000   64   34          - 9472.00000      -  13.3  360s
 1931693 1108691 9508.46501   44   54          - 9472.00000      -  13.3  365s
 1953941 1119907 infeasible   64               - 9472.02209      -  13.4  370s
 1976258 1126870 infeasible   54               - 9472.10972      -  13.4  375s
 2001077 1137611 9473.76454   62   29          - 9473.00000      -  13.4  380s
 2020307 1145020 9589.03460   50   40          - 9473.23002      -  13.4  385s
 2043436 1157408 9652.00000   52   19          - 9474.00000      -  13.4  390s
 2070325 1170037 9551.00000   44   39          - 9475.00000      -  13.4  395s
 2090370 1179739 9615.94545   61   46          - 9475.60745      -  13.4  400s
 2116879 1191776 infeasible   55               - 9476.25012      -  13.4  405s
 2140588 1203228 infeasible   55               - 9477.00000      -  13.4  410s
 2162866 1214425 9579.00000   38   41          - 9477.00000      -  13.5  415s
 2181309 1223219 infeasible   62               - 9477.59500      -  13.5  420s
 2207000 1236184 9582.81728   60   35          - 9478.00000      -  13.5  425s
 2233931 1250385 9618.00000   72   18          - 9478.01589      -  13.5  430s
 2261092 1264592 9623.00000   52   41          - 9478.44444      -  13.4  435s
 2285034 1275634 9556.00000   59   28          - 9479.00000      -  13.5  440s
 2304819 1286088 9529.00000   56   15          - 9479.32248      -  13.5  445s
 2328261 1296351 9676.00000   64    8          - 9480.00000      -  13.5  450s
 2349635 1306204 9627.00000   69   11          - 9480.14963      -  13.5  455s
 2374492 1316558 9627.00000   55   17          - 9481.00000      -  13.5  460s
 2401823 1328149 infeasible   68               - 9481.08155      -  13.5  465s
 2424691 1338821 9692.71739   67   18          - 9482.00000      -  13.5  470s
 2442714 1346389 9666.00000   54   40          - 9482.00000      -  13.5  475s
 2468238 1358433 9525.39506   58   51          - 9482.00000      -  13.5  480s
 2494189 1370534 9543.36560   49   47          - 9482.60657      -  13.5  485s
 2512996 1377562 infeasible   70               - 9483.00000      -  13.5  490s
 2533991 1386773 infeasible   72               - 9483.00000      -  13.6  495s
 2560401 1400278 9549.00000   40   60          - 9483.00000      -  13.5  500s
 2586618 1415087 9632.00000   61   15          - 9483.14963      -  13.5  505s
 2612879 1427530 infeasible   43               - 9483.76364      -  13.5  510s
 2634483 1436343 9673.00000   66   15          - 9484.00000      -  13.5  515s
 2657863 1448322 9617.93224   49  106          - 9484.29078      -  13.5  520s
 2682168 1458123 9496.36611   62   20          - 9485.00000      -  13.5  525s
 2707138 1469748 9543.00000   50   37          - 9485.00000      -  13.5  530s
 2732706 1481825 infeasible   65               - 9485.43877      -  13.5  535s
 2755486 1491101 infeasible   75               - 9486.00000      -  13.5  540s
 2778764 1502106 9670.65178   72   37          - 9486.00000      -  13.5  545s
 2801486 1512397 9692.00000   45   16          - 9486.00000      -  13.5  550s
 2823635 1523688 9685.00000   59   23          - 9486.00000      -  13.5  555s
 2848173 1535645 9641.74255   49   36          - 9486.00000      -  13.5  560s
 2872642 1547152 9601.00000   45   33          - 9486.37500      -  13.5  565s
 2896923 1558280 9621.00000   59    5          - 9487.00000      -  13.6  570s
 2920038 1568997 9594.35211   53   46          - 9487.00000      -  13.6  575s
 2938242 1576888 9620.42844   66   26          - 9487.00000      -  13.6  580s
 2962350 1588503 infeasible   56               - 9487.00000      -  13.6  585s
 2987345 1599647 9600.30716   47   65          - 9487.25012      -  13.6  590s
 3010990 1609735 9538.99836   49   27          - 9487.78088      -  13.6  595s
 3034395 1619754 9694.00000   53   27          - 9488.00000      -  13.6  600s
 3051506 1630394 9565.00885   63   30          - 9488.00000      -  13.6  607s
 3074863 1637951 infeasible   66               - 9488.00000      -  13.6  610s
 3098836 1648804 9699.00000   64   21          - 9488.04228      -  13.6  615s
 3111894 1657497 infeasible   49               - 9488.15459      -  13.6  620s
 3143642 1669362 infeasible   73               - 9488.88997      -  13.6  625s
 3164061 1677174 9687.00000   60   16          - 9489.00000      -  13.7  630s
 3186250 1687256 9548.00000   37   38          - 9489.00000      -  13.7  635s
 3203951 1694721 9490.98654   64   56          - 9489.41925      -  13.7  640s
 3227503 1704431 9624.00000   66    4          - 9490.00000      -  13.7  645s
 3249014 1713010 9504.90984   51   35          - 9490.00000      -  13.7  650s
 3272883 1723657 9692.00000   56    7          - 9490.28571      -  13.7  655s
 3296405 1733569 9616.00000   75    8          - 9490.78694      -  13.7  660s
 3318139 1742556 9516.32785   43   13          - 9491.00000      -  13.7  665s
 3338488 1751201 9540.43940   58   44          - 9491.00000      -  13.8  670s
 3362699 1762543 9492.28923   50   66          - 9491.00000      -  13.8  675s
 3386096 1773085 9502.00000   44   33          - 9491.09379      -  13.8  680s
 3404640 1780259 9607.07194   50   35          - 9491.55366      -  13.8  685s
 3426663 1789547 infeasible   54               - 9492.00000      -  13.8  690s
 3451888 1801993 9618.14963   52   49          - 9492.00799      -  13.8  695s
 3471141 1810412 9639.14963   65   54          - 9492.42908      -  13.8  700s
 3493394 1819562 infeasible   45               - 9493.00000      -  13.8  705s
 3515635 1828945 infeasible   45               - 9493.00000      -  13.8  710s
 3540072 1840231 infeasible   62               - 9493.00632      -  13.8  715s
 3563525 1850292 9599.00000   52   47          - 9493.51713      -  13.8  720s
 3583090 1859221 infeasible   61               - 9494.00000      -  13.8  725s
 3605555 1869590 9510.00000   51   12          - 9494.00000      -  13.8  730s
 3630504 1881639 9594.00000   49   38          - 9494.14963      -  13.8  735s
 3650356 1889494 9668.00000   50   52          - 9494.51288      -  13.8  740s
 3674529 1899975 9522.29101   57   46          - 9494.97263      -  13.9  745s
 3697684 1909065 9651.00000   64   30          - 9495.00000      -  13.9  750s
 3716861 1915709 9667.00000   54    8          - 9495.56177      -  13.9  755s
 3739446 1925503 9669.00000   63   25          - 9496.00000      -  13.9  760s
 3761922 1936419 9508.78240   44   48          - 9496.00000      -  13.9  765s
 3779748 1944536 9610.00000   63    9          - 9496.12500      -  13.9  770s
 3804323 1954075 9645.00000   71   11          - 9496.65714      -  13.9  775s
 3823823 1962257 infeasible   66               - 9497.00000      -  13.9  780s
 3847895 1972352 9503.93083   54   60          - 9497.00000      -  13.9  785s
 3873315 1984163 infeasible   64               - 9497.14963      -  13.9  790s
 3891755 1991740 infeasible   53               - 9497.41380      -  13.9  795s
 3915077 2002167 9593.72628   53   33          - 9497.97000      -  13.9  800s
 3939256 2011570 9657.14912   51   48          - 9498.00000      -  13.9  805s
 3957404 2019868 infeasible   76               - 9498.00000      -  13.9  810s
 3981976 2032128 9498.00000   51   48          - 9498.00000      -  13.9  815s
 4007143 2044225 9627.00000   45   66          - 9498.00000      -  13.9  820s
 4031424 2054956 9565.31834   48   37          - 9498.05514      -  13.9  825s
 4050288 2063144 9633.00000   50    9          - 9498.41760      -  13.9  830s
 4073987 2073008 infeasible   41               - 9498.84500      -  13.9  835s
 4095691 2082341 9506.41535   58   28          - 9499.00000      -  13.9  840s
 4112384 2089636 infeasible   47               - 9499.00000      -  13.9  845s
 4135313 2100120 infeasible   58               - 9499.00000      -  14.0  850s
 4158287 2110953 9523.00000   58   30          - 9499.00000      -  14.0  855s
 4182673 2122456 9683.52842   70   54          - 9499.13689      -  14.0  860s
 4203330 2130704 9523.00000   48   20          - 9499.34021      -  14.0  865s
 4224074 2139455 infeasible   51               - 9499.79552      -  14.0  870s
 4247083 2148799 infeasible   74               - 9500.00000      -  14.0  875s
 4272237 2159748 9546.00000   63   20          - 9500.00000      -  14.0  880s
 4297714 2170240 9587.29160   41   50          - 9500.04539      -  14.0  886s
 4315300 2177625 9693.00000   70    8          - 9500.32268      -  14.0  890s
 4338786 2187481 9575.00000   46   35          - 9500.94185      -  14.0  895s
 4362421 2196596 9578.44198   61   27          - 9501.00000      -  14.0  900s
 4385744 2206650 9672.00000   67   16          - 9501.32559      -  14.0  905s
 4403681 2214725 9502.98658   57   44          - 9501.61151      -  14.0  910s
 4425581 2223588 9522.00000   54   54          - 9502.00000      -  14.0  915s
 4450298 2233975 9651.00000   62    9          - 9502.00000      -  14.0  920s
 4474938 2244395 9621.56285   63   23          - 9502.00000      -  14.0  925s
 4499739 2254321 9529.34180   59   41          - 9502.00000      -  14.0  931s
 4516699 2262082 9678.00000   62   40          - 9502.14963      -  14.0  935s
 4541666 2272184 9666.00000   44   32          - 9502.60798      -  14.0  940s
 4564603 2281042 9645.01775   58   51          - 9503.00000      -  14.0  945s
 4589015 2292289 9667.00000   69   20          - 9503.00000      -  14.0  950s
 4615393 2305627 infeasible   80               - 9503.00000      -  14.0  955s
 4635659 2316383 9688.57808   61   12          - 9503.01923      -  14.0  960s
 4658270 2324649 infeasible   63               - 9503.48181      -  14.0  965s
 4682186 2334747 9663.00000   63   35          - 9503.91489      -  14.0  970s
 4704349 2343954 9627.00000   63    5          - 9504.00000      -  14.0  975s
 4727839 2353786 9696.51910   78   23          - 9504.00000      -  14.0  980s
 4747373 2364149 infeasible   43               - 9504.03752      -  14.0  985s
 4772666 2376530 9594.80000   40   39          - 9504.37500      -  14.0  990s
 4794847 2384898 9585.00000   57   38          - 9504.96732      -  14.0  995s
 4818445 2394446 9585.00000   45   42          - 9505.00000      -  14.0 1000s
 4836039 2400779 infeasible   52               - 9505.00000      -  14.0 1005s
 4860249 2411204 9659.00000   44   50          - 9505.07445      -  14.0 1010s
 4883944 2420980 9652.61333   52   45          - 9505.61333      -  14.0 1015s
 4908986 2431420 9624.00000   60   25          - 9506.00000      -  14.0 1020s
 4927425 2437772 9562.99743   44   60          - 9506.00000      -  14.0 1025s
 4949664 2447098 9699.00000   56   16          - 9506.00000      -  14.1 1030s
 4974154 2457136 9633.17391   48   25          - 9506.31234      -  14.1 1035s
 4994672 2466604 9624.00000   56   42          - 9506.57310      -  14.1 1040s
 5018155 2475265 9653.00000   57   14          - 9507.00000      -  14.1 1045s
 5040745 2483935 9583.57500   59   31          - 9507.00000      -  14.1 1050s
 5058314 2490169 infeasible   74               - 9507.00000      -  14.1 1055s
 5081746 2499961 9683.13217   47   74          - 9507.00000      -  14.1 1060s
 5106881 2511517 9601.00000   45   48          - 9507.14963      -  14.1 1065s
 5130372 2521589 9621.00000   57   49          - 9507.46628      -  14.1 1070s
 5154289 2531796 9524.00000   52   24          - 9508.00000      -  14.1 1075s
 5178301 2540116 9535.66170   50   31          - 9508.00000      -  14.1 1080s
 5194418 2546481 infeasible   60               - 9508.24000      -  14.1 1085s
 5218414 2556037 infeasible   58               - 9508.65517      -  14.1 1090s
 5242558 2565711 9644.00000   65   34          - 9509.00000      -  14.1 1095s
 5265776 2574669 infeasible   72               - 9509.00000      -  14.1 1100s
 5287782 2583083 9661.31955   48   76          - 9509.00000      -  14.1 1105s
 5310192 2592507 9597.00000   41   27          - 9509.11922      -  14.1 1110s
 5328216 2599686 9670.00000   52   38          - 9509.49247      -  14.1 1115s
 5351029 2609755 9681.05780   52   70          - 9509.86957      -  14.1 1120s
 5373770 2618548 infeasible   76               - 9510.00000      -  14.1 1125s
 5396810 2628177 9530.35714   59   71          - 9510.00000      -  14.1 1130s
 5421175 2638045 9687.00000   68   17          - 9510.12500      -  14.1 1135s
 5439469 2645607 9620.00000   51   15          - 9510.50000      -  14.1 1140s
 5461921 2654053 9514.56569   54   56          - 9511.00000      -  14.1 1145s
 5484541 2661741 9615.03852   59   40          - 9511.00000      -  14.2 1150s
 5506137 2670027 9605.00000   48   37          - 9511.00000      -  14.2 1155s
 5523073 2677032 9700.00000   67   25          - 9511.22961      -  14.2 1160s
 5545886 2686108 infeasible   69               - 9511.62500      -  14.2 1165s
 5569710 2695812 infeasible   62               - 9512.00000      -  14.2 1170s
 5593235 2705367 infeasible   72               - 9512.00000      -  14.2 1175s
 5615485 2714528 9635.00000   56    6          - 9512.14286      -  14.2 1180s
 5636441 2723688 infeasible   67               - 9512.53216      -  14.2 1185s
 5660202 2733439 9520.48665   46   55          - 9513.00000      -  14.2 1190s
 5684161 2742010 9533.00000   46   35          - 9513.00000      -  14.2 1195s
 5707327 2751049 9700.00000   55   74          - 9513.28440      -  14.2 1200s
 5726008 2758575 infeasible   54               - 9513.59500      -  14.2 1205s
 5748727 2766642 infeasible   64               - 9514.00000      -  14.2 1210s
 5770992 2775873 9580.00000   55   30          - 9514.00000      -  14.2 1215s
 5795185 2786195 infeasible   62               - 9514.00000      -  14.2 1220s
 5818303 2795267 9675.00000   60   21          - 9514.40000      -  14.2 1225s
 5836385 2803901 9683.00000   60   17          - 9514.62500      -  14.2 1230s
 5859606 2813662 9587.00000   58   32          - 9515.00000      -  14.2 1235s
 5882082 2822588 9518.62434   45   39          - 9515.00000      -  14.2 1240s
 5900935 2829981 9693.29740   63   40          - 9515.00168      -  14.2 1245s
 5922670 2838045 9604.24769   46   52          - 9515.52174      -  14.2 1250s
 5944545 2846435 9653.00000   47   18          - 9516.00000      -  14.2 1255s
 5968977 2855838 9668.00000   66   38          - 9516.00000      -  14.2 1260s
 5985708 2863135 infeasible   82               - 9516.00000      -  14.2 1265s
 6009934 2873549 9580.00000   46   22          - 9516.32000      -  14.3 1270s
 6033106 2883640 9662.09375   62   41          - 9516.83101      -  14.3 1275s
 6055825 2891312 infeasible   65               - 9517.00000      -  14.3 1280s
 6079810 2901799 9562.67392   54   44          - 9517.25000      -  14.3 1285s
 6101171 2909884 infeasible   44               - 9517.69184      -  14.3 1290s
 6119130 2917224 infeasible   50               - 9518.00000      -  14.3 1295s
 6141837 2926462 9640.19060   42   21          - 9518.00000      -  14.3 1300s
 6165849 2937056 9518.00688   66   51          - 9518.00000      -  14.3 1305s
 6189130 2947240 9583.80143   45   42          - 9518.07095      -  14.3 1310s
 6207436 2955359 9578.00000   45   22          - 9518.35887      -  14.3 1315s
 6232028 2964955 infeasible   57               - 9518.82857      -  14.3 1320s
 6254934 2975029 infeasible   69               - 9519.00000      -  14.3 1325s
 6274884 2982690 infeasible   52               - 9519.00000      -  14.3 1330s
 6298167 2993256 9631.00000   56   14          - 9519.00000      -  14.3 1335s
 6321965 3004272 9680.00000   54   25          - 9519.00000      -  14.3 1340s
 6338462 3012040 infeasible   62               - 9519.00000      -  14.3 1345s
 6366151 3025267 infeasible   38               - 9519.00330      -  14.3 1350s
 6388093 3034652 infeasible   57               - 9519.19417      -  14.3 1355s
 6405186 3041368 9675.04988   57   26          - 9519.43299      -  14.3 1360s
 6429697 3050644 infeasible   54               - 9519.99000      -  14.3 1365s
 6452313 3058786 infeasible   54               - 9520.00000      -  14.3 1370s
 6475178 3069293 9697.00000   63   17          - 9520.00000      -  14.3 1375s
 6499288 3078035 9674.00000   56   13          - 9520.33510      -  14.3 1380s
 6516506 3084899 9683.67486   48   60          - 9520.78857      -  14.3 1385s
 6538903 3092906 9549.59669   61   43          - 9521.00000      -  14.3 1390s
 6559930 3101106 9639.00000   54   18          - 9521.00000      -  14.3 1395s
 6581690 3109992 9677.00000   64   11          - 9521.00000      -  14.3 1400s
 6597832 3119000 9646.00000   39   27          - 9521.03632      -  14.3 1406s
 6621379 3125930 infeasible   57               - 9521.32194      -  14.3 1410s
 6644700 3134846 9651.47059   45   29          - 9521.70722      -  14.3 1415s
 6667275 3142924 9597.00000   55   30          - 9522.00000      -  14.3 1420s
 6689564 3151081 infeasible   60               - 9522.00000      -  14.3 1425s
 6713900 3160984 9576.62927   53   82          - 9522.10747      -  14.3 1430s
 6731330 3168444 infeasible   57               - 9522.32000      -  14.3 1435s
 6754340 3177634 infeasible   51               - 9522.80000      -  14.3 1440s
 6771332 3183930 9644.00000   66   10          - 9523.00000      -  14.3 1445s
 6792954 3192159 infeasible   69               - 9523.00000      -  14.3 1450s
 6814765 3200539 9699.00000   61   24          - 9523.00000      -  14.4 1455s
 6837917 3210479 9543.00000   53   38          - 9523.00000      -  14.4 1460s
 6860700 3220068 9668.00000   59   38          - 9523.00000      -  14.4 1465s
 6877793 3227436 9635.00000   57   44          - 9523.02323      -  14.4 1470s
 6900360 3236044 9691.00000   50   53          - 9523.31867      -  14.4 1475s
 6921553 3244102 9654.00000   59   17          - 9523.82234      -  14.4 1480s
 6942537 3252177 9667.39172   60   25          - 9524.00000      -  14.4 1485s
 6965067 3260739 9524.00000   42   26          - 9524.00000      -  14.4 1490s
 6982143 3268712 9699.00000   79    7          - 9524.00000      -  14.4 1495s
 7006346 3280262 9592.00000   45   28          - 9524.00000      -  14.4 1500s
 7030581 3291397 9558.00872   57   60          - 9524.00559      -  14.4 1505s
 7052596 3299964 9690.00000   69   31          - 9524.18306      -  14.4 1510s
 7075383 3309044 9662.25000   50   48          - 9524.69362      -  14.4 1515s
 7091801 3314179 infeasible   43               - 9524.99479      -  14.4 1520s
 7112448 3320410 9649.00000   47   30          - 9525.00000      -  14.4 1525s
 7135283 3328679 9545.00000   50   55          - 9525.00000      -  14.4 1530s
 7159251 3338376 9613.00000   65   30          - 9525.01293      -  14.4 1535s
 7176385 3344746 9570.00000   57   31          - 9525.32000      -  14.4 1540s
 7198516 3353064 9628.20677   51   67          - 9525.76000      -  14.4 1545s
 7219611 3359000 infeasible   66               - 9526.00000      -  14.4 1550s
 7242552 3368097 9568.00000   47   40          - 9526.00000      -  14.4 1555s
 7259060 3374635 infeasible   53               - 9526.18552      -  14.4 1560s
 7281097 3383155 infeasible   58               - 9526.62069      -  14.4 1565s
 7303444 3390361 infeasible   54               - 9527.00000      -  14.5 1570s
 7320675 3395535 9696.00000   58   26          - 9527.00000      -  14.5 1575s
 7342505 3405077 9695.00000   68   26          - 9527.00000      -  14.5 1580s
 7365195 3414572 9687.14777   54   72          - 9527.12291      -  14.5 1585s
 7385748 3423104 9631.76190   54   25          - 9527.32000      -  14.5 1590s
 7404238 3430245 9658.49190   50   72          - 9527.69110      -  14.5 1595s
 7425512 3437879 9528.00000   46   26          - 9528.00000      -  14.5 1600s
 7448825 3446328 infeasible   70               - 9528.00000      -  14.5 1605s
 7471577 3456698 9653.00000   61   12          - 9528.00000      -  14.5 1610s
 7489865 3465316 infeasible   56               - 9528.00000      -  14.5 1615s
 7513692 3474860 9603.03259   58   40          - 9528.15909      -  14.5 1620s
 7535783 3482472 infeasible   62               - 9528.61151      -  14.5 1625s
 7557231 3489488 9531.92857   54   57          - 9529.00000      -  14.5 1630s
 7578371 3496697 9665.00000   45   41          - 9529.00000      -  14.5 1635s
 7592971 3501858 9663.92944   50   53          - 9529.00000      -  14.5 1640s
 7614240 3509546 9664.00000   66   16          - 9529.00000      -  14.5 1645s
 7635330 3518066 9690.14963   59   42          - 9529.14963      -  14.5 1650s
 7657613 3526059 9586.31612   64   81          - 9529.55941      -  14.5 1655s
 7679481 3533925 9614.00000   70   19          - 9530.00000      -  14.5 1660s
 7696326 3539134 9666.00000   53   21          - 9530.00000      -  14.6 1665s
 7711097 3543712 9585.57554   57   63          - 9530.00000      -  14.6 1670s
 7732396 3550548 9538.28958   53   70          - 9530.00000      -  14.6 1675s
 7753829 3557916 infeasible   60               - 9530.00000      -  14.6 1680s
 7775669 3566509 9560.00000   55   17          - 9530.15658      -  14.6 1685s
 7791489 3572310 9653.00000   71   47          - 9530.42157      -  14.6 1690s
 7814402 3580140 9663.00000   68   38          - 9530.90735      -  14.6 1695s
 7836343 3587263 infeasible   47               - 9531.00000      -  14.6 1700s
 7857855 3594621 infeasible   59               - 9531.00000      -  14.6 1705s
 7880853 3602778 9687.00000   64   29          - 9531.00000      -  14.6 1710s
 7903050 3611269 9697.00000   68   20          - 9531.00000      -  14.6 1715s
 7920189 3617710 9670.11668   52   67          - 9531.00000      -  14.6 1720s
 7942260 3626511 9695.44000   62   31          - 9531.14286      -  14.6 1725s
 7963475 3632733 9679.14963   59   66          - 9531.46570      -  14.6 1730s
 7981467 3638404 9552.00000   50   20          - 9531.83304      -  14.6 1735s
 8000003 3644711 9532.02247   45   56          - 9532.00000      -  14.7 1740s
 8020469 3651608 9693.00000   48   16          - 9532.00000      -  14.7 1745s
 8041792 3659239 9679.26552   55   72          - 9532.00000      -  14.7 1750s
 8063838 3668069 infeasible   48               - 9532.00000      -  14.7 1755s
 8086706 3677026 9688.16220   57   38          - 9532.11493      -  14.7 1760s
 8102407 3682795 infeasible   56               - 9532.25236      -  14.7 1765s
 8125801 3690171 9687.84466   53   80          - 9532.74176      -  14.7 1770s
 8146600 3697073 infeasible   74               - 9533.00000      -  14.7 1775s
 8162854 3701880 9587.89280   52   78          - 9533.00000      -  14.7 1780s
 8185051 3710098 9568.00000   49   48          - 9533.06765      -  14.7 1785s
 8206481 3717008 9682.26444   51   63          - 9533.50000      -  14.7 1790s
 8222771 3721814 infeasible   48               - 9533.83333      -  14.7 1795s
 8243254 3728540 infeasible   63               - 9534.00000      -  14.7 1800s

Cutting planes:
  Learned: 69
  Gomory: 168
  Cover: 316
  Implied bound: 57
  Projected implied bound: 1
  Clique: 15
  MIR: 103
  StrongCG: 10
  Flow cover: 429
  Inf proof: 12
  Zero half: 14
  Network: 7
  RLT: 31
  Relax-and-lift: 33

Explored 8243340 nodes (121401268 simplex iterations) in 1800.00 seconds (1571.54 work units)
Thread count was 8 (of 8 available processors)

Solution count 0

Time limit reached
Best objective -, best bound 9.534000000000e+03, gap -

User-callback calls 16835318, time in user-callback 77.33 sec

Statistics for modelBPKW_BKRW_BSNF_O:
  Linear constraint matrix    : 4441 Constrs, 2168 Vars, 16376 NZs
  Variable types              : 838 Continuous,
1330 Integer (358 Binary)
  Matrix coefficient range    : [ 1, 368 ]
  Objective coefficient range : [ 1, 368 ]
  Variable bound range        : [ 1, 199 ]
  RHS coefficient range       : [ 1, 9700.02 ]
