
Gurobi 10.0.1 (linux64) logging started Mon Apr  1 14:23:28 2024

Set parameter LogFile to value "/data/optimi/optimi/kombadon/drings/SBahn/s-bahn-data/scripts/DeniseMA/processed/BPKW_BKRW_BSNF_O/RINS/BPKW_BKRW_BSNF_O_202403312232_random2_0.9.log"
Gurobi Optimizer version 10.0.1 build v10.0.1rc0 (linux64)

CPU model: Intel(R) Xeon(R) CPU E3-1270 v6 @ 3.80GHz, instruction set [SSE2|AVX|AVX2]
Thread count: 4 physical cores, 8 logical processors, using up to 8 threads

Optimize a model with 4441 rows, 2168 columns and 16376 nonzeros
Model fingerprint: 0x8d0a8208
Variable types: 838 continuous, 1330 integer (358 binary)
Coefficient statistics:
  Matrix range     [1e+00, 4e+02]
  Objective range  [1e+00, 4e+02]
  Bounds range     [1e+00, 2e+02]
  RHS range        [1e+00, 1e+04]

User MIP start did not produce a new incumbent solution
User MIP start violates constraint objective_cutoff by 97.980000000

Presolve removed 2263 rows and 896 columns
Presolve time: 0.04s
Presolved: 2178 rows, 1272 columns, 8928 nonzeros
Variable types: 429 continuous, 843 integer (843 binary)

Root relaxation: objective 8.790000e+03, 782 iterations, 0.01 seconds (0.01 work units)
Another try with MIP start

    Nodes    |    Current Node    |     Objective Bounds      |     Work
 Expl Unexpl |  Obj  Depth IntInf | Incumbent    BestBd   Gap | It/Node Time

     0     0 8790.00000    0   47          - 8790.00000      -     -    0s
     0     0 8821.00000    0   99          - 8821.00000      -     -    0s
     0     0 8821.00000    0  103          - 8821.00000      -     -    0s
     0     0 8934.13966    0  153          - 8934.13966      -     -    0s
     0     0 8934.13966    0  152          - 8934.13966      -     -    0s
     0     0 8934.13966    0  133          - 8934.13966      -     -    0s
     0     0 8934.13966    0  135          - 8934.13966      -     -    0s
     0     0 8934.13966    0  144          - 8934.13966      -     -    0s
     0     0 8951.60706    0  143          - 8951.60706      -     -    0s
     0     0 8951.92302    0  137          - 8951.92302      -     -    0s
     0     0 8951.92302    0  144          - 8951.92302      -     -    0s
     0     0 8965.87500    0  141          - 8965.87500      -     -    0s
     0     0 8965.87500    0  143          - 8965.87500      -     -    0s
     0     0 8965.87500    0  134          - 8965.87500      -     -    0s
     0     0 8965.87500    0  124          - 8965.87500      -     -    0s
     0     0 8965.87500    0   60          - 8965.87500      -     -    0s
     0     0 8965.87500    0   70          - 8965.87500      -     -    0s
     0     0 8965.87500    0  112          - 8965.87500      -     -    0s
     0     0 8965.87500    0   68          - 8965.87500      -     -    0s
     0     2 8965.87500    0   65          - 8965.87500      -     -    0s
  8925  6237 9443.47664   40   39          - 9218.31397      -  14.6    5s
 29385 22067 9399.00000   52   12          - 9239.11399      -  14.0   12s
 40260 29252 infeasible   65               - 9247.91481      -  13.8   15s
 63599 45329 9285.66312   32   39          - 9267.99561      -  13.9   20s
 82795 58910 9426.16086   48   41          - 9272.95090      -  14.3   25s
 105230 74091 9337.76029   40   69          - 9277.27877      -  14.4   30s
 128362 89373 infeasible   45               - 9283.67653      -  14.5   35s
 149548 104294 9578.20861   46   83          - 9290.32979      -  14.5   40s
 171141 118282 9350.76098   41   60          - 9294.00000      -  14.7   45s
 189357 130048 9321.96334   47   61          - 9297.40126      -  14.7   50s
 211792 145242 9460.00000   42   54          - 9301.33428      -  14.7   55s
 234008 159169 9415.80703   35   71          - 9305.15612      -  14.7   60s
 254517 172650 9432.68524   43   36          - 9309.97573      -  14.7   65s
 275669 187131 9520.00000   52   42          - 9313.52104      -  14.7   70s
 297778 200817 9601.78625   40   43          - 9316.14711      -  14.8   75s
 316817 212730 9626.35483   54   47          - 9320.19416      -  14.7   80s
 340032 226614 9655.38316   70   24          - 9324.10456      -  14.8   85s
 358054 238278 9362.13714   30   97          - 9326.92332      -  14.8   90s
 381067 252603 9634.14667   51   44          - 9331.00000      -  14.7   95s
 399470 264440 9619.17041   70   37          - 9334.00000      -  14.8  100s
 421829 277557 infeasible   63               - 9336.47456      -  14.8  105s
 445547 292809 9520.00000   57   33          - 9340.00000      -  14.7  110s
 463456 303475 9607.21916   49   64          - 9342.00000      -  14.7  115s
 487344 318249 9491.90345   52    5          - 9344.99982      -  14.6  120s
 512138 333371 9489.00000   41   34          - 9348.00000      -  14.6  125s
 536003 347895 9495.48749   43   51          - 9350.68495      -  14.5  130s
 555863 359723 9483.00148   52   36          - 9353.56195      -  14.5  135s
 579448 373672 9555.98172   63   49          - 9356.42456      -  14.5  140s
 597874 383870 9658.90000   53   38          - 9358.85793      -  14.5  145s
 621610 398796 infeasible   69               - 9361.23172      -  14.4  150s
 646178 412854 infeasible   45               - 9364.03833      -  14.3  155s
 669840 427307 9635.69000   53   29          - 9366.52144      -  14.3  160s
 694060 441570 9554.99964   55   36          - 9368.96063      -  14.2  165s
 710452 451194 infeasible   77               - 9370.99964      -  14.2  170s
 733925 464797 9530.49437   40   69          - 9373.19416      -  14.2  175s
 759466 479020 9523.56680   39   52          - 9376.00000      -  14.1  180s
 783327 493161 9559.31170   49   29          - 9378.00000      -  14.1  185s
 808874 508825 9558.00000   56   22          - 9380.55556      -  14.0  190s
 832116 521149 9591.90842   60   47          - 9382.26083      -  14.0  195s
 854155 534141 9545.00000   54   25          - 9384.18499      -  13.9  200s
 877721 546959 9660.64650   58   46          - 9386.66667      -  13.9  205s
 896917 558415 9550.23994   56   37          - 9388.04033      -  13.9  210s
 921357 571870 9589.50995   60   49          - 9390.39964      -  13.9  215s
 945998 586139 9545.05577   51   49          - 9393.10226      -  13.8  220s
 964500 597103 9555.00000   49   30          - 9395.00000      -  13.8  225s
 989533 611068 9614.30579   45   59          - 9397.38196      -  13.8  230s
 1014356 625356 9622.00000   37   50          - 9399.30610      -  13.8  235s
 1038280 638513 9634.94478   50   71          - 9401.78228      -  13.7  240s
 1057677 648742 9548.00000   54   29          - 9403.62197      -  13.7  245s
 1082639 663540 9656.09677   40   64          - 9406.00000      -  13.7  250s
 1107507 678763 9604.81849   42   61          - 9407.00000      -  13.7  255s
 1132739 692960 9562.10999   43   54          - 9409.00000      -  13.6  260s
 1147806 702091 9513.99982   51   14          - 9409.92735      -  13.6  265s
 1172030 716442 9444.00000   38   32          - 9411.00000      -  13.6  270s
 1192830 729764 infeasible   63               - 9411.08041      -  13.7  275s
 1216602 745323 9448.06802   34   49          - 9411.52750      -  13.7  280s
 1239260 759299 9462.00000   48   25          - 9412.68708      -  13.7  285s
 1264024 772695 9550.17053   45   65          - 9414.17053      -  13.7  291s
 1281402 783692 9619.15362   47   74          - 9415.12577      -  13.7  295s
 1304945 797877 infeasible   35               - 9416.00000      -  13.7  300s
 1325243 810474 9539.76746   60   17          - 9416.09880      -  13.8  305s
 1347502 823571 9420.64030   41   43          - 9416.69830      -  13.8  310s
 1371779 837609 9656.99964   48   30          - 9417.99080      -  13.8  315s
 1392284 848369 9538.00000   53   33          - 9419.00000      -  13.8  320s
 1414000 861302 infeasible   72               - 9420.04040      -  13.8  325s
 1437725 874827 9671.41963   41   87          - 9421.55007      -  13.8  330s
 1463760 890065 infeasible   48               - 9422.47440      -  13.8  335s
 1487840 903020 9506.82140   53   54          - 9423.65492      -  13.8  340s
 1505961 914209 9482.99416   42   62          - 9424.19416      -  13.8  345s
 1528898 928046 9698.87989   67   18          - 9425.05104      -  13.8  350s
 1552763 941217 9645.00000   53   41          - 9426.00000      -  13.8  355s
 1577200 954379 9668.09896   42   72          - 9427.25859      -  13.8  360s
 1596555 965642 9670.00000   58   12          - 9428.00000      -  13.8  365s
 1620195 978095 9472.00000   45   24          - 9429.41727      -  13.8  370s
 1642686 990904 9459.41133   53   36          - 9430.00000      -  13.8  375s
 1666204 1004895 9677.07946   36   80          - 9430.56973      -  13.8  380s
 1685875 1014956 9480.00000   39   48          - 9431.00000      -  13.8  385s
 1704414 1026335 9510.00000   46   26          - 9431.00000      -  13.9  390s
 1727384 1040712 infeasible   65               - 9431.38606      -  13.9  395s
 1751813 1054040 9640.77029   53   23          - 9432.17333      -  13.9  400s
 1770653 1064748 9544.12876   56   60          - 9432.84915      -  13.9  405s
 1794503 1077924 infeasible   63               - 9433.99575      -  13.9  410s
 1819840 1092731 9653.00000   57   22          - 9434.63939      -  13.9  415s
 1843495 1105784 9493.76746   57   42          - 9435.53230      -  13.9  420s
 1863138 1116073 9537.00000   60   17          - 9436.00000      -  13.9  425s
 1877691 1124256 infeasible   58               - 9436.00000      -  13.9  430s
 1899263 1137601 9556.03833   53   45          - 9436.04218      -  14.0  435s
 1922698 1150401 9500.00000   38   26          - 9436.92063      -  14.0  440s
 1944479 1162444 9490.90000   57   23          - 9437.55996      -  14.0  445s
 1969304 1176085 9662.88566   60   62          - 9438.00000      -  14.0  451s
 1987903 1187906 9592.87806   39   87          - 9438.69230      -  14.0  455s
 2012644 1200328 9556.63460   64   24          - 9439.83012      -  14.0  460s
 2034944 1212431 9492.58731   31   58          - 9440.42534      -  14.0  465s
 2051404 1221177 9500.90345   53   87          - 9440.90345      -  14.0  470s
 2074663 1233541 9545.96745   47   80          - 9441.65547      -  14.0  475s
 2096081 1245159 9532.55556   50   38          - 9442.00000      -  14.0  480s
 2120559 1258543 9585.01664   62   68          - 9443.00000      -  14.0  485s
 2144688 1271639 9592.00000   52   48          - 9444.00000      -  14.0  490s
 2168798 1284860 9653.00000   49   20          - 9445.00000      -  14.0  495s
 2185220 1292895 9550.19827   51   30          - 9445.88947      -  14.0  500s
 2209159 1305673 9589.77429   50   27          - 9446.22667      -  14.0  505s
 2232062 1318213 9511.90265   64   31          - 9447.00000      -  14.0  510s
 2256444 1331149 9667.18477   50   37          - 9448.00000      -  14.0  515s
 2281252 1344997 9536.19416   35   54          - 9448.71865      -  14.0  520s
 2300410 1354779 infeasible   48               - 9449.78223      -  14.0  525s
 2324914 1368139 9538.92141   64   12          - 9450.45338      -  14.0  530s
 2347638 1380717 9604.90345   52   41          - 9451.19416      -  14.0  535s
 2373193 1395722 9545.32216   49   29          - 9451.89071      -  14.0  540s
 2386989 1403753 9648.63953   36   43          - 9452.00000      -  14.0  545s
 2414468 1418366 9561.00000   53   25          - 9452.91984      -  14.0  550s
 2438809 1431579 infeasible   61               - 9453.59748      -  14.0  555s
 2463008 1444202 9614.35908   44   67          - 9454.38780      -  14.0  560s
 2480475 1454156 9570.07194   48   56          - 9455.00000      -  14.0  565s
 2505103 1467700 infeasible   56               - 9455.79672      -  14.0  570s
 2528090 1479787 9676.00000   36   36          - 9456.00000      -  14.0  575s
 2552815 1493613 9494.46953   34   52          - 9456.44585      -  14.0  580s
 2570899 1503101 9536.00000   53   21          - 9457.00000      -  14.0  585s
 2594601 1516814 9562.56681   45   77          - 9457.49964      -  14.0  590s
 2619872 1529816 infeasible   52               - 9458.07194      -  14.0  595s
 2640904 1540570 9607.40000   41   48          - 9458.99964      -  14.0  600s
 2662955 1553641 9531.00000   62   33          - 9459.37381      -  14.0  605s
 2686932 1566294 infeasible   65               - 9460.00000      -  14.0  610s
 2707859 1576740 9461.98231   52   53          - 9460.00000      -  14.1  615s
 2722919 1584382 9621.00000   52   32          - 9460.00000      -  14.1  620s
 2744550 1596759 9544.00000   45   24          - 9460.00000      -  14.1  625s
 2765185 1607962 9687.39037   70   31          - 9460.00000      -  14.1  630s
 2788277 1620197 infeasible   40               - 9460.47832      -  14.1  635s
 2810397 1631590 infeasible   64               - 9461.00000      -  14.2  640s
 2826339 1640458 9553.57997   67   10          - 9461.22237      -  14.2  645s
 2848465 1651376 infeasible   66               - 9461.94544      -  14.2  650s
 2871396 1661503 infeasible   50               - 9462.00000      -  14.2  655s
 2894077 1673551 9515.46378   38   72          - 9462.19060      -  14.2  660s
 2916072 1684106 infeasible   57               - 9462.51099      -  14.2  665s
 2932888 1693293 9622.71429   58   18          - 9463.00000      -  14.2  670s
 2956537 1704324 9595.81696   56   22          - 9463.73468      -  14.2  675s
 2979945 1717105 infeasible   59               - 9464.20165      -  14.2  680s
 3004359 1728957 9518.61149   54   38          - 9464.83940      -  14.2  685s
 3021584 1737333 9698.00000   58   10          - 9465.00000      -  14.2  690s
 3042001 1747537 9619.51099   47   48          - 9465.00000      -  14.2  695s
 3064038 1759245 9490.00000   50   34          - 9465.00000      -  14.3  700s
 3086589 1771323 infeasible   72               - 9465.05104      -  14.3  705s
 3103500 1780155 9508.00000   52   25          - 9465.34888      -  14.3  710s
 3126501 1791309 9555.30000   48   35          - 9465.98771      -  14.3  715s
 3150041 1802233 infeasible   84               - 9466.10515      -  14.3  720s
 3173863 1814979 9500.46932   53   54          - 9466.48802      -  14.3  725s
 3189984 1822825 9667.00000   62   18          - 9466.87463      -  14.3  730s
 3211272 1833296 9568.14963   39   56          - 9467.00000      -  14.3  735s
 3235084 1846196 infeasible   40               - 9467.25543      -  14.3  740s
 3256958 1856379 9681.50343   51   44          - 9467.60000      -  14.4  745s
 3272293 1863406 9526.57079   49   34          - 9467.98128      -  14.4  750s
 3296553 1875315 9688.00000   63   13          - 9468.31070      -  14.4  755s
 3320032 1886783 9524.00000   48   50          - 9468.84881      -  14.4  760s
 3345462 1901171 9606.00000   43   35          - 9469.00529      -  14.4  765s
 3369711 1913446 9552.00000   49   37          - 9469.43697      -  14.4  770s
 3392490 1925700 infeasible   44               - 9469.88373      -  14.4  775s
 3416455 1936473 9514.51150   47   48          - 9470.06650      -  14.4  780s
 3435305 1946475 infeasible   54               - 9470.40589      -  14.4  785s
 3458085 1957285 9529.99964   49   26          - 9470.99964      -  14.4  790s
 3481804 1970300 9642.85714   44   48          - 9471.00000      -  14.4  795s
 3499163 1979947 9662.00000   59   16          - 9471.19416      -  14.4  800s
 3526128 1991611 infeasible   61               - 9471.70289      -  14.4  805s
 3540980 1999143 9544.70133   55   22          - 9472.00000      -  14.4  810s
 3563126 2009512 9548.17986   47   65          - 9472.00000      -  14.4  815s
 3587134 2021747 9572.15520   41   51          - 9472.19416      -  14.4  820s
 3610482 2032924 9535.00000   44   35          - 9472.59418      -  14.4  825s
 3634933 2044498 infeasible   58               - 9473.00000      -  14.4  830s
 3659571 2058038 9505.96296   44   69          - 9473.18503      -  14.4  835s
 3676577 2065826 9654.00000   61   16          - 9473.49803      -  14.5  840s
 3699848 2076789 9610.47848   50   50          - 9473.96639      -  14.5  845s
 3726179 2090891 infeasible   64               - 9474.00000      -  14.5  850s
 3752857 2105592 9507.93244   57   37          - 9474.15169      -  14.4  855s
 3775057 2116271 9653.99982   53   37          - 9474.42510      -  14.4  860s
 3794414 2125229 9567.73489   35   67          - 9474.79975      -  14.5  865s
 3818011 2136705 9580.74975   35   75          - 9475.00000      -  14.5  870s
 3837468 2146335 9512.41050   49   23          - 9475.19096      -  14.5  875s
 3862428 2159344 9614.58900   58   11          - 9475.58730      -  14.5  880s
 3884936 2170278 9698.28203   51   33          - 9476.00000      -  14.5  885s
 3901818 2179416 9496.20165   32   64          - 9476.00000      -  14.5  890s
 3926275 2191632 9547.13004   59   42          - 9476.10818      -  14.5  895s
 3950867 2203985 9501.99982   53   55          - 9476.53192      -  14.5  900s
 3975355 2215949 9664.99964   52   28          - 9476.99982      -  14.5  905s
 3998401 2226350 infeasible   67               - 9477.00000      -  14.5  910s
 4015916 2234975 9655.00000   58   36          - 9477.00056      -  14.5  915s
 4040586 2246544 9651.27183   42   52          - 9477.33324      -  14.5  920s
 4065047 2258140 9695.00000   52   37          - 9477.62855      -  14.5  925s
 4083750 2267509 9599.96549   54   56          - 9477.92576      -  14.5  930s
 4108495 2280108 9537.90000   54   48          - 9478.01163      -  14.5  935s
 4134407 2294200 9605.78107   50   48          - 9478.19595      -  14.5  940s
 4158160 2305501 9605.85783   56   36          - 9478.51448      -  14.5  945s
 4175690 2313930 infeasible   74               - 9478.77720      -  14.5  950s
 4197620 2323500 9543.18027   49   56          - 9479.00000      -  14.5  955s
 4221030 2336072 infeasible   60               - 9479.00000      -  14.5  960s
 4239343 2344621 9521.08104   55   40          - 9479.08104      -  14.5  965s
 4262780 2355883 9544.44000   51   32          - 9479.33333      -  14.5  970s
 4287180 2367448 infeasible   73               - 9479.77500      -  14.6  975s
 4310503 2379166 9534.00000   57    7          - 9480.00000      -  14.6  980s
 4332206 2388741 9559.51099   54   32          - 9480.00000      -  14.6  985s
 4347136 2394906 9621.17986   49   60          - 9480.00000      -  14.6  990s
 4368062 2404089 9587.86528   47   41          - 9480.00000      -  14.6  995s
 4388766 2412201 infeasible   43               - 9480.00000      -  14.6 1000s
 4409658 2420666 9584.00000   49   35          - 9480.00000      -  14.6 1005s
 4432236 2431707 infeasible   74               - 9480.16072      -  14.6 1010s
 4449181 2439719 infeasible   51               - 9480.33941      -  14.6 1015s
 4472407 2450885 infeasible   63               - 9480.64535      -  14.6 1020s
 4495581 2461509 9547.62061   59   50          - 9481.00000      -  14.6 1025s
 4523269 2475382 infeasible   73               - 9481.00000      -  14.6 1030s
 4548658 2488045 9502.00000   59   19          - 9481.00000      -  14.6 1035s
 4568628 2497932 9597.15972   49   26          - 9481.00000      -  14.6 1040s
 4592045 2509749 9565.00813   41   62          - 9481.01051      -  14.6 1045s
 4615187 2521290 9635.31117   58   26          - 9481.19060      -  14.6 1050s
 4639800 2532874 9601.00000   45   32          - 9481.46258      -  14.6 1055s
 4663894 2543925 9534.00000   64   15          - 9481.84810      -  14.6 1060s
 4685017 2553832 9608.63241   46   54          - 9481.99982      -  14.6 1065s
 4705726 2564009 9591.18456   41   39          - 9482.00000      -  14.6 1070s
 4731047 2574405 infeasible   67               - 9482.00000      -  14.6 1075s
 4755398 2586505 9526.47000   41   49          - 9482.00000      -  14.6 1080s
 4780440 2597932 9560.49998   51   62          - 9482.08113      -  14.6 1085s
 4797241 2605505 9502.15695   49   61          - 9482.30371      -  14.6 1090s
 4821780 2617594 infeasible   58               - 9482.50800      -  14.6 1095s
 4845761 2628135 9569.49964   60   34          - 9482.98231      -  14.6 1100s
 4867916 2638081 9489.87815   37   47          - 9483.01236      -  14.6 1105s
 4894837 2651800 9526.03271   52   32          - 9483.16881      -  14.6 1110s
 4914605 2660451 infeasible   57               - 9483.39216      -  14.6 1115s
 4935400 2670657 infeasible   60               - 9483.67997      -  14.6 1120s
 4959792 2681512 infeasible   60               - 9483.99982      -  14.6 1125s
 4982542 2691679 9505.02761   52   80          - 9484.00000      -  14.6 1130s
 5006600 2704659 9628.00000   60   47          - 9484.00000      -  14.6 1135s
 5029757 2713631 9633.00000   64   28          - 9484.18248      -  14.6 1140s
 5050950 2724638 9505.57975   64   16          - 9484.43817      -  14.6 1145s
 5075357 2735714 9679.92292   48   23          - 9484.73608      -  14.6 1150s
 5097230 2744120 9643.31995   63   21          - 9484.90345      -  14.6 1155s
 5115467 2750966 9627.66667   60   15          - 9485.00000      -  14.6 1160s
 5135338 2759238 9497.91090   49   39          - 9485.00000      -  14.7 1165s
 5157609 2768732 infeasible   68               - 9485.00000      -  14.7 1170s
 5179295 2777113 infeasible   66               - 9485.00000      -  14.7 1175s
 5195736 2784546 infeasible   66               - 9485.00000      -  14.7 1180s
 5220037 2795692 9541.18481   56   33          - 9485.20159      -  14.7 1185s
 5243407 2805928 9674.00000   62   37          - 9485.48459      -  14.7 1190s
 5267318 2816218 9548.21488   32   47          - 9485.85514      -  14.7 1195s
 5283940 2824041 9597.99998   46   41          - 9485.99998      -  14.7 1200s
 5309145 2833594 9636.58999   59   11          - 9486.00000      -  14.7 1205s
 5334388 2843904 9486.79929   55   46          - 9486.00000      -  14.7 1210s
 5359309 2854764 9624.00000   66   25          - 9486.00000      -  14.7 1215s
 5379223 2862847 infeasible   56               - 9486.00000      -  14.7 1220s
 5404745 2874829 9692.00000   46   28          - 9486.00000      -  14.7 1225s
 5431520 2888428 9488.46628   38   60          - 9486.00000      -  14.7 1230s
 5456086 2899397 infeasible   55               - 9486.19060      -  14.7 1235s
 5480769 2909914 9509.61008   59   55          - 9486.50064      -  14.7 1240s
 5505291 2920524 9509.77778   47   26          - 9486.83575      -  14.7 1245s
 5522820 2928886 9523.98379   59   56          - 9486.99982      -  14.7 1250s
 5547374 2938917 infeasible   60               - 9487.00000      -  14.7 1255s
 5572468 2948039 9680.18563   40   67          - 9487.00000      -  14.7 1260s
 5597705 2959456 infeasible   64               - 9487.00000      -  14.7 1265s
 5615361 2966835 9594.00000   62   24          - 9487.00000      -  14.7 1270s
 5640103 2977886 9508.03795   53   48          - 9487.00000      -  14.7 1275s
 5663381 2989282 9677.00000   53   31          - 9487.00000      -  14.7 1280s
 5688501 2999830 infeasible   47               - 9487.14873      -  14.7 1285s
 5712710 3011476 9542.00000   56   45          - 9487.34422      -  14.7 1290s
 5730502 3019002 9660.00303   53    8          - 9487.48749      -  14.7 1295s
 5755972 3030365 9559.51993   68   33          - 9487.81217      -  14.7 1300s
 5778796 3040439 9657.73268   56   31          - 9488.00000      -  14.7 1305s
 5799020 3048019 9679.00000   67   10          - 9488.00000      -  14.7 1310s
 5815733 3055699 9488.91718   40   58          - 9488.03002      -  14.7 1315s
 5837745 3066184 9568.46998   47   48          - 9488.26691      -  14.7 1320s
 5861116 3077276 9687.88000   69   15          - 9488.45270      -  14.7 1325s
 5877448 3084424 infeasible   63               - 9488.65733      -  14.7 1330s
 5899427 3093380 9575.64361   49   49          - 9488.96034      -  14.7 1335s
 5920398 3103236 9650.00000   59   26          - 9489.00000      -  14.7 1340s
 5942569 3112396 9646.85321   59   28          - 9489.14367      -  14.8 1345s
 5965405 3122233 9698.99964   62   25          - 9489.38191      -  14.8 1350s
 5984569 3130101 infeasible   72               - 9489.58900      -  14.8 1355s
 6004160 3138328 infeasible   55               - 9489.84600      -  14.8 1360s
 6025576 3144967 9664.15520   37   48          - 9489.99998      -  14.8 1365s
 6046597 3152398 9536.42395   49   34          - 9490.00000      -  14.8 1370s
 6063035 3158431 9573.00000   58   21          - 9490.00000      -  14.8 1375s
 6084503 3167489 9652.00000   42   46          - 9490.00000      -  14.8 1380s
 6108039 3176420 infeasible   64               - 9490.27807      -  14.8 1385s
 6131073 3186449 infeasible   59               - 9490.64719      -  14.8 1390s
 6146281 3191950 9605.54409   57   23          - 9490.94321      -  14.8 1395s
 6169315 3200933 9515.33550   54   69          - 9490.99982      -  14.8 1400s
 6192464 3209849 9677.00000   58   12          - 9491.00000      -  14.8 1405s
 6214702 3217837 9491.44974   44   45          - 9491.00000      -  14.8 1410s
 6232318 3224761 9492.02284   51   47          - 9491.00000      -  14.8 1415s
 6253614 3235023 9491.08120   51   35          - 9491.03833      -  14.8 1420s
 6271781 3242139 9652.00000   43   26          - 9491.17264      -  14.8 1425s
 6293859 3251487 9497.21038   44   57          - 9491.43817      -  14.8 1430s
 6315555 3260704 9615.00000   66   29          - 9491.62529      -  14.8 1435s
 6330919 3266682 9552.44974   48   53          - 9491.81409      -  14.8 1440s
 6355389 3275550 9667.00000   59    6          - 9492.00000      -  14.8 1445s
 6378642 3284636 9621.38348   62   34          - 9492.00000      -  14.8 1450s
 6395380 3290777 infeasible   60               - 9492.00000      -  14.8 1455s
 6416944 3299951 infeasible   48               - 9492.00000      -  14.8 1460s
 6439474 3308331 9568.42328   34   81          - 9492.00000      -  14.9 1465s
 6456734 3314801 9573.46746   59   52          - 9492.04881      -  14.9 1470s
 6478172 3323834 9546.09091   58   31          - 9492.26258      -  14.9 1475s
 6499947 3332922 9582.18791   52   54          - 9492.51874      -  14.9 1480s
 6522218 3341847 9678.99964   72   32          - 9492.85708      -  14.9 1485s
 6538329 3348023 9497.02781   50   70          - 9492.99998      -  14.9 1490s
 6559515 3356240 9513.00000   46   44          - 9493.00000      -  14.9 1495s
 6581464 3366599 infeasible   62               - 9493.00000      -  14.9 1500s
 6605621 3377304 9574.00000   47   51          - 9493.16055      -  14.9 1505s
 6622591 3384809 9653.72000   52   49          - 9493.33333      -  14.9 1510s
 6644561 3393656 9532.38195   55   55          - 9493.60205      -  14.9 1515s
 6667904 3403232 infeasible   47               - 9493.95090      -  14.9 1520s
 6689092 3412172 9497.01686   50   41          - 9494.00000      -  14.9 1525s
 6711195 3421661 9599.55556   57   29          - 9494.00000      -  14.9 1530s
 6727211 3427414 9572.61905   46   68          - 9494.07485      -  14.9 1535s
 6748838 3436429 9687.63571   54   82          - 9494.27273      -  14.9 1540s
 6769232 3443996 9545.62537   47   44          - 9494.37559      -  14.9 1545s
 6791064 3453162 9586.44444   51   53          - 9494.57176      -  14.9 1550s
 6813059 3461419 infeasible   64               - 9494.90345      -  15.0 1555s
 6829603 3466956 infeasible   56               - 9495.00000      -  15.0 1560s
 6851419 3475305 9609.30000   47   29          - 9495.00000      -  15.0 1565s
 6873756 3484764 9669.22502   59   77          - 9495.15384      -  15.0 1570s
 6892852 3492094 9509.42553   37   32          - 9495.36766      -  15.0 1575s
 6910795 3499154 9530.00000   50   17          - 9495.59141      -  15.0 1580s
 6933247 3507682 9538.70731   64   59          - 9495.90980      -  15.0 1585s
 6955610 3516018 9584.99982   50   42          - 9496.00000      -  15.0 1590s
 6975189 3523442 9599.00000   40   56          - 9496.00000      -  15.0 1595s
 6991599 3529706 9640.10000   57   50          - 9496.00000      -  15.0 1600s
 7012977 3538187 9527.19416   42   56          - 9496.08103      -  15.0 1605s
 7034657 3546493 9626.52910   42   57          - 9496.24746      -  15.0 1610s
 7056180 3554996 9561.22999   57   25          - 9496.46182      -  15.0 1615s
 7078024 3562991 9618.99964   56   64          - 9496.63000      -  15.0 1620s
 7094338 3568507 9637.00000   62   18          - 9496.88860      -  15.0 1625s
 7113848 3575910 9594.00000   55   28          - 9497.00000      -  15.0 1630s
 7136004 3584137 9503.51404   45   43          - 9497.00000      -  15.1 1635s
 7156431 3591906 9595.22326   52   15          - 9497.00000      -  15.1 1640s
 7177012 3600192 9559.00000   58   21          - 9497.19416      -  15.1 1645s
 7196853 3607659 9635.00000   55   40          - 9497.42886      -  15.1 1650s
 7217395 3615676 9514.15562   52   45          - 9497.70606      -  15.1 1655s
 7237567 3623962 9663.08535   54   18          - 9497.99964      -  15.1 1660s
 7253880 3629325 infeasible   57               - 9498.00000      -  15.1 1665s
 7276043 3638093 infeasible   54               - 9498.00000      -  15.1 1670s
 7298096 3648047 infeasible   55               - 9498.09110      -  15.1 1675s
 7320304 3656769 9604.00000   64   18          - 9498.30000      -  15.1 1680s
 7341596 3664791 9591.21660   62   36          - 9498.56560      -  15.1 1685s
 7358770 3671395 9580.00570   59   64          - 9498.76746      -  15.1 1690s
 7379350 3679017 9539.79891   49   36          - 9498.99963      -  15.1 1695s
 7397144 3684907 9524.48142   47   55          - 9499.00000      -  15.1 1700s
 7419595 3692824 infeasible   67               - 9499.00000      -  15.1 1705s
 7440994 3702371 9560.00000   45   49          - 9499.00000      -  15.2 1710s
 7457599 3709239 9682.00000   55   18          - 9499.06915      -  15.2 1715s
 7478719 3717591 9574.00000   55   15          - 9499.20652      -  15.2 1720s
 7500912 3725923 9628.12997   58   27          - 9499.41613      -  15.2 1725s
 7521923 3733237 9553.07658   60   53          - 9499.55106      -  15.2 1730s
 7537331 3738488 infeasible   57               - 9499.72303      -  15.2 1735s
 7558013 3745055 infeasible   50               - 9499.99964      -  15.2 1740s
 7580339 3753127 infeasible   60               - 9500.00000      -  15.2 1745s
 7602915 3761182 9567.00000   68   19          - 9500.00000      -  15.2 1750s
 7618782 3766510 9548.11644   46   54          - 9500.07391      -  15.2 1755s
 7642771 3775103 9566.00000   62   19          - 9500.28000      -  15.2 1760s
 7658045 3780612 9636.86659   60   29          - 9500.41050      -  15.2 1765s
 7680911 3788505 9639.65675   47   56          - 9500.58398      -  15.2 1770s
 7703240 3797442 infeasible   47               - 9500.86431      -  15.2 1775s
 7724731 3805125 9563.00000   64    6          - 9501.00000      -  15.2 1780s
 7748998 3813275 9501.86106   39   73          - 9501.00000      -  15.2 1785s
 7766929 3820293 infeasible   62               - 9501.00000      -  15.2 1790s
 7793454 3830689 9506.80567   42   71          - 9501.00000      -  15.2 1795s
 7817795 3841466 9688.08873   37   65          - 9501.01642      -  15.2 1800s

Cutting planes:
  Learned: 64
  Gomory: 147
  Cover: 257
  Implied bound: 42
  Projected implied bound: 3
  Clique: 2
  MIR: 92
  StrongCG: 5
  Flow cover: 310
  GUB cover: 6
  Inf proof: 8
  Zero half: 8
  Network: 1
  RLT: 24
  Relax-and-lift: 27

Explored 7818267 nodes (118841580 simplex iterations) in 1800.01 seconds (1419.43 work units)
Thread count was 8 (of 8 available processors)

Solution count 0

Time limit reached
Best objective -, best bound 9.501024437126e+03, gap -

User-callback calls 15970318, time in user-callback 73.35 sec

Statistics for modelBPKW_BKRW_BSNF_O:
  Linear constraint matrix    : 4441 Constrs, 2168 Vars, 16376 NZs
  Variable types              : 838 Continuous,
1330 Integer (358 Binary)
  Matrix coefficient range    : [ 1, 368 ]
  Objective coefficient range : [ 1, 368 ]
  Variable bound range        : [ 1, 199 ]
  RHS coefficient range       : [ 1, 9700.02 ]
