
Gurobi 10.0.1 (linux64) logging started Mon Apr  1 15:23:29 2024

Set parameter LogFile to value "/data/optimi/optimi/kombadon/drings/SBahn/s-bahn-data/scripts/DeniseMA/processed/BPKW_BKRW_BSNF_O/RINS/BPKW_BKRW_BSNF_O_202403312232_random4_0.9.log"
Gurobi Optimizer version 10.0.1 build v10.0.1rc0 (linux64)

CPU model: Intel(R) Xeon(R) CPU E3-1270 v6 @ 3.80GHz, instruction set [SSE2|AVX|AVX2]
Thread count: 4 physical cores, 8 logical processors, using up to 8 threads

Optimize a model with 4441 rows, 2168 columns and 16376 nonzeros
Model fingerprint: 0x7d472fee
Variable types: 838 continuous, 1330 integer (358 binary)
Coefficient statistics:
  Matrix range     [1e+00, 4e+02]
  Objective range  [1e+00, 4e+02]
  Bounds range     [1e+00, 2e+02]
  RHS range        [1e+00, 1e+04]

User MIP start did not produce a new incumbent solution
User MIP start violates constraint objective_cutoff by 97.980000000

Presolve removed 2264 rows and 896 columns
Presolve time: 0.04s
Presolved: 2177 rows, 1272 columns, 8926 nonzeros
Variable types: 429 continuous, 843 integer (843 binary)

Root relaxation: objective 8.790000e+03, 797 iterations, 0.01 seconds (0.01 work units)
Another try with MIP start

    Nodes    |    Current Node    |     Objective Bounds      |     Work
 Expl Unexpl |  Obj  Depth IntInf | Incumbent    BestBd   Gap | It/Node Time

     0     0 8790.00000    0   40          - 8790.00000      -     -    0s
     0     0 8790.00000    0   94          - 8790.00000      -     -    0s
     0     0 8790.00000    0   94          - 8790.00000      -     -    0s
     0     0 8829.09809    0   81          - 8829.09809      -     -    0s
     0     0 8851.72687    0   94          - 8851.72687      -     -    0s
     0     0 8851.72687    0   94          - 8851.72687      -     -    0s
     0     0 8912.52789    0  109          - 8912.52789      -     -    0s
     0     0 8912.52789    0  107          - 8912.52789      -     -    0s
     0     0 8939.89911    0   88          - 8939.89911      -     -    0s
     0     0 8939.89911    0  119          - 8939.89911      -     -    0s
     0     0 8942.69482    0  112          - 8942.69482      -     -    0s
     0     0 8942.69482    0  121          - 8942.69482      -     -    0s
     0     0 8942.69482    0  100          - 8942.69482      -     -    0s
     0     0 8942.78693    0  150          - 8942.78693      -     -    0s
     0     0 8942.78693    0  114          - 8942.78693      -     -    0s
     0     0 8942.78693    0   72          - 8942.78693      -     -    0s
     0     0 8942.78693    0   89          - 8942.78693      -     -    0s
     0     0 8942.87026    0   97          - 8942.87026      -     -    0s
     0     0 8942.87026    0   97          - 8942.87026      -     -    0s
     0     0 8942.87026    0  124          - 8942.87026      -     -    0s
     0     0 8943.87026    0  140          - 8943.87026      -     -    0s
     0     0 8943.87026    0  122          - 8943.87026      -     -    0s
     0     0 8943.87026    0   75          - 8943.87026      -     -    0s
     0     0 8943.87026    0   85          - 8943.87026      -     -    0s
     0     0 8944.67042    0  106          - 8944.67042      -     -    0s
     0     0 8944.67042    0  109          - 8944.67042      -     -    0s
     0     0 8944.67042    0  111          - 8944.67042      -     -    0s
     0     0 8944.67042    0  116          - 8944.67042      -     -    0s
     0     0 8944.67042    0   86          - 8944.67042      -     -    0s
     0     0 8944.67042    0   87          - 8944.67042      -     -    0s
     0     0 8944.67042    0   76          - 8944.67042      -     -    0s
     0     0 8944.67042    0   75          - 8944.67042      -     -    0s
     0     0 8944.67042    0   80          - 8944.67042      -     -    0s
     0     0 8944.67042    0   80          - 8944.67042      -     -    0s
     0     2 8944.67042    0   80          - 8944.67042      -     -    0s
  5781  3600 9283.91919   27   74          - 9191.11525      -  17.0    5s
 26193 19203 9634.60465   33   67          - 9219.82791      -  16.7   10s
 36527 25903 9368.61202   35   67          - 9228.53760      -  16.4   15s
 60971 43343 9512.00890   70   24          - 9239.00000      -  16.3   20s
 86664 61295 9475.00000   66   39          - 9250.26327      -  16.0   25s
 109578 77632 9478.06474   59   53          - 9257.46679      -  16.0   30s
 130671 91758 9598.33333   62   15          - 9262.79331      -  16.0   35s
 158226 110542 9480.00000   50   33          - 9269.60080      -  15.9   40s
 184727 129018 9524.00000   52   51          - 9271.50353      -  16.2   45s
 207815 144179 9292.30421   30   73          - 9275.05113      -  16.1   50s
 228769 158460 9441.12180   49   42          - 9279.15248      -  16.2   55s
 258295 178132 infeasible   63               - 9280.26327      -  16.0   60s
 281909 193082 9440.00000   57   23          - 9282.38036      -  16.0   65s
 309600 211512 9461.38661   51   36          - 9286.30052      -  16.0   70s
 336600 229982 9428.09877   56   37          - 9289.41711      -  16.0   75s
 356600 242236 infeasible   59               - 9291.26327      -  16.0   80s
 386109 260593 9530.00000   40   46          - 9294.75853      -  15.9   85s
 414103 278124 9578.60000   54   35          - 9298.64375      -  15.8   90s
 439839 294537 9445.39555   49   28          - 9301.26327      -  15.8   95s
 462129 306936 9313.02793   36   54          - 9303.09609      -  15.8  100s
 489763 324060 9410.00000   36   66          - 9306.25781      -  15.8  105s
 510126 336304 9462.30609   51   38          - 9308.99999      -  15.8  110s
 536848 353331 9570.00000   64   14          - 9311.72882      -  15.8  115s
 556647 365886 infeasible   66               - 9313.89572      -  15.8  120s
 583859 382810 9587.61871   54   48          - 9316.10624      -  15.8  125s
 609241 398566 9469.89398   60   25          - 9319.00000      -  15.8  130s
 633450 412999 9535.65291   66   33          - 9319.00225      -  15.8  135s
 654442 430367 infeasible   67               - 9320.98280      -  15.8  141s
 683188 443959 9461.06250   43   24          - 9322.09334      -  15.7  145s
 709001 458883 9498.42931   46   45          - 9324.00000      -  15.7  150s
 728558 470797 9495.00000   45   22          - 9325.00000      -  15.7  155s
 754786 486779 9463.44106   43   59          - 9327.00000      -  15.8  160s
 778964 500395 9530.29277   53   23          - 9328.70063      -  15.7  165s
 799875 513099 infeasible   55               - 9331.00000      -  15.8  170s
 827668 529795 9623.00000   50   27          - 9332.26327      -  15.7  175s
 853762 545591 9537.10080   53   56          - 9334.00000      -  15.7  180s
 874667 558869 infeasible   51               - 9335.46362      -  15.8  185s
 902328 574835 9688.67474   51   56          - 9337.26327      -  15.8  190s
 923943 586764 9610.41453   65   33          - 9339.00000      -  15.8  195s
 947071 601162 infeasible   65               - 9340.26327      -  15.8  200s
 973982 617422 9407.12581   47   70          - 9341.65908      -  15.7  205s
 1001814 634115 9569.00000   55   32          - 9343.13313      -  15.7  210s
 1027932 649747 9509.65665   62   51          - 9345.00000      -  15.7  215s
 1052633 663940 9606.00000   56   49          - 9346.53499      -  15.7  220s
 1073478 676869 9664.53957   67   29          - 9348.00000      -  15.7  225s
 1100613 692448 9460.00000   61   48          - 9350.00000      -  15.7  230s
 1126558 706837 9499.39009   43   15          - 9351.00000      -  15.7  235s
 1147841 718280 9488.07305   39   66          - 9351.89000      -  15.7  240s
 1171424 732706 9381.40284   43   54          - 9352.79581      -  15.7  245s
 1199305 748630 9688.77710   57   58          - 9354.00000      -  15.7  250s
 1225483 763459 9507.03215   61   24          - 9355.00000      -  15.7  255s
 1249861 777044 infeasible   39               - 9356.00915      -  15.7  260s
 1270216 789004 9495.70987   50   58          - 9357.00000      -  15.7  265s
 1299186 806167 9519.00000   67   17          - 9358.00000      -  15.6  270s
 1326605 821692 9535.05612   48   32          - 9359.61150      -  15.6  275s
 1344006 832184 9569.03215   71   16          - 9360.09000      -  15.6  280s
 1374164 848902 9674.33333   70   20          - 9361.96382      -  15.6  285s
 1402046 864315 9508.00000   51   41          - 9363.00000      -  15.6  290s
 1421608 877165 infeasible   66               - 9363.56926      -  15.6  295s
 1449990 891643 9587.00000   44   47          - 9365.00000      -  15.6  301s
 1471606 904648 9638.26667   43   50          - 9366.36216      -  15.6  305s
 1502952 921893 infeasible   45               - 9367.26327      -  15.5  310s
 1527194 937581 9547.00000   45   28          - 9368.00000      -  15.5  315s
 1551521 950196 infeasible   57               - 9369.27451      -  15.5  320s
 1578934 965906 9639.08423   49   43          - 9370.26327      -  15.4  325s
 1607759 981385 infeasible   61               - 9371.69442      -  15.4  330s
 1634161 995454 9551.67031   51   15          - 9373.00000      -  15.4  335s
 1653630 1007438 9689.51429   54   42          - 9373.26327      -  15.4  340s
 1679521 1021605 infeasible   59               - 9374.41758      -  15.4  345s
 1706003 1036084 9537.35096   60   37          - 9376.00000      -  15.4  350s
 1733711 1051228 9615.40000   54   26          - 9377.38000      -  15.4  355s
 1751855 1060751 9590.00000   53   39          - 9378.00000      -  15.4  360s
 1779994 1076931 9663.00000   59   11          - 9379.13912      -  15.4  365s
 1805596 1091154 9563.00000   64   35          - 9380.00000      -  15.4  370s
 1832930 1106317 9518.00000   38   48          - 9381.00000      -  15.3  375s
 1862797 1123274 9569.14733   57   41          - 9382.66581      -  15.3  380s
 1881044 1132931 infeasible   54               - 9383.00000      -  15.3  385s
 1909882 1149198 9533.00000   56   15          - 9384.26327      -  15.3  390s
 1936665 1164695 9538.00000   50   33          - 9385.76555      -  15.3  395s
 1964198 1178790 9603.00000   61   44          - 9387.00000      -  15.3  400s
 1992638 1194477 9538.00000   43   49          - 9388.00000      -  15.3  405s
 2012339 1205888 infeasible   62               - 9389.19780      -  15.3  410s
 2040115 1220258 infeasible   54               - 9390.75037      -  15.3  415s
 2066936 1235763 infeasible   69               - 9391.26327      -  15.2  420s
 2094920 1250533 9567.20109   58   33          - 9392.22653      -  15.2  425s
 2112289 1260799 9627.00000   62    8          - 9393.00000      -  15.2  430s
 2138311 1275937 9684.00000   64   25          - 9393.64000      -  15.2  435s
 2164025 1289438 infeasible   57               - 9394.48000      -  15.2  440s
 2190877 1303179 9656.00000   58   26          - 9395.53845      -  15.2  445s
 2216658 1318026 infeasible   48               - 9396.14468      -  15.2  451s
 2232220 1327432 9554.00000   36   36          - 9397.00000      -  15.2  455s
 2258664 1341631 infeasible   62               - 9398.00000      -  15.2  460s
 2283852 1355296 9467.22395   68   23          - 9398.48168      -  15.2  465s
 2309458 1369288 9571.71429   60   23          - 9399.60083      -  15.2  470s
 2329868 1380227 9444.99998   34   40          - 9400.08241      -  15.2  475s
 2356277 1395003 infeasible   72               - 9401.00001      -  15.2  480s
 2383048 1409222 9641.70667   43   40          - 9402.00138      -  15.2  485s
 2397708 1418219 infeasible   41               - 9402.80000      -  15.2  490s
 2425930 1433003 9607.28000   59   50          - 9403.07249      -  15.2  495s
 2450298 1445960 9662.00000   59   23          - 9404.00000      -  15.2  500s
 2470711 1457127 9574.17079   54   94          - 9405.00000      -  15.2  505s
 2497977 1471490 9542.00000   43   43          - 9406.00000      -  15.2  510s
 2520069 1482688 9573.50103   40   32          - 9407.00000      -  15.2  515s
 2543096 1494604 infeasible   58               - 9408.00000      -  15.2  520s
 2569720 1508754 infeasible   55               - 9409.00000      -  15.2  525s
 2592039 1520247 9570.00000   56   41          - 9409.99998      -  15.2  530s
 2614632 1533168 9569.80769   64   35          - 9410.54002      -  15.2  535s
 2641477 1548133 infeasible   55               - 9411.00000      -  15.2  540s
 2664828 1561778 infeasible   60               - 9411.98922      -  15.2  545s
 2690389 1574189 9594.50000   49   33          - 9412.30726      -  15.3  550s
 2711354 1586066 9560.00000   68   26          - 9413.00000      -  15.3  555s
 2735842 1598837 9450.00000   58   43          - 9414.00000      -  15.3  560s
 2759892 1612717 infeasible   42               - 9414.15666      -  15.3  565s
 2771590 1621902 9608.07194   34   54          - 9414.81921      -  15.3  570s
 2802579 1635047 infeasible   43               - 9415.99998      -  15.3  575s
 2825430 1648739 9464.84987   68   24          - 9416.00000      -  15.3  580s
 2850540 1663960 9455.00040   40   63          - 9416.00000      -  15.3  585s
 2865687 1672962 9673.00000   63   42          - 9416.00000      -  15.3  590s
 2889561 1687055 9435.33331   45   51          - 9416.27105      -  15.4  595s
 2912070 1699442 infeasible   59               - 9417.00000      -  15.4  600s
 2935818 1713240 9521.96382   62   23          - 9417.80749      -  15.4  605s
 2962309 1726941 infeasible   55               - 9418.00000      -  15.4  610s
 2987033 1740093 9636.96500   61   47          - 9418.53777      -  15.4  615s
 3007025 1751147 9700.00000   68   33          - 9419.00000      -  15.4  620s
 3028672 1762241 9565.00000   31   39          - 9419.91253      -  15.4  625s
 3053718 1775536 9531.00000   48   40          - 9420.36621      -  15.4  630s
 3071049 1784288 9557.00000   54   14          - 9421.00000      -  15.4  635s
 3096014 1797278 9599.12000   54   27          - 9422.00000      -  15.4  640s
 3119261 1810403 9530.39716   53   35          - 9422.26327      -  15.4  645s
 3143182 1823017 9565.23777   48   44          - 9423.00000      -  15.4  650s
 3168222 1836368 infeasible   57               - 9423.56027      -  15.4  655s
 3183533 1845904 9689.00000   55   38          - 9424.00000      -  15.4  660s
 3210910 1861548 9612.00000   66   11          - 9424.01212      -  15.5  665s
 3234727 1875445 9578.00000   53   33          - 9424.75921      -  15.5  670s
 3252004 1884903 9509.00000   53   41          - 9425.19856      -  15.5  675s
 3280927 1900176 9464.26327   45   26          - 9425.53949      -  15.5  680s
 3305019 1912658 infeasible   62               - 9426.00000      -  15.5  685s
 3329760 1925428 9634.00000   53   32          - 9426.36103      -  15.5  690s
 3344865 1934087 9680.00000   65   36          - 9427.00000      -  15.5  695s
 3371702 1947810 9514.00000   49   41          - 9427.38332      -  15.5  700s
 3395257 1960624 9566.12121   59   33          - 9428.00000      -  15.5  705s
 3418480 1973300 9589.60000   45   58          - 9428.51411      -  15.5  710s
 3445142 1986314 9447.15117   49   49          - 9429.25944      -  15.5  715s
 3460597 1994302 9455.10000   46   40          - 9429.96516      -  15.5  720s
 3486462 2007730 9670.00000   64    6          - 9430.32620      -  15.5  725s
 3510434 2020628 9457.19500   39   78          - 9431.00000      -  15.5  730s
 3534827 2033571 9633.00000   70   16          - 9432.00000      -  15.5  735s
 3560532 2047170 infeasible   42               - 9432.10949      -  15.5  740s
 3573956 2054461 infeasible   47               - 9432.26327      -  15.5  745s
 3597711 2066649 infeasible   69               - 9432.43688      -  15.5  750s
 3620847 2077808 9698.23219   58   43          - 9433.04602      -  15.5  755s
 3644375 2088671 9570.05924   62   57          - 9434.00000      -  15.5  760s
 3662496 2098187 9474.48906   66   33          - 9434.00000      -  15.5  765s
 3684252 2110382 9570.07194   41   54          - 9434.07194      -  15.5  770s
 3709901 2124049 9477.67613   30   87          - 9434.46668      -  15.5  775s
 3734292 2134829 infeasible   72               - 9435.11075      -  15.5  780s
 3757007 2145764 9540.48512   39   36          - 9436.00000      -  15.5  785s
 3783414 2158270 9582.00000   54   21          - 9436.29277      -  15.5  790s
 3806353 2169489 9577.21224   40   41          - 9437.00000      -  15.5  795s
 3827557 2177173 9688.00000   52   35          - 9437.26327      -  15.5  800s
 3843257 2182558 9693.86611   42   25          - 9437.26327      -  15.6  805s
 3861376 2189369 9639.00915   36   54          - 9437.27242      -  15.6  810s
 3880509 2198208 9507.33075   45   71          - 9437.64471      -  15.6  815s
 3903917 2208602 9650.70903   53   25          - 9438.15867      -  15.6  820s
 3923840 2216029 9643.68427   53   39          - 9438.74576      -  15.6  825s
 3937611 2222073 9692.00000   64   11          - 9439.00000      -  15.6  830s
 3963687 2234418 9560.00000   56   55          - 9439.29565      -  15.6  835s
 3984787 2244113 9560.33282   54   23          - 9440.00000      -  15.6  840s
 4001264 2251628 infeasible   62               - 9440.17219      -  15.6  845s
 4022987 2260663 9591.00000   38   36          - 9441.00000      -  15.6  850s
 4045256 2269569 9673.15504   60   24          - 9441.67295      -  15.6  855s
 4068697 2280176 9462.12816   42   79          - 9442.00000      -  15.6  860s
 4090778 2290192 9639.69825   52   24          - 9442.99999      -  15.7  865s
 4108779 2297937 9685.74000   57   17          - 9443.42978      -  15.7  870s
 4131989 2307677 infeasible   70               - 9444.07370      -  15.7  875s
 4150103 2315290 9652.00000   49   27          - 9444.26327      -  15.7  880s
 4165091 2322108 9554.00000   57   51          - 9444.50000      -  15.7  885s
 4187976 2331744 9641.23867   46   56          - 9445.26327      -  15.7  890s
 4210136 2340679 9582.00000   50   18          - 9446.00000      -  15.7  895s
 4232878 2351244 9536.03351   37   82          - 9446.49946      -  15.7  900s
 4249551 2358192 9599.00000   62   35          - 9447.00000      -  15.7  905s
 4271010 2368175 9650.74417   59   76          - 9447.95000      -  15.7  910s
 4295628 2379063 9652.64854   63   49          - 9448.37000      -  15.7  915s
 4317660 2389105 9655.13286   73   24          - 9449.13286      -  15.7  920s
 4338191 2396360 9651.00915   36   26          - 9449.26327      -  15.7  925s
 4353720 2403504 9499.53430   38   59          - 9449.85241      -  15.8  930s
 4370710 2411599 9645.80003   60   22          - 9449.99999      -  15.8  935s
 4386447 2419661 9569.40084   43   24          - 9449.99999      -  15.8  940s
 4401009 2428754 9455.00000   35   41          - 9450.00000      -  15.8  945s
 4422623 2441009 9660.16817   53   43          - 9450.00000      -  15.8  950s
 4443035 2452481 9470.05592   43   46          - 9450.00000      -  15.8  956s
 4458170 2461307 9568.00000   56   35          - 9450.00000      -  15.9  960s
 4479706 2473413 infeasible   59               - 9450.00114      -  15.9  965s
 4501673 2485052 9688.00000   57   34          - 9450.13228      -  15.9  970s
 4516898 2496424 9492.23256   41   48          - 9450.23137      -  15.9  977s
 4535911 2503082 infeasible   37               - 9450.43086      -  15.9  980s
 4558076 2514355 9636.22455   54   21          - 9450.70702      -  15.9  985s
 4578342 2523390 9640.93243   59   19          - 9451.00000      -  15.9  990s
 4592500 2529517 9645.66256   54   30          - 9451.10238      -  15.9  995s
 4611385 2537218 9600.56912   46   58          - 9451.46500      -  15.9 1000s
 4631870 2545924 9639.85714   64   13          - 9452.00000      -  15.9 1005s
 4649099 2554468 9547.02793   48   27          - 9452.00000      -  15.9 1010s
 4664413 2563487 9506.60709   50   43          - 9452.00000      -  16.0 1015s
 4683100 2573541 infeasible   57               - 9452.00000      -  16.0 1020s
 4702085 2583410 infeasible   55               - 9452.05000      -  16.0 1025s
 4722910 2592299 9486.24150   53   17          - 9452.31142      -  16.0 1030s
 4738682 2599313 9616.86265   52   73          - 9452.50932      -  16.0 1035s
 4757080 2607713 infeasible   51               - 9452.84987      -  16.0 1040s
 4777250 2617112 9555.52045   53   44          - 9453.12180      -  16.0 1045s
 4797843 2626225 9661.00000   55   13          - 9453.36024      -  16.0 1050s
 4805140 2631010 9676.82000   45   37          - 9453.57021      -  16.0 1056s
 4828520 2637386 9673.11484   55   64          - 9454.00915      -  16.0 1060s
 4848549 2646237 9649.84748   47   67          - 9454.45326      -  16.1 1065s
 4865899 2653109 9467.70692   32   51          - 9454.99998      -  16.1 1070s
 4873821 2656847 9537.27590   66    9          - 9454.99998      -  16.1 1075s
 4888481 2663771 9562.14301   45   69          - 9454.99999      -  16.1 1080s
 4903340 2671985 9454.99999   43   23          - 9454.99999      -  16.1 1085s
 4920887 2681096 9647.93122   47   71          - 9455.00000      -  16.2 1090s
 4936335 2688389 infeasible   56               - 9455.00000      -  16.2 1095s
 4946007 2693261 9617.05500   48   81          - 9455.00000      -  16.2 1100s
 4963794 2701167 infeasible   46               - 9455.00000      -  16.2 1105s
 4980313 2709144 9464.11329   37   37          - 9455.00000      -  16.3 1110s
 4998169 2718033 infeasible   55               - 9455.00000      -  16.3 1115s
 5009965 2723529 9666.00000   40   60          - 9455.00000      -  16.3 1120s
 5028616 2732977 infeasible   64               - 9455.00000      -  16.3 1125s
 5045840 2742224 9665.74409   62    8          - 9455.00000      -  16.4 1130s
 5064022 2751199 infeasible   61               - 9455.00000      -  16.4 1135s
 5082605 2761201 infeasible   70               - 9455.00000      -  16.4 1140s
 5093424 2767017 9455.46312   46   29          - 9455.00000      -  16.4 1145s
 5112900 2777464 9640.00000   38   46          - 9455.00000      -  16.4 1150s
 5131337 2787443 9687.00000   64    8          - 9455.00000      -  16.5 1155s
 5149968 2797962 infeasible   65               - 9455.00000      -  16.5 1160s
 5166396 2806027 9665.00000   55   31          - 9455.00915      -  16.5 1165s
 5184286 2814710 infeasible   54               - 9455.02761      -  16.5 1171s
 5194692 2819449 9583.00000   58   25          - 9455.10484      -  16.5 1175s
 5213225 2827987 9563.89092   50   11          - 9455.25316      -  16.6 1180s
 5230978 2836509 9531.82380   47   89          - 9455.37931      -  16.6 1185s
 5250395 2846853 9537.50466   57   29          - 9455.52963      -  16.6 1190s
 5267153 2854398 9520.15530   62   30          - 9455.70001      -  16.6 1195s
 5282031 2860894 9469.05130   44   21          - 9455.82053      -  16.6 1200s
 5300599 2869761 9563.52008   51   42          - 9455.95198      -  16.6 1205s
 5318926 2877427 9456.47425   42   62          - 9455.96382      -  16.6 1210s
 5338823 2886605 9514.00000   47   65          - 9456.00144      -  16.6 1215s
 5356162 2893446 infeasible   57               - 9456.14431      -  16.7 1220s
 5368953 2899287 9640.00000   42   46          - 9456.30177      -  16.7 1225s
 5387751 2907320 9473.42963   46   78          - 9456.60466      -  16.7 1230s
 5406709 2916197 infeasible   70               - 9456.84985      -  16.7 1235s
 5409077 2919390 9699.00000   49   34          - 9456.88170      -  16.7 1240s
 5437817 2929318 9690.00000   73   12          - 9457.00000      -  16.7 1245s
 5457417 2939253 9640.13286   53   22          - 9457.00000      -  16.7 1250s
 5470658 2946886 9639.00000   68   19          - 9457.00000      -  16.7 1255s
 5490819 2957281 infeasible   61               - 9457.00000      -  16.7 1260s
 5508850 2967777 9584.92000   48   38          - 9457.00000      -  16.8 1265s
 5528376 2976991 9573.35700   49   60          - 9457.08912      -  16.8 1270s
 5539084 2981483 9586.48000   52   30          - 9457.19708      -  16.8 1275s
 5557637 2989642 infeasible   44               - 9457.29533      -  16.8 1280s
 5576737 2998235 9498.00000   52   28          - 9457.57902      -  16.8 1285s
 5594859 3005215 9651.48148   71    8          - 9457.84987      -  16.8 1290s
 5613152 3013081 9483.00000   50   20          - 9457.89947      -  16.8 1295s
 5629509 3019619 infeasible   74               - 9458.00000      -  16.8 1301s
 5644499 3026683 9541.70825   54   44          - 9458.09877      -  16.8 1305s
 5662076 3033845 9694.92615   49   52          - 9458.26327      -  16.9 1310s
 5680535 3041468 infeasible   39               - 9458.56093      -  16.9 1315s
 5699455 3050009 infeasible   65               - 9458.86930      -  16.9 1320s
 5718536 3058332 9635.00000   47   32          - 9459.00000      -  16.9 1325s
 5729047 3063518 infeasible   47               - 9459.00000      -  16.9 1330s
 5748188 3071409 9675.41453   71   36          - 9459.11996      -  16.9 1335s
 5767036 3079949 9472.00161   50   57          - 9459.16724      -  16.9 1340s
 5784644 3087160 9636.68683   46  108          - 9459.29924      -  16.9 1345s
 5802016 3093322 infeasible   51               - 9459.55284      -  16.9 1350s
 5814307 3098333 infeasible   54               - 9459.72476      -  17.0 1355s
 5832929 3106367 9650.00000   73   19          - 9459.96382      -  17.0 1360s
 5850353 3114733 9660.00000   59   45          - 9460.00000      -  17.0 1365s
 5867642 3122944 9592.85757   63   77          - 9460.00000      -  17.0 1370s
 5881262 3128842 9689.01779   67   39          - 9460.11659      -  17.0 1375s
 5899136 3135433 infeasible   64               - 9460.35888      -  17.0 1380s
 5918890 3144581 9507.00000   49   44          - 9460.61151      -  17.0 1385s
 5937587 3152434 9653.43407   39  106          - 9460.82053      -  17.0 1390s
 5950766 3158350 9639.00000   50   23          - 9461.00000      -  17.0 1395s
 5969218 3165086 9593.00000   56   63          - 9461.00000      -  17.1 1400s
 5987393 3173781 9675.00000   55   28          - 9461.00198      -  17.1 1405s
 6005611 3180657 infeasible   54               - 9461.17926      -  17.1 1410s
 6022831 3187424 9554.25603   48   32          - 9461.32544      -  17.1 1415s
 6034927 3191582 infeasible   59               - 9461.47730      -  17.1 1420s
 6052615 3198539 9646.00000   54   38          - 9461.80355      -  17.1 1425s
 6071657 3206219 9652.31000   40   48          - 9461.96494      -  17.1 1430s
 6088720 3213149 infeasible   44               - 9462.00000      -  17.1 1435s
 6105216 3222171 9513.29127   58   49          - 9462.00000      -  17.2 1440s
 6117520 3228468 9647.00000   43   69          - 9462.00000      -  17.2 1445s
 6136730 3236700 infeasible   50               - 9462.00915      -  17.2 1450s
 6154834 3244053 infeasible   56               - 9462.16349      -  17.2 1455s
 6172657 3251312 9525.34583   59   70          - 9462.38232      -  17.2 1460s
 6190226 3257463 9552.25806   48   58          - 9462.64493      -  17.2 1465s
 6209424 3264850 9587.96391   51   34          - 9462.92807      -  17.2 1470s
 6220567 3269934 9463.00000   48   14          - 9463.00000      -  17.2 1475s
 6237797 3279131 9512.20814   58   18          - 9463.00000      -  17.2 1480s
 6256069 3288169 infeasible   51               - 9463.05133      -  17.2 1485s
 6273941 3295001 9523.00000   56   42          - 9463.24555      -  17.3 1490s
 6292641 3302875 9504.00000   67   30          - 9463.57554      -  17.3 1495s
 6311199 3310500 9568.56831   53   63          - 9463.85000      -  17.3 1500s
 6324017 3315341 9606.55591   71   30          - 9463.97744      -  17.3 1505s
 6343506 3323428 9640.00000   47   25          - 9464.00000      -  17.3 1510s
 6362471 3332607 9664.00000   39   42          - 9464.00000      -  17.3 1515s
 6379855 3339621 9490.45870   51   54          - 9464.10213      -  17.3 1520s
 6398932 3347400 9680.86381   56   29          - 9464.29277      -  17.3 1525s
 6402624 3351568 9689.00000   70    6          - 9464.30192      -  17.3 1530s
 6429349 3360162 infeasible   56               - 9464.63131      -  17.3 1535s
 6448022 3367803 9651.00000   51   20          - 9464.82857      -  17.3 1540s
 6466883 3376003 9651.00000   51   29          - 9464.97269      -  17.4 1545s
 6483740 3382406 9693.01409   58   36          - 9465.03805      -  17.4 1550s
 6498747 3388263 9557.73523   39   80          - 9465.22904      -  17.4 1555s
 6516156 3394880 infeasible   58               - 9465.48270      -  17.4 1560s
 6534123 3401601 9466.38437   45   65          - 9465.84479      -  17.4 1565s
 6553517 3409406 9668.69051   78   31          - 9466.00000      -  17.4 1570s
 6570415 3416347 infeasible   73               - 9466.10775      -  17.4 1575s
 6584616 3422079 9484.42309   53   47          - 9466.26327      -  17.4 1580s
 6603364 3429058 9667.55866   42   46          - 9466.61151      -  17.4 1585s
 6621509 3435752 9535.96382   63   19          - 9466.89545      -  17.4 1590s
 6637817 3442307 9530.77880   59   40          - 9467.00000      -  17.4 1595s
 6649930 3447826 9479.76923   43   13          - 9467.00000      -  17.4 1600s
 6667894 3456446 9535.05715   46   85          - 9467.00000      -  17.5 1605s
 6687117 3465848 9532.85915   62   17          - 9467.00000      -  17.5 1610s
 6705757 3475205 infeasible   75               - 9467.00000      -  17.5 1615s
 6723876 3484648 9652.00000   38   56          - 9467.00000      -  17.5 1620s
 6742426 3495094 infeasible   71               - 9467.00000      -  17.5 1625s
 6753678 3501247 9509.57065   46   75          - 9467.00814      -  17.5 1630s
 6770285 3507954 infeasible   62               - 9467.05867      -  17.5 1635s
 6788612 3514314 9660.74277   41  112          - 9467.21583      -  17.5 1640s
 6805863 3521646 9613.00000   65   34          - 9467.44696      -  17.5 1645s
 6817877 3525513 infeasible   54               - 9467.64516      -  17.5 1650s
 6834683 3531382 9689.61706   37   67          - 9467.92004      -  17.6 1655s
 6854157 3538702 9650.44536   45   50          - 9468.00000      -  17.6 1660s
 6872521 3546364 9682.00000   49   20          - 9468.12180      -  17.6 1665s
 6890334 3554505 infeasible   46               - 9468.23075      -  17.6 1670s
 6903109 3558632 9670.00000   50   10          - 9468.26327      -  17.6 1675s
 6920091 3564974 infeasible   51               - 9468.44898      -  17.6 1680s
 6938107 3571612 9699.06396   52   53          - 9468.69566      -  17.6 1685s
 6953739 3577525 9519.16032   49   53          - 9468.99999      -  17.6 1690s
 6973315 3585363 9495.00000   56   33          - 9469.00000      -  17.6 1695s
 6991111 3592638 infeasible   52               - 9469.04851      -  17.6 1700s
 7006421 3598314 9649.00000   39   24          - 9469.12229      -  17.6 1705s
 7025076 3604258 9529.00000   53   60          - 9469.28787      -  17.6 1710s
 7041905 3611584 9685.00000   65   23          - 9469.44011      -  17.6 1715s
 7060010 3617588 9696.10804   59   45          - 9469.76139      -  17.6 1720s
 7074326 3622454 9688.00000   66   43          - 9469.96382      -  17.7 1725s
 7088679 3627312 9568.00000   54   25          - 9470.00000      -  17.7 1730s
 7105313 3633900 9553.59014   56   88          - 9470.09877      -  17.7 1735s
 7121380 3639088 9669.58195   68   51          - 9470.15385      -  17.7 1740s
 7137762 3644697 9675.05975   51   52          - 9470.17517      -  17.7 1745s
 7150488 3648970 9639.82054   54   17          - 9470.33230      -  17.7 1750s
 7165924 3654303 infeasible   48               - 9470.55988      -  17.7 1755s
 7183973 3660400 infeasible   48               - 9470.78307      -  17.7 1760s
 7201046 3666075 9683.18085   52   40          - 9471.00000      -  17.7 1765s
 7214772 3671659 infeasible   46               - 9471.00000      -  17.7 1770s
 7234403 3680982 9628.00000   55   23          - 9471.00000      -  17.8 1775s
 7249335 3687125 9689.00000   68    4          - 9471.05187      -  17.8 1780s
 7266397 3692683 9685.82054   56   20          - 9471.20412      -  17.8 1785s
 7280084 3697596 infeasible   53               - 9471.36344      -  17.8 1790s
 7297743 3703457 9696.00000   49    7          - 9471.65729      -  17.8 1795s
 7315544 3709552 infeasible   52               - 9471.90661      -  17.8 1800s

Cutting planes:
  Learned: 47
  Gomory: 144
  Cover: 195
  Implied bound: 31
  Clique: 6
  MIR: 221
  StrongCG: 28
  Flow cover: 764
  Inf proof: 3
  Zero half: 18
  Network: 6
  RLT: 16
  Relax-and-lift: 40

Explored 7315806 nodes (130218357 simplex iterations) in 1800.01 seconds (1582.27 work units)
Thread count was 8 (of 8 available processors)

Solution count 0

Time limit reached
Best objective -, best bound 9.471920118491e+03, gap -

User-callback calls 14994702, time in user-callback 69.49 sec

Statistics for modelBPKW_BKRW_BSNF_O:
  Linear constraint matrix    : 4441 Constrs, 2168 Vars, 16376 NZs
  Variable types              : 838 Continuous,
1330 Integer (358 Binary)
  Matrix coefficient range    : [ 1, 368 ]
  Objective coefficient range : [ 1, 368 ]
  Variable bound range        : [ 1, 199 ]
  RHS coefficient range       : [ 1, 9700.02 ]
