
Gurobi 10.0.1 (linux64) logging started Mon Apr  1 16:23:29 2024

Set parameter LogFile to value "/data/optimi/optimi/kombadon/drings/SBahn/s-bahn-data/scripts/DeniseMA/processed/BPKW_BKRW_BSNF_O/RINS/BPKW_BKRW_BSNF_O_202403312232_random1_0.6.log"
Gurobi Optimizer version 10.0.1 build v10.0.1rc0 (linux64)

CPU model: Intel(R) Xeon(R) CPU E3-1270 v6 @ 3.80GHz, instruction set [SSE2|AVX|AVX2]
Thread count: 4 physical cores, 8 logical processors, using up to 8 threads

Optimize a model with 4431 rows, 2168 columns and 16366 nonzeros
Model fingerprint: 0x64ef78f7
Variable types: 838 continuous, 1330 integer (358 binary)
Coefficient statistics:
  Matrix range     [1e+00, 4e+02]
  Objective range  [1e+00, 4e+02]
  Bounds range     [1e+00, 2e+02]
  RHS range        [1e+00, 1e+04]

User MIP start did not produce a new incumbent solution
User MIP start violates constraint objective_cutoff by 97.980000000

Presolve removed 2219 rows and 879 columns
Presolve time: 0.04s
Presolved: 2212 rows, 1289 columns, 9173 nonzeros
Variable types: 436 continuous, 853 integer (853 binary)

Root relaxation: objective 8.790000e+03, 754 iterations, 0.01 seconds (0.01 work units)
Another try with MIP start

    Nodes    |    Current Node    |     Objective Bounds      |     Work
 Expl Unexpl |  Obj  Depth IntInf | Incumbent    BestBd   Gap | It/Node Time

     0     0 8790.00000    0   51          - 8790.00000      -     -    0s
     0     0 8790.71572    0  151          - 8790.71572      -     -    0s
     0     0 8790.71572    0  149          - 8790.71572      -     -    0s
     0     0 8798.57143    0  135          - 8798.57143      -     -    0s
     0     0 8798.57143    0  125          - 8798.57143      -     -    0s
     0     0 8799.06607    0  104          - 8799.06607      -     -    0s
     0     0 8799.06607    0  103          - 8799.06607      -     -    0s
     0     0 8799.07965    0  118          - 8799.07965      -     -    0s
     0     0 8799.07965    0  118          - 8799.07965      -     -    0s
     0     0 8799.27293    0  147          - 8799.27293      -     -    0s
     0     0 8829.57143    0  125          - 8829.57143      -     -    0s
     0     0 8829.57143    0  149          - 8829.57143      -     -    0s
     0     0 8829.57143    0  157          - 8829.57143      -     -    0s
     0     0 8829.57143    0  126          - 8829.57143      -     -    0s
     0     0 8829.57143    0  123          - 8829.57143      -     -    0s
     0     0 8829.57143    0  111          - 8829.57143      -     -    0s
     0     0 8829.57143    0  117          - 8829.57143      -     -    0s
     0     0 8829.57143    0  113          - 8829.57143      -     -    0s
     0     0 8829.57143    0   64          - 8829.57143      -     -    0s
     0     2 8829.57143    0   57          - 8829.57143      -     -    0s
 18471 10544 9272.62271   47   61          - 9000.57143      -  12.7    5s
 30126 16817 9604.15255   69  185          - 9135.43050      -  11.9   10s
 30174 16849 9563.00000   89  131          - 9187.30429      -  11.8   15s
 45816 24349 9265.52000   36   54          - 9231.99988      -  12.9   20s
 70803 32430 9528.00000   50   28          - 9263.83405      -  13.5   25s
 97840 46442 9637.66667   74   17          - 9278.31405      -  13.9   30s
 122704 66083 9418.44000   61   31          - 9278.31405      -  14.2   35s
 146404 83525 9658.00000   72   43          - 9278.31405      -  14.4   40s
 175427 104652 infeasible   69               - 9278.31405      -  14.4   45s
 200608 121744 9411.00000   51   28          - 9278.72228      -  14.5   50s
 222731 137862 9416.00000   59   10          - 9280.00000      -  14.6   55s
 251339 158796 9416.16853   73   28          - 9280.00000      -  14.7   60s
 279362 178671 9508.00000   73   16          - 9280.00000      -  14.8   65s
 301967 194240 9462.28024   57   13          - 9280.00000      -  14.9   70s
 327368 212782 9416.26024   52   47          - 9280.24356      -  14.9   75s
 354115 230841 9411.00000   49   38          - 9281.37311      -  15.0   80s
 380101 247832 9680.28571   58   28          - 9282.72371      -  14.9   85s
 406689 265503 9589.00000   66   21          - 9284.31405      -  15.0   90s
 425098 276771 9663.97479   66   27          - 9285.01600      -  15.2   95s
 450556 294499 9436.00000   53   31          - 9285.71525      -  15.3  100s
 478052 312748 9583.53473   82   35          - 9286.82320      -  15.4  105s
 506937 332414 9431.00000   67   27          - 9288.69405      -  15.3  110s
 529673 347900 9625.69784   76   29          - 9289.30008      -  15.3  115s
 557129 365956 9466.18511   59   33          - 9290.36446      -  15.3  120s
 579639 381243 9420.12089   63   34          - 9290.90526      -  15.3  125s
 606780 400193 9370.03212   51   55          - 9291.36349      -  15.3  130s
 633356 419878 9340.50153   57   59          - 9291.50153      -  15.2  135s
 655750 434175 infeasible   60               - 9292.05041      -  15.2  140s
 682286 451644 9307.09774   55   46          - 9293.09774      -  15.2  145s
 705685 466978 9700.00000   82   14          - 9293.89333      -  15.2  150s
 734728 486090 9630.00000   45   61          - 9294.49904      -  15.1  155s
 756856 501595 9474.00000   71   22          - 9296.00000      -  15.0  160s
 789641 521672 infeasible   80               - 9296.57405      -  15.0  165s
 816595 538450 9576.53532   58   49          - 9298.12960      -  15.0  171s
 835169 551449 infeasible   62               - 9298.31405      -  15.0  175s
 860836 570305 9642.44259   75   36          - 9298.31405      -  15.0  180s
 889363 590449 9536.28814   68   55          - 9298.31405      -  15.0  185s
 915705 607610 9298.55761   55   85          - 9298.55761      -  15.1  190s
 943948 626198 9545.06205   52   48          - 9299.75485      -  15.1  195s
 968299 642722 9531.30400   63   29          - 9300.00000      -  15.0  200s
 992202 659344 9300.00000   44   43          - 9300.00000      -  15.0  205s
 1018418 677628 9586.00000   75   22          - 9300.00000      -  15.1  210s
 1046523 697438 9481.30400   53   50          - 9300.00000      -  15.1  215s
 1072526 715152 9570.00000   73   40          - 9300.00000      -  15.1  220s
 1100124 732435 9513.72764   83   49          - 9300.42289      -  15.2  225s
 1117061 742804 9621.00000   71   12          - 9300.43750      -  15.2  230s
 1135568 756474 9554.00000   75   22          - 9300.43750      -  15.3  235s
 1158273 771747 9590.00000   65   59          - 9300.43750      -  15.5  240s
 1180660 785721 9688.00000   64   35          - 9300.43750      -  15.6  245s
 1203222 800815 9549.22038   62   38          - 9300.43750      -  15.6  250s
 1227044 815407 9541.43750   56   74          - 9300.43750      -  15.7  255s
 1227516 816319 9574.00000   64   40          - 9300.43750      -  15.7  307s
 1238061 823364 9450.70037   48   61          - 9300.89811      -  15.7  310s
 1259423 835848 9436.00000   49   42          - 9301.34510      -  15.7  315s
 1285767 853748 9440.31267   46   61          - 9301.71611      -  15.7  320s
 1312375 870825 9455.50000   60   40          - 9302.15683      -  15.8  325s
 1335799 884335 infeasible   77               - 9303.21200      -  15.8  330s
 1355758 897088 infeasible   70               - 9304.06589      -  15.7  335s
 1385318 916197 9456.00000   53   54          - 9305.05016      -  15.7  340s
 1411594 932782 9484.00000   55   42          - 9305.44094      -  15.7  345s
 1440622 951316 infeasible   87               - 9306.00000      -  15.7  350s
 1467059 967583 9656.00000   78    9          - 9306.33213      -  15.7  355s
 1479007 979454 9453.00000   60   53          - 9306.33213      -  15.7  361s
 1506710 992775 infeasible   67               - 9307.08456      -  15.7  365s
 1534125 1009617 9513.00000   61   32          - 9307.42768      -  15.7  370s
 1562965 1028768 infeasible   69               - 9308.65888      -  15.7  375s
 1592296 1046587 infeasible   52               - 9309.41374      -  15.6  380s
 1604362 1055151 9521.02530   49   56          - 9309.43750      -  15.7  385s
 1633063 1073078 9476.30400   48   32          - 9309.98428      -  15.7  390s
 1662327 1092409 infeasible   84               - 9310.36446      -  15.6  395s
 1686887 1109523 9600.26998   62   41          - 9310.76580      -  15.6  400s
 1712681 1124926 9576.00000   78   35          - 9310.96393      -  15.6  405s
 1732676 1137749 9437.00719   66   63          - 9311.12727      -  15.6  410s
 1759745 1155205 9311.62457   52   60          - 9311.41179      -  15.6  415s
 1775513 1163508 9332.24434   49   58          - 9311.56079      -  15.6  420s
 1798628 1180210 9532.50685   62   45          - 9311.80684      -  15.6  425s
 1827799 1198379 infeasible   98               - 9312.03644      -  15.6  430s
 1853339 1215619 9585.00000   71   41          - 9312.31405      -  15.6  435s
 1880391 1232742 9654.20630   78   48          - 9312.62055      -  15.5  440s
 1907156 1250738 infeasible   53               - 9312.67000      -  15.5  445s
 1929987 1264933 9554.80000   62   37          - 9313.05653      -  15.5  450s
 1955518 1281845 9449.09774   55   42          - 9313.09774      -  15.5  455s
 1981651 1298537 infeasible   64               - 9313.53524      -  15.5  460s
 1998792 1308906 9688.00000   59   40          - 9313.68113      -  15.5  465s
 2023486 1326003 9551.00000   70   48          - 9314.31405      -  15.5  470s
 2050193 1342129 9457.50275   56   43          - 9314.49904      -  15.4  475s
 2077156 1358931 9582.16140   72   44          - 9315.41179      -  15.4  480s
 2107040 1377611 9615.35971   94   56          - 9316.00000      -  15.4  485s
 2129099 1391097 9612.70000   64   28          - 9316.09532      -  15.4  490s
 2155624 1408643 9458.76197   63   39          - 9316.44831      -  15.4  495s
 2180929 1427822 9570.22857   78   23          - 9316.44831      -  15.4  500s
 2199693 1441119 9476.00652   57   53          - 9316.59824      -  15.4  505s
 2226374 1457211 9545.81153   73   45          - 9317.00000      -  15.3  510s
 2253385 1474841 9693.00000   75   16          - 9317.31405      -  15.3  515s
 2271910 1487382 9450.09259   50   21          - 9317.40664      -  15.3  520s
 2299412 1505631 9505.00000   55   21          - 9317.65644      -  15.3  525s
 2327066 1524487 infeasible   69               - 9317.92014      -  15.3  530s
 2354173 1542963 9605.00000   87   23          - 9318.13426      -  15.3  535s
 2371813 1555602 9694.00000   62   32          - 9318.13426      -  15.3  540s
 2396938 1571641 9500.00000   53   41          - 9318.31405      -  15.3  545s
 2423511 1587907 9631.00000   73   15          - 9318.75084      -  15.3  550s
 2447622 1604522 9542.11834   62   31          - 9319.00000      -  15.3  555s
 2472514 1621595 9504.26001   60   38          - 9319.09259      -  15.3  560s
 2487359 1631830 9510.28539   69   25          - 9319.24356      -  15.4  565s
 2513487 1646371 9622.00000   86   14          - 9319.43750      -  15.4  570s
 2537065 1662122 9609.00000   83   35          - 9319.60609      -  15.4  575s
 2562631 1678643 infeasible   72               - 9319.60609      -  15.4  580s
 2580428 1690371 infeasible   78               - 9319.87556      -  15.4  585s
 2604936 1706869 9456.00000   51   52          - 9320.00000      -  15.4  590s
 2628315 1722244 9428.52000   53   56          - 9320.00000      -  15.4  595s
 2655708 1738604 infeasible   58               - 9320.43750      -  15.4  600s
 2681011 1754379 9597.00000   64   26          - 9320.53405      -  15.4  605s
 2699944 1767007 9450.48957   57   39          - 9320.71525      -  15.4  610s
 2722756 1783522 9609.00000   80   27          - 9320.89338      -  15.4  615s
 2750969 1801066 9482.83963   56   52          - 9321.26998      -  15.4  620s
 2777522 1820390 infeasible   77               - 9321.53524      -  15.4  625s
 2805037 1837250 9693.00000   90   30          - 9321.96476      -  15.4  630s
 2832263 1854088 9619.17210   68   37          - 9322.28703      -  15.4  635s
 2850867 1866253 9626.67000   62   19          - 9322.55639      -  15.4  640s
 2877170 1882057 9569.69653   62   43          - 9322.70827      -  15.4  645s
 2903644 1899814 9616.92642   59   39          - 9322.99910      -  15.4  650s
 2926091 1916229 9534.10684   55   35          - 9323.14652      -  15.3  655s
 2948275 1928972 9693.00000   85   12          - 9323.47005      -  15.3  660s
 2976097 1947341 infeasible   72               - 9323.88418      -  15.3  665s
 3002540 1965582 9475.67164   58   41          - 9324.20743      -  15.3  670s
 3021482 1978802 9516.72414   62   41          - 9324.20743      -  15.3  675s
 3049099 1997045 9688.50000   80   25          - 9324.31405      -  15.3  680s
 3075560 2014271 9465.90485   56   38          - 9324.31405      -  15.3  685s
 3094917 2025493 9457.27906   63   22          - 9324.55761      -  15.3  690s
 3118537 2041022 infeasible   76               - 9324.75418      -  15.3  695s
 3145078 2058023 9392.51079   53   38          - 9325.10386      -  15.3  700s
 3171953 2075059 9416.17988   50   36          - 9325.43750      -  15.3  705s
 3196550 2092789 9628.00000   61   27          - 9325.43750      -  15.3  710s
 3218976 2107552 9327.73007   53   67          - 9325.43750      -  15.3  715s
 3242044 2123300 infeasible   99               - 9325.68106      -  15.3  720s
 3268175 2141199 infeasible   54               - 9325.74550      -  15.3  725s
 3295491 2160094 9480.00000   66   16          - 9325.89338      -  15.3  730s
 3319464 2176059 9589.10552   51   67          - 9325.89338      -  15.3  735s
 3345140 2193204 9461.89338   46   58          - 9325.89338      -  15.3  740s
 3369420 2210096 9501.27500   66   50          - 9325.89338      -  15.3  745s
 3385075 2220327 9486.00000   67   24          - 9325.89338      -  15.3  750s
 3409425 2235499 9498.25774   63   16          - 9325.97544      -  15.3  755s
 3425524 2245676 infeasible   64               - 9326.00000      -  15.3  760s
 3448526 2260542 9676.00000   98   29          - 9326.00000      -  15.3  765s
 3477338 2279876 9558.53957   61   63          - 9326.07732      -  15.3  770s
 3504157 2297062 infeasible   69               - 9326.21207      -  15.3  775s
 3528989 2313094 9641.00000   85   24          - 9326.31405      -  15.3  780s
 3547733 2324809 9480.00000   57   25          - 9326.33088      -  15.3  785s
 3571138 2340765 9474.41787   69   27          - 9326.44353      -  15.3  790s
 3597377 2357426 9383.93675   55   62          - 9326.75515      -  15.3  795s
 3625071 2374414 9622.35375   59   53          - 9327.01058      -  15.3  800s
 3636770 2386061 9563.26998   63   40          - 9327.09774      -  15.3  806s
 3663355 2398259 9583.00000   76   31          - 9327.30181      -  15.3  810s
 3690329 2415174 9486.57218   52   54          - 9327.50991      -  15.3  815s
 3717533 2432202 9522.52613   51   76          - 9327.78598      -  15.3  820s
 3742683 2448675 9630.00000   62   74          - 9328.00000      -  15.3  825s
 3761217 2461480 9548.67000   60   33          - 9328.06998      -  15.3  830s
 3786309 2477392 9602.00000   53   24          - 9328.31405      -  15.3  835s
 3813858 2494893 9626.17988   54   45          - 9328.60453      -  15.3  840s
 3829242 2504343 9581.64977   47   46          - 9328.74696      -  15.3  845s
 3854342 2518845 infeasible   52               - 9329.07595      -  15.3  850s
 3880082 2534811 9569.00000   57   44          - 9329.17017      -  15.3  855s
 3905700 2552175 9650.00000   84   28          - 9329.34000      -  15.3  860s
 3930822 2567796 9589.00000   57   22          - 9329.59644      -  15.3  865s
 3957439 2584511 9616.58137   81   39          - 9330.00000      -  15.3  870s
 3985157 2601857 9681.00000   80   25          - 9330.12089      -  15.3  875s
 4006796 2616439 infeasible   56               - 9330.24321      -  15.3  880s
 4033703 2635061 infeasible   74               - 9330.45975      -  15.3  885s
 4051760 2646582 9617.40678   82   27          - 9330.70014      -  15.3  890s
 4078859 2663667 9562.00000   62   34          - 9330.89338      -  15.2  895s
 4102679 2678985 9562.98630   59   32          - 9331.00000      -  15.3  900s
 4129005 2695652 9626.34405   66   60          - 9331.37849      -  15.2  905s
 4155516 2711208 9525.00000   52   27          - 9331.61738      -  15.2  910s
 4177851 2725128 9486.00000   58   30          - 9331.89338      -  15.2  915s
 4201735 2740590 infeasible   73               - 9331.91049      -  15.2  920s
 4228072 2758234 9638.83306   61   75          - 9332.22552      -  15.2  925s
 4252494 2774582 9399.25453   58   56          - 9332.28065      -  15.2  930s
 4279217 2792453 9466.24170   58   49          - 9332.40664      -  15.2  935s
 4305029 2811972 9495.00000   74   31          - 9332.40664      -  15.2  940s
 4333774 2831042 infeasible   63               - 9332.40664      -  15.2  945s
 4349553 2843401 9537.00000   51   40          - 9332.40664      -  15.2  950s
 4377009 2861873 9481.09259   57   70          - 9332.40664      -  15.3  955s
 4400843 2877953 9628.00000   72   10          - 9332.43750      -  15.3  960s
 4428860 2895251 9475.23494   68   37          - 9332.81487      -  15.3  965s
 4455357 2911667 9537.69653   51   44          - 9333.05993      -  15.2  970s
 4471335 2921273 9347.68188   50   52          - 9333.13188      -  15.2  975s
 4499408 2938934 9628.00000   78   28          - 9333.39210      -  15.2  980s
 4523553 2953960 9526.26998   52   40          - 9333.53524      -  15.2  985s
 4549706 2970666 infeasible   56               - 9333.83426      -  15.2  990s
 4577190 2989451 infeasible   61               - 9334.01818      -  15.2  995s
 4601708 3005687 9570.00000   66   15          - 9334.09259      -  15.2 1000s
 4619870 3017467 9470.83411   54   62          - 9334.09259      -  15.2 1005s
 4642271 3032926 9594.93103   62   32          - 9334.09259      -  15.3 1010s
 4669319 3050489 infeasible   70               - 9334.29435      -  15.3 1015s
 4692416 3065134 9506.40856   53   39          - 9334.31405      -  15.3 1020s
 4707558 3074517 9483.12991   57   64          - 9334.44396      -  15.3 1025s
 4732891 3092007 9623.00000   72   12          - 9334.53009      -  15.3 1030s
 4758729 3110311 infeasible   67               - 9334.69758      -  15.3 1035s
 4786226 3125376 9505.00000   60   19          - 9335.00000      -  15.3 1040s
 4811636 3141005 infeasible   69               - 9335.09774      -  15.3 1045s
 4839021 3157662 infeasible   69               - 9335.37985      -  15.3 1050s
 4851833 3166415 9553.00000   86   27          - 9335.43750      -  15.3 1055s
 4873769 3181033 9684.00000   65    9          - 9335.53859      -  15.3 1060s
 4900673 3197666 9511.59429   62   32          - 9335.81920      -  15.3 1065s
 4925344 3215093 9488.78140   49   36          - 9336.00000      -  15.3 1070s
 4953015 3230114 9664.66667   54   37          - 9336.00000      -  15.3 1075s
 4979617 3247070 9511.27872   69   41          - 9336.30370      -  15.3 1080s
 4998408 3259109 9650.00000   87   20          - 9336.43750      -  15.3 1085s
 5023260 3275270 9469.28309   53   29          - 9336.59714      -  15.3 1090s
 5050419 3292811 9573.00000   78   13          - 9336.92755      -  15.3 1095s
 5074430 3307512 infeasible   71               - 9337.06823      -  15.3 1100s
 5100695 3324303 9597.69000   74   25          - 9337.11986      -  15.3 1105s
 5119043 3336500 9337.30517   44   60          - 9337.30517      -  15.3 1110s
 5142367 3352816 9565.00000   55   37          - 9337.31405      -  15.3 1115s
 5168392 3369401 9545.00000   71   39          - 9337.48419      -  15.3 1120s
 5194447 3385506 9576.00000   74   18          - 9337.62486      -  15.3 1125s
 5220730 3402135 9520.20270   63   35          - 9337.97696      -  15.3 1130s
 5240731 3414266 9487.90184   60   57          - 9338.06168      -  15.2 1135s
 5267576 3430417 infeasible   82               - 9338.24434      -  15.2 1140s
 5289896 3445954 9338.38334   52   46          - 9338.37527      -  15.2 1145s
 5315934 3462987 9457.26998   53   54          - 9338.53524      -  15.2 1150s
 5343552 3479048 9477.16706   75   53          - 9338.69366      -  15.2 1156s
 5359278 3489658 9410.66667   55   48          - 9338.76190      -  15.2 1160s
 5386513 3506758 9490.95368   56   47          - 9338.95368      -  15.2 1165s
 5410645 3521182 infeasible   62               - 9338.99112      -  15.2 1171s
 5428098 3533333 9658.00000   76   17          - 9339.09774      -  15.2 1175s
 5452879 3548282 infeasible   50               - 9339.23344      -  15.2 1180s
 5479593 3565150 9527.22684   71   48          - 9339.41791      -  15.2 1185s
 5503333 3580023 9531.00000   65   61          - 9339.54444      -  15.2 1190s
 5530089 3595765 9513.16191   63   27          - 9339.94444      -  15.2 1195s
 5551660 3611277 9523.00000   66   21          - 9340.00000      -  15.2 1200s
 5577504 3628550 infeasible   79               - 9340.01115      -  15.2 1205s
 5596561 3639572 9340.09259   54   60          - 9340.09259      -  15.2 1210s
 5621564 3655086 9508.50000   61   52          - 9340.20743      -  15.2 1215s
 5649078 3672567 9515.12991   57   20          - 9340.43750      -  15.2 1220s
 5675857 3689586 9502.18499   68   27          - 9340.60870      -  15.2 1225s
 5702256 3705588 9521.09889   57   37          - 9340.89446      -  15.1 1230s
 5729652 3723219 infeasible   73               - 9341.00983      -  15.1 1235s
 5754585 3739410 9457.58064   58   46          - 9341.26998      -  15.1 1240s
 5765602 3746450 9504.52368   74   28          - 9341.42571      -  15.1 1245s
 5793167 3763486 9464.75000   60   46          - 9341.65072      -  15.1 1250s
 5821386 3781007 9501.55896   75   40          - 9341.89338      -  15.1 1255s
 5849678 3797397 9533.00000   50   26          - 9342.00000      -  15.1 1260s
 5878207 3814888 9550.65644   57   64          - 9342.17871      -  15.1 1265s
 5903019 3829407 9585.00000   75   15          - 9342.31405      -  15.1 1270s
 5928815 3846168 9483.39990   59   38          - 9342.41191      -  15.1 1275s
 5936428 3854204 9485.46751   68   37          - 9342.49872      -  15.1 1280s
 5968486 3870053 9458.45032   57   72          - 9342.77186      -  15.1 1285s
 5995762 3885492 infeasible   51               - 9343.08328      -  15.1 1290s
 6016852 3898406 9634.00000   48   38          - 9343.26206      -  15.1 1295s
 6042635 3915852 9416.00000   49   59          - 9343.43750      -  15.1 1300s
 6070803 3933106 9479.31725   53   59          - 9343.62498      -  15.1 1305s
 6084201 3941737 9452.39511   55   43          - 9343.76190      -  15.1 1310s
 6109772 3957812 9517.00000   68   13          - 9343.98072      -  15.1 1315s
 6133875 3974113 infeasible   62               - 9344.00000      -  15.1 1320s
 6158418 3989208 9600.04000   56   37          - 9344.03658      -  15.1 1325s
 6183723 4004308 infeasible   59               - 9344.18468      -  15.1 1330s
 6209415 4019685 9503.26998   52   52          - 9344.25572      -  15.1 1335s
 6224998 4030082 9534.05699   61   26          - 9344.31405      -  15.1 1340s
 6246593 4044029 infeasible   67               - 9344.36162      -  15.1 1345s
 6273599 4061137 9503.12991   62   37          - 9344.55761      -  15.1 1350s
 6298094 4075323 9438.62022   53   45          - 9344.75764      -  15.1 1355s
 6323029 4090334 9607.00000   58   48          - 9345.00000      -  15.1 1360s
 6347929 4105824 9523.17988   68   37          - 9345.17988      -  15.1 1365s
 6368190 4119471 9345.30400   48   39          - 9345.30400      -  15.0 1370s
 6395002 4136035 9614.91005   85   35          - 9345.43750      -  15.0 1375s
 6420015 4154149 9438.93750   46   43          - 9345.43750      -  15.0 1380s
 6444961 4169313 9569.00000   65   21          - 9345.58000      -  15.0 1385s
 6469895 4184322 9671.00000   62   26          - 9345.87500      -  15.0 1390s
 6482580 4195141 9499.06676   51   71          - 9345.87500      -  15.0 1397s
 6504919 4204074 9481.95182   52   60          - 9345.94167      -  15.0 1400s
 6529060 4220355 9549.57996   54   31          - 9346.01058      -  15.0 1405s
 6556828 4236786 9525.09259   55   60          - 9346.23941      -  15.0 1410s
 6579606 4251549 9643.61000   53   31          - 9346.37917      -  15.0 1415s
 6603691 4265336 9398.00000   53   33          - 9346.55725      -  15.0 1421s
 6619834 4275886 9501.86135   41   37          - 9346.76190      -  15.0 1425s
 6644876 4292332 infeasible   81               - 9346.90196      -  15.0 1430s
 6670988 4307711 9595.36157   65   32          - 9347.06823      -  15.0 1435s
 6695252 4323506 9500.42121   60   26          - 9347.18093      -  15.0 1440s
 6720327 4338321 9537.93690   67   52          - 9347.42768      -  15.0 1445s
 6746885 4354956 infeasible   72               - 9347.53524      -  15.0 1450s
 6754870 4364549 infeasible   92               - 9347.60756      -  15.0 1455s
 6787436 4379906 infeasible   60               - 9347.91862      -  15.0 1460s
 6811469 4394939 9509.15055   70   28          - 9348.12955      -  15.0 1465s
 6836476 4410468 9618.00000   71   36          - 9348.39324      -  15.0 1470s
 6852018 4419540 infeasible   68               - 9348.51176      -  15.0 1475s
 6876013 4434519 9501.43726   63   52          - 9348.75418      -  15.0 1480s
 6901557 4449894 9350.00000   59   38          - 9349.00000      -  15.0 1485s
 6924172 4462791 9549.50595   60   44          - 9349.09774      -  15.0 1490s
 6951211 4479729 9498.64368   54   41          - 9349.31405      -  15.0 1495s
 6977728 4495690 9545.00000   57   54          - 9349.45379      -  15.0 1500s
 7003573 4510917 9578.00000   63   34          - 9349.73280      -  15.0 1505s
 7018096 4520299 9540.79991   49   41          - 9349.85316      -  15.0 1510s
 7045942 4536499 9678.00000   67   29          - 9350.00000      -  15.0 1515s
 7074676 4552691 infeasible   75               - 9350.12548      -  14.9 1520s
 7099377 4567359 9483.14329   57   36          - 9350.40182      -  14.9 1525s
 7123626 4582252 9488.94000   66   31          - 9350.49941      -  14.9 1530s
 7138191 4591365 9635.00000   90   21          - 9350.59154      -  14.9 1535s
 7162171 4606552 9590.31818   60   41          - 9350.82679      -  14.9 1540s
 7187971 4621254 9681.72299   82   23          - 9351.00000      -  14.9 1545s
 7212447 4636806 infeasible   55               - 9351.07357      -  14.9 1550s
 7238763 4653770 9486.97769   46   33          - 9351.15035      -  14.9 1555s
 7260147 4665078 9354.20968   54   64          - 9351.27791      -  14.9 1560s
 7278321 4676143 9490.57069   61   33          - 9351.32825      -  14.9 1565s
 7303790 4692252 9513.26365   60   61          - 9351.43750      -  14.9 1570s
 7328799 4707579 infeasible   65               - 9351.60525      -  14.9 1575s
 7350179 4719727 infeasible   92               - 9351.78220      -  14.9 1580s
 7374353 4735465 9493.30369   57   57          - 9351.96279      -  14.9 1585s
 7397667 4747197 9508.42868   67   50          - 9352.00983      -  14.9 1590s
 7417010 4757742 9352.49393   48   52          - 9352.19049      -  14.9 1595s
 7442960 4773782 9431.89338   49   72          - 9352.33088      -  14.9 1600s
 7468566 4789702 infeasible   62               - 9352.47914      -  14.9 1605s
 7492792 4804645 infeasible   60               - 9352.57374      -  14.9 1610s
 7505847 4813263 9619.00000   63   29          - 9352.59433      -  14.9 1615s
 7530107 4826446 9640.00000   51   28          - 9352.71438      -  14.9 1620s
 7555856 4842345 9529.34406   68   23          - 9352.93982      -  14.9 1625s
 7580091 4856454 9664.55899   60   29          - 9352.99112      -  14.9 1630s
 7605645 4873608 9519.66667   66   33          - 9353.07595      -  14.9 1635s
 7633441 4891364 9469.71648   54   55          - 9353.13403      -  14.9 1640s
 7651644 4901113 infeasible   55               - 9353.21953      -  14.9 1645s
 7676928 4916929 9693.00000   72   22          - 9353.41179      -  14.9 1650s
 7701918 4932314 infeasible   61               - 9353.57430      -  14.8 1655s
 7726847 4947117 infeasible   74               - 9353.71462      -  14.8 1660s
 7752257 4962532 9606.09259   51   58          - 9353.89899      -  14.8 1665s
 7765926 4970525 9602.00000   71   39          - 9353.99470      -  14.8 1670s
 7792385 4986798 9593.00000   85   18          - 9354.10110      -  14.8 1675s
 7815815 5001336 9524.00000   77   29          - 9354.25572      -  14.8 1680s
 7840014 5017291 9580.00000   73   19          - 9354.31405      -  14.8 1685s
 7861952 5031630 9618.00000   71   32          - 9354.31405      -  14.8 1690s
 7883320 5045467 9503.00000   50   62          - 9354.34212      -  14.9 1695s
 7905443 5058052 9546.00000   65   24          - 9354.49189      -  14.8 1700s
 7926934 5071235 infeasible   76               - 9354.69023      -  14.8 1705s
 7956346 5090152 9528.87912   73   25          - 9354.76190      -  14.8 1710s
 7982463 5106588 9587.31000   83   31          - 9354.98891      -  14.8 1715s
 7998641 5116313 9604.38353   48   68          - 9355.08987      -  14.8 1720s
 8022622 5130938 infeasible   53               - 9355.19859      -  14.8 1725s
 8048916 5145502 infeasible   58               - 9355.37139      -  14.8 1730s
 8072274 5160785 infeasible   55               - 9355.49393      -  14.8 1735s
 8096959 5175744 9488.55919   54   49          - 9355.69336      -  14.8 1740s
 8123143 5191665 9486.05645   53   47          - 9355.89338      -  14.8 1745s
 8132469 5201733 9559.61266   51   40          - 9355.92988      -  14.8 1751s
 8157915 5213453 9693.82222   68   40          - 9356.00000      -  14.8 1755s
 8181376 5228139 9644.00000   66   46          - 9356.17750      -  14.8 1760s
 8207496 5244452 9491.89338   64   56          - 9356.33088      -  14.8 1765s
 8232049 5259368 9492.00000   46   34          - 9356.43750      -  14.8 1770s
 8253239 5272579 9545.27906   60   10          - 9356.54415      -  14.8 1775s
 8269567 5281895 9656.31267   64   50          - 9356.67000      -  14.8 1780s
 8295616 5296627 9622.00000   82   35          - 9356.94364      -  14.8 1785s
 8319991 5311205 9401.10446   42   69          - 9357.07435      -  14.8 1790s
 8344331 5325256 infeasible   65               - 9357.09774      -  14.8 1795s
 8368495 5340869 9512.07131   57   41          - 9357.24434      -  14.8 1800s

Cutting planes:
  Learned: 89
  Gomory: 282
  Cover: 52
  Implied bound: 21
  Projected implied bound: 1
  Clique: 7
  MIR: 38
  StrongCG: 3
  Flow cover: 202
  Zero half: 5
  Network: 1
  RLT: 27
  Relax-and-lift: 13

Explored 8368934 nodes (123693709 simplex iterations) in 1800.02 seconds (1449.55 work units)
Thread count was 8 (of 8 available processors)

Solution count 0

Time limit reached
Best objective -, best bound 9.357244341046e+03, gap -

User-callback calls 17135434, time in user-callback 79.58 sec

Statistics for modelBPKW_BKRW_BSNF_O:
  Linear constraint matrix    : 4431 Constrs, 2168 Vars, 16366 NZs
  Variable types              : 838 Continuous,
1330 Integer (358 Binary)
  Matrix coefficient range    : [ 1, 368 ]
  Objective coefficient range : [ 1, 368 ]
  Variable bound range        : [ 1, 199 ]
  RHS coefficient range       : [ 1, 9700.02 ]
