
Gurobi 10.0.1 (linux64) logging started Mon Apr  1 14:53:29 2024

Set parameter LogFile to value "/data/optimi/optimi/kombadon/drings/SBahn/s-bahn-data/scripts/DeniseMA/processed/BPKW_BKRW_BSNF_O/RINS/BPKW_BKRW_BSNF_O_202403312232_random3_0.9.log"
Gurobi Optimizer version 10.0.1 build v10.0.1rc0 (linux64)

CPU model: Intel(R) Xeon(R) CPU E3-1270 v6 @ 3.80GHz, instruction set [SSE2|AVX|AVX2]
Thread count: 4 physical cores, 8 logical processors, using up to 8 threads

Optimize a model with 4441 rows, 2168 columns and 16376 nonzeros
Model fingerprint: 0xac11cd06
Variable types: 838 continuous, 1330 integer (358 binary)
Coefficient statistics:
  Matrix range     [1e+00, 4e+02]
  Objective range  [1e+00, 4e+02]
  Bounds range     [1e+00, 2e+02]
  RHS range        [1e+00, 1e+04]

User MIP start did not produce a new incumbent solution
User MIP start violates constraint objective_cutoff by 97.980000000

Presolve removed 2270 rows and 899 columns
Presolve time: 0.04s
Presolved: 2171 rows, 1269 columns, 8910 nonzeros
Variable types: 429 continuous, 840 integer (840 binary)

Root relaxation: objective 8.790000e+03, 750 iterations, 0.01 seconds (0.01 work units)
Another try with MIP start

    Nodes    |    Current Node    |     Objective Bounds      |     Work
 Expl Unexpl |  Obj  Depth IntInf | Incumbent    BestBd   Gap | It/Node Time

     0     0 8790.00000    0   40          - 8790.00000      -     -    0s
     0     0 8790.71572    0  124          - 8790.71572      -     -    0s
     0     0 8790.71572    0  127          - 8790.71572      -     -    0s
     0     0 8800.36434    0  109          - 8800.36434      -     -    0s
     0     0 8800.81152    0   99          - 8800.81152      -     -    0s
     0     0 8800.81152    0   99          - 8800.81152      -     -    0s
     0     0 8821.78364    0  110          - 8821.78364      -     -    0s
     0     0 8821.78364    0  101          - 8821.78364      -     -    0s
     0     0 8850.37903    0  115          - 8850.37903      -     -    0s
     0     0 8852.88666    0  111          - 8852.88666      -     -    0s
     0     0 8857.37637    0  116          - 8857.37637      -     -    0s
     0     0 8857.37637    0  116          - 8857.37637      -     -    0s
     0     0 8873.17109    0  112          - 8873.17109      -     -    0s
     0     0 8875.87236    0  110          - 8875.87236      -     -    0s
     0     0 8875.87236    0  109          - 8875.87236      -     -    0s
     0     0 8889.05765    0  103          - 8889.05765      -     -    0s
     0     0 8889.05765    0  102          - 8889.05765      -     -    0s
     0     0 8901.01049    0  101          - 8901.01049      -     -    0s
     0     0 8902.98291    0  102          - 8902.98291      -     -    0s
     0     0 8902.98291    0  100          - 8902.98291      -     -    0s
     0     0 8903.63508    0   99          - 8903.63508      -     -    0s
     0     0 8903.63508    0  100          - 8903.63508      -     -    0s
     0     0 8903.63508    0   99          - 8903.63508      -     -    0s
     0     0 8903.63508    0   96          - 8903.63508      -     -    0s
     0     0 8913.52827    0   89          - 8913.52827      -     -    0s
     0     0 8913.52827    0  115          - 8913.52827      -     -    0s
     0     0 8916.57143    0   69          - 8916.57143      -     -    0s
     0     0 8916.57143    0   81          - 8916.57143      -     -    0s
     0     0 8923.52827    0   57          - 8923.52827      -     -    0s
     0     0 8923.52827    0   76          - 8923.52827      -     -    0s
     0     0 8927.36434    0   66          - 8927.36434      -     -    0s
     0     0 8927.36434    0   61          - 8927.36434      -     -    0s
     0     2 8927.36434    0   61          - 8927.36434      -     -    0s
  9899  6624 9485.32783   33   69          - 9214.46102      -  16.1    5s
 29091 18966 9578.70455   47   60          - 9224.15990      -  16.4   10s
 37591 25273 9316.67935   41   53          - 9234.00000      -  16.3   15s
 64121 42200 9439.24930   56   33          - 9245.02813      -  15.9   20s
 85628 55590 9383.53969   26   62          - 9260.00000      -  15.8   25s
 113702 72284 9475.28947   39   55          - 9275.51961      -  15.6   30s
 136370 85602 9632.99407   48   76          - 9285.37255      -  15.9   35s
 161728 100931 9303.51872   28  130          - 9296.00000      -  16.1   40s
 183885 114498 infeasible   37               - 9302.88000      -  16.2   45s
 204181 127001 9404.93998   26   82          - 9310.04222      -  16.4   50s
 229858 142836 9524.00000   39   43          - 9314.00000      -  16.5   55s
 255412 158185 9460.85183   47   51          - 9319.36412      -  16.6   60s
 275732 170761 9342.54545   28   57          - 9324.00000      -  16.6   65s
 302494 186655 9503.79628   32   33          - 9328.69116      -  16.5   70s
 328427 202342 infeasible   86               - 9333.69116      -  16.5   75s
 350938 216034 9666.99485   42   42          - 9337.11068      -  16.5   80s
 371636 229181 9447.63963   41   55          - 9339.65842      -  16.4   85s
 399272 245623 9681.91208   49   49          - 9342.38978      -  16.4   90s
 426050 261826 infeasible   41               - 9344.55794      -  16.3   95s
 447707 275218 9564.54545   50   42          - 9346.86688      -  16.2  100s
 474400 291089 9446.00276   33   69          - 9349.54715      -  16.2  105s
 502069 307845 9700.00000   45   50          - 9351.77144      -  16.1  110s
 523392 319998 9429.86421   47   52          - 9353.62066      -  16.1  115s
 551328 336845 infeasible   41               - 9355.59500      -  16.0  120s
 577205 352034 9373.71846   34   99          - 9357.25907      -  16.0  125s
 603196 366895 9432.01768   60   46          - 9359.08392      -  15.9  130s
 624470 379078 infeasible   47               - 9360.13604      -  15.9  135s
 651952 395716 9452.43302   45   39          - 9361.74549      -  15.8  140s
 676790 409893 9416.24846   42   45          - 9363.31960      -  15.8  145s
 704353 425688 9402.59500   59   33          - 9364.80856      -  15.8  150s
 723905 436508 9697.19000   60   57          - 9365.69385      -  15.8  155s
 747794 450159 infeasible   61               - 9367.14731      -  15.9  160s
 772739 462613 9442.35500   36   50          - 9368.70000      -  15.9  165s
 793101 474465 9534.06128   46   80          - 9369.69460      -  15.9  170s
 819447 488210 9692.93998   38   62          - 9370.96973      -  15.9  175s
 844930 501477 9574.49056   46   47          - 9372.38443      -  15.9  180s
 861122 509429 9580.49021   46   33          - 9372.82078      -  16.0  185s
 885725 522113 infeasible   47               - 9374.08000      -  16.0  190s
 899977 532950 infeasible   71               - 9374.71985      -  16.0  196s
 928850 544095 9564.25385   60   26          - 9375.78829      -  16.1  200s
 952016 555428 9426.28044   24   46          - 9377.00778      -  16.1  205s
 976929 568593 9614.00000   53   28          - 9378.25631      -  16.1  210s
 997363 579501 9597.22511   37   59          - 9379.36907      -  16.1  215s
 1020964 591037 9510.00368   41   52          - 9380.46446      -  16.2  220s
 1040758 600241 9528.35000   53   27          - 9381.60896      -  16.2  225s
 1064665 612530 9632.42365   41   57          - 9382.84487      -  16.2  230s
 1090142 624149 infeasible   61               - 9383.68035      -  16.2  235s
 1110234 634049 9502.49215   56   80          - 9384.48348      -  16.2  240s
 1135072 645981 9612.34500   35   65          - 9385.50000      -  16.2  245s
 1155070 655171 9470.01010   29   46          - 9386.31606      -  16.2  250s
 1180156 666993 9539.16222   44   41          - 9387.37454      -  16.2  255s
 1203563 678705 9400.49215   32   54          - 9388.26012      -  16.2  260s
 1224995 688450 infeasible   54               - 9388.99758      -  16.2  265s
 1245055 698516 9594.00000   44   54          - 9389.85643      -  16.3  270s
 1271172 710653 9530.14634   40   59          - 9390.88305      -  16.3  275s
 1294041 721961 9496.82758   47   45          - 9391.59500      -  16.3  280s
 1319731 733207 9568.00000   58   60          - 9392.49545      -  16.3  285s
 1338002 741870 9563.85950   50   29          - 9393.22289      -  16.3  290s
 1361108 753159 9512.00000   45   54          - 9394.19544      -  16.3  295s
 1384502 763670 9573.42615   48   46          - 9395.35609      -  16.3  300s
 1404735 772767 9619.93182   69   36          - 9396.00000      -  16.3  305s
 1427876 783989 9687.00000   39   14          - 9396.95218      -  16.4  310s
 1447404 791271 9438.84090   34   50          - 9397.94485      -  16.4  315s
 1470281 802546 9409.43517   45   31          - 9398.59500      -  16.4  320s
 1495881 814400 9442.65883   39   70          - 9399.50954      -  16.4  325s
 1519808 824253 9650.58389   55   65          - 9400.54001      -  16.4  330s
 1538874 832931 9559.96090   36   32          - 9401.26846      -  16.4  335s
 1564094 845291 9496.57926   36   17          - 9402.00000      -  16.4  340s
 1590830 857289 infeasible   48               - 9402.59666      -  16.4  345s
 1612958 866773 9521.66620   56   57          - 9403.52000      -  16.4  350s
 1635249 877235 9508.78829   39   31          - 9404.38329      -  16.4  355s
 1660100 887612 9587.00000   37   45          - 9405.34923      -  16.4  360s
 1683785 898850 9569.00000   46   40          - 9406.14485      -  16.4  365s
 1701968 906313 infeasible   59               - 9406.76824      -  16.4  370s
 1727057 917415 9599.26503   50   46          - 9407.68076      -  16.4  375s
 1751239 928282 infeasible   60               - 9408.59500      -  16.4  380s
 1774558 938034 9509.00000   35   37          - 9409.59500      -  16.4  385s
 1793340 946023 9583.68229   42   35          - 9410.43733      -  16.4  390s
 1819263 957495 9416.66478   35   41          - 9411.48635      -  16.4  395s
 1836758 965530 9553.59500   35   98          - 9412.00000      -  16.4  400s
 1860585 975533 9679.09402   53   30          - 9413.07907      -  16.4  405s
 1885669 986503 9627.86533   54   31          - 9414.04335      -  16.4  410s
 1907722 995752 infeasible   56               - 9415.00000      -  16.4  415s
 1929107 1005385 9551.00000   40   48          - 9415.92788      -  16.4  420s
 1952082 1015482 infeasible   41               - 9416.58557      -  16.5  425s
 1976805 1025661 9546.00000   36   29          - 9417.65860      -  16.5  430s
 1994799 1033568 9589.79786   37   59          - 9418.20586      -  16.5  435s
 2019979 1044478 infeasible   32               - 9419.16247      -  16.5  440s
 2044882 1055294 9700.00000   46   45          - 9420.00000      -  16.5  445s
 2063045 1063134 9526.64500   60   15          - 9420.76442      -  16.5  450s
 2087553 1073609 9594.49747   54   14          - 9421.83192      -  16.5  455s
 2112335 1083889 9559.03072   36   42          - 9422.66681      -  16.5  460s
 2135773 1094545 9576.49561   46   72          - 9423.54545      -  16.5  465s
 2155333 1102276 9658.58140   48   58          - 9424.03000      -  16.5  470s
 2179635 1113151 9432.67803   33   87          - 9424.83214      -  16.5  475s
 2203835 1123124 9630.73377   50   59          - 9425.89743      -  16.5  480s
 2227687 1133264 9691.22000   50   29          - 9426.71351      -  16.5  485s
 2253584 1143526 infeasible   45               - 9427.75926      -  16.5  491s
 2270405 1150698 9670.70137   53   68          - 9428.29163      -  16.5  495s
 2295807 1161204 9646.96841   49   44          - 9429.38329      -  16.5  500s
 2320251 1171437 9517.74907   53   36          - 9430.12000      -  16.5  505s
 2343689 1180853 9511.75981   40   42          - 9431.03338      -  16.5  510s
 2363812 1190027 9627.24000   51   32          - 9431.68293      -  16.5  515s
 2387434 1199050 9688.00000   54   38          - 9432.65235      -  16.5  520s
 2407552 1206701 infeasible   59               - 9433.50744      -  16.5  525s
 2432483 1217206 9658.59500   49   48          - 9434.33339      -  16.5  530s
 2457387 1227736 9567.00000   46   50          - 9435.24035      -  16.5  535s
 2476508 1235426 infeasible   58               - 9435.93998      -  16.5  540s
 2501596 1247200 infeasible   41               - 9436.52746      -  16.5  545s
 2525922 1257072 infeasible   53               - 9437.21466      -  16.5  550s
 2545073 1264565 9592.90000   50   38          - 9437.95722      -  16.5  555s
 2569586 1274449 9678.60000   52   21          - 9438.80868      -  16.5  560s
 2587153 1281340 9630.00000   52   26          - 9439.59500      -  16.5  565s
 2611483 1291122 9693.49082   49   54          - 9440.55848      -  16.5  570s
 2635255 1300770 infeasible   48               - 9441.59500      -  16.5  575s
 2659090 1309320 9606.00000   52   29          - 9442.54545      -  16.5  580s
 2675849 1315776 9630.31831   32   57          - 9442.96549      -  16.5  585s
 2700948 1326022 9509.44662   50   50          - 9443.73818      -  16.5  590s
 2725872 1335664 infeasible   48               - 9444.64959      -  16.5  595s
 2749942 1345288 infeasible   49               - 9445.59500      -  16.5  600s
 2765036 1353367 9490.51853   50   25          - 9446.11897      -  16.5  606s
 2791827 1361039 infeasible   49               - 9447.01289      -  16.5  610s
 2815661 1370796 infeasible   57               - 9447.78947      -  16.5  615s
 2840487 1380362 9621.44300   46   29          - 9448.76124      -  16.5  620s
 2863894 1389473 9654.24676   43   38          - 9449.59500      -  16.5  625s
 2880536 1396021 9697.59500   59   18          - 9450.10681      -  16.5  630s
 2906312 1405073 9557.24090   39   39          - 9451.00000      -  16.5  635s
 2930636 1414360 9544.06230   59   30          - 9451.75975      -  16.5  640s
 2954729 1423892 9680.00000   45   21          - 9452.59500      -  16.5  645s
 2976069 1431430 infeasible   47               - 9453.59500      -  16.5  650s
 2994973 1439340 9598.52375   46   51          - 9454.08929      -  16.5  655s
 3017666 1447862 infeasible   41               - 9455.07145      -  16.5  660s
 3042428 1457623 9663.24090   52   41          - 9456.00000      -  16.5  665s
 3061679 1464206 9569.94940   46   39          - 9456.67143      -  16.6  670s
 3084786 1472236 9673.00000   49   40          - 9457.59500      -  16.6  675s
 3108011 1480672 infeasible   56               - 9458.59500      -  16.6  680s
 3133151 1489954 infeasible   42               - 9459.53276      -  16.6  685s
 3150609 1496235 9689.00000   43   47          - 9460.07644      -  16.6  690s
 3174106 1504702 infeasible   52               - 9461.08251      -  16.6  695s
 3199337 1514170 9669.00000   56   27          - 9462.00000      -  16.6  700s
 3216590 1520205 infeasible   44               - 9462.73115      -  16.6  705s
 3239686 1528486 infeasible   53               - 9463.69231      -  16.6  710s
 3264074 1537388 9517.45523   42   69          - 9464.77564      -  16.6  715s
 3286878 1545962 infeasible   57               - 9465.59500      -  16.6  720s
 3304955 1552497 9635.21350   55   44          - 9466.36993      -  16.6  725s
 3328243 1560464 9575.91017   46   51          - 9467.35426      -  16.6  730s
 3351993 1568637 9700.00000   34   49          - 9467.86909      -  16.6  735s
 3375604 1576822 9483.24090   36   54          - 9468.63542      -  16.6  740s
 3393390 1583976 9583.00000   52   56          - 9469.47870      -  16.6  746s
 3416106 1589695 9655.38000   47   30          - 9470.04053      -  16.6  750s
 3439002 1597360 9485.03373   39   88          - 9471.00000      -  16.6  755s
 3463730 1606232 9614.27263   49   41          - 9472.00000      -  16.6  760s
 3486488 1614487 9605.25486   43   43          - 9472.62482      -  16.6  766s
 3504023 1621114 9641.00000   33   39          - 9473.52000      -  16.6  770s
 3526672 1629092 infeasible   50               - 9474.46175      -  16.6  775s
 3550497 1636739 infeasible   40               - 9475.44628      -  16.6  780s
 3573446 1644196 9615.22426   39   34          - 9476.42615      -  16.6  785s
 3590030 1649805 infeasible   49               - 9477.00000      -  16.6  790s
 3615592 1657782 9652.91742   41   53          - 9477.92399      -  16.6  795s
 3632136 1663097 9639.01619   46   22          - 9478.59500      -  16.6  800s
 3654604 1670831 9577.24035   61   14          - 9479.51419      -  16.6  805s
 3676490 1677982 infeasible   44               - 9480.13056      -  16.6  810s
 3699393 1684969 9629.00000   56   50          - 9481.24727      -  16.6  815s
 3718766 1691690 9688.59500   52   37          - 9481.97796      -  16.6  820s
 3743596 1700601 9648.29818   38   68          - 9482.71500      -  16.6  825s
 3769697 1710986 9650.24000   47   47          - 9482.96348      -  16.6  830s
 3788935 1716691 9607.00000   51   51          - 9483.63278      -  16.6  835s
 3811920 1724980 infeasible   57               - 9484.39342      -  16.6  840s
 3835702 1733372 9654.29818   36   67          - 9485.31435      -  16.6  845s
 3853210 1738753 9621.38000   61   45          - 9485.79357      -  16.6  850s
 3877204 1746843 9538.52397   37   38          - 9486.68655      -  16.6  855s
 3900142 1754702 9628.85000   55    6          - 9487.36700      -  16.6  860s
 3922483 1761736 9501.78829   57   43          - 9487.78829      -  16.6  865s
 3942553 1769309 9585.14114   46   46          - 9488.03753      -  16.6  870s
 3965318 1776337 9630.09050   38   61          - 9489.00000      -  16.6  875s
 3989415 1784692 9622.00000   43   31          - 9489.59500      -  16.6  880s
 4012756 1792606 9630.56857   42   67          - 9490.33609      -  16.6  885s
 4030631 1798221 9503.05687   35   88          - 9491.00000      -  16.6  890s
 4052948 1805173 9531.08321   52   32          - 9491.63750      -  16.6  895s
 4076590 1812412 infeasible   47               - 9492.34500      -  16.6  900s
 4093394 1817472 9592.40000   52   33          - 9492.99506      -  16.6  905s
 4115377 1823906 9632.41250   44   37          - 9493.70142      -  16.6  910s
 4138500 1831817 infeasible   53               - 9494.54545      -  16.6  915s
 4155213 1836879 infeasible   57               - 9495.22615      -  16.6  920s
 4177018 1843111 9568.01591   49   54          - 9496.00000      -  16.6  925s
 4199453 1850369 9591.14993   55   26          - 9496.86500      -  16.6  930s
 4220194 1856172 infeasible   57               - 9497.59500      -  16.6  935s
 4242516 1864811 infeasible   52               - 9498.00000      -  16.6  940s
 4265065 1872270 9679.83913   58   72          - 9498.54545      -  16.6  945s
 4284638 1877290 9581.25979   46   61          - 9499.24827      -  16.6  950s
 4302928 1883122 9634.50069   56   26          - 9499.81648      -  16.6  955s
 4325388 1890553 infeasible   54               - 9500.37500      -  16.6  960s
 4349877 1899409 9588.75000   45   36          - 9501.00000      -  16.6  965s
 4375895 1908968 9700.00000   57   41          - 9501.00000      -  16.6  970s
 4394658 1914474 9653.27817   41   41          - 9501.59500      -  16.6  975s
 4418615 1923039 9503.00000   43   27          - 9502.00000      -  16.6  980s
 4437375 1928883 9694.76978   45   40          - 9502.28555      -  16.6  985s
 4459892 1935584 infeasible   52               - 9503.00000      -  16.6  990s
 4484598 1945059 9547.19818   37   55          - 9503.21500      -  16.6  995s
 4506608 1951454 9532.23732   42   54          - 9503.78829      -  16.6 1000s
 4523435 1955777 infeasible   60               - 9504.13500      -  16.6 1005s
 4543842 1961372 infeasible   46               - 9504.80600      -  16.6 1010s
 4567697 1970012 9691.09091   58   24          - 9505.05098      -  16.6 1015s
 4589164 1975291 9641.00000   54   19          - 9506.00000      -  16.6 1020s
 4614976 1984615 9617.59500   46   18          - 9506.00000      -  16.5 1025s
 4632469 1991503 infeasible   41               - 9506.00000      -  16.5 1030s
 4657304 1998509 infeasible   51               - 9506.62017      -  16.5 1035s
 4682423 2007343 infeasible   59               - 9507.00000      -  16.5 1040s
 4708551 2017034 infeasible   58               - 9507.00000      -  16.5 1045s
 4726339 2022700 9628.10294   48   56          - 9507.49500      -  16.5 1050s
 4748097 2027927 9675.00000   60   28          - 9508.01211      -  16.5 1055s
 4769580 2033090 infeasible   51               - 9508.78829      -  16.5 1060s
 4786900 2036721 9673.62500   33   79          - 9509.31098      -  16.5 1065s
 4808809 2042706 9578.11500   37   28          - 9510.00000      -  16.5 1070s
 4832046 2049303 infeasible   56               - 9510.40000      -  16.5 1075s
 4847496 2052794 9609.29714   38   57          - 9511.00000      -  16.5 1080s
 4869323 2058788 infeasible   38               - 9511.50809      -  16.5 1085s
 4892171 2065376 9672.00000   65   10          - 9512.00000      -  16.5 1090s
 4910360 2070447 9636.00000   34   41          - 9512.28836      -  16.5 1095s
 4931749 2075228 9662.21615   39   49          - 9513.00000      -  16.5 1100s
 4951960 2080089 9613.00000   51   40          - 9513.59500      -  16.5 1105s
 4972158 2084506 9650.24000   58   17          - 9514.08369      -  16.5 1110s
 4991450 2088632 9612.29818   49   50          - 9514.83535      -  16.5 1115s
 5010494 2094387 9697.00000   46   39          - 9515.24035      -  16.5 1120s
 5030929 2098780 infeasible   61               - 9515.84978      -  16.6 1125s
 5051205 2104007 9655.17472   42   37          - 9516.48820      -  16.6 1130s
 5068082 2108492 9677.00000   47   28          - 9517.00000      -  16.6 1135s
 5089466 2113034 infeasible   56               - 9517.60000      -  16.6 1140s
 5109778 2117442 infeasible   52               - 9518.30574      -  16.6 1145s
 5129913 2120863 infeasible   38               - 9519.00000      -  16.6 1150s
 5144856 2124799 infeasible   47               - 9519.23025      -  16.6 1155s
 5164593 2129110 9626.00000   57   29          - 9520.00000      -  16.6 1160s
 5186461 2134103 9629.53167   41   44          - 9520.56000      -  16.6 1165s
 5204093 2138594 infeasible   55               - 9521.00000      -  16.6 1170s
 5224321 2142391 9628.36652   41   56          - 9521.69085      -  16.6 1175s
 5245509 2147918 infeasible   52               - 9522.07759      -  16.6 1180s
 5260749 2150824 9695.15000   46   42          - 9522.71500      -  16.6 1185s
 5283102 2156030 infeasible   48               - 9523.12000      -  16.6 1190s
 5302810 2159673 infeasible   50               - 9523.70742      -  16.6 1195s
 5323862 2165469 infeasible   31               - 9524.00000      -  16.6 1200s
 5339012 2169443 9696.00000   51   26          - 9524.42128      -  16.6 1205s
 5359945 2174226 9669.00000   44   34          - 9525.01000      -  16.6 1210s
 5378583 2177232 9532.20794   45   43          - 9525.76500      -  16.7 1215s
 5400529 2182201 9645.00000   52   39          - 9526.30612      -  16.7 1220s
 5420664 2186843 infeasible   68               - 9527.00000      -  16.7 1225s
 5441048 2194476 9614.75000   35   34          - 9527.00000      -  16.7 1230s
 5461411 2198607 9627.00000   51   30          - 9527.59500      -  16.7 1235s
 5483600 2204229 9633.63750   47   40          - 9528.00000      -  16.7 1240s
 5504875 2208618 infeasible   47               - 9528.59500      -  16.7 1245s
 5519690 2211458 9611.12500   47   46          - 9529.00000      -  16.7 1250s
 5539445 2214593 infeasible   39               - 9529.66270      -  16.7 1255s
 5555329 2217658 9567.71375   40   96          - 9530.00000      -  16.7 1260s
 5574688 2221900 9695.00000   54    6          - 9530.58189      -  16.7 1265s
 5594416 2225407 infeasible   58               - 9531.14350      -  16.7 1270s
 5610237 2227237 9655.58620   54   46          - 9531.78829      -  16.7 1275s
 5628084 2229825 9593.00000   51   32          - 9532.36601      -  16.7 1280s
 5648671 2232314 infeasible   59               - 9533.00000      -  16.7 1285s
 5666119 2233320 infeasible   63               - 9533.85430      -  16.8 1290s
 5684759 2237207 infeasible   48               - 9534.08378      -  16.8 1295s
 5700270 2238543 9650.22000   48   71          - 9534.88694      -  16.8 1300s
 5718423 2242125 9640.25000   52   47          - 9535.25000      -  16.8 1305s
 5737966 2244410 infeasible   45               - 9536.00000      -  16.8 1310s
 5754041 2247330 infeasible   62               - 9536.28918      -  16.8 1315s
 5771725 2250245 9653.03819   55   32          - 9537.00000      -  16.8 1320s
 5791213 2253000 9659.00000   58   34          - 9537.47701      -  16.8 1325s
 5811323 2255769 infeasible   45               - 9538.00000      -  16.8 1330s
 5829563 2257794 9614.00000   44   35          - 9538.67559      -  16.9 1335s
 5844892 2260317 infeasible   46               - 9539.08485      -  16.9 1340s
 5863389 2261706 infeasible   39               - 9539.82671      -  16.9 1345s
 5882116 2264978 9657.00000   40   53          - 9540.28042      -  16.9 1350s
 5897010 2266783 infeasible   39               - 9541.00000      -  16.9 1355s
 5916424 2270713 infeasible   55               - 9541.53171      -  16.9 1360s
 5935824 2273568 9683.00000   41   25          - 9542.00000      -  16.9 1365s
 5951042 2276436 infeasible   50               - 9542.42177      -  16.9 1370s
 5970485 2279087 infeasible   42               - 9543.00000      -  16.9 1375s
 5992184 2284668 9569.39986   41   47          - 9543.24727      -  16.9 1380s
 6010587 2286063 infeasible   47               - 9544.00000      -  16.9 1385s
 6024739 2287258 infeasible   48               - 9544.26102      -  16.9 1390s
 6043763 2290110 infeasible   49               - 9544.86684      -  17.0 1395s
 6064699 2293163 9648.08418   66    8          - 9545.49086      -  17.0 1400s
 6083846 2295146 infeasible   44               - 9546.00000      -  17.0 1405s
 6097163 2296557 9629.59000   64   14          - 9546.50744      -  17.0 1410s
 6116783 2298849 infeasible   48               - 9547.00000      -  17.0 1415s
 6135872 2301647 infeasible   43               - 9547.52146      -  17.0 1420s
 6155613 2304027 infeasible   53               - 9548.00000      -  17.0 1425s
 6171197 2306979 9669.82262   48   57          - 9548.00000      -  17.0 1430s
 6190411 2310967 9658.56318   48   28          - 9548.35000      -  17.0 1435s
 6209820 2312674 9641.50000   59   41          - 9549.00000      -  17.0 1440s
 6222877 2314043 infeasible   65               - 9549.32619      -  17.0 1445s
 6240639 2315588 9645.00000   49   46          - 9549.90623      -  17.0 1450s
 6260614 2319083 9654.59500   71   22          - 9550.06995      -  17.0 1455s
 6279342 2323273 9695.86792   41   42          - 9550.48339      -  17.1 1460s
 6298584 2325118 infeasible   44               - 9551.00000      -  17.1 1465s
 6313687 2327480 9597.04556   43   48          - 9551.16098      -  17.1 1470s
 6331299 2328389 9662.34000   56   11          - 9551.80000      -  17.1 1475s
 6350536 2331387 9593.47434   47   31          - 9552.00000      -  17.1 1480s
 6369202 2333577 9563.97091   50   67          - 9552.66022      -  17.1 1485s
 6383888 2335499 infeasible   51               - 9553.00000      -  17.1 1490s
 6402690 2336755 infeasible   61               - 9553.59500      -  17.1 1495s
 6421523 2339595 9675.70552   48   25          - 9554.00000      -  17.1 1500s
 6440342 2342549 9631.27308   41   37          - 9554.48139      -  17.1 1505s
 6453806 2344007 9607.23418   40   73          - 9554.90136      -  17.1 1510s
 6473631 2347629 infeasible   44               - 9555.00000      -  17.1 1515s
 6491307 2351578 9571.25000   50   57          - 9555.25000      -  17.2 1520s
 6509790 2353971 9598.75190   52   29          - 9555.69814      -  17.2 1525s
 6526285 2355502 infeasible   55               - 9556.00000      -  17.2 1530s
 6543890 2358219 9690.42857   35   64          - 9556.34767      -  17.2 1535s
 6562190 2359365 infeasible   38               - 9556.92161      -  17.2 1540s
 6581104 2360516 infeasible   54               - 9557.33339      -  17.2 1545s
 6593215 2359928 9669.16286   61   40          - 9557.77423      -  17.2 1550s
 6611337 2361388 9623.17828   45   79          - 9558.00000      -  17.2 1555s
 6629669 2362366 infeasible   42               - 9558.66000      -  17.2 1560s
 6647398 2364612 9586.00000   42   52          - 9559.00000      -  17.2 1565s
 6665227 2365782 9658.98075   51   65          - 9559.54000      -  17.2 1571s
 6677681 2366772 infeasible   48               - 9559.91000      -  17.3 1575s
 6696520 2369120 9682.12532   41   49          - 9560.06465      -  17.3 1580s
 6715408 2369600 infeasible   54               - 9560.80979      -  17.3 1585s
 6736516 2374452 infeasible   49               - 9561.00000      -  17.3 1590s
 6752660 2375951 infeasible   40               - 9561.50919      -  17.3 1595s
 6768057 2376174 infeasible   64               - 9562.00000      -  17.3 1600s
 6786235 2377412 9663.43789   66   72          - 9562.28152      -  17.3 1605s
 6804765 2377667 9666.92762   46   34          - 9563.00000      -  17.3 1610s
 6823482 2379569 infeasible   50               - 9563.23919      -  17.3 1615s
 6836968 2380029 9684.85347   37   43          - 9563.72068      -  17.3 1620s
 6856580 2381619 infeasible   52               - 9564.01458      -  17.3 1625s
 6873621 2382125 infeasible   35               - 9564.66678      -  17.3 1630s
 6889497 2383971 9635.00000   36   53          - 9565.00000      -  17.3 1635s
 6908231 2384679 9665.00000   52    9          - 9565.58152      -  17.3 1640s
 6927771 2386759 infeasible   35               - 9566.00000      -  17.3 1645s
 6942803 2389341 9684.30000   59   33          - 9566.08126      -  17.3 1650s
 6959482 2389382 9649.05479   62   30          - 9566.70751      -  17.4 1655s
 6978360 2389447 infeasible   36               - 9567.00000      -  17.4 1660s
 6996440 2391371 infeasible   64               - 9567.45204      -  17.4 1665s
 7014331 2391833 infeasible   43               - 9568.00000      -  17.4 1670s
 7030715 2394958 infeasible   62               - 9568.00000      -  17.4 1675s
 7048274 2396113 infeasible   49               - 9568.59500      -  17.4 1680s
 7068053 2397169 infeasible   51               - 9569.00000      -  17.4 1685s
 7085752 2398705 9674.82971   42   53          - 9569.38149      -  17.4 1690s
 7100858 2397885 9648.00000   60   13          - 9569.96778      -  17.4 1695s
 7118979 2400471 9682.10291   57   55          - 9570.00000      -  17.4 1700s
 7137885 2403590 9616.03136   51   52          - 9570.25000      -  17.4 1705s
 7155567 2403471 9676.12768   43   57          - 9570.86957      -  17.4 1710s
 7170669 2405124 infeasible   46               - 9571.00000      -  17.4 1715s
 7189772 2405648 9668.87000   44   41          - 9571.58493      -  17.4 1720s
 7207754 2405968 9642.00000   50   65          - 9572.00000      -  17.4 1725s
 7220707 2408063 9650.61500   46   61          - 9572.00000      -  17.5 1730s
 7239595 2408813 9648.30000   28   15          - 9572.56652      -  17.5 1735s
 7257226 2408580 infeasible   41               - 9573.00000      -  17.5 1740s
 7275738 2409896 9699.69563   48   45          - 9573.34694      -  17.5 1745s
 7288904 2409877 9689.13244   45   40          - 9573.75000      -  17.5 1750s
 7308469 2411103 9648.07000   56   20          - 9574.00000      -  17.5 1755s
 7325981 2412184 9695.00000   66   25          - 9574.50000      -  17.5 1760s
 7344217 2411620 9673.00000   53   12          - 9575.00000      -  17.5 1765s
 7358208 2411984 9643.86000   55   27          - 9575.13998      -  17.5 1770s
 7375831 2412555 9691.00000   43   59          - 9575.59500      -  17.5 1775s
 7393984 2413326 infeasible   50               - 9576.00000      -  17.5 1780s
 7412332 2414228 infeasible   51               - 9576.28540      -  17.5 1785s
 7427396 2413786 9636.00000   38   51          - 9576.83143      -  17.5 1790s
 7442910 2413206 infeasible   44               - 9577.00000      -  17.5 1795s
 7460743 2413128 infeasible   49               - 9577.53241      -  17.6 1800s

Cutting planes:
  Learned: 63
  Gomory: 193
  Cover: 296
  Implied bound: 68
  Clique: 12
  MIR: 121
  StrongCG: 2
  Flow cover: 415
  Inf proof: 17
  Zero half: 8
  Network: 2
  RLT: 21
  Relax-and-lift: 39

Explored 7461510 nodes (131006037 simplex iterations) in 1800.01 seconds (1697.07 work units)
Thread count was 8 (of 8 available processors)

Solution count 0

Time limit reached
Best objective -, best bound 9.577567850969e+03, gap -

User-callback calls 15225425, time in user-callback 69.57 sec

Statistics for modelBPKW_BKRW_BSNF_O:
  Linear constraint matrix    : 4441 Constrs, 2168 Vars, 16376 NZs
  Variable types              : 838 Continuous,
1330 Integer (358 Binary)
  Matrix coefficient range    : [ 1, 368 ]
  Objective coefficient range : [ 1, 368 ]
  Variable bound range        : [ 1, 199 ]
  RHS coefficient range       : [ 1, 9700.02 ]
