
Gurobi 10.0.1 (mac64[arm]) logging started Sun Apr  7 12:21:42 2024

Set parameter LogFile to value "/Users/deniserings/Documents/zib/s-bahn-data/scripts/DeniseMA/processed/BBKS_BWT/Branching/BBKS_BWT_slack_subMBP202404071201.log"
Gurobi Optimizer version 10.0.1 build v10.0.1rc0 (mac64[arm])

CPU model: Apple M2
Thread count: 8 physical cores, 8 logical processors, using up to 8 threads

Optimize a model with 10188 rows, 4381 columns and 42482 nonzeros
Model fingerprint: 0x357d54c1
Variable types: 1762 continuous, 2619 integer (444 binary)
Coefficient statistics:
  Matrix range     [1e+00, 2e+02]
  Objective range  [1e+00, 4e+02]
  Bounds range     [1e+00, 2e+02]
  RHS range        [1e+00, 5e+02]

Loaded user MIP start with objective 10495

Presolve removed 4297 rows and 1574 columns
Presolve time: 0.11s
Presolved: 5891 rows, 2807 columns, 26627 nonzeros
Found heuristic solution: objective 10494.999849
Variable types: 964 continuous, 1843 integer (1843 binary)

Root relaxation: objective 9.438031e+03, 1407 iterations, 0.01 seconds (0.02 work units)

    Nodes    |    Current Node    |     Objective Bounds      |     Work
 Expl Unexpl |  Obj  Depth IntInf | Incumbent    BestBd   Gap | It/Node Time

     0     0 9438.03100    0   58 10494.9998 9438.03100  10.1%     -    0s
     0     0 9477.40668    0  134 10494.9998 9477.40668  9.70%     -    0s
     0     0 9477.47978    0  124 10494.9998 9477.47978  9.70%     -    0s
     0     0 9477.47978    0  126 10494.9998 9477.47978  9.70%     -    0s
     0     0 9548.35476    0  148 10494.9998 9548.35476  9.02%     -    0s
     0     0 9559.36301    0  130 10494.9998 9559.36301  8.92%     -    0s
     0     0 9559.63687    0  132 10494.9998 9559.63687  8.91%     -    0s
     0     0 9559.70678    0  131 10494.9998 9559.70678  8.91%     -    0s
     0     0 9559.70678    0  131 10494.9998 9559.70678  8.91%     -    0s
     0     0 9595.62427    0  120 10494.9998 9595.62427  8.57%     -    0s
     0     0 9597.20593    0  105 10494.9998 9597.20593  8.55%     -    0s
     0     0 9597.24479    0  133 10494.9998 9597.24479  8.55%     -    0s
     0     0 9597.30786    0  132 10494.9998 9597.30786  8.55%     -    0s
     0     0 9614.22157    0   99 10494.9998 9614.22157  8.39%     -    0s
     0     0 9614.47371    0   92 10494.9998 9614.47371  8.39%     -    0s
     0     0 9614.50121    0   87 10494.9998 9614.50121  8.39%     -    0s
     0     0 9614.71333    0  107 10494.9998 9614.71333  8.39%     -    0s
     0     0 9614.71333    0   87 10494.9998 9614.71333  8.39%     -    0s
     0     0 9616.38000    0   85 10494.9998 9616.38000  8.37%     -    0s
     0     0 9616.38000    0   87 10494.9998 9616.38000  8.37%     -    0s
     0     0 9616.44666    0   73 10494.9998 9616.44666  8.37%     -    0s
     0     0 9616.44666    0   69 10494.9998 9616.44666  8.37%     -    0s
     0     0 9616.44666    0  105 10494.9998 9616.44666  8.37%     -    1s
     0     0 9616.44666    0   85 10494.9998 9616.44666  8.37%     -    1s
H    0     0                    10494.999815 9616.44666  8.37%     -    1s
     0     0 9616.44666    0   50 10494.9998 9616.44666  8.37%     -    1s
     0     0 9616.44666    0   62 10494.9998 9616.44666  8.37%     -    1s
     0     0 9616.44666    0   65 10494.9998 9616.44666  8.37%     -    1s
     0     0 9616.44666    0   49 10494.9998 9616.44666  8.37%     -    1s
     0     2 9616.44666    0   49 10494.9998 9616.44666  8.37%     -    1s
*  954   586             111    10468.999849 9723.99985  7.12%  20.0    2s
*  992   474              83    10262.999849 9723.99985  5.25%  20.3    2s
H 1245   525                    10237.999849 9878.04666  3.52%  20.6    2s
H 1246   451                    10192.999849 9878.04666  3.09%  20.6    2s
  1502   567 10077.9998   18   92 10192.9998 9878.04666  3.09%  20.8    5s
  3463  1242 10180.9998   40   64 10192.9998 10060.9998  1.30%  31.6   10s
H 6520  2817                    10192.999808 10076.2872  1.15%  36.1   13s
  7665  3444 10159.9998   37   34 10192.9998 10088.0318  1.03%  36.1   15s
 12815  5968 10138.4424   53   30 10192.9998 10090.9998  1.00%  37.0   20s
 17890  8073 10152.9998   40   37 10192.9998 10090.9998  1.00%  37.6   25s
 23181 10259 10160.2393   42   41 10192.9998 10090.9998  1.00%  38.6   30s
 28250 12232 10090.9998   35   37 10192.9998 10090.9998  1.00%  39.0   35s
 29774 12233 10170.0595   43   49 10192.9998 10090.9998  1.00%  39.2   44s
 29781 12238 10154.0141   36   56 10192.9998 10090.9998  1.00%  39.2   45s
 29790 12244 10180.9998   45   41 10192.9998 10090.9998  1.00%  39.1   50s
 29802 12252 10106.5082   55   30 10192.9998 10090.9998  1.00%  39.1   55s
 29815 12260 10164.9998   32   24 10192.9998 10090.9998  1.00%  39.1   60s
 29827 12268 10107.2568   41   20 10192.9998 10090.9998  1.00%  39.1   65s
H29834 11658                    10192.999783 10090.9998  1.00%  39.1   68s
H29835 11075                    10192.999776 10090.9998  1.00%  39.1   69s
 29839 11077 10135.9998   54   21 10192.9998 10090.9998  1.00%  39.1   70s
 29853 11087 10155.9998   42   40 10192.9998 10090.9998  1.00%  39.1   75s
 29878 11108 10090.9998   26   35 10192.9998 10090.9998  1.00%  40.0   80s
H29904 10568                    10192.999753 10090.9998  1.00%  40.1   80s
 32612 11184 10176.9998   37   29 10192.9998 10090.9998  1.00%  40.1   85s
 37449 11609 10179.9998   64   23 10192.9998 10090.9998  1.00%  39.8   90s
 43374 11631 infeasible   44      10192.9998 10092.2966  0.99%  39.5   95s
 47729 11670 10173.9998   35   21 10192.9998 10101.4998  0.90%  39.8  100s
 53991 11254     cutoff   52      10192.9998 10110.9998  0.80%  39.9  105s
 60734 10442 10129.1159   34   71 10192.9998 10128.9998  0.63%  39.8  110s
 65965 11348 10136.2966   49   37 10192.9998 10134.9998  0.57%  40.3  116s
 72000 13106     cutoff   56      10192.9998 10134.9998  0.57%  40.2  120s
 77571 14643 10175.5095   51   57 10192.9998 10134.9998  0.57%  40.0  125s
 82787 16077 10179.9998   44   17 10192.9998 10134.9998  0.57%  40.0  130s
 88065 17554 10173.5713   55   22 10192.9998 10134.9998  0.57%  39.9  135s
 92765 18374     cutoff   55      10192.9998 10136.9248  0.55%  39.7  140s
 98956 18988     cutoff   53      10192.9998 10137.9998  0.54%  39.8  145s
 103043 18926 10162.9998   50   19 10192.9998 10142.9998  0.49%  40.5  150s
 108227 20583     cutoff   57      10192.9998 10143.9998  0.48%  40.3  155s
 113107 22117 10150.4834   54   20 10192.9998 10143.9998  0.48%  40.4  160s
 117937 22691 10168.4407   54   12 10192.9998 10144.9998  0.47%  40.5  166s
 122549 22507 infeasible   58      10192.9998 10147.3586  0.45%  40.7  171s
 126768 22024 10153.9998   41   26 10192.9998 10151.3739  0.41%  41.2  175s
 130598 22186 10157.4330   51   37 10192.9998 10154.9998  0.37%  41.2  180s

Cutting planes:
  Learned: 7
  Gomory: 66
  Cover: 687
  Implied bound: 62
  Projected implied bound: 3
  Clique: 9
  MIR: 209
  StrongCG: 18
  Flow cover: 925
  GUB cover: 42
  Inf proof: 14
  Zero half: 39
  Mod-K: 1
  Network: 3
  RLT: 71
  Relax-and-lift: 48
  BQP: 1

Explored 131876 nodes (5449736 simplex iterations) in 180.83 seconds (142.73 work units)
Thread count was 8 (of 8 available processors)

Solution count 10: 10193 10193 10193 ... 10495

Solve interrupted
Best objective 1.019299975299e+04, best bound 1.015499984851e+04, gap 0.3728%

User-callback calls 309648, time in user-callback 0.97 sec

Statistics for modelBBKS_BWT:
  Linear constraint matrix    : 10188 Constrs, 4381 Vars, 42482 NZs
  Variable types              : 1762 Continuous,
2619 Integer (444 Binary)
  Matrix coefficient range    : [ 1, 200 ]
  Objective coefficient range : [ 1, 382 ]
  Variable bound range        : [ 1, 199 ]
  RHS coefficient range       : [ 1, 549 ]

Gurobi 10.0.1 (mac64[arm]) logging started Sun Apr  7 12:24:45 2024

Set parameter LogFile to value "/Users/deniserings/Documents/zib/s-bahn-data/scripts/DeniseMA/processed/BBKS_BWT/Branching/BBKS_BWT_slack_subMBP202404071201.log"
Gurobi Optimizer version 10.0.1 build v10.0.1rc0 (mac64[arm])

CPU model: Apple M2
Thread count: 8 physical cores, 8 logical processors, using up to 8 threads

Optimize a model with 10178 rows, 4381 columns and 42472 nonzeros
Model fingerprint: 0xaaa0a319
Variable types: 1762 continuous, 2619 integer (444 binary)
Coefficient statistics:
  Matrix range     [1e+00, 2e+02]
  Objective range  [1e+00, 4e+02]
  Bounds range     [1e+00, 2e+02]
  RHS range        [1e+00, 5e+02]

Loaded user MIP start with objective 10495

Presolve removed 3934 rows and 1349 columns
Presolve time: 0.10s
Presolved: 6244 rows, 3032 columns, 28715 nonzeros
Found heuristic solution: objective 10494.999849
Variable types: 1045 continuous, 1987 integer (1987 binary)

Root relaxation: objective 9.096170e+03, 1689 iterations, 0.02 seconds (0.02 work units)

    Nodes    |    Current Node    |     Objective Bounds      |     Work
 Expl Unexpl |  Obj  Depth IntInf | Incumbent    BestBd   Gap | It/Node Time

     0     0 9096.17042    0   84 10494.9998 9096.17042  13.3%     -    0s
     0     0 9104.87537    0  194 10494.9998 9104.87537  13.2%     -    0s
     0     0 9104.87537    0  159 10494.9998 9104.87537  13.2%     -    0s
     0     0 9106.25117    0  264 10494.9998 9106.25117  13.2%     -    0s
     0     0 9106.25117    0  257 10494.9998 9106.25117  13.2%     -    0s
     0     0 9107.09309    0  218 10494.9998 9107.09309  13.2%     -    0s
     0     0 9107.09309    0  212 10494.9998 9107.09309  13.2%     -    0s
     0     0 9132.68994    0  231 10494.9998 9132.68994  13.0%     -    0s
     0     0 9132.73559    0  192 10494.9998 9132.73559  13.0%     -    0s
     0     0 9132.73559    0  241 10494.9998 9132.73559  13.0%     -    0s
     0     0 9132.76388    0  201 10494.9998 9132.76388  13.0%     -    0s
     0     0 9133.64267    0  187 10494.9998 9133.64267  13.0%     -    0s
     0     0 9133.80924    0  188 10494.9998 9133.80924  13.0%     -    0s
     0     0 9133.80924    0  189 10494.9998 9133.80924  13.0%     -    0s
     0     0 9135.78041    0  188 10494.9998 9135.78041  13.0%     -    0s
     0     0 9135.83376    0  191 10494.9998 9135.83376  13.0%     -    0s
     0     0 9135.91120    0  193 10494.9998 9135.91120  12.9%     -    0s
     0     0 9135.91120    0  202 10494.9998 9135.91120  12.9%     -    0s
     0     0 9136.16944    0  170 10494.9998 9136.16944  12.9%     -    0s
     0     0 9136.16944    0  182 10494.9998 9136.16944  12.9%     -    1s
     0     0 9137.57483    0  194 10494.9998 9137.57483  12.9%     -    1s
     0     0 9138.04485    0  217 10494.9998 9138.04485  12.9%     -    1s
     0     0 9138.04778    0  192 10494.9998 9138.04778  12.9%     -    1s
     0     0 9138.16366    0  167 10494.9998 9138.16366  12.9%     -    1s
     0     0 9138.33159    0  182 10494.9998 9138.33159  12.9%     -    1s
     0     0 9138.42777    0  187 10494.9998 9138.42777  12.9%     -    1s
     0     0 9138.43015    0  186 10494.9998 9138.43015  12.9%     -    1s
     0     0 9138.64425    0  165 10494.9998 9138.64425  12.9%     -    1s
H    0     0                    10494.999749 9138.64875  12.9%     -    1s
     0     0 9138.64875    0  180 10494.9997 9138.64875  12.9%     -    1s
     0     0 9140.74413    0  164 10494.9997 9140.74413  12.9%     -    1s
     0     0 9140.75704    0  170 10494.9997 9140.75704  12.9%     -    1s
     0     0 9140.75704    0  176 10494.9997 9140.75704  12.9%     -    1s
     0     0 9140.85607    0  180 10494.9997 9140.85607  12.9%     -    1s
     0     0 9140.86916    0  183 10494.9997 9140.86916  12.9%     -    1s
     0     0 9140.86916    0  184 10494.9997 9140.86916  12.9%     -    1s
     0     0 9141.40757    0  174 10494.9997 9141.40757  12.9%     -    1s
     0     0 9141.40850    0  175 10494.9997 9141.40850  12.9%     -    1s
     0     0 9142.10725    0  162 10494.9997 9142.10725  12.9%     -    1s
     0     0 9142.17943    0  169 10494.9997 9142.17943  12.9%     -    1s
     0     0 9142.18000    0  165 10494.9997 9142.18000  12.9%     -    1s
     0     0 9143.74534    0  166 10494.9997 9143.74534  12.9%     -    1s
     0     0 9143.76371    0  156 10494.9997 9143.76371  12.9%     -    2s
     0     0 9143.76852    0  159 10494.9997 9143.76852  12.9%     -    2s
     0     0 9144.30893    0  148 10494.9997 9144.30893  12.9%     -    2s
     0     0 9144.37831    0  154 10494.9997 9144.37831  12.9%     -    2s
     0     0 9144.45328    0  161 10494.9997 9144.45328  12.9%     -    2s
     0     0 9144.45775    0  161 10494.9997 9144.45775  12.9%     -    2s
     0     0 9153.16137    0  162 10494.9997 9153.16137  12.8%     -    2s
     0     0 9153.16145    0  160 10494.9997 9153.16145  12.8%     -    2s
     0     0 9153.86097    0  176 10494.9997 9153.86097  12.8%     -    2s
     0     0 9153.88867    0  171 10494.9997 9153.88867  12.8%     -    2s
     0     0 9153.88867    0  175 10494.9997 9153.88867  12.8%     -    2s
     0     0 9153.88871    0  157 10494.9997 9153.88871  12.8%     -    2s
H    0     0                    10494.999451 9153.88871  12.8%     -    2s
     0     0 9153.88871    0  157 10494.9995 9153.88871  12.8%     -    2s
     0     0 9153.88871    0  164 10494.9995 9153.88871  12.8%     -    2s
H    0     0                    10494.998223 9153.88871  12.8%     -    2s
     0     0 9153.88871    0  167 10494.9982 9153.88871  12.8%     -    2s
     0     0 9153.88871    0   83 10494.9982 9153.88871  12.8%     -    2s
     0     0 9153.88871    0  106 10494.9982 9153.88871  12.8%     -    2s
     0     0 9153.88871    0   98 10494.9982 9153.88871  12.8%     -    2s
     0     0 9153.88871    0   90 10494.9982 9153.88871  12.8%     -    2s
     0     2 9153.88871    0   83 10494.9982 9153.88871  12.8%     -    3s
  1519  1301 9733.99985   43   90 10494.9982 9278.77892  11.6%  29.4    5s
* 2321  1647             145    10472.999849 9278.77892  11.4%  34.8    7s
H 2654  1713                    10472.999816 9296.83277  11.2%  33.6    8s
H 2662  1651                    10467.999849 9296.83277  11.2%  33.5    8s
H 2742  1634                    10467.999843 9296.83277  11.2%  33.6    8s
H 2765  1574                    10467.999793 9296.83277  11.2%  33.6    8s
  4217  2219     cutoff   38      10467.9998 9299.89768  11.2%  33.3   10s
H 4273  2213                    10467.999664 9299.89768  11.2%  33.2   10s
  7649  4768 9763.40683   32  116 10467.9997 9362.49397  10.6%  34.9   15s
H 7670  4334                    10418.999849 9362.49397  10.1%  34.8   15s
H 7944  3994                    10354.999849 9362.49397  9.58%  34.5   15s
H 8973  4082                    10173.999849 9364.06644  7.96%  34.6   16s
H11159  4044                    9920.9998485 9380.04666  5.45%  34.1   18s
H12252  4756                    9918.9998485 9380.04666  5.43%  33.3   19s
H12437  4742                    9915.9998173 9380.04666  5.40%  33.4   19s
 13326  5486 9408.71686   37  104 9915.99982 9380.04666  5.40%  33.1   20s
H13887  5594                    9907.9998171 9380.04666  5.33%  33.4   21s
H13933  5590                    9905.9998485 9380.04666  5.31%  33.5   21s
H14135  5575                    9903.9998485 9380.04666  5.29%  33.6   21s
H15493  6582                    9898.9998485 9380.04666  5.24%  33.6   23s
H15790  6567                    9897.9998485 9380.04666  5.23%  33.6   23s
H15876  6560                    9894.9998485 9380.04666  5.20%  33.6   23s
 17629  8249     cutoff   39      9894.99985 9380.65038  5.20%  33.6   25s
H21194  9215                    9871.9998485 9381.40867  4.97%  33.4   28s
H21582  9374                    9870.9998485 9382.49764  4.95%  33.5   29s
 22401 10029 9609.99985   33  147 9870.99985 9390.35916  4.87%  33.7   30s
H25642 11192                    9870.9998079 9400.22303  4.77%  34.4   33s
 27029 11960 infeasible   43      9870.99981 9400.47401  4.77%  34.8   35s
H29850 12816                    9870.9997587 9408.04666  4.69%  34.9   44s
 29859 12822 9695.99985   28  182 9870.99976 9408.04666  4.69%  34.9   45s
H29872 12189                    9870.9995901 9408.04666  4.69%  34.9   50s
H29878 11582                    9870.9995582 9408.04666  4.69%  34.8   52s
H29879 11004                    9870.9995014 9408.04666  4.69%  34.8   53s
 29883 11006 9531.99985   58  125 9870.99950 9408.04666  4.69%  34.8   55s
H29891 10461                    9870.9994712 9408.04666  4.69%  34.8   57s
 29898 10465 9720.00319   37  143 9870.99947 9408.04666  4.69%  34.8   60s
 29904 10469 9608.03663   43  113 9870.99947 9408.04666  4.69%  34.8   65s
 30089 10576 9511.92111   37   82 9870.99947 9408.04666  4.69%  35.5   70s
H30110 10052                    9868.9998485 9408.04666  4.67%  35.5   71s
H31155  9699                    9867.9998485 9408.04666  4.66%  35.7   73s
H31167  9224                    9867.9998130 9408.04666  4.66%  35.7   73s
H31168  8774                    9867.9997635 9408.04666  4.66%  35.7   73s
 31867  8931 9706.32252   41   65 9867.99976 9408.04666  4.66%  35.8   75s
 36145  9077 infeasible   54      9867.99976 9440.76829  4.33%  36.6   80s
 41510  9072 9849.99985   48   70 9867.99976 9491.36044  3.82%  37.0   85s
 44679  9504 9717.16744   42   89 9867.99976 9507.35942  3.65%  37.1   92s
 49359  8759 infeasible   37      9867.99976 9533.99984  3.38%  36.9   95s
 54316  8795 9709.16743   39   65 9867.99976 9559.16744  3.13%  36.9  100s
 58637  9549     cutoff   47      9867.99976 9578.84333  2.93%  36.9  105s
 64260 11855 9609.50327   41   93 9867.99976 9583.16744  2.89%  36.5  110s
 69919 14382 9755.99984   47   78 9867.99976 9584.49115  2.87%  36.1  115s
 74414 15680 9799.45711   42   81 9867.99976 9587.16743  2.85%  36.3  120s
 79223 17169     cutoff   44      9867.99976 9597.16744  2.74%  36.4  125s
 85162 19935     cutoff   80      9867.99976 9601.18061  2.70%  36.4  130s
 90439 22880 9603.16744   41   78 9867.99976 9601.20320  2.70%  36.3  135s
 95896 25282     cutoff   47      9867.99976 9603.16743  2.68%  36.3  140s
 100527 26383 infeasible   43      9867.99976 9603.16744  2.68%  36.4  145s
 106828 28925 9747.38782   54   72 9867.99976 9603.16744  2.68%  36.4  150s
 111465 31218 9685.21359   48   80 9867.99976 9603.21359  2.68%  36.4  155s
 116750 32520 infeasible   48      9867.99976 9603.79593  2.68%  36.5  160s
 122122 34349     cutoff   48      9867.99976 9606.28952  2.65%  36.4  165s
 126624 36459 9814.14947   83   62 9867.99976 9609.45711  2.62%  36.4  171s
 131731 39085 9843.99985   88   46 9867.99976 9610.08494  2.61%  36.2  175s
 136029 40402     cutoff   47      9867.99976 9611.16744  2.60%  36.2  180s
 141656 42016     cutoff   48      9867.99976 9615.18061  2.56%  36.2  185s
 146090 43285 9679.16744   55   69 9867.99976 9619.16744  2.52%  36.3  190s
 151664 45580 infeasible   41      9867.99976 9621.16744  2.50%  36.2  195s
 156208 47945 9824.99985   73   55 9867.99976 9621.18061  2.50%  36.3  200s
 159762 48906 9771.99985   66   79 9867.99976 9621.18061  2.50%  36.4  205s
 163786 50511 9817.95538   87   70 9867.99976 9621.26061  2.50%  36.5  210s
 169373 53324 infeasible   73      9867.99976 9621.94361  2.49%  36.5  215s
 173948 54506 9629.99985   45   97 9867.99976 9623.18164  2.48%  36.4  220s
 178276 55525     cutoff   48      9867.99976 9625.16744  2.46%  36.5  225s
 183173 57080 9834.99985   60   51 9867.99976 9627.50327  2.44%  36.5  231s
 187937 59453 9706.01302   58   66 9867.99976 9628.01302  2.43%  36.4  235s
 193324 62147 9629.45711   40  114 9867.99976 9628.61845  2.43%  36.4  240s
H197434 64055                    9867.9979890 9629.16744  2.42%  36.4  244s
 197848 64675 9726.01302   60   59 9867.99799 9629.16744  2.42%  36.4  245s
 203489 67149     cutoff   42      9867.99799 9629.45711  2.42%  36.3  250s
 208631 69409 9762.99985   58   51 9867.99799 9629.45711  2.42%  36.3  255s
 214893 71802     cutoff   55      9867.99799 9629.79526  2.41%  36.3  260s
 219882 74198 9785.01302   61   86 9867.99799 9629.90156  2.41%  36.3  265s
 226006 76985 9656.28952   46   88 9867.99799 9629.99984  2.41%  36.3  270s
 232542 80672 9719.99985   57   61 9867.99799 9629.99985  2.41%  36.2  275s
 238851 84240 9838.99985   78   49 9867.99799 9630.08494  2.41%  36.0  281s
 244986 87455 9852.25375   85   77 9867.99799 9630.22011  2.41%  36.0  285s
 251150 90112 9689.99985   56   68 9867.99799 9630.36748  2.41%  35.9  290s
 258726 93651 9631.16744   46   77 9867.99799 9631.16743  2.40%  35.8  295s
 265311 97355 9682.88572   53   62 9867.99799 9631.21359  2.40%  35.8  300s
 273081 100521 infeasible   48      9867.99799 9631.43582  2.40%  35.6  305s
 280754 103661 9839.79593   54   92 9867.99799 9632.08560  2.39%  35.6  310s
 286809 105659 9719.26370   60  108 9867.99799 9633.21169  2.38%  35.5  315s
 294239 107243 9715.18061   42   98 9867.99799 9635.16744  2.36%  35.5  320s
 299770 110551 9842.25421   92   42 9867.99799 9636.28952  2.35%  35.5  325s
 306273 113994 9842.59761  103   33 9867.99799 9636.61167  2.34%  35.5  330s
 312163 116422 9695.99985   59  100 9867.99799 9637.55599  2.34%  35.5  335s
 319634 119899 9789.99984   61   76 9867.99799 9637.99985  2.33%  35.4  340s
 327358 124060 9721.99985   57   70 9867.99799 9637.99985  2.33%  35.4  345s
 333842 127352 9808.30288   70   56 9867.99799 9638.97524  2.32%  35.4  350s
 341824 130935 9863.47955   68   49 9867.99799 9639.18061  2.32%  35.4  355s
 347767 134196 9864.76610   51   43 9867.99799 9639.80910  2.31%  35.4  360s
 355084 137517 9736.04595   62   81 9867.99799 9640.79526  2.30%  35.4  365s
 362930 139582 9751.18061   42   69 9867.99799 9642.87425  2.28%  35.3  370s
 369226 140788 9831.16744   49   85 9867.99799 9645.16743  2.26%  35.3  375s
 376419 142957 9801.01302   64   76 9867.99799 9646.79555  2.24%  35.3  380s
 383216 146282 9838.99985   59   52 9867.99799 9647.45711  2.23%  35.3  385s
 390865 150204 9724.99985   57   64 9867.99799 9647.99985  2.23%  35.4  390s
 397825 153890 9860.99985   81   60 9867.99799 9648.00973  2.23%  35.4  395s
 405499 158089 9648.01302   54   74 9867.99799 9648.01302  2.23%  35.4  400s
 411042 161077 9739.99985   71   57 9867.99799 9648.01302  2.23%  35.5  405s
 419045 165168 9768.99985   63   53 9867.99799 9648.08494  2.23%  35.5  410s
 424871 168191 9751.99985   60   61 9867.99799 9648.22011  2.23%  35.5  415s
 432579 172237 9655.00523   50   60 9867.99799 9648.34392  2.23%  35.4  420s
 439772 175804 9774.42971   47   87 9867.99799 9648.97524  2.22%  35.4  425s
 447189 178856 9847.99985   71   90 9867.99799 9649.16744  2.22%  35.4  430s
 454499 182266 9772.01302   55   77 9867.99799 9649.17888  2.22%  35.4  435s
 460924 184826 infeasible   72      9867.99799 9649.22186  2.22%  35.4  440s
 467828 188007 9779.01302   64   72 9867.99799 9649.79593  2.21%  35.5  445s
 474034 191090 9824.99985   69   72 9867.99799 9649.80844  2.21%  35.5  450s
 481741 194972 infeasible   54      9867.99799 9649.99984  2.21%  35.6  455s
 489714 199031 9682.71023   56   77 9867.99799 9649.99985  2.21%  35.5  460s
 490968 202803 9723.99985   53   75 9867.99799 9649.99985  2.21%  35.5  467s
 501661 204233 9807.99984   67   65 9867.99799 9650.53748  2.20%  35.5  470s
 508034 206722 9651.79593   45   97 9867.99799 9651.16744  2.20%  35.5  475s
 516613 209545 9798.08560   53  122 9867.99799 9651.45711  2.19%  35.5  480s
 522358 212474 9678.01302   51   70 9867.99799 9651.93044  2.19%  35.5  485s
 529365 214304 infeasible   81      9867.99799 9652.99985  2.18%  35.5  490s
 535539 216107 9733.99985   52   65 9867.99799 9653.93043  2.17%  35.5  495s
 541750 219169 9771.99985   58   65 9867.99799 9654.61167  2.16%  35.5  500s
 548950 222061     cutoff   58      9867.99799 9655.16743  2.16%  35.5  505s
 556181 225404 9675.99985   54   66 9867.99799 9655.99985  2.15%  35.5  510s
 560663 227289 9793.99985   57   80 9867.99799 9655.99985  2.15%  35.4  515s
 565643 229252 9814.01302   53   40 9867.99799 9655.99985  2.15%  35.5  521s
 569124 231809 9724.01302   51   64 9867.99799 9655.99985  2.15%  35.5  526s
 573121 233951 9820.99984   76   62 9867.99799 9655.99985  2.15%  35.5  531s
 578249 236644 infeasible   66      9867.99799 9655.99985  2.15%  35.6  536s
 582999 239456 9842.99985   64   82 9867.99799 9655.99985  2.15%  35.6  541s
 587536 241858 9827.99985   72   61 9867.99799 9655.99985  2.15%  35.7  546s
 592811 244598 9738.01302   65   68 9867.99799 9656.00314  2.15%  35.7  550s
 597965 247527 9706.01302   59   66 9867.99799 9656.00973  2.15%  35.7  555s
 605587 251891 9791.99984   71   59 9867.99799 9656.00973  2.15%  35.7  560s
 609761 255200 9836.05445   59   46 9867.99799 9656.00973  2.15%  35.7  566s
 616791 258508 9766.99985   56   66 9867.99799 9656.00973  2.15%  35.7  570s
 624661 263233 9712.00973   49   92 9867.99799 9656.00973  2.15%  35.7  575s
 630813 266674 infeasible   83      9867.99799 9656.00973  2.15%  35.7  580s
 638256 270764 infeasible   62      9867.99799 9656.00973  2.15%  35.7  585s
 644385 273788 9768.99985   61   54 9867.99799 9656.28952  2.15%  35.7  590s
 652024 277979 9738.46580   59   61 9867.99799 9656.28952  2.15%  35.7  595s
 659148 281905 9855.99985   65   43 9867.99799 9656.28952  2.15%  35.6  600s
 666769 286388 infeasible   83      9867.99799 9656.28952  2.15%  35.6  605s
 674436 290480 9709.99985   55   51 9867.99799 9656.28952  2.15%  35.5  610s
 681721 293529 9848.30288   70   78 9867.99799 9656.28952  2.15%  35.5  615s

Cutting planes:
  Learned: 4
  Gomory: 15
  Cover: 47
  Implied bound: 13
  Projected implied bound: 2
  Clique: 3
  MIR: 25
  StrongCG: 6
  Flow cover: 55
  GUB cover: 2
  Zero half: 2
  Network: 2
  RLT: 13
  Relax-and-lift: 7

Explored 683322 nodes (24261632 simplex iterations) in 616.53 seconds (517.66 work units)
Thread count was 8 (of 8 available processors)

Solution count 10: 9868 9868 9868 ... 9871

Solve interrupted
Best objective 9.867997970589e+03, best bound 9.656289523959e+03, gap 2.1454%

User-callback calls 1533411, time in user-callback 4.58 sec

Statistics for modelBBKS_BWT:
  Linear constraint matrix    : 10178 Constrs, 4381 Vars, 42472 NZs
  Variable types              : 1762 Continuous,
2619 Integer (444 Binary)
  Matrix coefficient range    : [ 1, 200 ]
  Objective coefficient range : [ 1, 382 ]
  Variable bound range        : [ 1, 199 ]
  RHS coefficient range       : [ 1, 549 ]
