
Gurobi 10.0.1 (mac64[arm]) logging started Wed Mar 27 15:06:42 2024

Set parameter LogFile to value "/Users/deniserings/Documents/zib/s-bahn-data/scripts/DeniseMA/processed/BPKW_BKRW_BSNF_O/original/BPKW_BKRW_BSNF_O_2024-03-27 12:04_equality.log"
Gurobi Optimizer version 10.0.1 build v10.0.1rc0 (mac64[arm])

CPU model: Apple M2
Thread count: 8 physical cores, 8 logical processors, using up to 8 threads

Optimize a model with 4411 rows, 2168 columns and 15763 nonzeros
Model fingerprint: 0x774882ae
Variable types: 838 continuous, 1330 integer (358 binary)
Coefficient statistics:
  Matrix range     [1e+00, 2e+02]
  Objective range  [1e+00, 4e+02]
  Bounds range     [1e+00, 2e+02]
  RHS range        [1e+00, 5e+02]
Presolve removed 2479 rows and 1109 columns
Presolve time: 0.08s
Presolved: 1932 rows, 1059 columns, 8279 nonzeros
Variable types: 376 continuous, 683 integer (683 binary)

Root relaxation: objective 9.180000e+03, 608 iterations, 0.01 seconds (0.01 work units)

    Nodes    |    Current Node    |     Objective Bounds      |     Work
 Expl Unexpl |  Obj  Depth IntInf | Incumbent    BestBd   Gap | It/Node Time

     0     0 9180.00000    0   26          - 9180.00000      -     -    0s
H    0     0                    10752.000000 9180.00000  14.6%     -    0s
H    0     0                    10409.000000 9180.00000  11.8%     -    0s
     0     0 9182.33677    0   80 10409.0000 9182.33677  11.8%     -    0s
     0     0 9182.33677    0   82 10409.0000 9182.33677  11.8%     -    0s
H    0     0                    10406.000000 9182.33677  11.8%     -    0s
H    0     0                    10389.000000 9214.00000  11.3%     -    0s
     0     0 9214.00000    0   68 10389.0000 9214.00000  11.3%     -    0s
H    0     0                    10001.000000 9214.00000  7.87%     -    0s
     0     0 9214.00000    0   73 10001.0000 9214.00000  7.87%     -    0s
     0     0 9214.00000    0   60 10001.0000 9214.00000  7.87%     -    0s
     0     0 9214.00000    0   55 10001.0000 9214.00000  7.87%     -    0s
H    0     0                    9971.0000000 9214.00000  7.59%     -    0s
     0     0 9214.00000    0   19 9971.00000 9214.00000  7.59%     -    0s
     0     0 9214.00000    0   17 9971.00000 9214.00000  7.59%     -    0s
     0     0 9214.00000    0   23 9971.00000 9214.00000  7.59%     -    0s
     0     0 9214.00000    0   26 9971.00000 9214.00000  7.59%     -    0s
H    0     0                    9966.0000000 9214.00000  7.55%     -    0s
     0     0 9214.00000    0   14 9966.00000 9214.00000  7.55%     -    0s
H    0     0                    9949.0000000 9214.00000  7.39%     -    0s
     0     0 9214.00000    0   18 9949.00000 9214.00000  7.39%     -    0s
H    0     0                    9921.0000000 9214.00000  7.13%     -    0s
     0     0 9214.00000    0   16 9921.00000 9214.00000  7.13%     -    0s
     0     0 9214.00000    0   14 9921.00000 9214.00000  7.13%     -    0s
     0     0 9214.00000    0   14 9921.00000 9214.00000  7.13%     -    0s
     0     2 9214.00000    0   14 9921.00000 9214.00000  7.13%     -    0s
H  272   284                    9897.0000000 9214.00000  6.90%  20.8    0s
H  378   388                    9896.0000000 9214.00000  6.89%  21.4    0s
H  394   388                    9892.0000000 9214.00000  6.85%  20.9    0s
H  421   396                    9859.0000000 9214.00000  6.54%  20.7    0s
H  714   636                    9835.0000000 9214.00000  6.31%  18.1    0s
H  725   644                    9830.0000000 9214.00000  6.27%  18.3    1s
H  726   642                    9818.0000000 9214.00000  6.15%  18.4    1s
H 1602  1252                    9815.0000000 9214.00000  6.12%  16.6    1s
H 1615  1197                    9814.0000000 9224.00000  6.01%  16.5    2s
H 1619  1140                    9792.0000000 9224.20048  5.80%  16.5    2s
H 1650  1101                    9772.0000000 9229.02585  5.56%  16.1    4s
H 1656  1049                    9771.0000000 9229.03572  5.55%  16.1    4s
  1667  1058 9502.66667   34   34 9771.00000 9229.03572  5.55%  24.5    5s
  2015  1278 9400.00000   47   38 9771.00000 9234.23514  5.49%  32.3   10s
 11594  6566 9273.26155   47   76 9771.00000 9249.75462  5.33%  25.8   15s
 22302 13535 9486.80729   46   60 9771.00000 9264.27366  5.19%  24.4   20s
 29824 17214 9530.68354   73   14 9771.00000 9271.42563  5.11%  23.7   26s
 29855 17235 9614.92354   67  128 9771.00000 9271.42563  5.11%  23.7   30s
 32651 18341 9411.00000   49   41 9771.00000 9370.87193  4.10%  24.3   35s
 41409 21335     cutoff   55      9771.00000 9389.93845  3.90%  25.4   40s
 52756 24720 9411.64450   64  108 9771.00000 9392.71801  3.87%  25.9   45s
 60506 27142 9411.00000   61   31 9771.00000 9394.47502  3.85%  26.4   50s
 71397 30679 9396.02012   51   54 9771.00000 9395.99141  3.84%  26.8   55s
 80998 33167 9418.12105   57   64 9771.00000 9396.64908  3.83%  27.3   60s
 91297 39502 9417.43542   67   54 9771.00000 9397.12364  3.83%  27.5   65s
 102062 45818 9756.00000   75   96 9771.00000 9397.98959  3.82%  28.0   70s
 112706 51984 9539.91270   61   95 9771.00000 9398.60000  3.81%  28.5   75s
 121426 56853 9481.00000   75   45 9771.00000 9399.61769  3.80%  28.8   80s
 131285 62044 9681.46789   68   46 9771.00000 9401.40067  3.78%  29.1   85s
 141749 67677 9545.90209   60  128 9771.00000 9402.70000  3.77%  29.3   90s
 153620 74227 9656.00000   63   55 9771.00000 9404.53427  3.75%  29.3   95s
 164056 80142 9420.39510   55   77 9771.00000 9406.09296  3.73%  29.4  100s
 175871 86402 9701.00000   67   24 9771.00000 9407.61526  3.72%  29.5  105s
 185291 91976 9495.00000   79   18 9771.00000 9408.92124  3.71%  29.7  110s
 195171 97912 9549.00000   77   32 9771.00000 9410.17291  3.69%  29.7  115s
 205393 103547     cutoff   69      9771.00000 9411.00000  3.68%  29.8  120s
 213852 108033 9411.15317   74   61 9771.00000 9411.00000  3.68%  30.0  125s
 222290 112128 9725.98630   76   58 9771.00000 9411.00000  3.68%  30.4  130s
 229408 115568 9469.73228   82   28 9771.00000 9411.00000  3.68%  30.6  135s
 236641 119348 9489.65944   71   96 9771.00000 9411.00000  3.68%  30.9  140s
 245083 122875 9537.61310   54  106 9771.00000 9411.23380  3.68%  31.2  145s
 252779 126643 9667.78135   73   51 9771.00000 9411.49491  3.68%  31.3  150s
 263131 131822 9579.31353   75   24 9771.00000 9411.59862  3.68%  31.3  155s
 273794 138285 9450.00000   63   27 9771.00000 9411.59862  3.68%  31.2  160s
 284165 143181 9411.61273   66   50 9771.00000 9411.61273  3.68%  31.3  165s
 292530 147317 9675.67841   81   36 9771.00000 9411.64047  3.68%  31.4  170s
 300973 151630 9441.00000   69   41 9771.00000 9411.64475  3.68%  31.4  175s
 307779 155075     cutoff   84      9771.00000 9411.64475  3.68%  31.5  180s
 314722 158988 9457.00000   61   27 9771.00000 9411.64475  3.68%  31.6  185s
 322030 162632 9665.00000   77   15 9771.00000 9411.73589  3.68%  31.6  190s
 330849 166922 9757.92340   68   44 9771.00000 9411.92307  3.67%  31.7  195s
 335788 169907 9566.28812   87   60 9771.00000 9412.05839  3.67%  31.7  200s
 341205 173175     cutoff   72      9771.00000 9412.15225  3.67%  31.8  205s
 350602 177813 9768.12402   76   46 9771.00000 9412.34221  3.67%  31.8  210s
 359742 182754 9412.89320   67   41 9771.00000 9412.52978  3.67%  31.7  215s
 368336 187391     cutoff   78      9771.00000 9412.70314  3.67%  31.7  220s
 376096 191628 9454.35185   72   42 9771.00000 9412.96970  3.66%  31.8  225s
 386133 196661     cutoff   65      9771.00000 9413.12453  3.66%  31.8  230s
 395063 201210 9549.48767   60   67 9771.00000 9413.33333  3.66%  31.8  235s
 404790 206232 9474.57311   66  136 9771.00000 9413.65078  3.66%  31.8  240s
 414231 210598     cutoff   78      9771.00000 9413.99477  3.65%  31.8  245s
 422355 215131 infeasible   62      9771.00000 9414.18285  3.65%  31.9  250s
 432982 220264 9461.29827   71   55 9771.00000 9414.37274  3.65%  31.9  255s
 443033 225469 9646.46331   67  100 9771.00000 9414.63925  3.65%  31.8  260s
 453374 231038 9430.14042   63   63 9771.00000 9414.93845  3.64%  31.8  265s
 462421 235256 9677.11643   72   40 9771.00000 9415.33240  3.64%  31.8  270s
 471539 240113 9567.20000   74   46 9771.00000 9415.82915  3.63%  31.9  275s
 480661 244308 9435.00000   67   44 9771.00000 9416.00000  3.63%  31.9  280s
 489357 248562 9457.69557   66   48 9771.00000 9416.00000  3.63%  31.9  285s
 499378 253513 9469.00000   67   48 9771.00000 9416.00000  3.63%  31.9  290s
 508305 258579 9672.93465   61  100 9771.00000 9416.00000  3.63%  32.0  295s
 517191 263071 9732.00000   81   22 9771.00000 9416.10979  3.63%  32.0  300s
 525130 266797 9707.68096   64   96 9771.00000 9416.37330  3.63%  32.0  305s
 534445 271615 9769.13386   76   35 9771.00000 9416.51931  3.63%  32.0  310s
 544877 276543     cutoff   78      9771.00000 9416.59862  3.63%  31.9  315s
 553937 281110 9455.03906   69   29 9771.00000 9416.59862  3.63%  31.9  320s
 563338 285562 9637.29676   67   70 9771.00000 9416.59862  3.63%  31.8  325s
 572282 290049     cutoff   88      9771.00000 9416.59862  3.63%  31.8  330s
 580162 293840 9582.00000   69   34 9771.00000 9416.59862  3.63%  31.8  335s
 588943 298144 9490.03175   79   39 9771.00000 9416.59862  3.63%  31.7  340s
 598512 302581 9484.00000   78   39 9771.00000 9416.59862  3.63%  31.7  345s
 607133 306911 9729.67816   75   52 9771.00000 9416.59862  3.63%  31.6  350s
 616218 310945 9476.15000   73   96 9771.00000 9416.59862  3.63%  31.6  355s
 624828 315048     cutoff   85      9771.00000 9416.59862  3.63%  31.6  360s
 633717 319312 9481.00000   68   25 9771.00000 9416.59862  3.63%  31.6  366s
 638438 321535 9472.79600   74   73 9771.00000 9416.60938  3.63%  31.6  370s
 647232 325171 9535.71317   85  104 9771.00000 9416.61273  3.63%  31.6  375s
 655329 329043 9734.91000   81   32 9771.00000 9416.61273  3.63%  31.6  380s
 665448 333594 9460.16345   69   54 9771.00000 9416.61273  3.63%  31.7  385s
 672593 336494 9732.77982   83   59 9771.00000 9416.61273  3.63%  31.7  390s
 680354 340154 9664.60711   82   98 9771.00000 9416.61273  3.63%  31.7  395s
 688806 344229 9749.17188   85   25 9771.00000 9416.61273  3.63%  31.8  400s
 697345 348021 9526.59862   63   43 9771.00000 9416.64908  3.63%  31.8  405s
 706508 351936 9617.06465   81   94 9771.00000 9416.70652  3.63%  31.8  410s
 715704 356289 9668.99195   71  106 9771.00000 9416.70652  3.63%  31.8  415s
 725470 360162 9456.92283   71   52 9771.00000 9416.70652  3.63%  31.8  420s
 735354 364536     cutoff   86      9771.00000 9416.76059  3.63%  31.9  425s
 743138 367958 9460.00000   72   29 9771.00000 9416.84315  3.62%  31.9  430s
 752028 371148 9680.28104   85   52 9771.00000 9416.94282  3.62%  31.9  436s
 757887 374532 9650.82381   65   51 9771.00000 9417.02322  3.62%  31.9  440s
 766206 378524     cutoff   85      9771.00000 9417.14284  3.62%  32.0  445s
 776438 383557 9728.86788   72   83 9771.00000 9417.25420  3.62%  32.0  450s
 786406 388806 9495.00000   68   55 9771.00000 9417.35560  3.62%  32.0  455s
 794999 393193 9498.04692   61   57 9771.00000 9417.43575  3.62%  32.0  460s
 804634 397761 9461.63183   66   67 9771.00000 9417.59862  3.62%  32.0  465s
 811790 401684 9556.00000   69   54 9771.00000 9417.69711  3.62%  32.0  470s
 820423 405813 9670.05998   54   27 9771.00000 9417.89263  3.61%  32.0  475s
 829381 409916     cutoff   88      9771.00000 9418.03398  3.61%  32.0  480s
 837625 414058 infeasible   91      9771.00000 9418.23633  3.61%  32.1  485s
 846108 417817     cutoff   78      9771.00000 9418.40552  3.61%  32.1  490s
 854089 421267     cutoff   68      9771.00000 9418.58155  3.61%  32.1  495s
 862612 424699 9418.77524   63  117 9771.00000 9418.70780  3.61%  32.2  500s
 869917 427448 9466.34420   69   53 9771.00000 9418.92054  3.60%  32.2  505s
 877342 431196 9547.01273   73   45 9771.00000 9419.13834  3.60%  32.2  510s
 885826 435238 infeasible   87      9771.00000 9419.32950  3.60%  32.2  515s
 894613 439012 9465.59862   74   55 9771.00000 9419.55404  3.60%  32.2  520s
 902791 442644 9465.00116   77   57 9771.00000 9419.69488  3.60%  32.3  525s
 910601 446229 9715.10667   73   50 9771.00000 9419.98984  3.59%  32.3  530s
 917804 449817 9486.00000   66   45 9771.00000 9420.19149  3.59%  32.3  535s
 925226 452772 9720.33010   78   49 9771.00000 9420.49153  3.59%  32.3  540s
 931207 455508     cutoff   91      9771.00000 9420.64475  3.59%  32.3  545s
 935874 457604 9608.22525   69   64 9771.00000 9420.80366  3.58%  32.3  551s
 939518 459293 9709.83099   60  118 9771.00000 9420.95649  3.58%  32.3  556s
 943586 461171     cutoff   64      9771.00000 9421.00000  3.58%  32.4  560s
 948746 463938 9455.00000   62   38 9771.00000 9421.00000  3.58%  32.4  565s
 954888 466850 9639.57239   86   52 9771.00000 9421.00000  3.58%  32.5  570s
 962510 470219 9540.59862   76   51 9771.00000 9421.10031  3.58%  32.5  575s
 968342 472877 9653.15873   84   34 9771.00000 9421.22663  3.58%  32.5  580s
 975013 476011 9626.10701   70  119 9771.00000 9421.43411  3.58%  32.5  585s
 977986 477573 9699.93877   55   55 9771.00000 9421.49491  3.58%  32.5  590s
 984138 480540     cutoff   72      9771.00000 9421.57722  3.58%  32.5  595s
 991728 483845     cutoff   71      9771.00000 9421.69248  3.57%  32.5  600s
 999050 487506     cutoff   67      9771.00000 9421.86916  3.57%  32.6  605s
 1006743 491284 9525.00000   74   30 9771.00000 9422.02172  3.57%  32.6  610s
 1016166 496017 9489.19828   73   79 9771.00000 9422.19423  3.57%  32.6  615s
 1023346 498559     cutoff   73      9771.00000 9422.41900  3.57%  32.6  620s
 1030531 502069     cutoff   69      9771.00000 9422.59862  3.57%  32.6  625s
 1037254 505412 9504.78527   67   27 9771.00000 9422.76986  3.56%  32.6  630s
 1046268 509101 9469.00000   74   19 9771.00000 9423.00000  3.56%  32.6  635s
 1052026 511431 infeasible   78      9771.00000 9423.15893  3.56%  32.7  640s
 1059135 514558 9453.92542   73   64 9771.00000 9423.40530  3.56%  32.7  645s
 1065202 516863 9663.00000   90   24 9771.00000 9423.56735  3.56%  32.7  650s
 1071850 519200 9432.37848   63   85 9771.00000 9423.59862  3.56%  32.7  655s
 1078938 521731 9507.00000   71   39 9771.00000 9423.69557  3.55%  32.7  660s
 1082749 523049 9692.87933   79   17 9771.00000 9423.74856  3.55%  32.7  665s
 1089290 525975 9509.60495   62   59 9771.00000 9423.92291  3.55%  32.7  670s
 1096441 528597     cutoff   81      9771.00000 9424.16475  3.55%  32.7  675s
 1102725 531328 9484.64475   66   58 9771.00000 9424.33589  3.55%  32.8  680s
 1108017 533748 9728.88935   80  117 9771.00000 9424.53986  3.55%  32.8  685s
 1115689 537216 9467.23843   76   48 9771.00000 9424.81273  3.54%  32.8  690s
 1122417 540136 9701.60092   71   42 9771.00000 9425.07664  3.54%  32.8  696s
 1129281 542970 9759.40000   75   37 9771.00000 9425.35422  3.54%  32.8  700s
 1136662 546218 infeasible   75      9771.00000 9425.59862  3.53%  32.8  705s
 1144633 549427     cutoff   72      9771.00000 9425.59862  3.53%  32.8  710s
 1150790 551944 9652.37091   86   49 9771.00000 9425.59862  3.53%  32.9  715s
 1157818 554498     cutoff   76      9771.00000 9425.61273  3.53%  32.9  720s
 1163247 556710 9764.72325   84   42 9771.00000 9425.61273  3.53%  32.9  726s
 1167917 558522 9469.51088   78   51 9771.00000 9425.61514  3.53%  32.9  730s
 1174516 560794 9464.06049   70   41 9771.00000 9425.70652  3.53%  32.9  735s
 1179444 562789     cutoff   80      9771.00000 9425.74148  3.53%  33.0  740s
 1187402 565842 9519.04611   84   52 9771.00000 9425.86152  3.53%  33.0  745s
 1193603 568519 9632.00000   76   42 9771.00000 9425.95552  3.53%  33.0  750s
 1201394 571902 9473.59556   82   29 9771.00000 9426.00000  3.53%  33.0  755s
 1207449 574456 9747.80902   82   53 9771.00000 9426.00000  3.53%  33.1  760s
 1214547 577679 9529.00000   95   41 9771.00000 9426.00000  3.53%  33.1  765s
 1222205 580903 9501.44974   78   47 9771.00000 9426.00000  3.53%  33.1  770s
 1228535 583825 infeasible   78      9771.00000 9426.00000  3.53%  33.1  775s
 1234122 586032 9438.37223   76   52 9771.00000 9426.00000  3.53%  33.2  780s
 1242840 589864 infeasible   83      9771.00000 9426.00000  3.53%  33.2  785s
 1247621 591964     cutoff   87      9771.00000 9426.00000  3.53%  33.2  790s
 1253800 594681 9462.18511   75   27 9771.00000 9426.00000  3.53%  33.2  795s
 1260920 598145 9707.95663   72   68 9771.00000 9426.00000  3.53%  33.2  800s
 1267396 600751 9494.00000   80   33 9771.00000 9426.00000  3.53%  33.2  805s
 1273121 603514 9435.68663   60  102 9771.00000 9426.00000  3.53%  33.2  810s
 1279942 606239 9490.86514   71   52 9771.00000 9426.00000  3.53%  33.3  815s
 1286650 609524 9491.00000   85   75 9771.00000 9426.00000  3.53%  33.3  820s
 1294241 613081 9460.58279   66   57 9771.00000 9426.00000  3.53%  33.3  825s
 1300409 615717     cutoff   88      9771.00000 9426.03906  3.53%  33.3  830s
 1307085 618603 9722.75049   74   44 9771.00000 9426.08500  3.53%  33.3  835s
 1313810 621138 9565.00000   91   41 9771.00000 9426.15108  3.53%  33.4  840s
 1319919 623541 9678.39399   79   67 9771.00000 9426.22838  3.53%  33.4  845s
 1326046 626235     cutoff   65      9771.00000 9426.31250  3.53%  33.4  850s
 1334060 629737 9527.65740   65   60 9771.00000 9426.46541  3.53%  33.4  855s
 1340562 632484 9684.90769   73   64 9771.00000 9426.55590  3.53%  33.5  860s
 1347198 635216 9663.87231   70  105 9771.00000 9426.62614  3.52%  33.5  865s
 1354995 639109     cutoff   96      9771.00000 9426.65436  3.52%  33.5  870s
 1362185 642831 9437.92345   67  134 9771.00000 9426.76716  3.52%  33.5  875s
 1369732 645849 9450.15421   76   65 9771.00000 9426.91899  3.52%  33.5  880s
 1377419 649717 9673.00000   90   41 9771.00000 9427.04837  3.52%  33.5  885s
 1385257 653192 9724.22936   70   35 9771.00000 9427.18634  3.52%  33.5  890s
 1391278 655770 9514.70208   61   52 9771.00000 9427.28818  3.52%  33.5  895s
 1399766 659271     cutoff   88      9771.00000 9427.43399  3.52%  33.6  900s
 1406038 662391 infeasible   84      9771.00000 9427.56000  3.51%  33.6  905s
 1413815 665905 9764.00000   66   19 9771.00000 9427.71405  3.51%  33.6  910s
 1419714 668453 9749.30797   80   33 9771.00000 9427.84643  3.51%  33.6  915s
 1427764 671437     cutoff   94      9771.00000 9428.00000  3.51%  33.6  921s
 1430956 672974 9655.57282   82   46 9771.00000 9428.02251  3.51%  33.6  925s
 1438556 675848 9638.03393   66   74 9771.00000 9428.18723  3.51%  33.7  930s
 1444132 678392 9758.94453   81  117 9771.00000 9428.35527  3.51%  33.7  935s
 1452457 681655 9480.57239   72   33 9771.00000 9428.57538  3.50%  33.7  940s
 1458507 683883 9663.00000   83   27 9771.00000 9428.65333  3.50%  33.7  945s
 1465943 686920 9473.14913   67   72 9771.00000 9428.80624  3.50%  33.7  950s
 1471907 689575 9483.83229   80   59 9771.00000 9428.96728  3.50%  33.8  955s
 1479384 692663 9537.00000   63   26 9771.00000 9429.15910  3.50%  33.8  960s
 1486913 695576 9709.57529   61   69 9771.00000 9429.32064  3.50%  33.8  965s
 1494366 698432 9483.19394   61  120 9771.00000 9429.52632  3.49%  33.8  970s
 1500766 701214     cutoff   83      9771.00000 9429.70733  3.49%  33.8  975s
 1507482 704023 9445.65953   82   59 9771.00000 9429.90002  3.49%  33.8  980s
 1512699 706357 9510.44974   74   46 9771.00000 9430.00000  3.49%  33.8  985s
 1519173 708747     cutoff   78      9771.00000 9430.10811  3.49%  33.9  990s
 1526306 711398 9445.63795   73   50 9771.00000 9430.19294  3.49%  33.9  995s
 1533123 713768 9671.90118   71   88 9771.00000 9430.37802  3.49%  33.9 1001s
 1536385 715424     cutoff   84      9771.00000 9430.47804  3.49%  33.9 1005s
 1544796 719883 9475.25276   59   66 9771.00000 9430.65333  3.48%  33.9 1010s
 1550622 722397 9642.63308   57   71 9771.00000 9430.74337  3.48%  33.9 1015s
 1558633 725666 9470.01515   58   31 9771.00000 9430.91533  3.48%  33.9 1020s
 1565686 728210 9702.65558   75   55 9771.00000 9431.00000  3.48%  33.9 1025s
 1571989 730514     cutoff   81      9771.00000 9431.00000  3.48%  33.9 1030s
 1577660 733030 9589.00000   65   30 9771.00000 9431.00000  3.48%  34.0 1035s
 1585105 735949     cutoff   75      9771.00000 9431.04281  3.48%  34.0 1040s
 1591363 738712     cutoff   69      9771.00000 9431.16221  3.48%  34.0 1046s
 1597215 740975     cutoff   83      9771.00000 9431.24285  3.48%  34.0 1050s
 1603243 743382     cutoff   81      9771.00000 9431.36795  3.48%  34.0 1055s
 1610610 746281 9756.32475   85   76 9771.00000 9431.49325  3.47%  34.0 1060s
 1617055 748522 9589.46448   70   41 9771.00000 9431.51862  3.47%  34.1 1065s
 1622020 750340     cutoff   84      9771.00000 9431.54146  3.47%  34.1 1070s
 1629572 753601 9670.00000   64   23 9771.00000 9431.59862  3.47%  34.1 1075s
 1636031 756183     cutoff   83      9771.00000 9431.59862  3.47%  34.1 1080s
 1643667 759226 9441.00000   62   49 9771.00000 9431.59862  3.47%  34.1 1085s
 1650968 762375 9514.65193   66  102 9771.00000 9431.59862  3.47%  34.2 1090s
 1656860 764713 9649.16700   74   95 9771.00000 9431.59862  3.47%  34.2 1095s
 1663036 767420 9767.77000   74   44 9771.00000 9431.59862  3.47%  34.2 1100s
 1670660 770549 9604.98675   76   59 9771.00000 9431.59862  3.47%  34.2 1106s
 1675702 772192 9748.00000   77   35 9771.00000 9431.61229  3.47%  34.2 1110s
 1682009 774593 9729.00000   77   46 9771.00000 9431.61273  3.47%  34.2 1115s
 1689745 777663 9686.80120   85  115 9771.00000 9431.63795  3.47%  34.3 1120s
 1695982 780088 9755.63795   80   56 9771.00000 9431.63795  3.47%  34.3 1125s
 1703179 782891 9682.47235   73   61 9771.00000 9431.63795  3.47%  34.3 1130s
 1708834 785434 9551.63795   66   56 9771.00000 9431.63795  3.47%  34.3 1136s
 1712705 787152 9704.63795   75   63 9771.00000 9431.63795  3.47%  34.3 1141s
 1713984 787619 9701.13423   81   43 9771.00000 9431.63795  3.47%  34.3 1465s

Cutting planes:
  Learned: 149
  Gomory: 201
  Cover: 887
  Implied bound: 46
  Clique: 1
  MIR: 460
  StrongCG: 17
  Flow cover: 1568
  Inf proof: 50
  Zero half: 5
  Network: 4
  RLT: 56
  Relax-and-lift: 31

Explored 1715181 nodes (58857157 simplex iterations) in 1466.07 seconds (837.53 work units)
Thread count was 8 (of 8 available processors)

Solution count 10: 9771 9772 9792 ... 9892

Solve interrupted
Best objective 9.771000000000e+03, best bound 9.431637949836e+03, gap 3.4732%

User-callback calls 3642131, time in user-callback 10.15 sec

Statistics for modelBPKW_BKRW_BSNF_O:
  Linear constraint matrix    : 4411 Constrs, 2168 Vars, 15763 NZs
  Variable types              : 838 Continuous,
1330 Integer (358 Binary)
  Matrix coefficient range    : [ 1, 200 ]
  Objective coefficient range : [ 1, 368 ]
  Variable bound range        : [ 1, 199 ]
  RHS coefficient range       : [ 1, 549 ]
