
Gurobi 10.0.1 (mac64[arm]) logging started Sun Mar  3 16:22:07 2024

Set parameter LogFile to value "/Users/deniserings/Documents/zib/s-bahn-data/scripts/DeniseMA/processed/BWKS_medium_september/original/BWKS_medium_september_202403031448_mipstart.log"
Gurobi Optimizer version 10.0.1 build v10.0.1rc0 (mac64[arm])

CPU model: Apple M2
Thread count: 8 physical cores, 8 logical processors, using up to 8 threads

Optimize a model with 9843 rows, 4887 columns and 48721 nonzeros
Model fingerprint: 0xf771a6db
Variable types: 1358 continuous, 3529 integer (1331 binary)
Coefficient statistics:
  Matrix range     [1e+00, 2e+02]
  Objective range  [1e+00, 4e+02]
  Bounds range     [1e+00, 2e+02]
  RHS range        [1e+00, 5e+02]
Presolve removed 3477 rows and 895 columns
Presolve time: 0.09s
Presolved: 6366 rows, 3992 columns, 41170 nonzeros
Variable types: 870 continuous, 3122 integer (3122 binary)

Root relaxation: objective 8.158000e+03, 2083 iterations, 0.03 seconds (0.06 work units)

    Nodes    |    Current Node    |     Objective Bounds      |     Work
 Expl Unexpl |  Obj  Depth IntInf | Incumbent    BestBd   Gap | It/Node Time

     0     0 8158.00000    0  223          - 8158.00000      -     -    0s
H    0     0                    11236.000000 8158.00000  27.4%     -    0s
     0     0 8161.10034    0  329 11236.0000 8161.10034  27.4%     -    0s
H    0     0                    10910.000000 8161.10034  25.2%     -    0s
     0     0 8161.12034    0  291 10910.0000 8161.12034  25.2%     -    0s
     0     0 8161.12034    0  281 10910.0000 8161.12034  25.2%     -    0s
     0     0 8180.00000    0  389 10910.0000 8180.00000  25.0%     -    0s
     0     0 8180.00000    0  389 10910.0000 8180.00000  25.0%     -    0s
H    0     0                    10490.000000 8180.00000  22.0%     -    0s
     0     0 8180.00000    0  329 10490.0000 8180.00000  22.0%     -    0s
     0     0 8180.00000    0  331 10490.0000 8180.00000  22.0%     -    0s
H    0     0                    10443.000000 8180.00000  21.7%     -    1s
     0     0 8180.00000    0  303 10443.0000 8180.00000  21.7%     -    1s
     0     0 8180.00000    0  228 10443.0000 8180.00000  21.7%     -    1s
     0     0 8180.00000    0  256 10443.0000 8180.00000  21.7%     -    1s
H    0     0                    10423.000000 8180.00000  21.5%     -    1s
H    0     0                    10398.000000 8180.00000  21.3%     -    1s
     0     0 8180.00000    0  203 10398.0000 8180.00000  21.3%     -    1s
     0     0 8180.00000    0  264 10398.0000 8180.00000  21.3%     -    1s
H    0     0                    10366.000000 8180.00000  21.1%     -    2s
     0     0 8180.00000    0  201 10366.0000 8180.00000  21.1%     -    2s
     0     0 8180.00000    0  227 10366.0000 8180.00000  21.1%     -    2s
H    0     0                    10090.000000 8180.00000  18.9%     -    2s
H    0     0                    10048.000000 8180.00000  18.6%     -    2s
H    0     0                    9543.0000000 8180.00000  14.3%     -    2s
     0     0 8180.00000    0  171 9543.00000 8180.00000  14.3%     -    2s
     0     0 8180.00000    0  183 9543.00000 8180.00000  14.3%     -    2s
     0     0 8180.00000    0  251 9543.00000 8180.00000  14.3%     -    2s
     0     0 8180.00000    0  243 9543.00000 8180.00000  14.3%     -    2s
H    0     0                    9484.0000000 8180.00000  13.7%     -    3s
     0     0 8180.00000    0  124 9484.00000 8180.00000  13.7%     -    3s
     0     0 8180.00000    0  234 9484.00000 8180.00000  13.7%     -    3s
     0     0 8180.00000    0  211 9484.00000 8180.00000  13.7%     -    3s
     0     0 8180.00000    0  185 9484.00000 8180.00000  13.7%     -    3s
     0     2 8180.00000    0  185 9484.00000 8180.00000  13.7%     -    3s
H  216   220                    9482.0000000 8180.00000  13.7%  52.8    4s
   219   259 8351.44633   23  130 9482.00000 8180.00000  13.7%  52.4    5s
H 1258   947                    9145.0000000 8180.00000  10.6%  25.0    5s
H 1262   812                    8866.0000000 8180.00000  7.74%  25.0    6s
  1510  1008 8721.00000   51  212 8866.00000 8190.21280  7.62%  24.7   10s
H 1519   962                    8856.0000000 8200.35910  7.40%  24.6   10s
H 1540   927                    8855.9999762 8214.58436  7.24%  24.2   13s
H 1549   885                    8855.9998170 8221.84596  7.16%  24.1   14s
  1551   886 8814.00000   97  153 8855.99982 8222.83721  7.15%  24.1   15s
H 1555   844                    8852.0000000 8223.42155  7.10%  24.0   15s
H 1562   804                    8849.0000000 8224.41605  7.06%  23.9   16s
H 1570   769                    8839.0000000 8229.70782  6.89%  23.8   17s
  1598   789 8696.00000  115  278 8839.00000 8234.00496  6.84%  63.0   20s
  1622   805 8484.00000   30  233 8839.00000 8237.10696  6.81%  62.1   25s
  1650   825 8610.00000   78  175 8839.00000 8240.89901  6.77%  84.6   30s
  1686   851 8622.00000   45  246 8839.00000 8248.48311  6.68%   106   35s
  1727   887 8366.19532   64  150 8839.00000 8250.24680  6.66%   123   40s
H 1907   937                    8816.0000000 8274.57146  6.14%   114   40s
H 1916   900                    8793.0000000 8274.57146  5.90%   113   40s
* 4212  2135             200    8781.0000000 8358.38098  4.81%  70.3   43s
H 5252  2925                    8778.0000000 8358.41212  4.78%  62.9   44s
  5674  3352 infeasible  124      8778.00000 8358.41212  4.78%  60.8   45s
H 6374  3789                    8776.0000000 8366.38098  4.67%  57.5   45s
H 9452  6033                    8771.0000000 8374.19049  4.52%  50.5   48s
 10431  7107 infeasible  182      8771.00000 8382.19049  4.43%  48.6   50s
 18246 13081 8740.00000  156   89 8771.00000 8438.84583  3.79%  42.5   55s
 25150 18382 8704.00000  173   87 8771.00000 8450.30037  3.66%  39.0   60s
 29634 21106 8744.00000  115  185 8771.00000 8451.17106  3.65%  37.9   71s
 29646 21114 8491.02857  123  245 8771.00000 8451.17106  3.65%  37.9   75s
 29652 21118 8603.00000  155  170 8771.00000 8451.17106  3.65%  37.9   81s
 29660 21123 8472.01580   94  247 8771.00000 8451.17106  3.65%  37.9   85s
 29667 21128 8470.00000   74  224 8771.00000 8451.17106  3.65%  37.9   90s
 29677 21135 8478.00000   97  194 8771.00000 8451.17106  3.65%  37.8   95s
 29689 21143 8464.00000   81  171 8771.00000 8451.17106  3.65%  37.8  100s
 29694 21146 8687.96739  175  205 8771.00000 8451.17106  3.65%  37.8  105s
 29716 21161 8464.00000   93  155 8771.00000 8451.17106  3.65%  37.8  110s
 29944 21333 8637.82000   88  124 8771.00000 8451.17106  3.65%  39.8  115s
 34312 23447 8570.01917   99   88 8771.00000 8451.17106  3.65%  39.0  120s
 40594 26355 8564.00000   98   94 8771.00000 8451.17106  3.65%  39.0  125s
 47494 28842 8601.28313  143   85 8771.00000 8451.17106  3.65%  38.9  130s
 54131 31320 8564.03203  115  118 8771.00000 8451.17106  3.65%  38.6  135s
 61376 33991     cutoff  140      8771.00000 8451.17106  3.65%  38.5  140s
 68885 36928 8602.00000  119  110 8771.00000 8451.17106  3.65%  38.4  145s
 73833 38972 8718.68571  174  122 8771.00000 8451.17106  3.65%  38.5  150s
 80994 41743 8539.49133  145   87 8771.00000 8451.17106  3.65%  38.3  155s
 88042 44268 infeasible  201      8771.00000 8451.17106  3.65%  38.2  160s
 93837 46711     cutoff   96      8771.00000 8451.17106  3.65%  38.4  165s
 99619 50153 8675.48752  163  131 8771.00000 8451.17106  3.65%  38.8  170s
 104329 53141 8490.20564  107  142 8771.00000 8451.17106  3.65%  38.7  175s
 110182 56926 infeasible  123      8771.00000 8451.17106  3.65%  38.7  180s
 115421 59933 8716.00000  149   77 8771.00000 8451.17106  3.65%  38.7  185s
 120095 63306 8609.94072  134   99 8771.00000 8451.17106  3.65%  38.6  191s
 126164 66019 8451.17106  129  118 8771.00000 8451.17106  3.65%  38.5  195s
 131953 69603 8578.00000  119  128 8771.00000 8451.17106  3.65%  38.5  200s
 137143 72386 8756.00000  146   51 8771.00000 8451.17106  3.65%  38.4  205s
 142128 74983 8687.53826  148   76 8771.00000 8451.17106  3.65%  38.4  210s
 146029 77299     cutoff  127      8771.00000 8451.17106  3.65%  38.5  215s
 152377 80694 8729.33270  143   57 8771.00000 8451.17106  3.65%  38.4  220s
 157346 83362 8667.00000  147   68 8771.00000 8451.17106  3.65%  38.3  225s
 161634 85527     cutoff  158      8771.00000 8451.17106  3.65%  38.3  230s
 167600 88739 8697.00836  137  116 8771.00000 8451.17106  3.65%  38.2  235s
 172956 91951 8690.05333  118  121 8771.00000 8451.17106  3.65%  38.2  240s
 177660 94402 8764.00000  149   55 8771.00000 8452.43136  3.63%  38.2  245s
 182690 97256 8588.36546  115  104 8771.00000 8456.18719  3.59%  38.1  250s
 187130 100274 8627.10503  139  124 8771.00000 8458.86980  3.56%  38.1  255s
*187924 98789             207    8766.0000000 8458.86980  3.50%  38.0  255s
 192238 102532 infeasible  177      8766.00000 8459.00203  3.50%  37.9  260s
 195083 104842     cutoff  107      8766.00000 8459.02902  3.50%  37.9  265s
 201820 109776 8702.00000  122   73 8766.00000 8459.04912  3.50%  37.6  270s
 206500 113137 8765.00000  182   32 8766.00000 8459.04912  3.50%  37.5  275s
 214468 118936 infeasible  205      8766.00000 8459.04912  3.50%  37.2  280s
 220481 123378 8476.00000  113  130 8766.00000 8459.04912  3.50%  37.1  285s
 227002 128169 8609.00000  139   90 8766.00000 8459.04912  3.50%  36.9  290s
 233572 132531 8654.00000  129   69 8766.00000 8459.04912  3.50%  36.8  295s
 240653 137482 8459.04912   91  163 8766.00000 8459.04912  3.50%  36.6  300s
 248496 143072 8550.04709  100  141 8766.00000 8459.04912  3.50%  36.3  305s
 256001 148638 8522.06308  102  115 8766.00000 8459.04912  3.50%  36.1  310s
 261874 152473 8511.04709   95  144 8766.00000 8459.04912  3.50%  36.0  315s
 267543 156640 8499.45596  112  145 8766.00000 8459.04912  3.50%  35.9  320s
 272688 160266 8682.06154   92  101 8766.00000 8459.06357  3.50%  35.8  325s
 277622 164207 8464.06154   89  165 8766.00000 8459.06357  3.50%  35.8  330s
 283869 167800 8464.07259   93  161 8766.00000 8459.07611  3.50%  35.7  335s
 290703 171999 8591.11111  113   95 8766.00000 8459.10606  3.50%  35.6  340s
 295165 175349 8520.00000  114  154 8766.00000 8459.14224  3.50%  35.6  345s
 300267 179122 8573.30017  112  137 8766.00000 8459.17133  3.50%  35.5  350s
 305483 182773 8470.00000  103  121 8766.00000 8459.20305  3.50%  35.5  355s
 310128 186614 8567.45965  105  124 8766.00000 8459.21304  3.50%  35.5  361s
 315358 190284 8505.86343  125  146 8766.00000 8459.24798  3.50%  35.4  365s
 320615 193842 8737.00000  135   50 8766.00000 8459.28626  3.50%  35.4  370s
 326238 197118 8513.64830  103  157 8766.00000 8459.31075  3.50%  35.4  375s
 331502 201366 8459.74637   90  162 8766.00000 8459.32521  3.50%  35.3  380s
 339669 207878 8722.49565  134  119 8766.00000 8459.35220  3.50%  35.1  385s
 345588 211317 8549.38089  142  130 8766.00000 8459.44234  3.50%  35.1  390s
 350952 214716 8611.04709  115   74 8766.00000 8459.44520  3.50%  35.1  395s
 356541 218960     cutoff  133      8766.00000 8459.44520  3.50%  35.0  401s
 361446 222031 8467.51234  110  130 8766.00000 8459.44520  3.50%  35.0  405s
 366844 225630     cutoff  140      8766.00000 8459.44520  3.50%  35.0  410s
 371530 230155 8636.00000  134   79 8766.00000 8459.44520  3.50%  35.0  415s
 378430 234237 8642.77795  146  123 8766.00000 8459.44520  3.50%  35.0  421s
 384545 238009 8480.87398  115  104 8766.00000 8459.44520  3.50%  34.9  425s
 390871 242462 8546.06154  124  155 8766.00000 8459.45965  3.50%  34.9  430s
 395327 244840 8464.06154   95  137 8766.00000 8459.45965  3.50%  34.8  435s
 400256 248898 8682.00000  157   56 8766.00000 8459.47219  3.50%  34.8  440s
 407312 253796 8594.00000  133   70 8766.00000 8459.48664  3.50%  34.8  445s
 411625 256794 8464.02699   84  166 8766.00000 8459.49911  3.50%  34.7  450s
 416294 260071 8668.66305  122  106 8766.00000 8459.50214  3.50%  34.7  455s
 422784 264463     cutoff  100      8766.00000 8459.51234  3.50%  34.7  460s
 430283 270047 8648.00000  154   78 8766.00000 8459.51234  3.50%  34.6  465s
 436932 274766 8570.92308  110  119 8766.00000 8459.51659  3.50%  34.5  470s
 440670 278801 8461.49986   95  169 8766.00000 8459.52680  3.50%  34.5  475s
 447404 282001 8470.26398  108  184 8766.00000 8459.56928  3.50%  34.5  480s
 452492 285810 8668.84360  119   73 8766.00000 8459.60246  3.50%  34.5  485s
 459592 290647 8479.08823  124  124 8766.00000 8459.61458  3.50%  34.4  490s
 464661 294276 8566.02699  106  152 8766.00000 8459.61901  3.50%  34.4  495s
 471002 299532 8480.07980  108  131 8766.00000 8459.62672  3.50%  34.3  500s
H474578 300658                    8765.9999796 8459.62672  3.50%  34.3  501s
 479159 304444 8666.00000  118   76 8765.99998 8459.62672  3.50%  34.3  505s
H480786 305244                    8765.9999780 8459.62672  3.50%  34.3  506s
 484916 308585 8638.00000  118   75 8765.99998 8459.62672  3.50%  34.3  510s
 492690 313702 infeasible  141      8765.99998 8459.62672  3.50%  34.2  515s
 500049 318842     cutoff  167      8765.99998 8459.62672  3.50%  34.1  520s
 505112 322274 8690.00000  125  112 8765.99998 8459.62672  3.50%  34.1  525s
 511502 327376 8459.64117   96  179 8765.99998 8459.64117  3.49%  34.1  530s
 516816 330441 8702.09075  122  102 8765.99998 8459.64117  3.49%  34.1  535s
 522166 333563 infeasible  165      8765.99998 8459.64117  3.49%  34.0  540s
 526589 336026     cutoff  155      8765.99998 8459.64117  3.49%  34.0  546s
 530198 338278 infeasible  153      8765.99998 8459.64117  3.49%  34.1  551s
 535024 341178 8601.04709  102  108 8765.99998 8459.64117  3.49%  34.1  556s
 538526 343595 8677.02699  106  120 8765.99998 8459.65371  3.49%  34.1  560s
 543517 346587 8738.00000  161   68 8765.99998 8459.65371  3.49%  34.1  565s
 548256 349738 8682.00000  108   99 8765.99998 8459.65371  3.49%  34.1  570s
 554058 353529 8575.00000  139   51 8765.99998 8459.66454  3.49%  34.1  575s
 558459 356718 8538.00000  114   94 8765.99998 8459.66816  3.49%  34.1  581s
H561421 357415                    8765.9999770 8459.66816  3.49%  34.1  582s
 563089 359163 8558.56013  124   83 8765.99998 8459.66816  3.49%  34.1  585s
 568368 362192 8625.76780  135  111 8765.99998 8459.66816  3.49%  34.1  590s
 573253 365202 8513.63230  117  157 8765.99998 8459.66816  3.49%  34.2  595s
 578226 368185 8701.68812  172   88 8765.99998 8459.66816  3.49%  34.2  600s
 583060 371096 8544.08853  111  138 8765.99998 8459.66816  3.49%  34.2  605s
 590507 375670 8734.00000  119  111 8765.99998 8459.66816  3.49%  34.1  611s
 595443 379098 8695.39486  114  132 8765.99998 8459.66816  3.49%  34.2  615s
 602348 384058 8718.76142  203   53 8765.99998 8459.66816  3.49%  34.1  620s
 608442 386816 8670.00000  134  125 8765.99998 8459.66816  3.49%  34.1  625s
H608515 383005                    8761.0000000 8459.66816  3.44%  34.1  625s
 612737 386224 8520.21555  115  176 8761.00000 8459.66816  3.44%  34.1  630s
 618484 389902 8666.00000  171   90 8761.00000 8459.66816  3.44%  34.1  635s
 625177 394413 8590.34395  124  147 8761.00000 8459.66816  3.44%  34.0  640s
 631929 399042 8598.00000  172   61 8761.00000 8459.66816  3.44%  34.0  645s
 637762 403035 8596.65696  134  148 8761.00000 8459.66816  3.44%  33.9  650s
 644786 408352 8459.66816  105  128 8761.00000 8459.66816  3.44%  33.9  655s
 650757 412663 8586.25111  128  106 8761.00000 8459.66816  3.44%  33.9  661s
 656360 416258 8459.66816  118  192 8761.00000 8459.66816  3.44%  33.8  665s
 662674 419509 8714.40580  139  119 8761.00000 8459.66816  3.44%  33.8  670s
 669445 423745 infeasible  126      8761.00000 8459.66816  3.44%  33.8  675s
 673328 426491     cutoff  118      8761.00000 8459.66816  3.44%  33.8  680s
 680386 430381 8577.13298  132  109 8761.00000 8459.66816  3.44%  33.8  685s
 684920 433717 8694.00000  129   81 8761.00000 8459.66816  3.44%  33.8  690s
 690367 437210 8708.61538  214   77 8761.00000 8459.66816  3.44%  33.8  695s
 695682 441098 8487.44791  130  142 8761.00000 8459.66816  3.44%  33.7  700s
 701857 444953 8757.04887  139  106 8761.00000 8459.66816  3.44%  33.8  706s
 707371 448088 8579.87803  111  152 8761.00000 8459.66816  3.44%  33.8  710s
 713636 452249 8712.00000  143   84 8761.00000 8459.66816  3.44%  33.7  716s
 719303 455499 8519.62001  120  150 8761.00000 8459.66816  3.44%  33.7  720s
 724167 458986 8484.85205  135  154 8761.00000 8459.66816  3.44%  33.7  725s
 730833 463120 8663.28442  137  115 8761.00000 8459.66816  3.44%  33.7  730s
 736685 466021 8744.00000  155   54 8761.00000 8459.66816  3.44%  33.7  735s
 741562 470151 8459.66816  113  174 8761.00000 8459.66816  3.44%  33.7  741s
 748299 474348 8464.06161  107  156 8761.00000 8459.66816  3.44%  33.6  745s
 752752 477085 8711.59574  163   99 8761.00000 8459.66816  3.44%  33.6  750s
 758988 480632 8736.00000  182   82 8761.00000 8459.66816  3.44%  33.6  755s
 765151 484643 8681.24549  123  114 8761.00000 8459.66816  3.44%  33.6  760s
 771500 488614 8565.64117  114  115 8761.00000 8459.66816  3.44%  33.6  765s
 776932 491677 8612.04656  117  165 8761.00000 8459.66816  3.44%  33.6  771s
 781405 494796     cutoff  111      8761.00000 8459.66816  3.44%  33.6  775s
 786170 498294 infeasible  162      8761.00000 8459.67672  3.44%  33.6  780s
 791064 501934 8598.00000  118   66 8761.00000 8459.68366  3.44%  33.6  785s
 796842 504986 8741.69551  131   81 8761.00000 8459.68366  3.44%  33.6  790s
 803348 508576 8588.03130  133  133 8761.00000 8459.69811  3.44%  33.6  795s
 809810 513467 8611.18923  159  142 8761.00000 8459.70060  3.44%  33.6  800s
 814271 516451 infeasible  116      8761.00000 8459.71607  3.44%  33.6  805s
 819654 520424 8699.00000  145   55 8761.00000 8459.72556  3.44%  33.6  810s
 826370 524631 8725.66570  158   73 8761.00000 8459.72895  3.44%  33.6  815s
 832485 528438 8750.43956  169   46 8761.00000 8459.72895  3.44%  33.6  821s
 837095 531245 8459.72895  109  138 8761.00000 8459.72895  3.44%  33.6  825s
 842040 534242 8729.10928  124  106 8761.00000 8459.72895  3.44%  33.6  830s
 846947 536962 infeasible  129      8761.00000 8459.72895  3.44%  33.6  835s
 853015 541016 infeasible  129      8761.00000 8459.72895  3.44%  33.5  840s
 859132 545223 8568.71125  119   90 8761.00000 8459.73192  3.44%  33.5  845s
 864870 548943 8472.04709  101  129 8761.00000 8459.73192  3.44%  33.5  850s
 869480 552080 8490.04596  118  146 8761.00000 8459.73192  3.44%  33.5  855s
 875467 555563 8574.75369  148   88 8761.00000 8459.73635  3.44%  33.5  860s
 879728 557859 8483.05732  137  169 8761.00000 8459.73641  3.44%  33.5  865s
 884186 560075 infeasible  128      8761.00000 8459.73641  3.44%  33.6  870s
 888363 563193 8460.06154   93  188 8761.00000 8459.74341  3.44%  33.6  875s
 895546 567568 infeasible  153      8761.00000 8459.74341  3.44%  33.6  881s
 899919 571543 8464.16049  104  171 8761.00000 8459.74341  3.44%  33.6  885s
 904837 574338 infeasible  106      8761.00000 8459.74341  3.44%  33.6  890s
 911595 578741     cutoff  126      8761.00000 8459.74341  3.44%  33.6  895s
 916837 582339 8509.54568  141  135 8761.00000 8459.74341  3.44%  33.6  900s
 923096 586061 8638.16378  115  155 8761.00000 8459.74341  3.44%  33.6  905s
 929576 590122 8586.00000  123  114 8761.00000 8459.74341  3.44%  33.6  910s
 934652 593967 8736.00000  161   61 8761.00000 8459.74341  3.44%  33.6  915s
 941298 597880 infeasible  106      8761.00000 8459.74341  3.44%  33.6  920s
 946870 601573 8464.33480  115  178 8761.00000 8459.74341  3.44%  33.5  925s
 951968 605032 8712.00000  164  106 8761.00000 8459.74341  3.44%  33.5  930s
 957405 608692 8460.62549  100  170 8761.00000 8459.74341  3.44%  33.5  935s
 963988 613102 8676.16013  131  106 8761.00000 8459.74341  3.44%  33.4  940s
 970156 617392 8480.26068  119  112 8761.00000 8459.74341  3.44%  33.4  945s
 977200 622378 8714.00000  176   66 8761.00000 8459.74341  3.44%  33.4  950s
 982162 625674 8755.62997  151  112 8761.00000 8459.74341  3.44%  33.4  955s
 986292 628334 8572.16378  104  146 8761.00000 8459.74341  3.44%  33.4  960s
 991871 632147 8562.06299  112  109 8761.00000 8459.74341  3.44%  33.4  965s
 997446 635824 8587.04828  129  133 8761.00000 8459.74341  3.44%  33.4  970s
 1002187 638752 infeasible  156      8761.00000 8459.74341  3.44%  33.4  975s
 1007341 641862 8571.00000  146   89 8761.00000 8459.74341  3.44%  33.4  981s
 1012567 645686 infeasible  111      8761.00000 8459.74341  3.44%  33.3  985s
 1018582 650496     cutoff  180      8761.00000 8459.74341  3.44%  33.3  990s
 1024791 654359 8464.16049  107  178 8761.00000 8459.74341  3.44%  33.3  995s
 1030413 658431 8634.00000  146   73 8761.00000 8459.74341  3.44%  33.3 1000s
 1036582 663184 8480.03403  138  104 8761.00000 8459.74341  3.44%  33.2 1005s
 1044966 669185 8586.97844  125  135 8761.00000 8459.74341  3.44%  33.2 1010s
 1051244 672973 8556.08897  114  150 8761.00000 8459.74341  3.44%  33.2 1015s
 1058561 678375 8628.23077  112  100 8761.00000 8459.74341  3.44%  33.1 1020s
 1064024 681449 infeasible  152      8761.00000 8459.74341  3.44%  33.1 1025s
 1070857 686592 8545.74341  102  170 8761.00000 8459.74341  3.44%  33.0 1030s
 1075382 689366 8651.00000  137   51 8761.00000 8459.74341  3.44%  33.0 1035s
 1083010 694014 8546.58013  114  190 8761.00000 8459.74341  3.44%  33.0 1040s
 1087093 696924 8559.40656  105  165 8761.00000 8459.74341  3.44%  33.0 1045s
 1094436 701326 8459.74341  107  155 8761.00000 8459.74341  3.44%  32.9 1051s
 1098859 704471 8464.16049   99  173 8761.00000 8459.74341  3.44%  32.9 1055s
 1101734 706108 8580.06154  107  163 8761.00000 8459.74341  3.44%  32.9 1060s
 1106942 710068 8566.06154  104  149 8761.00000 8459.74637  3.44%  33.0 1065s
 1112232 713539 infeasible  144      8761.00000 8459.74637  3.44%  33.0 1070s
 1117943 717557 8753.00000  124   48 8761.00000 8459.74637  3.44%  33.0 1075s
 1124012 721652 8467.75018  102  149 8761.00000 8459.75018  3.44%  33.0 1080s
 1130215 726066 8602.00000  135   75 8761.00000 8459.75891  3.44%  33.0 1085s
H1131681 726637                    8760.9999796 8459.75891  3.44%  33.0 1087s
 1134690 728951 8690.12223  115  102 8760.99998 8459.76340  3.44%  33.0 1090s
H1137791 730409                    8760.9999783 8459.76340  3.44%  33.0 1092s
 1141393 733324 8464.08853  118  151 8760.99998 8459.76789  3.44%  33.0 1095s
 1147022 737358 8661.69318  126  107 8760.99998 8459.77337  3.44%  33.0 1100s
 1153013 741410 8461.32134   95  187 8760.99998 8459.77337  3.44%  33.0 1105s
 1157561 745205 8714.26084  119  107 8760.99998 8459.77548  3.44%  33.1 1110s
 1164385 748736 8464.28065  110  121 8760.99998 8459.78886  3.44%  33.0 1115s
 1169634 752094 8463.22524  107  157 8760.99998 8459.79197  3.44%  33.1 1120s
 1175612 755975 8589.00000  158  111 8760.99998 8459.79197  3.44%  33.1 1125s
 1182099 760588 8479.74553  137  131 8760.99998 8459.79197  3.44%  33.1 1130s
 1188334 764462 8472.06154  112  125 8760.99998 8459.79197  3.44%  33.1 1135s
 1194025 767940 8556.21180  143  136 8760.99998 8459.79197  3.44%  33.1 1140s
 1199583 772192 8594.00000  116  108 8760.99998 8459.79197  3.44%  33.1 1145s
 1205888 775539 8459.79197  105  175 8760.99998 8459.79197  3.44%  33.1 1150s
 1212365 780067 8562.79066  167  142 8760.99998 8459.79197  3.44%  33.1 1155s
 1219040 784413 8478.00000  114   90 8760.99998 8459.79197  3.44%  33.1 1160s
 1223636 787549 8576.00000  126   54 8760.99998 8459.79197  3.44%  33.1 1165s
 1229033 792234 8678.00000  158  103 8760.99998 8459.79197  3.44%  33.1 1170s
 1235587 795725 infeasible  152      8760.99998 8459.79197  3.44%  33.0 1175s
 1241646 799664 8545.79197  102  166 8760.99998 8459.79197  3.44%  33.0 1180s
 1245756 803317 8576.92973  124   88 8760.99998 8459.79197  3.44%  33.0 1185s
 1252280 806614 8505.88320  126  138 8760.99998 8459.79197  3.44%  33.0 1190s
 1258636 810613 8661.79197  111  156 8760.99998 8459.79197  3.44%  33.0 1196s
 1262969 813650 8579.00000  114   89 8760.99998 8459.79197  3.44%  33.0 1200s
 1267246 817331 8569.82166  124  175 8760.99998 8459.79197  3.44%  33.0 1205s
 1273653 819824     cutoff  139      8760.99998 8459.79197  3.44%  33.0 1210s
 1273670 824596 8601.88308  121  157 8760.99998 8459.79197  3.44%  33.0 1219s
 1281678 826045 8660.88320  128  137 8760.99998 8459.79197  3.44%  33.0 1221s
 1288461 829655 infeasible  119      8760.99998 8459.79197  3.44%  33.0 1225s

Cutting planes:
  Learned: 258
  Gomory: 53
  Cover: 538
  Implied bound: 69
  Projected implied bound: 2
  Clique: 16
  MIR: 485
  StrongCG: 17
  Flow cover: 1538
  GUB cover: 7
  Inf proof: 9
  Zero half: 105
  Network: 4
  RLT: 110
  Relax-and-lift: 28

Explored 1289501 nodes (42578303 simplex iterations) in 1225.55 seconds (1219.43 work units)
Thread count was 8 (of 8 available processors)

Solution count 10: 8761 8761 8761 ... 8778

Solve interrupted
Best objective 8.760999978311e+03, best bound 8.459791969460e+03, gap 3.4381%

User-callback calls 2885759, time in user-callback 7.05 sec

Statistics for modelBWKS_medium_september:
  Linear constraint matrix    : 9843 Constrs, 4887 Vars, 48721 NZs
  Variable types              : 1358 Continuous,
3529 Integer (1331 Binary)
  Matrix coefficient range    : [ 1, 200 ]
  Objective coefficient range : [ 1, 396 ]
  Variable bound range        : [ 1, 199 ]
  RHS coefficient range       : [ 1, 549 ]
