
Gurobi 10.0.1 (mac64[arm]) logging started Sun Mar 31 04:28:43 2024

Set parameter LogFile to value "/Users/deniserings/Documents/zib/s-bahn-data/scripts/DeniseMA/processed/BBKS_BWT/RENS/BBKS_BWT_subMBP_random4_0.6_202403301837.log"
Gurobi Optimizer version 10.0.1 build v10.0.1rc0 (mac64[arm])

CPU model: Apple M2
Thread count: 8 physical cores, 8 logical processors, using up to 8 threads

Optimize a model with 10634 rows, 4381 columns and 42928 nonzeros
Model fingerprint: 0xe68a1545
Variable types: 1295 continuous, 3086 integer (911 binary)
Coefficient statistics:
  Matrix range     [1e+00, 2e+02]
  Objective range  [1e+00, 4e+02]
  Bounds range     [1e+00, 2e+02]
  RHS range        [1e+00, 5e+02]
Presolve removed 4349 rows and 1403 columns
Presolve time: 0.09s
Presolved: 6285 rows, 2978 columns, 27536 nonzeros
Variable types: 734 continuous, 2244 integer (2244 binary)

Root relaxation: objective 9.096000e+03, 1809 iterations, 0.02 seconds (0.02 work units)

    Nodes    |    Current Node    |     Objective Bounds      |     Work
 Expl Unexpl |  Obj  Depth IntInf | Incumbent    BestBd   Gap | It/Node Time

     0     0 9096.00000    0  138          - 9096.00000      -     -    0s
     0     0 9096.13394    0  327          - 9096.13394      -     -    0s
     0     0 9096.35672    0  317          - 9096.35672      -     -    0s
     0     0 9116.00000    0  345          - 9116.00000      -     -    0s
     0     0 9116.00000    0  263          - 9116.00000      -     -    0s
     0     0 9116.00000    0  332          - 9116.00000      -     -    0s
     0     0 9116.00000    0  326          - 9116.00000      -     -    0s
     0     0 9116.03923    0  336          - 9116.03923      -     -    0s
     0     0 9116.03923    0  327          - 9116.03923      -     -    0s
     0     0 9116.04076    0  314          - 9116.04076      -     -    0s
     0     0 9116.04076    0  302          - 9116.04076      -     -    0s
     0     0 9116.08974    0  340          - 9116.08974      -     -    0s
     0     0 9116.08974    0  290          - 9116.08974      -     -    0s
     0     0 9116.09228    0  298          - 9116.09228      -     -    0s
     0     0 9116.09228    0  288          - 9116.09228      -     -    0s
     0     0 9116.09299    0  322          - 9116.09299      -     -    0s
     0     0 9116.09466    0  335          - 9116.09466      -     -    0s
     0     0 9116.09466    0  354          - 9116.09466      -     -    0s
     0     0 9116.09466    0  324          - 9116.09466      -     -    0s
     0     0 9116.09466    0  335          - 9116.09466      -     -    0s
     0     0 9116.09466    0  204          - 9116.09466      -     -    0s
     0     2 9116.09466    0  202          - 9116.09466      -     -    1s
H 1492  1093                    11188.000000 9142.65797  18.3%  42.7    4s
H 1494  1039                    10818.000000 9142.73876  15.5%  42.6    4s
  1500  1043 9456.00000   36  234 10818.0000 9142.78467  15.5%  42.4    5s
H 1508   995                    10817.000000 9142.81712  15.5%  42.2    5s
H 1511   946                    10788.000000 9142.81979  15.3%  42.1    6s
H 1511   898                    10645.000000 9142.81979  14.1%  42.1    6s
H 1511   852                    10626.000000 9142.81979  14.0%  42.1    6s
H 1512   810                    10223.000000 9142.81979  10.6%  42.1    6s
H 1550   794                    10219.000000 9143.17409  10.5%  63.7    8s
H 1550   754                    10209.000000 9143.17409  10.4%  63.7    8s
H 1565   725                    9929.0000000 9143.23019  7.91%  63.0    9s
H 1567   689                    9925.0000000 9143.23019  7.88%  63.0    9s
  1569   691 9258.54639   13  241 9925.00000 9143.23019  7.88%  62.9   10s
H 1635   709                    9897.0000000 9152.07389  7.53%  84.1   10s
H 1712   709                    9894.0000000 9152.07389  7.50%  85.3   10s
H 1801   718                    9872.0000000 9152.07389  7.29%  85.0   11s
H 2797   953                    9871.0000000 9158.48362  7.22%  78.6   13s
  4068  1479 9334.58025   35  174 9871.00000 9181.70720  6.98%  73.5   15s
  8571  2739 infeasible   36      9871.00000 9200.55091  6.79%  74.8   20s
 12177  3703 9696.00000   53   95 9871.00000 9229.56190  6.50%  78.4   25s
 16161  5064 9710.00000   36   94 9871.00000 9248.69403  6.30%  78.7   30s
 20526  6170 infeasible   39      9871.00000 9263.44115  6.15%  78.3   35s
 25241  7151 infeasible   50      9871.00000 9282.08334  5.97%  77.8   40s
 29471  7988 9689.10345   49  204 9871.00000 9308.23620  5.70%  78.0   54s
 29480  7994 9819.52093   62  244 9871.00000 9308.23620  5.70%  78.0   55s
 29497  8005 9773.14976   48  317 9871.00000 9308.23620  5.70%  78.0   60s
H29503  7608                    9868.0000000 9308.23620  5.67%  78.0   65s
 29513  7615 9800.85083   56  232 9868.00000 9308.23620  5.67%  77.9   70s
 29520  7620 9398.26560   38  312 9868.00000 9308.23620  5.67%  77.9   75s
 29527  7624 9805.00000   53  273 9868.00000 9308.23620  5.67%  77.9   80s
 29541  7634 9724.00000   40  284 9868.00000 9308.23620  5.67%  77.9   85s
 29549  7639 9749.61726   43  284 9868.00000 9308.23620  5.67%  77.8   90s
 29559  7646 9656.63298   42  300 9868.00000 9308.23620  5.67%  77.8   95s
 29570  7653 9456.21137   35  327 9868.00000 9308.23620  5.67%  77.8  100s
 29579  7659 9835.00000   58  299 9868.00000 9308.23620  5.67%  77.8  105s
 30021  7732 infeasible   39      9868.00000 9308.23620  5.67%  81.4  110s
 32544  7530 9619.23114   39  191 9868.00000 9326.65791  5.49%  81.6  115s
 36360  6951 9559.31557   49  193 9868.00000 9428.00000  4.46%  81.5  120s
 40792  6418 9810.80000   45  124 9868.00000 9577.00000  2.95%  80.9  125s
 45464  7494 9623.70500   48  178 9868.00000 9610.00000  2.61%  77.1  130s
 51964  9277 9756.00000   53   84 9868.00000 9628.00000  2.43%  72.1  135s
 59276 12909 9742.27564   63   65 9868.00000 9633.00000  2.38%  68.1  140s
 65592 16240 infeasible   82      9868.00000 9648.00000  2.23%  65.6  145s
 73449 20385 9671.50250   56  146 9868.00000 9650.45564  2.20%  62.4  150s
 80616 24771 9812.00000   64   67 9868.00000 9656.00000  2.15%  60.2  155s
 88576 29405 9856.00000   49  162 9868.00000 9656.00000  2.15%  58.1  160s
 97480 34334 9840.52000   59   73 9868.00000 9657.78385  2.13%  56.1  165s
 104399 38286 9691.56598   58  120 9868.00000 9661.55556  2.09%  55.0  170s
 113581 43314 9722.00000   53   84 9868.00000 9668.00000  2.03%  53.4  175s
 121907 48011 infeasible   65      9868.00000 9671.00000  2.00%  52.3  180s
 129637 52469 9790.00000   66   50 9868.00000 9677.40670  1.93%  51.3  185s
 139054 57869 9792.13500   65   64 9868.00000 9678.00000  1.93%  50.1  190s
 148206 63476 9777.36425   65   66 9868.00000 9678.00000  1.93%  49.0  195s
 157018 68628 9841.82785   75   44 9868.00000 9679.00000  1.92%  48.1  200s
 166048 73641 9769.00000   53   49 9868.00000 9683.00000  1.87%  47.4  205s
 174411 78447 9840.56828   63   92 9868.00000 9684.99869  1.85%  46.8  210s
 182790 83510 9771.06176   61   65 9868.00000 9686.00000  1.84%  46.0  215s
 191964 88242     cutoff   68      9868.00000 9690.00000  1.80%  45.5  220s
 199752 92262 9759.00000   58   74 9868.00000 9696.00000  1.74%  45.1  225s
 208600 97275 9815.00000   58   69 9868.00000 9700.00000  1.70%  44.6  230s
 218092 102450 9794.93689   71   47 9868.00000 9702.00000  1.68%  44.1  235s
 225551 106565 9812.09000   56   63 9868.00000 9703.33333  1.67%  43.9  240s
 234385 111704 9761.00000   51   71 9868.00000 9706.00000  1.64%  43.5  245s
 242366 116407 9796.36062   76   55 9868.00000 9708.00000  1.62%  43.1  250s
 251209 121536 9761.00000   52   66 9868.00000 9710.00000  1.60%  42.7  255s
 258193 125453 9855.00000   71   20 9868.00000 9711.00000  1.59%  42.5  260s
 264371 128819 9837.67095   65   63 9868.00000 9711.00000  1.59%  42.4  265s
 270637 132459 9846.00000   75   23 9868.00000 9711.00000  1.59%  42.3  270s
 277026 135937 9770.11604   65   64 9868.00000 9711.00000  1.59%  42.1  275s
 283181 139309 9776.34137   72   97 9868.00000 9711.00000  1.59%  42.0  280s
 289544 142970 9837.00000   75   28 9868.00000 9711.00000  1.59%  41.8  285s
 295837 146570 9851.20000   71   46 9868.00000 9711.00000  1.59%  41.6  290s
 301093 149612     cutoff   57      9868.00000 9711.00000  1.59%  41.5  295s
 306524 152232 9766.66667   57   57 9868.00000 9711.00000  1.59%  41.4  300s
 310481 154900 9769.71648   67   55 9868.00000 9711.00000  1.59%  41.3  305s
 317358 158662 infeasible   76      9868.00000 9711.00000  1.59%  41.1  310s
 323589 162323 9799.97133   74   52 9868.00000 9711.00000  1.59%  41.0  315s
 328697 165040 9806.92000   74   71 9868.00000 9711.00000  1.59%  40.9  320s
 334927 168235 9818.00000   69   35 9868.00000 9711.00000  1.59%  40.8  325s
 341182 172117 9779.00000   61   57 9868.00000 9711.00000  1.59%  40.7  330s
 347183 175299 9798.00000   63   47 9868.00000 9711.00000  1.59%  40.6  335s
 354060 179062 9862.00000   63   55 9868.00000 9711.00000  1.59%  40.5  340s
 359327 182044 9833.78978   72   57 9868.00000 9711.00000  1.59%  40.4  345s
 366008 185604 9856.00000   84   21 9868.00000 9711.00000  1.59%  40.3  350s
 372281 189006 9776.30573   58  101 9868.00000 9711.12903  1.59%  40.2  355s
 379846 193304 9772.53664   68   67 9868.00000 9711.12903  1.59%  40.1  360s
 386966 197322 9849.00000   78   42 9868.00000 9711.37716  1.59%  40.0  365s
 393023 200436 9780.00000   55   45 9868.00000 9711.68790  1.58%  39.9  370s
 400334 204330 9815.36425   66   46 9868.00000 9712.16908  1.58%  39.9  375s
 407419 208395 9771.40028   57   53 9868.00000 9712.33333  1.58%  39.8  380s
 413328 211304 9836.80055   80   33 9868.00000 9713.00000  1.57%  39.8  385s
 420384 214872 9830.09426   76   60 9868.00000 9713.00000  1.57%  39.8  390s
 426732 218056 9769.00000   55   56 9868.00000 9713.00000  1.57%  39.7  395s
 433257 221505     cutoff   78      9868.00000 9713.00000  1.57%  39.7  400s
 440684 225280 9797.00000   64   32 9868.00000 9713.00000  1.57%  39.6  405s
 446927 228726 9799.25728   66   63 9868.00000 9713.53503  1.57%  39.6  410s
 455249 233034 9838.00000   62   70 9868.00000 9714.05850  1.56%  39.5  415s
 462353 236886 9778.27810   68   79 9868.00000 9715.00000  1.55%  39.4  420s
 469527 240244 9766.00000   54   56 9868.00000 9715.61538  1.54%  39.3  425s
 476372 243301     cutoff   78      9868.00000 9716.56977  1.53%  39.3  430s
 483136 246842 9769.00000   55   66 9868.00000 9718.00000  1.52%  39.2  435s
 490655 250704 infeasible   61      9868.00000 9719.00000  1.51%  39.2  440s
 496052 253645 9824.68941   63   58 9868.00000 9719.00000  1.51%  39.1  445s
 503988 257693 9860.00000   74   63 9868.00000 9719.00000  1.51%  39.1  450s
 510027 260951     cutoff   76      9868.00000 9719.00000  1.51%  39.1  455s
 516403 263948 9843.42574   75   70 9868.00000 9719.00000  1.51%  39.1  460s
 524263 268108     cutoff   67      9868.00000 9719.00000  1.51%  39.1  465s
 529761 271157 9769.66006   58   57 9868.00000 9719.00000  1.51%  39.0  470s
 537639 275442     cutoff   64      9868.00000 9719.00000  1.51%  39.0  475s
 543893 278625 9847.97593   87   47 9868.00000 9719.21818  1.51%  38.9  480s
 551684 282520 9830.27799   69   57 9868.00000 9719.64000  1.50%  38.9  485s
 557883 285331 9775.66667   60   44 9868.00000 9720.00000  1.50%  38.9  490s
 564788 288678 9798.66667   68   43 9868.00000 9720.23256  1.50%  38.8  495s
 571180 291790 9822.09000   66   84 9868.00000 9721.00000  1.49%  38.8  500s
 578616 295523 9815.00000   64   53 9868.00000 9721.00000  1.49%  38.8  505s
 586131 298912 9856.00000   76   19 9868.00000 9722.00000  1.48%  38.8  510s
 591216 301722 9817.86687   73   41 9868.00000 9723.00000  1.47%  38.7  515s
 597886 304729 9792.70321   62   51 9868.00000 9723.00000  1.47%  38.7  520s
 605719 308577 infeasible   69      9868.00000 9723.69750  1.46%  38.6  525s
 612865 311882 9762.73256   57   76 9868.00000 9724.00000  1.46%  38.6  530s
 618481 313727 9861.00000   67   28 9868.00000 9724.60000  1.45%  38.7  535s
 626337 317433 9845.00000   79   36 9868.00000 9726.00000  1.44%  38.6  540s
 632730 320445 9830.00000   66   45 9868.00000 9727.00000  1.43%  38.6  545s
 638375 323327 9835.00000   69   57 9868.00000 9727.06961  1.43%  38.6  550s
 643714 325619 9843.95487   64   58 9868.00000 9728.00000  1.42%  38.6  555s
 650016 328306 9823.00000   63   69 9868.00000 9728.00000  1.42%  38.6  560s
 657841 331988     cutoff   69      9868.00000 9728.00000  1.42%  38.6  565s
 664146 335349 infeasible   75      9868.00000 9729.00000  1.41%  38.5  570s
 671392 338848 9789.12517   60   59 9868.00000 9729.00000  1.41%  38.5  575s
 677630 342161 9776.00000   65   53 9868.00000 9729.00000  1.41%  38.5  580s
 684363 345469 9841.00000   82   38 9868.00000 9729.00000  1.41%  38.5  585s
 691722 348992 9861.00000   71   46 9868.00000 9730.01035  1.40%  38.5  590s
 697623 351837 9766.00000   64   49 9868.00000 9731.00000  1.39%  38.4  595s
 703852 354782 9807.74973   73   73 9868.00000 9731.00000  1.39%  38.4  600s
 710529 357864 9779.00000   65   68 9868.00000 9732.00000  1.38%  38.4  605s
 716855 361400 9846.94413   74   64 9868.00000 9733.00000  1.37%  38.4  610s
 724223 365117 9834.00000   61   44 9868.00000 9733.00000  1.37%  38.3  615s
 732106 369146 9810.67857   70   60 9868.00000 9733.00000  1.37%  38.3  620s
 739950 373102     cutoff   70      9868.00000 9733.00000  1.37%  38.2  625s
 746897 376592 infeasible   60      9868.00000 9733.00000  1.37%  38.2  630s
 754456 380697 9766.14530   62   49 9868.00000 9733.00000  1.37%  38.2  635s
 761560 384456 9843.50538   74   79 9868.00000 9733.00000  1.37%  38.1  640s
 767356 387664     cutoff   71      9868.00000 9733.00000  1.37%  38.1  645s
 774979 391718 9769.69303   77   64 9868.00000 9733.00000  1.37%  38.1  650s
 781288 395181 9779.17372   73   62 9868.00000 9733.00000  1.37%  38.0  655s
 788836 399046 9837.00000   76   44 9868.00000 9733.00000  1.37%  38.0  660s
 796381 403669 infeasible   74      9868.00000 9733.00000  1.37%  37.9  665s
 801731 405834 9771.68823   66   59 9868.00000 9733.30769  1.36%  37.9  670s
 809261 409015 9811.30290   66   44 9868.00000 9734.01568  1.36%  37.9  675s
 817043 412921 9810.00000   61   48 9868.00000 9734.46667  1.35%  37.8  680s
 824083 416050     cutoff   75      9868.00000 9735.21438  1.35%  37.8  685s
 830322 419164 9793.00000   60   70 9868.00000 9735.53846  1.34%  37.8  690s
 837959 422977 9737.83042   53   66 9868.00000 9736.00000  1.34%  37.7  695s
 845076 426973 9850.00000   43  132 9868.00000 9736.00000  1.34%  37.7  700s
 850957 430219 9795.14421   73   70 9868.00000 9736.33333  1.33%  37.7  705s
 857383 433569 9775.05672   74   87 9868.00000 9736.76190  1.33%  37.7  710s
 864544 436981 9770.66667   62   50 9868.00000 9737.00000  1.33%  37.6  715s
 870467 439899 9793.66667   58   72 9868.00000 9737.00000  1.33%  37.6  720s
 877157 443273 9770.00000   54   55 9868.00000 9737.00000  1.33%  37.6  725s
 884071 446640 infeasible   69      9868.00000 9737.33333  1.32%  37.6  730s
 889840 449292 infeasible   72      9868.00000 9738.00000  1.32%  37.6  735s
 895661 452020 9837.00000   62   35 9868.00000 9739.00000  1.31%  37.6  740s
 903105 455631 infeasible   84      9868.00000 9739.00000  1.31%  37.6  745s
 910725 459760 9739.00000   53   75 9868.00000 9739.00000  1.31%  37.5  750s
 917801 463485 9840.11628   69   87 9868.00000 9739.00000  1.31%  37.5  755s
 925353 467639 9809.00000   57   70 9868.00000 9739.00000  1.31%  37.5  760s
 932026 470733 9792.66667   61   76 9868.00000 9739.32918  1.30%  37.5  765s
 938525 473832 9799.00275   64   60 9868.00000 9740.00000  1.30%  37.4  770s
 946099 477465 9850.00000   72   52 9868.00000 9740.33333  1.29%  37.4  775s
 953457 480798 9822.20000   59   52 9868.00000 9741.00000  1.29%  37.4  780s
 959236 483619 9782.22716   83   55 9868.00000 9741.00000  1.29%  37.4  785s
 966677 487150 infeasible   63      9868.00000 9741.00000  1.29%  37.4  790s
 973601 490774 9781.00000   61   60 9868.00000 9741.00000  1.29%  37.3  795s
 980174 493983 infeasible   71      9868.00000 9741.00000  1.29%  37.3  800s
 987810 497701     cutoff   72      9868.00000 9741.00000  1.29%  37.3  805s
 995118 501609 9815.76861   69   59 9868.00000 9741.00000  1.29%  37.3  810s
 1001427 504882 9775.20818   68   82 9868.00000 9741.00000  1.29%  37.3  815s
 1009445 508911 infeasible   79      9868.00000 9741.00000  1.29%  37.2  820s
 1017107 512950 9813.70161   72   74 9868.00000 9741.00000  1.29%  37.2  825s
 1022891 515437 9847.85714   75   29 9868.00000 9741.13500  1.29%  37.2  830s
 1030427 518524 infeasible   65      9868.00000 9741.65363  1.28%  37.2  835s
 1037691 521865 infeasible   67      9868.00000 9742.00000  1.28%  37.2  840s
 1043838 525153     cutoff   64      9868.00000 9742.00000  1.28%  37.1  845s
 1050097 528149     cutoff   75      9868.00000 9742.28889  1.27%  37.1  850s
 1057778 531328 9837.00000   70   49 9868.00000 9742.70732  1.27%  37.1  855s
 1063858 534061     cutoff   65      9868.00000 9743.00000  1.27%  37.1  860s
 1071387 537519 9771.52066   57   71 9868.00000 9743.23077  1.26%  37.1  865s
 1077565 539951 9839.27397   66   73 9868.00000 9743.84386  1.26%  37.1  870s
 1085019 544177 9784.00000   56   78 9868.00000 9744.00000  1.26%  37.1  875s
 1091281 546682 9843.16235   76   72 9868.00000 9744.62500  1.25%  37.1  880s
 1098279 550080 9776.40513   60   42 9868.00000 9745.00000  1.25%  37.0  885s
 1104364 553034 infeasible   63      9868.00000 9745.00000  1.25%  37.0  890s
 1111845 556518 9831.25571   74   58 9868.00000 9746.00000  1.24%  37.0  895s
 1118383 559686 9784.80055   67   50 9868.00000 9746.50000  1.23%  37.0  900s
 1125048 562714 9773.00000   66   39 9868.00000 9747.00000  1.23%  37.0  905s
 1130899 565709 infeasible   73      9868.00000 9747.00000  1.23%  37.0  910s
 1137728 568552 9773.65894   64   62 9868.00000 9747.86592  1.22%  37.0  915s
 1143657 571262 infeasible   82      9868.00000 9748.31317  1.21%  37.0  920s
 1150713 574548 9822.09000   56   68 9868.00000 9748.82608  1.21%  37.0  925s
 1156056 577078 9766.00000   59   57 9868.00000 9749.35842  1.20%  37.0  930s
 1162033 579602 9775.00000   56   70 9868.00000 9750.00000  1.20%  37.0  935s
 1168884 582772 9830.00000   67   45 9868.00000 9751.00000  1.19%  37.0  940s
 1174680 585214 9819.00000   62   75 9868.00000 9751.00000  1.19%  37.0  945s
 1180559 587748 infeasible   59      9868.00000 9751.00000  1.19%  37.0  950s
 1188064 591131 9815.66667   66   65 9868.00000 9751.00000  1.19%  37.0  955s
 1194118 593831 9775.10928   56   91 9868.00000 9751.00000  1.19%  37.1  960s
 1200321 596607 infeasible   70      9868.00000 9751.00000  1.19%  37.0  965s
 1206552 599505 infeasible   62      9868.00000 9751.00000  1.19%  37.0  970s
 1213844 602781 9837.52934   70   97 9868.00000 9751.00969  1.19%  37.0  975s
 1219608 605081 9772.00000   56   44 9868.00000 9751.68000  1.18%  37.0  980s
 1225642 607756 9823.03212   65   55 9868.00000 9752.01302  1.18%  37.0  985s
 1233191 610957 9860.00000   63   66 9868.00000 9752.53121  1.17%  37.0  990s
 1239702 613842 9780.34677   63   74 9868.00000 9752.84615  1.17%  37.0  995s
 1245723 616317 9780.00000   52   74 9868.00000 9753.00000  1.17%  37.0 1000s
 1251493 618819 9819.16140   61   57 9868.00000 9753.66667  1.16%  37.0 1005s
 1258855 621728 9782.00000   59   47 9868.00000 9755.00000  1.15%  37.0 1010s
 1265075 624412 9794.55043   67   59 9868.00000 9755.00000  1.15%  37.0 1015s
 1270765 626794 9841.00000   63   53 9868.00000 9756.00000  1.13%  37.0 1020s
H1276579 629217                    9867.9999980 9756.00000  1.13%  37.0 1024s
 1277060 629558 9789.00275   65   70 9868.00000 9756.00000  1.13%  37.0 1025s
 1282920 632222 9836.06349   57   55 9868.00000 9757.00000  1.12%  37.0 1030s
 1289769 635376 9867.35294   71   73 9868.00000 9757.00000  1.12%  37.0 1035s
 1295718 637977 9807.73166   75   63 9868.00000 9757.00000  1.12%  37.0 1040s
 1301768 640940 9805.03757   62   51 9868.00000 9757.00000  1.12%  37.0 1045s
 1308148 643999 9860.00000   79   34 9868.00000 9757.00000  1.12%  37.0 1050s
 1315322 646752 9823.99237   64   30 9868.00000 9757.75000  1.12%  37.0 1055s
 1321125 649136 9837.00000   86   41 9868.00000 9758.50000  1.11%  37.0 1060s
 1327163 652112 9798.38137   69   74 9868.00000 9759.00000  1.10%  37.0 1066s
 1333294 654675 9782.48554   62   74 9868.00000 9759.00000  1.10%  37.0 1070s
 1340922 657652 9784.32608   55   84 9868.00000 9759.38596  1.10%  37.0 1075s
 1347029 660457 infeasible   74      9868.00000 9760.12517  1.09%  37.0 1080s
 1353619 662738 9799.24299   64   55 9868.00000 9761.00000  1.08%  37.0 1085s
 1359111 665342 9820.39130   56   69 9868.00000 9761.00000  1.08%  37.0 1090s
 1365334 668364     cutoff   70      9868.00000 9761.00000  1.08%  37.0 1095s
 1371655 671244 9817.00000   62   42 9868.00000 9761.00000  1.08%  37.0 1100s
 1378004 674571 9761.00000   53   60 9868.00000 9761.00000  1.08%  37.0 1105s
 1384778 677480 9851.00000   68   34 9868.00000 9761.00000  1.08%  37.0 1110s
 1390997 680510 9820.00000   55   79 9868.00000 9761.00000  1.08%  37.0 1115s
 1396727 683235 9830.93500   58  114 9868.00000 9761.00000  1.08%  37.0 1120s
 1403104 686188 9769.00000   54   67 9868.00000 9761.00000  1.08%  37.0 1125s
 1409492 689280 9769.00000   54   79 9868.00000 9761.00000  1.08%  37.0 1130s
 1415362 691578 9825.43266   59   79 9868.00000 9761.66667  1.08%  37.0 1135s
 1421875 694465 infeasible   71      9868.00000 9762.00000  1.07%  37.0 1140s
 1428331 697622 9770.00000   65   53 9868.00000 9762.00000  1.07%  37.0 1145s
 1434256 700683 9826.00000   58   41 9868.00000 9762.00000  1.07%  37.0 1150s
 1440876 703925 infeasible   69      9868.00000 9762.00000  1.07%  37.0 1155s
 1448410 706839 9851.71277   60   25 9868.00000 9762.46154  1.07%  37.0 1160s
 1454745 709215 9800.21020   61   75 9868.00000 9763.00000  1.06%  37.0 1165s
 1461062 711705 9819.03212   65   45 9868.00000 9763.90618  1.05%  37.0 1170s
 1466087 714189 9844.35824   75   70 9868.00000 9764.00000  1.05%  37.0 1175s
 1472306 716796 9867.00000   69   73 9868.00000 9764.35869  1.05%  37.0 1180s
 1478352 719019 9823.22807   69  100 9868.00000 9765.00000  1.04%  37.0 1185s
 1483224 721194     cutoff   65      9868.00000 9765.00000  1.04%  37.0 1190s
 1489688 723839 9776.01035   65   88 9868.00000 9765.01035  1.04%  37.0 1195s
 1495571 725977 9850.36877   60   57 9868.00000 9766.00000  1.03%  37.0 1200s
 1500829 727538 9776.66051   67   62 9868.00000 9766.00000  1.03%  37.0 1205s
 1506436 730418     cutoff   66      9868.00000 9766.00000  1.03%  37.0 1210s
 1511487 732578 9816.83636   60   54 9868.00000 9766.00000  1.03%  37.0 1215s
 1517936 735116 infeasible   72      9868.00000 9766.00000  1.03%  37.0 1220s
 1524234 737731 9806.00000   60   58 9868.00000 9766.00000  1.03%  37.0 1225s
 1529894 740168 9769.66006   62   53 9868.00000 9766.00000  1.03%  37.0 1230s
 1537129 743135 9779.50538   75   52 9868.00000 9766.00000  1.03%  37.0 1236s
 1542386 745268 9770.50602   63   57 9868.00000 9766.00000  1.03%  37.0 1240s
 1548760 747826 9812.00000   59   51 9868.00000 9766.00000  1.03%  37.0 1245s
 1555215 750147 9811.91011   74   60 9868.00000 9766.00000  1.03%  37.0 1250s
 1561737 752269 9853.00000   71   36 9868.00000 9766.00000  1.03%  37.0 1256s
 1566735 754337 9855.46927   70   28 9868.00000 9766.00000  1.03%  37.0 1260s
 1572228 756502 9852.00000   74   27 9868.00000 9766.00000  1.03%  37.0 1265s
 1577777 758728 9834.00000   72   41 9868.00000 9766.00000  1.03%  37.0 1270s
 1583861 761151 9812.00000   59   25 9868.00000 9766.00000  1.03%  37.0 1275s
 1589418 763147 9767.45610   63   66 9868.00000 9766.00000  1.03%  37.0 1280s
 1595978 765842 9834.00000   59   25 9868.00000 9766.00000  1.03%  37.0 1285s
 1600842 767719 9853.00000   62   45 9868.00000 9766.00000  1.03%  37.0 1290s
 1607181 769988 9769.36062   74   57 9868.00000 9766.00000  1.03%  37.0 1295s
 1613273 772186     cutoff   69      9868.00000 9766.00000  1.03%  37.0 1300s
 1618545 774358 9811.21895   68   61 9868.00000 9766.00000  1.03%  37.0 1305s
 1625097 776823     cutoff   80      9868.00000 9766.00000  1.03%  37.0 1310s
 1629731 778602 9838.00000   62   31 9868.00000 9766.00000  1.03%  37.0 1315s
 1636352 781006 infeasible   68      9868.00000 9766.00000  1.03%  37.0 1320s
 1641346 783000 9837.51220   68   45 9868.00000 9766.00000  1.03%  37.0 1325s
 1647566 785475 9766.00000   57   84 9868.00000 9766.00000  1.03%  37.1 1330s
 1653841 787912 9834.00000   61   31 9868.00000 9766.00000  1.03%  37.1 1335s
 1658929 789754 9804.12280   65   59 9868.00000 9766.00000  1.03%  37.1 1340s
 1665393 792356     cutoff   61      9868.00000 9766.00000  1.03%  37.1 1345s
 1670859 794426 9838.00000   58   34 9868.00000 9766.00000  1.03%  37.1 1350s
 1676957 796975     cutoff   66      9868.00000 9766.00000  1.03%  37.1 1355s
 1682288 798857 9837.01107   63   38 9868.00000 9766.00000  1.03%  37.1 1360s
 1688607 801005 9852.39248   62   76 9868.00000 9766.00000  1.03%  37.1 1365s
 1693627 802921     cutoff   67      9868.00000 9766.00000  1.03%  37.1 1370s
 1699974 805276 9813.68823   71   42 9868.00000 9766.00000  1.03%  37.1 1376s
 1704554 807157 9823.54214   60   46 9868.00000 9766.00000  1.03%  37.1 1380s
 1709715 809193 9838.00000   82   18 9868.00000 9766.00000  1.03%  37.1 1385s
 1715886 811390 9843.00000   60   40 9868.00000 9766.00000  1.03%  37.1 1390s
 1722224 813626 9837.00000   73   40 9868.00000 9766.00000  1.03%  37.1 1395s
 1727176 815575     cutoff   81      9868.00000 9766.00000  1.03%  37.1 1400s
 1733118 817496 9845.76404   83   67 9868.00000 9766.00000  1.03%  37.1 1405s
 1739163 819949 9842.00000   61   38 9868.00000 9766.00000  1.03%  37.1 1410s
 1745474 822164 infeasible   62      9868.00000 9766.00000  1.03%  37.1 1416s
 1749444 823872 9814.35081   71   41 9868.00000 9766.00000  1.03%  37.1 1420s
 1755962 826376     cutoff   82      9868.00000 9766.00000  1.03%  37.1 1425s
 1761153 828155 9834.29803   67   53 9868.00000 9766.00000  1.03%  37.1 1430s
 1766835 830311 9852.00000   67   39 9868.00000 9766.00000  1.03%  37.1 1435s
 1773451 832906 9847.09038   63   50 9868.00000 9766.00000  1.03%  37.1 1440s
 1778527 834825 9834.00000   62   33 9868.00000 9766.00000  1.03%  37.1 1445s
 1784660 837359 9769.37152   64   82 9868.00000 9766.00000  1.03%  37.1 1450s
 1789956 839286     cutoff   73      9868.00000 9766.00000  1.03%  37.1 1455s
 1795971 841747 9776.00000   68   71 9868.00000 9766.00000  1.03%  37.1 1460s
 1801264 843922 infeasible   58      9868.00000 9766.00000  1.03%  37.1 1465s
 1807159 846449 9834.71273   69   38 9868.00000 9766.00000  1.03%  37.1 1471s
 1811957 848357 9852.39120   70   57 9868.00000 9766.00000  1.03%  37.1 1475s
 1818099 850510 9837.00000   65   40 9868.00000 9766.00000  1.03%  37.2 1480s
 1824102 852819     cutoff   74      9868.00000 9766.00000  1.03%  37.2 1485s
 1829172 854578 9860.96296   73   27 9868.00000 9766.00000  1.03%  37.2 1490s
 1835801 857123 9819.07064   69   39 9868.00000 9766.00000  1.03%  37.2 1495s
 1840775 859060 9774.97222   60   54 9868.00000 9766.00000  1.03%  37.2 1500s
 1847205 861565 9766.00000   67   56 9868.00000 9766.00000  1.03%  37.2 1505s
 1851988 863621     cutoff   80      9868.00000 9766.00000  1.03%  37.2 1510s
 1858434 865827     cutoff   66      9868.00000 9766.00000  1.03%  37.2 1515s
 1863322 867722 9785.00000   56   22 9868.00000 9766.00000  1.03%  37.2 1520s
 1869668 869976 9866.88029   68   43 9868.00000 9766.00000  1.03%  37.2 1525s
 1874552 872116 9834.00000   55   61 9868.00000 9766.00000  1.03%  37.2 1530s
 1881186 874705     cutoff   67      9868.00000 9766.00000  1.03%  37.2 1536s
 1886208 876554 9834.00000   63   46 9868.00000 9766.00000  1.03%  37.3 1540s
 1892206 878916 9815.17465   66   46 9868.00000 9766.00000  1.03%  37.3 1545s
 1897430 880643 9839.95535   63   58 9868.00000 9766.00000  1.03%  37.3 1550s
 1903697 883061 9829.00000   64   37 9868.00000 9766.00000  1.03%  37.3 1555s
 1908630 885276 9766.54974   67   74 9868.00000 9766.00000  1.03%  37.3 1560s
 1914822 887502     cutoff   65      9868.00000 9766.00000  1.03%  37.3 1565s
 1921176 889814 9808.78465   67   38 9868.00000 9766.00000  1.03%  37.3 1570s
 1925840 891730     cutoff   60      9868.00000 9766.00000  1.03%  37.3 1575s
 1929138 893550 9807.70465   63   47 9868.00000 9766.00000  1.03%  37.3 1580s
 1936038 895268 9806.09000   65   67 9868.00000 9766.00000  1.03%  37.3 1585s
 1941611 897546 9766.00000   63   39 9868.00000 9766.00000  1.03%  37.3 1590s
 1947824 899629 infeasible   67      9868.00000 9766.00000  1.03%  37.3 1595s
 1952968 901551 9776.92251   62   85 9868.00000 9766.00000  1.03%  37.3 1600s
 1959331 903805 9768.05290   60   91 9868.00000 9766.00000  1.03%  37.3 1605s
 1965251 905889 infeasible   82      9868.00000 9766.00000  1.03%  37.3 1610s
 1971236 908159 9838.00000   60   34 9868.00000 9766.00000  1.03%  37.3 1616s
 1976188 910162 9838.00000   69   40 9868.00000 9766.00000  1.03%  37.3 1620s
 1982051 912286 9793.29530   72   52 9868.00000 9766.00000  1.03%  37.3 1625s
 1987269 914122 9837.00000   69   46 9868.00000 9766.00000  1.03%  37.3 1630s
 1993172 916491 9838.00000   55   22 9868.00000 9766.00000  1.03%  37.3 1635s
 1998192 918487 9838.06905   79   39 9868.00000 9766.00000  1.03%  37.3 1640s
 2004268 920875 9810.00000   78   49 9868.00000 9766.00000  1.03%  37.4 1645s
 2009349 922862 9772.28930   60   64 9868.00000 9766.00000  1.03%  37.4 1650s
 2015496 925378     cutoff   62      9868.00000 9766.00000  1.03%  37.4 1655s
 2021752 927539 9816.06536   61   47 9868.00000 9766.00000  1.03%  37.4 1660s
 2026545 929397 9766.00000   58   81 9868.00000 9766.00000  1.03%  37.4 1665s
 2032349 931684     cutoff   64      9868.00000 9766.00000  1.03%  37.4 1671s
 2037446 933517     cutoff   64      9868.00000 9766.00000  1.03%  37.4 1675s
 2043974 936022 9838.00000   67   40 9868.00000 9766.00000  1.03%  37.4 1681s
 2048815 937759 9768.30835   66   71 9868.00000 9766.00000  1.03%  37.4 1685s
 2054822 940307 infeasible   70      9868.00000 9766.00000  1.03%  37.4 1691s
 2059889 942021     cutoff   74      9868.00000 9766.00000  1.03%  37.4 1695s
 2064419 943969 9839.88313   83   65 9868.00000 9766.00000  1.03%  37.4 1700s
 2070628 946429 9766.00000   59   68 9868.00000 9766.00000  1.03%  37.4 1705s
 2075574 948325 9772.00000   61   66 9868.00000 9766.00000  1.03%  37.5 1710s
 2081633 950693 9771.79318   65   70 9868.00000 9766.00000  1.03%  37.5 1715s
 2086490 952755 infeasible   61      9868.00000 9766.00000  1.03%  37.5 1720s
 2091540 954714 9835.48796   68   62 9868.00000 9766.00000  1.03%  37.5 1725s
 2096163 956732 9837.00000   64   24 9868.00000 9766.00000  1.03%  37.5 1730s
 2103167 959432 9865.97980   70   62 9868.00000 9766.00000  1.03%  37.5 1736s
 2107848 961469 9767.00000   55   97 9868.00000 9766.00000  1.03%  37.5 1740s
 2113821 963743 9804.00000   60   32 9868.00000 9766.00000  1.03%  37.5 1745s
 2118518 965614 9837.00000   68   17 9868.00000 9766.00000  1.03%  37.5 1750s
 2124751 968086 9839.33333   71   64 9868.00000 9766.00000  1.03%  37.5 1755s
 2130857 970344 9774.97222   64   54 9868.00000 9766.00000  1.03%  37.6 1761s
 2135625 972352     cutoff   68      9868.00000 9766.00000  1.03%  37.6 1765s
 2140371 973977 9768.00000   66   34 9868.00000 9766.00000  1.03%  37.6 1770s
 2146391 976526 9838.00000   59   42 9868.00000 9766.00000  1.03%  37.6 1775s
 2151368 978616 9852.70391   62   40 9868.00000 9766.00000  1.03%  37.6 1780s
 2157549 981157 9834.00000   62   29 9868.00000 9766.00000  1.03%  37.6 1786s
 2162616 983021 9838.00000   60   42 9868.00000 9766.00000  1.03%  37.6 1790s
 2167537 984795 9811.00000   58   35 9868.00000 9766.00000  1.03%  37.6 1795s
 2172322 986643 9834.79439   64   50 9868.00000 9766.00000  1.03%  37.6 1800s
 2177530 988555 9829.44515   80   53 9868.00000 9766.00000  1.03%  37.6 1805s
 2182833 990557 9836.31663   65   76 9868.00000 9766.00000  1.03%  37.6 1810s
 2189343 992824 9769.71648   63   49 9868.00000 9766.00000  1.03%  37.6 1815s
 2194235 994810 9818.13824   70   42 9868.00000 9766.00000  1.03%  37.6 1820s
 2200233 996856 9834.70796   68   71 9868.00000 9766.00000  1.03%  37.6 1826s
 2205049 998862 9768.84211   66   67 9868.00000 9766.00000  1.03%  37.7 1830s
 2210149 1000935 9770.10526   76   83 9868.00000 9766.00000  1.03%  37.7 1835s
 2215152 1002830 9831.08500   65   52 9868.00000 9766.00000  1.03%  37.7 1840s
 2221951 1005262 9769.78255   66   52 9868.00000 9766.00000  1.03%  37.7 1846s
 2226955 1007166 9774.97222   58   50 9868.00000 9766.00000  1.03%  37.7 1850s
 2231870 1009221     cutoff   75      9868.00000 9766.00000  1.03%  37.7 1855s
 2236977 1011148 9837.00000   62   48 9868.00000 9766.00000  1.03%  37.7 1860s
 2243526 1013730 9816.54307   62   83 9868.00000 9766.00000  1.03%  37.7 1865s
 2248321 1015719 9838.00000   70   32 9868.00000 9766.00000  1.03%  37.7 1870s
 2253456 1017540 9817.00000   66   48 9868.00000 9766.00000  1.03%  37.7 1875s
 2258871 1019774 9837.00000   84   48 9868.00000 9766.00000  1.03%  37.7 1880s
 2263990 1021823 9767.53637   62   79 9868.00000 9766.00000  1.03%  37.7 1885s
 2270604 1024357 9837.13620   61   49 9868.00000 9766.00000  1.03%  37.7 1891s
 2275649 1026023 9810.11208   71   37 9868.00000 9766.00000  1.03%  37.7 1895s
 2279918 1027790 9774.60186   70   53 9868.00000 9766.00000  1.03%  37.7 1900s
 2284961 1029861 infeasible   80      9868.00000 9766.00000  1.03%  37.7 1905s
 2291125 1032228     cutoff   62      9868.00000 9766.00000  1.03%  37.8 1910s
 2296037 1034263 9811.00000   73   40 9868.00000 9766.00000  1.03%  37.8 1915s
 2301212 1036241 9766.00000   62   46 9868.00000 9766.00000  1.03%  37.8 1920s
 2306063 1038066     cutoff   75      9868.00000 9766.00000  1.03%  37.8 1925s
 2311673 1040200 9766.00000   56   53 9868.00000 9766.00000  1.03%  37.8 1930s
 2318311 1042836 9838.00000   59   43 9868.00000 9766.00000  1.03%  37.8 1935s
 2323288 1044811 9778.18287   66  129 9868.00000 9766.00000  1.03%  37.8 1940s
 2329330 1047343     cutoff   66      9868.00000 9766.00000  1.03%  37.8 1946s
 2334560 1049476     cutoff   79      9868.00000 9766.00000  1.03%  37.8 1950s
 2340266 1051501 9768.13570   68   88 9868.00000 9766.00000  1.03%  37.8 1955s
 2345370 1053823 9768.00000   66   50 9868.00000 9766.00000  1.03%  37.8 1960s
 2350429 1055896 9862.04681   78   78 9868.00000 9766.00000  1.03%  37.8 1965s
 2356634 1058292 9766.00000   61   81 9868.00000 9766.00000  1.03%  37.8 1971s
 2361545 1060182 9848.60788   68   28 9868.00000 9766.00000  1.03%  37.8 1975s
 2366600 1062077 9838.00000   62   26 9868.00000 9766.00000  1.03%  37.8 1980s
 2371578 1064128 9811.00000   56   38 9868.00000 9766.00000  1.03%  37.8 1985s
 2376749 1066085 9838.00000   60   41 9868.00000 9766.00000  1.03%  37.9 1990s
 2382517 1068246 9766.00000   60   90 9868.00000 9766.00000  1.03%  37.9 1995s
 2387457 1070266 9836.05263   69   69 9868.00000 9766.00000  1.03%  37.9 2000s
 2392615 1072242 9857.00000   80   33 9868.00000 9766.00000  1.03%  37.9 2005s
 2398495 1074458 9847.28640   65   76 9868.00000 9766.00000  1.03%  37.9 2011s
 2403590 1076381     cutoff   76      9868.00000 9766.00000  1.03%  37.9 2016s
 2408831 1078303 9811.15538   59   33 9868.00000 9766.00000  1.03%  37.9 2020s
 2413310 1080130 9806.00000   61   84 9868.00000 9766.00000  1.03%  37.9 2026s
 2418877 1082029 9842.33241   64   58 9868.00000 9766.00000  1.03%  37.9 2031s
 2422521 1083620 9856.92167   71   65 9868.00000 9766.00000  1.03%  37.9 2035s
 2428688 1085762 9834.00000   58   30 9868.00000 9766.00000  1.03%  37.9 2040s
 2433690 1087766 9768.19946   60   72 9868.00000 9766.00000  1.03%  37.9 2045s
 2438837 1089611 9766.00980   59   53 9868.00000 9766.00000  1.03%  37.9 2050s
 2443641 1091489     cutoff   78      9868.00000 9766.00000  1.03%  37.9 2055s
 2448615 1093298 9806.00000   64   48 9868.00000 9766.00000  1.03%  37.9 2060s
 2453694 1095283 9817.03911   65   52 9868.00000 9766.00000  1.03%  37.9 2065s
 2459752 1097557 9836.24494   56   80 9868.00000 9766.00000  1.03%  38.0 2071s
 2464508 1099414 9770.05970   69   55 9868.00000 9766.00000  1.03%  38.0 2076s
 2469493 1101139 9766.00000   59   67 9868.00000 9766.00000  1.03%  38.0 2080s
 2474264 1103152 9816.12608   70  114 9868.00000 9766.00000  1.03%  38.0 2085s
 2479277 1105055 9838.00000   65   51 9868.00000 9766.00000  1.03%  38.0 2090s
 2485733 1107397 9811.04000   63   41 9868.00000 9766.00000  1.03%  38.0 2096s
 2490738 1109476     cutoff   67      9868.00000 9766.00000  1.03%  38.0 2100s
 2495483 1111352 9834.00000   59   55 9868.00000 9766.00000  1.03%  38.0 2105s
 2500226 1113100     cutoff   77      9868.00000 9766.00000  1.03%  38.0 2110s
 2505349 1115050 9808.51699   67   62 9868.00000 9766.00000  1.03%  38.0 2115s
 2511843 1117557 9831.44754   79   71 9868.00000 9766.00000  1.03%  38.0 2121s
 2516594 1119310 infeasible   86      9868.00000 9766.00000  1.03%  38.0 2125s
 2521433 1121150 9836.60987   68   92 9868.00000 9766.00000  1.03%  38.0 2130s
 2526628 1123109 9849.03214   70   67 9868.00000 9766.00000  1.03%  38.0 2135s
 2531200 1124859 9810.00000   66   43 9868.00000 9766.00000  1.03%  38.0 2140s
 2536158 1126924 9767.99492   60  113 9868.00000 9766.00000  1.03%  38.1 2145s
 2541135 1128783 9811.00000   58   58 9868.00000 9766.00000  1.03%  38.1 2150s
 2545922 1130796 9766.00000   57   78 9868.00000 9766.00000  1.03%  38.1 2155s
 2551169 1132549 9825.40435   69   90 9868.00000 9766.00000  1.03%  38.1 2160s
 2556166 1134695 9815.14963   62   44 9868.00000 9766.00000  1.03%  38.1 2165s
 2561090 1136845 9799.85714   73   41 9868.00000 9766.00000  1.03%  38.1 2170s
 2566347 1138692 9770.00000   53   78 9868.00000 9766.00000  1.03%  38.1 2175s
 2571728 1140883 9832.08327   70   53 9868.00000 9766.00000  1.03%  38.1 2180s
 2576377 1142722 9785.96888   67   40 9868.00000 9766.00000  1.03%  38.1 2185s
 2581295 1144607     cutoff   75      9868.00000 9766.00000  1.03%  38.1 2190s
 2587690 1146961 9858.18056   61   31 9868.00000 9766.00000  1.03%  38.1 2196s
 2592390 1148828 9793.04082   68   74 9868.00000 9766.00000  1.03%  38.1 2200s
 2597486 1150656 9857.34782   67   55 9868.00000 9766.00000  1.03%  38.1 2205s
 2602374 1152240 9785.53688   68   67 9868.00000 9766.00000  1.03%  38.1 2210s
 2607491 1154025 9829.04000   61   52 9868.00000 9766.00000  1.03%  38.1 2215s
 2612048 1155677 9811.04322   74   82 9868.00000 9766.00138  1.03%  38.1 2220s
 2616973 1157456 9815.70161   73   56 9868.00000 9766.00275  1.03%  38.1 2225s
 2621901 1159386 9838.00000   62   60 9868.00000 9766.00275  1.03%  38.2 2230s
 2626858 1160888 9844.00000   78   35 9868.00000 9766.00275  1.03%  38.2 2235s
 2631619 1162434 9795.67485   71  108 9868.00000 9766.00735  1.03%  38.2 2241s
 2636546 1163964 9854.00000   70   38 9868.00000 9766.01035  1.03%  38.2 2246s
 2641719 1165961 9766.66667   60   59 9868.00000 9766.01035  1.03%  38.2 2251s
 2644747 1167053 9834.31373   70   34 9868.00000 9766.01329  1.03%  38.2 2255s
 2649890 1168715 9840.88029   63   33 9868.00000 9766.01493  1.03%  38.2 2260s
 2656111 1170342 9768.90667   65   46 9868.00000 9766.03000  1.03%  38.2 2266s
 2660485 1171431 9851.00000   70   33 9868.00000 9766.04916  1.03%  38.2 2270s
 2665288 1173165     cutoff   74      9868.00000 9766.06139  1.03%  38.2 2276s
 2669388 1174446     cutoff   69      9868.00000 9766.08680  1.03%  38.2 2280s
 2675086 1176574 infeasible   73      9868.00000 9766.09913  1.03%  38.2 2285s
 2680545 1178472     cutoff   71      9868.00000 9766.10494  1.03%  38.2 2290s
 2685051 1179607 9806.74060   74   50 9868.00000 9766.10928  1.03%  38.2 2295s
 2689437 1180839 9831.00000   64   74 9868.00000 9766.10928  1.03%  38.2 2300s
 2694231 1182821 9768.05467   71   81 9868.00000 9766.11164  1.03%  38.2 2306s
 2699890 1184846 infeasible   70      9868.00000 9766.11319  1.03%  38.2 2310s
 2704959 1186905 9850.00000   72   42 9868.00000 9766.11907  1.03%  38.2 2315s
 2709655 1188915 9844.00000   71   39 9868.00000 9766.12280  1.03%  38.2 2320s
 2715114 1190877 infeasible   81      9868.00000 9766.12517  1.03%  38.2 2325s
 2721168 1192741     cutoff   69      9868.00000 9766.14320  1.03%  38.2 2330s
 2725721 1193602 9838.00000   62   88 9868.00000 9766.14506  1.03%  38.2 2335s
 2729117 1194426 9838.00000   80   86 9868.00000 9766.14506  1.03%  38.2 2340s
 2734563 1195406 9842.74390   67   80 9868.00000 9766.14963  1.03%  38.2 2345s
 2739546 1196281 9774.27401   73   65 9868.00000 9766.14963  1.03%  38.2 2350s
 2744664 1197434 9850.00000   75   38 9868.00000 9766.15000  1.03%  38.3 2356s
 2748344 1198989 9777.94284   64  124 9868.00000 9766.15538  1.03%  38.3 2360s
 2753607 1200772 9809.47525   64   75 9868.00000 9766.16418  1.03%  38.3 2365s
 2758524 1202618 9836.13500   70   65 9868.00000 9766.18355  1.03%  38.3 2371s
 2762138 1202918 9841.17072   65   42 9868.00000 9766.19950  1.03%  38.3 2375s
 2767232 1203859 9783.33333   69   81 9868.00000 9766.20000  1.03%  38.3 2380s
 2771826 1205070 9771.46420   68   56 9868.00000 9766.21156  1.03%  38.3 2386s
 2776056 1206205 9802.00000   62   79 9868.00000 9766.25000  1.03%  38.3 2390s
 2781526 1207428 9768.05373   61   77 9868.00000 9766.29268  1.03%  38.3 2396s
 2784838 1208731 9812.41401   71   50 9868.00000 9766.31752  1.03%  38.3 2400s
 2790292 1210720 9781.80237   67  107 9868.00000 9766.37820  1.03%  38.3 2405s
 2795250 1212277 9778.18433   70   84 9868.00000 9766.46682  1.03%  38.3 2410s
 2800083 1213796 9769.54849   74   64 9868.00000 9766.52979  1.03%  38.3 2415s
 2803728 1214676 infeasible   91      9868.00000 9766.61967  1.03%  38.3 2420s
 2809168 1216305 9840.53718   85   62 9868.00000 9766.66667  1.03%  38.3 2425s
 2814476 1217845 9838.00000   60   40 9868.00000 9766.66667  1.03%  38.3 2430s
 2819366 1219214 9861.38916   77   60 9868.00000 9766.66667  1.03%  38.3 2436s
 2822266 1220256     cutoff   72      9868.00000 9766.66667  1.03%  38.3 2440s
 2827747 1221812     cutoff   70      9868.00000 9766.66667  1.03%  38.3 2445s
 2832836 1223308 9788.66667   58   79 9868.00000 9766.66667  1.03%  38.3 2450s
 2839138 1225106 9838.00000   58   39 9868.00000 9766.66667  1.03%  38.3 2456s
 2844108 1226573 9787.97765   78   41 9868.00000 9766.66667  1.03%  38.3 2460s
 2848782 1228126     cutoff   63      9868.00000 9766.66667  1.03%  38.3 2466s
 2854233 1229867 9838.00000   63   50 9868.00000 9766.66667  1.03%  38.3 2471s
 2859503 1231269 9839.41733   62   50 9868.00000 9766.66667  1.03%  38.3 2475s
 2863670 1232794 9841.36877   82   59 9868.00000 9766.66667  1.03%  38.3 2480s
 2868924 1234604 9846.97222   62   47 9868.00000 9766.66667  1.03%  38.3 2485s
 2874412 1236214 9810.66667   66   46 9868.00000 9766.66667  1.03%  38.3 2490s
 2879399 1238234 9811.45231   65   65 9868.00000 9766.68000  1.03%  38.3 2495s
 2885632 1240262 9809.56230   67   68 9868.00000 9766.70880  1.03%  38.3 2501s
 2890266 1241823     cutoff   66      9868.00000 9766.77488  1.03%  38.3 2505s
 2895314 1243253 9767.00000   65   78 9868.00000 9766.87671  1.02%  38.3 2511s
 2898648 1244614 9829.05263   65   93 9868.00000 9766.94395  1.02%  38.3 2515s
 2903943 1245802 9784.33333   63   65 9868.00000 9767.00000  1.02%  38.3 2520s
 2908919 1247234     cutoff   65      9868.00000 9767.00000  1.02%  38.3 2525s
 2914220 1248503 9809.65217   67   40 9868.00000 9767.00000  1.02%  38.3 2531s
 2919173 1249445 9838.00000   72   17 9868.00000 9767.00000  1.02%  38.3 2535s
 2923942 1250917 9775.00000   55   45 9868.00000 9767.00000  1.02%  38.3 2541s
 2927852 1252077 9815.00000   59   44 9868.00000 9767.00000  1.02%  38.3 2545s
 2932893 1253657 9770.28946   59   74 9868.00000 9767.00000  1.02%  38.3 2550s
 2937509 1254898 infeasible   70      9868.00000 9767.00000  1.02%  38.3 2556s
 2941656 1256037 9807.00000   57   50 9868.00000 9767.00000  1.02%  38.3 2560s
 2946940 1257388 9838.00000   68   46 9868.00000 9767.00000  1.02%  38.4 2566s
 2951939 1258982 9838.00000   63   34 9868.00000 9767.00000  1.02%  38.4 2570s
 2957043 1260479 9853.74672   69   48 9868.00000 9767.00000  1.02%  38.4 2575s
 2962148 1261785 9818.47288   65   74 9868.00000 9767.00000  1.02%  38.4 2581s
 2966858 1263260 9838.00000   63   47 9868.00000 9767.00000  1.02%  38.4 2585s
 2972094 1265089 9770.60894   64   46 9868.00000 9767.00000  1.02%  38.4 2591s
 2975329 1266074 9767.00000   63   44 9868.00000 9767.00000  1.02%  38.4 2595s
 2979194 1267190     cutoff   89      9868.00000 9767.00000  1.02%  38.4 2600s
 2982777 1268457 9838.00000   60   51 9868.00000 9767.00000  1.02%  38.4 2605s
 2987746 1270141 9807.00000   59   52 9868.00000 9767.00000  1.02%  38.4 2610s
 2991628 1271454     cutoff   60      9868.00000 9767.00000  1.02%  38.4 2615s
 2996311 1273056 9809.65217   66   59 9868.00000 9767.00000  1.02%  38.4 2620s
 3001594 1274686 9849.12658   63   38 9868.00000 9767.00000  1.02%  38.4 2625s
 3006523 1276526 9838.00000   65   19 9868.00000 9767.00000  1.02%  38.4 2630s
 3011282 1278155 9811.76861   74   76 9868.00000 9767.00000  1.02%  38.4 2635s
 3015957 1279851 9838.00000   65   28 9868.00000 9767.00000  1.02%  38.4 2640s
 3020923 1281386 9815.16517   69   39 9868.00000 9767.01568  1.02%  38.4 2645s
 3025421 1282529 9838.68000   58   43 9868.00000 9767.11046  1.02%  38.4 2650s
 3030052 1283430     cutoff   78      9868.00000 9767.21864  1.02%  38.4 2655s
 3033875 1284539 9866.07012   70   59 9868.00000 9767.27267  1.02%  38.4 2660s
 3038958 1285329 9849.00000   67   63 9868.00000 9767.37097  1.02%  38.4 2665s
 3042613 1286369 infeasible   65      9868.00000 9767.41664  1.02%  38.5 2670s
 3048136 1287756 9838.29676   62   54 9868.00000 9767.47607  1.02%  38.5 2676s
 3052365 1289254     cutoff   82      9868.00000 9767.53000  1.02%  38.5 2680s
 3055731 1290187 9788.78261   60   65 9868.00000 9767.57289  1.02%  38.5 2685s
 3061009 1291635 infeasible   67      9868.00000 9767.64876  1.02%  38.5 2691s
 3064956 1292697 9848.89840   58   51 9868.00000 9767.69757  1.02%  38.5 2695s
 3070157 1294113 9851.46899   63   57 9868.00000 9767.78922  1.02%  38.5 2700s
 3074123 1295319 9849.00000   67   76 9868.00000 9767.88516  1.01%  38.5 2705s
 3078442 1296789 9848.82000   62   22 9868.00000 9767.94233  1.01%  38.5 2710s
 3083701 1298114 9778.25530   66   72 9868.00000 9768.00000  1.01%  38.5 2715s
 3088321 1299660 9840.59352   68   50 9868.00000 9768.00000  1.01%  38.5 2721s
 3092188 1300855 9829.00000   72   50 9868.00000 9768.00000  1.01%  38.5 2725s
 3096979 1302517 9840.66797   82   65 9868.00000 9768.00000  1.01%  38.6 2730s
 3101817 1304067 9781.14286   62   78 9868.00000 9768.00000  1.01%  38.6 2736s
 3105421 1305323 9769.42743   64   45 9868.00000 9768.00000  1.01%  38.6 2740s
 3110694 1307003 9770.87933   65  113 9868.00000 9768.00000  1.01%  38.6 2746s
 3113539 1308092 9837.00000   63   21 9868.00000 9768.00000  1.01%  38.6 2750s
 3118947 1309986     cutoff   67      9868.00000 9768.00000  1.01%  38.6 2755s
 3124072 1311615 9782.94624   71   41 9868.00000 9768.00000  1.01%  38.6 2761s
 3128843 1313172 9810.34934   72   58 9868.00000 9768.00000  1.01%  38.6 2766s
 3132892 1314274 9772.31524   72  112 9868.00000 9768.00000  1.01%  38.6 2770s
 3137922 1315920 9812.18308   74   69 9868.00000 9768.00000  1.01%  38.6 2776s
 3140963 1316859 9810.28893   71   57 9868.00000 9768.00000  1.01%  38.6 2780s
 3145927 1318438 infeasible   73      9868.00000 9768.00000  1.01%  38.6 2785s
 3150737 1320044     cutoff   72      9868.00000 9768.00000  1.01%  38.6 2791s
 3154373 1321351 9838.00000   67   38 9868.00000 9768.00000  1.01%  38.6 2795s
 3159350 1323021 9769.80108   63   66 9868.00000 9768.00000  1.01%  38.6 2800s
 3163371 1324295 9838.62679   81   47 9868.00000 9768.00000  1.01%  38.7 2805s
 3168494 1325927 9771.38557   67   96 9868.00000 9768.00000  1.01%  38.7 2810s
 3173907 1327520 9810.28369   72   73 9868.00000 9768.00000  1.01%  38.7 2816s
 3177309 1328725 9777.88362   64  105 9868.00000 9768.00000  1.01%  38.7 2820s
 3182458 1330351 9837.00000   62   32 9868.00000 9768.00000  1.01%  38.7 2825s
 3186223 1331496 infeasible   67      9868.00000 9768.00000  1.01%  38.7 2830s
 3191060 1333034     cutoff   74      9868.00000 9768.00000  1.01%  38.7 2835s
H3192525 1333380                    9867.9999769 9768.00000  1.01%  38.7 2836s
 3195804 1334489 9839.06667   71   47 9867.99998 9768.00000  1.01%  38.7 2842s
 3199970 1335700 infeasible   67      9867.99998 9768.00000  1.01%  38.7 2846s
 3203929 1336799 9768.12541   62   54 9867.99998 9768.00000  1.01%  38.7 2850s
 3208161 1338263     cutoff   72      9867.99998 9768.00000  1.01%  38.7 2855s
 3211928 1339613 9770.26388   68   70 9867.99998 9768.00000  1.01%  38.7 2860s
 3217513 1341398 9852.00000   69   45 9867.99998 9768.00000  1.01%  38.7 2866s
 3219814 1342217 9847.15040   65   57 9867.99998 9768.00000  1.01%  38.7 2870s
 3224890 1343895 9852.00000   65   54 9867.99998 9768.00000  1.01%  38.8 2877s
 3227480 1344739     cutoff   77      9867.99998 9768.00000  1.01%  38.8 2881s
 3231149 1345801 9786.00000   65   63 9867.99998 9768.00000  1.01%  38.8 2886s
 3234508 1346858     cutoff   65      9867.99998 9768.00000  1.01%  38.8 2890s
 3239079 1348193 9770.23750   63  143 9867.99998 9768.00000  1.01%  38.8 2895s
 3243174 1349426 9810.00000   67   41 9867.99998 9768.00000  1.01%  38.8 2900s
 3248220 1350817 9771.09689   69   78 9867.99998 9768.00000  1.01%  38.8 2906s
 3251581 1352005 9838.00000   67   32 9867.99998 9768.00000  1.01%  38.8 2910s
 3256595 1353615 9848.00000   60   25 9867.99998 9768.00000  1.01%  38.8 2915s
 3261778 1355344 9842.96699   83   52 9867.99998 9768.00000  1.01%  38.8 2921s
 3265303 1356422 9849.12541   63   79 9867.99998 9768.00000  1.01%  38.8 2925s
 3270233 1358142 infeasible   71      9867.99998 9768.00000  1.01%  38.8 2930s
 3275205 1359725 infeasible   67      9867.99998 9768.00000  1.01%  38.8 2936s
 3278654 1360752 9810.00000   77   52 9867.99998 9768.00000  1.01%  38.9 2940s
 3283444 1362142 9852.39120   65   57 9867.99998 9768.00000  1.01%  38.9 2945s
 3286848 1363265     cutoff   93      9867.99998 9768.00559  1.01%  38.9 2950s
 3292172 1364676 infeasible   63      9867.99998 9768.04199  1.01%  38.9 2955s
 3295574 1365804 9814.61896   69   60 9867.99998 9768.05210  1.01%  38.9 2960s
 3301231 1367193 9769.33168   60   67 9867.99998 9768.05290  1.01%  38.9 2966s
 3305122 1368208     cutoff   73      9867.99998 9768.05373  1.01%  38.9 2970s
 3310153 1369451 infeasible   68      9867.99998 9768.05467  1.01%  38.9 2975s
 3314818 1370739 9852.00001   75   40 9867.99998 9768.05556  1.01%  38.9 2980s
 3320230 1372136     cutoff   72      9867.99998 9768.05556  1.01%  38.9 2985s
 3325106 1373247 9837.00000   66   31 9867.99998 9768.05556  1.01%  38.9 2990s
 3329430 1374487 9815.69799   67   50 9867.99998 9768.06000  1.01%  38.9 2995s
 3333700 1375627 9789.66522   66   47 9867.99998 9768.06522  1.01%  38.9 3001s
 3337682 1376502 9855.00000   72   32 9867.99998 9768.08319  1.01%  38.9 3005s
 3342556 1377724 9840.10421   67   55 9867.99998 9768.08319  1.01%  38.9 3010s
 3347548 1379280 9768.12541   60   63 9867.99998 9768.08319  1.01%  38.9 3015s
 3352225 1380149     cutoff   64      9867.99998 9768.09000  1.01%  38.9 3020s
 3357009 1381254 9841.04348   75   39 9867.99998 9768.09000  1.01%  38.9 3025s
 3361047 1382016 infeasible   67      9867.99998 9768.09000  1.01%  38.9 3030s
 3366221 1383126 9837.00000   72   39 9867.99998 9768.09000  1.01%  38.9 3035s
 3371192 1384242 infeasible   63      9867.99998 9768.09000  1.01%  38.9 3041s
 3374802 1385102 9841.00000   64   25 9867.99998 9768.09000  1.01%  38.9 3045s
 3379977 1386376 infeasible   66      9867.99998 9768.09000  1.01%  38.9 3051s
 3383221 1387222 infeasible   68      9867.99998 9768.09343  1.01%  38.9 3055s
 3388631 1388523 9840.38261   67   40 9867.99998 9768.11109  1.01%  38.9 3061s
 3392280 1389394 9846.97222   67   25 9867.99998 9768.12533  1.01%  38.9 3065s
 3397398 1390506 9824.18600   71   34 9867.99998 9768.12541  1.01%  38.9 3071s
 3401909 1391700 9857.13260   76   55 9867.99998 9768.13260  1.01%  38.9 3075s
 3405528 1392177 9838.00000   70   39 9867.99998 9768.13500  1.01%  38.9 3080s
 3409685 1393303 9808.16517   67   39 9867.99998 9768.13500  1.01%  38.9 3085s
 3414492 1394338     cutoff   69      9867.99998 9768.13500  1.01%  38.9 3091s
 3418298 1395135     cutoff   67      9867.99998 9768.13500  1.01%  38.9 3095s
 3422145 1396052 9771.41810   63   74 9867.99998 9768.13500  1.01%  38.9 3100s
 3427129 1396921     cutoff   65      9867.99998 9768.13500  1.01%  38.9 3105s
 3432098 1398355 9842.12608   64   68 9867.99998 9768.13500  1.01%  38.9 3111s
 3435992 1399430     cutoff   70      9867.99998 9768.13545  1.01%  38.9 3115s
 3439757 1400434 9838.00000   66   27 9867.99998 9768.14099  1.01%  38.9 3120s
 3444386 1401505 9845.00000   73   46 9867.99998 9768.18235  1.01%  39.0 3125s
 3448794 1402306 9840.36877   68   58 9867.99998 9768.19672  1.01%  39.0 3130s
 3453525 1403431 infeasible   74      9867.99998 9768.19672  1.01%  38.9 3136s
 3457450 1404592 9815.16649   68   57 9867.99998 9768.22426  1.01%  38.9 3140s
 3462239 1406292 9808.05025   67   72 9867.99998 9768.25597  1.01%  39.0 3146s
 3465756 1407157 9850.69646   63   66 9867.99998 9768.29021  1.01%  39.0 3150s
 3471530 1408389 9858.90476   71   36 9867.99998 9768.29348  1.01%  39.0 3156s
 3475279 1409221 9777.26570   67   40 9867.99998 9768.29348  1.01%  38.9 3160s
 3480476 1410348     cutoff   61      9867.99998 9768.29348  1.01%  38.9 3165s
 3485487 1411635 9857.00437   68   21 9867.99998 9768.29348  1.01%  38.9 3171s
 3489144 1412664 9852.14958   69   55 9867.99998 9768.29348  1.01%  38.9 3175s
 3493632 1413856 9848.17465   69   84 9867.99998 9768.31500  1.01%  38.9 3181s
 3497252 1414770 9839.60000   71   56 9867.99998 9768.33584  1.01%  39.0 3186s
 3500999 1415835 9812.24000   78   56 9867.99998 9768.39216  1.01%  39.0 3191s
 3504313 1416772 infeasible   70      9867.99998 9768.42767  1.01%  39.0 3195s
 3508662 1418037 9805.24093   75   55 9867.99998 9768.48050  1.01%  39.0 3200s
 3512417 1419101     cutoff   66      9867.99998 9768.52553  1.01%  39.0 3205s
 3517187 1420019 9837.21900   66   99 9867.99998 9768.57339  1.01%  39.0 3211s
 3520649 1421069 9790.00000   61   63 9867.99998 9768.60951  1.01%  39.0 3215s
 3525260 1421666 9834.00000   61   47 9867.99998 9768.64048  1.01%  39.0 3221s
 3528827 1422598 9802.39752   62   72 9867.99998 9768.67760  1.01%  39.0 3225s
 3532280 1423351 infeasible   68      9867.99998 9768.69846  1.01%  39.0 3230s
 3537117 1424948 9816.28809   68   42 9867.99998 9768.77000  1.01%  39.0 3235s
 3541878 1426018 9858.00000   71   80 9867.99998 9768.81733  1.01%  39.0 3241s
 3545577 1426584 9772.45437   67   73 9867.99998 9768.84481  1.00%  39.0 3245s
 3550181 1427132     cutoff   73      9867.99998 9768.91711  1.00%  39.0 3251s
 3553964 1427729 9851.19780   66   51 9867.99998 9768.96584  1.00%  39.0 3255s
 3558016 1429099 infeasible   70      9867.99998 9769.00000  1.00%  39.1 3260s
 3561982 1430605 9774.82337   69   41 9867.99998 9769.00000  1.00%  39.1 3265s
 3566616 1432464 9847.43728   74   44 9867.99998 9769.00000  1.00%  39.1 3270s
 3571440 1434238 9785.00000   76   37 9867.99998 9769.00000  1.00%  39.1 3276s
 3575391 1435723 9839.43407   72   71 9867.99998 9769.00000  1.00%  39.1 3280s
 3580115 1437630 9771.66743   66   64 9867.99998 9769.00000  1.00%  39.1 3285s
 3585336 1439515 9771.23707   62   79 9867.99998 9769.00000  1.00%  39.1 3291s
 3589112 1441052 9811.03040   70   62 9867.99998 9769.00000  1.00%  39.1 3295s
 3594315 1442647 9841.00000   59   28 9867.99998 9769.00000  1.00%  39.1 3300s
 3599083 1444323     cutoff   72      9867.99998 9769.00000  1.00%  39.1 3306s
 3602664 1445626     cutoff   71      9867.99998 9769.00000  1.00%  39.1 3310s
 3607729 1447630 9837.00000   60   42 9867.99998 9769.00000  1.00%  39.1 3316s
 3611176 1448990     cutoff   74      9867.99998 9769.00000  1.00%  39.1 3320s
 3616517 1450939 9845.10870   74   68 9867.99998 9769.00000  1.00%  39.1 3325s
 3621463 1452691 9851.03048   69   55 9867.99998 9769.00000  1.00%  39.1 3330s
 3626220 1454495 9813.09651   74   56 9867.99998 9769.00000  1.00%  39.1 3335s
 3631591 1456620 9773.16517   60   62 9867.99998 9769.00000  1.00%  39.1 3341s
 3635533 1457975 9769.00000   61   54 9867.99998 9769.00000  1.00%  39.1 3345s
 3640045 1459835 9815.17855   63   77 9867.99998 9769.00000  1.00%  39.1 3350s
 3644892 1461777 9847.15000   70   59 9867.99998 9769.00000  1.00%  39.1 3355s
 3650184 1463956 9771.11175   57   60 9867.99998 9769.00000  1.00%  39.1 3360s
 3654877 1465797 9837.00000   65   23 9867.99998 9769.00000  1.00%  39.1 3365s
 3660162 1467856 9852.00000   72   29 9867.99998 9769.00000  1.00%  39.1 3370s
 3663123 1469008 9807.00000   56   26 9867.99998 9769.00000  1.00%  39.1 3375s
 3668647 1470940 9843.00000   66   32 9867.99998 9769.00000  1.00%  39.2 3380s
 3673487 1472731 9825.06420   64   45 9867.99998 9769.00000  1.00%  39.2 3385s
 3678586 1474642 9805.46799   64   86 9867.99998 9769.00000  1.00%  39.2 3390s
 3683530 1476285 9825.49770   67   37 9867.99998 9769.00000  1.00%  39.2 3395s
 3688394 1478035 9840.00000   60   40 9867.99998 9769.00000  1.00%  39.2 3400s
 3693186 1479783 9771.12533   61   71 9867.99998 9769.00000  1.00%  39.2 3405s
 3698064 1481652 9790.42585   58   85 9867.99998 9769.00000  1.00%  39.2 3410s
 3702530 1483535     cutoff   63      9867.99998 9769.00000  1.00%  39.2 3415s
 3707692 1485512 9819.33238   64   77 9867.99998 9769.00000  1.00%  39.2 3421s
 3711623 1487092 9843.09408   71   64 9867.99998 9769.00000  1.00%  39.2 3425s
 3716215 1488870 9796.59313   59   51 9867.99998 9769.00000  1.00%  39.2 3430s
 3720938 1490701     cutoff   60      9867.99998 9769.00000  1.00%  39.2 3435s
 3725607 1492352     cutoff   73      9867.99998 9769.00000  1.00%  39.2 3440s
 3730340 1494399 9771.49377   60   98 9867.99998 9769.00000  1.00%  39.2 3446s
 3734298 1495872 9810.88353   66   71 9867.99998 9769.00000  1.00%  39.2 3450s
 3739370 1498007 9844.55841   83   41 9867.99998 9769.00000  1.00%  39.2 3455s
 3743556 1499609 9775.56682   71   58 9867.99998 9769.00000  1.00%  39.2 3460s
 3747654 1501219     cutoff   65      9867.99998 9769.00000  1.00%  39.2 3465s
 3752692 1503171 9771.23707   65   86 9867.99998 9769.00000  1.00%  39.2 3470s
 3757933 1505108 9810.23707   64   55 9867.99998 9769.00000  1.00%  39.2 3475s
 3762499 1507205     cutoff   73      9867.99998 9769.00000  1.00%  39.2 3481s
 3766691 1508856 infeasible   59      9867.99998 9769.00000  1.00%  39.2 3485s
 3771733 1510866 9771.09262   56   65 9867.99998 9769.00000  1.00%  39.3 3490s
 3776397 1512737     cutoff   71      9867.99998 9769.00000  1.00%  39.3 3496s
 3780547 1514422 9769.12165   53   53 9867.99998 9769.00000  1.00%  39.3 3500s
 3785450 1516234 9839.58706   68   48 9867.99998 9769.00000  1.00%  39.3 3506s
 3790444 1517792 9807.00000   65   47 9867.99998 9769.00000  1.00%  39.3 3511s
 3795554 1519636 9837.00000   63   48 9867.99998 9769.00000  1.00%  39.3 3516s
 3800598 1521421 infeasible   70      9867.99998 9769.00000  1.00%  39.3 3520s
 3805375 1523237 9814.13311   64   55 9867.99998 9769.00000  1.00%  39.3 3525s
 3810261 1525107 9841.00000   61   19 9867.99998 9769.00000  1.00%  39.3 3531s
 3814166 1526589 9801.96682   62   58 9867.99998 9769.00000  1.00%  39.3 3535s
 3819152 1528407 9858.74672   85   36 9867.99998 9769.00000  1.00%  39.3 3540s
 3823843 1530365 9783.87597   74   66 9867.99998 9769.00000  1.00%  39.3 3545s
 3827393 1531765 9813.17465   70   66 9867.99998 9769.00000  1.00%  39.3 3550s
 3832609 1533481 9818.66667   60   79 9867.99998 9769.00000  1.00%  39.3 3555s
 3835971 1535327 infeasible   67      9867.99998 9769.00000  1.00%  39.3 3560s
 3841525 1537394 9837.00000   59   42 9867.99998 9769.00000  1.00%  39.3 3566s
 3845541 1539127 9831.55263   72   69 9867.99998 9769.00000  1.00%  39.3 3570s
 3850465 1540990 9771.06568   59  117 9867.99998 9769.00000  1.00%  39.3 3575s
 3855746 1543066 9819.11236   69   56 9867.99998 9769.00000  1.00%  39.3 3581s
 3860804 1544903 9771.09000   61   41 9867.99998 9769.00000  1.00%  39.3 3586s
 3865774 1546937 9772.73059   58   57 9867.99998 9769.00000  1.00%  39.3 3591s
 3870612 1548783 9771.37960   64   48 9867.99998 9769.00000  1.00%  39.3 3596s
 3874401 1550370     cutoff   62      9867.99998 9769.00000  1.00%  39.3 3600s

Cutting planes:
  Learned: 155
  Gomory: 191
  Cover: 958
  Implied bound: 66
  Projected implied bound: 2
  Clique: 19
  MIR: 1419
  StrongCG: 92
  Flow cover: 4061
  GUB cover: 2
  Inf proof: 86
  Zero half: 159
  Network: 12
  RLT: 131
  Relax-and-lift: 42

Explored 3875587 nodes (152437326 simplex iterations) in 3600.06 seconds (4328.63 work units)
Thread count was 8 (of 8 available processors)

Solution count 10: 9868 9868 9868 ... 10209

Time limit reached
Best objective 9.867999976904e+03, best bound 9.769000000000e+03, gap 1.0032%

User-callback calls 8272333, time in user-callback 14.87 sec

Statistics for modelBBKS_BWT:
  Linear constraint matrix    : 10634 Constrs, 4381 Vars, 42928 NZs
  Variable types              : 1295 Continuous,
3086 Integer (911 Binary)
  Matrix coefficient range    : [ 1, 200 ]
  Objective coefficient range : [ 1, 382 ]
  Variable bound range        : [ 1, 199 ]
  RHS coefficient range       : [ 1, 549 ]
