
Gurobi 10.0.1 (mac64[arm]) logging started Sun Mar 31 20:21:02 2024

Set parameter LogFile to value "/Users/deniserings/Documents/zib/s-bahn-data/scripts/DeniseMA/processed/BBKS_BWT/RENS/BBKS_BWT_subMBP_random0_0.9_202403312021.log"
Gurobi Optimizer version 10.0.1 build v10.0.1rc0 (mac64[arm])

CPU model: Apple M2
Thread count: 8 physical cores, 8 logical processors, using up to 8 threads

Optimize a model with 10868 rows, 4381 columns and 43162 nonzeros
Model fingerprint: 0xad57a68d
Variable types: 1295 continuous, 3086 integer (911 binary)
Coefficient statistics:
  Matrix range     [1e+00, 2e+02]
  Objective range  [1e+00, 4e+02]
  Bounds range     [1e+00, 2e+02]
  RHS range        [1e+00, 5e+02]
Presolve removed 4659 rows and 1499 columns
Presolve time: 0.08s
Presolved: 6209 rows, 2882 columns, 26403 nonzeros
Variable types: 730 continuous, 2152 integer (2152 binary)

Root relaxation: objective 9.096000e+03, 1726 iterations, 0.02 seconds (0.03 work units)

    Nodes    |    Current Node    |     Objective Bounds      |     Work
 Expl Unexpl |  Obj  Depth IntInf | Incumbent    BestBd   Gap | It/Node Time

     0     0 9096.00000    0  112          - 9096.00000      -     -    0s
     0     0 9098.41547    0  302          - 9098.41547      -     -    0s
     0     0 9098.41547    0  289          - 9098.41547      -     -    0s
     0     0 9120.80140    0  326          - 9120.80140      -     -    0s
     0     0 9120.80140    0  287          - 9120.80140      -     -    0s
     0     0 9121.85186    0  319          - 9121.85186      -     -    0s
     0     0 9121.89367    0  270          - 9121.89367      -     -    0s
     0     0 9121.89367    0  275          - 9121.89367      -     -    0s
     0     0 9122.31508    0  302          - 9122.31508      -     -    0s
     0     0 9122.31508    0  321          - 9122.31508      -     -    0s
     0     0 9122.33677    0  357          - 9122.33677      -     -    0s
     0     0 9122.33677    0  331          - 9122.33677      -     -    0s
     0     0 9122.33677    0  306          - 9122.33677      -     -    0s
     0     0 9122.33677    0  206          - 9122.33677      -     -    0s
     0     2 9122.33677    0  146          - 9122.33677      -     -    0s
H 1487  1128                    10980.000000 9192.24176  16.3%  31.2    1s
H 1487  1071                    10710.000000 9192.24176  14.2%  31.2    1s
H 1603  1096                    10695.000000 9192.24176  14.1%  36.0    2s
H 1613  1051                    10646.000000 9192.24176  13.7%  36.4    2s
H 1615  1003                    10635.000000 9192.24176  13.6%  36.5    2s
H 1667   978                    10610.000000 9192.24176  13.4%  36.8    2s
H 1688   954                    10566.000000 9192.24176  13.0%  36.9    2s
H 1690   912                    10565.000000 9192.24176  13.0%  36.9    2s
H 1828   921                    10525.000000 9192.24176  12.7%  37.4    2s
H 1956   911                    10523.000000 9192.24176  12.6%  37.7    2s
* 2632  1066             118    10217.000000 9192.24176  10.0%  34.6    3s
H 6452  3227                    10197.000000 9227.10672  9.51%  32.2    4s
  6587  3322 10071.7039   69  101 10197.0000 9228.62106  9.50%  32.1    5s
*13700  7906             147    10193.000000 9279.93365  8.96%  28.8    7s
H16392  6551                    9955.0000000 9291.93365  6.66%  27.6    8s
H17571  6481                    9939.0000000 9302.16117  6.41%  27.0    8s
*17959  6371             140    9929.0000000 9302.16117  6.31%  26.7    8s
H19209  6633                    9928.0000000 9310.00000  6.22%  26.6    9s
H19338  6492                    9916.0000000 9310.00000  6.11%  26.6    9s
H19479  6517                    9915.0000000 9310.00000  6.10%  26.7    9s
H19672  6750                    9911.0000000 9310.00000  6.06%  26.6   10s
H23068  8046                    9910.0000000 9354.00000  5.61%  26.5   11s
H25489  9087                    9901.0000000 9380.00000  5.26%  26.3   12s
H25553  9037                    9900.0000000 9384.00000  5.21%  26.3   12s
H25821  8827                    9881.0000000 9386.00000  5.01%  26.4   12s
 29788 10541 9838.00000   42  206 9881.00000 9409.93365  4.77%  26.0   16s
 29808 10554 9728.00000   44  297 9881.00000 9409.93365  4.77%  26.0   20s
H30454 10289                    9872.0000000 9409.93365  4.68%  27.1   24s
H30485  9796                    9868.0000000 9409.93365  4.64%  27.1   24s
 31032  9944 9572.00000   41  131 9868.00000 9409.93365  4.64%  27.4   25s
 37863 10403 9474.59957   43  148 9868.00000 9409.93365  4.64%  30.8   30s
 44958 10492 9710.00000   44  127 9868.00000 9409.93365  4.64%  31.9   35s
 53213 10450 9844.00000   64   48 9868.00000 9409.93365  4.64%  32.3   40s
 62458 11378 9653.23756   39  162 9868.00000 9409.93365  4.64%  32.4   45s
 71097 13852 9692.00000   42   73 9868.00000 9421.26132  4.53%  32.3   50s
