
Gurobi 10.0.1 (mac64[arm]) logging started Mon Apr  1 00:06:45 2024

Set parameter LogFile to value "/Users/deniserings/Documents/zib/s-bahn-data/scripts/DeniseMA/processed/BBUP_O/RENS/BBUP_O_subMBP_random3_0.6_202403312233.log"
Gurobi Optimizer version 10.0.1 build v10.0.1rc0 (mac64[arm])

CPU model: Apple M2
Thread count: 8 physical cores, 8 logical processors, using up to 8 threads

Optimize a model with 14367 rows, 5774 columns and 53223 nonzeros
Model fingerprint: 0xf07c7d6f
Variable types: 1824 continuous, 3950 integer (691 binary)
Coefficient statistics:
  Matrix range     [1e+00, 2e+02]
  Objective range  [1e+00, 4e+02]
  Bounds range     [1e+00, 2e+02]
  RHS range        [1e+00, 5e+02]
Presolve removed 6775 rows and 2004 columns
Presolve time: 0.10s
Presolved: 7592 rows, 3770 columns, 29346 nonzeros
Variable types: 962 continuous, 2808 integer (2808 binary)

Root relaxation: objective 1.323804e+04, 2520 iterations, 0.02 seconds (0.02 work units)

    Nodes    |    Current Node    |     Objective Bounds      |     Work
 Expl Unexpl |  Obj  Depth IntInf | Incumbent    BestBd   Gap | It/Node Time

     0     0 13238.0447    0  113          - 13238.0447      -     -    0s
     0     0 13276.0000    0  458          - 13276.0000      -     -    0s
     0     0 13276.0000    0  414          - 13276.0000      -     -    0s
     0     0 13276.0000    0  392          - 13276.0000      -     -    0s
     0     0 13300.7524    0  513          - 13300.7524      -     -    0s
     0     0 13301.4045    0  489          - 13301.4045      -     -    0s
     0     0 13303.7799    0  502          - 13303.7799      -     -    0s
     0     0 13303.7799    0  453          - 13303.7799      -     -    0s
     0     0 13303.7799    0  451          - 13303.7799      -     -    0s
     0     0 13310.0712    0  428          - 13310.0712      -     -    0s
H    0     0                    16192.000000 13310.0712  17.8%     -    0s
     0     0 13310.0712    0  451 16192.0000 13310.0712  17.8%     -    0s
     0     0 13310.0712    0  173 16192.0000 13310.0712  17.8%     -    0s
     0     0 13310.0712    0  352 16192.0000 13310.0712  17.8%     -    1s
     0     0 13310.0712    0  244 16192.0000 13310.0712  17.8%     -    1s
     0     0 13310.0712    0  206 16192.0000 13310.0712  17.8%     -    1s
H    0     0                    16190.000000 13310.0712  17.8%     -    1s
     0     0 13310.0712    0  164 16190.0000 13310.0712  17.8%     -    1s
     0     0 13310.0712    0  494 16190.0000 13310.0712  17.8%     -    1s
     0     0 13310.0712    0  454 16190.0000 13310.0712  17.8%     -    1s
     0     0 13310.0712    0  458 16190.0000 13310.0712  17.8%     -    1s
     0     0 13310.0712    0  441 16190.0000 13310.0712  17.8%     -    1s
     0     0 13310.0712    0  393 16190.0000 13310.0712  17.8%     -    2s
     0     0 13313.5342    0  467 16190.0000 13313.5342  17.8%     -    2s
H    0     0                    16160.000000 13313.5342  17.6%     -    2s
     0     0 13313.5342    0  436 16160.0000 13313.5342  17.6%     -    2s
     0     0 13315.0368    0  395 16160.0000 13315.0368  17.6%     -    2s
     0     0 13315.0374    0  409 16160.0000 13315.0374  17.6%     -    2s
     0     0 13315.0380    0  400 16160.0000 13315.0380  17.6%     -    2s
     0     0 13315.0380    0  445 16160.0000 13315.0380  17.6%     -    2s
     0     0 13315.0430    0  454 16160.0000 13315.0430  17.6%     -    2s
     0     0 13315.0430    0  133 16160.0000 13315.0430  17.6%     -    2s
     0     2 13315.0430    0  131 16160.0000 13315.0430  17.6%     -    2s
H  309   410                    16130.000000 13318.0000  17.4%  53.4    3s
H  330   410                    16123.000000 13318.0000  17.4%  51.6    3s
H  377   410                    16077.000000 13318.0000  17.2%  49.2    3s
H  456   543                    16071.000000 13318.0000  17.1%  46.2    3s
H  727   668                    16070.000000 13318.0000  17.1%  44.0    4s
H  772   668                    16067.000000 13318.0000  17.1%  42.4    4s
H  980   857                    16062.000000 13318.0000  17.1%  41.5    4s
H 1483  1310                    16057.000000 13318.0000  17.1%  39.1    4s
  1682  1311 13410.0000   32  206 16057.0000 13318.0000  17.1%  39.1    5s
  1857  1482 13343.7196   25  246 16057.0000 13343.7196  16.9%  52.0   10s
H 1912  1553                    16032.000000 13343.7196  16.8%  52.2   10s
H 2296  1740                    16025.000000 13343.7196  16.7%  51.0   11s
H 2610  1609                    16020.000000 13343.7196  16.7%  48.1   11s
H 2747  1586                    16013.000000 13343.7196  16.7%  48.7   12s
H 2952  1773                    16011.000000 13343.7196  16.7%  47.6   12s
H 3209  1635                    16010.000000 13343.7196  16.7%  45.6   12s
H 3279  1658                    16004.000000 13343.7196  16.6%  46.2   13s
  5050  2505 13467.0000   34  311 16004.0000 13343.7196  16.6%  41.9   15s
* 7366  4116             108    15786.000000 13343.7196  15.5%  42.3   18s
H 7427  4158                    15705.000000 13343.7196  15.0%  42.3   19s
  7524  4949 13406.0000   40  302 15705.0000 13343.7196  15.0%  42.3   20s
H 8766  4941                    15689.999998 13343.7196  15.0%  41.9   22s
H 8766  4941                    15687.000000 13343.7196  14.9%  41.9   22s
H 8767  4934                    15667.000000 13343.7196  14.8%  41.9   22s
 10480  6851 13537.3418   39  307 15667.0000 13343.7196  14.8%  45.7   25s
H12706  7507                    15646.000000 13343.7196  14.7%  47.8   28s
 12957  8170 14647.2116   50  197 15646.0000 13343.7196  14.7%  49.4   30s
H13779  8230                    15634.000000 13343.7196  14.6%  49.7   32s
H14014  8318                    15401.000000 13343.7196  13.4%  50.7   33s
 14523  9608 13520.7976   32  342 15401.0000 13343.7196  13.4%  51.7   36s
H14776  9607                    15399.000000 13343.7196  13.3%  51.8   36s
H15616  9603                    15395.000000 13343.7196  13.3%  52.1   36s
H16486  9736                    15393.000000 13343.7196  13.3%  52.8   38s
H16514  9736                    15391.000000 13343.7196  13.3%  53.0   38s
H17344 10328                    15371.000000 13343.7196  13.2%  55.6   41s
H19463 11451                    15364.000000 13343.7196  13.1%  57.7   45s
H19474 11445                    15361.000000 13343.7196  13.1%  57.9   45s
 21635 12866 infeasible   53      15361.0000 13343.7196  13.1%  61.2   51s
 23647 13841 infeasible   63      15361.0000 13343.7196  13.1%  63.0   57s
 24261 14536 13447.1893   33  289 15361.0000 13343.7196  13.1%  64.7   61s
 26250 15787 infeasible   57      15361.0000 13343.7196  13.1%  66.7   66s
 28149 16794 13343.7196   27  371 15361.0000 13343.7196  13.1%  68.6   71s
 30380 17916 13421.5714   38  206 15361.0000 13343.7196  13.1%  70.6   91s
 30390 17923 13676.0000   34  276 15361.0000 13343.7196  13.1%  70.6   96s
 30393 17925 14304.0000   70  424 15361.0000 13374.4378  12.9%  70.6  100s
 30401 17930 13985.0252   71  544 15361.0000 13414.0000  12.7%  70.6  105s
 30408 17935 14846.0000   64  265 15361.0000 13414.0000  12.7%  70.6  110s
 30414 17939 13956.6809   62  230 15361.0000 13414.0000  12.7%  70.6  115s
 30498 17998 13414.0000   35  249 15361.0000 13414.0000  12.7%  72.3  120s
H30902 17288                    15360.999993 13414.0000  12.7%  72.2  123s
 31266 17424 infeasible   77      15361.0000 13414.0000  12.7%  72.2  125s
 32400 17820 infeasible   76      15361.0000 13414.0000  12.7%  72.2  130s
 34085 18687 13587.3998   62  221 15361.0000 13414.0000  12.7%  72.5  135s
 36301 19564 13665.3639   68  234 15361.0000 13414.0000  12.7%  73.4  140s
 38808 20154 13926.5550   71  240 15361.0000 13414.0000  12.7%  75.6  146s
 39986 20160 13414.0000   53  370 15361.0000 13414.0000  12.7%  76.7  150s
 41871 20624 infeasible   64      15361.0000 13414.0000  12.7%  77.7  155s
 43980 21179 14878.1991   56  309 15361.0000 13414.0000  12.7%  80.4  162s
 44242 21283 13414.0000   50  456 15361.0000 13414.0000  12.7%  80.8  165s
 45751 21708 infeasible   62      15361.0000 13414.0000  12.7%  82.6  170s
 46271 22201 infeasible   64      15361.0000 13414.0000  12.7%  83.7  176s
 47507 23690 13432.5186   55  417 15361.0000 13414.0000  12.7%  86.1  182s
 50726 22894 infeasible   50      15361.0000 13414.0000  12.7%  87.4  186s
 51398 23032 13835.1708   68  203 15361.0000 13414.0000  12.7%  88.5  190s
 53280 23435 infeasible   57      15361.0000 13414.0000  12.7%  91.0  198s
 54001 24720 13414.0000   54  438 15361.0000 13414.0000  12.7%  92.4  203s
 56531 24244 infeasible   63      15361.0000 13414.0000  12.7%  92.8  207s
 57163 24502 15050.0452   65  185 15361.0000 13414.0000  12.7%  94.0  212s
 58038 24991 13418.1068   56  545 15361.0000 13414.0000  12.7%  95.0  216s
 59467 24847 13740.1785   58  343 15361.0000 13414.0000  12.7%  95.9  221s
 60114 25124 13414.0000   46  469 15361.0000 13414.0000  12.7%  97.2  225s
 61507 26603 14158.4152   63  369 15361.0000 13414.0000  12.7%  99.1  239s
 64403 26033 13502.6928   55  263 15361.0000 13414.0000  12.7%   101  244s
 65181 26274 13414.0000   57  465 15361.0000 13414.0000  12.7%   102  250s
 66123 27444 14189.9899   51  321 15361.0000 13414.0000  12.7%   103  256s
 68730 27036 infeasible   70      15361.0000 13414.0000  12.7%   104  261s
 69540 27171 13414.0000   53  478 15361.0000 13414.0000  12.7%   105  266s
 70324 27315 13829.7385   67  235 15361.0000 13414.0000  12.7%   106  272s
 71131 27436 infeasible   56      15361.0000 13414.0000  12.7%   107  277s
 71910 28029 13414.0000   58  335 15361.0000 13414.0000  12.7%   108  283s
 73579 27922 13498.8284   49  394 15361.0000 13414.0000  12.7%   109  289s
 74406 28031 13465.3502   57  395 15361.0000 13414.0000  12.7%   110  295s
 75235 29072 13515.4152   49  554 15361.0000 13414.0000  12.7%   112  301s
 77472 28597 13414.0000   49  447 15361.0000 13414.0000  12.7%   112  305s
 78080 29195 14807.8564   61  203 15361.0000 13414.0000  12.7%   113  315s
 79508 29382 13414.0000   51  499 15361.0000 13414.0000  12.7%   115  324s
H80707 27082                    15014.000000 13414.0000  10.7%   116  324s
*80727 27056              93    15010.000000 13414.0000  10.6%   116  324s
H80842 28069                    15007.000000 13414.0000  10.6%   116  332s
H81099 28058                    15005.000000 13414.0000  10.6%   116  332s
H81099 27890                    14981.000000 13414.0000  10.5%   116  332s
 82850 28405 infeasible   62      14981.0000 13414.0000  10.5%   117  339s
H82852 28349                    14976.000000 13414.0000  10.4%   117  339s
H82852 28340                    14974.000000 13414.0000  10.4%   117  339s
H83780 28327                    14973.000000 13414.0000  10.4%   119  339s
H83886 28796                    14966.000000 13414.0000  10.4%   119  347s
H84914 29335                    14965.000000 13414.0000  10.4%   120  354s
H85526 29331                    14964.000000 13414.0000  10.4%   121  354s
 86061 29999 13414.0000   53  647 14964.0000 13414.0000  10.4%   122  362s
 87416 30558 13414.0000   48  392 14964.0000 13414.0000  10.4%   123  370s
H87960 30550                    14963.000000 13414.0000  10.4%   123  370s
 88705 31175 14673.4240   87  114 14963.0000 13414.0000  10.4%   124  378s
H88846 31134                    14959.000000 13414.0000  10.3%   124  378s
 89921 31710 infeasible   69      14959.0000 13414.0000  10.3%   126  386s
H89922 31542                    14940.000000 13414.0000  10.2%   126  386s
H90749 28915                    14705.000000 13414.0000  8.78%   127  386s
H91064 30168                    14700.000000 13414.0000  8.75%   127  393s
H93682 30418                    14698.000000 13414.0000  8.74%   127  399s
H93818 30335                    14692.000000 13414.0000  8.70%   128  399s
H94310 30880                    14683.000000 13414.0000  8.64%   128  409s
H95498 30637                    14668.000000 13414.0000  8.55%   130  409s
 95698 31216 13708.4488   55  533 14668.0000 13414.0000  8.55%   130  418s
H95959 31105                    14660.000000 13414.0000  8.50%   130  418s
H96298 30891                    14647.000000 13414.0000  8.42%   130  418s
 96949 31477 13502.8404   54  522 14647.0000 13414.0000  8.42%   131  429s
H98099 29948                    14543.000000 13414.0000  7.76%   132  429s
H98232 30414                    14542.999993 13414.0000  7.76%   132  438s
H98506 30190                    14531.000000 13414.0000  7.69%   133  438s
 99420 30904 13563.9915   61  401 14531.0000 13414.0000  7.69%   134  447s
 100865 31428 13414.0000   53  410 14531.0000 13414.0000  7.69%   135  457s
 101950 32003 13440.8291   50  431 14531.0000 13414.0000  7.69%   137  466s
 103209 32523 13414.0000   50  551 14531.0000 13414.0000  7.69%   138  475s
 104379 33084 14030.7040   57  349 14531.0000 13414.0000  7.69%   139  485s
 105592 33502 infeasible   48      14531.0000 13414.0000  7.69%   140  494s
 106689 34050 13671.8204   53  338 14531.0000 13414.0000  7.69%   142  504s
 107949 34592 13482.0438   56  488 14531.0000 13414.0000  7.69%   143  514s
H108086 34592                    14530.999906 13414.0000  7.69%   143  514s
 109180 34893 13414.0000   52  518 14530.9999 13414.0000  7.69%   144  520s
 109793 35435 14118.0469   60  492 14530.9999 13414.0000  7.69%   145  533s
 111281 36017 13492.8918   49  347 14530.9999 13414.0000  7.69%   147  546s
 112948 36525 13414.0000   51  437 14530.9999 13414.0000  7.69%   148  557s
 114267 36880 13414.0000   46  422 14530.9999 13414.0000  7.69%   149  566s
 115132 37376 13414.0000   47  538 14530.9999 13414.0000  7.69%   151  577s
 116480 37800 14175.7529   67  293 14530.9999 13414.0000  7.69%   152  587s
 117662 38165     cutoff   65      14530.9999 13414.0000  7.69%   153  596s
 118662 38483 13454.2336   51  350 14530.9999 13414.0000  7.69%   154  605s
 119744 38849 13414.0000   58  574 14530.9999 13414.0000  7.69%   156  615s
 120673 39388 13414.0000   45  555 14530.9999 13414.0000  7.69%   157  624s
 121872 39525 13720.3280   54  349 14530.9999 13414.0000  7.69%   157  637s
 122141 39962 13448.8497   49  365 14530.9999 13414.0000  7.69%   158  647s
 123466 40467 13882.8587   63  374 14530.9999 13414.0000  7.69%   158  658s
 124795 40780 14055.3195   53  294 14530.9999 13414.0000  7.69%   160  664s
 125551 41185 13414.0000   44  677 14530.9999 13414.0000  7.69%   160  675s
 126745 41814 13448.8143   50  424 14530.9999 13414.0000  7.69%   161  687s
 128159 42337 13414.0000   49  509 14530.9999 13414.0000  7.69%   162  697s
 129201 42969 13420.0485   48  462 14530.9999 13414.0000  7.69%   163  709s
 130471 43505 13414.0000   52  599 14530.9999 13414.0000  7.69%   164  721s
 131615 44022 14085.8595   64  221 14530.9999 13414.0000  7.69%   165  733s
 132935 44597 14313.5657   58  273 14530.9999 13414.0000  7.69%   166  744s
 134230 45190 14372.1913   62  274 14530.9999 13414.0000  7.69%   167  757s
 135473 45873 13414.0000   47  552 14530.9999 13414.0000  7.69%   168  769s
 136302 45873 13414.0000   51  466 14530.9999 13414.0000  7.69%   169  770s
 136867 46444 13820.6487   53  347 14530.9999 13414.0000  7.69%   169  783s
 138081 46993 13414.0000   58  528 14530.9999 13414.0000  7.69%   170  795s
 139343 47257 13638.8878   59  368 14530.9999 13414.0000  7.69%   171  802s
 139939 48056 13804.4043   52  304 14530.9999 13414.0000  7.69%   172  819s
 141792 48651 13414.0000   49  556 14530.9999 13414.0000  7.69%   173  831s
 143014 49170 13414.0000   55  538 14530.9999 13414.0000  7.69%   174  843s
 144132 49729 13984.8671   45  333 14530.9999 13414.0000  7.69%   175  856s
 145290 50134 14253.5865   56  476 14530.9999 13414.0000  7.69%   176  869s
 146441 50562 13730.8671   49  479 14530.9999 13414.0000  7.69%   178  880s
 147657 51072 13809.2812   48  623 14530.9999 13414.0000  7.69%   179  893s
 149020 51615 13806.5805   54  433 14530.9999 13414.0000  7.69%   180  906s
 150301 52079 13815.8293   53  477 14530.9999 13414.0000  7.69%   181  918s
 151505 52504     cutoff   72      14530.9999 13414.0000  7.69%   182  930s
 152669 52983 14388.7765   48  365 14530.9999 13414.0000  7.69%   183  941s
 153839 53203 14258.5487   63  269 14530.9999 13414.0000  7.69%   184  949s
 154513 53636 14173.6702   50  451 14530.9999 13414.0000  7.69%   184  961s
 155812 54171 13810.6787   52  569 14530.9999 13414.0000  7.69%   185  975s
 157344 54706 14314.3368   56  333 14530.9999 13414.0000  7.69%   186  986s
 158533 55151 13730.8671   48  588 14530.9999 13414.0000  7.69%   187  998s
 159649 55654 infeasible   57      14530.9999 13414.0000  7.69%   188 1010s
 161028 56207 13811.2037   57  566 14530.9999 13414.0000  7.69%   189 1023s
 162525 56739 14092.1271   58  554 14530.9999 13414.0000  7.69%   189 1035s
 163849 57240 infeasible   55      14530.9999 13414.0000  7.69%   190 1047s

Cutting planes:
  Learned: 127
  Gomory: 222
  Cover: 2429
  Implied bound: 571
  Projected implied bound: 93
  Clique: 282
  MIR: 894
  StrongCG: 163
  Flow cover: 2754
  GUB cover: 26
  Inf proof: 26
  Zero half: 54
  Network: 55
  RLT: 125
  Relax-and-lift: 211
  BQP: 1

Explored 165356 nodes (31610093 simplex iterations) in 1047.78 seconds (1827.00 work units)
Thread count was 8 (of 8 available processors)

Solution count 10: 14531 14531 14543 ... 14698

Solve interrupted
Best objective 1.453099990551e+04, best bound 1.341400000000e+04, gap 7.6870%

User-callback calls 687831, time in user-callback 1.74 sec

Statistics for modelBBUP_O:
  Linear constraint matrix    : 14367 Constrs, 5774 Vars, 53223 NZs
  Variable types              : 1824 Continuous,
3950 Integer (691 Binary)
  Matrix coefficient range    : [ 1, 200 ]
  Objective coefficient range : [ 1, 384 ]
  Variable bound range        : [ 1, 199 ]
  RHS coefficient range       : [ 1, 549 ]
