
Gurobi 10.0.1 (mac64[arm]) logging started Sun Mar 31 23:15:54 2024

Set parameter LogFile to value "/Users/deniserings/Documents/zib/s-bahn-data/scripts/DeniseMA/processed/BBUP_O/RENS/BBUP_O_subMBP_random0_0.6_202403312233.log"
Gurobi Optimizer version 10.0.1 build v10.0.1rc0 (mac64[arm])

CPU model: Apple M2
Thread count: 8 physical cores, 8 logical processors, using up to 8 threads

Optimize a model with 14367 rows, 5774 columns and 53223 nonzeros
Model fingerprint: 0xa774e90f
Variable types: 1824 continuous, 3950 integer (691 binary)
Coefficient statistics:
  Matrix range     [1e+00, 2e+02]
  Objective range  [1e+00, 4e+02]
  Bounds range     [1e+00, 2e+02]
  RHS range        [1e+00, 5e+02]
Presolve removed 6609 rows and 1984 columns
Presolve time: 0.11s
Presolved: 7758 rows, 3790 columns, 30341 nonzeros
Variable types: 969 continuous, 2821 integer (2821 binary)

Root relaxation: objective 1.327404e+04, 2677 iterations, 0.02 seconds (0.03 work units)

    Nodes    |    Current Node    |     Objective Bounds      |     Work
 Expl Unexpl |  Obj  Depth IntInf | Incumbent    BestBd   Gap | It/Node Time

     0     0 13274.0447    0  133          - 13274.0447      -     -    0s
     0     0 13290.0420    0  513          - 13290.0420      -     -    0s
     0     0 13303.6626    0  504          - 13303.6626      -     -    0s
     0     0 13303.6626    0  515          - 13303.6626      -     -    0s
     0     0 13337.7775    0  696          - 13337.7775      -     -    0s
     0     0 13344.4898    0  644          - 13344.4898      -     -    0s
     0     0 13347.9799    0  585          - 13347.9799      -     -    0s
     0     0 13348.0776    0  612          - 13348.0776      -     -    0s
     0     0 13348.0776    0  615          - 13348.0776      -     -    0s
     0     0 13352.0031    0  630          - 13352.0031      -     -    0s
     0     0 13352.0953    0  546          - 13352.0953      -     -    0s
     0     0 13352.0953    0  506          - 13352.0953      -     -    0s
     0     0 13353.3731    0  547          - 13353.3731      -     -    0s
     0     0 13353.6283    0  602          - 13353.6283      -     -    0s
     0     0 13353.6283    0  529          - 13353.6283      -     -    0s
     0     0 13353.6283    0  581          - 13353.6283      -     -    1s
     0     0 13353.6283    0  535          - 13353.6283      -     -    1s
     0     0 13353.6284    0  651          - 13353.6284      -     -    1s
     0     0 13354.5404    0  652          - 13354.5404      -     -    1s
     0     0 13354.6875    0  597          - 13354.6875      -     -    1s
     0     0 13354.6875    0  585          - 13354.6875      -     -    1s
     0     0 13355.7195    0  595          - 13355.7195      -     -    1s
     0     0 13355.7195    0  590          - 13355.7195      -     -    1s
     0     0 13355.7195    0  588          - 13355.7195      -     -    1s
     0     0 13355.7195    0  574          - 13355.7195      -     -    1s
     0     0 13355.7195    0  307          - 13355.7195      -     -    1s
     0     0 13355.7195    0  542          - 13355.7195      -     -    1s
     0     0 13355.7195    0  224          - 13355.7195      -     -    2s
     0     0 13355.7195    0  330          - 13355.7195      -     -    2s
     0     0 13355.7195    0  197          - 13355.7195      -     -    2s
     0     0 13355.7195    0  390          - 13355.7195      -     -    2s
     0     0 13355.7195    0  277          - 13355.7195      -     -    2s
     0     0 13355.7195    0  196          - 13355.7195      -     -    3s
     0     0 13355.7195    0  124          - 13355.7195      -     -    3s
     0     0 13355.7195    0  326          - 13355.7195      -     -    3s
     0     0 13355.7195    0  306          - 13355.7195      -     -    3s
     0     0 13355.7195    0  308          - 13355.7195      -     -    3s
     0     0 13355.7195    0  308          - 13355.7195      -     -    3s
     0     0 13355.7195    0  308          - 13355.7195      -     -    3s
     0     0 13356.0686    0  391          - 13356.0686      -     -    3s
     0     0 13356.0686    0  332          - 13356.0686      -     -    3s
     0     0 13359.6929    0  343          - 13359.6929      -     -    3s
     0     0 13359.6929    0  335          - 13359.6929      -     -    4s
     0     0 13359.6962    0  372          - 13359.6962      -     -    4s
     0     0 13361.0109    0  365          - 13361.0109      -     -    4s
     0     0 13361.0109    0  340          - 13361.0109      -     -    4s
     0     0 13361.3511    0  391          - 13361.3511      -     -    4s
     0     0 13361.3511    0  308          - 13361.3511      -     -    4s
     0     0 13361.7064    0  382          - 13361.7064      -     -    4s
     0     0 13361.7064    0  378          - 13361.7064      -     -    4s
     0     0 13361.7064    0  383          - 13361.7064      -     -    4s
     0     0 13361.7064    0  329          - 13361.7064      -     -    4s
     0     0 13369.1941    0  134          - 13369.1941      -     -    5s
     0     0 13369.1941    0  223          - 13369.1941      -     -    5s
     0     0 13370.0000    0  143          - 13370.0000      -     -    5s
     0     0 13370.0000    0  143          - 13370.0000      -     -    5s
     0     2 13370.0000    0  143          - 13370.0000      -     -    5s
  1859  1414 13436.0000   36  407          - 13436.0000      -  42.8   10s
  3541  2574 15112.2421  114   80          - 13436.0000      -  53.3   15s
 10506  6996 13730.1405   38  245          - 13436.0000      -  39.1   20s
 14956 14224 13746.0000   52  131          - 13436.0000      -  39.8   26s
 23452 16679 14469.1538   71  140          - 13436.0000      -  37.3   30s
 29610 21211 13568.6410   63  348          - 13436.0000      -  38.1   41s
 34285 24846 13494.9162   40  357          - 13436.0000      -  38.6   45s
 43185 30611 infeasible   58               - 13436.0000      -  38.5   50s
 51490 35585 infeasible   67               - 13436.0000      -  38.8   55s
 58724 41778 14000.0000   58  261          - 13436.0000      -  39.0   60s
H65248 45187                    17297.000000 13436.0000  22.3%  38.7   64s
H65305 45260                    16272.000000 13436.0000  17.4%  38.7   64s
H65305 45260                    16216.000000 13436.0000  17.1%  38.7   64s
 65386 45383 13456.0000   44  346 16216.0000 13436.0000  17.1%  38.7   65s
H65949 46291                    16212.000000 13436.0000  17.1%  38.8   66s
H66910 46356                    16177.000000 13436.0000  16.9%  38.8   67s
H67040 46860                    16176.000000 13436.0000  16.9%  39.0   67s
H67889 47074                    16175.000000 13436.0000  16.9%  39.2   69s
 68213 47422 13440.1763   25  380 16175.0000 13436.0000  16.9%  39.4   70s
H68732 47646                    16133.000000 13436.0000  16.7%  39.5   74s
 68845 47678 13916.0000   54  358 16133.0000 13436.0000  16.7%  39.5   75s
H68861 47677                    16118.000000 13436.0000  16.6%  39.5   75s
H68951 47726                    16105.000000 13436.0000  16.6%  39.6   77s
H68960 47726                    16093.000000 13436.0000  16.5%  39.6   77s
H68988 47830                    16073.000000 13436.0000  16.4%  39.6   78s
H69151 47960                    16048.000000 13436.0000  16.3%  39.7   78s
H69200 47781                    15782.000000 13436.0000  14.9%  39.8   78s
H69364 47949                    15765.000000 13436.0000  14.8%  40.0   79s
H69425 47893                    15715.000000 13436.0000  14.5%  40.0   79s
H69698 48386                    15680.000000 13436.0000  14.3%  40.1   80s
H70530 48423                    15655.000000 13436.0000  14.2%  40.3   81s
H70791 47779                    15416.000000 13436.0000  12.8%  40.5   83s
H71052 47956                    15410.000000 13436.0000  12.8%  40.7   84s
H71190 47983                    15406.000000 13436.0000  12.8%  40.7   85s
H71191 47977                    15403.000000 13436.0000  12.8%  40.7   85s
 72356 48777     cutoff  122      15403.0000 13436.0000  12.8%  41.1   91s
 72885 49558 14128.2489   57  310 15403.0000 13436.0000  12.8%  41.5   96s
 74014 49946 15046.0000   81  229 15403.0000 13436.0408  12.8%  42.1  100s
 74801 50518 13807.3549   69  310 15403.0000 13436.2073  12.8%  42.6  106s
 76331 52750 14724.0000   67  173 15403.0000 13437.1200  12.8%  43.6  112s
 78529 53084 13702.1763   58  202 15403.0000 13438.1633  12.8%  44.1  115s
 81912 55183 13752.4793   38  334 15403.0000 13440.1763  12.7%  45.2  121s
H81958 55183                    15402.999995 13440.1763  12.7%  45.2  121s
 83659 56549 14148.0000   47  334 15403.0000 13440.1763  12.7%  45.8  125s
 86272 58013 13440.1763   38  491 15403.0000 13440.1763  12.7%  46.7  130s
 86721 58932 13590.0000   56  288 15403.0000 13440.1763  12.7%  47.3  135s
 88600 59858 13953.5698   61  323 15403.0000 13440.1763  12.7%  48.2  140s
 89603 63239 13530.2504   47  394 15403.0000 13440.1763  12.7%  48.4  150s
 94864 63396 13440.1763   27  436 15403.0000 13440.1763  12.7%  50.6  157s
H94865 63396                    15402.999955 13440.1763  12.7%  50.6  157s
H94874 53625                    14663.000000 13440.1763  8.34%  50.6  157s
 94882 54040 13440.1763   28  405 14663.0000 13440.1763  8.34%  50.6  160s
H95553 54410                    14662.000000 13440.1763  8.33%  51.1  163s
H95553 54350                    14660.000000 13440.1763  8.32%  51.1  163s
H95871 54334                    14659.000000 13440.1763  8.31%  51.3  163s
H96156 54574                    14658.000000 13440.1763  8.31%  51.6  167s
H96200 54056                    14634.000000 13440.1763  8.16%  51.6  167s
 96663 54473 13576.4672   41  414 14634.0000 13440.1763  8.16%  52.0  171s
H96747 53898                    14609.000000 13440.1763  8.00%  52.0  171s
H97395 54726                    14608.000000 13440.1763  7.99%  52.5  174s
H98734 54905                    14607.999986 13440.1763  7.99%  53.2  178s
H98836 54147                    14578.000000 13440.1763  7.81%  53.4  178s
 99052 54590 infeasible   41      14578.0000 13440.1763  7.81%  53.7  182s
H99160 54452                    14573.000000 13440.1763  7.77%  53.8  182s
 99794 55672 14420.0000   71   89 14573.0000 13440.1763  7.77%  54.4  186s
 101870 55820 infeasible   62      14573.0000 13440.1763  7.77%  55.2  190s
 102125 56047 13500.1763   40  393 14573.0000 13440.1763  7.77%  55.5  195s
 103065 56971 13628.6345   61  374 14573.0000 13440.1763  7.77%  56.3  203s
 104039 57059 13474.1763   30  446 14573.0000 13440.1763  7.77%  57.0  205s
 104190 59440 13480.2818   31  402 14573.0000 13440.1763  7.77%  57.2  219s
 106701 59440 13518.1763   35  354 14573.0000 13440.1763  7.77%  58.8  220s
 108135 60078 13460.1763   35  392 14573.0000 13440.1763  7.77%  59.7  225s
 109183 60787 13634.3063   31  473 14573.0000 13440.1763  7.77%  60.1  230s
 110427 62384 13822.8422   63  271 14573.0000 13440.1763  7.77%  61.0  235s
 113095 62719 13643.4214   38  439 14573.0000 13440.1763  7.77%  61.8  240s
 114798 64624 13530.3896   37  586 14573.0000 13440.1763  7.77%  63.0  249s
 116767 64997 13868.0000   40  308 14573.0000 13440.1763  7.77%  63.7  254s
 117447 65638 13442.3380   39  484 14573.0000 13440.1763  7.77%  64.2  259s
 118475 66456 13809.0000   64  290 14573.0000 13440.1763  7.77%  64.9  261s
 120397 67182 infeasible   50      14573.0000 13440.1763  7.77%  65.4  267s
 120927 67824 13669.6151   47  285 14573.0000 13440.1763  7.77%  65.6  270s
 123956 69326 13578.5926   41  274 14573.0000 13440.1763  7.77%  66.6  277s
 124357 69794 14120.0000   58  274 14573.0000 13440.1763  7.77%  66.8  281s
H124645 69794                    14572.999994 13440.1763  7.77%  67.0  281s
 125135 70407 13578.4178   39  350 14573.0000 13440.1763  7.77%  67.3  285s
 127572 71628 13442.1763   32  474 14573.0000 13440.1763  7.77%  68.1  293s
 128261 73081 14367.2212   48  205 14573.0000 13440.1763  7.77%  68.5  298s
H130610 73506                    14572.999984 13440.1763  7.77%  68.9  302s
H130776 73506                    14572.999941 13440.1763  7.77%  69.0  302s
 131325 73803 13454.2311   43  301 14572.9999 13440.1763  7.77%  69.4  307s
 131881 74210 infeasible   62      14572.9999 13440.1763  7.77%  69.6  311s
 132660 75586 13522.3313   36  390 14572.9999 13440.1763  7.77%  70.1  315s
 135012 75656 13456.1763   26  442 14572.9999 13440.1763  7.77%  70.7  322s
 135116 80182 13456.1763   27  393 14572.9999 13440.1763  7.77%  70.8  354s
 143124 81729 13625.0000   51  268 14572.9999 13440.1763  7.77%  74.8  360s
 145801 82662 14106.4145   58  330 14572.9999 13440.3327  7.77%  75.2  365s
 147252 83873 13611.3965   63  304 14572.9999 13440.3896  7.77%  75.4  371s
 149213 84714 13564.4324   52  323 14572.9999 13440.3896  7.77%  75.5  376s
H150268 84714                    14572.999880 13440.3896  7.77%  75.6  376s
 151118 85844 13950.6272   41  388 14572.9999 13440.3896  7.77%  75.8  386s
 152915 86498 13674.7161   39  546 14572.9999 13440.3949  7.77%  76.6  393s
 154069 87141 13674.7161   41  467 14572.9999 13440.3967  7.77%  76.7  398s
 155269 88909 13456.1763   42  463 14572.9999 13440.4672  7.77%  77.3  403s
 158108 89283 14534.0000   59  129 14572.9999 13440.4720  7.77%  77.6  406s
 158746 89739 13604.2529   34  373 14572.9999 13440.4828  7.77%  77.9  410s
 159556 90070 13769.9292   38  327 14572.9999 13440.6971  7.77%  78.2  415s
 161835 91288 14120.4178   44  411 14572.9999 13441.0708  7.77%  78.8  425s
 163450 91979 13441.2308   32  510 14572.9999 13441.2308  7.77%  79.6  433s
 163982 92437 13553.2308   40  371 14572.9999 13441.2308  7.77%  79.9  437s
 164903 93983 14171.0000   70  188 14572.9999 13441.4312  7.76%  80.3  441s
 167975 95174 13472.5013   33  451 14572.9999 13442.1553  7.76%  80.5  454s
 170104 96376 14115.6726   39  180 14572.9999 13442.3896  7.76%  81.5  459s
 172219 96551 13972.2922   41  366 14572.9999 13442.3922  7.76%  81.8  463s
 172780 96811 13461.5367   41  532 14572.9999 13443.1090  7.75%  82.1  468s
 173317 97058 13965.0227   58  265 14572.9999 13443.2585  7.75%  82.3  472s
 173861 97440 13566.5275   43  418 14572.9999 13443.4580  7.75%  82.5  476s
 174613 98004 13477.5763   31  303 14572.9999 13444.1553  7.75%  82.8  480s
 177222 99072 13731.1691   27  297 14572.9999 13445.0339  7.74%  83.4  488s
 177709 99484 13453.6282   23  513 14572.9999 13445.9372  7.73%  83.6  492s
 178507 100045 14099.0749   46  299 14572.9999 13446.0000  7.73%  84.0  496s
 179529 100216 13704.5639   39  323 14572.9999 13446.0000  7.73%  84.2  501s
 179933 100666 13825.6651   50  194 14572.9999 13446.3838  7.73%  84.4  505s
 181799 101824 13487.6282   45  544 14572.9999 13448.0763  7.72%  85.0  513s
 183111 101935 13500.6282   32  319 14572.9999 13448.5700  7.72%  85.2  515s
 183503 102567 13788.7445   40  313 14572.9999 13449.2203  7.71%  85.5  520s
 184600 103979 13453.9710   28  602 14572.9999 13450.1763  7.70%  85.9  525s
 187336 104630 14536.8297   51  343 14572.9999 13450.6826  7.70%  86.4  531s
 189387 105578 13459.6282   25  516 14572.9999 13452.0000  7.69%  86.9  537s
 189909 105904 14172.6394   34  418 14572.9999 13452.1129  7.69%  87.2  540s
 191991 107077 13456.4124   30  412 14572.9999 13452.3147  7.69%  87.7  547s
 192556 107354     cutoff   59      14572.9999 13452.6654  7.69%  88.0  550s
 193852 108657 13461.2914   33  501 14572.9999 13453.6282  7.68%  88.5  557s
 195371 108961 13575.2494   33  417 14572.9999 13453.9710  7.68%  88.7  560s
 196521 110362 14387.0086   43  320 14572.9999 13453.9710  7.68%  89.1  567s
 198614 111613 13461.8146   26  500 14572.9999 13453.9710  7.68%  89.4  574s
 200404 111901 13478.9611   31  400 14572.9999 13454.2442  7.68%  89.7  577s
 201187 112460 13455.2288   32  594 14572.9999 13454.9664  7.67%  90.0  582s
 202164 113470 14390.3497   57  279 14572.9999 13455.1610  7.67%  90.3  586s
 203970 113898 13670.8299   38  364 14572.9999 13455.4476  7.67%  90.5  591s
 204694 114317 14253.7710   59  136 14572.9999 13455.9239  7.67%  90.8  595s
 205462 115332 13465.6282   43  372 14572.9999 13456.0000  7.66%  91.1  600s
 208050 116138 13992.1763   47  365 14572.9999 13456.0000  7.66%  91.8  609s
 208770 116483 13600.3127   42  354 14572.9999 13456.0000  7.66%  92.2  613s
 209525 116890 14152.8120   52  234 14572.9999 13456.0000  7.66%  92.6  618s
 210271 117699 14298.1763   69  325 14572.9999 13456.0000  7.66%  93.0  622s
 211875 118126 13508.1282   43  378 14572.9999 13456.0000  7.66%  93.2  627s
 212694 118352 13560.2867   39  487 14572.9999 13456.0000  7.66%  93.7  630s
 213179 118976 14463.3286   53  266 14572.9999 13456.0000  7.66%  93.9  637s
 214508 119467 14388.3519   64  196 14572.9999 13456.0000  7.66%  94.6  644s
 215782 120030 13594.5380   39  410 14572.9999 13456.0000  7.66%  95.3  651s
 217094 121300 13607.6076   44  441 14572.9999 13456.0000  7.66%  95.9  658s
 219307 121702     cutoff   73      14572.9999 13456.0000  7.66%  96.5  664s
 220145 122256 13491.4519   52  454 14572.9999 13456.0000  7.66%  97.1  671s
 221225 122775 13716.9917   44  474 14572.9999 13456.0000  7.66%  97.6  677s
 222333 123303     cutoff   79      14572.9999 13456.0000  7.66%  98.1  684s
 223362 123795 13758.8054   32  268 14572.9999 13456.0000  7.66%  98.7  691s
 224571 124286 13751.8561   35  409 14572.9999 13456.0000  7.66%  99.3  698s
 225658 124858 infeasible   41      14572.9999 13456.0000  7.66%   100  705s
 226801 125317 14227.0114   44  414 14572.9999 13456.0000  7.66%   101  712s
 227688 125574 14448.8070   38  234 14572.9999 13456.0000  7.66%   101  716s
 228230 126167 13520.7849   47  443 14572.9999 13456.0000  7.66%   101  724s
 229438 126760 13622.2733   46  480 14572.9999 13456.0000  7.66%   102  732s
 230674 127463 13700.6585   44  360 14572.9999 13456.0000  7.66%   103  741s
 232054 128555 13526.0595   37  352 14572.9999 13456.0000  7.66%   103  749s
 234172 129037 13869.3395   40  536 14572.9999 13456.0000  7.66%   104  756s
 235221 129579 13459.4519   27  511 14572.9999 13456.0000  7.66%   105  763s
 236324 130103     cutoff   61      14572.9999 13456.0000  7.66%   105  771s
 237515 130750 14180.8276   46  416 14572.9999 13456.0000  7.66%   106  779s
 238844 131258 13699.6468   42  345 14572.9999 13456.0000  7.66%   106  787s

Cutting planes:
  Learned: 172
  Gomory: 234
  Cover: 2810
  Implied bound: 628
  Projected implied bound: 57
  Clique: 323
  MIR: 560
  StrongCG: 114
  Flow cover: 1771
  GUB cover: 23
  Inf proof: 29
  Zero half: 46
  Network: 51
  RLT: 113
  Relax-and-lift: 183

Explored 240040 nodes (25674864 simplex iterations) in 787.39 seconds (1258.29 work units)
Thread count was 8 (of 8 available processors)

Solution count 10: 14573 14573 14573 ... 14634

Solve interrupted
Best objective 1.457299987976e+04, best bound 1.345600000000e+04, gap 7.6649%

User-callback calls 761955, time in user-callback 2.16 sec

Statistics for modelBBUP_O:
  Linear constraint matrix    : 14367 Constrs, 5774 Vars, 53223 NZs
  Variable types              : 1824 Continuous,
3950 Integer (691 Binary)
  Matrix coefficient range    : [ 1, 200 ]
  Objective coefficient range : [ 1, 384 ]
  Variable bound range        : [ 1, 199 ]
  RHS coefficient range       : [ 1, 549 ]
