
Gurobi 10.0.1 (mac64[arm]) logging started Sun Mar 31 22:55:10 2024

Set parameter LogFile to value "/Users/deniserings/Documents/zib/s-bahn-data/scripts/DeniseMA/processed/BBUP_O/RENS/BBUP_O_subMBP_random1_0.9_202403312233.log"
Gurobi Optimizer version 10.0.1 build v10.0.1rc0 (mac64[arm])

CPU model: Apple M2
Thread count: 8 physical cores, 8 logical processors, using up to 8 threads

Optimize a model with 14393 rows, 5774 columns and 53249 nonzeros
Model fingerprint: 0xeaf452fa
Variable types: 1824 continuous, 3950 integer (691 binary)
Coefficient statistics:
  Matrix range     [1e+00, 2e+02]
  Objective range  [1e+00, 4e+02]
  Bounds range     [1e+00, 2e+02]
  RHS range        [1e+00, 5e+02]
Presolve removed 6842 rows and 2024 columns
Presolve time: 0.10s
Presolved: 7551 rows, 3750 columns, 29244 nonzeros
Variable types: 959 continuous, 2791 integer (2791 binary)

Root relaxation: objective 1.323804e+04, 2450 iterations, 0.02 seconds (0.02 work units)

    Nodes    |    Current Node    |     Objective Bounds      |     Work
 Expl Unexpl |  Obj  Depth IntInf | Incumbent    BestBd   Gap | It/Node Time

     0     0 13238.0447    0  117          - 13238.0447      -     -    0s
     0     0 13260.0447    0  449          - 13260.0447      -     -    0s
     0     0 13268.0447    0  422          - 13268.0447      -     -    0s
     0     0 13338.0712    0  472          - 13338.0712      -     -    0s
     0     0 13338.0712    0  490          - 13338.0712      -     -    0s
     0     0 13346.0000    0  480          - 13346.0000      -     -    0s
     0     0 13346.0000    0  451          - 13346.0000      -     -    0s
     0     0 13346.0000    0  530          - 13346.0000      -     -    0s
     0     0 13346.0000    0  207          - 13346.0000      -     -    0s
     0     2 13346.0000    0  181          - 13346.0000      -     -    1s
H 1580  1110                    16115.000000 13369.3586  17.0%  35.4    3s
  1588  1115 13419.0000   35  356 16115.0000 13419.0000  16.7%  35.2    5s
H 1603  1069                    16094.000000 13419.0000  16.6%  51.7    7s
H 1765  1128                    16079.000000 13419.0000  16.5%  62.3    8s
H 1827  1113                    16076.000000 13419.0000  16.5%  61.4    9s
H 1862  1092                    16074.000000 13419.0000  16.5%  60.8    9s
H 2066  1143                    16068.000000 13419.0000  16.5%  58.2    9s
  2072  1169 13419.0000   58  259 16068.0000 13419.0000  16.5%  58.3   10s
H 2314  1192                    16040.000000 13419.0000  16.3%  56.8   10s
H 2326  1147                    16039.999994 13419.0000  16.3%  56.7   10s
H 2358  1115                    16039.000000 13419.0000  16.3%  56.7   10s
H 2811  1273                    16003.000000 13419.0000  16.1%  52.9   11s
H 2946  1399                    15869.000000 13419.0000  15.4%  51.8   11s
H 3111  1768                    15851.000000 13419.0000  15.3%  50.4   12s
H 3412  1634                    15828.000000 13419.0000  15.2%  47.9   12s
H 3664  1661                    15814.000000 13419.0000  15.1%  46.1   12s
H 3688  1661                    15811.000000 13419.0000  15.1%  46.0   12s
H 3689  1634                    15779.000000 13419.0000  15.0%  46.0   12s
H 3690  1630                    15764.000000 13419.0000  14.9%  46.0   12s
H 3733  1630                    15731.000000 13419.0000  14.7%  45.5   12s
H 5085  2517                    15727.000000 13419.0000  14.7%  41.2   14s
H 5104  2517                    15726.000000 13419.0000  14.7%  41.8   14s
  5113  2535 13526.0000   42  236 15726.0000 13419.0000  14.7%  42.0   15s
H 5117  2535                    15724.000000 13419.0000  14.7%  42.0   15s
H 5118  2535                    15723.000000 13419.0000  14.7%  42.0   15s
H 6246  3652                    15722.000000 13419.0000  14.6%  42.9   17s
H 7955  4768                    15692.000000 13419.0000  14.5%  43.0   19s
  8657  5029 13818.1765   81  297 15692.0000 13419.0000  14.5%  43.2   20s
H 9233  5724                    15691.000000 13419.0000  14.5%  44.5   21s
H10301  5791                    15520.000000 13419.0000  13.5%  44.8   22s
H10373  6404                    15517.000000 13419.0000  13.5%  45.2   23s
H10567  6403                    15516.000000 13419.0000  13.5%  45.0   23s
H11755  6733                    15491.000000 13419.0000  13.4%  45.9   25s
H12296  7035                    15490.000000 13419.0000  13.4%  46.7   26s
H12513  7121                    15486.000000 13419.0000  13.3%  47.3   27s
*13840  8124             142    15481.000000 13419.0000  13.3%  47.9   28s
H14464  8294                    15469.000000 13419.0000  13.3%  48.9   32s
H14517  8294                    15463.000000 13419.0000  13.2%  49.0   32s
H14522  8290                    15461.000000 13419.0000  13.2%  49.0   32s
 14523 13049 13419.0000   77  245 15461.0000 13419.0000  13.2%  49.1   46s
H22641 13235                    15457.000000 13419.0000  13.2%  58.6   49s
H22774 13233                    15449.000000 13419.0000  13.1%  58.9   49s
 22873 13393 14057.8541   94  234 15449.0000 13419.0000  13.1%  59.0   52s
 23176 14532 13458.7873  102  429 15449.0000 13419.0000  13.1%  59.3   55s
 25390 15047 13419.0000   47  306 15449.0000 13419.0000  13.1%  60.7   61s
 27380 16012 infeasible   68      15449.0000 13419.0000  13.1%  62.5   66s
 28645 18001 15378.0000   80   47 15449.0000 13419.0000  13.1%  64.9   72s
 31187 18002 13509.0000   61  207 15449.0000 13419.0000  13.1%  65.4   88s
 31192 18005 14440.4333   87  205 15449.0000 13425.9037  13.1%  65.4   90s
 31197 18009 14973.4444   90  362 15449.0000 13425.9037  13.1%  65.4   95s
 31558 18227 13743.3661   63  235 15449.0000 13442.4519  13.0%  66.1  100s
 32359 18580 13701.0357   74  150 15449.0000 13442.4519  13.0%  66.4  105s
 33270 19271 14574.0000   67  164 15449.0000 13459.0000  12.9%  67.5  110s
 36817 19909 13496.0000   74  303 15449.0000 13459.0000  12.9%  67.8  115s
 39152 20677 13590.2021   69  356 15449.0000 13459.0000  12.9%  68.1  120s
 40694 21522 14022.4292   69  345 15449.0000 13459.0000  12.9%  70.0  125s
 42142 21970 14527.3384   74  369 15449.0000 13459.0000  12.9%  72.1  130s
 44458 22102 13459.0000   52  353 15449.0000 13459.0000  12.9%  74.7  137s
 45338 22798 13468.0000   58  386 15449.0000 13459.0000  12.9%  76.8  142s
 46497 22668 13459.0000   48  469 15449.0000 13459.0000  12.9%  77.5  145s
 46885 23410 13703.0000   64  228 15449.0000 13459.0000  12.9%  78.3  152s
 48440 24898 15442.0000   77   49 15449.0000 13459.0000  12.9%  81.4  159s
 52098 24039 13685.0073   52  424 15449.0000 13459.0000  12.9%  82.8  163s
 52753 24519 13479.1533   55  475 15449.0000 13459.0000  12.9%  84.1  166s
 53829 24565 infeasible   76      15449.0000 13459.0000  12.9%  85.3  171s
 54539 25191 14661.0000   73  271 15449.0000 13459.0000  12.9%  86.5  175s
 56689 25385 13459.0000   56  413 15449.0000 13459.0000  12.9%  88.5  184s
 57552 26538 13888.7962   57  325 15449.0000 13459.0000  12.9%  89.6  188s
 59765 26224 15349.2500   86   89 15449.0000 13459.0000  12.9%  90.2  193s
 60436 26392 13459.0000   51  468 15449.0000 13459.0000  12.9%  91.7  198s
 61210 27194 13989.0000   59  228 15449.0000 13459.0000  12.9%  93.1  201s
 63031 26910 infeasible   69      15449.0000 13459.0000  12.9%  93.6  205s
 64274 28102 13864.5217   60  386 15449.0000 13459.0000  12.9%  95.3  213s
 66518 27608 13509.6667   53  428 15449.0000 13459.0000  12.9%  95.4  217s
 66908 27834 15298.0000   96   39 15449.0000 13459.0000  12.9%  96.2  221s
 67592 27961 infeasible   71      15449.0000 13459.0000  12.9%  97.2  225s
 70612 28614 13459.0000   54  470 15449.0000 13459.0000  12.9%  98.2  233s
 71230 28852 14133.4786   75  233 15449.0000 13459.0000  12.9%  99.2  237s
 71944 29627 14435.9448   64  285 15449.0000 13459.0000  12.9%   100  242s
 73778 29272 13484.1895   63  377 15449.0000 13459.0000  12.9%   100  246s
 74322 29442 13863.0000   61  299 15449.0000 13459.0000  12.9%   101  251s
 74962 29570 15142.8854   73  186 15449.0000 13459.0000  12.9%   102  256s
 75674 30208 13569.2083   64  498 15449.0000 13459.0000  12.9%   103  260s
 77805 30241 13475.0000   65  364 15449.0000 13459.0000  12.9%   104  269s
 78544 30423     cutoff   77      15449.0000 13459.0000  12.9%   105  274s
 79370 31457 15061.0000   70  132 15449.0000 13459.0000  12.9%   106  280s
 81722 31030 13915.0000   64  426 15449.0000 13459.0000  12.9%   107  285s
 82437 31192 13459.0000   71  333 15449.0000 13459.0000  12.9%   107  290s
 83261 31400 13459.0000   60  555 15449.0000 13459.0000  12.9%   108  296s
 84167 31605 13985.0000   65  260 15449.0000 13459.0000  12.9%   109  301s
 85100 31817 14511.2728   64  320 15449.0000 13459.0000  12.9%   111  307s
 86041 33270 13459.6087   59  576 15449.0000 13459.0000  12.9%   111  313s
 88646 33565 13480.0000   65  496 15449.0000 13459.0000  12.9%   112  319s
 89474 33980 13463.0000   61  473 15449.0000 13459.0000  12.9%   113  325s
 90908 35358 13531.6721   57  476 15449.0000 13459.0000  12.9%   114  338s
H91134 35339                    15431.000000 13459.0000  12.8%   114  338s
 92725 35834 13734.5534   58  547 15431.0000 13459.0000  12.8%   115  346s
 93698 36431 infeasible   68      15431.0000 13459.0000  12.8%   116  354s
 94819 38091 13587.0000   62  432 15431.0000 13459.0000  12.8%   118  362s
 97895 38468 13539.0269   56  542 15431.0000 13459.0000  12.8%   118  367s
 98600 39038 13549.6735   62  378 15431.0000 13459.0000  12.8%   119  374s
H99177 38891                    15373.000000 13459.0000  12.5%   119  374s
 99526 39340 13520.0000   60  379 15373.0000 13459.0000  12.5%   119  380s
H100383 39327                    15368.000000 13459.0000  12.4%   120  380s
H100665 39783                    15363.000000 13459.0000  12.4%   120  386s
 101779 40912 13459.0000   65  514 15363.0000 13459.0000  12.4%   121  392s
H102994 40909                    15362.000000 13459.0000  12.4%   121  392s
H103693 41297                    15361.000000 13459.0000  12.4%   121  398s
 104424 41751 14989.0000   83  108 15361.0000 13459.0000  12.4%   122  406s
 105399 42056 13550.9236   58  527 15361.0000 13459.0000  12.4%   123  411s
H105944 42056                    15360.999975 13459.0000  12.4%   123  411s
 106061 42766 infeasible   71      15361.0000 13459.0000  12.4%   123  421s
 107465 44116 13459.0000   61  461 15361.0000 13459.0000  12.4%   124  430s
 109839 44619 15032.5862   83  213 15361.0000 13459.0000  12.4%   125  437s
 110840 45086 13513.0000   58  382 15361.0000 13459.0000  12.4%   126  444s
 111829 45645     cutoff   80      15361.0000 13459.0000  12.4%   127  451s
*112399 41423             105    14810.000000 13459.0000  9.12%   127  451s
H112884 38541                    14558.000000 13459.0000  7.55%   127  458s
H113903 39576                    14552.000000 13459.0000  7.51%   128  465s
H114146 39524                    14548.000000 13459.0000  7.49%   129  465s
H116070 39903                    14542.000000 13459.0000  7.45%   129  473s
 116982 40330 13518.5000   63  367 14542.0000 13459.0000  7.45%   130  479s
 117922 40756 13579.7108   56  414 14542.0000 13459.0000  7.45%   131  487s
 118818 41222 13475.0000   53  475 14542.0000 13459.0000  7.45%   132  494s
 120058 41486 13823.0147   69  207 14542.0000 13459.0000  7.45%   133  499s
 120705 42055 13459.0000   55  442 14542.0000 13459.0000  7.45%   133  509s
 122019 42644 13482.2843   63  383 14542.0000 13459.0000  7.45%   135  519s
 123323 43196 infeasible   76      14542.0000 13459.0000  7.45%   136  529s
 124570 43931 13624.3333   58  471 14542.0000 13459.0000  7.45%   137  539s
 126146 44558 13672.0000   55  354 14542.0000 13459.0000  7.45%   138  549s
 127470 45137 14226.3768   67  351 14542.0000 13459.0000  7.45%   139  558s
 128710 45653 13930.2881   72  331 14542.0000 13459.0000  7.45%   141  568s
H129060 45638                    14540.000000 13459.0000  7.43%   141  568s
 130051 45949 13459.4908   57  474 14540.0000 13459.0000  7.43%   142  580s
 130837 46538 infeasible   67      14540.0000 13459.0000  7.43%   142  590s
 132157 47091 13459.0000   56  438 14540.0000 13459.0000  7.43%   143  599s
 133350 47627 13616.0000   61  328 14540.0000 13459.0000  7.43%   144  609s
 134521 47971 13810.3186   70  331 14540.0000 13459.0000  7.43%   145  614s
*134589 47937             102    14537.000000 13459.0000  7.42%   145  614s
H135238 48343                    14532.000000 13459.0000  7.38%   146  623s
 136429 48883 13597.0586   62  338 14532.0000 13459.0000  7.38%   147  634s
H136728 48872                    14531.000000 13459.0000  7.38%   147  634s
 137703 49376 13707.0304   57  301 14531.0000 13459.0000  7.38%   148  644s
 138898 49926 13475.0000   70  520 14531.0000 13459.0000  7.38%   149  655s
 140204 50622 infeasible   67      14531.0000 13459.0000  7.38%   150  666s
 141608 51473 13459.0000   60  413 14531.0000 13459.0000  7.38%   151  676s
 143472 51950 13497.7910   67  484 14531.0000 13459.0000  7.38%   152  685s
 144607 52540 13459.0000   57  511 14531.0000 13459.0000  7.38%   153  696s
 145811 53053 14258.7400   64  396 14531.0000 13459.0000  7.38%   155  706s
 147147 53551     cutoff   67      14531.0000 13459.0000  7.38%   155  716s
 148308 54120 13831.0000   68  325 14531.0000 13459.0000  7.38%   156  726s
 149544 54451 14146.3333   64  393 14531.0000 13459.0000  7.38%   157  733s
 150289 55009 13555.5360   58  532 14531.0000 13459.0000  7.38%   158  744s
 151529 55501 13646.6667   59  446 14531.0000 13459.0000  7.38%   159  754s
H151795 55501                    14530.999998 13459.0000  7.38%   159  754s
 152652 55943 infeasible   63      14531.0000 13459.0000  7.38%   160  765s
 153645 56501     cutoff   64      14531.0000 13459.0000  7.38%   161  776s
 154805 56993 13591.4324   56  596 14531.0000 13459.0000  7.38%   162  788s
 155982 57589 infeasible   75      14531.0000 13459.0000  7.38%   163  800s
 157366 58091 13459.0000   62  538 14531.0000 13459.0000  7.38%   164  812s
H157502 58091                    14530.999993 13459.0000  7.38%   164  812s
 158606 58674 13788.0000   71  183 14531.0000 13459.0000  7.38%   165  824s
H159394 58674                    14530.999989 13459.0000  7.38%   166  824s
 159880 59163 13549.0087   58  391 14531.0000 13459.0000  7.38%   166  836s
H160795 59163                    14530.999980 13459.0000  7.38%   167  836s
 161083 59622 infeasible   62      14531.0000 13459.0000  7.38%   168  848s
 162242 60192 13475.0000   60  543 14531.0000 13459.0000  7.38%   169  860s
 163715 60713     cutoff   66      14531.0000 13459.0000  7.38%   170  871s
 164911 61036 14307.6351   69  251 14531.0000 13459.0000  7.38%   171  878s
 165600 61686 13459.0000   65  371 14531.0000 13459.0000  7.38%   171  890s
 166939 62237 13459.0000   76  473 14531.0000 13459.0000  7.38%   172  903s
 168253 62749 13731.0000   58  456 14531.0000 13459.0000  7.38%   173  915s
 169460 63328 13599.4088   56  590 14531.0000 13459.0000  7.38%   174  928s
 170766 63834 13762.1163   74  403 14531.0000 13459.0000  7.38%   175  940s
 172147 64493 13716.0000   58  263 14531.0000 13459.0000  7.38%   176  952s
 173626 65122 14202.9898   70  373 14531.0000 13459.0000  7.38%   177  965s
 175019 65738 13574.0460   56  505 14531.0000 13459.0000  7.38%   178  977s
 176430 66323 13475.0000   62  544 14531.0000 13459.0000  7.38%   179  989s
 177704 66941 13491.0000   56  517 14531.0000 13459.0000  7.38%   180 1003s
 179097 67532 13747.0000   56  428 14531.0000 13459.0000  7.38%   180 1015s
 180394 67822 13491.0000   61  521 14531.0000 13459.0000  7.38%   181 1022s
 181075 68478 13491.0000   60  427 14531.0000 13459.0000  7.38%   182 1035s
 182578 69000 13647.2671   73  461 14531.0000 13459.0000  7.38%   183 1047s
 183779 69607 13502.4528   61  371 14531.0000 13459.0000  7.38%   183 1059s
 185298 70107 13597.6667   50  494 14531.0000 13459.0000  7.38%   184 1070s
 186405 70682 13475.0000   58  412 14531.0000 13459.0000  7.38%   185 1083s
 187757 71334 13571.7046   63  450 14531.0000 13459.0000  7.38%   186 1095s
 189263 71925 13710.4120   67  362 14531.0000 13459.0000  7.38%   186 1107s
 190820 72516 13491.0000   57  446 14531.0000 13459.0000  7.38%   187 1119s
 192196 73080 13475.0262   51  471 14531.0000 13459.0000  7.38%   188 1131s
 193574 73560 13500.2000   64  468 14531.0000 13459.0000  7.38%   188 1142s
 194866 73948 13459.0000   69  444 14531.0000 13459.0000  7.38%   189 1150s
 195652 74519 13629.0000   68  401 14531.0000 13459.0000  7.38%   189 1162s
 197037 75052 infeasible   55      14531.0000 13459.0000  7.38%   190 1175s
 198203 75606 infeasible   84      14531.0000 13459.0000  7.38%   191 1188s
 199407 76165 13759.1593   62  408 14531.0000 13459.0000  7.38%   192 1202s
 200729 76696 13564.6312   54  577 14531.0000 13459.0000  7.38%   192 1216s
 201899 77292 13537.3015   59  461 14531.0000 13459.0000  7.38%   193 1229s
 203258 77825 13459.0000   67  547 14531.0000 13459.0000  7.38%   194 1242s

Cutting planes:
  Learned: 124
  Gomory: 279
  Cover: 2491
  Implied bound: 586
  Projected implied bound: 34
  Clique: 272
  MIR: 429
  StrongCG: 137
  Flow cover: 1635
  GUB cover: 23
  Inf proof: 28
  Zero half: 51
  Network: 39
  RLT: 143
  Relax-and-lift: 213

Explored 204480 nodes (39777255 simplex iterations) in 1242.89 seconds (2101.46 work units)
Thread count was 8 (of 8 available processors)

Solution count 10: 14531 14531 14531 ... 14548

Solve interrupted
Best objective 1.453099998087e+04, best bound 1.345900000000e+04, gap 7.3773%

User-callback calls 828570, time in user-callback 2.40 sec

Statistics for modelBBUP_O:
  Linear constraint matrix    : 14393 Constrs, 5774 Vars, 53249 NZs
  Variable types              : 1824 Continuous,
3950 Integer (691 Binary)
  Matrix coefficient range    : [ 1, 200 ]
  Objective coefficient range : [ 1, 384 ]
  Variable bound range        : [ 1, 199 ]
  RHS coefficient range       : [ 1, 549 ]
