
Gurobi 10.0.1 (mac64[arm]) logging started Mon Apr  1 00:24:13 2024

Set parameter LogFile to value "/Users/deniserings/Documents/zib/s-bahn-data/scripts/DeniseMA/processed/BBUP_O/RENS/BBUP_O_subMBP_random4_0.6_202403312233.log"
Gurobi Optimizer version 10.0.1 build v10.0.1rc0 (mac64[arm])

CPU model: Apple M2
Thread count: 8 physical cores, 8 logical processors, using up to 8 threads

Optimize a model with 14367 rows, 5774 columns and 53223 nonzeros
Model fingerprint: 0x288f4ef2
Variable types: 1824 continuous, 3950 integer (691 binary)
Coefficient statistics:
  Matrix range     [1e+00, 2e+02]
  Objective range  [1e+00, 4e+02]
  Bounds range     [1e+00, 2e+02]
  RHS range        [1e+00, 5e+02]
Presolve removed 6738 rows and 1984 columns
Presolve time: 0.10s
Presolved: 7629 rows, 3790 columns, 29470 nonzeros
Variable types: 966 continuous, 2824 integer (2824 binary)

Root relaxation: objective 1.323804e+04, 2554 iterations, 0.02 seconds (0.02 work units)

    Nodes    |    Current Node    |     Objective Bounds      |     Work
 Expl Unexpl |  Obj  Depth IntInf | Incumbent    BestBd   Gap | It/Node Time

     0     0 13238.0447    0  214          - 13238.0447      -     -    0s
     0     0 13250.4759    0  538          - 13250.4759      -     -    0s
     0     0 13250.4759    0  486          - 13250.4759      -     -    0s
     0     0 13294.4106    0  682          - 13294.4106      -     -    0s
     0     0 13296.1215    0  655          - 13296.1215      -     -    0s
     0     0 13302.7876    0  692          - 13302.7876      -     -    0s
     0     0 13302.7913    0  633          - 13302.7913      -     -    0s
     0     0 13302.8467    0  598          - 13302.8467      -     -    0s
     0     0 13302.8467    0  581          - 13302.8467      -     -    0s
     0     0 13302.8467    0  545          - 13302.8467      -     -    1s
     0     0 13302.8467    0  536          - 13302.8467      -     -    1s
     0     0 13302.8467    0  251          - 13302.8467      -     -    1s
     0     0 13302.8467    0  385          - 13302.8467      -     -    1s
     0     0 13302.8467    0  206          - 13302.8467      -     -    1s
     0     0 13302.8467    0  371          - 13302.8467      -     -    1s
     0     0 13302.8620    0  158          - 13302.8620      -     -    1s
     0     0 13302.8620    0  251          - 13302.8620      -     -    1s
     0     0 13302.8620    0  284          - 13302.8620      -     -    1s
     0     0 13302.8620    0  182          - 13302.8620      -     -    1s
     0     0 13302.8620    0  151          - 13302.8620      -     -    2s
     0     0 13302.8620    0  347          - 13302.8620      -     -    2s
     0     0 13302.8620    0  339          - 13302.8620      -     -    2s
     0     0 13302.8620    0  347          - 13302.8620      -     -    2s
     0     0 13302.8620    0  349          - 13302.8620      -     -    2s
     0     0 13307.7983    0  405          - 13307.7983      -     -    2s
     0     0 13307.7983    0  386          - 13307.7983      -     -    2s
     0     0 13307.8197    0  450          - 13307.8197      -     -    2s
     0     0 13307.8197    0  406          - 13307.8197      -     -    2s
     0     0 13307.8266    0  439          - 13307.8266      -     -    2s
     0     0 13307.8266    0  192          - 13307.8266      -     -    3s
     0     2 13314.2983    0  190          - 13314.2983      -     -    3s
  2463  1947 13558.0000   35  182          - 13318.0000      -  31.1    5s
  2657  2159 13441.0000   27  188          - 13328.0000      -  44.1   10s
  8348  4736 infeasible   81               - 13328.0000      -  37.5   15s
 15017 11564 13484.8190   38  227          - 13328.0000      -  35.4   20s
 25161 17484 infeasible   85               - 13328.6887      -  34.0   25s
 29334 21249 13459.0000   53  264          - 13329.2911      -  33.8   32s
 34767 24564 13386.5324   28  279          - 13329.9259      -  33.7   35s
H41358 29268                    16354.000000 13336.8800  18.4%  33.8   38s
H42119 29060                    15552.000000 13336.8800  14.2%  33.8   39s
 42276 29810 14294.3248   89  279 15552.0000 13336.8800  14.2%  33.9   40s
H44492 30722                    15551.000000 13336.8800  14.2%  34.5   41s
H44658 30843                    15542.000000 13336.8800  14.2%  34.5   42s
 44814 34824 15343.5019   73  107 15542.0000 13336.8800  14.2%  34.8   46s
H44818 34821                    15535.000000 13336.8800  14.1%  34.8   46s
H50592 34883                    15532.000000 13336.8800  14.1%  36.5   48s
H50646 34876                    15520.000000 13336.8800  14.1%  36.6   48s
H50710 35055                    15499.000000 13336.8800  14.0%  36.7   49s
 50990 35220 13428.4524   29  356 15499.0000 13336.8800  14.0%  37.0   51s
H51077 35189                    15456.000000 13336.8800  13.7%  37.1   51s
H51156 35186                    15453.000000 13336.8800  13.7%  37.1   51s
H51207 35259                    15452.000000 13336.8800  13.7%  37.2   52s
H51230 35256                    15451.000000 13336.8800  13.7%  37.2   52s
 51342 35350 13576.0000   35  327 15451.0000 13336.8800  13.7%  37.4   55s
H51392 35346                    15449.000000 13336.8800  13.7%  37.4   55s
H51420 35340                    15447.000000 13336.8800  13.7%  37.5   55s
H51515 35585                    15446.000000 13336.8800  13.7%  37.5   56s
H51856 36311                    15445.000000 13336.8800  13.6%  37.9   58s
 53397 37884 14253.0000   44   98 15445.0000 13336.8800  13.6%  38.9   61s
 55729 39248 13497.6600   56  258 15445.0000 13336.8800  13.6%  40.3   65s
H57586 40399                    15444.000000 13336.8800  13.6%  41.5   68s
 58982 40457 13417.4936   29  332 15444.0000 13336.8800  13.6%  42.2   71s
H59017 37489                    14718.000000 13336.8800  9.38%  42.2   71s
H59063 37590                    14716.000000 13336.8800  9.37%  42.3   72s
H59095 37442                    14701.000000 13336.8800  9.28%  42.3   72s
 59259 38428 13833.4519   36  372 14701.0000 13336.8800  9.28%  42.6   78s
H59279 38350                    14689.000000 13336.8800  9.20%  42.6   78s
H60887 39992                    14688.999983 13336.8800  9.20%  44.7   83s
H61176 39924                    14680.000000 13336.8800  9.15%  44.9   83s
H63001 39780                    14655.000000 13336.8800  8.99%  46.1   83s
 63343 40994 13492.2601   43  425 14655.0000 13336.8800  8.99%  46.3   86s
H64108 40845                    14633.000000 13336.8800  8.86%  46.7   86s
H65492 41078                    14626.000000 13336.8800  8.81%  47.9   89s
 65707 41277 13904.9315   55  296 14626.0000 13336.8800  8.81%  48.1   92s
 66120 41913 13608.4519   34  366 14626.0000 13336.8800  8.81%  48.7   95s
 67890 43303 13516.6506   46  442 14626.0000 13336.8800  8.81%  50.7  101s
 70371 43756 13956.3003   40  282 14626.0000 13336.8800  8.81%  52.6  107s
H70802 43612                    14575.000000 13337.0863  8.49%  53.4  109s
 71295 43870 13807.4345   49  292 14575.0000 13337.1567  8.49%  53.9  112s
 73134 44831 13831.6539   40  285 14575.0000 13338.7972  8.48%  55.4  118s
 73562 44835 13775.2248   51  304 14575.0000 13338.8800  8.48%  56.0  121s
H73563 44804                    14569.999981 13338.8800  8.45%  56.0  121s
 73574 49377 13775.2248   52  300 14570.0000 13338.8800  8.45%  56.0  154s
 81582 49474 13841.5867   56  256 14570.0000 13344.8800  8.41%  63.9  159s
 81786 51269 13410.7577   37  435 14570.0000 13344.8800  8.41%  64.0  163s
 84751 52925 13356.2845   40  285 14570.0000 13345.9508  8.40%  64.0  166s
 89702 54017 14085.6774   52  267 14570.0000 13346.2845  8.40%  64.1  171s
 89727 59271 13827.6774   54  298 14570.0000 13346.2845  8.40%  64.1  184s
 97735 59506 infeasible   67      14570.0000 13348.9066  8.38%  65.3  186s
 98784 60269 13381.9066   35  485 14570.0000 13348.9066  8.38%  65.8  191s
 99411 61242 13406.9066   30  359 14570.0000 13348.9066  8.38%  66.1  195s
 101572 62863 13618.1727   46  325 14570.0000 13348.9066  8.38%  66.9  200s
 104275 63543 13559.5706   36  430 14570.0000 13348.9066  8.38%  67.4  206s
 104866 64152 14488.2370   69  250 14570.0000 13348.9066  8.38%  67.6  210s
 105950 66128 13349.8454   33  643 14570.0000 13348.9066  8.38%  68.2  215s
 109641 67652 13438.2000   43  292 14570.0000 13348.9066  8.38%  69.0  223s
 111573 68038 13348.9066   33  499 14570.0000 13348.9066  8.38%  69.3  226s
 114311 69674 13348.9066   33  496 14570.0000 13348.9066  8.38%  70.2  233s
 114862 70142 14542.1905   47  205 14570.0000 13348.9066  8.38%  70.5  237s
 115776 71349 13554.0000   56  287 14570.0000 13348.9066  8.38%  70.9  240s
 118428 72353 13424.9913   31  411 14570.0000 13348.9066  8.38%  71.8  247s
 119615 72662 13458.8071   34  378 14570.0000 13348.9066  8.38%  72.0  250s
 120064 73824 14152.0000   62  252 14570.0000 13348.9066  8.38%  72.2  256s
 121998 74430 14187.0000   67  189 14570.0000 13348.9066  8.38%  72.7  261s
 122964 76395 13765.8833   49  222 14570.0000 13348.9066  8.38%  73.2  266s
 126036 76681 13500.3689   44  256 14570.0000 13348.9066  8.38%  73.5  272s
 126652 77085     cutoff   57      14570.0000 13348.9066  8.38%  73.8  275s
 129455 78772 13348.9066   37  347 14570.0000 13348.9066  8.38%  74.3  283s
 130210 80291 13835.5164   31  423 14570.0000 13348.9066  8.38%  74.7  287s
 132645 80722 infeasible   54      14570.0000 13348.9066  8.38%  74.8  290s
 134931 81849 13509.2144   44  421 14570.0000 13348.9066  8.38%  75.3  297s
 135302 82730 14137.2715   35  328 14570.0000 13348.9066  8.38%  75.6  304s
 136882 84154 13350.6021   50  420 14570.0000 13348.9066  8.38%  76.5  311s
 139266 84608 13348.9083   37  583 14570.0000 13348.9066  8.38%  77.0  317s
 140112 85235 13348.9083   41  494 14570.0000 13348.9066  8.38%  77.5  322s
 141254 86591 13348.9083   27  500 14570.0000 13348.9066  8.38%  78.0  329s
 143534 86967 13364.9083   38  415 14570.0000 13348.9066  8.38%  78.5  334s
 144190 87409 13562.5944   45  296 14570.0000 13348.9066  8.38%  79.0  340s
 144981 87976 13365.4564   45  488 14570.0000 13348.9066  8.38%  79.4  346s
 145996 88835 14274.0000   48  177 14570.0000 13348.9066  8.38%  80.1  352s
 147345 89350 13349.4207   33  533 14570.0000 13348.9066  8.38%  80.5  358s
 148175 89813 13348.9083   31  415 14570.0000 13348.9066  8.38%  81.0  365s
 148912 90267 13684.5216   46  264 14570.0000 13348.9066  8.38%  81.5  371s
 150145 91464 13364.9083   34  502 14570.0000 13348.9083  8.38%  82.3  382s
 151736 92147     cutoff   64      14570.0000 13348.9083  8.38%  83.3  391s
 152997 93673 13349.7129   36  420 14570.0000 13348.9083  8.38%  84.0  398s
 155556 94192 infeasible   70      14570.0000 13348.9083  8.38%  84.6  406s
 156546 94832 14499.3879   55   97 14570.0000 13348.9083  8.38%  85.1  413s
 157661 95486 14138.9233   39  413 14570.0000 13348.9083  8.38%  85.6  420s
 158854 96461 13502.6976   40  557 14570.0000 13348.9083  8.38%  86.3  428s
 160403 97030 13428.9083   30  469 14570.0000 13348.9083  8.38%  86.7  435s
 161331 97714 14067.9330   46  298 14570.0000 13348.9083  8.38%  87.1  443s
 162605 98626 13441.1980   47  472 14570.0000 13348.9083  8.38%  87.7  450s
 164125 98991 13645.6554   46  468 14570.0000 13348.9083  8.38%  88.3  458s
 164858 99332 13372.5114   43  380 14570.0000 13348.9083  8.38%  88.7  462s
 165454 100100 13348.9083   44  582 14570.0000 13348.9083  8.38%  88.9  470s
 166763 101639 14002.2283   48  514 14570.0000 13348.9083  8.38%  89.6  477s
 169321 102137 13629.4564   39  516 14570.0000 13348.9083  8.38%  90.0  484s
 170151 102689 13378.2878   44  406 14570.0000 13348.9083  8.38%  90.5  491s
 171183 103269 14380.0000   64  219 14570.0000 13348.9083  8.38%  90.8  498s
 172216 103524 13913.3482   59  303 14570.0000 13348.9083  8.38%  91.3  506s
 172684 104177 13348.9083   34  536 14570.0000 13348.9083  8.38%  91.6  514s
 173874 104674 13404.0135   37  505 14570.0000 13348.9083  8.38%  92.3  522s
 175104 105861 13493.5457   45  497 14570.0000 13348.9083  8.38%  92.9  529s
 176985 106386 infeasible   49      14570.0000 13348.9083  8.38%  93.3  537s
 178093 106893 13438.3340   50  336 14570.0000 13348.9083  8.38%  93.9  544s
 179179 107223 13756.7031   35  259 14570.0000 13348.9083  8.38%  94.5  554s
H179323 107119                    14562.000000 13348.9083  8.33%  94.6  554s
 179905 107399 13348.9083   42  479 14562.0000 13348.9083  8.33%  95.0  557s
H180419 107801                    14554.000000 13348.9083  8.28%  95.2  567s
H181622 108454                    14553.000000 13348.9083  8.27%  95.7  576s
 182886 109411 13386.5787   33  472 14553.0000 13348.9083  8.27%  96.4  587s
H183660 109390                    14551.000000 13348.9083  8.26%  96.5  587s
 184445 109975 13372.9083   35  375 14551.0000 13348.9083  8.26%  96.6  596s
H185704 110561                    14547.000000 13348.9083  8.24%  97.3  606s
H185852 110242                    14531.000000 13348.9083  8.13%  97.4  606s
 186876 110994 13374.1604   44  493 14531.0000 13348.9083  8.13%  97.9  616s
 188278 111702 14390.9541   45  343 14531.0000 13348.9083  8.13%  98.5  625s
 189570 112345 13348.9083   35  386 14531.0000 13348.9083  8.13%  99.2  635s
 190793 113120 13764.1368   39  387 14531.0000 13348.9083  8.13%   100  645s
 192478 114511 13521.6810   35  366 14531.0000 13348.9083  8.13%   101  654s
 194853 114755 14459.6667   60  226 14531.0000 13348.9083  8.13%   101  658s
 195317 115336 14442.8897   55  281 14531.0000 13348.9083  8.13%   101  669s
 196418 116119 13884.2138   39  430 14531.0000 13348.9083  8.13%   102  681s
 197933 116861 13937.4747   49  222 14531.0000 13348.9083  8.13%   103  692s
 199414 117686 13365.4564   43  524 14531.0000 13348.9083  8.13%   103  703s
 200859 118377 13348.9083   44  490 14531.0000 13348.9083  8.13%   104  713s
H201236 118377                    14530.999988 13348.9083  8.13%   104  713s
 202128 119348 13364.9083   47  516 14531.0000 13348.9083  8.13%   105  724s
 203788 119956 13364.9083   42  508 14531.0000 13348.9083  8.13%   105  736s
 204926 120753 13348.9083   39  501 14531.0000 13348.9083  8.13%   106  747s
 206435 121693 13384.4745   40  497 14531.0000 13348.9334  8.13%   107  757s
 208177 122359 13686.0000   51  239 14531.0000 13349.0069  8.13%   107  767s
 209544 122658 14471.0000   70  358 14531.0000 13349.0069  8.13%   108  772s
 210088 123294 14471.2365   71  390 14531.0000 13349.0069  8.13%   108  783s
 211355 123947 13966.9336   53  363 14531.0000 13349.1250  8.13%   108  793s
 212746 124401 13373.3121   43  449 14531.0000 13349.1821  8.13%   109  803s
 213889 125026 13534.2964   35  534 14531.0000 13349.1929  8.13%   110  813s
 215275 125752 13561.5271   42  462 14531.0000 13349.2268  8.13%   110  826s
 216684 126545 13489.5553   43  462 14531.0000 13349.3332  8.13%   111  837s
 218403 127484 13496.4564   53  415 14531.0000 13349.5237  8.13%   111  846s
 220295 127891 14366.0000   53  222 14531.0000 13349.6290  8.13%   112  856s
 221261 128704 13433.5941   46  413 14531.0000 13349.8800  8.13%   112  865s
 222757 129188 13489.0300   49  470 14531.0000 13349.9942  8.13%   113  874s
 223640 129871 13390.4227   45  418 14531.0000 13350.0739  8.13%   113  883s
 224924 130685 13376.7496   34  512 14531.0000 13350.1267  8.13%   113  887s
 226309 130897 13401.6104   49  535 14531.0000 13350.3363  8.13%   113  891s
 226749 131234 13625.5294   29  567 14531.0000 13350.3998  8.12%   114  896s
 227447 131674 infeasible   39      14531.0000 13350.4427  8.12%   114  901s
 228244 132374 13352.0842   33  617 14531.0000 13350.4824  8.12%   114  907s
 229530 132692 13532.0437   37  538 14531.0000 13350.5176  8.12%   114  914s
 230160 133243 13522.0889   34  527 14531.0000 13350.6766  8.12%   114  920s
 231246 133666 13355.5191   39  605 14531.0000 13350.9066  8.12%   115  926s
 232076 134008 13719.5875   48  411 14531.0000 13351.0124  8.12%   115  933s
 232792 134486 13897.5173   42  496 14531.0000 13351.1262  8.12%   115  939s
 233998 135127 13372.6065   41  519 14531.0000 13351.3423  8.12%   115  945s
 235009 135939 14245.5339   55  272 14531.0000 13351.3556  8.12%   116  953s
 236438 136287 infeasible   76      14531.0000 13351.8416  8.11%   116  959s
 237234 136517 13458.4564   48  211 14531.0000 13351.9310  8.11%   116  966s
 237882 137151 infeasible   50      14531.0000 13352.0125  8.11%   117  972s
 238990 137716 13370.9083   53  456 14531.0000 13352.4081  8.11%   117  979s
 240166 138266 13760.7635   47  368 14531.0000 13352.7070  8.11%   117  984s
 241101 138460 infeasible   64      14531.0000 13352.8800  8.11%   117  989s
 241512 138844 13827.6801   28  487 14531.0000 13352.8800  8.11%   117  995s
 242220 139365 13683.6081   41  476 14531.0000 13352.9199  8.11%   118 1001s
 243221 139721 13969.3439   40  345 14531.0000 13353.2406  8.11%   118 1008s
 244038 140039 13459.6994   44  469 14531.0000 13353.4903  8.10%   118 1015s
 244704 140615 13819.4564   37  395 14531.0000 13353.9026  8.10%   119 1023s
 245856 141520 13480.2784   34  497 14531.0000 13354.1455  8.10%   119 1030s
 247369 141768 13485.8493   47  564 14531.0000 13354.4308  8.10%   119 1038s
 247873 142208 14212.0194   39  403 14531.0000 13354.6164  8.10%   119 1044s
 248747 142520 13761.4564   44  241 14531.0000 13354.9083  8.09%   120 1052s
 249458 143066 14252.1945   43  315 14531.0000 13355.0035  8.09%   120 1062s
 250574 143673 13532.8515   27  390 14531.0000 13355.8382  8.09%   120 1069s
 251693 144269 14207.5476   46  265 14531.0000 13356.4981  8.08%   120 1077s
 252912 144734 14136.7125   59  223 14531.0000 13356.8729  8.08%   121 1088s
 253868 145347 13554.3559   39  606 14531.0000 13356.8800  8.08%   121 1096s
 254989 145664 14281.3238   42  248 14531.0000 13356.9083  8.08%   122 1101s
 255638 146071 14399.0750   36  253 14531.0000 13357.2454  8.08%   122 1109s
 256446 146707 13373.9083   27  636 14531.0000 13357.4519  8.08%   122 1120s
 257571 147388 13373.9790   32  550 14531.0000 13357.4721  8.08%   123 1135s
 258895 148131 13375.9934   35  567 14531.0000 13357.7164  8.07%   123 1147s
 260285 148877 13672.1025   47  346 14531.0000 13357.9066  8.07%   124 1158s
 261601 149634 13886.0696   47  578 14531.0000 13357.9083  8.07%   124 1171s
 263038 150178 13725.2491   34  443 14531.0000 13357.9790  8.07%   125 1184s
 264119 150868 13486.7564   47  500 14531.0000 13357.9790  8.07%   125 1196s
 265320 151807 13867.0000   43  287 14531.0000 13358.1252  8.07%   126 1209s
H266918 151807                    14530.999984 13358.2708  8.07%   126 1209s

Cutting planes:
  Learned: 192
  Gomory: 212
  Cover: 2905
  Implied bound: 691
  Projected implied bound: 48
  Clique: 298
  MIR: 1030
  StrongCG: 176
  Flow cover: 3367
  GUB cover: 15
  Inf proof: 36
  Zero half: 66
  Network: 56
  RLT: 104
  Relax-and-lift: 178

Explored 267099 nodes (33694263 simplex iterations) in 1209.64 seconds (1910.49 work units)
Thread count was 8 (of 8 available processors)

Solution count 10: 14531 14531 14531 ... 14575

Solve interrupted
Best objective 1.453099998424e+04, best bound 1.335844535188e+04, gap 8.0693%

User-callback calls 929427, time in user-callback 2.45 sec

Statistics for modelBBUP_O:
  Linear constraint matrix    : 14367 Constrs, 5774 Vars, 53223 NZs
  Variable types              : 1824 Continuous,
3950 Integer (691 Binary)
  Matrix coefficient range    : [ 1, 200 ]
  Objective coefficient range : [ 1, 384 ]
  Variable bound range        : [ 1, 199 ]
  RHS coefficient range       : [ 1, 549 ]
