
Gurobi 10.0.1 (mac64[arm]) logging started Fri Apr  5 13:48:12 2024

Set parameter LogFile to value "/Users/deniserings/Documents/zib/s-bahn-data/scripts/DeniseMA/processed/BWKS_medium_september/RINS/BWKS_medium_september_202404051212_random0_0.6.log"
Gurobi Optimizer version 10.0.1 build v10.0.1rc0 (mac64[arm])

CPU model: Apple M2
Thread count: 8 physical cores, 8 logical processors, using up to 8 threads

Optimize a model with 10306 rows, 4887 columns and 50195 nonzeros
Model fingerprint: 0x61d43ea2
Variable types: 1358 continuous, 3529 integer (1331 binary)
Coefficient statistics:
  Matrix range     [1e+00, 4e+02]
  Objective range  [1e+00, 4e+02]
  Bounds range     [1e+00, 2e+02]
  RHS range        [1e+00, 9e+03]

User MIP start did not produce a new incumbent solution
User MIP start violates constraint objective_cutoff by 94.840000000

Presolve removed 4069 rows and 1357 columns
Presolve time: 0.33s
Presolved: 6237 rows, 3530 columns, 33526 nonzeros
Variable types: 875 continuous, 2655 integer (2655 binary)

Root relaxation: objective 8.158000e+03, 1858 iterations, 0.10 seconds (0.08 work units)
Another try with MIP start

    Nodes    |    Current Node    |     Objective Bounds      |     Work
 Expl Unexpl |  Obj  Depth IntInf | Incumbent    BestBd   Gap | It/Node Time

     0     0 8158.00000    0  278          - 8158.00000      -     -    1s
     0     0 8160.94198    0  348          - 8160.94198      -     -    1s
     0     0 8161.12034    0  326          - 8161.12034      -     -    2s
     0     0 8161.12034    0  319          - 8161.12034      -     -    2s
     0     0 8180.00000    0  316          - 8180.00000      -     -    2s
     0     0 8180.00000    0  304          - 8180.00000      -     -    2s
     0     0 8180.00000    0  323          - 8180.00000      -     -    3s
     0     0 8180.00000    0  295          - 8180.00000      -     -    3s
     0     0 8180.00000    0  196          - 8180.00000      -     -    4s
     0     0 8180.00000    0  238          - 8180.00000      -     -    4s
     0     0 8180.00000    0  197          - 8180.00000      -     -    4s
     0     0 8180.00000    0  211          - 8180.00000      -     -    4s
     0     0 8180.00000    0  205          - 8180.00000      -     -   16s
     0     0 8180.00000    0  233          - 8180.00000      -     -   16s
     0     0 8180.00000    0  197          - 8180.00000      -     -   16s
     0     0 8180.00000    0  197          - 8180.00000      -     -   16s
     0     2 8180.00000    0  169          - 8180.00000      -     -   17s
  1077  1030 8329.05128   22  134          - 8180.00000      -  32.3   20s
  1637  1477 8315.00000   15  150          - 8223.91638      -  29.7   25s
  1654  1489 8464.00000   38  180          - 8274.60182      -  29.4   30s
  1666  1497 8450.00000    8  172          - 8282.92006      -  29.2   35s
  1683  1508 8315.00000    6  189          - 8285.18012      -  28.9   40s
  1704  1523 8859.00000   76  270          - 8285.26785      -  55.0   45s
  1713  1529 8800.73120   82  216          - 8285.51455      -  54.7   50s
H 1724  1459                    9382.0000000 8286.94968  11.7%  54.4   54s
  1726  1460 9359.00000   26  185 9382.00000 8286.96705  11.7%  54.3   55s
  1756  1481 8694.24253   48  200 9382.00000 8316.15681  11.4%  75.0   60s
  1767  1488 8316.62977   10  217 9382.00000 8316.62977  11.4%  74.5   65s
  1782  1499 8464.00000   38  217 9382.00000 8316.62977  11.4%  87.3   70s
  1793  1507 8464.00000   26  220 9382.00000 8316.62977  11.4%  86.7   75s
H 1801  1436                    9160.0000000 8316.64679  9.21%  86.3   78s
H 1802  1364                    9106.0000000 8316.64679  8.67%  86.3   78s
  1809  1373 8336.67889   46  106 9106.00000 8320.63564  8.62%   101   80s
H 1970  1403                    9101.0000000 8355.30996  8.19%  95.6   81s
H 1970  1337                    9096.0000000 8355.30996  8.14%  95.6   81s
H 2010  1296                    9084.0000000 8355.30996  8.02%  94.4   82s
  3126  1888 8992.00000   91  149 9084.00000 8413.72669  7.38%  73.2   85s
* 3268  1835             194    9081.0000000 8418.12190  7.30%  71.1   85s
H 4051  1807                    8811.0000000 8418.15144  4.46%  63.6   87s
H 5133  2325                    8795.0000000 8418.54574  4.28%  57.5   89s
  5423  2668 8682.78927  135   86 8795.00000 8418.54574  4.28%  56.0   90s
  8209  4718 8504.00000   64  166 8795.00000 8432.16799  4.13%  46.7   95s
 10184  6364 8554.00000   91  108 8795.00000 8437.86062  4.06%  43.9  100s
 14131  9194 8651.00000  118   63 8795.00000 8461.77274  3.79%  38.7  105s
 17294 10977 8732.00000  132   53 8795.00000 8461.85542  3.79%  36.4  110s
 19676 12594 8604.12638   69  166 8795.00000 8461.89902  3.79%  35.7  115s
 21646 14172 8705.93907  106   85 8795.00000 8462.55018  3.78%  35.6  120s
 24047 16036 8715.15285  118  106 8795.00000 8464.00000  3.76%  34.6  127s
 26351 17812 8634.00000   80   88 8795.00000 8464.00000  3.76%  34.5  130s
 30019 19510 8694.40316   82  197 8795.00000 8464.00000  3.76%  34.3  156s
 30025 19514 8644.00000   96  205 8795.00000 8464.00000  3.76%  34.3  161s
 30028 19516 8696.00000   84  202 8795.00000 8464.00000  3.76%  34.3  166s
 30031 19518 8608.00000   98  151 8795.00000 8464.00000  3.76%  34.3  171s
 30033 19519 8683.00000  127  161 8795.00000 8464.00000  3.76%  34.3  176s
 30039 19523 8478.19000   89  195 8795.00000 8464.00000  3.76%  34.3  184s
 30044 19527 8690.00000  107  239 8795.00000 8464.00000  3.76%  34.3  188s
 30045 19527 8508.00000   68  195 8795.00000 8464.00000  3.76%  34.3  194s
 30046 19528 8732.00000  142  289 8795.00000 8464.00000  3.76%  34.3  195s
 30048 19529 8572.00000  110  272 8795.00000 8464.00000  3.76%  34.3  201s
H30048 18552                    8793.0000000 8464.00000  3.74%  34.3  203s
 30052 18555 8464.00000   60  237 8793.00000 8464.00000  3.74%  34.3  207s
 30053 18556 8470.00000   61  181 8793.00000 8464.00000  3.74%  34.3  211s
 30059 18560 8659.00000  114  194 8793.00000 8464.00000  3.74%  34.2  218s
 30063 18562 8704.00000  116  220 8793.00000 8464.00000  3.74%  34.2  221s
 30064 18563 8556.00000   61  159 8793.00000 8464.00000  3.74%  34.2  225s
 30068 18566 8660.00000   94  156 8793.00000 8464.00000  3.74%  34.2  230s
 30071 18568 8522.00000   80  197 8793.00000 8464.00000  3.74%  34.2  237s
 30072 18568 8696.00000   90  149 8793.00000 8464.00000  3.74%  34.2  241s
 30074 18570 8595.00000  133  209 8793.00000 8464.00000  3.74%  34.2  248s
 30075 18570 8590.00502   88  237 8793.00000 8464.00000  3.74%  34.2  250s
 30077 18572 8582.48000   83  220 8793.00000 8464.00000  3.74%  34.2  256s
 30079 18573 8701.00000  127  222 8793.00000 8464.00000  3.74%  34.2  260s
 30236 18648 8464.00000   67  157 8793.00000 8464.00000  3.74%  35.7  265s
 31042 18986 8598.00000   84   58 8793.00000 8464.00000  3.74%  35.7  270s
 32213 19442 8464.00000   84  128 8793.00000 8464.00000  3.74%  35.7  275s
H32984 18857                    8791.0000000 8464.00000  3.72%  35.6  276s
 34675 19518 8464.00000   64  149 8791.00000 8464.00000  3.72%  35.4  280s
 37081 20640 8594.08914   99   80 8791.00000 8464.00000  3.72%  35.6  285s
 39869 21602 8751.00000  112   70 8791.00000 8464.00000  3.72%  35.4  291s
 41911 22613 infeasible   98      8791.00000 8464.00000  3.72%  35.4  295s
 44845 23730 8714.00000   70  151 8791.00000 8464.00000  3.72%  35.4  300s
H46523 22951                    8787.0000000 8464.00000  3.68%  35.2  304s
 46526 23227 8565.00000   85   97 8787.00000 8464.00000  3.68%  35.2  305s
H46562 22376                    8786.0000000 8464.00000  3.66%  35.2  305s
 49438 23691 infeasible   89      8786.00000 8464.00000  3.66%  35.1  310s
 52465 24325 8464.00000   74  139 8786.00000 8464.00000  3.66%  35.0  317s
H52542 23501                    8785.9999990 8464.00000  3.66%  35.0  317s
 53849 24358 8464.00000   66  169 8786.00000 8464.00000  3.66%  35.0  320s
 57248 25767 infeasible  127      8786.00000 8464.00000  3.66%  34.6  326s
 59724 26716 infeasible   97      8786.00000 8464.00000  3.66%  34.7  331s
 63447 28085 8747.00000  137   64 8786.00000 8464.00000  3.66%  34.5  336s
 66872 29567 8534.39150   85  123 8786.00000 8464.00000  3.66%  34.4  341s
 70733 31110 8524.00000   78  136 8786.00000 8464.00000  3.66%  34.1  346s
 73821 31503 8564.18634   94  143 8786.00000 8464.00000  3.66%  33.8  350s
 77851 33920 8582.00000   82   91 8786.00000 8464.00000  3.66%  33.8  355s
 81259 36752 8731.00000  107   80 8786.00000 8464.00000  3.66%  33.6  360s
H83158 37178                    8785.0000000 8464.00000  3.65%  33.5  361s
H83489 37456                    8782.0000000 8464.00000  3.62%  33.5  362s
 84623 39029 8671.00000  108   96 8782.00000 8464.00000  3.62%  33.5  365s
 88951 41556 8478.00000   87  112 8782.00000 8464.00000  3.62%  33.1  370s
 92185 43817 8478.00000   68  147 8782.00000 8464.00000  3.62%  33.1  376s
 95316 45967 8470.00000   70  139 8782.00000 8464.00000  3.62%  32.9  380s
 99696 49002 8484.10165   75  163 8782.00000 8464.00000  3.62%  32.9  385s
 102085 50917 8489.89533   85  105 8782.00000 8464.00000  3.62%  33.0  390s
 105500 53090 8470.00000   68  149 8782.00000 8464.00000  3.62%  32.9  395s
 109691 55470     cutoff   86      8782.00000 8464.00000  3.62%  32.8  400s
 112895 57779 8538.00000   84  113 8782.00000 8464.00000  3.62%  32.8  405s
 116184 60129 8670.00000  111   45 8782.00000 8464.00000  3.62%  32.8  411s
 118164 61443 8688.00000  117   52 8782.00000 8464.00000  3.62%  32.9  416s
 121091 63362 8498.39047   86  136 8782.00000 8464.00000  3.62%  32.9  420s
 124730 66218 8464.00000   71  129 8782.00000 8464.00000  3.62%  32.9  425s
 128327 68491 8654.53714   89  141 8782.00000 8464.00000  3.62%  32.9  431s
 131719 70396 8693.00000  103   84 8782.00000 8464.00000  3.62%  32.8  435s
 134231 72727 8650.00000   90   76 8782.00000 8464.00000  3.62%  32.8  441s
 137176 74022 infeasible   88      8782.00000 8464.00000  3.62%  32.8  445s
 140100 75808 8706.00000  101   68 8782.00000 8464.00000  3.62%  32.8  450s
 143193 77725 8504.96565   88  128 8782.00000 8464.00000  3.62%  32.7  455s
 145258 79491 infeasible  157      8782.00000 8464.00000  3.62%  32.8  460s
H146680 78872                    8772.0000000 8464.00000  3.51%  32.8  464s
 146771 79001 8523.46603   89  141 8772.00000 8464.00000  3.51%  32.8  466s
 147731 79986 8661.00000  106   85 8772.00000 8464.00000  3.51%  32.8  471s
 149358 81614 8478.00000   75  112 8772.00000 8464.00000  3.51%  32.8  476s
 150747 83283 8478.00000   88  113 8772.00000 8464.00000  3.51%  32.8  480s
 154714 85522 infeasible   84      8772.00000 8464.00000  3.51%  32.7  486s
 157172 86610 8736.66667   93   67 8772.00000 8464.00000  3.51%  32.7  490s
 160154 88484 8624.00000   84  154 8772.00000 8464.00000  3.51%  32.6  496s
 161591 90078 8585.89115   99  132 8772.00000 8464.00000  3.51%  32.7  501s
 164002 91615 8712.00000  130   84 8772.00000 8464.00000  3.51%  32.6  505s
 166679 92539 8644.00000   96  129 8772.00000 8464.00000  3.51%  32.7  512s
 168066 93517 8570.16645   99  110 8772.00000 8464.00000  3.51%  32.7  516s
 169775 94710 8572.61000   72  131 8772.00000 8464.00000  3.51%  32.8  520s
 172378 96320 8650.00000  113   61 8772.00000 8464.00000  3.51%  32.7  525s
 175220 98029 8478.00000   78  142 8772.00000 8464.00000  3.51%  32.7  530s
 178356 99970 8496.00000   80  102 8772.00000 8464.00000  3.51%  32.6  537s
 180032 101793 8738.93432  120   65 8772.00000 8464.00000  3.51%  32.7  541s
 183378 103212 8532.33176   69  183 8772.00000 8464.00000  3.51%  32.6  546s
 186037 104941 8480.96591   81  124 8772.00000 8464.00000  3.51%  32.6  550s
 188837 106949 8504.00000   85   65 8772.00000 8464.00000  3.51%  32.6  555s
 192571 109264 8637.00000  114   73 8772.00000 8464.00000  3.51%  32.5  561s
 195740 111079 8465.08358   71  186 8772.00000 8464.00000  3.51%  32.4  565s
 197501 112248 8564.00000   80  100 8772.00000 8464.00000  3.51%  32.5  570s
 201029 114654 8510.39000   81   82 8772.00000 8464.00000  3.51%  32.5  576s
 203828 116287 8686.00000  151   52 8772.00000 8464.00000  3.51%  32.5  580s
 205540 117103 8484.00000   77  126 8772.00000 8464.00000  3.51%  32.6  586s
 207625 118417 8567.71549   79  154 8772.00000 8464.00000  3.51%  32.7  590s
 210521 120117 8478.03423   77  161 8772.00000 8464.00000  3.51%  32.7  595s
 213628 122054 8478.00000   82  150 8772.00000 8464.00000  3.51%  32.7  600s
 216940 124237     cutoff  100      8772.00000 8464.00000  3.51%  32.7  606s
 219437 126007 infeasible  119      8772.00000 8464.00000  3.51%  32.7  610s
*220131 125207             185    8767.0000000 8464.00000  3.46%  32.7  611s
 221575 126956 8479.57419   82  153 8767.00000 8464.00000  3.46%  32.7  616s
 224396 129038 8570.00000   82  130 8767.00000 8464.00000  3.46%  32.7  622s
 227008 130172 8629.81820   82  150 8767.00000 8464.00000  3.46%  32.7  625s
 231461 133538 8564.00000   94   52 8767.00000 8464.00000  3.46%  32.8  630s
 234912 135545 8479.46341   93  107 8767.00000 8464.00000  3.46%  32.8  635s
 237641 137246 8478.00000   80  162 8767.00000 8464.00000  3.46%  32.8  640s
 240841 138839     cutoff  101      8767.00000 8464.00000  3.46%  32.8  645s
 244242 140833 8598.11463   78  116 8767.00000 8464.00000  3.46%  32.8  650s
 246660 142472 8570.53333   99   94 8767.00000 8464.00000  3.46%  32.8  655s
 249824 143922 8761.00000  127   71 8767.00000 8464.00000  3.46%  32.8  660s
 252995 145476 8531.41414   80  123 8767.00000 8464.00000  3.46%  32.8  668s
 253230 146200 8552.00000   81   94 8767.00000 8464.00000  3.46%  32.8  671s
 255834 147935 8747.00000  110   54 8767.00000 8464.00000  3.46%  32.9  676s
 258329 149643 8582.97092   96   96 8767.00000 8464.00000  3.46%  33.0  681s
 261661 151212 8647.00000   88   88 8767.00000 8464.00000  3.46%  33.0  687s
 264087 153139 8572.00000  101   94 8767.00000 8464.00000  3.46%  33.0  692s
 267031 154226 8743.00000  107   55 8767.00000 8464.00000  3.46%  33.0  697s
H267222 154226                    8766.9999990 8464.00000  3.46%  33.0  697s
 267513 155589 infeasible   75      8767.00000 8464.00000  3.46%  33.0  704s
 269516 156583 8478.00000   78   97 8767.00000 8464.00000  3.46%  33.0  709s
 271016 157336 8712.00000  122   52 8767.00000 8464.00000  3.46%  33.0  712s
 272131 158615 8716.36957  103   65 8767.00000 8464.00000  3.46%  33.0  715s
 275582 159858 8735.66834  130   96 8767.00000 8464.00000  3.46%  33.0  721s
 277077 161077 8734.00000   95  110 8767.00000 8464.00000  3.46%  33.0  726s
 279158 161881 infeasible   84      8767.00000 8464.00000  3.46%  33.0  731s
 280596 163279 8488.00000   78  142 8767.00000 8464.00000  3.46%  33.0  736s
 282881 164199 8715.00000  134   33 8767.00000 8464.00000  3.46%  33.0  740s
 286360 166121 8610.09930   89  130 8767.00000 8464.00000  3.46%  33.0  746s
 288566 167989 8472.11374   82  148 8767.00000 8464.00000  3.46%  33.1  750s
 291434 169277 8544.13648   84  113 8767.00000 8464.00000  3.46%  33.0  755s
 294512 170837 8516.80876   95  128 8767.00000 8464.00000  3.46%  33.0  760s
 297355 172753 8666.00000  105   62 8767.00000 8464.00000  3.46%  33.0  765s
 299381 173734     cutoff   78      8767.00000 8464.00000  3.46%  33.0  771s
 301105 175254 8667.77300  103  172 8767.00000 8464.00000  3.46%  33.1  775s
 303470 176854 8678.00000  121   80 8767.00000 8464.00000  3.46%  33.1  780s
 307192 178919 8691.34463  102   76 8767.00000 8464.00000  3.46%  33.1  785s
 310703 180629 infeasible  107      8767.00000 8464.00000  3.46%  33.1  790s
 312967 182354 8510.00000   95  124 8767.00000 8464.00000  3.46%  33.2  796s
 315743 183815 8470.09975   76  141 8767.00000 8464.00000  3.46%  33.2  800s
 318131 185122 8484.00000   97   51 8767.00000 8464.00000  3.46%  33.2  806s
 320391 186954 8550.59635   84  165 8767.00000 8464.00000  3.46%  33.2  811s
 323014 188117     cutoff   67      8767.00000 8464.00000  3.46%  33.3  816s
 324530 189156 8498.28509   86  151 8767.00000 8464.00000  3.46%  33.3  820s
 326863 190085 8740.00000   99   68 8767.00000 8464.00000  3.46%  33.3  825s
 328242 190486 8588.30837  104   73 8767.00000 8464.00000  3.46%  33.3  833s
 328312 191180 8617.61383   96  107 8767.00000 8464.00000  3.46%  33.3  835s
 330457 192338 8500.61000   71  133 8767.00000 8464.00000  3.46%  33.3  840s
 333286 194010 8521.42998   72  170 8767.00000 8464.00000  3.46%  33.4  846s
 335836 195467 8694.21019  121   47 8767.00000 8464.00000  3.46%  33.4  850s
 339064 197446 8529.66781   81  141 8767.00000 8464.00000  3.46%  33.3  855s
 342198 199172 8645.44535   74  132 8767.00000 8464.00000  3.46%  33.3  860s
 345301 200998 8688.22613   88  111 8767.00000 8464.00000  3.46%  33.3  865s
 347384 202123 infeasible  118      8767.00000 8464.00000  3.46%  33.4  870s
 349276 203459 infeasible  142      8767.00000 8464.00000  3.46%  33.4  875s
 351719 205000 8734.75209  125   68 8767.00000 8464.00000  3.46%  33.4  880s
 356019 207592 8596.00000   97   67 8767.00000 8464.61819  3.45%  33.4  886s
 358334 208797 8709.27547   91  106 8767.00000 8465.16388  3.44%  33.5  890s
 360788 210069 8745.00000  117   58 8767.00000 8467.84273  3.41%  33.5  895s
 362762 212290     cutoff  106      8767.00000 8468.89109  3.40%  33.6  900s
 367290 214624     cutoff   85      8767.00000 8468.89115  3.40%  33.5  907s
 370402 216687 8470.00000   89  111 8767.00000 8468.89115  3.40%  33.5  911s
 372077 218443 8478.00000   77  151 8767.00000 8468.89115  3.40%  33.5  917s
 374142 220152 8612.00000   76  135 8767.00000 8468.89115  3.40%  33.6  920s
 378522 221851 8524.00000   73  125 8767.00000 8468.89115  3.40%  33.5  926s
 380622 223784 8646.00000  102   44 8767.00000 8468.89115  3.40%  33.6  931s
 383635 225083 8766.26087  140   62 8767.00000 8468.89115  3.40%  33.6  936s
 385583 226966 8586.00000  103   89 8767.00000 8468.89115  3.40%  33.6  941s
 388405 228340 8530.00000   76  141 8767.00000 8468.89115  3.40%  33.6  947s
 389825 229109     cutoff   90      8767.00000 8468.89115  3.40%  33.6  951s
 392748 231045 8584.00000   77   79 8767.00000 8468.89115  3.40%  33.6  957s
 393884 231462 infeasible   83      8767.00000 8468.89115  3.40%  33.7  960s
 395900 232933 8478.28728   84  104 8767.00000 8468.89115  3.40%  33.7  966s
 399317 234863 8480.11236   76  110 8767.00000 8468.89115  3.40%  33.7  971s
 401112 236293 8662.00000  112   51 8767.00000 8468.89115  3.40%  33.7  976s
 403259 237409 8575.17588   74  192 8767.00000 8468.91972  3.40%  33.8  981s
 406203 238964     cutoff   86      8767.00000 8469.00489  3.40%  33.7  985s
 408403 240350 8554.00000  102   75 8767.00000 8469.00489  3.40%  33.8  990s
 410651 241718 8676.00000   87   96 8767.00000 8469.00489  3.40%  33.8  996s
 412342 242887 8679.00000  105   71 8767.00000 8469.00489  3.40%  33.9 1001s
 413164 243374 8752.00000  135   48 8767.00000 8469.00489  3.40%  33.9 1005s
 414640 244284 8622.00000  103   74 8767.00000 8469.49546  3.39%  33.9 1014s
 415524 245148 8481.18241   75  107 8767.00000 8470.00000  3.39%  33.9 1018s
 416811 245914 8625.50725   96   77 8767.00000 8470.00000  3.39%  33.9 1021s
 417930 247514 8599.00000   81   79 8767.00000 8470.00000  3.39%  33.9 1025s
 421043 248706 8671.00000   96   57 8767.00000 8470.00000  3.39%  33.9 1030s
 423008 249940 8576.10000   90  118 8767.00000 8470.00000  3.39%  33.9 1039s
 423879 251343 8667.04167  121   70 8767.00000 8470.00000  3.39%  33.9 1044s
 425114 251343 8530.26667   83  102 8767.00000 8470.00000  3.39%  33.9 1045s
 426761 252526 8616.00000   96   65 8767.00000 8470.00000  3.39%  33.9 1053s
 427758 253228 8757.33962  112   54 8767.00000 8470.00000  3.39%  33.9 1056s
 429788 254906 8563.76390   80  126 8767.00000 8470.00000  3.39%  33.9 1060s
 432663 256380 8530.00000   94   78 8767.00000 8470.00000  3.39%  33.9 1065s
 436082 258487 8654.00000   98   65 8767.00000 8470.00000  3.39%  33.9 1072s
 437283 259408 8532.00000   94   59 8767.00000 8470.00000  3.39%  33.9 1075s
 441014 261570 8566.55556   94  123 8767.00000 8470.00000  3.39%  33.9 1080s
 444280 263977 8478.18839   91   99 8767.00000 8470.00000  3.39%  33.9 1087s
 446647 265355 8570.22825   75  129 8767.00000 8470.00000  3.39%  33.9 1091s
 449086 267070 8578.00000   90   99 8767.00000 8470.00000  3.39%  33.9 1096s
 452574 269111 8606.84025   87  139 8767.00000 8470.00000  3.39%  33.9 1101s
 454606 270591 8560.00000  103   57 8767.00000 8470.00000  3.39%  33.9 1105s
 456997 271901 8478.15440   79   84 8767.00000 8470.00000  3.39%  33.9 1112s
 457972 272570 8481.38817   89  129 8767.00000 8470.00000  3.39%  33.9 1115s
 459965 274070 8675.43478  100  105 8767.00000 8470.00000  3.39%  33.9 1120s
 462671 275673 8749.33141  128   58 8767.00000 8470.00000  3.39%  33.9 1127s
 463697 276257 infeasible  105      8767.00000 8470.00000  3.39%  33.9 1131s
 464737 276978 8526.62968   91   86 8767.00000 8470.00000  3.39%  33.9 1139s
 465958 278113 8478.82027   80  122 8767.00000 8470.00000  3.39%  33.9 1142s
 467949 278919 8470.00000   89   97 8767.00000 8470.00000  3.39%  33.9 1145s
 470143 280240     cutoff   92      8767.00000 8470.00000  3.39%  33.9 1151s
 472235 281635 8637.00000  114   42 8767.00000 8470.00000  3.39%  33.9 1157s
 474347 283754 8470.00000   73  159 8767.00000 8470.00000  3.39%  33.9 1162s
 476506 284282 infeasible  155      8767.00000 8470.00000  3.39%  33.8 1167s
 477484 285020 8655.58108  137   68 8767.00000 8470.00000  3.39%  33.8 1171s
 480169 286618 8517.16580   89  102 8767.00000 8470.00000  3.39%  33.8 1177s
 481591 287127 8470.00000   87   95 8767.00000 8470.00000  3.39%  33.8 1181s
 483783 288618 8478.00000   80  108 8767.00000 8470.00000  3.39%  33.8 1187s
 486287 291039 8549.82360   98  160 8767.00000 8470.00000  3.39%  33.8 1192s
 488469 291522 8498.00000   87   79 8767.00000 8470.00000  3.39%  33.8 1195s
 490584 292942     cutoff   77      8767.00000 8470.00000  3.39%  33.8 1201s
 492703 294552 8554.15827  101  113 8767.00000 8470.00000  3.39%  33.8 1206s
 495536 296586 8470.00000   75  139 8767.00000 8470.00000  3.39%  33.8 1212s

Cutting planes:
  Learned: 236
  Gomory: 73
  Cover: 472
  Implied bound: 55
  Projected implied bound: 4
  Clique: 13
  MIR: 574
  StrongCG: 13
  Flow cover: 1607
  GUB cover: 12
  Inf proof: 9
  Zero half: 154
  Network: 6
  RLT: 138
  Relax-and-lift: 23

Explored 497456 nodes (16830397 simplex iterations) in 1216.44 seconds (495.42 work units)
Thread count was 8 (of 8 available processors)

Solution count 10: 8767 8767 8772 ... 8793

Solve interrupted
Best objective 8.766999999036e+03, best bound 8.470000000000e+03, gap 3.3877%

User-callback calls 1142633, time in user-callback 8.01 sec

Statistics for modelBWKS_medium_september:
  Linear constraint matrix    : 10306 Constrs, 4887 Vars, 50195 NZs
  Variable types              : 1358 Continuous,
3529 Integer (1331 Binary)
  Matrix coefficient range    : [ 1, 396 ]
  Objective coefficient range : [ 1, 396 ]
  Variable bound range        : [ 1, 199 ]
  RHS coefficient range       : [ 1, 9389.16 ]
