
Gurobi 10.0.1 (mac64[arm]) logging started Fri Apr  5 13:35:34 2024

Set parameter LogFile to value "/Users/deniserings/Documents/zib/s-bahn-data/scripts/DeniseMA/processed/BWKS_medium_september/RINS/BWKS_medium_september_202404051212_random4_0.9.log"
Gurobi Optimizer version 10.0.1 build v10.0.1rc0 (mac64[arm])

CPU model: Apple M2
Thread count: 8 physical cores, 8 logical processors, using up to 8 threads

Optimize a model with 10537 rows, 4887 columns and 50426 nonzeros
Model fingerprint: 0x74f02b3e
Variable types: 1358 continuous, 3529 integer (1331 binary)
Coefficient statistics:
  Matrix range     [1e+00, 4e+02]
  Objective range  [1e+00, 4e+02]
  Bounds range     [1e+00, 2e+02]
  RHS range        [1e+00, 9e+03]

User MIP start did not produce a new incumbent solution
User MIP start violates constraint objective_cutoff by 94.840000000

Presolve removed 4342 rows and 1592 columns
Presolve time: 0.08s
Presolved: 6195 rows, 3295 columns, 29536 nonzeros
Variable types: 873 continuous, 2422 integer (2422 binary)

Root relaxation: objective 8.158000e+03, 1885 iterations, 0.06 seconds (0.05 work units)
Another try with MIP start

    Nodes    |    Current Node    |     Objective Bounds      |     Work
 Expl Unexpl |  Obj  Depth IntInf | Incumbent    BestBd   Gap | It/Node Time

     0     0 8158.00000    0  165          - 8158.00000      -     -    0s
     0     0 8160.94198    0  321          - 8160.94198      -     -    0s
     0     0 8161.12034    0  294          - 8161.12034      -     -    0s
     0     0 8161.12034    0  269          - 8161.12034      -     -    0s
     0     0 8180.00000    0  313          - 8180.00000      -     -    1s
     0     0 8180.00000    0  260          - 8180.00000      -     -    1s
     0     0 8211.92804    0  296          - 8211.92804      -     -    1s
     0     0 8211.92804    0  320          - 8211.92804      -     -    1s
     0     0 8219.12980    0  314          - 8219.12980      -     -    1s
     0     0 8220.95781    0  315          - 8220.95781      -     -    1s
     0     0 8222.56926    0  309          - 8222.56926      -     -    1s
     0     0 8222.56926    0  299          - 8222.56926      -     -    1s
     0     0 8222.56926    0  302          - 8222.56926      -     -    2s
     0     0 8222.56926    0  308          - 8222.56926      -     -    2s
     0     0 8223.10725    0  292          - 8223.10725      -     -    2s
     0     0 8223.10725    0  289          - 8223.10725      -     -    2s
     0     0 8223.89272    0  270          - 8223.89272      -     -    2s
     0     0 8224.37835    0  298          - 8224.37835      -     -    2s
     0     0 8224.37835    0  302          - 8224.37835      -     -    2s
     0     0 8224.52392    0  273          - 8224.52392      -     -    2s
     0     0 8224.52392    0  302          - 8224.52392      -     -    2s
     0     0 8226.14261    0  299          - 8226.14261      -     -    2s
     0     0 8226.14261    0  302          - 8226.14261      -     -    3s
     0     0 8226.14261    0  313          - 8226.14261      -     -    3s
     0     0 8226.26632    0  314          - 8226.26632      -     -    3s
     0     0 8226.26632    0  313          - 8226.26632      -     -    3s
     0     0 8227.09749    0  168          - 8227.09749      -     -    3s
     0     0 8227.09749    0  191          - 8227.09749      -     -    3s
     0     0 8227.09749    0  218          - 8227.09749      -     -    3s
     0     0 8227.09749    0  221          - 8227.09749      -     -    3s
     0     0 8227.09749    0  190          - 8227.09749      -     -    3s
     0     0 8227.09749    0  242          - 8227.09749      -     -    4s
     0     0 8227.09749    0  168          - 8227.09749      -     -    4s
     0     0 8227.09749    0  167          - 8227.09749      -     -    4s
     0     2 8227.09749    0  167          - 8227.09749      -     -    5s
  1606  1280 8450.00000   23  156          - 8450.00000      -   6.3   10s
  5064  3212 8470.00000   38  122          - 8450.00000      -  21.4   15s
 11613  8717 infeasible   55               - 8450.00000      -  24.4   20s
 18477 15009 9276.00000  124   92          - 8450.00000      -  25.6   25s
 25722 21205 9282.00000  107   87          - 8450.00000      -  25.9   30s
 29787 24581 8513.64195   77  130          - 8450.00000      -  25.4   37s
 34983 28568 8618.00000   51  122          - 8450.00000      -  25.5   40s
 41063 33836 8755.00000   68  145          - 8450.00000      -  26.1   45s
 49640 40687 8470.00000   29  171          - 8450.00000      -  26.2   50s
 62241 49938 infeasible   72               - 8450.18000      -  25.9   55s
 72191 58587 8470.00000   39  161          - 8450.21262      -  25.9   60s
H78585 37699                    8914.0000000 8450.21262  5.20%  25.8   64s
H79172 37445                    8893.0000000 8450.21262  4.98%  25.8   65s
H79972 36629                    8869.0000000 8450.21262  4.72%  25.8   65s
H81924 36036                    8819.0000000 8450.22574  4.18%  25.8   66s
H82727 36581                    8817.0000000 8450.23301  4.16%  25.8   67s
H83167 36061                    8803.0000000 8450.23301  4.01%  25.8   67s
H84272 36062                    8786.0000000 8450.23301  3.82%  25.8   69s
H84763 36140                    8781.0000000 8450.23301  3.77%  25.8   69s
H84895 36077                    8778.0000000 8450.23301  3.73%  25.8   69s
 84975 36301 8615.00000   33  156 8778.00000 8450.23301  3.73%  25.8   70s
H85086 36275                    8777.0000000 8450.23301  3.72%  25.8   70s
 89805 39638 8457.46378   33  180 8777.00000 8450.23301  3.72%  26.0   75s
 95938 43880 8559.00000   50  128 8777.00000 8450.23301  3.72%  26.0   80s
 102982 47936 8522.00000   32  190 8777.00000 8452.18953  3.70%  26.0   85s
 109218 51252 8694.00000   36  186 8777.00000 8453.07389  3.69%  25.9   90s
 116862 55153 8454.03657   41  195 8777.00000 8454.03657  3.68%  25.8   95s
 120735 57669 8528.00000   43   98 8777.00000 8455.90497  3.66%  25.9  100s
 128318 61688 infeasible   55      8777.00000 8456.00000  3.66%  25.8  105s
 135908 66617 infeasible  132      8777.00000 8456.00000  3.66%  25.9  110s
 140743 70222     cutoff   68      8777.00000 8456.00000  3.66%  26.1  116s
 146740 72483 8560.00000   42  177 8777.00000 8456.00000  3.66%  26.1  121s
 152940 77069 8669.00000   68  119 8777.00000 8456.10989  3.66%  26.1  125s
 161190 81219 8554.89937   33  178 8777.00000 8456.45632  3.65%  26.1  130s
 169746 87016 8601.33062   71  119 8777.00000 8458.00000  3.63%  26.2  135s
H172488 87532                    8772.0000000 8458.12712  3.58%  26.2  136s
*173969 88829             177    8771.0000000 8458.12712  3.57%  26.2  137s
 177542 91239 8739.00000   95   92 8771.00000 8458.12712  3.57%  26.3  140s
 190178 98134 8620.00000   52  115 8771.00000 8458.12712  3.57%  26.1  145s
 195091 101212 8491.60000   36  182 8771.00000 8458.12712  3.57%  26.1  150s
 201482 104082 8658.00000   32  183 8771.00000 8460.22650  3.54%  26.1  155s
 207760 107403 8570.00000   46  134 8771.00000 8462.00000  3.52%  26.3  160s
 214795 111757 8508.00000   42  149 8771.00000 8462.00000  3.52%  26.4  165s
 219745 115104 8469.11111   45  167 8771.00000 8462.00000  3.52%  26.5  170s
 221402 115532 infeasible   45      8771.00000 8462.00000  3.52%  26.5  187s
 224324 117283 8478.00000   48  143 8771.00000 8462.00000  3.52%  26.6  190s
 229736 121590 8664.10989   48  112 8771.00000 8462.10989  3.52%  26.8  195s
 238187 126149 8464.00000   36  142 8771.00000 8462.10989  3.52%  26.7  200s
 244569 130428 8668.00000   60  134 8771.00000 8462.10989  3.52%  26.6  205s
 251254 134279 8627.00000   43  129 8771.00000 8462.40212  3.52%  26.6  210s
 258283 138073 8723.71347  101   94 8771.00000 8463.02260  3.51%  26.7  215s
 264827 142181 8464.00000   43  129 8771.00000 8464.00000  3.50%  26.7  220s
 269677 145800     cutoff   39      8771.00000 8464.00000  3.50%  26.8  225s
 276085 149492     cutoff   69      8771.00000 8464.00000  3.50%  26.8  230s
 282466 153768 8621.00000   48  121 8771.00000 8464.00000  3.50%  26.8  235s
 287212 157185 8754.00000   86   93 8771.00000 8464.00000  3.50%  26.9  240s
 292619 160403 8550.00000   44  121 8771.00000 8464.00000  3.50%  26.8  246s
 295801 162515 8736.00000   71   83 8771.00000 8464.00000  3.50%  26.9  250s
 300443 165313 infeasible   46      8771.00000 8464.00000  3.50%  26.9  256s
 304660 167956 8518.00000   49  105 8771.00000 8464.00000  3.50%  27.0  261s
 307635 170053 8704.00000   87   98 8771.00000 8464.00000  3.50%  27.0  266s
 310189 171535 8522.00000   49  144 8771.00000 8464.00000  3.50%  27.1  270s
 313614 173703     cutoff   72      8771.00000 8464.00000  3.50%  27.1  275s
 318052 176264 8749.00000   62  105 8771.00000 8464.00000  3.50%  27.1  280s
 322486 178981 8464.00000   28  167 8771.00000 8464.00000  3.50%  27.1  285s
 327195 181923 8730.00000   46  120 8771.00000 8464.00000  3.50%  27.1  290s
 331826 184711 8725.00000   62   88 8771.00000 8464.00000  3.50%  27.1  295s
 335695 187938 8542.00000   41  136 8771.00000 8464.00000  3.50%  27.1  300s
 339870 190075 8585.00000   63  118 8771.00000 8464.00000  3.50%  27.0  305s
 345477 193505 8659.00000   66   84 8771.00000 8464.00000  3.50%  27.0  310s
 351030 196857 8744.52717   78  101 8771.00000 8464.00000  3.50%  27.0  315s
 355136 200170 8583.00000   47  127 8771.00000 8464.00000  3.50%  27.1  320s
 358858 202037 8614.77194   38  159 8771.00000 8464.00000  3.50%  27.1  325s
 362992 205506 8702.00000   81   80 8771.00000 8464.00000  3.50%  27.1  331s
 367359 207208     cutoff   93      8771.00000 8464.00000  3.50%  27.1  335s
 371842 210374 8735.15584  106   97 8771.00000 8464.00000  3.50%  27.1  341s
 373048 211013 8537.00000   52  126 8771.00000 8464.00000  3.50%  27.1  349s
 374133 212464 8604.00000   46  115 8771.00000 8464.00000  3.50%  27.1  351s
 378957 214429 8747.49999   73   85 8771.00000 8464.00000  3.50%  27.1  356s
 382882 216828 8562.00000   46  147 8771.00000 8464.00000  3.50%  27.1  360s
 385410 218383 8601.00000   58  102 8771.00000 8464.00000  3.50%  27.1  368s
 385950 218920 8766.00000   57   74 8771.00000 8464.00000  3.50%  27.1  370s
 391724 222421     cutoff   47      8771.00000 8464.00000  3.50%  27.1  375s
 395635 224998 8472.00000   39  127 8771.00000 8464.00000  3.50%  27.1  382s
 397370 226024     cutoff   61      8771.00000 8464.00000  3.50%  27.1  386s
 401102 228716 8583.00000   47  105 8771.00000 8464.00000  3.50%  27.1  392s
 402916 229806     cutoff   64      8771.00000 8464.00000  3.50%  27.1  396s
 405184 231341 8504.00000   38  127 8771.00000 8464.00000  3.50%  27.1  400s
 409168 233617 8634.00000   48  103 8771.00000 8464.00000  3.50%  27.1  405s
 412966 236349 8690.00000   54   94 8771.00000 8464.00000  3.50%  27.1  410s
 415810 238215 8464.00000   35  151 8771.00000 8464.00000  3.50%  27.2  415s
 421129 242642 8594.00000   68  137 8771.00000 8464.00000  3.50%  27.2  420s
 426693 245216 8724.00000   66  112 8771.00000 8464.00000  3.50%  27.1  425s
 431622 248144 8498.00000   46  138 8771.00000 8464.00000  3.50%  27.1  430s
 436370 250951 8691.00000   62  124 8771.00000 8464.00000  3.50%  27.1  435s
 441373 254057 8621.00000   76  110 8771.00000 8464.00000  3.50%  27.1  440s
 442802 254919 infeasible   52      8771.00000 8464.00000  3.50%  27.1  445s
 446828 257545 infeasible   43      8771.00000 8464.00000  3.50%  27.1  450s
 452826 261810 8696.00000   49  126 8771.00000 8464.00000  3.50%  27.2  455s
 462295 267079     cutoff   72      8771.00000 8464.00000  3.50%  27.1  460s
 468782 271382 8464.00000   42  162 8771.00000 8464.00000  3.50%  27.1  465s
 475674 276712 8578.00000   50  123 8771.00000 8464.00000  3.50%  27.1  470s
 483345 280775 8565.10497   58  135 8771.00000 8464.00000  3.50%  27.0  475s
 492897 286839 8587.00000   61  148 8771.00000 8464.00000  3.50%  27.0  480s
 500180 291434 8634.00000   47  160 8771.00000 8464.00000  3.50%  26.9  485s
 507341 296983 8726.00000   77  106 8771.00000 8464.00000  3.50%  26.9  490s
 513487 300275 8733.04728   80  104 8771.00000 8464.00000  3.50%  26.9  495s
 521958 305492 8464.00000   50  147 8771.00000 8464.00000  3.50%  26.9  500s
 529763 309929 8564.78853   55  155 8771.00000 8464.00000  3.50%  26.9  505s
 538242 315055 8728.00000   74   98 8771.00000 8464.00000  3.50%  26.9  510s
 542826 318875 8464.00000   40  169 8771.00000 8464.00000  3.50%  26.9  515s
 548765 322603 8559.40541   55  124 8771.00000 8464.00000  3.50%  26.9  520s
 558684 328448 8478.00000   47  130 8771.00000 8464.00000  3.50%  26.8  525s
 565761 333006 8646.00000   54  126 8771.00000 8464.00000  3.50%  26.8  530s
 572154 336699 8690.00000   48  121 8771.00000 8464.00000  3.50%  26.8  535s
 578188 340443 8472.00000   36  132 8771.00000 8464.00000  3.50%  26.8  540s
 583619 343634 infeasible   57      8771.00000 8464.00000  3.50%  26.7  545s
 589654 347058 infeasible   57      8771.00000 8464.00000  3.50%  26.7  550s
 595915 350789 8603.00000   79  141 8771.00000 8464.00000  3.50%  26.7  555s
 600629 354468 8726.00000   82  101 8771.00000 8464.00000  3.50%  26.7  560s
 607261 358099 8730.00000   94   90 8771.00000 8464.00000  3.50%  26.7  565s
 614352 362701 8480.00000   45  194 8771.00000 8464.00000  3.50%  26.7  570s
 619745 365997 8478.00000   49  133 8771.00000 8464.00000  3.50%  26.6  575s
 625413 369830 8600.00000   65  151 8771.00000 8464.00000  3.50%  26.6  580s
 631317 373752     cutoff   80      8771.00000 8464.00000  3.50%  26.6  586s
 638082 378335 8478.20624   60  172 8771.00000 8464.00000  3.50%  26.6  590s
 643526 381030 8739.67918   88  111 8771.00000 8464.00000  3.50%  26.6  595s
 648375 385258 8464.00000   53  175 8771.00000 8464.00000  3.50%  26.6  600s
 655962 389275 8582.00000   54  143 8771.00000 8464.00000  3.50%  26.6  605s
 663508 393986 8615.00000   54  151 8771.00000 8464.00000  3.50%  26.6  610s
 669866 397862 8472.00000   47  141 8771.00000 8464.00000  3.50%  26.6  616s
 674816 400630 8708.00000   65  121 8771.00000 8464.00000  3.50%  26.5  620s
 680575 404269 8596.00000   62  122 8771.00000 8464.00000  3.50%  26.5  625s
 686297 407716 8732.82580   92  122 8771.00000 8464.00000  3.50%  26.5  630s
 691135 411196 8691.00000   84  101 8771.00000 8464.00000  3.50%  26.5  635s
 699772 416457 8648.00000   70  127 8771.00000 8464.00000  3.50%  26.4  641s
 703049 418410 8745.00000   71  119 8771.00000 8464.00000  3.50%  26.4  646s
 706655 421326 8569.14634   83  116 8771.00000 8464.00000  3.50%  26.4  650s
 711430 424292 8611.00000   71  105 8771.00000 8464.00000  3.50%  26.4  655s
 715621 426495 8554.00000   49  144 8771.00000 8464.00000  3.50%  26.4  661s
 719484 428919 infeasible   76      8771.00000 8464.00000  3.50%  26.4  665s
 723984 431573 8734.00000  110  120 8771.00000 8464.00000  3.50%  26.3  670s
 728668 434681     cutoff   60      8771.00000 8464.00000  3.50%  26.3  675s
 734945 438900 8693.00000   75   89 8771.00000 8464.00000  3.50%  26.3  680s
 739274 441754 8660.00000   80  123 8771.00000 8464.00000  3.50%  26.3  685s
 745572 446035 8574.00000   53  129 8771.00000 8464.00000  3.50%  26.2  691s
 750692 448727 infeasible   79      8771.00000 8464.00000  3.50%  26.2  695s
 751798 449993 infeasible  100      8771.00000 8464.00000  3.50%  26.2  701s
 756206 452540 8559.00000   49  125 8771.00000 8464.00000  3.50%  26.2  706s
 761089 455487 infeasible   54      8771.00000 8464.00000  3.50%  26.2  711s
 763386 457813 8480.20163   45  158 8771.00000 8464.00000  3.50%  26.2  716s
 766789 459353 infeasible   40      8771.00000 8464.00000  3.50%  26.2  720s
 772598 463564 8708.00000   79  101 8771.00000 8464.00000  3.50%  26.2  726s
 778237 466306     cutoff   47      8771.00000 8464.00000  3.50%  26.2  731s
 781132 468546 8564.00000   49  157 8771.00000 8464.00000  3.50%  26.2  735s

Cutting planes:
  Learned: 10
  Gomory: 6
  Cover: 7
  Implied bound: 10
  Projected implied bound: 1
  Clique: 2
  MIR: 27
  StrongCG: 1
  Flow cover: 44
  Zero half: 1
  RLT: 28
  Relax-and-lift: 2

Explored 786272 nodes (20608313 simplex iterations) in 738.83 seconds (382.48 work units)
Thread count was 8 (of 8 available processors)

Solution count 10: 8771 8772 8777 ... 8869

Solve interrupted
Best objective 8.771000000000e+03, best bound 8.464000000000e+03, gap 3.5002%

User-callback calls 1684739, time in user-callback 7.15 sec

Statistics for modelBWKS_medium_september:
  Linear constraint matrix    : 10537 Constrs, 4887 Vars, 50426 NZs
  Variable types              : 1358 Continuous,
3529 Integer (1331 Binary)
  Matrix coefficient range    : [ 1, 396 ]
  Objective coefficient range : [ 1, 396 ]
  Variable bound range        : [ 1, 199 ]
  RHS coefficient range       : [ 1, 9389.16 ]
