
Gurobi 10.0.1 (mac64[arm]) logging started Fri Apr  5 14:26:18 2024

Set parameter LogFile to value "/Users/deniserings/Documents/zib/s-bahn-data/scripts/DeniseMA/processed/BWKS_medium_september/RINS/BWKS_medium_september_202404051212_random2_0.6.log"
Gurobi Optimizer version 10.0.1 build v10.0.1rc0 (mac64[arm])

CPU model: Apple M2
Thread count: 8 physical cores, 8 logical processors, using up to 8 threads

Optimize a model with 10306 rows, 4887 columns and 50195 nonzeros
Model fingerprint: 0x2ba322e0
Variable types: 1358 continuous, 3529 integer (1331 binary)
Coefficient statistics:
  Matrix range     [1e+00, 4e+02]
  Objective range  [1e+00, 4e+02]
  Bounds range     [1e+00, 2e+02]
  RHS range        [1e+00, 9e+03]

User MIP start did not produce a new incumbent solution
User MIP start violates constraint objective_cutoff by 94.840000000

Presolve removed 4076 rows and 1364 columns
Presolve time: 0.33s
Presolved: 6230 rows, 3523 columns, 33385 nonzeros
Variable types: 873 continuous, 2650 integer (2650 binary)

Root relaxation: objective 8.158000e+03, 1868 iterations, 0.37 seconds (0.06 work units)
Another try with MIP start

    Nodes    |    Current Node    |     Objective Bounds      |     Work
 Expl Unexpl |  Obj  Depth IntInf | Incumbent    BestBd   Gap | It/Node Time

     0     0 8158.00000    0  178          - 8158.00000      -     -    2s
     0     0 8161.12034    0  288          - 8161.12034      -     -    2s
     0     0 8161.12034    0  288          - 8161.12034      -     -    2s
     0     0 8180.00000    0  295          - 8180.00000      -     -    3s
     0     0 8180.00000    0  298          - 8180.00000      -     -    3s
     0     0 8180.00000    0  303          - 8180.00000      -     -    3s
     0     0 8180.00000    0  287          - 8180.00000      -     -    3s
     0     0 8180.00000    0  251          - 8180.00000      -     -    5s
     0     0 8180.00000    0  239          - 8180.00000      -     -    5s
     0     0 8180.00000    0  188          - 8180.00000      -     -    6s
     0     0 8180.00000    0  196          - 8180.00000      -     -    6s
     0     0 8180.00000    0  159          - 8180.00000      -     -    6s
     0     0 8180.00000    0  211          - 8180.00000      -     -    6s
     0     0 8180.00000    0  173          - 8180.00000      -     -    8s
     0     0 8180.00000    0  218          - 8180.00000      -     -    8s
     0     0 8180.00000    0  180          - 8180.00000      -     -    9s
     0     0 8180.00000    0  219          - 8180.00000      -     -    9s
     0     0 8180.00000    0  180          - 8180.00000      -     -   10s
     0     0 8180.00000    0  173          - 8180.00000      -     -   10s
     0     2 8180.00000    0  142          - 8180.00000      -     -   11s
  1453  1159 9217.66667   28  156          - 8315.00000      -  22.8   15s
  1474  1182 8315.00000   13  145          - 8315.00000      -   5.6   20s
  2854  2077 8667.00000   81  117          - 8315.00000      -  16.3   25s
  4331  2899 8564.00000   32  111          - 8315.00000      -  20.8   30s
  6354  4361 infeasible  105               - 8315.00000      -  22.2   35s
  9000  6805 8564.00000   41   98          - 8315.00000      -  22.2   40s
 11512  9231 9287.12834   82  101          - 8315.00000      -  22.6   45s
 14439 11978 9142.45330   69  125          - 8315.00000      -  22.8   50s
 16581 13138 infeasible  108               - 8315.00000      -  22.8   56s
 17557 14346 9154.00000  161   35          - 8315.00000      -  23.8   60s
H17716 10952                    8924.0000000 8315.00000  6.82%  24.0   60s
H18105 10415                    8857.0000000 8315.00000  6.12%  24.2   62s
 19592 11830 8836.00000  105   68 8857.00000 8315.00000  6.12%  24.2   66s
H20352 12085                    8838.0000000 8315.00000  5.92%  24.5   67s
H20574 12026                    8835.0000000 8315.00000  5.89%  24.6   67s
H20989 12158                    8795.0000000 8315.00000  5.46%  24.7   68s
H21653 12443                    8794.0000000 8315.00000  5.45%  24.6   70s
H21854 12440                    8793.0000000 8315.00000  5.44%  24.7   70s
H22208 12251                    8780.0000000 8315.00000  5.30%  24.8   70s
H22379 12611                    8779.0000000 8315.00000  5.29%  24.9   71s
H22670 12594                    8777.0000000 8315.00000  5.26%  24.9   71s
H23268 13148                    8776.0000000 8315.00000  5.25%  25.0   73s
 25230 14568     cutoff   32      8776.00000 8315.00000  5.25%  24.7   75s
 28975 16581 8763.00000  129  173 8776.00000 8321.00000  5.18%  25.0   92s
 28982 16586 8541.00000   99  310 8776.00000 8321.00000  5.18%  25.0   95s
 28987 16589 8526.00000   81  275 8776.00000 8321.00000  5.18%  25.0  100s
 28994 16594 8504.00000   43  254 8776.00000 8321.00000  5.18%  25.0  106s
 28997 16596 8572.00000   58  156 8776.00000 8321.00000  5.18%  25.0  110s
 29000 16598 8591.45330   52  207 8776.00000 8321.00000  5.18%  25.0  116s
 29003 16600 8458.00000   33  175 8776.00000 8321.00000  5.18%  25.0  120s
 29866 17069 8600.81333   74   91 8776.00000 8321.00000  5.18%  25.6  125s
 31296 17659 8578.17315   86  104 8776.00000 8321.00000  5.18%  25.8  130s
 33670 18731 8655.47818   74   99 8776.00000 8322.00547  5.17%  25.8  135s
 37010 19982 8641.74377   67  138 8776.00000 8324.32488  5.15%  25.5  140s
 40231 21500 8662.00000  128   96 8776.00000 8325.00547  5.14%  25.6  145s
 45080 23449 8722.06000  132   82 8776.00000 8325.93265  5.13%  25.4  150s
 49562 24539 8682.97238   98  179 8776.00000 8330.46547  5.08%  25.1  155s
 55821 26722 8689.02188  112  166 8776.00000 8331.00547  5.07%  24.9  160s
 59655 28462 8343.56505   45  190 8776.00000 8331.00547  5.07%  24.7  165s
 65313 30487 8582.00000   50  121 8776.00000 8331.00547  5.07%  24.6  170s
H65807 29229                    8772.0000000 8331.00547  5.03%  24.6  170s
 69374 31119 infeasible   66      8772.00000 8331.00547  5.03%  24.6  175s
 74156 32522 infeasible  116      8772.00000 8331.14884  5.03%  24.5  180s
 79400 35132 8763.00000   79  121 8772.00000 8331.16505  5.03%  24.6  185s
 84855 38637     cutoff  119      8772.00000 8331.94900  5.02%  24.5  190s
 88604 41467 8483.00000   66  128 8772.00000 8332.00000  5.02%  24.5  195s
 94008 45435 8734.24719   88   86 8772.00000 8332.00000  5.02%  24.3  200s
 97635 47539 8628.00000   69  121 8772.00000 8332.00000  5.02%  24.4  205s
 102292 50281 8619.00000   69  143 8772.00000 8332.00000  5.02%  24.3  211s
 106321 53542 8623.00000   95  127 8772.00000 8332.00000  5.02%  24.3  215s
 111421 57046 8456.40000   43  177 8772.00000 8332.00000  5.02%  24.3  220s
 116681 60740 infeasible   54      8772.00000 8332.00000  5.02%  24.2  226s
 119869 63978 8448.00000   56  164 8772.00000 8332.00000  5.02%  24.2  230s
 124923 66374 8569.00000   85  122 8772.00000 8332.00000  5.02%  24.1  235s
 129338 69410 8540.15957   58  169 8772.00000 8332.14337  5.01%  24.2  240s
 133664 72573 8430.00000   61  149 8772.00000 8332.15957  5.01%  24.2  246s
 137283 75003 8725.39534  135  132 8772.00000 8332.15957  5.01%  24.2  250s
 139687 77238 8342.48566   48  191 8772.00000 8332.15957  5.01%  24.2  256s
 143737 79771 8619.68250   77  173 8772.00000 8332.15957  5.01%  24.1  261s
 148086 82637 8348.27438   63  141 8772.00000 8332.15957  5.01%  24.0  266s
 151208 84709 8590.11968   49  156 8772.00000 8332.20488  5.01%  24.0  270s
 155695 87784 8512.00000   74  126 8772.00000 8332.31915  5.01%  24.0  275s
 159778 90663 8554.15957   65  155 8772.00000 8332.31915  5.01%  24.0  280s
 164120 93456 infeasible   65      8772.00000 8332.31915  5.01%  24.0  285s
 168460 96301     cutoff   35      8772.00000 8333.00547  5.00%  24.0  290s
 172739 99247 8723.00000   67  110 8772.00000 8333.40599  5.00%  23.9  295s
 177014 102405 8655.35484   76  105 8772.00000 8334.04088  4.99%  23.9  300s
 182447 105798 infeasible  107      8772.00000 8334.43573  4.99%  23.8  305s
 186315 108487 infeasible  101      8772.00000 8334.80613  4.98%  23.8  310s
 189852 110918 8564.00000   77  117 8772.00000 8336.00000  4.97%  23.8  315s
 192010 112515 8616.00000   53  173 8772.00000 8336.06952  4.97%  23.9  320s
 195589 114695 infeasible   87      8772.00000 8336.67897  4.96%  23.9  325s
 199848 117885 8346.00000   57  162 8772.00000 8338.00000  4.95%  23.9  330s
 203902 120299 8425.60884   36  139 8772.00000 8338.26949  4.94%  23.9  336s
*205697 120144             207    8771.0000000 8338.48043  4.93%  23.9  338s
 207935 121661 infeasible   78      8771.00000 8338.64322  4.93%  23.8  341s
 210205 124182 infeasible  120      8771.00000 8339.00547  4.93%  23.9  345s
 215132 126659 8710.00000  101   90 8771.00000 8339.00547  4.93%  23.8  350s
 219061 129933 infeasible   98      8771.00000 8339.00547  4.93%  23.8  355s
 223508 132204 8654.00000   69  150 8771.00000 8339.00547  4.93%  23.8  360s
 227854 135108 8448.00000   82  123 8771.00000 8339.00547  4.93%  23.8  365s
 232127 138769 8347.00547   53  129 8771.00000 8339.00547  4.93%  23.8  371s
 237314 142262 8756.00000   97   78 8771.00000 8339.00547  4.93%  23.8  375s
 239733 144759 8500.07027   70  136 8771.00000 8339.00547  4.93%  23.8  380s
 246212 148412 8378.23705   53  176 8771.00000 8339.00547  4.93%  23.8  385s
 251129 150938     cutoff   73      8771.00000 8339.00547  4.93%  23.8  390s
 254472 154328 8612.00000   74  120 8771.00000 8339.00547  4.93%  23.8  395s
 260013 157024 8686.00000   59  127 8771.00000 8339.00547  4.93%  23.8  400s
 264304 160814 8676.00000   94  103 8771.00000 8339.00547  4.93%  23.8  405s
 269578 164611     cutoff   46      8771.00000 8339.00547  4.93%  23.8  411s
 274709 167574 8431.22345   58  167 8771.00000 8339.00547  4.93%  23.8  415s
 281178 171049     cutoff  150      8771.00000 8339.00547  4.93%  23.8  420s
 283784 174046 8561.32086   80  149 8771.00000 8339.00547  4.93%  23.8  426s
 288840 176009 8339.32633   59  135 8771.00000 8339.11536  4.92%  23.8  430s
 291347 177223 8565.00000   61  105 8771.00000 8339.11536  4.92%  23.8  435s
 295154 181096 8595.00000   65   87 8771.00000 8339.14884  4.92%  23.8  443s
 298616 182729 8443.16505   54  136 8771.00000 8339.16505  4.92%  23.7  446s
 302776 185848 8760.00000  118  133 8771.00000 8339.16505  4.92%  23.7  450s
 307081 189326 8739.05263   96   84 8771.00000 8339.16505  4.92%  23.7  455s
 313135 192858     cutoff   58      8771.00000 8339.16505  4.92%  23.7  461s
 316521 194921 8697.00000  101  138 8771.00000 8339.16505  4.92%  23.7  465s
 321046 197926 8369.00547   53  168 8771.00000 8339.16505  4.92%  23.7  470s
 325258 200679 8649.00000   90   94 8771.00000 8339.16505  4.92%  23.7  476s
 328839 203848 8546.00000   83  141 8771.00000 8339.16505  4.92%  23.7  481s
 330763 203896 infeasible   90      8771.00000 8339.16505  4.92%  23.7  485s
 332406 206259 8369.00547   52  178 8771.00000 8339.16505  4.92%  23.7  492s
 335070 207991 8584.00547   76  163 8771.00000 8339.16505  4.92%  23.7  497s
 337614 209650 8347.47817   48  154 8771.00000 8339.19066  4.92%  23.7  501s
 341805 211443 infeasible   86      8771.00000 8339.32633  4.92%  23.7  506s
 344950 213249 8425.32633   62  144 8771.00000 8339.32633  4.92%  23.7  510s
 348305 215444 infeasible   90      8771.00000 8339.32633  4.92%  23.7  515s
 350351 216736 8374.03607   68  164 8771.00000 8339.32633  4.92%  23.7  521s
 352061 218529 8649.00000   99  111 8771.00000 8339.32633  4.92%  23.7  526s
 354828 219948 8359.32633   60  140 8771.00000 8339.32633  4.92%  23.7  530s
 357357 221976 8680.42968  111  112 8771.00000 8339.32633  4.92%  23.7  535s
 362133 224634     cutoff   75      8771.00000 8339.32633  4.92%  23.7  541s
 364794 226371     cutoff   77      8771.00000 8339.32633  4.92%  23.7  545s
 369272 229358 8390.21127   60  142 8771.00000 8339.32633  4.92%  23.7  550s
 373030 231288 infeasible  106      8771.00000 8339.32633  4.92%  23.7  555s
 377141 233841 8369.00547   60  158 8771.00000 8339.32633  4.92%  23.7  560s
 382277 237350 8677.00000   96  123 8771.00000 8339.32633  4.92%  23.7  565s
 387420 240768 8722.00000   90  135 8771.00000 8339.32633  4.92%  23.7  570s
 394302 245707 8591.00000   80  131 8771.00000 8339.46000  4.92%  23.7  575s
 399708 249980 8705.00000  111   77 8771.00000 8339.46000  4.92%  23.7  580s
 404215 254225     cutoff  111      8771.00000 8339.46000  4.92%  23.6  585s
 409706 257345     cutoff   68      8771.00000 8339.60337  4.92%  23.6  590s
 414460 260368 8479.00000   55  142 8771.00000 8339.63775  4.92%  23.6  595s
 418990 264292 8452.00000   56  133 8771.00000 8339.78085  4.92%  23.6  600s
 424639 266885     cutoff  136      8771.00000 8339.93265  4.91%  23.6  605s
 429888 270452     cutoff   54      8771.00000 8339.93265  4.91%  23.6  611s
 433467 273259 8429.00000   72  109 8771.00000 8340.00000  4.91%  23.6  615s
 439728 276847 8464.00000   66  117 8771.00000 8340.00000  4.91%  23.6  620s
 444518 279928 8765.00000  115   96 8771.00000 8340.00000  4.91%  23.6  625s
 449937 284224 8629.00000   78   89 8771.00000 8340.00000  4.91%  23.6  631s
 455089 287145 infeasible   63      8771.00000 8340.00000  4.91%  23.6  635s
 460894 291215 8470.14337   62  144 8771.00000 8340.00000  4.91%  23.6  640s
 465558 294912 8487.00000   67  120 8771.00000 8340.00000  4.91%  23.6  645s
 472153 298872 8386.00000   57  159 8771.00000 8340.00000  4.91%  23.6  650s
 477246 302208 8561.00000   79  142 8771.00000 8340.00000  4.91%  23.6  655s
 483888 306578 8448.00000   78  152 8771.00000 8340.00000  4.91%  23.6  660s
 488777 310664 8731.72874  138   76 8771.00000 8340.00000  4.91%  23.6  665s
 493879 314731 8464.00000   68  136 8771.00000 8340.00000  4.91%  23.6  671s
 499261 317436     cutoff   86      8771.00000 8340.00000  4.91%  23.6  675s
 505450 322192 8753.00000   98  101 8771.00000 8340.00000  4.91%  23.6  680s
 510201 325218 8742.00000  109   96 8771.00000 8340.00000  4.91%  23.6  685s
 513436 327079 8723.00000   80   97 8771.00000 8340.00000  4.91%  23.7  690s
 518562 329248 8609.00000   60  107 8771.00000 8340.00000  4.91%  23.7  695s
 522255 332721 8595.00000   82   91 8771.00000 8340.00000  4.91%  23.7  701s
 526357 335535 8589.00000   90  114 8771.00000 8340.00000  4.91%  23.7  705s
 531334 338544 8406.26972   57  183 8771.00000 8340.00000  4.91%  23.7  710s
 537187 342548 8464.43182   68  151 8771.00000 8340.00000  4.91%  23.7  716s
 541440 345255 8676.00000  103   84 8771.00000 8340.00000  4.91%  23.7  720s
 547052 349403 8716.00000   86   77 8771.00000 8340.00000  4.91%  23.7  726s
 551403 352618 8440.62748   63  155 8771.00000 8340.00000  4.91%  23.7  730s
 556615 355337 infeasible  106      8771.00000 8340.00000  4.91%  23.6  735s
 558569 356742 infeasible  145      8771.00000 8340.00000  4.91%  23.6  740s
 563359 360583 8630.00000   84  155 8771.00000 8340.00000  4.91%  23.7  745s
 570889 365460 8666.00000  110   87 8771.00000 8340.00000  4.91%  23.6  750s
 575132 368599 8683.00000   87  124 8771.00000 8340.00000  4.91%  23.6  755s
 579804 371641 8569.00000   77  144 8771.00000 8340.00000  4.91%  23.6  760s
 584021 375146 8340.14337   53  176 8771.00000 8340.00000  4.91%  23.6  766s
 587065 375620 8464.00000   73  134 8771.00000 8340.00000  4.91%  23.6  770s
 589383 377885 8441.00000   68  119 8771.00000 8340.00000  4.91%  23.6  775s
 594433 381221 8494.45024   77  120 8771.00000 8340.00000  4.91%  23.6  780s
 598666 384005 8762.00000  135   76 8771.00000 8340.05391  4.91%  23.6  785s
 602786 386784 8464.03033   57  197 8771.00000 8340.09222  4.91%  23.6  791s
 605392 388159 8454.15957   47  168 8771.00000 8340.09222  4.91%  23.6  796s
 607745 388784     cutoff   74      8771.00000 8340.10989  4.91%  23.6  800s
 610674 390288 8530.93333   83  143 8771.00000 8340.10989  4.91%  23.6  807s
 612351 391535     cutoff  116      8771.00000 8340.10989  4.91%  23.6  812s
 614718 393282 8501.00000   83  136 8771.00000 8340.10989  4.91%  23.6  815s
 619656 396398 8690.00000   89  103 8771.00000 8340.14337  4.91%  23.6  820s
 623347 398546 8599.00000   80  147 8771.00000 8340.14337  4.91%  23.6  826s
 625552 400222 infeasible   79      8771.00000 8340.15957  4.91%  23.6  830s
 628711 402575 8602.00000   96  109 8771.00000 8340.15957  4.91%  23.6  835s
 633340 405181     cutoff  117      8771.00000 8340.15957  4.91%  23.6  840s
 637241 407576 8348.06729   65  153 8771.00000 8340.15957  4.91%  23.6  845s
 641871 411349 8340.15957   54  154 8771.00000 8340.15957  4.91%  23.6  850s
 644464 413235 8348.00000   49  137 8771.00000 8340.15957  4.91%  23.6  855s
 649770 415858 infeasible  109      8771.00000 8340.15957  4.91%  23.6  861s
 654460 419102 8629.00000   94  116 8771.00000 8340.15957  4.91%  23.6  866s
 658122 422080 8489.00000   85  107 8771.00000 8340.15957  4.91%  23.6  870s
 663238 424860 8494.00000   91  110 8771.00000 8340.15957  4.91%  23.6  875s
H664877 425735                    8770.9999327 8340.15957  4.91%  23.6  878s
 665245 426372 8762.00000  125   65 8770.99993 8340.15957  4.91%  23.6  880s
 668803 429254 8686.00000  103   92 8770.99993 8340.15957  4.91%  23.6  885s
 671223 430994 8745.00000  131  109 8770.99993 8340.15957  4.91%  23.6  890s
 675743 433352 infeasible  134      8770.99993 8340.15957  4.91%  23.5  895s
 679259 435432 8456.00000   60  139 8770.99993 8340.15957  4.91%  23.5  900s
 680504 436381 8579.17202   52  170 8770.99993 8340.15957  4.91%  23.6  905s
 682371 437749 8340.15957   57  161 8770.99993 8340.15957  4.91%  23.6  910s
 686221 440901 8515.00000   71  120 8770.99993 8340.15957  4.91%  23.6  916s
 688929 441873 8499.15957   66  142 8770.99993 8340.15957  4.91%  23.6  920s
 692222 444681 8751.00000  111   49 8770.99993 8340.15957  4.91%  23.6  926s
 695144 446776 8485.00000   69  131 8770.99993 8340.15957  4.91%  23.6  930s
 700568 449975 8351.49612   57  169 8770.99993 8340.15957  4.91%  23.5  936s

Cutting planes:
  Learned: 8
  Gomory: 21
  Cover: 5
  Implied bound: 7
  Projected implied bound: 2
  Clique: 2
  MIR: 5
  StrongCG: 2
  Flow cover: 18
  GUB cover: 1
  Zero half: 1
  RLT: 6
  Relax-and-lift: 3

Explored 704598 nodes (16637917 simplex iterations) in 938.86 seconds (334.26 work units)
Thread count was 8 (of 8 available processors)

Solution count 10: 8771 8771 8772 ... 8795

Solve interrupted
Best objective 8.770999932651e+03, best bound 8.340159572008e+03, gap 4.9121%

User-callback calls 1498285, time in user-callback 9.43 sec

Statistics for modelBWKS_medium_september:
  Linear constraint matrix    : 10306 Constrs, 4887 Vars, 50195 NZs
  Variable types              : 1358 Continuous,
3529 Integer (1331 Binary)
  Matrix coefficient range    : [ 1, 396 ]
  Objective coefficient range : [ 1, 396 ]
  Variable bound range        : [ 1, 199 ]
  RHS coefficient range       : [ 1, 9389.16 ]
