
Gurobi 10.0.1 (mac64[arm]) logging started Fri Apr  5 14:42:25 2024

Set parameter LogFile to value "/Users/deniserings/Documents/zib/s-bahn-data/scripts/DeniseMA/processed/BWKS_medium_september/RINS/BWKS_medium_september_202404051212_random3_0.6.log"
Gurobi Optimizer version 10.0.1 build v10.0.1rc0 (mac64[arm])

CPU model: Apple M2
Thread count: 8 physical cores, 8 logical processors, using up to 8 threads

Optimize a model with 10306 rows, 4887 columns and 50195 nonzeros
Model fingerprint: 0xfdaf2ec8
Variable types: 1358 continuous, 3529 integer (1331 binary)
Coefficient statistics:
  Matrix range     [1e+00, 4e+02]
  Objective range  [1e+00, 4e+02]
  Bounds range     [1e+00, 2e+02]
  RHS range        [1e+00, 9e+03]

User MIP start did not produce a new incumbent solution
User MIP start violates constraint objective_cutoff by 94.840000000

Presolve removed 4072 rows and 1358 columns
Presolve time: 0.20s
Presolved: 6234 rows, 3529 columns, 33513 nonzeros
Variable types: 875 continuous, 2654 integer (2654 binary)

Root relaxation: objective 8.158000e+03, 2103 iterations, 0.06 seconds (0.07 work units)
Another try with MIP start

    Nodes    |    Current Node    |     Objective Bounds      |     Work
 Expl Unexpl |  Obj  Depth IntInf | Incumbent    BestBd   Gap | It/Node Time

     0     0 8158.00000    0  181          - 8158.00000      -     -    0s
     0     0 8161.12034    0  306          - 8161.12034      -     -    0s
     0     0 8161.12034    0  277          - 8161.12034      -     -    1s
     0     0 8180.00000    0  283          - 8180.00000      -     -    1s
     0     0 8180.00000    0  285          - 8180.00000      -     -    1s
     0     0 8180.00000    0  305          - 8180.00000      -     -    1s
     0     0 8180.00000    0  283          - 8180.00000      -     -    1s
     0     0 8180.00000    0  188          - 8180.00000      -     -    2s
     0     0 8180.00000    0  215          - 8180.00000      -     -    2s
     0     0 8180.00000    0  144          - 8180.00000      -     -    2s
     0     0 8180.00000    0  193          - 8180.00000      -     -    2s
     0     0 8180.00000    0  182          - 8180.00000      -     -    3s
     0     0 8180.00000    0  233          - 8180.00000      -     -    3s
     0     0 8180.00000    0  126          - 8180.00000      -     -    3s
     0     0 8180.00000    0  184          - 8180.00000      -     -    3s
     0     0 8180.00000    0  126          - 8180.00000      -     -    4s
     0     0 8180.00000    0  176          - 8180.00000      -     -    4s
     0     0 8180.00000    0  145          - 8180.00000      -     -    4s
     0     0 8180.00000    0   95          - 8180.00000      -     -    4s
     0     2 8180.00000    0   95          - 8180.00000      -     -    7s
   155   291 8450.00000   14  101          - 8450.00000      -  42.7   10s
  1734  1517 8534.00000   21   95          - 8450.00000      -  22.4   15s
  1746  1528 8450.00000   16  162          - 8450.00000      -   5.3   20s
  3245  2589 8549.00000   95   94          - 8450.00000      -  15.0   25s
  5394  3943 8739.58726  147   78          - 8450.00000      -  19.0   30s
  8312  5864 infeasible  139               - 8450.00000      -  19.7   35s
H10196  6599                    9180.0000000 8450.00000  7.95%  21.2   40s
H10535  6159                    9100.0000000 8450.00000  7.14%  21.4   41s
H10605  5101                    8829.0000000 8450.00000  4.29%  21.3   41s
H10700  4975                    8812.0000000 8450.00000  4.11%  21.3   41s
H12034  5712                    8808.0000000 8450.00000  4.06%  21.2   43s
H12153  5945                    8798.0000000 8450.00000  3.96%  21.3   44s
 12627  6012 8450.00000   24  162 8798.00000 8450.00000  3.96%  21.2   45s
 14993  8531 8758.00000   52  155 8798.00000 8450.00000  3.96%  21.5   50s
 18990 10904 8650.78723  120  112 8798.00000 8450.00000  3.96%  21.4   55s
 23351 14179 8596.00000   46  158 8798.00000 8450.00000  3.96%  21.5   60s
H26023 15551                    8793.0000000 8450.00000  3.90%  21.6   63s
 26840 17049 8632.00000   83  117 8793.00000 8450.00000  3.90%  21.6   65s
 29662 18227 8672.00000  134   95 8793.00000 8450.00000  3.90%  21.5   77s
 29670 18232 8735.00000  114  303 8793.00000 8450.00000  3.90%  21.5   80s
 29681 18240 8613.00000   78  302 8793.00000 8450.00000  3.90%  21.5   86s
H29683 17328                    8783.0000000 8450.00000  3.79%  21.5   90s
 29687 17331 8571.85660   78  258 8783.00000 8450.00000  3.79%  21.5   95s
 29692 17334 8518.00000  100  244 8783.00000 8450.00000  3.79%  21.5  100s
 29698 17338 8450.00000   34  252 8783.00000 8450.00000  3.79%  21.5  105s
 29703 17341 8733.00000   31  140 8783.00000 8450.00000  3.79%  21.5  111s
 29706 17343 8450.00000   38  174 8783.00000 8450.00000  3.79%  21.5  115s
 29854 17484 8450.00000   38  136 8783.00000 8450.00000  3.79%  22.2  120s
 30898 18076 8450.00000   42  105 8783.00000 8450.00000  3.79%  22.4  125s
 34044 19424 8585.28021   46  153 8783.00000 8450.00000  3.79%  22.9  130s
 37906 21222 8450.00000   59  129 8783.00000 8450.00000  3.79%  23.3  135s
 41399 22721 8512.00000   61  106 8783.00000 8450.00000  3.79%  23.7  140s
 44455 24423 8611.00000   85  115 8783.00000 8450.00000  3.79%  23.6  145s
 50588 26441     cutoff   42      8783.00000 8450.00000  3.79%  23.5  150s
 54774 28478 8763.55587  150   87 8783.00000 8450.00000  3.79%  23.3  155s
 60541 30210 8456.99999   44  121 8783.00000 8450.00000  3.79%  23.0  160s
 66297 32456 8450.00000   63  109 8783.00000 8450.00000  3.79%  22.9  165s
 72086 34559 8514.06409   50  108 8783.00000 8450.00000  3.79%  22.8  170s
 77622 36631 8704.00000  110   63 8783.00000 8450.00000  3.79%  22.7  175s
 82611 38405     cutoff   95      8783.00000 8450.00000  3.79%  22.6  180s
 88468 41752 8661.00000   69  109 8783.00000 8450.00000  3.79%  22.4  185s
 93092 45069 8678.00000  107   75 8783.00000 8450.00000  3.79%  22.4  190s
 97866 48266 8450.00000   43  120 8783.00000 8450.00000  3.79%  22.5  195s
 103708 51753 8450.00000   43  136 8783.00000 8450.00000  3.79%  22.4  200s
 108940 55169 8561.00000   36  121 8783.00000 8450.00000  3.79%  22.4  205s
 113855 57634 8450.00000   39  131 8783.00000 8450.00000  3.79%  22.3  211s
 115541 59498 8585.00000  110   98 8783.00000 8450.00000  3.79%  22.4  215s
 122440 64757 8760.09690  138   68 8783.00000 8450.00000  3.79%  22.4  220s
 126657 67047 8450.00000   47  137 8783.00000 8450.00000  3.79%  22.3  225s
 131541 70332 infeasible   88      8783.00000 8450.00000  3.79%  22.3  230s
 138149 74704 8450.00000   47  130 8783.00000 8450.00000  3.79%  22.2  235s
 143997 78121 infeasible   93      8783.00000 8450.00000  3.79%  22.1  240s
 148303 81251 8610.00000   84   86 8783.00000 8450.00000  3.79%  22.2  245s
 151398 84104 8521.36463   68   88 8783.00000 8450.00000  3.79%  22.2  250s
 156847 87548 8677.99999   60   86 8783.00000 8450.00000  3.79%  22.2  255s
 161291 90100 infeasible  142      8783.00000 8450.00000  3.79%  22.1  261s
 164740 93750 8467.34665   49  140 8783.00000 8450.00000  3.79%  22.2  265s
 169880 96024 8710.00000  118   67 8783.00000 8450.00000  3.79%  22.1  270s
H171899 96398                    8775.0000000 8450.00000  3.70%  22.2  273s
 173814 97831 8749.98969  111  108 8775.00000 8450.00000  3.70%  22.2  275s
H174285 96879                    8769.0000000 8450.00000  3.64%  22.2  275s
 177871 99257 8734.00000  104  119 8769.00000 8450.00000  3.64%  22.3  281s
 180270 101780 8534.10753   48  133 8769.00000 8450.00000  3.64%  22.3  285s
 186509 104993 8628.00000   48  117 8769.00000 8450.00000  3.64%  22.3  290s
 190924 108132 8546.00000   52  119 8769.00000 8450.00000  3.64%  22.3  295s
 194727 110432 infeasible   47      8769.00000 8450.00000  3.64%  22.3  301s
 198807 112712 8584.00000  108   66 8769.00000 8450.00000  3.64%  22.3  306s
 202027 114711 8450.00000   48  125 8769.00000 8450.00000  3.64%  22.4  310s
 205968 116906 8450.00000   50  114 8769.00000 8450.00000  3.64%  22.4  315s
 207000 117981 8450.00000   38  112 8769.00000 8450.00000  3.64%  22.5  321s
 209735 119330 8527.99999   51   79 8769.00000 8450.00000  3.64%  22.5  325s
 213931 121497 8744.00000   89   88 8769.00000 8450.00000  3.64%  22.5  330s
*214883 120914             194    8765.0000000 8450.00000  3.59%  22.5  330s
 217955 123238 8450.00000   42  118 8765.00000 8450.00000  3.59%  22.6  335s
*222818 125088             193    8764.0000000 8450.00000  3.58%  22.6  339s
 222859 125697 8450.00000   63  101 8764.00000 8450.00000  3.58%  22.6  340s
 227800 128028 infeasible   55      8764.00000 8450.00000  3.58%  22.7  346s
 232054 130638 8542.99999   53  130 8764.00000 8450.00000  3.58%  22.8  351s
 237234 133386 8450.00000   43  116 8764.00000 8450.00000  3.58%  22.9  355s
 243018 135976 8562.99999   58  120 8764.00000 8450.00000  3.58%  22.9  360s
 247213 138178 infeasible   50      8764.00000 8450.00000  3.58%  22.9  365s
 251225 140372 8450.00000   45  124 8764.00000 8450.00000  3.58%  22.9  370s
H252314 140401                    8762.0000000 8450.00000  3.56%  23.0  372s
 254325 141550 8450.00000   45  121 8762.00000 8450.00000  3.56%  23.0  375s
 258145 143958 8450.00000   40  123 8762.00000 8450.00000  3.56%  23.1  380s
 260809 145153 8450.00000   58   98 8762.00000 8450.00000  3.56%  23.1  385s
 263250 146814 8708.00000  106   89 8762.00000 8450.00000  3.56%  23.1  390s
 268964 149561 8450.00000   54  127 8762.00000 8450.00000  3.56%  23.1  395s
 272420 151967 8509.99999   82  105 8762.00000 8450.00000  3.56%  23.2  400s
 277394 154479 8685.00000   84   86 8762.00000 8450.00000  3.56%  23.3  406s
 281610 156971 8450.00000   69   70 8762.00000 8450.00000  3.56%  23.3  410s
 286898 160015 8687.68514   73  112 8762.00000 8450.00000  3.56%  23.3  415s
 291224 162001     cutoff   61      8762.00000 8450.00000  3.56%  23.3  420s
 296285 165288 8642.00000   92   72 8762.00000 8450.00000  3.56%  23.4  426s
 300713 167507 8450.00000   40  126 8762.00000 8450.00000  3.56%  23.4  430s
 304803 170224     cutoff   63      8762.00000 8450.00000  3.56%  23.5  435s
 310075 172487 infeasible   51      8762.00000 8450.00000  3.56%  23.5  440s
 315074 175797 8450.00000   46  124 8762.00000 8450.00000  3.56%  23.5  446s
 319360 177602 8748.00000  112  100 8762.00000 8450.00000  3.56%  23.6  450s
 322811 179827 8679.00000   86   78 8762.00000 8450.00000  3.56%  23.6  455s
 329365 182956 8542.99999   50  118 8762.00000 8450.00000  3.56%  23.7  460s
 336666 186934 infeasible   48      8762.00000 8450.00000  3.56%  23.6  465s
 340570 188759 8492.99999   42  137 8762.00000 8450.00000  3.56%  23.7  470s
 345235 191661 8569.16801   49  137 8762.00000 8450.00000  3.56%  23.8  475s
 348932 193015 8667.82209   56  153 8762.00000 8450.00000  3.56%  23.8  480s
 353528 195488 8745.00000  143   54 8762.00000 8450.00000  3.56%  23.8  485s
 357579 196985 8540.99999   40  138 8762.00000 8450.00000  3.56%  23.8  490s
 357946 199124 8680.00000  112   74 8762.00000 8450.00000  3.56%  23.8  495s
 365701 201657 8540.99999   77   94 8762.00000 8450.00000  3.56%  23.8  500s
 370489 204786 8553.31578   63  130 8762.00000 8450.00000  3.56%  23.9  505s
 376118 207587 8450.00000   44  133 8762.00000 8450.00000  3.56%  23.8  510s
 380487 210017 8585.99999   70   89 8762.00000 8450.00000  3.56%  23.9  516s
 385296 212494 infeasible   58      8762.00000 8450.00000  3.56%  23.9  520s
 389858 214986 8557.54105   49  131 8762.00000 8450.00000  3.56%  23.9  526s
 393940 217075 8598.99999   65  133 8762.00000 8450.00000  3.56%  23.9  530s
 398847 220219 8450.00000   50  124 8762.00000 8450.00000  3.56%  23.9  535s
 403863 223052 8450.00000   47  132 8762.00000 8450.00000  3.56%  23.9  541s
 408702 225203 8450.00000   49  148 8762.00000 8450.00000  3.56%  24.0  546s
 412806 227433 8450.00000   41  148 8762.00000 8450.00000  3.56%  24.0  550s
 418983 230716 infeasible   51      8762.00000 8450.00000  3.56%  24.0  555s
 423080 233119 8575.99999   64  124 8762.00000 8450.00000  3.56%  24.0  560s
 428200 235586 8714.20085   75  125 8762.00000 8450.00000  3.56%  24.1  565s
 432607 237692 8719.00000   97   82 8762.00000 8450.00000  3.56%  24.1  570s
 437333 240490 8706.00000   83   89 8762.00000 8450.00000  3.56%  24.2  575s
 441934 243292     cutoff   52      8762.00000 8450.00000  3.56%  24.2  581s
 445939 244944 8540.99999   47  135 8762.00000 8450.00000  3.56%  24.2  585s
 450286 247437 8677.88390   80   97 8762.00000 8450.00000  3.56%  24.2  590s
 454812 249745 8542.99999   46  145 8762.00000 8450.00000  3.56%  24.3  595s
 458792 251527 8634.02345   60  143 8762.00000 8450.00000  3.56%  24.3  600s
 463956 254169 8542.99999   51  139 8762.00000 8450.00000  3.56%  24.3  606s
 467983 256026 8542.99999   44  121 8762.00000 8450.00000  3.56%  24.3  611s
 471088 257738 8450.00000   53  123 8762.00000 8450.00000  3.56%  24.3  615s
 476019 260319     cutoff   57      8762.00000 8450.00000  3.56%  24.3  620s
 480979 263139 8722.00000   90   85 8762.00000 8450.00000  3.56%  24.3  625s
 485982 265777 8450.00000   48  154 8762.00000 8450.00000  3.56%  24.3  630s
 490171 267890 8545.20708   60  127 8762.00000 8450.00000  3.56%  24.4  635s
 493212 270716 8542.99999   47  140 8762.00000 8450.00000  3.56%  24.4  643s
 497010 271895     cutoff   85      8762.00000 8450.00000  3.56%  24.4  645s
 503452 274560 8567.43181   65  142 8762.00000 8450.00000  3.56%  24.4  651s
 507160 276655 8542.99999   51  129 8762.00000 8450.00000  3.56%  24.4  655s
 511775 279051 8687.00000  102   81 8762.00000 8450.00000  3.56%  24.5  661s
 515343 281373 8450.00000   59  136 8762.00000 8450.00000  3.56%  24.5  666s
 519488 283173 8450.00000   47  142 8762.00000 8450.00000  3.56%  24.5  671s
 521204 284325 8643.00000  105  104 8762.00000 8450.00000  3.56%  24.5  675s
 523892 286484 8605.00000   94   74 8762.00000 8450.00000  3.56%  24.5  681s
 527854 288824 8450.00000   44  151 8762.00000 8450.00000  3.56%  24.5  685s
 533408 291250 8622.99999   60  111 8762.00000 8450.00000  3.56%  24.5  690s
 539218 294806 8450.00000   40  140 8762.00000 8450.00000  3.56%  24.6  695s
 544684 297204 8683.99999   72  116 8762.00000 8450.00000  3.56%  24.6  700s
 549015 299832 8450.00000   53  137 8762.00000 8450.00000  3.56%  24.6  705s
 554535 302825 8573.31578   57  150 8762.00000 8450.00000  3.56%  24.6  710s
 559901 305122 8513.99999   55  124 8762.00000 8450.00000  3.56%  24.6  715s
 563223 307083 8542.99999   46  130 8762.00000 8450.00000  3.56%  24.6  720s
 568026 309185 8552.99999   52  141 8762.00000 8450.00000  3.56%  24.6  725s
 573783 312220     cutoff   54      8762.00000 8450.00000  3.56%  24.6  731s
 578221 314984 8545.33062   52  169 8762.00000 8450.00000  3.56%  24.7  736s
 583367 317525 8542.99999   72  114 8762.00000 8450.00000  3.56%  24.7  740s
 588205 319398 infeasible   60      8762.00000 8450.00000  3.56%  24.7  745s
 593363 322157 8596.99999   49  148 8762.00000 8450.00000  3.56%  24.7  751s
 597869 324500 8450.00000   47  145 8762.00000 8450.00000  3.56%  24.7  755s
 601707 326342 8621.65217   58  129 8762.00000 8450.00000  3.56%  24.7  761s
H602257 326342                    8761.9999970 8450.00000  3.56%  24.7  761s
 602258 326342 8542.99999   49  147 8762.00000 8450.00000  3.56%  24.7  768s
 602341 326743 8450.00000   41  151 8762.00000 8450.00000  3.56%  24.7  770s
 607178 329587 8534.99999   74   83 8762.00000 8450.00000  3.56%  24.7  776s
 610592 331662 8632.99999   66  161 8762.00000 8450.00000  3.56%  24.7  781s
 615164 333611 infeasible   66      8762.00000 8450.00000  3.56%  24.7  785s
 618891 335327 8676.97876   58  132 8762.00000 8450.00000  3.56%  24.7  790s
 624295 337878 infeasible   54      8762.00000 8450.00000  3.56%  24.7  795s
 629872 340585 infeasible   61      8762.00000 8450.00000  3.56%  24.7  801s
 632606 342449 8542.99999   50  146 8762.00000 8450.00000  3.56%  24.7  805s
 637882 345430 8560.10733   63  161 8762.00000 8450.00000  3.56%  24.7  811s
 642086 347092 8704.99999   48  140 8762.00000 8450.00000  3.56%  24.7  816s
 645801 349271 8450.00000   48  138 8762.00000 8450.00000  3.56%  24.7  821s
 649642 350778 8615.99999   85   77 8762.00000 8450.00000  3.56%  24.7  825s
 654261 352801     cutoff   47      8762.00000 8450.00000  3.56%  24.8  831s
 657491 354669 8718.00000  161   74 8762.00000 8450.00000  3.56%  24.8  835s
 663035 356967 8746.00000  126   74 8762.00000 8450.00000  3.56%  24.8  841s
 666289 358803 8450.00000   45  136 8762.00000 8450.00000  3.56%  24.8  845s
 669757 360204 8542.99999   48  161 8762.00000 8450.00000  3.56%  24.8  850s
 673921 361950 8542.99999   53  159 8762.00000 8450.00000  3.56%  24.9  856s
 676975 362694     cutoff   62      8762.00000 8450.00000  3.56%  24.9  860s
 680945 364343 infeasible   50      8762.00000 8450.00000  3.56%  24.9  865s
 684886 365870 8546.87384   43  164 8762.00000 8450.00000  3.56%  24.9  870s
 688655 367740 8671.00000   97   77 8762.00000 8450.00000  3.56%  24.9  876s
 692790 369430     cutoff   52      8762.00000 8450.00000  3.56%  25.0  880s
 698454 371555 8450.00000   46  160 8762.00000 8450.00000  3.56%  25.0  885s
 702416 373513 8737.03131  138   73 8762.00000 8450.00000  3.56%  25.0  891s
 706193 374846 8450.00000   50  153 8762.00000 8450.00000  3.56%  25.0  895s
 709921 376279 8450.00000   43  161 8762.00000 8450.00000  3.56%  25.1  901s
 712874 377259 8648.82468   53  144 8762.00000 8450.00000  3.56%  25.1  905s
 716546 378729 8450.00000   44  148 8762.00000 8450.00000  3.56%  25.1  910s
 720747 380843     cutoff   54      8762.00000 8450.00000  3.56%  25.1  915s
 725697 383619 8450.00000   62   84 8762.00000 8450.00000  3.56%  25.1  920s
 729359 385579 8700.87384   52  115 8762.00000 8450.00000  3.56%  25.1  925s
 733860 387787 8450.00000   50  126 8762.00000 8450.00000  3.56%  25.1  930s
 738114 389962 8516.00000   54  107 8762.00000 8450.00000  3.56%  25.2  936s
 741142 391744 8620.00000  108  100 8762.00000 8450.00000  3.56%  25.2  940s
 744074 393849 8736.52036  141  108 8762.00000 8450.00000  3.56%  25.2  945s
 749828 396896 8644.96825   53  143 8762.00000 8450.00000  3.56%  25.2  951s
 752451 398476 infeasible   47      8762.00000 8450.00000  3.56%  25.3  955s
 756877 400070 infeasible   51      8762.00000 8450.00000  3.56%  25.3  961s
 760616 402191 infeasible   51      8762.00000 8450.00000  3.56%  25.3  966s
 763644 403473 8547.40765   47  138 8762.00000 8450.00000  3.56%  25.3  970s

Cutting planes:
  Learned: 11
  Gomory: 14
  Cover: 8
  Implied bound: 5
  Clique: 3
  MIR: 15
  Flow cover: 21
  Network: 1
  RLT: 14
  Relax-and-lift: 4

Explored 765555 nodes (19408715 simplex iterations) in 972.73 seconds (402.15 work units)
Thread count was 8 (of 8 available processors)

Solution count 10: 8762 8762 8764 ... 8808

Solve interrupted
Best objective 8.761999997050e+03, best bound 8.450000000000e+03, gap 3.5608%

User-callback calls 1640166, time in user-callback 8.52 sec

Statistics for modelBWKS_medium_september:
  Linear constraint matrix    : 10306 Constrs, 4887 Vars, 50195 NZs
  Variable types              : 1358 Continuous,
3529 Integer (1331 Binary)
  Matrix coefficient range    : [ 1, 396 ]
  Objective coefficient range : [ 1, 396 ]
  Variable bound range        : [ 1, 199 ]
  RHS coefficient range       : [ 1, 9389.16 ]
