
Gurobi 10.0.1 (mac64[arm]) logging started Sun Apr  7 13:27:00 2024

Set parameter LogFile to value "/Users/deniserings/Documents/zib/s-bahn-data/scripts/DeniseMA/processed/BBUP_O/Branching/BBUP_O_other alternatives_subMBP202404071201.log"
Gurobi Optimizer version 10.0.1 build v10.0.1rc0 (mac64[arm])

CPU model: Apple M2
Thread count: 8 physical cores, 8 logical processors, using up to 8 threads

Optimize a model with 14336 rows, 5774 columns and 53192 nonzeros
Model fingerprint: 0x8e514340
Variable types: 2447 continuous, 3327 integer (68 binary)
Coefficient statistics:
  Matrix range     [1e+00, 2e+02]
  Objective range  [1e+00, 4e+02]
  Bounds range     [1e+00, 2e+02]
  RHS range        [1e+00, 5e+02]

Loaded user MIP start with objective 15761

Presolve removed 6990 rows and 2171 columns
Presolve time: 0.13s
Presolved: 7346 rows, 3603 columns, 28457 nonzeros
Variable types: 1078 continuous, 2525 integer (2525 binary)

Root relaxation: objective 1.324604e+04, 2249 iterations, 0.02 seconds (0.02 work units)

    Nodes    |    Current Node    |     Objective Bounds      |     Work
 Expl Unexpl |  Obj  Depth IntInf | Incumbent    BestBd   Gap | It/Node Time

     0     0 13246.0447    0   94 15761.0000 13246.0447  16.0%     -    0s
     0     0 13292.0000    0  490 15761.0000 13292.0000  15.7%     -    0s
     0     0 13292.0000    0  504 15761.0000 13292.0000  15.7%     -    0s
     0     0 13298.3853    0  620 15761.0000 13298.3853  15.6%     -    0s
     0     0 13300.0597    0  561 15761.0000 13300.0597  15.6%     -    0s
     0     0 13300.9796    0  536 15761.0000 13300.9796  15.6%     -    0s
     0     0 13303.9789    0  516 15761.0000 13303.9789  15.6%     -    0s
     0     0 13303.9789    0  722 15761.0000 13303.9789  15.6%     -    0s
     0     0 13303.9789    0  716 15761.0000 13303.9789  15.6%     -    0s
     0     0 13303.9789    0  655 15761.0000 13303.9789  15.6%     -    0s
     0     0 13303.9789    0  576 15761.0000 13303.9789  15.6%     -    0s
     0     0 13304.9590    0  213 15761.0000 13304.9590  15.6%     -    1s
     0     0 13304.9590    0  320 15761.0000 13304.9590  15.6%     -    1s
     0     0 13304.9590    0  183 15761.0000 13304.9590  15.6%     -    1s
     0     0 13304.9590    0  225 15761.0000 13304.9590  15.6%     -    1s
     0     0 13304.9590    0  126 15761.0000 13304.9590  15.6%     -    2s
     0     0 13304.9590    0  276 15761.0000 13304.9590  15.6%     -    2s
     0     0 13311.6238    0  109 15761.0000 13311.6238  15.5%     -    2s
     0     0 13311.6238    0  187 15761.0000 13311.6238  15.5%     -    2s
H    0     0                    15758.000000 13311.6238  15.5%     -    2s
     0     0 13311.6238    0  135 15758.0000 13311.6238  15.5%     -    2s
     0     0 13311.6238    0  128 15758.0000 13311.6238  15.5%     -    2s
     0     0 13311.6238    0   96 15758.0000 13311.6238  15.5%     -    3s
     0     0 13311.6238    0  338 15758.0000 13311.6238  15.5%     -    3s
     0     0 13311.6238    0  244 15758.0000 13311.6238  15.5%     -    3s
     0     0 13311.6238    0  243 15758.0000 13311.6238  15.5%     -    3s
     0     0 13311.6238    0  361 15758.0000 13311.6238  15.5%     -    3s
     0     0 13311.6238    0  320 15758.0000 13311.6238  15.5%     -    3s
     0     0 13311.6238    0  359 15758.0000 13311.6238  15.5%     -    3s
     0     0 13311.6238    0  333 15758.0000 13311.6238  15.5%     -    3s
     0     0 13318.0000    0  413 15758.0000 13318.0000  15.5%     -    3s
     0     0 13318.0000    0  380 15758.0000 13318.0000  15.5%     -    3s
     0     0 13318.0000    0  358 15758.0000 13318.0000  15.5%     -    4s
H    0     0                    15755.000000 13318.0000  15.5%     -    4s
     0     0 13318.0000    0  358 15755.0000 13318.0000  15.5%     -    4s
     0     0 13318.0000    0  100 15755.0000 13318.0000  15.5%     -    4s
     0     0 13318.0000    0  188 15755.0000 13318.0000  15.5%     -    4s
     0     0 13318.2092    0  163 15755.0000 13318.2092  15.5%     -    5s
     0     0 13318.2092    0  263 15755.0000 13318.2092  15.5%     -    5s
     0     0 13318.8380    0  350 15755.0000 13318.8380  15.5%     -    5s
     0     0 13318.8641    0  314 15755.0000 13318.8641  15.5%     -    5s
     0     0 13318.8641    0  383 15755.0000 13318.8641  15.5%     -    5s
     0     0 13318.8641    0  338 15755.0000 13318.8641  15.5%     -    5s
H    0     0                    15751.000000 13318.8641  15.4%     -    5s
     0     0 13318.8641    0  271 15751.0000 13318.8641  15.4%     -    5s
     0     0 13318.8641    0  280 15751.0000 13318.8641  15.4%     -    5s
H    0     0                    15750.000000 13318.8641  15.4%     -    5s
     0     0 13318.8641    0   91 15750.0000 13318.8641  15.4%     -    5s
     0     0 13318.8641    0  167 15750.0000 13318.8641  15.4%     -    6s
H    0     0                    15749.000000 13318.8641  15.4%     -    6s
     0     0 13318.8641    0  153 15749.0000 13318.8641  15.4%     -    6s
     0     0 13318.8641    0  136 15749.0000 13318.8641  15.4%     -    6s
     0     2 13318.8641    0  128 15749.0000 13318.8641  15.4%     -    6s
H   10    16                    15548.000000 13328.0000  14.3%   254    6s
H  118   123                    15524.000000 13328.0000  14.1%   128    7s
H  151   161                    15521.000000 13328.0000  14.1%   109    7s
H  152   161                    15497.000000 13328.0000  14.0%   109    7s
H  156   161                    15496.999951 13328.0000  14.0%   108    7s
H  200   208                    15482.000000 13328.0000  13.9%  99.1    7s
H  314   349                    15480.000000 13328.0000  13.9%  79.5    8s
H  332   349                    15477.000000 13328.0000  13.9%  77.1    8s
H  382   466                    15476.000000 13328.0000  13.9%  73.3    8s
H  393   466                    15475.000000 13328.0000  13.9%  71.9    8s
H  532   520                    15474.000000 13328.0000  13.9%  61.8    8s
  1465  1115 14392.0000   49  128 15474.0000 13328.0000  13.9%  44.4   10s
H 1467  1060                    15466.000000 13328.0000  13.8%  44.4   11s
H 1472  1010                    15456.000000 13328.0000  13.8%  44.2   11s
  1650  1152 13328.0000   24  264 15456.0000 13328.0000  13.8%  57.4   15s
H 1885  1260                    15455.999947 13328.0000  13.8%  55.7   16s
H 1971  1222                    15452.000000 13328.0000  13.7%  55.3   16s
H 2206  1339                    15451.999712 13328.0000  13.7%  54.7   18s
  2761  1552 14184.0000   46  162 15451.9997 13328.0000  13.7%  51.1   20s
H 3055  1538                    15451.999665 13328.0000  13.7%  50.3   21s
  4376  2745 14422.2500   55  152 15451.9997 13328.0000  13.7%  46.2   25s
  6944  4549 13328.0000   24  266 15451.9997 13328.0000  13.7%  43.9   30s
  9321  6029 14543.0000   44  170 15451.9997 13328.0000  13.7%  45.5   35s
 11837  7399 13399.7778   31  309 15451.9997 13328.0000  13.7%  48.4   40s
 12911  8328 15261.9477   41  146 15451.9997 13328.0000  13.7%  50.6   45s
H15331  9110                    15451.994689 13328.0000  13.7%  51.5   51s
 15436 12982 13328.0000   37  321 15451.9947 13328.0000  13.7%  52.2   71s
H15912 12441                    14883.000000 13328.0000  10.4%  53.2   71s
H15952 12441                    14882.000000 13328.0000  10.4%  53.1   71s
H15955 12441                    14878.000000 13328.0000  10.4%  53.1   71s
H21463 12318                    14871.000000 13328.0000  10.4%  60.1   76s
H21535 12318                    14870.999983 13328.0000  10.4%  60.2   76s
H21591 12276                    14853.000000 13328.0000  10.3%  60.3   76s
H21769 12275                    14851.000000 13328.0000  10.3%  60.6   76s
H22124 13533                    14844.000000 13328.0000  10.2%  60.8   82s
H22644 13515                    14837.000000 13328.0000  10.2%  61.3   82s
H23293 12770                    14591.000000 13328.0000  8.66%  61.3   82s
H24172 13831                    14584.000000 13328.0000  8.61%  62.1   88s
H24425 13824                    14582.000000 13328.0000  8.60%  62.2   88s
H24649 13824                    14581.999983 13328.0000  8.60%  62.4   88s
 26001 13993 13726.0000   42  363 14582.0000 13328.0000  8.60%  63.4   94s
H26051 13983                    14576.999975 13328.0000  8.57%  63.6   94s
 26340 14167 13735.8770   51  323 14577.0000 13328.0000  8.57%  64.8  101s
H26566 14167                    14576.999966 13328.0000  8.57%  65.5  101s
H26612 14167                    14576.999959 13328.0000  8.57%  65.7  101s
 26760 15103 13726.0000   23  322 14577.0000 13328.0000  8.57%  66.5  108s
H28362 15311                    14576.999937 13328.0000  8.57%  67.7  115s
 28994 15598 13726.0000   27  292 14576.9999 13328.0000  8.57%  69.0  120s
H29074 15417                    14530.000000 13328.0000  8.27%  69.1  120s
 29360 16500 13904.5034   44  230 14530.0000 13328.0000  8.27%  69.8  125s
H30139 16500                    14529.999985 13328.0000  8.27%  70.1  125s
H30620 16500                    14529.999983 13328.0000  8.27%  70.3  125s
 31314 16501 13328.0000   30  128 14530.0000 13328.0000  8.27%  70.7  148s
 31321 16506 14439.0000   61  515 14530.0000 13720.9317  5.57%  70.7  151s
 31325 16508 14138.9375   45  439 14530.0000 13720.9329  5.57%  70.7  155s
 31329 16511 13798.0000   74  268 14530.0000 13720.9329  5.57%  70.7  160s
 31332 16513 13720.9329   24  328 14530.0000 13720.9329  5.57%  70.7  166s
H31343 15694                    14529.999807 13725.0589  5.54%  71.3  171s
 31347 15697 13768.1778   35  222 14529.9998 13725.0589  5.54%  71.3  176s
 31349 15698 13725.0589   56  187 14529.9998 13725.0589  5.54%  71.3  180s
 31653 15865 13868.4527   54  301 14529.9998 13725.0965  5.54%  72.5  185s
 32043 16078 14220.0000   73  244 14529.9998 13725.0965  5.54%  73.0  190s
 32524 16334 14166.0000   69  250 14529.9998 13725.0965  5.54%  72.9  195s
 32985 16539 14387.0000   76  236 14529.9998 13725.0965  5.54%  72.9  200s
 33547 16553 13879.3051   46  253 14529.9998 13725.0965  5.54%  73.1  205s
 34832 16861 14056.0965   57  146 14529.9998 13725.4104  5.54%  73.5  211s
 36178 17264 14125.3164   54  326 14529.9998 13726.0000  5.53%  74.0  215s
 37751 17430 14124.0000   50  359 14529.9998 13726.0000  5.53%  74.8  220s
 38619 17656 14126.3355   46  424 14529.9998 13726.2560  5.53%  75.6  225s
 39590 17724 14128.4625   52  360 14529.9998 13727.0898  5.53%  75.9  230s
 40739 18192 14159.0965   49  274 14529.9998 13735.1967  5.47%  76.6  235s
 42819 18243 14175.0965   51  287 14529.9998 13745.4119  5.40%  77.1  241s
 44563 18673     cutoff   58      14529.9998 13751.0965  5.36%  77.0  245s
 45043 18687 14176.0000   55  267 14529.9998 13761.0965  5.29%  77.4  250s
 46810 19196 14400.0000   65  211 14529.9998 13794.2297  5.06%  77.6  255s
 49182 19590 14127.8284   55  303 14529.9998 13823.0000  4.87%  77.9  260s
 51406 20125 14358.0000   62  171 14529.9998 13846.6378  4.70%  77.9  267s
 52796 20185 14345.0000   46  362 14529.9998 13867.0000  4.56%  78.1  271s
 54253 20327     cutoff   66      14529.9998 13903.0965  4.31%  78.3  275s
 57392 20417 infeasible   65      14529.9998 13937.0548  4.08%  77.6  281s
 59337 20525 infeasible   69      14529.9998 13968.0000  3.87%  77.3  285s
 61492 21511 14311.0000   65  138 14529.9998 14012.0000  3.57%  77.0  292s
 63919 20894 14305.0965   58  345 14529.9998 14067.0965  3.19%  76.3  295s
 66586 21179 14347.5292   73  237 14529.9998 14123.0965  2.80%  75.6  301s
 68415 21870 14123.0965   58  340 14529.9998 14123.0965  2.80%  75.3  307s
 69483 21664 14289.0000   69  189 14529.9998 14123.0965  2.80%  75.3  310s
 70959 21786 14347.0965   54  252 14529.9998 14123.0965  2.80%  75.6  316s
 71416 22225 14194.8811   51  315 14529.9998 14123.0965  2.80%  75.9  320s
 73079 22291     cutoff   75      14529.9998 14123.0965  2.80%  76.3  327s
 74037 22176 infeasible   54      14529.9998 14123.0965  2.80%  76.6  330s
 74758 22076 14123.6330   49  362 14529.9998 14123.0965  2.80%  77.0  335s
 75592 22627 14236.0965   67  164 14529.9998 14123.0965  2.80%  77.7  343s
 76944 22428 14282.7616   54  208 14529.9998 14123.0965  2.80%  77.7  348s
 77586 23211 14123.8080   50  416 14529.9998 14123.0965  2.80%  78.1  357s
 79746 23209 14124.0000   51  368 14529.9998 14123.6500  2.80%  78.7  362s
 80426 23605 14176.0000   55  289 14529.9998 14124.0000  2.79%  79.3  368s
 81271 24231 14433.0000   62   96 14529.9998 14124.0000  2.79%  80.2  375s
 82657 24572 14247.6667   58  360 14529.9998 14124.0000  2.79%  81.2  383s
 83631 24889 14246.0000   51  219 14529.9998 14124.0000  2.79%  81.9  390s
 84406 25406 14507.0000   72  118 14529.9998 14124.0000  2.79%  82.8  398s
 85561 25803 14274.0000   51  266 14529.9998 14124.0000  2.79%  83.8  406s
 86463 26437 14495.0000   66  143 14529.9998 14124.0000  2.79%  84.6  415s
 87844 26743 14176.0000   58  351 14529.9998 14124.0000  2.79%  85.6  425s
 88639 27141 14130.3988   52  389 14529.9998 14124.0000  2.79%  86.6  435s
 89593 27567 14315.7707   54  337 14529.9998 14124.0000  2.79%  87.5  444s
 90538 28286 14214.0000   49  279 14529.9998 14124.0000  2.79%  88.5  454s
 92258 28607 14127.1375   52  487 14529.9998 14124.0000  2.79%  89.3  460s
 92964 29086 14126.1818   55  338 14529.9998 14124.0000  2.79%  89.8  470s
 94096 29571 14124.0000   51  435 14529.9998 14124.0000  2.79%  90.6  480s
 95251 30396 14212.0000   58  295 14529.9998 14124.0000  2.79%  91.7  491s
 97116 30923 14176.0000   51  364 14529.9998 14124.0000  2.79%  92.7  500s
 98535 31533 14124.0000   52  392 14529.9998 14124.0000  2.79%  93.3  510s
 99871 32058 14136.0000   50  344 14529.9998 14124.0000  2.79%  94.0  521s
 100991 33024 14124.0000   51  442 14529.9998 14124.0000  2.79%  94.8  530s
 103326 33457 14163.3968   52  453 14529.9998 14124.0000  2.79%  95.5  539s
 104411 33846 14310.0000   64  191 14529.9998 14124.0000  2.79%  96.2  546s
 105235 34313 14126.7725   52  430 14529.9998 14124.0000  2.79%  96.9  555s
 106182 34825     cutoff   53      14529.9998 14124.0000  2.79%  97.7  564s
 107386 35142 14143.1842   55  402 14529.9998 14124.0000  2.79%  98.4  570s
 108088 35670     cutoff   55      14529.9998 14124.0000  2.79%  98.7  582s
 109477 36614 14503.0000   72  155 14529.9998 14124.0000  2.79%  99.4  598s
 111582 37102 infeasible   71      14529.9998 14124.1592  2.79%   100  608s
 112673 37638 14399.7715   56  264 14529.9998 14124.2633  2.79%   100  622s
 113942 38689 14336.6319   56  334 14529.9998 14124.3606  2.79%   101  633s
 116224 39142 14307.0394   58  308 14529.9998 14124.5613  2.79%   101  642s
 117331 39580 14245.0000   57  284 14529.9998 14124.7061  2.79%   101  652s
 118310 40417 14431.9833   51  343 14529.9998 14124.8545  2.79%   102  662s
 120057 40796 14192.5972   59  437 14529.9998 14125.0955  2.79%   102  671s

Cutting planes:
  Learned: 27
  Gomory: 105
  Cover: 2042
  Implied bound: 367
  Projected implied bound: 38
  Clique: 241
  MIR: 307
  StrongCG: 152
  Flow cover: 1115
  GUB cover: 12
  Inf proof: 13
  Zero half: 17
  Network: 30
  RLT: 60
  Relax-and-lift: 89

Explored 120948 nodes (12393177 simplex iterations) in 672.40 seconds (562.17 work units)
Thread count was 8 (of 8 available processors)

Solution count 10: 14530 14530 14530 ... 14582

Solve interrupted
Best objective 1.452999980738e+04, best bound 1.412525490196e+04, gap 2.7856%

User-callback calls 388687, time in user-callback 2.26 sec

Statistics for modelBBUP_O:
  Linear constraint matrix    : 14336 Constrs, 5774 Vars, 53192 NZs
  Variable types              : 2447 Continuous,
3327 Integer (68 Binary)
  Matrix coefficient range    : [ 1, 200 ]
  Objective coefficient range : [ 1, 384 ]
  Variable bound range        : [ 1, 199 ]
  RHS coefficient range       : [ 1, 549 ]
