
Gurobi 10.0.1 (mac64[arm]) logging started Sun Mar  3 17:54:26 2024

Set parameter LogFile to value "/Users/deniserings/Documents/zib/s-bahn-data/scripts/DeniseMA/processed/BGB_BWES/original/BGB_BWES_202403031754_mipstart.log"
Gurobi Optimizer version 10.0.1 build v10.0.1rc0 (mac64[arm])

CPU model: Apple M2
Thread count: 8 physical cores, 8 logical processors, using up to 8 threads

Optimize a model with 23649 rows, 9987 columns and 87844 nonzeros
Model fingerprint: 0x10f03597
Variable types: 3270 continuous, 6717 integer (1378 binary)
Coefficient statistics:
  Matrix range     [1e+00, 2e+02]
  Objective range  [1e+00, 4e+02]
  Bounds range     [1e+00, 2e+02]
  RHS range        [1e+00, 5e+02]
Presolve removed 9727 rows and 2616 columns
Presolve time: 0.14s
Presolved: 13922 rows, 7371 columns, 55623 nonzeros
Variable types: 1909 continuous, 5462 integer (5462 binary)

Root relaxation: objective 2.329800e+04, 4660 iterations, 0.04 seconds (0.05 work units)

    Nodes    |    Current Node    |     Objective Bounds      |     Work
 Expl Unexpl |  Obj  Depth IntInf | Incumbent    BestBd   Gap | It/Node Time

     0     0 23298.0000    0  431          - 23298.0000      -     -    0s
     0     0 23459.0616    0  984          - 23459.0616      -     -    0s
     0     0 23459.0803    0  894          - 23459.0803      -     -    0s
     0     0 23498.0464    0  956          - 23498.0464      -     -    0s
     0     0 23499.0438    0  802          - 23499.0438      -     -    1s
     0     0 23499.0438    0  772          - 23499.0438      -     -    1s
     0     0 23503.0000    0 1011          - 23503.0000      -     -    1s
     0     0 23504.0000    0  894          - 23504.0000      -     -    1s
     0     0 23504.0000    0  956          - 23504.0000      -     -    1s
     0     0 23504.0000    0  977          - 23504.0000      -     -    1s
     0     0 23504.0000    0 1033          - 23504.0000      -     -    1s
     0     0 23504.0000    0  990          - 23504.0000      -     -    1s
     0     0 23504.0000    0 1019          - 23504.0000      -     -    1s
     0     0 23504.0000    0  372          - 23504.0000      -     -    1s
     0     0 23504.0000    0  519          - 23504.0000      -     -    2s
     0     0 23504.0000    0  438          - 23504.0000      -     -    2s
     0     0 23504.0000    0  553          - 23504.0000      -     -    2s
     0     0 23504.0000    0  438          - 23504.0000      -     -    2s
     0     0 23504.0000    0  395          - 23504.0000      -     -    2s
     0     2 23504.0000    0  394          - 23504.0000      -     -    3s
   850   842 24485.0000   81  654          - 23523.0000      -  53.6    5s
  2395  2166 24516.0000  113  587          - 23570.3881      -  33.7   10s
  2743  2417 23648.3939   31  324          - 23591.3369      -  29.9   15s
  6329  4636 infeasible  178               - 23591.3489      -  36.5   20s
 11984  9462 23641.0000   50  351          - 23634.7667      -  34.2   25s
 21392 16526 24215.0000  158  339          - 23634.7667      -  31.0   30s
 29479 23198 23641.0000   82  335          - 23634.7681      -  29.1   41s
 38142 29717 23733.0506   91  318          - 23634.7681      -  28.0   45s
 44992 35522 24148.0000  175  351          - 23634.7681      -  27.7   50s
 52339 40924 23729.0000  119  268          - 23634.7681      -  27.6   55s
 59553 45765 23703.8564   33  481          - 23634.7681      -  27.3   60s
 66179 50820 infeasible   86               - 23634.7681      -  27.3   65s
 72119 56856 23925.5044  168  316          - 23634.7681      -  27.4   70s
 80872 62800 infeasible  180               - 23634.7743      -  27.2   75s
 89434 69081 infeasible   98               - 23634.7743      -  26.9   80s
 93106 73525 23640.7743   70  392          - 23634.7743      -  27.0   85s
 101547 78534 23780.8564   41  538          - 23634.7743      -  27.3   90s
 105479 86263 23657.3993   53  494          - 23634.7743      -  27.6   95s
 115058 89867 25185.7743   94  474          - 23634.7743      -  28.0  100s
 120009 96518 23836.7620  100  301          - 23634.7743      -  28.4  106s
 125909 97048 23720.9142   79  375          - 23634.7743      -  28.6  110s
 132059 101868 23682.7743   61  447          - 23634.7743      -  29.1  115s
 136542 106358 24937.1743  121  353          - 23634.7743      -  29.5  120s
 144269 111097 23930.3793   91  417          - 23634.7743      -  29.8  125s
 148676 115465 23853.1080   67  484          - 23634.7743      -  30.1  130s
 154274 119786 23634.8564   64  521          - 23634.7743      -  30.4  135s
 160350 124207 24019.7743   67  515          - 23634.7743      -  30.6  140s
 163977 129340 24053.7743   71  431          - 23634.7743      -  30.7  145s
 169392 130034 23997.1996   58  513          - 23634.7743      -  30.8  150s
 175759 134690 23975.7743   93  397          - 23634.7743      -  31.1  155s
 179798 142208 23853.4913   53  533          - 23634.7743      -  31.3  162s
 187260 143152 24277.7743   82  445          - 23634.7743      -  31.4  165s
 192770 148024 23800.7743   77  483          - 23634.7743      -  31.7  170s
 199609 153051 23964.7743   54  523          - 23634.7743      -  31.8  175s
 204550 156639 24580.0743  168  348          - 23634.7743      -  32.0  180s
 210608 163263 24924.7743  142  411          - 23634.7743      -  32.2  187s
 215659 165290 24568.9562  144  320          - 23634.7743      -  32.4  190s
 222660 169475 infeasible  192               - 23634.7743      -  32.6  195s
 226202 173617 24618.4339   95  413          - 23634.7743      -  32.8  200s
 233814 177577 23883.7743   47  452          - 23634.7743      -  33.1  205s
 236075 179377 23722.8121   79  466          - 23634.7743      -  33.3  210s
 240963 182980 23749.8109  103  404          - 23634.7743      -  33.5  215s
 245152 187139 23866.8564   56  549          - 23634.7743      -  33.8  220s
 251603 190977 24276.4222   63  569          - 23634.7743      -  34.0  225s
 256124 194535 23732.7901   55  529          - 23634.7743      -  34.1  230s
 262211 199006 24182.1737   39  602          - 23634.7743      -  34.3  235s
 267005 202742 24574.7253   69  536          - 23634.7743      -  34.5  240s
 271972 206871 24121.8564   66  461          - 23634.7743      -  34.8  248s
 273113 208211 24121.8564   65  492          - 23634.7743      -  34.8  252s
 274677 212243 24766.4917  126  256          - 23634.7743      -  34.9  256s
 283019 214655 23680.1643   64  572          - 23634.7743      -  34.9  260s
 288129 219037 24464.5143  119  382          - 23634.7743      -  35.0  265s
 293761 223768 24029.7743  114  272          - 23634.7743      -  35.2  270s
 298851 227357 infeasible   97               - 23634.7743      -  35.3  275s
 304126 231427 25110.9629  111  402          - 23634.7743      -  35.4  280s
 309620 235355 infeasible  168               - 23634.7743      -  35.6  285s
 315273 238826 infeasible   99               - 23634.7743      -  35.8  290s
 321031 243842 24705.3743  173  289          - 23634.7743      -  35.9  295s
 326524 247156 infeasible  105               - 23634.7743      -  36.0  300s
 332103 252110 24921.3098  163  206          - 23634.7743      -  36.1  305s
 336243 255297 24244.7743   79  455          - 23634.7743      -  36.2  310s
 341830 259255 23694.6410   86  533          - 23634.7743      -  36.4  315s
 347612 263085 23989.7743   76  401          - 23634.7743      -  36.5  323s
 348904 264201 24102.0101   77  428          - 23634.7743      -  36.5  326s
 355031 268183 infeasible  163               - 23634.7743      -  36.6  331s
 358483 272191 24126.0876   86  441          - 23634.7743      -  36.7  335s
 362988 277898 24066.8353   74  389          - 23634.7743      -  36.7  341s
 370883 280959 24317.5814   48  442          - 23634.7743      -  36.8  345s
 376523 285137 25705.0695  159  389          - 23634.7743      -  36.9  350s
 378397 289353 24466.7743   73  419          - 23634.7743      -  36.9  356s
 385031 291807 25779.8603  130  362          - 23634.7743      -  37.2  360s
 389634 295059 24706.7743  123  365          - 23634.7743      -  37.3  366s
 394292 300076 23775.7743   61  509          - 23634.7743      -  37.4  372s
 398587 300668 23918.8564   65  539          - 23634.7743      -  37.5  375s
 402752 304929 25050.7047   85  522          - 23634.7743      -  37.6  380s
 405021 305464 infeasible  164               - 23634.7743      -  37.6  385s
 407717 307538 25770.8843   89  384          - 23634.7743      -  37.7  390s
 411660 311372 23858.7743   76  394          - 23634.7743      -  37.9  395s
 415783 314378 infeasible   86               - 23634.7743      -  38.0  400s
 419955 317475 24008.8564  124  336          - 23634.7743      -  38.2  405s
 424294 320751 24629.7743   75  409          - 23634.7743      -  38.3  410s
 426221 325024 24504.7743  129  369          - 23634.7743      -  38.4  416s
 432500 326954 25048.7743  140  310          - 23634.7743      -  38.5  420s
 436988 329850 24153.7743   56  444          - 23634.7743      -  38.6  425s
 441779 332917 23677.7743   50  548          - 23634.7743      -  38.7  430s
 442788 336527 24537.7743   61  441          - 23634.7743      -  38.8  435s
 449734 338781 23950.7743   54  584          - 23634.7743      -  38.9  440s
 453637 341622 24106.7853   82  510          - 23634.7743      -  39.1  445s
 457711 345352 23832.3911   94  486          - 23634.7743      -  39.2  450s
 461095 348281 24517.5898  130  401          - 23634.7743      -  39.4  455s
 465765 351146 24260.7743   99  361          - 23634.7743      -  39.4  460s
 467233 351796 25345.7743   91  471          - 23634.7743      -  39.5  467s
H467325 351796                    33572.000000 23634.7743  29.6%  39.5  467s
H467518 352113                    28833.000000 23634.7743  18.0%  39.5  468s
H467546 352112                    28061.000000 23634.7743  15.8%  39.5  468s
 467963 352489 27562.8564  122  348 28061.0000 23634.7743  15.8%  39.5  470s
H469021 353894                    27861.000000 23634.7743  15.2%  39.6  473s
H469180 353891                    27841.000000 23634.7743  15.1%  39.6  473s
H470355 354207                    27835.000000 23634.7743  15.1%  39.6  475s
H470355 354188                    27812.000000 23634.7743  15.0%  39.6  475s
H470760 354689                    27810.000000 23634.7743  15.0%  39.7  476s
H470841 354689                    27797.000000 23634.7743  15.0%  39.7  476s
H471020 354688                    27783.000000 23634.7743  14.9%  39.7  476s
H471419 354967                    27770.000000 23634.7743  14.9%  39.7  479s
H471419 354967                    27769.000000 23634.7743  14.9%  39.7  479s
H471502 354967                    27768.000000 23634.7743  14.9%  39.7  479s
H471622 354965                    27762.000000 23634.7743  14.9%  39.7  479s
H471815 355937                    27760.000000 23634.7743  14.9%  39.7  483s
H471816 355937                    27753.000000 23634.7743  14.8%  39.7  483s
H472002 355936                    27747.000000 23634.7743  14.8%  39.7  483s
H472179 355930                    27735.000000 23634.7743  14.8%  39.7  483s
 473095 356200 infeasible   62      27735.0000 23634.7743  14.8%  39.7  487s
H473096 356197                    27721.000000 23634.7743  14.7%  39.7  487s
H473096 356184                    27710.000000 23634.7743  14.7%  39.7  487s
 473427 356965 23735.4229   57  502 27710.0000 23634.7743  14.7%  39.8  491s
 474408 359458 23649.7743   57  469 27710.0000 23634.7743  14.7%  39.8  496s
H476768 359458                    27709.000000 23634.7743  14.7%  39.9  496s
H477837 359665                    27708.000000 23634.7743  14.7%  39.9  499s
 478100 360154 25863.0414  155  298 27708.0000 23634.7743  14.7%  39.9  502s
H478515 360153                    27707.000000 23634.7743  14.7%  39.9  502s
H478742 360726                    27705.000000 23634.7743  14.7%  40.0  506s
H478941 360690                    27674.000000 23634.7743  14.6%  40.0  506s
H479434 361507                    27307.000000 23634.7743  13.4%  40.0  509s
H481740 361898                    27284.000000 23634.7743  13.4%  40.1  513s
 482313 362396 25696.7743  110  280 27284.0000 23634.7743  13.4%  40.1  516s
H482454 362394                    27282.000000 23634.7743  13.4%  40.1  516s
H482562 362337                    27263.000000 23634.7743  13.3%  40.1  516s
H482953 363925                    27261.000000 23634.7743  13.3%  40.1  520s
H485192 363910                    27255.000000 23634.7743  13.3%  40.2  522s
 485243 370226 23634.7743   63  596 27255.0000 23634.7743  13.3%  40.2  548s
 493251 371203 25021.7743  122  335 27255.0000 23634.7743  13.3%  40.7  552s
H493499 371203                    27254.999974 23634.7743  13.3%  40.7  552s
 494596 372921 23952.1885  101  570 27255.0000 23634.7743  13.3%  40.7  557s
 496991 374790 23775.6510   69  567 27255.0000 23634.7743  13.3%  40.8  560s
H499750 374795                    27252.000000 23634.7743  13.3%  40.9  564s
 499756 380183 23809.8543   61  541 27252.0000 23634.7743  13.3%  40.9  577s
H500782 379395                    27027.000000 23634.7743  12.6%  40.9  577s
H505787 379390                    27026.000000 23634.7743  12.5%  41.1  577s
H507764 379173                    26985.000000 23634.7743  12.4%  41.1  581s
H507769 378550                    26870.000000 23634.7743  12.0%  41.1  581s
H507800 377229                    26624.000000 23634.7743  11.2%  41.1  583s
H508444 377348                    26618.000000 23634.7743  11.2%  41.2  585s
 509155 377745 23648.3755   51  565 26618.0000 23634.7743  11.2%  41.3  591s
H509157 377619                    26604.000000 23634.7743  11.2%  41.3  591s
H509265 377847                    26598.000000 23634.7743  11.1%  41.3  594s
 509596 377982 23910.7813   63  528 26598.0000 23634.7743  11.1%  41.3  598s
H509700 372857                    26141.000000 23634.7743  9.59%  41.3  598s
H509833 372927                    26118.000000 23634.7743  9.51%  41.3  601s
H510135 372726                    26105.000000 23634.7743  9.46%  41.4  601s
H510371 373464                    26102.000000 23634.7743  9.45%  41.4  604s
H510611 373342                    26093.000000 23634.7743  9.42%  41.4  604s
H510762 373247                    26086.000000 23634.7743  9.40%  41.4  604s
 511451 373625 infeasible   97      26086.0000 23634.7743  9.40%  41.4  607s
H511456 373571                    26083.000000 23634.7743  9.39%  41.4  607s
 511931 374426 23792.7849   52  553 26083.0000 23634.7743  9.39%  41.4  610s
H512162 374012                    26058.000000 23634.7743  9.30%  41.5  610s
H514637 375217                    26057.000000 23634.7743  9.30%  41.5  614s
 514815 377673 24116.9562   76  423 26057.0000 23634.7743  9.30%  41.6  621s
 519094 378566 23955.0432   80  440 26057.0000 23634.7743  9.30%  41.8  627s
 519745 379869 24414.5993   75  620 26057.0000 23634.7743  9.30%  41.9  630s
H521723 379701                    26039.000000 23634.7743  9.23%  41.9  634s
 521838 380334 25814.7743  100  327 26039.0000 23634.7743  9.23%  41.9  637s
H521852 380322                    26038.000000 23634.7743  9.23%  41.9  637s
H521944 380252                    26033.000000 23634.7743  9.21%  41.9  637s
H522173 380227                    26032.000000 23634.7743  9.21%  42.0  637s
 522692 381503 23722.7743   70  387 26032.0000 23634.7743  9.21%  42.0  640s
H523379 381445                    26029.000000 23634.7743  9.20%  42.0  640s
H524509 381633                    26014.000000 23634.7743  9.15%  42.1  643s
 525171 382137 23754.5873   59  486 26014.0000 23634.7743  9.15%  42.2  646s
H525359 382000                    26009.000000 23634.7743  9.13%  42.2  646s
 525898 383400 24382.8872  105  544 26009.0000 23634.7743  9.13%  42.3  650s
H526092 383400                    26008.999977 23634.7743  9.13%  42.3  650s
H527281 382280                    25962.000000 23634.7743  8.96%  42.3  650s
 528503 384179 24377.9593  109  355 25962.0000 23634.7743  8.96%  42.4  656s
H529073 384160                    25961.000000 23634.7743  8.96%  42.4  656s
 530847 385711 23989.0047   65  470 25961.0000 23634.7743  8.96%  42.6  665s
 532845 387876 23833.7390   67  635 25961.0000 23634.7743  8.96%  42.7  670s
H533956 387846                    25960.000000 23634.7743  8.96%  42.8  670s
H534752 386777                    25916.000000 23634.7743  8.80%  42.8  670s
H535981 387467                    25903.000000 23634.7743  8.76%  42.8  674s
 537505 388100 23638.7743   55  551 25903.0000 23634.7743  8.76%  42.9  677s
H537753 387985                    25898.000000 23634.7743  8.74%  42.9  677s
 538330 389676 23816.8578   72  526 25898.0000 23634.7743  8.74%  43.0  680s
H540350 389638                    25897.000000 23634.7743  8.74%  43.0  680s
H541373 390097                    25896.000000 23634.7743  8.73%  43.1  683s
H541560 391033                    25886.000000 23634.7743  8.70%  43.1  686s
 543406 391126 infeasible   91      25886.0000 23634.7743  8.70%  43.2  690s
H543410 390996                    25879.000000 23634.7743  8.67%  43.2  690s
H543410 390339                    25853.000000 23634.7743  8.58%  43.2  690s
H543411 382409                    25638.000000 23634.7743  7.81%  43.2  690s
H543445 382100                    25630.000000 23634.7743  7.78%  43.2  690s
 544259 383034 24432.0891   66  395 25630.0000 23634.7743  7.78%  43.3  696s
 544866 384318 24392.1190   76  494 25630.0000 23634.7743  7.78%  43.3  700s
 547060 385726     cutoff  141      25630.0000 23634.7743  7.78%  43.4  709s
H547524 385313                    25619.000000 23634.7743  7.75%  43.5  709s
 548899 387405 23777.0883   53  611 25619.0000 23634.7743  7.75%  43.6  716s
 552724 389363 23765.6179   59  558 25619.0000 23634.7743  7.75%  43.9  724s
 554890 389886 23634.7743   69  614 25619.0000 23634.7743  7.75%  44.0  727s
 555673 390610 24063.9034   66  544 25619.0000 23634.7743  7.75%  44.0  731s
 556715 391704 23648.9799   49  521 25619.0000 23634.7743  7.75%  44.1  736s
 558405 392189 infeasible   67      25619.0000 23634.7743  7.75%  44.2  740s
 559169 392364 23634.8302   46  577 25619.0000 23634.7743  7.75%  44.3  745s
H559941 391516                    25579.000000 23634.7743  7.60%  44.3  749s
 560289 392634 23649.7743   50  556 25579.0000 23634.7743  7.60%  44.4  753s
H560523 392132                    25567.000000 23634.7743  7.56%  44.4  754s
 561946 392228 infeasible   96      25567.0000 23634.7743  7.56%  44.4  756s
H561951 391988                    25562.000000 23634.7743  7.54%  44.4  756s
H562034 391944                    25561.000000 23634.7743  7.54%  44.5  756s
 562095 394303 24182.8661   74  574 25561.0000 23634.7743  7.54%  44.5  770s
 565378 396185 24538.7466   78  486 25561.0000 23634.7743  7.54%  44.8  776s
 568094 397655 24036.6631   89  541 25561.0000 23634.7743  7.54%  44.9  780s
 570974 399572 25081.8144  105  422 25561.0000 23634.7743  7.54%  45.1  789s
 572974 400023 23637.9440   38  544 25561.0000 23634.7743  7.54%  45.2  793s
 573656 400594 24240.7555   48  653 25561.0000 23634.7743  7.54%  45.3  797s
 574551 402021 24029.6698   40  568 25561.0000 23634.7743  7.54%  45.4  801s
 576595 407478 24467.7743   49  531 25561.0000 23634.7743  7.54%  45.5  868s
 584494 409893 23807.7743   64  526 25561.0000 23634.7743  7.54%  46.3  878s
H586646 409893                    25560.999907 23634.7743  7.54%  46.4  878s
H587407 409663                    25556.000000 23634.7743  7.52%  46.4  879s
 587894 410713 23634.7743   31  662 25556.0000 23634.7743  7.52%  46.4  885s
H588318 410654                    25555.000000 23634.7743  7.51%  46.5  885s
 589338 411582 25465.3458   87  344 25555.0000 23634.7743  7.51%  46.5  892s
 590729 414159     cutoff  121      25555.0000 23634.7743  7.51%  46.7  899s
H592898 414133                    25554.000000 23634.7743  7.51%  46.8  899s
 594286 414200 23634.8930   44  587 25554.0000 23634.7743  7.51%  46.8  901s
H594323 413925                    25549.000000 23634.7743  7.49%  46.9  901s
H594378 413570                    25542.000000 23634.7743  7.47%  46.9  901s
 594405 416893 23796.8506   67  423 25542.0000 23634.7743  7.47%  46.9  920s
H594414 416792                    25540.000000 23634.7743  7.46%  46.9  920s
H599020 417388                    25524.000000 23634.7743  7.40%  47.3  926s
H601254 417873                    25512.000000 23634.7743  7.36%  47.3  930s
 603067 419083 24240.2992   81  489 25512.0000 23634.7743  7.36%  47.4  935s
H604827 419466                    25511.000000 23634.7743  7.35%  47.5  939s
H604979 419364                    25509.000000 23634.7743  7.35%  47.5  939s
H605028 419269                    25507.000000 23634.7743  7.34%  47.5  939s
 605454 420713 23641.7743   48  578 25507.0000 23634.7743  7.34%  47.5  944s
 607575 421097 23634.7743   30  673 25507.0000 23634.7743  7.34%  47.6  949s
 608213 421483 23706.2743   48  579 25507.0000 23634.7743  7.34%  47.7  953s
 608792 421689 24083.1197   66  511 25507.0000 23634.7743  7.34%  47.8  956s
 609094 422929 24828.7798   84  525 25507.0000 23634.7743  7.34%  47.8  963s
 610821 424613 23877.7231   71  464 25507.0000 23634.7743  7.34%  47.9  969s
H611709 424482                    25505.000000 23634.7743  7.33%  48.0  970s
 614174 426009 24050.4943   80  494 25505.0000 23634.7743  7.33%  48.1  979s
H614655 426009                    25504.999589 23634.7743  7.33%  48.1  979s
 615420 426704 infeasible   75      25504.9996 23634.7743  7.33%  48.2  984s
 616401 428407 25314.3241   86  385 25504.9996 23634.7743  7.33%  48.3  989s
 619020 428966 24258.2184   62  548 25504.9996 23634.7743  7.33%  48.4  994s
 619878 429747 25141.2762   82  484 25504.9996 23634.7743  7.33%  48.5  998s
 620957 430807 23634.7743   31  570 25504.9996 23634.7743  7.33%  48.6 1003s
 622506 431438 24018.5914   68  533 25504.9996 23634.7743  7.33%  48.7 1007s
 623386 432063 24321.2124   89  418 25504.9996 23634.7743  7.33%  48.8 1010s
H625099 433494                    25504.999349 23634.7743  7.33%  48.8 1016s
 626587 433958 infeasible   92      25504.9993 23634.7743  7.33%  48.9 1020s
 627871 435165 23746.8143   56  479 25504.9993 23634.7743  7.33%  49.0 1028s
 628920 436404 25062.7743  107  346 25504.9993 23634.7743  7.33%  49.1 1033s
 630762 437024 infeasible  100      25504.9993 23634.7743  7.33%  49.2 1037s
 631703 437867 23634.9890   47  774 25504.9993 23634.7743  7.33%  49.2 1042s
 633066 438343 23912.5072   64  519 25504.9993 23634.7743  7.33%  49.3 1046s
 633739 439109 24328.6943  107  331 25504.9993 23634.7743  7.33%  49.4 1051s
 634963 440393 23825.8396   64  631 25504.9993 23634.7743  7.33%  49.4 1055s
 636965 441094 23728.7743   37  538 25504.9993 23634.7743  7.33%  49.5 1060s
 638961 442033 23875.9638   55  616 25504.9993 23634.7743  7.33%  49.6 1066s
 639816 443315     cutoff  101      25504.9993 23634.7743  7.33%  49.7 1073s
 641203 443910 23634.7743   71  623 25504.9993 23634.7743  7.33%  49.8 1078s
 642037 444624 24354.1080   62  514 25504.9993 23634.7743  7.33%  49.8 1083s
 643036 445165 infeasible   96      25504.9993 23634.7743  7.33%  49.9 1088s
 643778 446533 24099.5308   65  487 25504.9993 23634.7743  7.33%  49.9 1093s
 645795 447044 24567.3724   67  482 25504.9993 23634.7743  7.33%  50.0 1099s
 646530 447710 24571.7693   87  446 25504.9993 23634.7743  7.33%  50.1 1104s
 647404 449698 25441.0227  163  318 25504.9993 23634.7743  7.33%  50.2 1110s
 650206 450240 infeasible   73      25504.9993 23634.7743  7.33%  50.2 1116s
 651018 450743 23635.3652   58  594 25504.9993 23634.7743  7.33%  50.3 1120s
 651753 451041     cutoff  128      25504.9993 23634.7743  7.33%  50.4 1126s
 652172 451716 23796.1393   57  605 25504.9993 23634.7743  7.33%  50.4 1131s
 653993 452602 24270.8372   61  495 25504.9993 23634.7743  7.33%  50.6 1137s
 654575 453511 25316.6735  111  355 25504.9993 23634.7743  7.33%  50.6 1144s
 655866 454403 23995.0574   63  546 25504.9993 23634.7743  7.33%  50.8 1150s
 657093 455958 23815.6292   54  478 25504.9993 23634.7743  7.33%  50.9 1156s
 659346 456569 infeasible   41      25504.9993 23634.7743  7.33%  50.9 1161s
 660176 457452 23634.7743   48  621 25504.9993 23634.7743  7.33%  51.0 1167s
 661461 459167 23806.8217   56  620 25504.9993 23634.7743  7.33%  51.1 1176s
 663875 459724 infeasible   59      25504.9993 23634.7743  7.33%  51.2 1184s
 664722 460043 23914.9262   55  497 25504.9993 23634.7743  7.33%  51.3 1192s
 665251 460612 23634.7743   36  525 25504.9993 23634.7743  7.33%  51.3 1199s
 666072 461386 24827.0056   71  451 25504.9993 23634.7743  7.33%  51.4 1206s
 667216 461841 23983.4886   27  650 25504.9993 23634.7743  7.33%  51.5 1213s
 667928 462082 24194.4796   54  566 25504.9993 23634.7743  7.33%  51.6 1218s
 668279 463984 24215.0768   54  585 25504.9993 23634.7743  7.33%  51.6 1232s
 670952 464383 24254.5063   67  585 25504.9993 23634.7743  7.33%  51.8 1240s
 671474 465073 infeasible   93      25504.9993 23634.7743  7.33%  51.8 1249s
 672445 465596 23655.5561   60  621 25504.9993 23634.7743  7.33%  51.9 1258s
 673195 466660 25447.0000  118  329 25504.9993 23634.7743  7.33%  52.0 1268s
 674682 467298 23822.4914   69  569 25504.9993 23634.7743  7.33%  52.1 1278s
 675614 468940 25310.6501   80  403 25504.9993 23634.7743  7.33%  52.2 1288s
 678065 469530 24243.0849   66  557 25504.9993 23634.7743  7.33%  52.3 1298s
 678881 470317 24157.9262   59  469 25504.9993 23634.7743  7.33%  52.3 1305s
 680055 471916 23634.7743   44  544 25504.9993 23634.7743  7.33%  52.4 1312s
 682471 472213 23663.9262   36  601 25504.9993 23634.7743  7.33%  52.4 1315s
 682863 473145 25264.4536   83  399 25504.9993 23634.7743  7.33%  52.5 1325s
 684154 474482 25453.7203  180  230 25504.9993 23634.7743  7.33%  52.6 1335s
 685983 475532 infeasible   44      25504.9993 23634.7743  7.33%  52.6 1345s
 687400 477457 23692.7743   45  600 25504.9993 23634.7743  7.33%  52.7 1354s
 689994 478069 25462.1457   89  464 25504.9993 23634.7743  7.33%  52.8 1361s
 690869 478422 23634.7743   34  564 25504.9993 23634.7743  7.33%  52.9 1369s
H691116 473146                    25432.000000 23634.7743  7.07%  52.9 1370s
 691379 473922 23756.3590   43  631 25432.0000 23634.7743  7.07%  52.9 1379s
H692452 472246                    25393.000000 23634.7743  6.92%  53.0 1388s
H692820 471112                    25381.000000 23634.7743  6.88%  53.0 1388s
 694955 471808 infeasible   44      25381.0000 23634.7743  6.88%  53.1 1395s
H695774 471227                    25374.000000 23634.7743  6.85%  53.1 1395s
 695901 471819 23635.0455   55  604 25374.0000 23634.7743  6.85%  53.2 1401s
 696749 473007 24460.4410   66  559 25374.0000 23634.7743  6.85%  53.2 1409s
H697219 472444                    25369.000000 23634.7743  6.84%  53.2 1409s
 698408 472682 25293.6616  102  512 25369.0000 23634.7743  6.84%  53.3 1412s
 698812 473530 25214.1660   89  467 25369.0000 23634.7743  6.84%  53.3 1421s
H699072 473449                    25368.000000 23634.7743  6.83%  53.4 1421s
 700245 475227 23634.7743   39  604 25368.0000 23634.7743  6.83%  53.4 1430s
 702711 475728 25302.5567  177  321 25368.0000 23634.7743  6.83%  53.5 1437s
 703552 476304 23856.2079   39  626 25368.0000 23634.7743  6.83%  53.5 1444s
 704357 478039 23671.4963   52  520 25368.0000 23634.7743  6.83%  53.6 1450s
 706786 478649 24250.7994   73  609 25368.0000 23634.7743  6.83%  53.7 1457s
 707719 479519 23758.9484   58  565 25368.0000 23634.7743  6.83%  53.8 1465s
 709004 480072 24086.5560   59  655 25368.0000 23634.7743  6.83%  53.8 1473s
 709905 480802 23858.0173   48  542 25368.0000 23634.7743  6.83%  53.9 1480s
 711028 482414 23673.5706   43  503 25368.0000 23634.7743  6.83%  53.9 1488s
 713388 482770 23866.7743   59  573 25368.0000 23634.7743  6.83%  54.0 1493s
 713815 483771 23634.7743   61  565 25368.0000 23634.7743  6.83%  54.0 1506s
 715209 485878 23796.9269   42  715 25368.0000 23634.7743  6.83%  54.1 1515s
 718354 486281 24774.3845   55  596 25368.0000 23634.7743  6.83%  54.2 1521s
 718938 486869 23784.7871   70  626 25368.0000 23634.7743  6.83%  54.3 1528s
 719857 488303 24334.1515   82  548 25368.0000 23634.7743  6.83%  54.4 1535s
 721967 488775 infeasible   82      25368.0000 23634.7743  6.83%  54.4 1543s
 722620 489353 24346.4665   76  461 25368.0000 23634.7743  6.83%  54.4 1550s
 723484 490804 23738.4385   49  564 25368.0000 23634.7743  6.83%  54.5 1556s
 725554 491300 23888.9343   57  577 25368.0000 23634.7743  6.83%  54.6 1563s
 726318 492061 24044.7296   52  717 25368.0000 23634.7743  6.83%  54.6 1571s
 727438 493577 23647.8165   66  661 25368.0000 23634.7743  6.83%  54.7 1585s
 729861 493881 23834.0408   49  658 25368.0000 23634.7743  6.83%  54.7 1595s
 730257 495007 23672.2832   50  681 25368.0000 23634.7743  6.83%  54.8 1623s
 731849 496518 24774.3843   86  368 25368.0000 23634.7743  6.83%  54.9 1642s
 734016 497374 23760.1296   53  568 25368.0000 23634.7743  6.83%  55.0 1656s
 735122 499150 24710.0000  121  256 25368.0000 23634.7743  6.83%  55.0 1671s
 737676 499585 infeasible   49      25368.0000 23634.7743  6.83%  55.1 1684s
 738336 500185 23655.5935   42  722 25368.0000 23634.7743  6.83%  55.2 1695s
 739203 501779 23756.8804   54  595 25368.0000 23634.7743  6.83%  55.2 1707s
 741500 502358 23701.3005   42  633 25368.0000 23634.7743  6.83%  55.3 1720s
 742463 503542 25082.2749   94  523 25368.0000 23634.7743  6.83%  55.3 1732s
 744137 504255 24072.7743   55  489 25368.0000 23634.7743  6.83%  55.4 1745s
 745119 504776 23880.2535   69  512 25368.0000 23634.7743  6.83%  55.4 1753s
 745941 505192 23693.4075   62  525 25368.0000 23634.7743  6.83%  55.5 1765s
 746637 506186 24238.8943   79  451 25368.0000 23634.7743  6.83%  55.5 1782s
 748106 506771 infeasible   52      25368.0000 23634.7743  6.83%  55.5 1796s
 749043 507473 24118.7762   54  535 25368.0000 23634.7743  6.83%  55.7 1807s
 750078 509416 23662.7743   44  565 25368.0000 23634.7743  6.83%  55.8 1818s
 753115 509831 infeasible   46      25368.0000 23634.7743  6.83%  55.8 1827s
 753866 510558 23725.4238   49  565 25368.0000 23634.7743  6.83%  55.9 1837s
 754828 512114 24241.7743  100  349 25368.0000 23634.7743  6.83%  56.0 1850s
 757079 512698 23683.7743   48  664 25368.0000 23634.7743  6.83%  56.0 1862s
 757909 513273 23693.9800   49  569 25368.0000 23634.7743  6.83%  56.1 1874s
 758817 514416 24959.4043   87  431 25368.0000 23634.7743  6.83%  56.1 1887s
 760526 514688 infeasible   87      25368.0000 23634.7743  6.83%  56.2 1900s
H760798 511691                    25337.000000 23634.7743  6.72%  56.2 1901s
 760920 513241 24946.7997   66  375 25337.0000 23634.7743  6.72%  56.3 1929s
 763312 515081 23862.3819   69  624 25337.0000 23634.7743  6.72%  56.5 1943s
 766079 515544 23738.9262   46  523 25337.0000 23634.7743  6.72%  56.6 1957s
 766708 516294 24180.8250   54  583 25337.0000 23634.7743  6.72%  56.6 1972s
 767854 518070 23702.7743   41  587 25337.0000 23634.7743  6.72%  56.7 1986s
 770436 518674 23634.7743   45  584 25337.0000 23634.7743  6.72%  56.8 1999s
 771362 519328 23634.7743   46  574 25337.0000 23634.7743  6.72%  56.9 2014s
 772369 520281 23714.5908   69  571 25337.0000 23634.7743  6.72%  56.9 2031s
 773835 520743 infeasible   55      25337.0000 23634.7743  6.72%  57.0 2043s
 774601 521455 23747.1077   46  561 25337.0000 23634.7743  6.72%  57.0 2054s
 775548 522042 23833.7390   50  650 25337.0000 23634.7743  6.72%  57.1 2060s
 776477 522428 24541.9141   75  489 25337.0000 23634.7743  6.72%  57.1 2067s
 777063 523746 24026.0685   63  494 25337.0000 23634.7743  6.72%  57.2 2078s
 779069 524048 infeasible   59      25337.0000 23634.7743  6.72%  57.3 2088s
 779581 524582 23634.7743   43  673 25337.0000 23634.7743  6.72%  57.3 2099s
 780416 525045 23889.1231   55  535 25337.0000 23634.7743  6.72%  57.4 2112s
 781385 526402 24589.9262   55  611 25337.0000 23634.7743  6.72%  57.5 2125s
 783519 527036 infeasible   95      25337.0000 23634.7743  6.72%  57.5 2137s
 784358 527772 24142.8112   65  601 25337.0000 23634.7743  6.72%  57.6 2151s
 785424 528019 23648.0513   51  700 25337.0000 23634.7743  6.72%  57.7 2166s
 785771 528744 23634.7743   49  630 25337.0000 23634.7743  6.72%  57.7 2180s
 786842 530368 23855.7122   73  623 25337.0000 23634.7743  6.72%  57.8 2190s
 789364 531045 infeasible   85      25337.0000 23634.7743  6.72%  57.9 2200s
 790268 532026 23827.7870   55  516 25337.0000 23634.7743  6.72%  57.9 2206s
 791611 532093 infeasible   71      25337.0000 23634.7743  6.72%  58.0 2216s
 791728 532553 23815.7743   37  510 25337.0000 23634.7743  6.72%  58.0 2224s
 792393 533117 23905.3650   58  533 25337.0000 23634.7743  6.72%  58.0 2234s
 793268 534268 23850.5011   58  601 25337.0000 23634.7743  6.72%  58.1 2244s
 795076 534810 infeasible   54      25337.0000 23634.7743  6.72%  58.1 2253s
 795811 535680 23787.7739   52  623 25337.0000 23634.7743  6.72%  58.2 2263s
 797152 535991 24306.7343   80  576 25337.0000 23634.7743  6.72%  58.2 2274s
 797615 536532 24101.4010   81  480 25337.0000 23634.7743  6.72%  58.3 2284s
 798457 537284 24344.4043   72  591 25337.0000 23634.7743  6.72%  58.3 2293s
 799523 538300 23634.7743   54  545 25337.0000 23634.7743  6.72%  58.4 2301s
 801029 538943 24488.9637   75  506 25337.0000 23634.7743  6.72%  58.5 2308s
 801993 540079 25150.7545   80  418 25337.0000 23634.7743  6.72%  58.5 2315s
 803888 540497 23927.1782   42  674 25337.0000 23634.7743  6.72%  58.6 2322s
 804514 541105 23889.5731   46  754 25337.0000 23634.7743  6.72%  58.7 2329s
 805344 541475 infeasible   44      25337.0000 23634.7743  6.72%  58.7 2333s
 805877 543160 23634.7743   52  549 25337.0000 23634.7743  6.72%  58.7 2342s
 808711 543376 23796.7743   57  581 25337.0000 23634.7743  6.72%  58.8 2348s
 808971 543864 infeasible   52      25337.0000 23634.7743  6.72%  58.8 2354s
 809840 544299 24244.3991   46  561 25337.0000 23634.7743  6.72%  58.9 2361s
 810502 544820 infeasible   51      25337.0000 23634.7743  6.72%  58.9 2368s
 811301 545560 24219.3881   61  554 25337.0000 23634.7743  6.72%  59.0 2373s
 812365 546810 23774.3449   50  609 25337.0000 23634.7743  6.72%  59.0 2378s
 814261 547455 23912.7743   56  470 25337.0000 23634.7743  6.72%  59.1 2383s
 815377 548302 24968.7743   76  551 25337.0000 23634.7743  6.72%  59.2 2388s
 815553 548302 24622.9645   73  500 25337.0000 23634.7743  6.72%  59.2 2390s
 816711 549033 infeasible   77      25337.0000 23634.7743  6.72%  59.2 2398s
H817737 549458                    25336.999992 23634.7743  6.72%  59.3 2407s
 818464 550672 24416.6032   49  485 25337.0000 23634.7743  6.72%  59.3 2416s
 820296 550739 23929.0685   55  629 25337.0000 23634.7743  6.72%  59.4 2421s
 820463 553123 infeasible   31      25337.0000 23634.7743  6.72%  59.4 2439s
 823083 553123 23695.2890   43  693 25337.0000 23634.7743  6.72%  59.6 2440s
 824111 554223 23863.7743   54  528 25337.0000 23634.7743  6.72%  59.7 2452s
 825808 555345 24482.0761   59  513 25337.0000 23634.7743  6.72%  59.7 2463s
 827360 556663 23836.4480   56  603 25337.0000 23634.7743  6.72%  59.8 2473s
 829430 557179 24080.8822   55  598 25337.0000 23634.7743  6.72%  59.9 2483s
 830174 558106 24046.3570   52  588 25337.0000 23634.7743  6.72%  60.0 2493s
 831451 559152 23634.7743   42  611 25337.0000 23634.7743  6.72%  60.0 2502s

Cutting planes:
  Learned: 344
  Gomory: 309
  Cover: 2089
  Implied bound: 328
  Projected implied bound: 10
  Clique: 271
  MIR: 1174
  StrongCG: 191
  Flow cover: 5128
  GUB cover: 3
  Inf proof: 28
  Zero half: 142
  Network: 28
  RLT: 135
  Relax-and-lift: 151
  BQP: 1

Explored 833055 nodes (50162488 simplex iterations) in 2502.87 seconds (2266.60 work units)
Thread count was 8 (of 8 available processors)

Solution count 10: 25337 25337 25337 ... 25505

Solve interrupted
Best objective 2.533699959947e+04, best bound 2.363477434370e+04, gap 6.7183%

User-callback calls 2228843, time in user-callback 9.26 sec

Statistics for modelBGB_BWES:
  Linear constraint matrix    : 23649 Constrs, 9987 Vars, 87844 NZs
  Variable types              : 3270 Continuous,
6717 Integer (1378 Binary)
  Matrix coefficient range    : [ 1, 200 ]
  Objective coefficient range : [ 1, 386 ]
  Variable bound range        : [ 1, 199 ]
  RHS coefficient range       : [ 1, 549 ]
