
Gurobi 10.0.1 (mac64[arm]) logging started Fri Mar 29 23:17:08 2024

Set parameter LogFile to value "/Users/deniserings/Documents/zib/s-bahn-data/scripts/DeniseMA/processed/BBUP_O/RINS/BBUP_O_202403292026_slack_0.9.log"
Gurobi Optimizer version 10.0.1 build v10.0.1rc0 (mac64[arm])

CPU model: Apple M2
Thread count: 8 physical cores, 8 logical processors, using up to 8 threads

Optimize a model with 14354 rows, 5774 columns and 54453 nonzeros
Model fingerprint: 0x3a4f6495
Variable types: 1824 continuous, 3950 integer (691 binary)
Coefficient statistics:
  Matrix range     [1e+00, 4e+02]
  Objective range  [1e+00, 4e+02]
  Bounds range     [1e+00, 2e+02]
  RHS range        [1e+00, 2e+04]

User MIP start did not produce a new incumbent solution
User MIP start violates constraint objective_cutoff by 157.610000000

Presolve removed 6806 rows and 2009 columns
Presolve time: 0.12s
Presolved: 7548 rows, 3765 columns, 29754 nonzeros
Variable types: 974 continuous, 2791 integer (2791 binary)

Root relaxation: objective 1.323804e+04, 2794 iterations, 0.03 seconds (0.03 work units)
Another try with MIP start

    Nodes    |    Current Node    |     Objective Bounds      |     Work
 Expl Unexpl |  Obj  Depth IntInf | Incumbent    BestBd   Gap | It/Node Time

     0     0 13238.0447    0  142          - 13238.0447      -     -    0s
     0     0 13253.7118    0  526          - 13253.7118      -     -    0s
     0     0 13253.7118    0  550          - 13253.7118      -     -    0s
     0     0 13302.0712    0  584          - 13302.0712      -     -    0s
     0     0 13302.4000    0  740          - 13302.4000      -     -    0s
     0     0 13302.4000    0  732          - 13302.4000      -     -    0s
     0     0 13302.4201    0  631          - 13302.4201      -     -    0s
     0     0 13302.4201    0  626          - 13302.4201      -     -    0s
     0     0 13313.2290    0  647          - 13313.2290      -     -    0s
     0     0 13313.2479    0  611          - 13313.2479      -     -    0s
     0     0 13318.1136    0  579          - 13318.1136      -     -    1s
     0     0 13318.1136    0  559          - 13318.1136      -     -    1s
     0     0 13318.1219    0  741          - 13318.1219      -     -    1s
     0     0 13318.2002    0  704          - 13318.2002      -     -    1s
     0     0 13318.2002    0  580          - 13318.2002      -     -    1s
     0     0 13318.4869    0  603          - 13318.4869      -     -    1s
     0     0 13318.8866    0  580          - 13318.8866      -     -    1s
     0     0 13318.8866    0  572          - 13318.8866      -     -    1s
     0     0 13319.1308    0  608          - 13319.1308      -     -    1s
     0     0 13319.1308    0  603          - 13319.1308      -     -    1s
     0     0 13319.1308    0  611          - 13319.1308      -     -    1s
     0     0 13319.1308    0  663          - 13319.1308      -     -    1s
     0     0 13319.7856    0  284          - 13319.7856      -     -    1s
     0     0 13319.7857    0  419          - 13319.7857      -     -    1s
     0     0 13319.7857    0  408          - 13319.7857      -     -    2s
     0     0 13319.7857    0  513          - 13319.7857      -     -    2s
     0     0 13319.7857    0  575          - 13319.7857      -     -    2s
     0     0 13319.7857    0  219          - 13319.7857      -     -    2s
     0     0 13319.7857    0  112          - 13319.7857      -     -    2s
     0     0 13319.7857    0  302          - 13319.7857      -     -    2s
     0     0 13319.7857    0  319          - 13319.7857      -     -    2s
     0     0 13319.7857    0  353          - 13319.7857      -     -    2s
     0     0 13319.7857    0  350          - 13319.7857      -     -    2s
     0     0 13319.7857    0  390          - 13319.7857      -     -    2s
     0     0 13319.7857    0  361          - 13319.7857      -     -    3s
     0     0 13319.7857    0  447          - 13319.7857      -     -    3s
     0     0 13327.8806    0  481          - 13327.8806      -     -    3s
     0     0 13334.8673    0  456          - 13334.8673      -     -    3s
     0     0 13334.8850    0  464          - 13334.8850      -     -    3s
     0     0 13335.1340    0  437          - 13335.1340      -     -    3s
     0     0 13335.6113    0  494          - 13335.6113      -     -    3s
     0     0 13335.6113    0  428          - 13335.6113      -     -    3s
     0     0 13335.6113    0  479          - 13335.6113      -     -    3s
     0     0 13335.6113    0  451          - 13335.6113      -     -    3s
     0     0 13335.6113    0  508          - 13335.6113      -     -    3s
     0     0 13335.6113    0  467          - 13335.6113      -     -    3s
     0     0 13335.6113    0  139          - 13335.6113      -     -    4s
     0     0 13335.6113    0  288          - 13335.6113      -     -    4s
     0     0 13335.6113    0  148          - 13335.6113      -     -    4s
     0     0 13335.6113    0  148          - 13335.6113      -     -    4s
     0     2 13335.6113    0  138          - 13335.6113      -     -    4s
   296   306 13534.0000   35  151          - 13394.0000      -  32.9    5s
  2872  2326 13684.0000   44  151          - 13414.0000      -  38.5   10s
 11909  6770 13493.8866   55  174          - 13414.0000      -  30.7   15s
 20383 12128 infeasible   48               - 13414.0000      -  30.6   20s
 27860 18023 13580.0000   53  242          - 13414.0000      -  31.6   25s
 31125 19429 infeasible  103               - 13414.0000      -  31.3   31s
*32509 24664             108    15540.000000 13414.0000  13.7%  31.3   34s
H39458 24683                    15527.000000 13414.0000  13.6%  30.5   34s
 39517 24777 14938.0000   61  219 15527.0000 13414.0000  13.6%  30.6   35s
H40830 25442                    15515.000000 13414.0000  13.5%  30.9   36s
H41466 25878                    15474.000000 13414.0000  13.3%  31.0   37s
H41763 25930                    15470.000000 13414.0000  13.3%  31.1   37s
H41780 25924                    15469.000000 13414.0000  13.3%  31.2   37s
H41946 26226                    15463.000000 13414.0000  13.3%  31.3   38s
H42371 26299                    15458.000000 13414.0000  13.2%  31.4   39s
H42516 26577                    15452.000000 13414.0000  13.2%  31.6   39s
 42839 26674 infeasible   92      15452.0000 13414.0000  13.2%  31.6   40s
H42857 26672                    15451.000000 13414.0000  13.2%  31.6   40s
H43339 27104                    15446.000000 13414.0000  13.2%  31.9   40s
H43588 27104                    15445.000000 13414.0000  13.1%  31.9   40s
 44977 27979 13417.4519   30  357 15445.0000 13414.0000  13.1%  32.7   45s
H45599 27924                    15291.000000 13414.0000  12.3%  33.1   45s
H45693 28012                    15286.000000 13414.0000  12.2%  33.1   46s
H45705 26638                    14935.000000 13414.0000  10.2%  33.2   46s
 45877 30248 14479.0000   70  172 14935.0000 13414.0000  10.2%  33.4   52s
H48670 30200                    14930.000000 13414.0000  10.2%  34.9   52s
H50122 30169                    14922.000000 13414.0000  10.1%  35.5   52s
H51486 30207                    14908.000000 13414.0000  10.0%  36.2   53s
H51527 30196                    14904.000000 13414.0000  10.0%  36.3   53s
H51527 30191                    14903.000000 13414.0000  10.0%  36.3   53s
H51527 30180                    14901.000000 13414.0000  10.0%  36.3   53s
H51674 30332                    14898.000000 13414.0000  10.0%  36.4   55s
 53193 31321 13479.4519   22  303 14898.0000 13414.0000  10.0%  38.1   60s
 55267 32482 13433.4519   30  339 14898.0000 13414.0000  10.0%  40.2   66s
H55379 31027                    14693.000000 13414.0000  8.70%  40.3   66s
H56336 32029                    14678.000000 13414.0000  8.61%  40.7   68s
H56592 31977                    14672.000000 13414.0000  8.57%  40.8   68s
 57794 32099 13849.9275   35  319 14672.0000 13414.0000  8.57%  41.4   71s
H57842 31943                    14649.000000 13414.0000  8.43%  41.5   71s
H57860 31934                    14648.000000 13414.0000  8.42%  41.6   71s
H58300 32178                    14647.000000 13414.0000  8.42%  42.2   73s
 58475 33320 13463.4519   42  297 14647.0000 13414.0000  8.42%  42.5   75s
 60472 34154 14014.7186   60  283 14647.0000 13414.0000  8.42%  43.6   82s
H61628 34110                    14642.000000 13414.0000  8.39%  45.1   82s
H61992 36857                    14637.000000 13414.0000  8.36%  45.6   88s
H63225 36837                    14634.000000 13414.0000  8.34%  46.2   88s
H64398 36785                    14627.000000 13414.0000  8.29%  46.8   88s
H65546 36755                    14624.000000 13414.0000  8.27%  47.4   88s
 66785 36996     cutoff   76      14624.0000 13414.0000  8.27%  47.9   90s
H66788 36961                    14620.000000 13414.0000  8.25%  47.9   90s
H66947 36954                    14619.000000 13414.0000  8.24%  48.1   90s
H66996 36797                    14600.000000 13414.0000  8.12%  48.2   90s
H67241 37710                    14595.000000 13414.0000  8.09%  48.5   93s
H67895 37358                    14563.000000 13414.0000  7.89%  48.8   93s
H69074 37493                    14558.000000 13414.0000  7.86%  49.3   95s
H69074 37417                    14552.000000 13414.0000  7.82%  49.3   95s
H69181 37332                    14544.000000 13414.0000  7.77%  49.5   95s
H69344 37329                    14543.000000 13414.0000  7.76%  49.8   95s
H69476 37546                    14539.000000 13414.0000  7.74%  50.0   97s
H69647 37526                    14538.000000 13414.0000  7.73%  50.2   97s
H69647 37520                    14537.000000 13414.0000  7.73%  50.2   97s
 69998 38507 13517.8357   45  353 14537.0000 13414.0000  7.73%  50.6  100s
 72180 38916     cutoff   46      14537.0000 13414.0000  7.73%  52.0  105s
 74482 40248 infeasible   57      14537.0000 13414.0000  7.73%  53.2  110s
 76341 41564 14106.1161   39  238 14537.0000 13414.0000  7.73%  54.7  117s
 77509 41911 infeasible   63      14537.0000 13414.0000  7.73%  55.7  120s
 80535 43537 14208.7871   47  382 14537.0000 13414.0000  7.73%  57.4  127s
 81136 43864 13797.4340   41  364 14537.0000 13414.0000  7.73%  58.1  131s
 83786 45230 infeasible   71      14537.0000 13414.0000  7.73%  59.4  137s
 84661 45297 13662.9490   58  225 14537.0000 13414.0000  7.73%  60.0  141s
 85512 46887 13748.0000   52  278 14537.0000 13414.0000  7.73%  60.7  148s
 87567 47260 infeasible   50      14537.0000 13414.0000  7.73%  61.4  151s
 88097 47648 13536.4702   55  135 14537.0000 13414.0000  7.73%  61.9  155s
 90909 49042 13417.4519   25  501 14537.0000 13414.0000  7.73%  62.9  160s
 91229 49891 13417.4519   24  410 14537.0000 13414.0000  7.73%  63.2  166s
 92834 51221 13768.0000   51  260 14537.0000 13414.0000  7.73%  64.3  171s
 95787 51959 13491.4519   26  511 14537.0000 13414.0000  7.73%  65.2  177s
 97356 53181 13481.7813   42  258 14537.0000 13414.0305  7.72%  65.9  182s
 99276 53435 13447.5613   39  258 14537.0000 13416.0000  7.71%  66.1  186s
 101067 54733 13744.6539   88  184 14537.0000 13416.0000  7.71%  66.6  192s
 102782 54914 infeasible   56      14537.0000 13416.0000  7.71%  67.1  195s
 103801 55799 13457.6672   38  437 14537.0000 13416.0000  7.71%  67.9  200s
 105573 56013 14410.4878   57  182 14537.0000 13416.0000  7.71%  68.5  205s
 105833 56417 13604.0882   34  375 14537.0000 13416.0000  7.71%  68.7  210s
 106711 58719 13427.4519   51  214 14537.0000 13417.4519  7.70%  69.2  218s
 110775 58883 13417.4519   48  433 14537.0000 13417.4519  7.70%  69.4  221s
 111216 59196 14377.4834   69  232 14537.0000 13417.4519  7.70%  69.8  225s
 112607 60534 14095.0000   72  167 14537.0000 13417.4519  7.70%  70.5  233s
 114693 60903 13495.4519   26  503 14537.0000 13417.4519  7.70%  70.6  237s
 115410 61121 infeasible   87      14537.0000 13417.4519  7.70%  71.0  240s
 118556 62405 infeasible   55      14537.0000 13417.4519  7.70%  71.3  248s
 119179 62665 13661.1698   55  343 14537.0000 13417.4519  7.70%  71.7  252s
 119886 63070 13627.4519   66  269 14537.0000 13417.4519  7.70%  72.1  256s
 122106 64738 14521.6207   98  195 14537.0000 13417.4519  7.70%  72.3  261s
 124138 65150 13417.4519   39  434 14537.0000 13417.4519  7.70%  72.3  265s
 125928 66200     cutoff   31      14537.0000 13417.4519  7.70%  72.6  272s
 126332 66476 13620.6000   48  278 14537.0000 13417.4519  7.70%  72.8  275s
 128176 67707 13506.3179   44  313 14537.0000 13417.4519  7.70%  73.1  282s
 128831 68809 13646.6783   46  290 14537.0000 13417.4519  7.70%  73.3  286s
 131152 69560 13834.0000   44   79 14537.0000 13417.4519  7.70%  73.7  293s
 131905 70726 13601.4519   31  383 14537.0000 13417.4519  7.70%  73.9  297s
 133852 71145 13417.4519   29  553 14537.0000 13417.4519  7.70%  74.0  300s
 136054 72316 13438.8818   39  379 14537.0000 13417.4519  7.70%  74.4  307s
 136479 73820 13433.4519   43  550 14537.0000 13417.4519  7.70%  74.6  315s
 138992 74274 13452.3909   35  455 14537.0000 13417.4519  7.70%  75.1  320s
 141762 75800 13470.3131   37  279 14537.0000 13417.4519  7.70%  75.5  325s
 143154 77189 13433.4519   39  512 14537.0000 13417.4519  7.70%  75.8  333s
 144876 77673 13555.1255   29  322 14537.0000 13417.4519  7.70%  76.0  337s
 145733 79138 13483.0792   54  330 14537.0000 13417.4519  7.70%  76.2  341s
 148120 79474 13563.4519   35  432 14537.0000 13417.4519  7.70%  76.2  346s
 148817 79880 14345.4393   55  273 14537.0000 13417.4519  7.70%  76.5  350s
 151750 81423 14318.8283   57  186 14537.0000 13417.4519  7.70%  76.6  358s
 152355 82368 13469.4519   43  498 14537.0000 13417.4519  7.70%  76.7  363s
 153942 83526 13434.0000   43  362 14537.0000 13417.4519  7.70%  77.1  370s
 155757 84068 infeasible   72      14537.0000 13417.4519  7.70%  77.3  376s
 156781 85735 13633.3710   38  324 14537.0000 13417.4519  7.70%  77.4  381s
 159579 86123     cutoff   46      14537.0000 13417.4519  7.70%  77.4  385s
 162413 87749 13495.4519   41  312 14537.0000 13417.4519  7.70%  77.5  392s
 163132 88058 14494.0753   59  293 14537.0000 13417.4519  7.70%  77.7  395s
 165303 89353 13433.4519   34  379 14537.0000 13417.4519  7.70%  78.0  402s
 165880 89800 13908.0000   48  271 14537.0000 13417.4519  7.70%  78.2  405s
 168040 90887 14112.2000   66  168 14537.0000 13417.4519  7.70%  78.4  411s
 170505 92220 13590.6667   60  202 14537.0000 13417.4519  7.70%  78.6  417s
 170964 92655 13561.0000   52  306 14537.0000 13417.4519  7.70%  78.7  421s
 173444 94066 13437.4519   46  454 14537.0000 13417.4519  7.70%  78.9  427s
 174106 94739 13769.4519   57  295 14537.0000 13417.4519  7.70%  79.1  431s
 175863 96371 13640.7327   36  421 14537.0000 13417.4519  7.70%  79.5  438s
 177983 96710 13461.4519   38  469 14537.0000 13417.4519  7.70%  79.5  442s
 178568 96973 13471.4519   38  295 14537.0000 13417.4519  7.70%  79.6  446s
 179857 97827 13420.9037   39  422 14537.0000 13417.4519  7.70%  79.9  453s
 180577 98999 13503.4519   31  415 14537.0000 13417.4519  7.70%  80.1  458s
 182441 99190     cutoff   83      14537.0000 13417.4519  7.70%  80.2  461s
 182854 100120 13665.7852   47  284 14537.0000 13417.4519  7.70%  80.4  469s
 184427 102095 13638.1258   39  242 14537.0000 13417.4519  7.70%  80.8  476s
 187605 102503 infeasible   41      14537.0000 13417.4519  7.70%  80.9  481s
 188478 103599 13420.9037   35  482 14537.0000 13417.4519  7.70%  81.1  485s
H189559 103599                    14536.999984 13417.4519  7.70%  81.2  485s
 190994 104537 13422.1037   39  538 14537.0000 13417.4519  7.70%  81.4  493s
 191957 105822 14220.2470   48  291 14537.0000 13417.4519  7.70%  81.6  498s
 194172 106118 13420.9037   20  449 14537.0000 13417.4519  7.70%  81.7  502s
 194955 106505 13438.0163   37  365 14537.0000 13417.4519  7.70%  81.9  507s
 195606 107498 13520.8690   53  313 14537.0000 13417.4519  7.70%  82.1  511s
 197756 108536 13676.0000   44  250 14537.0000 13417.4519  7.70%  82.4  522s
 199169 110309 13444.9037   34  485 14537.0000 13417.4519  7.70%  82.8  529s
 202039 110736 13549.4519   39  390 14537.0000 13417.4519  7.70%  83.0  534s
 202836 111735 13518.1925   34  480 14537.0000 13417.4519  7.70%  83.3  538s
 204520 112177 13509.3304   30  437 14537.0000 13417.4519  7.70%  83.5  543s
 205392 113166 14451.0000   66  222 14537.0000 13417.4519  7.70%  83.7  548s
 207256 113572 13490.9037   32  450 14537.0000 13417.4519  7.70%  83.8  553s
 208108 113903     cutoff   55      14537.0000 13417.4519  7.70%  84.1  558s
 208790 115156 13436.9037   27  327 14537.0000 13417.4519  7.70%  84.3  562s
 210827 115539 13430.9037   27  474 14537.0000 13417.4519  7.70%  84.5  568s
 211571 115957 13436.9037   46  382 14537.0000 13417.4519  7.70%  84.7  573s
 212460 116651 13436.9037   34  430 14537.0000 13417.4519  7.70%  85.0  576s
 213631 116964 13554.2408   31  342 14537.0000 13417.4519  7.70%  85.1  580s
 214332 117494 14282.9110   47  222 14537.0000 13417.4519  7.70%  85.3  585s
 215345 117853 13802.3399   35  424 14537.0000 13417.4519  7.70%  85.4  590s
 216083 119010 13760.0561   48  267 14537.0000 13417.4543  7.70%  85.6  595s
 218487 119304 14294.1313   30  457 14537.0000 13417.5260  7.70%  85.7  600s
 220022 120534 13562.1302   70  458 14537.0000 13417.6381  7.70%  86.3  609s
 221928 120867 13586.3603   34  278 14537.0000 13417.8015  7.70%  86.3  613s
 222654 121392 13494.2209   62  353 14537.0000 13417.9590  7.70%  86.5  617s
 223778 121762 13436.9037   23  373 14537.0000 13418.0000  7.70%  86.7  621s
 224619 122810 13941.5047   73  296 14537.0000 13418.0261  7.70%  86.9  625s
 227139 123313 13523.3506   36  405 14537.0000 13418.1763  7.70%  87.1  631s
 227625 124197 13580.4519   38  293 14537.0000 13418.3139  7.70%  87.2  636s
 229331 124560 13456.9037   39  331 14537.0000 13418.6019  7.69%  87.4  640s
 232376 126099 13707.1587   42  235 14537.0000 13419.4519  7.69%  87.5  647s
 233054 126529 13580.9037   26  432 14537.0000 13419.4519  7.69%  87.6  650s
 235011 127435 infeasible   59      14537.0000 13420.0000  7.68%  87.7  657s
 235579 127642 14052.3799   52  399 14537.0000 13420.0000  7.68%  88.1  661s
 236168 127951 14305.4721   68  367 14537.0000 13420.0000  7.68%  88.4  665s
 238600 129323 13696.9037   27  402 14537.0000 13420.9037  7.68%  88.7  674s
 239281 129673 13828.3515   39  314 14537.0000 13420.9037  7.68%  88.9  678s
 239921 130094 13910.7852   44  354 14537.0000 13420.9037  7.68%  89.0  683s
 240669 131025 infeasible   48      14537.0000 13420.9037  7.68%  89.3  688s
 242177 131295 13615.5704   39  402 14537.0000 13420.9037  7.68%  89.4  691s
 242644 131942 14418.0000   56  148 14537.0000 13420.9037  7.68%  89.6  699s

Cutting planes:
  Learned: 100
  Gomory: 205
  Cover: 2685
  Implied bound: 636
  Projected implied bound: 37
  Clique: 358
  MIR: 499
  StrongCG: 100
  Flow cover: 1734
  GUB cover: 17
  Inf proof: 38
  Zero half: 29
  Network: 33
  RLT: 96
  Relax-and-lift: 181

Explored 243844 nodes (21925608 simplex iterations) in 699.95 seconds (967.15 work units)
Thread count was 8 (of 8 available processors)

Solution count 10: 14537 14537 14538 ... 14595

Solve interrupted
Best objective 1.453699998431e+04, best bound 1.342090372940e+04, gap 7.6776%

User-callback calls 712958, time in user-callback 1.98 sec

Statistics for modelBBUP_O:
  Linear constraint matrix    : 14354 Constrs, 5774 Vars, 54453 NZs
  Variable types              : 1824 Continuous,
3950 Integer (691 Binary)
  Matrix coefficient range    : [ 1, 384 ]
  Objective coefficient range : [ 1, 384 ]
  Variable bound range        : [ 1, 199 ]
  RHS coefficient range       : [ 1, 15603.4 ]
